0.000000,0.755345,0.023323,0.135059,0.081597,-0.202730,0.211937
0.000000,0.755345,0.023323,0.135059,0.081597,-0.202730,0.211937
0.130000,0.755345,0.023323,0.135059,0.081597,-0.202730,0.211937
0.150000,0.755345,0.023323,0.135059,0.081597,-0.202730,0.211937
0.170000,0.755345,0.023323,0.135059,0.081597,-0.202730,0.211937
0.190000,0.755345,0.023323,0.135059,0.081597,-0.202730,0.211937
0.230000,0.755345,0.023323,0.135059,0.081597,-0.202730,0.211937
0.250000,0.755345,0.023323,0.135059,0.081597,-0.202730,0.211937
0.270000,0.755345,0.023323,0.135059,0.081597,-0.202730,0.211937
0.280000,0.755345,0.023323,0.135059,0.081597,-0.202730,0.211937
0.290000,0.755345,0.023323,0.135059,0.081597,-0.202730,0.211937
0.300000,0.755345,0.023323,0.135059,0.081597,-0.202730,0.211937
0.310000,0.755345,0.023323,0.135059,0.081597,-0.202730,0.211937
0.320000,0.755345,0.023323,0.135059,0.081597,-0.202730,0.211937
0.330000,0.755345,0.023323,0.135059,0.081597,-0.202730,0.211937
0.350000,0.755345,0.023323,0.135059,0.081597,-0.202730,0.211937
0.360000,0.755345,0.023323,0.135059,0.081597,-0.202730,0.211937
0.370000,0.755345,0.023323,0.135059,0.081597,-0.202730,0.211937
0.380000,0.755345,0.023323,0.135059,0.081597,-0.202730,0.211937
0.390000,0.755345,0.023323,0.135059,0.081597,-0.202730,0.211937
0.400000,0.755345,0.023323,0.135059,0.081597,-0.202730,0.211937
0.410000,0.755345,0.023323,0.135059,0.081597,-0.202730,0.211937
0.420000,0.755345,0.023323,0.135059,0.081597,-0.202730,0.211937
0.430000,0.755345,0.023323,0.135059,0.081597,-0.202730,0.211937
0.440000,0.755345,0.023323,0.135059,0.081597,-0.202730,0.211937
0.450000,0.755345,0.023323,0.135059,0.081597,-0.202730,0.211937
0.460000,0.755345,0.023323,0.135059,0.081597,-0.202730,0.211937
0.480000,0.755345,0.023323,0.135059,0.081597,-0.202730,0.211937
0.490000,0.755345,0.023323,0.135059,0.081597,-0.202730,0.211937
0.500000,0.755345,0.023323,0.135059,0.081597,-0.202730,0.211937
0.510000,0.755345,0.023323,0.135059,0.081597,-0.202730,0.211937
0.520000,0.755345,0.023323,0.135059,0.081597,-0.202730,0.211937
0.540000,0.755345,0.023323,0.135059,0.081597,-0.202730,0.211937
0.550000,0.755345,0.023323,0.135059,0.081597,-0.202730,0.211937
0.560000,0.755345,0.023323,0.135059,0.081597,-0.202730,0.211937
0.580000,0.755345,0.023323,0.135059,0.081597,-0.202730,0.211937
0.590000,0.755345,0.023323,0.135059,0.081597,-0.202730,0.211937
0.600000,0.755345,0.023323,0.135059,0.081597,-0.202730,0.211937
0.610000,0.755345,0.023323,0.135059,0.081597,-0.202730,0.211937
0.620000,0.755345,0.023323,0.135059,0.081597,-0.202730,0.211937
0.630000,0.755345,0.023323,0.135059,0.081597,-0.202730,0.211937
0.640000,0.755345,0.023323,0.135059,0.081597,-0.202730,0.211937
0.660000,0.755345,0.023323,0.135059,0.081597,-0.202730,0.211937
0.670000,0.755345,0.023323,0.135059,0.081597,-0.202730,0.211937
0.680000,0.755345,0.023323,0.135059,0.081597,-0.202730,0.211937
0.690000,0.755345,0.023323,0.135059,0.081597,-0.202730,0.211937
0.700000,0.755345,0.023323,0.135059,0.081597,-0.202730,0.211937
0.710000,0.755345,0.023323,0.135059,0.081597,-0.202730,0.211937
0.720000,0.755345,0.023323,0.135059,0.081597,-0.202730,0.211937
0.730000,0.755345,0.023323,0.135059,0.081597,-0.202730,0.211937
0.740000,0.755345,0.023323,0.135059,0.081597,-0.202730,0.211937
0.760000,0.755345,0.023323,0.135059,0.081597,-0.202730,0.211937
0.770000,0.755345,0.023323,0.135059,0.081597,-0.202730,0.211937
0.780000,0.755345,0.023323,0.135059,0.081597,-0.202730,0.211937
0.790000,0.755345,0.023323,0.135059,0.081597,-0.202730,0.211937
0.800000,0.755345,0.023323,0.135059,0.081597,-0.202730,0.211937
0.810000,0.755345,0.023323,0.135059,0.081597,-0.202730,0.211937
0.820000,0.755345,0.023323,0.135059,0.081597,-0.202730,0.211937
0.830000,0.755345,0.023323,0.135059,0.081597,-0.202730,0.211937
0.850000,0.755345,0.023323,0.135059,0.081597,-0.202730,0.211937
0.860000,0.755345,0.023323,0.135059,0.081597,-0.202730,0.211937
0.870000,0.755345,0.023323,0.135059,0.081597,-0.202730,0.211937
0.880000,0.755345,0.023323,0.135059,0.081597,-0.202730,0.211937
0.890000,0.755345,0.023323,0.135059,0.081597,-0.202730,0.211937
0.900000,0.755345,0.023323,0.135059,0.081597,-0.202730,0.211937
0.910000,0.755345,0.023323,0.135059,0.081597,-0.202730,0.211937
0.920000,0.755345,0.023323,0.135059,0.081597,-0.202730,0.211937
0.930000,0.755345,0.023323,0.135059,0.081597,-0.202730,0.211937
0.950000,0.755345,0.023323,0.135059,0.081597,-0.202730,0.211937
0.960000,0.755345,0.023323,0.135059,0.081597,-0.202730,0.211937
0.970000,0.755345,0.023323,0.135059,0.081597,-0.202730,0.211937
0.980000,0.755345,0.023323,0.135059,0.081597,-0.202730,0.211937
0.990000,0.755345,0.023323,0.135059,0.081597,-0.202730,0.211937
1.000000,0.755345,0.023323,0.135059,0.081597,-0.202730,0.211937
1.010000,0.755345,0.023323,0.135059,0.081597,-0.202730,0.211937
1.020000,0.755345,0.023323,0.135059,0.081597,-0.202730,0.211937
1.030000,0.755345,0.023323,0.135059,0.081597,-0.202730,0.211937
1.050000,0.755345,0.023323,0.135059,0.081597,-0.202730,0.211937
1.060000,0.755345,0.023323,0.135059,0.081597,-0.202730,0.211937
1.070000,0.755345,0.023323,0.135059,0.081597,-0.202730,0.211937
1.080000,0.755345,0.023323,0.135059,0.081597,-0.202730,0.211937
1.090000,0.755345,0.023323,0.135059,0.081597,-0.202730,0.211937
1.100000,0.755345,0.023323,0.135059,0.081597,-0.202730,0.211937
1.110000,0.755345,0.023323,0.135059,0.081597,-0.202730,0.211937
1.130000,0.755345,0.023323,0.135059,0.081597,-0.202730,0.211937
1.140000,0.755345,0.023323,0.135059,0.081597,-0.202730,0.211937
1.150000,0.755345,0.023323,0.135059,0.081597,-0.202730,0.211937
1.160000,0.755345,0.023323,0.135059,0.081597,-0.202730,0.211937
1.170000,0.755345,0.023323,0.135059,0.081597,-0.202730,0.211937
1.180000,0.755345,0.023323,0.135059,0.081597,-0.202730,0.211937
1.190000,0.755345,0.023323,0.135059,0.081597,-0.202730,0.211937
1.200000,0.755345,0.023323,0.135059,0.081597,-0.202730,0.211937
1.210000,0.755345,0.023323,0.135059,0.081597,-0.202730,0.211937
1.220000,0.755345,0.023323,0.135059,0.081597,-0.202730,0.211937
1.230000,0.755345,0.023323,0.135059,0.081597,-0.202730,0.211937
1.250000,0.755345,0.023323,0.135059,0.081597,-0.202730,0.211937
1.260000,0.755345,0.023323,0.135059,0.081597,-0.202730,0.211937
1.270000,0.755345,0.023323,0.135059,0.081597,-0.202730,0.211937
1.280000,0.755345,0.023323,0.135059,0.081597,-0.202730,0.211937
1.290000,0.755345,0.023323,0.135059,0.081597,-0.202730,0.211937
1.300000,0.755345,0.023323,0.135059,0.081597,-0.202730,0.211937
1.310000,0.755345,0.023323,0.135059,0.081597,-0.202730,0.211937
1.320000,0.755345,0.023323,0.135059,0.081597,-0.202730,0.211937
1.330000,0.755345,0.023323,0.135059,0.081597,-0.202730,0.211937
1.340000,0.755345,0.023323,0.135059,0.081597,-0.202730,0.211937
1.350000,0.755345,0.023323,0.135059,0.081597,-0.202730,0.211937
1.370000,0.755345,0.023323,0.135059,0.081597,-0.202730,0.211937
1.380000,0.755345,0.023323,0.135059,0.081597,-0.202730,0.211937
1.390000,0.755345,0.023323,0.135059,0.081597,-0.202730,0.211937
1.400000,0.755345,0.023323,0.135059,0.081597,-0.202730,0.211937
1.410000,0.755345,0.023323,0.135059,0.081597,-0.202730,0.211937
1.420000,0.755345,0.023323,0.135059,0.081597,-0.202730,0.211937
1.430000,0.755345,0.023323,0.135059,0.081597,-0.202730,0.211937
1.440000,0.755345,0.023323,0.135059,0.081597,-0.202730,0.211937
1.460000,0.755345,0.023323,0.135059,0.081597,-0.202730,0.211937
1.470000,0.755345,0.023323,0.135059,0.081597,-0.202730,0.211937
1.480000,0.755345,0.023323,0.135059,0.081597,-0.202730,0.211937
1.490000,0.755345,0.023323,0.135059,0.081597,-0.202730,0.211937
1.500000,0.755345,0.023323,0.135059,0.081597,-0.202730,0.211937
1.520000,0.755345,0.023323,0.135059,0.081597,-0.202730,0.211937
1.530000,0.755345,0.023323,0.135059,0.081597,-0.202730,0.211937
1.540000,0.755345,0.023323,0.135059,0.081597,-0.202730,0.211937
1.550000,0.755345,0.023323,0.135059,0.081597,-0.202730,0.211937
1.560000,0.755345,0.023323,0.135059,0.081597,-0.202730,0.211937
1.570000,0.755345,0.023323,0.135059,0.081597,-0.202730,0.211937
1.580000,0.755345,0.023323,0.135059,0.081597,-0.202730,0.211937
1.590000,0.755345,0.023323,0.135059,0.081597,-0.202730,0.211937
1.600000,0.755345,0.023323,0.135059,0.081597,-0.202730,0.211937
1.620000,0.755345,0.023323,0.135059,0.081597,-0.202730,0.211937
1.630000,0.755345,0.023323,0.135059,0.081597,-0.202730,0.211937
1.640000,0.755345,0.023323,0.135059,0.081597,-0.202730,0.211937
1.650000,0.755345,0.023323,0.135059,0.081597,-0.202730,0.211937
1.660000,0.755345,0.023323,0.135059,0.081597,-0.202730,0.211937
1.670000,0.755345,0.023323,0.135059,0.081597,-0.202730,0.211937
1.680000,0.755345,0.023323,0.135059,0.081597,-0.202730,0.211937
1.690000,0.755345,0.023323,0.135059,0.081597,-0.202730,0.211937
1.710000,0.755345,0.023323,0.135059,0.081597,-0.202730,0.211937
1.720000,0.755345,0.023323,0.135059,0.081597,-0.202730,0.211937
1.730000,0.755345,0.023323,0.135059,0.081597,-0.202730,0.211937
1.740000,0.755345,0.023323,0.135059,0.081597,-0.202730,0.211937
1.750000,0.755345,0.023323,0.135059,0.081597,-0.202730,0.211937
1.760000,0.755345,0.023323,0.135059,0.081597,-0.202730,0.211937
1.770000,0.755345,0.023323,0.135059,0.081597,-0.202730,0.211937
1.780000,0.755345,0.023323,0.135059,0.081597,-0.202730,0.211937
1.800000,0.755345,0.023323,0.135059,0.081597,-0.202730,0.211937
1.810000,0.755345,0.023323,0.135059,0.081597,-0.202730,0.211937
1.820000,0.755345,0.023323,0.135059,0.081597,-0.202730,0.211937
1.830000,0.755345,0.023323,0.135059,0.081597,-0.202730,0.211937
1.840000,0.755345,0.023323,0.135059,0.081597,-0.202730,0.211937
1.850000,0.755345,0.023323,0.135059,0.081597,-0.202730,0.211937
1.870000,0.755345,0.023323,0.135059,0.081597,-0.202730,0.211937
1.880000,0.755345,0.023323,0.135059,0.081597,-0.202730,0.211937
1.890000,0.755345,0.023323,0.135059,0.081597,-0.202730,0.211937
1.900000,0.755345,0.023323,0.135059,0.081597,-0.202730,0.211937
1.910000,0.755345,0.023323,0.135059,0.081597,-0.202730,0.211937
1.920000,0.755345,0.023323,0.135059,0.081597,-0.202730,0.211937
1.930000,0.755345,0.023323,0.135059,0.081597,-0.202730,0.211937
1.940000,0.755345,0.023323,0.135059,0.081597,-0.202730,0.211937
1.960000,0.755345,0.023323,0.135059,0.081597,-0.202730,0.211937
1.970000,0.755345,0.023323,0.135059,0.081597,-0.202730,0.211937
1.980000,0.755345,0.023323,0.135059,0.081597,-0.202730,0.211937
1.990000,0.755345,0.023323,0.135059,0.081597,-0.202730,0.211937
2.000000,0.755345,0.023323,0.135059,0.081597,-0.202730,0.211937
2.010000,0.755345,0.023323,0.135059,0.081597,-0.202730,0.211937
2.020000,0.755345,0.023323,0.135059,0.081597,-0.202730,0.211937
2.060000,0.755345,0.023323,0.135059,0.081597,-0.202730,0.211937
2.080000,0.755345,0.023323,0.135059,0.081597,-0.202730,0.211937
2.090000,0.755345,0.023323,0.135059,0.081597,-0.202730,0.211937
2.100000,0.755345,0.023323,0.135059,0.081597,-0.202730,0.211937
2.110000,0.755345,0.023323,0.135059,0.081597,-0.202730,0.211937
2.130000,0.755345,0.023323,0.135059,0.081597,-0.202730,0.211937
2.140000,0.755345,0.023323,0.135059,0.081597,-0.202730,0.211937
2.150000,0.755345,0.023323,0.135059,0.081597,-0.202730,0.211937
2.160000,0.755345,0.023323,0.135059,0.081597,-0.202730,0.211937
2.180000,0.755345,0.023323,0.135059,0.081597,-0.202730,0.211937
2.190000,0.755345,0.023323,0.135059,0.081597,-0.202730,0.211937
2.200000,0.755345,0.023323,0.135059,0.081597,-0.202730,0.211937
2.210000,0.755345,0.023323,0.135059,0.081597,-0.202730,0.211937
2.220000,0.755345,0.023323,0.135059,0.081597,-0.202730,0.211937
2.230000,0.755345,0.023323,0.135059,0.081597,-0.202730,0.211937
2.240000,0.755345,0.023323,0.135059,0.081597,-0.202730,0.211937
2.250000,0.755345,0.023323,0.135059,0.081597,-0.202730,0.211937
2.260000,0.755345,0.023323,0.135059,0.081597,-0.202730,0.211937
2.270000,0.755345,0.023323,0.135059,0.081597,-0.202730,0.211937
2.280000,0.755345,0.023323,0.135059,0.081597,-0.202730,0.211937
2.290000,0.755345,0.023323,0.135059,0.081597,-0.202730,0.211937
2.310000,0.755345,0.023323,0.135059,0.081597,-0.202730,0.211937
2.320000,0.755345,0.023323,0.135059,0.081597,-0.202730,0.211937
2.330000,0.755345,0.023323,0.135059,0.081597,-0.202730,0.211937
2.340000,0.755345,0.023323,0.135059,0.081597,-0.202730,0.211937
2.350000,0.755345,0.023323,0.135059,0.081597,-0.202730,0.211937
2.360000,0.755345,0.023323,0.135059,0.081597,-0.202730,0.211937
2.370000,0.755345,0.023323,0.135059,0.081597,-0.202730,0.211937
2.390000,0.755345,0.023323,0.135059,0.081597,-0.202730,0.211937
2.400000,0.755345,0.023323,0.135059,0.081597,-0.202730,0.211937
2.410000,0.755345,0.023323,0.135059,0.081597,-0.202730,0.211937
2.420000,0.755345,0.023323,0.135059,0.081597,-0.202730,0.211937
2.430000,0.755345,0.023323,0.135059,0.081597,-0.202730,0.211937
2.440000,0.755345,0.023323,0.135059,0.081597,-0.202730,0.211937
2.450000,0.755345,0.023323,0.135059,0.081597,-0.202730,0.211937
2.460000,0.755345,0.023323,0.135059,0.081597,-0.202730,0.211937
2.480000,0.755345,0.023323,0.135059,0.081597,-0.202730,0.211937
2.490000,0.755345,0.023323,0.135059,0.081597,-0.202730,0.211937
2.500000,0.755345,0.023323,0.135059,0.081597,-0.202730,0.211937
2.510000,0.755345,0.023323,0.135059,0.081597,-0.202730,0.211937
2.520000,0.755345,0.023323,0.135059,0.081597,-0.202730,0.211937
2.530000,0.755345,0.023323,0.135059,0.081597,-0.202730,0.211937
2.550000,0.755345,0.023323,0.135059,0.081597,-0.202730,0.211937
2.560000,0.755345,0.023323,0.135059,0.081597,-0.202730,0.211937
2.570000,0.755345,0.023323,0.135059,0.081597,-0.202730,0.211937
2.580000,0.755345,0.023323,0.135059,0.081597,-0.202730,0.211937
2.590000,0.755345,0.023323,0.135059,0.081597,-0.202730,0.211937
2.600000,0.755345,0.023323,0.135059,0.081597,-0.202730,0.211937
2.610000,0.755345,0.023323,0.135059,0.081597,-0.202730,0.211937
2.620000,0.755345,0.023323,0.135059,0.081597,-0.202730,0.211937
2.630000,0.755345,0.023323,0.135059,0.081597,-0.202730,0.211937
2.640000,0.755345,0.023323,0.135059,0.081597,-0.202730,0.211937
2.660000,0.755345,0.023323,0.135059,0.081597,-0.202730,0.211937
2.670000,0.755345,0.023323,0.135059,0.081597,-0.202730,0.211937
2.680000,0.755345,0.023323,0.135059,0.081597,-0.202730,0.211937
2.690000,0.755345,0.023323,0.135059,0.081597,-0.202730,0.211937
2.700000,0.755345,0.023323,0.135059,0.081597,-0.202730,0.211937
2.710000,0.755345,0.023323,0.135059,0.081597,-0.202730,0.211937
2.720000,0.755345,0.023323,0.135059,0.081597,-0.202730,0.211937
2.730000,0.755345,0.023323,0.135059,0.081597,-0.202730,0.211937
2.740000,0.755345,0.023323,0.135059,0.081597,-0.202730,0.211937
2.760000,0.755345,0.023323,0.135059,0.081597,-0.202730,0.211937
2.770000,0.755345,0.023323,0.135059,0.081597,-0.202730,0.211937
2.780000,0.755345,0.023323,0.135059,0.081597,-0.202730,0.211937
2.790000,0.755345,0.023323,0.135059,0.081597,-0.202730,0.211937
2.800000,0.755345,0.023323,0.135059,0.081597,-0.202730,0.211937
2.810000,0.754552,0.021527,0.136374,0.085212,-0.195131,0.172016
2.820000,0.754455,0.021028,0.137252,0.090999,-0.198841,0.164041
2.840000,0.754411,0.020634,0.137781,0.094599,-0.201599,0.159708
2.850000,0.754371,0.020282,0.138473,0.097429,-0.202802,0.155311
2.860000,0.754371,0.020282,0.138473,0.097429,-0.202802,0.155311
2.870000,0.754371,0.020282,0.138473,0.097429,-0.202802,0.155311
2.880000,0.754371,0.020282,0.138473,0.097429,-0.202802,0.155311
2.890000,0.754371,0.020282,0.138473,0.097429,-0.202802,0.155311
2.900000,0.754371,0.020282,0.138473,0.097429,-0.202802,0.155311
2.910000,0.754595,0.015911,0.145418,0.119965,-0.225330,0.123183
2.920000,0.754276,0.014332,0.148707,0.135344,-0.234903,0.114146
2.940000,0.754276,0.014332,0.148707,0.135344,-0.234903,0.114146
2.950000,0.754276,0.014332,0.148707,0.135344,-0.234903,0.114146
2.960000,0.754330,0.011115,0.155314,0.142953,-0.231337,0.104287
2.970000,0.754301,0.009252,0.157864,0.143175,-0.241813,0.104486
2.980000,0.754507,0.007726,0.160824,0.146174,-0.242161,0.106786
2.990000,0.754507,0.007726,0.160824,0.146174,-0.242161,0.106786
3.000000,0.754415,0.002367,0.171242,0.143088,-0.246734,0.113746
3.020000,0.754415,0.002367,0.171242,0.143088,-0.246734,0.113746
3.040000,0.754834,-0.003917,0.184846,0.132360,-0.243810,0.123506
3.050000,0.754555,-0.006692,0.189832,0.128255,-0.258957,0.132745
3.060000,0.754679,-0.008823,0.195286,0.120647,-0.242436,0.130209
3.070000,0.754464,-0.013855,0.207208,0.110443,-0.232651,0.134288
3.090000,0.754163,-0.017145,0.213176,0.106369,-0.242214,0.139248
3.100000,0.754021,-0.020280,0.219022,0.099576,-0.247050,0.145019
3.110000,0.753956,-0.023209,0.226054,0.093595,-0.242215,0.142498
3.120000,0.753746,-0.026567,0.232397,0.090279,-0.248866,0.150016
3.130000,0.753200,-0.033060,0.247108,0.079803,-0.250851,0.152764
3.150000,0.752971,-0.036339,0.254847,0.076066,-0.252605,0.147578
3.160000,0.752524,-0.039298,0.262677,0.078777,-0.250737,0.152523
3.170000,0.751921,-0.042415,0.270676,0.073201,-0.247157,0.148877
3.180000,0.751326,-0.045673,0.279038,0.077253,-0.255801,0.154569
3.190000,0.750774,-0.048731,0.287576,0.071179,-0.248232,0.148192
3.200000,0.750332,-0.051503,0.296429,0.075256,-0.238592,0.148951
3.210000,0.749728,-0.055034,0.305130,0.073893,-0.254931,0.143701
3.220000,0.747965,-0.061594,0.323431,0.066787,-0.260674,0.145070
3.240000,0.747965,-0.061594,0.323431,0.066787,-0.260674,0.145070
3.240000,0.746013,-0.068324,0.342614,0.070480,-0.277563,0.151136
3.260000,0.744927,-0.071444,0.352586,0.073243,-0.279332,0.157107
3.270000,0.743880,-0.074106,0.362832,0.074541,-0.272554,0.155816
3.280000,0.742511,-0.077398,0.373096,0.074196,-0.279889,0.156651
3.290000,0.741085,-0.080605,0.383624,0.070692,-0.288087,0.153374
3.300000,0.738304,-0.085738,0.406363,0.066566,-0.270660,0.147509
3.320000,0.736550,-0.088822,0.417402,0.071362,-0.287823,0.160883
3.330000,0.734891,-0.091681,0.428681,0.068711,-0.292695,0.161237
3.340000,0.733214,-0.093938,0.440242,0.060579,-0.288015,0.157251
3.350000,0.731434,-0.096423,0.451845,0.057781,-0.289634,0.158165
3.360000,0.729552,-0.098611,0.463643,0.057215,-0.297376,0.159305
3.370000,0.727681,-0.100621,0.475485,0.051319,-0.297660,0.159654
3.380000,0.725527,-0.103001,0.487672,0.046723,-0.306333,0.160738
3.390000,0.723488,-0.104658,0.499895,0.041803,-0.307090,0.156752
3.400000,0.719116,-0.107622,0.524747,0.032795,-0.299550,0.159526
3.420000,0.716891,-0.109071,0.537118,0.026863,-0.300729,0.160738
3.430000,0.714880,-0.110322,0.549317,0.021640,-0.305819,0.156147
3.440000,0.712445,-0.110836,0.562368,0.012202,-0.297277,0.158455
3.450000,0.710462,-0.111725,0.574623,0.003860,-0.296510,0.159086
3.460000,0.708413,-0.112607,0.587171,-0.004907,-0.303781,0.159704
3.470000,0.706430,-0.113061,0.599596,-0.008970,-0.300311,0.161842
3.480000,0.704563,-0.113531,0.611702,-0.014839,-0.302525,0.164854
3.490000,0.705273,-0.107211,0.631175,-0.021354,-0.126393,0.082931
3.500000,0.701856,-0.107210,0.655993,-0.030987,-0.115998,0.088587
3.520000,0.700478,-0.106925,0.667846,-0.037557,-0.113864,0.089835
3.530000,0.699292,-0.106420,0.679816,-0.040885,-0.110772,0.091172
3.540000,0.698300,-0.105638,0.691662,-0.042862,-0.104255,0.092378
3.550000,0.697545,-0.104704,0.703295,-0.046435,-0.098992,0.093305
3.560000,0.696740,-0.103315,0.714883,-0.045258,-0.092003,0.096028
3.570000,0.696209,-0.101990,0.726162,-0.050108,-0.088419,0.096684
3.580000,0.695865,-0.100395,0.737039,-0.049433,-0.080621,0.097296
3.590000,0.695604,-0.098249,0.748472,-0.050706,-0.074859,0.099436
3.600000,0.695580,-0.096065,0.758818,-0.050621,-0.069617,0.099830
3.610000,0.695699,-0.090481,0.779802,-0.054348,-0.058849,0.103483
3.630000,0.696233,-0.087520,0.790085,-0.055294,-0.054585,0.102247
3.640000,0.696690,-0.083987,0.799862,-0.057040,-0.053834,0.101811
3.650000,0.697518,-0.080286,0.809886,-0.058253,-0.052602,0.100633
3.660000,0.698324,-0.076640,0.819351,-0.059491,-0.043121,0.101022
3.670000,0.699676,-0.072476,0.828716,-0.063573,-0.043507,0.100878
3.680000,0.700948,-0.068308,0.837986,-0.064032,-0.031544,0.101565
3.690000,0.702579,-0.063970,0.846828,-0.067682,-0.029471,0.101951
3.700000,0.704494,-0.059482,0.855499,-0.070539,-0.023167,0.102831
3.710000,0.708972,-0.050020,0.872113,-0.078659,-0.013966,0.103598
3.730000,0.711575,-0.045087,0.880147,-0.082152,-0.009159,0.103993
3.740000,0.714145,-0.040245,0.887823,-0.083475,-0.001084,0.104336
3.750000,0.717010,-0.034976,0.894960,-0.091302,0.004835,0.106087
3.760000,0.720105,-0.029838,0.901860,-0.091934,0.010725,0.106128
3.770000,0.723240,-0.024580,0.908923,-0.093143,0.021079,0.106544
3.780000,0.726713,-0.019175,0.915220,-0.096643,0.024771,0.106579
3.790000,0.730214,-0.013582,0.921463,-0.099054,0.034823,0.106146
3.800000,0.733871,-0.007960,0.927291,-0.101746,0.041494,0.106758
3.810000,0.741653,0.003637,0.938094,-0.106926,0.055730,0.107096
3.830000,0.745945,0.009308,0.943022,-0.107866,0.063379,0.105699
3.840000,0.750158,0.015280,0.947810,-0.108595,0.070132,0.104312
3.850000,0.754687,0.020974,0.952154,-0.110173,0.074549,0.102324
3.860000,0.759229,0.027218,0.956390,-0.107100,0.079848,0.104120
3.870000,0.763737,0.033543,0.960365,-0.107432,0.085040,0.103046
3.880000,0.768548,0.039838,0.963807,-0.109894,0.089447,0.102213
3.890000,0.773282,0.046399,0.967182,-0.110057,0.093883,0.100800
3.900000,0.778171,0.052925,0.970280,-0.109459,0.099961,0.099215
3.910000,0.783114,0.059573,0.972973,-0.113244,0.104416,0.097005
3.920000,0.793283,0.072990,0.977724,-0.117485,0.113748,0.089621
3.940000,0.798736,0.079732,0.979588,-0.119881,0.114574,0.087772
3.950000,0.803828,0.086764,0.981086,-0.124355,0.118682,0.083400
3.960000,0.809139,0.093555,0.982486,-0.126432,0.121429,0.081533
3.970000,0.814291,0.100578,0.983261,-0.130193,0.124976,0.079152
3.980000,0.819602,0.107447,0.983906,-0.133098,0.126189,0.076540
3.990000,0.829910,0.121173,0.984294,-0.133548,0.131896,0.071427
4.010000,0.834924,0.128129,0.983968,-0.133518,0.128898,0.068918
4.020000,0.844624,0.141694,0.982600,-0.125098,0.131213,0.061706
4.040000,0.849208,0.149029,0.981683,-0.123015,0.129186,0.058078
4.050000,0.857818,0.162679,0.979021,-0.103300,0.133903,0.048351
4.070000,0.862028,0.169737,0.977362,-0.095335,0.129535,0.044280
4.080000,0.870116,0.183588,0.973015,-0.074096,0.128952,0.035539
4.100000,0.873845,0.190358,0.970836,-0.064141,0.135473,0.029958
4.110000,0.877558,0.197133,0.968104,-0.055194,0.135797,0.025543
4.120000,0.881330,0.203579,0.964733,-0.052213,0.131322,0.019495
4.130000,0.884779,0.210172,0.961663,-0.043839,0.132433,0.014390
4.140000,0.888032,0.216414,0.958236,-0.033284,0.137770,0.010410
4.150000,0.891267,0.222619,0.954781,-0.025836,0.138638,0.005757
4.160000,0.896715,0.234742,0.947204,-0.012742,0.143833,-0.004041
4.180000,0.899248,0.240482,0.943386,-0.005900,0.147480,-0.008265
4.190000,0.901360,0.246023,0.939171,0.003516,0.150757,-0.014473
4.200000,0.903183,0.251638,0.934853,0.007076,0.154957,-0.019678
4.210000,0.906385,0.262320,0.925612,0.020760,0.161275,-0.032174
4.230000,0.907520,0.267705,0.921172,0.033565,0.168282,-0.035598
4.240000,0.909352,0.277290,0.910903,0.044172,0.175634,-0.053211
4.260000,0.910122,0.281704,0.905733,0.052358,0.182752,-0.059968
4.270000,0.910801,0.289788,0.895429,0.061330,0.200925,-0.069655
4.290000,0.911392,0.293095,0.889940,0.065346,0.212056,-0.074310
4.300000,0.911598,0.296016,0.884652,0.070449,0.220207,-0.076838
4.310000,0.911922,0.298540,0.879186,0.079796,0.229158,-0.075784
4.320000,0.912151,0.300540,0.873391,0.084992,0.239648,-0.075150
4.330000,0.912089,0.301623,0.867534,0.090953,0.246853,-0.076928
4.340000,0.911956,0.302204,0.861806,0.098999,0.253487,-0.074936
4.350000,0.912224,0.302064,0.855467,0.103336,0.254243,-0.076502
4.360000,0.911886,0.301614,0.849133,0.113210,0.252871,-0.074932
4.370000,0.911585,0.300679,0.842619,0.123650,0.248819,-0.071386
4.380000,0.911100,0.297512,0.830116,0.142772,0.241286,-0.065201
4.400000,0.909857,0.295398,0.824278,0.155426,0.236044,-0.060159
4.410000,0.909351,0.293126,0.818047,0.168769,0.223483,-0.055377
4.420000,0.908483,0.290025,0.812091,0.179802,0.214811,-0.052012
4.430000,0.907761,0.286834,0.805802,0.186734,0.204282,-0.048549
4.440000,0.906626,0.283295,0.800424,0.202939,0.194947,-0.039424
4.450000,0.905906,0.279056,0.794002,0.215884,0.171952,-0.033868
4.460000,0.904556,0.274979,0.789585,0.238434,0.166373,-0.018839
4.470000,0.903269,0.270155,0.784595,0.247436,0.155995,-0.011204
4.480000,0.901939,0.265048,0.780084,0.256028,0.145922,-0.002441
4.490000,0.900482,0.259823,0.775746,0.259402,0.133453,0.006157
4.500000,0.897611,0.247605,0.768205,0.263834,0.119904,0.021981
4.520000,0.896061,0.240966,0.764885,0.262002,0.119172,0.029367
4.530000,0.896061,0.240966,0.764885,0.262002,0.119172,0.029367
4.540000,0.891742,0.222560,0.749569,0.280438,-0.096481,0.072598
4.550000,0.891742,0.222560,0.749569,0.280438,-0.096481,0.072598
4.560000,0.891742,0.222560,0.749569,0.280438,-0.096481,0.072598
4.570000,0.886464,0.204427,0.750790,0.243680,0.085448,0.057155
4.580000,0.884046,0.196130,0.748025,0.240314,0.067207,0.063910
4.590000,0.881869,0.188020,0.746078,0.235565,0.065071,0.065895
4.600000,0.876117,0.169930,0.740928,0.242609,0.023496,0.076268
4.620000,0.873153,0.160550,0.739901,0.243894,0.024605,0.083372
4.630000,0.870115,0.150811,0.738234,0.250483,0.009619,0.090364
4.640000,0.866803,0.141068,0.736580,0.257117,-0.003748,0.100049
4.650000,0.866803,0.141068,0.736580,0.257117,-0.003748,0.100049
4.660000,0.860372,0.120347,0.735393,0.266918,-0.025046,0.111825
4.670000,0.857225,0.109631,0.735446,0.272267,-0.033446,0.121184
4.680000,0.854008,0.099132,0.735957,0.274950,-0.037563,0.134102
4.690000,0.850914,0.088002,0.737204,0.278706,-0.045448,0.141551
4.700000,0.847653,0.076975,0.738629,0.279771,-0.050181,0.152489
4.710000,0.844628,0.065935,0.740778,0.282495,-0.058269,0.165025
4.720000,0.841493,0.054883,0.743507,0.280851,-0.060717,0.174191
4.730000,0.838457,0.043843,0.746920,0.281845,-0.063211,0.186415
4.740000,0.832387,0.022015,0.755250,0.275367,-0.065150,0.212759
4.760000,0.829183,0.011148,0.760207,0.274531,-0.064710,0.225928
4.770000,0.826025,0.000366,0.765299,0.270326,-0.070746,0.242623
4.780000,0.822837,-0.010077,0.771020,0.265188,-0.071866,0.258323
4.790000,0.819896,-0.020492,0.777435,0.260740,-0.072579,0.269321
4.800000,0.816788,-0.030339,0.784223,0.252852,-0.073209,0.285731
4.810000,0.814006,-0.040176,0.791318,0.243926,-0.074954,0.296358
4.820000,0.811118,-0.049694,0.799498,0.232791,-0.072456,0.309290
4.830000,0.808395,-0.059130,0.807263,0.224704,-0.079157,0.318934
4.840000,0.805507,-0.068102,0.815549,0.214154,-0.082604,0.329615
4.850000,0.799458,-0.085003,0.832659,0.197482,-0.088923,0.349513
4.870000,0.796151,-0.092791,0.841360,0.184430,-0.093630,0.361849
4.880000,0.793534,-0.100567,0.850586,0.172897,-0.098546,0.365975
4.890000,0.790332,-0.107945,0.860141,0.160264,-0.105793,0.373213
4.900000,0.787297,-0.114962,0.869980,0.145429,-0.104979,0.380347
4.910000,0.784404,-0.121484,0.879523,0.130283,-0.113548,0.385078
4.920000,0.781408,-0.127701,0.889160,0.117849,-0.120447,0.390365
4.930000,0.777803,-0.133520,0.899403,0.101907,-0.119022,0.396992
4.940000,0.774570,-0.139247,0.909450,0.086839,-0.125420,0.398944
4.950000,0.771311,-0.144388,0.919479,0.070996,-0.130217,0.402143
4.960000,0.767996,-0.148966,0.929762,0.057609,-0.134382,0.403507
4.970000,0.761131,-0.157335,0.950755,0.027364,-0.144650,0.404148
4.990000,0.757552,-0.160806,0.961297,0.009814,-0.149390,0.402948
5.000000,0.754016,-0.163974,0.972155,-0.007604,-0.157528,0.400182
5.010000,0.750451,-0.166498,0.982512,-0.030269,-0.160417,0.399070
5.020000,0.747048,-0.168813,0.993515,-0.050067,-0.164369,0.394909
5.030000,0.743557,-0.170210,1.004226,-0.071777,-0.170953,0.395486
5.040000,0.740007,-0.171559,1.015522,-0.088680,-0.172804,0.391898
5.050000,0.736950,-0.171940,1.026048,-0.109984,-0.176414,0.390032
5.060000,0.729893,-0.171903,1.047854,-0.145406,-0.181209,0.384752
5.080000,0.726582,-0.171134,1.058234,-0.161377,-0.184751,0.382199
5.090000,0.723333,-0.169834,1.068683,-0.179144,-0.187259,0.379897
5.100000,0.719899,-0.168085,1.079076,-0.192669,-0.186432,0.376462
5.110000,0.716540,-0.166163,1.089481,-0.204437,-0.185795,0.372815
5.120000,0.713281,-0.163337,1.099277,-0.218737,-0.190778,0.372182
5.130000,0.709884,-0.160344,1.108768,-0.235768,-0.186531,0.369690
5.140000,0.706699,-0.156909,1.118317,-0.249953,-0.184225,0.367612
5.150000,0.703910,-0.153021,1.127429,-0.260286,-0.180262,0.363476
5.160000,0.700885,-0.148727,1.136976,-0.271169,-0.175287,0.361198
5.170000,0.698017,-0.144085,1.145794,-0.281426,-0.169871,0.359384
5.180000,0.695420,-0.139191,1.154405,-0.290589,-0.162487,0.356461
5.190000,0.692909,-0.133664,1.162645,-0.300834,-0.159481,0.354864
5.200000,0.688232,-0.121923,1.178866,-0.316130,-0.140903,0.347851
5.220000,0.686009,-0.115387,1.186396,-0.323941,-0.138288,0.344984
5.230000,0.683878,-0.108520,1.193764,-0.327990,-0.128713,0.341132
5.240000,0.681872,-0.101437,1.201021,-0.333166,-0.116794,0.335703
5.250000,0.679952,-0.094143,1.207991,-0.337062,-0.105942,0.331856
5.260000,0.678499,-0.086168,1.214736,-0.343935,-0.096835,0.326733
5.270000,0.677112,-0.077900,1.221194,-0.348234,-0.087280,0.320677
5.280000,0.676064,-0.069455,1.227672,-0.353412,-0.080006,0.313532
5.290000,0.675334,-0.060517,1.233297,-0.359613,-0.072123,0.305939
5.300000,0.674769,-0.051210,1.239112,-0.366860,-0.070186,0.301292
5.310000,0.674142,-0.041595,1.244501,-0.372263,-0.061424,0.291017
5.320000,0.673809,-0.031955,1.249641,-0.379207,-0.053571,0.285510
5.330000,0.673757,-0.011801,1.259262,-0.390192,-0.042161,0.266475
5.350000,0.674021,-0.001436,1.263765,-0.395899,-0.038947,0.254456
5.360000,0.674284,0.009228,1.267925,-0.403533,-0.033374,0.245319
5.370000,0.674920,0.019723,1.271844,-0.412123,-0.028591,0.236507
5.380000,0.675494,0.030618,1.275643,-0.418716,-0.024015,0.228832
5.390000,0.676003,0.041619,1.278740,-0.426088,-0.018790,0.216766
5.400000,0.676989,0.052446,1.282185,-0.429955,-0.015284,0.206296
5.410000,0.678824,0.074314,1.288065,-0.437251,-0.005004,0.183530
5.430000,0.679894,0.085256,1.290652,-0.440987,-0.000086,0.173159
5.440000,0.680981,0.096154,1.292842,-0.443853,0.007938,0.162563
5.450000,0.682302,0.106891,1.295013,-0.447344,0.012380,0.153206
5.460000,0.683700,0.117540,1.296681,-0.449182,0.020332,0.139316
5.470000,0.685091,0.128216,1.298015,-0.455077,0.027184,0.127649
5.480000,0.686689,0.138780,1.299068,-0.459386,0.032603,0.116816
5.490000,0.688332,0.149144,1.299912,-0.461762,0.040606,0.103179
5.500000,0.690111,0.159637,1.300482,-0.464530,0.046776,0.089284
5.510000,0.691660,0.170037,1.300849,-0.466269,0.049609,0.078780
5.520000,0.693361,0.179901,1.300738,-0.467053,0.059192,0.062272
5.530000,0.697426,0.198946,1.299904,-0.469181,0.071046,0.035398
5.550000,0.699384,0.208535,1.298585,-0.470597,0.082934,0.019372
5.560000,0.701611,0.217901,1.297763,-0.472818,0.085427,0.011647
5.570000,0.703562,0.227097,1.295859,-0.473418,0.096807,0.000598
5.580000,0.705623,0.235989,1.293827,-0.473311,0.104045,-0.009518
5.590000,0.707706,0.244805,1.291383,-0.474781,0.109654,-0.018629
5.600000,0.709641,0.253258,1.288558,-0.475168,0.117019,-0.029005
5.610000,0.711569,0.261482,1.285369,-0.473529,0.123702,-0.038260
5.620000,0.715226,0.277103,1.278474,-0.466561,0.135599,-0.057987
5.640000,0.716957,0.284589,1.274255,-0.461550,0.142911,-0.065669
5.650000,0.720033,0.298787,1.264951,-0.450799,0.154977,-0.082240
5.670000,0.720033,0.298787,1.264951,-0.450799,0.154977,-0.082240
5.670000,0.722772,0.312009,1.254269,-0.437031,0.160760,-0.095014
5.690000,0.723944,0.318289,1.248305,-0.428650,0.165451,-0.100840
5.700000,0.725097,0.324266,1.242182,-0.418792,0.166402,-0.104903
5.710000,0.726085,0.329863,1.235470,-0.408951,0.168073,-0.110450
5.720000,0.727230,0.335218,1.228490,-0.400026,0.170496,-0.116241
5.730000,0.728155,0.340295,1.221399,-0.388321,0.173275,-0.122857
5.740000,0.730078,0.349854,1.205591,-0.367056,0.175582,-0.132152
5.760000,0.730995,0.354136,1.197340,-0.354400,0.175454,-0.135246
5.770000,0.731914,0.358145,1.188662,-0.341725,0.176464,-0.139824
5.780000,0.732952,0.361756,1.179788,-0.327435,0.176451,-0.144678
5.790000,0.733963,0.364989,1.170669,-0.310532,0.178283,-0.148230
5.800000,0.734905,0.367877,1.161107,-0.293067,0.179955,-0.152464
5.810000,0.736181,0.370413,1.151518,-0.276114,0.183345,-0.157137
5.820000,0.737599,0.372417,1.141484,-0.254205,0.183618,-0.159486
5.830000,0.738890,0.374153,1.131377,-0.231295,0.182686,-0.161810
5.840000,0.740401,0.375406,1.121343,-0.210993,0.185057,-0.165505
5.850000,0.743533,0.377007,1.100381,-0.167722,0.175813,-0.166658
5.870000,0.745271,0.377371,1.089674,-0.143993,0.169872,-0.164037
5.880000,0.748889,0.376379,1.068280,-0.097151,0.166987,-0.161187
5.900000,0.750791,0.375314,1.057356,-0.076335,0.165586,-0.158694
5.910000,0.752968,0.373960,1.046501,-0.052328,0.162052,-0.155128
5.920000,0.755246,0.372172,1.035934,-0.032174,0.157999,-0.151998
5.930000,0.757573,0.369890,1.025173,-0.011709,0.156513,-0.149148
5.940000,0.761961,0.364404,1.004512,0.030894,0.153857,-0.138597
5.960000,0.764221,0.361100,0.994477,0.050273,0.150614,-0.130716
5.970000,0.769324,0.352921,0.974636,0.089498,0.150389,-0.114677
5.990000,0.772101,0.348005,0.965087,0.105650,0.150526,-0.105120
6.000000,0.774780,0.342996,0.955804,0.119386,0.146247,-0.091544
6.010000,0.780667,0.331617,0.938802,0.150670,0.141160,-0.068154
6.030000,0.784132,0.325517,0.930566,0.158690,0.137810,-0.058643
6.040000,0.791316,0.312097,0.915089,0.176500,0.118828,-0.037802
6.060000,0.799112,0.297715,0.902141,0.193998,0.108504,-0.018293
6.080000,0.803416,0.290800,0.897167,0.191975,0.132166,-0.016088
6.090000,0.807688,0.283039,0.891985,0.198634,0.135617,-0.010421
6.100000,0.811934,0.274730,0.884185,0.213349,0.079701,0.009109
6.110000,0.841086,0.226560,0.858726,0.220869,0.033483,0.061122
6.170000,0.846050,0.218065,0.855745,0.220316,0.025285,0.068044
6.180000,0.851053,0.210177,0.852719,0.217790,0.015119,0.075662
6.190000,0.855856,0.202265,0.850364,0.214952,0.010559,0.084773
6.200000,0.865732,0.185977,0.846150,0.209498,-0.005235,0.097919
6.220000,0.870506,0.178201,0.844004,0.203874,-0.015411,0.105001
6.230000,0.875343,0.170179,0.842313,0.202892,-0.029925,0.109398
6.240000,0.879930,0.162366,0.840739,0.197440,-0.034483,0.115140
6.250000,0.884458,0.154446,0.839418,0.192811,-0.042343,0.120570
6.260000,0.888724,0.146914,0.838202,0.186252,-0.048916,0.127053
6.270000,0.892855,0.139458,0.836982,0.181557,-0.060092,0.133366
6.280000,0.896601,0.131877,0.836267,0.175614,-0.068906,0.136769
6.290000,0.900224,0.124508,0.835583,0.171314,-0.082468,0.140999
6.300000,0.906674,0.110274,0.834540,0.156876,-0.105358,0.148159
6.320000,0.909273,0.103337,0.834509,0.148235,-0.114199,0.152207
6.330000,0.911534,0.096797,0.834487,0.139846,-0.121524,0.157672
6.340000,0.913535,0.090082,0.834694,0.129541,-0.128815,0.162770
6.350000,0.915256,0.083580,0.834887,0.121041,-0.138242,0.165743
6.360000,0.916383,0.077256,0.835431,0.109562,-0.143735,0.169847
6.370000,0.917204,0.071059,0.836156,0.099278,-0.151398,0.172184
6.380000,0.917579,0.065042,0.836990,0.089486,-0.158904,0.174752
6.390000,0.917405,0.059185,0.837882,0.080452,-0.162611,0.177234
6.400000,0.915608,0.048208,0.840052,0.058466,-0.179014,0.178493
6.420000,0.914234,0.042787,0.841063,0.051668,-0.190486,0.178946
6.430000,0.911959,0.037500,0.842848,0.045526,-0.196045,0.178157
6.440000,0.909563,0.032394,0.844279,0.037614,-0.202513,0.181023
6.450000,0.906679,0.027415,0.845475,0.032753,-0.214518,0.181394
6.460000,0.903093,0.022807,0.847044,0.025560,-0.218044,0.186351
6.470000,0.898984,0.017827,0.848524,0.018673,-0.219972,0.185893
6.480000,0.894577,0.012979,0.850490,0.020960,-0.229641,0.182701
6.490000,0.889594,0.008446,0.852512,0.018648,-0.231326,0.184829
6.500000,0.884178,0.004203,0.854433,0.015160,-0.231376,0.187309
6.510000,0.878371,-0.000351,0.856517,0.010398,-0.231010,0.185544
6.520000,0.865903,-0.008472,0.861622,0.008917,-0.232611,0.185895
6.540000,0.859349,-0.012691,0.864571,0.006205,-0.229245,0.183379
6.550000,0.852447,-0.016318,0.867577,0.003571,-0.232521,0.183016
6.560000,0.845012,-0.019674,0.870462,-0.008957,-0.232082,0.181171
6.570000,0.837438,-0.022523,0.874206,-0.017153,-0.230451,0.181504
6.580000,0.830092,-0.025649,0.878419,-0.025384,-0.230339,0.177893
6.590000,0.822383,-0.028140,0.882971,-0.032204,-0.228911,0.177213
6.600000,0.814886,-0.030978,0.887841,-0.042436,-0.230773,0.172423
6.610000,0.807077,-0.033213,0.893289,-0.049559,-0.227863,0.169128
6.620000,0.791301,-0.036926,0.904187,-0.073202,-0.223879,0.166692
6.640000,0.783533,-0.038575,0.909898,-0.078386,-0.221806,0.164434
6.650000,0.775680,-0.039860,0.916330,-0.091730,-0.217355,0.162388
6.660000,0.768039,-0.041059,0.922788,-0.101137,-0.217814,0.161437
6.670000,0.760386,-0.041856,0.929580,-0.111973,-0.214620,0.159474
6.680000,0.752916,-0.042382,0.936539,-0.121614,-0.214506,0.157902
6.690000,0.745636,-0.042908,0.943516,-0.132058,-0.212449,0.155809
6.700000,0.738379,-0.042931,0.950754,-0.139777,-0.217194,0.154187
6.710000,0.731245,-0.042983,0.958009,-0.143420,-0.213439,0.152541
6.720000,0.724181,-0.042842,0.965562,-0.146805,-0.210510,0.151423
6.730000,0.717075,-0.042191,0.973264,-0.149538,-0.208329,0.153483
6.740000,0.704234,-0.039995,0.988842,-0.161343,-0.200004,0.155070
6.760000,0.698339,-0.038571,0.997110,-0.168575,-0.201010,0.149961
6.770000,0.692526,-0.036645,1.005376,-0.177678,-0.203035,0.149178
6.780000,0.687267,-0.034822,1.013482,-0.189855,-0.198350,0.148066
6.790000,0.681969,-0.032406,1.021553,-0.204951,-0.199721,0.147573
6.800000,0.676948,-0.029912,1.030056,-0.212682,-0.202277,0.146340
6.810000,0.671876,-0.027164,1.038668,-0.222098,-0.202212,0.144875
6.820000,0.667098,-0.024204,1.047315,-0.232005,-0.200882,0.144837
6.830000,0.662561,-0.021161,1.056011,-0.241518,-0.197202,0.145665
6.840000,0.658277,-0.017882,1.064479,-0.253243,-0.193821,0.142503
6.850000,0.650710,-0.010786,1.081640,-0.278615,-0.191470,0.140804
6.870000,0.647265,-0.006873,1.089626,-0.291527,-0.192528,0.136271
6.880000,0.643793,-0.002794,1.097799,-0.304640,-0.193175,0.134356
6.890000,0.640696,0.001120,1.105726,-0.314645,-0.191223,0.131446
6.900000,0.637634,0.005227,1.113497,-0.321331,-0.186198,0.128584
6.910000,0.634652,0.009353,1.121414,-0.328456,-0.181087,0.128448
6.920000,0.631804,0.013839,1.128938,-0.333737,-0.179409,0.126105
6.930000,0.629027,0.018351,1.136047,-0.335013,-0.173296,0.122905
6.940000,0.626482,0.022943,1.143297,-0.338966,-0.169018,0.121817
6.950000,0.624142,0.027399,1.150290,-0.343549,-0.164147,0.120876
6.960000,0.622024,0.032346,1.156680,-0.345552,-0.160563,0.116061
6.970000,0.619897,0.037292,1.163087,-0.348995,-0.155972,0.113890
6.980000,0.618052,0.042433,1.168960,-0.351984,-0.151118,0.108563
6.990000,0.616143,0.047477,1.175040,-0.354435,-0.145281,0.106922
7.000000,0.613274,0.058063,1.185921,-0.357136,-0.132445,0.096804
7.020000,0.612201,0.063344,1.190873,-0.359499,-0.124546,0.092773
7.030000,0.611145,0.069111,1.195614,-0.362669,-0.117692,0.090562
7.040000,0.610139,0.074990,1.200282,-0.365014,-0.110282,0.083704
7.050000,0.609270,0.081099,1.204403,-0.367787,-0.107468,0.081129
7.060000,0.608720,0.087217,1.208399,-0.368673,-0.104755,0.076172
7.070000,0.608243,0.093424,1.212021,-0.370440,-0.102537,0.071730
7.080000,0.607782,0.099839,1.215526,-0.371863,-0.099045,0.066849
7.090000,0.607609,0.105898,1.218782,-0.372265,-0.090164,0.060609
7.100000,0.607554,0.119146,1.224174,-0.376426,-0.081482,0.048251
7.120000,0.607761,0.125785,1.226294,-0.380447,-0.081245,0.045604
7.130000,0.608016,0.132701,1.228124,-0.383518,-0.080805,0.039867
7.140000,0.608510,0.139599,1.229675,-0.389304,-0.077027,0.032634
7.150000,0.608954,0.146611,1.230782,-0.394197,-0.075030,0.026221
7.160000,0.609725,0.153417,1.231543,-0.399337,-0.076327,0.023241
7.170000,0.610476,0.160275,1.232107,-0.402344,-0.073850,0.015954
7.180000,0.611308,0.167405,1.232089,-0.409295,-0.072530,0.009437
7.190000,0.612183,0.174331,1.232041,-0.409663,-0.067328,0.002211
7.200000,0.613321,0.181239,1.231335,-0.414297,-0.064742,-0.003814
7.210000,0.614394,0.188131,1.230262,-0.416404,-0.062815,-0.009023
7.220000,0.615568,0.194769,1.228743,-0.418644,-0.060942,-0.017205
7.230000,0.616780,0.201470,1.226797,-0.420145,-0.058310,-0.023105
7.240000,0.619553,0.214466,1.221929,-0.416606,-0.050583,-0.035620
7.260000,0.620833,0.220922,1.218814,-0.414440,-0.048796,-0.041059
7.270000,0.622258,0.227085,1.215325,-0.411908,-0.045012,-0.048546
7.280000,0.623845,0.233127,1.211320,-0.406169,-0.038465,-0.055450
7.290000,0.625624,0.239334,1.206925,-0.401455,-0.033895,-0.061461
7.300000,0.627666,0.245303,1.202350,-0.394215,-0.026322,-0.066540
7.310000,0.629870,0.251081,1.197330,-0.386486,-0.020676,-0.075579
7.320000,0.632395,0.256725,1.191833,-0.379613,-0.013820,-0.083941
7.330000,0.638234,0.268040,1.179789,-0.361428,-0.002462,-0.101295
7.350000,0.641635,0.273494,1.173327,-0.351977,0.002807,-0.109901
7.360000,0.645295,0.278902,1.166423,-0.341606,0.005363,-0.115180
7.370000,0.649138,0.284291,1.159353,-0.331722,0.006290,-0.121005
7.380000,0.653325,0.289390,1.151508,-0.323089,0.003877,-0.124299
7.390000,0.657586,0.294572,1.143940,-0.309939,-0.000446,-0.126202
7.400000,0.662436,0.299606,1.135863,-0.299212,-0.006550,-0.128987
7.410000,0.667373,0.304435,1.127815,-0.287724,-0.010069,-0.132646
7.420000,0.677787,0.313325,1.110680,-0.267875,-0.021107,-0.139080
7.440000,0.683204,0.317347,1.102019,-0.255532,-0.025145,-0.142460
7.450000,0.688700,0.320978,1.093053,-0.246841,-0.028731,-0.146678
7.460000,0.694275,0.324371,1.084362,-0.234940,-0.032493,-0.149899
7.470000,0.700042,0.327336,1.075258,-0.223764,-0.034790,-0.154056
7.480000,0.705881,0.329781,1.066370,-0.210243,-0.035925,-0.159471
7.490000,0.711792,0.331802,1.057411,-0.196787,-0.037456,-0.164763
7.500000,0.717717,0.333463,1.048332,-0.183590,-0.038427,-0.169550
7.510000,0.729627,0.335573,1.030606,-0.149979,-0.033606,-0.176281
7.530000,0.735519,0.335893,1.021674,-0.136254,-0.033274,-0.177666
7.540000,0.741482,0.335771,1.012680,-0.119911,-0.030413,-0.179678
7.550000,0.747379,0.335313,1.004233,-0.104482,-0.018006,-0.182334
7.560000,0.753259,0.333693,0.994758,-0.091549,-0.018816,-0.183890
7.570000,0.758995,0.332233,0.986362,-0.074025,-0.013933,-0.183447
7.580000,0.765077,0.330306,0.977734,-0.051706,-0.013706,-0.179573
7.590000,0.770954,0.327964,0.969199,-0.035795,-0.008709,-0.176947
7.600000,0.782362,0.322052,0.952851,-0.006668,-0.004636,-0.170748
7.620000,0.788225,0.318502,0.944868,0.004883,-0.006861,-0.167600
7.630000,0.793964,0.314632,0.936887,0.016713,-0.005186,-0.163034
7.640000,0.799513,0.310403,0.929037,0.029824,-0.006172,-0.157824
7.650000,0.804955,0.305740,0.921502,0.043086,-0.007464,-0.151426
7.660000,0.810410,0.300482,0.914114,0.052796,-0.001769,-0.145588
7.670000,0.815661,0.295304,0.906524,0.065591,-0.008804,-0.138615
7.680000,0.820516,0.289484,0.899729,0.077977,-0.004933,-0.130305
7.690000,0.825307,0.283790,0.892577,0.091301,-0.009467,-0.118607
7.700000,0.830167,0.277465,0.886251,0.103170,-0.005333,-0.110662
7.710000,0.834612,0.271365,0.880068,0.114724,-0.006353,-0.098838
7.720000,0.843051,0.258124,0.867522,0.141625,-0.019325,-0.077675
7.740000,0.846890,0.251278,0.861687,0.153735,-0.024158,-0.068131
7.750000,0.850560,0.244598,0.856366,0.162545,-0.024697,-0.055602
7.760000,0.853924,0.237397,0.851047,0.174380,-0.032000,-0.045327
7.770000,0.857181,0.229974,0.846182,0.183870,-0.036596,-0.035840
7.780000,0.860299,0.222358,0.841333,0.195179,-0.047452,-0.026456
7.790000,0.862903,0.214793,0.837118,0.200269,-0.052478,-0.017504
7.800000,0.865520,0.206995,0.833029,0.206439,-0.060914,-0.009543
7.810000,0.867605,0.199039,0.829416,0.212523,-0.066868,-0.001196
7.820000,0.871513,0.182436,0.823008,0.223082,-0.081925,0.015042
7.840000,0.872953,0.174086,0.820537,0.226435,-0.082979,0.022528
7.850000,0.874387,0.165316,0.818344,0.227857,-0.085430,0.030570
7.860000,0.875416,0.156584,0.816463,0.229721,-0.091705,0.037728
7.870000,0.876349,0.147507,0.814611,0.237627,-0.107172,0.044823
7.880000,0.876917,0.138785,0.813507,0.237814,-0.112737,0.052799
7.890000,0.877222,0.129773,0.812846,0.235300,-0.113967,0.063348
7.900000,0.877433,0.120627,0.812383,0.233824,-0.124985,0.071801
7.910000,0.877328,0.111412,0.812346,0.233694,-0.131532,0.081073
7.920000,0.876938,0.102256,0.812751,0.230945,-0.138152,0.090745
7.930000,0.876339,0.092850,0.813558,0.227080,-0.145597,0.101212
7.940000,0.874566,0.074018,0.816452,0.219658,-0.160260,0.123851
7.960000,0.873246,0.064583,0.818714,0.215225,-0.166498,0.134063
7.970000,0.871826,0.055274,0.821206,0.208333,-0.175269,0.147113
7.980000,0.869905,0.045950,0.824331,0.197651,-0.179190,0.160320
7.990000,0.868095,0.036968,0.827108,0.190001,-0.187820,0.174257
8.000000,0.863271,0.018115,0.835522,0.176824,-0.197278,0.198582
8.020000,0.860396,0.009392,0.839588,0.162458,-0.200221,0.215700
8.030000,0.857451,0.000285,0.844553,0.154544,-0.203885,0.227674
8.040000,0.854501,-0.008479,0.849606,0.143649,-0.207916,0.242647
8.050000,0.851237,-0.017030,0.855323,0.134796,-0.210943,0.255236
8.060000,0.847798,-0.025578,0.861361,0.122137,-0.217234,0.264512
8.070000,0.844049,-0.033402,0.867322,0.107142,-0.222547,0.277777
8.080000,0.836430,-0.048093,0.880771,0.082157,-0.231854,0.297041
8.100000,0.832331,-0.054825,0.887632,0.068800,-0.236195,0.305086
8.110000,0.828214,-0.061070,0.894702,0.053847,-0.245176,0.312206
8.120000,0.823516,-0.066954,0.902408,0.039225,-0.248134,0.317910
8.130000,0.819301,-0.072383,0.909910,0.024461,-0.260594,0.324273
8.140000,0.814625,-0.076846,0.917996,0.009109,-0.267576,0.334068
8.150000,0.809645,-0.081433,0.926068,-0.005315,-0.274274,0.337748
8.160000,0.799902,-0.089524,0.943289,-0.031532,-0.291570,0.343508
8.180000,0.794813,-0.092729,0.952055,-0.046794,-0.295773,0.347108
8.190000,0.789679,-0.095489,0.960899,-0.060110,-0.299389,0.349270
8.200000,0.784599,-0.097849,0.969821,-0.075874,-0.305557,0.351819
8.210000,0.779302,-0.099647,0.978792,-0.090940,-0.310555,0.354251
8.220000,0.774078,-0.100964,0.987975,-0.104048,-0.314353,0.354635
8.230000,0.768802,-0.101970,0.996995,-0.120276,-0.318245,0.356573
8.240000,0.758227,-0.102604,1.015375,-0.150479,-0.322496,0.360182
8.260000,0.752838,-0.102388,1.024924,-0.167099,-0.321196,0.361142
8.270000,0.748012,-0.101601,1.034105,-0.181013,-0.319161,0.358727
8.280000,0.743030,-0.099934,1.043203,-0.195051,-0.316580,0.362967
8.290000,0.737980,-0.098142,1.052346,-0.212176,-0.312564,0.361126
8.300000,0.728250,-0.093142,1.070264,-0.248545,-0.311826,0.358708
8.320000,0.723509,-0.089781,1.078825,-0.264964,-0.310644,0.354520
8.330000,0.718903,-0.086271,1.087542,-0.283332,-0.304826,0.349991
8.340000,0.714383,-0.082393,1.095922,-0.301463,-0.299538,0.346800
8.350000,0.710142,-0.078247,1.103864,-0.320719,-0.297697,0.341548
8.360000,0.705869,-0.073546,1.111927,-0.339929,-0.292406,0.338333
8.370000,0.701680,-0.068753,1.119741,-0.356861,-0.281763,0.334102
8.380000,0.697334,-0.063476,1.127498,-0.371697,-0.272111,0.328768
8.390000,0.693535,-0.057753,1.135619,-0.376809,-0.264781,0.322300
8.400000,0.685655,-0.045473,1.148239,-0.412198,-0.250347,0.319010
8.420000,0.681785,-0.038818,1.154555,-0.423561,-0.245996,0.316012
8.430000,0.678304,-0.031869,1.160550,-0.433781,-0.240317,0.311644
8.440000,0.674759,-0.024485,1.166293,-0.441886,-0.236188,0.306737
8.450000,0.671280,-0.016886,1.171573,-0.448119,-0.235900,0.301968
8.460000,0.667869,-0.008753,1.176723,-0.453135,-0.234930,0.294950
8.470000,0.664791,-0.000572,1.181588,-0.460567,-0.233027,0.287231
8.480000,0.661770,0.008031,1.186061,-0.466687,-0.231080,0.278874
8.490000,0.659182,0.016898,1.190065,-0.473088,-0.228499,0.269086
8.500000,0.654739,0.034449,1.197409,-0.485505,-0.223802,0.246811
8.520000,0.652570,0.043585,1.200690,-0.490739,-0.219196,0.236063
8.530000,0.651061,0.052625,1.203506,-0.499359,-0.213501,0.224846
8.540000,0.649651,0.061915,1.205836,-0.508636,-0.205630,0.216401
8.550000,0.648214,0.071404,1.207991,-0.511777,-0.201771,0.202727
8.560000,0.646904,0.080928,1.209677,-0.518491,-0.194774,0.192602
8.570000,0.645982,0.090651,1.210919,-0.525337,-0.189107,0.183281
8.580000,0.645330,0.099969,1.212080,-0.528148,-0.180050,0.169461
8.590000,0.644555,0.109395,1.212774,-0.530708,-0.171389,0.159668
8.600000,0.644027,0.118863,1.212996,-0.533758,-0.160188,0.147054
8.610000,0.643645,0.128186,1.212810,-0.533485,-0.150010,0.136574
8.620000,0.643509,0.137144,1.212150,-0.536545,-0.139748,0.124801
8.630000,0.643629,0.154776,1.210192,-0.533007,-0.116962,0.103507
8.650000,0.643689,0.163488,1.208462,-0.530497,-0.103390,0.090705
8.660000,0.644281,0.171815,1.206573,-0.526872,-0.090658,0.080586
8.670000,0.644683,0.180268,1.204103,-0.523401,-0.078981,0.066754
8.680000,0.645267,0.188323,1.201179,-0.520592,-0.068328,0.056045
8.690000,0.646177,0.196302,1.197919,-0.518465,-0.057798,0.046101
8.700000,0.647237,0.203919,1.194022,-0.514993,-0.048315,0.035204
8.710000,0.648294,0.211585,1.189914,-0.509782,-0.035180,0.021524
8.720000,0.649766,0.219132,1.185528,-0.501436,-0.023370,0.010842
8.730000,0.651241,0.226214,1.180506,-0.492446,-0.012137,-0.001465
8.740000,0.653073,0.233463,1.175488,-0.485065,-0.006528,-0.010608
8.750000,0.654576,0.240113,1.169411,-0.474942,0.002113,-0.021579
8.760000,0.656368,0.246859,1.163435,-0.462637,0.008770,-0.029688
8.770000,0.660306,0.259381,1.150229,-0.438651,0.021567,-0.048168
8.790000,0.662472,0.264725,1.143163,-0.427386,0.027310,-0.057494
8.800000,0.664877,0.270149,1.135720,-0.414134,0.032460,-0.065071
8.810000,0.667364,0.275380,1.128182,-0.399218,0.038249,-0.070328
8.820000,0.669901,0.280041,1.120042,-0.385591,0.047710,-0.077312
8.830000,0.672611,0.284567,1.111808,-0.370878,0.054095,-0.080232
8.840000,0.675559,0.288714,1.103271,-0.355586,0.059279,-0.083720
8.850000,0.678544,0.292444,1.094425,-0.341234,0.062662,-0.087753
8.860000,0.681766,0.295795,1.085462,-0.324502,0.069932,-0.090988
8.870000,0.688715,0.300510,1.067089,-0.289609,0.076435,-0.096660
8.890000,0.692206,0.302553,1.057834,-0.269553,0.086623,-0.095952
8.900000,0.695978,0.304424,1.047915,-0.253337,0.087999,-0.090631
8.910000,0.700000,0.305428,1.038362,-0.230579,0.088033,-0.087464
8.920000,0.704067,0.306021,1.028550,-0.208546,0.087739,-0.083152
8.930000,0.708396,0.305960,1.018677,-0.187786,0.083112,-0.078954
8.940000,0.712910,0.305415,1.008845,-0.164162,0.074224,-0.070363
8.950000,0.717450,0.304256,0.998829,-0.142691,0.065190,-0.061711
8.960000,0.722185,0.302491,0.989222,-0.121179,0.061519,-0.052480
8.970000,0.726919,0.300174,0.979738,-0.101590,0.057549,-0.041636
8.980000,0.737046,0.293648,0.961357,-0.061956,0.052770,-0.019708
9.000000,0.742217,0.289627,0.952242,-0.045376,0.047518,-0.006496
9.010000,0.747576,0.285507,0.943768,-0.027167,0.042260,0.009887
9.020000,0.752392,0.280526,0.935239,-0.004200,0.044649,0.026017
9.030000,0.757554,0.275053,0.926512,0.008803,0.039842,0.039690
9.040000,0.762697,0.269192,0.917901,0.030121,0.033991,0.053357
9.050000,0.768029,0.263359,0.909502,0.043880,0.030016,0.070577
9.060000,0.772532,0.256656,0.902174,0.065079,0.027547,0.082959
9.070000,0.781838,0.242707,0.887344,0.105875,0.016481,0.111632
9.090000,0.786283,0.235271,0.880042,0.124769,0.009483,0.124478
9.100000,0.790366,0.227707,0.873074,0.146316,-0.001748,0.137442
9.110000,0.794364,0.220031,0.866582,0.168666,-0.008137,0.149746
9.120000,0.798057,0.212137,0.860050,0.191643,-0.017689,0.160034
9.130000,0.802001,0.203541,0.853680,0.207653,-0.034126,0.166362
9.140000,0.805613,0.195042,0.848042,0.230065,-0.046390,0.176469
9.150000,0.809098,0.186509,0.842862,0.247849,-0.055193,0.188252
9.160000,0.812249,0.177419,0.838039,0.267313,-0.068988,0.193954
9.170000,0.815201,0.168419,0.834007,0.280208,-0.068809,0.205823
9.180000,0.817673,0.159254,0.830260,0.300728,-0.086610,0.214129
9.190000,0.822676,0.140393,0.824109,0.330023,-0.109799,0.229866
9.210000,0.824930,0.131140,0.821697,0.341393,-0.117881,0.239681
9.220000,0.827065,0.121491,0.819942,0.348068,-0.130249,0.247541
9.230000,0.828729,0.112002,0.818722,0.356882,-0.138344,0.258696
9.240000,0.830108,0.102513,0.817993,0.362679,-0.148086,0.269368
9.250000,0.831500,0.092742,0.817951,0.366566,-0.156961,0.278498
9.260000,0.832490,0.083372,0.818122,0.369942,-0.166531,0.290131
9.270000,0.833928,0.064338,0.820018,0.368413,-0.177754,0.311960
9.290000,0.834117,0.054993,0.821990,0.366164,-0.183847,0.324210
9.300000,0.834169,0.045615,0.824471,0.360960,-0.188731,0.335734
9.310000,0.834013,0.036610,0.827106,0.354452,-0.195782,0.344006
9.320000,0.833443,0.027676,0.830565,0.348358,-0.199811,0.354489
9.330000,0.832678,0.018835,0.834170,0.342302,-0.197753,0.367843
9.340000,0.831624,0.010264,0.838407,0.334444,-0.199395,0.378453
9.350000,0.830498,0.001908,0.842871,0.324082,-0.200739,0.387283
9.360000,0.828932,-0.006145,0.847913,0.311980,-0.203824,0.397329
9.370000,0.827084,-0.013952,0.853311,0.302054,-0.204036,0.407195
9.380000,0.824946,-0.021471,0.858950,0.290095,-0.204146,0.416329
9.390000,0.822718,-0.028754,0.865128,0.277187,-0.205090,0.425978
9.400000,0.817413,-0.042696,0.878118,0.248635,-0.203627,0.442236
9.420000,0.814497,-0.049390,0.884877,0.228427,-0.203919,0.450153
9.430000,0.811279,-0.055536,0.892457,0.216471,-0.203437,0.456238
9.440000,0.807951,-0.061433,0.899611,0.200569,-0.204691,0.460856
9.450000,0.804816,-0.067018,0.907449,0.185787,-0.204298,0.462488
9.460000,0.800937,-0.072083,0.915204,0.166841,-0.204522,0.468976
9.470000,0.797067,-0.076846,0.923973,0.147341,-0.199265,0.474074
9.480000,0.793173,-0.080737,0.932080,0.125390,-0.193731,0.482622
9.490000,0.789001,-0.085136,0.941018,0.109691,-0.195235,0.481050
9.500000,0.780687,-0.092032,0.959007,0.068450,-0.195875,0.489062
9.520000,0.776305,-0.094659,0.968018,0.047079,-0.195144,0.491536
9.530000,0.772107,-0.097324,0.977143,0.023149,-0.194924,0.495683
9.540000,0.767740,-0.099266,0.986750,-0.000846,-0.195553,0.497875
9.550000,0.763293,-0.100970,0.996274,-0.023744,-0.194589,0.499138
9.560000,0.758880,-0.102321,1.005723,-0.047670,-0.193054,0.500767
9.570000,0.754730,-0.103390,1.015851,-0.072375,-0.187223,0.503698
9.580000,0.745646,-0.104274,1.035245,-0.116393,-0.187993,0.501660
9.600000,0.741391,-0.104172,1.045297,-0.138169,-0.183729,0.499638
9.610000,0.737245,-0.103609,1.055212,-0.159742,-0.181959,0.499307
9.620000,0.733162,-0.102639,1.065058,-0.181757,-0.181334,0.499812
9.630000,0.729294,-0.101428,1.075192,-0.205510,-0.175919,0.497513
9.640000,0.725438,-0.099795,1.084716,-0.226133,-0.174652,0.494396
9.650000,0.721771,-0.098033,1.094666,-0.249905,-0.170320,0.491088
9.660000,0.718143,-0.095822,1.104322,-0.272328,-0.167488,0.486237
9.670000,0.714753,-0.093056,1.112981,-0.302905,-0.165851,0.482804
9.680000,0.708083,-0.087415,1.131579,-0.344694,-0.161219,0.468082
9.700000,0.704866,-0.084148,1.140473,-0.367548,-0.160121,0.461605
9.710000,0.701954,-0.080464,1.149548,-0.389324,-0.157000,0.453193
9.720000,0.698768,-0.076729,1.157919,-0.409465,-0.155542,0.446568
9.730000,0.695728,-0.072690,1.166403,-0.430695,-0.152808,0.439335
9.740000,0.692796,-0.068469,1.174507,-0.447365,-0.146951,0.428760
9.750000,0.689969,-0.063957,1.182733,-0.462805,-0.144328,0.420503
9.760000,0.687350,-0.059363,1.190505,-0.481022,-0.138924,0.412483
9.770000,0.682136,-0.049661,1.204660,-0.519012,-0.132759,0.395491
9.790000,0.679620,-0.044432,1.211463,-0.534516,-0.129075,0.386124
9.800000,0.677067,-0.039158,1.218190,-0.551361,-0.123077,0.378676
9.810000,0.674742,-0.033647,1.224275,-0.565558,-0.120252,0.371056
9.820000,0.672315,-0.028059,1.230046,-0.579669,-0.115047,0.362951
9.830000,0.669894,-0.022187,1.235704,-0.592054,-0.110122,0.355991
9.840000,0.667829,-0.016394,1.241009,-0.603625,-0.108095,0.346060
9.850000,0.665543,-0.010249,1.245780,-0.613210,-0.103547,0.339016
9.860000,0.663372,-0.004080,1.250319,-0.622158,-0.099868,0.330729
9.870000,0.661162,0.002215,1.254272,-0.632310,-0.096674,0.324562
9.880000,0.658872,0.008679,1.257824,-0.641351,-0.093618,0.318273
9.890000,0.656724,0.015178,1.261164,-0.647601,-0.090036,0.309930
9.900000,0.652499,0.028768,1.266579,-0.658352,-0.081268,0.295434
9.920000,0.650368,0.035456,1.268805,-0.661720,-0.077158,0.287589
9.930000,0.648403,0.042145,1.270863,-0.665074,-0.071605,0.277546
9.940000,0.646199,0.049135,1.272276,-0.666715,-0.068926,0.267043
9.950000,0.644092,0.055884,1.273367,-0.668969,-0.063404,0.257118
9.960000,0.642216,0.062580,1.274048,-0.671734,-0.057151,0.248169
9.970000,0.640484,0.069508,1.274002,-0.675889,-0.051283,0.240453
9.980000,0.638490,0.076341,1.273602,-0.678756,-0.047631,0.231015
9.990000,0.636462,0.083109,1.272780,-0.681310,-0.044751,0.222585
10.000000,0.632792,0.096095,1.269487,-0.688222,-0.036745,0.204833
10.020000,0.630731,0.102380,1.266962,-0.689819,-0.032829,0.193133
10.030000,0.629025,0.108488,1.263861,-0.691901,-0.027184,0.183125
10.040000,0.627187,0.114462,1.259923,-0.693925,-0.026277,0.172663
10.050000,0.625343,0.120085,1.255747,-0.694953,-0.022017,0.165632
10.060000,0.623293,0.125787,1.251063,-0.693026,-0.022069,0.158288
10.070000,0.619251,0.136210,1.239206,-0.692925,-0.017904,0.144233
10.090000,0.617110,0.141162,1.232855,-0.689423,-0.015155,0.138132
10.100000,0.614966,0.145751,1.225366,-0.687028,-0.013287,0.134263
10.110000,0.612861,0.150163,1.217676,-0.683459,-0.009958,0.125384
10.120000,0.610502,0.154402,1.209147,-0.676511,-0.007951,0.120751
10.130000,0.608183,0.158426,1.199843,-0.670722,-0.008072,0.118529
10.140000,0.605760,0.162275,1.190205,-0.662193,-0.006896,0.113993
10.150000,0.603295,0.165886,1.179735,-0.653313,-0.004769,0.111919
10.160000,0.600911,0.169224,1.169087,-0.643507,-0.004487,0.108990
10.170000,0.595622,0.175366,1.145669,-0.619986,-0.004244,0.098407
10.190000,0.593037,0.178210,1.133265,-0.604854,-0.002672,0.096372
10.200000,0.590029,0.181038,1.120345,-0.588637,0.001001,0.089847
10.210000,0.587131,0.183464,1.107082,-0.574577,0.001915,0.085240
10.220000,0.584190,0.185926,1.093118,-0.559715,0.006014,0.080994
10.230000,0.581228,0.188163,1.078947,-0.540369,0.009209,0.075540
10.240000,0.578312,0.190464,1.064299,-0.522716,0.009002,0.075623
10.250000,0.575400,0.192692,1.049202,-0.505811,0.010636,0.071796
10.260000,0.572447,0.194392,1.033810,-0.487255,0.011835,0.069920
10.270000,0.569743,0.196431,1.017881,-0.468682,0.013429,0.069758
10.280000,0.566984,0.198056,1.001434,-0.453011,0.012313,0.069777
10.290000,0.561823,0.201336,0.968551,-0.422654,0.013458,0.067218
10.310000,0.559521,0.202571,0.951581,-0.407844,0.014499,0.068544
10.320000,0.557425,0.203945,0.934654,-0.394257,0.014676,0.067217
10.330000,0.555416,0.205319,0.917645,-0.380662,0.017969,0.064899
10.340000,0.553779,0.206248,0.900202,-0.368804,0.018132,0.064525
10.350000,0.552120,0.207267,0.882598,-0.361149,0.017670,0.063440
10.360000,0.550724,0.207831,0.865217,-0.352443,0.014908,0.064603
10.370000,0.549663,0.208363,0.847716,-0.343509,0.012991,0.065668
10.380000,0.548698,0.208806,0.830236,-0.334718,0.009701,0.065741
10.390000,0.547935,0.209216,0.812308,-0.333852,0.006246,0.066005
10.400000,0.547407,0.209479,0.794842,-0.326532,0.000291,0.068241
10.410000,0.546610,0.209703,0.759832,-0.320441,-0.012538,0.075665
10.430000,0.546533,0.209517,0.742395,-0.313021,-0.013411,0.078156
10.440000,0.546406,0.209170,0.725170,-0.306768,-0.018017,0.081955
10.450000,0.546364,0.208732,0.707511,-0.301913,-0.024085,0.085883
10.460000,0.546319,0.208160,0.690471,-0.295695,-0.028135,0.090801
10.470000,0.546534,0.207358,0.673534,-0.287829,-0.030070,0.094520
10.480000,0.546806,0.206247,0.656148,-0.279768,-0.032283,0.097311
10.490000,0.547135,0.205102,0.638986,-0.273572,-0.032331,0.102777
10.500000,0.547544,0.203619,0.622207,-0.261388,-0.029972,0.105430
10.510000,0.547912,0.201972,0.605413,-0.248504,-0.028657,0.109340
10.520000,0.548178,0.200097,0.588888,-0.235488,-0.020758,0.113825
10.530000,0.549073,0.196318,0.555965,-0.206160,-0.008813,0.124870
10.550000,0.549638,0.194417,0.539735,-0.191234,-0.003163,0.130189
10.560000,0.550395,0.192615,0.523603,-0.177933,0.000339,0.134993
10.570000,0.551175,0.190744,0.507601,-0.165651,0.005590,0.140697
10.580000,0.552209,0.188919,0.491634,-0.153323,0.010102,0.144148
10.590000,0.553486,0.187095,0.475701,-0.138579,0.012740,0.146697
10.600000,0.554565,0.185503,0.459771,-0.124813,0.021769,0.150114
10.610000,0.555656,0.183652,0.444439,-0.110796,0.018359,0.152761
10.620000,0.556804,0.182131,0.429390,-0.092009,0.013079,0.154474
10.630000,0.557928,0.180682,0.414093,-0.071514,0.009389,0.158466
10.640000,0.558915,0.179214,0.399600,-0.056134,0.003082,0.157471
10.650000,0.559965,0.178230,0.385350,-0.039172,-0.000162,0.157279
10.660000,0.560840,0.177120,0.371991,-0.023879,-0.002495,0.157222
10.670000,0.561786,0.176060,0.359127,-0.010731,-0.004725,0.157462
10.680000,0.564112,0.173642,0.334250,0.012367,-0.006949,0.155057
10.700000,0.564981,0.172504,0.322761,0.022146,-0.009070,0.157349
10.710000,0.565941,0.171406,0.311761,0.030031,-0.006792,0.159443
10.720000,0.566821,0.170273,0.301407,0.036388,-0.007565,0.160947
10.730000,0.567648,0.169142,0.291482,0.041765,-0.005208,0.161532
10.740000,0.568586,0.168181,0.282009,0.046791,-0.006156,0.162354
10.750000,0.569512,0.167209,0.273100,0.052913,-0.004295,0.162806
10.760000,0.570230,0.166263,0.264456,0.056719,-0.001921,0.162809
10.770000,0.570657,0.165288,0.256568,0.059384,0.000979,0.164762
10.780000,0.571177,0.164441,0.248862,0.062425,0.000453,0.164646
10.790000,0.571358,0.162525,0.234506,0.065176,-0.008841,0.170494
10.810000,0.571817,0.161605,0.228480,0.066148,-0.001356,0.170455
10.820000,0.572030,0.160854,0.222186,0.066477,-0.003526,0.172426
10.830000,0.571953,0.159968,0.216603,0.067697,-0.007366,0.174799
10.840000,0.572137,0.159261,0.211269,0.064968,-0.004624,0.176144
10.850000,0.572152,0.158376,0.205865,0.063445,-0.006859,0.177567
10.860000,0.572279,0.157498,0.201662,0.060767,-0.003944,0.175522
10.870000,0.572309,0.156699,0.196610,0.059181,-0.004873,0.177140
10.880000,0.572429,0.155861,0.192560,0.054871,-0.001711,0.176395
10.890000,0.572771,0.154128,0.184282,0.050787,0.003361,0.177306
10.910000,0.572833,0.153296,0.180270,0.048776,0.006158,0.178577
10.920000,0.573068,0.152480,0.176135,0.049435,0.007881,0.179664
10.930000,0.573405,0.151606,0.172136,0.048668,0.016586,0.178935
10.940000,0.573698,0.150546,0.167929,0.052816,0.015861,0.178438
10.950000,0.574227,0.149744,0.164075,0.058671,0.026487,0.177969
10.960000,0.575429,0.147922,0.155373,0.078393,0.035582,0.179800
10.980000,0.575429,0.147922,0.155373,0.078393,0.035582,0.179800
10.990000,0.575587,0.141788,0.139372,0.121613,-0.133344,0.234168
11.000000,0.575587,0.141788,0.139372,0.121613,-0.133344,0.234168
11.010000,0.575587,0.141788,0.139372,0.121613,-0.133344,0.234168
11.020000,0.575587,0.141788,0.139372,0.121613,-0.133344,0.234168
11.030000,0.580255,0.144997,0.146812,0.047109,0.040216,0.179569
11.040000,0.581114,0.145314,0.148286,0.033341,0.036643,0.177459
11.050000,0.581900,0.145868,0.149814,0.025630,0.043834,0.171815
11.060000,0.583123,0.147558,0.150658,0.022911,0.037713,0.162262
11.080000,0.583371,0.148506,0.150119,0.028679,0.031396,0.156131
11.090000,0.583568,0.149331,0.149320,0.037371,0.019576,0.148065
11.100000,0.583375,0.150304,0.147628,0.043756,-0.001613,0.141923
11.110000,0.582968,0.151281,0.146344,0.045953,-0.018206,0.133351
11.120000,0.582414,0.152270,0.145180,0.044601,-0.024007,0.130734
11.130000,0.581700,0.152995,0.144656,0.045888,-0.026830,0.130288
11.140000,0.579078,0.147725,0.136756,0.063747,-0.209086,0.200272
11.150000,0.578199,0.147826,0.137513,0.069298,-0.208249,0.203822
11.160000,0.578148,0.153294,0.146577,0.065780,-0.028165,0.149269
11.180000,0.578148,0.153294,0.146577,0.065780,-0.028165,0.149269
11.190000,0.578148,0.153294,0.146577,0.065780,-0.028165,0.149269
11.200000,0.578148,0.153294,0.146577,0.065780,-0.028165,0.149269
11.210000,0.578148,0.153294,0.146577,0.065780,-0.028165,0.149269
11.220000,0.578148,0.153294,0.146577,0.065780,-0.028165,0.149269
11.230000,0.578148,0.153294,0.146577,0.065780,-0.028165,0.149269
11.240000,0.578148,0.153294,0.146577,0.065780,-0.028165,0.149269
11.250000,0.578148,0.153294,0.146577,0.065780,-0.028165,0.149269
11.260000,0.578148,0.153294,0.146577,0.065780,-0.028165,0.149269
11.270000,0.578148,0.153294,0.146577,0.065780,-0.028165,0.149269
11.280000,0.577581,0.144354,0.137948,0.082176,-0.197783,0.207111
11.300000,0.577581,0.144354,0.137948,0.082176,-0.197783,0.207111
11.310000,0.577581,0.144354,0.137948,0.082176,-0.197783,0.207111
11.320000,0.577581,0.144354,0.137948,0.082176,-0.197783,0.207111
11.330000,0.577581,0.144354,0.137948,0.082176,-0.197783,0.207111
11.340000,0.577581,0.144354,0.137948,0.082176,-0.197783,0.207111
11.350000,0.577581,0.144354,0.137948,0.082176,-0.197783,0.207111
11.360000,0.577581,0.144354,0.137948,0.082176,-0.197783,0.207111
11.370000,0.578442,0.152025,0.146118,0.065527,-0.018198,0.152047
11.380000,0.578442,0.152025,0.146118,0.065527,-0.018198,0.152047
11.390000,0.578442,0.152025,0.146118,0.065527,-0.018198,0.152047
11.400000,0.578442,0.152025,0.146118,0.065527,-0.018198,0.152047
11.420000,0.578442,0.152025,0.146118,0.065527,-0.018198,0.152047
11.430000,0.578442,0.152025,0.146118,0.065527,-0.018198,0.152047
11.440000,0.578442,0.152025,0.146118,0.065527,-0.018198,0.152047
11.450000,0.578442,0.152025,0.146118,0.065527,-0.018198,0.152047
11.460000,0.578442,0.152025,0.146118,0.065527,-0.018198,0.152047
11.470000,0.578442,0.152025,0.146118,0.065527,-0.018198,0.152047
11.480000,0.578442,0.152025,0.146118,0.065527,-0.018198,0.152047
11.490000,0.576931,0.145760,0.138125,0.079173,-0.192904,0.211015
11.510000,0.576931,0.145760,0.138125,0.079173,-0.192904,0.211015
11.520000,0.577270,0.146022,0.138131,0.076171,-0.194237,0.213133
11.540000,0.577317,0.146058,0.138121,0.076615,-0.192355,0.213282
11.550000,0.577317,0.146058,0.138121,0.076615,-0.192355,0.213282
11.590000,0.577028,0.145684,0.138176,0.078963,-0.191051,0.212442
11.610000,0.577028,0.145684,0.138176,0.078963,-0.191051,0.212442
11.620000,0.577028,0.145684,0.138176,0.078963,-0.191051,0.212442
11.640000,0.577028,0.145684,0.138176,0.078963,-0.191051,0.212442
11.650000,0.577028,0.145684,0.138176,0.078963,-0.191051,0.212442
11.660000,0.577028,0.145684,0.138176,0.078963,-0.191051,0.212442
11.670000,0.577028,0.145684,0.138176,0.078963,-0.191051,0.212442
11.690000,0.577028,0.145684,0.138176,0.078963,-0.191051,0.212442
11.700000,0.577134,0.145789,0.138186,0.078103,-0.192164,0.212595
11.720000,0.577134,0.145789,0.138186,0.078103,-0.192164,0.212595
11.730000,0.577134,0.145789,0.138186,0.078103,-0.192164,0.212595
11.740000,0.577134,0.145789,0.138186,0.078103,-0.192164,0.212595
11.760000,0.577134,0.145789,0.138186,0.078103,-0.192164,0.212595
11.770000,0.577134,0.145789,0.138186,0.078103,-0.192164,0.212595
11.780000,0.577134,0.145789,0.138186,0.078103,-0.192164,0.212595
11.800000,0.577134,0.145789,0.138186,0.078103,-0.192164,0.212595
11.810000,0.577134,0.145789,0.138186,0.078103,-0.192164,0.212595
11.820000,0.577134,0.145789,0.138186,0.078103,-0.192164,0.212595
11.840000,0.577134,0.145789,0.138186,0.078103,-0.192164,0.212595
11.850000,0.577134,0.145789,0.138186,0.078103,-0.192164,0.212595
11.860000,0.577134,0.145789,0.138186,0.078103,-0.192164,0.212595
11.870000,0.577134,0.145789,0.138186,0.078103,-0.192164,0.212595
11.890000,0.578499,0.151428,0.145987,0.065145,-0.014106,0.153080
11.900000,0.578499,0.151428,0.145987,0.065145,-0.014106,0.153080
11.920000,0.578499,0.151428,0.145987,0.065145,-0.014106,0.153080
11.930000,0.578499,0.151428,0.145987,0.065145,-0.014106,0.153080
11.940000,0.578499,0.151428,0.145987,0.065145,-0.014106,0.153080
11.950000,0.578499,0.151428,0.145987,0.065145,-0.014106,0.153080
11.970000,0.578499,0.151428,0.145987,0.065145,-0.014106,0.153080
11.980000,0.578499,0.151428,0.145987,0.065145,-0.014106,0.153080
11.990000,0.578499,0.151428,0.145987,0.065145,-0.014106,0.153080
12.010000,0.578499,0.151428,0.145987,0.065145,-0.014106,0.153080
12.020000,0.578499,0.151428,0.145987,0.065145,-0.014106,0.153080
12.030000,0.578499,0.151428,0.145987,0.065145,-0.014106,0.153080
12.040000,0.578499,0.151428,0.145987,0.065145,-0.014106,0.153080
12.060000,0.578499,0.151428,0.145987,0.065145,-0.014106,0.153080
12.070000,0.578499,0.151428,0.145987,0.065145,-0.014106,0.153080
12.090000,0.578499,0.151428,0.145987,0.065145,-0.014106,0.153080
12.100000,0.578499,0.151428,0.145987,0.065145,-0.014106,0.153080
12.120000,0.578499,0.151428,0.145987,0.065145,-0.014106,0.153080
12.130000,0.578499,0.151428,0.145987,0.065145,-0.014106,0.153080
12.140000,0.578499,0.151428,0.145987,0.065145,-0.014106,0.153080
12.160000,0.578499,0.151428,0.145987,0.065145,-0.014106,0.153080
12.170000,0.578499,0.151428,0.145987,0.065145,-0.014106,0.153080
12.180000,0.578499,0.151428,0.145987,0.065145,-0.014106,0.153080
12.190000,0.578499,0.151428,0.145987,0.065145,-0.014106,0.153080
12.210000,0.578499,0.151428,0.145987,0.065145,-0.014106,0.153080
12.220000,0.578499,0.151428,0.145987,0.065145,-0.014106,0.153080
12.240000,0.578499,0.151428,0.145987,0.065145,-0.014106,0.153080
12.250000,0.578499,0.151428,0.145987,0.065145,-0.014106,0.153080
12.260000,0.578499,0.151428,0.145987,0.065145,-0.014106,0.153080
12.280000,0.578499,0.151428,0.145987,0.065145,-0.014106,0.153080
12.290000,0.578499,0.151428,0.145987,0.065145,-0.014106,0.153080
12.300000,0.578499,0.151428,0.145987,0.065145,-0.014106,0.153080
12.320000,0.578499,0.151428,0.145987,0.065145,-0.014106,0.153080
12.330000,0.578499,0.151428,0.145987,0.065145,-0.014106,0.153080
12.340000,0.578499,0.151428,0.145987,0.065145,-0.014106,0.153080
12.350000,0.578499,0.151428,0.145987,0.065145,-0.014106,0.153080
12.370000,0.578499,0.151428,0.145987,0.065145,-0.014106,0.153080
12.380000,0.578499,0.151428,0.145987,0.065145,-0.014106,0.153080
12.390000,0.578499,0.151428,0.145987,0.065145,-0.014106,0.153080
12.410000,0.578499,0.151428,0.145987,0.065145,-0.014106,0.153080
12.420000,0.578499,0.151428,0.145987,0.065145,-0.014106,0.153080
12.430000,0.578649,0.151425,0.145899,0.064203,-0.012675,0.153378
12.440000,0.578629,0.151431,0.145894,0.064236,-0.012767,0.153357
12.460000,0.578640,0.151442,0.145907,0.064008,-0.012660,0.153401
12.470000,0.578640,0.151442,0.145907,0.064008,-0.012660,0.153401
12.480000,0.578651,0.151444,0.145877,0.063888,-0.012931,0.153435
12.500000,0.578651,0.151444,0.145877,0.063888,-0.012931,0.153435
12.510000,0.578651,0.151444,0.145877,0.063888,-0.012931,0.153435
12.520000,0.578651,0.151444,0.145877,0.063888,-0.012931,0.153435
12.530000,0.578651,0.151444,0.145877,0.063888,-0.012931,0.153435
12.550000,0.578651,0.151444,0.145877,0.063888,-0.012931,0.153435
12.560000,0.578677,0.151435,0.145866,0.064022,-0.012887,0.153337
12.580000,0.578677,0.151435,0.145866,0.064022,-0.012887,0.153337
12.590000,0.578677,0.151435,0.145866,0.064022,-0.012887,0.153337
12.600000,0.578677,0.151435,0.145866,0.064022,-0.012887,0.153337
12.620000,0.578677,0.151435,0.145866,0.064022,-0.012887,0.153337
12.630000,0.578677,0.151435,0.145866,0.064022,-0.012887,0.153337
12.640000,0.578677,0.151435,0.145866,0.064022,-0.012887,0.153337
12.660000,0.578677,0.151435,0.145866,0.064022,-0.012887,0.153337
12.670000,0.578677,0.151435,0.145866,0.064022,-0.012887,0.153337
12.680000,0.578677,0.151435,0.145866,0.064022,-0.012887,0.153337
12.690000,0.578677,0.151435,0.145866,0.064022,-0.012887,0.153337
12.710000,0.578677,0.151435,0.145866,0.064022,-0.012887,0.153337
12.720000,0.578677,0.151435,0.145866,0.064022,-0.012887,0.153337
12.740000,0.578677,0.151435,0.145866,0.064022,-0.012887,0.153337
12.750000,0.578677,0.151435,0.145866,0.064022,-0.012887,0.153337
12.760000,0.578677,0.151435,0.145866,0.064022,-0.012887,0.153337
12.770000,0.578677,0.151435,0.145866,0.064022,-0.012887,0.153337
12.790000,0.578677,0.151435,0.145866,0.064022,-0.012887,0.153337
12.800000,0.578677,0.151435,0.145866,0.064022,-0.012887,0.153337
12.810000,0.578677,0.151435,0.145866,0.064022,-0.012887,0.153337
12.820000,0.578677,0.151435,0.145866,0.064022,-0.012887,0.153337
12.840000,0.578677,0.151435,0.145866,0.064022,-0.012887,0.153337
12.850000,0.578677,0.151435,0.145866,0.064022,-0.012887,0.153337
12.860000,0.578677,0.151435,0.145866,0.064022,-0.012887,0.153337
12.870000,0.578677,0.151435,0.145866,0.064022,-0.012887,0.153337
12.890000,0.578677,0.151435,0.145866,0.064022,-0.012887,0.153337
12.900000,0.578677,0.151435,0.145866,0.064022,-0.012887,0.153337
12.910000,0.578677,0.151435,0.145866,0.064022,-0.012887,0.153337
12.930000,0.578677,0.151435,0.145866,0.064022,-0.012887,0.153337
12.950000,0.578677,0.151435,0.145866,0.064022,-0.012887,0.153337
12.960000,0.578677,0.151435,0.145866,0.064022,-0.012887,0.153337
12.980000,0.578677,0.151435,0.145866,0.064022,-0.012887,0.153337
12.990000,0.578677,0.151435,0.145866,0.064022,-0.012887,0.153337
13.000000,0.578677,0.151435,0.145866,0.064022,-0.012887,0.153337
13.020000,0.578677,0.151435,0.145866,0.064022,-0.012887,0.153337
13.030000,0.578677,0.151435,0.145866,0.064022,-0.012887,0.153337
13.040000,0.578677,0.151435,0.145866,0.064022,-0.012887,0.153337
13.060000,0.578677,0.151435,0.145866,0.064022,-0.012887,0.153337
13.070000,0.578677,0.151435,0.145866,0.064022,-0.012887,0.153337
13.080000,0.578677,0.151435,0.145866,0.064022,-0.012887,0.153337
13.100000,0.578677,0.151435,0.145866,0.064022,-0.012887,0.153337
13.110000,0.578677,0.151435,0.145866,0.064022,-0.012887,0.153337
13.130000,0.578677,0.151435,0.145866,0.064022,-0.012887,0.153337
13.140000,0.578677,0.151435,0.145866,0.064022,-0.012887,0.153337
13.150000,0.578677,0.151435,0.145866,0.064022,-0.012887,0.153337
13.160000,0.578677,0.151435,0.145866,0.064022,-0.012887,0.153337
13.170000,0.578677,0.151435,0.145866,0.064022,-0.012887,0.153337
13.190000,0.578677,0.151435,0.145866,0.064022,-0.012887,0.153337
13.200000,0.578677,0.151435,0.145866,0.064022,-0.012887,0.153337
13.210000,0.578677,0.151435,0.145866,0.064022,-0.012887,0.153337
13.220000,0.578648,0.151472,0.145875,0.063925,-0.012458,0.153568
13.240000,0.578648,0.151472,0.145875,0.063925,-0.012458,0.153568
13.250000,0.578648,0.151472,0.145875,0.063925,-0.012458,0.153568
13.260000,0.578663,0.151461,0.145843,0.063933,-0.012885,0.153524
13.270000,0.578663,0.151461,0.145843,0.063933,-0.012885,0.153524
13.280000,0.578663,0.151461,0.145843,0.063933,-0.012885,0.153524
13.300000,0.578632,0.151485,0.145855,0.064018,-0.012431,0.153803
13.310000,0.578632,0.151485,0.145855,0.064018,-0.012431,0.153803
13.320000,0.578632,0.151485,0.145855,0.064018,-0.012431,0.153803
13.330000,0.578632,0.151485,0.145855,0.064018,-0.012431,0.153803
13.350000,0.578632,0.151485,0.145855,0.064018,-0.012431,0.153803
13.360000,0.578632,0.151485,0.145855,0.064018,-0.012431,0.153803
13.380000,0.578654,0.151440,0.145849,0.064039,-0.013177,0.153503
13.390000,0.578654,0.151440,0.145849,0.064039,-0.013177,0.153503
13.400000,0.578654,0.151440,0.145849,0.064039,-0.013177,0.153503
13.420000,0.578654,0.151440,0.145849,0.064039,-0.013177,0.153503
13.430000,0.578654,0.151440,0.145849,0.064039,-0.013177,0.153503
13.440000,0.578654,0.151440,0.145849,0.064039,-0.013177,0.153503
13.460000,0.578654,0.151440,0.145849,0.064039,-0.013177,0.153503
13.470000,0.578651,0.151410,0.145860,0.063989,-0.013081,0.153566
13.480000,0.578651,0.151410,0.145860,0.063989,-0.013081,0.153566
13.500000,0.578651,0.151410,0.145860,0.063989,-0.013081,0.153566
13.510000,0.578663,0.151451,0.145854,0.063975,-0.012413,0.153304
13.530000,0.578663,0.151451,0.145854,0.063975,-0.012413,0.153304
13.540000,0.578663,0.151451,0.145854,0.063975,-0.012413,0.153304
13.550000,0.578663,0.151451,0.145854,0.063975,-0.012413,0.153304
13.560000,0.578663,0.151451,0.145854,0.063975,-0.012413,0.153304
13.580000,0.578663,0.151451,0.145854,0.063975,-0.012413,0.153304
13.590000,0.578655,0.151468,0.145852,0.063966,-0.012831,0.153578
13.600000,0.578655,0.151468,0.145852,0.063966,-0.012831,0.153578
13.610000,0.578652,0.151474,0.145850,0.063976,-0.012624,0.153470
13.630000,0.578652,0.151474,0.145850,0.063976,-0.012624,0.153470
13.640000,0.578652,0.151474,0.145850,0.063976,-0.012624,0.153470
13.650000,0.578652,0.151474,0.145850,0.063976,-0.012624,0.153470
13.660000,0.578652,0.151474,0.145850,0.063976,-0.012624,0.153470
13.680000,0.578652,0.151474,0.145850,0.063976,-0.012624,0.153470
13.690000,0.578652,0.151474,0.145850,0.063976,-0.012624,0.153470
13.700000,0.578644,0.151467,0.145844,0.064199,-0.012858,0.153467
13.710000,0.578644,0.151467,0.145844,0.064199,-0.012858,0.153467
13.720000,0.578644,0.151467,0.145844,0.064199,-0.012858,0.153467
13.730000,0.578644,0.151467,0.145844,0.064199,-0.012858,0.153467
13.740000,0.578644,0.151467,0.145844,0.064199,-0.012858,0.153467
13.760000,0.578644,0.151467,0.145844,0.064199,-0.012858,0.153467
13.770000,0.578644,0.151467,0.145844,0.064199,-0.012858,0.153467
13.780000,0.578644,0.151467,0.145844,0.064199,-0.012858,0.153467
13.790000,0.578644,0.151467,0.145844,0.064199,-0.012858,0.153467
13.800000,0.578644,0.151467,0.145844,0.064199,-0.012858,0.153467
13.810000,0.578647,0.151427,0.145808,0.064250,-0.013405,0.153600
13.820000,0.578647,0.151427,0.145808,0.064250,-0.013405,0.153600
13.840000,0.578648,0.151422,0.145836,0.064117,-0.012844,0.153650
13.850000,0.578648,0.151422,0.145836,0.064117,-0.012844,0.153650
13.860000,0.578648,0.151422,0.145836,0.064117,-0.012844,0.153650
13.870000,0.578642,0.151436,0.145870,0.063956,-0.012452,0.153463
13.880000,0.578642,0.151436,0.145870,0.063956,-0.012452,0.153463
13.890000,0.578642,0.151436,0.145870,0.063956,-0.012452,0.153463
13.900000,0.578642,0.151436,0.145870,0.063956,-0.012452,0.153463
13.910000,0.578642,0.151436,0.145870,0.063956,-0.012452,0.153463
13.920000,0.578657,0.151479,0.145842,0.064081,-0.012592,0.153367
13.930000,0.578657,0.151479,0.145842,0.064081,-0.012592,0.153367
13.940000,0.578657,0.151479,0.145842,0.064081,-0.012592,0.153367
13.950000,0.578661,0.151471,0.145882,0.064009,-0.012081,0.153431
13.970000,0.578661,0.151471,0.145882,0.064009,-0.012081,0.153431
13.980000,0.578662,0.151458,0.145847,0.064178,-0.012528,0.153503
