4.181000,4.181000,1.000000,0.528534,0.200000,0.200000,0.328534,1.373599,0.019712,0.041208,-0.089080,-0.089080,0.060000,0.030000,0.200000,0.300000,6.000000,-0.150000,0.000000,0.000000,-0.000000
4.233000,0.052000,1.000000,0.532584,0.200000,0.200000,0.332585,1.390893,0.019955,0.041727,-0.088318,-0.088318,0.060000,0.030000,0.200000,0.300000,6.000000,-0.150000,0.000000,0.000000,-0.000000
4.255000,0.022000,1.000000,0.534292,0.200000,0.200000,0.334292,1.398248,0.020058,0.041947,-0.087995,-0.087995,0.060000,0.030000,0.200000,0.300000,6.000000,-0.150000,0.000000,0.000000,-0.000000
4.285000,0.030000,1.000000,0.536609,0.200000,0.200000,0.336609,1.408346,0.020197,0.042250,-0.087553,-0.087553,0.060000,0.030000,0.200000,0.300000,6.000000,-0.150000,0.000000,0.000000,-0.000000
4.316000,0.031000,1.000000,0.538991,0.200000,0.200000,0.338991,1.418855,0.020339,0.042566,-0.087095,-0.087095,0.060000,0.030000,0.200000,0.300000,6.000000,-0.150000,0.000000,0.000000,-0.000000
4.360000,0.044000,1.000000,0.542347,0.200000,0.200000,0.342347,1.433918,0.020541,0.043018,-0.086442,-0.086442,0.060000,0.030000,0.200000,0.300000,6.000000,-0.150000,0.000000,0.000000,-0.000000
4.375000,0.015000,1.000000,0.543488,0.200000,0.200000,0.343488,1.439070,0.020609,0.043172,-0.086219,-0.086219,0.060000,0.030000,0.200000,0.300000,6.000000,-0.150000,-0.000001,-0.000000,0.000000
4.394000,0.019000,1.000000,0.544929,0.200000,0.200000,0.344929,1.445624,0.020696,0.043369,-0.085936,-0.085936,0.060000,0.030000,0.200000,0.300000,6.000000,-0.150000,-0.000001,-0.000000,0.000000
4.411000,0.017000,1.000000,0.546215,0.200000,0.200000,0.346215,1.451509,0.020773,0.043545,-0.085682,-0.085682,0.060000,0.030000,0.200000,0.300000,6.000000,-0.150000,-0.000001,-0.000000,0.000000
4.424000,0.013000,1.000000,0.547196,0.200000,0.200000,0.347196,1.456023,0.020832,0.043681,-0.085488,-0.085488,0.060000,0.030000,0.200000,0.300000,6.000000,-0.150000,-0.000001,-0.000000,0.000000
4.437000,0.013000,1.000000,0.548175,0.200000,0.200000,0.348175,1.460549,0.020891,0.043816,-0.085293,-0.085293,0.060000,0.030000,0.200000,0.300000,6.000000,-0.150000,-0.000001,-0.000000,0.000000
4.452000,0.015000,1.000000,0.549302,0.200000,0.200000,0.349302,1.465789,0.020958,0.043974,-0.085068,-0.085068,0.060000,0.030000,0.200000,0.300000,6.000000,-0.150000,-0.000001,-0.000000,0.000000
4.464000,0.012000,1.000000,0.550202,0.200000,0.200000,0.350202,1.469991,0.021012,0.044100,-0.084888,-0.084888,0.060000,0.030000,0.200000,0.300000,6.000000,-0.150000,-0.000001,-0.000000,0.000000
4.477000,0.013000,1.000000,0.551174,0.200000,0.200000,0.351174,1.474556,0.021070,0.044237,-0.084693,-0.084693,0.060000,0.030000,0.200000,0.300000,6.000000,-0.150000,-0.000001,-0.000001,0.000000
4.494000,0.017000,1.000000,0.552442,0.200000,0.200000,0.352442,1.480548,0.021147,0.044416,-0.084437,-0.084437,0.060000,0.030000,0.200000,0.300000,6.000000,-0.150000,-0.000001,-0.000001,0.000000
4.510000,0.016000,1.000000,0.553632,0.200000,0.200000,0.353632,1.486206,0.021218,0.044586,-0.084196,-0.084196,0.060000,0.030000,0.200000,0.300000,6.000000,-0.150000,-0.000001,-0.000001,0.000000
4.523000,0.013000,1.000000,0.554597,0.200000,0.200000,0.354597,1.490816,0.021276,0.044724,-0.084000,-0.084000,0.060000,0.030000,0.200000,0.300000,6.000000,-0.150000,-0.000001,-0.000001,0.000000
4.537000,0.014000,1.000000,0.555634,0.200000,0.200000,0.355634,1.495795,0.021338,0.044874,-0.083788,-0.083788,0.060000,0.030000,0.200000,0.300000,6.000000,-0.150000,-0.000001,-0.000001,0.000000
4.549000,0.012000,1.000000,0.556521,0.200000,0.200000,0.356521,1.500073,0.021391,0.045002,-0.083607,-0.083607,0.060000,0.030000,0.200000,0.300000,6.000000,-0.150000,-0.000001,-0.000001,0.000000
4.566000,0.017000,1.000000,0.557774,0.200000,0.200000,0.357774,1.506155,0.021466,0.045185,-0.083349,-0.083349,0.060000,0.030000,0.200000,0.300000,6.000000,-0.150000,-0.000001,-0.000001,0.000000
4.584000,0.018000,1.000000,0.559097,0.200000,0.200000,0.359097,1.512619,0.021546,0.045379,-0.083076,-0.083076,0.060000,0.030000,0.200000,0.300000,6.000000,-0.150000,-0.000001,-0.000001,0.000000
4.603000,0.019000,1.000000,0.560489,0.200000,0.200000,0.360489,1.519468,0.021629,0.045584,-0.082787,-0.082787,0.060000,0.030000,0.200000,0.300000,6.000000,-0.150000,-0.000001,-0.000001,0.000000
4.621000,0.018000,1.000000,0.561803,0.200000,0.200000,0.361803,1.525981,0.021708,0.045779,-0.082512,-0.082512,0.060000,0.030000,0.200000,0.300000,6.000000,-0.150000,-0.000001,-0.000001,0.000000
4.638000,0.017000,1.000000,0.563041,0.200000,0.200000,0.363041,1.532152,0.021782,0.045965,-0.082253,-0.082253,0.060000,0.030000,0.200000,0.300000,6.000000,-0.150000,-0.000001,-0.000001,0.000000
4.651000,0.013000,1.000000,0.563986,0.200000,0.200000,0.363986,1.536884,0.021839,0.046107,-0.082054,-0.082054,0.060000,0.030000,0.200000,0.300000,6.000000,-0.150000,-0.000001,-0.000001,0.000000
4.664000,0.013000,1.000000,0.564929,0.200000,0.200000,0.364929,1.541628,0.021896,0.046249,-0.081855,-0.081855,0.060000,0.030000,0.200000,0.300000,6.000000,-0.150000,-0.000001,-0.000001,0.000000
4.680000,0.016000,1.000000,0.566086,0.200000,0.200000,0.366086,1.547485,0.021965,0.046425,-0.081610,-0.081610,0.060000,0.030000,0.200000,0.300000,6.000000,-0.150000,-0.000001,-0.000001,0.000000
4.695000,0.015000,1.000000,0.567168,0.200000,0.200000,0.367168,1.552993,0.022030,0.046590,-0.081380,-0.081380,0.060000,0.030000,0.200000,0.300000,6.000000,-0.150000,-0.000001,-0.000001,0.000000
4.710000,0.015000,1.000000,0.568247,0.200000,0.200000,0.368247,1.558517,0.022095,0.046756,-0.081150,-0.081150,0.060000,0.030000,0.200000,0.300000,6.000000,-0.150000,-0.000001,-0.000001,0.000000
4.724000,0.014000,1.000000,0.569252,0.200000,0.200000,0.369252,1.563686,0.022155,0.046911,-0.080934,-0.080934,0.060000,0.030000,0.200000,0.300000,6.000000,-0.150000,-0.000001,-0.000001,0.000000
4.736000,0.012000,1.000000,0.570112,0.200000,0.200000,0.370112,1.568128,0.022207,0.047044,-0.080749,-0.080749,0.060000,0.030000,0.200000,0.300000,6.000000,-0.150000,-0.000001,-0.000001,0.000000
4.748000,0.012000,1.000000,0.570970,0.200000,0.200000,0.370970,1.572579,0.022258,0.047177,-0.080564,-0.080564,0.060000,0.030000,0.200000,0.300000,6.000000,-0.150000,-0.000001,-0.000001,0.000000
4.763000,0.015000,1.000000,0.572040,0.200000,0.200000,0.372040,1.578160,0.022322,0.047345,-0.080333,-0.080333,0.060000,0.030000,0.200000,0.300000,6.000000,-0.150000,-0.000001,-0.000001,0.000000
4.778000,0.015000,1.000000,0.573107,0.200000,0.200000,0.373107,1.583756,0.022386,0.047513,-0.080101,-0.080101,0.060000,0.030000,0.200000,0.300000,6.000000,-0.150000,-0.000001,-0.000001,0.000000
4.794000,0.016000,1.000000,0.574243,0.200000,0.200000,0.374243,1.589744,0.022455,0.047692,-0.079853,-0.079853,0.060000,0.030000,0.200000,0.300000,6.000000,-0.150000,-0.000001,-0.000001,0.000000
4.807000,0.013000,1.000000,0.575163,0.200000,0.200000,0.375163,1.594621,0.022510,0.047839,-0.079652,-0.079652,0.060000,0.030000,0.200000,0.300000,6.000000,-0.150000,-0.000001,-0.000001,0.000000
4.820000,0.013000,1.000000,0.576082,0.200000,0.200000,0.376082,1.599510,0.022565,0.047985,-0.079450,-0.079450,0.060000,0.030000,0.200000,0.300000,6.000000,-0.150000,-0.000001,-0.000001,0.000000
4.835000,0.015000,1.000000,0.577139,0.200000,0.200000,0.377139,1.605168,0.022628,0.048155,-0.079217,-0.079217,0.060000,0.030000,0.200000,0.300000,6.000000,-0.150000,-0.000001,-0.000001,0.000000
4.848000,0.013000,1.000000,0.578053,0.200000,0.200000,0.378053,1.610082,0.022683,0.048302,-0.079014,-0.079014,0.060000,0.030000,0.200000,0.300000,6.000000,-0.150000,-0.000001,-0.000001,0.000000
4.862000,0.014000,1.000000,0.579035,0.200000,0.200000,0.379035,1.615389,0.022742,0.048462,-0.078796,-0.078796,0.060000,0.030000,0.200000,0.300000,6.000000,-0.150000,-0.000001,-0.000001,0.000000
4.876000,0.014000,1.000000,0.580015,0.200000,0.200000,0.380015,1.620709,0.022801,0.048621,-0.078578,-0.078578,0.060000,0.030000,0.200000,0.300000,6.000000,-0.150000,-0.000001,-0.000001,0.000000
4.891000,0.015000,1.000000,0.581063,0.200000,0.200000,0.381063,1.626425,0.022864,0.048793,-0.078343,-0.078343,0.060000,0.030000,0.200000,0.300000,6.000000,-0.150000,-0.000001,-0.000001,0.000000
4.907000,0.016000,1.000000,0.582177,0.200000,0.200000,0.382177,1.632540,0.022931,0.048976,-0.078093,-0.078093,0.060000,0.030000,0.200000,0.300000,6.000000,-0.150000,-0.000001,-0.000001,0.000000
4.919000,0.012000,1.000000,0.583011,0.200000,0.200000,0.383011,1.637136,0.022981,0.049114,-0.077905,-0.077905,0.060000,0.030000,0.200000,0.300000,6.000000,-0.150000,-0.000001,-0.000001,0.000000
4.932000,0.013000,1.000000,0.583912,0.200000,0.200000,0.383912,1.642127,0.023035,0.049264,-0.077701,-0.077701,0.060000,0.030000,0.200000,0.300000,6.000000,-0.150000,-0.000001,-0.000001,0.000000
4.947000,0.015000,1.000000,0.584950,0.200000,0.200000,0.384950,1.647901,0.023097,0.049437,-0.077466,-0.077466,0.060000,0.030000,0.200000,0.300000,6.000000,-0.150000,-0.000001,-0.000001,0.000000
4.960000,0.013000,1.000000,0.585847,0.200000,0.200000,0.385847,1.652917,0.023151,0.049587,-0.077262,-0.077262,0.060000,0.030000,0.200000,0.300000,6.000000,-0.150000,-0.000001,-0.000001,0.000000
4.975000,0.015000,1.000000,0.586880,0.200000,0.200000,0.386880,1.658720,0.023213,0.049762,-0.077026,-0.077026,0.060000,0.030000,0.200000,0.300000,6.000000,-0.150000,-0.000001,-0.000001,0.000000
4.993000,0.018000,1.000000,0.588116,0.200000,0.200000,0.388116,1.665706,0.023287,0.049971,-0.076742,-0.076742,0.060000,0.030000,0.200000,0.300000,6.000000,-0.150000,-0.000001,-0.000001,0.000000
5.006000,0.013000,1.000000,0.589006,0.200000,0.200000,0.389006,1.670763,0.023340,0.050123,-0.076537,-0.076537,0.060000,0.030000,0.200000,0.300000,6.000000,-0.150000,-0.000001,-0.000001,0.000000
5.020000,0.014000,1.000000,0.589963,0.200000,0.200000,0.389963,1.676222,0.023398,0.050287,-0.076316,-0.076316,0.060000,0.030000,0.200000,0.300000,6.000000,-0.150000,-0.000001,-0.000001,0.000000
5.032000,0.012000,1.000000,0.590782,0.200000,0.200000,0.390781,1.680912,0.023447,0.050427,-0.076126,-0.076126,0.060000,0.030000,0.200000,0.300000,6.000000,-0.150000,-0.000001,-0.000001,0.000000
5.047000,0.015000,1.000000,0.591802,0.200000,0.200000,0.391802,1.686789,0.023508,0.050604,-0.075888,-0.075888,0.060000,0.030000,0.200000,0.300000,6.000000,-0.150000,-0.000001,-0.000001,0.000000
5.063000,0.016000,1.000000,0.592888,0.200000,0.200000,0.392888,1.693075,0.023573,0.050792,-0.075634,-0.075634,0.060000,0.030000,0.200000,0.300000,6.000000,-0.150000,-0.000001,-0.000001,0.000000
5.081000,0.018000,1.000000,0.594105,0.200000,0.200000,0.394105,1.700169,0.023646,0.051005,-0.075349,-0.075349,0.060000,0.030000,0.200000,0.300000,6.000000,-0.150000,-0.000001,-0.000001,0.000000
5.096000,0.015000,1.000000,0.595118,0.200000,0.200000,0.395117,1.706096,0.023707,0.051183,-0.075110,-0.075110,0.060000,0.030000,0.200000,0.300000,6.000000,-0.150000,-0.000001,-0.000001,0.000000
5.112000,0.016000,1.000000,0.596194,0.200000,0.200000,0.396194,1.712435,0.023772,0.051373,-0.074855,-0.074855,0.060000,0.030000,0.200000,0.300000,6.000000,-0.150000,-0.000001,-0.000001,0.000000
5.128000,0.016000,1.000000,0.597268,0.200000,0.200000,0.397268,1.718791,0.023836,0.051564,-0.074600,-0.074600,0.060000,0.030000,0.200000,0.300000,6.000000,-0.150000,-0.000001,-0.000001,0.000000
5.144000,0.016000,1.000000,0.598339,0.200000,0.200000,0.398339,1.725165,0.023900,0.051755,-0.074345,-0.074345,0.060000,0.030000,0.200000,0.300000,6.000000,-0.150000,-0.000001,-0.000001,0.000000
5.162000,0.018000,1.000000,0.599541,0.200000,0.200000,0.399541,1.732356,0.023972,0.051971,-0.074057,-0.074057,0.060000,0.030000,0.200000,0.300000,6.000000,-0.150000,-0.000001,-0.000001,0.000000
5.178000,0.016000,1.000000,0.600606,0.200000,0.200000,0.400606,1.738766,0.024036,0.052163,-0.073801,-0.073801,0.060000,0.030000,0.200000,0.300000,6.000000,-0.150000,-0.000001,-0.000001,0.000000
5.196000,0.018000,1.000000,0.601800,0.200000,0.200000,0.401800,1.745998,0.024108,0.052380,-0.073512,-0.073512,0.060000,0.030000,0.200000,0.300000,6.000000,-0.150000,-0.000001,-0.000001,0.000000
5.215000,0.019000,1.000000,0.603057,0.200000,0.200000,0.403057,1.753657,0.024183,0.052610,-0.073207,-0.073207,0.060000,0.030000,0.200000,0.300000,6.000000,-0.150000,-0.000001,-0.000001,0.000000
5.234000,0.019000,1.000000,0.604310,0.200000,0.200000,0.404310,1.761338,0.024259,0.052840,-0.072901,-0.072901,0.060000,0.030000,0.200000,0.300000,6.000000,-0.150000,-0.000001,-0.000001,0.000000
5.253000,0.019000,1.000000,0.605559,0.200000,0.200000,0.405559,1.769044,0.024334,0.053071,-0.072595,-0.072595,0.060000,0.030000,0.200000,0.300000,6.000000,-0.150000,-0.000001,-0.000001,0.000000
5.271000,0.018000,1.000000,0.606739,0.200000,0.200000,0.406739,1.776365,0.024404,0.053291,-0.072305,-0.072305,0.060000,0.030000,0.200000,0.300000,6.000000,-0.150000,-0.000001,-0.000001,0.000000
5.291000,0.020000,1.000000,0.608046,0.200000,0.200000,0.408046,1.784526,0.024483,0.053536,-0.071981,-0.071981,0.060000,0.030000,0.200000,0.300000,6.000000,-0.150000,-0.000001,-0.000001,0.000000
5.308000,0.017000,1.000000,0.609153,0.200000,0.200000,0.409153,1.791482,0.024549,0.053744,-0.071706,-0.071706,0.060000,0.030000,0.200000,0.300000,6.000000,-0.150000,-0.000001,-0.000001,0.000000
5.326000,0.018000,1.000000,0.610322,0.200000,0.200000,0.410322,1.798868,0.024619,0.053966,-0.071415,-0.071415,0.060000,0.030000,0.200000,0.300000,6.000000,-0.150000,-0.000001,-0.000001,0.000000
5.339000,0.013000,1.000000,0.611165,0.200000,0.200000,0.411164,1.804213,0.024670,0.054126,-0.071204,-0.071204,0.060000,0.030000,0.200000,0.300000,6.000000,-0.150000,-0.000001,-0.000001,0.000000
5.351000,0.012000,1.000000,0.611941,0.200000,0.200000,0.411941,1.809156,0.024716,0.054275,-0.071009,-0.071009,0.060000,0.030000,0.200000,0.300000,6.000000,-0.150000,-0.000001,-0.000001,0.000000
5.363000,0.012000,1.000000,0.612715,0.200000,0.200000,0.412715,1.814109,0.024763,0.054423,-0.070814,-0.070814,0.060000,0.030000,0.200000,0.300000,6.000000,-0.150000,-0.000001,-0.000001,0.000000
5.374000,0.011000,1.000000,0.613424,0.200000,0.200000,0.413424,1.818656,0.024805,0.054560,-0.070635,-0.070635,0.060000,0.030000,0.200000,0.300000,6.000000,-0.150000,-0.000001,-0.000001,0.000000
5.387000,0.013000,1.000000,0.614260,0.200000,0.200000,0.414260,1.824042,0.024856,0.054721,-0.070423,-0.070423,0.060000,0.030000,0.200000,0.300000,6.000000,-0.150000,-0.000001,-0.000001,0.000000
5.399000,0.012000,1.000000,0.615030,0.200000,0.200000,0.415030,1.829022,0.024902,0.054871,-0.070228,-0.070228,0.060000,0.030000,0.200000,0.300000,6.000000,-0.150000,-0.000001,-0.000001,0.000000
5.411000,0.012000,1.000000,0.615798,0.200000,0.200000,0.415798,1.834012,0.024948,0.055020,-0.070032,-0.070032,0.060000,0.030000,0.200000,0.300000,6.000000,-0.150000,-0.000001,-0.000001,0.000000
5.423000,0.012000,1.000000,0.616565,0.200000,0.200000,0.416565,1.839011,0.024994,0.055170,-0.069836,-0.069836,0.060000,0.030000,0.200000,0.300000,6.000000,-0.150000,-0.000001,-0.000001,0.000000
5.436000,0.013000,1.000000,0.617394,0.200000,0.200000,0.417394,1.844437,0.025044,0.055333,-0.069623,-0.069623,0.060000,0.030000,0.200000,0.300000,6.000000,-0.150000,-0.000001,-0.000001,0.000000
5.448000,0.012000,1.000000,0.618158,0.200000,0.200000,0.418158,1.849455,0.025089,0.055484,-0.069427,-0.069427,0.060000,0.030000,0.200000,0.300000,6.000000,-0.150000,-0.000001,-0.000001,0.000000
5.460000,0.012000,1.000000,0.618920,0.200000,0.200000,0.418920,1.854482,0.025135,0.055634,-0.069230,-0.069230,0.060000,0.030000,0.200000,0.300000,6.000000,-0.150000,-0.000001,-0.000001,0.000000
5.474000,0.014000,1.000000,0.619807,0.200000,0.200000,0.419807,1.860359,0.025188,0.055811,-0.069001,-0.069001,0.060000,0.030000,0.200000,0.300000,6.000000,-0.150000,-0.000001,-0.000001,0.000000
5.491000,0.017000,1.000000,0.620881,0.200000,0.200000,0.420881,1.867514,0.025253,0.056025,-0.068722,-0.068722,0.060000,0.030000,0.200000,0.300000,6.000000,-0.150000,-0.000001,-0.000001,0.000000
5.502000,0.011000,1.000000,0.621575,0.200000,0.200000,0.421575,1.872151,0.025294,0.056165,-0.068541,-0.068541,0.060000,0.030000,0.200000,0.300000,6.000000,-0.150000,-0.000001,-0.000001,0.000000
5.514000,0.012000,1.000000,0.622330,0.200000,0.200000,0.422330,1.877219,0.025340,0.056317,-0.068344,-0.068344,0.060000,0.030000,0.200000,0.300000,6.000000,-0.150000,-0.000001,-0.000001,0.000000
5.528000,0.014000,1.000000,0.623210,0.200000,0.200000,0.423210,1.883144,0.025393,0.056494,-0.068113,-0.068113,0.060000,0.030000,0.200000,0.300000,6.000000,-0.150000,-0.000001,-0.000001,0.000000
5.541000,0.013000,1.000000,0.624024,0.200000,0.200000,0.424024,1.888656,0.025441,0.056660,-0.067899,-0.067899,0.060000,0.030000,0.200000,0.300000,6.000000,-0.150000,-0.000001,-0.000001,0.000000
5.554000,0.013000,1.000000,0.624837,0.200000,0.200000,0.424837,1.894179,0.025490,0.056825,-0.067684,-0.067684,0.060000,0.030000,0.200000,0.300000,6.000000,-0.150000,-0.000001,-0.000001,0.000000
5.565000,0.011000,1.000000,0.625524,0.200000,0.200000,0.425524,1.898860,0.025531,0.056966,-0.067503,-0.067503,0.060000,0.030000,0.200000,0.300000,6.000000,-0.150000,-0.000001,-0.000001,0.000000
5.581000,0.016000,1.000000,0.626520,0.200000,0.200000,0.426519,1.905684,0.025591,0.057171,-0.067238,-0.067238,0.060000,0.030000,0.200000,0.300000,6.000000,-0.150000,-0.000001,-0.000001,0.000000
5.597000,0.016000,1.000000,0.627513,0.200000,0.200000,0.427513,1.912525,0.025651,0.057376,-0.066973,-0.066973,0.060000,0.030000,0.200000,0.300000,6.000000,-0.150000,-0.000001,-0.000001,0.000000
5.611000,0.014000,1.000000,0.628380,0.200000,0.200000,0.428380,1.918522,0.025703,0.057556,-0.066742,-0.066742,0.060000,0.030000,0.200000,0.300000,6.000000,-0.150000,-0.000001,-0.000001,0.000000
5.624000,0.013000,1.000000,0.629183,0.200000,0.200000,0.429183,1.924101,0.025751,0.057723,-0.066526,-0.066526,0.060000,0.030000,0.200000,0.300000,6.000000,-0.150000,-0.000001,-0.000001,0.000000
5.636000,0.012000,1.000000,0.629923,0.200000,0.200000,0.429923,1.929260,0.025795,0.057878,-0.066327,-0.066327,0.060000,0.030000,0.200000,0.300000,6.000000,-0.150000,-0.000001,-0.000001,0.000000
5.648000,0.012000,1.000000,0.630662,0.200000,0.200000,0.430662,1.934428,0.025840,0.058033,-0.066127,-0.066127,0.060000,0.030000,0.200000,0.300000,6.000000,-0.150000,-0.000001,-0.000001,0.000000
5.661000,0.013000,1.000000,0.631461,0.200000,0.200000,0.431461,1.940037,0.025888,0.058201,-0.065911,-0.065911,0.060000,0.030000,0.200000,0.300000,6.000000,-0.150000,-0.000001,-0.000001,0.000000
5.674000,0.013000,1.000000,0.632257,0.200000,0.200000,0.432257,1.945657,0.025935,0.058370,-0.065695,-0.065695,0.060000,0.030000,0.200000,0.300000,6.000000,-0.150000,-0.000001,-0.000001,0.000000
5.690000,0.016000,1.000000,0.633235,0.200000,0.200000,0.433235,1.952589,0.025994,0.058578,-0.065428,-0.065428,0.060000,0.030000,0.200000,0.300000,6.000000,-0.150000,-0.000001,-0.000001,0.000000
5.706000,0.016000,1.000000,0.634211,0.200000,0.200000,0.434211,1.959536,0.026053,0.058786,-0.065161,-0.065161,0.060000,0.030000,0.200000,0.300000,6.000000,-0.150000,-0.000001,-0.000001,0.000000
5.722000,0.016000,1.000000,0.635184,0.200000,0.200000,0.435184,1.966499,0.026111,0.058995,-0.064894,-0.064894,0.060000,0.030000,0.200000,0.300000,6.000000,-0.150000,-0.000001,-0.000001,0.000000
5.738000,0.016000,1.000000,0.636154,0.200000,0.200000,0.436154,1.973477,0.026169,0.059204,-0.064626,-0.064626,0.060000,0.030000,0.200000,0.300000,6.000000,-0.150000,-0.000001,-0.000001,0.000000
5.752000,0.014000,1.000000,0.637001,0.200000,0.200000,0.437001,1.979595,0.026220,0.059388,-0.064392,-0.064392,0.060000,0.030000,0.200000,0.300000,6.000000,-0.150000,-0.000001,-0.000001,0.000000
5.764000,0.012000,1.000000,0.637726,0.200000,0.200000,0.437726,1.984848,0.026264,0.059545,-0.064191,-0.064191,0.060000,0.030000,0.200000,0.300000,6.000000,-0.150000,-0.000001,-0.000001,0.000000
5.779000,0.015000,1.000000,0.638629,0.200000,0.200000,0.438629,1.991427,0.026318,0.059743,-0.063939,-0.063939,0.060000,0.030000,0.200000,0.300000,6.000000,-0.150000,-0.000001,-0.000001,0.000000
5.792000,0.013000,1.000000,0.639410,0.200000,0.200000,0.439410,1.997140,0.026365,0.059914,-0.063721,-0.063721,0.060000,0.030000,0.200000,0.300000,6.000000,-0.150000,-0.000001,-0.000001,0.000000
5.806000,0.014000,1.000000,0.640250,0.200000,0.200000,0.440250,2.003303,0.026415,0.060099,-0.063486,-0.063486,0.060000,0.030000,0.200000,0.300000,6.000000,-0.150000,-0.000001,-0.000001,0.000000
5.819000,0.013000,1.000000,0.641027,0.200000,0.200000,0.441027,2.009037,0.026462,0.060271,-0.063267,-0.063267,0.060000,0.030000,0.200000,0.300000,6.000000,-0.150000,-0.000001,-0.000001,0.000000
5.833000,0.014000,1.000000,0.641863,0.200000,0.200000,0.441863,2.015223,0.026512,0.060457,-0.063032,-0.063032,0.060000,0.030000,0.200000,0.300000,6.000000,-0.150000,-0.000001,-0.000001,0.000000
5.848000,0.015000,1.000000,0.642756,0.200000,0.200000,0.442756,2.021864,0.026565,0.060656,-0.062779,-0.062779,0.060000,0.030000,0.200000,0.300000,6.000000,-0.150000,-0.000001,-0.000001,0.000000
5.863000,0.015000,1.000000,0.643647,0.200000,0.200000,0.443647,2.028519,0.026619,0.060856,-0.062526,-0.062526,0.060000,0.030000,0.200000,0.300000,6.000000,-0.150000,-0.000001,-0.000001,0.000000
5.878000,0.015000,1.000000,0.644536,0.200000,0.200000,0.444536,2.035187,0.026672,0.061056,-0.062272,-0.062272,0.060000,0.030000,0.200000,0.300000,6.000000,-0.150000,-0.000001,-0.000001,0.000000
5.896000,0.018000,1.000000,0.645599,0.200000,0.200000,0.445599,2.043208,0.026736,0.061296,-0.061968,-0.061968,0.060000,0.030000,0.200000,0.300000,6.000000,-0.150000,-0.000001,-0.000001,0.000000
5.911000,0.015000,1.000000,0.646483,0.200000,0.200000,0.446483,2.049905,0.026789,0.061497,-0.061714,-0.061714,0.060000,0.030000,0.200000,0.300000,6.000000,-0.150000,-0.000001,-0.000001,0.000000
5.925000,0.014000,1.000000,0.647306,0.200000,0.200000,0.447306,2.056167,0.026838,0.061685,-0.061477,-0.061477,0.060000,0.030000,0.200000,0.300000,6.000000,-0.150000,-0.000001,-0.000001,0.000000
5.941000,0.016000,1.000000,0.648244,0.200000,0.200000,0.448244,2.063339,0.026895,0.061900,-0.061205,-0.061205,0.060000,0.030000,0.200000,0.300000,6.000000,-0.150000,-0.000001,-0.000001,0.000000
5.956000,0.015000,1.000000,0.649121,0.200000,0.200000,0.449121,2.070076,0.026947,0.062102,-0.060950,-0.060950,0.060000,0.030000,0.200000,0.300000,6.000000,-0.150000,-0.000001,-0.000001,0.000000
5.970000,0.014000,1.000000,0.649938,0.200000,0.200000,0.449938,2.076375,0.026996,0.062291,-0.060712,-0.060712,0.060000,0.030000,0.200000,0.300000,6.000000,-0.150000,-0.000001,-0.000001,0.000000
5.987000,0.017000,1.000000,0.650927,0.200000,0.200000,0.450927,2.084041,0.027056,0.062521,-0.060423,-0.060423,0.060000,0.030000,0.200000,0.300000,6.000000,-0.150000,-0.000001,-0.000001,0.000000
6.002000,0.015000,1.000000,0.651797,0.200000,0.200000,0.451797,2.090818,0.027108,0.062725,-0.060168,-0.060168,0.060000,0.030000,0.200000,0.300000,6.000000,-0.150000,-0.000001,-0.000001,0.000000
6.014000,0.012000,1.000000,0.652492,0.200000,0.200000,0.452492,2.096248,0.027150,0.062887,-0.059963,-0.059963,0.060000,0.030000,0.200000,0.300000,6.000000,-0.150000,-0.000001,-0.000001,0.000000
6.033000,0.019000,1.000000,0.653589,0.200000,0.200000,0.453589,2.104866,0.027215,0.063146,-0.059639,-0.059639,0.060000,0.030000,0.200000,0.300000,6.000000,-0.150000,-0.000001,-0.000001,0.000000
6.048000,0.015000,1.000000,0.654453,0.200000,0.200000,0.454453,2.111683,0.027267,0.063350,-0.059382,-0.059382,0.060000,0.030000,0.200000,0.300000,6.000000,-0.150000,-0.000001,-0.000001,0.000000
6.064000,0.016000,1.000000,0.655372,0.200000,0.200000,0.455372,2.118969,0.027322,0.063569,-0.059109,-0.059109,0.060000,0.030000,0.200000,0.300000,6.000000,-0.150000,-0.000001,-0.000001,0.000000
6.080000,0.016000,1.000000,0.656289,0.200000,0.200000,0.456289,2.126269,0.027377,0.063788,-0.058835,-0.058835,0.060000,0.030000,0.200000,0.300000,6.000000,-0.150000,-0.000001,-0.000001,0.000000
6.096000,0.016000,1.000000,0.657203,0.200000,0.200000,0.457203,2.133584,0.027432,0.064008,-0.058560,-0.058560,0.060000,0.030000,0.200000,0.300000,6.000000,-0.150000,-0.000001,-0.000001,0.000000
6.112000,0.016000,1.000000,0.658114,0.200000,0.200000,0.458114,2.140914,0.027487,0.064227,-0.058286,-0.058286,0.060000,0.030000,0.200000,0.300000,6.000000,-0.150000,-0.000001,-0.000001,0.000000
6.127000,0.015000,1.000000,0.658967,0.200000,0.200000,0.458967,2.147799,0.027538,0.064434,-0.058028,-0.058028,0.060000,0.030000,0.200000,0.300000,6.000000,-0.150000,-0.000001,-0.000001,0.000000
6.140000,0.013000,1.000000,0.659704,0.200000,0.200000,0.459704,2.153775,0.027582,0.064613,-0.057804,-0.057804,0.060000,0.030000,0.200000,0.300000,6.000000,-0.150000,-0.000001,-0.000001,0.000000
6.152000,0.012000,1.000000,0.660384,0.200000,0.200000,0.460384,2.159300,0.027623,0.064779,-0.057598,-0.057598,0.060000,0.030000,0.200000,0.300000,6.000000,-0.150000,-0.000001,-0.000001,0.000000
6.166000,0.014000,1.000000,0.661174,0.200000,0.200000,0.461174,2.165756,0.027670,0.064973,-0.057357,-0.057357,0.060000,0.030000,0.200000,0.300000,6.000000,-0.150000,-0.000001,-0.000001,0.000000
6.184000,0.018000,1.000000,0.662188,0.200000,0.200000,0.462188,2.174076,0.027731,0.065222,-0.057046,-0.057046,0.060000,0.030000,0.200000,0.300000,6.000000,-0.150000,-0.000001,-0.000001,0.000000
6.199000,0.015000,1.000000,0.663030,0.200000,0.200000,0.463030,2.181021,0.027782,0.065431,-0.056788,-0.056788,0.060000,0.030000,0.200000,0.300000,6.000000,-0.150000,-0.000001,-0.000001,0.000000
6.214000,0.015000,1.000000,0.663870,0.200000,0.200000,0.463870,2.187979,0.027832,0.065639,-0.056528,-0.056528,0.060000,0.030000,0.200000,0.300000,6.000000,-0.150000,-0.000001,-0.000001,0.000000
6.227000,0.013000,1.000000,0.664597,0.200000,0.200000,0.464597,2.194019,0.027876,0.065821,-0.056304,-0.056304,0.060000,0.030000,0.200000,0.300000,6.000000,-0.150000,-0.000001,-0.000001,0.000000
6.239000,0.012000,1.000000,0.665267,0.200000,0.200000,0.465267,2.199603,0.027916,0.065988,-0.056096,-0.056096,0.060000,0.030000,0.200000,0.300000,6.000000,-0.150000,-0.000001,-0.000001,0.000000
6.254000,0.015000,1.000000,0.666101,0.200000,0.200000,0.466101,2.206594,0.027966,0.066198,-0.055836,-0.055836,0.060000,0.030000,0.200000,0.300000,6.000000,-0.150000,-0.000001,-0.000001,0.000000
6.267000,0.013000,1.000000,0.666823,0.200000,0.200000,0.466823,2.212663,0.028009,0.066380,-0.055611,-0.055611,0.060000,0.030000,0.200000,0.300000,6.000000,-0.150000,-0.000001,-0.000001,0.000000
6.284000,0.017000,1.000000,0.667765,0.200000,0.200000,0.467765,2.220615,0.028066,0.066618,-0.055316,-0.055316,0.060000,0.030000,0.200000,0.300000,6.000000,-0.150000,-0.000001,-0.000001,0.000000
6.301000,0.017000,1.000000,0.668703,0.200000,0.200000,0.468703,2.228583,0.028122,0.066857,-0.055020,-0.055020,0.060000,0.030000,0.200000,0.300000,6.000000,-0.150000,-0.000001,-0.000001,0.000000
6.316000,0.015000,1.000000,0.669529,0.200000,0.200000,0.469529,2.235626,0.028172,0.067069,-0.054759,-0.054759,0.060000,0.030000,0.200000,0.300000,6.000000,-0.150000,-0.000001,-0.000001,0.000000
6.333000,0.017000,1.000000,0.670463,0.200000,0.200000,0.470463,2.243623,0.028228,0.067309,-0.054464,-0.054464,0.060000,0.030000,0.200000,0.300000,6.000000,-0.150000,-0.000001,-0.000001,0.000000
6.348000,0.015000,1.000000,0.671285,0.200000,0.200000,0.471285,2.250693,0.028277,0.067521,-0.054202,-0.054202,0.060000,0.030000,0.200000,0.300000,6.000000,-0.150000,-0.000001,-0.000001,0.000000
6.364000,0.016000,1.000000,0.672159,0.200000,0.200000,0.472159,2.258247,0.028330,0.067747,-0.053923,-0.053923,0.060000,0.030000,0.200000,0.300000,6.000000,-0.150000,-0.000001,-0.000001,0.000000
6.381000,0.017000,1.000000,0.673085,0.200000,0.200000,0.473085,2.266289,0.028385,0.067989,-0.053626,-0.053626,0.060000,0.030000,0.200000,0.300000,6.000000,-0.150000,-0.000001,-0.000001,0.000000
6.398000,0.017000,1.000000,0.674009,0.200000,0.200000,0.474009,2.274348,0.028441,0.068230,-0.053329,-0.053329,0.060000,0.030000,0.200000,0.300000,6.000000,-0.150000,-0.000001,-0.000001,0.000000
6.410000,0.012000,1.000000,0.674660,0.200000,0.200000,0.474660,2.280044,0.028480,0.068401,-0.053119,-0.053119,0.060000,0.030000,0.200000,0.300000,6.000000,-0.150000,-0.000001,-0.000001,0.000000
6.423000,0.013000,1.000000,0.675363,0.200000,0.200000,0.475363,2.286223,0.028522,0.068587,-0.052892,-0.052892,0.060000,0.030000,0.200000,0.300000,6.000000,-0.150000,-0.000001,-0.000001,0.000000
6.435000,0.012000,1.000000,0.676011,0.200000,0.200000,0.476011,2.291936,0.028561,0.068758,-0.052681,-0.052681,0.060000,0.030000,0.200000,0.300000,6.000000,-0.150000,-0.000001,-0.000001,0.000000
6.446000,0.011000,1.000000,0.676604,0.200000,0.200000,0.476604,2.297178,0.028596,0.068915,-0.052488,-0.052488,0.060000,0.030000,0.200000,0.300000,6.000000,-0.150000,-0.000001,-0.000001,0.000000
6.458000,0.012000,1.000000,0.677249,0.200000,0.200000,0.477249,2.302905,0.028635,0.069087,-0.052278,-0.052278,0.060000,0.030000,0.200000,0.300000,6.000000,-0.150000,-0.000001,-0.000001,0.000000
6.472000,0.014000,1.000000,0.678001,0.200000,0.200000,0.478001,2.309597,0.028680,0.069288,-0.052032,-0.052032,0.060000,0.030000,0.200000,0.300000,6.000000,-0.150000,-0.000001,-0.000001,0.000000
6.486000,0.014000,1.000000,0.678750,0.200000,0.200000,0.478750,2.316300,0.028725,0.069489,-0.051786,-0.051786,0.060000,0.030000,0.200000,0.300000,6.000000,-0.150000,-0.000001,-0.000001,0.000000
6.497000,0.011000,1.000000,0.679338,0.200000,0.200000,0.479338,2.321572,0.028760,0.069647,-0.051593,-0.051593,0.060000,0.030000,0.200000,0.300000,6.000000,-0.150000,-0.000001,-0.000001,0.000000
6.509000,0.012000,1.000000,0.679978,0.200000,0.200000,0.479978,2.327332,0.028799,0.069820,-0.051381,-0.051381,0.060000,0.030000,0.200000,0.300000,6.000000,-0.150000,-0.000001,-0.000001,0.000000
6.521000,0.012000,1.000000,0.680617,0.200000,0.200000,0.480617,2.333099,0.028837,0.069993,-0.051170,-0.051170,0.060000,0.030000,0.200000,0.300000,6.000000,-0.150000,-0.000001,-0.000001,0.000000
6.533000,0.012000,1.000000,0.681255,0.200000,0.200000,0.481255,2.338874,0.028875,0.070166,-0.050958,-0.050958,0.060000,0.030000,0.200000,0.300000,6.000000,-0.150000,-0.000001,-0.000001,0.000000
6.546000,0.013000,1.000000,0.681944,0.200000,0.200000,0.481944,2.345140,0.028917,0.070354,-0.050729,-0.050729,0.060000,0.030000,0.200000,0.300000,6.000000,-0.150000,-0.000001,-0.000001,0.000000
6.561000,0.015000,1.000000,0.682737,0.200000,0.200000,0.482737,2.352381,0.028964,0.070571,-0.050464,-0.050464,0.060000,0.030000,0.200000,0.300000,6.000000,-0.150000,-0.000001,-0.000001,0.000000
6.573000,0.012000,1.000000,0.683370,0.200000,0.200000,0.483370,2.358181,0.029002,0.070745,-0.050252,-0.050252,0.060000,0.030000,0.200000,0.300000,6.000000,-0.150000,-0.000001,-0.000001,0.000000
6.584000,0.011000,1.000000,0.683950,0.200000,0.200000,0.483950,2.363504,0.029037,0.070905,-0.050058,-0.050058,0.060000,0.030000,0.200000,0.300000,6.000000,-0.150000,-0.000001,-0.000001,0.000000
6.596000,0.012000,1.000000,0.684580,0.200000,0.200000,0.484580,2.369319,0.029075,0.071080,-0.049846,-0.049846,0.060000,0.030000,0.200000,0.300000,6.000000,-0.150000,-0.000001,-0.000001,0.000000
6.607000,0.011000,1.000000,0.685158,0.200000,0.200000,0.485158,2.374656,0.029109,0.071240,-0.049651,-0.049651,0.060000,0.030000,0.200000,0.300000,6.000000,-0.150000,-0.000001,-0.000001,0.000000
6.618000,0.011000,1.000000,0.685734,0.200000,0.200000,0.485734,2.379999,0.029144,0.071400,-0.049456,-0.049456,0.060000,0.030000,0.200000,0.300000,6.000000,-0.150000,-0.000001,-0.000001,0.000000
6.631000,0.013000,1.000000,0.686413,0.200000,0.200000,0.486413,2.386322,0.029185,0.071590,-0.049226,-0.049226,0.060000,0.030000,0.200000,0.300000,6.000000,-0.150000,-0.000001,-0.000001,0.000000
6.643000,0.012000,1.000000,0.687039,0.200000,0.200000,0.487039,2.392167,0.029222,0.071765,-0.049013,-0.049013,0.060000,0.030000,0.200000,0.300000,6.000000,-0.150000,-0.000001,-0.000001,0.000000
6.655000,0.012000,1.000000,0.687664,0.200000,0.200000,0.487664,2.398019,0.029260,0.071941,-0.048800,-0.048800,0.060000,0.030000,0.200000,0.300000,6.000000,-0.150000,-0.000001,-0.000001,0.000000
6.667000,0.012000,1.000000,0.688287,0.200000,0.200000,0.488287,2.403878,0.029297,0.072116,-0.048586,-0.048586,0.060000,0.030000,0.200000,0.300000,6.000000,-0.150000,-0.000001,-0.000001,0.000000
6.680000,0.013000,1.000000,0.688961,0.200000,0.200000,0.488961,2.410235,0.029338,0.072307,-0.048355,-0.048355,0.060000,0.030000,0.200000,0.300000,6.000000,-0.150000,-0.000001,-0.000001,0.000000
6.692000,0.012000,1.000000,0.689582,0.200000,0.200000,0.489582,2.416110,0.029375,0.072483,-0.048142,-0.048142,0.060000,0.030000,0.200000,0.300000,6.000000,-0.150000,-0.000001,-0.000001,0.000000
6.704000,0.012000,1.000000,0.690202,0.200000,0.200000,0.490202,2.421992,0.029412,0.072660,-0.047928,-0.047928,0.060000,0.030000,0.200000,0.300000,6.000000,-0.150000,-0.000001,-0.000001,0.000000
6.715000,0.011000,1.000000,0.690769,0.200000,0.200000,0.490769,2.427391,0.029446,0.072822,-0.047732,-0.047732,0.060000,0.030000,0.200000,0.300000,6.000000,-0.150000,-0.000001,-0.000001,0.000000
6.727000,0.012000,1.000000,0.691386,0.200000,0.200000,0.491386,2.433287,0.029483,0.072999,-0.047518,-0.047518,0.060000,0.030000,0.200000,0.300000,6.000000,-0.150000,-0.000001,-0.000001,0.000000
6.738000,0.011000,1.000000,0.691951,0.200000,0.200000,0.491950,2.438699,0.029517,0.073161,-0.047322,-0.047322,0.060000,0.030000,0.200000,0.300000,6.000000,-0.150000,-0.000001,-0.000001,0.000000
6.749000,0.011000,1.000000,0.692514,0.200000,0.200000,0.492514,2.444116,0.029551,0.073323,-0.047126,-0.047126,0.060000,0.030000,0.200000,0.300000,6.000000,-0.150000,-0.000001,-0.000001,0.000000
6.761000,0.012000,1.000000,0.693128,0.200000,0.200000,0.493128,2.450034,0.029588,0.073501,-0.046911,-0.046911,0.060000,0.030000,0.200000,0.300000,6.000000,-0.150000,-0.000001,-0.000001,0.000000
6.773000,0.012000,1.000000,0.693740,0.200000,0.200000,0.493740,2.455959,0.029624,0.073679,-0.046697,-0.046697,0.060000,0.030000,0.200000,0.300000,6.000000,-0.150000,-0.000001,-0.000001,0.000000
6.786000,0.013000,1.000000,0.694403,0.200000,0.200000,0.494403,2.462386,0.029664,0.073872,-0.046464,-0.046464,0.060000,0.030000,0.200000,0.300000,6.000000,-0.150000,-0.000001,-0.000001,0.000000
6.797000,0.011000,1.000000,0.694962,0.200000,0.200000,0.494962,2.467831,0.029698,0.074035,-0.046267,-0.046267,0.060000,0.030000,0.200000,0.300000,6.000000,-0.150000,-0.000001,-0.000001,0.000000
6.810000,0.013000,1.000000,0.695621,0.200000,0.200000,0.495621,2.474274,0.029737,0.074228,-0.046034,-0.046034,0.060000,0.030000,0.200000,0.300000,6.000000,-0.150000,-0.000001,-0.000001,0.000000
6.823000,0.013000,1.000000,0.696279,0.200000,0.200000,0.496279,2.480725,0.029777,0.074422,-0.045801,-0.045801,0.060000,0.030000,0.200000,0.300000,6.000000,-0.150000,-0.000001,-0.000001,0.000000
6.841000,0.018000,1.000000,0.697188,0.200000,0.200000,0.497188,2.489675,0.029831,0.074690,-0.045478,-0.045478,0.060000,0.030000,0.200000,0.300000,6.000000,-0.150000,-0.000001,-0.000001,0.000000
6.858000,0.017000,1.000000,0.698043,0.200000,0.200000,0.498043,2.498142,0.029883,0.074944,-0.045173,-0.045173,0.060000,0.030000,0.200000,0.300000,6.000000,-0.150000,-0.000001,-0.000001,0.000000
6.875000,0.017000,1.000000,0.698896,0.200000,0.200000,0.498896,2.506623,0.029934,0.075199,-0.044868,-0.044868,0.060000,0.030000,0.200000,0.300000,6.000000,-0.150000,-0.000001,-0.000001,0.000000
6.893000,0.018000,1.000000,0.699797,0.200000,0.200000,0.499797,2.515619,0.029988,0.075469,-0.044544,-0.044544,0.060000,0.030000,0.200000,0.300000,6.000000,-0.150000,-0.000001,-0.000001,0.000000
6.905000,0.012000,1.000000,0.700396,0.200000,0.200000,0.500396,2.521624,0.030024,0.075649,-0.044327,-0.044327,0.060000,0.030000,0.200000,0.300000,6.000000,-0.150000,-0.000001,-0.000001,0.000000
6.916000,0.011000,1.000000,0.700944,0.200000,0.200000,0.500944,2.527134,0.030057,0.075814,-0.044129,-0.044129,0.060000,0.030000,0.200000,0.300000,6.000000,-0.150000,-0.000001,-0.000001,0.000000
6.928000,0.012000,1.000000,0.701541,0.200000,0.200000,0.501541,2.533153,0.030092,0.075995,-0.043913,-0.043913,0.060000,0.030000,0.200000,0.300000,6.000000,-0.150000,-0.000001,-0.000001,0.000000
6.939000,0.011000,1.000000,0.702088,0.200000,0.200000,0.502087,2.538676,0.030125,0.076160,-0.043714,-0.043714,0.060000,0.030000,0.200000,0.300000,6.000000,-0.150000,-0.000001,-0.000001,0.000000
6.952000,0.013000,1.000000,0.702732,0.200000,0.200000,0.502732,2.545211,0.030164,0.076356,-0.043480,-0.043480,0.060000,0.030000,0.200000,0.300000,6.000000,-0.150000,-0.000001,-0.000001,0.000000
6.963000,0.011000,1.000000,0.703276,0.200000,0.200000,0.503276,2.550747,0.030197,0.076522,-0.043281,-0.043281,0.060000,0.030000,0.200000,0.300000,6.000000,-0.150000,-0.000001,-0.000001,0.000000
6.975000,0.012000,1.000000,0.703868,0.200000,0.200000,0.503868,2.556794,0.030232,0.076704,-0.043064,-0.043064,0.060000,0.030000,0.200000,0.300000,6.000000,-0.150000,-0.000001,-0.000001,0.000000
6.989000,0.014000,1.000000,0.704557,0.200000,0.200000,0.504557,2.563858,0.030273,0.076916,-0.042811,-0.042811,0.060000,0.030000,0.200000,0.300000,6.000000,-0.150000,-0.000001,-0.000001,0.000000
7.000000,0.011000,1.000000,0.705098,0.200000,0.200000,0.505098,2.569414,0.030306,0.077082,-0.042612,-0.042612,0.060000,0.030000,0.200000,0.300000,6.000000,-0.150000,-0.000001,-0.000001,0.000000
7.012000,0.012000,1.000000,0.705687,0.200000,0.200000,0.505687,2.575482,0.030341,0.077264,-0.042394,-0.042394,0.060000,0.030000,0.200000,0.300000,6.000000,-0.150000,-0.000001,-0.000001,0.000000
7.024000,0.012000,1.000000,0.706274,0.200000,0.200000,0.506274,2.581558,0.030376,0.077447,-0.042177,-0.042177,0.060000,0.030000,0.200000,0.300000,6.000000,-0.150000,-0.000001,-0.000001,0.000000
7.035000,0.011000,1.000000,0.706812,0.200000,0.200000,0.506812,2.587132,0.030409,0.077614,-0.041977,-0.041977,0.060000,0.030000,0.200000,0.300000,6.000000,-0.150000,-0.000001,-0.000001,0.000000
7.046000,0.011000,1.000000,0.707348,0.200000,0.200000,0.507348,2.592713,0.030441,0.077781,-0.041778,-0.041778,0.060000,0.030000,0.200000,0.300000,6.000000,-0.150000,-0.000001,-0.000001,0.000000
7.058000,0.012000,1.000000,0.707932,0.200000,0.200000,0.507932,2.598809,0.030476,0.077964,-0.041560,-0.041560,0.060000,0.030000,0.200000,0.300000,6.000000,-0.150000,-0.000001,-0.000001,0.000000
7.070000,0.012000,1.000000,0.708515,0.200000,0.200000,0.508515,2.604911,0.030511,0.078147,-0.041342,-0.041342,0.060000,0.030000,0.200000,0.300000,6.000000,-0.150000,-0.000001,-0.000001,0.000000
7.084000,0.014000,1.000000,0.709194,0.200000,0.200000,0.509194,2.612040,0.030552,0.078361,-0.041087,-0.041087,0.060000,0.030000,0.200000,0.300000,6.000000,-0.150000,-0.000001,-0.000001,0.000000
7.096000,0.012000,1.000000,0.709774,0.200000,0.200000,0.509774,2.618157,0.030586,0.078545,-0.040869,-0.040869,0.060000,0.030000,0.200000,0.300000,6.000000,-0.150000,-0.000001,-0.000001,0.000000
7.108000,0.012000,1.000000,0.710354,0.200000,0.200000,0.510354,2.624281,0.030621,0.078728,-0.040650,-0.040650,0.060000,0.030000,0.200000,0.300000,6.000000,-0.150000,-0.000001,-0.000001,0.000000
7.120000,0.012000,1.000000,0.710932,0.200000,0.200000,0.510932,2.630412,0.030656,0.078912,-0.040432,-0.040432,0.060000,0.030000,0.200000,0.300000,6.000000,-0.150000,-0.000001,-0.000001,0.000000
7.131000,0.011000,1.000000,0.711461,0.200000,0.200000,0.511461,2.636038,0.030688,0.079081,-0.040231,-0.040231,0.060000,0.030000,0.200000,0.300000,6.000000,-0.150000,-0.000001,-0.000001,0.000000
7.143000,0.012000,1.000000,0.712037,0.200000,0.200000,0.512037,2.642183,0.030722,0.079265,-0.040012,-0.040012,0.060000,0.030000,0.200000,0.300000,6.000000,-0.150000,-0.000001,-0.000001,0.000000
7.155000,0.012000,1.000000,0.712612,0.200000,0.200000,0.512612,2.648334,0.030757,0.079450,-0.039793,-0.039793,0.060000,0.030000,0.200000,0.300000,6.000000,-0.150000,-0.000001,-0.000001,0.000000
7.167000,0.012000,1.000000,0.713185,0.200000,0.200000,0.513185,2.654492,0.030791,0.079635,-0.039574,-0.039574,0.060000,0.030000,0.200000,0.300000,6.000000,-0.150000,-0.000001,-0.000001,0.000000
7.179000,0.012000,1.000000,0.713758,0.200000,0.200000,0.513758,2.660657,0.030825,0.079820,-0.039355,-0.039355,0.060000,0.030000,0.200000,0.300000,6.000000,-0.150000,-0.000001,-0.000001,0.000000
7.191000,0.012000,1.000000,0.714329,0.200000,0.200000,0.514329,2.666829,0.030860,0.080005,-0.039135,-0.039135,0.060000,0.030000,0.200000,0.300000,6.000000,-0.150000,-0.000001,-0.000001,0.000000
7.202000,0.011000,1.000000,0.714852,0.200000,0.200000,0.514852,2.672493,0.030891,0.080175,-0.038934,-0.038934,0.060000,0.030000,0.200000,0.300000,6.000000,-0.150000,-0.000001,-0.000001,0.000000
7.213000,0.011000,1.000000,0.715374,0.200000,0.200000,0.515374,2.678162,0.030922,0.080345,-0.038733,-0.038733,0.060000,0.030000,0.200000,0.300000,6.000000,-0.150000,-0.000001,-0.000001,0.000000
7.225000,0.012000,1.000000,0.715942,0.200000,0.200000,0.515942,2.684353,0.030957,0.080531,-0.038513,-0.038513,0.060000,0.030000,0.200000,0.300000,6.000000,-0.150000,-0.000001,-0.000001,0.000000
7.237000,0.012000,1.000000,0.716509,0.200000,0.200000,0.516509,2.690551,0.030991,0.080717,-0.038293,-0.038293,0.060000,0.030000,0.200000,0.300000,6.000000,-0.150000,-0.000001,-0.000001,0.000000
7.248000,0.011000,1.000000,0.717027,0.200000,0.200000,0.517027,2.696238,0.031022,0.080887,-0.038091,-0.038091,0.060000,0.030000,0.200000,0.300000,6.000000,-0.150000,-0.000001,-0.000001,0.000000
7.262000,0.014000,1.000000,0.717686,0.200000,0.200000,0.517686,2.703486,0.031061,0.081105,-0.037834,-0.037834,0.060000,0.030000,0.200000,0.300000,6.000000,-0.150000,-0.000001,-0.000001,0.000000
7.274000,0.012000,1.000000,0.718250,0.200000,0.200000,0.518250,2.709705,0.031095,0.081291,-0.037614,-0.037614,0.060000,0.030000,0.200000,0.300000,6.000000,-0.150000,-0.000001,-0.000001,0.000000
7.288000,0.014000,1.000000,0.718906,0.200000,0.200000,0.518906,2.716970,0.031134,0.081509,-0.037357,-0.037357,0.060000,0.030000,0.200000,0.300000,6.000000,-0.150000,-0.000001,-0.000001,0.000000
7.298000,0.010000,1.000000,0.719373,0.200000,0.200000,0.519373,2.722163,0.031162,0.081665,-0.037173,-0.037173,0.060000,0.030000,0.200000,0.300000,6.000000,-0.150000,-0.000001,-0.000001,0.000000
7.310000,0.012000,1.000000,0.719933,0.200000,0.200000,0.519933,2.728403,0.031196,0.081852,-0.036952,-0.036952,0.060000,0.030000,0.200000,0.300000,6.000000,-0.150000,-0.000001,-0.000001,0.000000
7.323000,0.013000,1.000000,0.720539,0.200000,0.200000,0.520539,2.735169,0.031232,0.082055,-0.036713,-0.036713,0.060000,0.030000,0.200000,0.300000,6.000000,-0.150000,-0.000001,-0.000001,0.000000
7.333000,0.010000,1.000000,0.721004,0.200000,0.200000,0.521004,2.740380,0.031260,0.082211,-0.036528,-0.036528,0.060000,0.030000,0.200000,0.300000,6.000000,-0.150000,-0.000001,-0.000001,0.000000
7.343000,0.010000,1.000000,0.721468,0.200000,0.200000,0.521468,2.745594,0.031288,0.082368,-0.036344,-0.036344,0.060000,0.030000,0.200000,0.300000,6.000000,-0.150000,-0.000001,-0.000001,0.000000
7.354000,0.011000,1.000000,0.721978,0.200000,0.200000,0.521978,2.751336,0.031319,0.082540,-0.036141,-0.036141,0.060000,0.030000,0.200000,0.300000,6.000000,-0.150000,-0.000001,-0.000001,0.000000
7.366000,0.012000,1.000000,0.722533,0.200000,0.200000,0.522533,2.757606,0.031352,0.082728,-0.035920,-0.035920,0.060000,0.030000,0.200000,0.300000,6.000000,-0.150000,-0.000001,-0.000001,0.000000
7.379000,0.013000,1.000000,0.723133,0.200000,0.200000,0.523133,2.764407,0.031388,0.082932,-0.035680,-0.035680,0.060000,0.030000,0.200000,0.300000,6.000000,-0.150000,-0.000001,-0.000001,0.000000
7.391000,0.012000,1.000000,0.723685,0.200000,0.200000,0.523685,2.770691,0.031421,0.083121,-0.035458,-0.035458,0.060000,0.030000,0.200000,0.300000,6.000000,-0.150000,-0.000001,-0.000001,0.000000
7.400000,0.009000,1.000000,0.724099,0.200000,0.200000,0.524099,2.775408,0.031446,0.083262,-0.035292,-0.035292,0.060000,0.030000,0.200000,0.300000,6.000000,-0.150000,-0.000002,-0.000001,0.000000
7.413000,0.013000,1.000000,0.724696,0.200000,0.200000,0.524696,2.782229,0.031482,0.083467,-0.035051,-0.035051,0.060000,0.030000,0.200000,0.300000,6.000000,-0.150000,-0.000001,-0.000001,0.000000
7.424000,0.011000,1.000000,0.725199,0.200000,0.200000,0.525199,2.788006,0.031512,0.083640,-0.034848,-0.034848,0.060000,0.030000,0.200000,0.300000,6.000000,-0.150000,-0.000001,-0.000001,0.000000
7.435000,0.011000,1.000000,0.725702,0.200000,0.200000,0.525702,2.793789,0.031542,0.083814,-0.034644,-0.034644,0.060000,0.030000,0.200000,0.300000,6.000000,-0.150000,-0.000001,-0.000001,0.000000
7.446000,0.011000,1.000000,0.726204,0.200000,0.200000,0.526204,2.799577,0.031572,0.083987,-0.034440,-0.034440,0.060000,0.030000,0.200000,0.300000,6.000000,-0.150000,-0.000001,-0.000001,0.000000
7.461000,0.015000,1.000000,0.726887,0.200000,0.200000,0.526887,2.807481,0.031613,0.084224,-0.034162,-0.034162,0.060000,0.030000,0.200000,0.300000,6.000000,-0.150000,-0.000001,-0.000001,0.000000
7.477000,0.016000,1.000000,0.727613,0.200000,0.200000,0.527613,2.815922,0.031657,0.084478,-0.033866,-0.033866,0.060000,0.030000,0.200000,0.300000,6.000000,-0.150000,-0.000001,-0.000001,0.000000
7.493000,0.016000,1.000000,0.728338,0.200000,0.200000,0.528338,2.824376,0.031700,0.084731,-0.033568,-0.033568,0.060000,0.030000,0.200000,0.300000,6.000000,-0.150000,-0.000001,-0.000001,0.000000
7.508000,0.015000,1.000000,0.729015,0.200000,0.200000,0.529015,2.832311,0.031741,0.084969,-0.033290,-0.033290,0.060000,0.030000,0.200000,0.300000,6.000000,-0.150000,-0.000001,-0.000001,0.000000
7.523000,0.015000,1.000000,0.729691,0.200000,0.200000,0.529691,2.840256,0.031781,0.085208,-0.033011,-0.033011,0.060000,0.030000,0.200000,0.300000,6.000000,-0.150000,-0.000001,-0.000001,0.000000
7.534000,0.011000,1.000000,0.730186,0.200000,0.200000,0.530186,2.846089,0.031811,0.085383,-0.032806,-0.032806,0.060000,0.030000,0.200000,0.300000,6.000000,-0.150000,-0.000001,-0.000001,0.000000
7.546000,0.012000,1.000000,0.730724,0.200000,0.200000,0.530724,2.852457,0.031843,0.085574,-0.032583,-0.032583,0.060000,0.030000,0.200000,0.300000,6.000000,-0.150000,-0.000001,-0.000001,0.000000
7.558000,0.012000,1.000000,0.731262,0.200000,0.200000,0.531262,2.858832,0.031876,0.085765,-0.032359,-0.032359,0.060000,0.030000,0.200000,0.300000,6.000000,-0.150000,-0.000001,-0.000001,0.000000
7.570000,0.012000,1.000000,0.731798,0.200000,0.200000,0.531798,2.865214,0.031908,0.085956,-0.032136,-0.032136,0.060000,0.030000,0.200000,0.300000,6.000000,-0.150000,-0.000001,-0.000001,0.000000
7.583000,0.013000,1.000000,0.732378,0.200000,0.200000,0.532378,2.872135,0.031943,0.086164,-0.031893,-0.031893,0.060000,0.030000,0.200000,0.300000,6.000000,-0.150000,-0.000001,-0.000001,0.000000
7.597000,0.014000,1.000000,0.733001,0.200000,0.200000,0.533001,2.879597,0.031980,0.086388,-0.031632,-0.031632,0.060000,0.030000,0.200000,0.300000,6.000000,-0.150000,-0.000001,-0.000001,0.000000
7.609000,0.012000,1.000000,0.733534,0.200000,0.200000,0.533534,2.885999,0.032012,0.086580,-0.031408,-0.031408,0.060000,0.030000,0.200000,0.300000,6.000000,-0.150000,-0.000001,-0.000001,0.000000
