43.354000,43.354000,0.000000,0.024314,0.200000,0.200000,-0.175686,-7.616685,-0.010541,-0.200000,-0.360541,-0.360541,0.060000,0.030000,0.200000,0.300000,6.000000,-0.150000,0.000000,0.000000,-0.000000
43.416000,0.062000,1.000000,0.034293,0.200000,0.200000,-0.165707,-7.626959,-0.009942,-0.200000,-0.359942,-0.359942,0.060000,0.030000,0.200000,0.300000,6.000000,-0.150000,0.000000,0.000000,-0.000000
43.436000,0.020000,1.000000,0.037501,0.200000,0.200000,-0.162499,-7.630209,-0.009750,-0.200000,-0.359750,-0.359750,0.060000,0.030000,0.200000,0.300000,6.000000,-0.150000,0.000000,0.000000,-0.000000
43.464000,0.028000,1.000000,0.041972,0.200000,0.200000,-0.158028,-7.634634,-0.009482,-0.200000,-0.359482,-0.359482,0.060000,0.030000,0.200000,0.300000,6.000000,-0.150000,0.000000,0.000000,-0.000000
43.495000,0.031000,1.000000,0.046897,0.200000,0.200000,-0.153103,-7.639380,-0.009186,-0.200000,-0.359186,-0.359186,0.060000,0.030000,0.200000,0.300000,6.000000,-0.150000,0.000000,0.000000,-0.000000
43.533000,0.038000,1.000000,0.052895,0.200000,0.200000,-0.147105,-7.644970,-0.008826,-0.200000,-0.358826,-0.358826,0.060000,0.030000,0.200000,0.300000,6.000000,-0.150000,0.000000,0.000000,-0.000000
43.547000,0.014000,1.000000,0.055100,0.200000,0.200000,-0.144900,-7.646998,-0.008694,-0.200000,-0.358694,-0.358694,0.060000,0.030000,0.200000,0.300000,6.000000,-0.150000,0.000001,0.000000,-0.000000
43.564000,0.017000,1.000000,0.057769,0.200000,0.200000,-0.142231,-7.649416,-0.008534,-0.200000,-0.358534,-0.358534,0.060000,0.030000,0.200000,0.300000,6.000000,-0.150000,0.000001,0.000000,-0.000000
43.579000,0.015000,1.000000,0.060119,0.200000,0.200000,-0.139881,-7.651515,-0.008393,-0.200000,-0.358393,-0.358393,0.060000,0.030000,0.200000,0.300000,6.000000,-0.150000,0.000001,0.000000,-0.000000
43.594000,0.015000,1.000000,0.062463,0.200000,0.200000,-0.137537,-7.653578,-0.008252,-0.200000,-0.358252,-0.358252,0.060000,0.030000,0.200000,0.300000,6.000000,-0.150000,0.000001,0.000000,-0.000000
43.608000,0.014000,1.000000,0.064645,0.200000,0.200000,-0.135355,-7.655473,-0.008121,-0.200000,-0.358121,-0.358121,0.060000,0.030000,0.200000,0.300000,6.000000,-0.150000,0.000001,0.000000,-0.000000
43.623000,0.015000,1.000000,0.066978,0.200000,0.200000,-0.133022,-7.657468,-0.007981,-0.200000,-0.357981,-0.357981,0.060000,0.030000,0.200000,0.300000,6.000000,-0.150000,0.000001,0.000001,-0.000000
43.635000,0.012000,1.000000,0.068840,0.200000,0.200000,-0.131160,-7.659042,-0.007870,-0.200000,-0.357870,-0.357870,0.060000,0.030000,0.200000,0.300000,6.000000,-0.150000,0.000001,0.000001,-0.000000
43.647000,0.012000,1.000000,0.070699,0.200000,0.200000,-0.129301,-7.660594,-0.007758,-0.200000,-0.357758,-0.357758,0.060000,0.030000,0.200000,0.300000,6.000000,-0.150000,0.000001,0.000001,-0.000000
43.660000,0.013000,1.000000,0.072708,0.200000,0.200000,-0.127292,-7.662249,-0.007638,-0.200000,-0.357638,-0.357638,0.060000,0.030000,0.200000,0.300000,6.000000,-0.150000,0.000001,0.000001,-0.000000
43.675000,0.015000,1.000000,0.075020,0.200000,0.200000,-0.124980,-7.664124,-0.007499,-0.200000,-0.357499,-0.357499,0.060000,0.030000,0.200000,0.300000,6.000000,-0.150000,0.000001,0.000001,-0.000000
43.692000,0.017000,1.000000,0.077634,0.200000,0.200000,-0.122366,-7.666204,-0.007342,-0.200000,-0.357342,-0.357342,0.060000,0.030000,0.200000,0.300000,6.000000,-0.150000,0.000001,0.000001,-0.000000
43.706000,0.014000,1.000000,0.079781,0.200000,0.200000,-0.120219,-7.667887,-0.007213,-0.200000,-0.357213,-0.357213,0.060000,0.030000,0.200000,0.300000,6.000000,-0.150000,0.000001,0.000001,-0.000000
43.717000,0.011000,1.000000,0.081465,0.200000,0.200000,-0.118535,-7.669191,-0.007112,-0.200000,-0.357112,-0.357112,0.060000,0.030000,0.200000,0.300000,6.000000,-0.150000,0.000001,0.000001,-0.000000
43.733000,0.016000,1.000000,0.083908,0.200000,0.200000,-0.116092,-7.671048,-0.006966,-0.200000,-0.356966,-0.356966,0.060000,0.030000,0.200000,0.300000,6.000000,-0.150000,0.000001,0.000001,-0.000000
43.748000,0.015000,1.000000,0.086192,0.200000,0.200000,-0.113808,-7.672755,-0.006828,-0.200000,-0.356828,-0.356828,0.060000,0.030000,0.200000,0.300000,6.000000,-0.150000,0.000001,0.000001,-0.000000
43.766000,0.018000,1.000000,0.088926,0.200000,0.200000,-0.111074,-7.674755,-0.006664,-0.200000,-0.356664,-0.356664,0.060000,0.030000,0.200000,0.300000,6.000000,-0.150000,0.000001,0.000001,-0.000000
43.782000,0.016000,1.000000,0.091349,0.200000,0.200000,-0.108651,-7.676493,-0.006519,-0.200000,-0.356519,-0.356519,0.060000,0.030000,0.200000,0.300000,6.000000,-0.150000,0.000001,0.000001,-0.000000
43.798000,0.016000,1.000000,0.093765,0.200000,0.200000,-0.106235,-7.678193,-0.006374,-0.200000,-0.356374,-0.356374,0.060000,0.030000,0.200000,0.300000,6.000000,-0.150000,0.000001,0.000001,-0.000000
43.813000,0.015000,1.000000,0.096025,0.200000,0.200000,-0.103975,-7.679753,-0.006238,-0.200000,-0.356238,-0.356238,0.060000,0.030000,0.200000,0.300000,6.000000,-0.150000,0.000001,0.000001,-0.000000
43.830000,0.017000,1.000000,0.098579,0.200000,0.200000,-0.101421,-7.681477,-0.006085,-0.200000,-0.356085,-0.356085,0.060000,0.030000,0.200000,0.300000,6.000000,-0.150000,0.000001,0.000001,-0.000000
43.846000,0.016000,1.000000,0.100977,0.200000,0.200000,-0.099023,-7.683062,-0.005941,-0.200000,-0.355941,-0.355941,0.060000,0.030000,0.200000,0.300000,6.000000,-0.150000,0.000001,0.000001,-0.000000
43.863000,0.017000,1.000000,0.103517,0.200000,0.200000,-0.096483,-7.684702,-0.005789,-0.200000,-0.355789,-0.355789,0.060000,0.030000,0.200000,0.300000,6.000000,-0.150000,0.000001,0.000001,-0.000000
43.876000,0.013000,1.000000,0.105455,0.200000,0.200000,-0.094545,-7.685931,-0.005673,-0.200000,-0.355673,-0.355673,0.060000,0.030000,0.200000,0.300000,6.000000,-0.150000,0.000001,0.000001,-0.000000
43.890000,0.014000,1.000000,0.107537,0.200000,0.200000,-0.092463,-7.687226,-0.005548,-0.200000,-0.355548,-0.355548,0.060000,0.030000,0.200000,0.300000,6.000000,-0.150000,0.000001,0.000001,-0.000000
43.903000,0.013000,1.000000,0.109467,0.200000,0.200000,-0.090533,-7.688403,-0.005432,-0.200000,-0.355432,-0.355432,0.060000,0.030000,0.200000,0.300000,6.000000,-0.150000,0.000001,0.000001,-0.000000
43.914000,0.011000,1.000000,0.111096,0.200000,0.200000,-0.088904,-7.689381,-0.005334,-0.200000,-0.355334,-0.355334,0.060000,0.030000,0.200000,0.300000,6.000000,-0.150000,0.000001,0.000001,-0.000000
43.927000,0.013000,1.000000,0.113018,0.200000,0.200000,-0.086982,-7.690511,-0.005219,-0.200000,-0.355219,-0.355219,0.060000,0.030000,0.200000,0.300000,6.000000,-0.150000,0.000001,0.000001,-0.000000
43.940000,0.013000,1.000000,0.114936,0.200000,0.200000,-0.085064,-7.691617,-0.005104,-0.200000,-0.355104,-0.355104,0.060000,0.030000,0.200000,0.300000,6.000000,-0.150000,0.000001,0.000001,-0.000000
43.956000,0.016000,1.000000,0.117290,0.200000,0.200000,-0.082710,-7.692940,-0.004963,-0.200000,-0.354963,-0.354963,0.060000,0.030000,0.200000,0.300000,6.000000,-0.150000,0.000001,0.000001,-0.000000
43.970000,0.014000,1.000000,0.119345,0.200000,0.200000,-0.080655,-7.694069,-0.004839,-0.200000,-0.354839,-0.354839,0.060000,0.030000,0.200000,0.300000,6.000000,-0.150000,0.000001,0.000001,-0.000000
43.985000,0.015000,1.000000,0.121541,0.200000,0.200000,-0.078459,-7.695246,-0.004708,-0.200000,-0.354708,-0.354708,0.060000,0.030000,0.200000,0.300000,6.000000,-0.150000,0.000001,0.000001,-0.000000
43.999000,0.014000,1.000000,0.123586,0.200000,0.200000,-0.076414,-7.696316,-0.004585,-0.200000,-0.354585,-0.354585,0.060000,0.030000,0.200000,0.300000,6.000000,-0.150000,0.000001,0.000001,-0.000000
44.012000,0.013000,1.000000,0.125481,0.200000,0.200000,-0.074519,-7.697285,-0.004471,-0.200000,-0.354471,-0.354471,0.060000,0.030000,0.200000,0.300000,6.000000,-0.150000,0.000001,0.000001,-0.000000
44.026000,0.014000,1.000000,0.127516,0.200000,0.200000,-0.072484,-7.698300,-0.004349,-0.200000,-0.354349,-0.354349,0.060000,0.030000,0.200000,0.300000,6.000000,-0.150000,0.000001,0.000001,-0.000000
44.041000,0.015000,1.000000,0.129692,0.200000,0.200000,-0.070308,-7.699355,-0.004218,-0.200000,-0.354218,-0.354218,0.060000,0.030000,0.200000,0.300000,6.000000,-0.150000,0.000001,0.000001,-0.000000
44.058000,0.017000,1.000000,0.132151,0.200000,0.200000,-0.067849,-7.700508,-0.004071,-0.200000,-0.354071,-0.354071,0.060000,0.030000,0.200000,0.300000,6.000000,-0.150000,0.000001,0.000001,-0.000000
44.074000,0.016000,1.000000,0.134459,0.200000,0.200000,-0.065541,-7.701557,-0.003932,-0.200000,-0.353932,-0.353932,0.060000,0.030000,0.200000,0.300000,6.000000,-0.150000,0.000001,0.000001,-0.000000
44.090000,0.016000,1.000000,0.136761,0.200000,0.200000,-0.063239,-7.702569,-0.003794,-0.200000,-0.353794,-0.353794,0.060000,0.030000,0.200000,0.300000,6.000000,-0.150000,0.000001,0.000001,-0.000000
44.104000,0.014000,1.000000,0.138771,0.200000,0.200000,-0.061229,-7.703426,-0.003674,-0.200000,-0.353674,-0.353674,0.060000,0.030000,0.200000,0.300000,6.000000,-0.150000,0.000001,0.000001,-0.000000
44.119000,0.015000,1.000000,0.140918,0.200000,0.200000,-0.059082,-7.704312,-0.003545,-0.200000,-0.353545,-0.353545,0.060000,0.030000,0.200000,0.300000,6.000000,-0.150000,0.000001,0.000001,-0.000000
44.133000,0.014000,1.000000,0.142918,0.200000,0.200000,-0.057082,-7.705112,-0.003425,-0.200000,-0.353425,-0.353425,0.060000,0.030000,0.200000,0.300000,6.000000,-0.150000,0.000001,0.000001,-0.000000
44.149000,0.016000,1.000000,0.145198,0.200000,0.200000,-0.054802,-7.705988,-0.003288,-0.200000,-0.353288,-0.353288,0.060000,0.030000,0.200000,0.300000,6.000000,-0.150000,0.000001,0.000001,-0.000000
44.165000,0.016000,1.000000,0.147471,0.200000,0.200000,-0.052529,-7.706829,-0.003152,-0.200000,-0.353152,-0.353152,0.060000,0.030000,0.200000,0.300000,6.000000,-0.150000,0.000001,0.000001,-0.000000
44.179000,0.014000,1.000000,0.149456,0.200000,0.200000,-0.050544,-7.707537,-0.003033,-0.200000,-0.353033,-0.353033,0.060000,0.030000,0.200000,0.300000,6.000000,-0.150000,0.000001,0.000001,-0.000000
44.196000,0.017000,1.000000,0.151859,0.200000,0.200000,-0.048141,-7.708355,-0.002888,-0.200000,-0.352888,-0.352888,0.060000,0.030000,0.200000,0.300000,6.000000,-0.150000,0.000001,0.000001,-0.000000
44.212000,0.016000,1.000000,0.154114,0.200000,0.200000,-0.045886,-7.709089,-0.002753,-0.200000,-0.352753,-0.352753,0.060000,0.030000,0.200000,0.300000,6.000000,-0.150000,0.000001,0.000001,-0.000000
44.229000,0.017000,1.000000,0.156504,0.200000,0.200000,-0.043496,-7.709829,-0.002610,-0.200000,-0.352610,-0.352610,0.060000,0.030000,0.200000,0.300000,6.000000,-0.150000,0.000001,0.000001,-0.000000
44.246000,0.017000,1.000000,0.158887,0.200000,0.200000,-0.041112,-7.710528,-0.002467,-0.200000,-0.352467,-0.352467,0.060000,0.030000,0.200000,0.300000,6.000000,-0.150000,0.000001,0.000001,-0.000000
44.262000,0.016000,1.000000,0.161124,0.200000,0.200000,-0.038875,-7.711150,-0.002333,-0.200000,-0.352333,-0.352333,0.060000,0.030000,0.200000,0.300000,6.000000,-0.150000,0.000001,0.000001,-0.000000
44.275000,0.013000,1.000000,0.162938,0.200000,0.200000,-0.037062,-7.711631,-0.002224,-0.200000,-0.352224,-0.352224,0.060000,0.030000,0.200000,0.300000,6.000000,-0.150000,0.000001,0.000001,-0.000000
44.289000,0.014000,1.000000,0.164887,0.200000,0.200000,-0.035113,-7.712123,-0.002107,-0.200000,-0.352107,-0.352107,0.060000,0.030000,0.200000,0.300000,6.000000,-0.150000,0.000001,0.000001,-0.000000
44.305000,0.016000,1.000000,0.167108,0.200000,0.200000,-0.032892,-7.712649,-0.001974,-0.200000,-0.351974,-0.351974,0.060000,0.030000,0.200000,0.300000,6.000000,-0.150000,0.000001,0.000001,-0.000000
44.322000,0.017000,1.000000,0.169461,0.200000,0.200000,-0.030539,-7.713169,-0.001832,-0.200000,-0.351832,-0.351832,0.060000,0.030000,0.200000,0.300000,6.000000,-0.150000,0.000001,0.000001,-0.000000
44.335000,0.013000,1.000000,0.171257,0.200000,0.200000,-0.028743,-7.713542,-0.001725,-0.200000,-0.351725,-0.351725,0.060000,0.030000,0.200000,0.300000,6.000000,-0.150000,0.000001,0.000001,-0.000000
44.353000,0.018000,1.000000,0.173735,0.200000,0.200000,-0.026265,-7.714015,-0.001576,-0.200000,-0.351576,-0.351576,0.060000,0.030000,0.200000,0.300000,6.000000,-0.150000,0.000001,0.000001,-0.000000
44.370000,0.017000,1.000000,0.176070,0.200000,0.200000,-0.023930,-7.714422,-0.001436,-0.200000,-0.351436,-0.351436,0.060000,0.030000,0.200000,0.300000,6.000000,-0.150000,0.000001,0.000001,-0.000000
44.386000,0.016000,1.000000,0.178261,0.200000,0.200000,-0.021739,-7.714769,-0.001304,-0.200000,-0.351304,-0.351304,0.060000,0.030000,0.200000,0.300000,6.000000,-0.150000,0.000001,0.000001,-0.000000
44.403000,0.017000,1.000000,0.180583,0.200000,0.200000,-0.019417,-7.715099,-0.001165,-0.200000,-0.351165,-0.351165,0.060000,0.030000,0.200000,0.300000,6.000000,-0.150000,0.000001,0.000001,-0.000000
44.418000,0.015000,1.000000,0.182626,0.200000,0.200000,-0.017374,-7.715360,-0.001042,-0.200000,-0.351042,-0.351042,0.060000,0.030000,0.200000,0.300000,6.000000,-0.150000,0.000001,0.000001,-0.000000
44.434000,0.016000,1.000000,0.184800,0.200000,0.200000,-0.015200,-7.715603,-0.000912,-0.200000,-0.350912,-0.350912,0.060000,0.030000,0.200000,0.300000,6.000000,-0.150000,0.000001,0.000001,-0.000000
44.451000,0.017000,1.000000,0.187103,0.200000,0.200000,-0.012897,-7.715823,-0.000774,-0.200000,-0.350774,-0.350774,0.060000,0.030000,0.200000,0.300000,6.000000,-0.150000,0.000001,0.000001,-0.000000
44.468000,0.017000,1.000000,0.189400,0.200000,0.200000,-0.010600,-7.716003,-0.000636,-0.200000,-0.350636,-0.350636,0.060000,0.030000,0.200000,0.300000,6.000000,-0.150000,0.000001,0.000001,-0.000000
44.484000,0.016000,1.000000,0.191556,0.200000,0.200000,-0.008444,-7.716138,-0.000507,-0.200000,-0.350507,-0.350507,0.060000,0.030000,0.200000,0.300000,6.000000,-0.150000,0.000001,0.000001,-0.000000
44.499000,0.015000,1.000000,0.193572,0.200000,0.200000,-0.006428,-7.716234,-0.000386,-0.200000,-0.350386,-0.350386,0.060000,0.030000,0.200000,0.300000,6.000000,-0.150000,0.000001,0.000001,-0.000000
44.513000,0.014000,1.000000,0.195449,0.200000,0.200000,-0.004551,-7.716298,-0.000273,-0.200000,-0.350273,-0.350273,0.060000,0.030000,0.200000,0.300000,6.000000,-0.150000,0.000001,0.000001,-0.000000
44.528000,0.015000,1.000000,0.197456,0.200000,0.200000,-0.002544,-7.716336,-0.000153,-0.200000,-0.350153,-0.350153,0.060000,0.030000,0.200000,0.300000,6.000000,-0.150000,0.000001,0.000001,-0.000000
44.543000,0.015000,1.000000,0.199457,0.200000,0.200000,-0.000543,-7.716344,-0.000033,-0.200000,-0.350033,-0.350033,0.060000,0.030000,0.200000,0.300000,6.000000,-0.150000,0.000001,0.000001,-0.000000
44.560000,0.017000,1.000000,0.201719,0.200000,0.200000,0.001719,-7.716315,0.000103,-0.200000,-0.349897,-0.349897,0.060000,0.030000,0.200000,0.300000,6.000000,-0.150000,0.000001,0.000001,-0.000000
44.573000,0.013000,1.000000,0.203445,0.200000,0.200000,0.003445,-7.716270,0.000207,-0.200000,-0.349793,-0.349793,0.060000,0.030000,0.200000,0.300000,6.000000,-0.150000,0.000001,0.000001,-0.000000
44.587000,0.014000,1.000000,0.205299,0.200000,0.200000,0.005299,-7.716196,0.000318,-0.200000,-0.349682,-0.349682,0.060000,0.030000,0.200000,0.300000,6.000000,-0.150000,0.000001,0.000001,-0.000000
44.599000,0.012000,1.000000,0.206885,0.200000,0.200000,0.006885,-7.716114,0.000413,-0.200000,-0.349587,-0.349587,0.060000,0.030000,0.200000,0.300000,6.000000,-0.150000,0.000001,0.000001,-0.000000
44.613000,0.014000,1.000000,0.208731,0.200000,0.200000,0.008731,-7.715991,0.000524,-0.200000,-0.349476,-0.349476,0.060000,0.030000,0.200000,0.300000,6.000000,-0.150000,0.000001,0.000001,-0.000000
44.625000,0.012000,1.000000,0.210311,0.200000,0.200000,0.010311,-7.715868,0.000619,-0.200000,-0.349381,-0.349381,0.060000,0.030000,0.200000,0.300000,6.000000,-0.150000,0.000001,0.000001,-0.000000
44.638000,0.013000,1.000000,0.212018,0.200000,0.200000,0.012018,-7.715712,0.000721,-0.200000,-0.349279,-0.349279,0.060000,0.030000,0.200000,0.300000,6.000000,-0.150000,0.000001,0.000001,-0.000000
44.648000,0.010000,1.000000,0.213329,0.200000,0.200000,0.013329,-7.715578,0.000800,-0.200000,-0.349200,-0.349200,0.060000,0.030000,0.200000,0.300000,6.000000,-0.150000,0.000001,0.000001,-0.000000
44.662000,0.014000,1.000000,0.215161,0.200000,0.200000,0.015161,-7.715366,0.000910,-0.200000,-0.349090,-0.349090,0.060000,0.030000,0.200000,0.300000,6.000000,-0.150000,0.000001,0.000001,-0.000000
44.675000,0.013000,1.000000,0.216857,0.200000,0.200000,0.016857,-7.715147,0.001011,-0.200000,-0.348989,-0.348989,0.060000,0.030000,0.200000,0.300000,6.000000,-0.150000,0.000001,0.000001,-0.000000
44.686000,0.011000,1.000000,0.218290,0.200000,0.200000,0.018290,-7.714945,0.001097,-0.200000,-0.348903,-0.348903,0.060000,0.030000,0.200000,0.300000,6.000000,-0.150000,0.000001,0.000001,-0.000000
44.698000,0.012000,1.000000,0.219851,0.200000,0.200000,0.019851,-7.714707,0.001191,-0.200000,-0.348809,-0.348809,0.060000,0.030000,0.200000,0.300000,6.000000,-0.150000,0.000001,0.000001,-0.000000
44.711000,0.013000,1.000000,0.221537,0.200000,0.200000,0.021537,-7.714427,0.001292,-0.200000,-0.348708,-0.348708,0.060000,0.030000,0.200000,0.300000,6.000000,-0.150000,0.000001,0.000001,-0.000000
44.723000,0.012000,1.000000,0.223091,0.200000,0.200000,0.023091,-7.714150,0.001385,-0.200000,-0.348615,-0.348615,0.060000,0.030000,0.200000,0.300000,6.000000,-0.150000,0.000001,0.000001,-0.000000
44.733000,0.010000,1.000000,0.224384,0.200000,0.200000,0.024384,-7.713906,0.001463,-0.200000,-0.348537,-0.348537,0.060000,0.030000,0.200000,0.300000,6.000000,-0.150000,0.000001,0.000001,-0.000000
44.745000,0.012000,1.000000,0.225932,0.200000,0.200000,0.025932,-7.713595,0.001556,-0.200000,-0.348444,-0.348444,0.060000,0.030000,0.200000,0.300000,6.000000,-0.150000,0.000001,0.000001,-0.000000
44.758000,0.013000,1.000000,0.227606,0.200000,0.200000,0.027606,-7.713236,0.001656,-0.200000,-0.348344,-0.348344,0.060000,0.030000,0.200000,0.300000,6.000000,-0.150000,0.000001,0.000001,-0.000000
44.770000,0.012000,1.000000,0.229147,0.200000,0.200000,0.029147,-7.712886,0.001749,-0.200000,-0.348251,-0.348251,0.060000,0.030000,0.200000,0.300000,6.000000,-0.150000,0.000001,0.000001,-0.000000
44.781000,0.011000,1.000000,0.230558,0.200000,0.200000,0.030558,-7.712550,0.001833,-0.200000,-0.348167,-0.348167,0.060000,0.030000,0.200000,0.300000,6.000000,-0.150000,0.000001,0.000001,-0.000000
44.793000,0.012000,1.000000,0.232094,0.200000,0.200000,0.032094,-7.712164,0.001926,-0.200000,-0.348074,-0.348074,0.060000,0.030000,0.200000,0.300000,6.000000,-0.150000,0.000001,0.000001,-0.000000
44.805000,0.012000,1.000000,0.233626,0.200000,0.200000,0.033627,-7.711761,0.002018,-0.200000,-0.347982,-0.347982,0.060000,0.030000,0.200000,0.300000,6.000000,-0.150000,0.000001,0.000001,-0.000000
44.815000,0.010000,1.000000,0.234902,0.200000,0.200000,0.034902,-7.711412,0.002094,-0.200000,-0.347906,-0.347906,0.060000,0.030000,0.200000,0.300000,6.000000,-0.150000,0.000001,0.000001,-0.000000
44.828000,0.013000,1.000000,0.236556,0.200000,0.200000,0.036556,-7.710937,0.002193,-0.200000,-0.347807,-0.347807,0.060000,0.030000,0.200000,0.300000,6.000000,-0.150000,0.000001,0.000001,-0.000000
44.840000,0.012000,1.000000,0.238080,0.200000,0.200000,0.038080,-7.710480,0.002285,-0.200000,-0.347715,-0.347715,0.060000,0.030000,0.200000,0.300000,6.000000,-0.150000,0.000001,0.000001,-0.000000
44.853000,0.013000,1.000000,0.239727,0.200000,0.200000,0.039727,-7.709963,0.002384,-0.200000,-0.347616,-0.347616,0.060000,0.030000,0.200000,0.300000,6.000000,-0.150000,0.000001,0.000001,-0.000000
44.865000,0.012000,1.000000,0.241244,0.200000,0.200000,0.041244,-7.709468,0.002475,-0.200000,-0.347525,-0.347525,0.060000,0.030000,0.200000,0.300000,6.000000,-0.150000,0.000001,0.000001,-0.000000
44.876000,0.011000,1.000000,0.242633,0.200000,0.200000,0.042633,-7.709000,0.002558,-0.200000,-0.347442,-0.347442,0.060000,0.030000,0.200000,0.300000,6.000000,-0.150000,0.000001,0.000001,-0.000000
44.890000,0.014000,1.000000,0.244396,0.200000,0.200000,0.044396,-7.708378,0.002664,-0.200000,-0.347336,-0.347336,0.060000,0.030000,0.200000,0.300000,6.000000,-0.150000,0.000001,0.000001,-0.000000
44.900000,0.010000,1.000000,0.245653,0.200000,0.200000,0.045653,-7.707922,0.002739,-0.200000,-0.347261,-0.347261,0.060000,0.030000,0.200000,0.300000,6.000000,-0.150000,0.000001,0.000001,-0.000000
44.912000,0.012000,1.000000,0.247159,0.200000,0.200000,0.047159,-7.707356,0.002830,-0.200000,-0.347170,-0.347170,0.060000,0.030000,0.200000,0.300000,6.000000,-0.150000,0.000001,0.000001,-0.000000
44.925000,0.013000,1.000000,0.248787,0.200000,0.200000,0.048787,-7.706722,0.002927,-0.200000,-0.347073,-0.347073,0.060000,0.030000,0.200000,0.300000,6.000000,-0.150000,0.000001,0.000001,-0.000000
44.937000,0.012000,1.000000,0.250286,0.200000,0.200000,0.050286,-7.706119,0.003017,-0.200000,-0.346983,-0.346983,0.060000,0.030000,0.200000,0.300000,6.000000,-0.150000,0.000001,0.000001,-0.000000
44.947000,0.010000,1.000000,0.251533,0.200000,0.200000,0.051533,-7.705603,0.003092,-0.200000,-0.346908,-0.346908,0.060000,0.030000,0.200000,0.300000,6.000000,-0.150000,0.000001,0.000001,-0.000000
44.963000,0.016000,1.000000,0.253524,0.200000,0.200000,0.053524,-7.704747,0.003211,-0.200000,-0.346789,-0.346789,0.060000,0.030000,0.200000,0.300000,6.000000,-0.150000,0.000001,0.000001,-0.000000
44.975000,0.012000,1.000000,0.255014,0.200000,0.200000,0.055014,-7.704087,0.003301,-0.200000,-0.346699,-0.346699,0.060000,0.030000,0.200000,0.300000,6.000000,-0.150000,0.000001,0.000001,-0.000000
44.987000,0.012000,1.000000,0.256501,0.200000,0.200000,0.056501,-7.703409,0.003390,-0.200000,-0.346610,-0.346610,0.060000,0.030000,0.200000,0.300000,6.000000,-0.150000,0.000001,0.000001,-0.000000
44.999000,0.012000,1.000000,0.257985,0.200000,0.200000,0.057985,-7.702713,0.003479,-0.200000,-0.346521,-0.346521,0.060000,0.030000,0.200000,0.300000,6.000000,-0.150000,0.000001,0.000001,-0.000000
45.012000,0.013000,1.000000,0.259589,0.200000,0.200000,0.059589,-7.701938,0.003575,-0.200000,-0.346425,-0.346425,0.060000,0.030000,0.200000,0.300000,6.000000,-0.150000,0.000001,0.000001,-0.000000
45.027000,0.015000,1.000000,0.261436,0.200000,0.200000,0.061436,-7.701016,0.003686,-0.200000,-0.346314,-0.346314,0.060000,0.030000,0.200000,0.300000,6.000000,-0.150000,0.000001,0.000001,-0.000000
45.045000,0.018000,1.000000,0.263645,0.200000,0.200000,0.063645,-7.699871,0.003819,-0.200000,-0.346181,-0.346181,0.060000,0.030000,0.200000,0.300000,6.000000,-0.150000,0.000001,0.000001,-0.000000
45.062000,0.017000,1.000000,0.265725,0.200000,0.200000,0.065725,-7.698754,0.003944,-0.200000,-0.346056,-0.346056,0.060000,0.030000,0.200000,0.300000,6.000000,-0.150000,0.000001,0.000001,-0.000000
45.079000,0.017000,1.000000,0.267800,0.200000,0.200000,0.067800,-7.697601,0.004068,-0.200000,-0.345932,-0.345932,0.060000,0.030000,0.200000,0.300000,6.000000,-0.150000,0.000001,0.000001,-0.000000
45.094000,0.015000,1.000000,0.269626,0.200000,0.200000,0.069626,-7.696557,0.004178,-0.200000,-0.345822,-0.345822,0.060000,0.030000,0.200000,0.300000,6.000000,-0.150000,0.000001,0.000001,-0.000000
45.108000,0.014000,1.000000,0.271326,0.200000,0.200000,0.071326,-7.695559,0.004280,-0.200000,-0.345720,-0.345720,0.060000,0.030000,0.200000,0.300000,6.000000,-0.150000,0.000001,0.000001,-0.000000
45.125000,0.017000,1.000000,0.273385,0.200000,0.200000,0.073385,-7.694311,0.004403,-0.200000,-0.345597,-0.345597,0.060000,0.030000,0.200000,0.300000,6.000000,-0.150000,0.000001,0.000001,-0.000000
45.141000,0.016000,1.000000,0.275317,0.200000,0.200000,0.075317,-7.693106,0.004519,-0.200000,-0.345481,-0.345481,0.060000,0.030000,0.200000,0.300000,6.000000,-0.150000,0.000001,0.000001,-0.000000
45.160000,0.019000,1.000000,0.277605,0.200000,0.200000,0.077605,-7.691632,0.004656,-0.200000,-0.345344,-0.345344,0.060000,0.030000,0.200000,0.300000,6.000000,-0.150000,0.000001,0.000001,-0.000000
45.175000,0.015000,1.000000,0.279406,0.200000,0.200000,0.079406,-7.690441,0.004764,-0.200000,-0.345236,-0.345236,0.060000,0.030000,0.200000,0.300000,6.000000,-0.150000,0.000001,0.000001,-0.000000
45.190000,0.015000,1.000000,0.281203,0.200000,0.200000,0.081203,-7.689223,0.004872,-0.200000,-0.345128,-0.345128,0.060000,0.030000,0.200000,0.300000,6.000000,-0.150000,0.000001,0.000001,-0.000000
45.206000,0.016000,1.000000,0.283115,0.200000,0.200000,0.083115,-7.687893,0.004987,-0.200000,-0.345013,-0.345013,0.060000,0.030000,0.200000,0.300000,6.000000,-0.150000,0.000001,0.000001,-0.000000
45.221000,0.015000,1.000000,0.284903,0.200000,0.200000,0.084903,-7.686619,0.005094,-0.200000,-0.344906,-0.344906,0.060000,0.030000,0.200000,0.300000,6.000000,-0.150000,0.000001,0.000001,-0.000000
45.237000,0.016000,1.000000,0.286804,0.200000,0.200000,0.086804,-7.685230,0.005208,-0.200000,-0.344792,-0.344792,0.060000,0.030000,0.200000,0.300000,6.000000,-0.150000,0.000001,0.000001,-0.000000
45.253000,0.016000,1.000000,0.288701,0.200000,0.200000,0.088701,-7.683811,0.005322,-0.200000,-0.344678,-0.344678,0.060000,0.030000,0.200000,0.300000,6.000000,-0.150000,0.000001,0.000001,-0.000000
45.269000,0.016000,1.000000,0.290593,0.200000,0.200000,0.090593,-7.682362,0.005436,-0.200000,-0.344564,-0.344564,0.060000,0.030000,0.200000,0.300000,6.000000,-0.150000,0.000001,0.000001,-0.000000
45.284000,0.015000,1.000000,0.292362,0.200000,0.200000,0.092362,-7.680976,0.005542,-0.200000,-0.344458,-0.344458,0.060000,0.030000,0.200000,0.300000,6.000000,-0.150000,0.000001,0.000001,-0.000000
45.298000,0.014000,1.000000,0.294009,0.200000,0.200000,0.094009,-7.679660,0.005641,-0.200000,-0.344359,-0.344359,0.060000,0.030000,0.200000,0.300000,6.000000,-0.150000,0.000001,0.000001,-0.000000
45.314000,0.016000,1.000000,0.295887,0.200000,0.200000,0.095887,-7.678126,0.005753,-0.200000,-0.344247,-0.344247,0.060000,0.030000,0.200000,0.300000,6.000000,-0.150000,0.000001,0.000001,-0.000000
45.329000,0.015000,1.000000,0.297643,0.200000,0.200000,0.097643,-7.676661,0.005859,-0.200000,-0.344141,-0.344141,0.060000,0.030000,0.200000,0.300000,6.000000,-0.150000,0.000001,0.000001,-0.000000
45.340000,0.011000,1.000000,0.298928,0.200000,0.200000,0.098928,-7.675573,0.005936,-0.200000,-0.344064,-0.344064,0.060000,0.030000,0.200000,0.300000,6.000000,-0.150000,0.000001,0.000001,-0.000000
45.355000,0.015000,1.000000,0.300676,0.200000,0.200000,0.100677,-7.674063,0.006041,-0.200000,-0.343959,-0.343959,0.060000,0.030000,0.200000,0.300000,6.000000,-0.150000,0.000001,0.000001,-0.000000
45.366000,0.011000,1.000000,0.301956,0.200000,0.200000,0.101956,-7.672942,0.006117,-0.200000,-0.343883,-0.343883,0.060000,0.030000,0.200000,0.300000,6.000000,-0.150000,0.000001,0.000001,-0.000000
45.377000,0.011000,1.000000,0.303234,0.200000,0.200000,0.103234,-7.671806,0.006194,-0.200000,-0.343806,-0.343806,0.060000,0.030000,0.200000,0.300000,6.000000,-0.150000,0.000001,0.000001,-0.000000
45.390000,0.013000,1.000000,0.304740,0.200000,0.200000,0.104740,-7.670444,0.006284,-0.200000,-0.343716,-0.343716,0.060000,0.030000,0.200000,0.300000,6.000000,-0.150000,0.000001,0.000001,-0.000000
45.400000,0.010000,1.000000,0.305897,0.200000,0.200000,0.105897,-7.669385,0.006354,-0.200000,-0.343646,-0.343646,0.060000,0.030000,0.200000,0.300000,6.000000,-0.150000,0.000001,0.000001,-0.000000
45.411000,0.011000,1.000000,0.307167,0.200000,0.200000,0.107167,-7.668207,0.006430,-0.200000,-0.343570,-0.343570,0.060000,0.030000,0.200000,0.300000,6.000000,-0.150000,0.000001,0.000001,-0.000000
45.423000,0.012000,1.000000,0.308550,0.200000,0.200000,0.108550,-7.666904,0.006513,-0.200000,-0.343487,-0.343487,0.060000,0.030000,0.200000,0.300000,6.000000,-0.150000,0.000001,0.000001,-0.000000
45.434000,0.011000,1.000000,0.309815,0.200000,0.200000,0.109815,-7.665696,0.006589,-0.200000,-0.343411,-0.343411,0.060000,0.030000,0.200000,0.300000,6.000000,-0.150000,0.000001,0.000001,-0.000000
45.445000,0.011000,1.000000,0.311078,0.200000,0.200000,0.111078,-7.664474,0.006665,-0.200000,-0.343335,-0.343335,0.060000,0.030000,0.200000,0.300000,6.000000,-0.150000,0.000001,0.000001,-0.000000
45.458000,0.013000,1.000000,0.312568,0.200000,0.200000,0.112568,-7.663011,0.006754,-0.200000,-0.343246,-0.343246,0.060000,0.030000,0.200000,0.300000,6.000000,-0.150000,0.000001,0.000001,-0.000000
45.470000,0.012000,1.000000,0.313940,0.200000,0.200000,0.113940,-7.661644,0.006836,-0.200000,-0.343164,-0.343164,0.060000,0.030000,0.200000,0.300000,6.000000,-0.150000,0.000001,0.000001,-0.000000
45.482000,0.012000,1.000000,0.315309,0.200000,0.200000,0.115309,-7.660260,0.006919,-0.200000,-0.343081,-0.343081,0.060000,0.030000,0.200000,0.300000,6.000000,-0.150000,0.000001,0.000001,-0.000000
45.494000,0.012000,1.000000,0.316676,0.200000,0.200000,0.116676,-7.658860,0.007001,-0.200000,-0.342999,-0.342999,0.060000,0.030000,0.200000,0.300000,6.000000,-0.150000,0.000001,0.000001,-0.000000
45.506000,0.012000,1.000000,0.318040,0.200000,0.200000,0.118040,-7.657444,0.007082,-0.200000,-0.342918,-0.342918,0.060000,0.030000,0.200000,0.300000,6.000000,-0.150000,0.000001,0.000001,-0.000000
45.517000,0.011000,1.000000,0.319288,0.200000,0.200000,0.119288,-7.656131,0.007157,-0.200000,-0.342843,-0.342843,0.060000,0.030000,0.200000,0.300000,6.000000,-0.150000,0.000001,0.000001,-0.000000
45.528000,0.011000,1.000000,0.320533,0.200000,0.200000,0.120533,-7.654805,0.007232,-0.200000,-0.342768,-0.342768,0.060000,0.030000,0.200000,0.300000,6.000000,-0.150000,0.000001,0.000001,-0.000000
45.540000,0.012000,1.000000,0.321890,0.200000,0.200000,0.121890,-7.653343,0.007313,-0.200000,-0.342687,-0.342687,0.060000,0.030000,0.200000,0.300000,6.000000,-0.150000,0.000001,0.000001,-0.000000
45.553000,0.013000,1.000000,0.323356,0.200000,0.200000,0.123356,-7.651739,0.007401,-0.200000,-0.342599,-0.342599,0.060000,0.030000,0.200000,0.300000,6.000000,-0.150000,0.000001,0.000001,-0.000000
45.567000,0.014000,1.000000,0.324931,0.200000,0.200000,0.124931,-7.649990,0.007496,-0.200000,-0.342504,-0.342504,0.060000,0.030000,0.200000,0.300000,6.000000,-0.150000,0.000001,0.000001,-0.000000
45.580000,0.013000,1.000000,0.326390,0.200000,0.200000,0.126390,-7.648347,0.007583,-0.200000,-0.342417,-0.342417,0.060000,0.030000,0.200000,0.300000,6.000000,-0.150000,0.000001,0.000001,-0.000000
45.592000,0.012000,1.000000,0.327735,0.200000,0.200000,0.127735,-7.646814,0.007664,-0.200000,-0.342336,-0.342336,0.060000,0.030000,0.200000,0.300000,6.000000,-0.150000,0.000001,0.000001,-0.000000
45.604000,0.012000,1.000000,0.329077,0.200000,0.200000,0.129077,-7.645265,0.007745,-0.200000,-0.342255,-0.342255,0.060000,0.030000,0.200000,0.300000,6.000000,-0.150000,0.000001,0.000001,-0.000000
45.615000,0.011000,1.000000,0.330304,0.200000,0.200000,0.130304,-7.643832,0.007818,-0.200000,-0.342182,-0.342182,0.060000,0.030000,0.200000,0.300000,6.000000,-0.150000,0.000001,0.000001,-0.000000
45.627000,0.012000,1.000000,0.331641,0.200000,0.200000,0.131641,-7.642252,0.007898,-0.200000,-0.342102,-0.342102,0.060000,0.030000,0.200000,0.300000,6.000000,-0.150000,0.000001,0.000001,-0.000000
45.639000,0.012000,1.000000,0.332975,0.200000,0.200000,0.132975,-7.640656,0.007979,-0.200000,-0.342021,-0.342021,0.060000,0.030000,0.200000,0.300000,6.000000,-0.150000,0.000001,0.000001,-0.000000
45.649000,0.010000,1.000000,0.334085,0.200000,0.200000,0.134085,-7.639316,0.008045,-0.200000,-0.341955,-0.341955,0.060000,0.030000,0.200000,0.300000,6.000000,-0.150000,0.000001,0.000001,-0.000000
45.661000,0.012000,1.000000,0.335414,0.200000,0.200000,0.135414,-7.637691,0.008125,-0.200000,-0.341875,-0.341875,0.060000,0.030000,0.200000,0.300000,6.000000,-0.150000,0.000001,0.000001,-0.000000
45.674000,0.013000,1.000000,0.336851,0.200000,0.200000,0.136851,-7.635911,0.008211,-0.200000,-0.341789,-0.341789,0.060000,0.030000,0.200000,0.300000,6.000000,-0.150000,0.000001,0.000001,-0.000000
45.685000,0.011000,1.000000,0.338065,0.200000,0.200000,0.138065,-7.634393,0.008284,-0.200000,-0.341716,-0.341716,0.060000,0.030000,0.200000,0.300000,6.000000,-0.150000,0.000001,0.000001,-0.000000
45.695000,0.010000,1.000000,0.339166,0.200000,0.200000,0.139166,-7.633001,0.008350,-0.200000,-0.341650,-0.341650,0.060000,0.030000,0.200000,0.300000,6.000000,-0.150000,0.000001,0.000001,-0.000000
45.708000,0.013000,1.000000,0.340595,0.200000,0.200000,0.140595,-7.631173,0.008436,-0.200000,-0.341564,-0.341564,0.060000,0.030000,0.200000,0.300000,6.000000,-0.150000,0.000001,0.000001,-0.000000
45.720000,0.012000,1.000000,0.341911,0.200000,0.200000,0.141911,-7.629470,0.008515,-0.200000,-0.341485,-0.341485,0.060000,0.030000,0.200000,0.300000,6.000000,-0.150000,0.000001,0.000001,-0.000000
45.731000,0.011000,1.000000,0.343115,0.200000,0.200000,0.143115,-7.627896,0.008587,-0.200000,-0.341413,-0.341413,0.060000,0.030000,0.200000,0.300000,6.000000,-0.150000,0.000001,0.000001,-0.000000
45.744000,0.013000,1.000000,0.344535,0.200000,0.200000,0.144535,-7.626017,0.008672,-0.200000,-0.341328,-0.341328,0.060000,0.030000,0.200000,0.300000,6.000000,-0.150000,0.000001,0.000001,-0.000000
45.757000,0.013000,1.000000,0.345953,0.200000,0.200000,0.145953,-7.624120,0.008757,-0.200000,-0.341243,-0.341243,0.060000,0.030000,0.200000,0.300000,6.000000,-0.150000,0.000001,0.000001,-0.000000
45.769000,0.012000,1.000000,0.347258,0.200000,0.200000,0.147258,-7.622353,0.008835,-0.200000,-0.341165,-0.341165,0.060000,0.030000,0.200000,0.300000,6.000000,-0.150000,0.000001,0.000001,-0.000000
45.780000,0.011000,1.000000,0.348453,0.200000,0.200000,0.148453,-7.620719,0.008907,-0.200000,-0.341093,-0.341093,0.060000,0.030000,0.200000,0.300000,6.000000,-0.150000,0.000001,0.000001,-0.000000
45.793000,0.013000,1.000000,0.349861,0.200000,0.200000,0.149861,-7.618771,0.008992,-0.200000,-0.341008,-0.341008,0.060000,0.030000,0.200000,0.300000,6.000000,-0.150000,0.000001,0.000001,-0.000000
45.805000,0.012000,1.000000,0.351159,0.200000,0.200000,0.151159,-7.616957,0.009070,-0.200000,-0.340930,-0.340930,0.060000,0.030000,0.200000,0.300000,6.000000,-0.150000,0.000001,0.000001,-0.000000
45.816000,0.011000,1.000000,0.352346,0.200000,0.200000,0.152346,-7.615282,0.009141,-0.200000,-0.340859,-0.340859,0.060000,0.030000,0.200000,0.300000,6.000000,-0.150000,0.000001,0.000001,-0.000000
45.829000,0.013000,1.000000,0.353746,0.200000,0.200000,0.153746,-7.613283,0.009225,-0.200000,-0.340775,-0.340775,0.060000,0.030000,0.200000,0.300000,6.000000,-0.150000,0.000001,0.000001,-0.000000
45.841000,0.012000,1.000000,0.355036,0.200000,0.200000,0.155036,-7.611422,0.009302,-0.200000,-0.340698,-0.340698,0.060000,0.030000,0.200000,0.300000,6.000000,-0.150000,0.000001,0.000001,-0.000000
45.854000,0.013000,1.000000,0.356431,0.200000,0.200000,0.156431,-7.609388,0.009386,-0.200000,-0.340614,-0.340614,0.060000,0.030000,0.200000,0.300000,6.000000,-0.150000,0.000001,0.000001,-0.000000
45.866000,0.012000,1.000000,0.357715,0.200000,0.200000,0.157715,-7.607496,0.009463,-0.200000,-0.340537,-0.340537,0.060000,0.030000,0.200000,0.300000,6.000000,-0.150000,0.000001,0.000001,-0.000000
45.877000,0.011000,1.000000,0.358891,0.200000,0.200000,0.158891,-7.605748,0.009533,-0.200000,-0.340467,-0.340467,0.060000,0.030000,0.200000,0.300000,6.000000,-0.150000,0.000001,0.000001,-0.000000
45.890000,0.013000,1.000000,0.360277,0.200000,0.200000,0.160277,-7.603664,0.009617,-0.200000,-0.340383,-0.340383,0.060000,0.030000,0.200000,0.300000,6.000000,-0.150000,0.000001,0.000001,-0.000000
45.902000,0.012000,1.000000,0.361554,0.200000,0.200000,0.161554,-7.601726,0.009693,-0.200000,-0.340307,-0.340307,0.060000,0.030000,0.200000,0.300000,6.000000,-0.150000,0.000001,0.000001,-0.000000
45.912000,0.010000,1.000000,0.362616,0.200000,0.200000,0.162616,-7.600100,0.009757,-0.200000,-0.340243,-0.340243,0.060000,0.030000,0.200000,0.300000,6.000000,-0.150000,0.000001,0.000001,-0.000000
45.924000,0.012000,1.000000,0.363888,0.200000,0.200000,0.163888,-7.598133,0.009833,-0.200000,-0.340167,-0.340167,0.060000,0.030000,0.200000,0.300000,6.000000,-0.150000,0.000001,0.000001,-0.000000
45.936000,0.012000,1.000000,0.365158,0.200000,0.200000,0.165158,-7.596151,0.009909,-0.200000,-0.340091,-0.340091,0.060000,0.030000,0.200000,0.300000,6.000000,-0.150000,0.000001,0.000001,-0.000000
45.949000,0.013000,1.000000,0.366530,0.200000,0.200000,0.166530,-7.593987,0.009992,-0.200000,-0.340008,-0.340008,0.060000,0.030000,0.200000,0.300000,6.000000,-0.150000,0.000001,0.000001,-0.000000
45.962000,0.013000,1.000000,0.367900,0.200000,0.200000,0.167900,-7.591804,0.010074,-0.200000,-0.339926,-0.339926,0.060000,0.030000,0.200000,0.300000,6.000000,-0.150000,0.000001,0.000001,-0.000000
45.975000,0.013000,1.000000,0.369266,0.200000,0.200000,0.169266,-7.589603,0.010156,-0.200000,-0.339844,-0.339844,0.060000,0.030000,0.200000,0.300000,6.000000,-0.150000,0.000001,0.000001,-0.000000
45.987000,0.012000,1.000000,0.370525,0.200000,0.200000,0.170525,-7.587557,0.010232,-0.200000,-0.339768,-0.339768,0.060000,0.030000,0.200000,0.300000,6.000000,-0.150000,0.000001,0.000001,-0.000000
45.998000,0.011000,1.000000,0.371677,0.200000,0.200000,0.171677,-7.585669,0.010301,-0.200000,-0.339699,-0.339699,0.060000,0.030000,0.200000,0.300000,6.000000,-0.150000,0.000001,0.000001,-0.000000
46.010000,0.012000,1.000000,0.372931,0.200000,0.200000,0.172931,-7.583594,0.010376,-0.200000,-0.339624,-0.339624,0.060000,0.030000,0.200000,0.300000,6.000000,-0.150000,0.000001,0.000001,-0.000000
46.021000,0.011000,1.000000,0.374079,0.200000,0.200000,0.174079,-7.581679,0.010445,-0.200000,-0.339555,-0.339555,0.060000,0.030000,0.200000,0.300000,6.000000,-0.150000,0.000001,0.000001,-0.000000
46.032000,0.011000,1.000000,0.375224,0.200000,0.200000,0.175224,-7.579751,0.010513,-0.200000,-0.339487,-0.339487,0.060000,0.030000,0.200000,0.300000,6.000000,-0.150000,0.000001,0.000001,-0.000000
46.044000,0.012000,1.000000,0.376471,0.200000,0.200000,0.176471,-7.577634,0.010588,-0.200000,-0.339412,-0.339412,0.060000,0.030000,0.200000,0.300000,6.000000,-0.150000,0.000001,0.000001,-0.000000
