6.954000,6.954000,0.300000,0.200000,0.197165,0.500000,0.100000,0.500000,-0.500000,0.050000,
6.968000,0.014000,0.300000,0.200000,0.200000,0.500000,0.100000,0.500000,-0.500000,0.050000,
6.980000,0.012000,0.300000,0.200000,0.200000,0.500000,0.100000,0.500000,-0.500000,0.050000,
6.992000,0.012000,0.300000,0.200000,0.200000,0.500000,0.100000,0.500000,-0.500000,0.050000,
7.003000,0.011000,0.300000,0.200000,0.200000,0.500000,0.100000,0.500000,-0.500000,0.050000,
7.020000,0.017000,0.300000,0.200000,0.200000,0.500000,0.100000,0.500000,-0.500000,0.050000,
7.031000,0.011000,0.300000,0.200000,0.200000,0.500000,0.100000,0.500000,-0.500000,0.050000,
7.044000,0.013000,0.300000,0.200000,0.200000,0.500000,0.100000,0.500000,-0.500000,0.050000,
7.055000,0.011000,0.300000,0.200000,0.200000,0.500000,0.100000,0.500000,-0.500000,0.050000,
7.063000,0.008000,0.300000,0.200000,0.200000,0.500000,0.100000,0.500000,-0.500000,0.050000,
7.075000,0.012000,0.300000,0.200000,0.200000,0.500000,0.100000,0.500000,-0.500000,0.050000,
7.087000,0.012000,0.300000,0.200000,0.200000,0.500000,0.100000,0.500000,-0.500000,0.050000,
7.096000,0.009000,0.300000,0.200000,0.200000,0.500000,0.100000,0.500000,-0.500000,0.050000,
7.109000,0.013000,0.300000,0.200000,0.200000,0.500000,0.100000,0.500000,-0.500000,0.050000,
7.119000,0.010000,0.300000,0.200000,0.200000,0.500000,0.100000,0.500000,-0.500000,0.050000,
7.130000,0.011000,0.300000,0.200000,0.200000,0.500000,0.100000,0.500000,-0.500000,0.050000,
7.141000,0.011000,0.300000,0.200000,0.200000,0.500000,0.100000,0.500000,-0.500000,0.050000,
7.154000,0.013000,0.300000,0.200000,0.200000,0.500000,0.100000,0.500000,-0.500000,0.050000,
7.163000,0.009000,0.300000,0.200000,0.200000,0.500000,0.100000,0.500000,-0.500000,0.050000,
7.176000,0.013000,0.300000,0.200000,0.200000,0.500000,0.100000,0.500000,-0.500000,0.050000,
7.188000,0.012000,0.300000,0.200000,0.200000,0.500000,0.100000,0.500000,-0.500000,0.050000,
7.199000,0.011000,0.300000,0.200000,0.200000,0.500000,0.100000,0.500000,-0.500000,0.050000,
7.210000,0.011000,0.300000,0.200000,0.200000,0.500000,0.100000,0.500000,-0.500000,0.050000,
7.221000,0.011000,0.300000,0.200000,0.200000,0.500000,0.100000,0.500000,-0.500000,0.050000,
7.232000,0.011000,0.300000,0.200000,0.200000,0.500000,0.100000,0.500000,-0.500000,0.050000,
7.241000,0.009000,0.300000,0.200000,0.200000,0.500000,0.100000,0.500000,-0.500000,0.050000,
7.253000,0.012000,0.300000,0.200000,0.200000,0.500000,0.100000,0.500000,-0.500000,0.050000,
7.265000,0.012000,0.300000,0.200000,0.200000,0.500000,0.100000,0.500000,-0.500000,0.050000,
7.276000,0.011000,0.300000,0.200000,0.200000,0.500000,0.100000,0.500000,-0.500000,0.050000,
7.286000,0.010000,0.300000,0.200000,0.200000,0.500000,0.100000,0.500000,-0.500000,0.050000,
7.296000,0.010000,0.300000,0.200000,0.200000,0.500000,0.100000,0.500000,-0.500000,0.050000,
7.309000,0.013000,0.300000,0.200000,0.200000,0.500000,0.100000,0.500000,-0.500000,0.050000,
7.320000,0.011000,0.300000,0.200000,0.200000,0.500000,0.100000,0.500000,-0.500000,0.050000,
7.330000,0.010000,0.300000,0.200000,0.200000,0.500000,0.100000,0.500000,-0.500000,0.050000,
7.341000,0.011000,0.300000,0.200000,0.200000,0.500000,0.100000,0.500000,-0.500000,0.050000,
7.358000,0.017000,0.300000,0.200000,0.200000,0.500000,0.100000,0.500000,-0.500000,0.050000,
7.367000,0.009000,0.300000,0.200000,0.200000,0.500000,0.100000,0.500000,-0.500000,0.050000,
7.377000,0.010000,0.300000,0.200000,0.200000,0.500000,0.100000,0.500000,-0.500000,0.050000,
7.394000,0.017000,0.300000,0.200000,0.200000,0.500000,0.100000,0.500000,-0.500000,0.050000,
7.405000,0.011000,0.300000,0.200000,0.200000,0.500000,0.100000,0.500000,-0.500000,0.050000,
7.414000,0.009000,0.300000,0.200000,0.200000,0.500000,0.100000,0.500000,-0.500000,0.050000,
7.425000,0.011000,0.300000,0.200000,0.200000,0.500000,0.100000,0.500000,-0.500000,0.050000,
7.438000,0.013000,0.300000,0.200000,0.200000,0.500000,0.100000,0.500000,-0.500000,0.050000,
7.448000,0.010000,0.300000,0.200000,0.200000,0.500000,0.100000,0.500000,-0.500000,0.050000,
7.459000,0.011000,0.300000,0.200000,0.200000,0.500000,0.100000,0.500000,-0.500000,0.050000,
7.472000,0.013000,0.300000,0.200000,0.200000,0.500000,0.100000,0.500000,-0.500000,0.050000,
7.480000,0.008000,0.300000,0.200000,0.200000,0.500000,0.100000,0.500000,-0.500000,0.050000,
7.491000,0.011000,0.300000,0.200000,0.200000,0.500000,0.100000,0.500000,-0.500000,0.050000,
7.504000,0.013000,0.300000,0.200000,0.200000,0.500000,0.100000,0.500000,-0.500000,0.050000,
7.514000,0.010000,0.300000,0.200000,0.200000,0.500000,0.100000,0.500000,-0.500000,0.050000,
7.526000,0.012000,0.300000,0.200000,0.200000,0.500000,0.100000,0.500000,-0.500000,0.050000,
7.536000,0.010000,0.300000,0.200000,0.200000,0.500000,0.100000,0.500000,-0.500000,0.050000,
7.549000,0.013000,0.300000,0.200000,0.200000,0.500000,0.100000,0.500000,-0.500000,0.050000,
7.559000,0.010000,0.300000,0.200000,0.200000,0.500000,0.100000,0.500000,-0.500000,0.050000,
7.570000,0.011000,0.300000,0.200000,0.200000,0.500000,0.100000,0.500000,-0.500000,0.050000,
7.581000,0.011000,0.300000,0.200000,0.200000,0.500000,0.100000,0.500000,-0.500000,0.050000,
7.593000,0.012000,0.300000,0.200000,0.200000,0.500000,0.100000,0.500000,-0.500000,0.050000,
7.603000,0.010000,0.300000,0.200000,0.200000,0.500000,0.100000,0.500000,-0.500000,0.050000,
7.614000,0.011000,0.300000,0.200000,0.200000,0.500000,0.100000,0.500000,-0.500000,0.050000,
7.625000,0.011000,0.300000,0.200000,0.200000,0.500000,0.100000,0.500000,-0.500000,0.050000,
7.636000,0.011000,0.300000,0.200000,0.200000,0.500000,0.100000,0.500000,-0.500000,0.050000,
7.647000,0.011000,0.300000,0.200000,0.200000,0.500000,0.100000,0.500000,-0.500000,0.050000,
7.659000,0.012000,0.300000,0.200000,0.200000,0.500000,0.100000,0.500000,-0.500000,0.050000,
7.671000,0.012000,0.300000,0.200000,0.200000,0.500000,0.100000,0.500000,-0.500000,0.050000,
7.683000,0.012000,0.300000,0.200000,0.200000,0.500000,0.100000,0.500000,-0.500000,0.050000,
7.695000,0.012000,0.300000,0.200000,0.200000,0.500000,0.100000,0.500000,-0.500000,0.050000,
7.704000,0.009000,0.300000,0.200000,0.200000,0.500000,0.100000,0.500000,-0.500000,0.050000,
7.714000,0.010000,0.300000,0.200000,0.200000,0.500000,0.100000,0.500000,-0.500000,0.050000,
7.725000,0.011000,0.300000,0.200000,0.200000,0.500000,0.100000,0.500000,-0.500000,0.050000,
7.740000,0.015000,0.300000,0.200000,0.200000,0.500000,0.100000,0.500000,-0.500000,0.050000,
7.749000,0.009000,0.300000,0.200000,0.200000,0.500000,0.100000,0.500000,-0.500000,0.050000,
7.760000,0.011000,0.300000,0.200000,0.200000,0.500000,0.100000,0.500000,-0.500000,0.050000,
7.775000,0.015000,0.300000,0.200000,0.200000,0.500000,0.100000,0.500000,-0.500000,0.050000,
7.795000,0.020000,0.300000,0.200000,0.200000,0.500000,0.100000,0.500000,-0.500000,0.050000,
7.812000,0.017000,0.300000,0.200000,0.200000,0.500000,0.100000,0.500000,-0.500000,0.050000,
7.832000,0.020000,0.300000,0.200000,0.200000,0.500000,0.100000,0.500000,-0.500000,0.050000,
7.855000,0.023000,0.300000,0.200000,0.200000,0.500000,0.100000,0.500000,-0.500000,0.050000,
7.874000,0.019000,0.300000,0.200000,0.200000,0.500000,0.100000,0.500000,-0.500000,0.050000,
7.893000,0.019000,0.300000,0.200000,0.200000,0.500000,0.100000,0.500000,-0.500000,0.050000,
7.913000,0.020000,0.300000,0.200000,0.200000,0.500000,0.100000,0.500000,-0.500000,0.050000,
7.933000,0.020000,0.300000,0.200000,0.200000,0.500000,0.100000,0.500000,-0.500000,0.050000,
7.954000,0.021000,0.300000,0.200000,0.200000,0.500000,0.100000,0.500000,-0.500000,0.050000,
7.973000,0.019000,0.300000,0.200000,0.200000,0.500000,0.100000,0.500000,-0.500000,0.050000,
7.991000,0.018000,0.300000,0.200000,0.200000,0.500000,0.100000,0.500000,-0.500000,0.050000,
8.009000,0.018000,0.300000,0.200000,0.200000,0.500000,0.100000,0.500000,-0.500000,0.050000,
8.026000,0.017000,0.300000,0.200000,0.200000,0.500000,0.100000,0.500000,-0.500000,0.050000,
8.043000,0.017000,0.300000,0.200000,0.200000,0.500000,0.100000,0.500000,-0.500000,0.050000,
8.060000,0.017000,0.300000,0.200000,0.200000,0.500000,0.100000,0.500000,-0.500000,0.050000,
8.077000,0.017000,0.300000,0.200000,0.200000,0.500000,0.100000,0.500000,-0.500000,0.050000,
8.093000,0.016000,0.300000,0.200000,0.200000,0.500000,0.100000,0.500000,-0.500000,0.050000,
8.104000,0.011000,0.300000,0.200000,0.200000,0.500000,0.100000,0.500000,-0.500000,0.050000,
8.116000,0.012000,0.300000,0.200000,0.200000,0.500000,0.100000,0.500000,-0.500000,0.050000,
8.127000,0.011000,0.300000,0.200000,0.200000,0.500000,0.100000,0.500000,-0.500000,0.050000,
8.139000,0.012000,0.300000,0.200000,0.200000,0.500000,0.100000,0.500000,-0.500000,0.050000,
8.154000,0.015000,0.300000,0.200000,0.200000,0.500000,0.100000,0.500000,-0.500000,0.050000,
8.163000,0.009000,0.300000,0.200000,0.200000,0.500000,0.100000,0.500000,-0.500000,0.050000,
8.175000,0.012000,0.300000,0.200000,0.200000,0.500000,0.100000,0.500000,-0.500000,0.050000,
8.186000,0.011000,0.300000,0.200000,0.200000,0.500000,0.100000,0.500000,-0.500000,0.050000,
8.195000,0.009000,0.300000,0.200000,0.200000,0.500000,0.100000,0.500000,-0.500000,0.050000,
8.207000,0.012000,0.300000,0.200000,0.200000,0.500000,0.100000,0.500000,-0.500000,0.050000,
8.218000,0.011000,0.300000,0.200000,0.200000,0.500000,0.100000,0.500000,-0.500000,0.050000,
8.230000,0.012000,0.300000,0.200000,0.200000,0.500000,0.100000,0.500000,-0.500000,0.050000,
8.239000,0.009000,0.300000,0.200000,0.200000,0.500000,0.100000,0.500000,-0.500000,0.050000,
8.251000,0.012000,0.300000,0.200000,0.200000,0.500000,0.100000,0.500000,-0.500000,0.050000,
8.261000,0.010000,0.300000,0.200000,0.200000,0.500000,0.100000,0.500000,-0.500000,0.050000,
8.279000,0.018000,0.300000,0.200000,0.200000,0.500000,0.100000,0.500000,-0.500000,0.050000,
8.293000,0.014000,0.300000,0.200000,0.200000,0.500000,0.100000,0.500000,-0.500000,0.050000,
8.304000,0.011000,0.300000,0.200000,0.200000,0.500000,0.100000,0.500000,-0.500000,0.050000,
8.315000,0.011000,0.300000,0.200000,0.200000,0.500000,0.100000,0.500000,-0.500000,0.050000,
8.325000,0.010000,0.300000,0.200000,0.200000,0.500000,0.100000,0.500000,-0.500000,0.050000,
8.338000,0.013000,0.300000,0.200000,0.200000,0.500000,0.100000,0.500000,-0.500000,0.050000,
8.347000,0.009000,0.300000,0.200000,0.200000,0.500000,0.100000,0.500000,-0.500000,0.050000,
8.358000,0.011000,0.300000,0.200000,0.200000,0.500000,0.100000,0.500000,-0.500000,0.050000,
8.369000,0.011000,0.300000,0.200000,0.200000,0.500000,0.100000,0.500000,-0.500000,0.050000,
8.384000,0.015000,0.300000,0.200000,0.200000,0.500000,0.100000,0.500000,-0.500000,0.050000,
8.395000,0.011000,0.300000,0.200000,0.200000,0.500000,0.100000,0.500000,-0.500000,0.050000,
8.405000,0.010000,0.300000,0.200000,0.200000,0.500000,0.100000,0.500000,-0.500000,0.050000,
8.424000,0.019000,0.300000,0.200000,0.200000,0.500000,0.100000,0.500000,-0.500000,0.050000,
8.434000,0.010000,0.300000,0.200000,0.200000,0.500000,0.100000,0.500000,-0.500000,0.050000,
8.446000,0.012000,0.300000,0.200000,0.200000,0.500000,0.100000,0.500000,-0.500000,0.050000,
8.459000,0.013000,0.300000,0.200000,0.200000,0.500000,0.100000,0.500000,-0.500000,0.050000,
8.471000,0.012000,0.300000,0.200000,0.200000,0.500000,0.100000,0.500000,-0.500000,0.050000,
8.483000,0.012000,0.300000,0.200000,0.200000,0.500000,0.100000,0.500000,-0.500000,0.050000,
8.493000,0.010000,0.300000,0.200000,0.200000,0.500000,0.100000,0.500000,-0.500000,0.050000,
8.504000,0.011000,0.300000,0.200000,0.200000,0.500000,0.100000,0.500000,-0.500000,0.050000,
8.516000,0.012000,0.300000,0.200000,0.200000,0.500000,0.100000,0.500000,-0.500000,0.050000,
8.525000,0.009000,0.300000,0.200000,0.200000,0.500000,0.100000,0.500000,-0.500000,0.050000,
8.538000,0.013000,0.300000,0.200000,0.200000,0.500000,0.100000,0.500000,-0.500000,0.050000,
8.547000,0.009000,0.300000,0.200000,0.200000,0.500000,0.100000,0.500000,-0.500000,0.050000,
8.560000,0.013000,0.300000,0.200000,0.200000,0.500000,0.100000,0.500000,-0.500000,0.050000,
8.571000,0.011000,0.300000,0.200000,0.200000,0.500000,0.100000,0.500000,-0.500000,0.050000,
8.582000,0.011000,0.300000,0.200000,0.200000,0.500000,0.100000,0.500000,-0.500000,0.050000,
8.601000,0.019000,0.300000,0.200000,0.200000,0.500000,0.100000,0.500000,-0.500000,0.050000,
8.610000,0.009000,0.300000,0.200000,0.200000,0.500000,0.100000,0.500000,-0.500000,0.050000,
8.622000,0.012000,0.300000,0.200000,0.200000,0.500000,0.100000,0.500000,-0.500000,0.050000,
8.635000,0.013000,0.300000,0.200000,0.200000,0.500000,0.100000,0.500000,-0.500000,0.050000,
8.644000,0.009000,0.300000,0.200000,0.200000,0.500000,0.100000,0.500000,-0.500000,0.050000,
8.655000,0.011000,0.300000,0.200000,0.200000,0.500000,0.100000,0.500000,-0.500000,0.050000,
8.667000,0.012000,0.300000,0.200000,0.200000,0.500000,0.100000,0.500000,-0.500000,0.050000,
8.676000,0.009000,0.300000,0.200000,0.200000,0.500000,0.100000,0.500000,-0.500000,0.050000,
8.687000,0.011000,0.300000,0.200000,0.200000,0.500000,0.100000,0.500000,-0.500000,0.050000,
8.700000,0.013000,0.300000,0.200000,0.200000,0.500000,0.100000,0.500000,-0.500000,0.050000,
8.712000,0.012000,0.300000,0.200000,0.200000,0.500000,0.100000,0.500000,-0.500000,0.050000,
8.723000,0.011000,0.300000,0.200000,0.200000,0.500000,0.100000,0.500000,-0.500000,0.050000,
8.735000,0.012000,0.300000,0.200000,0.200000,0.500000,0.100000,0.500000,-0.500000,0.050000,
8.749000,0.014000,0.300000,0.200000,0.200000,0.500000,0.100000,0.500000,-0.500000,0.050000,
8.761000,0.012000,0.300000,0.200000,0.200000,0.500000,0.100000,0.500000,-0.500000,0.050000,
8.774000,0.013000,0.300000,0.200000,0.200000,0.500000,0.100000,0.500000,-0.500000,0.050000,
8.786000,0.012000,0.300000,0.200000,0.200000,0.500000,0.100000,0.500000,-0.500000,0.050000,
8.796000,0.010000,0.300000,0.200000,0.200000,0.500000,0.100000,0.500000,-0.500000,0.050000,
8.809000,0.013000,0.300000,0.200000,0.200000,0.500000,0.100000,0.500000,-0.500000,0.050000,
8.820000,0.011000,0.300000,0.200000,0.200000,0.500000,0.100000,0.500000,-0.500000,0.050000,
8.831000,0.011000,0.300000,0.200000,0.200000,0.500000,0.100000,0.500000,-0.500000,0.050000,
8.846000,0.015000,0.300000,0.200000,0.200000,0.500000,0.100000,0.500000,-0.500000,0.050000,
8.859000,0.013000,0.300000,0.200000,0.200000,0.500000,0.100000,0.500000,-0.500000,0.050000,
8.872000,0.013000,0.300000,0.200000,0.200000,0.500000,0.100000,0.500000,-0.500000,0.050000,
8.885000,0.013000,0.300000,0.200000,0.200000,0.500000,0.100000,0.500000,-0.500000,0.050000,
8.894000,0.009000,0.300000,0.200000,0.200000,0.500000,0.100000,0.500000,-0.500000,0.050000,
8.906000,0.012000,0.300000,0.200000,0.200000,0.500000,0.100000,0.500000,-0.500000,0.050000,
8.918000,0.012000,0.300000,0.200000,0.200000,0.500000,0.100000,0.500000,-0.500000,0.050000,
8.932000,0.014000,0.300000,0.200000,0.200000,0.500000,0.100000,0.500000,-0.500000,0.050000,
8.943000,0.011000,0.300000,0.200000,0.200000,0.500000,0.100000,0.500000,-0.500000,0.050000,
8.962000,0.019000,0.300000,0.200000,0.200000,0.500000,0.100000,0.500000,-0.500000,0.050000,
8.974000,0.012000,0.300000,0.200000,0.200000,0.500000,0.100000,0.500000,-0.500000,0.050000,
8.987000,0.013000,0.300000,0.200000,0.200000,0.500000,0.100000,0.500000,-0.500000,0.050000,
9.002000,0.015000,0.300000,0.200000,0.200000,0.500000,0.100000,0.500000,-0.500000,0.050000,
9.013000,0.011000,0.300000,0.200000,0.200000,0.500000,0.100000,0.500000,-0.500000,0.050000,
9.025000,0.012000,0.300000,0.200000,0.200000,0.500000,0.100000,0.500000,-0.500000,0.050000,
9.040000,0.015000,0.300000,0.200000,0.200000,0.500000,0.100000,0.500000,-0.500000,0.050000,
9.055000,0.015000,0.300000,0.200000,0.200000,0.500000,0.100000,0.500000,-0.500000,0.050000,
9.071000,0.016000,0.300000,0.200000,0.200000,0.500000,0.100000,0.500000,-0.500000,0.050000,
9.085000,0.014000,0.300000,0.200000,0.200000,0.500000,0.100000,0.500000,-0.500000,0.050000,
9.094000,0.009000,0.300000,0.200000,0.200000,0.500000,0.100000,0.500000,-0.500000,0.050000,
9.106000,0.012000,0.300000,0.200000,0.200000,0.500000,0.100000,0.500000,-0.500000,0.050000,
9.124000,0.018000,0.300000,0.200000,0.200000,0.500000,0.100000,0.500000,-0.500000,0.050000,
9.135000,0.011000,0.300000,0.200000,0.200000,0.500000,0.100000,0.500000,-0.500000,0.050000,
9.145000,0.010000,0.300000,0.200000,0.200000,0.500000,0.100000,0.500000,-0.500000,0.050000,
9.157000,0.012000,0.300000,0.200000,0.200000,0.500000,0.100000,0.500000,-0.500000,0.050000,
9.168000,0.011000,0.300000,0.200000,0.200000,0.500000,0.100000,0.500000,-0.500000,0.050000,
9.178000,0.010000,0.300000,0.200000,0.200000,0.500000,0.100000,0.500000,-0.500000,0.050000,
9.192000,0.014000,0.300000,0.200000,0.200000,0.500000,0.100000,0.500000,-0.500000,0.050000,
9.201000,0.009000,0.300000,0.200000,0.200000,0.500000,0.100000,0.500000,-0.500000,0.050000,
9.210000,0.009000,0.300000,0.200000,0.200000,0.500000,0.100000,0.500000,-0.500000,0.050000,
9.222000,0.012000,0.300000,0.200000,0.200000,0.500000,0.100000,0.500000,-0.500000,0.050000,
9.236000,0.014000,0.300000,0.200000,0.200000,0.500000,0.100000,0.500000,-0.500000,0.050000,
9.245000,0.009000,0.300000,0.200000,0.200000,0.500000,0.100000,0.500000,-0.500000,0.050000,
9.256000,0.011000,0.300000,0.200000,0.200000,0.500000,0.100000,0.500000,-0.500000,0.050000,
9.269000,0.013000,0.300000,0.200000,0.200000,0.500000,0.100000,0.500000,-0.500000,0.050000,
9.281000,0.012000,0.300000,0.200000,0.200000,0.500000,0.100000,0.500000,-0.500000,0.050000,
9.296000,0.015000,0.300000,0.200000,0.200000,0.500000,0.100000,0.500000,-0.500000,0.050000,
9.307000,0.011000,0.300000,0.200000,0.200000,0.500000,0.100000,0.500000,-0.500000,0.050000,
9.322000,0.015000,0.300000,0.200000,0.200000,0.500000,0.100000,0.500000,-0.500000,0.050000,
9.331000,0.009000,0.300000,0.200000,0.200000,0.500000,0.100000,0.500000,-0.500000,0.050000,
9.345000,0.014000,0.300000,0.200000,0.200000,0.500000,0.100000,0.500000,-0.500000,0.050000,
9.361000,0.016000,0.300000,0.200000,0.200000,0.500000,0.100000,0.500000,-0.500000,0.050000,
9.376000,0.015000,0.300000,0.200000,0.200000,0.500000,0.100000,0.500000,-0.500000,0.050000,
9.388000,0.012000,0.300000,0.200000,0.200000,0.500000,0.100000,0.500000,-0.500000,0.050000,
9.403000,0.015000,0.300000,0.200000,0.200000,0.500000,0.100000,0.500000,-0.500000,0.050000,
9.413000,0.010000,0.300000,0.200000,0.200000,0.500000,0.100000,0.500000,-0.500000,0.050000,
9.426000,0.013000,0.300000,0.200000,0.200000,0.500000,0.100000,0.500000,-0.500000,0.050000,
9.440000,0.014000,0.300000,0.200000,0.200000,0.500000,0.100000,0.500000,-0.500000,0.050000,
9.451000,0.011000,0.300000,0.200000,0.200000,0.500000,0.100000,0.500000,-0.500000,0.050000,
9.460000,0.009000,0.300000,0.200000,0.200000,0.500000,0.100000,0.500000,-0.500000,0.050000,
9.474000,0.014000,0.300000,0.200000,0.200000,0.500000,0.100000,0.500000,-0.500000,0.050000,
9.489000,0.015000,0.300000,0.200000,0.200000,0.500000,0.100000,0.500000,-0.500000,0.050000,
9.502000,0.013000,0.300000,0.200000,0.200000,0.500000,0.100000,0.500000,-0.500000,0.050000,
9.512000,0.010000,0.300000,0.200000,0.200000,0.500000,0.100000,0.500000,-0.500000,0.050000,
9.524000,0.012000,0.300000,0.200000,0.200000,0.500000,0.100000,0.500000,-0.500000,0.050000,
9.537000,0.013000,0.300000,0.200000,0.200000,0.500000,0.100000,0.500000,-0.500000,0.050000,
9.545000,0.008000,0.300000,0.200000,0.200000,0.500000,0.100000,0.500000,-0.500000,0.050000,
9.560000,0.015000,0.300000,0.200000,0.200000,0.500000,0.100000,0.500000,-0.500000,0.050000,
9.571000,0.011000,0.300000,0.200000,0.200000,0.500000,0.100000,0.500000,-0.500000,0.050000,
9.581000,0.010000,0.300000,0.200000,0.200000,0.500000,0.100000,0.500000,-0.500000,0.050000,
9.594000,0.013000,0.300000,0.200000,0.200000,0.500000,0.100000,0.500000,-0.500000,0.050000,
9.604000,0.010000,0.300000,0.200000,0.200000,0.500000,0.100000,0.500000,-0.500000,0.050000,
9.614000,0.010000,0.300000,0.200000,0.200000,0.500000,0.100000,0.500000,-0.500000,0.050000,
9.624000,0.010000,0.300000,0.200000,0.200000,0.500000,0.100000,0.500000,-0.500000,0.050000,
9.638000,0.014000,0.300000,0.200000,0.200000,0.500000,0.100000,0.500000,-0.500000,0.050000,
9.647000,0.009000,0.300000,0.200000,0.200000,0.500000,0.100000,0.500000,-0.500000,0.050000,
9.659000,0.012000,0.300000,0.200000,0.200000,0.500000,0.100000,0.500000,-0.500000,0.050000,
9.672000,0.013000,0.300000,0.200000,0.200000,0.500000,0.100000,0.500000,-0.500000,0.050000,
9.687000,0.015000,0.300000,0.200000,0.200000,0.500000,0.100000,0.500000,-0.500000,0.050000,
9.695000,0.008000,0.300000,0.200000,0.200000,0.500000,0.100000,0.500000,-0.500000,0.050000,
9.707000,0.012000,0.300000,0.200000,0.200000,0.500000,0.100000,0.500000,-0.500000,0.050000,
9.717000,0.010000,0.300000,0.200000,0.200000,0.500000,0.100000,0.500000,-0.500000,0.050000,
9.729000,0.012000,0.300000,0.200000,0.200000,0.500000,0.100000,0.500000,-0.500000,0.050000,
9.741000,0.012000,0.300000,0.200000,0.200000,0.500000,0.100000,0.500000,-0.500000,0.050000,
9.753000,0.012000,0.300000,0.200000,0.200000,0.500000,0.100000,0.500000,-0.500000,0.050000,
9.762000,0.009000,0.300000,0.200000,0.200000,0.500000,0.100000,0.500000,-0.500000,0.050000,
9.774000,0.012000,0.300000,0.200000,0.200000,0.500000,0.100000,0.500000,-0.500000,0.050000,
9.786000,0.012000,0.300000,0.200000,0.200000,0.500000,0.100000,0.500000,-0.500000,0.050000,
9.799000,0.013000,0.300000,0.200000,0.200000,0.500000,0.100000,0.500000,-0.500000,0.050000,
9.813000,0.014000,0.300000,0.200000,0.200000,0.500000,0.100000,0.500000,-0.500000,0.050000,
9.825000,0.012000,0.300000,0.200000,0.200000,0.500000,0.100000,0.500000,-0.500000,0.050000,
9.845000,0.020000,0.300000,0.200000,0.200000,0.500000,0.100000,0.500000,-0.500000,0.050000,
9.859000,0.014000,0.300000,0.200000,0.200000,0.500000,0.100000,0.500000,-0.500000,0.050000,
9.874000,0.015000,0.300000,0.200000,0.200000,0.500000,0.100000,0.500000,-0.500000,0.050000,
9.888000,0.014000,0.300000,0.200000,0.200000,0.500000,0.100000,0.500000,-0.500000,0.050000,
9.898000,0.010000,0.300000,0.200000,0.200000,0.500000,0.100000,0.500000,-0.500000,0.050000,
9.909000,0.011000,0.300000,0.200000,0.200000,0.500000,0.100000,0.500000,-0.500000,0.050000,
9.927000,0.018000,0.300000,0.250000,0.207627,0.500000,0.100000,0.500000,-0.500000,0.050000,
9.945000,0.018000,0.300000,0.250000,0.250000,0.500000,0.100000,0.500000,-0.500000,0.050000,
9.961000,0.016000,0.300000,0.250000,0.250000,0.500000,0.100000,0.500000,-0.500000,0.050000,
9.974000,0.013000,1.000000,0.250000,0.250000,0.500000,0.100000,0.500000,-0.500000,0.050000,
9.984000,0.010000,1.000000,0.250000,0.250000,0.500000,0.100000,0.500000,-0.500000,0.050000,
9.995000,0.011000,1.000000,0.250000,0.250000,0.500000,0.100000,0.500000,-0.500000,0.050000,
10.006000,0.011000,1.000000,0.270000,0.251982,0.500000,0.100000,0.500000,-0.500000,0.050000,
10.016000,0.010000,1.000000,0.270000,0.270000,0.500000,0.100000,0.500000,-0.500000,0.050000,
10.026000,0.010000,1.000000,0.270000,0.270000,0.500000,0.100000,0.500000,-0.500000,0.050000,
10.037000,0.011000,1.000000,0.270000,0.270000,0.500000,0.100000,0.500000,-0.500000,0.050000,
10.050000,0.013000,1.000000,0.270000,0.270000,0.500000,0.100000,0.500000,-0.500000,0.050000,
10.061000,0.011000,1.000000,0.270000,0.270000,0.500000,0.100000,0.500000,-0.500000,0.050000,
10.072000,0.011000,1.000000,0.270000,0.270000,0.500000,0.100000,0.500000,-0.500000,0.050000,
10.083000,0.011000,1.000000,0.270000,0.270000,0.500000,0.100000,0.500000,-0.500000,0.050000,
10.093000,0.010000,1.000000,0.270000,0.270000,0.500000,0.100000,0.500000,-0.500000,0.050000,
10.106000,0.013000,1.000000,0.270000,0.270000,0.500000,0.100000,0.500000,-0.500000,0.050000,
10.118000,0.012000,1.000000,0.310000,0.274286,0.500000,0.100000,0.500000,-0.500000,0.050000,
10.126000,0.008000,1.000000,0.310000,0.310000,0.500000,0.100000,0.500000,-0.500000,0.050000,
10.140000,0.014000,1.000000,0.310000,0.310000,0.500000,0.100000,0.500000,-0.500000,0.050000,
10.150000,0.010000,1.000000,0.310000,0.310000,0.500000,0.100000,0.500000,-0.500000,0.050000,
10.161000,0.011000,1.000000,0.310000,0.310000,0.500000,0.100000,0.500000,-0.500000,0.050000,
10.172000,0.011000,1.000000,0.310000,0.310000,0.500000,0.100000,0.500000,-0.500000,0.050000,
10.185000,0.013000,1.000000,0.310000,0.310000,0.500000,0.100000,0.500000,-0.500000,0.050000,
10.194000,0.009000,1.000000,0.310000,0.310000,0.500000,0.100000,0.500000,-0.500000,0.050000,
10.207000,0.013000,1.000000,0.310000,0.310000,0.500000,0.100000,0.500000,-0.500000,0.050000,
10.221000,0.014000,1.000000,0.360000,0.316140,0.500000,0.100000,0.500000,-0.500000,0.050000,
10.231000,0.010000,1.000000,0.360000,0.360000,0.500000,0.100000,0.500000,-0.500000,0.050000,
10.244000,0.013000,1.000000,0.360000,0.360000,0.500000,0.100000,0.500000,-0.500000,0.050000,
10.256000,0.012000,1.000000,0.360000,0.360000,0.500000,0.100000,0.500000,-0.500000,0.050000,
10.267000,0.011000,1.000000,0.360000,0.360000,0.500000,0.100000,0.500000,-0.500000,0.050000,
10.277000,0.010000,1.000000,0.360000,0.360000,0.500000,0.100000,0.500000,-0.500000,0.050000,
10.289000,0.012000,1.000000,0.360000,0.360000,0.500000,0.100000,0.500000,-0.500000,0.050000,
10.300000,0.011000,1.000000,0.360000,0.360000,0.500000,0.100000,0.500000,-0.500000,0.050000,
10.311000,0.011000,1.000000,0.390000,0.362973,0.500000,0.100000,0.500000,-0.500000,0.050000,
10.321000,0.010000,1.000000,0.390000,0.390000,0.500000,0.100000,0.500000,-0.500000,0.050000,
10.332000,0.011000,1.000000,0.390000,0.390000,0.500000,0.100000,0.500000,-0.500000,0.050000,
10.343000,0.011000,1.000000,0.390000,0.390000,0.500000,0.100000,0.500000,-0.500000,0.050000,
10.355000,0.012000,1.000000,0.390000,0.390000,0.500000,0.100000,0.500000,-0.500000,0.050000,
10.364000,0.009000,1.000000,0.390000,0.390000,0.500000,0.100000,0.500000,-0.500000,0.050000,
10.375000,0.011000,1.000000,0.390000,0.390000,0.500000,0.100000,0.500000,-0.500000,0.050000,
10.386000,0.011000,1.000000,0.390000,0.390000,0.500000,0.100000,0.500000,-0.500000,0.050000,
10.397000,0.011000,1.000000,0.390000,0.390000,0.500000,0.100000,0.500000,-0.500000,0.050000,
10.408000,0.011000,1.000000,0.410000,0.391982,0.500000,0.100000,0.500000,-0.500000,0.050000,
10.422000,0.014000,1.000000,0.410000,0.410000,0.500000,0.100000,0.500000,-0.500000,0.050000,
10.434000,0.012000,1.000000,0.410000,0.410000,0.500000,0.100000,0.500000,-0.500000,0.050000,
10.442000,0.008000,1.000000,0.410000,0.410000,0.500000,0.100000,0.500000,-0.500000,0.050000,
10.458000,0.016000,1.000000,0.410000,0.410000,0.500000,0.100000,0.500000,-0.500000,0.050000,
10.470000,0.012000,1.000000,0.410000,0.410000,0.500000,0.100000,0.500000,-0.500000,0.050000,
10.482000,0.012000,1.000000,0.410000,0.410000,0.500000,0.100000,0.500000,-0.500000,0.050000,
10.494000,0.012000,1.000000,0.410000,0.410000,0.500000,0.100000,0.500000,-0.500000,0.050000,
10.504000,0.010000,1.000000,0.410000,0.410000,0.500000,0.100000,0.500000,-0.500000,0.050000,
10.519000,0.015000,1.000000,0.460000,0.416522,0.500000,0.100000,0.500000,-0.500000,0.050000,
10.526000,0.007000,1.000000,0.460000,0.460000,0.500000,0.100000,0.500000,-0.500000,0.050000,
10.540000,0.014000,1.000000,0.460000,0.460000,0.500000,0.100000,0.500000,-0.500000,0.050000,
10.552000,0.012000,1.000000,0.460000,0.460000,0.500000,0.100000,0.500000,-0.500000,0.050000,
10.560000,0.008000,1.000000,0.460000,0.460000,0.500000,0.100000,0.500000,-0.500000,0.050000,
10.572000,0.012000,1.000000,0.460000,0.460000,0.500000,0.100000,0.500000,-0.500000,0.050000,
10.586000,0.014000,1.000000,0.460000,0.460000,0.500000,0.100000,0.500000,-0.500000,0.050000,
10.597000,0.011000,1.000000,0.460000,0.460000,0.500000,0.100000,0.500000,-0.500000,0.050000,
10.609000,0.012000,1.000000,0.470000,0.461071,0.500000,0.100000,0.500000,-0.500000,0.050000,
10.621000,0.012000,1.000000,0.470000,0.470000,0.500000,0.100000,0.500000,-0.500000,0.050000,
10.633000,0.012000,1.000000,0.470000,0.470000,0.500000,0.100000,0.500000,-0.500000,0.050000,
10.643000,0.010000,1.000000,0.470000,0.470000,0.500000,0.100000,0.500000,-0.500000,0.050000,
10.653000,0.010000,1.000000,0.470000,0.470000,0.500000,0.100000,0.500000,-0.500000,0.050000,
10.663000,0.010000,1.000000,0.470000,0.470000,0.500000,0.100000,0.500000,-0.500000,0.050000,
10.676000,0.013000,1.000000,0.470000,0.470000,0.500000,0.100000,0.500000,-0.500000,0.050000,
10.686000,0.010000,1.000000,0.470000,0.470000,0.500000,0.100000,0.500000,-0.500000,0.050000,
10.698000,0.012000,1.000000,0.470000,0.470000,0.500000,0.100000,0.500000,-0.500000,0.050000,
10.709000,0.011000,1.000000,0.480000,0.470991,0.500000,0.100000,0.500000,-0.500000,0.050000,
10.722000,0.013000,1.000000,0.480000,0.480000,0.500000,0.100000,0.500000,-0.500000,0.050000,
10.730000,0.008000,1.000000,0.480000,0.480000,0.500000,0.100000,0.500000,-0.500000,0.050000,
10.743000,0.013000,1.000000,0.480000,0.480000,0.500000,0.100000,0.500000,-0.500000,0.050000,
10.756000,0.013000,1.000000,0.480000,0.480000,0.500000,0.100000,0.500000,-0.500000,0.050000,
10.765000,0.009000,1.000000,0.480000,0.480000,0.500000,0.100000,0.500000,-0.500000,0.050000,
10.777000,0.012000,1.000000,0.480000,0.480000,0.500000,0.100000,0.500000,-0.500000,0.050000,
10.789000,0.012000,1.000000,0.480000,0.480000,0.500000,0.100000,0.500000,-0.500000,0.050000,
10.798000,0.009000,1.000000,0.480000,0.480000,0.500000,0.100000,0.500000,-0.500000,0.050000,
10.809000,0.011000,1.000000,0.530000,0.484955,0.500000,0.100000,0.500000,-0.500000,0.050000,
10.823000,0.014000,1.000000,0.530000,0.530000,0.500000,0.100000,0.500000,-0.500000,0.050000,
10.837000,0.014000,1.000000,0.530000,0.530000,0.500000,0.100000,0.500000,-0.500000,0.050000,
10.846000,0.009000,1.000000,0.530000,0.530000,0.500000,0.100000,0.500000,-0.500000,0.050000,
10.857000,0.011000,1.000000,0.530000,0.530000,0.500000,0.100000,0.500000,-0.500000,0.050000,
10.872000,0.015000,1.000000,0.530000,0.530000,0.500000,0.100000,0.500000,-0.500000,0.050000,
10.880000,0.008000,1.000000,0.530000,0.530000,0.500000,0.100000,0.500000,-0.500000,0.050000,
10.891000,0.011000,1.000000,0.530000,0.530000,0.500000,0.100000,0.500000,-0.500000,0.050000,
10.906000,0.015000,1.000000,0.540000,0.531304,0.500000,0.100000,0.500000,-0.500000,0.050000,
10.914000,0.008000,1.000000,0.590000,0.543704,0.500000,0.100000,0.500000,-0.500000,0.050000,
10.927000,0.013000,1.000000,0.590000,0.590000,0.500000,0.100000,0.500000,-0.500000,0.050000,
10.940000,0.013000,1.000000,0.590000,0.590000,0.500000,0.100000,0.500000,-0.500000,0.050000,
10.950000,0.010000,1.000000,0.590000,0.590000,0.500000,0.100000,0.500000,-0.500000,0.050000,
10.960000,0.010000,1.000000,0.590000,0.590000,0.500000,0.100000,0.500000,-0.500000,0.050000,
10.972000,0.012000,1.000000,0.590000,0.590000,0.500000,0.100000,0.500000,-0.500000,0.050000,
10.982000,0.010000,1.000000,0.590000,0.590000,0.500000,0.100000,0.500000,-0.500000,0.050000,
10.994000,0.012000,1.000000,0.590000,0.590000,0.500000,0.100000,0.500000,-0.500000,0.050000,
11.004000,0.010000,1.000000,0.620000,0.592727,0.500000,0.100000,0.500000,-0.500000,0.050000,
11.016000,0.012000,1.000000,0.620000,0.620000,0.500000,0.100000,0.500000,-0.500000,0.050000,
11.028000,0.012000,1.000000,0.620000,0.620000,0.500000,0.100000,0.500000,-0.500000,0.050000,
11.038000,0.010000,1.000000,0.620000,0.620000,0.500000,0.100000,0.500000,-0.500000,0.050000,
11.052000,0.014000,1.000000,0.620000,0.620000,0.500000,0.100000,0.500000,-0.500000,0.050000,
11.060000,0.008000,1.000000,0.620000,0.620000,0.500000,0.100000,0.500000,-0.500000,0.050000,
11.073000,0.013000,1.000000,0.620000,0.620000,0.500000,0.100000,0.500000,-0.500000,0.050000,
11.083000,0.010000,1.000000,0.620000,0.620000,0.500000,0.100000,0.500000,-0.500000,0.050000,
11.093000,0.010000,1.000000,0.620000,0.620000,0.500000,0.100000,0.500000,-0.500000,0.050000,
11.105000,0.012000,1.000000,0.640000,0.622143,0.500000,0.100000,0.500000,-0.500000,0.050000,
11.115000,0.010000,1.000000,0.640000,0.640000,0.500000,0.100000,0.500000,-0.500000,0.050000,
11.128000,0.013000,1.000000,0.640000,0.640000,0.500000,0.100000,0.500000,-0.500000,0.050000,
11.140000,0.012000,1.000000,0.640000,0.640000,0.500000,0.100000,0.500000,-0.500000,0.050000,
11.153000,0.013000,1.000000,0.640000,0.640000,0.500000,0.100000,0.500000,-0.500000,0.050000,
11.160000,0.007000,1.000000,0.640000,0.640000,0.500000,0.100000,0.500000,-0.500000,0.050000,
11.172000,0.012000,1.000000,0.640000,0.640000,0.500000,0.100000,0.500000,-0.500000,0.050000,
11.184000,0.012000,1.000000,0.640000,0.640000,0.500000,0.100000,0.500000,-0.500000,0.050000,
11.194000,0.010000,1.000000,0.640000,0.640000,0.500000,0.100000,0.500000,-0.500000,0.050000,
11.204000,0.010000,1.000000,0.670000,0.642727,0.500000,0.100000,0.500000,-0.500000,0.050000,
11.215000,0.011000,1.000000,0.670000,0.670000,0.500000,0.100000,0.500000,-0.500000,0.050000,
11.227000,0.012000,1.000000,0.670000,0.670000,0.500000,0.100000,0.500000,-0.500000,0.050000,
11.237000,0.010000,1.000000,0.670000,0.670000,0.500000,0.100000,0.500000,-0.500000,0.050000,
11.250000,0.013000,1.000000,0.670000,0.670000,0.500000,0.100000,0.500000,-0.500000,0.050000,
11.260000,0.010000,1.000000,0.670000,0.670000,0.500000,0.100000,0.500000,-0.500000,0.050000,
11.276000,0.016000,1.000000,0.670000,0.670000,0.500000,0.100000,0.500000,-0.500000,0.050000,
11.286000,0.010000,1.000000,0.670000,0.670000,0.500000,0.100000,0.500000,-0.500000,0.050000,
11.295000,0.009000,1.000000,0.670000,0.670000,0.500000,0.100000,0.500000,-0.500000,0.050000,
11.306000,0.011000,1.000000,0.690000,0.671982,0.500000,0.100000,0.500000,-0.500000,0.050000,
11.319000,0.013000,1.000000,0.690000,0.690000,0.500000,0.100000,0.500000,-0.500000,0.050000,
11.327000,0.008000,1.000000,0.690000,0.690000,0.500000,0.100000,0.500000,-0.500000,0.050000,
11.341000,0.014000,1.000000,0.690000,0.690000,0.500000,0.100000,0.500000,-0.500000,0.050000,
11.354000,0.013000,1.000000,0.690000,0.690000,0.500000,0.100000,0.500000,-0.500000,0.050000,
11.366000,0.012000,1.000000,0.690000,0.690000,0.500000,0.100000,0.500000,-0.500000,0.050000,
11.376000,0.010000,1.000000,0.690000,0.690000,0.500000,0.100000,0.500000,-0.500000,0.050000,
11.388000,0.012000,1.000000,0.690000,0.690000,0.500000,0.100000,0.500000,-0.500000,0.050000,
11.398000,0.010000,1.000000,0.690000,0.690000,0.500000,0.100000,0.500000,-0.500000,0.050000,
11.409000,0.011000,1.000000,0.720000,0.692973,0.500000,0.100000,0.500000,-0.500000,0.050000,
11.422000,0.013000,1.000000,0.720000,0.720000,0.500000,0.100000,0.500000,-0.500000,0.050000,
11.434000,0.012000,1.000000,0.720000,0.720000,0.500000,0.100000,0.500000,-0.500000,0.050000,
11.443000,0.009000,1.000000,0.720000,0.720000,0.500000,0.100000,0.500000,-0.500000,0.050000,
11.456000,0.013000,1.000000,0.720000,0.720000,0.500000,0.100000,0.500000,-0.500000,0.050000,
11.465000,0.009000,1.000000,0.720000,0.720000,0.500000,0.100000,0.500000,-0.500000,0.050000,
11.479000,0.014000,1.000000,0.720000,0.720000,0.500000,0.100000,0.500000,-0.500000,0.050000,
11.490000,0.011000,1.000000,0.720000,0.720000,0.500000,0.100000,0.500000,-0.500000,0.050000,
11.498000,0.008000,1.000000,0.720000,0.720000,0.500000,0.100000,0.500000,-0.500000,0.050000,
11.510000,0.012000,1.000000,0.760000,0.724286,0.500000,0.100000,0.500000,-0.500000,0.050000,
11.521000,0.011000,1.000000,0.760000,0.760000,0.500000,0.100000,0.500000,-0.500000,0.050000,
11.533000,0.012000,1.000000,0.760000,0.760000,0.500000,0.100000,0.500000,-0.500000,0.050000,
11.543000,0.010000,1.000000,0.760000,0.760000,0.500000,0.100000,0.500000,-0.500000,0.050000,
11.556000,0.013000,1.000000,0.760000,0.760000,0.500000,0.100000,0.500000,-0.500000,0.050000,
11.568000,0.012000,1.000000,0.760000,0.760000,0.500000,0.100000,0.500000,-0.500000,0.050000,
11.576000,0.008000,1.000000,0.760000,0.760000,0.500000,0.100000,0.500000,-0.500000,0.050000,
11.589000,0.013000,1.000000,0.760000,0.760000,0.500000,0.100000,0.500000,-0.500000,0.050000,
11.599000,0.010000,1.000000,0.760000,0.760000,0.500000,0.100000,0.500000,-0.500000,0.050000,
11.609000,0.010000,1.000000,0.800000,0.763636,0.500000,0.100000,0.500000,-0.500000,0.050000,
11.620000,0.011000,1.000000,0.800000,0.800000,0.500000,0.100000,0.500000,-0.500000,0.050000,
11.634000,0.014000,1.000000,0.800000,0.800000,0.500000,0.100000,0.500000,-0.500000,0.050000,
11.643000,0.009000,1.000000,0.800000,0.800000,0.500000,0.100000,0.500000,-0.500000,0.050000,
11.654000,0.011000,1.000000,0.800000,0.800000,0.500000,0.100000,0.500000,-0.500000,0.050000,
11.667000,0.013000,1.000000,0.800000,0.800000,0.500000,0.100000,0.500000,-0.500000,0.050000,
11.677000,0.010000,1.000000,0.800000,0.800000,0.500000,0.100000,0.500000,-0.500000,0.050000,
11.692000,0.015000,1.000000,0.800000,0.800000,0.500000,0.100000,0.500000,-0.500000,0.050000,
11.704000,0.012000,1.000000,0.800000,0.800000,0.500000,0.100000,0.500000,-0.500000,0.050000,
11.712000,0.008000,1.000000,0.840000,0.802963,0.500000,0.100000,0.500000,-0.500000,0.050000,
11.723000,0.011000,1.000000,0.840000,0.840000,0.500000,0.100000,0.500000,-0.500000,0.050000,
11.736000,0.013000,1.000000,0.840000,0.840000,0.500000,0.100000,0.500000,-0.500000,0.050000,
11.749000,0.013000,1.000000,0.840000,0.840000,0.500000,0.100000,0.500000,-0.500000,0.050000,
11.764000,0.015000,1.000000,0.840000,0.840000,0.500000,0.100000,0.500000,-0.500000,0.050000,
11.775000,0.011000,1.000000,0.840000,0.840000,0.500000,0.100000,0.500000,-0.500000,0.050000,
11.788000,0.013000,1.000000,0.840000,0.840000,0.500000,0.100000,0.500000,-0.500000,0.050000,
11.798000,0.010000,1.000000,0.840000,0.840000,0.500000,0.100000,0.500000,-0.500000,0.050000,
11.808000,0.010000,1.000000,0.890000,0.844545,0.500000,0.100000,0.500000,-0.500000,0.050000,
11.819000,0.011000,1.000000,0.890000,0.890000,0.500000,0.100000,0.500000,-0.500000,0.050000,
11.832000,0.013000,1.000000,0.890000,0.890000,0.500000,0.100000,0.500000,-0.500000,0.050000,
11.845000,0.013000,1.000000,0.890000,0.890000,0.500000,0.100000,0.500000,-0.500000,0.050000,
11.855000,0.010000,1.000000,0.890000,0.890000,0.500000,0.100000,0.500000,-0.500000,0.050000,
11.866000,0.011000,1.000000,0.890000,0.890000,0.500000,0.100000,0.500000,-0.500000,0.050000,
11.876000,0.010000,1.000000,0.890000,0.890000,0.500000,0.100000,0.500000,-0.500000,0.050000,
11.887000,0.011000,1.000000,0.890000,0.890000,0.500000,0.100000,0.500000,-0.500000,0.050000,
11.898000,0.011000,1.000000,0.890000,0.890000,0.500000,0.100000,0.500000,-0.500000,0.050000,
11.910000,0.012000,1.000000,0.930000,0.894286,0.500000,0.100000,0.500000,-0.500000,0.050000,
11.920000,0.010000,1.000000,0.930000,0.930000,0.500000,0.100000,0.500000,-0.500000,0.050000,
11.932000,0.012000,1.000000,0.930000,0.930000,0.500000,0.100000,0.500000,-0.500000,0.050000,
11.947000,0.015000,1.000000,0.930000,0.930000,0.500000,0.100000,0.500000,-0.500000,0.050000,
11.957000,0.010000,1.000000,0.930000,0.930000,0.500000,0.100000,0.500000,-0.500000,0.050000,
11.970000,0.013000,1.000000,0.930000,0.930000,0.500000,0.100000,0.500000,-0.500000,0.050000,
11.979000,0.009000,1.000000,0.930000,0.930000,0.500000,0.100000,0.500000,-0.500000,0.050000,
11.991000,0.012000,1.000000,0.930000,0.930000,0.500000,0.100000,0.500000,-0.500000,0.050000,
12.003000,0.012000,1.000000,0.980000,0.935357,0.500000,0.100000,0.500000,-0.500000,0.050000,
12.012000,0.009000,1.000000,0.980000,0.980000,0.000000,0.100000,0.500000,-0.500000,0.050000,
12.023000,0.011000,1.000000,0.980000,0.980000,0.000000,0.100000,0.500000,-0.500000,0.050000,
12.037000,0.014000,1.000000,0.980000,0.980000,0.000000,0.100000,0.500000,-0.500000,0.050000,
12.046000,0.009000,1.000000,0.980000,0.980000,0.000000,0.100000,0.500000,-0.500000,0.050000,
12.058000,0.012000,1.000000,0.980000,0.980000,0.000000,0.100000,0.500000,-0.500000,0.050000,
12.070000,0.012000,1.000000,0.980000,0.980000,0.000000,0.100000,0.500000,-0.500000,0.050000,
12.080000,0.010000,1.000000,0.980000,0.980000,0.000000,0.100000,0.500000,-0.500000,0.050000,
12.091000,0.011000,1.000000,0.980000,0.980000,0.000000,0.100000,0.500000,-0.500000,0.050000,
12.103000,0.012000,1.000000,1.030000,0.985357,0.000000,0.100000,0.500000,-0.500000,0.050000,
12.121000,0.018000,1.000000,1.030000,1.030000,0.000000,0.100000,0.500000,-0.500000,0.050000,
12.128000,0.007000,1.000000,1.030000,1.030000,0.000000,0.100000,0.500000,-0.500000,0.050000,
12.142000,0.014000,1.000000,1.030000,1.030000,0.000000,0.100000,0.500000,-0.500000,0.050000,
12.156000,0.014000,1.000000,1.030000,1.030000,0.000000,0.100000,0.500000,-0.500000,0.050000,
12.163000,0.007000,1.000000,1.030000,1.030000,0.000000,0.100000,0.500000,-0.500000,0.050000,
12.174000,0.011000,1.000000,1.030000,1.030000,0.000000,0.100000,0.500000,-0.500000,0.050000,
12.187000,0.013000,1.000000,1.030000,1.030000,0.000000,0.100000,0.500000,-0.500000,0.050000,
12.195000,0.008000,1.000000,1.030000,1.030000,0.000000,0.100000,0.500000,-0.500000,0.050000,
12.206000,0.011000,1.000000,1.070000,1.033964,0.000000,0.100000,0.500000,-0.500000,0.050000,
12.219000,0.013000,1.000000,1.070000,1.070000,0.000000,0.100000,0.500000,-0.500000,0.050000,
12.234000,0.015000,1.000000,1.070000,1.070000,0.000000,0.100000,0.500000,-0.500000,0.050000,
12.243000,0.009000,1.000000,1.070000,1.070000,0.000000,0.100000,0.500000,-0.500000,0.050000,
12.255000,0.012000,1.000000,1.070000,1.070000,0.000000,0.100000,0.500000,-0.500000,0.050000,
12.268000,0.013000,1.000000,1.070000,1.070000,0.000000,0.100000,0.500000,-0.500000,0.050000,
12.277000,0.009000,1.000000,1.070000,1.070000,0.000000,0.100000,0.500000,-0.500000,0.050000,
12.288000,0.011000,1.000000,1.070000,1.070000,0.000000,0.100000,0.500000,-0.500000,0.050000,
12.299000,0.011000,1.000000,1.130000,1.075946,0.000000,0.100000,0.500000,-0.500000,0.050000,
12.311000,0.012000,1.000000,1.130000,1.130000,0.000000,0.100000,0.500000,-0.500000,0.050000,
12.321000,0.010000,1.000000,1.130000,1.130000,0.000000,0.100000,0.500000,-0.500000,0.050000,
12.332000,0.011000,1.000000,1.130000,1.130000,0.000000,0.100000,0.500000,-0.500000,0.050000,
12.343000,0.011000,1.000000,1.130000,1.130000,0.000000,0.100000,0.500000,-0.500000,0.050000,
12.355000,0.012000,1.000000,1.130000,1.130000,0.000000,0.100000,0.500000,-0.500000,0.050000,
12.366000,0.011000,1.000000,1.130000,1.130000,0.000000,0.100000,0.500000,-0.500000,0.050000,
12.376000,0.010000,1.000000,1.130000,1.130000,0.000000,0.100000,0.500000,-0.500000,0.050000,
12.390000,0.014000,1.000000,1.130000,1.130000,0.000000,0.100000,0.500000,-0.500000,0.050000,
12.403000,0.013000,1.000000,1.180000,1.135752,0.000000,0.100000,0.500000,-0.500000,0.050000,
12.412000,0.009000,1.000000,1.180000,1.180000,0.000000,0.100000,0.500000,-0.500000,0.050000,
12.423000,0.011000,1.000000,1.180000,1.180000,0.000000,0.100000,0.500000,-0.500000,0.050000,
12.436000,0.013000,1.000000,1.180000,1.180000,0.000000,0.100000,0.500000,-0.500000,0.050000,
12.444000,0.008000,1.000000,1.180000,1.180000,0.000000,0.100000,0.500000,-0.500000,0.050000,
12.457000,0.013000,1.000000,1.180000,1.180000,0.000000,0.100000,0.500000,-0.500000,0.050000,
12.469000,0.012000,1.000000,1.180000,1.180000,0.000000,0.100000,0.500000,-0.500000,0.050000,
12.477000,0.008000,1.000000,1.180000,1.180000,0.000000,0.100000,0.500000,-0.500000,0.050000,
12.488000,0.011000,1.000000,1.180000,1.180000,0.000000,0.100000,0.500000,-0.500000,0.050000,
12.501000,0.013000,1.000000,1.180000,1.180000,0.000000,0.100000,0.500000,-0.500000,0.050000,
12.511000,0.010000,1.000000,1.220000,1.183636,0.000000,0.100000,0.500000,-0.500000,0.050000,
12.522000,0.011000,1.000000,1.220000,1.220000,0.000000,0.100000,0.500000,-0.500000,0.050000,
12.534000,0.012000,1.000000,1.220000,1.220000,0.000000,0.100000,0.500000,-0.500000,0.050000,
12.544000,0.010000,1.000000,1.220000,1.220000,0.000000,0.100000,0.500000,-0.500000,0.050000,
12.557000,0.013000,1.000000,1.220000,1.220000,0.000000,0.100000,0.500000,-0.500000,0.050000,
12.568000,0.011000,1.000000,1.220000,1.220000,0.000000,0.100000,0.500000,-0.500000,0.050000,
12.577000,0.009000,1.000000,1.220000,1.220000,0.000000,0.100000,0.500000,-0.500000,0.050000,
12.589000,0.012000,1.000000,1.220000,1.220000,0.000000,0.100000,0.500000,-0.500000,0.050000,
12.602000,0.013000,1.000000,1.220000,1.220000,0.000000,0.100000,0.500000,-0.500000,0.050000,
12.611000,0.009000,1.000000,1.230000,1.220826,0.000000,0.100000,0.500000,-0.500000,0.050000,
12.622000,0.011000,1.000000,1.230000,1.230000,0.000000,0.100000,0.500000,-0.500000,0.050000,
12.637000,0.015000,1.000000,1.230000,1.230000,0.000000,0.100000,0.500000,-0.500000,0.050000,
12.644000,0.007000,1.000000,1.230000,1.230000,0.000000,0.100000,0.500000,-0.500000,0.050000,
12.655000,0.011000,1.000000,1.230000,1.230000,0.000000,0.100000,0.500000,-0.500000,0.050000,
12.668000,0.013000,1.000000,1.230000,1.230000,0.000000,0.100000,0.500000,-0.500000,0.050000,
12.678000,0.010000,1.000000,1.230000,1.230000,0.000000,0.100000,0.500000,-0.500000,0.050000,
12.689000,0.011000,1.000000,1.230000,1.230000,0.000000,0.100000,0.500000,-0.500000,0.050000,
12.704000,0.015000,1.000000,1.230000,1.230000,0.000000,0.100000,0.500000,-0.500000,0.050000,
12.712000,0.008000,1.000000,1.260000,1.232222,0.000000,0.100000,0.500000,-0.500000,0.050000,
12.723000,0.011000,1.000000,1.260000,1.260000,0.000000,0.100000,0.500000,-0.500000,0.050000,
12.739000,0.016000,1.000000,1.260000,1.260000,0.000000,0.100000,0.500000,-0.500000,0.050000,
12.753000,0.014000,1.000000,1.260000,1.260000,0.000000,0.100000,0.500000,-0.500000,0.050000,
12.762000,0.009000,1.000000,1.260000,1.260000,0.000000,0.100000,0.500000,-0.500000,0.050000,
12.773000,0.011000,1.000000,1.260000,1.260000,0.000000,0.100000,0.500000,-0.500000,0.050000,
12.787000,0.014000,1.000000,1.260000,1.260000,0.000000,0.100000,0.500000,-0.500000,0.050000,
12.799000,0.012000,1.000000,1.260000,1.260000,0.000000,0.100000,0.500000,-0.500000,0.050000,
12.809000,0.010000,1.000000,1.290000,1.262727,0.000000,0.100000,0.500000,-0.500000,0.050000,
12.821000,0.012000,1.000000,1.290000,1.290000,0.000000,0.100000,0.500000,-0.500000,0.050000,
12.835000,0.014000,1.000000,1.290000,1.290000,0.000000,0.100000,0.500000,-0.500000,0.050000,
12.847000,0.012000,1.000000,1.290000,1.290000,0.000000,0.100000,0.500000,-0.500000,0.050000,
12.858000,0.011000,1.000000,1.290000,1.290000,0.000000,0.100000,0.500000,-0.500000,0.050000,
12.871000,0.013000,1.000000,1.290000,1.290000,0.000000,0.100000,0.500000,-0.500000,0.050000,
12.879000,0.008000,1.000000,1.290000,1.290000,0.000000,0.100000,0.500000,-0.500000,0.050000,
12.891000,0.012000,1.000000,1.280000,1.288929,0.000000,0.100000,0.500000,-0.500000,0.050000,
12.904000,0.013000,1.000000,1.290000,1.281150,0.000000,0.100000,0.500000,-0.500000,0.050000,
12.913000,0.009000,1.000000,1.290000,1.290000,0.000000,0.100000,0.500000,-0.500000,0.050000,
12.923000,0.010000,1.000000,1.290000,1.290000,0.000000,0.100000,0.500000,-0.500000,0.050000,
12.938000,0.015000,1.000000,1.280000,1.288696,0.000000,0.100000,0.500000,-0.500000,0.050000,
12.946000,0.008000,1.000000,1.280000,1.280000,0.000000,0.100000,0.500000,-0.500000,0.050000,
12.959000,0.013000,1.000000,1.270000,1.278850,0.000000,0.100000,0.500000,-0.500000,0.050000,
12.973000,0.014000,1.000000,1.260000,1.268772,0.000000,0.100000,0.500000,-0.500000,0.050000,
12.982000,0.009000,1.000000,1.260000,1.260000,0.000000,0.100000,0.500000,-0.500000,0.050000,
12.992000,0.010000,1.000000,1.260000,1.260000,0.000000,0.100000,0.500000,-0.500000,0.050000,
13.004000,0.012000,1.000000,1.300000,1.264286,0.000000,0.100000,0.500000,-0.500000,0.050000,
13.014000,0.010000,1.000000,1.290000,1.299091,0.000000,0.100000,0.500000,-0.500000,0.050000,
13.024000,0.010000,1.000000,1.290000,1.290000,0.000000,0.100000,0.500000,-0.500000,0.050000,
13.038000,0.014000,1.000000,1.280000,1.288772,0.000000,0.100000,0.500000,-0.500000,0.050000,
13.049000,0.011000,1.000000,1.280000,1.280000,0.000000,0.100000,0.500000,-0.500000,0.050000,
13.059000,0.010000,1.000000,1.270000,1.279091,0.000000,0.100000,0.500000,-0.500000,0.050000,
13.071000,0.012000,1.000000,1.260000,1.268929,0.000000,0.100000,0.500000,-0.500000,0.050000,
13.080000,0.009000,1.000000,1.260000,1.260000,0.000000,0.100000,0.500000,-0.500000,0.050000,
13.091000,0.011000,1.000000,1.260000,1.260000,0.000000,0.100000,0.500000,-0.500000,0.050000,
13.104000,0.013000,1.000000,1.330000,1.268053,0.000000,0.100000,0.500000,-0.500000,0.050000,
13.115000,0.011000,1.000000,1.330000,1.330000,0.000000,0.100000,0.500000,-0.500000,0.050000,
13.126000,0.011000,1.000000,1.330000,1.330000,0.000000,0.100000,0.500000,-0.500000,0.050000,
13.137000,0.011000,1.000000,1.320000,1.329009,0.000000,0.100000,0.500000,-0.500000,0.050000,
13.147000,0.010000,1.000000,1.320000,1.320000,0.000000,0.100000,0.500000,-0.500000,0.050000,
13.158000,0.011000,1.000000,1.310000,1.319009,0.000000,0.100000,0.500000,-0.500000,0.050000,
13.169000,0.011000,1.000000,1.310000,1.310000,0.000000,0.100000,0.500000,-0.500000,0.050000,
13.180000,0.011000,1.000000,1.300000,1.309009,0.000000,0.100000,0.500000,-0.500000,0.050000,
13.193000,0.013000,1.000000,1.300000,1.300000,0.000000,0.100000,0.500000,-0.500000,0.050000,
13.204000,0.011000,1.000000,1.290000,1.299009,0.000000,0.100000,0.500000,-0.500000,0.050000,
13.214000,0.010000,1.000000,1.280000,1.289091,0.000000,0.100000,0.500000,-0.500000,0.050000,
13.225000,0.011000,1.000000,1.270000,1.279009,0.000000,0.100000,0.500000,-0.500000,0.050000,
13.243000,0.018000,1.000000,1.270000,1.270000,0.000000,0.100000,0.500000,-0.500000,0.050000,
13.255000,0.012000,1.000000,1.260000,1.268929,0.000000,0.100000,0.500000,-0.500000,0.050000,
13.262000,0.007000,1.000000,1.260000,1.260000,0.000000,0.100000,0.500000,-0.500000,0.050000,
13.274000,0.012000,1.000000,1.260000,1.260000,0.000000,0.100000,0.500000,-0.500000,0.050000,
13.285000,0.011000,1.000000,1.260000,1.260000,0.000000,0.100000,0.500000,-0.500000,0.050000,
13.294000,0.009000,1.000000,1.250000,1.259174,0.000000,0.100000,0.500000,-0.500000,0.050000,
13.305000,0.011000,1.000000,1.250000,1.250000,0.000000,0.100000,0.500000,-0.500000,0.050000,
13.318000,0.013000,1.000000,1.250000,1.250000,0.000000,0.100000,0.500000,-0.500000,0.050000,
13.328000,0.010000,1.000000,1.250000,1.250000,0.000000,0.100000,0.500000,-0.500000,0.050000,
13.341000,0.013000,1.000000,1.250000,1.250000,0.000000,0.100000,0.500000,-0.500000,0.050000,
13.356000,0.015000,1.000000,1.250000,1.250000,0.000000,0.100000,0.500000,-0.500000,0.050000,
13.364000,0.008000,1.000000,1.250000,1.250000,0.000000,0.100000,0.500000,-0.500000,0.050000,
13.376000,0.012000,1.000000,1.250000,1.250000,0.000000,0.100000,0.500000,-0.500000,0.050000,
13.390000,0.014000,1.000000,1.250000,1.250000,0.000000,0.100000,0.500000,-0.500000,0.050000,
13.404000,0.014000,1.000000,1.250000,1.250000,0.000000,0.100000,0.500000,-0.500000,0.050000,
13.413000,0.009000,1.000000,1.260000,1.250826,0.000000,0.100000,0.500000,-0.500000,0.050000,
13.427000,0.014000,1.000000,1.260000,1.260000,0.000000,0.100000,0.500000,-0.500000,0.050000,
13.438000,0.011000,1.000000,1.270000,1.260991,0.000000,0.100000,0.500000,-0.500000,0.050000,
13.447000,0.009000,1.000000,1.280000,1.270826,0.000000,0.100000,0.500000,-0.500000,0.050000,
13.460000,0.013000,1.000000,1.280000,1.280000,0.000000,0.100000,0.500000,-0.500000,0.050000,
13.472000,0.012000,1.000000,1.290000,1.281071,0.000000,0.100000,0.500000,-0.500000,0.050000,
13.482000,0.010000,1.000000,1.290000,1.290000,0.000000,0.100000,0.500000,-0.500000,0.050000,
13.492000,0.010000,1.000000,1.310000,1.291818,0.000000,0.100000,0.500000,-0.500000,0.050000,
13.504000,0.012000,1.000000,1.300000,1.308928,0.000000,0.100000,0.500000,-0.500000,0.050000,
13.514000,0.010000,1.000000,1.280000,1.298182,0.000000,0.100000,0.500000,-0.500000,0.050000,
13.525000,0.011000,1.000000,1.280000,1.280000,0.000000,0.100000,0.500000,-0.500000,0.050000,
13.541000,0.016000,1.000000,1.290000,1.281379,0.000000,0.100000,0.500000,-0.500000,0.050000,
13.551000,0.010000,1.000000,1.290000,1.290000,0.000000,0.100000,0.500000,-0.500000,0.050000,
13.561000,0.010000,1.000000,1.300000,1.290909,0.000000,0.100000,0.500000,-0.500000,0.050000,
13.573000,0.012000,1.000000,1.320000,1.302143,0.000000,0.100000,0.500000,-0.500000,0.050000,
13.585000,0.012000,1.000000,1.320000,1.320000,0.000000,0.100000,0.500000,-0.500000,0.050000,
13.595000,0.010000,1.000000,1.340000,1.321818,0.000000,0.100000,0.500000,-0.500000,0.050000,
13.606000,0.011000,1.000000,1.320000,1.338018,0.000000,0.100000,0.500000,-0.500000,0.050000,
13.615000,0.009000,1.000000,1.150000,1.305963,0.000000,0.100000,0.500000,-0.500000,0.050000,
13.626000,0.011000,1.000000,1.150000,1.150000,0.000000,0.100000,0.500000,-0.500000,0.050000,
13.637000,0.011000,1.000000,1.160000,1.150991,0.000000,0.100000,0.500000,-0.500000,0.050000,
13.649000,0.012000,1.000000,1.160000,1.160000,0.000000,0.100000,0.500000,-0.500000,0.050000,
13.662000,0.013000,1.000000,1.170000,1.161150,0.000000,0.100000,0.500000,-0.500000,0.050000,
13.672000,0.010000,1.000000,1.170000,1.170000,0.000000,0.100000,0.500000,-0.500000,0.050000,
13.684000,0.012000,1.000000,1.170000,1.170000,0.000000,0.100000,0.500000,-0.500000,0.050000,
13.693000,0.009000,1.000000,1.170000,1.170000,0.000000,0.100000,0.500000,-0.500000,0.050000,
13.704000,0.011000,1.000000,1.170000,1.170000,0.000000,0.100000,0.500000,-0.500000,0.050000,
13.717000,0.013000,1.000000,1.120000,1.164248,0.000000,0.100000,0.500000,-0.500000,0.050000,
13.726000,0.009000,1.000000,1.120000,1.120000,0.000000,0.100000,0.500000,-0.500000,0.050000,
13.740000,0.014000,1.000000,1.120000,1.120000,0.000000,0.100000,0.500000,-0.500000,0.050000,
13.752000,0.012000,1.000000,1.110000,1.118929,0.000000,0.100000,0.500000,-0.500000,0.050000,
13.760000,0.008000,1.000000,1.110000,1.110000,0.000000,0.100000,0.500000,-0.500000,0.050000,
13.771000,0.011000,1.000000,1.110000,1.110000,0.000000,0.100000,0.500000,-0.500000,0.050000,
13.784000,0.013000,1.000000,1.110000,1.110000,0.000000,0.100000,0.500000,-0.500000,0.050000,
13.796000,0.012000,1.000000,1.090000,1.107857,0.000000,0.100000,0.500000,-0.500000,0.050000,
13.807000,0.011000,1.000000,1.020000,1.083063,0.000000,0.100000,0.500000,-0.500000,0.050000,
13.818000,0.011000,1.000000,1.010000,1.019009,0.000000,0.100000,0.500000,-0.500000,0.050000,
13.827000,0.009000,1.000000,1.010000,1.010000,0.000000,0.100000,0.500000,-0.500000,0.050000,
13.842000,0.015000,1.000000,1.010000,1.010000,0.000000,0.100000,0.500000,-0.500000,0.050000,
13.854000,0.012000,1.000000,1.010000,1.010000,0.000000,0.100000,0.500000,-0.500000,0.050000,
13.860000,0.006000,1.000000,1.000000,1.009434,0.000000,0.100000,0.500000,-0.500000,0.050000,
13.873000,0.013000,1.000000,1.000000,1.000000,0.000000,0.100000,0.500000,-0.500000,0.050000,
13.884000,0.011000,1.000000,1.000000,1.000000,0.000000,0.100000,0.500000,-0.500000,0.050000,
13.894000,0.010000,1.000000,0.990000,0.999091,0.000000,0.100000,0.500000,-0.500000,0.050000,
13.908000,0.014000,1.000000,0.970000,0.987544,0.000000,0.100000,0.500000,-0.500000,0.050000,
13.919000,0.011000,1.000000,0.970000,0.970000,0.000000,0.100000,0.500000,-0.500000,0.050000,
13.927000,0.008000,1.000000,0.960000,0.969259,0.000000,0.100000,0.500000,-0.500000,0.050000,
13.942000,0.015000,1.000000,0.960000,0.960000,0.000000,0.100000,0.500000,-0.500000,0.050000,
13.955000,0.013000,1.000000,0.960000,0.960000,0.000000,0.100000,0.500000,-0.500000,0.050000,
13.964000,0.009000,1.000000,0.960000,0.960000,0.000000,0.100000,0.500000,-0.500000,0.050000,
13.975000,0.011000,1.000000,0.960000,0.960000,0.000000,0.100000,0.500000,-0.500000,0.050000,
13.987000,0.012000,1.000000,0.960000,0.960000,0.000000,0.100000,0.500000,-0.500000,0.050000,
13.997000,0.010000,1.000000,0.960000,0.960000,0.000000,0.100000,0.500000,-0.500000,0.050000,
14.007000,0.010000,1.000000,0.920000,0.956364,0.000000,0.100000,0.500000,-0.500000,0.050000,
14.018000,0.011000,1.000000,0.920000,0.920000,0.000000,0.100000,0.500000,-0.500000,0.050000,
14.030000,0.012000,1.000000,0.910000,0.918929,0.000000,0.100000,0.500000,-0.500000,0.050000,
14.040000,0.010000,1.000000,0.910000,0.910000,0.000000,0.100000,0.500000,-0.500000,0.050000,
14.052000,0.012000,1.000000,0.910000,0.910000,0.000000,0.100000,0.500000,-0.500000,0.050000,
14.062000,0.010000,1.000000,0.910000,0.910000,0.000000,0.100000,0.500000,-0.500000,0.050000,
14.074000,0.012000,1.000000,0.910000,0.910000,0.000000,0.100000,0.500000,-0.500000,0.050000,
14.086000,0.012000,1.000000,0.910000,0.910000,0.000000,0.100000,0.500000,-0.500000,0.050000,
14.096000,0.010000,1.000000,0.900000,0.909091,0.000000,0.100000,0.500000,-0.500000,0.050000,
14.107000,0.011000,1.000000,0.880000,0.898018,0.000000,0.100000,0.500000,-0.500000,0.050000,
14.118000,0.011000,1.000000,0.880000,0.880000,0.000000,0.100000,0.500000,-0.500000,0.050000,
14.129000,0.011000,1.000000,0.870000,0.879009,0.000000,0.100000,0.500000,-0.500000,0.050000,
14.140000,0.011000,1.000000,0.870000,0.870000,0.000000,0.100000,0.500000,-0.500000,0.050000,
14.154000,0.014000,1.000000,0.870000,0.870000,0.000000,0.100000,0.500000,-0.500000,0.050000,
14.162000,0.008000,1.000000,0.870000,0.870000,0.000000,0.100000,0.500000,-0.500000,0.050000,
14.174000,0.012000,1.000000,0.870000,0.870000,0.000000,0.100000,0.500000,-0.500000,0.050000,
14.186000,0.012000,1.000000,0.870000,0.870000,0.000000,0.100000,0.500000,-0.500000,0.050000,
14.196000,0.010000,1.000000,0.870000,0.870000,0.000000,0.100000,0.500000,-0.500000,0.050000,
14.207000,0.011000,1.000000,0.850000,0.868018,0.000000,0.100000,0.500000,-0.500000,0.050000,
14.218000,0.011000,1.000000,0.850000,0.850000,0.000000,0.100000,0.500000,-0.500000,0.050000,
14.229000,0.011000,1.000000,0.850000,0.850000,0.000000,0.100000,0.500000,-0.500000,0.050000,
14.240000,0.011000,1.000000,0.850000,0.850000,0.000000,0.100000,0.500000,-0.500000,0.050000,
14.255000,0.015000,1.000000,0.850000,0.850000,0.000000,0.100000,0.500000,-0.500000,0.050000,
14.262000,0.007000,1.000000,0.850000,0.850000,0.000000,0.100000,0.500000,-0.500000,0.050000,
14.275000,0.013000,1.000000,0.860000,0.851150,0.000000,0.100000,0.500000,-0.500000,0.050000,
14.288000,0.013000,1.000000,0.860000,0.860000,0.000000,0.100000,0.500000,-0.500000,0.050000,
14.297000,0.009000,1.000000,0.860000,0.860000,0.000000,0.100000,0.500000,-0.500000,0.050000,
14.308000,0.011000,1.000000,0.810000,0.855045,0.000000,0.100000,0.500000,-0.500000,0.050000,
14.319000,0.011000,1.000000,0.820000,0.810991,0.000000,0.100000,0.500000,-0.500000,0.050000,
14.329000,0.010000,1.000000,0.820000,0.820000,0.000000,0.100000,0.500000,-0.500000,0.050000,
14.342000,0.013000,1.000000,0.830000,0.821150,0.000000,0.100000,0.500000,-0.500000,0.050000,
14.354000,0.012000,1.000000,0.830000,0.830000,0.000000,0.100000,0.500000,-0.500000,0.050000,
14.363000,0.009000,1.000000,0.830000,0.830000,0.000000,0.100000,0.500000,-0.500000,0.050000,
14.374000,0.011000,1.000000,0.840000,0.830991,0.000000,0.100000,0.500000,-0.500000,0.050000,
14.387000,0.013000,1.000000,0.840000,0.840000,0.000000,0.100000,0.500000,-0.500000,0.050000,
14.404000,0.017000,1.000000,0.840000,0.840000,0.000000,0.100000,0.500000,-0.500000,0.050000,
14.413000,0.009000,1.000000,0.790000,0.835872,0.000000,0.100000,0.500000,-0.500000,0.050000,
14.424000,0.011000,1.000000,0.790000,0.790000,0.000000,0.100000,0.500000,-0.500000,0.050000,
14.443000,0.019000,1.000000,0.790000,0.790000,0.000000,0.100000,0.500000,-0.500000,0.050000,
14.455000,0.012000,1.000000,0.800000,0.791071,0.000000,0.100000,0.500000,-0.500000,0.050000,
14.470000,0.015000,1.000000,0.800000,0.800000,0.000000,0.100000,0.500000,-0.500000,0.050000,
14.480000,0.010000,1.000000,0.800000,0.800000,0.000000,0.100000,0.500000,-0.500000,0.050000,
14.493000,0.013000,1.000000,0.800000,0.800000,0.000000,0.100000,0.500000,-0.500000,0.050000,
14.504000,0.011000,1.000000,0.790000,0.799009,0.000000,0.100000,0.500000,-0.500000,0.050000,
14.513000,0.009000,1.000000,0.750000,0.786697,0.000000,0.100000,0.500000,-0.500000,0.050000,
14.523000,0.010000,1.000000,0.750000,0.750000,0.000000,0.100000,0.500000,-0.500000,0.050000,
14.537000,0.014000,1.000000,0.750000,0.750000,0.000000,0.100000,0.500000,-0.500000,0.050000,
14.547000,0.010000,1.000000,0.750000,0.750000,0.000000,0.100000,0.500000,-0.500000,0.050000,
14.559000,0.012000,1.000000,0.750000,0.750000,0.000000,0.100000,0.500000,-0.500000,0.050000,
14.570000,0.011000,1.000000,0.750000,0.750000,0.000000,0.100000,0.500000,-0.500000,0.050000,
14.580000,0.010000,1.000000,0.740000,0.749091,0.000000,0.100000,0.500000,-0.500000,0.050000,
14.592000,0.012000,1.000000,0.740000,0.740000,0.000000,0.100000,0.500000,-0.500000,0.050000,
14.607000,0.015000,1.000000,0.700000,0.734783,0.000000,0.100000,0.500000,-0.500000,0.050000,
14.614000,0.007000,1.000000,0.700000,0.700000,0.000000,0.100000,0.500000,-0.500000,0.050000,
14.624000,0.010000,1.000000,0.700000,0.700000,0.000000,0.100000,0.500000,-0.500000,0.050000,
14.640000,0.016000,1.000000,0.700000,0.700000,0.000000,0.100000,0.500000,-0.500000,0.050000,
14.648000,0.008000,1.000000,0.700000,0.700000,0.000000,0.100000,0.500000,-0.500000,0.050000,
14.658000,0.010000,1.000000,0.700000,0.700000,0.000000,0.100000,0.500000,-0.500000,0.050000,
14.672000,0.014000,1.000000,0.700000,0.700000,0.000000,0.100000,0.500000,-0.500000,0.050000,
14.680000,0.008000,1.000000,0.700000,0.700000,0.000000,0.100000,0.500000,-0.500000,0.050000,
14.691000,0.011000,1.000000,0.700000,0.700000,0.000000,0.100000,0.500000,-0.500000,0.050000,
14.705000,0.014000,1.000000,0.690000,0.698772,0.000000,0.100000,0.500000,-0.500000,0.050000,
14.715000,0.010000,1.000000,0.650000,0.686364,0.000000,0.100000,0.500000,-0.500000,0.050000,
14.724000,0.009000,1.000000,0.650000,0.650000,0.000000,0.100000,0.500000,-0.500000,0.050000,
14.740000,0.016000,1.000000,0.640000,0.648621,0.000000,0.100000,0.500000,-0.500000,0.050000,
14.752000,0.012000,1.000000,0.640000,0.640000,0.000000,0.100000,0.500000,-0.500000,0.050000,
14.765000,0.013000,1.000000,0.640000,0.640000,0.000000,0.100000,0.500000,-0.500000,0.050000,
14.775000,0.010000,1.000000,0.640000,0.640000,0.000000,0.100000,0.500000,-0.500000,0.050000,
14.788000,0.013000,1.000000,0.640000,0.640000,0.000000,0.100000,0.500000,-0.500000,0.050000,
14.797000,0.009000,1.000000,0.640000,0.640000,0.000000,0.100000,0.500000,-0.500000,0.050000,
14.810000,0.013000,1.000000,0.610000,0.636549,0.000000,0.100000,0.500000,-0.500000,0.050000,
14.821000,0.011000,1.000000,0.610000,0.610000,0.000000,0.100000,0.500000,-0.500000,0.050000,
14.834000,0.013000,1.000000,0.610000,0.610000,0.000000,0.100000,0.500000,-0.500000,0.050000,
14.843000,0.009000,1.000000,0.610000,0.610000,0.000000,0.100000,0.500000,-0.500000,0.050000,
14.853000,0.010000,1.000000,0.610000,0.610000,0.000000,0.100000,0.500000,-0.500000,0.050000,
14.864000,0.011000,1.000000,0.610000,0.610000,0.000000,0.100000,0.500000,-0.500000,0.050000,
14.875000,0.011000,1.000000,0.610000,0.610000,0.000000,0.100000,0.500000,-0.500000,0.050000,
14.886000,0.011000,1.000000,0.610000,0.610000,0.000000,0.100000,0.500000,-0.500000,0.050000,
14.901000,0.015000,1.000000,0.570000,0.604783,0.000000,0.100000,0.500000,-0.500000,0.050000,
14.909000,0.008000,1.000000,0.570000,0.570000,0.000000,0.100000,0.500000,-0.500000,0.050000,
14.921000,0.012000,1.000000,0.570000,0.570000,0.000000,0.100000,0.500000,-0.500000,0.050000,
14.930000,0.009000,1.000000,0.570000,0.570000,0.000000,0.100000,0.500000,-0.500000,0.050000,
14.944000,0.014000,1.000000,0.570000,0.570000,0.000000,0.100000,0.500000,-0.500000,0.050000,
14.957000,0.013000,1.000000,0.580000,0.571150,0.000000,0.100000,0.500000,-0.500000,0.050000,
14.964000,0.007000,1.000000,0.580000,0.580000,0.000000,0.100000,0.500000,-0.500000,0.050000,
14.975000,0.011000,1.000000,0.580000,0.580000,0.000000,0.100000,0.500000,-0.500000,0.050000,
14.987000,0.012000,1.000000,0.580000,0.580000,0.000000,0.100000,0.500000,-0.500000,0.050000,
15.003000,0.016000,1.000000,0.570000,0.578621,0.000000,0.100000,0.500000,-0.500000,0.050000,
15.010000,0.007000,1.000000,0.520000,0.566729,0.000000,0.100000,0.500000,-0.500000,0.050000,
15.021000,0.011000,1.000000,0.520000,0.520000,0.000000,0.100000,0.500000,-0.500000,0.050000,
15.036000,0.015000,1.000000,0.520000,0.520000,0.000000,0.100000,0.500000,-0.500000,0.050000,
15.049000,0.013000,1.000000,0.520000,0.520000,0.000000,0.100000,0.500000,-0.500000,0.050000,
15.058000,0.009000,1.000000,0.520000,0.520000,0.000000,0.100000,0.500000,-0.500000,0.050000,
15.071000,0.013000,1.000000,0.520000,0.520000,0.000000,0.100000,0.500000,-0.500000,0.050000,
15.080000,0.009000,1.000000,0.520000,0.520000,0.000000,0.100000,0.500000,-0.500000,0.050000,
15.091000,0.011000,1.000000,0.520000,0.520000,0.000000,0.100000,0.500000,-0.500000,0.050000,
15.104000,0.013000,1.000000,0.510000,0.518850,0.000000,0.100000,0.500000,-0.500000,0.050000,
15.114000,0.010000,1.000000,0.450000,0.504545,0.000000,0.100000,0.500000,-0.500000,0.050000,
15.124000,0.010000,1.000000,0.450000,0.450000,0.000000,0.100000,0.500000,-0.500000,0.050000,
15.136000,0.012000,1.000000,0.450000,0.450000,0.000000,0.100000,0.500000,-0.500000,0.050000,
15.146000,0.010000,1.000000,0.450000,0.450000,0.000000,0.100000,0.500000,-0.500000,0.050000,
15.158000,0.012000,1.000000,0.450000,0.450000,0.000000,0.100000,0.500000,-0.500000,0.050000,
15.169000,0.011000,1.000000,0.450000,0.450000,0.000000,0.100000,0.500000,-0.500000,0.050000,
15.180000,0.011000,1.000000,0.450000,0.450000,0.000000,0.100000,0.500000,-0.500000,0.050000,
15.193000,0.013000,1.000000,0.450000,0.450000,0.000000,0.100000,0.500000,-0.500000,0.050000,
15.203000,0.010000,1.000000,0.440000,0.449091,0.000000,0.100000,0.500000,-0.500000,0.050000,
15.213000,0.010000,1.000000,0.380000,0.434545,0.000000,0.100000,0.500000,-0.500000,0.050000,
15.224000,0.011000,1.000000,0.380000,0.380000,0.000000,0.100000,0.500000,-0.500000,0.050000,
15.236000,0.012000,1.000000,0.380000,0.380000,0.000000,0.100000,0.500000,-0.500000,0.050000,
15.246000,0.010000,1.000000,0.380000,0.380000,0.000000,0.100000,0.500000,-0.500000,0.050000,
15.258000,0.012000,1.000000,0.380000,0.380000,0.000000,0.100000,0.500000,-0.500000,0.050000,
15.275000,0.017000,1.000000,0.380000,0.380000,0.000000,0.100000,0.500000,-0.500000,0.050000,
15.288000,0.013000,1.000000,0.380000,0.380000,0.000000,0.100000,0.500000,-0.500000,0.050000,
15.296000,0.008000,1.000000,0.370000,0.379259,0.000000,0.100000,0.500000,-0.500000,0.050000,
15.308000,0.012000,1.000000,0.340000,0.366786,0.000000,0.100000,0.500000,-0.500000,0.050000,
15.320000,0.012000,1.000000,0.340000,0.340000,0.000000,0.100000,0.500000,-0.500000,0.050000,
15.329000,0.009000,1.000000,0.330000,0.339174,0.000000,0.100000,0.500000,-0.500000,0.050000,
15.343000,0.014000,1.000000,0.330000,0.330000,0.000000,0.100000,0.500000,-0.500000,0.050000,
15.354000,0.011000,1.000000,0.330000,0.330000,0.000000,0.100000,0.500000,-0.500000,0.050000,
15.363000,0.009000,1.000000,0.330000,0.330000,0.000000,0.100000,0.500000,-0.500000,0.050000,
15.374000,0.011000,1.000000,0.330000,0.330000,0.000000,0.100000,0.500000,-0.500000,0.050000,
15.388000,0.014000,1.000000,0.330000,0.330000,0.000000,0.100000,0.500000,-0.500000,0.050000,
15.397000,0.009000,1.000000,0.320000,0.329174,0.000000,0.100000,0.500000,-0.500000,0.050000,
15.408000,0.011000,1.000000,0.190000,0.307117,0.000000,0.100000,0.500000,-0.500000,0.050000,
15.420000,0.012000,1.000000,0.190000,0.190000,0.000000,0.100000,0.500000,-0.500000,0.050000,
15.431000,0.011000,1.000000,0.190000,0.190000,0.000000,0.100000,0.500000,-0.500000,0.050000,
15.440000,0.009000,1.000000,0.190000,0.190000,0.000000,0.100000,0.500000,-0.500000,0.050000,
15.455000,0.015000,1.000000,0.190000,0.190000,0.000000,0.100000,0.500000,-0.500000,0.050000,
15.465000,0.010000,1.000000,0.190000,0.190000,0.000000,0.100000,0.500000,-0.500000,0.050000,
15.475000,0.010000,1.000000,0.190000,0.190000,0.000000,0.100000,0.500000,-0.500000,0.050000,
15.487000,0.012000,1.000000,0.190000,0.190000,0.000000,0.100000,0.500000,-0.500000,0.050000,
15.495000,0.008000,1.000000,0.190000,0.190000,0.000000,0.100000,0.500000,-0.500000,0.050000,
15.507000,0.012000,1.000000,0.190000,0.190000,0.000000,0.100000,0.500000,-0.500000,0.050000,
15.521000,0.014000,1.000000,0.190000,0.190000,0.000000,0.100000,0.500000,-0.500000,0.050000,
15.530000,0.009000,1.000000,0.190000,0.190000,0.000000,0.100000,0.500000,-0.500000,0.050000,
15.541000,0.011000,1.000000,0.190000,0.190000,0.000000,0.100000,0.500000,-0.500000,0.050000,
15.555000,0.014000,1.000000,0.190000,0.190000,0.000000,0.100000,0.500000,-0.500000,0.050000,
15.563000,0.008000,1.000000,0.190000,0.190000,0.000000,0.100000,0.500000,-0.500000,0.050000,
15.574000,0.011000,1.000000,0.190000,0.190000,0.000000,0.100000,0.500000,-0.500000,0.050000,
15.587000,0.013000,1.000000,0.190000,0.190000,0.000000,0.100000,0.500000,-0.500000,0.050000,
15.595000,0.008000,1.000000,0.190000,0.190000,0.000000,0.100000,0.500000,-0.500000,0.050000,
15.607000,0.012000,1.000000,0.190000,0.190000,0.000000,0.100000,0.500000,-0.500000,0.050000,
15.622000,0.015000,1.000000,0.180000,0.188696,0.000000,0.100000,0.500000,-0.500000,0.050000,
15.632000,0.010000,1.000000,0.180000,0.180000,0.000000,0.100000,0.500000,-0.500000,0.050000,
15.644000,0.012000,1.000000,0.180000,0.180000,0.000000,0.100000,0.500000,-0.500000,0.050000,
15.656000,0.012000,1.000000,0.180000,0.180000,0.000000,0.100000,0.500000,-0.500000,0.050000,
15.667000,0.011000,1.000000,0.180000,0.180000,0.000000,0.100000,0.500000,-0.500000,0.050000,
15.677000,0.010000,1.000000,0.180000,0.180000,0.000000,0.100000,0.500000,-0.500000,0.050000,
15.688000,0.011000,1.000000,0.180000,0.180000,0.000000,0.100000,0.500000,-0.500000,0.050000,
15.699000,0.011000,1.000000,0.180000,0.180000,0.000000,0.100000,0.500000,-0.500000,0.050000,
15.710000,0.011000,1.000000,0.190000,0.180991,0.000000,0.100000,0.500000,-0.500000,0.050000,
15.721000,0.011000,1.000000,0.190000,0.190000,0.000000,0.100000,0.500000,-0.500000,0.050000,
15.732000,0.011000,1.000000,0.190000,0.190000,0.000000,0.100000,0.500000,-0.500000,0.050000,
15.744000,0.012000,1.000000,0.190000,0.190000,0.000000,0.100000,0.500000,-0.500000,0.050000,
15.756000,0.012000,1.000000,0.190000,0.190000,0.000000,0.100000,0.500000,-0.500000,0.050000,
15.769000,0.013000,1.000000,0.190000,0.190000,0.000000,0.100000,0.500000,-0.500000,0.050000,
15.779000,0.010000,1.000000,0.190000,0.190000,0.000000,0.100000,0.500000,-0.500000,0.050000,
15.791000,0.012000,1.000000,0.190000,0.190000,0.000000,0.100000,0.500000,-0.500000,0.050000,
15.803000,0.012000,1.000000,0.190000,0.190000,0.000000,0.100000,0.500000,-0.500000,0.050000,
15.810000,0.007000,1.000000,0.190000,0.190000,0.000000,0.100000,0.500000,-0.500000,0.050000,
15.822000,0.012000,1.000000,0.190000,0.190000,0.000000,0.100000,0.500000,-0.500000,0.050000,
15.837000,0.015000,1.000000,0.190000,0.190000,0.000000,0.100000,0.500000,-0.500000,0.050000,
15.846000,0.009000,1.000000,0.190000,0.190000,0.000000,0.100000,0.500000,-0.500000,0.050000,
15.856000,0.010000,1.000000,0.190000,0.190000,0.000000,0.100000,0.500000,-0.500000,0.050000,
15.870000,0.014000,1.000000,0.190000,0.190000,0.000000,0.100000,0.500000,-0.500000,0.050000,
15.878000,0.008000,1.000000,0.190000,0.190000,0.000000,0.100000,0.500000,-0.500000,0.050000,
15.889000,0.011000,1.000000,0.190000,0.190000,0.000000,0.100000,0.500000,-0.500000,0.050000,
15.902000,0.013000,1.000000,0.190000,0.190000,0.000000,0.100000,0.500000,-0.500000,0.050000,
15.918000,0.016000,1.000000,0.190000,0.190000,0.000000,0.100000,0.500000,-0.500000,0.050000,
15.925000,0.007000,1.000000,0.190000,0.190000,0.000000,0.100000,0.500000,-0.500000,0.050000,
15.939000,0.014000,1.000000,0.190000,0.190000,0.000000,0.100000,0.500000,-0.500000,0.050000,
15.949000,0.010000,1.000000,0.190000,0.190000,0.000000,0.100000,0.500000,-0.500000,0.050000,
15.960000,0.011000,1.000000,0.190000,0.190000,0.000000,0.100000,0.500000,-0.500000,0.050000,
15.974000,0.014000,1.000000,0.200000,0.191228,0.000000,0.100000,0.500000,-0.500000,0.050000,
15.984000,0.010000,1.000000,0.200000,0.200000,0.000000,0.100000,0.500000,-0.500000,0.050000,
15.993000,0.009000,1.000000,0.200000,0.200000,0.000000,0.100000,0.500000,-0.500000,0.050000,
16.005000,0.012000,1.000000,0.200000,0.200000,0.000000,0.100000,0.500000,-0.500000,0.050000,
16.014000,0.009000,1.000000,0.200000,0.200000,0.000000,0.100000,0.500000,-0.500000,0.050000,
16.026000,0.012000,1.000000,0.200000,0.200000,0.000000,0.100000,0.500000,-0.500000,0.050000,
16.041000,0.015000,1.000000,0.200000,0.200000,0.000000,0.100000,0.500000,-0.500000,0.050000,
16.051000,0.010000,1.000000,0.200000,0.200000,0.000000,0.100000,0.500000,-0.500000,0.050000,
16.059000,0.008000,1.000000,0.190000,0.199259,0.000000,0.100000,0.500000,-0.500000,0.050000,
16.073000,0.014000,1.000000,0.190000,0.190000,0.000000,0.100000,0.500000,-0.500000,0.050000,
16.087000,0.014000,1.000000,0.190000,0.190000,0.000000,0.100000,0.500000,-0.500000,0.050000,
16.096000,0.009000,1.000000,0.190000,0.190000,0.000000,0.100000,0.500000,-0.500000,0.050000,
16.108000,0.012000,1.000000,0.190000,0.190000,0.000000,0.100000,0.500000,-0.500000,0.050000,
16.121000,0.013000,1.000000,0.200000,0.191150,0.000000,0.100000,0.500000,-0.500000,0.050000,
16.131000,0.010000,1.000000,0.200000,0.200000,0.000000,0.100000,0.500000,-0.500000,0.050000,
16.144000,0.013000,1.000000,0.200000,0.200000,0.000000,0.100000,0.500000,-0.500000,0.050000,
16.156000,0.012000,1.000000,0.200000,0.200000,0.000000,0.100000,0.500000,-0.500000,0.050000,
16.164000,0.008000,1.000000,0.200000,0.200000,0.000000,0.100000,0.500000,-0.500000,0.050000,
16.175000,0.011000,1.000000,0.200000,0.200000,0.000000,0.100000,0.500000,-0.500000,0.050000,
16.189000,0.014000,1.000000,0.200000,0.200000,0.000000,0.100000,0.500000,-0.500000,0.050000,
16.197000,0.008000,1.000000,0.200000,0.200000,0.000000,0.100000,0.500000,-0.500000,0.050000,
16.208000,0.011000,1.000000,0.200000,0.200000,0.000000,0.100000,0.500000,-0.500000,0.050000,
16.219000,0.011000,1.000000,0.200000,0.200000,0.000000,0.100000,0.500000,-0.500000,0.050000,
16.235000,0.016000,1.000000,0.200000,0.200000,0.000000,0.100000,0.500000,-0.500000,0.050000,
16.249000,0.014000,1.000000,0.200000,0.200000,0.000000,0.100000,0.500000,-0.500000,0.050000,
16.258000,0.009000,1.000000,0.200000,0.200000,0.000000,0.100000,0.500000,-0.500000,0.050000,
16.271000,0.013000,1.000000,0.200000,0.200000,0.000000,0.100000,0.500000,-0.500000,0.050000,
16.279000,0.008000,1.000000,0.200000,0.200000,0.000000,0.100000,0.500000,-0.500000,0.050000,
16.291000,0.012000,1.000000,0.200000,0.200000,0.000000,0.100000,0.500000,-0.500000,0.050000,
16.303000,0.012000,1.000000,0.200000,0.200000,0.000000,0.100000,0.500000,-0.500000,0.050000,
16.313000,0.010000,1.000000,0.200000,0.200000,0.000000,0.100000,0.500000,-0.500000,0.050000,
16.324000,0.011000,1.000000,0.200000,0.200000,0.000000,0.100000,0.500000,-0.500000,0.050000,
16.335000,0.011000,1.000000,0.200000,0.200000,0.000000,0.100000,0.500000,-0.500000,0.050000,
16.346000,0.011000,1.000000,0.200000,0.200000,0.000000,0.100000,0.500000,-0.500000,0.050000,
16.359000,0.013000,1.000000,0.200000,0.200000,0.000000,0.100000,0.500000,-0.500000,0.050000,
16.369000,0.010000,1.000000,0.200000,0.200000,0.000000,0.100000,0.500000,-0.500000,0.050000,
16.379000,0.010000,1.000000,0.200000,0.200000,0.000000,0.100000,0.500000,-0.500000,0.050000,
16.391000,0.012000,1.000000,0.200000,0.200000,0.000000,0.100000,0.500000,-0.500000,0.050000,
16.404000,0.013000,1.000000,0.200000,0.200000,0.000000,0.100000,0.500000,-0.500000,0.050000,
16.413000,0.009000,1.000000,0.200000,0.200000,0.000000,0.100000,0.500000,-0.500000,0.050000,
16.424000,0.011000,1.000000,0.200000,0.200000,0.000000,0.100000,0.500000,-0.500000,0.050000,
16.436000,0.012000,1.000000,0.200000,0.200000,0.000000,0.100000,0.500000,-0.500000,0.050000,
16.446000,0.010000,1.000000,0.200000,0.200000,0.000000,0.100000,0.500000,-0.500000,0.050000,
16.459000,0.013000,1.000000,0.200000,0.200000,0.000000,0.100000,0.500000,-0.500000,0.050000,
16.471000,0.012000,1.000000,0.200000,0.200000,0.000000,0.100000,0.500000,-0.500000,0.050000,
16.479000,0.008000,1.000000,0.200000,0.200000,0.000000,0.100000,0.500000,-0.500000,0.050000,
16.490000,0.011000,1.000000,0.200000,0.200000,0.000000,0.100000,0.500000,-0.500000,0.050000,
16.504000,0.014000,1.000000,0.200000,0.200000,0.000000,0.100000,0.500000,-0.500000,0.050000,
16.513000,0.009000,1.000000,0.200000,0.200000,0.000000,0.100000,0.500000,-0.500000,0.050000,
16.524000,0.011000,1.000000,0.200000,0.200000,0.000000,0.100000,0.500000,-0.500000,0.050000,
16.536000,0.012000,1.000000,0.200000,0.200000,0.000000,0.100000,0.500000,-0.500000,0.050000,
16.547000,0.011000,1.000000,0.200000,0.200000,0.000000,0.100000,0.500000,-0.500000,0.050000,
16.557000,0.010000,1.000000,0.200000,0.200000,0.000000,0.100000,0.500000,-0.500000,0.050000,
16.568000,0.011000,1.000000,0.200000,0.200000,0.000000,0.100000,0.500000,-0.500000,0.050000,
16.579000,0.011000,1.000000,0.200000,0.200000,0.000000,0.100000,0.500000,-0.500000,0.050000,
16.591000,0.012000,1.000000,0.200000,0.200000,0.000000,0.100000,0.500000,-0.500000,0.050000,
16.605000,0.014000,1.000000,0.200000,0.200000,0.000000,0.100000,0.500000,-0.500000,0.050000,
16.613000,0.008000,1.000000,0.200000,0.200000,0.000000,0.100000,0.500000,-0.500000,0.050000,
16.624000,0.011000,1.000000,0.200000,0.200000,0.000000,0.100000,0.500000,-0.500000,0.050000,
16.639000,0.015000,1.000000,0.200000,0.200000,0.000000,0.100000,0.500000,-0.500000,0.050000,
16.653000,0.014000,1.000000,0.200000,0.200000,0.000000,0.100000,0.500000,-0.500000,0.050000,
16.662000,0.009000,1.000000,0.200000,0.200000,0.000000,0.100000,0.500000,-0.500000,0.050000,
16.678000,0.016000,1.000000,0.200000,0.200000,0.000000,0.100000,0.500000,-0.500000,0.050000,
16.689000,0.011000,1.000000,0.200000,0.200000,0.000000,0.100000,0.500000,-0.500000,0.050000,
16.700000,0.011000,1.000000,0.200000,0.200000,0.000000,0.100000,0.500000,-0.500000,0.050000,
16.710000,0.010000,1.000000,0.200000,0.200000,0.000000,0.100000,0.500000,-0.500000,0.050000,
16.722000,0.012000,1.000000,0.200000,0.200000,0.000000,0.100000,0.500000,-0.500000,0.050000,
16.731000,0.009000,1.000000,0.200000,0.200000,0.000000,0.100000,0.500000,-0.500000,0.050000,
16.743000,0.012000,1.000000,0.200000,0.200000,0.000000,0.100000,0.500000,-0.500000,0.050000,
16.756000,0.013000,1.000000,0.200000,0.200000,0.000000,0.100000,0.500000,-0.500000,0.050000,
16.764000,0.008000,1.000000,0.200000,0.200000,0.000000,0.100000,0.500000,-0.500000,0.050000,
16.775000,0.011000,1.000000,0.200000,0.200000,0.000000,0.100000,0.500000,-0.500000,0.050000,
16.788000,0.013000,1.000000,0.200000,0.200000,0.000000,0.100000,0.500000,-0.500000,0.050000,
16.797000,0.009000,1.000000,0.200000,0.200000,0.000000,0.100000,0.500000,-0.500000,0.050000,
16.810000,0.013000,1.000000,0.200000,0.200000,0.000000,0.100000,0.500000,-0.500000,0.050000,
16.821000,0.011000,1.000000,0.200000,0.200000,0.000000,0.100000,0.500000,-0.500000,0.050000,
16.833000,0.012000,1.000000,0.200000,0.200000,0.000000,0.100000,0.500000,-0.500000,0.050000,
16.842000,0.009000,1.000000,0.200000,0.200000,0.000000,0.100000,0.500000,-0.500000,0.050000,
16.853000,0.011000,1.000000,0.200000,0.200000,0.000000,0.100000,0.500000,-0.500000,0.050000,
16.869000,0.016000,1.000000,0.200000,0.200000,0.000000,0.100000,0.500000,-0.500000,0.050000,
16.877000,0.008000,1.000000,0.200000,0.200000,0.000000,0.100000,0.500000,-0.500000,0.050000,
16.888000,0.011000,1.000000,0.200000,0.200000,0.000000,0.100000,0.500000,-0.500000,0.050000,
16.898000,0.010000,1.000000,0.200000,0.200000,0.000000,0.100000,0.500000,-0.500000,0.050000,
16.910000,0.012000,1.000000,0.200000,0.200000,0.000000,0.100000,0.500000,-0.500000,0.050000,
16.921000,0.011000,1.000000,0.200000,0.200000,0.000000,0.100000,0.500000,-0.500000,0.050000,
16.932000,0.011000,1.000000,0.200000,0.200000,0.000000,0.100000,0.500000,-0.500000,0.050000,
16.943000,0.011000,1.000000,0.200000,0.200000,0.000000,0.100000,0.500000,-0.500000,0.050000,
16.955000,0.012000,1.000000,0.200000,0.200000,0.000000,0.100000,0.500000,-0.500000,0.050000,
16.966000,0.011000,1.000000,0.200000,0.200000,0.000000,0.100000,0.500000,-0.500000,0.050000,
16.976000,0.010000,1.000000,0.200000,0.200000,0.000000,0.100000,0.500000,-0.500000,0.050000,
16.991000,0.015000,1.000000,0.200000,0.200000,0.000000,0.100000,0.500000,-0.500000,0.050000,
17.003000,0.012000,1.000000,0.200000,0.200000,0.000000,0.100000,0.500000,-0.500000,0.050000,
17.010000,0.007000,1.000000,0.200000,0.200000,0.000000,0.100000,0.500000,-0.500000,0.050000,
17.021000,0.011000,1.000000,0.200000,0.200000,0.000000,0.100000,0.500000,-0.500000,0.050000,
17.036000,0.015000,1.000000,0.200000,0.200000,0.000000,0.100000,0.500000,-0.500000,0.050000,
17.044000,0.008000,1.000000,0.200000,0.200000,0.000000,0.100000,0.500000,-0.500000,0.050000,
17.055000,0.011000,1.000000,0.200000,0.200000,0.000000,0.100000,0.500000,-0.500000,0.050000,
17.066000,0.011000,1.000000,0.200000,0.200000,0.000000,0.100000,0.500000,-0.500000,0.050000,
17.076000,0.010000,1.000000,0.200000,0.200000,0.000000,0.100000,0.500000,-0.500000,0.050000,
17.087000,0.011000,1.000000,0.200000,0.200000,0.000000,0.100000,0.500000,-0.500000,0.050000,
17.100000,0.013000,1.000000,0.200000,0.200000,0.000000,0.100000,0.500000,-0.500000,0.050000,
17.115000,0.015000,1.000000,0.200000,0.200000,0.000000,0.100000,0.500000,-0.500000,0.050000,
17.124000,0.009000,1.000000,0.200000,0.200000,0.000000,0.100000,0.500000,-0.500000,0.050000,
17.139000,0.015000,1.000000,0.200000,0.200000,0.000000,0.100000,0.500000,-0.500000,0.050000,
17.147000,0.008000,1.000000,0.200000,0.200000,0.000000,0.100000,0.500000,-0.500000,0.050000,
17.160000,0.013000,1.000000,0.200000,0.200000,0.000000,0.100000,0.500000,-0.500000,0.050000,
17.171000,0.011000,1.000000,0.200000,0.200000,0.000000,0.100000,0.500000,-0.500000,0.050000,
17.180000,0.009000,1.000000,0.200000,0.200000,0.000000,0.100000,0.500000,-0.500000,0.050000,
17.192000,0.012000,1.000000,0.200000,0.200000,0.000000,0.100000,0.500000,-0.500000,0.050000,
17.206000,0.014000,1.000000,0.200000,0.200000,0.000000,0.100000,0.500000,-0.500000,0.050000,
17.215000,0.009000,1.000000,0.200000,0.200000,0.000000,0.100000,0.500000,-0.500000,0.050000,
17.226000,0.011000,1.000000,0.200000,0.200000,0.000000,0.100000,0.500000,-0.500000,0.050000,
17.238000,0.012000,1.000000,0.200000,0.200000,0.000000,0.100000,0.500000,-0.500000,0.050000,
17.247000,0.009000,1.000000,0.200000,0.200000,0.000000,0.100000,0.500000,-0.500000,0.050000,
17.259000,0.012000,1.000000,0.200000,0.200000,0.000000,0.100000,0.500000,-0.500000,0.050000,
17.272000,0.013000,1.000000,0.200000,0.200000,0.000000,0.100000,0.500000,-0.500000,0.050000,
17.280000,0.008000,1.000000,0.200000,0.200000,0.000000,0.100000,0.500000,-0.500000,0.050000,
17.292000,0.012000,1.000000,0.200000,0.200000,0.000000,0.100000,0.500000,-0.500000,0.050000,
17.304000,0.012000,1.000000,0.200000,0.200000,0.000000,0.100000,0.500000,-0.500000,0.050000,
17.314000,0.010000,1.000000,0.200000,0.200000,0.000000,0.100000,0.500000,-0.500000,0.050000,
17.325000,0.011000,1.000000,0.200000,0.200000,0.000000,0.100000,0.500000,-0.500000,0.050000,
17.339000,0.014000,1.000000,0.200000,0.200000,0.000000,0.100000,0.500000,-0.500000,0.050000,
17.349000,0.010000,1.000000,0.200000,0.200000,0.000000,0.100000,0.500000,-0.500000,0.050000,
17.364000,0.015000,1.000000,0.200000,0.200000,0.000000,0.100000,0.500000,-0.500000,0.050000,
17.375000,0.011000,1.000000,0.200000,0.200000,0.000000,0.100000,0.500000,-0.500000,0.050000,
17.387000,0.012000,1.000000,0.200000,0.200000,0.000000,0.100000,0.500000,-0.500000,0.050000,
17.396000,0.009000,1.000000,0.200000,0.200000,0.000000,0.100000,0.500000,-0.500000,0.050000,
17.408000,0.012000,1.000000,0.200000,0.200000,0.000000,0.100000,0.500000,-0.500000,0.050000,
17.421000,0.013000,1.000000,0.200000,0.200000,0.000000,0.100000,0.500000,-0.500000,0.050000,
17.432000,0.011000,1.000000,0.200000,0.200000,0.000000,0.100000,0.500000,-0.500000,0.050000,
17.447000,0.015000,1.000000,0.200000,0.200000,0.000000,0.100000,0.500000,-0.500000,0.050000,
17.460000,0.013000,1.000000,0.200000,0.200000,0.000000,0.100000,0.500000,-0.500000,0.050000,
17.472000,0.012000,1.000000,0.200000,0.200000,0.000000,0.100000,0.500000,-0.500000,0.050000,
17.485000,0.013000,1.000000,0.200000,0.200000,0.000000,0.100000,0.500000,-0.500000,0.050000,
17.495000,0.010000,1.000000,0.200000,0.200000,0.000000,0.100000,0.500000,-0.500000,0.050000,
17.505000,0.010000,1.000000,0.200000,0.200000,0.000000,0.100000,0.500000,-0.500000,0.050000,
17.518000,0.013000,1.000000,0.200000,0.200000,0.000000,0.100000,0.500000,-0.500000,0.050000,
17.527000,0.009000,1.000000,0.200000,0.200000,0.000000,0.100000,0.500000,-0.500000,0.050000,
17.541000,0.014000,1.000000,0.200000,0.200000,0.000000,0.100000,0.500000,-0.500000,0.050000,
17.553000,0.012000,1.000000,0.200000,0.200000,0.000000,0.100000,0.500000,-0.500000,0.050000,
17.561000,0.008000,1.000000,0.200000,0.200000,0.000000,0.100000,0.500000,-0.500000,0.050000,
17.572000,0.011000,1.000000,0.200000,0.200000,0.000000,0.100000,0.500000,-0.500000,0.050000,
17.585000,0.013000,1.000000,0.200000,0.200000,0.000000,0.100000,0.500000,-0.500000,0.050000,
17.595000,0.010000,1.000000,0.200000,0.200000,0.000000,0.100000,0.500000,-0.500000,0.050000,
17.605000,0.010000,1.000000,0.200000,0.200000,0.000000,0.100000,0.500000,-0.500000,0.050000,
17.617000,0.012000,1.000000,0.200000,0.200000,0.000000,0.100000,0.500000,-0.500000,0.050000,
17.629000,0.012000,1.000000,0.200000,0.200000,0.000000,0.100000,0.500000,-0.500000,0.050000,
17.639000,0.010000,1.000000,0.200000,0.200000,0.000000,0.100000,0.500000,-0.500000,0.050000,
17.653000,0.014000,1.000000,0.200000,0.200000,0.000000,0.100000,0.500000,-0.500000,0.050000,
17.660000,0.007000,1.000000,0.200000,0.200000,0.000000,0.100000,0.500000,-0.500000,0.050000,
17.673000,0.013000,1.000000,0.200000,0.200000,0.000000,0.100000,0.500000,-0.500000,0.050000,
17.685000,0.012000,1.000000,0.200000,0.200000,0.000000,0.100000,0.500000,-0.500000,0.050000,
17.694000,0.009000,1.000000,0.200000,0.200000,0.000000,0.100000,0.500000,-0.500000,0.050000,
17.705000,0.011000,1.000000,0.200000,0.200000,0.000000,0.100000,0.500000,-0.500000,0.050000,
17.717000,0.012000,1.000000,0.200000,0.200000,0.000000,0.100000,0.500000,-0.500000,0.050000,
17.727000,0.010000,1.000000,0.200000,0.200000,0.000000,0.100000,0.500000,-0.500000,0.050000,
17.738000,0.011000,1.000000,0.200000,0.200000,0.000000,0.100000,0.500000,-0.500000,0.050000,
17.752000,0.014000,1.000000,0.200000,0.200000,0.000000,0.100000,0.500000,-0.500000,0.050000,
17.760000,0.008000,1.000000,0.200000,0.200000,0.000000,0.100000,0.500000,-0.500000,0.050000,
17.772000,0.012000,1.000000,0.200000,0.200000,0.000000,0.100000,0.500000,-0.500000,0.050000,
17.783000,0.011000,1.000000,0.200000,0.200000,0.000000,0.100000,0.500000,-0.500000,0.050000,
17.795000,0.012000,1.000000,0.200000,0.200000,0.000000,0.100000,0.500000,-0.500000,0.050000,
17.805000,0.010000,1.000000,0.200000,0.200000,0.000000,0.100000,0.500000,-0.500000,0.050000,
17.817000,0.012000,1.000000,0.200000,0.200000,0.000000,0.100000,0.500000,-0.500000,0.050000,
17.828000,0.011000,1.000000,0.200000,0.200000,0.000000,0.100000,0.500000,-0.500000,0.050000,
17.839000,0.011000,1.000000,0.200000,0.200000,0.000000,0.100000,0.500000,-0.500000,0.050000,
17.851000,0.012000,1.000000,0.200000,0.200000,0.000000,0.100000,0.500000,-0.500000,0.050000,
17.861000,0.010000,1.000000,0.200000,0.200000,0.000000,0.100000,0.500000,-0.500000,0.050000,
17.872000,0.011000,1.000000,0.200000,0.200000,0.000000,0.100000,0.500000,-0.500000,0.050000,
17.884000,0.012000,1.000000,0.200000,0.200000,0.000000,0.100000,0.500000,-0.500000,0.050000,
17.895000,0.011000,1.000000,0.200000,0.200000,0.000000,0.100000,0.500000,-0.500000,0.050000,
17.905000,0.010000,1.000000,0.200000,0.200000,0.000000,0.100000,0.500000,-0.500000,0.050000,
17.917000,0.012000,1.000000,0.200000,0.200000,0.000000,0.100000,0.500000,-0.500000,0.050000,
17.927000,0.010000,1.000000,0.200000,0.200000,0.000000,0.100000,0.500000,-0.500000,0.050000,
17.945000,0.018000,1.000000,0.200000,0.200000,0.000000,0.100000,0.500000,-0.500000,0.050000,
17.956000,0.011000,1.000000,0.200000,0.200000,0.000000,0.100000,0.500000,-0.500000,0.050000,
17.964000,0.008000,1.000000,0.200000,0.200000,0.000000,0.100000,0.500000,-0.500000,0.050000,
17.975000,0.011000,1.000000,0.200000,0.200000,0.000000,0.100000,0.500000,-0.500000,0.050000,
17.988000,0.013000,1.000000,0.200000,0.200000,0.000000,0.100000,0.500000,-0.500000,0.050000,
18.000000,0.012000,1.000000,0.200000,0.200000,0.000000,0.100000,0.500000,-0.500000,0.050000,
18.009000,0.009000,1.000000,0.200000,0.200000,0.000000,0.100000,0.500000,-0.500000,0.050000,
18.020000,0.011000,1.000000,0.200000,0.200000,0.000000,0.100000,0.500000,-0.500000,0.050000,
18.040000,0.020000,1.000000,0.200000,0.200000,0.000000,0.100000,0.500000,-0.500000,0.050000,
18.049000,0.009000,1.000000,0.200000,0.200000,0.000000,0.100000,0.500000,-0.500000,0.050000,
18.058000,0.009000,1.000000,0.200000,0.200000,0.000000,0.100000,0.500000,-0.500000,0.050000,
18.071000,0.013000,1.000000,0.200000,0.200000,0.000000,0.100000,0.500000,-0.500000,0.050000,
18.080000,0.009000,1.000000,0.200000,0.200000,0.000000,0.100000,0.500000,-0.500000,0.050000,
18.092000,0.012000,1.000000,0.200000,0.200000,0.000000,0.100000,0.500000,-0.500000,0.050000,
18.103000,0.011000,1.000000,0.200000,0.200000,0.000000,0.100000,0.500000,-0.500000,0.050000,
18.114000,0.011000,1.000000,0.200000,0.200000,0.000000,0.100000,0.500000,-0.500000,0.050000,
18.125000,0.011000,1.000000,0.200000,0.200000,0.000000,0.100000,0.500000,-0.500000,0.050000,
18.136000,0.011000,1.000000,0.200000,0.200000,0.000000,0.100000,0.500000,-0.500000,0.050000,
18.147000,0.011000,1.000000,0.200000,0.200000,0.000000,0.100000,0.500000,-0.500000,0.050000,
18.159000,0.012000,1.000000,0.200000,0.200000,0.000000,0.100000,0.500000,-0.500000,0.050000,
18.170000,0.011000,1.000000,0.200000,0.200000,0.000000,0.100000,0.500000,-0.500000,0.050000,
18.180000,0.010000,1.000000,0.200000,0.200000,0.000000,0.100000,0.500000,-0.500000,0.050000,
18.193000,0.013000,1.000000,0.200000,0.200000,0.000000,0.100000,0.500000,-0.500000,0.050000,
18.203000,0.010000,1.000000,0.200000,0.200000,0.000000,0.100000,0.500000,-0.500000,0.050000,
18.213000,0.010000,1.000000,0.200000,0.200000,0.000000,0.100000,0.500000,-0.500000,0.050000,
18.227000,0.014000,1.000000,0.200000,0.200000,0.000000,0.100000,0.500000,-0.500000,0.050000,
18.240000,0.013000,1.000000,0.200000,0.200000,0.000000,0.100000,0.500000,-0.500000,0.050000,
18.249000,0.009000,1.000000,0.200000,0.200000,0.000000,0.100000,0.500000,-0.500000,0.050000,
18.259000,0.010000,1.000000,0.200000,0.200000,0.000000,0.100000,0.500000,-0.500000,0.050000,
18.272000,0.013000,1.000000,0.200000,0.200000,0.000000,0.100000,0.500000,-0.500000,0.050000,
18.280000,0.008000,1.000000,0.200000,0.200000,0.000000,0.100000,0.500000,-0.500000,0.050000,
18.291000,0.011000,1.000000,0.200000,0.200000,0.000000,0.100000,0.500000,-0.500000,0.050000,
18.303000,0.012000,1.000000,0.200000,0.200000,0.000000,0.100000,0.500000,-0.500000,0.050000,
18.314000,0.011000,1.000000,0.200000,0.200000,0.000000,0.100000,0.500000,-0.500000,0.050000,
18.325000,0.011000,1.000000,0.200000,0.200000,0.000000,0.100000,0.500000,-0.500000,0.050000,
18.336000,0.011000,1.000000,0.200000,0.200000,0.000000,0.100000,0.500000,-0.500000,0.050000,
18.347000,0.011000,1.000000,0.200000,0.200000,0.000000,0.100000,0.500000,-0.500000,0.050000,
18.358000,0.011000,1.000000,0.200000,0.200000,0.000000,0.100000,0.500000,-0.500000,0.050000,
18.370000,0.012000,1.000000,0.200000,0.200000,0.000000,0.100000,0.500000,-0.500000,0.050000,
18.381000,0.011000,1.000000,0.200000,0.200000,0.000000,0.100000,0.500000,-0.500000,0.050000,
18.394000,0.013000,1.000000,0.200000,0.200000,0.000000,0.100000,0.500000,-0.500000,0.050000,
18.404000,0.010000,1.000000,0.200000,0.200000,0.000000,0.100000,0.500000,-0.500000,0.050000,
18.414000,0.010000,1.000000,0.200000,0.200000,0.000000,0.100000,0.500000,-0.500000,0.050000,
18.426000,0.012000,1.000000,0.200000,0.200000,0.000000,0.100000,0.500000,-0.500000,0.050000,
18.439000,0.013000,1.000000,0.200000,0.200000,0.000000,0.100000,0.500000,-0.500000,0.050000,
18.454000,0.015000,1.000000,0.200000,0.200000,0.000000,0.100000,0.500000,-0.500000,0.050000,
18.462000,0.008000,1.000000,0.200000,0.200000,0.000000,0.100000,0.500000,-0.500000,0.050000,
18.474000,0.012000,1.000000,0.200000,0.200000,0.000000,0.100000,0.500000,-0.500000,0.050000,
18.489000,0.015000,1.000000,0.200000,0.200000,0.000000,0.100000,0.500000,-0.500000,0.050000,
18.498000,0.009000,1.000000,0.200000,0.200000,0.000000,0.100000,0.500000,-0.500000,0.050000,
18.509000,0.011000,1.000000,0.200000,0.200000,0.000000,0.100000,0.500000,-0.500000,0.050000,
18.521000,0.012000,1.000000,0.200000,0.200000,0.000000,0.100000,0.500000,-0.500000,0.050000,
18.530000,0.009000,1.000000,0.200000,0.200000,0.000000,0.100000,0.500000,-0.500000,0.050000,
18.542000,0.012000,1.000000,0.200000,0.200000,0.000000,0.100000,0.500000,-0.500000,0.050000,
18.553000,0.011000,1.000000,0.200000,0.200000,0.000000,0.100000,0.500000,-0.500000,0.050000,
18.563000,0.010000,1.000000,0.200000,0.200000,0.000000,0.100000,0.500000,-0.500000,0.050000,
18.574000,0.011000,1.000000,0.200000,0.200000,0.000000,0.100000,0.500000,-0.500000,0.050000,
18.585000,0.011000,1.000000,0.200000,0.200000,0.000000,0.100000,0.500000,-0.500000,0.050000,
18.597000,0.012000,1.000000,0.200000,0.200000,0.000000,0.100000,0.500000,-0.500000,0.050000,
18.609000,0.012000,1.000000,0.200000,0.200000,0.000000,0.100000,0.500000,-0.500000,0.050000,
18.621000,0.012000,1.000000,0.200000,0.200000,0.000000,0.100000,0.500000,-0.500000,0.050000,
18.631000,0.010000,1.000000,0.200000,0.200000,0.000000,0.100000,0.500000,-0.500000,0.050000,
18.642000,0.011000,1.000000,0.200000,0.200000,0.000000,0.100000,0.500000,-0.500000,0.050000,
18.654000,0.012000,1.000000,0.200000,0.200000,0.000000,0.100000,0.500000,-0.500000,0.050000,
18.665000,0.011000,1.000000,0.200000,0.200000,0.000000,0.100000,0.500000,-0.500000,0.050000,
18.675000,0.010000,1.000000,0.200000,0.200000,0.000000,0.100000,0.500000,-0.500000,0.050000,
18.687000,0.012000,1.000000,0.200000,0.200000,0.000000,0.100000,0.500000,-0.500000,0.050000,
18.697000,0.010000,1.000000,0.200000,0.200000,0.000000,0.100000,0.500000,-0.500000,0.050000,
18.708000,0.011000,1.000000,0.200000,0.200000,0.000000,0.100000,0.500000,-0.500000,0.050000,
18.720000,0.012000,1.000000,0.200000,0.200000,0.000000,0.100000,0.500000,-0.500000,0.050000,
18.735000,0.015000,1.000000,0.200000,0.200000,0.000000,0.100000,0.500000,-0.500000,0.050000,
18.744000,0.009000,1.000000,0.200000,0.200000,0.000000,0.100000,0.500000,-0.500000,0.050000,
18.756000,0.012000,1.000000,0.200000,0.200000,0.000000,0.100000,0.500000,-0.500000,0.050000,
18.768000,0.012000,1.000000,0.200000,0.200000,0.000000,0.100000,0.500000,-0.500000,0.050000,
18.777000,0.009000,1.000000,0.200000,0.200000,0.000000,0.100000,0.500000,-0.500000,0.050000,
18.789000,0.012000,1.000000,0.200000,0.200000,0.000000,0.100000,0.500000,-0.500000,0.050000,
18.802000,0.013000,1.000000,0.200000,0.200000,0.000000,0.100000,0.500000,-0.500000,0.050000,
18.812000,0.010000,1.000000,0.200000,0.200000,0.000000,0.100000,0.500000,-0.500000,0.050000,
18.823000,0.011000,1.000000,0.200000,0.200000,0.000000,0.100000,0.500000,-0.500000,0.050000,
18.835000,0.012000,1.000000,0.200000,0.200000,0.000000,0.100000,0.500000,-0.500000,0.050000,
18.844000,0.009000,1.000000,0.200000,0.200000,0.000000,0.100000,0.500000,-0.500000,0.050000,
18.858000,0.014000,1.000000,0.200000,0.200000,0.000000,0.100000,0.500000,-0.500000,0.050000,
18.871000,0.013000,1.000000,0.200000,0.200000,0.000000,0.100000,0.500000,-0.500000,0.050000,
18.879000,0.008000,1.000000,0.200000,0.200000,0.000000,0.100000,0.500000,-0.500000,0.050000,
18.890000,0.011000,1.000000,0.200000,0.200000,0.000000,0.100000,0.500000,-0.500000,0.050000,
18.903000,0.013000,1.000000,0.200000,0.200000,0.000000,0.100000,0.500000,-0.500000,0.050000,
18.913000,0.010000,1.000000,0.200000,0.200000,0.000000,0.100000,0.500000,-0.500000,0.050000,
18.923000,0.010000,1.000000,0.200000,0.200000,0.000000,0.100000,0.500000,-0.500000,0.050000,
18.937000,0.014000,1.000000,0.200000,0.200000,0.000000,0.100000,0.500000,-0.500000,0.050000,
18.949000,0.012000,1.000000,0.200000,0.200000,0.000000,0.100000,0.500000,-0.500000,0.050000,
18.958000,0.009000,1.000000,0.200000,0.200000,0.000000,0.100000,0.500000,-0.500000,0.050000,
18.970000,0.012000,1.000000,0.200000,0.200000,0.000000,0.100000,0.500000,-0.500000,0.050000,
18.979000,0.009000,1.000000,0.200000,0.200000,0.000000,0.100000,0.500000,-0.500000,0.050000,
18.993000,0.014000,1.000000,0.200000,0.200000,0.000000,0.100000,0.500000,-0.500000,0.050000,
19.002000,0.009000,1.000000,0.200000,0.200000,0.000000,0.100000,0.500000,-0.500000,0.050000,
19.013000,0.011000,1.000000,0.200000,0.200000,0.000000,0.100000,0.500000,-0.500000,0.050000,
19.023000,0.010000,1.000000,0.200000,0.200000,0.000000,0.100000,0.500000,-0.500000,0.050000,
19.035000,0.012000,1.000000,0.200000,0.200000,0.000000,0.100000,0.500000,-0.500000,0.050000,
19.046000,0.011000,1.000000,0.200000,0.200000,0.000000,0.100000,0.500000,-0.500000,0.050000,
19.057000,0.011000,1.000000,0.200000,0.200000,0.000000,0.100000,0.500000,-0.500000,0.050000,
19.068000,0.011000,1.000000,0.200000,0.200000,0.000000,0.100000,0.500000,-0.500000,0.050000,
19.080000,0.012000,1.000000,0.200000,0.200000,0.000000,0.100000,0.500000,-0.500000,0.050000,
19.090000,0.010000,1.000000,0.200000,0.200000,0.000000,0.100000,0.500000,-0.500000,0.050000,
19.102000,0.012000,1.000000,0.200000,0.200000,0.000000,0.100000,0.500000,-0.500000,0.050000,
19.114000,0.012000,1.000000,0.200000,0.200000,0.000000,0.100000,0.500000,-0.500000,0.050000,
19.125000,0.011000,1.000000,0.200000,0.200000,0.000000,0.100000,0.500000,-0.500000,0.050000,
19.135000,0.010000,1.000000,0.200000,0.200000,0.000000,0.100000,0.500000,-0.500000,0.050000,
19.146000,0.011000,1.000000,0.200000,0.200000,0.000000,0.100000,0.500000,-0.500000,0.050000,
19.158000,0.012000,1.000000,0.200000,0.200000,0.000000,0.100000,0.500000,-0.500000,0.050000,
19.171000,0.013000,1.000000,0.200000,0.200000,0.000000,0.100000,0.500000,-0.500000,0.050000,
