3.833000,3.833000,1.000000,-0.000000,0.000000,0.350000,0.100000,0.350000,-0.350000,0.150000,
3.866000,0.033000,1.000000,-0.000000,-0.000000,0.350000,0.100000,0.350000,-0.350000,0.150000,
3.877000,0.011000,1.000000,-0.000000,-0.000000,0.350000,0.100000,0.350000,-0.350000,0.150000,
3.890000,0.013000,1.000000,-0.000000,-0.000000,0.350000,0.100000,0.350000,-0.350000,0.150000,
3.899000,0.009000,1.000000,-0.000000,-0.000000,0.350000,0.100000,0.350000,-0.350000,0.150000,
3.912000,0.013000,1.000000,-0.000000,-0.000000,0.350000,0.100000,0.350000,-0.350000,0.150000,
3.922000,0.010000,1.000000,-0.000000,-0.000000,0.350000,0.100000,0.350000,-0.350000,0.150000,
3.933000,0.011000,1.000000,-0.000000,-0.000000,0.350000,0.100000,0.350000,-0.350000,0.150000,
3.945000,0.012000,1.000000,-0.000000,-0.000000,0.350000,0.100000,0.350000,-0.350000,0.150000,
3.955000,0.010000,1.000000,-0.000000,-0.000000,0.350000,0.100000,0.350000,-0.350000,0.150000,
3.967000,0.012000,1.000000,-0.000000,-0.000000,0.350000,0.100000,0.350000,-0.350000,0.150000,
3.978000,0.011000,1.000000,-0.000000,-0.000000,0.350000,0.100000,0.350000,-0.350000,0.150000,
3.989000,0.011000,1.000000,-0.000000,-0.000000,0.350000,0.100000,0.350000,-0.350000,0.150000,
4.000000,0.011000,1.000000,-0.000000,-0.000000,0.350000,0.100000,0.350000,-0.350000,0.150000,
4.013000,0.013000,1.000000,-0.000000,-0.000000,0.350000,0.100000,0.350000,-0.350000,0.150000,
4.022000,0.009000,1.000000,-0.000000,-0.000000,0.350000,0.100000,0.350000,-0.350000,0.150000,
4.033000,0.011000,1.000000,-0.000000,-0.000000,0.350000,0.100000,0.350000,-0.350000,0.150000,
4.044000,0.011000,1.000000,-0.000000,-0.000000,0.350000,0.100000,0.350000,-0.350000,0.150000,
4.056000,0.012000,1.000000,-0.000000,-0.000000,0.350000,0.100000,0.350000,-0.350000,0.150000,
4.067000,0.011000,1.000000,-0.000000,-0.000000,0.350000,0.100000,0.350000,-0.350000,0.150000,
4.078000,0.011000,1.000000,-0.000000,-0.000000,0.350000,0.100000,0.350000,-0.350000,0.150000,
4.089000,0.011000,1.000000,-0.000000,-0.000000,0.350000,0.100000,0.350000,-0.350000,0.150000,
4.100000,0.011000,1.000000,-0.000000,-0.000000,0.350000,0.100000,0.350000,-0.350000,0.150000,
4.111000,0.011000,1.000000,-0.000000,-0.000000,0.350000,0.100000,0.350000,-0.350000,0.150000,
4.122000,0.011000,1.000000,-0.000000,-0.000000,0.350000,0.100000,0.350000,-0.350000,0.150000,
4.134000,0.012000,1.000000,-0.000000,-0.000000,0.350000,0.100000,0.350000,-0.350000,0.150000,
4.144000,0.010000,1.000000,-0.000000,-0.000000,0.350000,0.100000,0.350000,-0.350000,0.150000,
4.156000,0.012000,1.000000,-0.000000,-0.000000,0.350000,0.100000,0.350000,-0.350000,0.150000,
4.167000,0.011000,1.000000,-0.000000,-0.000000,0.350000,0.100000,0.350000,-0.350000,0.150000,
4.178000,0.011000,1.000000,-0.000000,-0.000000,0.350000,0.100000,0.350000,-0.350000,0.150000,
4.189000,0.011000,1.000000,-0.000000,-0.000000,0.350000,0.100000,0.350000,-0.350000,0.150000,
4.200000,0.011000,1.000000,-0.000000,-0.000000,0.350000,0.100000,0.350000,-0.350000,0.150000,
4.213000,0.013000,1.000000,-0.000000,-0.000000,0.350000,0.100000,0.350000,-0.350000,0.150000,
4.222000,0.009000,1.000000,-0.000000,-0.000000,0.350000,0.100000,0.350000,-0.350000,0.150000,
4.234000,0.012000,1.000000,-0.000000,-0.000000,0.350000,0.100000,0.350000,-0.350000,0.150000,
4.244000,0.010000,1.000000,-0.000000,-0.000000,0.350000,0.100000,0.350000,-0.350000,0.150000,
4.257000,0.013000,1.000000,-0.000000,-0.000000,0.350000,0.100000,0.350000,-0.350000,0.150000,
4.269000,0.012000,1.000000,-0.000000,-0.000000,0.350000,0.100000,0.350000,-0.350000,0.150000,
4.279000,0.010000,1.000000,-0.000000,-0.000000,0.350000,0.100000,0.350000,-0.350000,0.150000,
4.291000,0.012000,1.000000,-0.000000,-0.000000,0.350000,0.100000,0.350000,-0.350000,0.150000,
4.302000,0.011000,1.000000,-0.000000,-0.000000,0.350000,0.100000,0.350000,-0.350000,0.150000,
4.311000,0.009000,1.000000,-0.000000,-0.000000,0.350000,0.100000,0.350000,-0.350000,0.150000,
4.322000,0.011000,1.000000,-0.000000,-0.000000,0.350000,0.100000,0.350000,-0.350000,0.150000,
4.335000,0.013000,1.000000,-0.000000,-0.000000,0.350000,0.100000,0.350000,-0.350000,0.150000,
4.345000,0.010000,1.000000,-0.000000,-0.000000,0.350000,0.100000,0.350000,-0.350000,0.150000,
4.356000,0.011000,1.000000,-0.000000,-0.000000,0.350000,0.100000,0.350000,-0.350000,0.150000,
4.368000,0.012000,1.000000,-0.000000,-0.000000,0.350000,0.100000,0.350000,-0.350000,0.150000,
4.378000,0.010000,1.000000,-0.000000,-0.000000,0.350000,0.100000,0.350000,-0.350000,0.150000,
4.389000,0.011000,1.000000,-0.000000,-0.000000,0.350000,0.100000,0.350000,-0.350000,0.150000,
4.401000,0.012000,1.000000,-0.000000,-0.000000,0.350000,0.100000,0.350000,-0.350000,0.150000,
4.412000,0.011000,1.000000,-0.000000,-0.000000,0.350000,0.100000,0.350000,-0.350000,0.150000,
4.422000,0.010000,1.000000,-0.000000,-0.000000,0.350000,0.100000,0.350000,-0.350000,0.150000,
4.434000,0.012000,1.000000,-0.000000,-0.000000,0.350000,0.100000,0.350000,-0.350000,0.150000,
4.445000,0.011000,1.000000,-0.000000,-0.000000,0.350000,0.100000,0.350000,-0.350000,0.150000,
4.456000,0.011000,1.000000,-0.000000,-0.000000,0.350000,0.100000,0.350000,-0.350000,0.150000,
4.467000,0.011000,1.000000,-0.000000,-0.000000,0.350000,0.100000,0.350000,-0.350000,0.150000,
4.478000,0.011000,1.000000,-0.000000,-0.000000,0.350000,0.100000,0.350000,-0.350000,0.150000,
4.489000,0.011000,1.000000,-0.000000,-0.000000,0.350000,0.100000,0.350000,-0.350000,0.150000,
4.500000,0.011000,1.000000,-0.000000,-0.000000,0.350000,0.100000,0.350000,-0.350000,0.150000,
4.511000,0.011000,1.000000,-0.000000,-0.000000,0.350000,0.100000,0.350000,-0.350000,0.150000,
4.522000,0.011000,1.000000,-0.000000,-0.000000,0.350000,0.100000,0.350000,-0.350000,0.150000,
4.534000,0.012000,1.000000,-0.000000,-0.000000,0.350000,0.100000,0.350000,-0.350000,0.150000,
4.544000,0.010000,1.000000,-0.000000,-0.000000,0.350000,0.100000,0.350000,-0.350000,0.150000,
4.555000,0.011000,1.000000,-0.000000,-0.000000,0.350000,0.100000,0.350000,-0.350000,0.150000,
4.566000,0.011000,1.000000,-0.000000,-0.000000,0.350000,0.100000,0.350000,-0.350000,0.150000,
4.579000,0.013000,1.000000,-0.000000,-0.000000,0.350000,0.100000,0.350000,-0.350000,0.150000,
4.589000,0.010000,1.000000,-0.000000,-0.000000,0.350000,0.100000,0.350000,-0.350000,0.150000,
4.600000,0.011000,1.000000,-0.000000,-0.000000,0.350000,0.100000,0.350000,-0.350000,0.150000,
4.612000,0.012000,1.000000,-0.000000,-0.000000,0.350000,0.100000,0.350000,-0.350000,0.150000,
4.622000,0.010000,1.000000,-0.000000,-0.000000,0.350000,0.100000,0.350000,-0.350000,0.150000,
4.634000,0.012000,1.000000,-0.000000,-0.000000,0.350000,0.100000,0.350000,-0.350000,0.150000,
4.644000,0.010000,1.000000,-0.000000,-0.000000,0.350000,0.100000,0.350000,-0.350000,0.150000,
4.655000,0.011000,1.000000,-0.000000,-0.000000,0.350000,0.100000,0.350000,-0.350000,0.150000,
4.666000,0.011000,1.000000,-0.000000,-0.000000,0.350000,0.100000,0.350000,-0.350000,0.150000,
4.678000,0.012000,1.000000,-0.000000,-0.000000,0.350000,0.100000,0.350000,-0.350000,0.150000,
4.690000,0.012000,1.000000,-0.000000,-0.000000,0.350000,0.100000,0.350000,-0.350000,0.150000,
4.700000,0.010000,1.000000,-0.000000,-0.000000,0.350000,0.100000,0.350000,-0.350000,0.150000,
4.711000,0.011000,1.000000,-0.000000,-0.000000,0.350000,0.100000,0.350000,-0.350000,0.150000,
4.722000,0.011000,1.000000,-0.000000,-0.000000,0.350000,0.100000,0.350000,-0.350000,0.150000,
4.735000,0.013000,1.000000,-0.000000,-0.000000,0.350000,0.100000,0.350000,-0.350000,0.150000,
4.745000,0.010000,1.000000,-0.000000,-0.000000,0.350000,0.100000,0.350000,-0.350000,0.150000,
4.755000,0.010000,1.000000,-0.000000,-0.000000,0.350000,0.100000,0.350000,-0.350000,0.150000,
4.768000,0.013000,1.000000,-0.000000,-0.000000,0.350000,0.100000,0.350000,-0.350000,0.150000,
4.778000,0.010000,1.000000,-0.000000,-0.000000,0.350000,0.100000,0.350000,-0.350000,0.150000,
4.789000,0.011000,1.000000,-0.000000,-0.000000,0.350000,0.100000,0.350000,-0.350000,0.150000,
4.800000,0.011000,1.000000,-0.000000,-0.000000,0.350000,0.100000,0.350000,-0.350000,0.150000,
4.814000,0.014000,1.000000,-0.000000,-0.000000,0.350000,0.100000,0.350000,-0.350000,0.150000,
4.822000,0.008000,1.000000,-0.000000,-0.000000,0.350000,0.100000,0.350000,-0.350000,0.150000,
4.833000,0.011000,1.000000,-0.000000,-0.000000,0.350000,0.100000,0.350000,-0.350000,0.150000,
4.845000,0.012000,1.000000,-0.000000,-0.000000,0.350000,0.100000,0.350000,-0.350000,0.150000,
4.857000,0.012000,1.000000,-0.000000,-0.000000,0.350000,0.100000,0.350000,-0.350000,0.150000,
4.867000,0.010000,1.000000,-0.000000,-0.000000,0.350000,0.100000,0.350000,-0.350000,0.150000,
4.878000,0.011000,1.000000,-0.000000,-0.000000,0.350000,0.100000,0.350000,-0.350000,0.150000,
4.890000,0.012000,1.000000,-0.000000,-0.000000,0.350000,0.100000,0.350000,-0.350000,0.150000,
4.900000,0.010000,1.000000,-0.000000,-0.000000,0.350000,0.100000,0.350000,-0.350000,0.150000,
4.911000,0.011000,1.000000,-0.000000,-0.000000,0.350000,0.100000,0.350000,-0.350000,0.150000,
4.922000,0.011000,1.000000,-0.000000,-0.000000,0.350000,0.100000,0.350000,-0.350000,0.150000,
4.935000,0.013000,1.000000,-0.000000,-0.000000,0.350000,0.100000,0.350000,-0.350000,0.150000,
4.945000,0.010000,1.000000,-0.000000,-0.000000,0.350000,0.100000,0.350000,-0.350000,0.150000,
4.955000,0.010000,1.000000,-0.000000,-0.000000,0.350000,0.100000,0.350000,-0.350000,0.150000,
4.967000,0.012000,1.000000,-0.000000,-0.000000,0.350000,0.100000,0.350000,-0.350000,0.150000,
4.978000,0.011000,1.000000,-0.000000,-0.000000,0.350000,0.100000,0.350000,-0.350000,0.150000,
4.990000,0.012000,1.000000,-0.000000,-0.000000,0.350000,0.100000,0.350000,-0.350000,0.150000,
5.000000,0.010000,1.000000,-0.000000,-0.000000,0.350000,0.100000,0.350000,-0.350000,0.150000,
5.013000,0.013000,1.000000,-0.000000,-0.000000,0.350000,0.100000,0.350000,-0.350000,0.150000,
5.022000,0.009000,1.000000,-0.000000,-0.000000,0.350000,0.100000,0.350000,-0.350000,0.150000,
5.034000,0.012000,1.000000,-0.000000,-0.000000,0.350000,0.100000,0.350000,-0.350000,0.150000,
5.045000,0.011000,1.000000,-0.000000,-0.000000,0.350000,0.100000,0.350000,-0.350000,0.150000,
5.056000,0.011000,1.000000,-0.000000,-0.000000,0.350000,0.100000,0.350000,-0.350000,0.150000,
5.068000,0.012000,1.000000,-0.000000,-0.000000,0.350000,0.100000,0.350000,-0.350000,0.150000,
5.079000,0.011000,1.000000,-0.000000,-0.000000,0.350000,0.100000,0.350000,-0.350000,0.150000,
5.090000,0.011000,1.000000,-0.000000,-0.000000,0.350000,0.100000,0.350000,-0.350000,0.150000,
5.100000,0.010000,1.000000,-0.000000,-0.000000,0.350000,0.100000,0.350000,-0.350000,0.150000,
5.112000,0.012000,1.000000,-0.000000,-0.000000,0.350000,0.100000,0.350000,-0.350000,0.150000,
5.122000,0.010000,1.000000,-0.000000,-0.000000,0.350000,0.100000,0.350000,-0.350000,0.150000,
5.135000,0.013000,1.000000,-0.000000,-0.000000,0.350000,0.100000,0.350000,-0.350000,0.150000,
5.145000,0.010000,1.000000,-0.000000,-0.000000,0.350000,0.100000,0.350000,-0.350000,0.150000,
5.155000,0.010000,1.000000,-0.000000,-0.000000,0.350000,0.100000,0.350000,-0.350000,0.150000,
5.167000,0.012000,1.000000,-0.000000,-0.000000,0.350000,0.100000,0.350000,-0.350000,0.150000,
5.179000,0.012000,1.000000,-0.000000,-0.000000,0.350000,0.100000,0.350000,-0.350000,0.150000,
5.189000,0.010000,1.000000,-0.000000,-0.000000,0.350000,0.100000,0.350000,-0.350000,0.150000,
5.200000,0.011000,1.000000,-0.000000,-0.000000,0.350000,0.100000,0.350000,-0.350000,0.150000,
5.213000,0.013000,1.000000,-0.000000,-0.000000,0.350000,0.100000,0.350000,-0.350000,0.150000,
5.222000,0.009000,1.000000,-0.000000,-0.000000,0.350000,0.100000,0.350000,-0.350000,0.150000,
5.235000,0.013000,1.000000,-0.000000,-0.000000,0.350000,0.100000,0.350000,-0.350000,0.150000,
5.246000,0.011000,1.000000,-0.000000,-0.000000,0.350000,0.100000,0.350000,-0.350000,0.150000,
5.257000,0.011000,1.000000,-0.000000,-0.000000,0.350000,0.100000,0.350000,-0.350000,0.150000,
5.267000,0.010000,1.000000,-0.000000,-0.000000,0.350000,0.100000,0.350000,-0.350000,0.150000,
5.278000,0.011000,1.000000,-0.000000,-0.000000,0.350000,0.100000,0.350000,-0.350000,0.150000,
5.289000,0.011000,1.000000,-0.000000,-0.000000,0.350000,0.100000,0.350000,-0.350000,0.150000,
5.301000,0.012000,1.000000,-0.000000,-0.000000,0.350000,0.100000,0.350000,-0.350000,0.150000,
5.311000,0.010000,1.000000,-0.000000,-0.000000,0.350000,0.100000,0.350000,-0.350000,0.150000,
5.322000,0.011000,1.000000,-0.000000,-0.000000,0.350000,0.100000,0.350000,-0.350000,0.150000,
5.334000,0.012000,1.000000,-0.000000,-0.000000,0.350000,0.100000,0.350000,-0.350000,0.150000,
5.344000,0.010000,1.000000,-0.000000,-0.000000,0.350000,0.100000,0.350000,-0.350000,0.150000,
5.356000,0.012000,1.000000,-0.000000,-0.000000,0.350000,0.100000,0.350000,-0.350000,0.150000,
5.366000,0.010000,1.000000,-0.000000,-0.000000,0.350000,0.100000,0.350000,-0.350000,0.150000,
5.378000,0.012000,1.000000,-0.000000,-0.000000,0.350000,0.100000,0.350000,-0.350000,0.150000,
5.389000,0.011000,1.000000,-0.000000,-0.000000,0.350000,0.100000,0.350000,-0.350000,0.150000,
5.400000,0.011000,1.000000,-0.000000,-0.000000,0.350000,0.100000,0.350000,-0.350000,0.150000,
5.412000,0.012000,1.000000,-0.000000,-0.000000,0.350000,0.100000,0.350000,-0.350000,0.150000,
5.422000,0.010000,1.000000,-0.000000,-0.000000,0.350000,0.100000,0.350000,-0.350000,0.150000,
5.433000,0.011000,1.000000,-0.000000,-0.000000,0.350000,0.100000,0.350000,-0.350000,0.150000,
5.444000,0.011000,1.000000,-0.000000,-0.000000,0.350000,0.100000,0.350000,-0.350000,0.150000,
5.456000,0.012000,1.000000,-0.000000,-0.000000,0.350000,0.100000,0.350000,-0.350000,0.150000,
5.468000,0.012000,1.000000,-0.000000,-0.000000,0.350000,0.100000,0.350000,-0.350000,0.150000,
5.478000,0.010000,1.000000,-0.000000,-0.000000,0.350000,0.100000,0.350000,-0.350000,0.150000,
5.489000,0.011000,1.000000,-0.000000,-0.000000,0.350000,0.100000,0.350000,-0.350000,0.150000,
5.500000,0.011000,1.000000,-0.000000,-0.000000,0.350000,0.100000,0.350000,-0.350000,0.150000,
5.511000,0.011000,1.000000,-0.000000,-0.000000,0.350000,0.100000,0.350000,-0.350000,0.150000,
5.523000,0.012000,1.000000,-0.000000,-0.000000,0.350000,0.100000,0.350000,-0.350000,0.150000,
5.535000,0.012000,1.000000,-0.000000,-0.000000,0.350000,0.100000,0.350000,-0.350000,0.150000,
5.544000,0.009000,1.000000,-0.000000,-0.000000,0.350000,0.100000,0.350000,-0.350000,0.150000,
5.556000,0.012000,1.000000,-0.000000,-0.000000,0.350000,0.100000,0.350000,-0.350000,0.150000,
5.566000,0.010000,1.000000,-0.000000,-0.000000,0.350000,0.100000,0.350000,-0.350000,0.150000,
5.578000,0.012000,1.000000,-0.000000,-0.000000,0.350000,0.100000,0.350000,-0.350000,0.150000,
5.589000,0.011000,1.000000,-0.000000,-0.000000,0.350000,0.100000,0.350000,-0.350000,0.150000,
5.600000,0.011000,1.000000,-0.000000,-0.000000,0.350000,0.100000,0.350000,-0.350000,0.150000,
5.612000,0.012000,1.000000,-0.000000,-0.000000,0.350000,0.100000,0.350000,-0.350000,0.150000,
5.623000,0.011000,1.000000,-0.000000,-0.000000,0.350000,0.100000,0.350000,-0.350000,0.150000,
5.634000,0.011000,1.000000,-0.000000,-0.000000,0.350000,0.100000,0.350000,-0.350000,0.150000,
5.644000,0.010000,1.000000,-0.000000,-0.000000,0.350000,0.100000,0.350000,-0.350000,0.150000,
5.656000,0.012000,1.000000,-0.000000,-0.000000,0.350000,0.100000,0.350000,-0.350000,0.150000,
5.666000,0.010000,1.000000,-0.000000,-0.000000,0.350000,0.100000,0.350000,-0.350000,0.150000,
5.678000,0.012000,1.000000,-0.000000,-0.000000,0.350000,0.100000,0.350000,-0.350000,0.150000,
5.691000,0.013000,1.000000,-0.000000,-0.000000,0.350000,0.100000,0.350000,-0.350000,0.150000,
5.700000,0.009000,1.000000,-0.000000,-0.000000,0.350000,0.100000,0.350000,-0.350000,0.150000,
5.712000,0.012000,1.000000,-0.000000,-0.000000,0.350000,0.100000,0.350000,-0.350000,0.150000,
5.722000,0.010000,1.000000,-0.000000,-0.000000,0.350000,0.100000,0.350000,-0.350000,0.150000,
5.735000,0.013000,1.000000,-0.000000,-0.000000,0.350000,0.100000,0.350000,-0.350000,0.150000,
5.744000,0.009000,1.000000,-0.000000,-0.000000,0.350000,0.100000,0.350000,-0.350000,0.150000,
5.756000,0.012000,1.000000,-0.000000,-0.000000,0.350000,0.100000,0.350000,-0.350000,0.150000,
5.766000,0.010000,1.000000,-0.000000,-0.000000,0.350000,0.100000,0.350000,-0.350000,0.150000,
5.778000,0.012000,1.000000,-0.000000,-0.000000,0.350000,0.100000,0.350000,-0.350000,0.150000,
5.790000,0.012000,1.000000,-0.000000,-0.000000,0.350000,0.100000,0.350000,-0.350000,0.150000,
5.800000,0.010000,1.000000,-0.000000,-0.000000,0.350000,0.100000,0.350000,-0.350000,0.150000,
5.812000,0.012000,1.000000,-0.000000,-0.000000,0.350000,0.100000,0.350000,-0.350000,0.150000,
5.823000,0.011000,1.000000,-0.000000,-0.000000,0.350000,0.100000,0.350000,-0.350000,0.150000,
5.834000,0.011000,1.000000,-0.000000,-0.000000,0.350000,0.100000,0.350000,-0.350000,0.150000,
5.845000,0.011000,1.000000,-0.000000,-0.000000,0.350000,0.100000,0.350000,-0.350000,0.150000,
5.858000,0.013000,1.000000,-0.000000,-0.000000,0.350000,0.100000,0.350000,-0.350000,0.150000,
5.868000,0.010000,1.000000,-0.000000,-0.000000,0.350000,0.100000,0.350000,-0.350000,0.150000,
5.879000,0.011000,1.000000,-0.000000,-0.000000,0.350000,0.100000,0.350000,-0.350000,0.150000,
5.891000,0.012000,1.000000,-0.000000,-0.000000,0.350000,0.100000,0.350000,-0.350000,0.150000,
5.902000,0.011000,1.000000,-0.000000,-0.000000,0.350000,0.100000,0.350000,-0.350000,0.150000,
5.912000,0.010000,1.000000,-0.000000,-0.000000,0.350000,0.100000,0.350000,-0.350000,0.150000,
5.924000,0.012000,1.000000,-0.000000,-0.000000,0.350000,0.100000,0.350000,-0.350000,0.150000,
5.934000,0.010000,1.000000,-0.000000,-0.000000,0.350000,0.100000,0.350000,-0.350000,0.150000,
5.945000,0.011000,1.000000,-0.000000,-0.000000,0.350000,0.100000,0.350000,-0.350000,0.150000,
5.956000,0.011000,1.000000,-0.000000,-0.000000,0.350000,0.100000,0.350000,-0.350000,0.150000,
5.967000,0.011000,1.000000,-0.000000,-0.000000,0.350000,0.100000,0.350000,-0.350000,0.150000,
5.978000,0.011000,1.000000,-0.000000,-0.000000,0.350000,0.100000,0.350000,-0.350000,0.150000,
5.989000,0.011000,1.000000,-0.000000,-0.000000,0.350000,0.100000,0.350000,-0.350000,0.150000,
6.000000,0.011000,1.000000,-0.000000,-0.000000,0.350000,0.100000,0.350000,-0.350000,0.150000,
6.012000,0.012000,1.000000,-0.000000,-0.000000,0.350000,0.100000,0.350000,-0.350000,0.150000,
6.022000,0.010000,1.000000,-0.000000,-0.000000,0.350000,0.100000,0.350000,-0.350000,0.150000,
6.034000,0.012000,1.000000,-0.000000,-0.000000,0.350000,0.100000,0.350000,-0.350000,0.150000,
6.045000,0.011000,1.000000,-0.000000,-0.000000,0.350000,0.100000,0.350000,-0.350000,0.150000,
6.056000,0.011000,1.000000,-0.000000,-0.000000,0.350000,0.100000,0.350000,-0.350000,0.150000,
6.066000,0.010000,1.000000,-0.000000,-0.000000,0.350000,0.100000,0.350000,-0.350000,0.150000,
6.078000,0.012000,1.000000,-0.000000,-0.000000,0.350000,0.100000,0.350000,-0.350000,0.150000,
6.089000,0.011000,1.000000,-0.000000,-0.000000,0.350000,0.100000,0.350000,-0.350000,0.150000,
6.101000,0.012000,1.000000,-0.000000,-0.000000,0.350000,0.100000,0.350000,-0.350000,0.150000,
6.111000,0.010000,1.000000,-0.000000,-0.000000,0.350000,0.100000,0.350000,-0.350000,0.150000,
6.123000,0.012000,1.000000,-0.000000,-0.000000,0.350000,0.100000,0.350000,-0.350000,0.150000,
6.136000,0.013000,1.000000,-0.000000,-0.000000,0.350000,0.100000,0.350000,-0.350000,0.150000,
6.145000,0.009000,1.000000,-0.000000,-0.000000,0.350000,0.100000,0.350000,-0.350000,0.150000,
6.156000,0.011000,1.000000,-0.000000,-0.000000,0.350000,0.100000,0.350000,-0.350000,0.150000,
6.170000,0.014000,1.000000,-0.000000,-0.000000,0.350000,0.100000,0.350000,-0.350000,0.150000,
6.181000,0.011000,1.000000,-0.000000,-0.000000,0.350000,0.100000,0.350000,-0.350000,0.150000,
6.194000,0.013000,1.000000,-0.000000,-0.000000,0.350000,0.100000,0.350000,-0.350000,0.150000,
6.203000,0.009000,1.000000,-0.000000,-0.000000,0.350000,0.100000,0.350000,-0.350000,0.150000,
6.214000,0.011000,1.000000,-0.000000,-0.000000,0.350000,0.100000,0.350000,-0.350000,0.150000,
6.223000,0.009000,1.000000,-0.000000,-0.000000,0.350000,0.100000,0.350000,-0.350000,0.150000,
6.237000,0.014000,1.000000,-0.000000,-0.000000,0.350000,0.100000,0.350000,-0.350000,0.150000,
6.246000,0.009000,1.000000,-0.000000,-0.000000,0.350000,0.100000,0.350000,-0.350000,0.150000,
6.258000,0.012000,1.000000,-0.000000,-0.000000,0.350000,0.100000,0.350000,-0.350000,0.150000,
6.269000,0.011000,1.000000,-0.000000,-0.000000,0.350000,0.100000,0.350000,-0.350000,0.150000,
6.279000,0.010000,1.000000,-0.000000,-0.000000,0.350000,0.100000,0.350000,-0.350000,0.150000,
6.291000,0.012000,1.000000,-0.000000,-0.000000,0.350000,0.100000,0.350000,-0.350000,0.150000,
6.302000,0.011000,1.000000,-0.000000,-0.000000,0.350000,0.100000,0.350000,-0.350000,0.150000,
6.313000,0.011000,1.000000,-0.000000,-0.000000,0.350000,0.100000,0.350000,-0.350000,0.150000,
6.323000,0.010000,1.000000,-0.000000,-0.000000,0.350000,0.100000,0.350000,-0.350000,0.150000,
6.335000,0.012000,1.000000,-0.000000,-0.000000,0.350000,0.100000,0.350000,-0.350000,0.150000,
6.346000,0.011000,1.000000,-0.000000,-0.000000,0.350000,0.100000,0.350000,-0.350000,0.150000,
6.357000,0.011000,1.000000,-0.000000,-0.000000,0.350000,0.100000,0.350000,-0.350000,0.150000,
6.369000,0.012000,1.000000,-0.000000,-0.000000,0.350000,0.100000,0.350000,-0.350000,0.150000,
6.379000,0.010000,1.000000,-0.000000,-0.000000,0.350000,0.100000,0.350000,-0.350000,0.150000,
6.390000,0.011000,1.000000,-0.000000,-0.000000,0.350000,0.100000,0.350000,-0.350000,0.150000,
6.402000,0.012000,1.000000,-0.000000,-0.000000,0.350000,0.100000,0.350000,-0.350000,0.150000,
6.413000,0.011000,1.000000,-0.000000,-0.000000,0.350000,0.100000,0.350000,-0.350000,0.150000,
6.424000,0.011000,1.000000,-0.000000,-0.000000,0.350000,0.100000,0.350000,-0.350000,0.150000,
6.435000,0.011000,1.000000,-0.000000,-0.000000,0.350000,0.100000,0.350000,-0.350000,0.150000,
6.446000,0.011000,1.000000,-0.000000,-0.000000,0.350000,0.100000,0.350000,-0.350000,0.150000,
6.457000,0.011000,1.000000,-0.000000,-0.000000,0.350000,0.100000,0.350000,-0.350000,0.150000,
6.469000,0.012000,1.000000,-0.000000,-0.000000,0.350000,0.100000,0.350000,-0.350000,0.150000,
6.480000,0.011000,1.000000,-0.000000,-0.000000,0.350000,0.100000,0.350000,-0.350000,0.150000,
6.491000,0.011000,1.000000,-0.000000,-0.000000,0.350000,0.100000,0.350000,-0.350000,0.150000,
6.502000,0.011000,1.000000,-0.000000,-0.000000,0.350000,0.100000,0.350000,-0.350000,0.150000,
6.512000,0.010000,1.000000,-0.000000,-0.000000,0.350000,0.100000,0.350000,-0.350000,0.150000,
6.523000,0.011000,1.000000,-0.000000,-0.000000,0.350000,0.100000,0.350000,-0.350000,0.150000,
6.536000,0.013000,1.000000,-0.000000,-0.000000,0.350000,0.100000,0.350000,-0.350000,0.150000,
6.546000,0.010000,1.000000,-0.000000,-0.000000,0.350000,0.100000,0.350000,-0.350000,0.150000,
6.557000,0.011000,1.000000,-0.000000,-0.000000,0.350000,0.100000,0.350000,-0.350000,0.150000,
6.569000,0.012000,1.000000,-0.000000,-0.000000,0.350000,0.100000,0.350000,-0.350000,0.150000,
6.579000,0.010000,1.000000,-0.000000,-0.000000,0.350000,0.100000,0.350000,-0.350000,0.150000,
6.591000,0.012000,1.000000,-0.000000,-0.000000,0.350000,0.100000,0.350000,-0.350000,0.150000,
6.602000,0.011000,1.000000,-0.000000,-0.000000,0.350000,0.100000,0.350000,-0.350000,0.150000,
6.613000,0.011000,1.000000,-0.000000,-0.000000,0.350000,0.100000,0.350000,-0.350000,0.150000,
6.623000,0.010000,1.000000,-0.000000,-0.000000,0.350000,0.100000,0.350000,-0.350000,0.150000,
6.635000,0.012000,1.000000,-0.000000,-0.000000,0.350000,0.100000,0.350000,-0.350000,0.150000,
6.646000,0.011000,1.000000,-0.000000,-0.000000,0.350000,0.100000,0.350000,-0.350000,0.150000,
6.657000,0.011000,1.000000,-0.000000,-0.000000,0.350000,0.100000,0.350000,-0.350000,0.150000,
6.669000,0.012000,1.000000,-0.000000,-0.000000,0.350000,0.100000,0.350000,-0.350000,0.150000,
6.679000,0.010000,1.000000,-0.000000,-0.000000,0.350000,0.100000,0.350000,-0.350000,0.150000,
6.691000,0.012000,1.000000,-0.000000,-0.000000,0.350000,0.100000,0.350000,-0.350000,0.150000,
6.702000,0.011000,1.000000,-0.000000,-0.000000,0.350000,0.100000,0.350000,-0.350000,0.150000,
6.712000,0.010000,1.000000,-0.000000,-0.000000,0.350000,0.100000,0.350000,-0.350000,0.150000,
6.724000,0.012000,1.000000,-0.000000,-0.000000,0.350000,0.100000,0.350000,-0.350000,0.150000,
6.736000,0.012000,1.000000,-0.000000,-0.000000,0.350000,0.100000,0.350000,-0.350000,0.150000,
6.747000,0.011000,1.000000,-0.000000,-0.000000,0.350000,0.100000,0.350000,-0.350000,0.150000,
6.758000,0.011000,1.000000,-0.000000,-0.000000,0.350000,0.100000,0.350000,-0.350000,0.150000,
6.769000,0.011000,1.000000,-0.000000,-0.000000,0.350000,0.100000,0.350000,-0.350000,0.150000,
6.779000,0.010000,1.000000,-0.000000,-0.000000,0.350000,0.100000,0.350000,-0.350000,0.150000,
6.790000,0.011000,1.000000,-0.000000,-0.000000,0.350000,0.100000,0.350000,-0.350000,0.150000,
6.802000,0.012000,1.000000,-0.000000,-0.000000,0.350000,0.100000,0.350000,-0.350000,0.150000,
6.813000,0.011000,1.000000,-0.000000,-0.000000,0.350000,0.100000,0.350000,-0.350000,0.150000,
6.824000,0.011000,1.000000,-0.000000,-0.000000,0.350000,0.100000,0.350000,-0.350000,0.150000,
6.835000,0.011000,1.000000,-0.000000,-0.000000,0.350000,0.100000,0.350000,-0.350000,0.150000,
6.846000,0.011000,1.000000,-0.000000,-0.000000,0.350000,0.100000,0.350000,-0.350000,0.150000,
6.857000,0.011000,1.000000,-0.000000,-0.000000,0.350000,0.100000,0.350000,-0.350000,0.150000,
6.869000,0.012000,1.000000,-0.000000,-0.000000,0.350000,0.100000,0.350000,-0.350000,0.150000,
6.880000,0.011000,1.000000,-0.000000,-0.000000,0.350000,0.100000,0.350000,-0.350000,0.150000,
6.891000,0.011000,1.000000,-0.000000,-0.000000,0.350000,0.100000,0.350000,-0.350000,0.150000,
6.903000,0.012000,1.000000,-0.000000,-0.000000,0.350000,0.100000,0.350000,-0.350000,0.150000,
6.912000,0.009000,1.000000,-0.000000,-0.000000,0.350000,0.100000,0.350000,-0.350000,0.150000,
6.923000,0.011000,1.000000,-0.000000,-0.000000,0.350000,0.100000,0.350000,-0.350000,0.150000,
6.935000,0.012000,1.000000,-0.000000,-0.000000,0.350000,0.100000,0.350000,-0.350000,0.150000,
6.945000,0.010000,1.000000,-0.000000,-0.000000,0.350000,0.100000,0.350000,-0.350000,0.150000,
6.958000,0.013000,1.000000,-0.000000,-0.000000,0.350000,0.100000,0.350000,-0.350000,0.150000,
6.970000,0.012000,1.000000,-0.000000,-0.000000,0.350000,0.100000,0.350000,-0.350000,0.150000,
6.981000,0.011000,1.000000,-0.000000,-0.000000,0.350000,0.100000,0.350000,-0.350000,0.150000,
6.991000,0.010000,1.000000,-0.000000,-0.000000,0.350000,0.100000,0.350000,-0.350000,0.150000,
7.002000,0.011000,1.000000,-0.000000,-0.000000,0.350000,0.100000,0.350000,-0.350000,0.150000,
7.013000,0.011000,1.000000,-0.000000,-0.000000,0.350000,0.100000,0.350000,-0.350000,0.150000,
7.024000,0.011000,1.000000,-0.000000,-0.000000,0.350000,0.100000,0.350000,-0.350000,0.150000,
7.035000,0.011000,1.000000,-0.000000,-0.000000,0.350000,0.100000,0.350000,-0.350000,0.150000,
7.045000,0.010000,1.000000,-0.000000,-0.000000,0.350000,0.100000,0.350000,-0.350000,0.150000,
7.057000,0.012000,1.000000,-0.000000,-0.000000,0.350000,0.100000,0.350000,-0.350000,0.150000,
7.070000,0.013000,1.000000,-0.000000,-0.000000,0.350000,0.100000,0.350000,-0.350000,0.150000,
7.080000,0.010000,1.000000,-0.000000,-0.000000,0.350000,0.100000,0.350000,-0.350000,0.150000,
7.092000,0.012000,1.000000,-0.000000,-0.000000,0.350000,0.100000,0.350000,-0.350000,0.150000,
7.103000,0.011000,1.000000,-0.000000,-0.000000,0.350000,0.100000,0.350000,-0.350000,0.150000,
7.112000,0.009000,1.000000,-0.000000,-0.000000,0.350000,0.100000,0.350000,-0.350000,0.150000,
7.123000,0.011000,1.000000,-0.000000,-0.000000,0.350000,0.100000,0.350000,-0.350000,0.150000,
7.137000,0.014000,1.000000,-0.000000,-0.000000,0.350000,0.100000,0.350000,-0.350000,0.150000,
7.147000,0.010000,1.000000,-0.000000,-0.000000,0.350000,0.100000,0.350000,-0.350000,0.150000,
7.158000,0.011000,1.000000,-0.000000,-0.000000,0.350000,0.100000,0.350000,-0.350000,0.150000,
7.169000,0.011000,1.000000,-0.000000,-0.000000,0.350000,0.100000,0.350000,-0.350000,0.150000,
7.179000,0.010000,1.000000,-0.000000,-0.000000,0.350000,0.100000,0.350000,-0.350000,0.150000,
7.190000,0.011000,1.000000,-0.000000,-0.000000,0.350000,0.100000,0.350000,-0.350000,0.150000,
7.202000,0.012000,1.000000,-0.000000,-0.000000,0.350000,0.100000,0.350000,-0.350000,0.150000,
7.215000,0.013000,1.000000,-0.000000,-0.000000,0.350000,0.100000,0.350000,-0.350000,0.150000,
7.224000,0.009000,1.000000,-0.000000,-0.000000,0.350000,0.100000,0.350000,-0.350000,0.150000,
7.235000,0.011000,1.000000,-0.000000,-0.000000,0.350000,0.100000,0.350000,-0.350000,0.150000,
7.246000,0.011000,1.000000,-0.000000,-0.000000,0.350000,0.100000,0.350000,-0.350000,0.150000,
7.257000,0.011000,1.000000,-0.000000,-0.000000,0.350000,0.100000,0.350000,-0.350000,0.150000,
7.269000,0.012000,1.000000,-0.000000,-0.000000,0.350000,0.100000,0.350000,-0.350000,0.150000,
7.279000,0.010000,1.000000,-0.000000,-0.000000,0.350000,0.100000,0.350000,-0.350000,0.150000,
7.292000,0.013000,1.000000,-0.000000,-0.000000,0.350000,0.100000,0.350000,-0.350000,0.150000,
7.303000,0.011000,1.000000,-0.000000,-0.000000,0.350000,0.100000,0.350000,-0.350000,0.150000,
7.313000,0.010000,1.000000,-0.000000,-0.000000,0.350000,0.100000,0.350000,-0.350000,0.150000,
7.324000,0.011000,1.000000,-0.000000,-0.000000,0.350000,0.100000,0.350000,-0.350000,0.150000,
7.336000,0.012000,1.000000,-0.000000,-0.000000,0.350000,0.100000,0.350000,-0.350000,0.150000,
7.346000,0.010000,1.000000,-0.000000,-0.000000,0.350000,0.100000,0.350000,-0.350000,0.150000,
7.357000,0.011000,1.000000,-0.000000,-0.000000,0.350000,0.100000,0.350000,-0.350000,0.150000,
7.369000,0.012000,1.000000,-0.000000,-0.000000,0.350000,0.100000,0.350000,-0.350000,0.150000,
7.379000,0.010000,1.000000,-0.000000,-0.000000,0.350000,0.100000,0.350000,-0.350000,0.150000,
7.390000,0.011000,1.000000,-0.000000,-0.000000,0.350000,0.100000,0.350000,-0.350000,0.150000,
7.402000,0.012000,1.000000,-0.000000,-0.000000,0.350000,0.100000,0.350000,-0.350000,0.150000,
7.413000,0.011000,1.000000,-0.000000,-0.000000,0.350000,0.100000,0.350000,-0.350000,0.150000,
7.424000,0.011000,1.000000,-0.000000,-0.000000,0.350000,0.100000,0.350000,-0.350000,0.150000,
7.435000,0.011000,1.000000,-0.000000,-0.000000,0.350000,0.100000,0.350000,-0.350000,0.150000,
7.445000,0.010000,1.000000,-0.000000,-0.000000,0.350000,0.100000,0.350000,-0.350000,0.150000,
7.457000,0.012000,1.000000,-0.000000,-0.000000,0.350000,0.100000,0.350000,-0.350000,0.150000,
7.469000,0.012000,1.000000,-0.000000,-0.000000,0.350000,0.100000,0.350000,-0.350000,0.150000,
7.479000,0.010000,1.000000,-0.000000,-0.000000,0.350000,0.100000,0.350000,-0.350000,0.150000,
7.492000,0.013000,1.000000,-0.000000,-0.000000,0.350000,0.100000,0.350000,-0.350000,0.150000,
7.503000,0.011000,1.000000,-0.000000,-0.000000,0.350000,0.100000,0.350000,-0.350000,0.150000,
7.514000,0.011000,1.000000,-0.000000,-0.000000,0.350000,0.100000,0.350000,-0.350000,0.150000,
7.525000,0.011000,1.000000,-0.000000,-0.000000,0.350000,0.100000,0.350000,-0.350000,0.150000,
7.536000,0.011000,1.000000,-0.000000,-0.000000,0.350000,0.100000,0.350000,-0.350000,0.150000,
7.546000,0.010000,1.000000,-0.000000,-0.000000,0.350000,0.100000,0.350000,-0.350000,0.150000,
7.557000,0.011000,1.000000,-0.000000,-0.000000,0.350000,0.100000,0.350000,-0.350000,0.150000,
7.568000,0.011000,1.000000,-0.000000,-0.000000,0.350000,0.100000,0.350000,-0.350000,0.150000,
7.579000,0.011000,1.000000,-0.000000,-0.000000,0.350000,0.100000,0.350000,-0.350000,0.150000,
7.590000,0.011000,1.000000,-0.000000,-0.000000,0.350000,0.100000,0.350000,-0.350000,0.150000,
7.602000,0.012000,1.000000,-0.000000,-0.000000,0.350000,0.100000,0.350000,-0.350000,0.150000,
7.614000,0.012000,1.000000,-0.000000,-0.000000,0.350000,0.100000,0.350000,-0.350000,0.150000,
7.624000,0.010000,1.000000,-0.000000,-0.000000,0.350000,0.100000,0.350000,-0.350000,0.150000,
7.636000,0.012000,1.000000,-0.000000,-0.000000,0.350000,0.100000,0.350000,-0.350000,0.150000,
7.646000,0.010000,1.000000,-0.000000,-0.000000,0.350000,0.100000,0.350000,-0.350000,0.150000,
7.657000,0.011000,1.000000,-0.000000,-0.000000,0.350000,0.100000,0.350000,-0.350000,0.150000,
7.669000,0.012000,1.000000,-0.000000,-0.000000,0.350000,0.100000,0.350000,-0.350000,0.150000,
7.679000,0.010000,1.000000,-0.000000,-0.000000,0.350000,0.100000,0.350000,-0.350000,0.150000,
7.691000,0.012000,1.000000,-0.000000,-0.000000,0.350000,0.100000,0.350000,-0.350000,0.150000,
7.702000,0.011000,1.000000,-0.000000,-0.000000,0.350000,0.100000,0.350000,-0.350000,0.150000,
7.713000,0.011000,1.000000,-0.000000,-0.000000,0.350000,0.100000,0.350000,-0.350000,0.150000,
7.724000,0.011000,1.000000,-0.000000,-0.000000,0.350000,0.100000,0.350000,-0.350000,0.150000,
7.736000,0.012000,1.000000,-0.000000,-0.000000,0.350000,0.100000,0.350000,-0.350000,0.150000,
7.746000,0.010000,1.000000,-0.000000,-0.000000,0.350000,0.100000,0.350000,-0.350000,0.150000,
7.757000,0.011000,1.000000,-0.000000,-0.000000,0.350000,0.100000,0.350000,-0.350000,0.150000,
7.769000,0.012000,1.000000,-0.000000,-0.000000,0.350000,0.100000,0.350000,-0.350000,0.150000,
7.779000,0.010000,1.000000,-0.000000,-0.000000,0.350000,0.100000,0.350000,-0.350000,0.150000,
7.790000,0.011000,1.000000,-0.000000,-0.000000,0.350000,0.100000,0.350000,-0.350000,0.150000,
7.803000,0.013000,1.000000,-0.000000,-0.000000,0.350000,0.100000,0.350000,-0.350000,0.150000,
7.814000,0.011000,1.000000,-0.000000,-0.000000,0.350000,0.100000,0.350000,-0.350000,0.150000,
7.823000,0.009000,1.000000,-0.000000,-0.000000,0.350000,0.100000,0.350000,-0.350000,0.150000,
7.835000,0.012000,1.000000,-0.000000,-0.000000,0.350000,0.100000,0.350000,-0.350000,0.150000,
7.846000,0.011000,1.000000,-0.000000,-0.000000,0.350000,0.100000,0.350000,-0.350000,0.150000,
7.858000,0.012000,1.000000,-0.000000,-0.000000,0.350000,0.100000,0.350000,-0.350000,0.150000,
7.868000,0.010000,1.000000,-0.000000,-0.000000,0.350000,0.100000,0.350000,-0.350000,0.150000,
7.879000,0.011000,1.000000,-0.000000,-0.000000,0.350000,0.100000,0.350000,-0.350000,0.150000,
7.892000,0.013000,1.000000,-0.000000,-0.000000,0.350000,0.100000,0.350000,-0.350000,0.150000,
7.902000,0.010000,1.000000,-0.000000,-0.000000,0.350000,0.100000,0.350000,-0.350000,0.150000,
7.913000,0.011000,1.000000,-0.000000,-0.000000,0.350000,0.100000,0.350000,-0.350000,0.150000,
7.923000,0.010000,1.000000,-0.000000,-0.000000,0.350000,0.100000,0.350000,-0.350000,0.150000,
7.935000,0.012000,1.000000,-0.000000,-0.000000,0.350000,0.100000,0.350000,-0.350000,0.150000,
7.946000,0.011000,1.000000,-0.000000,-0.000000,0.350000,0.100000,0.350000,-0.350000,0.150000,
7.957000,0.011000,1.000000,-0.000000,-0.000000,0.350000,0.100000,0.350000,-0.350000,0.150000,
7.969000,0.012000,1.000000,-0.000000,-0.000000,0.350000,0.100000,0.350000,-0.350000,0.150000,
7.979000,0.010000,1.000000,-0.000000,-0.000000,0.350000,0.100000,0.350000,-0.350000,0.150000,
7.990000,0.011000,1.000000,-0.000000,-0.000000,0.350000,0.100000,0.350000,-0.350000,0.150000,
8.002000,0.012000,1.000000,-0.000000,-0.000000,0.350000,0.100000,0.350000,-0.350000,0.150000,
8.014000,0.012000,1.000000,-0.000000,-0.000000,0.350000,0.100000,0.350000,-0.350000,0.150000,
8.024000,0.010000,1.000000,-0.000000,-0.000000,0.350000,0.100000,0.350000,-0.350000,0.150000,
8.035000,0.011000,1.000000,-0.000000,-0.000000,0.350000,0.100000,0.350000,-0.350000,0.150000,
8.046000,0.011000,1.000000,-0.000000,-0.000000,0.350000,0.100000,0.350000,-0.350000,0.150000,
8.057000,0.011000,1.000000,-0.000000,-0.000000,0.350000,0.100000,0.350000,-0.350000,0.150000,
8.069000,0.012000,1.000000,-0.000000,-0.000000,0.350000,0.100000,0.350000,-0.350000,0.150000,
8.079000,0.010000,1.000000,-0.000000,-0.000000,0.350000,0.100000,0.350000,-0.350000,0.150000,
8.091000,0.012000,1.000000,-0.000000,-0.000000,0.350000,0.100000,0.350000,-0.350000,0.150000,
8.102000,0.011000,1.000000,-0.000000,-0.000000,0.350000,0.100000,0.350000,-0.350000,0.150000,
8.112000,0.010000,1.000000,-0.000000,-0.000000,0.350000,0.100000,0.350000,-0.350000,0.150000,
8.124000,0.012000,1.000000,-0.000000,-0.000000,0.350000,0.100000,0.350000,-0.350000,0.150000,
8.136000,0.012000,1.000000,-0.000000,-0.000000,0.350000,0.100000,0.350000,-0.350000,0.150000,
8.146000,0.010000,1.000000,-0.000000,-0.000000,0.350000,0.100000,0.350000,-0.350000,0.150000,
8.157000,0.011000,1.000000,-0.000000,-0.000000,0.350000,0.100000,0.350000,-0.350000,0.150000,
8.169000,0.012000,1.000000,-0.000000,-0.000000,0.350000,0.100000,0.350000,-0.350000,0.150000,
8.179000,0.010000,1.000000,-0.000000,-0.000000,0.350000,0.100000,0.350000,-0.350000,0.150000,
8.190000,0.011000,1.000000,-0.000000,-0.000000,0.350000,0.100000,0.350000,-0.350000,0.150000,
8.202000,0.012000,1.000000,-0.000000,-0.000000,0.350000,0.100000,0.350000,-0.350000,0.150000,
8.213000,0.011000,1.000000,-0.000000,-0.000000,0.350000,0.100000,0.350000,-0.350000,0.150000,
8.223000,0.010000,1.000000,-0.000000,-0.000000,0.350000,0.100000,0.350000,-0.350000,0.150000,
8.236000,0.013000,1.000000,-0.000000,-0.000000,0.350000,0.100000,0.350000,-0.350000,0.150000,
8.246000,0.010000,1.000000,-0.000000,-0.000000,0.350000,0.100000,0.350000,-0.350000,0.150000,
8.257000,0.011000,1.000000,-0.000000,-0.000000,0.350000,0.100000,0.350000,-0.350000,0.150000,
8.269000,0.012000,1.000000,-0.000000,-0.000000,0.350000,0.100000,0.350000,-0.350000,0.150000,
8.279000,0.010000,1.000000,-0.000000,-0.000000,0.350000,0.100000,0.350000,-0.350000,0.150000,
8.292000,0.013000,1.000000,-0.000000,-0.000000,0.350000,0.100000,0.350000,-0.350000,0.150000,
8.302000,0.010000,1.000000,-0.000000,-0.000000,0.350000,0.100000,0.350000,-0.350000,0.150000,
8.313000,0.011000,1.000000,-0.000000,-0.000000,0.350000,0.100000,0.350000,-0.350000,0.150000,
8.323000,0.010000,1.000000,-0.000000,-0.000000,0.350000,0.100000,0.350000,-0.350000,0.150000,
8.336000,0.013000,1.000000,-0.000000,-0.000000,0.350000,0.100000,0.350000,-0.350000,0.150000,
8.346000,0.010000,1.000000,-0.000000,-0.000000,0.350000,0.100000,0.350000,-0.350000,0.150000,
8.357000,0.011000,1.000000,-0.000000,-0.000000,0.350000,0.100000,0.350000,-0.350000,0.150000,
8.368000,0.011000,1.000000,-0.000000,-0.000000,0.350000,0.100000,0.350000,-0.350000,0.150000,
8.379000,0.011000,1.000000,-0.000000,-0.000000,0.350000,0.100000,0.350000,-0.350000,0.150000,
8.390000,0.011000,1.000000,-0.000000,-0.000000,0.350000,0.100000,0.350000,-0.350000,0.150000,
8.402000,0.012000,1.000000,-0.000000,-0.000000,0.350000,0.100000,0.350000,-0.350000,0.150000,
8.413000,0.011000,1.000000,-0.000000,-0.000000,0.350000,0.100000,0.350000,-0.350000,0.150000,
8.424000,0.011000,1.000000,-0.000000,-0.000000,0.350000,0.100000,0.350000,-0.350000,0.150000,
8.435000,0.011000,1.000000,-0.000000,-0.000000,0.350000,0.100000,0.350000,-0.350000,0.150000,
8.449000,0.014000,1.000000,-0.000000,-0.000000,0.350000,0.100000,0.350000,-0.350000,0.150000,
8.457000,0.008000,1.000000,-0.000000,-0.000000,0.350000,0.100000,0.350000,-0.350000,0.150000,
8.469000,0.012000,1.000000,-0.000000,-0.000000,0.350000,0.100000,0.350000,-0.350000,0.150000,
8.479000,0.010000,1.000000,-0.000000,-0.000000,0.350000,0.100000,0.350000,-0.350000,0.150000,
8.491000,0.012000,1.000000,-0.000000,-0.000000,0.350000,0.100000,0.350000,-0.350000,0.150000,
8.502000,0.011000,1.000000,-0.000000,-0.000000,0.350000,0.100000,0.350000,-0.350000,0.150000,
8.512000,0.010000,1.000000,-0.000000,-0.000000,0.350000,0.100000,0.350000,-0.350000,0.150000,
8.524000,0.012000,1.000000,-0.000000,-0.000000,0.350000,0.100000,0.350000,-0.350000,0.150000,
8.535000,0.011000,1.000000,-0.000000,-0.000000,0.350000,0.100000,0.350000,-0.350000,0.150000,
8.546000,0.011000,1.000000,-0.000000,-0.000000,0.350000,0.100000,0.350000,-0.350000,0.150000,
8.556000,0.010000,1.000000,-0.000000,-0.000000,0.350000,0.100000,0.350000,-0.350000,0.150000,
8.569000,0.013000,1.000000,-0.000000,-0.000000,0.350000,0.100000,0.350000,-0.350000,0.150000,
8.579000,0.010000,1.000000,-0.000000,-0.000000,0.350000,0.100000,0.350000,-0.350000,0.150000,
8.590000,0.011000,1.000000,-0.000000,-0.000000,0.350000,0.100000,0.350000,-0.350000,0.150000,
8.602000,0.012000,1.000000,-0.000000,-0.000000,0.350000,0.100000,0.350000,-0.350000,0.150000,
8.614000,0.012000,1.000000,-0.000000,-0.000000,0.350000,0.100000,0.350000,-0.350000,0.150000,
8.625000,0.011000,1.000000,-0.000000,-0.000000,0.350000,0.100000,0.350000,-0.350000,0.150000,
8.636000,0.011000,1.000000,-0.000000,-0.000000,0.350000,0.100000,0.350000,-0.350000,0.150000,
8.646000,0.010000,1.000000,-0.000000,-0.000000,0.350000,0.100000,0.350000,-0.350000,0.150000,
8.657000,0.011000,1.000000,-0.000000,-0.000000,0.350000,0.100000,0.350000,-0.350000,0.150000,
8.668000,0.011000,1.000000,-0.000000,-0.000000,0.350000,0.100000,0.350000,-0.350000,0.150000,
8.679000,0.011000,1.000000,-0.000000,-0.000000,0.350000,0.100000,0.350000,-0.350000,0.150000,
8.691000,0.012000,1.000000,-0.000000,-0.000000,0.350000,0.100000,0.350000,-0.350000,0.150000,
8.703000,0.012000,1.000000,-0.000000,-0.000000,0.350000,0.100000,0.350000,-0.350000,0.150000,
8.712000,0.009000,1.000000,-0.000000,-0.000000,0.350000,0.100000,0.350000,-0.350000,0.150000,
8.723000,0.011000,1.000000,-0.000000,-0.000000,0.350000,0.100000,0.350000,-0.350000,0.150000,
8.736000,0.013000,1.000000,-0.000000,-0.000000,0.350000,0.100000,0.350000,-0.350000,0.150000,
8.746000,0.010000,1.000000,-0.000000,-0.000000,0.350000,0.100000,0.350000,-0.350000,0.150000,
8.757000,0.011000,1.000000,-0.000000,-0.000000,0.350000,0.100000,0.350000,-0.350000,0.150000,
8.768000,0.011000,1.000000,-0.000000,-0.000000,0.350000,0.100000,0.350000,-0.350000,0.150000,
8.779000,0.011000,1.000000,-0.000000,-0.000000,0.350000,0.100000,0.350000,-0.350000,0.150000,
8.791000,0.012000,1.000000,-0.000000,-0.000000,0.350000,0.100000,0.350000,-0.350000,0.150000,
8.802000,0.011000,1.000000,-0.000000,-0.000000,0.350000,0.100000,0.350000,-0.350000,0.150000,
8.814000,0.012000,1.000000,-0.000000,-0.000000,0.350000,0.100000,0.350000,-0.350000,0.150000,
8.825000,0.011000,1.000000,-0.000000,-0.000000,0.350000,0.100000,0.350000,-0.350000,0.150000,
8.837000,0.012000,1.000000,-0.000000,-0.000000,0.350000,0.100000,0.350000,-0.350000,0.150000,
8.847000,0.010000,1.000000,-0.000000,-0.000000,0.350000,0.100000,0.350000,-0.350000,0.150000,
8.859000,0.012000,1.000000,-0.000000,-0.000000,0.350000,0.100000,0.350000,-0.350000,0.150000,
8.870000,0.011000,1.000000,-0.000000,-0.000000,0.350000,0.100000,0.350000,-0.350000,0.150000,
8.879000,0.009000,1.000000,-0.000000,-0.000000,0.350000,0.100000,0.350000,-0.350000,0.150000,
8.893000,0.014000,1.000000,-0.000000,-0.000000,0.350000,0.100000,0.350000,-0.350000,0.150000,
8.903000,0.010000,1.000000,-0.000000,-0.000000,0.350000,0.100000,0.350000,-0.350000,0.150000,
8.912000,0.009000,1.000000,-0.000000,-0.000000,0.350000,0.100000,0.350000,-0.350000,0.150000,
8.923000,0.011000,1.000000,-0.000000,-0.000000,0.350000,0.100000,0.350000,-0.350000,0.150000,
8.936000,0.013000,1.000000,-0.000000,-0.000000,0.350000,0.100000,0.350000,-0.350000,0.150000,
8.946000,0.010000,1.000000,-0.000000,-0.000000,0.350000,0.100000,0.350000,-0.350000,0.150000,
8.957000,0.011000,1.000000,-0.000000,-0.000000,0.350000,0.100000,0.350000,-0.350000,0.150000,
8.969000,0.012000,1.000000,-0.000000,-0.000000,0.350000,0.100000,0.350000,-0.350000,0.150000,
8.979000,0.010000,1.000000,-0.000000,-0.000000,0.350000,0.100000,0.350000,-0.350000,0.150000,
8.991000,0.012000,1.000000,-0.000000,-0.000000,0.350000,0.100000,0.350000,-0.350000,0.150000,
9.002000,0.011000,1.000000,-0.000000,-0.000000,0.350000,0.100000,0.350000,-0.350000,0.150000,
9.013000,0.011000,1.000000,-0.000000,-0.000000,0.350000,0.100000,0.350000,-0.350000,0.150000,
9.023000,0.010000,1.000000,-0.000000,-0.000000,0.350000,0.100000,0.350000,-0.350000,0.150000,
9.035000,0.012000,1.000000,-0.000000,-0.000000,0.350000,0.100000,0.350000,-0.350000,0.150000,
9.046000,0.011000,1.000000,-0.000000,-0.000000,0.350000,0.100000,0.350000,-0.350000,0.150000,
9.057000,0.011000,1.000000,-0.000000,-0.000000,0.350000,0.100000,0.350000,-0.350000,0.150000,
9.069000,0.012000,1.000000,-0.000000,-0.000000,0.350000,0.100000,0.350000,-0.350000,0.150000,
9.079000,0.010000,1.000000,-0.000000,-0.000000,0.350000,0.100000,0.350000,-0.350000,0.150000,
9.091000,0.012000,1.000000,-0.000000,-0.000000,0.350000,0.100000,0.350000,-0.350000,0.150000,
9.102000,0.011000,1.000000,-0.000000,-0.000000,0.350000,0.100000,0.350000,-0.350000,0.150000,
9.112000,0.010000,1.000000,-0.000000,-0.000000,0.350000,0.100000,0.350000,-0.350000,0.150000,
9.124000,0.012000,1.000000,-0.000000,-0.000000,0.350000,0.100000,0.350000,-0.350000,0.150000,
9.137000,0.013000,1.000000,-0.000000,-0.000000,0.350000,0.100000,0.350000,-0.350000,0.150000,
9.147000,0.010000,1.000000,-0.000000,-0.000000,0.350000,0.100000,0.350000,-0.350000,0.150000,
9.158000,0.011000,1.000000,-0.000000,-0.000000,0.350000,0.100000,0.350000,-0.350000,0.150000,
9.170000,0.012000,1.000000,-0.000000,-0.000000,0.350000,0.100000,0.350000,-0.350000,0.150000,
9.180000,0.010000,1.000000,-0.000000,-0.000000,0.350000,0.100000,0.350000,-0.350000,0.150000,
9.192000,0.012000,1.000000,-0.000000,-0.000000,0.350000,0.100000,0.350000,-0.350000,0.150000,
9.204000,0.012000,1.000000,-0.000000,-0.000000,0.350000,0.100000,0.350000,-0.350000,0.150000,
9.215000,0.011000,1.000000,-0.000000,-0.000000,0.350000,0.100000,0.350000,-0.350000,0.150000,
9.225000,0.010000,1.000000,-0.000000,-0.000000,0.350000,0.100000,0.350000,-0.350000,0.150000,
9.236000,0.011000,1.000000,-0.000000,-0.000000,0.350000,0.100000,0.350000,-0.350000,0.150000,
9.247000,0.011000,1.000000,-0.000000,-0.000000,0.350000,0.100000,0.350000,-0.350000,0.150000,
9.258000,0.011000,1.000000,-0.000000,-0.000000,0.350000,0.100000,0.350000,-0.350000,0.150000,
9.270000,0.012000,1.000000,-0.000000,-0.000000,0.350000,0.100000,0.350000,-0.350000,0.150000,
9.280000,0.010000,1.000000,-0.000000,-0.000000,0.350000,0.100000,0.350000,-0.350000,0.150000,
9.293000,0.013000,1.000000,-0.000000,-0.000000,0.350000,0.100000,0.350000,-0.350000,0.150000,
9.303000,0.010000,1.000000,-0.000000,-0.000000,0.350000,0.100000,0.350000,-0.350000,0.150000,
9.312000,0.009000,1.000000,-0.000000,-0.000000,0.350000,0.100000,0.350000,-0.350000,0.150000,
9.324000,0.012000,1.000000,-0.000000,-0.000000,0.350000,0.100000,0.350000,-0.350000,0.150000,
9.338000,0.014000,1.000000,-0.000000,-0.000000,0.350000,0.100000,0.350000,-0.350000,0.150000,
9.347000,0.009000,1.000000,-0.000000,-0.000000,0.350000,0.100000,0.350000,-0.350000,0.150000,
9.359000,0.012000,1.000000,-0.000000,-0.000000,0.350000,0.100000,0.350000,-0.350000,0.150000,
9.371000,0.012000,1.000000,-0.000000,-0.000000,0.350000,0.100000,0.350000,-0.350000,0.150000,
9.379000,0.008000,1.000000,-0.000000,-0.000000,0.350000,0.100000,0.350000,-0.350000,0.150000,
9.390000,0.011000,1.000000,-0.000000,-0.000000,0.350000,0.100000,0.350000,-0.350000,0.150000,
9.403000,0.013000,1.000000,-0.000000,-0.000000,0.350000,0.100000,0.350000,-0.350000,0.150000,
9.414000,0.011000,1.000000,-0.000000,-0.000000,0.350000,0.100000,0.350000,-0.350000,0.150000,
9.424000,0.010000,1.000000,-0.000000,-0.000000,0.350000,0.100000,0.350000,-0.350000,0.150000,
9.436000,0.012000,1.000000,-0.000000,-0.000000,0.350000,0.100000,0.350000,-0.350000,0.150000,
9.446000,0.010000,1.000000,-0.000000,-0.000000,0.350000,0.100000,0.350000,-0.350000,0.150000,
9.458000,0.012000,1.000000,-0.000000,-0.000000,0.350000,0.100000,0.350000,-0.350000,0.150000,
9.470000,0.012000,1.000000,-0.000000,-0.000000,0.350000,0.100000,0.350000,-0.350000,0.150000,
9.480000,0.010000,1.000000,-0.000000,-0.000000,0.350000,0.100000,0.350000,-0.350000,0.150000,
9.493000,0.013000,1.000000,-0.000000,-0.000000,0.350000,0.100000,0.350000,-0.350000,0.150000,
9.503000,0.010000,1.000000,-0.000000,-0.000000,0.350000,0.100000,0.350000,-0.350000,0.150000,
9.515000,0.012000,1.000000,-0.000000,-0.000000,0.350000,0.100000,0.350000,-0.350000,0.150000,
9.525000,0.010000,1.000000,-0.000000,-0.000000,0.350000,0.100000,0.350000,-0.350000,0.150000,
9.539000,0.014000,1.000000,-0.000000,-0.000000,0.350000,0.100000,0.350000,-0.350000,0.150000,
9.547000,0.008000,1.000000,-0.000000,-0.000000,0.350000,0.100000,0.350000,-0.350000,0.150000,
9.559000,0.012000,1.000000,-0.000000,-0.000000,0.350000,0.100000,0.350000,-0.350000,0.150000,
9.571000,0.012000,1.000000,-0.000000,-0.000000,0.350000,0.100000,0.350000,-0.350000,0.150000,
9.581000,0.010000,1.000000,-0.000000,-0.000000,0.350000,0.100000,0.350000,-0.350000,0.150000,
9.593000,0.012000,1.000000,-0.000000,-0.000000,0.350000,0.100000,0.350000,-0.350000,0.150000,
9.604000,0.011000,1.000000,-0.000000,-0.000000,0.350000,0.100000,0.350000,-0.350000,0.150000,
9.617000,0.013000,1.000000,-0.000000,-0.000000,0.350000,0.100000,0.350000,-0.350000,0.150000,
9.627000,0.010000,1.000000,-0.000000,-0.000000,0.350000,0.100000,0.350000,-0.350000,0.150000,
9.638000,0.011000,1.000000,-0.000000,-0.000000,0.350000,0.100000,0.350000,-0.350000,0.150000,
9.649000,0.011000,1.000000,-0.000000,-0.000000,0.350000,0.100000,0.350000,-0.350000,0.150000,
9.658000,0.009000,1.000000,-0.000000,-0.000000,0.350000,0.100000,0.350000,-0.350000,0.150000,
9.670000,0.012000,1.000000,-0.000000,-0.000000,0.350000,0.100000,0.350000,-0.350000,0.150000,
9.680000,0.010000,1.000000,-0.000000,-0.000000,0.350000,0.100000,0.350000,-0.350000,0.150000,
9.693000,0.013000,1.000000,-0.000000,-0.000000,0.350000,0.100000,0.350000,-0.350000,0.150000,
9.703000,0.010000,1.000000,-0.000000,-0.000000,0.350000,0.100000,0.350000,-0.350000,0.150000,
9.714000,0.011000,1.000000,-0.000000,-0.000000,0.350000,0.100000,0.350000,-0.350000,0.150000,
9.726000,0.012000,1.000000,-0.000000,-0.000000,0.350000,0.100000,0.350000,-0.350000,0.150000,
9.737000,0.011000,1.000000,-0.000000,-0.000000,0.350000,0.100000,0.350000,-0.350000,0.150000,
9.748000,0.011000,1.000000,-0.000000,-0.000000,0.350000,0.100000,0.350000,-0.350000,0.150000,
9.758000,0.010000,1.000000,-0.000000,-0.000000,0.350000,0.100000,0.350000,-0.350000,0.150000,
9.771000,0.013000,1.000000,-0.000000,-0.000000,0.350000,0.100000,0.350000,-0.350000,0.150000,
9.780000,0.009000,1.000000,-0.000000,-0.000000,0.350000,0.100000,0.350000,-0.350000,0.150000,
9.792000,0.012000,1.000000,-0.000000,-0.000000,0.350000,0.100000,0.350000,-0.350000,0.150000,
9.804000,0.012000,1.000000,-0.000000,-0.000000,0.350000,0.100000,0.350000,-0.350000,0.150000,
9.814000,0.010000,1.000000,-0.000000,-0.000000,0.350000,0.100000,0.350000,-0.350000,0.150000,
9.825000,0.011000,1.000000,-0.000000,-0.000000,0.350000,0.100000,0.350000,-0.350000,0.150000,
9.836000,0.011000,1.000000,-0.000000,-0.000000,0.350000,0.100000,0.350000,-0.350000,0.150000,
9.847000,0.011000,1.000000,-0.000000,-0.000000,0.350000,0.100000,0.350000,-0.350000,0.150000,
9.858000,0.011000,1.000000,-0.000000,-0.000000,0.350000,0.100000,0.350000,-0.350000,0.150000,
9.870000,0.012000,1.000000,-0.000000,-0.000000,0.350000,0.100000,0.350000,-0.350000,0.150000,
9.881000,0.011000,1.000000,-0.000000,-0.000000,0.350000,0.100000,0.350000,-0.350000,0.150000,
9.893000,0.012000,1.000000,-0.000000,-0.000000,0.350000,0.100000,0.350000,-0.350000,0.150000,
9.903000,0.010000,1.000000,-0.000000,-0.000000,0.350000,0.100000,0.350000,-0.350000,0.150000,
9.914000,0.011000,1.000000,-0.000000,-0.000000,0.350000,0.100000,0.350000,-0.350000,0.150000,
9.925000,0.011000,1.000000,-0.000000,-0.000000,0.350000,0.100000,0.350000,-0.350000,0.150000,
9.937000,0.012000,1.000000,-0.000000,-0.000000,0.350000,0.100000,0.350000,-0.350000,0.150000,
9.947000,0.010000,1.000000,-0.000000,-0.000000,0.350000,0.100000,0.350000,-0.350000,0.150000,
9.958000,0.011000,1.000000,-0.000000,-0.000000,0.350000,0.100000,0.350000,-0.350000,0.150000,
9.971000,0.013000,1.000000,-0.000000,-0.000000,0.350000,0.100000,0.350000,-0.350000,0.150000,
9.980000,0.009000,1.000000,-0.000000,-0.000000,0.350000,0.100000,0.350000,-0.350000,0.150000,
9.991000,0.011000,1.000000,-0.000000,-0.000000,0.350000,0.100000,0.350000,-0.350000,0.150000,
10.003000,0.012000,1.000000,-0.000000,-0.000000,0.350000,0.100000,0.350000,-0.350000,0.150000,
10.014000,0.011000,1.000000,-0.000000,-0.000000,0.350000,0.100000,0.350000,-0.350000,0.150000,
10.025000,0.011000,1.000000,-0.000000,-0.000000,0.350000,0.100000,0.350000,-0.350000,0.150000,
10.036000,0.011000,1.000000,-0.000000,-0.000000,0.350000,0.100000,0.350000,-0.350000,0.150000,
10.047000,0.011000,1.000000,-0.000000,-0.000000,0.350000,0.100000,0.350000,-0.350000,0.150000,
10.058000,0.011000,1.000000,-0.000000,-0.000000,0.350000,0.100000,0.350000,-0.350000,0.150000,
10.070000,0.012000,1.000000,-0.000000,-0.000000,0.350000,0.100000,0.350000,-0.350000,0.150000,
10.081000,0.011000,1.000000,-0.000000,-0.000000,0.350000,0.100000,0.350000,-0.350000,0.150000,
10.093000,0.012000,1.000000,-0.000000,-0.000000,0.350000,0.100000,0.350000,-0.350000,0.150000,
10.103000,0.010000,1.000000,-0.000000,-0.000000,0.350000,0.100000,0.350000,-0.350000,0.150000,
10.114000,0.011000,1.000000,-0.000000,-0.000000,0.350000,0.100000,0.350000,-0.350000,0.150000,
10.125000,0.011000,1.000000,-0.000000,-0.000000,0.350000,0.100000,0.350000,-0.350000,0.150000,
10.137000,0.012000,1.000000,-0.000000,-0.000000,0.350000,0.100000,0.350000,-0.350000,0.150000,
10.147000,0.010000,1.000000,-0.000000,-0.000000,0.350000,0.100000,0.350000,-0.350000,0.150000,
10.158000,0.011000,1.000000,-0.000000,-0.000000,0.350000,0.100000,0.350000,-0.350000,0.150000,
10.171000,0.013000,1.000000,-0.000000,-0.000000,0.350000,0.100000,0.350000,-0.350000,0.150000,
10.180000,0.009000,1.000000,-0.000000,-0.000000,0.350000,0.100000,0.350000,-0.350000,0.150000,
10.193000,0.013000,1.000000,-0.000000,-0.000000,0.350000,0.100000,0.350000,-0.350000,0.150000,
10.204000,0.011000,1.000000,-0.000000,-0.000000,0.350000,0.100000,0.350000,-0.350000,0.150000,
10.215000,0.011000,1.000000,-0.000000,-0.000000,0.350000,0.100000,0.350000,-0.350000,0.150000,
10.225000,0.010000,1.000000,-0.000000,-0.000000,0.350000,0.100000,0.350000,-0.350000,0.150000,
10.237000,0.012000,1.000000,-0.000000,-0.000000,0.350000,0.100000,0.350000,-0.350000,0.150000,
10.247000,0.010000,1.000000,-0.000000,-0.000000,0.350000,0.100000,0.350000,-0.350000,0.150000,
10.259000,0.012000,1.000000,-0.000000,-0.000000,0.350000,0.100000,0.350000,-0.350000,0.150000,
10.270000,0.011000,1.000000,-0.000000,-0.000000,0.350000,0.100000,0.350000,-0.350000,0.150000,
10.280000,0.010000,1.000000,-0.000000,-0.000000,0.350000,0.100000,0.350000,-0.350000,0.150000,
10.293000,0.013000,1.000000,-0.000000,-0.000000,0.350000,0.100000,0.350000,-0.350000,0.150000,
10.303000,0.010000,1.000000,-0.000000,-0.000000,0.350000,0.100000,0.350000,-0.350000,0.150000,
10.314000,0.011000,1.000000,-0.000000,-0.000000,0.350000,0.100000,0.350000,-0.350000,0.150000,
10.325000,0.011000,1.000000,-0.000000,-0.000000,0.350000,0.100000,0.350000,-0.350000,0.150000,
10.337000,0.012000,1.000000,-0.000000,-0.000000,0.350000,0.100000,0.350000,-0.350000,0.150000,
10.347000,0.010000,1.000000,-0.000000,-0.000000,0.350000,0.100000,0.350000,-0.350000,0.150000,
10.359000,0.012000,1.000000,-0.000000,-0.000000,0.350000,0.100000,0.350000,-0.350000,0.150000,
10.371000,0.012000,1.000000,-0.000000,-0.000000,0.350000,0.100000,0.350000,-0.350000,0.150000,
10.381000,0.010000,1.000000,-0.000000,-0.000000,0.350000,0.100000,0.350000,-0.350000,0.150000,
10.392000,0.011000,1.000000,-0.000000,-0.000000,0.350000,0.100000,0.350000,-0.350000,0.150000,
10.403000,0.011000,1.000000,-0.000000,-0.000000,0.350000,0.100000,0.350000,-0.350000,0.150000,
10.414000,0.011000,1.000000,-0.000000,-0.000000,0.350000,0.100000,0.350000,-0.350000,0.150000,
10.425000,0.011000,1.000000,-0.000000,-0.000000,0.350000,0.100000,0.350000,-0.350000,0.150000,
10.437000,0.012000,1.000000,-0.000000,-0.000000,0.350000,0.100000,0.350000,-0.350000,0.150000,
10.447000,0.010000,1.000000,-0.000000,-0.000000,0.350000,0.100000,0.350000,-0.350000,0.150000,
10.459000,0.012000,1.000000,-0.000000,-0.000000,0.350000,0.100000,0.350000,-0.350000,0.150000,
10.470000,0.011000,1.000000,-0.000000,-0.000000,0.350000,0.100000,0.350000,-0.350000,0.150000,
10.480000,0.010000,1.000000,-0.000000,-0.000000,0.350000,0.100000,0.350000,-0.350000,0.150000,
10.494000,0.014000,1.000000,-0.000000,-0.000000,0.350000,0.100000,0.350000,-0.350000,0.150000,
10.503000,0.009000,1.000000,-0.000000,-0.000000,0.350000,0.100000,0.350000,-0.350000,0.150000,
10.514000,0.011000,1.000000,-0.000000,-0.000000,0.350000,0.100000,0.350000,-0.350000,0.150000,
10.525000,0.011000,1.000000,-0.000000,-0.000000,0.350000,0.100000,0.350000,-0.350000,0.150000,
10.537000,0.012000,1.000000,-0.000000,-0.000000,0.350000,0.100000,0.350000,-0.350000,0.150000,
10.547000,0.010000,1.000000,-0.000000,-0.000000,0.350000,0.100000,0.350000,-0.350000,0.150000,
10.558000,0.011000,1.000000,-0.000000,-0.000000,0.350000,0.100000,0.350000,-0.350000,0.150000,
10.570000,0.012000,1.000000,-0.000000,-0.000000,0.350000,0.100000,0.350000,-0.350000,0.150000,
10.580000,0.010000,1.000000,-0.000000,-0.000000,0.350000,0.100000,0.350000,-0.350000,0.150000,
10.592000,0.012000,1.000000,-0.000000,-0.000000,0.350000,0.100000,0.350000,-0.350000,0.150000,
10.604000,0.012000,1.000000,-0.000000,-0.000000,0.350000,0.100000,0.350000,-0.350000,0.150000,
10.615000,0.011000,1.000000,-0.000000,-0.000000,0.350000,0.100000,0.350000,-0.350000,0.150000,
10.625000,0.010000,1.000000,-0.000000,-0.000000,0.350000,0.100000,0.350000,-0.350000,0.150000,
10.636000,0.011000,1.000000,-0.000000,-0.000000,0.350000,0.100000,0.350000,-0.350000,0.150000,
10.647000,0.011000,1.000000,-0.000000,-0.000000,0.350000,0.100000,0.350000,-0.350000,0.150000,
10.659000,0.012000,1.000000,-0.000000,-0.000000,0.350000,0.100000,0.350000,-0.350000,0.150000,
10.670000,0.011000,1.000000,-0.000000,-0.000000,0.350000,0.100000,0.350000,-0.350000,0.150000,
10.680000,0.010000,1.000000,-0.000000,-0.000000,0.350000,0.100000,0.350000,-0.350000,0.150000,
10.692000,0.012000,1.000000,-0.000000,-0.000000,0.350000,0.100000,0.350000,-0.350000,0.150000,
10.703000,0.011000,1.000000,-0.000000,-0.000000,0.350000,0.100000,0.350000,-0.350000,0.150000,
10.714000,0.011000,1.000000,-0.000000,-0.000000,0.350000,0.100000,0.350000,-0.350000,0.150000,
10.725000,0.011000,1.000000,-0.000000,-0.000000,0.350000,0.100000,0.350000,-0.350000,0.150000,
10.737000,0.012000,1.000000,-0.000000,-0.000000,0.350000,0.100000,0.350000,-0.350000,0.150000,
10.747000,0.010000,1.000000,-0.000000,-0.000000,0.350000,0.100000,0.350000,-0.350000,0.150000,
10.758000,0.011000,1.000000,-0.000000,-0.000000,0.350000,0.100000,0.350000,-0.350000,0.150000,
10.771000,0.013000,1.000000,-0.000000,-0.000000,0.350000,0.100000,0.350000,-0.350000,0.150000,
10.780000,0.009000,1.000000,-0.000000,-0.000000,0.350000,0.100000,0.350000,-0.350000,0.150000,
10.792000,0.012000,1.000000,-0.000000,-0.000000,0.350000,0.100000,0.350000,-0.350000,0.150000,
10.804000,0.012000,1.000000,-0.000000,-0.000000,0.350000,0.100000,0.350000,-0.350000,0.150000,
10.816000,0.012000,1.000000,-0.000000,-0.000000,0.350000,0.100000,0.350000,-0.350000,0.150000,
10.826000,0.010000,1.000000,-0.000000,-0.000000,0.350000,0.100000,0.350000,-0.350000,0.150000,
10.838000,0.012000,1.000000,-0.000000,-0.000000,0.350000,0.100000,0.350000,-0.350000,0.150000,
10.849000,0.011000,1.000000,-0.000000,-0.000000,0.350000,0.100000,0.350000,-0.350000,0.150000,
10.860000,0.011000,1.000000,-0.000000,-0.000000,0.350000,0.100000,0.350000,-0.350000,0.150000,
10.871000,0.011000,1.000000,-0.000000,-0.000000,0.350000,0.100000,0.350000,-0.350000,0.150000,
10.882000,0.011000,1.000000,-0.000000,-0.000000,0.350000,0.100000,0.350000,-0.350000,0.150000,
10.892000,0.010000,1.000000,-0.000000,-0.000000,0.350000,0.100000,0.350000,-0.350000,0.150000,
10.903000,0.011000,1.000000,-0.000000,-0.000000,0.350000,0.100000,0.350000,-0.350000,0.150000,
10.914000,0.011000,1.000000,-0.000000,-0.000000,0.350000,0.100000,0.350000,-0.350000,0.150000,
10.925000,0.011000,1.000000,-0.000000,-0.000000,0.350000,0.100000,0.350000,-0.350000,0.150000,
10.937000,0.012000,1.000000,-0.000000,-0.000000,0.350000,0.100000,0.350000,-0.350000,0.150000,
10.947000,0.010000,1.000000,-0.000000,-0.000000,0.350000,0.100000,0.350000,-0.350000,0.150000,
10.958000,0.011000,1.000000,-0.000000,-0.000000,0.350000,0.100000,0.350000,-0.350000,0.150000,
10.970000,0.012000,1.000000,-0.000000,-0.000000,0.350000,0.100000,0.350000,-0.350000,0.150000,
10.980000,0.010000,1.000000,-0.000000,-0.000000,0.350000,0.100000,0.350000,-0.350000,0.150000,
10.991000,0.011000,1.000000,-0.000000,-0.000000,0.350000,0.100000,0.350000,-0.350000,0.150000,
11.003000,0.012000,1.000000,-0.000000,-0.000000,0.350000,0.100000,0.350000,-0.350000,0.150000,
11.014000,0.011000,1.000000,-0.000000,-0.000000,0.350000,0.100000,0.350000,-0.350000,0.150000,
11.025000,0.011000,1.000000,-0.000000,-0.000000,0.350000,0.100000,0.350000,-0.350000,0.150000,
11.037000,0.012000,1.000000,-0.000000,-0.000000,0.350000,0.100000,0.350000,-0.350000,0.150000,
11.047000,0.010000,1.000000,-0.000000,-0.000000,0.350000,0.100000,0.350000,-0.350000,0.150000,
11.059000,0.012000,1.000000,-0.000000,-0.000000,0.350000,0.100000,0.350000,-0.350000,0.150000,
11.070000,0.011000,1.000000,-0.000000,-0.000000,0.350000,0.100000,0.350000,-0.350000,0.150000,
11.080000,0.010000,1.000000,-0.000000,-0.000000,0.350000,0.100000,0.350000,-0.350000,0.150000,
11.092000,0.012000,1.000000,-0.000000,-0.000000,0.350000,0.100000,0.350000,-0.350000,0.150000,
11.103000,0.011000,1.000000,-0.000000,-0.000000,0.350000,0.100000,0.350000,-0.350000,0.150000,
11.114000,0.011000,1.000000,-0.000000,-0.000000,0.350000,0.100000,0.350000,-0.350000,0.150000,
11.125000,0.011000,1.000000,-0.000000,-0.000000,0.350000,0.100000,0.350000,-0.350000,0.150000,
11.136000,0.011000,1.000000,-0.000000,-0.000000,0.350000,0.100000,0.350000,-0.350000,0.150000,
11.147000,0.011000,1.000000,-0.000000,-0.000000,0.350000,0.100000,0.350000,-0.350000,0.150000,
11.158000,0.011000,1.000000,-0.000000,-0.000000,0.350000,0.100000,0.350000,-0.350000,0.150000,
11.172000,0.014000,1.000000,-0.000000,-0.000000,0.350000,0.100000,0.350000,-0.350000,0.150000,
11.180000,0.008000,1.000000,-0.000000,-0.000000,0.350000,0.100000,0.350000,-0.350000,0.150000,
11.191000,0.011000,1.000000,-0.000000,-0.000000,0.350000,0.100000,0.350000,-0.350000,0.150000,
11.203000,0.012000,1.000000,-0.000000,-0.000000,0.350000,0.100000,0.350000,-0.350000,0.150000,
11.214000,0.011000,1.000000,-0.000000,-0.000000,0.350000,0.100000,0.350000,-0.350000,0.150000,
11.226000,0.012000,1.000000,-0.000000,-0.000000,0.350000,0.100000,0.350000,-0.350000,0.150000,
11.236000,0.010000,1.000000,-0.000000,-0.000000,0.350000,0.100000,0.350000,-0.350000,0.150000,
11.247000,0.011000,1.000000,-0.000000,-0.000000,0.350000,0.100000,0.350000,-0.350000,0.150000,
11.258000,0.011000,1.000000,-0.000000,-0.000000,0.350000,0.100000,0.350000,-0.350000,0.150000,
11.270000,0.012000,1.000000,-0.000000,-0.000000,0.350000,0.100000,0.350000,-0.350000,0.150000,
11.281000,0.011000,1.000000,-0.000000,-0.000000,0.350000,0.100000,0.350000,-0.350000,0.150000,
11.292000,0.011000,1.000000,-0.000000,-0.000000,0.350000,0.100000,0.350000,-0.350000,0.150000,
11.303000,0.011000,1.000000,-0.000000,-0.000000,0.350000,0.100000,0.350000,-0.350000,0.150000,
11.314000,0.011000,1.000000,-0.000000,-0.000000,0.350000,0.100000,0.350000,-0.350000,0.150000,
11.325000,0.011000,1.000000,-0.000000,-0.000000,0.350000,0.100000,0.350000,-0.350000,0.150000,
11.337000,0.012000,1.000000,-0.000000,-0.000000,0.350000,0.100000,0.350000,-0.350000,0.150000,
11.347000,0.010000,1.000000,-0.000000,-0.000000,0.350000,0.100000,0.350000,-0.350000,0.150000,
11.359000,0.012000,1.000000,-0.000000,-0.000000,0.350000,0.100000,0.350000,-0.350000,0.150000,
11.370000,0.011000,1.000000,-0.000000,-0.000000,0.350000,0.100000,0.350000,-0.350000,0.150000,
11.386000,0.016000,1.000000,-0.000000,-0.000000,0.350000,0.100000,0.350000,-0.350000,0.150000,
11.392000,0.006000,1.000000,-0.000000,-0.000000,0.350000,0.100000,0.350000,-0.350000,0.150000,
11.403000,0.011000,1.000000,-0.000000,-0.000000,0.350000,0.100000,0.350000,-0.350000,0.150000,
11.414000,0.011000,1.000000,-0.000000,-0.000000,0.350000,0.100000,0.350000,-0.350000,0.150000,
11.425000,0.011000,1.000000,-0.000000,-0.000000,0.350000,0.100000,0.350000,-0.350000,0.150000,
11.437000,0.012000,1.000000,-0.000000,-0.000000,0.350000,0.100000,0.350000,-0.350000,0.150000,
11.447000,0.010000,1.000000,-0.000000,-0.000000,0.350000,0.100000,0.350000,-0.350000,0.150000,
11.459000,0.012000,1.000000,-0.000000,-0.000000,0.350000,0.100000,0.350000,-0.350000,0.150000,
11.470000,0.011000,1.000000,-0.000000,-0.000000,0.350000,0.100000,0.350000,-0.350000,0.150000,
11.481000,0.011000,1.000000,-0.000000,-0.000000,0.350000,0.100000,0.350000,-0.350000,0.150000,
11.493000,0.012000,1.000000,-0.000000,-0.000000,0.350000,0.100000,0.350000,-0.350000,0.150000,
11.503000,0.010000,1.000000,-0.000000,-0.000000,0.350000,0.100000,0.350000,-0.350000,0.150000,
11.515000,0.012000,1.000000,-0.000000,-0.000000,0.350000,0.100000,0.350000,-0.350000,0.150000,
11.525000,0.010000,1.000000,-0.000000,-0.000000,0.350000,0.100000,0.350000,-0.350000,0.150000,
11.537000,0.012000,1.000000,-0.000000,-0.000000,0.350000,0.100000,0.350000,-0.350000,0.150000,
11.547000,0.010000,1.000000,-0.000000,-0.000000,0.350000,0.100000,0.350000,-0.350000,0.150000,
11.558000,0.011000,1.000000,-0.000000,-0.000000,0.350000,0.100000,0.350000,-0.350000,0.150000,
11.572000,0.014000,1.000000,-0.000000,-0.000000,0.350000,0.100000,0.350000,-0.350000,0.150000,
11.580000,0.008000,1.000000,-0.000000,-0.000000,0.350000,0.100000,0.350000,-0.350000,0.150000,
11.592000,0.012000,1.000000,-0.000000,-0.000000,0.350000,0.100000,0.350000,-0.350000,0.150000,
11.604000,0.012000,1.000000,-0.000000,-0.000000,0.350000,0.100000,0.350000,-0.350000,0.150000,
11.614000,0.010000,1.000000,-0.000000,-0.000000,0.350000,0.100000,0.350000,-0.350000,0.150000,
11.626000,0.012000,1.000000,-0.000000,-0.000000,0.350000,0.100000,0.350000,-0.350000,0.150000,
11.636000,0.010000,1.000000,-0.000000,-0.000000,0.350000,0.100000,0.350000,-0.350000,0.150000,
11.647000,0.011000,1.000000,-0.000000,-0.000000,0.350000,0.100000,0.350000,-0.350000,0.150000,
11.658000,0.011000,1.000000,-0.000000,-0.000000,0.350000,0.100000,0.350000,-0.350000,0.150000,
11.670000,0.012000,1.000000,-0.000000,-0.000000,0.350000,0.100000,0.350000,-0.350000,0.150000,
11.681000,0.011000,1.000000,-0.000000,-0.000000,0.350000,0.100000,0.350000,-0.350000,0.150000,
11.693000,0.012000,1.000000,-0.000000,-0.000000,0.350000,0.100000,0.350000,-0.350000,0.150000,
11.703000,0.010000,1.000000,-0.000000,-0.000000,0.350000,0.100000,0.350000,-0.350000,0.150000,
11.714000,0.011000,1.000000,-0.000000,-0.000000,0.350000,0.100000,0.350000,-0.350000,0.150000,
11.725000,0.011000,1.000000,-0.000000,-0.000000,0.350000,0.100000,0.350000,-0.350000,0.150000,
11.737000,0.012000,1.000000,-0.000000,-0.000000,0.350000,0.100000,0.350000,-0.350000,0.150000,
11.747000,0.010000,1.000000,-0.000000,-0.000000,0.350000,0.100000,0.350000,-0.350000,0.150000,
11.758000,0.011000,1.000000,-0.000000,-0.000000,0.350000,0.100000,0.350000,-0.350000,0.150000,
11.771000,0.013000,1.000000,-0.000000,-0.000000,0.350000,0.100000,0.350000,-0.350000,0.150000,
11.781000,0.010000,1.000000,-0.000000,-0.000000,0.350000,0.100000,0.350000,-0.350000,0.150000,
11.792000,0.011000,1.000000,-0.000000,-0.000000,0.350000,0.100000,0.350000,-0.350000,0.150000,
11.803000,0.011000,1.000000,-0.000000,-0.000000,0.350000,0.100000,0.350000,-0.350000,0.150000,
11.815000,0.012000,1.000000,-0.000000,-0.000000,0.350000,0.100000,0.350000,-0.350000,0.150000,
11.825000,0.010000,1.000000,-0.000000,-0.000000,0.350000,0.100000,0.350000,-0.350000,0.150000,
11.837000,0.012000,1.000000,-0.000000,-0.000000,0.350000,0.100000,0.350000,-0.350000,0.150000,
11.848000,0.011000,1.000000,-0.000000,-0.000000,0.350000,0.100000,0.350000,-0.350000,0.150000,
11.859000,0.011000,1.000000,-0.000000,-0.000000,0.350000,0.100000,0.350000,-0.350000,0.150000,
11.871000,0.012000,1.000000,-0.000000,-0.000000,0.350000,0.100000,0.350000,-0.350000,0.150000,
11.881000,0.010000,1.000000,-0.000000,-0.000000,0.350000,0.100000,0.350000,-0.350000,0.150000,
11.893000,0.012000,1.000000,-0.000000,-0.000000,0.350000,0.100000,0.350000,-0.350000,0.150000,
11.903000,0.010000,1.000000,-0.000000,-0.000000,0.350000,0.100000,0.350000,-0.350000,0.150000,
11.914000,0.011000,1.000000,-0.000000,-0.000000,0.350000,0.100000,0.350000,-0.350000,0.150000,
11.926000,0.012000,1.000000,-0.000000,-0.000000,0.350000,0.100000,0.350000,-0.350000,0.150000,
11.938000,0.012000,1.000000,-0.000000,-0.000000,0.350000,0.100000,0.350000,-0.350000,0.150000,
11.949000,0.011000,1.000000,-0.000000,-0.000000,0.350000,0.100000,0.350000,-0.350000,0.150000,
11.960000,0.011000,1.000000,-0.000000,-0.000000,0.350000,0.100000,0.350000,-0.350000,0.150000,
11.971000,0.011000,1.000000,-0.000000,-0.000000,0.350000,0.100000,0.350000,-0.350000,0.150000,
11.980000,0.009000,1.000000,-0.000000,-0.000000,0.350000,0.100000,0.350000,-0.350000,0.150000,
11.992000,0.012000,1.000000,-0.000000,-0.000000,0.350000,0.100000,0.350000,-0.350000,0.150000,
12.003000,0.011000,1.000000,-0.000000,-0.000000,0.350000,0.100000,0.350000,-0.350000,0.150000,
12.014000,0.011000,1.000000,-0.000000,-0.000000,0.350000,0.100000,0.350000,-0.350000,0.150000,
12.026000,0.012000,1.000000,-0.000000,-0.000000,0.350000,0.100000,0.350000,-0.350000,0.150000,
12.036000,0.010000,1.000000,-0.000000,-0.000000,0.350000,0.100000,0.350000,-0.350000,0.150000,
12.047000,0.011000,1.000000,-0.000000,-0.000000,0.350000,0.100000,0.350000,-0.350000,0.150000,
12.058000,0.011000,1.000000,-0.000000,-0.000000,0.350000,0.100000,0.350000,-0.350000,0.150000,
12.070000,0.012000,1.000000,-0.000000,-0.000000,0.350000,0.100000,0.350000,-0.350000,0.150000,
12.081000,0.011000,1.000000,-0.000000,-0.000000,0.350000,0.100000,0.350000,-0.350000,0.150000,
12.094000,0.013000,1.000000,-0.000000,-0.000000,0.350000,0.100000,0.350000,-0.350000,0.150000,
12.103000,0.009000,1.000000,-0.000000,-0.000000,0.350000,0.100000,0.350000,-0.350000,0.150000,
