123.079000,123.079000,0.750000,0.200000,0.199838,0.400000,0.100000,0.400000,-0.500000,0.050000,
123.134000,0.055000,0.750000,0.200000,0.200000,0.400000,0.100000,0.400000,-0.500000,0.050000,
123.169000,0.035000,0.750000,0.200000,0.200000,0.400000,0.100000,0.400000,-0.500000,0.050000,
123.230000,0.061000,0.750000,0.200000,0.200000,0.400000,0.100000,0.400000,-0.500000,0.050000,
123.269000,0.039000,0.750000,0.200000,0.200000,0.400000,0.100000,0.400000,-0.500000,0.050000,
123.287000,0.018000,0.750000,0.200000,0.200000,0.400000,0.100000,0.400000,-0.500000,0.050000,
123.297000,0.010000,0.750000,0.200000,0.200000,0.400000,0.100000,0.400000,-0.500000,0.050000,
123.308000,0.011000,0.750000,0.200000,0.200000,0.400000,0.100000,0.400000,-0.500000,0.050000,
123.318000,0.010000,0.750000,0.200000,0.200000,0.400000,0.100000,0.400000,-0.500000,0.050000,
123.331000,0.013000,0.750000,0.200000,0.200000,0.400000,0.100000,0.400000,-0.500000,0.050000,
123.343000,0.012000,0.750000,0.200000,0.200000,0.400000,0.100000,0.400000,-0.500000,0.050000,
123.353000,0.010000,0.750000,0.200000,0.200000,0.400000,0.100000,0.400000,-0.500000,0.050000,
123.363000,0.010000,0.750000,0.200000,0.200000,0.400000,0.100000,0.400000,-0.500000,0.050000,
123.374000,0.011000,0.750000,0.200000,0.200000,0.400000,0.100000,0.400000,-0.500000,0.050000,
123.384000,0.010000,0.750000,0.200000,0.200000,0.400000,0.100000,0.400000,-0.500000,0.050000,
123.395000,0.011000,0.750000,0.200000,0.200000,0.400000,0.100000,0.400000,-0.500000,0.050000,
123.408000,0.013000,0.750000,0.200000,0.200000,0.400000,0.100000,0.400000,-0.500000,0.050000,
123.418000,0.010000,0.750000,0.200000,0.200000,0.400000,0.100000,0.400000,-0.500000,0.050000,
123.429000,0.011000,0.750000,0.200000,0.200000,0.400000,0.100000,0.400000,-0.500000,0.050000,
123.443000,0.014000,0.750000,0.200000,0.200000,0.400000,0.100000,0.400000,-0.500000,0.050000,
123.452000,0.009000,0.750000,0.200000,0.200000,0.400000,0.100000,0.400000,-0.500000,0.050000,
123.464000,0.012000,0.750000,0.200000,0.200000,0.400000,0.100000,0.400000,-0.500000,0.050000,
123.475000,0.011000,0.750000,0.200000,0.200000,0.400000,0.100000,0.400000,-0.500000,0.050000,
123.486000,0.011000,0.750000,0.200000,0.200000,0.400000,0.100000,0.400000,-0.500000,0.050000,
123.496000,0.010000,0.750000,0.200000,0.200000,0.400000,0.100000,0.400000,-0.500000,0.050000,
123.509000,0.013000,0.750000,0.200000,0.200000,0.400000,0.100000,0.400000,-0.500000,0.050000,
123.519000,0.010000,0.750000,0.200000,0.200000,0.400000,0.100000,0.400000,-0.500000,0.050000,
123.530000,0.011000,0.750000,0.200000,0.200000,0.400000,0.100000,0.400000,-0.500000,0.050000,
123.543000,0.013000,0.750000,0.200000,0.200000,0.400000,0.100000,0.400000,-0.500000,0.050000,
123.552000,0.009000,0.750000,0.200000,0.200000,0.400000,0.100000,0.400000,-0.500000,0.050000,
123.568000,0.016000,0.750000,0.200000,0.200000,0.400000,0.100000,0.400000,-0.500000,0.050000,
123.579000,0.011000,0.750000,0.200000,0.200000,0.400000,0.100000,0.400000,-0.500000,0.050000,
123.589000,0.010000,0.750000,0.200000,0.200000,0.400000,0.100000,0.400000,-0.500000,0.050000,
123.600000,0.011000,0.750000,0.200000,0.200000,0.400000,0.100000,0.400000,-0.500000,0.050000,
123.619000,0.019000,0.750000,0.200000,0.200000,0.400000,0.100000,0.400000,-0.500000,0.050000,
123.631000,0.012000,0.750000,0.200000,0.200000,0.400000,0.100000,0.400000,-0.500000,0.050000,
123.643000,0.012000,0.750000,0.200000,0.200000,0.400000,0.100000,0.400000,-0.500000,0.050000,
123.656000,0.013000,0.750000,0.200000,0.200000,0.400000,0.100000,0.400000,-0.500000,0.050000,
123.670000,0.014000,0.750000,0.200000,0.200000,0.400000,0.100000,0.400000,-0.500000,0.050000,
123.688000,0.018000,0.750000,0.200000,0.200000,0.400000,0.100000,0.400000,-0.500000,0.050000,
123.700000,0.012000,0.750000,0.200000,0.200000,0.400000,0.100000,0.400000,-0.500000,0.050000,
123.712000,0.012000,0.750000,0.200000,0.200000,0.400000,0.100000,0.400000,-0.500000,0.050000,
123.723000,0.011000,0.750000,0.200000,0.200000,0.400000,0.100000,0.400000,-0.500000,0.050000,
123.734000,0.011000,0.750000,0.200000,0.200000,0.400000,0.100000,0.400000,-0.500000,0.050000,
123.745000,0.011000,0.750000,0.200000,0.200000,0.400000,0.100000,0.400000,-0.500000,0.050000,
123.755000,0.010000,0.750000,0.200000,0.200000,0.400000,0.100000,0.400000,-0.500000,0.050000,
123.768000,0.013000,0.750000,0.200000,0.200000,0.400000,0.100000,0.400000,-0.500000,0.050000,
123.779000,0.011000,0.750000,0.200000,0.200000,0.400000,0.100000,0.400000,-0.500000,0.050000,
123.788000,0.009000,0.750000,0.200000,0.200000,0.400000,0.100000,0.400000,-0.500000,0.050000,
123.800000,0.012000,0.750000,0.200000,0.200000,0.400000,0.100000,0.400000,-0.500000,0.050000,
123.813000,0.013000,0.750000,0.200000,0.200000,0.400000,0.100000,0.400000,-0.500000,0.050000,
123.822000,0.009000,0.750000,0.200000,0.200000,0.400000,0.100000,0.400000,-0.500000,0.050000,
123.835000,0.013000,0.750000,0.200000,0.200000,0.400000,0.100000,0.400000,-0.500000,0.050000,
123.853000,0.018000,0.750000,0.250000,0.207627,0.400000,0.100000,0.400000,-0.500000,0.050000,
123.866000,0.013000,0.750000,0.250000,0.250000,0.400000,0.100000,0.400000,-0.500000,0.050000,
123.895000,0.029000,0.750000,0.250000,0.250000,0.400000,0.100000,0.400000,-0.500000,0.050000,
123.913000,0.018000,0.750000,0.250000,0.250000,0.400000,0.100000,0.400000,-0.500000,0.050000,
123.925000,0.012000,0.750000,0.250000,0.250000,0.400000,0.100000,0.400000,-0.500000,0.050000,
123.948000,0.023000,0.750000,0.250000,0.250000,0.400000,0.100000,0.400000,-0.500000,0.050000,
123.989000,0.041000,0.750000,0.310000,0.267447,0.400000,0.100000,0.400000,-0.500000,0.050000,
124.010000,0.021000,0.750000,0.310000,0.310000,0.400000,0.100000,0.400000,-0.500000,0.050000,
124.034000,0.024000,0.750000,0.310000,0.310000,0.400000,0.100000,0.400000,-0.500000,0.050000,
124.062000,0.028000,0.750000,0.300000,0.307813,0.400000,0.100000,0.400000,-0.500000,0.050000,
124.082000,0.020000,0.750000,0.270000,0.295000,0.400000,0.100000,0.400000,-0.500000,0.050000,
124.103000,0.021000,0.750000,0.270000,0.270000,0.400000,0.100000,0.400000,-0.500000,0.050000,
124.127000,0.024000,0.750000,0.270000,0.270000,0.400000,0.100000,0.400000,-0.500000,0.050000,
124.152000,0.025000,0.750000,0.280000,0.272000,0.400000,0.100000,0.400000,-0.500000,0.050000,
124.175000,0.023000,0.750000,0.370000,0.296829,0.400000,0.100000,0.400000,-0.500000,0.050000,
124.198000,0.023000,0.750000,0.370000,0.370000,0.400000,0.100000,0.400000,-0.500000,0.050000,
124.230000,0.032000,0.750000,0.370000,0.370000,0.400000,0.100000,0.400000,-0.500000,0.050000,
124.255000,0.025000,0.750000,0.370000,0.370000,0.400000,0.100000,0.400000,-0.500000,0.050000,
124.275000,0.020000,0.750000,0.410000,0.376667,0.400000,0.100000,0.400000,-0.500000,0.050000,
124.293000,0.018000,0.750000,0.410000,0.410000,0.400000,0.100000,0.400000,-0.500000,0.050000,
124.314000,0.021000,0.750000,0.410000,0.410000,0.400000,0.100000,0.400000,-0.500000,0.050000,
124.333000,0.019000,0.750000,0.410000,0.410000,0.400000,0.100000,0.400000,-0.500000,0.050000,
124.346000,0.013000,0.750000,0.410000,0.410000,0.400000,0.100000,0.400000,-0.500000,0.050000,
124.358000,0.012000,0.750000,0.470000,0.416429,0.400000,0.100000,0.400000,-0.500000,0.050000,
124.378000,0.020000,0.750000,0.470000,0.470000,0.400000,0.100000,0.400000,-0.500000,0.050000,
124.390000,0.012000,0.750000,0.470000,0.470000,0.400000,0.100000,0.400000,-0.500000,0.050000,
124.413000,0.023000,0.750000,0.470000,0.470000,0.400000,0.100000,0.400000,-0.500000,0.050000,
124.427000,0.014000,0.750000,0.470000,0.470000,0.400000,0.100000,0.400000,-0.500000,0.050000,
124.446000,0.019000,0.750000,0.470000,0.470000,0.400000,0.100000,0.400000,-0.500000,0.050000,
124.464000,0.018000,0.750000,0.440000,0.465424,0.400000,0.100000,0.400000,-0.500000,0.050000,
124.481000,0.017000,0.750000,0.440000,0.440000,0.400000,0.100000,0.400000,-0.500000,0.050000,
124.499000,0.018000,0.750000,0.440000,0.440000,0.400000,0.100000,0.400000,-0.500000,0.050000,
124.511000,0.012000,0.750000,0.440000,0.440000,0.400000,0.100000,0.400000,-0.500000,0.050000,
124.549000,0.038000,0.750000,0.440000,0.440000,0.400000,0.100000,0.400000,-0.500000,0.050000,
124.583000,0.034000,0.750000,0.490000,0.452687,0.400000,0.100000,0.400000,-0.500000,0.050000,
124.599000,0.016000,0.750000,0.490000,0.490000,0.400000,0.100000,0.400000,-0.500000,0.050000,
124.626000,0.027000,0.750000,0.490000,0.490000,0.400000,0.100000,0.400000,-0.500000,0.050000,
124.659000,0.033000,0.750000,0.490000,0.490000,0.400000,0.100000,0.400000,-0.500000,0.050000,
124.684000,0.025000,0.750000,0.480000,0.488000,0.400000,0.100000,0.400000,-0.500000,0.050000,
124.697000,0.013000,0.750000,0.480000,0.480000,0.400000,0.100000,0.400000,-0.500000,0.050000,
124.708000,0.011000,0.750000,0.480000,0.480000,0.400000,0.100000,0.400000,-0.500000,0.050000,
124.720000,0.012000,0.750000,0.480000,0.480000,0.400000,0.100000,0.400000,-0.500000,0.050000,
124.739000,0.019000,0.750000,0.480000,0.480000,0.400000,0.100000,0.400000,-0.500000,0.050000,
124.757000,0.018000,0.750000,0.490000,0.481525,0.400000,0.100000,0.400000,-0.500000,0.050000,
124.769000,0.012000,0.750000,0.560000,0.497500,0.400000,0.100000,0.400000,-0.500000,0.050000,
124.780000,0.011000,0.750000,0.560000,0.560000,0.400000,0.100000,0.400000,-0.500000,0.050000,
124.790000,0.010000,0.750000,0.560000,0.560000,0.400000,0.100000,0.400000,-0.500000,0.050000,
124.803000,0.013000,0.750000,0.560000,0.560000,0.400000,0.100000,0.400000,-0.500000,0.050000,
124.816000,0.013000,0.750000,0.560000,0.560000,0.400000,0.100000,0.400000,-0.500000,0.050000,
124.827000,0.011000,0.750000,0.560000,0.560000,0.400000,0.100000,0.400000,-0.500000,0.050000,
124.838000,0.011000,0.750000,0.560000,0.560000,0.400000,0.100000,0.400000,-0.500000,0.050000,
124.852000,0.014000,0.750000,0.560000,0.560000,0.400000,0.100000,0.400000,-0.500000,0.050000,
124.863000,0.011000,0.750000,0.580000,0.561982,0.400000,0.100000,0.400000,-0.500000,0.050000,
124.872000,0.009000,0.750000,0.580000,0.580000,0.400000,0.100000,0.400000,-0.500000,0.050000,
124.885000,0.013000,0.750000,0.580000,0.580000,0.400000,0.100000,0.400000,-0.500000,0.050000,
124.896000,0.011000,0.750000,0.580000,0.580000,0.400000,0.100000,0.400000,-0.500000,0.050000,
124.907000,0.011000,0.750000,0.580000,0.580000,0.400000,0.100000,0.400000,-0.500000,0.050000,
124.917000,0.010000,0.750000,0.580000,0.580000,0.400000,0.100000,0.400000,-0.500000,0.050000,
124.929000,0.012000,0.750000,0.580000,0.580000,0.400000,0.100000,0.400000,-0.500000,0.050000,
124.939000,0.010000,0.750000,0.580000,0.580000,0.400000,0.100000,0.400000,-0.500000,0.050000,
124.950000,0.011000,0.750000,0.620000,0.583964,0.400000,0.100000,0.400000,-0.500000,0.050000,
124.961000,0.011000,0.750000,0.620000,0.620000,0.400000,0.100000,0.400000,-0.500000,0.050000,
124.971000,0.010000,0.750000,0.620000,0.620000,0.400000,0.100000,0.400000,-0.500000,0.050000,
124.982000,0.011000,0.750000,0.620000,0.620000,0.400000,0.100000,0.400000,-0.500000,0.050000,
124.996000,0.014000,0.750000,0.620000,0.620000,0.400000,0.100000,0.400000,-0.500000,0.050000,
125.007000,0.011000,0.750000,0.620000,0.620000,0.400000,0.100000,0.400000,-0.500000,0.050000,
125.017000,0.010000,0.750000,0.620000,0.620000,0.400000,0.100000,0.400000,-0.500000,0.050000,
125.028000,0.011000,0.750000,0.620000,0.620000,0.400000,0.100000,0.400000,-0.500000,0.050000,
125.038000,0.010000,0.750000,0.620000,0.620000,0.400000,0.100000,0.400000,-0.500000,0.050000,
125.052000,0.014000,0.750000,0.620000,0.620000,0.400000,0.100000,0.400000,-0.500000,0.050000,
125.063000,0.011000,0.750000,0.640000,0.621982,0.400000,0.100000,0.400000,-0.500000,0.050000,
125.074000,0.011000,0.750000,0.640000,0.640000,0.400000,0.100000,0.400000,-0.500000,0.050000,
125.089000,0.015000,0.750000,0.640000,0.640000,0.400000,0.100000,0.400000,-0.500000,0.050000,
125.100000,0.011000,0.750000,0.640000,0.640000,0.400000,0.100000,0.400000,-0.500000,0.050000,
125.111000,0.011000,0.750000,0.640000,0.640000,0.400000,0.100000,0.400000,-0.500000,0.050000,
125.123000,0.012000,0.750000,0.640000,0.640000,0.400000,0.100000,0.400000,-0.500000,0.050000,
125.133000,0.010000,0.750000,0.640000,0.640000,0.400000,0.100000,0.400000,-0.500000,0.050000,
125.145000,0.012000,0.750000,0.640000,0.640000,0.400000,0.100000,0.400000,-0.500000,0.050000,
125.155000,0.010000,0.750000,0.640000,0.640000,0.400000,0.100000,0.400000,-0.500000,0.050000,
125.169000,0.014000,0.750000,0.640000,0.640000,0.400000,0.100000,0.400000,-0.500000,0.050000,
125.180000,0.011000,0.750000,0.640000,0.640000,0.400000,0.100000,0.400000,-0.500000,0.050000,
125.192000,0.012000,0.750000,0.640000,0.640000,0.400000,0.100000,0.400000,-0.500000,0.050000,
125.203000,0.011000,0.750000,0.640000,0.640000,0.400000,0.100000,0.400000,-0.500000,0.050000,
125.213000,0.010000,0.750000,0.640000,0.640000,0.400000,0.100000,0.400000,-0.500000,0.050000,
125.225000,0.012000,0.750000,0.640000,0.640000,0.400000,0.100000,0.400000,-0.500000,0.050000,
125.236000,0.011000,0.750000,0.640000,0.640000,0.400000,0.100000,0.400000,-0.500000,0.050000,
125.248000,0.012000,0.750000,0.640000,0.640000,0.400000,0.100000,0.400000,-0.500000,0.050000,
125.260000,0.012000,0.750000,0.640000,0.640000,0.400000,0.100000,0.400000,-0.500000,0.050000,
125.269000,0.009000,0.750000,0.710000,0.645780,0.400000,0.100000,0.400000,-0.500000,0.050000,
125.281000,0.012000,0.750000,0.700000,0.708929,0.000000,0.100000,0.400000,-0.500000,0.050000,
125.292000,0.011000,0.750000,0.700000,0.700000,0.000000,0.100000,0.400000,-0.500000,0.050000,
125.303000,0.011000,0.750000,0.700000,0.700000,0.000000,0.100000,0.400000,-0.500000,0.050000,
125.313000,0.010000,0.750000,0.700000,0.700000,0.000000,0.100000,0.400000,-0.500000,0.050000,
125.326000,0.013000,0.750000,0.690000,0.698849,0.000000,0.100000,0.400000,-0.500000,0.050000,
125.337000,0.011000,0.750000,0.690000,0.690000,0.000000,0.100000,0.400000,-0.500000,0.050000,
125.347000,0.010000,0.750000,0.690000,0.690000,0.000000,0.100000,0.400000,-0.500000,0.050000,
125.361000,0.014000,0.750000,0.690000,0.690000,0.000000,0.100000,0.400000,-0.500000,0.050000,
125.370000,0.009000,0.750000,0.720000,0.692477,0.000000,0.100000,0.400000,-0.500000,0.050000,
125.381000,0.011000,0.750000,0.710000,0.719009,0.000000,0.100000,0.400000,-0.500000,0.050000,
125.391000,0.010000,0.750000,0.710000,0.710000,0.000000,0.100000,0.400000,-0.500000,0.050000,
125.402000,0.011000,0.750000,0.710000,0.710000,0.000000,0.100000,0.400000,-0.500000,0.050000,
125.414000,0.012000,0.750000,0.710000,0.710000,0.000000,0.100000,0.400000,-0.500000,0.050000,
125.425000,0.011000,0.750000,0.700000,0.709009,0.000000,0.100000,0.400000,-0.500000,0.050000,
125.435000,0.010000,0.750000,0.700000,0.700000,0.000000,0.100000,0.400000,-0.500000,0.050000,
125.448000,0.013000,0.750000,0.700000,0.700000,0.000000,0.100000,0.400000,-0.500000,0.050000,
125.459000,0.011000,0.750000,0.730000,0.702973,0.000000,0.100000,0.400000,-0.500000,0.050000,
125.469000,0.010000,0.750000,0.720000,0.729091,0.000000,0.100000,0.400000,-0.500000,0.050000,
125.481000,0.012000,0.750000,0.710000,0.718929,0.000000,0.100000,0.400000,-0.500000,0.050000,
125.492000,0.011000,0.750000,0.710000,0.710000,0.000000,0.100000,0.400000,-0.500000,0.050000,
125.503000,0.011000,0.750000,0.710000,0.710000,0.000000,0.100000,0.400000,-0.500000,0.050000,
125.515000,0.012000,0.750000,0.710000,0.710000,0.000000,0.100000,0.400000,-0.500000,0.050000,
125.528000,0.013000,0.750000,0.710000,0.710000,0.000000,0.100000,0.400000,-0.500000,0.050000,
125.537000,0.009000,0.750000,0.700000,0.709174,0.000000,0.100000,0.400000,-0.500000,0.050000,
125.549000,0.012000,0.750000,0.700000,0.700000,0.000000,0.100000,0.400000,-0.500000,0.050000,
125.560000,0.011000,0.750000,0.740000,0.703964,0.000000,0.100000,0.400000,-0.500000,0.050000,
125.569000,0.009000,0.750000,0.740000,0.740000,0.000000,0.100000,0.400000,-0.500000,0.050000,
125.580000,0.011000,0.750000,0.740000,0.740000,0.000000,0.100000,0.400000,-0.500000,0.050000,
125.593000,0.013000,0.750000,0.750000,0.741150,0.000000,0.100000,0.400000,-0.500000,0.050000,
125.606000,0.013000,0.750000,0.750000,0.750000,0.000000,0.100000,0.400000,-0.500000,0.050000,
125.614000,0.008000,0.750000,0.750000,0.750000,0.000000,0.100000,0.400000,-0.500000,0.050000,
125.625000,0.011000,0.750000,0.750000,0.750000,0.000000,0.100000,0.400000,-0.500000,0.050000,
125.636000,0.011000,0.750000,0.750000,0.750000,0.000000,0.100000,0.400000,-0.500000,0.050000,
125.648000,0.012000,0.750000,0.760000,0.751071,0.000000,0.100000,0.400000,-0.500000,0.050000,
125.659000,0.011000,0.750000,0.740000,0.758018,0.000000,0.100000,0.400000,-0.500000,0.050000,
125.670000,0.011000,0.750000,0.750000,0.740991,0.000000,0.100000,0.400000,-0.500000,0.050000,
125.681000,0.011000,0.750000,0.750000,0.750000,0.000000,0.100000,0.400000,-0.500000,0.050000,
125.692000,0.011000,0.750000,0.750000,0.750000,0.000000,0.100000,0.400000,-0.500000,0.050000,
125.702000,0.010000,0.750000,0.750000,0.750000,0.000000,0.100000,0.400000,-0.500000,0.050000,
125.715000,0.013000,0.750000,0.750000,0.750000,0.000000,0.100000,0.400000,-0.500000,0.050000,
125.727000,0.012000,0.750000,0.760000,0.751071,0.000000,0.100000,0.400000,-0.500000,0.050000,
125.736000,0.009000,0.750000,0.760000,0.760000,0.000000,0.100000,0.400000,-0.500000,0.050000,
125.748000,0.012000,0.750000,0.760000,0.760000,0.000000,0.100000,0.400000,-0.500000,0.050000,
125.759000,0.011000,0.750000,0.760000,0.760000,0.000000,0.100000,0.400000,-0.500000,0.050000,
125.771000,0.012000,0.750000,0.760000,0.760000,0.000000,0.100000,0.400000,-0.500000,0.050000,
125.780000,0.009000,0.750000,0.760000,0.760000,0.000000,0.100000,0.400000,-0.500000,0.050000,
125.791000,0.011000,0.750000,0.760000,0.760000,0.000000,0.100000,0.400000,-0.500000,0.050000,
125.805000,0.014000,0.750000,0.760000,0.760000,0.000000,0.100000,0.400000,-0.500000,0.050000,
125.813000,0.008000,0.750000,0.750000,0.759259,0.000000,0.100000,0.400000,-0.500000,0.050000,
125.825000,0.012000,0.750000,0.750000,0.750000,0.000000,0.100000,0.400000,-0.500000,0.050000,
125.837000,0.012000,0.750000,0.750000,0.750000,0.000000,0.100000,0.400000,-0.500000,0.050000,
125.847000,0.010000,0.750000,0.750000,0.750000,0.000000,0.100000,0.400000,-0.500000,0.050000,
125.859000,0.012000,0.750000,0.650000,0.739286,0.000000,0.100000,0.400000,-0.500000,0.050000,
125.871000,0.012000,0.750000,0.650000,0.650000,0.000000,0.100000,0.400000,-0.500000,0.050000,
125.881000,0.010000,0.750000,0.650000,0.650000,0.000000,0.100000,0.400000,-0.500000,0.050000,
125.892000,0.011000,0.750000,0.650000,0.650000,0.000000,0.100000,0.400000,-0.500000,0.050000,
125.903000,0.011000,0.750000,0.650000,0.650000,0.000000,0.100000,0.400000,-0.500000,0.050000,
125.915000,0.012000,0.750000,0.650000,0.650000,0.000000,0.100000,0.400000,-0.500000,0.050000,
125.926000,0.011000,0.750000,0.650000,0.650000,0.000000,0.100000,0.400000,-0.500000,0.050000,
125.937000,0.011000,0.750000,0.650000,0.650000,0.000000,0.100000,0.400000,-0.500000,0.050000,
125.948000,0.011000,0.750000,0.650000,0.650000,0.000000,0.100000,0.400000,-0.500000,0.050000,
125.960000,0.012000,0.750000,0.610000,0.645714,0.000000,0.100000,0.400000,-0.500000,0.050000,
125.970000,0.010000,0.750000,0.610000,0.610000,0.000000,0.100000,0.400000,-0.500000,0.050000,
125.980000,0.010000,0.750000,0.610000,0.610000,0.000000,0.100000,0.400000,-0.500000,0.050000,
125.991000,0.011000,0.750000,0.610000,0.610000,0.000000,0.100000,0.400000,-0.500000,0.050000,
126.005000,0.014000,0.750000,0.600000,0.608772,0.000000,0.100000,0.400000,-0.500000,0.050000,
126.013000,0.008000,0.750000,0.600000,0.600000,0.000000,0.100000,0.400000,-0.500000,0.050000,
126.025000,0.012000,0.750000,0.600000,0.600000,0.000000,0.100000,0.400000,-0.500000,0.050000,
126.037000,0.012000,0.750000,0.600000,0.600000,0.000000,0.100000,0.400000,-0.500000,0.050000,
126.048000,0.011000,0.750000,0.600000,0.600000,0.000000,0.100000,0.400000,-0.500000,0.050000,
126.059000,0.011000,0.750000,0.600000,0.600000,0.000000,0.100000,0.400000,-0.500000,0.050000,
126.070000,0.011000,0.750000,0.590000,0.599009,0.000000,0.100000,0.400000,-0.500000,0.050000,
126.081000,0.011000,0.750000,0.590000,0.590000,0.000000,0.100000,0.400000,-0.500000,0.050000,
126.091000,0.010000,0.750000,0.590000,0.590000,0.000000,0.100000,0.400000,-0.500000,0.050000,
126.102000,0.011000,0.750000,0.590000,0.590000,0.000000,0.100000,0.400000,-0.500000,0.050000,
126.116000,0.014000,0.750000,0.590000,0.590000,0.000000,0.100000,0.400000,-0.500000,0.050000,
126.127000,0.011000,0.750000,0.590000,0.590000,0.000000,0.100000,0.400000,-0.500000,0.050000,
126.138000,0.011000,0.750000,0.590000,0.590000,0.000000,0.100000,0.400000,-0.500000,0.050000,
126.150000,0.012000,0.750000,0.590000,0.590000,0.000000,0.100000,0.400000,-0.500000,0.050000,
126.162000,0.012000,0.750000,0.580000,0.588929,0.000000,0.100000,0.400000,-0.500000,0.050000,
126.170000,0.008000,0.750000,0.580000,0.580000,0.000000,0.100000,0.400000,-0.500000,0.050000,
126.183000,0.013000,0.750000,0.580000,0.580000,0.000000,0.100000,0.400000,-0.500000,0.050000,
126.192000,0.009000,0.750000,0.580000,0.580000,0.000000,0.100000,0.400000,-0.500000,0.050000,
126.205000,0.013000,0.750000,0.580000,0.580000,0.000000,0.100000,0.400000,-0.500000,0.050000,
126.215000,0.010000,0.750000,0.580000,0.580000,0.000000,0.100000,0.400000,-0.500000,0.050000,
126.225000,0.010000,0.750000,0.580000,0.580000,0.000000,0.100000,0.400000,-0.500000,0.050000,
126.237000,0.012000,0.750000,0.580000,0.580000,0.000000,0.100000,0.400000,-0.500000,0.050000,
126.249000,0.012000,0.750000,0.580000,0.580000,0.000000,0.100000,0.400000,-0.500000,0.050000,
126.259000,0.010000,0.750000,0.580000,0.580000,0.000000,0.100000,0.400000,-0.500000,0.050000,
126.270000,0.011000,0.750000,0.590000,0.580991,0.000000,0.100000,0.400000,-0.500000,0.050000,
126.284000,0.014000,0.750000,0.590000,0.590000,0.000000,0.100000,0.400000,-0.500000,0.050000,
126.292000,0.008000,0.750000,0.590000,0.590000,0.000000,0.100000,0.400000,-0.500000,0.050000,
126.305000,0.013000,0.750000,0.590000,0.590000,0.000000,0.100000,0.400000,-0.500000,0.050000,
126.316000,0.011000,0.750000,0.590000,0.590000,0.000000,0.100000,0.400000,-0.500000,0.050000,
126.326000,0.010000,0.750000,0.590000,0.590000,0.000000,0.100000,0.400000,-0.500000,0.050000,
126.337000,0.011000,0.750000,0.600000,0.590991,0.000000,0.100000,0.400000,-0.500000,0.050000,
126.348000,0.011000,0.750000,0.600000,0.600000,0.000000,0.100000,0.400000,-0.500000,0.050000,
126.359000,0.011000,0.750000,0.590000,0.599009,0.000000,0.100000,0.400000,-0.500000,0.050000,
126.372000,0.013000,0.750000,0.590000,0.590000,0.000000,0.100000,0.400000,-0.500000,0.050000,
126.384000,0.012000,0.750000,0.590000,0.590000,0.000000,0.100000,0.400000,-0.500000,0.050000,
126.394000,0.010000,0.750000,0.600000,0.590909,0.000000,0.100000,0.400000,-0.500000,0.050000,
126.406000,0.012000,0.750000,0.600000,0.600000,0.000000,0.100000,0.400000,-0.500000,0.050000,
126.417000,0.011000,0.750000,0.600000,0.600000,0.000000,0.100000,0.400000,-0.500000,0.050000,
126.427000,0.010000,0.750000,0.600000,0.600000,0.000000,0.100000,0.400000,-0.500000,0.050000,
126.438000,0.011000,0.750000,0.610000,0.600991,0.000000,0.100000,0.400000,-0.500000,0.050000,
126.450000,0.012000,0.750000,0.610000,0.610000,0.000000,0.100000,0.400000,-0.500000,0.050000,
126.460000,0.010000,0.750000,0.610000,0.610000,0.000000,0.100000,0.400000,-0.500000,0.050000,
126.470000,0.010000,0.750000,0.610000,0.610000,0.000000,0.100000,0.400000,-0.500000,0.050000,
126.482000,0.012000,0.750000,0.610000,0.610000,0.000000,0.100000,0.400000,-0.500000,0.050000,
126.494000,0.012000,0.750000,0.610000,0.610000,0.000000,0.100000,0.400000,-0.500000,0.050000,
126.504000,0.010000,0.750000,0.620000,0.610909,0.000000,0.100000,0.400000,-0.500000,0.050000,
126.516000,0.012000,0.750000,0.620000,0.620000,0.000000,0.100000,0.400000,-0.500000,0.050000,
126.529000,0.013000,0.750000,0.620000,0.620000,0.000000,0.100000,0.400000,-0.500000,0.050000,
126.538000,0.009000,0.750000,0.620000,0.620000,0.000000,0.100000,0.400000,-0.500000,0.050000,
126.549000,0.011000,0.750000,0.610000,0.619009,0.000000,0.100000,0.400000,-0.500000,0.050000,
126.561000,0.012000,0.750000,0.570000,0.605714,0.000000,0.100000,0.400000,-0.500000,0.050000,
126.571000,0.010000,0.750000,0.570000,0.570000,0.000000,0.100000,0.400000,-0.500000,0.050000,
126.581000,0.010000,0.750000,0.570000,0.570000,0.000000,0.100000,0.400000,-0.500000,0.050000,
126.593000,0.012000,0.750000,0.570000,0.570000,0.000000,0.100000,0.400000,-0.500000,0.050000,
126.606000,0.013000,0.750000,0.570000,0.570000,0.000000,0.100000,0.400000,-0.500000,0.050000,
126.618000,0.012000,0.750000,0.560000,0.568929,0.000000,0.100000,0.400000,-0.500000,0.050000,
126.627000,0.009000,0.750000,0.560000,0.560000,0.000000,0.100000,0.400000,-0.500000,0.050000,
126.639000,0.012000,0.750000,0.560000,0.560000,0.000000,0.100000,0.400000,-0.500000,0.050000,
126.650000,0.011000,0.750000,0.560000,0.560000,0.000000,0.100000,0.400000,-0.500000,0.050000,
126.660000,0.010000,0.750000,0.520000,0.556364,0.000000,0.100000,0.400000,-0.500000,0.050000,
126.670000,0.010000,0.750000,0.520000,0.520000,0.000000,0.100000,0.400000,-0.500000,0.050000,
126.684000,0.014000,0.750000,0.510000,0.518772,0.000000,0.100000,0.400000,-0.500000,0.050000,
126.693000,0.009000,0.750000,0.510000,0.510000,0.000000,0.100000,0.400000,-0.500000,0.050000,
126.703000,0.010000,0.750000,0.510000,0.510000,0.000000,0.100000,0.400000,-0.500000,0.050000,
126.715000,0.012000,0.750000,0.510000,0.510000,0.000000,0.100000,0.400000,-0.500000,0.050000,
126.727000,0.012000,0.750000,0.510000,0.510000,0.000000,0.100000,0.400000,-0.500000,0.050000,
126.737000,0.010000,0.750000,0.510000,0.510000,0.000000,0.100000,0.400000,-0.500000,0.050000,
126.748000,0.011000,0.750000,0.470000,0.506036,0.000000,0.100000,0.400000,-0.500000,0.050000,
126.761000,0.013000,0.750000,0.470000,0.470000,0.000000,0.100000,0.400000,-0.500000,0.050000,
126.771000,0.010000,0.750000,0.470000,0.470000,0.000000,0.100000,0.400000,-0.500000,0.050000,
126.781000,0.010000,0.750000,0.470000,0.470000,0.000000,0.100000,0.400000,-0.500000,0.050000,
126.793000,0.012000,0.750000,0.470000,0.470000,0.000000,0.100000,0.400000,-0.500000,0.050000,
126.805000,0.012000,0.750000,0.470000,0.470000,0.000000,0.100000,0.400000,-0.500000,0.050000,
126.815000,0.010000,0.750000,0.470000,0.470000,0.000000,0.100000,0.400000,-0.500000,0.050000,
126.828000,0.013000,0.750000,0.480000,0.471150,0.000000,0.100000,0.400000,-0.500000,0.050000,
126.838000,0.010000,0.750000,0.480000,0.480000,0.000000,0.100000,0.400000,-0.500000,0.050000,
126.849000,0.011000,0.750000,0.470000,0.479009,0.000000,0.100000,0.400000,-0.500000,0.050000,
126.860000,0.011000,0.750000,0.430000,0.466036,0.000000,0.100000,0.400000,-0.500000,0.050000,
126.871000,0.011000,0.750000,0.430000,0.430000,0.000000,0.100000,0.400000,-0.500000,0.050000,
126.883000,0.012000,0.750000,0.430000,0.430000,0.000000,0.100000,0.400000,-0.500000,0.050000,
126.894000,0.011000,0.750000,0.430000,0.430000,0.000000,0.100000,0.400000,-0.500000,0.050000,
126.904000,0.010000,0.750000,0.430000,0.430000,0.000000,0.100000,0.400000,-0.500000,0.050000,
126.916000,0.012000,0.750000,0.430000,0.430000,0.000000,0.100000,0.400000,-0.500000,0.050000,
126.929000,0.013000,0.750000,0.430000,0.430000,0.000000,0.100000,0.400000,-0.500000,0.050000,
126.938000,0.009000,0.750000,0.440000,0.430826,0.000000,0.100000,0.400000,-0.500000,0.050000,
126.948000,0.010000,0.750000,0.410000,0.437273,0.000000,0.100000,0.400000,-0.500000,0.050000,
126.960000,0.012000,0.750000,0.410000,0.410000,0.000000,0.100000,0.400000,-0.500000,0.050000,
126.972000,0.012000,0.750000,0.410000,0.410000,0.000000,0.100000,0.400000,-0.500000,0.050000,
126.981000,0.009000,0.750000,0.410000,0.410000,0.000000,0.100000,0.400000,-0.500000,0.050000,
126.993000,0.012000,0.750000,0.410000,0.410000,0.000000,0.100000,0.400000,-0.500000,0.050000,
127.005000,0.012000,0.750000,0.410000,0.410000,0.000000,0.100000,0.400000,-0.500000,0.050000,
127.015000,0.010000,0.750000,0.410000,0.410000,0.000000,0.100000,0.400000,-0.500000,0.050000,
127.026000,0.011000,0.750000,0.420000,0.410991,0.000000,0.100000,0.400000,-0.500000,0.050000,
127.037000,0.011000,0.750000,0.420000,0.420000,0.000000,0.100000,0.400000,-0.500000,0.050000,
127.048000,0.011000,0.750000,0.300000,0.408108,0.000000,0.100000,0.400000,-0.500000,0.050000,
127.061000,0.013000,0.750000,0.300000,0.300000,0.000000,0.100000,0.400000,-0.500000,0.050000,
127.071000,0.010000,0.750000,0.300000,0.300000,0.000000,0.100000,0.400000,-0.500000,0.050000,
127.082000,0.011000,0.750000,0.300000,0.300000,0.000000,0.100000,0.400000,-0.500000,0.050000,
127.093000,0.011000,0.750000,0.300000,0.300000,0.000000,0.100000,0.400000,-0.500000,0.050000,
127.103000,0.010000,0.750000,0.300000,0.300000,0.000000,0.100000,0.400000,-0.500000,0.050000,
127.116000,0.013000,0.750000,0.300000,0.300000,0.000000,0.100000,0.400000,-0.500000,0.050000,
127.130000,0.014000,0.750000,0.300000,0.300000,0.000000,0.100000,0.400000,-0.500000,0.050000,
127.140000,0.010000,0.750000,0.300000,0.300000,0.000000,0.100000,0.400000,-0.500000,0.050000,
127.150000,0.010000,0.750000,0.230000,0.293636,0.000000,0.100000,0.400000,-0.500000,0.050000,
127.162000,0.012000,0.750000,0.230000,0.230000,0.000000,0.100000,0.400000,-0.500000,0.050000,
127.171000,0.009000,0.750000,0.230000,0.230000,0.000000,0.100000,0.400000,-0.500000,0.050000,
127.182000,0.011000,0.750000,0.230000,0.230000,0.000000,0.100000,0.400000,-0.500000,0.050000,
127.194000,0.012000,0.750000,0.230000,0.230000,0.000000,0.100000,0.400000,-0.500000,0.050000,
127.206000,0.012000,0.750000,0.230000,0.230000,0.000000,0.100000,0.400000,-0.500000,0.050000,
127.215000,0.009000,0.750000,0.230000,0.230000,0.000000,0.100000,0.400000,-0.500000,0.050000,
127.227000,0.012000,0.750000,0.230000,0.230000,0.000000,0.100000,0.400000,-0.500000,0.050000,
127.238000,0.011000,0.750000,0.230000,0.230000,0.000000,0.100000,0.400000,-0.500000,0.050000,
127.249000,0.011000,0.750000,0.230000,0.230000,0.000000,0.100000,0.400000,-0.500000,0.050000,
127.260000,0.011000,0.750000,0.230000,0.230000,0.000000,0.100000,0.400000,-0.500000,0.050000,
127.272000,0.012000,0.750000,0.230000,0.230000,0.000000,0.100000,0.400000,-0.500000,0.050000,
127.284000,0.012000,0.750000,0.230000,0.230000,0.000000,0.100000,0.400000,-0.500000,0.050000,
127.294000,0.010000,0.750000,0.230000,0.230000,0.000000,0.100000,0.400000,-0.500000,0.050000,
127.305000,0.011000,0.750000,0.230000,0.230000,0.000000,0.100000,0.400000,-0.500000,0.050000,
127.316000,0.011000,0.750000,0.230000,0.230000,0.000000,0.100000,0.400000,-0.500000,0.050000,
127.329000,0.013000,0.750000,0.230000,0.230000,0.000000,0.100000,0.400000,-0.500000,0.050000,
127.340000,0.011000,0.750000,0.230000,0.230000,0.000000,0.100000,0.400000,-0.500000,0.050000,
127.349000,0.009000,0.750000,0.230000,0.230000,0.000000,0.100000,0.400000,-0.500000,0.050000,
127.362000,0.013000,0.750000,0.200000,0.226549,0.000000,0.100000,0.400000,-0.500000,0.050000,
127.376000,0.014000,0.750000,0.200000,0.200000,0.000000,0.100000,0.400000,-0.500000,0.050000,
127.387000,0.011000,0.750000,0.200000,0.200000,0.000000,0.100000,0.400000,-0.500000,0.050000,
127.397000,0.010000,0.750000,0.200000,0.200000,0.000000,0.100000,0.400000,-0.500000,0.050000,
127.412000,0.015000,0.750000,0.200000,0.200000,0.000000,0.100000,0.400000,-0.500000,0.050000,
127.422000,0.010000,0.750000,0.200000,0.200000,0.000000,0.100000,0.400000,-0.500000,0.050000,
127.433000,0.011000,0.750000,0.200000,0.200000,0.000000,0.100000,0.400000,-0.500000,0.050000,
127.448000,0.015000,0.750000,0.200000,0.200000,0.000000,0.100000,0.400000,-0.500000,0.050000,
127.456000,0.008000,0.750000,0.200000,0.200000,0.000000,0.100000,0.400000,-0.500000,0.050000,
127.466000,0.010000,0.750000,0.200000,0.200000,0.000000,0.100000,0.400000,-0.500000,0.050000,
127.477000,0.011000,0.750000,0.200000,0.200000,0.000000,0.100000,0.400000,-0.500000,0.050000,
127.489000,0.012000,0.750000,0.200000,0.200000,0.000000,0.100000,0.400000,-0.500000,0.050000,
127.499000,0.010000,0.750000,0.200000,0.200000,0.000000,0.100000,0.400000,-0.500000,0.050000,
127.512000,0.013000,0.750000,0.200000,0.200000,0.000000,0.100000,0.400000,-0.500000,0.050000,
127.524000,0.012000,0.750000,0.200000,0.200000,0.000000,0.100000,0.400000,-0.500000,0.050000,
127.533000,0.009000,0.750000,0.200000,0.200000,0.000000,0.100000,0.400000,-0.500000,0.050000,
127.544000,0.011000,0.750000,0.200000,0.200000,0.000000,0.100000,0.400000,-0.500000,0.050000,
127.555000,0.011000,0.750000,0.200000,0.200000,0.000000,0.100000,0.400000,-0.500000,0.050000,
127.568000,0.013000,0.750000,0.200000,0.200000,0.000000,0.100000,0.400000,-0.500000,0.050000,
127.583000,0.015000,0.750000,0.200000,0.200000,0.000000,0.100000,0.400000,-0.500000,0.050000,
127.591000,0.008000,0.750000,0.200000,0.200000,0.000000,0.100000,0.400000,-0.500000,0.050000,
127.602000,0.011000,0.750000,0.200000,0.200000,0.000000,0.100000,0.400000,-0.500000,0.050000,
127.613000,0.011000,0.750000,0.200000,0.200000,0.000000,0.100000,0.400000,-0.500000,0.050000,
127.624000,0.011000,0.750000,0.200000,0.200000,0.000000,0.100000,0.400000,-0.500000,0.050000,
127.634000,0.010000,0.750000,0.200000,0.200000,0.000000,0.100000,0.400000,-0.500000,0.050000,
127.646000,0.012000,0.750000,0.200000,0.200000,0.000000,0.100000,0.400000,-0.500000,0.050000,
127.657000,0.011000,0.750000,0.200000,0.200000,0.000000,0.100000,0.400000,-0.500000,0.050000,
127.667000,0.010000,0.750000,0.200000,0.200000,0.000000,0.100000,0.400000,-0.500000,0.050000,
127.678000,0.011000,0.750000,0.200000,0.200000,0.000000,0.100000,0.400000,-0.500000,0.050000,
127.691000,0.013000,0.750000,0.200000,0.200000,0.000000,0.100000,0.400000,-0.500000,0.050000,
127.701000,0.010000,0.750000,0.200000,0.200000,0.000000,0.100000,0.400000,-0.500000,0.050000,
127.712000,0.011000,0.750000,0.200000,0.200000,0.000000,0.100000,0.400000,-0.500000,0.050000,
127.725000,0.013000,0.750000,0.200000,0.200000,0.000000,0.100000,0.400000,-0.500000,0.050000,
127.733000,0.008000,0.750000,0.200000,0.200000,0.000000,0.100000,0.400000,-0.500000,0.050000,
127.745000,0.012000,0.750000,0.200000,0.200000,0.000000,0.100000,0.400000,-0.500000,0.050000,
127.757000,0.012000,0.750000,0.230000,0.203214,0.000000,0.100000,0.400000,-0.500000,0.050000,
127.769000,0.012000,0.750000,0.230000,0.230000,0.000000,0.100000,0.400000,-0.500000,0.050000,
127.779000,0.010000,0.750000,0.230000,0.230000,0.000000,0.100000,0.400000,-0.500000,0.050000,
127.791000,0.012000,0.750000,0.230000,0.230000,0.000000,0.100000,0.400000,-0.500000,0.050000,
127.803000,0.012000,0.750000,0.230000,0.230000,0.000000,0.100000,0.400000,-0.500000,0.050000,
127.813000,0.010000,0.750000,0.230000,0.230000,0.000000,0.100000,0.400000,-0.500000,0.050000,
127.824000,0.011000,0.750000,0.230000,0.230000,0.000000,0.100000,0.400000,-0.500000,0.050000,
127.834000,0.010000,0.750000,0.230000,0.230000,0.000000,0.100000,0.400000,-0.500000,0.050000,
127.846000,0.012000,0.750000,0.230000,0.230000,0.000000,0.100000,0.400000,-0.500000,0.050000,
127.857000,0.011000,0.750000,0.200000,0.227027,0.000000,0.100000,0.400000,-0.500000,0.050000,
127.867000,0.010000,0.750000,0.200000,0.200000,0.000000,0.100000,0.400000,-0.500000,0.050000,
127.878000,0.011000,0.750000,0.200000,0.200000,0.000000,0.100000,0.400000,-0.500000,0.050000,
127.890000,0.012000,0.750000,0.200000,0.200000,0.000000,0.100000,0.400000,-0.500000,0.050000,
127.901000,0.011000,0.750000,0.200000,0.200000,0.000000,0.100000,0.400000,-0.500000,0.050000,
127.912000,0.011000,0.750000,0.200000,0.200000,0.000000,0.100000,0.400000,-0.500000,0.050000,
127.925000,0.013000,0.750000,0.200000,0.200000,0.000000,0.100000,0.400000,-0.500000,0.050000,
127.934000,0.009000,0.750000,0.200000,0.200000,0.000000,0.100000,0.400000,-0.500000,0.050000,
127.945000,0.011000,0.750000,0.200000,0.200000,0.000000,0.100000,0.400000,-0.500000,0.050000,
127.958000,0.013000,0.750000,0.230000,0.203451,0.000000,0.100000,0.400000,-0.500000,0.050000,
127.969000,0.011000,0.750000,0.230000,0.230000,0.000000,0.100000,0.400000,-0.500000,0.050000,
127.978000,0.009000,0.750000,0.230000,0.230000,0.000000,0.100000,0.400000,-0.500000,0.050000,
127.990000,0.012000,0.750000,0.230000,0.230000,0.000000,0.100000,0.400000,-0.500000,0.050000,
128.003000,0.013000,0.750000,0.230000,0.230000,0.000000,0.100000,0.400000,-0.500000,0.050000,
128.012000,0.009000,0.750000,0.230000,0.230000,0.000000,0.100000,0.400000,-0.500000,0.050000,
128.023000,0.011000,0.750000,0.230000,0.230000,0.000000,0.100000,0.400000,-0.500000,0.050000,
128.034000,0.011000,0.750000,0.230000,0.230000,0.000000,0.100000,0.400000,-0.500000,0.050000,
128.047000,0.013000,0.750000,0.230000,0.230000,0.000000,0.100000,0.400000,-0.500000,0.050000,
128.058000,0.011000,0.750000,0.230000,0.230000,0.000000,0.100000,0.400000,-0.500000,0.050000,
128.069000,0.011000,0.750000,0.200000,0.227027,0.000000,0.100000,0.400000,-0.500000,0.050000,
128.080000,0.011000,0.750000,0.200000,0.200000,0.000000,0.100000,0.400000,-0.500000,0.050000,
128.091000,0.011000,0.750000,0.200000,0.200000,0.000000,0.100000,0.400000,-0.500000,0.050000,
128.102000,0.011000,0.750000,0.200000,0.200000,0.000000,0.100000,0.400000,-0.500000,0.050000,
128.114000,0.012000,0.750000,0.200000,0.200000,0.000000,0.100000,0.400000,-0.500000,0.050000,
128.126000,0.012000,0.750000,0.200000,0.200000,0.000000,0.100000,0.400000,-0.500000,0.050000,
128.134000,0.008000,0.750000,0.200000,0.200000,0.000000,0.100000,0.400000,-0.500000,0.050000,
128.145000,0.011000,0.750000,0.200000,0.200000,0.000000,0.100000,0.400000,-0.500000,0.050000,
128.158000,0.013000,0.750000,0.200000,0.200000,0.000000,0.100000,0.400000,-0.500000,0.050000,
128.168000,0.010000,0.750000,0.200000,0.200000,0.000000,0.100000,0.400000,-0.500000,0.050000,
128.179000,0.011000,0.750000,0.200000,0.200000,0.000000,0.100000,0.400000,-0.500000,0.050000,
128.191000,0.012000,0.750000,0.200000,0.200000,0.000000,0.100000,0.400000,-0.500000,0.050000,
128.202000,0.011000,0.750000,0.200000,0.200000,0.000000,0.100000,0.400000,-0.500000,0.050000,
128.214000,0.012000,0.750000,0.200000,0.200000,0.000000,0.100000,0.400000,-0.500000,0.050000,
128.223000,0.009000,0.750000,0.200000,0.200000,0.000000,0.100000,0.400000,-0.500000,0.050000,
128.235000,0.012000,0.750000,0.200000,0.200000,0.000000,0.100000,0.400000,-0.500000,0.050000,
128.247000,0.012000,0.750000,0.200000,0.200000,0.000000,0.100000,0.400000,-0.500000,0.050000,
128.257000,0.010000,0.750000,0.200000,0.200000,0.000000,0.100000,0.400000,-0.500000,0.050000,
128.267000,0.010000,0.750000,0.200000,0.200000,0.000000,0.100000,0.400000,-0.500000,0.050000,
128.279000,0.012000,0.750000,0.200000,0.200000,0.000000,0.100000,0.400000,-0.500000,0.050000,
128.291000,0.012000,0.750000,0.200000,0.200000,0.000000,0.100000,0.400000,-0.500000,0.050000,
128.301000,0.010000,0.750000,0.200000,0.200000,0.000000,0.100000,0.400000,-0.500000,0.050000,
128.313000,0.012000,0.750000,0.200000,0.200000,0.000000,0.100000,0.400000,-0.500000,0.050000,
128.326000,0.013000,0.750000,0.200000,0.200000,0.000000,0.100000,0.400000,-0.500000,0.050000,
128.335000,0.009000,0.750000,0.200000,0.200000,0.000000,0.100000,0.400000,-0.500000,0.050000,
128.346000,0.011000,0.750000,0.200000,0.200000,0.000000,0.100000,0.400000,-0.500000,0.050000,
128.358000,0.012000,0.750000,0.200000,0.200000,0.000000,0.100000,0.400000,-0.500000,0.050000,
128.369000,0.011000,0.750000,0.200000,0.200000,0.000000,0.100000,0.400000,-0.500000,0.050000,
128.380000,0.011000,0.750000,0.200000,0.200000,0.000000,0.100000,0.400000,-0.500000,0.050000,
128.392000,0.012000,0.750000,0.200000,0.200000,0.000000,0.100000,0.400000,-0.500000,0.050000,
128.403000,0.011000,0.750000,0.200000,0.200000,0.000000,0.100000,0.400000,-0.500000,0.050000,
128.413000,0.010000,0.750000,0.200000,0.200000,0.000000,0.100000,0.400000,-0.500000,0.050000,
128.424000,0.011000,0.750000,0.200000,0.200000,0.000000,0.100000,0.400000,-0.500000,0.050000,
128.435000,0.011000,0.750000,0.200000,0.200000,0.000000,0.100000,0.400000,-0.500000,0.050000,
128.447000,0.012000,0.750000,0.200000,0.200000,0.000000,0.100000,0.400000,-0.500000,0.050000,
128.458000,0.011000,0.750000,0.200000,0.200000,0.000000,0.100000,0.400000,-0.500000,0.050000,
128.469000,0.011000,0.750000,0.200000,0.200000,0.000000,0.100000,0.400000,-0.500000,0.050000,
128.480000,0.011000,0.750000,0.200000,0.200000,0.000000,0.100000,0.400000,-0.500000,0.050000,
128.492000,0.012000,0.750000,0.200000,0.200000,0.000000,0.100000,0.400000,-0.500000,0.050000,
128.502000,0.010000,0.750000,0.200000,0.200000,0.000000,0.100000,0.400000,-0.500000,0.050000,
128.513000,0.011000,0.750000,0.200000,0.200000,0.000000,0.100000,0.400000,-0.500000,0.050000,
128.526000,0.013000,0.750000,0.200000,0.200000,0.000000,0.100000,0.400000,-0.500000,0.050000,
128.535000,0.009000,0.750000,0.200000,0.200000,0.000000,0.100000,0.400000,-0.500000,0.050000,
128.545000,0.010000,0.750000,0.200000,0.200000,0.000000,0.100000,0.400000,-0.500000,0.050000,
128.558000,0.013000,0.750000,0.200000,0.200000,0.000000,0.100000,0.400000,-0.500000,0.050000,
128.568000,0.010000,0.750000,0.200000,0.200000,0.000000,0.100000,0.400000,-0.500000,0.050000,
128.579000,0.011000,0.750000,0.200000,0.200000,0.000000,0.100000,0.400000,-0.500000,0.050000,
128.591000,0.012000,0.750000,0.200000,0.200000,0.000000,0.100000,0.400000,-0.500000,0.050000,
128.602000,0.011000,0.750000,0.200000,0.200000,0.000000,0.100000,0.400000,-0.500000,0.050000,
128.612000,0.010000,0.750000,0.200000,0.200000,0.000000,0.100000,0.400000,-0.500000,0.050000,
128.625000,0.013000,0.750000,0.200000,0.200000,0.000000,0.100000,0.400000,-0.500000,0.050000,
128.634000,0.009000,0.750000,0.200000,0.200000,0.000000,0.100000,0.400000,-0.500000,0.050000,
128.645000,0.011000,0.750000,0.200000,0.200000,0.000000,0.100000,0.400000,-0.500000,0.050000,
128.657000,0.012000,0.750000,0.200000,0.200000,0.000000,0.100000,0.400000,-0.500000,0.050000,
128.667000,0.010000,0.750000,0.200000,0.200000,0.000000,0.100000,0.400000,-0.500000,0.050000,
128.679000,0.012000,0.750000,0.200000,0.200000,0.000000,0.100000,0.400000,-0.500000,0.050000,
128.691000,0.012000,0.750000,0.200000,0.200000,0.000000,0.100000,0.400000,-0.500000,0.050000,
128.701000,0.010000,0.750000,0.200000,0.200000,0.000000,0.100000,0.400000,-0.500000,0.050000,
128.712000,0.011000,0.750000,0.200000,0.200000,0.000000,0.100000,0.400000,-0.500000,0.050000,
128.725000,0.013000,0.750000,0.200000,0.200000,0.000000,0.100000,0.400000,-0.500000,0.050000,
128.734000,0.009000,0.750000,0.200000,0.200000,0.000000,0.100000,0.400000,-0.500000,0.050000,
128.746000,0.012000,0.750000,0.200000,0.200000,0.000000,0.100000,0.400000,-0.500000,0.050000,
128.759000,0.013000,0.750000,0.200000,0.200000,0.000000,0.100000,0.400000,-0.500000,0.050000,
128.769000,0.010000,0.750000,0.200000,0.200000,0.000000,0.100000,0.400000,-0.500000,0.050000,
128.779000,0.010000,0.750000,0.200000,0.200000,0.000000,0.100000,0.400000,-0.500000,0.050000,
128.792000,0.013000,0.750000,0.200000,0.200000,0.000000,0.100000,0.400000,-0.500000,0.050000,
128.803000,0.011000,0.750000,0.200000,0.200000,0.000000,0.100000,0.400000,-0.500000,0.050000,
128.813000,0.010000,0.750000,0.200000,0.200000,0.000000,0.100000,0.400000,-0.500000,0.050000,
128.826000,0.013000,0.750000,0.200000,0.200000,0.000000,0.100000,0.400000,-0.500000,0.050000,
128.835000,0.009000,0.750000,0.200000,0.200000,0.000000,0.100000,0.400000,-0.500000,0.050000,
128.847000,0.012000,0.750000,0.200000,0.200000,0.000000,0.100000,0.400000,-0.500000,0.050000,
128.857000,0.010000,0.750000,0.200000,0.200000,0.000000,0.100000,0.400000,-0.500000,0.050000,
128.867000,0.010000,0.750000,0.200000,0.200000,0.000000,0.100000,0.400000,-0.500000,0.050000,
128.880000,0.013000,0.750000,0.200000,0.200000,0.000000,0.100000,0.400000,-0.500000,0.050000,
128.891000,0.011000,0.750000,0.200000,0.200000,0.000000,0.100000,0.400000,-0.500000,0.050000,
128.902000,0.011000,0.750000,0.200000,0.200000,0.000000,0.100000,0.400000,-0.500000,0.050000,
128.912000,0.010000,0.750000,0.200000,0.200000,0.000000,0.100000,0.400000,-0.500000,0.050000,
128.927000,0.015000,0.750000,0.200000,0.200000,0.000000,0.100000,0.400000,-0.500000,0.050000,
128.935000,0.008000,0.750000,0.200000,0.200000,0.000000,0.100000,0.400000,-0.500000,0.050000,
128.945000,0.010000,0.750000,0.200000,0.200000,0.000000,0.100000,0.400000,-0.500000,0.050000,
128.958000,0.013000,0.750000,0.200000,0.200000,0.000000,0.100000,0.400000,-0.500000,0.050000,
128.969000,0.011000,0.750000,0.200000,0.200000,0.000000,0.100000,0.400000,-0.500000,0.050000,
128.980000,0.011000,0.750000,0.200000,0.200000,0.000000,0.100000,0.400000,-0.500000,0.050000,
128.992000,0.012000,0.750000,0.200000,0.200000,0.000000,0.100000,0.400000,-0.500000,0.050000,
129.002000,0.010000,0.750000,0.200000,0.200000,0.000000,0.100000,0.400000,-0.500000,0.050000,
129.012000,0.010000,0.750000,0.200000,0.200000,0.000000,0.100000,0.400000,-0.500000,0.050000,
129.024000,0.012000,0.750000,0.200000,0.200000,0.000000,0.100000,0.400000,-0.500000,0.050000,
129.035000,0.011000,0.750000,0.200000,0.200000,0.000000,0.100000,0.400000,-0.500000,0.050000,
129.048000,0.013000,0.750000,0.200000,0.200000,0.000000,0.100000,0.400000,-0.500000,0.050000,
129.058000,0.010000,0.750000,0.200000,0.200000,0.000000,0.100000,0.400000,-0.500000,0.050000,
129.067000,0.009000,0.750000,0.200000,0.200000,0.000000,0.100000,0.400000,-0.500000,0.050000,
129.079000,0.012000,0.750000,0.200000,0.200000,0.000000,0.100000,0.400000,-0.500000,0.050000,
129.092000,0.013000,0.750000,0.200000,0.200000,0.000000,0.100000,0.400000,-0.500000,0.050000,
129.102000,0.010000,0.750000,0.200000,0.200000,0.000000,0.100000,0.400000,-0.500000,0.050000,
129.112000,0.010000,0.750000,0.200000,0.200000,0.000000,0.100000,0.400000,-0.500000,0.050000,
129.126000,0.014000,0.750000,0.200000,0.200000,0.000000,0.100000,0.400000,-0.500000,0.050000,
129.135000,0.009000,0.750000,0.200000,0.200000,0.000000,0.100000,0.400000,-0.500000,0.050000,
129.145000,0.010000,0.750000,0.200000,0.200000,0.000000,0.100000,0.400000,-0.500000,0.050000,
129.159000,0.014000,0.750000,0.200000,0.200000,0.000000,0.100000,0.400000,-0.500000,0.050000,
129.169000,0.010000,0.750000,0.200000,0.200000,0.000000,0.100000,0.400000,-0.500000,0.050000,
129.181000,0.012000,0.750000,0.200000,0.200000,0.000000,0.100000,0.400000,-0.500000,0.050000,
129.192000,0.011000,0.750000,0.200000,0.200000,0.000000,0.100000,0.400000,-0.500000,0.050000,
129.205000,0.013000,0.750000,0.200000,0.200000,0.000000,0.100000,0.400000,-0.500000,0.050000,
129.217000,0.012000,0.750000,0.200000,0.200000,0.000000,0.100000,0.400000,-0.500000,0.050000,
129.229000,0.012000,0.750000,0.200000,0.200000,0.000000,0.100000,0.400000,-0.500000,0.050000,
129.238000,0.009000,0.750000,0.200000,0.200000,0.000000,0.100000,0.400000,-0.500000,0.050000,
129.250000,0.012000,0.750000,0.200000,0.200000,0.000000,0.100000,0.400000,-0.500000,0.050000,
129.263000,0.013000,0.750000,0.200000,0.200000,0.000000,0.100000,0.400000,-0.500000,0.050000,
129.272000,0.009000,0.750000,0.200000,0.200000,0.000000,0.100000,0.400000,-0.500000,0.050000,
129.287000,0.015000,0.750000,0.200000,0.200000,0.000000,0.100000,0.400000,-0.500000,0.050000,
129.297000,0.010000,0.750000,0.200000,0.200000,0.000000,0.100000,0.400000,-0.500000,0.050000,
129.308000,0.011000,0.750000,0.200000,0.200000,0.000000,0.100000,0.400000,-0.500000,0.050000,
129.318000,0.010000,0.750000,0.200000,0.200000,0.000000,0.100000,0.400000,-0.500000,0.050000,
129.330000,0.012000,0.750000,0.200000,0.200000,0.000000,0.100000,0.400000,-0.500000,0.050000,
129.342000,0.012000,0.750000,0.200000,0.200000,0.000000,0.100000,0.400000,-0.500000,0.050000,
129.353000,0.011000,0.750000,0.200000,0.200000,0.000000,0.100000,0.400000,-0.500000,0.050000,
129.366000,0.013000,0.750000,0.200000,0.200000,0.000000,0.100000,0.400000,-0.500000,0.050000,
129.376000,0.010000,0.750000,0.200000,0.200000,0.000000,0.100000,0.400000,-0.500000,0.050000,
129.386000,0.010000,0.750000,0.200000,0.200000,0.000000,0.100000,0.400000,-0.500000,0.050000,
129.400000,0.014000,0.750000,0.200000,0.200000,0.000000,0.100000,0.400000,-0.500000,0.050000,
129.411000,0.011000,0.750000,0.200000,0.200000,0.000000,0.100000,0.400000,-0.500000,0.050000,
129.421000,0.010000,0.750000,0.200000,0.200000,0.000000,0.100000,0.400000,-0.500000,0.050000,
129.433000,0.012000,0.750000,0.200000,0.200000,0.000000,0.100000,0.400000,-0.500000,0.050000,
129.450000,0.017000,0.750000,0.200000,0.200000,0.000000,0.100000,0.400000,-0.500000,0.050000,
129.459000,0.009000,0.750000,0.200000,0.200000,0.000000,0.100000,0.400000,-0.500000,0.050000,
129.468000,0.009000,0.750000,0.200000,0.200000,0.000000,0.100000,0.400000,-0.500000,0.050000,
129.481000,0.013000,0.750000,0.200000,0.200000,0.000000,0.100000,0.400000,-0.500000,0.050000,
129.497000,0.016000,0.750000,0.200000,0.200000,0.000000,0.100000,0.400000,-0.500000,0.050000,
129.505000,0.008000,0.750000,0.200000,0.200000,0.000000,0.100000,0.400000,-0.500000,0.050000,
129.516000,0.011000,0.750000,0.200000,0.200000,0.000000,0.100000,0.400000,-0.500000,0.050000,
129.529000,0.013000,0.750000,0.200000,0.200000,0.000000,0.100000,0.400000,-0.500000,0.050000,
129.538000,0.009000,0.750000,0.200000,0.200000,0.000000,0.100000,0.400000,-0.500000,0.050000,
129.551000,0.013000,0.750000,0.200000,0.200000,0.000000,0.100000,0.400000,-0.500000,0.050000,
129.563000,0.012000,0.750000,0.200000,0.200000,0.000000,0.100000,0.400000,-0.500000,0.050000,
129.574000,0.011000,0.750000,0.200000,0.200000,0.000000,0.100000,0.400000,-0.500000,0.050000,
129.583000,0.009000,0.750000,0.200000,0.200000,0.000000,0.100000,0.400000,-0.500000,0.050000,
129.595000,0.012000,0.750000,0.200000,0.200000,0.000000,0.100000,0.400000,-0.500000,0.050000,
129.605000,0.010000,0.750000,0.200000,0.200000,0.000000,0.100000,0.400000,-0.500000,0.050000,
129.620000,0.015000,0.750000,0.200000,0.200000,0.000000,0.100000,0.400000,-0.500000,0.050000,
129.631000,0.011000,0.750000,0.200000,0.200000,0.000000,0.100000,0.400000,-0.500000,0.050000,
129.644000,0.013000,0.750000,0.200000,0.200000,0.000000,0.100000,0.400000,-0.500000,0.050000,
129.656000,0.012000,0.750000,0.200000,0.200000,0.000000,0.100000,0.400000,-0.500000,0.050000,
129.668000,0.012000,0.750000,0.200000,0.200000,0.000000,0.100000,0.400000,-0.500000,0.050000,
129.680000,0.012000,0.750000,0.200000,0.200000,0.000000,0.100000,0.400000,-0.500000,0.050000,
129.694000,0.014000,0.750000,0.200000,0.200000,0.000000,0.100000,0.400000,-0.500000,0.050000,
129.703000,0.009000,0.750000,0.200000,0.200000,0.000000,0.100000,0.400000,-0.500000,0.050000,
129.715000,0.012000,0.750000,0.200000,0.200000,0.000000,0.100000,0.400000,-0.500000,0.050000,
129.731000,0.016000,0.750000,0.200000,0.200000,0.000000,0.100000,0.400000,-0.500000,0.050000,
129.744000,0.013000,0.750000,0.200000,0.200000,0.000000,0.100000,0.400000,-0.500000,0.050000,
129.754000,0.010000,0.750000,0.200000,0.200000,0.000000,0.100000,0.400000,-0.500000,0.050000,
129.766000,0.012000,0.750000,0.200000,0.200000,0.000000,0.100000,0.400000,-0.500000,0.050000,
129.776000,0.010000,0.750000,0.200000,0.200000,0.000000,0.100000,0.400000,-0.500000,0.050000,
129.786000,0.010000,0.750000,0.200000,0.200000,0.000000,0.100000,0.400000,-0.500000,0.050000,
129.798000,0.012000,0.750000,0.200000,0.200000,0.000000,0.100000,0.400000,-0.500000,0.050000,
129.811000,0.013000,0.750000,0.200000,0.200000,0.000000,0.100000,0.400000,-0.500000,0.050000,
129.821000,0.010000,0.750000,0.200000,0.200000,0.000000,0.100000,0.400000,-0.500000,0.050000,
129.833000,0.012000,0.750000,0.200000,0.200000,0.000000,0.100000,0.400000,-0.500000,0.050000,
129.845000,0.012000,0.750000,0.200000,0.200000,0.000000,0.100000,0.400000,-0.500000,0.050000,
129.854000,0.009000,0.750000,0.200000,0.200000,0.000000,0.100000,0.400000,-0.500000,0.050000,
129.866000,0.012000,0.750000,0.200000,0.200000,0.000000,0.100000,0.400000,-0.500000,0.050000,
129.877000,0.011000,0.750000,0.200000,0.200000,0.000000,0.100000,0.400000,-0.500000,0.050000,
129.888000,0.011000,0.750000,0.200000,0.200000,0.000000,0.100000,0.400000,-0.500000,0.050000,
129.898000,0.010000,0.750000,0.200000,0.200000,0.000000,0.100000,0.400000,-0.500000,0.050000,
129.910000,0.012000,0.750000,0.200000,0.200000,0.000000,0.100000,0.400000,-0.500000,0.050000,
129.922000,0.012000,0.750000,0.200000,0.200000,0.000000,0.100000,0.400000,-0.500000,0.050000,
129.932000,0.010000,0.750000,0.200000,0.200000,0.000000,0.100000,0.400000,-0.500000,0.050000,
129.943000,0.011000,0.750000,0.200000,0.200000,0.000000,0.100000,0.400000,-0.500000,0.050000,
129.955000,0.012000,0.750000,0.200000,0.200000,0.000000,0.100000,0.400000,-0.500000,0.050000,
129.968000,0.013000,0.750000,0.200000,0.200000,0.000000,0.100000,0.400000,-0.500000,0.050000,
129.978000,0.010000,0.750000,0.200000,0.200000,0.000000,0.100000,0.400000,-0.500000,0.050000,
129.989000,0.011000,0.750000,0.200000,0.200000,0.000000,0.100000,0.400000,-0.500000,0.050000,
130.001000,0.012000,0.750000,0.200000,0.200000,0.000000,0.100000,0.400000,-0.500000,0.050000,
130.010000,0.009000,0.750000,0.200000,0.200000,0.000000,0.100000,0.400000,-0.500000,0.050000,
130.022000,0.012000,0.750000,0.200000,0.200000,0.000000,0.100000,0.400000,-0.500000,0.050000,
130.032000,0.010000,0.750000,0.200000,0.200000,0.000000,0.100000,0.400000,-0.500000,0.050000,
130.045000,0.013000,0.750000,0.200000,0.200000,0.000000,0.100000,0.400000,-0.500000,0.050000,
130.055000,0.010000,0.750000,0.200000,0.200000,0.000000,0.100000,0.400000,-0.500000,0.050000,
130.066000,0.011000,0.750000,0.200000,0.200000,0.000000,0.100000,0.400000,-0.500000,0.050000,
130.077000,0.011000,0.750000,0.200000,0.200000,0.000000,0.100000,0.400000,-0.500000,0.050000,
130.088000,0.011000,0.750000,0.200000,0.200000,0.000000,0.100000,0.400000,-0.500000,0.050000,
130.099000,0.011000,0.750000,0.200000,0.200000,0.000000,0.100000,0.400000,-0.500000,0.050000,
130.110000,0.011000,0.750000,0.200000,0.200000,0.000000,0.100000,0.400000,-0.500000,0.050000,
130.123000,0.013000,0.750000,0.200000,0.200000,0.000000,0.100000,0.400000,-0.500000,0.050000,
130.132000,0.009000,0.750000,0.200000,0.200000,0.000000,0.100000,0.400000,-0.500000,0.050000,
130.143000,0.011000,0.750000,0.200000,0.200000,0.000000,0.100000,0.400000,-0.500000,0.050000,
130.155000,0.012000,0.750000,0.200000,0.200000,0.000000,0.100000,0.400000,-0.500000,0.050000,
130.166000,0.011000,0.750000,0.200000,0.200000,0.000000,0.100000,0.400000,-0.500000,0.050000,
130.177000,0.011000,0.750000,0.200000,0.200000,0.000000,0.100000,0.400000,-0.500000,0.050000,
130.190000,0.013000,0.750000,0.200000,0.200000,0.000000,0.100000,0.400000,-0.500000,0.050000,
130.201000,0.011000,0.750000,0.200000,0.200000,0.000000,0.100000,0.400000,-0.500000,0.050000,
130.211000,0.010000,0.750000,0.200000,0.200000,0.000000,0.100000,0.400000,-0.500000,0.050000,
130.222000,0.011000,0.750000,0.200000,0.200000,0.000000,0.100000,0.400000,-0.500000,0.050000,
130.232000,0.010000,0.750000,0.200000,0.200000,0.000000,0.100000,0.400000,-0.500000,0.050000,
130.245000,0.013000,0.750000,0.200000,0.200000,0.000000,0.100000,0.400000,-0.500000,0.050000,
130.255000,0.010000,0.750000,0.200000,0.200000,0.000000,0.100000,0.400000,-0.500000,0.050000,
130.266000,0.011000,0.750000,0.200000,0.200000,0.000000,0.100000,0.400000,-0.500000,0.050000,
130.277000,0.011000,0.750000,0.200000,0.200000,0.000000,0.100000,0.400000,-0.500000,0.050000,
130.288000,0.011000,0.750000,0.200000,0.200000,0.000000,0.100000,0.400000,-0.500000,0.050000,
130.299000,0.011000,0.750000,0.200000,0.200000,0.000000,0.100000,0.400000,-0.500000,0.050000,
130.310000,0.011000,0.750000,0.200000,0.200000,0.000000,0.100000,0.400000,-0.500000,0.050000,
130.324000,0.014000,0.750000,0.200000,0.200000,0.000000,0.100000,0.400000,-0.500000,0.050000,
130.332000,0.008000,0.750000,0.200000,0.200000,0.000000,0.100000,0.400000,-0.500000,0.050000,
130.343000,0.011000,0.750000,0.200000,0.200000,0.000000,0.100000,0.400000,-0.500000,0.050000,
130.355000,0.012000,0.750000,0.200000,0.200000,0.000000,0.100000,0.400000,-0.500000,0.050000,
130.367000,0.012000,0.750000,0.200000,0.200000,0.000000,0.100000,0.400000,-0.500000,0.050000,
130.378000,0.011000,0.750000,0.200000,0.200000,0.000000,0.100000,0.400000,-0.500000,0.050000,
130.388000,0.010000,0.750000,0.200000,0.200000,0.000000,0.100000,0.400000,-0.500000,0.050000,
130.399000,0.011000,0.750000,0.200000,0.200000,0.000000,0.100000,0.400000,-0.500000,0.050000,
130.412000,0.013000,0.750000,0.200000,0.200000,0.000000,0.100000,0.400000,-0.500000,0.050000,
130.422000,0.010000,0.750000,0.200000,0.200000,0.000000,0.100000,0.400000,-0.500000,0.050000,
130.432000,0.010000,0.750000,0.200000,0.200000,0.000000,0.100000,0.400000,-0.500000,0.050000,
130.447000,0.015000,0.750000,0.200000,0.200000,0.000000,0.100000,0.400000,-0.500000,0.050000,
130.456000,0.009000,0.750000,0.200000,0.200000,0.000000,0.100000,0.400000,-0.500000,0.050000,
130.467000,0.011000,0.750000,0.200000,0.200000,0.000000,0.100000,0.400000,-0.500000,0.050000,
130.479000,0.012000,0.750000,0.200000,0.200000,0.000000,0.100000,0.400000,-0.500000,0.050000,
130.490000,0.011000,0.750000,0.200000,0.200000,0.000000,0.100000,0.400000,-0.500000,0.050000,
130.500000,0.010000,0.750000,0.200000,0.200000,0.000000,0.100000,0.400000,-0.500000,0.050000,
130.511000,0.011000,0.750000,0.200000,0.200000,0.000000,0.100000,0.400000,-0.500000,0.050000,
130.523000,0.012000,0.750000,0.200000,0.200000,0.000000,0.100000,0.400000,-0.500000,0.050000,
130.532000,0.009000,0.750000,0.200000,0.200000,0.000000,0.100000,0.400000,-0.500000,0.050000,
130.543000,0.011000,0.750000,0.200000,0.200000,0.000000,0.100000,0.400000,-0.500000,0.050000,
130.554000,0.011000,0.750000,0.200000,0.200000,0.000000,0.100000,0.400000,-0.500000,0.050000,
130.567000,0.013000,0.750000,0.200000,0.200000,0.000000,0.100000,0.400000,-0.500000,0.050000,
130.578000,0.011000,0.750000,0.200000,0.200000,0.000000,0.100000,0.400000,-0.500000,0.050000,
130.588000,0.010000,0.750000,0.200000,0.200000,0.000000,0.100000,0.400000,-0.500000,0.050000,
130.599000,0.011000,0.750000,0.200000,0.200000,0.000000,0.100000,0.400000,-0.500000,0.050000,
130.611000,0.012000,0.750000,0.200000,0.200000,0.000000,0.100000,0.400000,-0.500000,0.050000,
130.623000,0.012000,0.750000,0.200000,0.200000,0.000000,0.100000,0.400000,-0.500000,0.050000,
130.632000,0.009000,0.750000,0.200000,0.200000,0.000000,0.100000,0.400000,-0.500000,0.050000,
130.645000,0.013000,0.750000,0.200000,0.200000,0.000000,0.100000,0.400000,-0.500000,0.050000,
130.654000,0.009000,0.750000,0.200000,0.200000,0.000000,0.100000,0.400000,-0.500000,0.050000,
130.666000,0.012000,0.750000,0.200000,0.200000,0.000000,0.100000,0.400000,-0.500000,0.050000,
130.677000,0.011000,0.750000,0.200000,0.200000,0.000000,0.100000,0.400000,-0.500000,0.050000,
130.688000,0.011000,0.750000,0.200000,0.200000,0.000000,0.100000,0.400000,-0.500000,0.050000,
130.699000,0.011000,0.750000,0.200000,0.200000,0.000000,0.100000,0.400000,-0.500000,0.050000,
130.710000,0.011000,0.750000,0.200000,0.200000,0.000000,0.100000,0.400000,-0.500000,0.050000,
130.723000,0.013000,0.750000,0.200000,0.200000,0.000000,0.100000,0.400000,-0.500000,0.050000,
130.733000,0.010000,0.750000,0.200000,0.200000,0.000000,0.100000,0.400000,-0.500000,0.050000,
130.744000,0.011000,0.750000,0.200000,0.200000,0.000000,0.100000,0.400000,-0.500000,0.050000,
130.756000,0.012000,0.750000,0.200000,0.200000,0.000000,0.100000,0.400000,-0.500000,0.050000,
130.766000,0.010000,0.750000,0.200000,0.200000,0.000000,0.100000,0.400000,-0.500000,0.050000,
130.778000,0.012000,0.750000,0.200000,0.200000,0.000000,0.100000,0.400000,-0.500000,0.050000,
130.788000,0.010000,0.750000,0.200000,0.200000,0.000000,0.100000,0.400000,-0.500000,0.050000,
130.799000,0.011000,0.750000,0.200000,0.200000,0.000000,0.100000,0.400000,-0.500000,0.050000,
130.811000,0.012000,0.750000,0.200000,0.200000,0.000000,0.100000,0.400000,-0.500000,0.050000,
130.821000,0.010000,0.750000,0.200000,0.200000,0.000000,0.100000,0.400000,-0.500000,0.050000,
130.833000,0.012000,0.750000,0.200000,0.200000,0.000000,0.100000,0.400000,-0.500000,0.050000,
130.845000,0.012000,0.750000,0.200000,0.200000,0.000000,0.100000,0.400000,-0.500000,0.050000,
130.854000,0.009000,0.750000,0.200000,0.200000,0.000000,0.100000,0.400000,-0.500000,0.050000,
130.865000,0.011000,0.750000,0.200000,0.200000,0.000000,0.100000,0.400000,-0.500000,0.050000,
130.878000,0.013000,0.750000,0.200000,0.200000,0.000000,0.100000,0.400000,-0.500000,0.050000,
130.887000,0.009000,0.750000,0.200000,0.200000,0.000000,0.100000,0.400000,-0.500000,0.050000,
130.899000,0.012000,0.750000,0.200000,0.200000,0.000000,0.100000,0.400000,-0.500000,0.050000,
130.910000,0.011000,0.750000,0.200000,0.200000,0.000000,0.100000,0.400000,-0.500000,0.050000,
130.923000,0.013000,0.750000,0.200000,0.200000,0.000000,0.100000,0.400000,-0.500000,0.050000,
130.933000,0.010000,0.750000,0.200000,0.200000,0.000000,0.100000,0.400000,-0.500000,0.050000,
130.944000,0.011000,0.750000,0.200000,0.200000,0.000000,0.100000,0.400000,-0.500000,0.050000,
130.955000,0.011000,0.750000,0.200000,0.200000,0.000000,0.100000,0.400000,-0.500000,0.050000,
130.967000,0.012000,0.750000,0.200000,0.200000,0.000000,0.100000,0.400000,-0.500000,0.050000,
130.978000,0.011000,0.750000,0.200000,0.200000,0.000000,0.100000,0.400000,-0.500000,0.050000,
130.989000,0.011000,0.750000,0.200000,0.200000,0.000000,0.100000,0.400000,-0.500000,0.050000,
131.000000,0.011000,0.750000,0.200000,0.200000,0.000000,0.100000,0.400000,-0.500000,0.050000,
131.012000,0.012000,0.750000,0.200000,0.200000,0.000000,0.100000,0.400000,-0.500000,0.050000,
131.023000,0.011000,0.750000,0.200000,0.200000,0.000000,0.100000,0.400000,-0.500000,0.050000,
131.033000,0.010000,0.750000,0.200000,0.200000,0.000000,0.100000,0.400000,-0.500000,0.050000,
131.045000,0.012000,0.750000,0.200000,0.200000,0.000000,0.100000,0.400000,-0.500000,0.050000,
131.054000,0.009000,0.750000,0.200000,0.200000,0.000000,0.100000,0.400000,-0.500000,0.050000,
131.066000,0.012000,0.750000,0.200000,0.200000,0.000000,0.100000,0.400000,-0.500000,0.050000,
131.078000,0.012000,0.750000,0.200000,0.200000,0.000000,0.100000,0.400000,-0.500000,0.050000,
131.088000,0.010000,0.750000,0.200000,0.200000,0.000000,0.100000,0.400000,-0.500000,0.050000,
131.098000,0.010000,0.750000,0.200000,0.200000,0.000000,0.100000,0.400000,-0.500000,0.050000,
131.110000,0.012000,0.750000,0.200000,0.200000,0.000000,0.100000,0.400000,-0.500000,0.050000,
131.122000,0.012000,0.750000,0.200000,0.200000,0.000000,0.100000,0.400000,-0.500000,0.050000,
131.133000,0.011000,0.750000,0.200000,0.200000,0.000000,0.100000,0.400000,-0.500000,0.050000,
131.144000,0.011000,0.750000,0.200000,0.200000,0.000000,0.100000,0.400000,-0.500000,0.050000,
131.154000,0.010000,0.750000,0.200000,0.200000,0.000000,0.100000,0.400000,-0.500000,0.050000,
131.165000,0.011000,0.750000,0.200000,0.200000,0.000000,0.100000,0.400000,-0.500000,0.050000,
131.177000,0.012000,0.750000,0.200000,0.200000,0.000000,0.100000,0.400000,-0.500000,0.050000,
131.188000,0.011000,0.750000,0.200000,0.200000,0.000000,0.100000,0.400000,-0.500000,0.050000,
131.199000,0.011000,0.750000,0.200000,0.200000,0.000000,0.100000,0.400000,-0.500000,0.050000,
131.210000,0.011000,0.750000,0.200000,0.200000,0.000000,0.100000,0.400000,-0.500000,0.050000,
131.221000,0.011000,0.750000,0.200000,0.200000,0.000000,0.100000,0.400000,-0.500000,0.050000,
131.233000,0.012000,0.750000,0.200000,0.200000,0.000000,0.100000,0.400000,-0.500000,0.050000,
131.245000,0.012000,0.750000,0.200000,0.200000,0.000000,0.100000,0.400000,-0.500000,0.050000,
131.257000,0.012000,0.750000,0.200000,0.200000,0.000000,0.100000,0.400000,-0.500000,0.050000,
131.267000,0.010000,0.750000,0.200000,0.200000,0.000000,0.100000,0.400000,-0.500000,0.050000,
131.278000,0.011000,0.750000,0.200000,0.200000,0.000000,0.100000,0.400000,-0.500000,0.050000,
131.289000,0.011000,0.750000,0.200000,0.200000,0.000000,0.100000,0.400000,-0.500000,0.050000,
131.299000,0.010000,0.750000,0.200000,0.200000,0.000000,0.100000,0.400000,-0.500000,0.050000,
131.310000,0.011000,0.750000,0.200000,0.200000,0.000000,0.100000,0.400000,-0.500000,0.050000,
131.322000,0.012000,0.750000,0.200000,0.200000,0.000000,0.100000,0.400000,-0.500000,0.050000,
131.333000,0.011000,0.750000,0.200000,0.200000,0.000000,0.100000,0.400000,-0.500000,0.050000,
131.344000,0.011000,0.750000,0.200000,0.200000,0.000000,0.100000,0.400000,-0.500000,0.050000,
131.355000,0.011000,0.750000,0.200000,0.200000,0.000000,0.100000,0.400000,-0.500000,0.050000,
131.366000,0.011000,0.750000,0.200000,0.200000,0.000000,0.100000,0.400000,-0.500000,0.050000,
131.377000,0.011000,0.750000,0.200000,0.200000,0.000000,0.100000,0.400000,-0.500000,0.050000,
131.388000,0.011000,0.750000,0.200000,0.200000,0.000000,0.100000,0.400000,-0.500000,0.050000,
131.399000,0.011000,0.750000,0.200000,0.200000,0.000000,0.100000,0.400000,-0.500000,0.050000,
131.411000,0.012000,0.750000,0.200000,0.200000,0.000000,0.100000,0.400000,-0.500000,0.050000,
131.423000,0.012000,0.750000,0.200000,0.200000,0.000000,0.100000,0.400000,-0.500000,0.050000,
131.433000,0.010000,0.750000,0.200000,0.200000,0.000000,0.100000,0.400000,-0.500000,0.050000,
131.446000,0.013000,0.750000,0.200000,0.200000,0.000000,0.100000,0.400000,-0.500000,0.050000,
131.454000,0.008000,0.750000,0.200000,0.200000,0.000000,0.100000,0.400000,-0.500000,0.050000,
131.466000,0.012000,0.750000,0.200000,0.200000,0.000000,0.100000,0.400000,-0.500000,0.050000,
131.477000,0.011000,0.750000,0.200000,0.200000,0.000000,0.100000,0.400000,-0.500000,0.050000,
131.489000,0.012000,0.750000,0.200000,0.200000,0.000000,0.100000,0.400000,-0.500000,0.050000,
131.499000,0.010000,0.750000,0.200000,0.200000,0.000000,0.100000,0.400000,-0.500000,0.050000,
131.510000,0.011000,0.750000,0.200000,0.200000,0.000000,0.100000,0.400000,-0.500000,0.050000,
131.522000,0.012000,0.750000,0.200000,0.200000,0.000000,0.100000,0.400000,-0.500000,0.050000,
131.533000,0.011000,0.750000,0.200000,0.200000,0.000000,0.100000,0.400000,-0.500000,0.050000,
131.543000,0.010000,0.750000,0.200000,0.200000,0.000000,0.100000,0.400000,-0.500000,0.050000,
131.554000,0.011000,0.750000,0.200000,0.200000,0.000000,0.100000,0.400000,-0.500000,0.050000,
131.566000,0.012000,0.750000,0.200000,0.200000,0.000000,0.100000,0.400000,-0.500000,0.050000,
131.577000,0.011000,0.750000,0.200000,0.200000,0.000000,0.100000,0.400000,-0.500000,0.050000,
131.588000,0.011000,0.750000,0.200000,0.200000,0.000000,0.100000,0.400000,-0.500000,0.050000,
131.599000,0.011000,0.750000,0.200000,0.200000,0.000000,0.100000,0.400000,-0.500000,0.050000,
131.612000,0.013000,0.750000,0.200000,0.200000,0.000000,0.100000,0.400000,-0.500000,0.050000,
131.623000,0.011000,0.750000,0.200000,0.200000,0.000000,0.100000,0.400000,-0.500000,0.050000,
131.634000,0.011000,0.750000,0.200000,0.200000,0.000000,0.100000,0.400000,-0.500000,0.050000,
131.646000,0.012000,0.750000,0.200000,0.200000,0.000000,0.100000,0.400000,-0.500000,0.050000,
131.654000,0.008000,0.750000,0.200000,0.200000,0.000000,0.100000,0.400000,-0.500000,0.050000,
131.666000,0.012000,0.750000,0.200000,0.200000,0.000000,0.100000,0.400000,-0.500000,0.050000,
131.677000,0.011000,0.750000,0.200000,0.200000,0.000000,0.100000,0.400000,-0.500000,0.050000,
131.689000,0.012000,0.750000,0.200000,0.200000,0.000000,0.100000,0.400000,-0.500000,0.050000,
131.699000,0.010000,0.750000,0.200000,0.200000,0.000000,0.100000,0.400000,-0.500000,0.050000,
131.710000,0.011000,0.750000,0.200000,0.200000,0.000000,0.100000,0.400000,-0.500000,0.050000,
131.723000,0.013000,0.750000,0.200000,0.200000,0.000000,0.100000,0.400000,-0.500000,0.050000,
131.732000,0.009000,0.750000,0.200000,0.200000,0.000000,0.100000,0.400000,-0.500000,0.050000,
131.743000,0.011000,0.750000,0.200000,0.200000,0.000000,0.100000,0.400000,-0.500000,0.050000,
131.754000,0.011000,0.750000,0.200000,0.200000,0.000000,0.100000,0.400000,-0.500000,0.050000,
131.767000,0.013000,0.750000,0.200000,0.200000,0.000000,0.100000,0.400000,-0.500000,0.050000,
131.777000,0.010000,0.750000,0.200000,0.200000,0.000000,0.100000,0.400000,-0.500000,0.050000,
131.788000,0.011000,0.750000,0.200000,0.200000,0.000000,0.100000,0.400000,-0.500000,0.050000,
131.799000,0.011000,0.750000,0.200000,0.200000,0.000000,0.100000,0.400000,-0.500000,0.050000,
131.812000,0.013000,0.750000,0.200000,0.200000,0.000000,0.100000,0.400000,-0.500000,0.050000,
131.822000,0.010000,0.750000,0.200000,0.200000,0.000000,0.100000,0.400000,-0.500000,0.050000,
131.835000,0.013000,0.750000,0.200000,0.200000,0.000000,0.100000,0.400000,-0.500000,0.050000,
131.847000,0.012000,0.750000,0.200000,0.200000,0.000000,0.100000,0.400000,-0.500000,0.050000,
131.855000,0.008000,0.750000,0.200000,0.200000,0.000000,0.100000,0.400000,-0.500000,0.050000,
131.866000,0.011000,0.750000,0.200000,0.200000,0.000000,0.100000,0.400000,-0.500000,0.050000,
131.877000,0.011000,0.750000,0.200000,0.200000,0.000000,0.100000,0.400000,-0.500000,0.050000,
131.889000,0.012000,0.750000,0.200000,0.200000,0.000000,0.100000,0.400000,-0.500000,0.050000,
131.899000,0.010000,0.750000,0.200000,0.200000,0.000000,0.100000,0.400000,-0.500000,0.050000,
131.911000,0.012000,0.750000,0.200000,0.200000,0.000000,0.100000,0.400000,-0.500000,0.050000,
131.923000,0.012000,0.750000,0.200000,0.200000,0.000000,0.100000,0.400000,-0.500000,0.050000,
131.934000,0.011000,0.750000,0.200000,0.200000,0.000000,0.100000,0.400000,-0.500000,0.050000,
131.945000,0.011000,0.750000,0.200000,0.200000,0.000000,0.100000,0.400000,-0.500000,0.050000,
131.955000,0.010000,0.750000,0.200000,0.200000,0.000000,0.100000,0.400000,-0.500000,0.050000,
131.966000,0.011000,0.750000,0.200000,0.200000,0.000000,0.100000,0.400000,-0.500000,0.050000,
131.978000,0.012000,0.750000,0.200000,0.200000,0.000000,0.100000,0.400000,-0.500000,0.050000,
131.988000,0.010000,0.750000,0.200000,0.200000,0.000000,0.100000,0.400000,-0.500000,0.050000,
132.060000,0.072000,0.750000,0.200000,0.200000,0.000000,0.100000,0.400000,-0.500000,0.050000,
132.072000,0.012000,0.750000,0.200000,0.200000,0.000000,0.100000,0.400000,-0.500000,0.050000,
132.084000,0.012000,0.750000,0.200000,0.200000,0.000000,0.100000,0.400000,-0.500000,0.050000,
132.093000,0.009000,0.750000,0.200000,0.200000,0.000000,0.100000,0.400000,-0.500000,0.050000,
132.104000,0.011000,0.750000,0.200000,0.200000,0.000000,0.100000,0.400000,-0.500000,0.050000,
132.120000,0.016000,0.750000,0.200000,0.200000,0.000000,0.100000,0.400000,-0.500000,0.050000,
132.129000,0.009000,0.750000,0.200000,0.200000,0.000000,0.100000,0.400000,-0.500000,0.050000,
132.140000,0.011000,0.750000,0.200000,0.200000,0.000000,0.100000,0.400000,-0.500000,0.050000,
132.153000,0.013000,0.750000,0.200000,0.200000,0.000000,0.100000,0.400000,-0.500000,0.050000,
132.164000,0.011000,0.750000,0.200000,0.200000,0.000000,0.100000,0.400000,-0.500000,0.050000,
132.172000,0.008000,0.750000,0.200000,0.200000,0.000000,0.100000,0.400000,-0.500000,0.050000,
132.184000,0.012000,0.750000,0.200000,0.200000,0.000000,0.100000,0.400000,-0.500000,0.050000,
132.196000,0.012000,0.750000,0.200000,0.200000,0.000000,0.100000,0.400000,-0.500000,0.050000,
132.205000,0.009000,0.750000,0.200000,0.200000,0.000000,0.100000,0.400000,-0.500000,0.050000,
132.217000,0.012000,0.750000,0.200000,0.200000,0.000000,0.100000,0.400000,-0.500000,0.050000,
132.229000,0.012000,0.750000,0.200000,0.200000,0.000000,0.100000,0.400000,-0.500000,0.050000,
132.239000,0.010000,0.750000,0.200000,0.200000,0.000000,0.100000,0.400000,-0.500000,0.050000,
132.250000,0.011000,0.750000,0.200000,0.200000,0.000000,0.100000,0.400000,-0.500000,0.050000,
132.262000,0.012000,0.750000,0.200000,0.200000,0.000000,0.100000,0.400000,-0.500000,0.050000,
132.274000,0.012000,0.750000,0.200000,0.200000,0.000000,0.100000,0.400000,-0.500000,0.050000,
132.283000,0.009000,0.750000,0.200000,0.200000,0.000000,0.100000,0.400000,-0.500000,0.050000,
132.296000,0.013000,0.750000,0.200000,0.200000,0.000000,0.100000,0.400000,-0.500000,0.050000,
132.305000,0.009000,0.750000,0.200000,0.200000,0.000000,0.100000,0.400000,-0.500000,0.050000,
132.317000,0.012000,0.750000,0.200000,0.200000,0.000000,0.100000,0.400000,-0.500000,0.050000,
132.328000,0.011000,0.750000,0.200000,0.200000,0.000000,0.100000,0.400000,-0.500000,0.050000,
132.338000,0.010000,0.750000,0.200000,0.200000,0.000000,0.100000,0.400000,-0.500000,0.050000,
132.351000,0.013000,0.750000,0.200000,0.200000,0.000000,0.100000,0.400000,-0.500000,0.050000,
132.362000,0.011000,0.750000,0.200000,0.200000,0.000000,0.100000,0.400000,-0.500000,0.050000,
132.372000,0.010000,0.750000,0.200000,0.200000,0.000000,0.100000,0.400000,-0.500000,0.050000,
132.384000,0.012000,0.750000,0.200000,0.200000,0.000000,0.100000,0.400000,-0.500000,0.050000,
132.396000,0.012000,0.750000,0.200000,0.200000,0.000000,0.100000,0.400000,-0.500000,0.050000,
132.407000,0.011000,0.750000,0.200000,0.200000,0.000000,0.100000,0.400000,-0.500000,0.050000,
132.417000,0.010000,0.750000,0.200000,0.200000,0.000000,0.100000,0.400000,-0.500000,0.050000,
132.429000,0.012000,0.750000,0.200000,0.200000,0.000000,0.100000,0.400000,-0.500000,0.050000,
132.439000,0.010000,0.750000,0.200000,0.200000,0.000000,0.100000,0.400000,-0.500000,0.050000,
132.450000,0.011000,0.750000,0.200000,0.200000,0.000000,0.100000,0.400000,-0.500000,0.050000,
132.461000,0.011000,0.750000,0.200000,0.200000,0.000000,0.100000,0.400000,-0.500000,0.050000,
132.474000,0.013000,0.750000,0.200000,0.200000,0.000000,0.100000,0.400000,-0.500000,0.050000,
132.483000,0.009000,0.750000,0.200000,0.200000,0.000000,0.100000,0.400000,-0.500000,0.050000,
132.494000,0.011000,0.750000,0.200000,0.200000,0.000000,0.100000,0.400000,-0.500000,0.050000,
132.505000,0.011000,0.750000,0.200000,0.200000,0.000000,0.100000,0.400000,-0.500000,0.050000,
132.517000,0.012000,0.750000,0.200000,0.200000,0.000000,0.100000,0.400000,-0.500000,0.050000,
132.527000,0.010000,0.750000,0.200000,0.200000,0.000000,0.100000,0.400000,-0.500000,0.050000,
132.539000,0.012000,0.750000,0.200000,0.200000,0.000000,0.100000,0.400000,-0.500000,0.050000,
132.550000,0.011000,0.750000,0.200000,0.200000,0.000000,0.100000,0.400000,-0.500000,0.050000,
132.561000,0.011000,0.750000,0.200000,0.200000,0.000000,0.100000,0.400000,-0.500000,0.050000,
132.574000,0.013000,0.750000,0.200000,0.200000,0.000000,0.100000,0.400000,-0.500000,0.050000,
132.583000,0.009000,0.750000,0.200000,0.200000,0.000000,0.100000,0.400000,-0.500000,0.050000,
132.595000,0.012000,0.750000,0.200000,0.200000,0.000000,0.100000,0.400000,-0.500000,0.050000,
132.607000,0.012000,0.750000,0.200000,0.200000,0.000000,0.100000,0.400000,-0.500000,0.050000,
132.617000,0.010000,0.750000,0.200000,0.200000,0.000000,0.100000,0.400000,-0.500000,0.050000,
132.628000,0.011000,0.750000,0.200000,0.200000,0.000000,0.100000,0.400000,-0.500000,0.050000,
132.639000,0.011000,0.750000,0.200000,0.200000,0.000000,0.100000,0.400000,-0.500000,0.050000,
132.650000,0.011000,0.750000,0.200000,0.200000,0.000000,0.100000,0.400000,-0.500000,0.050000,
132.661000,0.011000,0.750000,0.200000,0.200000,0.000000,0.100000,0.400000,-0.500000,0.050000,
132.675000,0.014000,0.750000,0.200000,0.200000,0.000000,0.100000,0.400000,-0.500000,0.050000,
132.687000,0.012000,0.750000,0.200000,0.200000,0.000000,0.100000,0.400000,-0.500000,0.050000,
132.698000,0.011000,0.750000,0.200000,0.200000,0.000000,0.100000,0.400000,-0.500000,0.050000,
132.710000,0.012000,0.750000,0.200000,0.200000,0.000000,0.100000,0.400000,-0.500000,0.050000,
132.721000,0.011000,0.750000,0.200000,0.200000,0.000000,0.100000,0.400000,-0.500000,0.050000,
132.730000,0.009000,0.750000,0.200000,0.200000,0.000000,0.100000,0.400000,-0.500000,0.050000,
132.742000,0.012000,0.750000,0.200000,0.200000,0.000000,0.100000,0.400000,-0.500000,0.050000,
132.754000,0.012000,0.750000,0.200000,0.200000,0.000000,0.100000,0.400000,-0.500000,0.050000,
132.764000,0.010000,0.750000,0.200000,0.200000,0.000000,0.100000,0.400000,-0.500000,0.050000,
132.776000,0.012000,0.750000,0.200000,0.200000,0.000000,0.100000,0.400000,-0.500000,0.050000,
132.787000,0.011000,0.750000,0.200000,0.200000,0.000000,0.100000,0.400000,-0.500000,0.050000,
132.798000,0.011000,0.750000,0.200000,0.200000,0.000000,0.100000,0.400000,-0.500000,0.050000,
132.810000,0.012000,0.750000,0.200000,0.200000,0.000000,0.100000,0.400000,-0.500000,0.050000,
132.820000,0.010000,0.750000,0.200000,0.200000,0.000000,0.100000,0.400000,-0.500000,0.050000,
132.832000,0.012000,0.750000,0.200000,0.200000,0.000000,0.100000,0.400000,-0.500000,0.050000,
132.843000,0.011000,0.750000,0.200000,0.200000,0.000000,0.100000,0.400000,-0.500000,0.050000,
132.852000,0.009000,0.750000,0.200000,0.200000,0.000000,0.100000,0.400000,-0.500000,0.050000,
132.865000,0.013000,0.750000,0.200000,0.200000,0.000000,0.100000,0.400000,-0.500000,0.050000,
132.878000,0.013000,0.750000,0.200000,0.200000,0.000000,0.100000,0.400000,-0.500000,0.050000,
132.888000,0.010000,0.750000,0.200000,0.200000,0.000000,0.100000,0.400000,-0.500000,0.050000,
132.897000,0.009000,0.750000,0.200000,0.200000,0.000000,0.100000,0.400000,-0.500000,0.050000,
132.911000,0.014000,0.750000,0.200000,0.200000,0.000000,0.100000,0.400000,-0.500000,0.050000,
132.921000,0.010000,0.750000,0.200000,0.200000,0.000000,0.100000,0.400000,-0.500000,0.050000,
132.932000,0.011000,0.750000,0.200000,0.200000,0.000000,0.100000,0.400000,-0.500000,0.050000,
132.944000,0.012000,0.750000,0.200000,0.200000,0.000000,0.100000,0.400000,-0.500000,0.050000,
132.955000,0.011000,0.750000,0.200000,0.200000,0.000000,0.100000,0.400000,-0.500000,0.050000,
132.964000,0.009000,0.750000,0.200000,0.200000,0.000000,0.100000,0.400000,-0.500000,0.050000,
132.976000,0.012000,0.750000,0.200000,0.200000,0.000000,0.100000,0.400000,-0.500000,0.050000,
132.986000,0.010000,0.750000,0.200000,0.200000,0.000000,0.100000,0.400000,-0.500000,0.050000,
132.997000,0.011000,0.750000,0.200000,0.200000,0.000000,0.100000,0.400000,-0.500000,0.050000,
133.009000,0.012000,0.750000,0.200000,0.200000,0.000000,0.100000,0.400000,-0.500000,0.050000,
133.019000,0.010000,0.750000,0.200000,0.200000,0.000000,0.100000,0.400000,-0.500000,0.050000,
133.032000,0.013000,0.750000,0.200000,0.200000,0.000000,0.100000,0.400000,-0.500000,0.050000,
133.043000,0.011000,0.750000,0.200000,0.200000,0.000000,0.100000,0.400000,-0.500000,0.050000,
133.053000,0.010000,0.750000,0.200000,0.200000,0.000000,0.100000,0.400000,-0.500000,0.050000,
133.064000,0.011000,0.750000,0.200000,0.200000,0.000000,0.100000,0.400000,-0.500000,0.050000,
133.077000,0.013000,0.750000,0.200000,0.200000,0.000000,0.100000,0.400000,-0.500000,0.050000,
133.086000,0.009000,0.750000,0.200000,0.200000,0.000000,0.100000,0.400000,-0.500000,0.050000,
133.097000,0.011000,0.750000,0.200000,0.200000,0.000000,0.100000,0.400000,-0.500000,0.050000,
133.111000,0.014000,0.750000,0.200000,0.200000,0.000000,0.100000,0.400000,-0.500000,0.050000,
133.120000,0.009000,0.750000,0.200000,0.200000,0.000000,0.100000,0.400000,-0.500000,0.050000,
133.131000,0.011000,0.750000,0.200000,0.200000,0.000000,0.100000,0.400000,-0.500000,0.050000,
133.143000,0.012000,0.750000,0.200000,0.200000,0.000000,0.100000,0.400000,-0.500000,0.050000,
133.153000,0.010000,0.750000,0.200000,0.200000,0.000000,0.100000,0.400000,-0.500000,0.050000,
133.164000,0.011000,0.750000,0.200000,0.200000,0.000000,0.100000,0.400000,-0.500000,0.050000,
133.176000,0.012000,0.750000,0.200000,0.200000,0.000000,0.100000,0.400000,-0.500000,0.050000,
133.187000,0.011000,0.750000,0.200000,0.200000,0.000000,0.100000,0.400000,-0.500000,0.050000,
133.199000,0.012000,0.750000,0.200000,0.200000,0.000000,0.100000,0.400000,-0.500000,0.050000,
133.210000,0.011000,0.750000,0.200000,0.200000,0.000000,0.100000,0.400000,-0.500000,0.050000,
133.221000,0.011000,0.750000,0.200000,0.200000,0.000000,0.100000,0.400000,-0.500000,0.050000,
133.233000,0.012000,0.750000,0.200000,0.200000,0.000000,0.100000,0.400000,-0.500000,0.050000,
133.243000,0.010000,0.750000,0.200000,0.200000,0.000000,0.100000,0.400000,-0.500000,0.050000,
133.253000,0.010000,0.750000,0.200000,0.200000,0.000000,0.100000,0.400000,-0.500000,0.050000,
133.264000,0.011000,0.750000,0.200000,0.200000,0.000000,0.100000,0.400000,-0.500000,0.050000,
133.277000,0.013000,0.750000,0.200000,0.200000,0.000000,0.100000,0.400000,-0.500000,0.050000,
133.287000,0.010000,0.750000,0.200000,0.200000,0.000000,0.100000,0.400000,-0.500000,0.050000,
133.298000,0.011000,0.750000,0.200000,0.200000,0.000000,0.100000,0.400000,-0.500000,0.050000,
133.311000,0.013000,0.750000,0.200000,0.200000,0.000000,0.100000,0.400000,-0.500000,0.050000,
133.320000,0.009000,0.750000,0.200000,0.200000,0.000000,0.100000,0.400000,-0.500000,0.050000,
133.332000,0.012000,0.750000,0.200000,0.200000,0.000000,0.100000,0.400000,-0.500000,0.050000,
133.344000,0.012000,0.750000,0.200000,0.200000,0.000000,0.100000,0.400000,-0.500000,0.050000,
133.355000,0.011000,0.750000,0.200000,0.200000,0.000000,0.100000,0.400000,-0.500000,0.050000,
133.365000,0.010000,0.750000,0.200000,0.200000,0.000000,0.100000,0.400000,-0.500000,0.050000,
133.376000,0.011000,0.750000,0.200000,0.200000,0.000000,0.100000,0.400000,-0.500000,0.050000,
133.386000,0.010000,0.750000,0.200000,0.200000,0.000000,0.100000,0.400000,-0.500000,0.050000,
133.397000,0.011000,0.750000,0.200000,0.200000,0.000000,0.100000,0.400000,-0.500000,0.050000,
133.408000,0.011000,0.750000,0.200000,0.200000,0.000000,0.100000,0.400000,-0.500000,0.050000,
133.419000,0.011000,0.750000,0.200000,0.200000,0.000000,0.100000,0.400000,-0.500000,0.050000,
133.431000,0.012000,0.750000,0.200000,0.200000,0.000000,0.100000,0.400000,-0.500000,0.050000,
133.442000,0.011000,0.750000,0.200000,0.200000,0.000000,0.100000,0.400000,-0.500000,0.050000,
133.453000,0.011000,0.750000,0.200000,0.200000,0.000000,0.100000,0.400000,-0.500000,0.050000,
133.464000,0.011000,0.750000,0.200000,0.200000,0.000000,0.100000,0.400000,-0.500000,0.050000,
133.477000,0.013000,0.750000,0.200000,0.200000,0.000000,0.100000,0.400000,-0.500000,0.050000,
133.488000,0.011000,0.750000,0.200000,0.200000,0.000000,0.100000,0.400000,-0.500000,0.050000,
133.499000,0.011000,0.750000,0.200000,0.200000,0.000000,0.100000,0.400000,-0.500000,0.050000,
133.512000,0.013000,0.750000,0.200000,0.200000,0.000000,0.100000,0.400000,-0.500000,0.050000,
133.524000,0.012000,0.750000,0.200000,0.200000,0.000000,0.100000,0.400000,-0.500000,0.050000,
133.531000,0.007000,0.750000,0.200000,0.200000,0.000000,0.100000,0.400000,-0.500000,0.050000,
133.543000,0.012000,0.750000,0.200000,0.200000,0.000000,0.100000,0.400000,-0.500000,0.050000,
133.555000,0.012000,0.750000,0.200000,0.200000,0.000000,0.100000,0.400000,-0.500000,0.050000,
133.564000,0.009000,0.750000,0.200000,0.200000,0.000000,0.100000,0.400000,-0.500000,0.050000,
133.578000,0.014000,0.750000,0.200000,0.200000,0.000000,0.100000,0.400000,-0.500000,0.050000,
133.588000,0.010000,0.750000,0.200000,0.200000,0.000000,0.100000,0.400000,-0.500000,0.050000,
133.599000,0.011000,0.750000,0.200000,0.200000,0.000000,0.100000,0.400000,-0.500000,0.050000,
133.612000,0.013000,0.750000,0.200000,0.200000,0.000000,0.100000,0.400000,-0.500000,0.050000,
133.620000,0.008000,0.750000,0.200000,0.200000,0.000000,0.100000,0.400000,-0.500000,0.050000,
133.633000,0.013000,0.750000,0.200000,0.200000,0.000000,0.100000,0.400000,-0.500000,0.050000,
133.645000,0.012000,0.750000,0.200000,0.200000,0.000000,0.100000,0.400000,-0.500000,0.050000,
133.653000,0.008000,0.750000,0.200000,0.200000,0.000000,0.100000,0.400000,-0.500000,0.050000,
133.665000,0.012000,0.750000,0.200000,0.200000,0.000000,0.100000,0.400000,-0.500000,0.050000,
133.679000,0.014000,0.750000,0.200000,0.200000,0.000000,0.100000,0.400000,-0.500000,0.050000,
133.687000,0.008000,0.750000,0.200000,0.200000,0.000000,0.100000,0.400000,-0.500000,0.050000,
133.698000,0.011000,0.750000,0.200000,0.200000,0.000000,0.100000,0.400000,-0.500000,0.050000,
133.710000,0.012000,0.750000,0.200000,0.200000,0.000000,0.100000,0.400000,-0.500000,0.050000,
133.719000,0.009000,0.750000,0.200000,0.200000,0.000000,0.100000,0.400000,-0.500000,0.050000,
133.731000,0.012000,0.750000,0.200000,0.200000,0.000000,0.100000,0.400000,-0.500000,0.050000,
133.744000,0.013000,0.750000,0.200000,0.200000,0.000000,0.100000,0.400000,-0.500000,0.050000,
133.754000,0.010000,0.750000,0.200000,0.200000,0.000000,0.100000,0.400000,-0.500000,0.050000,
133.764000,0.010000,0.750000,0.200000,0.200000,0.000000,0.100000,0.400000,-0.500000,0.050000,
133.776000,0.012000,0.750000,0.200000,0.200000,0.000000,0.100000,0.400000,-0.500000,0.050000,
133.788000,0.012000,0.750000,0.200000,0.200000,0.000000,0.100000,0.400000,-0.500000,0.050000,
133.801000,0.013000,0.750000,0.200000,0.200000,0.000000,0.100000,0.400000,-0.500000,0.050000,
133.811000,0.010000,0.750000,0.200000,0.200000,0.000000,0.100000,0.400000,-0.500000,0.050000,
133.821000,0.010000,0.750000,0.200000,0.200000,0.000000,0.100000,0.400000,-0.500000,0.050000,
133.833000,0.012000,0.750000,0.200000,0.200000,0.000000,0.100000,0.400000,-0.500000,0.050000,
133.844000,0.011000,0.750000,0.200000,0.200000,0.000000,0.100000,0.400000,-0.500000,0.050000,
133.855000,0.011000,0.750000,0.200000,0.200000,0.000000,0.100000,0.400000,-0.500000,0.050000,
133.866000,0.011000,0.750000,0.200000,0.200000,0.000000,0.100000,0.400000,-0.500000,0.050000,
133.877000,0.011000,0.750000,0.200000,0.200000,0.000000,0.100000,0.400000,-0.500000,0.050000,
133.886000,0.009000,0.750000,0.200000,0.200000,0.000000,0.100000,0.400000,-0.500000,0.050000,
133.899000,0.013000,0.750000,0.200000,0.200000,0.000000,0.100000,0.400000,-0.500000,0.050000,
133.911000,0.012000,0.750000,0.200000,0.200000,0.000000,0.100000,0.400000,-0.500000,0.050000,
133.921000,0.010000,0.750000,0.200000,0.200000,0.000000,0.100000,0.400000,-0.500000,0.050000,
133.932000,0.011000,0.750000,0.200000,0.200000,0.000000,0.100000,0.400000,-0.500000,0.050000,
133.944000,0.012000,0.750000,0.200000,0.200000,0.000000,0.100000,0.400000,-0.500000,0.050000,
133.955000,0.011000,0.750000,0.200000,0.200000,0.000000,0.100000,0.400000,-0.500000,0.050000,
133.966000,0.011000,0.750000,0.200000,0.200000,0.000000,0.100000,0.400000,-0.500000,0.050000,
133.976000,0.010000,0.750000,0.200000,0.200000,0.000000,0.100000,0.400000,-0.500000,0.050000,
133.986000,0.010000,0.750000,0.200000,0.200000,0.000000,0.100000,0.400000,-0.500000,0.050000,
134.000000,0.014000,0.750000,0.200000,0.200000,0.000000,0.100000,0.400000,-0.500000,0.050000,
134.010000,0.010000,0.750000,0.200000,0.200000,0.000000,0.100000,0.400000,-0.500000,0.050000,
134.021000,0.011000,0.750000,0.200000,0.200000,0.000000,0.100000,0.400000,-0.500000,0.050000,
134.033000,0.012000,0.750000,0.200000,0.200000,0.000000,0.100000,0.400000,-0.500000,0.050000,
134.044000,0.011000,0.750000,0.200000,0.200000,0.000000,0.100000,0.400000,-0.500000,0.050000,
134.060000,0.016000,0.750000,0.200000,0.200000,0.000000,0.100000,0.400000,-0.500000,0.050000,
134.067000,0.007000,0.750000,0.200000,0.200000,0.000000,0.100000,0.400000,-0.500000,0.050000,
134.078000,0.011000,0.750000,0.200000,0.200000,0.000000,0.100000,0.400000,-0.500000,0.050000,
134.089000,0.011000,0.750000,0.200000,0.200000,0.000000,0.100000,0.400000,-0.500000,0.050000,
134.100000,0.011000,0.750000,0.200000,0.200000,0.000000,0.100000,0.400000,-0.500000,0.050000,
134.112000,0.012000,0.750000,0.200000,0.200000,0.000000,0.100000,0.400000,-0.500000,0.050000,
134.122000,0.010000,0.750000,0.200000,0.200000,0.000000,0.100000,0.400000,-0.500000,0.050000,
134.133000,0.011000,0.750000,0.200000,0.200000,0.000000,0.100000,0.400000,-0.500000,0.050000,
134.144000,0.011000,0.750000,0.200000,0.200000,0.000000,0.100000,0.400000,-0.500000,0.050000,
134.157000,0.013000,0.750000,0.200000,0.200000,0.000000,0.100000,0.400000,-0.500000,0.050000,
134.166000,0.009000,0.750000,0.200000,0.200000,0.000000,0.100000,0.400000,-0.500000,0.050000,
134.178000,0.012000,0.750000,0.200000,0.200000,0.000000,0.100000,0.400000,-0.500000,0.050000,
134.190000,0.012000,0.750000,0.200000,0.200000,0.000000,0.100000,0.400000,-0.500000,0.050000,
134.200000,0.010000,0.750000,0.200000,0.200000,0.000000,0.100000,0.400000,-0.500000,0.050000,
134.211000,0.011000,0.750000,0.200000,0.200000,0.000000,0.100000,0.400000,-0.500000,0.050000,
134.222000,0.011000,0.750000,0.200000,0.200000,0.000000,0.100000,0.400000,-0.500000,0.050000,
134.234000,0.012000,0.750000,0.200000,0.200000,0.000000,0.100000,0.400000,-0.500000,0.050000,
134.244000,0.010000,0.750000,0.200000,0.200000,0.000000,0.100000,0.400000,-0.500000,0.050000,
134.255000,0.011000,0.750000,0.200000,0.200000,0.000000,0.100000,0.400000,-0.500000,0.050000,
134.266000,0.011000,0.750000,0.200000,0.200000,0.000000,0.100000,0.400000,-0.500000,0.050000,
134.278000,0.012000,0.750000,0.200000,0.200000,0.000000,0.100000,0.400000,-0.500000,0.050000,
134.290000,0.012000,0.750000,0.200000,0.200000,0.000000,0.100000,0.400000,-0.500000,0.050000,
134.300000,0.010000,0.750000,0.200000,0.200000,0.000000,0.100000,0.400000,-0.500000,0.050000,
134.313000,0.013000,0.750000,0.200000,0.200000,0.000000,0.100000,0.400000,-0.500000,0.050000,
134.323000,0.010000,0.750000,0.200000,0.200000,0.000000,0.100000,0.400000,-0.500000,0.050000,
134.333000,0.010000,0.750000,0.200000,0.200000,0.000000,0.100000,0.400000,-0.500000,0.050000,
134.346000,0.013000,0.750000,0.200000,0.200000,0.000000,0.100000,0.400000,-0.500000,0.050000,
134.358000,0.012000,0.750000,0.200000,0.200000,0.000000,0.100000,0.400000,-0.500000,0.050000,
134.367000,0.009000,0.750000,0.200000,0.200000,0.000000,0.100000,0.400000,-0.500000,0.050000,
134.377000,0.010000,0.750000,0.200000,0.200000,0.000000,0.100000,0.400000,-0.500000,0.050000,
