0.013000,0.013000,0.750000,0.270000,0.031062,0.250000,0.100000,0.250000,-0.250000,0.050000,0.500000, 
0.028000,0.015000,0.750000,0.260000,0.268696,0.250000,0.100000,0.250000,-0.250000,0.050000,0.500000, 
0.042000,0.014000,0.750000,0.260000,0.260000,0.250000,0.100000,0.250000,-0.250000,0.050000,0.500000, 
0.063000,0.021000,0.750000,0.260000,0.260000,0.250000,0.100000,0.250000,-0.250000,0.050000,0.500000, 
0.087000,0.024000,0.750000,0.260000,0.260000,0.250000,0.100000,0.250000,-0.250000,0.050000,0.500000, 
0.111000,0.024000,0.750000,0.260000,0.260000,0.250000,0.100000,0.250000,-0.250000,0.050000,0.500000, 
0.122000,0.011000,0.750000,0.270000,0.260991,0.250000,0.100000,0.250000,-0.250000,0.050000,0.500000, 
0.135000,0.013000,0.750000,0.270000,0.270000,0.250000,0.100000,0.250000,-0.250000,0.050000,0.500000, 
0.148000,0.013000,0.750000,0.270000,0.270000,0.250000,0.100000,0.250000,-0.250000,0.050000,0.500000, 
0.160000,0.012000,0.750000,0.270000,0.270000,0.250000,0.100000,0.250000,-0.250000,0.050000,0.500000, 
0.172000,0.012000,0.750000,0.270000,0.270000,0.250000,0.100000,0.250000,-0.250000,0.050000,0.500000, 
0.184000,0.012000,0.750000,0.270000,0.270000,0.250000,0.100000,0.250000,-0.250000,0.050000,0.500000, 
0.196000,0.012000,0.750000,0.270000,0.270000,0.250000,0.100000,0.250000,-0.250000,0.050000,0.500000, 
0.207000,0.011000,0.750000,0.270000,0.270000,0.250000,0.100000,0.250000,-0.250000,0.050000,0.500000, 
0.219000,0.012000,0.750000,0.270000,0.270000,0.250000,0.100000,0.250000,-0.250000,0.050000,0.500000, 
0.231000,0.012000,0.750000,0.270000,0.270000,0.250000,0.100000,0.250000,-0.250000,0.050000,0.500000, 
0.243000,0.012000,0.750000,0.270000,0.270000,0.250000,0.100000,0.250000,-0.250000,0.050000,0.500000, 
0.254000,0.011000,0.750000,0.270000,0.270000,0.250000,0.100000,0.250000,-0.250000,0.050000,0.500000, 
0.267000,0.013000,0.750000,0.270000,0.270000,0.250000,0.100000,0.250000,-0.250000,0.050000,0.500000, 
0.283000,0.016000,0.750000,0.270000,0.270000,0.250000,0.100000,0.250000,-0.250000,0.050000,0.500000, 
0.296000,0.013000,0.750000,0.270000,0.270000,0.250000,0.100000,0.250000,-0.250000,0.050000,0.500000, 
0.307000,0.011000,0.750000,0.270000,0.270000,0.250000,0.100000,0.250000,-0.250000,0.050000,0.500000, 
0.320000,0.013000,0.750000,0.270000,0.270000,0.250000,0.100000,0.250000,-0.250000,0.050000,0.500000, 
0.335000,0.015000,0.750000,0.260000,0.268696,0.250000,0.100000,0.250000,-0.250000,0.050000,0.500000, 
0.348000,0.013000,0.750000,0.260000,0.260000,0.250000,0.100000,0.250000,-0.250000,0.050000,0.500000, 
0.359000,0.011000,0.750000,0.260000,0.260000,0.250000,0.100000,0.250000,-0.250000,0.050000,0.500000, 
0.373000,0.014000,0.750000,0.260000,0.260000,0.250000,0.100000,0.250000,-0.250000,0.050000,0.500000, 
0.389000,0.016000,0.750000,0.260000,0.260000,0.250000,0.100000,0.250000,-0.250000,0.050000,0.500000, 
0.402000,0.013000,0.750000,0.260000,0.260000,0.250000,0.100000,0.250000,-0.250000,0.050000,0.500000, 
0.414000,0.012000,0.750000,0.260000,0.260000,0.250000,0.100000,0.250000,-0.250000,0.050000,0.500000, 
0.425000,0.011000,0.750000,0.260000,0.260000,0.250000,0.100000,0.250000,-0.250000,0.050000,0.500000, 
0.437000,0.012000,0.750000,0.260000,0.260000,0.250000,0.100000,0.250000,-0.250000,0.050000,0.500000, 
0.449000,0.012000,0.750000,0.260000,0.260000,0.250000,0.100000,0.250000,-0.250000,0.050000,0.500000, 
0.461000,0.012000,0.750000,0.260000,0.260000,0.250000,0.100000,0.250000,-0.250000,0.050000,0.500000, 
0.473000,0.012000,0.750000,0.260000,0.260000,0.250000,0.100000,0.250000,-0.250000,0.050000,0.500000, 
0.484000,0.011000,0.750000,0.260000,0.260000,0.250000,0.100000,0.250000,-0.250000,0.050000,0.500000, 
0.496000,0.012000,0.750000,0.260000,0.260000,0.250000,0.100000,0.250000,-0.250000,0.050000,0.500000, 
0.507000,0.011000,0.750000,0.260000,0.260000,0.250000,0.100000,0.250000,-0.250000,0.050000,0.500000, 
0.519000,0.012000,0.750000,0.260000,0.260000,0.250000,0.100000,0.250000,-0.250000,0.050000,0.500000, 
0.530000,0.011000,0.750000,0.270000,0.260991,0.250000,0.100000,0.250000,-0.250000,0.050000,0.500000, 
0.541000,0.011000,0.750000,0.270000,0.270000,0.250000,0.100000,0.250000,-0.250000,0.050000,0.500000, 
0.552000,0.011000,0.750000,0.270000,0.270000,0.250000,0.100000,0.250000,-0.250000,0.050000,0.500000, 
0.564000,0.012000,0.750000,0.270000,0.270000,0.250000,0.100000,0.250000,-0.250000,0.050000,0.500000, 
0.577000,0.013000,0.750000,0.270000,0.270000,0.250000,0.100000,0.250000,-0.250000,0.050000,0.500000, 
0.589000,0.012000,0.750000,0.270000,0.270000,0.250000,0.100000,0.250000,-0.250000,0.050000,0.500000, 
0.604000,0.015000,0.750000,0.270000,0.270000,0.250000,0.100000,0.250000,-0.250000,0.050000,0.500000, 
0.617000,0.013000,0.750000,0.270000,0.270000,0.250000,0.100000,0.250000,-0.250000,0.050000,0.500000, 
0.629000,0.012000,0.750000,0.260000,0.268929,0.250000,0.100000,0.250000,-0.250000,0.050000,0.500000, 
0.644000,0.015000,0.750000,0.260000,0.260000,0.250000,0.100000,0.250000,-0.250000,0.050000,0.500000, 
0.656000,0.012000,0.750000,0.260000,0.260000,0.250000,0.100000,0.250000,-0.250000,0.050000,0.500000, 
0.674000,0.018000,0.750000,0.260000,0.260000,0.250000,0.100000,0.250000,-0.250000,0.050000,0.500000, 
0.688000,0.014000,0.750000,0.260000,0.260000,0.250000,0.100000,0.250000,-0.250000,0.050000,0.500000, 
0.702000,0.014000,0.750000,0.260000,0.260000,0.250000,0.100000,0.250000,-0.250000,0.050000,0.500000, 
0.714000,0.012000,0.750000,0.260000,0.260000,0.250000,0.100000,0.250000,-0.250000,0.050000,0.500000, 
0.727000,0.013000,0.750000,0.270000,0.261150,0.250000,0.100000,0.250000,-0.250000,0.050000,0.500000, 
0.739000,0.012000,0.750000,0.270000,0.270000,0.250000,0.100000,0.250000,-0.250000,0.050000,0.500000, 
0.751000,0.012000,0.750000,0.270000,0.270000,0.250000,0.100000,0.250000,-0.250000,0.050000,0.500000, 
0.763000,0.012000,0.750000,0.270000,0.270000,0.250000,0.100000,0.250000,-0.250000,0.050000,0.500000, 
0.776000,0.013000,0.750000,0.270000,0.270000,0.250000,0.100000,0.250000,-0.250000,0.050000,0.500000, 
0.787000,0.011000,0.750000,0.270000,0.270000,0.250000,0.100000,0.250000,-0.250000,0.050000,0.500000, 
0.801000,0.014000,0.750000,0.270000,0.270000,0.250000,0.100000,0.250000,-0.250000,0.050000,0.500000, 
0.816000,0.015000,0.750000,0.270000,0.270000,0.250000,0.100000,0.250000,-0.250000,0.050000,0.500000, 
0.834000,0.018000,0.750000,0.270000,0.270000,0.250000,0.100000,0.250000,-0.250000,0.050000,0.500000, 
0.846000,0.012000,0.750000,0.270000,0.270000,0.250000,0.100000,0.250000,-0.250000,0.050000,0.500000, 
0.857000,0.011000,0.750000,0.270000,0.270000,0.250000,0.100000,0.250000,-0.250000,0.050000,0.500000, 
0.870000,0.013000,0.750000,0.270000,0.270000,0.250000,0.100000,0.250000,-0.250000,0.050000,0.500000, 
0.883000,0.013000,0.750000,0.270000,0.270000,0.250000,0.100000,0.250000,-0.250000,0.050000,0.500000, 
0.895000,0.012000,0.750000,0.270000,0.270000,0.250000,0.100000,0.250000,-0.250000,0.050000,0.500000, 
0.906000,0.011000,0.750000,0.270000,0.270000,0.250000,0.100000,0.250000,-0.250000,0.050000,0.500000, 
0.921000,0.015000,0.750000,0.270000,0.270000,0.250000,0.100000,0.250000,-0.250000,0.050000,0.500000, 
0.935000,0.014000,0.750000,0.270000,0.270000,0.250000,0.100000,0.250000,-0.250000,0.050000,0.500000, 
0.948000,0.013000,0.750000,0.270000,0.270000,0.250000,0.100000,0.250000,-0.250000,0.050000,0.500000, 
0.959000,0.011000,0.750000,0.270000,0.270000,0.250000,0.100000,0.250000,-0.250000,0.050000,0.500000, 
0.972000,0.013000,0.750000,0.270000,0.270000,0.250000,0.100000,0.250000,-0.250000,0.050000,0.500000, 
0.986000,0.014000,0.750000,0.270000,0.270000,0.250000,0.100000,0.250000,-0.250000,0.050000,0.500000, 
0.998000,0.012000,0.750000,0.270000,0.270000,0.250000,0.100000,0.250000,-0.250000,0.050000,0.500000, 
1.009000,0.011000,0.750000,0.270000,0.270000,0.250000,0.100000,0.250000,-0.250000,0.050000,0.500000, 
1.020000,0.011000,0.750000,0.270000,0.270000,0.250000,0.100000,0.250000,-0.250000,0.050000,0.500000, 
1.032000,0.012000,0.750000,0.270000,0.270000,0.250000,0.100000,0.250000,-0.250000,0.050000,0.500000, 
1.044000,0.012000,0.750000,0.270000,0.270000,0.250000,0.100000,0.250000,-0.250000,0.050000,0.500000, 
1.056000,0.012000,0.750000,0.270000,0.270000,0.250000,0.100000,0.250000,-0.250000,0.050000,0.500000, 
1.073000,0.017000,0.750000,0.270000,0.270000,0.250000,0.100000,0.250000,-0.250000,0.050000,0.500000, 
1.087000,0.014000,0.750000,0.270000,0.270000,0.250000,0.100000,0.250000,-0.250000,0.050000,0.500000, 
1.100000,0.013000,0.750000,0.270000,0.270000,0.250000,0.100000,0.250000,-0.250000,0.050000,0.500000, 
1.113000,0.013000,0.750000,0.270000,0.270000,0.250000,0.100000,0.250000,-0.250000,0.050000,0.500000, 
1.125000,0.012000,0.750000,0.260000,0.268929,0.250000,0.100000,0.250000,-0.250000,0.050000,0.500000, 
1.136000,0.011000,0.750000,0.260000,0.260000,0.250000,0.100000,0.250000,-0.250000,0.050000,0.500000, 
1.149000,0.013000,0.750000,0.260000,0.260000,0.250000,0.100000,0.250000,-0.250000,0.050000,0.500000, 
1.161000,0.012000,0.750000,0.260000,0.260000,0.250000,0.100000,0.250000,-0.250000,0.050000,0.500000, 
1.173000,0.012000,0.750000,0.260000,0.260000,0.250000,0.100000,0.250000,-0.250000,0.050000,0.500000, 
1.186000,0.013000,0.750000,0.260000,0.260000,0.250000,0.100000,0.250000,-0.250000,0.050000,0.500000, 
1.201000,0.015000,0.750000,0.260000,0.260000,0.250000,0.100000,0.250000,-0.250000,0.050000,0.500000, 
1.214000,0.013000,0.750000,0.260000,0.260000,0.250000,0.100000,0.250000,-0.250000,0.050000,0.500000, 
1.227000,0.013000,0.750000,0.270000,0.261150,0.250000,0.100000,0.250000,-0.250000,0.050000,0.500000, 
1.238000,0.011000,0.750000,0.270000,0.270000,0.250000,0.100000,0.250000,-0.250000,0.050000,0.500000, 
1.252000,0.014000,0.750000,0.270000,0.270000,0.250000,0.100000,0.250000,-0.250000,0.050000,0.500000, 
1.263000,0.011000,0.750000,0.270000,0.270000,0.250000,0.100000,0.250000,-0.250000,0.050000,0.500000, 
1.276000,0.013000,0.750000,0.270000,0.270000,0.250000,0.100000,0.250000,-0.250000,0.050000,0.500000, 
1.287000,0.011000,0.750000,0.270000,0.270000,0.250000,0.100000,0.250000,-0.250000,0.050000,0.500000, 
1.299000,0.012000,0.750000,0.270000,0.270000,0.250000,0.100000,0.250000,-0.250000,0.050000,0.500000, 
1.311000,0.012000,0.750000,0.270000,0.270000,0.250000,0.100000,0.250000,-0.250000,0.050000,0.500000, 
1.322000,0.011000,0.750000,0.270000,0.270000,0.250000,0.100000,0.250000,-0.250000,0.050000,0.500000, 
1.337000,0.015000,0.750000,0.270000,0.270000,0.250000,0.100000,0.250000,-0.250000,0.050000,0.500000, 
1.351000,0.014000,0.750000,0.270000,0.270000,0.250000,0.100000,0.250000,-0.250000,0.050000,0.500000, 
1.369000,0.018000,0.750000,0.270000,0.270000,0.250000,0.100000,0.250000,-0.250000,0.050000,0.500000, 
1.384000,0.015000,0.750000,0.270000,0.270000,0.250000,0.100000,0.250000,-0.250000,0.050000,0.500000, 
1.397000,0.013000,0.750000,0.270000,0.270000,0.250000,0.100000,0.250000,-0.250000,0.050000,0.500000, 
1.408000,0.011000,0.750000,0.270000,0.270000,0.250000,0.100000,0.250000,-0.250000,0.050000,0.500000, 
1.421000,0.013000,0.750000,0.260000,0.268850,0.250000,0.100000,0.250000,-0.250000,0.050000,0.500000, 
1.434000,0.013000,0.750000,0.260000,0.260000,0.250000,0.100000,0.250000,-0.250000,0.050000,0.500000, 
1.447000,0.013000,0.750000,0.260000,0.260000,0.250000,0.100000,0.250000,-0.250000,0.050000,0.500000, 
1.461000,0.014000,0.750000,0.260000,0.260000,0.250000,0.100000,0.250000,-0.250000,0.050000,0.500000, 
1.476000,0.015000,0.750000,0.260000,0.260000,0.250000,0.100000,0.250000,-0.250000,0.050000,0.500000, 
1.488000,0.012000,0.750000,0.260000,0.260000,0.250000,0.100000,0.250000,-0.250000,0.050000,0.500000, 
1.500000,0.012000,0.750000,0.260000,0.260000,0.250000,0.100000,0.250000,-0.250000,0.050000,0.500000, 
1.512000,0.012000,0.750000,0.260000,0.260000,0.250000,0.100000,0.250000,-0.250000,0.050000,0.500000, 
1.522000,0.010000,0.750000,0.270000,0.260909,0.250000,0.100000,0.250000,-0.250000,0.050000,0.500000, 
1.535000,0.013000,0.750000,0.270000,0.270000,0.250000,0.100000,0.250000,-0.250000,0.050000,0.500000, 
1.546000,0.011000,0.750000,0.270000,0.270000,0.250000,0.100000,0.250000,-0.250000,0.050000,0.500000, 
1.557000,0.011000,0.750000,0.270000,0.270000,0.250000,0.100000,0.250000,-0.250000,0.050000,0.500000, 
1.575000,0.018000,0.750000,0.270000,0.270000,0.250000,0.100000,0.250000,-0.250000,0.050000,0.500000, 
1.588000,0.013000,0.750000,0.270000,0.270000,0.250000,0.100000,0.250000,-0.250000,0.050000,0.500000, 
1.604000,0.016000,0.750000,0.270000,0.270000,0.250000,0.100000,0.250000,-0.250000,0.050000,0.500000, 
1.619000,0.015000,0.750000,0.270000,0.270000,0.250000,0.100000,0.250000,-0.250000,0.050000,0.500000, 
1.632000,0.013000,0.750000,0.270000,0.270000,0.250000,0.100000,0.250000,-0.250000,0.050000,0.500000, 
1.645000,0.013000,0.750000,0.270000,0.270000,0.250000,0.100000,0.250000,-0.250000,0.050000,0.500000, 
1.657000,0.012000,0.750000,0.270000,0.270000,0.250000,0.100000,0.250000,-0.250000,0.050000,0.500000, 
1.671000,0.014000,0.750000,0.270000,0.270000,0.250000,0.100000,0.250000,-0.250000,0.050000,0.500000, 
1.682000,0.011000,0.750000,0.270000,0.270000,0.250000,0.100000,0.250000,-0.250000,0.050000,0.500000, 
1.694000,0.012000,0.750000,0.270000,0.270000,0.250000,0.100000,0.250000,-0.250000,0.050000,0.500000, 
1.705000,0.011000,0.750000,0.270000,0.270000,0.250000,0.100000,0.250000,-0.250000,0.050000,0.500000, 
1.717000,0.012000,0.750000,0.270000,0.270000,0.250000,0.100000,0.250000,-0.250000,0.050000,0.500000, 
1.728000,0.011000,0.750000,0.270000,0.270000,0.250000,0.100000,0.250000,-0.250000,0.050000,0.500000, 
1.739000,0.011000,0.750000,0.270000,0.270000,0.250000,0.100000,0.250000,-0.250000,0.050000,0.500000, 
1.750000,0.011000,0.750000,0.270000,0.270000,0.250000,0.100000,0.250000,-0.250000,0.050000,0.500000, 
1.762000,0.012000,0.750000,0.270000,0.270000,0.250000,0.100000,0.250000,-0.250000,0.050000,0.500000, 
1.774000,0.012000,0.750000,0.270000,0.270000,0.250000,0.100000,0.250000,-0.250000,0.050000,0.500000, 
1.786000,0.012000,0.750000,0.270000,0.270000,0.250000,0.100000,0.250000,-0.250000,0.050000,0.500000, 
1.797000,0.011000,0.750000,0.270000,0.270000,0.250000,0.100000,0.250000,-0.250000,0.050000,0.500000, 
1.808000,0.011000,0.750000,0.270000,0.270000,0.250000,0.100000,0.250000,-0.250000,0.050000,0.500000, 
1.819000,0.011000,0.750000,0.260000,0.269009,0.250000,0.100000,0.250000,-0.250000,0.050000,0.500000, 
1.831000,0.012000,0.750000,0.260000,0.260000,0.250000,0.100000,0.250000,-0.250000,0.050000,0.500000, 
1.842000,0.011000,0.750000,0.260000,0.260000,0.250000,0.100000,0.250000,-0.250000,0.050000,0.500000, 
1.854000,0.012000,0.750000,0.260000,0.260000,0.250000,0.100000,0.250000,-0.250000,0.050000,0.500000, 
1.867000,0.013000,0.750000,0.260000,0.260000,0.250000,0.100000,0.250000,-0.250000,0.050000,0.500000, 
1.879000,0.012000,0.750000,0.260000,0.260000,0.250000,0.100000,0.250000,-0.250000,0.050000,0.500000, 
1.889000,0.010000,0.750000,0.260000,0.260000,0.250000,0.100000,0.250000,-0.250000,0.050000,0.500000, 
1.907000,0.018000,0.750000,0.260000,0.260000,0.250000,0.100000,0.250000,-0.250000,0.050000,0.500000, 
1.921000,0.014000,0.750000,0.260000,0.260000,0.250000,0.100000,0.250000,-0.250000,0.050000,0.500000, 
1.933000,0.012000,0.750000,0.260000,0.260000,0.250000,0.100000,0.250000,-0.250000,0.050000,0.500000, 
1.945000,0.012000,0.750000,0.260000,0.260000,0.250000,0.100000,0.250000,-0.250000,0.050000,0.500000, 
1.956000,0.011000,0.750000,0.260000,0.260000,0.250000,0.100000,0.250000,-0.250000,0.050000,0.500000, 
1.970000,0.014000,0.750000,0.260000,0.260000,0.250000,0.100000,0.250000,-0.250000,0.050000,0.500000, 
1.982000,0.012000,0.750000,0.260000,0.260000,0.250000,0.100000,0.250000,-0.250000,0.050000,0.500000, 
1.995000,0.013000,0.750000,0.260000,0.260000,0.250000,0.100000,0.250000,-0.250000,0.050000,0.500000, 
2.007000,0.012000,0.750000,0.260000,0.260000,0.250000,0.100000,0.250000,-0.250000,0.050000,0.500000, 
2.018000,0.011000,0.750000,0.260000,0.260000,0.250000,0.100000,0.250000,-0.250000,0.050000,0.500000, 
2.031000,0.013000,0.750000,0.260000,0.260000,0.250000,0.100000,0.250000,-0.250000,0.050000,0.500000, 
2.042000,0.011000,0.750000,0.260000,0.260000,0.250000,0.100000,0.250000,-0.250000,0.050000,0.500000, 
2.056000,0.014000,0.750000,0.260000,0.260000,0.250000,0.100000,0.250000,-0.250000,0.050000,0.500000, 
2.070000,0.014000,0.750000,0.260000,0.260000,0.250000,0.100000,0.250000,-0.250000,0.050000,0.500000, 
2.082000,0.012000,0.750000,0.260000,0.260000,0.250000,0.100000,0.250000,-0.250000,0.050000,0.500000, 
2.093000,0.011000,0.750000,0.260000,0.260000,0.250000,0.100000,0.250000,-0.250000,0.050000,0.500000, 
2.104000,0.011000,0.750000,0.260000,0.260000,0.250000,0.100000,0.250000,-0.250000,0.050000,0.500000, 
2.117000,0.013000,0.750000,0.260000,0.260000,0.250000,0.100000,0.250000,-0.250000,0.050000,0.500000, 
2.129000,0.012000,0.750000,0.260000,0.260000,0.250000,0.100000,0.250000,-0.250000,0.050000,0.500000, 
2.148000,0.019000,0.750000,0.260000,0.260000,0.250000,0.100000,0.250000,-0.250000,0.050000,0.500000, 
2.168000,0.020000,0.750000,0.260000,0.260000,0.250000,0.100000,0.250000,-0.250000,0.050000,0.500000, 
2.184000,0.016000,0.750000,0.260000,0.260000,0.250000,0.100000,0.250000,-0.250000,0.050000,0.500000, 
2.198000,0.014000,0.750000,0.260000,0.260000,0.250000,0.100000,0.250000,-0.250000,0.050000,0.500000, 
2.211000,0.013000,0.750000,0.260000,0.260000,0.250000,0.100000,0.250000,-0.250000,0.050000,0.500000, 
2.222000,0.011000,0.750000,0.270000,0.260991,0.250000,0.100000,0.250000,-0.250000,0.050000,0.500000, 
2.236000,0.014000,0.750000,0.270000,0.270000,0.250000,0.100000,0.250000,-0.250000,0.050000,0.500000, 
2.248000,0.012000,0.750000,0.270000,0.270000,0.250000,0.100000,0.250000,-0.250000,0.050000,0.500000, 
2.259000,0.011000,0.750000,0.270000,0.270000,0.250000,0.100000,0.250000,-0.250000,0.050000,0.500000, 
2.272000,0.013000,0.750000,0.270000,0.270000,0.250000,0.100000,0.250000,-0.250000,0.050000,0.500000, 
2.284000,0.012000,0.750000,0.270000,0.270000,0.250000,0.100000,0.250000,-0.250000,0.050000,0.500000, 
2.295000,0.011000,0.750000,0.270000,0.270000,0.250000,0.100000,0.250000,-0.250000,0.050000,0.500000, 
2.305000,0.010000,0.750000,0.270000,0.270000,0.250000,0.100000,0.250000,-0.250000,0.050000,0.500000, 
2.317000,0.012000,0.750000,0.270000,0.270000,0.250000,0.100000,0.250000,-0.250000,0.050000,0.500000, 
2.329000,0.012000,0.750000,0.270000,0.270000,0.250000,0.100000,0.250000,-0.250000,0.050000,0.500000, 
2.343000,0.014000,0.750000,0.270000,0.270000,0.250000,0.100000,0.250000,-0.250000,0.050000,0.500000, 
2.356000,0.013000,0.750000,0.270000,0.270000,0.250000,0.100000,0.250000,-0.250000,0.050000,0.500000, 
2.369000,0.013000,0.750000,0.270000,0.270000,0.250000,0.100000,0.250000,-0.250000,0.050000,0.500000, 
2.382000,0.013000,0.750000,0.270000,0.270000,0.250000,0.100000,0.250000,-0.250000,0.050000,0.500000, 
2.390000,0.008000,0.750000,0.270000,0.270000,0.250000,0.100000,0.250000,-0.250000,0.050000,0.500000, 
2.404000,0.014000,0.750000,0.270000,0.270000,0.250000,0.100000,0.250000,-0.250000,0.050000,0.500000, 
2.416000,0.012000,0.750000,0.270000,0.270000,0.250000,0.100000,0.250000,-0.250000,0.050000,0.500000, 
2.429000,0.013000,0.750000,0.270000,0.270000,0.250000,0.100000,0.250000,-0.250000,0.050000,0.500000, 
2.439000,0.010000,0.750000,0.270000,0.270000,0.250000,0.100000,0.250000,-0.250000,0.050000,0.500000, 
2.457000,0.018000,0.750000,0.270000,0.270000,0.250000,0.100000,0.250000,-0.250000,0.050000,0.500000, 
2.476000,0.019000,0.750000,0.270000,0.270000,0.250000,0.100000,0.250000,-0.250000,0.050000,0.500000, 
2.491000,0.015000,0.750000,0.270000,0.270000,0.250000,0.100000,0.250000,-0.250000,0.050000,0.500000, 
2.507000,0.016000,0.750000,0.270000,0.270000,0.250000,0.100000,0.250000,-0.250000,0.050000,0.500000, 
2.520000,0.013000,0.750000,0.270000,0.270000,0.250000,0.100000,0.250000,-0.250000,0.050000,0.500000, 
2.531000,0.011000,0.750000,0.270000,0.270000,0.250000,0.100000,0.250000,-0.250000,0.050000,0.500000, 
2.543000,0.012000,0.750000,0.270000,0.270000,0.250000,0.100000,0.250000,-0.250000,0.050000,0.500000, 
2.554000,0.011000,0.750000,0.270000,0.270000,0.250000,0.100000,0.250000,-0.250000,0.050000,0.500000, 
2.566000,0.012000,0.750000,0.270000,0.270000,0.250000,0.100000,0.250000,-0.250000,0.050000,0.500000, 
2.578000,0.012000,0.750000,0.270000,0.270000,0.250000,0.100000,0.250000,-0.250000,0.050000,0.500000, 
2.589000,0.011000,0.750000,0.270000,0.270000,0.250000,0.100000,0.250000,-0.250000,0.050000,0.500000, 
2.602000,0.013000,0.750000,0.270000,0.270000,0.250000,0.100000,0.250000,-0.250000,0.050000,0.500000, 
2.615000,0.013000,0.750000,0.270000,0.270000,0.250000,0.100000,0.250000,-0.250000,0.050000,0.500000, 
2.632000,0.017000,0.750000,0.270000,0.270000,0.250000,0.100000,0.250000,-0.250000,0.050000,0.500000, 
2.644000,0.012000,0.750000,0.270000,0.270000,0.250000,0.100000,0.250000,-0.250000,0.050000,0.500000, 
2.655000,0.011000,0.750000,0.270000,0.270000,0.250000,0.100000,0.250000,-0.250000,0.050000,0.500000, 
2.670000,0.015000,0.750000,0.270000,0.270000,0.250000,0.100000,0.250000,-0.250000,0.050000,0.500000, 
2.683000,0.013000,0.750000,0.270000,0.270000,0.250000,0.100000,0.250000,-0.250000,0.050000,0.500000, 
2.695000,0.012000,0.750000,0.270000,0.270000,0.250000,0.100000,0.250000,-0.250000,0.050000,0.500000, 
2.706000,0.011000,0.750000,0.270000,0.270000,0.250000,0.100000,0.250000,-0.250000,0.050000,0.500000, 
2.718000,0.012000,0.750000,0.270000,0.270000,0.250000,0.100000,0.250000,-0.250000,0.050000,0.500000, 
2.733000,0.015000,0.750000,0.270000,0.270000,0.250000,0.100000,0.250000,-0.250000,0.050000,0.500000, 
2.748000,0.015000,0.750000,0.270000,0.270000,0.250000,0.100000,0.250000,-0.250000,0.050000,0.500000, 
2.760000,0.012000,0.750000,0.270000,0.270000,0.250000,0.100000,0.250000,-0.250000,0.050000,0.500000, 
2.773000,0.013000,0.750000,0.270000,0.270000,0.250000,0.100000,0.250000,-0.250000,0.050000,0.500000, 
2.785000,0.012000,0.750000,0.270000,0.270000,0.250000,0.100000,0.250000,-0.250000,0.050000,0.500000, 
2.797000,0.012000,0.750000,0.270000,0.270000,0.250000,0.100000,0.250000,-0.250000,0.050000,0.500000, 
2.808000,0.011000,0.750000,0.270000,0.270000,0.250000,0.100000,0.250000,-0.250000,0.050000,0.500000, 
2.820000,0.012000,0.750000,0.270000,0.270000,0.250000,0.100000,0.250000,-0.250000,0.050000,0.500000, 
2.833000,0.013000,0.750000,0.270000,0.270000,0.250000,0.100000,0.250000,-0.250000,0.050000,0.500000, 
2.845000,0.012000,0.750000,0.270000,0.270000,0.250000,0.100000,0.250000,-0.250000,0.050000,0.500000, 
2.856000,0.011000,0.750000,0.270000,0.270000,0.250000,0.100000,0.250000,-0.250000,0.050000,0.500000, 
2.869000,0.013000,0.750000,0.270000,0.270000,0.250000,0.100000,0.250000,-0.250000,0.050000,0.500000, 
2.882000,0.013000,0.750000,0.270000,0.270000,0.250000,0.100000,0.250000,-0.250000,0.050000,0.500000, 
2.894000,0.012000,0.750000,0.270000,0.270000,0.250000,0.100000,0.250000,-0.250000,0.050000,0.500000, 
2.908000,0.014000,0.750000,0.270000,0.270000,0.250000,0.100000,0.250000,-0.250000,0.050000,0.500000, 
2.922000,0.014000,0.750000,0.270000,0.270000,0.250000,0.100000,0.250000,-0.250000,0.050000,0.500000, 
2.935000,0.013000,0.750000,0.270000,0.270000,0.250000,0.100000,0.250000,-0.250000,0.050000,0.500000, 
2.948000,0.013000,0.750000,0.270000,0.270000,0.250000,0.100000,0.250000,-0.250000,0.050000,0.500000, 
2.960000,0.012000,0.750000,0.270000,0.270000,0.250000,0.100000,0.250000,-0.250000,0.050000,0.500000, 
2.979000,0.019000,0.750000,0.270000,0.270000,0.250000,0.100000,0.250000,-0.250000,0.050000,0.500000, 
2.991000,0.012000,0.750000,0.270000,0.270000,0.250000,0.100000,0.250000,-0.250000,0.050000,0.500000, 
3.004000,0.013000,0.750000,0.270000,0.270000,0.250000,0.100000,0.250000,-0.250000,0.050000,0.500000, 
3.019000,0.015000,0.750000,0.270000,0.270000,0.250000,0.100000,0.250000,-0.250000,0.050000,0.500000, 
3.037000,0.018000,0.750000,0.270000,0.270000,0.250000,0.100000,0.250000,-0.250000,0.050000,0.500000, 
3.054000,0.017000,0.750000,0.270000,0.270000,0.250000,0.100000,0.250000,-0.250000,0.050000,0.500000, 
3.069000,0.015000,0.750000,0.270000,0.270000,0.250000,0.100000,0.250000,-0.250000,0.050000,0.500000, 
3.082000,0.013000,0.750000,0.270000,0.270000,0.250000,0.100000,0.250000,-0.250000,0.050000,0.500000, 
3.093000,0.011000,0.750000,0.270000,0.270000,0.250000,0.100000,0.250000,-0.250000,0.050000,0.500000, 
3.104000,0.011000,0.750000,0.270000,0.270000,0.250000,0.100000,0.250000,-0.250000,0.050000,0.500000, 
3.116000,0.012000,0.750000,0.270000,0.270000,0.250000,0.100000,0.250000,-0.250000,0.050000,0.500000, 
3.129000,0.013000,0.750000,0.270000,0.270000,0.250000,0.100000,0.250000,-0.250000,0.050000,0.500000, 
3.143000,0.014000,0.750000,0.270000,0.270000,0.250000,0.100000,0.250000,-0.250000,0.050000,0.500000, 
3.154000,0.011000,0.750000,0.270000,0.270000,0.250000,0.100000,0.250000,-0.250000,0.050000,0.500000, 
3.168000,0.014000,0.750000,0.270000,0.270000,0.250000,0.100000,0.250000,-0.250000,0.050000,0.500000, 
3.180000,0.012000,0.750000,0.270000,0.270000,0.250000,0.100000,0.250000,-0.250000,0.050000,0.500000, 
3.191000,0.011000,0.750000,0.270000,0.270000,0.250000,0.100000,0.250000,-0.250000,0.050000,0.500000, 
3.204000,0.013000,0.750000,0.270000,0.270000,0.250000,0.100000,0.250000,-0.250000,0.050000,0.500000, 
3.215000,0.011000,0.750000,0.270000,0.270000,0.250000,0.100000,0.250000,-0.250000,0.050000,0.500000, 
3.227000,0.012000,0.750000,0.270000,0.270000,0.250000,0.100000,0.250000,-0.250000,0.050000,0.500000, 
3.239000,0.012000,0.750000,0.270000,0.270000,0.250000,0.100000,0.250000,-0.250000,0.050000,0.500000, 
3.251000,0.012000,0.750000,0.270000,0.270000,0.250000,0.100000,0.250000,-0.250000,0.050000,0.500000, 
3.264000,0.013000,0.750000,0.270000,0.270000,0.250000,0.100000,0.250000,-0.250000,0.050000,0.500000, 
3.281000,0.017000,0.750000,0.270000,0.270000,0.250000,0.100000,0.250000,-0.250000,0.050000,0.500000, 
3.292000,0.011000,0.750000,0.270000,0.270000,0.250000,0.100000,0.250000,-0.250000,0.050000,0.500000, 
3.304000,0.012000,0.750000,0.270000,0.270000,0.250000,0.100000,0.250000,-0.250000,0.050000,0.500000, 
3.317000,0.013000,0.750000,0.270000,0.270000,0.250000,0.100000,0.250000,-0.250000,0.050000,0.500000, 
3.329000,0.012000,0.750000,0.270000,0.270000,0.250000,0.100000,0.250000,-0.250000,0.050000,0.500000, 
3.340000,0.011000,0.750000,0.270000,0.270000,0.250000,0.100000,0.250000,-0.250000,0.050000,0.500000, 
3.352000,0.012000,0.750000,0.270000,0.270000,0.250000,0.100000,0.250000,-0.250000,0.050000,0.500000, 
3.364000,0.012000,0.750000,0.270000,0.270000,0.250000,0.100000,0.250000,-0.250000,0.050000,0.500000, 
3.376000,0.012000,0.750000,0.270000,0.270000,0.250000,0.100000,0.250000,-0.250000,0.050000,0.500000, 
3.387000,0.011000,0.750000,0.270000,0.270000,0.250000,0.100000,0.250000,-0.250000,0.050000,0.500000, 
3.399000,0.012000,0.750000,0.270000,0.270000,0.250000,0.100000,0.250000,-0.250000,0.050000,0.500000, 
3.410000,0.011000,0.750000,0.270000,0.270000,0.250000,0.100000,0.250000,-0.250000,0.050000,0.500000, 
3.421000,0.011000,0.750000,0.270000,0.270000,0.250000,0.100000,0.250000,-0.250000,0.050000,0.500000, 
3.433000,0.012000,0.750000,0.270000,0.270000,0.250000,0.100000,0.250000,-0.250000,0.050000,0.500000, 
3.444000,0.011000,0.750000,0.270000,0.270000,0.250000,0.100000,0.250000,-0.250000,0.050000,0.500000, 
3.455000,0.011000,0.750000,0.270000,0.270000,0.250000,0.100000,0.250000,-0.250000,0.050000,0.500000, 
3.468000,0.013000,0.750000,0.270000,0.270000,0.250000,0.100000,0.250000,-0.250000,0.050000,0.500000, 
3.484000,0.016000,0.750000,0.270000,0.270000,0.250000,0.100000,0.250000,-0.250000,0.050000,0.500000, 
3.497000,0.013000,0.750000,0.270000,0.270000,0.250000,0.100000,0.250000,-0.250000,0.050000,0.500000, 
3.509000,0.012000,0.750000,0.270000,0.270000,0.250000,0.100000,0.250000,-0.250000,0.050000,0.500000, 
3.522000,0.013000,0.750000,0.260000,0.268850,0.250000,0.100000,0.250000,-0.250000,0.050000,0.500000, 
3.535000,0.013000,0.750000,0.260000,0.260000,0.250000,0.100000,0.250000,-0.250000,0.050000,0.500000, 
3.548000,0.013000,0.750000,0.260000,0.260000,0.250000,0.100000,0.250000,-0.250000,0.050000,0.500000, 
3.562000,0.014000,0.750000,0.260000,0.260000,0.250000,0.100000,0.250000,-0.250000,0.050000,0.500000, 
3.576000,0.014000,0.750000,0.260000,0.260000,0.250000,0.100000,0.250000,-0.250000,0.050000,0.500000, 
3.587000,0.011000,0.750000,0.260000,0.260000,0.250000,0.100000,0.250000,-0.250000,0.050000,0.500000, 
3.600000,0.013000,0.750000,0.260000,0.260000,0.250000,0.100000,0.250000,-0.250000,0.050000,0.500000, 
3.618000,0.018000,0.750000,0.260000,0.260000,0.250000,0.100000,0.250000,-0.250000,0.050000,0.500000, 
3.631000,0.013000,0.750000,0.270000,0.261150,0.250000,0.100000,0.250000,-0.250000,0.050000,0.500000, 
3.645000,0.014000,0.750000,0.270000,0.270000,0.250000,0.100000,0.250000,-0.250000,0.050000,0.500000, 
3.656000,0.011000,0.750000,0.270000,0.270000,0.250000,0.100000,0.250000,-0.250000,0.050000,0.500000, 
3.670000,0.014000,0.750000,0.270000,0.270000,0.250000,0.100000,0.250000,-0.250000,0.050000,0.500000, 
3.682000,0.012000,0.750000,0.270000,0.270000,0.250000,0.100000,0.250000,-0.250000,0.050000,0.500000, 
3.694000,0.012000,0.750000,0.270000,0.270000,0.250000,0.100000,0.250000,-0.250000,0.050000,0.500000, 
3.706000,0.012000,0.750000,0.270000,0.270000,0.250000,0.100000,0.250000,-0.250000,0.050000,0.500000, 
3.718000,0.012000,0.750000,0.270000,0.270000,0.250000,0.100000,0.250000,-0.250000,0.050000,0.500000, 
3.730000,0.012000,0.750000,0.270000,0.270000,0.250000,0.100000,0.250000,-0.250000,0.050000,0.500000, 
3.742000,0.012000,0.750000,0.270000,0.270000,0.250000,0.100000,0.250000,-0.250000,0.050000,0.500000, 
3.753000,0.011000,0.750000,0.270000,0.270000,0.250000,0.100000,0.250000,-0.250000,0.050000,0.500000, 
3.770000,0.017000,0.750000,0.270000,0.270000,0.250000,0.100000,0.250000,-0.250000,0.050000,0.500000, 
3.784000,0.014000,0.750000,0.270000,0.270000,0.250000,0.100000,0.250000,-0.250000,0.050000,0.500000, 
3.797000,0.013000,0.750000,0.270000,0.270000,0.250000,0.100000,0.250000,-0.250000,0.050000,0.500000, 
3.809000,0.012000,0.750000,0.270000,0.270000,0.250000,0.100000,0.250000,-0.250000,0.050000,0.500000, 
3.827000,0.018000,0.750000,0.270000,0.270000,0.250000,0.100000,0.250000,-0.250000,0.050000,0.500000, 
3.840000,0.013000,0.750000,0.260000,0.268850,0.250000,0.100000,0.250000,-0.250000,0.050000,0.500000, 
3.853000,0.013000,0.750000,0.260000,0.260000,0.250000,0.100000,0.250000,-0.250000,0.050000,0.500000, 
3.868000,0.015000,0.750000,0.260000,0.260000,0.250000,0.100000,0.250000,-0.250000,0.050000,0.500000, 
3.881000,0.013000,0.750000,0.260000,0.260000,0.250000,0.100000,0.250000,-0.250000,0.050000,0.500000, 
3.892000,0.011000,0.750000,0.260000,0.260000,0.250000,0.100000,0.250000,-0.250000,0.050000,0.500000, 
3.903000,0.011000,0.750000,0.260000,0.260000,0.250000,0.100000,0.250000,-0.250000,0.050000,0.500000, 
3.915000,0.012000,0.750000,0.260000,0.260000,0.250000,0.100000,0.250000,-0.250000,0.050000,0.500000, 
3.926000,0.011000,0.750000,0.270000,0.260991,0.250000,0.100000,0.250000,-0.250000,0.050000,0.500000, 
3.937000,0.011000,0.750000,0.270000,0.270000,0.250000,0.100000,0.250000,-0.250000,0.050000,0.500000, 
3.952000,0.015000,0.750000,0.270000,0.270000,0.250000,0.100000,0.250000,-0.250000,0.050000,0.500000, 
3.967000,0.015000,0.750000,0.270000,0.270000,0.250000,0.100000,0.250000,-0.250000,0.050000,0.500000, 
3.980000,0.013000,0.750000,0.270000,0.270000,0.250000,0.100000,0.250000,-0.250000,0.050000,0.500000, 
3.996000,0.016000,0.750000,0.270000,0.270000,0.250000,0.100000,0.250000,-0.250000,0.050000,0.500000, 
4.011000,0.015000,0.750000,0.270000,0.270000,0.250000,0.100000,0.250000,-0.250000,0.050000,0.500000, 
4.024000,0.013000,0.750000,0.270000,0.270000,0.250000,0.100000,0.250000,-0.250000,0.050000,0.500000, 
4.036000,0.012000,0.750000,0.270000,0.270000,0.250000,0.100000,0.250000,-0.250000,0.050000,0.500000, 
4.047000,0.011000,0.750000,0.270000,0.270000,0.250000,0.100000,0.250000,-0.250000,0.050000,0.500000, 
4.058000,0.011000,0.750000,0.270000,0.270000,0.250000,0.100000,0.250000,-0.250000,0.050000,0.500000, 
4.074000,0.016000,0.750000,0.270000,0.270000,0.250000,0.100000,0.250000,-0.250000,0.050000,0.500000, 
4.086000,0.012000,0.750000,0.270000,0.270000,0.250000,0.100000,0.250000,-0.250000,0.050000,0.500000, 
4.098000,0.012000,0.750000,0.270000,0.270000,0.250000,0.100000,0.250000,-0.250000,0.050000,0.500000, 
4.114000,0.016000,0.750000,0.270000,0.270000,0.250000,0.100000,0.250000,-0.250000,0.050000,0.500000, 
4.127000,0.013000,0.750000,0.270000,0.270000,0.250000,0.100000,0.250000,-0.250000,0.050000,0.500000, 
4.139000,0.012000,0.750000,0.270000,0.270000,0.250000,0.100000,0.250000,-0.250000,0.050000,0.500000, 
4.152000,0.013000,0.750000,0.270000,0.270000,0.250000,0.100000,0.250000,-0.250000,0.050000,0.500000, 
4.169000,0.017000,0.750000,0.270000,0.270000,0.250000,0.100000,0.250000,-0.250000,0.050000,0.500000, 
4.183000,0.014000,0.750000,0.270000,0.270000,0.250000,0.100000,0.250000,-0.250000,0.050000,0.500000, 
4.196000,0.013000,0.750000,0.270000,0.270000,0.250000,0.100000,0.250000,-0.250000,0.050000,0.500000, 
4.207000,0.011000,0.750000,0.270000,0.270000,0.250000,0.100000,0.250000,-0.250000,0.050000,0.500000, 
4.227000,0.020000,0.750000,0.270000,0.270000,0.250000,0.100000,0.250000,-0.250000,0.050000,0.500000, 
4.240000,0.013000,0.750000,0.270000,0.270000,0.250000,0.100000,0.250000,-0.250000,0.050000,0.500000, 
4.252000,0.012000,0.750000,0.270000,0.270000,0.250000,0.100000,0.250000,-0.250000,0.050000,0.500000, 
4.264000,0.012000,0.750000,0.270000,0.270000,0.250000,0.100000,0.250000,-0.250000,0.050000,0.500000, 
4.277000,0.013000,0.750000,0.270000,0.270000,0.250000,0.100000,0.250000,-0.250000,0.050000,0.500000, 
4.289000,0.012000,0.750000,0.270000,0.270000,0.250000,0.100000,0.250000,-0.250000,0.050000,0.500000, 
4.301000,0.012000,0.750000,0.270000,0.270000,0.250000,0.100000,0.250000,-0.250000,0.050000,0.500000, 
4.313000,0.012000,0.750000,0.270000,0.270000,0.250000,0.100000,0.250000,-0.250000,0.050000,0.500000, 
4.324000,0.011000,0.750000,0.270000,0.270000,0.250000,0.100000,0.250000,-0.250000,0.050000,0.500000, 
4.339000,0.015000,0.750000,0.270000,0.270000,0.250000,0.100000,0.250000,-0.250000,0.050000,0.500000, 
4.353000,0.014000,0.750000,0.270000,0.270000,0.250000,0.100000,0.250000,-0.250000,0.050000,0.500000, 
4.370000,0.017000,0.750000,0.270000,0.270000,0.250000,0.100000,0.250000,-0.250000,0.050000,0.500000, 
4.385000,0.015000,0.750000,0.270000,0.270000,0.250000,0.100000,0.250000,-0.250000,0.050000,0.500000, 
4.399000,0.014000,0.750000,0.270000,0.270000,0.250000,0.100000,0.250000,-0.250000,0.050000,0.500000, 
4.411000,0.012000,0.750000,0.270000,0.270000,0.250000,0.100000,0.250000,-0.250000,0.050000,0.500000, 
4.422000,0.011000,0.750000,0.270000,0.270000,0.250000,0.100000,0.250000,-0.250000,0.050000,0.500000, 
4.435000,0.013000,0.750000,0.270000,0.270000,0.250000,0.100000,0.250000,-0.250000,0.050000,0.500000, 
4.446000,0.011000,0.750000,0.270000,0.270000,0.250000,0.100000,0.250000,-0.250000,0.050000,0.500000, 
4.457000,0.011000,0.750000,0.270000,0.270000,0.250000,0.100000,0.250000,-0.250000,0.050000,0.500000, 
4.471000,0.014000,0.750000,0.270000,0.270000,0.250000,0.100000,0.250000,-0.250000,0.050000,0.500000, 
4.482000,0.011000,0.750000,0.270000,0.270000,0.250000,0.100000,0.250000,-0.250000,0.050000,0.500000, 
4.497000,0.015000,0.750000,0.270000,0.270000,0.250000,0.100000,0.250000,-0.250000,0.050000,0.500000, 
4.513000,0.016000,0.750000,0.270000,0.270000,0.250000,0.100000,0.250000,-0.250000,0.050000,0.500000, 
4.524000,0.011000,0.750000,0.270000,0.270000,0.250000,0.100000,0.250000,-0.250000,0.050000,0.500000, 
4.536000,0.012000,0.750000,0.270000,0.270000,0.250000,0.100000,0.250000,-0.250000,0.050000,0.500000, 
4.549000,0.013000,0.750000,0.270000,0.270000,0.250000,0.100000,0.250000,-0.250000,0.050000,0.500000, 
4.561000,0.012000,0.750000,0.270000,0.270000,0.250000,0.100000,0.250000,-0.250000,0.050000,0.500000, 
4.573000,0.012000,0.750000,0.270000,0.270000,0.250000,0.100000,0.250000,-0.250000,0.050000,0.500000, 
4.586000,0.013000,0.750000,0.270000,0.270000,0.250000,0.100000,0.250000,-0.250000,0.050000,0.500000, 
4.599000,0.013000,0.750000,0.270000,0.270000,0.250000,0.100000,0.250000,-0.250000,0.050000,0.500000, 
4.611000,0.012000,0.750000,0.270000,0.270000,0.250000,0.100000,0.250000,-0.250000,0.050000,0.500000, 
4.621000,0.010000,0.750000,0.270000,0.270000,0.250000,0.100000,0.250000,-0.250000,0.050000,0.500000, 
4.633000,0.012000,0.750000,0.270000,0.270000,0.250000,0.100000,0.250000,-0.250000,0.050000,0.500000, 
4.649000,0.016000,0.750000,0.270000,0.270000,0.250000,0.100000,0.250000,-0.250000,0.050000,0.500000, 
4.662000,0.013000,0.750000,0.270000,0.270000,0.250000,0.100000,0.250000,-0.250000,0.050000,0.500000, 
4.674000,0.012000,0.750000,0.270000,0.270000,0.250000,0.100000,0.250000,-0.250000,0.050000,0.500000, 
4.687000,0.013000,0.750000,0.270000,0.270000,0.250000,0.100000,0.250000,-0.250000,0.050000,0.500000, 
4.699000,0.012000,0.750000,0.270000,0.270000,0.250000,0.100000,0.250000,-0.250000,0.050000,0.500000, 
4.711000,0.012000,0.750000,0.270000,0.270000,0.250000,0.100000,0.250000,-0.250000,0.050000,0.500000, 
4.722000,0.011000,0.750000,0.270000,0.270000,0.250000,0.100000,0.250000,-0.250000,0.050000,0.500000, 
4.734000,0.012000,0.750000,0.270000,0.270000,0.250000,0.100000,0.250000,-0.250000,0.050000,0.500000, 
4.745000,0.011000,0.750000,0.270000,0.270000,0.250000,0.100000,0.250000,-0.250000,0.050000,0.500000, 
4.756000,0.011000,0.750000,0.270000,0.270000,0.250000,0.100000,0.250000,-0.250000,0.050000,0.500000, 
4.769000,0.013000,0.750000,0.270000,0.270000,0.250000,0.100000,0.250000,-0.250000,0.050000,0.500000, 
4.782000,0.013000,0.750000,0.270000,0.270000,0.250000,0.100000,0.250000,-0.250000,0.050000,0.500000, 
4.794000,0.012000,0.750000,0.270000,0.270000,0.250000,0.100000,0.250000,-0.250000,0.050000,0.500000, 
4.805000,0.011000,0.750000,0.270000,0.270000,0.250000,0.100000,0.250000,-0.250000,0.050000,0.500000, 
4.817000,0.012000,0.750000,0.270000,0.270000,0.250000,0.100000,0.250000,-0.250000,0.050000,0.500000, 
4.829000,0.012000,0.750000,0.270000,0.270000,0.250000,0.100000,0.250000,-0.250000,0.050000,0.500000, 
4.841000,0.012000,0.750000,0.270000,0.270000,0.250000,0.100000,0.250000,-0.250000,0.050000,0.500000, 
4.853000,0.012000,0.750000,0.270000,0.270000,0.250000,0.100000,0.250000,-0.250000,0.050000,0.500000, 
4.865000,0.012000,0.750000,0.270000,0.270000,0.250000,0.100000,0.250000,-0.250000,0.050000,0.500000, 
4.877000,0.012000,0.750000,0.270000,0.270000,0.250000,0.100000,0.250000,-0.250000,0.050000,0.500000, 
4.894000,0.017000,0.750000,0.270000,0.270000,0.250000,0.100000,0.250000,-0.250000,0.050000,0.500000, 
4.905000,0.011000,0.750000,0.270000,0.270000,0.250000,0.100000,0.250000,-0.250000,0.050000,0.500000, 
4.918000,0.013000,0.750000,0.260000,0.268850,0.250000,0.100000,0.250000,-0.250000,0.050000,0.500000, 
4.934000,0.016000,0.750000,0.260000,0.260000,0.250000,0.100000,0.250000,-0.250000,0.050000,0.500000, 
4.949000,0.015000,0.750000,0.260000,0.260000,0.250000,0.100000,0.250000,-0.250000,0.050000,0.500000, 
4.964000,0.015000,0.750000,0.260000,0.260000,0.250000,0.100000,0.250000,-0.250000,0.050000,0.500000, 
4.980000,0.016000,0.750000,0.260000,0.260000,0.250000,0.100000,0.250000,-0.250000,0.050000,0.500000, 
4.992000,0.012000,0.750000,0.260000,0.260000,0.250000,0.100000,0.250000,-0.250000,0.050000,0.500000, 
5.005000,0.013000,0.750000,0.260000,0.260000,0.250000,0.100000,0.250000,-0.250000,0.050000,0.500000, 
5.018000,0.013000,0.750000,0.260000,0.260000,0.250000,0.100000,0.250000,-0.250000,0.050000,0.500000, 
5.031000,0.013000,0.750000,0.260000,0.260000,0.250000,0.100000,0.250000,-0.250000,0.050000,0.500000, 
5.044000,0.013000,0.750000,0.260000,0.260000,0.250000,0.100000,0.250000,-0.250000,0.050000,0.500000, 
5.059000,0.015000,0.750000,0.260000,0.260000,0.250000,0.100000,0.250000,-0.250000,0.050000,0.500000, 
5.075000,0.016000,0.750000,0.260000,0.260000,0.250000,0.100000,0.250000,-0.250000,0.050000,0.500000, 
5.088000,0.013000,0.750000,0.260000,0.260000,0.250000,0.100000,0.250000,-0.250000,0.050000,0.500000, 
5.105000,0.017000,0.750000,0.260000,0.260000,0.250000,0.100000,0.250000,-0.250000,0.050000,0.500000, 
5.119000,0.014000,0.750000,0.260000,0.260000,0.250000,0.100000,0.250000,-0.250000,0.050000,0.500000, 
5.132000,0.013000,0.750000,0.260000,0.260000,0.250000,0.100000,0.250000,-0.250000,0.050000,0.500000, 
5.147000,0.015000,0.750000,0.260000,0.260000,0.250000,0.100000,0.250000,-0.250000,0.050000,0.500000, 
5.160000,0.013000,0.750000,0.260000,0.260000,0.250000,0.100000,0.250000,-0.250000,0.050000,0.500000, 
5.174000,0.014000,0.750000,0.260000,0.260000,0.250000,0.100000,0.250000,-0.250000,0.050000,0.500000, 
5.186000,0.012000,0.750000,0.260000,0.260000,0.250000,0.100000,0.250000,-0.250000,0.050000,0.500000, 
5.199000,0.013000,0.750000,0.260000,0.260000,0.250000,0.100000,0.250000,-0.250000,0.050000,0.500000, 
5.216000,0.017000,0.750000,0.260000,0.260000,0.250000,0.100000,0.250000,-0.250000,0.050000,0.500000, 
5.229000,0.013000,0.750000,0.260000,0.260000,0.250000,0.100000,0.250000,-0.250000,0.050000,0.500000, 
5.240000,0.011000,0.750000,0.260000,0.260000,0.250000,0.100000,0.250000,-0.250000,0.050000,0.500000, 
5.253000,0.013000,0.750000,0.260000,0.260000,0.250000,0.100000,0.250000,-0.250000,0.050000,0.500000, 
5.270000,0.017000,0.750000,0.260000,0.260000,0.250000,0.100000,0.250000,-0.250000,0.050000,0.500000, 
5.281000,0.011000,0.750000,0.260000,0.260000,0.250000,0.100000,0.250000,-0.250000,0.050000,0.500000, 
5.293000,0.012000,0.750000,0.260000,0.260000,0.250000,0.100000,0.250000,-0.250000,0.050000,0.500000, 
5.305000,0.012000,0.750000,0.260000,0.260000,0.250000,0.100000,0.250000,-0.250000,0.050000,0.500000, 
5.317000,0.012000,0.750000,0.260000,0.260000,0.250000,0.100000,0.250000,-0.250000,0.050000,0.500000, 
5.331000,0.014000,0.750000,0.260000,0.260000,0.250000,0.100000,0.250000,-0.250000,0.050000,0.500000, 
5.344000,0.013000,0.750000,0.260000,0.260000,0.250000,0.100000,0.250000,-0.250000,0.050000,0.500000, 
5.356000,0.012000,0.750000,0.260000,0.260000,0.250000,0.100000,0.250000,-0.250000,0.050000,0.500000, 
5.370000,0.014000,0.750000,0.260000,0.260000,0.250000,0.100000,0.250000,-0.250000,0.050000,0.500000, 
5.383000,0.013000,0.750000,0.260000,0.260000,0.250000,0.100000,0.250000,-0.250000,0.050000,0.500000, 
5.397000,0.014000,0.750000,0.260000,0.260000,0.250000,0.100000,0.250000,-0.250000,0.050000,0.500000, 
5.410000,0.013000,0.750000,0.260000,0.260000,0.250000,0.100000,0.250000,-0.250000,0.050000,0.500000, 
5.421000,0.011000,0.750000,0.260000,0.260000,0.250000,0.100000,0.250000,-0.250000,0.050000,0.500000, 
5.432000,0.011000,0.750000,0.260000,0.260000,0.250000,0.100000,0.250000,-0.250000,0.050000,0.500000, 
5.444000,0.012000,0.750000,0.260000,0.260000,0.250000,0.100000,0.250000,-0.250000,0.050000,0.500000, 
5.455000,0.011000,0.750000,0.260000,0.260000,0.250000,0.100000,0.250000,-0.250000,0.050000,0.500000, 
5.469000,0.014000,0.750000,0.260000,0.260000,0.250000,0.100000,0.250000,-0.250000,0.050000,0.500000, 
5.484000,0.015000,0.750000,0.260000,0.260000,0.250000,0.100000,0.250000,-0.250000,0.050000,0.500000, 
5.498000,0.014000,0.750000,0.260000,0.260000,0.250000,0.100000,0.250000,-0.250000,0.050000,0.500000, 
5.510000,0.012000,0.750000,0.260000,0.260000,0.250000,0.100000,0.250000,-0.250000,0.050000,0.500000, 
5.521000,0.011000,0.750000,0.270000,0.260991,0.250000,0.100000,0.250000,-0.250000,0.050000,0.500000, 
5.534000,0.013000,0.750000,0.270000,0.270000,0.250000,0.100000,0.250000,-0.250000,0.050000,0.500000, 
5.547000,0.013000,0.750000,0.270000,0.270000,0.250000,0.100000,0.250000,-0.250000,0.050000,0.500000, 
5.558000,0.011000,0.750000,0.270000,0.270000,0.250000,0.100000,0.250000,-0.250000,0.050000,0.500000, 
5.571000,0.013000,0.750000,0.270000,0.270000,0.250000,0.100000,0.250000,-0.250000,0.050000,0.500000, 
5.583000,0.012000,0.750000,0.270000,0.270000,0.250000,0.100000,0.250000,-0.250000,0.050000,0.500000, 
5.595000,0.012000,0.750000,0.270000,0.270000,0.250000,0.100000,0.250000,-0.250000,0.050000,0.500000, 
5.606000,0.011000,0.750000,0.270000,0.270000,0.250000,0.100000,0.250000,-0.250000,0.050000,0.500000, 
5.617000,0.011000,0.750000,0.270000,0.270000,0.250000,0.100000,0.250000,-0.250000,0.050000,0.500000, 
5.629000,0.012000,0.750000,0.260000,0.268929,0.250000,0.100000,0.250000,-0.250000,0.050000,0.500000, 
5.640000,0.011000,0.750000,0.260000,0.260000,0.250000,0.100000,0.250000,-0.250000,0.050000,0.500000, 
5.652000,0.012000,0.750000,0.260000,0.260000,0.250000,0.100000,0.250000,-0.250000,0.050000,0.500000, 
5.663000,0.011000,0.750000,0.260000,0.260000,0.250000,0.100000,0.250000,-0.250000,0.050000,0.500000, 
5.676000,0.013000,0.750000,0.260000,0.260000,0.250000,0.100000,0.250000,-0.250000,0.050000,0.500000, 
5.690000,0.014000,0.750000,0.260000,0.260000,0.250000,0.100000,0.250000,-0.250000,0.050000,0.500000, 
5.703000,0.013000,0.750000,0.260000,0.260000,0.250000,0.100000,0.250000,-0.250000,0.050000,0.500000, 
5.716000,0.013000,0.750000,0.260000,0.260000,0.250000,0.100000,0.250000,-0.250000,0.050000,0.500000, 
5.729000,0.013000,0.750000,0.270000,0.261150,0.250000,0.100000,0.250000,-0.250000,0.050000,0.500000, 
5.747000,0.018000,0.750000,0.270000,0.270000,0.250000,0.100000,0.250000,-0.250000,0.050000,0.500000, 
5.760000,0.013000,0.750000,0.270000,0.270000,0.250000,0.100000,0.250000,-0.250000,0.050000,0.500000, 
5.779000,0.019000,0.750000,0.270000,0.270000,0.250000,0.100000,0.250000,-0.250000,0.050000,0.500000, 
5.792000,0.013000,0.750000,0.270000,0.270000,0.250000,0.100000,0.250000,-0.250000,0.050000,0.500000, 
5.805000,0.013000,0.750000,0.270000,0.270000,0.250000,0.100000,0.250000,-0.250000,0.050000,0.500000, 
5.819000,0.014000,0.750000,0.270000,0.270000,0.250000,0.100000,0.250000,-0.250000,0.050000,0.500000, 
5.833000,0.014000,0.750000,0.260000,0.268772,0.250000,0.100000,0.250000,-0.250000,0.050000,0.500000, 
5.846000,0.013000,0.750000,0.260000,0.260000,0.250000,0.100000,0.250000,-0.250000,0.050000,0.500000, 
5.857000,0.011000,0.750000,0.260000,0.260000,0.250000,0.100000,0.250000,-0.250000,0.050000,0.500000, 
5.871000,0.014000,0.750000,0.260000,0.260000,0.250000,0.100000,0.250000,-0.250000,0.050000,0.500000, 
5.883000,0.012000,0.750000,0.260000,0.260000,0.250000,0.100000,0.250000,-0.250000,0.050000,0.500000, 
5.895000,0.012000,0.750000,0.260000,0.260000,0.250000,0.100000,0.250000,-0.250000,0.050000,0.500000, 
5.907000,0.012000,0.750000,0.260000,0.260000,0.250000,0.100000,0.250000,-0.250000,0.050000,0.500000, 
5.919000,0.012000,0.750000,0.260000,0.260000,0.250000,0.100000,0.250000,-0.250000,0.050000,0.500000, 
5.936000,0.017000,0.750000,0.270000,0.261453,0.250000,0.100000,0.250000,-0.250000,0.050000,0.500000, 
5.948000,0.012000,0.750000,0.270000,0.270000,0.250000,0.100000,0.250000,-0.250000,0.050000,0.500000, 
5.962000,0.014000,0.750000,0.270000,0.270000,0.250000,0.100000,0.250000,-0.250000,0.050000,0.500000, 
5.973000,0.011000,0.750000,0.270000,0.270000,0.250000,0.100000,0.250000,-0.250000,0.050000,0.500000, 
5.986000,0.013000,0.750000,0.270000,0.270000,0.250000,0.100000,0.250000,-0.250000,0.050000,0.500000, 
5.998000,0.012000,0.750000,0.270000,0.270000,0.250000,0.100000,0.250000,-0.250000,0.050000,0.500000, 
6.009000,0.011000,0.750000,0.270000,0.270000,0.250000,0.100000,0.250000,-0.250000,0.050000,0.500000, 
6.021000,0.012000,0.750000,0.270000,0.270000,0.250000,0.100000,0.250000,-0.250000,0.050000,0.500000, 
6.036000,0.015000,0.750000,0.270000,0.270000,0.250000,0.100000,0.250000,-0.250000,0.050000,0.500000, 
6.049000,0.013000,0.750000,0.270000,0.270000,0.250000,0.100000,0.250000,-0.250000,0.050000,0.500000, 
6.062000,0.013000,0.750000,0.270000,0.270000,0.250000,0.100000,0.250000,-0.250000,0.050000,0.500000, 
6.073000,0.011000,0.750000,0.270000,0.270000,0.250000,0.100000,0.250000,-0.250000,0.050000,0.500000, 
6.087000,0.014000,0.750000,0.270000,0.270000,0.250000,0.100000,0.250000,-0.250000,0.050000,0.500000, 
6.099000,0.012000,0.750000,0.270000,0.270000,0.250000,0.100000,0.250000,-0.250000,0.050000,0.500000, 
6.112000,0.013000,0.750000,0.270000,0.270000,0.250000,0.100000,0.250000,-0.250000,0.050000,0.500000, 
6.123000,0.011000,0.750000,0.260000,0.269009,0.250000,0.100000,0.250000,-0.250000,0.050000,0.500000, 
6.136000,0.013000,0.750000,0.260000,0.260000,0.250000,0.100000,0.250000,-0.250000,0.050000,0.500000, 
6.147000,0.011000,0.750000,0.260000,0.260000,0.250000,0.100000,0.250000,-0.250000,0.050000,0.500000, 
6.165000,0.018000,0.750000,0.260000,0.260000,0.250000,0.100000,0.250000,-0.250000,0.050000,0.500000, 
6.179000,0.014000,0.750000,0.260000,0.260000,0.250000,0.100000,0.250000,-0.250000,0.050000,0.500000, 
6.191000,0.012000,0.750000,0.260000,0.260000,0.250000,0.100000,0.250000,-0.250000,0.050000,0.500000, 
6.204000,0.013000,0.750000,0.260000,0.260000,0.250000,0.100000,0.250000,-0.250000,0.050000,0.500000, 
6.217000,0.013000,0.750000,0.260000,0.260000,0.250000,0.100000,0.250000,-0.250000,0.050000,0.500000, 
6.230000,0.013000,0.750000,0.260000,0.260000,0.250000,0.100000,0.250000,-0.250000,0.050000,0.500000, 
6.240000,0.010000,0.750000,0.260000,0.260000,0.250000,0.100000,0.250000,-0.250000,0.050000,0.500000, 
6.252000,0.012000,0.750000,0.260000,0.260000,0.250000,0.100000,0.250000,-0.250000,0.050000,0.500000, 
6.264000,0.012000,0.750000,0.260000,0.260000,0.250000,0.100000,0.250000,-0.250000,0.050000,0.500000, 
6.277000,0.013000,0.750000,0.260000,0.260000,0.250000,0.100000,0.250000,-0.250000,0.050000,0.500000, 
6.289000,0.012000,0.750000,0.260000,0.260000,0.250000,0.100000,0.250000,-0.250000,0.050000,0.500000, 
6.301000,0.012000,0.750000,0.260000,0.260000,0.250000,0.100000,0.250000,-0.250000,0.050000,0.500000, 
6.313000,0.012000,0.750000,0.260000,0.260000,0.250000,0.100000,0.250000,-0.250000,0.050000,0.500000, 
6.324000,0.011000,0.750000,0.260000,0.260000,0.250000,0.100000,0.250000,-0.250000,0.050000,0.500000, 
6.336000,0.012000,0.750000,0.260000,0.260000,0.250000,0.100000,0.250000,-0.250000,0.050000,0.500000, 
6.348000,0.012000,0.750000,0.260000,0.260000,0.250000,0.100000,0.250000,-0.250000,0.050000,0.500000, 
6.360000,0.012000,0.750000,0.260000,0.260000,0.250000,0.100000,0.250000,-0.250000,0.050000,0.500000, 
6.372000,0.012000,0.750000,0.260000,0.260000,0.250000,0.100000,0.250000,-0.250000,0.050000,0.500000, 
6.388000,0.016000,0.750000,0.260000,0.260000,0.250000,0.100000,0.250000,-0.250000,0.050000,0.500000, 
6.402000,0.014000,0.750000,0.260000,0.260000,0.250000,0.100000,0.250000,-0.250000,0.050000,0.500000, 
6.415000,0.013000,0.750000,0.260000,0.260000,0.250000,0.100000,0.250000,-0.250000,0.050000,0.500000, 
6.427000,0.012000,0.750000,0.270000,0.261071,0.250000,0.100000,0.250000,-0.250000,0.050000,0.500000, 
6.439000,0.012000,0.750000,0.270000,0.270000,0.250000,0.100000,0.250000,-0.250000,0.050000,0.500000, 
6.453000,0.014000,0.750000,0.270000,0.270000,0.250000,0.100000,0.250000,-0.250000,0.050000,0.500000, 
6.470000,0.017000,0.750000,0.270000,0.270000,0.250000,0.100000,0.250000,-0.250000,0.050000,0.500000, 
6.482000,0.012000,0.750000,0.270000,0.270000,0.250000,0.100000,0.250000,-0.250000,0.050000,0.500000, 
6.493000,0.011000,0.750000,0.270000,0.270000,0.250000,0.100000,0.250000,-0.250000,0.050000,0.500000, 
6.504000,0.011000,0.750000,0.270000,0.270000,0.250000,0.100000,0.250000,-0.250000,0.050000,0.500000, 
6.516000,0.012000,0.750000,0.270000,0.270000,0.250000,0.100000,0.250000,-0.250000,0.050000,0.500000, 
6.527000,0.011000,0.750000,0.260000,0.269009,0.250000,0.100000,0.250000,-0.250000,0.050000,0.500000, 
6.538000,0.011000,0.750000,0.260000,0.260000,0.250000,0.100000,0.250000,-0.250000,0.050000,0.500000, 
6.551000,0.013000,0.750000,0.260000,0.260000,0.250000,0.100000,0.250000,-0.250000,0.050000,0.500000, 
6.565000,0.014000,0.750000,0.260000,0.260000,0.250000,0.100000,0.250000,-0.250000,0.050000,0.500000, 
6.578000,0.013000,0.750000,0.260000,0.260000,0.250000,0.100000,0.250000,-0.250000,0.050000,0.500000, 
6.590000,0.012000,0.750000,0.260000,0.260000,0.250000,0.100000,0.250000,-0.250000,0.050000,0.500000, 
6.602000,0.012000,0.750000,0.260000,0.260000,0.250000,0.100000,0.250000,-0.250000,0.050000,0.500000, 
6.615000,0.013000,0.750000,0.260000,0.260000,0.250000,0.100000,0.250000,-0.250000,0.050000,0.500000, 
6.634000,0.019000,0.750000,0.270000,0.261597,0.250000,0.100000,0.250000,-0.250000,0.050000,0.500000, 
6.647000,0.013000,0.750000,0.270000,0.270000,0.250000,0.100000,0.250000,-0.250000,0.050000,0.500000, 
6.664000,0.017000,0.750000,0.270000,0.270000,0.250000,0.100000,0.250000,-0.250000,0.050000,0.500000, 
6.681000,0.017000,0.750000,0.270000,0.270000,0.250000,0.100000,0.250000,-0.250000,0.050000,0.500000, 
6.695000,0.014000,0.750000,0.270000,0.270000,0.250000,0.100000,0.250000,-0.250000,0.050000,0.500000, 
6.708000,0.013000,0.750000,0.270000,0.270000,0.250000,0.100000,0.250000,-0.250000,0.050000,0.500000, 
6.722000,0.014000,0.750000,0.260000,0.268772,0.250000,0.100000,0.250000,-0.250000,0.050000,0.500000, 
6.735000,0.013000,0.750000,0.260000,0.260000,0.250000,0.100000,0.250000,-0.250000,0.050000,0.500000, 
6.751000,0.016000,0.750000,0.260000,0.260000,0.250000,0.100000,0.250000,-0.250000,0.050000,0.500000, 
6.766000,0.015000,0.750000,0.260000,0.260000,0.250000,0.100000,0.250000,-0.250000,0.050000,0.500000, 
6.780000,0.014000,0.750000,0.260000,0.260000,0.250000,0.100000,0.250000,-0.250000,0.050000,0.500000, 
6.791000,0.011000,0.750000,0.260000,0.260000,0.250000,0.100000,0.250000,-0.250000,0.050000,0.500000, 
6.805000,0.014000,0.750000,0.260000,0.260000,0.250000,0.100000,0.250000,-0.250000,0.050000,0.500000, 
6.819000,0.014000,0.750000,0.260000,0.260000,0.250000,0.100000,0.250000,-0.250000,0.050000,0.500000, 
6.837000,0.018000,0.750000,0.260000,0.260000,0.250000,0.100000,0.250000,-0.250000,0.050000,0.500000, 
6.851000,0.014000,0.750000,0.260000,0.260000,0.250000,0.100000,0.250000,-0.250000,0.050000,0.500000, 
6.864000,0.013000,0.750000,0.260000,0.260000,0.250000,0.100000,0.250000,-0.250000,0.050000,0.500000, 
6.877000,0.013000,0.750000,0.260000,0.260000,0.250000,0.100000,0.250000,-0.250000,0.050000,0.500000, 
6.889000,0.012000,0.750000,0.260000,0.260000,0.250000,0.100000,0.250000,-0.250000,0.050000,0.500000, 
6.901000,0.012000,0.750000,0.260000,0.260000,0.250000,0.100000,0.250000,-0.250000,0.050000,0.500000, 
6.912000,0.011000,0.750000,0.260000,0.260000,0.250000,0.100000,0.250000,-0.250000,0.050000,0.500000, 
6.923000,0.011000,0.750000,0.260000,0.260000,0.250000,0.100000,0.250000,-0.250000,0.050000,0.500000, 
6.935000,0.012000,0.750000,0.260000,0.260000,0.250000,0.100000,0.250000,-0.250000,0.050000,0.500000, 
6.947000,0.012000,0.750000,0.260000,0.260000,0.250000,0.100000,0.250000,-0.250000,0.050000,0.500000, 
6.958000,0.011000,0.750000,0.260000,0.260000,0.250000,0.100000,0.250000,-0.250000,0.050000,0.500000, 
6.971000,0.013000,0.750000,0.260000,0.260000,0.250000,0.100000,0.250000,-0.250000,0.050000,0.500000, 
6.984000,0.013000,0.750000,0.260000,0.260000,0.250000,0.100000,0.250000,-0.250000,0.050000,0.500000, 
6.998000,0.014000,0.750000,0.260000,0.260000,0.250000,0.100000,0.250000,-0.250000,0.050000,0.500000, 
7.010000,0.012000,0.750000,0.260000,0.260000,0.250000,0.100000,0.250000,-0.250000,0.050000,0.500000, 
7.022000,0.012000,0.750000,0.260000,0.260000,0.250000,0.100000,0.250000,-0.250000,0.050000,0.500000, 
7.034000,0.012000,0.750000,0.260000,0.260000,0.250000,0.100000,0.250000,-0.250000,0.050000,0.500000, 
7.049000,0.015000,0.750000,0.260000,0.260000,0.250000,0.100000,0.250000,-0.250000,0.050000,0.500000, 
7.062000,0.013000,0.750000,0.260000,0.260000,0.250000,0.100000,0.250000,-0.250000,0.050000,0.500000, 
7.074000,0.012000,0.750000,0.260000,0.260000,0.250000,0.100000,0.250000,-0.250000,0.050000,0.500000, 
7.087000,0.013000,0.750000,0.260000,0.260000,0.250000,0.100000,0.250000,-0.250000,0.050000,0.500000, 
7.099000,0.012000,0.750000,0.260000,0.260000,0.250000,0.100000,0.250000,-0.250000,0.050000,0.500000, 
7.117000,0.018000,0.750000,0.260000,0.260000,0.250000,0.100000,0.250000,-0.250000,0.050000,0.500000, 
7.127000,0.010000,0.750000,0.260000,0.260000,0.250000,0.100000,0.250000,-0.250000,0.050000,0.500000, 
7.138000,0.011000,0.750000,0.260000,0.260000,0.250000,0.100000,0.250000,-0.250000,0.050000,0.500000, 
7.151000,0.013000,0.750000,0.260000,0.260000,0.250000,0.100000,0.250000,-0.250000,0.050000,0.500000, 
7.167000,0.016000,0.750000,0.260000,0.260000,0.250000,0.100000,0.250000,-0.250000,0.050000,0.500000, 
7.181000,0.014000,0.750000,0.260000,0.260000,0.250000,0.100000,0.250000,-0.250000,0.050000,0.500000, 
7.194000,0.013000,0.750000,0.260000,0.260000,0.250000,0.100000,0.250000,-0.250000,0.050000,0.500000, 
7.206000,0.012000,0.750000,0.260000,0.260000,0.250000,0.100000,0.250000,-0.250000,0.050000,0.500000, 
7.219000,0.013000,0.750000,0.260000,0.260000,0.250000,0.100000,0.250000,-0.250000,0.050000,0.500000, 
7.232000,0.013000,0.750000,0.260000,0.260000,0.250000,0.100000,0.250000,-0.250000,0.050000,0.500000, 
7.244000,0.012000,0.750000,0.260000,0.260000,0.250000,0.100000,0.250000,-0.250000,0.050000,0.500000, 
7.255000,0.011000,0.750000,0.260000,0.260000,0.250000,0.100000,0.250000,-0.250000,0.050000,0.500000, 
7.270000,0.015000,0.750000,0.260000,0.260000,0.250000,0.100000,0.250000,-0.250000,0.050000,0.500000, 
7.284000,0.014000,0.750000,0.260000,0.260000,0.250000,0.100000,0.250000,-0.250000,0.050000,0.500000, 
7.296000,0.012000,0.750000,0.260000,0.260000,0.250000,0.100000,0.250000,-0.250000,0.050000,0.500000, 
7.308000,0.012000,0.750000,0.260000,0.260000,0.250000,0.100000,0.250000,-0.250000,0.050000,0.500000, 
7.321000,0.013000,0.750000,0.260000,0.260000,0.250000,0.100000,0.250000,-0.250000,0.050000,0.500000, 
7.336000,0.015000,0.750000,0.260000,0.260000,0.250000,0.100000,0.250000,-0.250000,0.050000,0.500000, 
7.353000,0.017000,0.750000,0.260000,0.260000,0.250000,0.100000,0.250000,-0.250000,0.050000,0.500000, 
7.369000,0.016000,0.750000,0.260000,0.260000,0.250000,0.100000,0.250000,-0.250000,0.050000,0.500000, 
7.381000,0.012000,0.750000,0.260000,0.260000,0.250000,0.100000,0.250000,-0.250000,0.050000,0.500000, 
7.395000,0.014000,0.750000,0.260000,0.260000,0.250000,0.100000,0.250000,-0.250000,0.050000,0.500000, 
7.412000,0.017000,0.750000,0.260000,0.260000,0.250000,0.100000,0.250000,-0.250000,0.050000,0.500000, 
7.424000,0.012000,0.750000,0.260000,0.260000,0.250000,0.100000,0.250000,-0.250000,0.050000,0.500000, 
7.437000,0.013000,0.750000,0.260000,0.260000,0.250000,0.100000,0.250000,-0.250000,0.050000,0.500000, 
7.450000,0.013000,0.750000,0.260000,0.260000,0.250000,0.100000,0.250000,-0.250000,0.050000,0.500000, 
7.464000,0.014000,0.750000,0.260000,0.260000,0.250000,0.100000,0.250000,-0.250000,0.050000,0.500000, 
7.476000,0.012000,0.750000,0.260000,0.260000,0.250000,0.100000,0.250000,-0.250000,0.050000,0.500000, 
7.488000,0.012000,0.750000,0.260000,0.260000,0.250000,0.100000,0.250000,-0.250000,0.050000,0.500000, 
7.501000,0.013000,0.750000,0.260000,0.260000,0.250000,0.100000,0.250000,-0.250000,0.050000,0.500000, 
7.516000,0.015000,0.750000,0.260000,0.260000,0.250000,0.100000,0.250000,-0.250000,0.050000,0.500000, 
7.529000,0.013000,0.750000,0.260000,0.260000,0.250000,0.100000,0.250000,-0.250000,0.050000,0.500000, 
7.541000,0.012000,0.750000,0.260000,0.260000,0.250000,0.100000,0.250000,-0.250000,0.050000,0.500000, 
7.554000,0.013000,0.750000,0.260000,0.260000,0.250000,0.100000,0.250000,-0.250000,0.050000,0.500000, 
7.568000,0.014000,0.750000,0.260000,0.260000,0.250000,0.100000,0.250000,-0.250000,0.050000,0.500000, 
7.581000,0.013000,0.750000,0.260000,0.260000,0.250000,0.100000,0.250000,-0.250000,0.050000,0.500000, 
7.592000,0.011000,0.750000,0.260000,0.260000,0.250000,0.100000,0.250000,-0.250000,0.050000,0.500000, 
