60.902000,60.902000,1.000000,0.200000,0.199672,0.600000,0.100000,0.600000,-0.500000,0.050000,
60.916000,0.014000,1.000000,0.200000,0.200000,0.600000,0.100000,0.600000,-0.500000,0.050000,
60.931000,0.015000,1.000000,0.200000,0.200000,0.600000,0.100000,0.600000,-0.500000,0.050000,
60.939000,0.008000,1.000000,0.200000,0.200000,0.600000,0.100000,0.600000,-0.500000,0.050000,
60.949000,0.010000,1.000000,0.200000,0.200000,0.600000,0.100000,0.600000,-0.500000,0.050000,
60.961000,0.012000,1.000000,0.200000,0.200000,0.600000,0.100000,0.600000,-0.500000,0.050000,
60.971000,0.010000,1.000000,0.200000,0.200000,0.600000,0.100000,0.600000,-0.500000,0.050000,
60.982000,0.011000,1.000000,0.200000,0.200000,0.600000,0.100000,0.600000,-0.500000,0.050000,
60.995000,0.013000,1.000000,0.200000,0.200000,0.600000,0.100000,0.600000,-0.500000,0.050000,
61.004000,0.009000,1.000000,0.200000,0.200000,0.600000,0.100000,0.600000,-0.500000,0.050000,
61.015000,0.011000,1.000000,0.200000,0.200000,0.600000,0.100000,0.600000,-0.500000,0.050000,
61.028000,0.013000,1.000000,0.200000,0.200000,0.600000,0.100000,0.600000,-0.500000,0.050000,
61.037000,0.009000,1.000000,0.200000,0.200000,0.600000,0.100000,0.600000,-0.500000,0.050000,
61.048000,0.011000,1.000000,0.200000,0.200000,0.600000,0.100000,0.600000,-0.500000,0.050000,
61.060000,0.012000,1.000000,0.200000,0.200000,0.600000,0.100000,0.600000,-0.500000,0.050000,
61.072000,0.012000,1.000000,0.200000,0.200000,0.600000,0.100000,0.600000,-0.500000,0.050000,
61.082000,0.010000,1.000000,0.200000,0.200000,0.600000,0.100000,0.600000,-0.500000,0.050000,
61.095000,0.013000,1.000000,0.200000,0.200000,0.600000,0.100000,0.600000,-0.500000,0.050000,
61.106000,0.011000,1.000000,0.200000,0.200000,0.600000,0.100000,0.600000,-0.500000,0.050000,
61.115000,0.009000,1.000000,0.200000,0.200000,0.600000,0.100000,0.600000,-0.500000,0.050000,
61.128000,0.013000,1.000000,0.200000,0.200000,0.600000,0.100000,0.600000,-0.500000,0.050000,
61.137000,0.009000,1.000000,0.200000,0.200000,0.600000,0.100000,0.600000,-0.500000,0.050000,
61.149000,0.012000,1.000000,0.200000,0.200000,0.600000,0.100000,0.600000,-0.500000,0.050000,
61.161000,0.012000,1.000000,0.200000,0.200000,0.600000,0.100000,0.600000,-0.500000,0.050000,
61.171000,0.010000,1.000000,0.200000,0.200000,0.600000,0.100000,0.600000,-0.500000,0.050000,
61.184000,0.013000,1.000000,0.200000,0.200000,0.600000,0.100000,0.600000,-0.500000,0.050000,
61.195000,0.011000,1.000000,0.200000,0.200000,0.600000,0.100000,0.600000,-0.500000,0.050000,
61.204000,0.009000,1.000000,0.200000,0.200000,0.600000,0.100000,0.600000,-0.500000,0.050000,
61.215000,0.011000,1.000000,0.200000,0.200000,0.600000,0.100000,0.600000,-0.500000,0.050000,
61.230000,0.015000,1.000000,0.200000,0.200000,0.600000,0.100000,0.600000,-0.500000,0.050000,
61.238000,0.008000,1.000000,0.200000,0.200000,0.600000,0.100000,0.600000,-0.500000,0.050000,
61.248000,0.010000,1.000000,0.200000,0.200000,0.600000,0.100000,0.600000,-0.500000,0.050000,
61.259000,0.011000,1.000000,0.200000,0.200000,0.600000,0.100000,0.600000,-0.500000,0.050000,
61.271000,0.012000,1.000000,0.200000,0.200000,0.600000,0.100000,0.600000,-0.500000,0.050000,
61.283000,0.012000,1.000000,0.200000,0.200000,0.600000,0.100000,0.600000,-0.500000,0.050000,
61.294000,0.011000,1.000000,0.200000,0.200000,0.600000,0.100000,0.600000,-0.500000,0.050000,
61.306000,0.012000,1.000000,0.200000,0.200000,0.600000,0.100000,0.600000,-0.500000,0.050000,
61.316000,0.010000,1.000000,0.200000,0.200000,0.600000,0.100000,0.600000,-0.500000,0.050000,
61.327000,0.011000,1.000000,0.200000,0.200000,0.600000,0.100000,0.600000,-0.500000,0.050000,
61.338000,0.011000,1.000000,0.200000,0.200000,0.600000,0.100000,0.600000,-0.500000,0.050000,
61.349000,0.011000,1.000000,0.200000,0.200000,0.600000,0.100000,0.600000,-0.500000,0.050000,
61.360000,0.011000,1.000000,0.200000,0.200000,0.600000,0.100000,0.600000,-0.500000,0.050000,
61.370000,0.010000,1.000000,0.200000,0.200000,0.600000,0.100000,0.600000,-0.500000,0.050000,
61.386000,0.016000,1.000000,0.200000,0.200000,0.600000,0.100000,0.600000,-0.500000,0.050000,
61.396000,0.010000,1.000000,0.200000,0.200000,0.600000,0.100000,0.600000,-0.500000,0.050000,
61.406000,0.010000,1.000000,0.200000,0.200000,0.600000,0.100000,0.600000,-0.500000,0.050000,
61.418000,0.012000,1.000000,0.200000,0.200000,0.600000,0.100000,0.600000,-0.500000,0.050000,
61.432000,0.014000,1.000000,0.200000,0.200000,0.600000,0.100000,0.600000,-0.500000,0.050000,
61.441000,0.009000,1.000000,0.200000,0.200000,0.600000,0.100000,0.600000,-0.500000,0.050000,
61.450000,0.009000,1.000000,0.200000,0.200000,0.600000,0.100000,0.600000,-0.500000,0.050000,
61.463000,0.013000,1.000000,0.200000,0.200000,0.600000,0.100000,0.600000,-0.500000,0.050000,
61.473000,0.010000,1.000000,0.200000,0.200000,0.600000,0.100000,0.600000,-0.500000,0.050000,
61.483000,0.010000,1.000000,0.200000,0.200000,0.600000,0.100000,0.600000,-0.500000,0.050000,
61.494000,0.011000,1.000000,0.200000,0.200000,0.600000,0.100000,0.600000,-0.500000,0.050000,
61.508000,0.014000,1.000000,0.200000,0.200000,0.600000,0.100000,0.600000,-0.500000,0.050000,
61.516000,0.008000,1.000000,0.200000,0.200000,0.600000,0.100000,0.600000,-0.500000,0.050000,
61.527000,0.011000,1.000000,0.200000,0.200000,0.600000,0.100000,0.600000,-0.500000,0.050000,
61.539000,0.012000,1.000000,0.200000,0.200000,0.600000,0.100000,0.600000,-0.500000,0.050000,
61.550000,0.011000,1.000000,0.200000,0.200000,0.600000,0.100000,0.600000,-0.500000,0.050000,
61.562000,0.012000,1.000000,0.200000,0.200000,0.600000,0.100000,0.600000,-0.500000,0.050000,
61.575000,0.013000,1.000000,0.200000,0.200000,0.600000,0.100000,0.600000,-0.500000,0.050000,
61.587000,0.012000,1.000000,0.200000,0.200000,0.600000,0.100000,0.600000,-0.500000,0.050000,
61.597000,0.010000,1.000000,0.200000,0.200000,0.600000,0.100000,0.600000,-0.500000,0.050000,
61.613000,0.016000,1.000000,0.200000,0.200000,0.600000,0.100000,0.600000,-0.500000,0.050000,
61.621000,0.008000,1.000000,0.200000,0.200000,0.600000,0.100000,0.600000,-0.500000,0.050000,
61.632000,0.011000,1.000000,0.200000,0.200000,0.600000,0.100000,0.600000,-0.500000,0.050000,
61.645000,0.013000,1.000000,0.200000,0.200000,0.600000,0.100000,0.600000,-0.500000,0.050000,
61.654000,0.009000,1.000000,0.200000,0.200000,0.600000,0.100000,0.600000,-0.500000,0.050000,
61.665000,0.011000,1.000000,0.200000,0.200000,0.600000,0.100000,0.600000,-0.500000,0.050000,
61.676000,0.011000,1.000000,0.200000,0.200000,0.600000,0.100000,0.600000,-0.500000,0.050000,
61.686000,0.010000,1.000000,0.200000,0.200000,0.600000,0.100000,0.600000,-0.500000,0.050000,
61.701000,0.015000,1.000000,0.200000,0.200000,0.600000,0.100000,0.600000,-0.500000,0.050000,
61.712000,0.011000,1.000000,0.200000,0.200000,0.600000,0.100000,0.600000,-0.500000,0.050000,
61.722000,0.010000,1.000000,0.200000,0.200000,0.600000,0.100000,0.600000,-0.500000,0.050000,
61.732000,0.010000,1.000000,0.200000,0.200000,0.600000,0.100000,0.600000,-0.500000,0.050000,
61.746000,0.014000,1.000000,0.200000,0.200000,0.600000,0.100000,0.600000,-0.500000,0.050000,
61.755000,0.009000,1.000000,0.200000,0.200000,0.600000,0.100000,0.600000,-0.500000,0.050000,
61.766000,0.011000,1.000000,0.200000,0.200000,0.600000,0.100000,0.600000,-0.500000,0.050000,
61.777000,0.011000,1.000000,0.200000,0.200000,0.600000,0.100000,0.600000,-0.500000,0.050000,
61.790000,0.013000,1.000000,0.200000,0.200000,0.600000,0.100000,0.600000,-0.500000,0.050000,
61.799000,0.009000,1.000000,0.200000,0.200000,0.600000,0.100000,0.600000,-0.500000,0.050000,
61.810000,0.011000,1.000000,0.200000,0.200000,0.600000,0.100000,0.600000,-0.500000,0.050000,
61.823000,0.013000,1.000000,0.200000,0.200000,0.600000,0.100000,0.600000,-0.500000,0.050000,
61.833000,0.010000,1.000000,0.200000,0.200000,0.600000,0.100000,0.600000,-0.500000,0.050000,
61.844000,0.011000,1.000000,0.200000,0.200000,0.600000,0.100000,0.600000,-0.500000,0.050000,
61.855000,0.011000,1.000000,0.210000,0.200991,0.600000,0.100000,0.600000,-0.500000,0.050000,
61.867000,0.012000,1.000000,0.210000,0.210000,0.600000,0.100000,0.600000,-0.500000,0.050000,
61.877000,0.010000,1.000000,0.210000,0.210000,0.600000,0.100000,0.600000,-0.500000,0.050000,
61.888000,0.011000,1.000000,0.210000,0.210000,0.600000,0.100000,0.600000,-0.500000,0.050000,
61.899000,0.011000,1.000000,0.210000,0.210000,0.600000,0.100000,0.600000,-0.500000,0.050000,
61.911000,0.012000,1.000000,0.210000,0.210000,0.600000,0.100000,0.600000,-0.500000,0.050000,
61.925000,0.014000,1.000000,0.210000,0.210000,0.600000,0.100000,0.600000,-0.500000,0.050000,
61.933000,0.008000,1.000000,0.210000,0.210000,0.600000,0.100000,0.600000,-0.500000,0.050000,
61.946000,0.013000,1.000000,0.220000,0.211150,0.600000,0.100000,0.600000,-0.500000,0.050000,
61.955000,0.009000,1.000000,0.280000,0.224954,0.600000,0.100000,0.600000,-0.500000,0.050000,
61.966000,0.011000,1.000000,0.280000,0.280000,0.600000,0.100000,0.600000,-0.500000,0.050000,
61.981000,0.015000,1.000000,0.280000,0.280000,0.600000,0.100000,0.600000,-0.500000,0.050000,
61.993000,0.012000,1.000000,0.280000,0.280000,0.600000,0.100000,0.600000,-0.500000,0.050000,
62.001000,0.008000,1.000000,0.280000,0.280000,0.600000,0.100000,0.600000,-0.500000,0.050000,
62.014000,0.013000,1.000000,0.280000,0.280000,0.600000,0.100000,0.600000,-0.500000,0.050000,
62.028000,0.014000,1.000000,0.280000,0.280000,0.600000,0.100000,0.600000,-0.500000,0.050000,
62.036000,0.008000,1.000000,0.280000,0.280000,0.600000,0.100000,0.600000,-0.500000,0.050000,
62.051000,0.015000,1.000000,0.310000,0.283913,0.600000,0.100000,0.600000,-0.500000,0.050000,
62.062000,0.011000,1.000000,0.560000,0.334775,0.600000,0.100000,0.600000,-0.500000,0.050000,
62.071000,0.009000,1.000000,0.560000,0.560000,0.600000,0.100000,0.600000,-0.500000,0.050000,
62.081000,0.010000,1.000000,0.560000,0.560000,0.600000,0.100000,0.600000,-0.500000,0.050000,
62.092000,0.011000,1.000000,0.560000,0.560000,0.600000,0.100000,0.600000,-0.500000,0.050000,
62.109000,0.017000,1.000000,0.560000,0.560000,0.600000,0.100000,0.600000,-0.500000,0.050000,
62.118000,0.009000,1.000000,0.560000,0.560000,0.600000,0.100000,0.600000,-0.500000,0.050000,
62.129000,0.011000,1.000000,0.560000,0.560000,0.600000,0.100000,0.600000,-0.500000,0.050000,
62.142000,0.013000,1.000000,0.560000,0.560000,0.600000,0.100000,0.600000,-0.500000,0.050000,
62.151000,0.009000,1.000000,0.540000,0.558349,0.600000,0.100000,0.600000,-0.500000,0.050000,
62.165000,0.014000,1.000000,0.350000,0.516667,0.600000,0.100000,0.600000,-0.500000,0.050000,
62.175000,0.010000,1.000000,0.350000,0.350000,0.600000,0.100000,0.600000,-0.500000,0.050000,
62.186000,0.011000,1.000000,0.350000,0.350000,0.600000,0.100000,0.600000,-0.500000,0.050000,
62.197000,0.011000,1.000000,0.350000,0.350000,0.600000,0.100000,0.600000,-0.500000,0.050000,
62.213000,0.016000,1.000000,0.350000,0.350000,0.600000,0.100000,0.600000,-0.500000,0.050000,
62.223000,0.010000,1.000000,0.350000,0.350000,0.600000,0.100000,0.600000,-0.500000,0.050000,
62.233000,0.010000,1.000000,0.350000,0.350000,0.600000,0.100000,0.600000,-0.500000,0.050000,
62.247000,0.014000,1.000000,0.340000,0.348772,0.600000,0.100000,0.600000,-0.500000,0.050000,
62.254000,0.007000,1.000000,0.250000,0.334112,0.600000,0.100000,0.600000,-0.500000,0.050000,
62.267000,0.013000,1.000000,0.250000,0.250000,0.600000,0.100000,0.600000,-0.500000,0.050000,
62.279000,0.012000,1.000000,0.250000,0.250000,0.600000,0.100000,0.600000,-0.500000,0.050000,
62.287000,0.008000,1.000000,0.250000,0.250000,0.600000,0.100000,0.600000,-0.500000,0.050000,
62.299000,0.012000,1.000000,0.250000,0.250000,0.600000,0.100000,0.600000,-0.500000,0.050000,
62.314000,0.015000,1.000000,0.250000,0.250000,0.600000,0.100000,0.600000,-0.500000,0.050000,
62.321000,0.007000,1.000000,0.250000,0.250000,0.600000,0.100000,0.600000,-0.500000,0.050000,
62.332000,0.011000,1.000000,0.250000,0.250000,0.600000,0.100000,0.600000,-0.500000,0.050000,
62.346000,0.014000,1.000000,0.250000,0.250000,0.600000,0.100000,0.600000,-0.500000,0.050000,
62.354000,0.008000,1.000000,0.280000,0.252222,0.600000,0.100000,0.600000,-0.500000,0.050000,
62.366000,0.012000,1.000000,0.280000,0.280000,0.600000,0.100000,0.600000,-0.500000,0.050000,
62.377000,0.011000,1.000000,0.280000,0.280000,0.600000,0.100000,0.600000,-0.500000,0.050000,
62.391000,0.014000,1.000000,0.280000,0.280000,0.600000,0.100000,0.600000,-0.500000,0.050000,
62.403000,0.012000,1.000000,0.280000,0.280000,0.600000,0.100000,0.600000,-0.500000,0.050000,
62.416000,0.013000,1.000000,0.280000,0.280000,0.600000,0.100000,0.600000,-0.500000,0.050000,
62.430000,0.014000,1.000000,0.280000,0.280000,0.600000,0.100000,0.600000,-0.500000,0.050000,
62.441000,0.011000,1.000000,0.280000,0.280000,0.600000,0.100000,0.600000,-0.500000,0.050000,
62.450000,0.009000,1.000000,0.280000,0.280000,0.600000,0.100000,0.600000,-0.500000,0.050000,
62.463000,0.013000,1.000000,0.310000,0.283451,0.600000,0.100000,0.600000,-0.500000,0.050000,
62.474000,0.011000,1.000000,0.310000,0.310000,0.600000,0.100000,0.600000,-0.500000,0.050000,
62.484000,0.010000,1.000000,0.310000,0.310000,0.600000,0.100000,0.600000,-0.500000,0.050000,
62.494000,0.010000,1.000000,0.310000,0.310000,0.600000,0.100000,0.600000,-0.500000,0.050000,
62.507000,0.013000,1.000000,0.310000,0.310000,0.600000,0.100000,0.600000,-0.500000,0.050000,
62.517000,0.010000,1.000000,0.310000,0.310000,0.600000,0.100000,0.600000,-0.500000,0.050000,
62.528000,0.011000,1.000000,0.310000,0.310000,0.600000,0.100000,0.600000,-0.500000,0.050000,
62.539000,0.011000,1.000000,0.310000,0.310000,0.600000,0.100000,0.600000,-0.500000,0.050000,
62.549000,0.010000,1.000000,0.310000,0.310000,0.600000,0.100000,0.600000,-0.500000,0.050000,
62.560000,0.011000,1.000000,0.330000,0.311982,0.600000,0.100000,0.600000,-0.500000,0.050000,
62.573000,0.013000,1.000000,0.330000,0.330000,0.600000,0.100000,0.600000,-0.500000,0.050000,
62.582000,0.009000,1.000000,0.330000,0.330000,0.600000,0.100000,0.600000,-0.500000,0.050000,
62.593000,0.011000,1.000000,0.330000,0.330000,0.600000,0.100000,0.600000,-0.500000,0.050000,
62.605000,0.012000,1.000000,0.330000,0.330000,0.600000,0.100000,0.600000,-0.500000,0.050000,
62.616000,0.011000,1.000000,0.330000,0.330000,0.600000,0.100000,0.600000,-0.500000,0.050000,
62.629000,0.013000,1.000000,0.330000,0.330000,0.600000,0.100000,0.600000,-0.500000,0.050000,
62.638000,0.009000,1.000000,0.330000,0.330000,0.600000,0.100000,0.600000,-0.500000,0.050000,
62.649000,0.011000,1.000000,0.330000,0.330000,0.600000,0.100000,0.600000,-0.500000,0.050000,
62.664000,0.015000,1.000000,0.350000,0.332609,0.600000,0.100000,0.600000,-0.500000,0.050000,
62.672000,0.008000,1.000000,0.350000,0.350000,0.600000,0.100000,0.600000,-0.500000,0.050000,
62.683000,0.011000,1.000000,0.350000,0.350000,0.600000,0.100000,0.600000,-0.500000,0.050000,
62.695000,0.012000,1.000000,0.350000,0.350000,0.600000,0.100000,0.600000,-0.500000,0.050000,
62.712000,0.017000,1.000000,0.350000,0.350000,0.600000,0.100000,0.600000,-0.500000,0.050000,
62.719000,0.007000,1.000000,0.350000,0.350000,0.600000,0.100000,0.600000,-0.500000,0.050000,
62.730000,0.011000,1.000000,0.350000,0.350000,0.600000,0.100000,0.600000,-0.500000,0.050000,
62.744000,0.014000,1.000000,0.340000,0.348772,0.600000,0.100000,0.600000,-0.500000,0.050000,
62.752000,0.008000,1.000000,0.230000,0.331852,0.600000,0.100000,0.600000,-0.500000,0.050000,
62.765000,0.013000,1.000000,0.230000,0.230000,0.600000,0.100000,0.600000,-0.500000,0.050000,
62.775000,0.010000,1.000000,0.230000,0.230000,0.600000,0.100000,0.600000,-0.500000,0.050000,
62.787000,0.012000,1.000000,0.230000,0.230000,0.600000,0.100000,0.600000,-0.500000,0.050000,
62.796000,0.009000,1.000000,0.230000,0.230000,0.600000,0.100000,0.600000,-0.500000,0.050000,
62.808000,0.012000,1.000000,0.230000,0.230000,0.600000,0.100000,0.600000,-0.500000,0.050000,
62.819000,0.011000,1.000000,0.230000,0.230000,0.600000,0.100000,0.600000,-0.500000,0.050000,
62.830000,0.011000,1.000000,0.230000,0.230000,0.600000,0.100000,0.600000,-0.500000,0.050000,
62.842000,0.012000,1.000000,0.200000,0.226786,0.600000,0.100000,0.600000,-0.500000,0.050000,
62.852000,0.010000,1.000000,0.200000,0.200000,0.600000,0.100000,0.600000,-0.500000,0.050000,
62.863000,0.011000,1.000000,0.200000,0.200000,0.600000,0.100000,0.600000,-0.500000,0.050000,
62.875000,0.012000,1.000000,0.200000,0.200000,0.600000,0.100000,0.600000,-0.500000,0.050000,
62.889000,0.014000,1.000000,0.200000,0.200000,0.600000,0.100000,0.600000,-0.500000,0.050000,
62.897000,0.008000,1.000000,0.200000,0.200000,0.600000,0.100000,0.600000,-0.500000,0.050000,
62.912000,0.015000,1.000000,0.200000,0.200000,0.600000,0.100000,0.600000,-0.500000,0.050000,
62.920000,0.008000,1.000000,0.200000,0.200000,0.600000,0.100000,0.600000,-0.500000,0.050000,
62.933000,0.013000,1.000000,0.200000,0.200000,0.600000,0.100000,0.600000,-0.500000,0.050000,
62.945000,0.012000,1.000000,0.200000,0.200000,0.600000,0.100000,0.600000,-0.500000,0.050000,
62.954000,0.009000,1.000000,0.230000,0.202477,0.600000,0.100000,0.600000,-0.500000,0.050000,
62.965000,0.011000,1.000000,0.200000,0.227027,0.600000,0.100000,0.600000,-0.500000,0.050000,
62.977000,0.012000,1.000000,0.200000,0.200000,0.600000,0.100000,0.600000,-0.500000,0.050000,
62.988000,0.011000,1.000000,0.200000,0.200000,0.600000,0.100000,0.600000,-0.500000,0.050000,
62.998000,0.010000,1.000000,0.200000,0.200000,0.600000,0.100000,0.600000,-0.500000,0.050000,
63.009000,0.011000,1.000000,0.200000,0.200000,0.600000,0.100000,0.600000,-0.500000,0.050000,
63.020000,0.011000,1.000000,0.200000,0.200000,0.600000,0.100000,0.600000,-0.500000,0.050000,
63.033000,0.013000,1.000000,0.200000,0.200000,0.600000,0.100000,0.600000,-0.500000,0.050000,
63.043000,0.010000,1.000000,0.200000,0.200000,0.600000,0.100000,0.600000,-0.500000,0.050000,
63.053000,0.010000,1.000000,0.200000,0.200000,0.600000,0.100000,0.600000,-0.500000,0.050000,
63.065000,0.012000,1.000000,0.200000,0.200000,0.600000,0.100000,0.600000,-0.500000,0.050000,
63.078000,0.013000,1.000000,0.200000,0.200000,0.600000,0.100000,0.600000,-0.500000,0.050000,
63.087000,0.009000,1.000000,0.200000,0.200000,0.600000,0.100000,0.600000,-0.500000,0.050000,
63.098000,0.011000,1.000000,0.200000,0.200000,0.600000,0.100000,0.600000,-0.500000,0.050000,
63.114000,0.016000,1.000000,0.200000,0.200000,0.600000,0.100000,0.600000,-0.500000,0.050000,
63.121000,0.007000,1.000000,0.200000,0.200000,0.600000,0.100000,0.600000,-0.500000,0.050000,
63.132000,0.011000,1.000000,0.200000,0.200000,0.600000,0.100000,0.600000,-0.500000,0.050000,
63.145000,0.013000,1.000000,0.200000,0.200000,0.600000,0.100000,0.600000,-0.500000,0.050000,
63.154000,0.009000,1.000000,0.200000,0.200000,0.600000,0.100000,0.600000,-0.500000,0.050000,
63.165000,0.011000,1.000000,0.200000,0.200000,0.600000,0.100000,0.600000,-0.500000,0.050000,
63.177000,0.012000,1.000000,0.200000,0.200000,0.600000,0.100000,0.600000,-0.500000,0.050000,
63.188000,0.011000,1.000000,0.200000,0.200000,0.600000,0.100000,0.600000,-0.500000,0.050000,
63.199000,0.011000,1.000000,0.200000,0.200000,0.600000,0.100000,0.600000,-0.500000,0.050000,
63.209000,0.010000,1.000000,0.200000,0.200000,0.600000,0.100000,0.600000,-0.500000,0.050000,
63.220000,0.011000,1.000000,0.200000,0.200000,0.600000,0.100000,0.600000,-0.500000,0.050000,
63.231000,0.011000,1.000000,0.200000,0.200000,0.600000,0.100000,0.600000,-0.500000,0.050000,
63.243000,0.012000,1.000000,0.200000,0.200000,0.600000,0.100000,0.600000,-0.500000,0.050000,
63.253000,0.010000,1.000000,0.200000,0.200000,0.600000,0.100000,0.600000,-0.500000,0.050000,
63.266000,0.013000,1.000000,0.200000,0.200000,0.600000,0.100000,0.600000,-0.500000,0.050000,
63.280000,0.014000,1.000000,0.200000,0.200000,0.600000,0.100000,0.600000,-0.500000,0.050000,
63.291000,0.011000,1.000000,0.200000,0.200000,0.600000,0.100000,0.600000,-0.500000,0.050000,
63.309000,0.018000,1.000000,0.200000,0.200000,0.600000,0.100000,0.600000,-0.500000,0.050000,
63.328000,0.019000,1.000000,0.200000,0.200000,0.600000,0.100000,0.600000,-0.500000,0.050000,
63.344000,0.016000,1.000000,0.200000,0.200000,0.600000,0.100000,0.600000,-0.500000,0.050000,
63.354000,0.010000,1.000000,0.200000,0.200000,0.600000,0.100000,0.600000,-0.500000,0.050000,
63.365000,0.011000,1.000000,0.200000,0.200000,0.600000,0.100000,0.600000,-0.500000,0.050000,
63.377000,0.012000,1.000000,0.200000,0.200000,0.600000,0.100000,0.600000,-0.500000,0.050000,
63.387000,0.010000,1.000000,0.200000,0.200000,0.600000,0.100000,0.600000,-0.500000,0.050000,
63.397000,0.010000,1.000000,0.200000,0.200000,0.600000,0.100000,0.600000,-0.500000,0.050000,
63.411000,0.014000,1.000000,0.200000,0.200000,0.600000,0.100000,0.600000,-0.500000,0.050000,
63.420000,0.009000,1.000000,0.200000,0.200000,0.600000,0.100000,0.600000,-0.500000,0.050000,
63.431000,0.011000,1.000000,0.200000,0.200000,0.600000,0.100000,0.600000,-0.500000,0.050000,
63.444000,0.013000,1.000000,0.220000,0.202301,0.600000,0.100000,0.600000,-0.500000,0.050000,
63.452000,0.008000,1.000000,0.450000,0.237037,0.600000,0.100000,0.600000,-0.500000,0.050000,
63.466000,0.014000,1.000000,0.450000,0.450000,0.600000,0.100000,0.600000,-0.500000,0.050000,
63.478000,0.012000,1.000000,0.450000,0.450000,0.600000,0.100000,0.600000,-0.500000,0.050000,
63.487000,0.009000,1.000000,0.450000,0.450000,0.600000,0.100000,0.600000,-0.500000,0.050000,
63.498000,0.011000,1.000000,0.450000,0.450000,0.600000,0.100000,0.600000,-0.500000,0.050000,
63.510000,0.012000,1.000000,0.450000,0.450000,0.600000,0.100000,0.600000,-0.500000,0.050000,
63.519000,0.009000,1.000000,0.450000,0.450000,0.600000,0.100000,0.600000,-0.500000,0.050000,
63.531000,0.012000,1.000000,0.450000,0.450000,0.600000,0.100000,0.600000,-0.500000,0.050000,
63.543000,0.012000,1.000000,0.450000,0.450000,0.600000,0.100000,0.600000,-0.500000,0.050000,
63.553000,0.010000,1.000000,0.480000,0.452727,0.600000,0.100000,0.600000,-0.500000,0.050000,
63.564000,0.011000,1.000000,0.480000,0.480000,0.600000,0.100000,0.600000,-0.500000,0.050000,
63.577000,0.013000,1.000000,0.480000,0.480000,0.600000,0.100000,0.600000,-0.500000,0.050000,
63.588000,0.011000,1.000000,0.480000,0.480000,0.600000,0.100000,0.600000,-0.500000,0.050000,
63.597000,0.009000,1.000000,0.480000,0.480000,0.600000,0.100000,0.600000,-0.500000,0.050000,
63.613000,0.016000,1.000000,0.480000,0.480000,0.600000,0.100000,0.600000,-0.500000,0.050000,
63.620000,0.007000,1.000000,0.480000,0.480000,0.600000,0.100000,0.600000,-0.500000,0.050000,
63.632000,0.012000,1.000000,0.480000,0.480000,0.600000,0.100000,0.600000,-0.500000,0.050000,
63.648000,0.016000,1.000000,0.480000,0.480000,0.600000,0.100000,0.600000,-0.500000,0.050000,
63.655000,0.007000,1.000000,0.480000,0.480000,0.600000,0.100000,0.600000,-0.500000,0.050000,
63.667000,0.012000,1.000000,0.460000,0.477857,0.600000,0.100000,0.600000,-0.500000,0.050000,
63.678000,0.011000,1.000000,0.460000,0.460000,0.600000,0.100000,0.600000,-0.500000,0.050000,
63.687000,0.009000,1.000000,0.460000,0.460000,0.600000,0.100000,0.600000,-0.500000,0.050000,
63.699000,0.012000,1.000000,0.460000,0.460000,0.600000,0.100000,0.600000,-0.500000,0.050000,
63.713000,0.014000,1.000000,0.460000,0.460000,0.600000,0.100000,0.600000,-0.500000,0.050000,
63.723000,0.010000,1.000000,0.460000,0.460000,0.600000,0.100000,0.600000,-0.500000,0.050000,
63.732000,0.009000,1.000000,0.460000,0.460000,0.600000,0.100000,0.600000,-0.500000,0.050000,
63.747000,0.015000,1.000000,0.460000,0.460000,0.600000,0.100000,0.600000,-0.500000,0.050000,
63.760000,0.013000,1.000000,0.550000,0.470354,0.600000,0.100000,0.600000,-0.500000,0.050000,
63.769000,0.009000,1.000000,0.550000,0.550000,0.600000,0.100000,0.600000,-0.500000,0.050000,
63.781000,0.012000,1.000000,0.550000,0.550000,0.600000,0.100000,0.600000,-0.500000,0.050000,
63.793000,0.012000,1.000000,0.550000,0.550000,0.600000,0.100000,0.600000,-0.500000,0.050000,
63.802000,0.009000,1.000000,0.550000,0.550000,0.600000,0.100000,0.600000,-0.500000,0.050000,
63.815000,0.013000,1.000000,0.550000,0.550000,0.600000,0.100000,0.600000,-0.500000,0.050000,
63.827000,0.012000,1.000000,0.550000,0.550000,0.600000,0.100000,0.600000,-0.500000,0.050000,
63.836000,0.009000,1.000000,0.550000,0.550000,0.600000,0.100000,0.600000,-0.500000,0.050000,
63.846000,0.010000,1.000000,0.560000,0.550909,0.600000,0.100000,0.600000,-0.500000,0.050000,
63.860000,0.014000,1.000000,0.620000,0.567369,0.600000,0.100000,0.600000,-0.500000,0.050000,
63.870000,0.010000,1.000000,0.620000,0.620000,0.600000,0.100000,0.600000,-0.500000,0.050000,
63.881000,0.011000,1.000000,0.620000,0.620000,0.600000,0.100000,0.600000,-0.500000,0.050000,
63.892000,0.011000,1.000000,0.620000,0.620000,0.600000,0.100000,0.600000,-0.500000,0.050000,
63.903000,0.011000,1.000000,0.620000,0.620000,0.600000,0.100000,0.600000,-0.500000,0.050000,
63.914000,0.011000,1.000000,0.620000,0.620000,0.600000,0.100000,0.600000,-0.500000,0.050000,
63.927000,0.013000,1.000000,0.620000,0.620000,0.600000,0.100000,0.600000,-0.500000,0.050000,
63.940000,0.013000,1.000000,0.620000,0.620000,0.600000,0.100000,0.600000,-0.500000,0.050000,
63.949000,0.009000,1.000000,0.620000,0.620000,0.600000,0.100000,0.600000,-0.500000,0.050000,
63.961000,0.012000,1.000000,0.630000,0.621071,0.600000,0.100000,0.600000,-0.500000,0.050000,
63.970000,0.009000,1.000000,0.630000,0.630000,0.600000,0.100000,0.600000,-0.500000,0.050000,
63.981000,0.011000,1.000000,0.630000,0.630000,0.600000,0.100000,0.600000,-0.500000,0.050000,
63.996000,0.015000,1.000000,0.630000,0.630000,0.600000,0.100000,0.600000,-0.500000,0.050000,
64.008000,0.012000,1.000000,0.630000,0.630000,0.600000,0.100000,0.600000,-0.500000,0.050000,
64.016000,0.008000,1.000000,0.630000,0.630000,0.600000,0.100000,0.600000,-0.500000,0.050000,
64.030000,0.014000,1.000000,0.630000,0.630000,0.600000,0.100000,0.600000,-0.500000,0.050000,
64.038000,0.008000,1.000000,0.630000,0.630000,0.600000,0.100000,0.600000,-0.500000,0.050000,
64.051000,0.013000,1.000000,0.630000,0.630000,0.600000,0.100000,0.600000,-0.500000,0.050000,
64.063000,0.012000,1.000000,0.630000,0.630000,0.600000,0.100000,0.600000,-0.500000,0.050000,
64.072000,0.009000,1.000000,0.650000,0.631651,0.600000,0.100000,0.600000,-0.500000,0.050000,
64.082000,0.010000,1.000000,0.650000,0.650000,0.600000,0.100000,0.600000,-0.500000,0.050000,
64.095000,0.013000,1.000000,0.650000,0.650000,0.600000,0.100000,0.600000,-0.500000,0.050000,
64.111000,0.016000,1.000000,0.650000,0.650000,0.600000,0.100000,0.600000,-0.500000,0.050000,
64.120000,0.009000,1.000000,0.650000,0.650000,0.600000,0.100000,0.600000,-0.500000,0.050000,
64.131000,0.011000,1.000000,0.650000,0.650000,0.600000,0.100000,0.600000,-0.500000,0.050000,
64.144000,0.013000,1.000000,0.650000,0.650000,0.600000,0.100000,0.600000,-0.500000,0.050000,
64.153000,0.009000,1.000000,0.670000,0.651651,0.600000,0.100000,0.600000,-0.500000,0.050000,
64.163000,0.010000,1.000000,0.670000,0.670000,0.600000,0.100000,0.600000,-0.500000,0.050000,
64.175000,0.012000,1.000000,0.670000,0.670000,0.600000,0.100000,0.600000,-0.500000,0.050000,
64.187000,0.012000,1.000000,0.670000,0.670000,0.600000,0.100000,0.600000,-0.500000,0.050000,
64.198000,0.011000,1.000000,0.670000,0.670000,0.600000,0.100000,0.600000,-0.500000,0.050000,
64.209000,0.011000,1.000000,0.670000,0.670000,0.600000,0.100000,0.600000,-0.500000,0.050000,
64.225000,0.016000,1.000000,0.670000,0.670000,0.600000,0.100000,0.600000,-0.500000,0.050000,
64.235000,0.010000,1.000000,0.670000,0.670000,0.600000,0.100000,0.600000,-0.500000,0.050000,
64.246000,0.011000,1.000000,0.670000,0.670000,0.600000,0.100000,0.600000,-0.500000,0.050000,
64.256000,0.010000,1.000000,0.690000,0.671818,0.600000,0.100000,0.600000,-0.500000,0.050000,
64.267000,0.011000,1.000000,0.690000,0.690000,0.600000,0.100000,0.600000,-0.500000,0.050000,
64.279000,0.012000,1.000000,0.690000,0.690000,0.600000,0.100000,0.600000,-0.500000,0.050000,
64.290000,0.011000,1.000000,0.690000,0.690000,0.600000,0.100000,0.600000,-0.500000,0.050000,
64.303000,0.013000,1.000000,0.690000,0.690000,0.600000,0.100000,0.600000,-0.500000,0.050000,
64.314000,0.011000,1.000000,0.690000,0.690000,0.600000,0.100000,0.600000,-0.500000,0.050000,
64.327000,0.013000,1.000000,0.690000,0.690000,0.600000,0.100000,0.600000,-0.500000,0.050000,
64.336000,0.009000,1.000000,0.690000,0.690000,0.600000,0.100000,0.600000,-0.500000,0.050000,
64.349000,0.013000,1.000000,0.690000,0.690000,0.600000,0.100000,0.600000,-0.500000,0.050000,
64.362000,0.013000,1.000000,0.710000,0.692301,0.600000,0.100000,0.600000,-0.500000,0.050000,
64.371000,0.009000,1.000000,0.710000,0.710000,0.600000,0.100000,0.600000,-0.500000,0.050000,
64.381000,0.010000,1.000000,0.710000,0.710000,0.600000,0.100000,0.600000,-0.500000,0.050000,
64.394000,0.013000,1.000000,0.710000,0.710000,0.600000,0.100000,0.600000,-0.500000,0.050000,
64.403000,0.009000,1.000000,0.710000,0.710000,0.600000,0.100000,0.600000,-0.500000,0.050000,
64.415000,0.012000,1.000000,0.710000,0.710000,0.600000,0.100000,0.600000,-0.500000,0.050000,
64.427000,0.012000,1.000000,0.710000,0.710000,0.600000,0.100000,0.600000,-0.500000,0.050000,
64.437000,0.010000,1.000000,0.710000,0.710000,0.600000,0.100000,0.600000,-0.500000,0.050000,
64.448000,0.011000,1.000000,0.710000,0.710000,0.600000,0.100000,0.600000,-0.500000,0.050000,
64.459000,0.011000,1.000000,0.730000,0.711982,0.600000,0.100000,0.600000,-0.500000,0.050000,
64.469000,0.010000,1.000000,0.730000,0.730000,0.600000,0.100000,0.600000,-0.500000,0.050000,
64.482000,0.013000,1.000000,0.730000,0.730000,0.600000,0.100000,0.600000,-0.500000,0.050000,
64.492000,0.010000,1.000000,0.730000,0.730000,0.600000,0.100000,0.600000,-0.500000,0.050000,
64.512000,0.020000,1.000000,0.730000,0.730000,0.600000,0.100000,0.600000,-0.500000,0.050000,
64.520000,0.008000,1.000000,0.730000,0.730000,0.600000,0.100000,0.600000,-0.500000,0.050000,
64.531000,0.011000,1.000000,0.730000,0.730000,0.600000,0.100000,0.600000,-0.500000,0.050000,
64.546000,0.015000,1.000000,0.730000,0.730000,0.600000,0.100000,0.600000,-0.500000,0.050000,
64.554000,0.008000,1.000000,0.740000,0.730741,0.600000,0.100000,0.600000,-0.500000,0.050000,
64.564000,0.010000,1.000000,0.740000,0.740000,0.600000,0.100000,0.600000,-0.500000,0.050000,
64.578000,0.014000,1.000000,0.740000,0.740000,0.600000,0.100000,0.600000,-0.500000,0.050000,
64.588000,0.010000,1.000000,0.740000,0.740000,0.600000,0.100000,0.600000,-0.500000,0.050000,
64.597000,0.009000,1.000000,0.740000,0.740000,0.600000,0.100000,0.600000,-0.500000,0.050000,
64.614000,0.017000,1.000000,0.740000,0.740000,0.600000,0.100000,0.600000,-0.500000,0.050000,
64.621000,0.007000,1.000000,0.740000,0.740000,0.600000,0.100000,0.600000,-0.500000,0.050000,
64.636000,0.015000,1.000000,0.740000,0.740000,0.600000,0.100000,0.600000,-0.500000,0.050000,
64.648000,0.012000,1.000000,0.740000,0.740000,0.600000,0.100000,0.600000,-0.500000,0.050000,
64.658000,0.010000,1.000000,0.750000,0.740909,0.600000,0.100000,0.600000,-0.500000,0.050000,
64.668000,0.010000,1.000000,0.750000,0.750000,0.600000,0.100000,0.600000,-0.500000,0.050000,
64.679000,0.011000,1.000000,0.750000,0.750000,0.600000,0.100000,0.600000,-0.500000,0.050000,
64.690000,0.011000,1.000000,0.750000,0.750000,0.600000,0.100000,0.600000,-0.500000,0.050000,
64.701000,0.011000,1.000000,0.750000,0.750000,0.600000,0.100000,0.600000,-0.500000,0.050000,
64.718000,0.017000,1.000000,0.750000,0.750000,0.600000,0.100000,0.600000,-0.500000,0.050000,
64.729000,0.011000,1.000000,0.750000,0.750000,0.600000,0.100000,0.600000,-0.500000,0.050000,
64.738000,0.009000,1.000000,0.750000,0.750000,0.600000,0.100000,0.600000,-0.500000,0.050000,
64.750000,0.012000,1.000000,0.750000,0.750000,0.600000,0.100000,0.600000,-0.500000,0.050000,
64.761000,0.011000,1.000000,0.770000,0.751982,0.600000,0.100000,0.600000,-0.500000,0.050000,
64.771000,0.010000,1.000000,0.770000,0.770000,0.600000,0.100000,0.600000,-0.500000,0.050000,
64.782000,0.011000,1.000000,0.770000,0.770000,0.600000,0.100000,0.600000,-0.500000,0.050000,
64.794000,0.012000,1.000000,0.770000,0.770000,0.600000,0.100000,0.600000,-0.500000,0.050000,
64.808000,0.014000,1.000000,0.770000,0.770000,0.600000,0.100000,0.600000,-0.500000,0.050000,
64.817000,0.009000,1.000000,0.760000,0.769174,0.600000,0.100000,0.600000,-0.500000,0.050000,
64.830000,0.013000,1.000000,0.760000,0.760000,0.600000,0.100000,0.600000,-0.500000,0.050000,
64.839000,0.009000,1.000000,0.770000,0.760826,0.600000,0.100000,0.600000,-0.500000,0.050000,
64.850000,0.011000,1.000000,0.770000,0.770000,0.600000,0.100000,0.600000,-0.500000,0.050000,
64.866000,0.016000,1.000000,0.770000,0.770000,0.600000,0.100000,0.600000,-0.500000,0.050000,
64.876000,0.010000,1.000000,0.770000,0.770000,0.600000,0.100000,0.600000,-0.500000,0.050000,
64.885000,0.009000,1.000000,0.770000,0.770000,0.600000,0.100000,0.600000,-0.500000,0.050000,
64.896000,0.011000,1.000000,0.770000,0.770000,0.600000,0.100000,0.600000,-0.500000,0.050000,
64.911000,0.015000,1.000000,0.770000,0.770000,0.600000,0.100000,0.600000,-0.500000,0.050000,
64.919000,0.008000,1.000000,0.770000,0.770000,0.600000,0.100000,0.600000,-0.500000,0.050000,
64.932000,0.013000,1.000000,0.770000,0.770000,0.600000,0.100000,0.600000,-0.500000,0.050000,
64.942000,0.010000,1.000000,0.770000,0.770000,0.600000,0.100000,0.600000,-0.500000,0.050000,
64.951000,0.009000,1.000000,0.780000,0.770826,0.600000,0.100000,0.600000,-0.500000,0.050000,
64.963000,0.012000,1.000000,0.800000,0.782143,0.600000,0.100000,0.600000,-0.500000,0.050000,
64.976000,0.013000,1.000000,0.800000,0.800000,0.600000,0.100000,0.600000,-0.500000,0.050000,
64.987000,0.011000,1.000000,0.800000,0.800000,0.600000,0.100000,0.600000,-0.500000,0.050000,
65.000000,0.013000,1.000000,0.800000,0.800000,0.600000,0.100000,0.600000,-0.500000,0.050000,
65.013000,0.013000,1.000000,0.800000,0.800000,0.600000,0.100000,0.600000,-0.500000,0.050000,
65.022000,0.009000,1.000000,0.800000,0.800000,0.600000,0.100000,0.600000,-0.500000,0.050000,
65.033000,0.011000,1.000000,0.800000,0.800000,0.600000,0.100000,0.600000,-0.500000,0.050000,
65.045000,0.012000,1.000000,0.800000,0.800000,0.600000,0.100000,0.600000,-0.500000,0.050000,
65.054000,0.009000,1.000000,0.830000,0.802477,0.600000,0.100000,0.600000,-0.500000,0.050000,
65.067000,0.013000,1.000000,0.830000,0.830000,0.600000,0.100000,0.600000,-0.500000,0.050000,
65.076000,0.009000,1.000000,0.830000,0.830000,0.600000,0.100000,0.600000,-0.500000,0.050000,
65.088000,0.012000,1.000000,0.830000,0.830000,0.600000,0.100000,0.600000,-0.500000,0.050000,
65.099000,0.011000,1.000000,0.830000,0.830000,0.600000,0.100000,0.600000,-0.500000,0.050000,
65.111000,0.012000,1.000000,0.830000,0.830000,0.600000,0.100000,0.600000,-0.500000,0.050000,
65.122000,0.011000,1.000000,0.830000,0.830000,0.600000,0.100000,0.600000,-0.500000,0.050000,
65.132000,0.010000,1.000000,0.830000,0.830000,0.600000,0.100000,0.600000,-0.500000,0.050000,
65.146000,0.014000,1.000000,0.830000,0.830000,0.600000,0.100000,0.600000,-0.500000,0.050000,
65.155000,0.009000,1.000000,0.850000,0.831651,0.600000,0.100000,0.600000,-0.500000,0.050000,
65.165000,0.010000,1.000000,0.850000,0.850000,0.600000,0.100000,0.600000,-0.500000,0.050000,
65.178000,0.013000,1.000000,0.850000,0.850000,0.600000,0.100000,0.600000,-0.500000,0.050000,
65.188000,0.010000,1.000000,0.850000,0.850000,0.600000,0.100000,0.600000,-0.500000,0.050000,
65.199000,0.011000,1.000000,0.850000,0.850000,0.600000,0.100000,0.600000,-0.500000,0.050000,
65.213000,0.014000,1.000000,0.850000,0.850000,0.600000,0.100000,0.600000,-0.500000,0.050000,
65.223000,0.010000,1.000000,0.840000,0.849091,0.600000,0.100000,0.600000,-0.500000,0.050000,
65.232000,0.009000,1.000000,0.840000,0.840000,0.600000,0.100000,0.600000,-0.500000,0.050000,
65.245000,0.013000,1.000000,0.840000,0.840000,0.600000,0.100000,0.600000,-0.500000,0.050000,
65.254000,0.009000,1.000000,0.860000,0.841651,0.600000,0.100000,0.600000,-0.500000,0.050000,
65.266000,0.012000,1.000000,0.860000,0.860000,0.600000,0.100000,0.600000,-0.500000,0.050000,
65.278000,0.012000,1.000000,0.860000,0.860000,0.600000,0.100000,0.600000,-0.500000,0.050000,
65.288000,0.010000,1.000000,0.860000,0.860000,0.600000,0.100000,0.600000,-0.500000,0.050000,
65.298000,0.010000,1.000000,0.860000,0.860000,0.600000,0.100000,0.600000,-0.500000,0.050000,
65.310000,0.012000,1.000000,0.860000,0.860000,0.600000,0.100000,0.600000,-0.500000,0.050000,
65.321000,0.011000,1.000000,0.860000,0.860000,0.600000,0.100000,0.600000,-0.500000,0.050000,
65.332000,0.011000,1.000000,0.860000,0.860000,0.600000,0.100000,0.600000,-0.500000,0.050000,
65.344000,0.012000,1.000000,0.860000,0.860000,0.600000,0.100000,0.600000,-0.500000,0.050000,
65.355000,0.011000,1.000000,0.890000,0.862973,0.600000,0.100000,0.600000,-0.500000,0.050000,
65.365000,0.010000,1.000000,0.890000,0.890000,0.600000,0.100000,0.600000,-0.500000,0.050000,
65.377000,0.012000,1.000000,0.890000,0.890000,0.600000,0.100000,0.600000,-0.500000,0.050000,
65.388000,0.011000,1.000000,0.890000,0.890000,0.600000,0.100000,0.600000,-0.500000,0.050000,
65.398000,0.010000,1.000000,0.890000,0.890000,0.600000,0.100000,0.600000,-0.500000,0.050000,
65.411000,0.013000,1.000000,0.890000,0.890000,0.600000,0.100000,0.600000,-0.500000,0.050000,
65.425000,0.014000,1.000000,0.890000,0.890000,0.600000,0.100000,0.600000,-0.500000,0.050000,
65.433000,0.008000,1.000000,0.890000,0.890000,0.600000,0.100000,0.600000,-0.500000,0.050000,
65.446000,0.013000,1.000000,0.890000,0.890000,0.600000,0.100000,0.600000,-0.500000,0.050000,
65.457000,0.011000,1.000000,0.890000,0.890000,0.600000,0.100000,0.600000,-0.500000,0.050000,
65.467000,0.010000,1.000000,0.910000,0.891818,0.600000,0.100000,0.600000,-0.500000,0.050000,
65.479000,0.012000,1.000000,0.910000,0.910000,0.600000,0.100000,0.600000,-0.500000,0.050000,
65.489000,0.010000,1.000000,0.910000,0.910000,0.600000,0.100000,0.600000,-0.500000,0.050000,
65.500000,0.011000,1.000000,0.910000,0.910000,0.600000,0.100000,0.600000,-0.500000,0.050000,
65.514000,0.014000,1.000000,0.910000,0.910000,0.600000,0.100000,0.600000,-0.500000,0.050000,
65.522000,0.008000,1.000000,0.910000,0.910000,0.600000,0.100000,0.600000,-0.500000,0.050000,
65.533000,0.011000,1.000000,0.910000,0.910000,0.600000,0.100000,0.600000,-0.500000,0.050000,
65.546000,0.013000,1.000000,0.910000,0.910000,0.600000,0.100000,0.600000,-0.500000,0.050000,
65.557000,0.011000,1.000000,0.930000,0.911982,0.600000,0.100000,0.600000,-0.500000,0.050000,
65.566000,0.009000,1.000000,0.930000,0.930000,0.600000,0.100000,0.600000,-0.500000,0.050000,
65.577000,0.011000,1.000000,0.930000,0.930000,0.600000,0.100000,0.600000,-0.500000,0.050000,
65.591000,0.014000,1.000000,0.930000,0.930000,0.600000,0.100000,0.600000,-0.500000,0.050000,
65.603000,0.012000,1.000000,0.930000,0.930000,0.600000,0.100000,0.600000,-0.500000,0.050000,
65.614000,0.011000,1.000000,0.930000,0.930000,0.600000,0.100000,0.600000,-0.500000,0.050000,
65.628000,0.014000,1.000000,0.930000,0.930000,0.600000,0.100000,0.600000,-0.500000,0.050000,
65.635000,0.007000,1.000000,0.930000,0.930000,0.600000,0.100000,0.600000,-0.500000,0.050000,
65.647000,0.012000,1.000000,0.930000,0.930000,0.600000,0.100000,0.600000,-0.500000,0.050000,
65.660000,0.013000,1.000000,0.980000,0.935752,0.600000,0.100000,0.600000,-0.500000,0.050000,
65.669000,0.009000,1.000000,0.980000,0.980000,0.000000,0.100000,0.600000,-0.500000,0.050000,
65.680000,0.011000,1.000000,0.980000,0.980000,0.000000,0.100000,0.600000,-0.500000,0.050000,
65.692000,0.012000,1.000000,0.980000,0.980000,0.000000,0.100000,0.600000,-0.500000,0.050000,
65.701000,0.009000,1.000000,0.980000,0.980000,0.000000,0.100000,0.600000,-0.500000,0.050000,
65.712000,0.011000,1.000000,0.980000,0.980000,0.000000,0.100000,0.600000,-0.500000,0.050000,
65.724000,0.012000,1.000000,0.980000,0.980000,0.000000,0.100000,0.600000,-0.500000,0.050000,
65.735000,0.011000,1.000000,0.980000,0.980000,0.000000,0.100000,0.600000,-0.500000,0.050000,
65.748000,0.013000,1.000000,0.980000,0.980000,0.000000,0.100000,0.600000,-0.500000,0.050000,
65.759000,0.011000,1.000000,1.000000,0.981982,0.000000,0.100000,0.600000,-0.500000,0.050000,
65.772000,0.013000,1.000000,1.000000,1.000000,0.000000,0.100000,0.600000,-0.500000,0.050000,
65.780000,0.008000,1.000000,1.000000,1.000000,0.000000,0.100000,0.600000,-0.500000,0.050000,
65.794000,0.014000,1.000000,1.000000,1.000000,0.000000,0.100000,0.600000,-0.500000,0.050000,
65.804000,0.010000,1.000000,1.000000,1.000000,0.000000,0.100000,0.600000,-0.500000,0.050000,
65.819000,0.015000,1.000000,1.000000,1.000000,0.000000,0.100000,0.600000,-0.500000,0.050000,
65.833000,0.014000,1.000000,1.000000,1.000000,0.000000,0.100000,0.600000,-0.500000,0.050000,
65.842000,0.009000,1.000000,1.000000,1.000000,0.000000,0.100000,0.600000,-0.500000,0.050000,
65.852000,0.010000,1.000000,1.000000,1.000000,0.000000,0.100000,0.600000,-0.500000,0.050000,
65.864000,0.012000,1.000000,1.020000,1.002143,0.000000,0.100000,0.600000,-0.500000,0.050000,
65.875000,0.011000,1.000000,1.020000,1.020000,0.000000,0.100000,0.600000,-0.500000,0.050000,
65.884000,0.009000,1.000000,1.020000,1.020000,0.000000,0.100000,0.600000,-0.500000,0.050000,
65.895000,0.011000,1.000000,1.020000,1.020000,0.000000,0.100000,0.600000,-0.500000,0.050000,
65.910000,0.015000,1.000000,1.020000,1.020000,0.000000,0.100000,0.600000,-0.500000,0.050000,
65.917000,0.007000,1.000000,1.020000,1.020000,0.000000,0.100000,0.600000,-0.500000,0.050000,
65.930000,0.013000,1.000000,1.020000,1.020000,0.000000,0.100000,0.600000,-0.500000,0.050000,
65.942000,0.012000,1.000000,1.020000,1.020000,0.000000,0.100000,0.600000,-0.500000,0.050000,
65.951000,0.009000,1.000000,1.020000,1.020000,0.000000,0.100000,0.600000,-0.500000,0.050000,
65.962000,0.011000,1.000000,1.030000,1.020991,0.000000,0.100000,0.600000,-0.500000,0.050000,
65.976000,0.014000,1.000000,1.030000,1.030000,0.000000,0.100000,0.600000,-0.500000,0.050000,
65.985000,0.009000,1.000000,1.030000,1.030000,0.000000,0.100000,0.600000,-0.500000,0.050000,
65.996000,0.011000,1.000000,1.030000,1.030000,0.000000,0.100000,0.600000,-0.500000,0.050000,
66.011000,0.015000,1.000000,1.040000,1.031304,0.000000,0.100000,0.600000,-0.500000,0.050000,
66.018000,0.007000,1.000000,1.040000,1.040000,0.000000,0.100000,0.600000,-0.500000,0.050000,
66.030000,0.012000,1.000000,1.040000,1.040000,0.000000,0.100000,0.600000,-0.500000,0.050000,
66.042000,0.012000,1.000000,1.040000,1.040000,0.000000,0.100000,0.600000,-0.500000,0.050000,
66.051000,0.009000,1.000000,1.050000,1.040826,0.000000,0.100000,0.600000,-0.500000,0.050000,
66.063000,0.012000,1.000000,1.050000,1.050000,0.000000,0.100000,0.600000,-0.500000,0.050000,
66.074000,0.011000,1.000000,1.050000,1.050000,0.000000,0.100000,0.600000,-0.500000,0.050000,
66.084000,0.010000,1.000000,1.050000,1.050000,0.000000,0.100000,0.600000,-0.500000,0.050000,
66.095000,0.011000,1.000000,1.050000,1.050000,0.000000,0.100000,0.600000,-0.500000,0.050000,
66.109000,0.014000,1.000000,1.060000,1.051228,0.000000,0.100000,0.600000,-0.500000,0.050000,
66.117000,0.008000,1.000000,1.060000,1.060000,0.000000,0.100000,0.600000,-0.500000,0.050000,
66.129000,0.012000,1.000000,1.060000,1.060000,0.000000,0.100000,0.600000,-0.500000,0.050000,
66.141000,0.012000,1.000000,1.060000,1.060000,0.000000,0.100000,0.600000,-0.500000,0.050000,
66.154000,0.013000,1.000000,1.060000,1.060000,0.000000,0.100000,0.600000,-0.500000,0.050000,
66.163000,0.009000,1.000000,1.070000,1.060826,0.000000,0.100000,0.600000,-0.500000,0.050000,
66.176000,0.013000,1.000000,1.070000,1.070000,0.000000,0.100000,0.600000,-0.500000,0.050000,
66.186000,0.010000,1.000000,1.070000,1.070000,0.000000,0.100000,0.600000,-0.500000,0.050000,
66.196000,0.010000,1.000000,1.070000,1.070000,0.000000,0.100000,0.600000,-0.500000,0.050000,
66.212000,0.016000,1.000000,1.070000,1.070000,0.000000,0.100000,0.600000,-0.500000,0.050000,
66.220000,0.008000,1.000000,1.070000,1.070000,0.000000,0.100000,0.600000,-0.500000,0.050000,
66.232000,0.012000,1.000000,1.070000,1.070000,0.000000,0.100000,0.600000,-0.500000,0.050000,
66.245000,0.013000,1.000000,1.070000,1.070000,0.000000,0.100000,0.600000,-0.500000,0.050000,
66.254000,0.009000,1.000000,1.070000,1.070000,0.000000,0.100000,0.600000,-0.500000,0.050000,
66.265000,0.011000,1.000000,1.070000,1.070000,0.000000,0.100000,0.600000,-0.500000,0.050000,
66.276000,0.011000,1.000000,1.070000,1.070000,0.000000,0.100000,0.600000,-0.500000,0.050000,
66.285000,0.009000,1.000000,1.070000,1.070000,0.000000,0.100000,0.600000,-0.500000,0.050000,
66.297000,0.012000,1.000000,1.070000,1.070000,0.000000,0.100000,0.600000,-0.500000,0.050000,
66.311000,0.014000,1.000000,1.070000,1.070000,0.000000,0.100000,0.600000,-0.500000,0.050000,
66.319000,0.008000,1.000000,1.070000,1.070000,0.000000,0.100000,0.600000,-0.500000,0.050000,
66.330000,0.011000,1.000000,1.070000,1.070000,0.000000,0.100000,0.600000,-0.500000,0.050000,
66.342000,0.012000,1.000000,1.070000,1.070000,0.000000,0.100000,0.600000,-0.500000,0.050000,
66.352000,0.010000,1.000000,1.070000,1.070000,0.000000,0.100000,0.600000,-0.500000,0.050000,
66.363000,0.011000,1.000000,1.090000,1.071982,0.000000,0.100000,0.600000,-0.500000,0.050000,
66.378000,0.015000,1.000000,1.090000,1.090000,0.000000,0.100000,0.600000,-0.500000,0.050000,
66.387000,0.009000,1.000000,1.090000,1.090000,0.000000,0.100000,0.600000,-0.500000,0.050000,
66.400000,0.013000,1.000000,1.090000,1.090000,0.000000,0.100000,0.600000,-0.500000,0.050000,
66.416000,0.016000,1.000000,1.090000,1.090000,0.000000,0.100000,0.600000,-0.500000,0.050000,
66.427000,0.011000,1.000000,1.090000,1.090000,0.000000,0.100000,0.600000,-0.500000,0.050000,
66.437000,0.010000,1.000000,1.090000,1.090000,0.000000,0.100000,0.600000,-0.500000,0.050000,
66.447000,0.010000,1.000000,1.090000,1.090000,0.000000,0.100000,0.600000,-0.500000,0.050000,
66.459000,0.012000,1.000000,1.090000,1.090000,0.000000,0.100000,0.600000,-0.500000,0.050000,
66.469000,0.010000,1.000000,1.130000,1.093636,0.000000,0.100000,0.600000,-0.500000,0.050000,
66.480000,0.011000,1.000000,1.130000,1.130000,0.000000,0.100000,0.600000,-0.500000,0.050000,
66.491000,0.011000,1.000000,1.130000,1.130000,0.000000,0.100000,0.600000,-0.500000,0.050000,
66.505000,0.014000,1.000000,1.130000,1.130000,0.000000,0.100000,0.600000,-0.500000,0.050000,
66.516000,0.011000,1.000000,1.130000,1.130000,0.000000,0.100000,0.600000,-0.500000,0.050000,
66.528000,0.012000,1.000000,1.130000,1.130000,0.000000,0.100000,0.600000,-0.500000,0.050000,
66.537000,0.009000,1.000000,1.130000,1.130000,0.000000,0.100000,0.600000,-0.500000,0.050000,
66.549000,0.012000,1.000000,1.130000,1.130000,0.000000,0.100000,0.600000,-0.500000,0.050000,
66.561000,0.012000,1.000000,1.140000,1.131071,0.000000,0.100000,0.600000,-0.500000,0.050000,
66.571000,0.010000,1.000000,1.140000,1.140000,0.000000,0.100000,0.600000,-0.500000,0.050000,
66.583000,0.012000,1.000000,1.140000,1.140000,0.000000,0.100000,0.600000,-0.500000,0.050000,
66.594000,0.011000,1.000000,1.140000,1.140000,0.000000,0.100000,0.600000,-0.500000,0.050000,
66.604000,0.010000,1.000000,1.140000,1.140000,0.000000,0.100000,0.600000,-0.500000,0.050000,
66.615000,0.011000,1.000000,1.140000,1.140000,0.000000,0.100000,0.600000,-0.500000,0.050000,
66.628000,0.013000,1.000000,1.140000,1.140000,0.000000,0.100000,0.600000,-0.500000,0.050000,
66.637000,0.009000,1.000000,1.140000,1.140000,0.000000,0.100000,0.600000,-0.500000,0.050000,
66.649000,0.012000,1.000000,1.140000,1.140000,0.000000,0.100000,0.600000,-0.500000,0.050000,
66.661000,0.012000,1.000000,1.110000,1.136786,0.000000,0.100000,0.600000,-0.500000,0.050000,
66.672000,0.011000,1.000000,1.110000,1.110000,0.000000,0.100000,0.600000,-0.500000,0.050000,
66.686000,0.014000,1.000000,1.110000,1.110000,0.000000,0.100000,0.600000,-0.500000,0.050000,
66.697000,0.011000,1.000000,1.110000,1.110000,0.000000,0.100000,0.600000,-0.500000,0.050000,
66.715000,0.018000,1.000000,1.110000,1.110000,0.000000,0.100000,0.600000,-0.500000,0.050000,
66.726000,0.011000,1.000000,1.110000,1.110000,0.000000,0.100000,0.600000,-0.500000,0.050000,
66.735000,0.009000,1.000000,1.110000,1.110000,0.000000,0.100000,0.600000,-0.500000,0.050000,
66.747000,0.012000,1.000000,1.110000,1.110000,0.000000,0.100000,0.600000,-0.500000,0.050000,
66.756000,0.009000,1.000000,1.120000,1.110826,0.000000,0.100000,0.600000,-0.500000,0.050000,
66.767000,0.011000,1.000000,1.200000,1.127928,0.000000,0.100000,0.600000,-0.500000,0.050000,
66.779000,0.012000,1.000000,1.200000,1.200000,0.000000,0.100000,0.600000,-0.500000,0.050000,
66.792000,0.013000,1.000000,1.200000,1.200000,0.000000,0.100000,0.600000,-0.500000,0.050000,
66.801000,0.009000,1.000000,1.200000,1.200000,0.000000,0.100000,0.600000,-0.500000,0.050000,
66.815000,0.014000,1.000000,1.200000,1.200000,0.000000,0.100000,0.600000,-0.500000,0.050000,
66.825000,0.010000,1.000000,1.200000,1.200000,0.000000,0.100000,0.600000,-0.500000,0.050000,
66.835000,0.010000,1.000000,1.200000,1.200000,0.000000,0.100000,0.600000,-0.500000,0.050000,
66.846000,0.011000,1.000000,1.200000,1.200000,0.000000,0.100000,0.600000,-0.500000,0.050000,
66.855000,0.009000,1.000000,1.170000,1.197523,0.000000,0.100000,0.600000,-0.500000,0.050000,
66.867000,0.012000,1.000000,1.170000,1.170000,0.000000,0.100000,0.600000,-0.500000,0.050000,
66.878000,0.011000,1.000000,1.170000,1.170000,0.000000,0.100000,0.600000,-0.500000,0.050000,
66.890000,0.012000,1.000000,1.170000,1.170000,0.000000,0.100000,0.600000,-0.500000,0.050000,
66.900000,0.010000,1.000000,1.170000,1.170000,0.000000,0.100000,0.600000,-0.500000,0.050000,
66.918000,0.018000,1.000000,1.170000,1.170000,0.000000,0.100000,0.600000,-0.500000,0.050000,
66.930000,0.012000,1.000000,1.170000,1.170000,0.000000,0.100000,0.600000,-0.500000,0.050000,
66.942000,0.012000,1.000000,1.170000,1.170000,0.000000,0.100000,0.600000,-0.500000,0.050000,
66.951000,0.009000,1.000000,1.170000,1.170000,0.000000,0.100000,0.600000,-0.500000,0.050000,
66.964000,0.013000,1.000000,1.250000,1.179204,0.000000,0.100000,0.600000,-0.500000,0.050000,
66.980000,0.016000,1.000000,1.250000,1.250000,0.000000,0.100000,0.600000,-0.500000,0.050000,
66.992000,0.012000,1.000000,1.250000,1.250000,0.000000,0.100000,0.600000,-0.500000,0.050000,
67.003000,0.011000,1.000000,1.250000,1.250000,0.000000,0.100000,0.600000,-0.500000,0.050000,
67.016000,0.013000,1.000000,1.250000,1.250000,0.000000,0.100000,0.600000,-0.500000,0.050000,
67.028000,0.012000,1.000000,1.240000,1.248929,0.000000,0.100000,0.600000,-0.500000,0.050000,
67.037000,0.009000,1.000000,1.240000,1.240000,0.000000,0.100000,0.600000,-0.500000,0.050000,
67.049000,0.012000,1.000000,1.240000,1.240000,0.000000,0.100000,0.600000,-0.500000,0.050000,
67.061000,0.012000,1.000000,1.250000,1.241071,0.000000,0.100000,0.600000,-0.500000,0.050000,
67.071000,0.010000,1.000000,1.270000,1.251818,0.000000,0.100000,0.600000,-0.500000,0.050000,
67.084000,0.013000,1.000000,1.270000,1.270000,0.000000,0.100000,0.600000,-0.500000,0.050000,
67.094000,0.010000,1.000000,1.270000,1.270000,0.000000,0.100000,0.600000,-0.500000,0.050000,
67.107000,0.013000,1.000000,1.270000,1.270000,0.000000,0.100000,0.600000,-0.500000,0.050000,
67.119000,0.012000,1.000000,1.270000,1.270000,0.000000,0.100000,0.600000,-0.500000,0.050000,
67.130000,0.011000,1.000000,1.270000,1.270000,0.000000,0.100000,0.600000,-0.500000,0.050000,
67.141000,0.011000,1.000000,1.270000,1.270000,0.000000,0.100000,0.600000,-0.500000,0.050000,
67.151000,0.010000,1.000000,1.270000,1.270000,0.000000,0.100000,0.600000,-0.500000,0.050000,
67.161000,0.010000,1.000000,1.270000,1.270000,0.000000,0.100000,0.600000,-0.500000,0.050000,
67.173000,0.012000,1.000000,1.300000,1.273214,0.000000,0.100000,0.600000,-0.500000,0.050000,
67.184000,0.011000,1.000000,1.300000,1.300000,0.000000,0.100000,0.600000,-0.500000,0.050000,
67.198000,0.014000,1.000000,1.300000,1.300000,0.000000,0.100000,0.600000,-0.500000,0.050000,
67.211000,0.013000,1.000000,1.300000,1.300000,0.000000,0.100000,0.600000,-0.500000,0.050000,
67.218000,0.007000,1.000000,1.300000,1.300000,0.000000,0.100000,0.600000,-0.500000,0.050000,
67.231000,0.013000,1.000000,1.300000,1.300000,0.000000,0.100000,0.600000,-0.500000,0.050000,
67.242000,0.011000,1.000000,1.300000,1.300000,0.000000,0.100000,0.600000,-0.500000,0.050000,
67.252000,0.010000,1.000000,1.320000,1.301818,0.000000,0.100000,0.600000,-0.500000,0.050000,
67.263000,0.011000,1.000000,1.320000,1.320000,0.000000,0.100000,0.600000,-0.500000,0.050000,
67.274000,0.011000,1.000000,1.320000,1.320000,0.000000,0.100000,0.600000,-0.500000,0.050000,
67.284000,0.010000,1.000000,1.320000,1.320000,0.000000,0.100000,0.600000,-0.500000,0.050000,
67.295000,0.011000,1.000000,1.310000,1.319009,0.000000,0.100000,0.600000,-0.500000,0.050000,
67.309000,0.014000,1.000000,1.310000,1.310000,0.000000,0.100000,0.600000,-0.500000,0.050000,
67.317000,0.008000,1.000000,1.310000,1.310000,0.000000,0.100000,0.600000,-0.500000,0.050000,
67.329000,0.012000,1.000000,1.310000,1.310000,0.000000,0.100000,0.600000,-0.500000,0.050000,
67.341000,0.012000,1.000000,1.310000,1.310000,0.000000,0.100000,0.600000,-0.500000,0.050000,
67.351000,0.010000,1.000000,1.310000,1.310000,0.000000,0.100000,0.600000,-0.500000,0.050000,
67.362000,0.011000,1.000000,1.330000,1.311982,0.000000,0.100000,0.600000,-0.500000,0.050000,
67.374000,0.012000,1.000000,1.330000,1.330000,0.000000,0.100000,0.600000,-0.500000,0.050000,
67.384000,0.010000,1.000000,1.330000,1.330000,0.000000,0.100000,0.600000,-0.500000,0.050000,
67.395000,0.011000,1.000000,1.330000,1.330000,0.000000,0.100000,0.600000,-0.500000,0.050000,
67.407000,0.012000,1.000000,1.330000,1.330000,0.000000,0.100000,0.600000,-0.500000,0.050000,
67.417000,0.010000,1.000000,1.330000,1.330000,0.000000,0.100000,0.600000,-0.500000,0.050000,
67.429000,0.012000,1.000000,1.340000,1.331071,0.000000,0.100000,0.600000,-0.500000,0.050000,
67.441000,0.012000,1.000000,1.340000,1.340000,0.000000,0.100000,0.600000,-0.500000,0.050000,
67.452000,0.011000,1.000000,1.340000,1.340000,0.000000,0.100000,0.600000,-0.500000,0.050000,
67.462000,0.010000,1.000000,1.390000,1.344545,0.000000,0.100000,0.600000,-0.500000,0.050000,
67.474000,0.012000,1.000000,1.390000,1.390000,0.000000,0.100000,0.600000,-0.500000,0.050000,
67.484000,0.010000,1.000000,1.390000,1.390000,0.000000,0.100000,0.600000,-0.500000,0.050000,
67.495000,0.011000,1.000000,1.390000,1.390000,0.000000,0.100000,0.600000,-0.500000,0.050000,
67.509000,0.014000,1.000000,1.390000,1.390000,0.000000,0.100000,0.600000,-0.500000,0.050000,
67.517000,0.008000,1.000000,1.390000,1.390000,0.000000,0.100000,0.600000,-0.500000,0.050000,
67.528000,0.011000,1.000000,1.400000,1.390991,0.000000,0.100000,0.600000,-0.500000,0.050000,
67.542000,0.014000,1.000000,1.400000,1.400000,0.000000,0.100000,0.600000,-0.500000,0.050000,
67.554000,0.012000,1.000000,1.390000,1.398929,0.000000,0.100000,0.600000,-0.500000,0.050000,
67.566000,0.012000,1.000000,1.370000,1.387857,0.000000,0.100000,0.600000,-0.500000,0.050000,
67.579000,0.013000,1.000000,1.370000,1.370000,0.000000,0.100000,0.600000,-0.500000,0.050000,
67.590000,0.011000,1.000000,1.370000,1.370000,0.000000,0.100000,0.600000,-0.500000,0.050000,
67.599000,0.009000,1.000000,1.370000,1.370000,0.000000,0.100000,0.600000,-0.500000,0.050000,
67.615000,0.016000,1.000000,1.370000,1.370000,0.000000,0.100000,0.600000,-0.500000,0.050000,
67.622000,0.007000,1.000000,1.370000,1.370000,0.000000,0.100000,0.600000,-0.500000,0.050000,
67.633000,0.011000,1.000000,1.370000,1.370000,0.000000,0.100000,0.600000,-0.500000,0.050000,
67.647000,0.014000,1.000000,1.370000,1.370000,0.000000,0.100000,0.600000,-0.500000,0.050000,
67.659000,0.012000,1.000000,1.390000,1.372143,0.000000,0.100000,0.600000,-0.500000,0.050000,
67.669000,0.010000,1.000000,1.390000,1.390000,0.000000,0.100000,0.600000,-0.500000,0.050000,
67.679000,0.010000,1.000000,1.390000,1.390000,0.000000,0.100000,0.600000,-0.500000,0.050000,
67.692000,0.013000,1.000000,1.390000,1.390000,0.000000,0.100000,0.600000,-0.500000,0.050000,
67.701000,0.009000,1.000000,1.390000,1.390000,0.000000,0.100000,0.600000,-0.500000,0.050000,
67.717000,0.016000,1.000000,1.390000,1.390000,0.000000,0.100000,0.600000,-0.500000,0.050000,
67.727000,0.010000,1.000000,1.390000,1.390000,0.000000,0.100000,0.600000,-0.500000,0.050000,
67.735000,0.008000,1.000000,1.390000,1.390000,0.000000,0.100000,0.600000,-0.500000,0.050000,
67.748000,0.013000,1.000000,1.390000,1.390000,0.000000,0.100000,0.600000,-0.500000,0.050000,
67.763000,0.015000,1.000000,1.390000,1.390000,0.000000,0.100000,0.600000,-0.500000,0.050000,
67.771000,0.008000,1.000000,1.420000,1.392222,0.000000,0.100000,0.600000,-0.500000,0.050000,
67.781000,0.010000,1.000000,1.420000,1.420000,0.000000,0.100000,0.600000,-0.500000,0.050000,
67.794000,0.013000,1.000000,1.420000,1.420000,0.000000,0.100000,0.600000,-0.500000,0.050000,
67.808000,0.014000,1.000000,1.420000,1.420000,0.000000,0.100000,0.600000,-0.500000,0.050000,
67.818000,0.010000,1.000000,1.420000,1.420000,0.000000,0.100000,0.600000,-0.500000,0.050000,
67.831000,0.013000,1.000000,1.420000,1.420000,0.000000,0.100000,0.600000,-0.500000,0.050000,
67.843000,0.012000,1.000000,1.420000,1.420000,0.000000,0.100000,0.600000,-0.500000,0.050000,
67.852000,0.009000,1.000000,1.420000,1.420000,0.000000,0.100000,0.600000,-0.500000,0.050000,
67.864000,0.012000,1.000000,1.430000,1.421071,0.000000,0.100000,0.600000,-0.500000,0.050000,
67.875000,0.011000,1.000000,1.430000,1.430000,0.000000,0.100000,0.600000,-0.500000,0.050000,
67.885000,0.010000,1.000000,1.430000,1.430000,0.000000,0.100000,0.600000,-0.500000,0.050000,
67.896000,0.011000,1.000000,1.430000,1.430000,0.000000,0.100000,0.600000,-0.500000,0.050000,
67.909000,0.013000,1.000000,1.430000,1.430000,0.000000,0.100000,0.600000,-0.500000,0.050000,
67.920000,0.011000,1.000000,1.430000,1.430000,0.000000,0.100000,0.600000,-0.500000,0.050000,
67.930000,0.010000,1.000000,1.430000,1.430000,0.000000,0.100000,0.600000,-0.500000,0.050000,
67.943000,0.013000,1.000000,1.430000,1.430000,0.000000,0.100000,0.600000,-0.500000,0.050000,
67.953000,0.010000,1.000000,1.420000,1.429091,0.000000,0.100000,0.600000,-0.500000,0.050000,
67.964000,0.011000,1.000000,1.380000,1.416036,0.000000,0.100000,0.600000,-0.500000,0.050000,
67.977000,0.013000,1.000000,1.380000,1.380000,0.000000,0.100000,0.600000,-0.500000,0.050000,
67.987000,0.010000,1.000000,1.380000,1.380000,0.000000,0.100000,0.600000,-0.500000,0.050000,
67.997000,0.010000,1.000000,1.380000,1.380000,0.000000,0.100000,0.600000,-0.500000,0.050000,
68.011000,0.014000,1.000000,1.380000,1.380000,0.000000,0.100000,0.600000,-0.500000,0.050000,
68.019000,0.008000,1.000000,1.380000,1.380000,0.000000,0.100000,0.600000,-0.500000,0.050000,
68.034000,0.015000,1.000000,1.380000,1.380000,0.000000,0.100000,0.600000,-0.500000,0.050000,
68.045000,0.011000,1.000000,1.380000,1.380000,0.000000,0.100000,0.600000,-0.500000,0.050000,
68.052000,0.007000,1.000000,1.380000,1.380000,0.000000,0.100000,0.600000,-0.500000,0.050000,
68.064000,0.012000,1.000000,1.430000,1.385357,0.000000,0.100000,0.600000,-0.500000,0.050000,
68.077000,0.013000,1.000000,1.430000,1.430000,0.000000,0.100000,0.600000,-0.500000,0.050000,
68.087000,0.010000,1.000000,1.430000,1.430000,0.000000,0.100000,0.600000,-0.500000,0.050000,
68.098000,0.011000,1.000000,1.430000,1.430000,0.000000,0.100000,0.600000,-0.500000,0.050000,
68.114000,0.016000,1.000000,1.430000,1.430000,0.000000,0.100000,0.600000,-0.500000,0.050000,
68.125000,0.011000,1.000000,1.430000,1.430000,0.000000,0.100000,0.600000,-0.500000,0.050000,
68.134000,0.009000,1.000000,1.430000,1.430000,0.000000,0.100000,0.600000,-0.500000,0.050000,
68.146000,0.012000,1.000000,1.430000,1.430000,0.000000,0.100000,0.600000,-0.500000,0.050000,
68.155000,0.009000,1.000000,1.390000,1.426697,0.000000,0.100000,0.600000,-0.500000,0.050000,
68.166000,0.011000,1.000000,1.390000,1.390000,0.000000,0.100000,0.600000,-0.500000,0.050000,
68.177000,0.011000,1.000000,1.390000,1.390000,0.000000,0.100000,0.600000,-0.500000,0.050000,
68.189000,0.012000,1.000000,1.390000,1.390000,0.000000,0.100000,0.600000,-0.500000,0.050000,
68.199000,0.010000,1.000000,1.390000,1.390000,0.000000,0.100000,0.600000,-0.500000,0.050000,
68.210000,0.011000,1.000000,1.390000,1.390000,0.000000,0.100000,0.600000,-0.500000,0.050000,
68.223000,0.013000,1.000000,1.390000,1.390000,0.000000,0.100000,0.600000,-0.500000,0.050000,
68.233000,0.010000,1.000000,1.390000,1.390000,0.000000,0.100000,0.600000,-0.500000,0.050000,
68.245000,0.012000,1.000000,1.390000,1.390000,0.000000,0.100000,0.600000,-0.500000,0.050000,
68.256000,0.011000,1.000000,1.410000,1.391982,0.000000,0.100000,0.600000,-0.500000,0.050000,
68.267000,0.011000,1.000000,1.410000,1.410000,0.000000,0.100000,0.600000,-0.500000,0.050000,
68.278000,0.011000,1.000000,1.410000,1.410000,0.000000,0.100000,0.600000,-0.500000,0.050000,
68.292000,0.014000,1.000000,1.410000,1.410000,0.000000,0.100000,0.600000,-0.500000,0.050000,
68.300000,0.008000,1.000000,1.410000,1.410000,0.000000,0.100000,0.600000,-0.500000,0.050000,
68.315000,0.015000,1.000000,1.410000,1.410000,0.000000,0.100000,0.600000,-0.500000,0.050000,
68.326000,0.011000,1.000000,1.410000,1.410000,0.000000,0.100000,0.600000,-0.500000,0.050000,
68.334000,0.008000,1.000000,1.410000,1.410000,0.000000,0.100000,0.600000,-0.500000,0.050000,
68.347000,0.013000,1.000000,1.410000,1.410000,0.000000,0.100000,0.600000,-0.500000,0.050000,
68.360000,0.013000,1.000000,1.420000,1.411150,0.000000,0.100000,0.600000,-0.500000,0.050000,
68.367000,0.007000,1.000000,1.420000,1.420000,0.000000,0.100000,0.600000,-0.500000,0.050000,
68.379000,0.012000,1.000000,1.420000,1.420000,0.000000,0.100000,0.600000,-0.500000,0.050000,
68.392000,0.013000,1.000000,1.420000,1.420000,0.000000,0.100000,0.600000,-0.500000,0.050000,
68.402000,0.010000,1.000000,1.420000,1.420000,0.000000,0.100000,0.600000,-0.500000,0.050000,
68.414000,0.012000,1.000000,1.420000,1.420000,0.000000,0.100000,0.600000,-0.500000,0.050000,
68.428000,0.014000,1.000000,1.420000,1.420000,0.000000,0.100000,0.600000,-0.500000,0.050000,
68.435000,0.007000,1.000000,1.420000,1.420000,0.000000,0.100000,0.600000,-0.500000,0.050000,
68.446000,0.011000,1.000000,1.420000,1.420000,0.000000,0.100000,0.600000,-0.500000,0.050000,
68.459000,0.013000,1.000000,1.420000,1.420000,0.000000,0.100000,0.600000,-0.500000,0.050000,
68.470000,0.011000,1.000000,1.420000,1.420000,0.000000,0.100000,0.600000,-0.500000,0.050000,
68.480000,0.010000,1.000000,1.420000,1.420000,0.000000,0.100000,0.600000,-0.500000,0.050000,
68.492000,0.012000,1.000000,1.420000,1.420000,0.000000,0.100000,0.600000,-0.500000,0.050000,
68.501000,0.009000,1.000000,1.420000,1.420000,0.000000,0.100000,0.600000,-0.500000,0.050000,
68.513000,0.012000,1.000000,1.420000,1.420000,0.000000,0.100000,0.600000,-0.500000,0.050000,
68.525000,0.012000,1.000000,1.420000,1.420000,0.000000,0.100000,0.600000,-0.500000,0.050000,
68.534000,0.009000,1.000000,1.420000,1.420000,0.000000,0.100000,0.600000,-0.500000,0.050000,
68.547000,0.013000,1.000000,1.420000,1.420000,0.000000,0.100000,0.600000,-0.500000,0.050000,
68.560000,0.013000,1.000000,1.420000,1.420000,0.000000,0.100000,0.600000,-0.500000,0.050000,
68.568000,0.008000,1.000000,1.420000,1.420000,0.000000,0.100000,0.600000,-0.500000,0.050000,
68.579000,0.011000,1.000000,1.420000,1.420000,0.000000,0.100000,0.600000,-0.500000,0.050000,
68.591000,0.012000,1.000000,1.420000,1.420000,0.000000,0.100000,0.600000,-0.500000,0.050000,
68.603000,0.012000,1.000000,1.420000,1.420000,0.000000,0.100000,0.600000,-0.500000,0.050000,
68.613000,0.010000,1.000000,1.420000,1.420000,0.000000,0.100000,0.600000,-0.500000,0.050000,
68.628000,0.015000,1.000000,1.420000,1.420000,0.000000,0.100000,0.600000,-0.500000,0.050000,
68.635000,0.007000,1.000000,1.420000,1.420000,0.000000,0.100000,0.600000,-0.500000,0.050000,
68.646000,0.011000,1.000000,1.420000,1.420000,0.000000,0.100000,0.600000,-0.500000,0.050000,
68.659000,0.013000,1.000000,1.420000,1.420000,0.000000,0.100000,0.600000,-0.500000,0.050000,
68.668000,0.009000,1.000000,1.420000,1.420000,0.000000,0.100000,0.600000,-0.500000,0.050000,
68.683000,0.015000,1.000000,1.420000,1.420000,0.000000,0.100000,0.600000,-0.500000,0.050000,
68.693000,0.010000,1.000000,1.420000,1.420000,0.000000,0.100000,0.600000,-0.500000,0.050000,
68.705000,0.012000,1.000000,1.420000,1.420000,0.000000,0.100000,0.600000,-0.500000,0.050000,
68.717000,0.012000,1.000000,1.420000,1.420000,0.000000,0.100000,0.600000,-0.500000,0.050000,
68.728000,0.011000,1.000000,1.420000,1.420000,0.000000,0.100000,0.600000,-0.500000,0.050000,
68.737000,0.009000,1.000000,1.420000,1.420000,0.000000,0.100000,0.600000,-0.500000,0.050000,
68.748000,0.011000,1.000000,1.420000,1.420000,0.000000,0.100000,0.600000,-0.500000,0.050000,
68.760000,0.012000,1.000000,1.420000,1.420000,0.000000,0.100000,0.600000,-0.500000,0.050000,
68.770000,0.010000,1.000000,1.390000,1.417273,0.000000,0.100000,0.600000,-0.500000,0.050000,
68.782000,0.012000,1.000000,1.390000,1.390000,0.000000,0.100000,0.600000,-0.500000,0.050000,
68.793000,0.011000,1.000000,1.390000,1.390000,0.000000,0.100000,0.600000,-0.500000,0.050000,
68.803000,0.010000,1.000000,1.390000,1.390000,0.000000,0.100000,0.600000,-0.500000,0.050000,
68.814000,0.011000,1.000000,1.390000,1.390000,0.000000,0.100000,0.600000,-0.500000,0.050000,
68.826000,0.012000,1.000000,1.390000,1.390000,0.000000,0.100000,0.600000,-0.500000,0.050000,
68.837000,0.011000,1.000000,1.390000,1.390000,0.000000,0.100000,0.600000,-0.500000,0.050000,
68.849000,0.012000,1.000000,1.380000,1.388929,0.000000,0.100000,0.600000,-0.500000,0.050000,
68.860000,0.011000,1.000000,1.340000,1.376036,0.000000,0.100000,0.600000,-0.500000,0.050000,
68.870000,0.010000,1.000000,1.340000,1.340000,0.000000,0.100000,0.600000,-0.500000,0.050000,
68.881000,0.011000,1.000000,1.340000,1.340000,0.000000,0.100000,0.600000,-0.500000,0.050000,
68.892000,0.011000,1.000000,1.340000,1.340000,0.000000,0.100000,0.600000,-0.500000,0.050000,
68.904000,0.012000,1.000000,1.340000,1.340000,0.000000,0.100000,0.600000,-0.500000,0.050000,
68.914000,0.010000,1.000000,1.340000,1.340000,0.000000,0.100000,0.600000,-0.500000,0.050000,
68.929000,0.015000,1.000000,1.340000,1.340000,0.000000,0.100000,0.600000,-0.500000,0.050000,
68.941000,0.012000,1.000000,1.340000,1.340000,0.000000,0.100000,0.600000,-0.500000,0.050000,
68.950000,0.009000,1.000000,1.330000,1.339174,0.000000,0.100000,0.600000,-0.500000,0.050000,
68.962000,0.012000,1.000000,1.250000,1.321429,0.000000,0.100000,0.600000,-0.500000,0.050000,
68.972000,0.010000,1.000000,1.250000,1.250000,0.000000,0.100000,0.600000,-0.500000,0.050000,
68.984000,0.012000,1.000000,1.250000,1.250000,0.000000,0.100000,0.600000,-0.500000,0.050000,
68.994000,0.010000,1.000000,1.250000,1.250000,0.000000,0.100000,0.600000,-0.500000,0.050000,
69.009000,0.015000,1.000000,1.250000,1.250000,0.000000,0.100000,0.600000,-0.500000,0.050000,
69.017000,0.008000,1.000000,1.250000,1.250000,0.000000,0.100000,0.600000,-0.500000,0.050000,
69.030000,0.013000,1.000000,1.250000,1.250000,0.000000,0.100000,0.600000,-0.500000,0.050000,
69.039000,0.009000,1.000000,1.250000,1.250000,0.000000,0.100000,0.600000,-0.500000,0.050000,
69.050000,0.011000,1.000000,1.210000,1.246036,0.000000,0.100000,0.600000,-0.500000,0.050000,
69.061000,0.011000,1.000000,1.210000,1.210000,0.000000,0.100000,0.600000,-0.500000,0.050000,
69.072000,0.011000,1.000000,1.210000,1.210000,0.000000,0.100000,0.600000,-0.500000,0.050000,
69.083000,0.011000,1.000000,1.210000,1.210000,0.000000,0.100000,0.600000,-0.500000,0.050000,
69.094000,0.011000,1.000000,1.210000,1.210000,0.000000,0.100000,0.600000,-0.500000,0.050000,
69.107000,0.013000,1.000000,1.210000,1.210000,0.000000,0.100000,0.600000,-0.500000,0.050000,
69.116000,0.009000,1.000000,1.210000,1.210000,0.000000,0.100000,0.600000,-0.500000,0.050000,
69.128000,0.012000,1.000000,1.210000,1.210000,0.000000,0.100000,0.600000,-0.500000,0.050000,
69.141000,0.013000,1.000000,1.210000,1.210000,0.000000,0.100000,0.600000,-0.500000,0.050000,
69.150000,0.009000,1.000000,1.210000,1.210000,0.000000,0.100000,0.600000,-0.500000,0.050000,
69.161000,0.011000,1.000000,1.160000,1.205045,0.000000,0.100000,0.600000,-0.500000,0.050000,
69.173000,0.012000,1.000000,1.160000,1.160000,0.000000,0.100000,0.600000,-0.500000,0.050000,
69.183000,0.010000,1.000000,1.160000,1.160000,0.000000,0.100000,0.600000,-0.500000,0.050000,
69.196000,0.013000,1.000000,1.160000,1.160000,0.000000,0.100000,0.600000,-0.500000,0.050000,
69.210000,0.014000,1.000000,1.160000,1.160000,0.000000,0.100000,0.600000,-0.500000,0.050000,
69.216000,0.006000,1.000000,1.160000,1.160000,0.000000,0.100000,0.600000,-0.500000,0.050000,
69.229000,0.013000,1.000000,1.160000,1.160000,0.000000,0.100000,0.600000,-0.500000,0.050000,
69.241000,0.012000,1.000000,1.160000,1.160000,0.000000,0.100000,0.600000,-0.500000,0.050000,
69.251000,0.010000,1.000000,1.160000,1.160000,0.000000,0.100000,0.600000,-0.500000,0.050000,
69.266000,0.015000,1.000000,1.130000,1.156087,0.000000,0.100000,0.600000,-0.500000,0.050000,
69.277000,0.011000,1.000000,1.130000,1.130000,0.000000,0.100000,0.600000,-0.500000,0.050000,
69.285000,0.008000,1.000000,1.130000,1.130000,0.000000,0.100000,0.600000,-0.500000,0.050000,
69.299000,0.014000,1.000000,1.130000,1.130000,0.000000,0.100000,0.600000,-0.500000,0.050000,
69.315000,0.016000,1.000000,1.130000,1.130000,0.000000,0.100000,0.600000,-0.500000,0.050000,
69.324000,0.009000,1.000000,1.130000,1.130000,0.000000,0.100000,0.600000,-0.500000,0.050000,
69.334000,0.010000,1.000000,1.130000,1.130000,0.000000,0.100000,0.600000,-0.500000,0.050000,
69.348000,0.014000,1.000000,1.130000,1.130000,0.000000,0.100000,0.600000,-0.500000,0.050000,
69.358000,0.010000,1.000000,1.130000,1.130000,0.000000,0.100000,0.600000,-0.500000,0.050000,
69.367000,0.009000,1.000000,1.100000,1.127523,0.000000,0.100000,0.600000,-0.500000,0.050000,
69.378000,0.011000,1.000000,1.100000,1.100000,0.000000,0.100000,0.600000,-0.500000,0.050000,
69.391000,0.013000,1.000000,1.100000,1.100000,0.000000,0.100000,0.600000,-0.500000,0.050000,
69.400000,0.009000,1.000000,1.100000,1.100000,0.000000,0.100000,0.600000,-0.500000,0.050000,
69.413000,0.013000,1.000000,1.100000,1.100000,0.000000,0.100000,0.600000,-0.500000,0.050000,
69.427000,0.014000,1.000000,1.100000,1.100000,0.000000,0.100000,0.600000,-0.500000,0.050000,
69.435000,0.008000,1.000000,1.100000,1.100000,0.000000,0.100000,0.600000,-0.500000,0.050000,
69.446000,0.011000,1.000000,1.100000,1.100000,0.000000,0.100000,0.600000,-0.500000,0.050000,
69.459000,0.013000,1.000000,1.120000,1.102301,0.000000,0.100000,0.600000,-0.500000,0.050000,
69.469000,0.010000,1.000000,1.120000,1.120000,0.000000,0.100000,0.600000,-0.500000,0.050000,
69.479000,0.010000,1.000000,1.120000,1.120000,0.000000,0.100000,0.600000,-0.500000,0.050000,
69.492000,0.013000,1.000000,1.120000,1.120000,0.000000,0.100000,0.600000,-0.500000,0.050000,
69.503000,0.011000,1.000000,1.120000,1.120000,0.000000,0.100000,0.600000,-0.500000,0.050000,
69.516000,0.013000,1.000000,1.120000,1.120000,0.000000,0.100000,0.600000,-0.500000,0.050000,
69.530000,0.014000,1.000000,1.120000,1.120000,0.000000,0.100000,0.600000,-0.500000,0.050000,
69.538000,0.008000,1.000000,1.120000,1.120000,0.000000,0.100000,0.600000,-0.500000,0.050000,
69.551000,0.013000,1.000000,1.120000,1.120000,0.000000,0.100000,0.600000,-0.500000,0.050000,
69.563000,0.012000,1.000000,1.110000,1.118929,0.000000,0.100000,0.600000,-0.500000,0.050000,
69.572000,0.009000,1.000000,1.060000,1.105872,0.000000,0.100000,0.600000,-0.500000,0.050000,
69.582000,0.010000,1.000000,1.060000,1.060000,0.000000,0.100000,0.600000,-0.500000,0.050000,
69.593000,0.011000,1.000000,1.060000,1.060000,0.000000,0.100000,0.600000,-0.500000,0.050000,
69.609000,0.016000,1.000000,1.060000,1.060000,0.000000,0.100000,0.600000,-0.500000,0.050000,
69.620000,0.011000,1.000000,1.060000,1.060000,0.000000,0.100000,0.600000,-0.500000,0.050000,
69.633000,0.013000,1.000000,1.060000,1.060000,0.000000,0.100000,0.600000,-0.500000,0.050000,
69.641000,0.008000,1.000000,1.060000,1.060000,0.000000,0.100000,0.600000,-0.500000,0.050000,
69.652000,0.011000,1.000000,1.050000,1.059009,0.000000,0.100000,0.600000,-0.500000,0.050000,
69.664000,0.012000,1.000000,1.010000,1.045714,0.000000,0.100000,0.600000,-0.500000,0.050000,
69.674000,0.010000,1.000000,1.010000,1.010000,0.000000,0.100000,0.600000,-0.500000,0.050000,
69.685000,0.011000,1.000000,1.010000,1.010000,0.000000,0.100000,0.600000,-0.500000,0.050000,
69.696000,0.011000,1.000000,1.010000,1.010000,0.000000,0.100000,0.600000,-0.500000,0.050000,
69.710000,0.014000,1.000000,1.010000,1.010000,0.000000,0.100000,0.600000,-0.500000,0.050000,
69.718000,0.008000,1.000000,1.010000,1.010000,0.000000,0.100000,0.600000,-0.500000,0.050000,
69.732000,0.014000,1.000000,1.010000,1.010000,0.000000,0.100000,0.600000,-0.500000,0.050000,
69.744000,0.012000,1.000000,1.010000,1.010000,0.000000,0.100000,0.600000,-0.500000,0.050000,
69.752000,0.008000,1.000000,1.000000,1.009259,0.000000,0.100000,0.600000,-0.500000,0.050000,
69.765000,0.013000,1.000000,0.950000,0.994248,0.000000,0.100000,0.600000,-0.500000,0.050000,
69.777000,0.012000,1.000000,0.950000,0.950000,0.000000,0.100000,0.600000,-0.500000,0.050000,
69.786000,0.009000,1.000000,0.950000,0.950000,0.000000,0.100000,0.600000,-0.500000,0.050000,
69.800000,0.014000,1.000000,0.950000,0.950000,0.000000,0.100000,0.600000,-0.500000,0.050000,
69.815000,0.015000,1.000000,0.950000,0.950000,0.000000,0.100000,0.600000,-0.500000,0.050000,
69.828000,0.013000,1.000000,0.950000,0.950000,0.000000,0.100000,0.600000,-0.500000,0.050000,
69.836000,0.008000,1.000000,0.950000,0.950000,0.000000,0.100000,0.600000,-0.500000,0.050000,
69.848000,0.012000,1.000000,0.950000,0.950000,0.000000,0.100000,0.600000,-0.500000,0.050000,
69.861000,0.013000,1.000000,0.930000,0.947699,0.000000,0.100000,0.600000,-0.500000,0.050000,
69.870000,0.009000,1.000000,0.930000,0.930000,0.000000,0.100000,0.600000,-0.500000,0.050000,
69.879000,0.009000,1.000000,0.930000,0.930000,0.000000,0.100000,0.600000,-0.500000,0.050000,
69.890000,0.011000,1.000000,0.930000,0.930000,0.000000,0.100000,0.600000,-0.500000,0.050000,
69.904000,0.014000,1.000000,0.930000,0.930000,0.000000,0.100000,0.600000,-0.500000,0.050000,
69.928000,0.024000,1.000000,0.930000,0.930000,0.000000,0.100000,0.600000,-0.500000,0.050000,
69.940000,0.012000,1.000000,0.930000,0.930000,0.000000,0.100000,0.600000,-0.500000,0.050000,
69.953000,0.013000,1.000000,0.930000,0.930000,0.000000,0.100000,0.600000,-0.500000,0.050000,
69.966000,0.013000,1.000000,0.870000,0.923097,0.000000,0.100000,0.600000,-0.500000,0.050000,
69.975000,0.009000,1.000000,0.870000,0.870000,0.000000,0.100000,0.600000,-0.500000,0.050000,
69.987000,0.012000,1.000000,0.870000,0.870000,0.000000,0.100000,0.600000,-0.500000,0.050000,
69.998000,0.011000,1.000000,0.870000,0.870000,0.000000,0.100000,0.600000,-0.500000,0.050000,
70.016000,0.018000,1.000000,0.870000,0.870000,0.000000,0.100000,0.600000,-0.500000,0.050000,
70.029000,0.013000,1.000000,0.870000,0.870000,0.000000,0.100000,0.600000,-0.500000,0.050000,
70.037000,0.008000,1.000000,0.870000,0.870000,0.000000,0.100000,0.600000,-0.500000,0.050000,
70.049000,0.012000,1.000000,0.870000,0.870000,0.000000,0.100000,0.600000,-0.500000,0.050000,
70.059000,0.010000,1.000000,0.830000,0.866364,0.000000,0.100000,0.600000,-0.500000,0.050000,
70.070000,0.011000,1.000000,0.830000,0.830000,0.000000,0.100000,0.600000,-0.500000,0.050000,
70.081000,0.011000,1.000000,0.830000,0.830000,0.000000,0.100000,0.600000,-0.500000,0.050000,
70.096000,0.015000,1.000000,0.830000,0.830000,0.000000,0.100000,0.600000,-0.500000,0.050000,
70.108000,0.012000,1.000000,0.830000,0.830000,0.000000,0.100000,0.600000,-0.500000,0.050000,
70.119000,0.011000,1.000000,0.830000,0.830000,0.000000,0.100000,0.600000,-0.500000,0.050000,
70.133000,0.014000,1.000000,0.830000,0.830000,0.000000,0.100000,0.600000,-0.500000,0.050000,
70.142000,0.009000,1.000000,0.830000,0.830000,0.000000,0.100000,0.600000,-0.500000,0.050000,
70.153000,0.011000,1.000000,0.820000,0.829009,0.000000,0.100000,0.600000,-0.500000,0.050000,
70.164000,0.011000,1.000000,0.790000,0.817027,0.000000,0.100000,0.600000,-0.500000,0.050000,
70.175000,0.011000,1.000000,0.790000,0.790000,0.000000,0.100000,0.600000,-0.500000,0.050000,
70.185000,0.010000,1.000000,0.790000,0.790000,0.000000,0.100000,0.600000,-0.500000,0.050000,
70.198000,0.013000,1.000000,0.790000,0.790000,0.000000,0.100000,0.600000,-0.500000,0.050000,
70.209000,0.011000,1.000000,0.790000,0.790000,0.000000,0.100000,0.600000,-0.500000,0.050000,
70.223000,0.014000,1.000000,0.790000,0.790000,0.000000,0.100000,0.600000,-0.500000,0.050000,
70.231000,0.008000,1.000000,0.790000,0.790000,0.000000,0.100000,0.600000,-0.500000,0.050000,
70.243000,0.012000,1.000000,0.780000,0.788929,0.000000,0.100000,0.600000,-0.500000,0.050000,
70.253000,0.010000,1.000000,0.760000,0.778182,0.000000,0.100000,0.600000,-0.500000,0.050000,
70.266000,0.013000,1.000000,0.760000,0.760000,0.000000,0.100000,0.600000,-0.500000,0.050000,
70.276000,0.010000,1.000000,0.760000,0.760000,0.000000,0.100000,0.600000,-0.500000,0.050000,
70.287000,0.011000,1.000000,0.760000,0.760000,0.000000,0.100000,0.600000,-0.500000,0.050000,
70.298000,0.011000,1.000000,0.760000,0.760000,0.000000,0.100000,0.600000,-0.500000,0.050000,
