7.419401,1,1.000000,0.000000,0.000000,0.000000,1.000000,0.000000,0.000000,0.000000,-0.000000,89.552002,0.000341,-0.058440,-0.000000,86.000000,0.200000,2.800000
,7.438804,1,1.000000,0.000000,0.000000,0.000000,1.000000,0.000000,0.000000,0.000000,-0.000000,89.606003,0.000410,-0.058463,-0.000000,86.000000,0.200000,2.800000
,7.476432,1,1.000000,0.000000,0.000000,0.000000,1.000000,0.000000,0.000000,0.000000,-0.000000,89.663002,0.000534,-0.058494,-0.000000,86.000000,0.200000,2.800000
,7.515487,1,1.000000,0.000000,0.000000,0.000000,1.000000,0.000000,0.000000,0.000000,-0.000000,89.700996,0.000593,-0.058504,-0.000000,86.000000,0.200000,2.800000
,7.564986,1,1.000000,0.000000,0.000000,0.000000,1.000000,0.000000,0.000000,0.000000,-0.000000,89.741997,0.000653,-0.058512,-0.000000,86.000000,0.200000,2.800000
,7.593224,1,1.000000,0.000000,0.000000,0.000000,1.000000,0.000000,0.000000,0.000000,-0.000000,89.764000,0.000685,-0.058521,-0.000000,86.000000,0.200000,2.800000
,7.631500,1,1.000000,0.000000,0.000000,0.000000,1.000000,0.000000,0.000000,0.000000,-0.000000,89.822998,0.000727,-0.058552,-0.000000,86.000000,0.200000,2.800000
,7.671395,1,1.000000,0.000000,0.000000,0.000000,1.000000,0.000000,0.000000,0.000000,-0.000000,89.861000,0.000731,-0.058563,-0.000000,86.000000,0.200000,2.800000
,7.712897,1,1.000000,0.000000,0.000000,0.000000,1.000000,0.000000,0.000000,0.000000,-0.000000,89.898003,0.000734,-0.058564,-0.000000,86.000000,0.200000,2.800000
,7.750726,1,1.000000,0.000000,0.000000,0.000000,1.000000,0.000000,0.000000,0.000000,-0.000000,89.936996,0.000735,-0.058568,-0.000000,86.000000,0.200000,2.800000
,7.791882,1,1.000000,0.000000,0.000000,0.000000,1.000000,0.000000,0.000000,0.000000,-0.000000,89.973999,0.000726,-0.058567,-0.000000,86.000000,0.200000,2.800000
,7.832366,1,1.000000,0.000000,0.000000,0.000000,1.000000,0.000000,0.000000,0.000000,-0.000000,90.012001,0.000699,-0.058549,-0.000000,86.000000,0.200000,2.800000
,7.872228,1,1.000000,0.000000,0.000000,0.000000,1.000000,0.000000,0.000000,0.000000,-0.000000,90.049004,0.000614,-0.058520,-0.000000,86.000000,0.200000,2.800000
,7.910972,1,1.000000,0.000000,0.000000,0.000000,1.000000,0.000000,0.000000,0.000000,-0.000000,90.094002,0.000561,-0.058510,-0.000000,86.000000,0.200000,2.800000
,7.950787,1,1.000000,0.000000,0.000000,0.000000,1.000000,0.000000,0.000000,0.000000,-0.000000,90.140999,0.000495,-0.058508,-0.000000,86.000000,0.200000,2.800000
,7.990891,1,1.000000,0.000000,0.000000,0.000000,1.000000,0.000000,0.000000,0.000000,-0.000000,90.180000,0.000429,-0.058497,-0.000000,86.000000,0.200000,2.800000
,8.030816,1,1.000000,0.000000,0.000000,0.000000,1.000000,0.000000,0.000000,0.000000,-0.000000,90.218002,0.000251,-0.058429,-0.000000,86.000000,0.200000,2.800000
,8.072005,1,1.000000,0.000000,0.000000,0.000000,1.000000,0.000000,0.000000,0.000000,-0.000000,90.259003,0.000167,-0.058400,-0.000000,86.000000,0.200000,2.800000
,8.111304,1,1.000000,0.000000,0.000000,0.000000,1.000000,0.000000,0.000000,0.000000,-0.000000,90.296997,0.000077,-0.058372,-0.000000,86.000000,0.200000,2.800000
,8.151696,1,1.000000,0.000000,0.000000,0.000000,1.000000,0.000000,0.000000,0.000000,-0.000000,90.335999,-0.000020,-0.058340,-0.000000,86.000000,0.200000,2.800000
,8.191762,1,1.000000,0.000000,0.000000,0.000000,1.000000,0.000000,0.000000,0.000000,-0.000000,90.561996,-0.000117,-0.058316,-0.000000,86.000000,0.200000,2.800000
,8.230865,1,1.000000,0.000000,0.000000,0.000000,1.000000,0.000000,0.000000,0.000000,-0.000000,90.931999,-0.000222,-0.058301,-0.000000,86.000000,0.200000,2.800000
,8.271994,1,1.000000,0.000000,0.000000,0.000000,1.000000,0.000000,0.000000,0.000000,-0.000000,91.292000,-0.000298,-0.058290,-0.000000,86.000000,0.200000,2.800000
,8.310863,1,1.000000,0.000000,0.000000,0.000000,1.000000,0.000000,0.000000,0.000000,-0.000000,90.501999,-0.000467,-0.058278,-0.000000,86.000000,0.200000,2.800000
,8.352133,1,1.000000,0.000000,0.000000,0.000000,1.000000,0.000000,0.000000,0.000000,-0.000000,90.540001,-0.000550,-0.058294,-0.000000,86.000000,0.200000,2.800000
,8.391913,1,1.000000,0.000000,0.000000,0.000000,1.000000,0.000000,0.000000,0.000000,-0.000000,90.579002,-0.000636,-0.058318,-0.000000,86.000000,0.200000,2.800000
,8.431684,1,1.000000,0.000000,0.000000,0.000000,1.000000,0.000000,0.000000,0.000000,-0.000000,90.620003,-0.000810,-0.058402,-0.000000,86.000000,0.200000,2.800000
,8.472301,1,1.000000,0.000000,0.000000,0.000000,1.000000,0.000000,0.000000,0.000000,-0.000000,90.658997,-0.000888,-0.058437,-0.000000,86.000000,0.200000,2.800000
,8.511860,1,1.000000,0.000000,0.000000,0.000000,1.000000,0.000000,0.000000,0.000000,-0.000000,90.698997,-0.000970,-0.058475,-0.000000,86.000000,0.200000,2.800000
,8.552092,1,1.000000,0.000000,0.000000,0.000000,1.000000,0.000000,0.000000,0.000000,-0.000000,90.741997,-0.001046,-0.058512,-0.000000,86.000000,0.200000,2.800000
,8.591529,1,1.000000,0.000000,0.000000,0.000000,1.000000,0.000000,0.000000,0.000000,-0.000000,90.781998,-0.001196,-0.058580,-0.000000,86.000000,0.200000,2.800000
,8.632034,1,1.000000,0.000000,0.000000,0.000000,1.000000,0.000000,0.000000,0.000000,-0.000000,90.820999,-0.001271,-0.058612,-0.000000,86.000000,0.200000,2.800000
,8.671747,1,1.000000,0.000000,0.000000,0.000000,1.000000,0.000000,0.000000,0.000000,-0.000000,90.862999,-0.001346,-0.058647,-0.000000,86.000000,0.200000,2.800000
,8.712629,1,1.000000,0.000000,0.000000,0.000000,1.000000,0.000000,0.000000,0.000000,-0.000000,90.903999,-0.001424,-0.058682,-0.000000,86.000000,0.200000,2.800000
,8.750761,1,1.000000,0.000000,0.000000,0.000000,1.000000,0.000000,0.000000,0.000000,-0.000000,90.926003,-0.001500,-0.058714,-0.000000,86.000000,0.200000,2.800000
,8.792237,1,1.000000,0.000000,0.000000,0.000000,1.000000,0.000000,0.000000,0.000000,-0.000000,90.964996,-0.001573,-0.058748,-0.000000,86.000000,0.200000,2.800000
,8.831908,1,1.000000,0.000000,0.000000,0.000000,1.000000,0.000000,0.000000,0.000000,-0.000000,91.004997,-0.001665,-0.058793,-0.000000,86.000000,0.200000,2.800000
,8.871786,1,1.000000,0.000000,0.000000,0.000000,1.000000,0.000000,0.000000,0.000000,-0.000000,91.046997,-0.001732,-0.058831,-0.000000,86.000000,0.200000,2.800000
,8.910914,1,1.000000,0.000000,0.000000,0.000000,1.000000,0.000000,0.000000,0.000000,-0.000000,91.095001,-0.001888,-0.058905,-0.000000,86.000000,0.200000,2.800000
,8.950873,1,1.000000,0.000000,0.000000,0.000000,1.000000,0.000000,0.000000,0.000000,-0.000000,91.133003,-0.001960,-0.058935,-0.000000,86.000000,0.200000,2.800000
,8.991435,1,1.000000,0.000000,0.000000,0.000000,1.000000,0.000000,0.000000,0.000000,-0.000000,91.169998,-0.002031,-0.058961,-0.000000,86.000000,0.200000,2.800000
,9.031291,1,1.000000,0.000000,0.000000,0.000000,1.000000,0.000000,0.000000,0.000000,-0.000000,91.206001,-0.002108,-0.058983,-0.000000,86.000000,0.200000,2.800000
,9.071002,1,1.000000,0.000000,0.000000,0.000000,1.000000,0.000000,0.000000,0.000000,-0.000000,91.261002,-0.002217,-0.059022,-0.000000,86.000000,0.200000,2.800000
,9.112388,1,1.000000,0.000000,0.000000,0.000000,1.000000,0.000000,0.000000,0.000000,-0.000000,91.297997,-0.002265,-0.059048,-0.000000,86.000000,0.200000,2.800000
,9.150889,1,1.000000,0.000000,0.000000,0.000000,1.000000,0.000000,0.000000,0.000000,-0.000000,91.334999,-0.002313,-0.059077,-0.000000,86.000000,0.200000,2.800000
,9.192251,1,1.000000,0.000000,0.000000,0.000000,1.000000,0.000000,0.000000,0.000000,-0.000000,91.561996,-0.002346,-0.059104,-0.000000,86.000000,0.200000,2.800000
,9.230965,1,1.000000,0.000000,0.000000,0.000000,1.000000,0.000000,0.000000,0.000000,-0.000000,91.942001,-0.002369,-0.059130,-0.000000,86.000000,0.200000,2.800000
,9.271684,1,1.000000,0.000000,0.000000,0.000000,1.000000,0.000000,0.000000,0.000000,-0.000000,92.311996,-0.002388,-0.059153,-0.000000,86.000000,0.200000,2.800000
,9.311477,1,1.000000,0.000000,0.000000,0.000000,1.000000,0.000000,0.000000,0.000000,-0.000000,91.502998,-0.002369,-0.059185,-0.000000,86.000000,0.200000,2.800000
,9.351171,1,1.000000,0.000000,0.000000,0.000000,1.000000,0.000000,0.000000,0.000000,-0.000000,91.524002,-0.002346,-0.059200,-0.000000,86.000000,0.200000,2.800000
,9.393102,1,1.000000,0.000000,0.000000,0.000000,1.000000,0.000000,0.000000,0.000000,-0.000000,91.567001,-0.002319,-0.059212,-0.000000,86.000000,0.200000,2.800000
,9.431095,1,1.000000,0.000000,0.000000,0.000000,1.000000,0.000000,0.000000,0.000000,-0.000000,91.623001,-0.002218,-0.059217,-0.000000,86.000000,0.200000,2.800000
,9.471012,1,1.000000,0.000000,0.000000,0.000000,1.000000,0.000000,0.000000,0.000000,-0.000000,91.660004,-0.002155,-0.059215,-0.000000,86.000000,0.200000,2.800000
,9.510791,1,1.000000,0.000000,0.000000,0.000000,1.000000,0.000000,0.000000,0.000000,-0.000000,91.683998,-0.002155,-0.059215,-0.000000,86.000000,0.200000,2.800000
,9.551257,1,1.000000,0.000000,0.000000,0.000000,1.000000,0.000000,0.000000,0.000000,-0.000000,91.738998,-0.002002,-0.059194,-0.000000,86.000000,0.200000,2.800000
,9.592506,1,1.000000,0.000000,0.000000,0.000000,1.000000,0.000000,0.000000,0.000000,-0.000000,91.777000,-0.001921,-0.059179,-0.000000,86.000000,0.200000,2.800000
,9.630952,1,1.000000,0.000000,0.000000,0.000000,1.000000,0.000000,0.000000,0.000000,-0.000000,91.820999,-0.001750,-0.059140,-0.000000,86.000000,0.200000,2.800000
,9.671429,1,1.000000,0.000000,0.000000,0.000000,1.000000,0.000000,0.000000,0.000000,-0.000000,91.858002,-0.001678,-0.059125,-0.000000,86.000000,0.200000,2.800000
,9.710808,1,1.000000,0.000000,0.000000,0.000000,1.000000,0.000000,0.000000,0.000000,-0.000000,91.894997,-0.001603,-0.059107,-0.000000,86.000000,0.200000,2.800000
,9.752123,1,1.000000,0.000000,0.000000,0.000000,1.000000,0.000000,0.000000,0.000000,-0.000000,91.933998,-0.001523,-0.059089,-0.000000,86.000000,0.200000,2.800000
,9.792707,1,1.000000,0.000000,0.000000,0.000000,1.000000,0.000000,0.000000,0.000000,-0.000000,91.977997,-0.001432,-0.059063,-0.000000,86.000000,0.200000,2.800000
,9.832099,1,1.000000,0.000000,0.000000,0.000000,1.000000,0.000000,0.000000,0.000000,-0.000000,92.005997,-0.001337,-0.059035,-0.000000,86.000000,0.200000,2.800000
,9.872317,1,1.000000,0.000000,0.000000,0.000000,1.000000,0.000000,0.000000,0.000000,-0.000000,92.051003,-0.001119,-0.058975,-0.000000,86.000000,0.200000,2.800000
,9.910711,1,1.000000,0.000000,0.000000,0.000000,1.000000,0.000000,0.000000,0.000000,-0.000000,92.088997,-0.001013,-0.058954,-0.000000,86.000000,0.200000,2.800000
,9.951124,1,1.000000,0.000000,0.000000,0.000000,1.000000,0.000000,0.000000,0.000000,-0.000000,92.126999,-0.000924,-0.058946,-0.000000,86.000000,0.200000,2.800000
,9.991227,1,1.000000,0.000000,0.000000,0.000000,1.000000,0.000000,0.000000,0.000000,-0.000000,92.181000,-0.000656,-0.058941,-0.000000,86.000000,0.200000,2.800000
,10.030727,1,1.000000,0.000000,0.000000,0.000000,1.000000,0.000000,0.000000,0.000000,-0.000000,92.218002,-0.000496,-0.058939,-0.000000,86.000000,0.200000,2.800000
,10.073331,1,1.000000,0.000000,0.000000,0.000000,1.000000,0.000000,0.000000,0.000000,-0.000000,92.254997,-0.000368,-0.058944,-0.000000,86.000000,0.200000,2.800000
,10.110689,1,1.000000,0.000000,0.000000,0.000000,1.000000,0.000000,0.000000,0.000000,-0.000000,92.292999,-0.000235,-0.058952,-0.000000,86.000000,0.200000,2.800000
,10.150626,1,1.000000,0.000000,0.000000,0.000000,1.000000,0.000000,0.000000,0.000000,-0.000000,92.330002,-0.000100,-0.058960,-0.000000,86.000000,0.200000,2.800000
,10.191076,1,1.000000,0.000000,0.000000,0.000000,1.000000,0.000000,0.000000,0.000000,-0.000000,92.501999,0.000043,-0.058980,-0.000000,86.000000,0.200000,2.800000
,10.231364,1,1.000000,0.000000,0.000000,0.000000,1.000000,0.000000,0.000000,0.000000,-0.000000,92.882004,0.000181,-0.059002,-0.000000,86.000000,0.200000,2.800000
,10.272517,1,1.000000,0.000000,0.000000,0.000000,1.000000,0.000000,0.000000,0.000000,-0.000000,92.460999,0.000476,-0.059061,-0.000000,86.000000,0.200000,2.800000
,10.310907,1,1.000000,0.000000,0.000000,0.000000,1.000000,0.000000,0.000000,0.000000,-0.000000,92.498001,0.000593,-0.059089,-0.000000,86.000000,0.200000,2.800000
,10.350617,1,1.000000,0.000000,0.000000,0.000000,1.000000,0.000000,0.000000,0.000000,-0.000000,92.537003,0.000709,-0.059119,-0.000000,86.000000,0.200000,2.800000
,10.391052,1,1.000000,0.000000,0.000000,0.000000,1.000000,0.000000,0.000000,0.000000,-0.000000,92.580002,0.000812,-0.059144,-0.000000,86.000000,0.200000,2.800000
,10.430746,1,1.000000,0.000000,0.000000,0.000000,1.000000,0.000000,0.000000,0.000000,-0.000000,92.619003,0.001049,-0.059212,-0.000000,86.000000,0.200000,2.800000
,10.471581,1,1.000000,0.000000,0.000000,0.000000,1.000000,0.000000,0.000000,0.000000,-0.000000,92.655998,0.001148,-0.059229,-0.000000,86.000000,0.200000,2.800000
,10.510697,1,1.000000,0.000000,0.000000,0.000000,1.000000,0.000000,0.000000,0.000000,-0.000000,92.692001,0.001245,-0.059244,-0.000000,86.000000,0.200000,2.800000
,10.550702,1,1.000000,0.000000,0.000000,0.000000,1.000000,0.000000,0.000000,0.000000,-0.000000,92.733002,0.001332,-0.059267,-0.000000,86.000000,0.200000,2.800000
,10.590776,1,1.000000,0.000000,0.000000,0.000000,1.000000,0.000000,0.000000,0.000000,-0.000000,92.768997,0.001413,-0.059292,-0.000000,86.000000,0.200000,2.800000
,10.630722,1,1.000000,0.000000,0.000000,0.000000,1.000000,0.000000,0.000000,0.000000,-0.000000,92.816002,0.001493,-0.059320,-0.000000,86.000000,0.200000,2.800000
,10.671734,1,1.000000,0.000000,0.000000,0.000000,1.000000,0.000000,0.000000,0.000000,-0.000000,92.854004,0.001607,-0.059364,-0.000000,86.000000,0.200000,2.800000
,10.710845,1,1.000000,0.000000,0.000000,0.000000,1.000000,0.000000,0.000000,0.000000,-0.000000,92.894997,0.001653,-0.059393,-0.000000,86.000000,0.200000,2.800000
,10.750536,1,1.000000,0.000000,0.000000,0.000000,1.000000,0.000000,0.000000,0.000000,-0.000000,92.941002,0.001691,-0.059424,-0.000000,86.000000,0.200000,2.800000
,10.791174,1,1.000000,0.000000,0.000000,0.000000,1.000000,0.000000,0.000000,0.000000,-0.000000,92.963997,0.001729,-0.059462,-0.000000,86.000000,0.200000,2.800000
,10.831589,1,1.000000,0.000000,0.000000,0.000000,1.000000,0.000000,0.000000,0.000000,-0.000000,93.005997,0.001760,-0.059490,-0.000000,86.000000,0.200000,2.800000
,10.872492,1,1.000000,0.000000,0.000000,0.000000,1.000000,0.000000,0.000000,0.000000,-0.000000,93.061996,0.001806,-0.059549,-0.000000,86.000000,0.200000,2.800000
,10.911564,1,1.000000,0.000000,0.000000,0.000000,1.000000,0.000000,0.000000,0.000000,-0.000000,93.098000,0.001836,-0.059587,-0.000000,86.000000,0.200000,2.800000
,10.950912,1,1.000000,0.000000,0.000000,0.000000,1.000000,0.000000,0.000000,0.000000,-0.000000,93.139000,0.001867,-0.059620,-0.000000,86.000000,0.200000,2.800000
,10.991668,1,1.000000,0.000000,0.000000,0.000000,1.000000,0.000000,0.000000,0.000000,-0.000000,93.182999,0.001888,-0.059634,-0.000000,86.000000,0.200000,2.800000
,11.030952,1,1.000000,0.000000,0.000000,0.000000,1.000000,0.000000,0.000000,0.000000,-0.000000,93.220001,0.001939,-0.059674,-0.000000,86.000000,0.200000,2.800000
,11.072274,1,1.000000,0.000000,0.000000,0.000000,1.000000,0.000000,0.000000,0.000000,-0.000000,93.253998,0.001965,-0.059677,-0.000000,86.000000,0.200000,2.800000
,11.111338,1,1.000000,0.000000,0.000000,0.000000,1.000000,0.000000,0.000000,0.000000,-0.000000,93.290001,0.001997,-0.059675,-0.000000,86.000000,0.200000,2.800000
,11.150899,1,1.000000,0.000000,0.000000,0.000000,1.000000,0.000000,0.000000,0.000000,-0.000000,93.334000,0.002030,-0.059667,-0.000000,86.000000,0.200000,2.800000
,11.190671,1,1.000000,0.000000,0.000000,0.000000,1.000000,0.000000,0.000000,0.000000,-0.000000,93.582001,0.002070,-0.059663,-0.000000,86.000000,0.200000,2.800000
,11.230650,1,1.000000,0.000000,0.000000,0.000000,1.000000,0.000000,0.000000,0.000000,-0.000000,93.952003,0.002110,-0.059656,-0.000000,86.000000,0.200000,2.800000
,11.273017,1,1.000000,0.000000,0.000000,0.000000,1.000000,0.000000,0.000000,0.000000,-0.000000,94.302002,0.002179,-0.059619,-0.000000,86.000000,0.200000,2.800000
,11.311876,1,1.000000,0.000000,0.000000,0.000000,1.000000,0.000000,0.000000,0.000000,-0.000000,93.486000,0.002206,-0.059601,-0.000000,86.000000,0.200000,2.800000
,11.350694,1,1.000000,0.000000,0.000000,0.000000,1.000000,0.000000,0.000000,0.000000,-0.000000,93.542000,0.002242,-0.059573,-0.000000,86.000000,0.200000,2.800000
,11.390770,1,1.000000,0.000000,0.000000,0.000000,1.000000,0.000000,0.000000,0.000000,-0.000000,93.580002,0.002277,-0.059550,-0.000000,86.000000,0.200000,2.800000
,11.431512,1,1.000000,0.000000,0.000000,0.000000,1.000000,0.000000,0.000000,0.000000,-0.000000,93.615997,0.002306,-0.059489,-0.000000,86.000000,0.200000,2.800000
,11.472305,1,1.000000,0.000000,0.000000,0.000000,1.000000,0.000000,0.000000,0.000000,-0.000000,93.652000,0.002318,-0.059453,-0.000000,86.000000,0.200000,2.800000
,11.511525,1,1.000000,0.000000,0.000000,0.000000,1.000000,0.000000,0.000000,0.000000,-0.000000,93.690002,0.002314,-0.059413,-0.000000,86.000000,0.200000,2.800000
,11.550747,1,1.000000,0.000000,0.000000,0.000000,1.000000,0.000000,0.000000,0.000000,-0.000000,93.726997,0.002302,-0.059375,-0.000000,86.000000,0.200000,2.800000
,11.591322,1,1.000000,0.000000,0.000000,0.000000,1.000000,0.000000,0.000000,0.000000,-0.000000,93.781998,0.002264,-0.059294,-0.000000,86.000000,0.200000,2.800000
,11.631853,1,1.000000,0.000000,0.000000,0.000000,1.000000,0.000000,0.000000,0.000000,-0.000000,93.820000,0.002235,-0.059242,-0.000000,86.000000,0.200000,2.800000
,11.672652,1,1.000000,0.000000,0.000000,0.000000,1.000000,0.000000,0.000000,0.000000,-0.000000,93.861000,0.002210,-0.059205,-0.000000,86.000000,0.200000,2.800000
,11.710928,1,1.000000,0.000000,0.000000,0.000000,1.000000,0.000000,0.000000,0.000000,-0.000000,93.899002,0.002178,-0.059172,-0.000000,86.000000,0.200000,2.800000
,11.750845,1,1.000000,0.000000,0.000000,0.000000,1.000000,0.000000,0.000000,0.000000,-0.000000,93.938004,0.002133,-0.059139,-0.000000,86.000000,0.200000,2.800000
,11.790822,1,1.000000,0.000000,0.000000,0.000000,1.000000,0.000000,0.000000,0.000000,-0.000000,93.974998,0.002083,-0.059104,-0.000000,86.000000,0.200000,2.800000
,11.830693,1,1.000000,0.000000,0.000000,0.000000,1.000000,0.000000,0.000000,0.000000,-0.000000,94.013000,0.001956,-0.059019,-0.000000,86.000000,0.200000,2.800000
,11.872069,1,1.000000,0.000000,0.000000,0.000000,1.000000,0.000000,0.000000,0.000000,-0.000000,94.050003,0.001901,-0.058981,-0.000000,86.000000,0.200000,2.800000
,11.911163,1,1.000000,0.000000,0.000000,0.000000,1.000000,0.000000,0.000000,0.000000,-0.000000,94.087997,0.001842,-0.058941,-0.000000,86.000000,0.200000,2.800000
,11.950879,1,1.000000,0.000000,0.000000,0.000000,1.000000,0.000000,0.000000,0.000000,-0.000000,94.141998,0.001774,-0.058899,-0.000000,86.000000,0.200000,2.800000
,11.990890,1,1.000000,0.000000,0.000000,0.000000,1.000000,0.000000,0.000000,0.000000,-0.000000,94.180000,0.001695,-0.058853,-0.000000,86.000000,0.200000,2.800000
,12.030779,1,1.000000,0.000000,0.000000,0.000000,1.000000,0.000000,0.000000,0.000000,-0.000000,94.217003,0.001504,-0.058757,-0.000000,86.000000,0.200000,2.800000
,12.071865,1,1.000000,0.000000,0.000000,0.000000,1.000000,0.000000,0.000000,0.000000,-0.000000,94.255997,0.001416,-0.058724,-0.000000,86.000000,0.200000,2.800000
,12.110897,1,1.000000,0.000000,0.000000,0.000000,1.000000,0.000000,0.000000,0.000000,-0.000000,94.300003,0.001327,-0.058690,-0.000000,86.000000,0.200000,2.800000
,12.150595,1,1.000000,0.000000,0.000000,0.000000,1.000000,0.000000,0.000000,0.000000,-0.000000,94.338997,0.001232,-0.058655,-0.000000,86.000000,0.200000,2.800000
,12.190888,1,1.000000,0.000000,0.000000,0.000000,1.000000,0.000000,0.000000,0.000000,-0.000000,94.582001,0.001142,-0.058626,-0.000000,86.000000,0.200000,2.800000
,12.230994,1,1.000000,0.000000,0.000000,0.000000,1.000000,0.000000,0.000000,0.000000,-0.000000,94.952003,0.001048,-0.058599,-0.000000,86.000000,0.200000,2.800000
,12.272618,1,1.000000,0.000000,0.000000,0.000000,1.000000,0.000000,0.000000,0.000000,-0.000000,94.457001,0.000825,-0.058539,-0.000000,86.000000,0.200000,2.800000
,12.310891,1,1.000000,0.000000,0.000000,0.000000,1.000000,0.000000,0.000000,0.000000,-0.000000,94.495003,0.000736,-0.058512,-0.000000,86.000000,0.200000,2.800000
,12.350963,1,1.000000,0.000000,0.000000,0.000000,1.000000,0.000000,0.000000,0.000000,-0.000000,94.531998,0.000656,-0.058482,-0.000000,86.000000,0.200000,2.800000
,12.391072,1,1.000000,0.000000,0.000000,0.000000,1.000000,0.000000,0.000000,0.000000,-0.000000,94.569000,0.000583,-0.058449,-0.000000,86.000000,0.200000,2.800000
,12.430771,1,1.000000,0.000000,0.000000,0.000000,1.000000,0.000000,0.000000,0.000000,-0.000000,94.622002,0.000449,-0.058369,-0.000000,86.000000,0.200000,2.800000
,12.471933,1,1.000000,0.000000,0.000000,0.000000,1.000000,0.000000,0.000000,0.000000,-0.000000,94.645996,0.000449,-0.058369,-0.000000,86.000000,0.200000,2.800000
,12.511585,1,1.000000,0.000000,0.000000,0.000000,1.000000,0.000000,0.000000,0.000000,-0.000000,94.695000,0.000342,-0.058268,-0.000000,86.000000,0.200000,2.800000
,12.550687,1,1.000000,0.000000,0.000000,0.000000,1.000000,0.000000,0.000000,0.000000,-0.000000,94.731003,0.000294,-0.058190,-0.000000,86.000000,0.200000,2.800000
,12.591646,1,1.000000,0.000000,0.000000,0.000000,1.000000,0.000000,0.000000,0.000000,-0.000000,94.767998,0.000264,-0.058137,-0.000000,86.000000,0.200000,2.800000
,12.630861,1,1.000000,0.000000,0.000000,0.000000,1.000000,0.000000,0.000000,0.000000,-0.000000,94.822998,0.000201,-0.058006,-0.000000,86.000000,0.200000,2.800000
,12.671932,1,1.000000,0.000000,0.000000,0.000000,1.000000,0.000000,0.000000,0.000000,-0.000000,94.858002,0.000176,-0.057947,-0.000000,86.000000,0.200000,2.800000
,12.710951,1,1.000000,0.000000,0.000000,0.000000,1.000000,0.000000,0.000000,0.000000,-0.000000,94.894997,0.000155,-0.057889,-0.000000,86.000000,0.200000,2.800000
,12.751416,1,1.000000,0.000000,0.000000,0.000000,1.000000,0.000000,0.000000,0.000000,-0.000000,94.931000,0.000137,-0.057833,-0.000000,86.000000,0.200000,2.800000
,12.791366,1,1.000000,0.000000,0.000000,0.000000,1.000000,0.000000,0.000000,0.000000,-0.000000,94.973999,0.000120,-0.057781,-0.000000,86.000000,0.200000,2.800000
,12.831532,1,1.000000,0.000000,0.000000,0.000000,1.000000,0.000000,0.000000,0.000000,-0.000000,95.014999,0.000100,-0.057660,-0.000000,86.000000,0.200000,2.800000
,12.872680,1,1.000000,0.000000,0.000000,0.000000,1.000000,0.000000,0.000000,0.000000,-0.000000,95.056999,0.000089,-0.057594,-0.000000,86.000000,0.200000,2.800000
,12.911253,1,1.000000,0.000000,0.000000,0.000000,1.000000,0.000000,0.000000,0.000000,-0.000000,95.097000,0.000078,-0.057552,-0.000000,86.000000,0.200000,2.800000
,12.951690,1,1.000000,0.000000,0.000000,0.000000,1.000000,0.000000,0.000000,0.000000,-0.000000,95.139999,0.000064,-0.057511,-0.000000,86.000000,0.200000,2.800000
,12.991824,1,1.000000,0.000000,0.000000,0.000000,1.000000,0.000000,0.000000,0.000000,-0.000000,95.168999,0.000044,-0.057473,-0.000000,86.000000,0.200000,2.800000
,13.031984,1,1.000000,0.000000,0.000000,0.000000,1.000000,0.000000,0.000000,0.000000,-0.000000,95.217003,-0.000002,-0.057381,-0.000000,86.000000,0.200000,2.800000
,13.072587,1,1.000000,0.000000,0.000000,0.000000,1.000000,0.000000,0.000000,0.000000,-0.000000,95.240997,-0.000002,-0.057381,-0.000000,86.000000,0.200000,2.800000
,13.112767,1,1.000000,0.000000,0.000000,0.000000,1.000000,0.000000,0.000000,0.000000,-0.000000,95.294998,-0.000064,-0.057295,-0.000000,86.000000,0.200000,2.800000
,13.152683,1,1.000000,0.000000,0.000000,0.000000,1.000000,0.000000,0.000000,0.000000,-0.000000,95.325996,-0.000087,-0.057273,-0.000000,86.000000,0.200000,2.800000
,13.192315,1,1.000000,0.000000,0.000000,0.000000,1.000000,0.000000,0.000000,0.000000,-0.000000,95.561996,-0.000135,-0.057248,-0.000000,86.000000,0.200000,2.800000
,13.232164,1,1.000000,0.000000,0.000000,0.000000,1.000000,0.000000,0.000000,0.000000,-0.000000,95.821999,-0.000175,-0.057228,-0.000000,86.000000,0.200000,2.800000
,13.271887,1,1.000000,0.000000,0.000000,0.000000,1.000000,0.000000,0.000000,0.000000,-0.000000,95.457001,-0.000254,-0.057206,-0.000000,86.000000,0.200000,2.800000
,13.311773,1,1.000000,0.000000,0.000000,0.000000,1.000000,0.000000,0.000000,0.000000,-0.000000,95.498001,-0.000293,-0.057201,-0.000000,86.000000,0.200000,2.800000
,13.350838,1,1.000000,0.000000,0.000000,0.000000,1.000000,0.000000,0.000000,0.000000,-0.000000,95.540001,-0.000333,-0.057202,-0.000000,86.000000,0.200000,2.800000
,13.390662,1,1.000000,0.000000,0.000000,0.000000,1.000000,0.000000,0.000000,0.000000,-0.000000,95.580002,-0.000358,-0.057215,-0.000000,86.000000,0.200000,2.800000
,13.430556,1,1.000000,0.000000,0.000000,0.000000,1.000000,0.000000,0.000000,0.000000,-0.000000,95.617996,-0.000413,-0.057244,-0.000000,86.000000,0.200000,2.800000
,13.472122,1,1.000000,0.000000,0.000000,0.000000,1.000000,0.000000,0.000000,0.000000,-0.000000,95.655998,-0.000437,-0.057267,-0.000000,86.000000,0.200000,2.800000
,13.510652,1,1.000000,0.000000,0.000000,0.000000,1.000000,0.000000,0.000000,0.000000,-0.000000,95.693001,-0.000453,-0.057294,-0.000000,86.000000,0.200000,2.800000
,13.551566,1,1.000000,0.000000,0.000000,0.000000,1.000000,0.000000,0.000000,0.000000,-0.000000,95.727997,-0.000466,-0.057328,-0.000000,86.000000,0.200000,2.800000
,13.591496,1,1.000000,0.000000,0.000000,0.000000,1.000000,0.000000,0.000000,0.000000,-0.000000,95.782997,-0.000486,-0.057428,-0.000000,86.000000,0.200000,2.800000
,13.630564,1,1.000000,0.000000,0.000000,0.000000,1.000000,0.000000,0.000000,0.000000,-0.000000,95.820000,-0.000498,-0.057487,-0.000000,86.000000,0.200000,2.800000
,13.672387,1,1.000000,0.000000,0.000000,0.000000,1.000000,0.000000,0.000000,0.000000,-0.000000,95.857002,-0.000513,-0.057553,-0.000000,86.000000,0.200000,2.800000
,13.711457,1,1.000000,0.000000,0.000000,0.000000,1.000000,0.000000,0.000000,0.000000,-0.000000,95.892998,-0.000526,-0.057630,-0.000000,86.000000,0.200000,2.800000
,13.750762,1,1.000000,0.000000,0.000000,0.000000,1.000000,0.000000,0.000000,0.000000,-0.000000,95.931999,-0.000541,-0.057709,-0.000000,86.000000,0.200000,2.800000
,13.790621,1,1.000000,0.000000,0.000000,0.000000,1.000000,0.000000,0.000000,0.000000,-0.000000,95.970001,-0.000555,-0.057792,-0.000000,86.000000,0.200000,2.800000
,13.830891,1,1.000000,0.000000,0.000000,0.000000,1.000000,0.000000,0.000000,0.000000,-0.000000,96.007004,-0.000572,-0.057879,-0.000000,86.000000,0.200000,2.800000
,13.872514,1,1.000000,0.000000,0.000000,0.000000,1.000000,0.000000,0.000000,0.000000,-0.000000,96.052002,-0.000604,-0.058078,-0.000000,86.000000,0.200000,2.800000
,13.912192,1,1.000000,0.000000,0.000000,0.000000,1.000000,0.000000,0.000000,0.000000,-0.000000,96.092003,-0.000624,-0.058164,-0.000000,86.000000,0.200000,2.800000
,13.951326,1,1.000000,0.000000,0.000000,0.000000,1.000000,0.000000,0.000000,0.000000,-0.000000,96.133003,-0.000644,-0.058238,-0.000000,86.000000,0.200000,2.800000
,13.991047,1,1.000000,0.000000,0.000000,0.000000,1.000000,0.000000,0.000000,0.000000,-0.000000,96.174004,-0.000664,-0.058305,-0.000000,86.000000,0.200000,2.800000
,14.031417,1,1.000000,0.000000,0.000000,0.000000,1.000000,0.000000,0.000000,0.000000,-0.000000,96.211998,-0.000675,-0.058367,-0.000000,86.000000,0.200000,2.800000
,14.072721,1,1.000000,0.000000,0.000000,0.000000,1.000000,0.000000,0.000000,0.000000,-0.000000,96.250000,-0.000692,-0.058463,-0.000000,86.000000,0.200000,2.800000
,14.111495,1,1.000000,0.000000,0.000000,0.000000,1.000000,0.000000,0.000000,0.000000,-0.000000,96.290001,-0.000696,-0.058498,-0.000000,86.000000,0.200000,2.800000
,14.151671,1,1.000000,0.000000,0.000000,0.000000,1.000000,0.000000,0.000000,0.000000,-0.000000,96.342003,-0.000694,-0.058528,-0.000000,86.000000,0.200000,2.800000
,14.191486,1,1.000000,0.000000,0.000000,0.000000,1.000000,0.000000,0.000000,0.000000,-0.000000,96.632004,-0.000678,-0.058578,-0.000000,86.000000,0.200000,2.800000
,14.230700,1,1.000000,0.000000,0.000000,0.000000,1.000000,0.000000,0.000000,0.000000,-0.000000,97.012001,-0.000659,-0.058602,-0.000000,86.000000,0.200000,2.800000
,14.272291,1,1.000000,0.000000,0.000000,0.000000,1.000000,0.000000,0.000000,0.000000,-0.000000,96.455002,-0.000659,-0.058602,-0.000000,86.000000,0.200000,2.800000
,14.310813,1,1.000000,0.000000,0.000000,0.000000,1.000000,0.000000,0.000000,0.000000,-0.000000,96.491997,-0.000628,-0.058639,-0.000000,86.000000,0.200000,2.800000
,14.350778,1,1.000000,0.000000,0.000000,0.000000,1.000000,0.000000,0.000000,0.000000,-0.000000,96.528000,-0.000612,-0.058647,-0.000000,86.000000,0.200000,2.800000
,14.391395,1,1.000000,0.000000,0.000000,0.000000,1.000000,0.000000,0.000000,0.000000,-0.000000,96.583000,-0.000582,-0.058653,-0.000000,86.000000,0.200000,2.800000
,14.431682,1,1.000000,0.000000,0.000000,0.000000,1.000000,0.000000,0.000000,0.000000,-0.000000,96.622002,-0.000566,-0.058641,-0.000000,86.000000,0.200000,2.800000
,14.471264,1,1.000000,0.000000,0.000000,0.000000,1.000000,0.000000,0.000000,0.000000,-0.000000,96.648003,-0.000566,-0.058641,-0.000000,86.000000,0.200000,2.800000
,14.511433,1,1.000000,0.000000,0.000000,0.000000,1.000000,0.000000,0.000000,0.000000,-0.000000,96.702003,-0.000528,-0.058610,-0.000000,86.000000,0.200000,2.800000
,14.550868,1,1.000000,0.000000,0.000000,0.000000,1.000000,0.000000,0.000000,0.000000,-0.000000,96.740997,-0.000507,-0.058583,-0.000000,86.000000,0.200000,2.800000
,14.590725,1,1.000000,0.000000,0.000000,0.000000,1.000000,0.000000,0.000000,0.000000,-0.000000,96.778000,-0.000496,-0.058548,-0.000000,86.000000,0.200000,2.800000
,14.630571,1,1.000000,0.000000,0.000000,0.000000,1.000000,0.000000,0.000000,0.000000,-0.000000,96.817001,-0.000477,-0.058473,-0.000000,86.000000,0.200000,2.800000
,14.671411,1,1.000000,0.000000,0.000000,0.000000,1.000000,0.000000,0.000000,0.000000,-0.000000,96.855003,-0.000463,-0.058427,-0.000000,86.000000,0.200000,2.800000
,14.710629,1,1.000000,0.000000,0.000000,0.000000,1.000000,0.000000,0.000000,0.000000,-0.000000,96.891998,-0.000449,-0.058393,-0.000000,86.000000,0.200000,2.800000
,14.751412,1,1.000000,0.000000,0.000000,0.000000,1.000000,0.000000,0.000000,0.000000,-0.000000,96.927002,-0.000441,-0.058351,-0.000000,86.000000,0.200000,2.800000
,14.791182,1,1.000000,0.000000,0.000000,0.000000,1.000000,0.000000,0.000000,0.000000,-0.000000,96.982002,-0.000426,-0.058254,-0.000000,86.000000,0.200000,2.800000
,14.830687,1,1.000000,0.000000,0.000000,0.000000,1.000000,0.000000,0.000000,0.000000,-0.000000,97.019997,-0.000436,-0.058199,-0.000000,86.000000,0.200000,2.800000
,14.871940,1,1.000000,0.000000,0.000000,0.000000,1.000000,0.000000,0.000000,0.000000,-0.000000,97.057999,-0.000445,-0.058156,-0.000000,86.000000,0.200000,2.800000
,14.910622,1,1.000000,0.000000,0.000000,0.000000,1.000000,0.000000,0.000000,0.000000,-0.000000,97.094002,-0.000455,-0.058114,-0.000000,86.000000,0.200000,2.800000
,14.951104,1,1.000000,0.000000,0.000000,0.000000,1.000000,0.000000,0.000000,0.000000,-0.000000,97.132004,-0.000464,-0.058074,-0.000000,86.000000,0.200000,2.800000
,14.991522,1,1.000000,0.000000,0.000000,0.000000,1.000000,0.000000,0.000000,0.000000,-0.000000,97.174004,-0.000481,-0.058033,-0.000000,86.000000,0.200000,2.800000
,15.031440,1,1.000000,0.000000,0.000000,0.000000,1.000000,0.000000,0.000000,0.000000,-0.000000,97.213997,-0.000506,-0.057983,-0.000000,86.000000,0.200000,2.800000
,15.071735,1,1.000000,0.000000,0.000000,0.000000,1.000000,0.000000,0.000000,0.000000,-0.000000,97.253998,-0.000564,-0.057901,-0.000000,86.000000,0.200000,2.800000
,15.110958,1,1.000000,0.000000,0.000000,0.000000,1.000000,0.000000,0.000000,0.000000,-0.000000,97.292000,-0.000600,-0.057867,-0.000000,86.000000,0.200000,2.800000
,15.151135,1,1.000000,0.000000,0.000000,0.000000,1.000000,0.000000,0.000000,0.000000,-0.000000,97.328003,-0.000636,-0.057834,-0.000000,86.000000,0.200000,2.800000
,15.191826,1,1.000000,0.000000,0.000000,0.000000,1.000000,0.000000,0.000000,0.000000,-0.000000,97.652000,-0.000733,-0.057743,-0.000000,86.000000,0.200000,2.800000
,15.231007,1,1.000000,0.000000,0.000000,0.000000,1.000000,0.000000,0.000000,0.000000,-0.000000,98.022003,-0.000777,-0.057709,-0.000000,86.000000,0.200000,2.800000
,15.272234,1,1.000000,0.000000,0.000000,0.000000,1.000000,0.000000,0.000000,0.000000,-0.000000,97.456001,-0.000822,-0.057682,-0.000000,86.000000,0.200000,2.800000
,15.310872,1,1.000000,0.000000,0.000000,0.000000,1.000000,0.000000,0.000000,0.000000,-0.000000,97.492996,-0.000863,-0.057651,-0.000000,86.000000,0.200000,2.800000
,15.350954,1,1.000000,0.000000,0.000000,0.000000,1.000000,0.000000,0.000000,0.000000,-0.000000,97.529999,-0.000906,-0.057616,-0.000000,86.000000,0.200000,2.800000
,15.390643,1,1.000000,0.000000,0.000000,0.000000,1.000000,0.000000,0.000000,0.000000,-0.000000,97.567001,-0.000945,-0.057581,-0.000000,86.000000,0.200000,2.800000
,15.431642,1,1.000000,0.000000,0.000000,0.000000,1.000000,0.000000,0.000000,0.000000,-0.000000,97.606003,-0.000980,-0.057553,-0.000000,86.000000,0.200000,2.800000
,15.472487,1,1.000000,0.000000,0.000000,0.000000,1.000000,0.000000,0.000000,0.000000,-0.000000,97.662003,-0.001035,-0.057500,-0.000000,86.000000,0.200000,2.800000
,15.510640,1,1.000000,0.000000,0.000000,0.000000,1.000000,0.000000,0.000000,0.000000,-0.000000,97.699997,-0.001048,-0.057472,-0.000000,86.000000,0.200000,2.800000
,15.551226,1,1.000000,0.000000,0.000000,0.000000,1.000000,0.000000,0.000000,0.000000,-0.000000,97.737999,-0.001059,-0.057440,-0.000000,86.000000,0.200000,2.800000
,15.590899,1,1.000000,0.000000,0.000000,0.000000,1.000000,0.000000,0.000000,0.000000,-0.000000,97.759003,-0.001072,-0.057409,-0.000000,86.000000,0.200000,2.800000
,15.630877,1,1.000000,0.000000,0.000000,0.000000,1.000000,0.000000,0.000000,0.000000,-0.000000,97.820999,-0.001083,-0.057362,-0.000000,86.000000,0.200000,2.800000
,15.672209,1,1.000000,0.000000,0.000000,0.000000,1.000000,0.000000,0.000000,0.000000,-0.000000,97.857002,-0.001091,-0.057328,-0.000000,86.000000,0.200000,2.800000
,15.710980,1,1.000000,0.000000,0.000000,0.000000,1.000000,0.000000,0.000000,0.000000,-0.000000,97.893997,-0.001096,-0.057307,-0.000000,86.000000,0.200000,2.800000
,15.751488,1,1.000000,0.000000,0.000000,0.000000,1.000000,0.000000,0.000000,0.000000,-0.000000,97.932999,-0.001093,-0.057287,-0.000000,86.000000,0.200000,2.800000
,15.790440,1,1.000000,0.000000,0.000000,0.000000,1.000000,0.000000,0.000000,0.000000,-0.000000,97.970001,-0.001082,-0.057277,-0.000000,86.000000,0.200000,2.800000
,15.830282,1,1.000000,0.000000,0.000000,0.000000,1.000000,0.000000,0.000000,0.000000,-0.000000,98.015999,-0.001067,-0.057258,-0.000000,86.000000,0.200000,2.800000
,15.870740,1,1.000000,0.000000,0.000000,0.000000,1.000000,0.000000,0.000000,0.000000,-0.000000,98.059998,-0.001071,-0.057249,-0.000000,86.000000,0.200000,2.800000
,15.910844,1,1.000000,0.000000,0.000000,0.000000,1.000000,0.000000,0.000000,0.000000,-0.000000,98.104004,-0.001076,-0.057239,-0.000000,86.000000,0.200000,2.800000
,15.950132,1,1.000000,0.000000,0.000000,0.000000,1.000000,0.000000,0.000000,0.000000,-0.000000,98.133003,-0.001086,-0.057226,-0.000000,86.000000,0.200000,2.800000
,15.990349,1,1.000000,0.000000,0.000000,0.000000,1.000000,0.000000,0.000000,0.000000,-0.000000,98.175003,-0.001101,-0.057210,-0.000000,86.000000,0.200000,2.800000
,16.030208,1,1.000000,0.000000,0.000000,0.000000,1.000000,0.000000,0.000000,0.000000,-0.000000,98.216003,-0.001114,-0.057197,-0.000000,86.000000,0.200000,2.800000
,16.070709,1,1.000000,0.000000,0.000000,0.000000,1.000000,0.000000,0.000000,0.000000,-0.000000,98.259003,-0.001119,-0.057189,-0.000000,86.000000,0.200000,2.800000
,16.110344,1,1.000000,0.000000,0.000000,0.000000,1.000000,0.000000,0.000000,0.000000,-0.000000,98.302002,-0.001117,-0.057195,-0.000000,86.000000,0.200000,2.800000
,16.150675,1,1.000000,0.000000,0.000000,0.000000,1.000000,0.000000,0.000000,0.000000,-0.000000,98.330002,-0.001099,-0.057221,-0.000000,86.000000,0.200000,2.800000
,16.190528,1,1.000000,0.000000,0.000000,0.000000,1.000000,0.000000,0.000000,0.000000,-0.000000,98.571999,-0.001073,-0.057255,-0.000000,86.000000,0.200000,2.800000
,16.230232,1,1.000000,0.000000,0.000000,0.000000,1.000000,0.000000,0.000000,0.000000,-0.000000,98.991997,-0.001017,-0.057339,-0.000000,86.000000,0.200000,2.800000
,16.270797,1,1.000000,0.000000,0.000000,0.000000,1.000000,0.000000,0.000000,0.000000,-0.000000,98.458000,-0.000977,-0.057388,-0.000000,86.000000,0.200000,2.800000
,16.310394,1,1.000000,0.000000,0.000000,0.000000,1.000000,0.000000,0.000000,0.000000,-0.000000,98.500999,-0.000940,-0.057430,-0.000000,86.000000,0.200000,2.800000
,16.350866,1,1.000000,0.000000,0.000000,0.000000,1.000000,0.000000,0.000000,0.000000,-0.000000,98.529999,-0.000904,-0.057474,-0.000000,86.000000,0.200000,2.800000
,16.390153,1,1.000000,0.000000,0.000000,0.000000,1.000000,0.000000,0.000000,0.000000,-0.000000,98.572998,-0.000869,-0.057518,-0.000000,86.000000,0.200000,2.800000
,16.430122,1,1.000000,0.000000,0.000000,0.000000,1.000000,0.000000,0.000000,0.000000,-0.000000,98.615997,-0.000795,-0.057601,-0.000000,86.000000,0.200000,2.800000
,16.470743,1,1.000000,0.000000,0.000000,0.000000,1.000000,0.000000,0.000000,0.000000,-0.000000,98.657997,-0.000750,-0.057648,-0.000000,86.000000,0.200000,2.800000
,16.510103,1,1.000000,0.000000,0.000000,0.000000,1.000000,0.000000,0.000000,0.000000,-0.000000,98.699997,-0.000695,-0.057701,-0.000000,86.000000,0.200000,2.800000
,16.550247,1,1.000000,0.000000,0.000000,0.000000,1.000000,0.000000,0.000000,0.000000,-0.000000,98.741997,-0.000649,-0.057743,-0.000000,86.000000,0.200000,2.800000
,16.590912,1,1.000000,0.000000,0.000000,0.000000,1.000000,0.000000,0.000000,0.000000,-0.000000,98.770996,-0.000609,-0.057783,-0.000000,86.000000,0.200000,2.800000
,16.630150,1,1.000000,0.000000,0.000000,0.000000,1.000000,0.000000,0.000000,0.000000,-0.000000,98.813004,-0.000551,-0.057866,-0.000000,86.000000,0.200000,2.800000
,16.671159,1,1.000000,0.000000,0.000000,0.000000,1.000000,0.000000,0.000000,0.000000,-0.000000,98.855003,-0.000499,-0.057914,-0.000000,86.000000,0.200000,2.800000
,16.710501,1,1.000000,0.000000,0.000000,0.000000,1.000000,0.000000,0.000000,0.000000,-0.000000,98.898003,-0.000453,-0.057950,-0.000000,86.000000,0.200000,2.800000
,16.750248,1,1.000000,0.000000,0.000000,0.000000,1.000000,0.000000,0.000000,0.000000,-0.000000,98.942001,-0.000410,-0.057984,-0.000000,86.000000,0.200000,2.800000
,16.790667,1,1.000000,0.000000,0.000000,0.000000,1.000000,0.000000,0.000000,0.000000,-0.000000,98.971001,-0.000371,-0.058013,-0.000000,86.000000,0.200000,2.800000
,16.830334,1,1.000000,0.000000,0.000000,0.000000,1.000000,0.000000,0.000000,0.000000,-0.000000,99.013000,-0.000302,-0.058041,-0.000000,86.000000,0.200000,2.800000
,16.871446,1,1.000000,0.000000,0.000000,0.000000,1.000000,0.000000,0.000000,0.000000,-0.000000,99.054001,-0.000255,-0.058064,-0.000000,86.000000,0.200000,2.800000
,16.910453,1,1.000000,0.000000,0.000000,0.000000,1.000000,0.000000,0.000000,0.000000,-0.000000,99.095001,-0.000221,-0.058082,-0.000000,86.000000,0.200000,2.800000
,16.950152,1,1.000000,0.000000,0.000000,0.000000,1.000000,0.000000,0.000000,0.000000,-0.000000,99.137001,-0.000193,-0.058096,-0.000000,86.000000,0.200000,2.800000
,16.990229,1,1.000000,0.000000,0.000000,0.000000,1.000000,0.000000,0.000000,0.000000,-0.000000,99.178001,-0.000140,-0.058103,-0.000000,86.000000,0.200000,2.800000
,17.030330,1,1.000000,0.000000,0.000000,0.000000,1.000000,0.000000,0.000000,0.000000,-0.000000,99.220001,-0.000123,-0.058101,-0.000000,86.000000,0.200000,2.800000
,17.071089,1,1.000000,0.000000,0.000000,0.000000,1.000000,0.000000,0.000000,0.000000,-0.000000,99.262001,-0.000102,-0.058100,-0.000000,86.000000,0.200000,2.800000
,17.110580,1,1.000000,0.000000,0.000000,0.000000,1.000000,0.000000,0.000000,0.000000,-0.000000,99.292000,-0.000079,-0.058116,-0.000000,86.000000,0.200000,2.800000
,17.151950,1,1.000000,0.000000,0.000000,0.000000,1.000000,0.000000,0.000000,0.000000,-0.000000,99.335999,-0.000068,-0.058135,-0.000000,86.000000,0.200000,2.800000
,17.191728,1,1.000000,0.000000,0.000000,0.000000,1.000000,0.000000,0.000000,0.000000,-0.000000,100.251999,-0.000064,-0.058152,-0.000000,86.000000,0.200000,2.800000
,17.230312,1,1.000000,0.000000,0.000000,0.000000,1.000000,0.000000,0.000000,0.000000,-0.000000,100.012001,-0.000044,-0.058216,-0.000000,86.000000,0.200000,2.800000
,17.271124,1,1.000000,0.000000,0.000000,0.000000,1.000000,0.000000,0.000000,0.000000,-0.000000,100.332001,-0.000031,-0.058275,-0.000000,86.000000,0.200000,2.800000
,17.310141,1,1.000000,0.000000,0.000000,0.000000,1.000000,0.000000,0.000000,0.000000,-0.000000,99.492996,-0.000023,-0.058323,-0.000000,86.000000,0.200000,2.800000
,17.350290,1,1.000000,0.000000,0.000000,0.000000,1.000000,0.000000,0.000000,0.000000,-0.000000,99.535004,-0.000021,-0.058372,-0.000000,86.000000,0.200000,2.800000
,17.390209,1,1.000000,0.000000,0.000000,0.000000,1.000000,0.000000,0.000000,0.000000,-0.000000,99.575996,-0.000039,-0.058459,-0.000000,86.000000,0.200000,2.800000
,17.430097,1,1.000000,0.000000,0.000000,0.000000,1.000000,0.000000,0.000000,0.000000,-0.000000,99.615997,-0.000049,-0.058515,-0.000000,86.000000,0.200000,2.800000
,17.470238,1,1.000000,0.000000,0.000000,0.000000,1.000000,0.000000,0.000000,0.000000,-0.000000,99.655998,-0.000059,-0.058566,-0.000000,86.000000,0.200000,2.800000
,17.510006,1,1.000000,0.000000,0.000000,0.000000,1.000000,0.000000,0.000000,0.000000,-0.000000,99.696999,-0.000071,-0.058624,-0.000000,86.000000,0.200000,2.800000
,17.550042,1,1.000000,0.000000,0.000000,0.000000,1.000000,0.000000,0.000000,0.000000,-0.000000,99.737000,-0.000085,-0.058682,-0.000000,86.000000,0.200000,2.800000
,17.590136,1,1.000000,0.000000,0.000000,0.000000,1.000000,0.000000,0.000000,0.000000,-0.000000,99.778999,-0.000098,-0.058803,-0.000000,86.000000,0.200000,2.800000
,17.630053,1,1.000000,0.000000,0.000000,0.000000,1.000000,0.000000,0.000000,0.000000,-0.000000,99.820000,-0.000098,-0.058861,-0.000000,86.000000,0.200000,2.800000
,17.671687,1,1.000000,0.000000,0.000000,0.000000,1.000000,0.000000,0.000000,0.000000,-0.000000,99.860001,-0.000104,-0.058938,-0.000000,86.000000,0.200000,2.800000
,17.710485,1,1.000000,0.000000,0.000000,0.000000,1.000000,0.000000,0.000000,0.000000,-0.000000,99.901001,-0.000115,-0.058983,-0.000000,86.000000,0.200000,2.800000
,17.750433,1,1.000000,0.000000,0.000000,0.000000,1.000000,0.000000,0.000000,0.000000,-0.000000,99.943001,-0.000126,-0.059063,-0.000000,86.000000,0.200000,2.800000
,17.790645,1,1.000000,0.000000,0.000000,0.000000,1.000000,0.000000,0.000000,0.000000,-0.000000,99.972000,-0.000126,-0.059063,-0.000000,86.000000,0.200000,2.800000
,17.830156,1,1.000000,0.000000,0.000000,0.000000,1.000000,0.000000,0.000000,0.000000,-0.000000,100.014000,-0.000145,-0.059150,-0.000000,86.000000,0.200000,2.800000
,17.871549,1,1.000000,0.000000,0.000000,0.000000,1.000000,0.000000,0.000000,0.000000,-0.000000,100.054001,-0.000155,-0.059194,-0.000000,86.000000,0.200000,2.800000
,17.910090,1,1.000000,0.000000,0.000000,0.000000,1.000000,0.000000,0.000000,0.000000,-0.000000,100.096001,-0.000168,-0.059241,-0.000000,86.000000,0.200000,2.800000
,17.950017,1,1.000000,0.000000,0.000000,0.000000,1.000000,0.000000,0.000000,0.000000,-0.000000,100.136002,-0.000178,-0.059295,-0.000000,86.000000,0.200000,2.800000
,17.990058,1,1.000000,0.000000,0.000000,0.000000,1.000000,0.000000,0.000000,0.000000,-0.000000,100.179001,-0.000170,-0.059364,-0.000000,86.000000,0.200000,2.800000
,18.030025,1,1.000000,0.000000,0.000000,0.000000,1.000000,0.000000,0.000000,0.000000,-0.000000,100.222000,-0.000160,-0.059417,-0.000000,86.000000,0.200000,2.800000
,18.070680,1,1.000000,0.000000,0.000000,0.000000,1.000000,0.000000,0.000000,0.000000,-0.000000,100.263000,-0.000147,-0.059470,-0.000000,86.000000,0.200000,2.800000
,18.110564,1,1.000000,0.000000,0.000000,0.000000,1.000000,0.000000,0.000000,0.000000,-0.000000,100.291000,-0.000126,-0.059542,-0.000000,86.000000,0.200000,2.800000
,18.150238,1,1.000000,0.000000,0.000000,0.000000,1.000000,0.000000,0.000000,0.000000,-0.000000,100.332001,-0.000098,-0.059601,-0.000000,86.000000,0.200000,2.800000
,18.190095,1,1.000000,0.000000,0.000000,0.000000,1.000000,0.000000,0.000000,0.000000,-0.000000,100.561996,-0.000071,-0.059663,-0.000000,86.000000,0.200000,2.800000
,18.230401,1,1.000000,0.000000,0.000000,0.000000,1.000000,0.000000,0.000000,0.000000,-0.000000,100.952003,-0.000010,-0.059790,-0.000000,86.000000,0.200000,2.800000
,18.270216,1,1.000000,0.000000,0.000000,0.000000,1.000000,0.000000,0.000000,0.000000,-0.000000,100.453003,0.000011,-0.059841,-0.000000,86.000000,0.200000,2.800000
,18.310060,1,1.000000,0.000000,0.000000,0.000000,1.000000,0.000000,0.000000,0.000000,-0.000000,100.494003,0.000034,-0.059883,-0.000000,86.000000,0.200000,2.800000
,18.350212,1,1.000000,0.000000,0.000000,0.000000,1.000000,0.000000,0.000000,0.000000,-0.000000,100.535004,0.000069,-0.059915,-0.000000,86.000000,0.200000,2.800000
,18.390637,1,1.000000,0.000000,0.000000,0.000000,1.000000,0.000000,0.000000,0.000000,-0.000000,100.568001,0.000105,-0.059936,-0.000000,86.000000,0.200000,2.800000
,18.430193,1,1.000000,0.000000,0.000000,0.000000,1.000000,0.000000,0.000000,0.000000,-0.000000,100.614998,0.000163,-0.059943,-0.000000,86.000000,0.200000,2.800000
,18.470130,1,1.000000,0.000000,0.000000,0.000000,1.000000,0.000000,0.000000,0.000000,-0.000000,100.657997,0.000178,-0.059931,-0.000000,86.000000,0.200000,2.800000
,18.510145,1,1.000000,0.000000,0.000000,0.000000,1.000000,0.000000,0.000000,0.000000,-0.000000,100.699997,0.000191,-0.059913,-0.000000,86.000000,0.200000,2.800000
,18.550093,1,1.000000,0.000000,0.000000,0.000000,1.000000,0.000000,0.000000,0.000000,-0.000000,100.741997,0.000200,-0.059895,-0.000000,86.000000,0.200000,2.800000
,18.590907,1,1.000000,0.000000,0.000000,0.000000,1.000000,0.000000,0.000000,0.000000,-0.000000,100.770996,0.000199,-0.059872,-0.000000,86.000000,0.200000,2.800000
,18.630089,1,1.000000,0.000000,0.000000,0.000000,1.000000,0.000000,0.000000,0.000000,-0.000000,100.811996,0.000172,-0.059832,-0.000000,86.000000,0.200000,2.800000
,18.670658,1,1.000000,0.000000,0.000000,0.000000,1.000000,0.000000,0.000000,0.000000,-0.000000,100.854004,0.000143,-0.059814,-0.000000,86.000000,0.200000,2.800000
,18.710017,1,1.000000,0.000000,0.000000,0.000000,1.000000,0.000000,0.000000,0.000000,-0.000000,100.895996,0.000115,-0.059797,-0.000000,86.000000,0.200000,2.800000
,18.750061,1,1.000000,0.000000,0.000000,0.000000,1.000000,0.000000,0.000000,0.000000,-0.000000,100.938004,0.000092,-0.059773,-0.000000,86.000000,0.200000,2.800000
,18.790052,1,1.000000,0.000000,0.000000,0.000000,1.000000,0.000000,0.000000,0.000000,-0.000000,100.979004,0.000033,-0.059735,-0.000000,86.000000,0.200000,2.800000
,18.830129,1,1.000000,0.000000,0.000000,0.000000,1.000000,0.000000,0.000000,0.000000,-0.000000,101.020996,-0.000012,-0.059699,-0.000000,86.000000,0.200000,2.800000
,18.870311,1,1.000000,0.000000,0.000000,0.000000,1.000000,0.000000,0.000000,0.000000,-0.000000,101.061996,-0.000053,-0.059655,-0.000000,86.000000,0.200000,2.800000
,18.910268,1,1.000000,0.000000,0.000000,0.000000,1.000000,0.000000,0.000000,0.000000,-0.000000,101.104004,-0.000087,-0.059603,-0.000000,86.000000,0.200000,2.800000
,18.955747,1,1.000000,0.000000,0.000000,0.000000,1.000000,0.000000,0.000000,0.000000,-0.000000,101.130997,-0.000121,-0.059528,-0.000000,86.000000,0.200000,2.800000
,18.990056,1,1.000000,0.000000,0.000000,0.000000,1.000000,0.000000,0.000000,0.000000,-0.000000,101.176003,-0.000160,-0.059417,-0.000000,86.000000,0.200000,2.800000
,