7.935682,1,1.000000,0.000000,0.000000,0.000000,0.000000,0.000000,1.000000,1.000000,0.200000,1484.168945,0.000000,0.000000,0.200000,189.907135,0.900000,0.600000,
7.958969,1,1.000000,0.000000,0.000000,0.000000,0.000000,0.000000,1.000000,1.000000,0.200000,1484.202026,0.000000,0.000000,0.200000,189.908173,0.900000,0.600000,
7.999774,1,1.000000,0.000000,0.000000,0.000000,0.000000,0.000000,1.000000,1.000000,0.200000,1484.244019,0.000000,0.000000,0.200000,189.908798,0.900000,0.600000,
8.042182,1,1.000000,0.000000,0.000000,0.000000,0.000000,0.000000,1.000000,1.000000,0.200000,1484.276001,0.000000,0.000000,0.200000,189.910507,0.900000,0.500000,
8.084894,1,1.000000,0.000000,0.000000,0.000000,0.000000,0.000000,1.000000,1.000000,0.200000,1484.317993,0.000000,0.000000,0.200000,189.911621,0.900000,0.500000,
8.124549,1,1.000000,0.000000,0.000000,0.000000,0.000000,0.000000,1.000000,1.000000,0.200000,1484.362061,0.000000,0.000000,0.200000,189.916183,0.900000,0.500000,
8.158383,1,1.000000,0.000000,0.000000,0.000000,0.000000,0.000000,1.000000,1.000000,0.200000,1484.404053,0.000000,0.000000,0.200000,189.909500,0.900000,0.500000,
8.201470,1,1.000000,0.000000,0.000000,0.000000,0.000000,0.000000,1.000000,1.000000,0.200000,1484.437012,0.000000,0.000000,0.200000,189.913879,0.900000,0.500000,
8.240852,1,1.000000,0.000000,0.000000,0.000000,0.000000,0.000000,1.000000,1.000000,0.200000,1484.479004,0.000000,0.000000,0.200000,189.909302,0.900000,0.500000,
8.277363,1,1.000000,0.000000,0.000000,0.000000,0.000000,0.000000,1.000000,1.000000,0.200000,1484.522949,0.000000,0.000000,0.200000,189.907013,0.900000,0.500000,
8.316046,1,1.000000,0.000000,0.000000,0.000000,0.000000,0.000000,1.000000,1.000000,0.200000,1484.564941,0.000000,0.000000,0.200000,189.906982,0.900000,0.500000,
8.355698,1,1.000000,0.000000,0.000000,0.000000,0.000000,0.000000,1.000000,1.000000,0.200000,1484.597046,0.000000,0.000000,0.200000,189.906128,0.900000,0.500000,
8.394194,1,1.000000,0.000000,0.000000,0.000000,0.000000,0.000000,1.000000,1.000000,0.200000,1484.640991,0.000000,0.000000,0.200000,189.896011,0.800000,0.500000,
8.439483,1,1.000000,0.000000,0.000000,0.000000,0.000000,0.000000,1.000000,1.000000,0.200000,1484.682007,0.000000,0.000000,0.200000,189.897339,0.800000,0.500000,
8.479106,1,1.000000,0.000000,0.000000,0.000000,0.000000,0.000000,1.000000,1.000000,0.200000,1484.975952,0.000000,0.000000,0.200000,189.896973,0.800000,0.500000,
8.519841,1,1.000000,0.000000,0.000000,0.000000,0.000000,0.000000,1.000000,1.000000,0.200000,1485.375977,0.000000,0.000000,0.200000,189.889053,0.800000,0.500000,
8.556107,1,1.000000,0.000000,0.000000,0.000000,0.000000,0.000000,1.000000,1.000000,0.200000,1484.800049,0.000000,0.000000,0.200000,189.892303,0.900000,0.500000,
8.605532,1,1.000000,0.000000,0.000000,0.000000,0.000000,0.000000,1.000000,1.000000,0.200000,1484.842041,0.000000,0.000000,0.200000,189.891083,0.800000,0.500000,
8.642844,1,1.000000,0.000000,0.000000,0.000000,0.000000,0.000000,1.000000,1.000000,0.200000,1484.876953,0.000000,0.000000,0.200000,189.884293,0.800000,0.500000,
8.678805,1,1.000000,0.000000,0.000000,0.000000,0.000000,0.000000,1.000000,1.000000,0.200000,1484.918945,0.000000,0.000000,0.200000,189.874695,0.900000,0.500000,
8.716554,1,1.000000,0.000000,0.000000,0.000000,0.000000,0.000000,1.000000,1.000000,0.200000,1484.961060,0.000000,0.000000,0.200000,189.824127,0.700000,0.600000,
8.759979,1,1.000000,0.000000,0.000000,0.000000,0.000000,0.000000,1.000000,1.000000,0.200000,1485.003052,0.000000,0.000000,0.200000,189.854935,0.800000,0.600000,
8.803176,1,1.000000,0.000000,0.000000,0.000000,0.000000,0.000000,1.000000,1.000000,0.200000,1485.036987,0.000000,0.000000,0.200000,189.884415,0.900000,0.500000,
8.839715,1,1.000000,0.000000,0.000000,0.000000,0.000000,0.000000,1.000000,1.000000,0.200000,1485.078979,0.000000,0.000000,0.200000,189.819275,0.800000,0.600000,
8.874439,1,1.000000,0.000000,0.000000,0.000000,0.000000,0.000000,1.000000,1.000000,0.200000,1485.119019,0.000000,0.000000,0.200000,189.806778,0.800000,0.600000,
8.917487,1,1.000000,0.000000,0.000000,0.000000,0.000000,0.000000,1.000000,1.000000,0.200000,1485.162964,0.000000,0.000000,0.200000,189.878784,0.900000,0.500000,
8.954238,1,1.000000,0.000000,0.000000,0.000000,0.000000,0.000000,1.000000,1.000000,0.200000,1485.203003,0.000000,0.000000,0.200000,189.839676,0.800000,0.500000,
9.002085,1,1.000000,0.000000,0.000000,0.000000,0.000000,0.000000,1.000000,1.000000,0.200000,1485.237061,0.000000,0.000000,0.200000,189.810394,0.800000,0.600000,
9.043886,1,1.000000,0.000000,0.000000,0.000000,0.000000,0.000000,1.000000,1.000000,0.200000,1485.279053,0.000000,0.000000,0.200000,189.866592,0.800000,0.500000,
9.079102,1,1.000000,0.000000,0.000000,0.000000,0.000000,0.000000,1.000000,1.000000,0.200000,1485.323975,0.000000,0.000000,0.200000,189.846344,0.900000,0.500000,
9.118286,1,1.000000,0.000000,0.000000,0.000000,0.000000,0.000000,1.000000,1.000000,0.200000,1485.364990,0.000000,0.000000,0.200000,189.828568,0.800000,0.600000,
9.155896,1,1.000000,0.000000,0.000000,0.000000,0.000000,0.000000,1.000000,1.000000,0.200000,1485.396973,0.000000,0.000000,0.200000,189.865250,0.800000,0.500000,
9.199771,1,1.000000,0.000000,0.000000,0.000000,0.000000,0.000000,1.000000,1.000000,0.200000,1485.437012,0.000000,0.000000,0.200000,189.849411,0.800000,0.500000,
9.242542,1,1.000000,0.000000,0.000000,0.000000,0.000000,0.000000,1.000000,1.000000,0.200000,1485.483032,0.000000,0.000000,0.200000,189.842392,0.800000,0.500000,
9.279930,1,1.000000,0.000000,0.000000,0.000000,0.000000,0.000000,1.000000,1.000000,0.200000,1485.520020,0.000000,0.000000,0.200000,189.862946,0.800000,0.500000,
9.316865,1,1.000000,0.000000,0.000000,0.000000,0.000000,0.000000,1.000000,1.000000,0.200000,1485.564941,0.000000,0.000000,0.200000,189.850723,0.800000,0.500000,
9.355093,1,1.000000,0.000000,0.000000,0.000000,0.000000,0.000000,1.000000,1.000000,0.200000,1485.597046,0.000000,0.000000,0.200000,189.848465,0.800000,0.500000,
9.400811,1,1.000000,0.000000,0.000000,0.000000,0.000000,0.000000,1.000000,1.000000,0.200000,1485.640991,0.000000,0.000000,0.200000,189.857574,0.800000,0.600000,
9.442813,1,1.000000,0.000000,0.000000,0.000000,0.000000,0.000000,1.000000,1.000000,0.200000,1485.677979,0.000000,0.000000,0.200000,189.847626,0.800000,0.500000,
9.478319,1,1.000000,0.000000,0.000000,0.000000,0.000000,0.000000,1.000000,1.000000,0.200000,1486.046021,0.000000,0.000000,0.200000,189.851883,0.800000,0.500000,
9.515731,1,1.000000,0.000000,0.000000,0.000000,0.000000,0.000000,1.000000,1.000000,0.200000,1486.465942,0.000000,0.000000,0.200000,189.857834,0.800000,0.500000,
9.554579,1,1.000000,0.000000,0.000000,0.000000,0.000000,0.000000,1.000000,1.000000,0.200000,1485.803955,0.000000,0.000000,0.200000,189.851257,0.800000,0.500000,
9.604946,1,1.000000,0.000000,0.000000,0.000000,0.000000,0.000000,1.000000,1.000000,0.200000,1485.843994,0.000000,0.000000,0.200000,189.855560,0.800000,0.500000,
9.642421,1,1.000000,0.000000,0.000000,0.000000,0.000000,0.000000,1.000000,1.000000,0.200000,1485.880981,0.000000,0.000000,0.200000,189.856293,0.800000,0.500000,
9.680255,1,1.000000,0.000000,0.000000,0.000000,0.000000,0.000000,1.000000,1.000000,0.200000,1485.916016,0.000000,0.000000,0.200000,189.852081,0.800000,0.500000,
9.718018,1,1.000000,0.000000,0.000000,0.000000,0.000000,0.000000,1.000000,1.000000,0.200000,1485.956055,0.000000,0.000000,0.200000,189.856125,0.800000,0.500000,
9.757621,1,1.000000,0.000000,0.000000,0.000000,0.000000,0.000000,1.000000,1.000000,0.200000,1485.996948,0.000000,0.000000,0.200000,189.856827,0.800000,0.500000,
9.800707,1,1.000000,0.000000,0.000000,0.000000,0.000000,0.000000,1.000000,1.000000,0.200000,1486.036987,0.000000,0.000000,0.200000,189.854218,0.800000,0.500000,
9.839880,1,1.000000,0.000000,0.000000,0.000000,0.000000,0.000000,1.000000,1.000000,0.200000,1486.079956,0.000000,0.000000,0.200000,189.857254,0.800000,0.500000,
9.881205,1,1.000000,0.000000,0.000000,0.000000,0.000000,0.000000,1.000000,1.000000,0.200000,1486.125000,0.000000,0.000000,0.200000,189.856720,0.800000,0.500000,
9.916769,1,1.000000,0.000000,0.000000,0.000000,0.000000,0.000000,1.000000,1.000000,0.200000,1486.156982,0.000000,0.000000,0.200000,189.853333,0.800000,0.600000,
9.962216,1,1.000000,0.000000,0.000000,0.000000,0.000000,0.000000,1.000000,1.000000,0.200000,1486.198975,0.000000,0.000000,0.200000,189.862213,0.800000,0.500000,
9.997425,1,1.000000,0.000000,0.000000,0.000000,0.000000,0.000000,1.000000,1.000000,0.200000,1486.240967,0.000000,0.000000,0.200000,189.853851,0.800000,0.500000,
10.040751,1,1.000000,0.000000,0.000000,0.000000,0.000000,0.000000,1.000000,1.000000,0.200000,1486.276001,0.000000,0.000000,0.200000,189.853241,0.800000,0.500000,
10.080540,1,1.000000,0.000000,0.000000,0.000000,0.000000,0.000000,1.000000,1.000000,0.200000,1486.326050,0.000000,0.000000,0.200000,189.859268,0.800000,0.500000,
10.120343,1,1.000000,0.000000,0.000000,0.000000,0.000000,0.000000,1.000000,1.000000,0.200000,1486.359009,0.000000,0.000000,0.200000,189.853577,0.800000,0.500000,
10.155702,1,1.000000,0.000000,0.000000,0.000000,0.000000,0.000000,1.000000,1.000000,0.200000,1486.400024,0.000000,0.000000,0.200000,189.853256,0.800000,0.500000,
10.204400,1,1.000000,0.000000,0.000000,0.000000,0.000000,0.000000,1.000000,1.000000,0.200000,1486.439941,0.000000,0.000000,0.200000,189.853882,0.800000,0.500000,
10.238397,1,1.000000,0.000000,0.000000,0.000000,0.000000,0.000000,1.000000,1.000000,0.200000,1486.480957,0.000000,0.000000,0.200000,189.830032,0.800000,0.500000,
10.280122,1,1.000000,0.000000,0.000000,0.000000,0.000000,0.000000,1.000000,1.000000,0.200000,1486.522949,0.000000,0.000000,0.200000,189.826035,0.800000,0.500000,
10.318683,1,1.000000,0.000000,0.000000,0.000000,0.000000,0.000000,1.000000,1.000000,0.200000,1486.557007,0.000000,0.000000,0.200000,189.849548,0.800000,0.500000,
10.357640,1,1.000000,0.000000,0.000000,0.000000,0.000000,0.000000,1.000000,1.000000,0.200000,1486.599976,0.000000,0.000000,0.200000,189.839645,0.800000,0.500000,
10.398508,1,1.000000,0.000000,0.000000,0.000000,0.000000,0.000000,1.000000,1.000000,0.200000,1486.640015,0.000000,0.000000,0.200000,189.848343,0.900000,0.500000,
10.441035,1,1.000000,0.000000,0.000000,0.000000,0.000000,0.000000,1.000000,1.000000,0.200000,1486.672974,0.000000,0.000000,0.200000,189.863129,0.900000,0.500000,
10.479257,1,1.000000,0.000000,0.000000,0.000000,0.000000,0.000000,1.000000,1.000000,0.200000,1486.995972,0.000000,0.000000,0.200000,189.847992,0.800000,0.500000,
10.517236,1,1.000000,0.000000,0.000000,0.000000,0.000000,0.000000,1.000000,1.000000,0.200000,1487.436035,0.000000,0.000000,0.200000,189.853912,0.800000,0.500000,
10.560694,1,1.000000,0.000000,0.000000,0.000000,0.000000,0.000000,1.000000,1.000000,0.200000,1486.802979,0.000000,0.000000,0.200000,189.861801,0.800000,0.500000,
10.602939,1,1.000000,0.000000,0.000000,0.000000,0.000000,0.000000,1.000000,1.000000,0.200000,1486.836060,0.000000,0.000000,0.200000,189.849625,0.800000,0.500000,
10.642386,1,1.000000,0.000000,0.000000,0.000000,0.000000,0.000000,1.000000,1.000000,0.200000,1486.880005,0.000000,0.000000,0.200000,189.854691,0.800000,0.500000,
10.678095,1,1.000000,0.000000,0.000000,0.000000,0.000000,0.000000,1.000000,1.000000,0.200000,1486.922974,0.000000,0.000000,0.200000,189.863098,0.900000,0.500000,
10.718196,1,1.000000,0.000000,0.000000,0.000000,0.000000,0.000000,1.000000,1.000000,0.200000,1486.954956,0.000000,0.000000,0.200000,189.853653,0.800000,0.500000,
10.757768,1,1.000000,0.000000,0.000000,0.000000,0.000000,0.000000,1.000000,1.000000,0.200000,1486.998047,0.000000,0.000000,0.200000,189.857742,0.800000,0.500000,
10.799740,1,1.000000,0.000000,0.000000,0.000000,0.000000,0.000000,1.000000,1.000000,0.200000,1487.037964,0.000000,0.000000,0.200000,189.864197,0.900000,0.500000,
10.841933,1,1.000000,0.000000,0.000000,0.000000,0.000000,0.000000,1.000000,1.000000,0.200000,1487.079956,0.000000,0.000000,0.200000,189.853271,0.800000,0.500000,
10.877988,1,1.000000,0.000000,0.000000,0.000000,0.000000,0.000000,1.000000,1.000000,0.200000,1487.123047,0.000000,0.000000,0.200000,189.843094,0.800000,0.500000,
10.914971,1,1.000000,0.000000,0.000000,0.000000,0.000000,0.000000,1.000000,1.000000,0.200000,1487.155029,0.000000,0.000000,0.200000,189.807159,0.800000,0.500000,
10.958239,1,1.000000,0.000000,0.000000,0.000000,0.000000,0.000000,1.000000,1.000000,0.200000,1487.198975,0.000000,0.000000,0.200000,189.828903,0.500000,0.400000,
11.001629,1,1.000000,0.000000,0.000000,0.000000,0.000000,0.000000,1.000000,1.000000,0.200000,1487.234009,0.000000,0.000000,0.200000,190.116379,0.300000,-0.000000,
11.042334,1,1.000000,0.000000,0.000000,0.000000,0.000000,0.000000,1.000000,1.000000,0.200000,1487.282959,0.000000,0.000000,0.200000,190.106979,-0.000000,-0.500000,
11.082686,1,1.000000,0.000000,0.000000,0.000000,0.000000,0.000000,1.000000,1.000000,0.200000,1487.316040,0.000000,0.000000,0.200000,189.927628,-0.000000,-0.600000,
11.121563,1,1.000000,0.000000,0.000000,0.000000,0.000000,0.000000,1.000000,1.000000,0.200000,1487.359985,0.000000,0.000000,0.200000,190.081818,0.100000,-0.400000,
11.156876,1,1.000000,0.000000,0.000000,0.000000,0.000000,0.000000,1.000000,1.000000,0.200000,1487.400024,0.000000,0.000000,0.200000,190.216156,0.100000,-0.300000,
11.199815,1,1.000000,0.000000,0.000000,0.000000,0.000000,0.000000,1.000000,1.000000,0.200000,1487.442993,0.000000,0.000000,0.200000,190.050186,0.000000,-0.400000,
11.242437,1,1.000000,0.000000,0.000000,0.000000,0.000000,0.000000,1.000000,1.000000,0.200000,1487.478027,0.000000,0.000000,0.200000,189.975143,0.000000,-0.500000,
11.280231,1,1.000000,0.000000,0.000000,0.000000,0.000000,0.000000,1.000000,1.000000,0.200000,1487.520996,0.000000,0.000000,0.200000,190.109726,0.100000,-0.400000,
11.316149,1,1.000000,0.000000,0.000000,0.000000,0.000000,0.000000,1.000000,1.000000,0.200000,1487.556030,0.000000,0.000000,0.200000,190.118622,0.100000,-0.300000,
11.356432,1,1.000000,0.000000,0.000000,0.000000,0.000000,0.000000,1.000000,1.000000,0.200000,1487.598022,0.000000,0.000000,0.200000,190.035400,0.000000,-0.300000,
11.395300,1,1.000000,0.000000,0.000000,0.000000,0.000000,0.000000,1.000000,1.000000,0.200000,1487.639038,0.000000,0.000000,0.200000,190.024582,0.000000,-0.400000,
11.441369,1,1.000000,0.000000,0.000000,0.000000,0.000000,0.000000,1.000000,1.000000,0.200000,1487.682007,0.000000,0.000000,0.200000,189.684662,-0.600000,-0.300000,
11.479034,1,1.000000,0.000000,0.000000,0.000000,0.000000,0.000000,1.000000,1.000000,0.200000,1487.965942,0.000000,0.000000,0.200000,189.386688,-1.300000,-0.100000,
11.518165,1,1.000000,0.000000,0.000000,0.000000,0.000000,0.000000,1.000000,1.000000,0.200000,1488.456055,0.000000,0.000000,0.200000,189.569489,-0.800000,0.100000,
11.555772,1,1.000000,0.000000,0.000000,0.000000,0.000000,0.000000,1.000000,1.000000,0.200000,1487.796021,0.000000,0.000000,0.200000,189.599136,-0.300000,-0.000000,
11.599628,1,1.000000,0.000000,0.000000,0.000000,0.000000,0.000000,1.000000,1.000000,0.200000,1487.838013,0.000000,0.000000,0.200000,189.977493,0.000000,-0.400000,
11.644531,1,1.000000,0.000000,0.000000,0.000000,0.000000,0.000000,1.000000,1.000000,0.200000,1487.884033,0.000000,0.000000,0.200000,190.190430,0.100000,-0.500000,
11.677038,1,1.000000,0.000000,0.000000,0.000000,0.000000,0.000000,1.000000,1.000000,0.200000,1487.916016,0.000000,0.000000,0.200000,189.908081,0.700000,-0.700000,
11.716930,1,1.000000,0.000000,0.000000,0.000000,0.000000,0.000000,1.000000,1.000000,0.200000,1487.957031,0.000000,0.000000,0.200000,189.667679,0.800000,-0.900000,
11.756975,1,1.000000,0.000000,0.000000,0.000000,0.000000,0.000000,1.000000,1.000000,0.200000,1488.003052,0.000000,0.000000,0.200000,189.738281,0.300000,-0.900000,
11.801156,1,1.000000,0.000000,0.000000,0.000000,0.000000,0.000000,1.000000,1.000000,0.200000,1488.041992,0.000000,0.000000,0.200000,190.047073,-0.300000,-0.800000,
11.841343,1,1.000000,0.000000,0.000000,0.000000,0.000000,0.000000,1.000000,1.000000,0.200000,1488.076050,0.000000,0.000000,0.200000,189.866989,-1.300000,-0.600000,
11.879866,1,1.000000,0.000000,0.000000,0.000000,0.000000,0.000000,1.000000,1.000000,0.200000,1488.114990,0.000000,0.000000,0.200000,188.970551,-3.000000,-0.200000,
11.918191,1,1.000000,0.000000,0.000000,0.000000,0.000000,0.000000,1.000000,1.000000,0.200000,1488.163940,0.000000,0.000000,0.200000,187.622589,-4.400000,0.100000,
11.956393,1,1.000000,0.000000,0.000000,0.000000,0.000000,0.000000,1.000000,1.000000,0.200000,1488.194946,0.000000,0.000000,0.200000,186.295029,-5.400000,0.100000,
12.000972,1,1.000000,0.000000,0.000000,0.000000,0.000000,0.000000,1.000000,1.000000,0.200000,1488.237061,0.000000,0.000000,0.200000,185.580002,-5.400000,0.000000,
12.042909,1,1.000000,0.000000,0.000000,0.000000,0.000000,0.000000,1.000000,1.000000,0.200000,1488.280029,0.000000,0.000000,0.200000,185.052322,-5.700000,0.300000,
12.080010,1,1.000000,0.000000,0.000000,0.000000,0.000000,0.000000,1.000000,1.000000,0.200000,1488.314941,0.000000,0.000000,0.200000,184.624039,-6.000000,0.600000,
12.118031,1,1.000000,0.000000,0.000000,0.000000,0.000000,0.000000,1.000000,1.000000,0.240000,1488.354980,0.000000,0.000000,0.240000,184.544464,-5.800000,0.500000,
12.160688,1,1.000000,0.000000,0.000000,0.000000,0.000000,0.000000,1.000000,1.000000,0.240000,1488.390015,0.000000,0.000000,0.240000,184.541031,-5.800000,0.500000,
12.195472,1,1.000000,0.000000,0.000000,0.000000,0.000000,0.000000,1.000000,1.000000,0.320000,1488.441040,0.000000,0.000000,0.320000,184.631989,-5.700000,0.300000,
12.249597,1,1.000000,0.000000,0.000000,0.000000,0.000000,0.000000,1.000000,1.000000,0.320000,1488.474976,0.000000,0.000000,0.320000,184.449402,-5.500000,0.300000,
12.287032,1,1.000000,0.000000,0.000000,0.000000,0.000000,0.000000,1.000000,1.000000,0.390000,1488.524048,0.000000,0.000000,0.390000,184.248398,-5.300000,0.700000,
12.322597,1,1.000000,0.000000,0.000000,0.000000,0.000000,0.000000,1.000000,1.000000,0.390000,1488.552002,0.000000,0.000000,0.390000,184.275284,-4.600000,0.800000,
12.360358,1,1.000000,0.000000,0.000000,0.000000,0.000000,0.000000,1.000000,1.000000,0.390000,1488.592041,0.000000,0.000000,0.390000,184.166565,-4.100000,1.000000,
12.402201,1,1.000000,0.000000,0.000000,0.000000,0.000000,0.000000,1.000000,1.000000,0.460000,1488.645020,0.000000,0.000000,0.460000,184.365479,-3.200000,1.500000,
12.440396,1,1.000000,0.000000,0.000000,0.000000,0.000000,0.000000,1.000000,1.000000,0.460000,1488.677002,0.000000,0.000000,0.460000,184.651855,-2.200000,2.300000,
12.479466,1,1.000000,0.000000,0.000000,0.000000,0.000000,0.000000,1.000000,1.000000,0.530000,1489.066040,0.000000,0.000000,0.530000,184.675873,-1.600000,3.600000,
12.517298,1,1.000000,0.000000,0.000000,0.000000,0.000000,0.000000,1.000000,1.000000,0.530000,1489.286011,0.000000,0.000000,0.530000,184.722092,-1.100000,4.500000,
12.555764,1,1.000000,0.000000,0.000000,0.000000,0.000000,0.000000,1.000000,1.000000,0.530000,1488.797974,0.000000,0.000000,0.530000,184.727280,-0.700000,5.200000,
12.599700,1,1.000000,0.000000,0.000000,0.000000,0.000000,0.000000,1.000000,1.000000,0.580000,1488.843018,0.000000,0.000000,0.580000,184.790131,0.000000,6.200000,
12.642798,1,1.000000,0.000000,0.000000,0.000000,0.000000,0.000000,1.000000,1.000000,0.580000,1488.883057,0.000000,0.000000,0.580000,184.754501,0.800000,7.400000,
12.682230,1,1.000000,0.000000,0.000000,0.000000,0.000000,0.000000,1.000000,1.000000,0.620000,1488.920044,0.000000,0.000000,0.620000,184.454605,1.000000,8.800000,
12.720352,1,1.000000,0.000000,0.000000,0.000000,0.000000,0.000000,1.000000,1.000000,0.620000,1488.964966,0.000000,0.000000,0.620000,184.169571,1.300000,9.500000,
12.765830,1,1.000000,0.000000,0.000000,0.000000,0.000000,0.000000,1.000000,1.000000,0.620000,1489.000000,0.000000,0.000000,0.620000,183.747162,1.200000,9.800000,
12.796792,1,1.000000,0.000000,0.000000,0.000000,0.000000,0.000000,1.000000,1.000000,0.650000,1489.042969,0.000000,0.000000,0.650000,183.166977,0.900000,9.900000,
12.840294,1,1.000000,0.000000,0.000000,0.000000,0.000000,0.000000,1.000000,1.000000,0.650000,1489.076050,0.000000,0.000000,0.650000,182.418137,0.600000,10.000000,
12.878907,1,1.000000,0.000000,0.000000,0.000000,0.000000,0.000000,1.000000,1.000000,0.670000,1489.121948,0.000000,0.000000,0.670000,181.685562,0.600000,9.800000,
12.917175,1,1.000000,0.000000,0.000000,0.000000,0.000000,0.000000,1.000000,1.000000,0.670000,1489.165039,0.000000,0.000000,0.670000,180.863739,0.400000,9.200000,
12.961152,1,1.000000,0.000000,0.000000,0.000000,0.000000,0.000000,1.000000,1.000000,0.670000,1489.197998,0.000000,0.000000,0.670000,180.770432,0.400000,9.100000,
12.996044,1,1.000000,0.000000,0.000000,0.000000,0.000000,0.000000,1.000000,1.000000,0.670000,1489.241943,0.000000,0.000000,0.670000,180.925262,0.300000,8.700000,
13.039768,1,1.000000,0.000000,0.000000,0.000000,0.000000,0.000000,1.000000,1.000000,0.670000,1489.282959,0.000000,0.000000,0.670000,181.334656,0.100000,8.400000,
13.078666,1,1.000000,0.000000,0.000000,0.000000,0.000000,0.000000,1.000000,1.000000,0.670000,1489.318970,0.000000,0.000000,0.670000,181.838821,-0.000000,8.100000,
13.116572,1,1.000000,0.000000,0.000000,0.000000,0.000000,0.000000,1.000000,1.000000,0.680000,1489.363037,0.000000,0.000000,0.680000,182.387924,-0.000000,7.700000,
13.159832,1,1.000000,0.000000,0.000000,0.000000,0.000000,0.000000,1.000000,1.000000,0.680000,1489.395996,0.000000,0.000000,0.680000,182.848541,-0.100000,7.000000,
13.198596,1,1.000000,0.000000,0.000000,0.000000,0.000000,0.000000,1.000000,1.000000,0.690000,1489.437012,0.000000,0.000000,0.690000,183.225220,-0.100000,6.400000,
13.241183,1,1.000000,0.000000,0.000000,0.000000,0.000000,0.000000,1.000000,1.000000,0.690000,1489.477051,0.000000,0.000000,0.690000,183.621017,-0.100000,6.100000,
13.280211,1,1.000000,0.000000,0.000000,0.000000,0.000000,0.000000,1.000000,1.000000,0.690000,1489.522949,0.000000,0.000000,0.690000,184.121933,0.100000,5.900000,
13.316060,1,1.000000,0.000000,0.000000,0.000000,0.000000,0.000000,1.000000,1.000000,0.690000,1489.566040,0.000000,0.000000,0.690000,184.783081,0.500000,5.800000,
13.357239,1,1.000000,0.000000,0.000000,0.000000,0.000000,0.000000,1.000000,1.000000,0.690000,1489.598022,0.000000,0.000000,0.690000,185.479858,1.000000,5.800000,
13.399597,1,1.000000,0.000000,0.000000,0.000000,0.000000,0.000000,1.000000,1.000000,0.700000,1489.639038,0.000000,0.000000,0.700000,186.286926,1.500000,6.000000,
13.440487,1,1.000000,0.000000,0.000000,0.000000,0.000000,0.000000,1.000000,1.000000,0.700000,1489.685059,0.000000,0.000000,0.700000,187.016418,1.800000,6.300000,
13.479611,1,1.000000,0.000000,0.000000,0.000000,0.000000,0.000000,1.000000,1.000000,0.700000,1490.005981,0.000000,0.000000,0.700000,187.870850,2.200000,6.600000,
13.522857,1,1.000000,0.000000,0.000000,0.000000,0.000000,0.000000,1.000000,1.000000,0.700000,1490.475952,0.000000,0.000000,0.700000,188.880554,2.700000,6.800000,
13.557299,1,1.000000,0.000000,0.000000,0.000000,0.000000,0.000000,1.000000,1.000000,0.700000,1489.795044,0.000000,0.000000,0.700000,189.844208,3.200000,7.100000,
13.599098,1,1.000000,0.000000,0.000000,0.000000,0.000000,0.000000,1.000000,1.000000,0.710000,1489.838013,0.000000,0.000000,0.710000,190.758316,3.700000,7.400000,
13.639967,1,1.000000,0.000000,0.000000,0.000000,0.000000,0.000000,1.000000,1.000000,0.710000,1489.879028,0.000000,0.000000,0.710000,191.594925,4.600000,7.800000,
13.680307,1,1.000000,0.000000,0.000000,0.000000,0.000000,0.000000,1.000000,1.000000,0.720000,1489.920044,0.000000,0.000000,0.720000,192.286057,5.700000,8.200000,
13.717450,1,1.000000,0.000000,0.000000,0.000000,0.000000,0.000000,1.000000,1.000000,0.720000,1489.965942,0.000000,0.000000,0.720000,192.779175,7.000000,8.500000,
13.757549,1,1.000000,0.000000,0.000000,0.000000,0.000000,0.000000,1.000000,1.000000,0.710000,1489.996948,0.000000,0.000000,0.710000,193.014694,8.300000,8.900000,
13.797909,1,1.000000,0.000000,0.000000,0.000000,0.000000,0.000000,1.000000,1.000000,0.730000,1490.038940,0.000000,0.000000,0.730000,193.174957,9.700000,9.400000,
13.837561,1,1.000000,0.000000,0.000000,0.000000,0.000000,0.000000,1.000000,1.000000,0.730000,1490.078979,0.000000,0.000000,0.730000,193.460861,11.100000,9.900000,
13.879396,1,1.000000,0.000000,0.000000,0.000000,0.000000,0.000000,1.000000,1.000000,0.740000,1490.120972,0.000000,0.000000,0.740000,193.866379,12.400000,10.400000,
13.918024,1,1.000000,0.000000,0.000000,0.000000,0.000000,0.000000,1.000000,1.000000,0.740000,1490.162964,0.000000,0.000000,0.740000,194.303940,13.500000,10.900000,
13.957993,1,1.000000,0.000000,0.000000,0.000000,0.000000,0.000000,1.000000,1.000000,0.730000,1490.203003,0.000000,0.000000,0.730000,194.783981,14.500000,11.300000,
14.001530,1,1.000000,0.000000,0.000000,0.000000,0.000000,0.000000,1.000000,1.000000,0.750000,1490.239014,0.000000,0.000000,0.750000,195.313782,15.500000,11.700000,
14.037834,1,1.000000,0.000000,0.000000,0.000000,0.000000,0.000000,1.000000,1.000000,0.750000,1490.282959,0.000000,0.000000,0.750000,195.675293,16.400000,12.200000,
14.078864,1,1.000000,0.000000,0.000000,0.000000,0.000000,0.000000,1.000000,1.000000,0.750000,1490.314941,0.000000,0.000000,0.750000,195.929581,17.100000,12.300000,
14.118553,1,1.000000,0.000000,0.000000,0.000000,0.000000,0.000000,1.000000,1.000000,0.750000,1490.360962,0.000000,0.000000,0.750000,196.152069,17.799999,12.300000,
14.155681,1,1.000000,0.000000,0.000000,0.000000,0.000000,0.000000,1.000000,1.000000,0.750000,1490.396973,0.000000,0.000000,0.750000,196.361481,18.500000,12.400000,
14.198183,1,1.000000,0.000000,0.000000,0.000000,0.000000,0.000000,1.000000,1.000000,0.770000,1490.437988,0.000000,0.000000,0.770000,196.429749,19.100000,12.600000,
14.238677,1,1.000000,0.000000,0.000000,0.000000,0.000000,0.000000,1.000000,1.000000,0.760000,1490.478027,0.000000,0.000000,0.760000,196.308304,19.600000,12.700000,
14.279668,1,1.000000,0.000000,0.000000,0.000000,0.000000,0.000000,1.000000,1.000000,0.770000,1490.519043,0.000000,0.000000,0.770000,196.110016,20.100000,12.600000,
14.319005,1,1.000000,0.000000,0.000000,0.000000,0.000000,0.000000,1.000000,1.000000,0.770000,1490.563965,0.000000,0.000000,0.770000,195.914703,20.700001,12.500000,
14.355098,1,1.000000,0.000000,0.000000,0.000000,0.000000,0.000000,1.000000,1.000000,0.760000,1490.597046,0.000000,0.000000,0.760000,195.829254,21.600000,12.400000,
14.397260,1,1.000000,0.000000,0.000000,0.000000,0.000000,0.000000,1.000000,1.000000,0.770000,1490.639038,0.000000,0.000000,0.770000,195.784882,22.400000,12.500000,
14.441419,1,1.000000,0.000000,0.000000,0.000000,0.000000,0.000000,1.000000,1.000000,0.760000,1490.678955,0.000000,0.000000,0.760000,195.710526,23.200001,12.500000,
14.477705,1,1.000000,0.000000,0.000000,0.000000,0.000000,0.000000,1.000000,1.000000,0.790000,1491.056030,0.000000,0.000000,0.790000,195.644638,23.799999,12.400000,
14.522347,1,1.000000,0.000000,0.000000,0.000000,0.000000,0.000000,1.000000,1.000000,0.780000,1491.495972,0.000000,0.000000,0.780000,195.580261,24.100000,12.400000,
14.560433,1,1.000000,0.000000,0.000000,0.000000,0.000000,0.000000,1.000000,1.000000,0.780000,1490.800049,0.000000,0.000000,0.780000,195.525528,24.200001,12.400000,
14.602882,1,1.000000,0.000000,0.000000,0.000000,0.000000,0.000000,1.000000,1.000000,0.790000,1490.843018,0.000000,0.000000,0.790000,195.494003,24.299999,12.400000,
14.641651,1,1.000000,0.000000,0.000000,0.000000,0.000000,0.000000,1.000000,1.000000,0.790000,1490.878052,0.000000,0.000000,0.790000,195.504791,24.400000,12.500000,
14.679987,1,1.000000,0.000000,0.000000,0.000000,0.000000,0.000000,1.000000,1.000000,0.800000,1490.921021,0.000000,0.000000,0.800000,195.498520,24.600000,12.400000,
14.720384,1,1.000000,0.000000,0.000000,0.000000,0.000000,0.000000,1.000000,1.000000,0.800000,1490.953003,0.000000,0.000000,0.800000,195.367126,24.900000,12.300000,
14.756649,1,1.000000,0.000000,0.000000,0.000000,0.000000,0.000000,1.000000,1.000000,0.800000,1491.000000,0.000000,0.000000,0.800000,195.081177,25.100000,12.000000,
14.796453,1,1.000000,0.000000,0.000000,0.000000,0.000000,0.000000,1.000000,1.000000,0.810000,1491.040039,0.000000,0.000000,0.810000,194.666107,25.200001,11.700000,
14.843541,1,1.000000,0.000000,0.000000,0.000000,0.000000,0.000000,1.000000,1.000000,0.810000,1491.083008,0.000000,0.000000,0.810000,194.243591,25.400000,11.500000,
14.881410,1,1.000000,0.000000,0.000000,0.000000,0.000000,0.000000,1.000000,1.000000,0.810000,1491.115967,0.000000,0.000000,0.810000,193.950729,25.500000,11.300000,
14.918590,1,1.000000,0.000000,0.000000,0.000000,0.000000,0.000000,1.000000,1.000000,0.810000,1491.160034,0.000000,0.000000,0.810000,193.821930,25.600000,11.200000,
14.955591,1,1.000000,0.000000,0.000000,0.000000,0.000000,0.000000,1.000000,1.000000,0.810000,1491.201050,0.000000,0.000000,0.810000,193.740356,25.600000,11.200000,
15.002472,1,1.000000,0.000000,0.000000,0.000000,0.000000,0.000000,1.000000,1.000000,0.810000,1491.240967,0.000000,0.000000,0.810000,193.445389,25.900000,11.000000,
15.043106,1,1.000000,0.000000,0.000000,0.000000,0.000000,0.000000,1.000000,1.000000,0.810000,1491.276978,0.000000,0.000000,0.810000,192.837936,26.299999,10.400000,
15.078610,1,1.000000,0.000000,0.000000,0.000000,0.000000,0.000000,1.000000,1.000000,0.820000,1491.321045,0.000000,0.000000,0.820000,192.042404,26.700001,9.800000,
15.121512,1,1.000000,0.000000,0.000000,0.000000,0.000000,0.000000,1.000000,1.000000,0.820000,1491.357056,0.000000,0.000000,0.820000,191.318970,27.000000,9.400000,
15.157053,1,1.000000,0.000000,0.000000,0.000000,0.000000,0.000000,1.000000,1.000000,0.820000,1491.405029,0.000000,0.000000,0.820000,190.607910,27.400000,8.900000,
15.201281,1,1.000000,0.000000,0.000000,0.000000,0.000000,0.000000,1.000000,1.000000,0.810000,1491.442017,0.000000,0.000000,0.810000,190.195969,27.700001,8.600000,
15.242914,1,1.000000,0.000000,0.000000,0.000000,0.000000,0.000000,1.000000,1.000000,0.810000,1491.477051,0.000000,0.000000,0.810000,189.911392,28.200001,8.400000,
15.276151,1,1.000000,0.000000,0.000000,0.000000,0.000000,0.000000,1.000000,1.000000,0.810000,1491.511963,0.000000,0.000000,0.810000,189.701843,28.500000,8.300000,
15.319191,1,1.000000,0.000000,0.000000,0.000000,0.000000,0.000000,1.000000,1.000000,0.820000,1491.560059,0.000000,0.000000,0.820000,189.433456,28.799999,8.200000,
15.361988,1,1.000000,0.000000,0.000000,0.000000,0.000000,0.000000,1.000000,1.000000,0.810000,1491.604980,0.000000,0.000000,0.810000,189.257172,29.100000,8.200000,
15.401415,1,1.000000,0.000000,0.000000,0.000000,0.000000,0.000000,1.000000,1.000000,0.820000,1491.640991,0.000000,0.000000,0.820000,189.203888,29.299999,8.300000,
15.442179,1,1.000000,0.000000,0.000000,0.000000,0.000000,0.000000,1.000000,1.000000,0.820000,1491.683960,0.000000,0.000000,0.820000,189.209915,29.500000,8.400000,
15.478591,1,1.000000,0.000000,0.000000,0.000000,0.000000,0.000000,1.000000,1.000000,0.820000,1492.005981,0.000000,0.000000,0.820000,189.300858,29.700001,8.400000,
15.516993,1,1.000000,0.000000,0.000000,0.000000,0.000000,0.000000,1.000000,1.000000,0.830000,1492.426025,0.000000,0.000000,0.830000,189.288574,29.900000,8.400000,
15.556001,1,1.000000,0.000000,0.000000,0.000000,0.000000,0.000000,1.000000,1.000000,0.830000,1491.802002,0.000000,0.000000,0.830000,189.109344,30.000000,8.400000,
15.605094,1,1.000000,0.000000,0.000000,0.000000,0.000000,0.000000,1.000000,1.000000,0.830000,1491.842041,0.000000,0.000000,0.830000,188.867722,29.900000,8.200000,
15.640114,1,1.000000,0.000000,0.000000,0.000000,0.000000,0.000000,1.000000,1.000000,0.830000,1491.878052,0.000000,0.000000,0.830000,188.738647,29.900000,8.200000,
15.677494,1,1.000000,0.000000,0.000000,0.000000,0.000000,0.000000,1.000000,1.000000,0.830000,1491.921997,0.000000,0.000000,0.830000,188.822937,29.900000,8.300000,
15.716459,1,1.000000,0.000000,0.000000,0.000000,0.000000,0.000000,1.000000,1.000000,0.830000,1491.961060,0.000000,0.000000,0.830000,188.717316,29.700001,8.200000,
15.760622,1,1.000000,0.000000,0.000000,0.000000,0.000000,0.000000,1.000000,1.000000,0.840000,1492.001953,0.000000,0.000000,0.840000,188.409576,29.500000,8.000000,
15.804271,1,1.000000,0.000000,0.000000,0.000000,0.000000,0.000000,1.000000,1.000000,0.850000,1492.036987,0.000000,0.000000,0.850000,188.185074,29.500000,7.700000,
15.838791,1,1.000000,0.000000,0.000000,0.000000,0.000000,0.000000,1.000000,1.000000,0.840000,1492.082031,0.000000,0.000000,0.840000,188.089127,29.600000,7.500000,
15.880746,1,1.000000,0.000000,0.000000,0.000000,0.000000,0.000000,1.000000,1.000000,0.850000,1492.123047,0.000000,0.000000,0.850000,188.070572,29.700001,7.600000,
15.921591,1,1.000000,0.000000,0.000000,0.000000,0.000000,0.000000,1.000000,1.000000,0.850000,1492.166992,0.000000,0.000000,0.850000,188.041321,29.900000,7.600000,
15.961470,1,1.000000,0.000000,0.000000,0.000000,0.000000,0.000000,1.000000,1.000000,0.850000,1492.199951,0.000000,0.000000,0.850000,187.920380,30.299999,7.400000,
15.999020,1,1.000000,0.000000,0.000000,0.000000,0.000000,0.000000,1.000000,1.000000,0.870000,1492.243042,0.000000,0.000000,0.870000,187.779266,30.600000,7.300000,
16.040006,1,1.000000,0.000000,0.000000,0.000000,0.000000,0.000000,1.000000,1.000000,0.870000,1492.276978,0.000000,0.000000,0.870000,187.798798,31.200001,7.200000,
16.082550,1,1.000000,0.000000,0.000000,0.000000,0.000000,0.000000,1.000000,1.000000,0.890000,1492.321045,0.000000,0.000000,0.890000,187.980850,31.799999,7.300000,
16.120890,1,1.000000,0.000000,0.000000,0.000000,0.000000,0.000000,1.000000,1.000000,0.880000,1492.364014,0.000000,0.000000,0.880000,188.168167,32.500000,7.400000,
16.157367,1,1.000000,0.000000,0.000000,0.000000,0.000000,0.000000,1.000000,1.000000,0.870000,1492.404053,0.000000,0.000000,0.870000,188.318176,33.099998,7.600000,
16.194694,1,1.000000,0.000000,0.000000,0.000000,0.000000,0.000000,1.000000,1.000000,0.890000,1492.437988,0.000000,0.000000,0.890000,188.550415,33.900002,7.800000,
16.243529,1,1.000000,0.000000,0.000000,0.000000,0.000000,0.000000,1.000000,1.000000,0.880000,1492.479980,0.000000,0.000000,0.880000,188.679855,34.599998,7.900000,
16.279482,1,1.000000,0.000000,0.000000,0.000000,0.000000,0.000000,1.000000,1.000000,0.880000,1492.515991,0.000000,0.000000,0.880000,188.634918,35.099998,7.800000,
16.317722,1,1.000000,0.000000,0.000000,0.000000,0.000000,0.000000,1.000000,1.000000,0.910000,1492.556030,0.000000,0.000000,0.910000,188.682449,35.599998,7.600000,
16.357579,1,1.000000,0.000000,0.000000,0.000000,0.000000,0.000000,1.000000,1.000000,0.910000,1492.600952,0.000000,0.000000,0.910000,188.810867,35.799999,7.600000,
16.399952,1,1.000000,0.000000,0.000000,0.000000,0.000000,0.000000,1.000000,1.000000,0.910000,1492.645020,0.000000,0.000000,0.910000,189.020508,35.900002,8.100000,
16.445439,1,1.000000,0.000000,0.000000,0.000000,0.000000,0.000000,1.000000,1.000000,0.900000,1492.677979,0.000000,0.000000,0.900000,189.409851,36.099998,8.300000,
16.479295,1,1.000000,0.000000,0.000000,0.000000,0.000000,0.000000,1.000000,1.000000,0.900000,1493.046021,0.000000,0.000000,0.900000,189.728363,36.200001,8.300000,
16.518719,1,1.000000,0.000000,0.000000,0.000000,0.000000,0.000000,1.000000,1.000000,0.920000,1493.395996,0.000000,0.000000,0.920000,189.985870,36.400002,8.400000,
16.558400,1,1.000000,0.000000,0.000000,0.000000,0.000000,0.000000,1.000000,1.000000,0.910000,1492.801025,0.000000,0.000000,0.910000,190.410202,36.799999,8.500000,
16.601220,1,1.000000,0.000000,0.000000,0.000000,0.000000,0.000000,1.000000,1.000000,0.910000,1492.842041,0.000000,0.000000,0.910000,190.800674,37.200001,8.600000,
16.643453,1,1.000000,0.000000,0.000000,0.000000,0.000000,0.000000,1.000000,1.000000,0.900000,1492.879028,0.000000,0.000000,0.900000,191.100311,37.599998,8.700000,
16.678350,1,1.000000,0.000000,0.000000,0.000000,0.000000,0.000000,1.000000,1.000000,0.900000,1492.921021,0.000000,0.000000,0.900000,191.376144,37.900002,8.800000,
16.721612,1,1.000000,0.000000,0.100000,0.100000,0.000000,0.000000,1.000000,1.000000,0.920000,1492.953003,0.000000,0.000000,0.920000,191.715317,38.099998,9.000000,
16.760619,1,1.000000,0.000000,0.100000,0.100000,0.000000,0.000000,1.000000,1.000000,0.920000,1493.004028,0.000000,0.000000,0.920000,191.980194,38.200001,9.100000,
16.805488,1,1.000000,0.000000,0.100000,0.100000,0.000000,0.000000,1.000000,1.000000,0.930000,1493.038940,0.000000,0.000000,0.930000,192.066650,38.299999,9.100000,
16.840891,1,1.000000,0.000000,0.100000,0.100000,0.000000,0.000000,1.000000,1.000000,0.930000,1493.076050,0.000000,0.000000,0.930000,191.888397,38.200001,9.000000,
16.882767,1,1.000000,0.000000,0.100000,0.100000,0.000000,0.000000,1.000000,1.000000,0.930000,1493.113037,0.000000,0.000000,0.930000,191.612579,38.200001,8.700000,
16.919069,1,1.000000,0.000000,0.100000,0.100000,0.000000,0.000000,1.000000,1.000000,0.920000,1493.162964,0.000000,0.000000,0.920000,191.494019,38.299999,8.700000,
16.958331,1,1.000000,0.000000,0.100000,0.100000,0.000000,0.000000,1.000000,1.000000,0.920000,1493.201050,0.000000,0.000000,0.920000,191.543060,38.500000,8.700000,
16.998468,1,1.000000,0.000000,0.100000,0.100000,0.000000,0.000000,1.000000,1.000000,0.940000,1493.237061,0.000000,0.000000,0.940000,191.677383,38.799999,8.700000,
17.042379,1,1.000000,0.000000,0.100000,0.100000,0.000000,0.000000,1.000000,1.000000,0.940000,1493.282959,0.000000,0.000000,0.940000,191.800705,39.099998,8.800000,
17.079278,1,1.000000,0.000000,0.100000,0.100000,0.000000,0.000000,1.000000,1.000000,0.940000,1493.319946,0.000000,0.000000,0.940000,191.957245,39.200001,9.000000,
17.116639,1,1.000000,0.000000,0.100000,0.100000,0.000000,0.000000,1.000000,1.000000,0.950000,1493.358032,0.000000,0.000000,0.950000,192.142456,39.400002,9.300000,
17.157143,1,1.000000,0.000000,0.100000,0.100000,0.000000,0.000000,1.000000,1.000000,0.950000,1493.395020,0.000000,0.000000,0.950000,192.161606,39.400002,9.400000,
17.200065,1,1.000000,0.000000,0.100000,0.100000,0.000000,0.000000,1.000000,1.000000,0.960000,1493.441040,0.000000,0.000000,0.960000,192.096054,39.400002,9.600000,
17.242217,1,1.000000,0.000000,0.000000,0.000000,0.000000,0.000000,1.000000,1.000000,0.960000,1493.475952,0.000000,0.000000,0.960000,192.054443,39.400002,9.600000,
17.280417,1,1.000000,0.000000,0.100000,0.100000,0.000000,0.000000,1.000000,1.000000,0.960000,1493.524048,0.000000,0.000000,0.960000,192.006180,39.299999,9.700000,
