40.807952,1,1.000000,0.000000,-0.000000,-0.000000,0.000000,0.000000,1.000000,1.000000,2.730000,1008.057007,0.000000,0.000000,2.730000,149.388992,2.600000,-0.600000,0.000000,-10000.000000,-10000.000000,-10000.000000
40.836086,1,1.000000,0.000000,-0.000000,-0.000000,0.000000,0.000000,1.000000,1.000000,2.750000,1008.099976,0.000000,0.000000,2.750000,149.361328,2.700000,-0.600000,0.000000,-140.000000,-79.000000,-10000.000000
40.867712,1,1.000000,0.000000,-0.000000,-0.000000,0.000000,0.000000,1.000000,1.000000,2.750000,1008.138000,0.000000,0.000000,2.750000,149.353302,2.700000,-0.700000,0.000000,-10000.000000,-10000.000000,-10000.000000
40.908495,1,1.000000,0.000000,-0.000000,-0.000000,0.000000,0.000000,1.000000,1.000000,2.770000,1008.179016,0.000000,0.000000,2.770000,149.316177,2.700000,-0.700000,0.000000,-10000.000000,-10000.000000,-10000.000000
40.961427,1,1.000000,0.000000,-0.000000,-0.000000,0.000000,0.000000,1.000000,1.000000,2.770000,1008.218994,0.000000,0.000000,2.770000,149.307358,2.700000,-0.700000,0.000000,-11.000000,-10000.000000,59.036243
40.988526,1,1.000000,0.000000,-0.000000,-0.000000,0.000000,0.000000,1.000000,1.000000,2.790000,1008.258972,0.000000,0.000000,2.790000,149.293686,2.700000,-0.700000,0.000000,-10000.000000,-10000.000000,-10000.000000
41.027232,1,1.000000,0.000000,-0.000000,-0.000000,0.000000,0.000000,1.000000,1.000000,2.790000,1008.299011,0.000000,0.000000,2.790000,149.270737,2.700000,-0.600000,0.000000,-138.000000,-81.000000,-10000.000000
41.066422,1,1.000000,0.000000,-0.000000,-0.000000,0.000000,0.000000,1.000000,1.000000,2.790000,1008.341980,0.000000,0.000000,2.790000,149.244705,2.700000,-0.600000,0.000000,-10000.000000,-10000.000000,-10000.000000
41.108519,1,1.000000,0.000000,-0.000000,-0.000000,0.000000,0.000000,1.000000,1.000000,2.800000,1008.380005,0.000000,0.000000,2.800000,149.236786,2.700000,-0.700000,0.000000,-10000.000000,-81.000000,-10000.000000
41.146916,1,1.000000,0.000000,-0.000000,-0.000000,0.000000,0.000000,1.000000,1.000000,2.800000,1008.422974,0.000000,0.000000,2.800000,149.235504,2.800000,-0.700000,0.000000,-10000.000000,-10000.000000,-10000.000000
41.188538,1,1.000000,0.000000,-0.000000,-0.000000,0.000000,0.000000,1.000000,1.000000,2.820000,1008.723022,0.000000,0.000000,2.820000,149.231079,2.800000,-0.700000,0.000000,-10000.000000,-10000.000000,-10000.000000
41.235664,1,1.000000,0.000000,-0.000838,0.000777,0.000000,0.000000,1.000000,1.000000,2.820000,1009.112976,0.000000,0.000000,2.820000,149.215714,2.900000,-0.700000,1.000000,-13.000000,14.000000,57.994617
41.270347,1,1.000000,0.000000,-0.000818,0.000759,0.000000,0.000000,1.000000,1.000000,2.820000,1008.541016,0.000000,0.000000,2.820000,149.216797,2.800000,-0.700000,0.000000,-136.000000,-83.000000,-10000.000000
41.308490,1,1.000000,0.000000,-0.000800,0.000742,0.000000,0.000000,1.000000,1.000000,2.830000,1008.583008,0.000000,0.000000,2.830000,149.214874,2.800000,-0.700000,0.000000,-136.000000,-83.000000,-10000.000000
41.347870,1,1.000000,0.000000,-0.001534,0.001427,0.000000,0.000000,1.000000,1.000000,2.830000,1008.625000,0.000000,0.000000,2.830000,149.214264,2.800000,-0.600000,1.000000,-14.000000,15.000000,58.392498
41.387209,1,1.000000,0.000000,-0.002119,0.002033,0.000000,0.000000,1.000000,1.000000,2.840000,1008.664001,0.000000,0.000000,2.840000,149.193832,2.800000,-0.700000,1.000000,-15.000000,15.000000,58.240520
41.429047,1,1.000000,0.000000,-0.002071,0.001987,0.000000,0.000000,1.000000,1.000000,2.840000,1008.705017,0.000000,0.000000,2.840000,149.206543,2.800000,-0.700000,0.000000,-10000.000000,-10000.000000,-10000.000000
41.466608,1,1.000000,0.000000,-0.002024,0.001941,0.000000,0.000000,1.000000,1.000000,2.840000,1008.734985,0.000000,0.000000,2.840000,149.208710,2.800000,-0.700000,0.000000,-10000.000000,-10000.000000,-10000.000000
41.507713,1,1.000000,0.000000,-0.001978,0.001897,0.000000,0.000000,1.000000,1.000000,2.850000,1008.775024,0.000000,0.000000,2.850000,149.210098,2.800000,-0.700000,0.000000,-10000.000000,-10000.000000,-10000.000000
41.549145,1,1.000000,0.000000,-0.001934,0.001854,0.000000,0.000000,1.000000,1.000000,2.850000,1008.825012,0.000000,0.000000,2.850000,149.211182,2.800000,-0.700000,0.000000,-10000.000000,-10000.000000,-10000.000000
41.585938,1,1.000000,0.000000,-0.002434,0.002429,0.000000,0.000000,1.000000,1.000000,2.860000,1008.866028,0.000000,0.000000,2.860000,149.219421,2.900000,-0.700000,1.000000,-16.000000,15.000000,57.171459
41.627180,1,1.000000,0.000000,-0.002379,0.002374,0.000000,0.000000,1.000000,1.000000,2.860000,1008.905029,0.000000,0.000000,2.860000,149.199966,2.900000,-0.700000,0.000000,-10000.000000,-10000.000000,-10000.000000
41.666875,1,1.000000,0.000000,-0.002786,0.002903,0.000000,0.000000,1.000000,1.000000,2.860000,1008.945984,0.000000,0.000000,2.860000,149.200470,2.900000,-0.700000,1.000000,-17.000000,15.000000,57.171459
41.705802,1,1.000000,0.000000,-0.002723,0.002838,0.000000,0.000000,1.000000,1.000000,2.890000,1008.987976,0.000000,0.000000,2.890000,149.208466,2.900000,-0.700000,0.000000,-10000.000000,-10000.000000,-10000.000000
41.748211,1,1.000000,0.000000,-0.002661,0.002774,0.000000,0.000000,1.000000,1.000000,2.890000,1009.017029,0.000000,0.000000,2.890000,149.209030,2.900000,-0.600000,0.000000,-136.000000,-82.000000,-10000.000000
41.787709,1,1.000000,0.000000,-0.003068,0.003279,0.000000,0.000000,1.000000,1.000000,2.890000,1009.056030,0.000000,0.000000,2.890000,149.187561,2.900000,-0.700000,1.000000,-18.000000,16.000000,56.093723
41.827826,1,1.000000,0.000000,-0.002999,0.003206,0.000000,0.000000,1.000000,1.000000,2.880000,1009.096008,0.000000,0.000000,2.880000,149.178391,2.800000,-0.700000,0.000000,-10000.000000,-10000.000000,-10000.000000
41.866806,1,1.000000,0.000000,-0.002931,0.003135,0.000000,0.000000,1.000000,1.000000,2.880000,1009.137024,0.000000,0.000000,2.880000,149.191254,2.900000,-0.700000,0.000000,-10000.000000,-10000.000000,-10000.000000
41.906282,1,1.000000,0.000000,-0.003280,0.003624,0.000000,0.000000,1.000000,1.000000,2.920000,1009.176025,0.000000,0.000000,2.920000,149.191101,2.800000,-0.700000,1.000000,-19.000000,16.000000,56.093723
41.949642,1,1.000000,0.000000,-0.003557,0.004014,0.000000,0.000000,1.000000,1.000000,2.920000,1009.216980,0.000000,0.000000,2.920000,149.190720,2.800000,-0.700000,1.000000,-19.000000,16.000000,56.093723
41.987521,1,1.000000,0.000000,-0.003476,0.003925,0.000000,0.000000,1.000000,1.000000,2.920000,1009.257996,0.000000,0.000000,2.920000,149.134003,2.800000,-0.700000,0.000000,-10000.000000,-10000.000000,-10000.000000
42.028225,1,1.000000,0.000000,-0.003397,0.003839,0.000000,0.000000,1.000000,1.000000,2.930000,1009.299011,0.000000,0.000000,2.930000,149.151611,2.800000,-0.700000,0.000000,-10000.000000,-10000.000000,-10000.000000
42.067763,1,1.000000,0.000000,-0.003706,0.004242,0.000000,0.000000,1.000000,1.000000,2.930000,1009.338989,0.000000,0.000000,2.930000,149.150818,2.800000,-0.700000,1.000000,-20.000000,17.000000,56.093723
42.107984,1,1.000000,0.000000,-0.003622,0.004149,0.000000,0.000000,1.000000,1.000000,2.940000,1009.379028,0.000000,0.000000,2.940000,149.133362,2.800000,-0.700000,0.000000,-10000.000000,-10000.000000,-10000.000000
42.146596,1,1.000000,0.000000,-0.003541,0.004058,0.000000,0.000000,1.000000,1.000000,2.940000,1009.419983,0.000000,0.000000,2.940000,149.140747,2.800000,-0.700000,0.000000,-10000.000000,-10000.000000,-10000.000000
42.185708,1,1.000000,0.000000,-0.003877,0.004534,0.000000,0.000000,1.000000,1.000000,2.930000,1009.692993,0.000000,0.000000,2.930000,149.157974,2.800000,-0.800000,1.000000,-22.000000,18.000000,55.203972
42.227073,1,1.000000,0.000000,-0.003789,0.004435,0.000000,0.000000,1.000000,1.000000,2.930000,1010.103027,0.000000,0.000000,2.930000,149.137344,2.800000,-1.100000,0.000000,-10000.000000,-10000.000000,-10000.000000
42.268019,1,1.000000,0.000000,-0.004132,0.004893,0.000000,0.000000,1.000000,1.000000,2.930000,1009.539001,0.000000,0.000000,2.930000,149.116989,2.800000,-1.400000,1.000000,-23.000000,19.000000,55.451633
42.305708,1,1.000000,0.000000,-0.004039,0.004787,0.000000,0.000000,1.000000,1.000000,2.930000,1009.578979,0.000000,0.000000,2.930000,149.110184,2.800000,-2.000000,0.000000,-137.000000,-81.000000,-10000.000000
42.346682,1,1.000000,0.000000,-0.003948,0.004682,0.000000,0.000000,1.000000,1.000000,2.930000,1009.619995,0.000000,0.000000,2.930000,149.105576,2.800000,-2.500000,0.000000,-10000.000000,-10000.000000,-10000.000000
42.386209,1,1.000000,0.000000,-0.003859,0.004581,0.000000,0.000000,1.000000,1.000000,2.920000,1009.658997,0.000000,0.000000,2.920000,149.088745,2.900000,-2.700000,0.000000,-10000.000000,-10000.000000,-10000.000000
42.427548,1,1.000000,0.000000,-0.003773,0.004481,0.000000,0.000000,1.000000,1.000000,2.920000,1009.700989,0.000000,0.000000,2.920000,149.088120,2.800000,-2.800000,0.000000,-10000.000000,-10000.000000,-10000.000000
42.468152,1,1.000000,0.000000,-0.003688,0.004385,0.000000,0.000000,1.000000,1.000000,2.920000,1009.742004,0.000000,0.000000,2.920000,149.075150,2.900000,-2.800000,0.000000,-144.000000,-81.000000,-10000.000000
42.506194,1,1.000000,0.000000,-0.003606,0.004290,0.000000,0.000000,1.000000,1.000000,2.900000,1009.780029,0.000000,0.000000,2.900000,149.154510,3.300000,-1.800000,0.000000,-10000.000000,-10000.000000,-10000.000000
42.546850,1,1.000000,0.000000,-0.003526,0.004198,0.000000,0.000000,1.000000,1.000000,2.890000,1009.820984,0.000000,0.000000,2.890000,149.339493,6.700000,2.900000,0.000000,-10000.000000,-10000.000000,-10000.000000
42.586064,1,1.000000,0.000000,-0.004092,0.005658,0.000000,0.000000,1.000000,1.000000,2.880000,1009.862000,0.000000,0.000000,2.880000,149.234863,7.000000,2.800000,1.000000,-39.000000,22.000000,55.203972
42.627935,1,1.000000,0.000000,-0.003999,0.005537,0.000000,0.000000,1.000000,1.000000,2.890000,1009.901978,0.000000,0.000000,2.890000,149.174988,6.000000,1.300000,0.000000,-10000.000000,-10000.000000,-10000.000000
42.665045,1,1.000000,0.000000,-0.004524,0.006786,0.000000,0.000000,1.000000,1.000000,2.900000,1009.942993,0.000000,0.000000,2.900000,149.281555,4.900000,1.400000,1.000000,-40.000000,23.000000,55.203972
42.706660,1,1.000000,0.000000,-0.004419,0.006641,0.000000,0.000000,1.000000,1.000000,2.910000,1009.981018,0.000000,0.000000,2.910000,149.235886,4.200000,0.600000,0.000000,209.000000,207.000000,-10000.000000
42.746714,1,1.000000,0.000000,-0.004316,0.006500,0.000000,0.000000,1.000000,1.000000,2.910000,1010.021973,0.000000,0.000000,2.910000,149.235916,3.800000,0.200000,0.000000,-10000.000000,-10000.000000,-10000.000000
42.787646,1,1.000000,0.000000,-0.004217,0.006362,0.000000,0.000000,1.000000,1.000000,2.940000,1010.062012,0.000000,0.000000,2.940000,149.233093,3.600000,0.300000,0.000000,-10000.000000,-10000.000000,-10000.000000
42.828203,1,1.000000,0.000000,-0.004120,0.006227,0.000000,0.000000,1.000000,1.000000,2.940000,1010.103027,0.000000,0.000000,2.940000,149.214966,3.400000,0.100000,0.000000,-10000.000000,-10000.000000,-10000.000000
42.867381,1,1.000000,0.000000,-0.004025,0.006095,0.000000,0.000000,1.000000,1.000000,2.950000,1010.142029,0.000000,0.000000,2.950000,149.204712,3.200000,-0.100000,0.000000,-10000.000000,-10000.000000,-10000.000000
42.905463,1,1.000000,0.000000,-0.003933,0.005967,0.000000,0.000000,1.000000,1.000000,2.980000,1010.182007,0.000000,0.000000,2.980000,149.167984,3.100000,-0.300000,0.000000,-10000.000000,-10000.000000,-10000.000000
42.947172,1,1.000000,0.000000,-0.004885,0.006044,0.000000,0.000000,1.000000,1.000000,2.980000,1010.221985,0.000000,0.000000,2.980000,149.152756,3.000000,-0.400000,1.000000,-22.000000,30.000000,53.914928
42.987561,1,1.000000,0.000000,-0.004777,0.005914,0.000000,0.000000,1.000000,1.000000,3.000000,1010.262024,0.000000,0.000000,3.000000,149.125549,3.000000,-0.400000,0.000000,-10000.000000,-10000.000000,-10000.000000
43.028661,1,1.000000,0.000000,-0.004671,0.005787,0.000000,0.000000,1.000000,1.000000,3.000000,1010.302979,0.000000,0.000000,3.000000,149.085281,3.000000,-0.500000,0.000000,-10000.000000,-10000.000000,-10000.000000
43.065690,1,1.000000,0.000000,-0.004567,0.005663,0.000000,0.000000,1.000000,1.000000,3.000000,1010.341980,0.000000,0.000000,3.000000,149.048553,3.000000,-0.500000,0.000000,-10000.000000,-10000.000000,-10000.000000
43.108599,1,1.000000,0.000000,-0.004467,0.005541,0.000000,0.000000,1.000000,1.000000,3.020000,1010.382019,0.000000,0.000000,3.020000,149.033005,3.000000,-0.500000,0.000000,-10000.000000,-10000.000000,-10000.000000
43.147464,1,1.000000,0.000000,-0.004368,0.005423,0.000000,0.000000,1.000000,1.000000,3.020000,1010.421997,0.000000,0.000000,3.020000,149.008347,3.000000,-0.600000,0.000000,-10000.000000,-10000.000000,-10000.000000
43.186881,1,1.000000,0.000000,-0.004273,0.005307,0.000000,0.000000,1.000000,1.000000,3.010000,1010.713013,0.000000,0.000000,3.010000,149.000107,3.000000,-0.500000,0.000000,-10000.000000,-10000.000000,-10000.000000
43.227052,1,1.000000,0.000000,-0.004179,0.005194,0.000000,0.000000,1.000000,1.000000,3.010000,1011.122986,0.000000,0.000000,3.010000,148.990402,3.000000,-0.600000,0.000000,-10000.000000,-10000.000000,-10000.000000
43.265897,1,1.000000,0.000000,-0.004088,0.005084,0.000000,0.000000,1.000000,1.000000,3.010000,1010.541016,0.000000,0.000000,3.010000,148.947464,3.000000,-0.600000,0.000000,-10000.000000,-10000.000000,-10000.000000
43.308062,1,1.000000,0.000000,-0.003999,0.004976,0.000000,0.000000,1.000000,1.000000,3.030000,1010.583008,0.000000,0.000000,3.030000,148.937012,3.000000,-0.600000,0.000000,-10000.000000,-10000.000000,-10000.000000
43.347422,1,1.000000,0.000000,-0.003912,0.004870,0.000000,0.000000,1.000000,1.000000,3.030000,1010.625000,0.000000,0.000000,3.030000,148.942429,3.000000,-0.600000,0.000000,-10000.000000,-10000.000000,-10000.000000
43.386855,1,1.000000,0.000000,-0.003827,0.004767,0.000000,0.000000,1.000000,1.000000,3.030000,1010.664001,0.000000,0.000000,3.030000,148.928955,3.000000,-0.600000,0.000000,-10000.000000,-10000.000000,-10000.000000
43.427232,1,1.000000,0.000000,-0.003744,0.004667,0.000000,0.000000,1.000000,1.000000,3.030000,1010.703003,0.000000,0.000000,3.030000,148.939178,3.000000,-0.600000,0.000000,-10000.000000,-10000.000000,-10000.000000
43.465350,1,1.000000,0.000000,-0.003664,0.004568,0.000000,0.000000,1.000000,1.000000,3.030000,1010.742981,0.000000,0.000000,3.030000,148.921875,2.900000,-0.600000,0.000000,-10000.000000,-10000.000000,-10000.000000
43.508669,1,1.000000,0.000000,-0.003585,0.004472,0.000000,0.000000,1.000000,1.000000,3.040000,1010.783997,0.000000,0.000000,3.040000,148.896545,3.000000,-0.600000,0.000000,-10000.000000,-10000.000000,-10000.000000
43.547197,1,1.000000,0.000000,-0.003508,0.004378,0.000000,0.000000,1.000000,1.000000,3.040000,1010.822998,0.000000,0.000000,3.040000,148.896255,3.000000,-0.600000,0.000000,-10000.000000,-10000.000000,-10000.000000
43.585596,1,1.000000,0.000000,-0.003432,0.004286,0.000000,0.000000,1.000000,1.000000,3.040000,1010.864014,0.000000,0.000000,3.040000,148.885818,3.000000,-0.600000,0.000000,-10000.000000,-10000.000000,-10000.000000
43.627440,1,1.000000,0.000000,-0.003359,0.004196,0.000000,0.000000,1.000000,1.000000,3.040000,1010.903015,0.000000,0.000000,3.040000,148.880600,3.000000,-0.600000,0.000000,-10000.000000,-10000.000000,-10000.000000
43.667986,1,1.000000,0.000000,-0.003287,0.004108,0.000000,0.000000,1.000000,1.000000,3.040000,1010.942993,0.000000,0.000000,3.040000,148.909348,2.900000,-0.600000,0.000000,-10000.000000,-10000.000000,-10000.000000
43.709947,1,1.000000,0.000000,-0.003217,0.004023,0.000000,0.000000,1.000000,1.000000,3.050000,1010.984985,0.000000,0.000000,3.050000,148.925919,2.900000,-0.600000,0.000000,-10000.000000,-10000.000000,-10000.000000
43.748749,1,1.000000,0.000000,-0.003149,0.003939,0.000000,0.000000,1.000000,1.000000,3.050000,1011.023010,0.000000,0.000000,3.050000,148.905838,3.000000,-0.600000,0.000000,-10000.000000,-10000.000000,-10000.000000
43.787621,1,1.000000,0.000000,-0.003082,0.003856,0.000000,0.000000,1.000000,1.000000,3.060000,1011.062988,0.000000,0.000000,3.060000,148.905899,2.900000,-0.600000,0.000000,-10000.000000,-10000.000000,-10000.000000
43.826851,1,1.000000,0.000000,-0.003016,0.003776,0.000000,0.000000,1.000000,1.000000,3.060000,1011.103027,0.000000,0.000000,3.060000,148.885620,3.000000,-0.600000,0.000000,-10000.000000,-10000.000000,-10000.000000
43.865835,1,1.000000,0.000000,-0.002953,0.003698,0.000000,0.000000,1.000000,1.000000,3.060000,1011.143982,0.000000,0.000000,3.060000,148.881348,3.000000,-0.600000,0.000000,-10000.000000,-10000.000000,-10000.000000
43.909444,1,1.000000,0.000000,-0.002890,0.003621,0.000000,0.000000,1.000000,1.000000,3.070000,1011.184021,0.000000,0.000000,3.070000,148.874130,3.100000,-0.600000,0.000000,-10000.000000,-10000.000000,-10000.000000
43.946845,1,1.000000,0.000000,-0.002829,0.003546,0.000000,0.000000,1.000000,1.000000,3.070000,1011.223999,0.000000,0.000000,3.070000,148.868149,3.000000,-0.600000,0.000000,-10000.000000,-10000.000000,-10000.000000
43.987347,1,1.000000,0.000000,-0.002769,0.003472,0.000000,0.000000,1.000000,1.000000,3.100000,1011.263977,0.000000,0.000000,3.100000,148.883209,3.000000,-0.600000,0.000000,-10000.000000,-10000.000000,-10000.000000
44.026872,1,1.000000,0.000000,-0.002711,0.003400,0.000000,0.000000,1.000000,1.000000,3.100000,1011.304016,0.000000,0.000000,3.100000,148.887100,3.000000,-0.500000,0.000000,-10000.000000,-10000.000000,-10000.000000
44.066358,1,1.000000,0.000000,-0.002654,0.003330,0.000000,0.000000,1.000000,1.000000,3.100000,1011.335022,0.000000,0.000000,3.100000,148.908371,3.000000,-0.600000,0.000000,-10000.000000,-10000.000000,-10000.000000
44.109743,1,1.000000,0.000000,-0.002599,0.003261,0.000000,0.000000,1.000000,1.000000,3.110000,1011.383972,0.000000,0.000000,3.110000,148.902573,3.000000,-0.600000,0.000000,-10000.000000,-10000.000000,-10000.000000
44.147238,1,1.000000,0.000000,-0.002544,0.003194,0.000000,0.000000,1.000000,1.000000,3.110000,1011.424011,0.000000,0.000000,3.110000,148.900116,3.000000,-0.600000,0.000000,-10000.000000,-10000.000000,-10000.000000
44.186126,1,1.000000,0.000000,-0.002491,0.003128,0.000000,0.000000,1.000000,1.000000,3.120000,1011.732971,0.000000,0.000000,3.120000,148.926636,2.900000,-0.600000,0.000000,-10000.000000,-10000.000000,-10000.000000
44.228773,1,1.000000,0.000000,-0.002439,0.003063,0.000000,0.000000,1.000000,1.000000,3.120000,1012.153015,0.000000,0.000000,3.120000,148.953354,3.000000,-0.500000,0.000000,-10000.000000,-10000.000000,-10000.000000
44.268509,1,1.000000,0.000000,-0.002388,0.003000,0.000000,0.000000,1.000000,1.000000,3.120000,1011.544006,0.000000,0.000000,3.120000,148.998367,2.900000,-0.600000,0.000000,-10000.000000,-10000.000000,-10000.000000
44.305417,1,1.000000,0.000000,-0.002338,0.002938,0.000000,0.000000,1.000000,1.000000,3.100000,1011.585022,0.000000,0.000000,3.100000,148.977905,3.000000,-0.500000,0.000000,-10000.000000,-10000.000000,-10000.000000
44.347188,1,1.000000,0.000000,-0.002289,0.002878,0.000000,0.000000,1.000000,1.000000,3.100000,1011.625000,0.000000,0.000000,3.100000,148.992889,3.000000,-0.500000,0.000000,-10000.000000,-10000.000000,-10000.000000
44.388508,1,1.000000,0.000000,-0.002242,0.002819,0.000000,0.000000,1.000000,1.000000,3.100000,1011.664978,0.000000,0.000000,3.100000,148.998688,2.800000,-0.400000,0.000000,-10000.000000,-10000.000000,-10000.000000
44.428383,1,1.000000,0.000000,-0.002195,0.002761,0.000000,0.000000,1.000000,1.000000,3.100000,1011.706970,0.000000,0.000000,3.100000,148.994919,2.800000,-0.400000,0.000000,-10000.000000,-10000.000000,-10000.000000
44.468620,1,1.000000,0.000000,-0.002150,0.002704,0.000000,0.000000,1.000000,1.000000,3.100000,1011.744995,0.000000,0.000000,3.100000,148.982224,2.900000,-0.400000,0.000000,-10000.000000,-10000.000000,-10000.000000
44.506328,1,1.000000,0.000000,-0.002105,0.002649,0.000000,0.000000,1.000000,1.000000,3.120000,1011.784973,0.000000,0.000000,3.120000,148.986313,2.900000,-0.400000,0.000000,-10000.000000,-10000.000000,-10000.000000
44.547523,1,1.000000,0.000000,-0.002062,0.002595,0.000000,0.000000,1.000000,1.000000,3.120000,1011.825012,0.000000,0.000000,3.120000,148.995422,2.800000,-0.500000,0.000000,-10000.000000,-10000.000000,-10000.000000
44.585923,1,1.000000,0.000000,-0.002019,0.002542,0.000000,0.000000,1.000000,1.000000,3.120000,1011.867004,0.000000,0.000000,3.120000,148.954971,2.900000,-0.500000,0.000000,-10000.000000,-10000.000000,-10000.000000
44.628370,1,1.000000,0.000000,-0.001977,0.002490,0.000000,0.000000,1.000000,1.000000,3.120000,1011.905029,0.000000,0.000000,3.120000,148.938110,2.900000,-0.500000,0.000000,-10000.000000,-10000.000000,-10000.000000
44.667539,1,1.000000,0.000000,-0.001936,0.002439,0.000000,0.000000,1.000000,1.000000,3.120000,1011.937012,0.000000,0.000000,3.120000,148.944992,2.900000,-0.500000,0.000000,-10000.000000,-10000.000000,-10000.000000
44.706242,1,1.000000,0.000000,-0.001897,0.002389,0.000000,0.000000,1.000000,1.000000,3.120000,1011.978027,0.000000,0.000000,3.120000,148.946823,3.000000,-0.500000,0.000000,-10000.000000,-10000.000000,-10000.000000
44.747314,1,1.000000,0.000000,-0.001857,0.002340,0.000000,0.000000,1.000000,1.000000,3.120000,1012.018005,0.000000,0.000000,3.120000,148.956131,2.900000,-0.500000,0.000000,-10000.000000,-10000.000000,-10000.000000
44.786284,1,1.000000,0.000000,-0.001819,0.002292,0.000000,0.000000,1.000000,1.000000,3.110000,1012.057983,0.000000,0.000000,3.110000,148.931503,2.900000,-0.500000,0.000000,-66.000000,-10000.000000,51.072456
44.827024,1,1.000000,0.000000,-0.001782,0.002246,0.000000,0.000000,1.000000,1.000000,3.110000,1012.098022,0.000000,0.000000,3.110000,148.881088,2.900000,-0.400000,0.000000,-10000.000000,-10000.000000,-10000.000000
44.866809,1,1.000000,0.000000,-0.001745,0.002200,0.000000,0.000000,1.000000,1.000000,3.110000,1012.138000,0.000000,0.000000,3.110000,148.867630,2.900000,-0.500000,0.000000,-10000.000000,-10000.000000,-10000.000000
44.907981,1,1.000000,0.000000,-0.001709,0.002155,0.000000,0.000000,1.000000,1.000000,3.130000,1012.177979,0.000000,0.000000,3.130000,148.867706,3.000000,-0.500000,0.000000,-10000.000000,-10000.000000,-10000.000000
44.947412,1,1.000000,0.000000,-0.001674,0.002111,0.000000,0.000000,1.000000,1.000000,3.130000,1012.218994,0.000000,0.000000,3.130000,148.867233,2.900000,-0.500000,0.000000,-10000.000000,-10000.000000,-10000.000000
44.985809,1,1.000000,0.000000,-0.001640,0.002068,0.000000,0.000000,1.000000,1.000000,3.120000,1012.257019,0.000000,0.000000,3.120000,148.895142,2.800000,-0.500000,0.000000,-10000.000000,-10000.000000,-10000.000000
45.028535,1,1.000000,0.000000,-0.001606,0.002026,0.000000,0.000000,1.000000,1.000000,3.120000,1012.296997,0.000000,0.000000,3.120000,148.886169,2.900000,-0.500000,0.000000,-10000.000000,-10000.000000,-10000.000000
45.066257,1,1.000000,0.000000,-0.001573,0.001985,0.000000,0.000000,1.000000,1.000000,3.120000,1012.336975,0.000000,0.000000,3.120000,148.877487,2.900000,-0.500000,0.000000,-10000.000000,-10000.000000,-10000.000000
45.108553,1,1.000000,0.000000,-0.001541,0.001945,0.000000,0.000000,1.000000,1.000000,3.120000,1012.377991,0.000000,0.000000,3.120000,148.860336,2.800000,-0.500000,0.000000,-10000.000000,-10000.000000,-10000.000000
45.147607,1,1.000000,0.000000,-0.001510,0.001905,0.000000,0.000000,1.000000,1.000000,3.120000,1012.421997,0.000000,0.000000,3.120000,148.883270,3.000000,-0.500000,0.000000,-10000.000000,-10000.000000,-10000.000000
45.186212,1,1.000000,0.000000,-0.001479,0.001867,0.000000,0.000000,1.000000,1.000000,3.120000,1012.713013,0.000000,0.000000,3.120000,148.883438,3.000000,-0.500000,0.000000,-10000.000000,-10000.000000,-10000.000000
45.227947,1,1.000000,0.000000,-0.001449,0.001829,0.000000,0.000000,1.000000,1.000000,3.120000,1013.122986,0.000000,0.000000,3.120000,148.882782,2.900000,-0.500000,0.000000,-10000.000000,-10000.000000,-10000.000000
45.265923,1,1.000000,0.000000,-0.001419,0.001792,0.000000,0.000000,1.000000,1.000000,3.120000,1012.539978,0.000000,0.000000,3.120000,148.868378,2.800000,-0.500000,0.000000,-10000.000000,-10000.000000,-10000.000000
45.308922,1,1.000000,0.000000,-0.001390,0.001755,0.000000,0.000000,1.000000,1.000000,3.120000,1012.580017,0.000000,0.000000,3.120000,148.881943,2.900000,-0.500000,0.000000,-10000.000000,-10000.000000,-10000.000000
45.347123,1,1.000000,0.000000,-0.001362,0.001720,0.000000,0.000000,1.000000,1.000000,3.120000,1012.622009,0.000000,0.000000,3.120000,148.872482,3.000000,-0.400000,0.000000,-10000.000000,-10000.000000,-10000.000000
45.386999,1,1.000000,0.000000,-0.001334,0.001685,0.000000,0.000000,1.000000,1.000000,3.120000,1012.659973,0.000000,0.000000,3.120000,148.853668,2.900000,-0.400000,0.000000,-10000.000000,-10000.000000,-10000.000000
45.426567,1,1.000000,0.000000,-0.001307,0.001651,0.000000,0.000000,1.000000,1.000000,3.110000,1012.703003,0.000000,0.000000,3.110000,148.865097,2.800000,-0.400000,0.000000,-10000.000000,-10000.000000,-10000.000000
45.465384,1,1.000000,0.000000,-0.001280,0.001618,0.000000,0.000000,1.000000,1.000000,3.110000,1012.744019,0.000000,0.000000,3.110000,148.867157,2.900000,-0.500000,0.000000,-10000.000000,-10000.000000,-10000.000000
45.505860,1,1.000000,0.000000,-0.001254,0.001585,0.000000,0.000000,1.000000,1.000000,3.120000,1012.783997,0.000000,0.000000,3.120000,148.846146,2.900000,-0.500000,0.000000,-10000.000000,-10000.000000,-10000.000000
45.549509,1,1.000000,0.000000,-0.001229,0.001553,0.000000,0.000000,1.000000,1.000000,3.120000,1012.822998,0.000000,0.000000,3.120000,148.882706,2.900000,-0.500000,0.000000,-10000.000000,-10000.000000,-10000.000000
45.588732,1,1.000000,0.000000,-0.001204,0.001521,0.000000,0.000000,1.000000,1.000000,3.120000,1012.862976,0.000000,0.000000,3.120000,148.854340,3.000000,-0.500000,0.000000,-10000.000000,-10000.000000,-10000.000000
45.628794,1,1.000000,0.000000,-0.001179,0.001491,0.000000,0.000000,1.000000,1.000000,3.120000,1012.903992,0.000000,0.000000,3.120000,148.854568,2.900000,-0.400000,0.000000,-10000.000000,-10000.000000,-10000.000000
45.668013,1,1.000000,0.000000,-0.001155,0.001460,0.000000,0.000000,1.000000,1.000000,3.120000,1012.943970,0.000000,0.000000,3.120000,148.864594,2.900000,-0.400000,0.000000,-92.000000,41.000000,-10000.000000
45.708828,1,1.000000,0.000000,-0.001132,0.001431,0.000000,0.000000,1.000000,1.000000,3.130000,1012.984009,0.000000,0.000000,3.130000,148.854172,2.900000,-0.400000,0.000000,-92.000000,41.000000,-10000.000000
45.748112,1,1.000000,0.000000,-0.001109,0.001402,0.000000,0.000000,1.000000,1.000000,3.130000,1013.023987,0.000000,0.000000,3.130000,148.847137,2.900000,-0.400000,0.000000,-10000.000000,-10000.000000,-10000.000000
45.786381,1,1.000000,0.000000,-0.001087,0.001374,0.000000,0.000000,1.000000,1.000000,3.140000,1013.064026,0.000000,0.000000,3.140000,148.835785,2.800000,-0.500000,0.000000,-10000.000000,-10000.000000,-10000.000000
45.826394,1,1.000000,0.000000,-0.001065,0.001346,0.000000,0.000000,1.000000,1.000000,3.140000,1013.104004,0.000000,0.000000,3.140000,148.831314,2.900000,-0.500000,0.000000,-10000.000000,-10000.000000,-10000.000000
45.866739,1,1.000000,0.000000,-0.001043,0.001319,0.000000,0.000000,1.000000,1.000000,3.140000,1013.143982,0.000000,0.000000,3.140000,148.842010,2.900000,-0.500000,0.000000,-10000.000000,-10000.000000,-10000.000000
45.907831,1,1.000000,0.000000,-0.001022,0.001292,0.000000,0.000000,1.000000,1.000000,3.130000,1013.185974,0.000000,0.000000,3.130000,148.828873,2.800000,-0.500000,0.000000,-10000.000000,-10000.000000,-10000.000000
45.947559,1,1.000000,0.000000,-0.001001,0.001266,0.000000,0.000000,1.000000,1.000000,3.130000,1013.215027,0.000000,0.000000,3.130000,148.823914,2.900000,-0.500000,0.000000,-10000.000000,-10000.000000,-10000.000000
45.987627,1,1.000000,0.000000,-0.000981,0.001241,0.000000,0.000000,1.000000,1.000000,3.130000,1013.255981,0.000000,0.000000,3.130000,148.826096,2.900000,-0.500000,0.000000,-10000.000000,-10000.000000,-10000.000000
46.028004,1,1.000000,0.000000,-0.000961,0.001216,0.000000,0.000000,1.000000,1.000000,3.140000,1013.296021,0.000000,0.000000,3.140000,148.824493,2.800000,-0.500000,0.000000,-10000.000000,-10000.000000,-10000.000000
46.067025,1,1.000000,0.000000,-0.000942,0.001191,0.000000,0.000000,1.000000,1.000000,3.140000,1013.338013,0.000000,0.000000,3.140000,148.824081,3.000000,-0.500000,0.000000,-10000.000000,-10000.000000,-10000.000000
46.109132,1,1.000000,0.000000,-0.000923,0.001167,0.000000,0.000000,1.000000,1.000000,3.150000,1013.375977,0.000000,0.000000,3.150000,148.801590,2.900000,-0.400000,0.000000,-106.000000,46.000000,-10000.000000
46.148149,1,1.000000,0.000000,-0.000904,0.001144,0.000000,0.000000,1.000000,1.000000,3.150000,1013.416992,0.000000,0.000000,3.150000,148.793594,2.800000,-0.400000,0.000000,-106.000000,46.000000,-10000.000000
46.186414,1,1.000000,0.000000,-0.000886,0.001121,0.000000,0.000000,1.000000,1.000000,3.150000,1013.663025,0.000000,0.000000,3.150000,148.800095,2.800000,-0.400000,0.000000,-10000.000000,-10000.000000,-10000.000000
46.228680,1,1.000000,0.000000,-0.000868,0.001098,0.000000,0.000000,1.000000,1.000000,3.140000,1014.062988,0.000000,0.000000,3.140000,148.776306,2.900000,-0.400000,0.000000,-108.000000,48.000000,-10000.000000
46.266739,1,1.000000,0.000000,-0.000850,0.001076,0.000000,0.000000,1.000000,1.000000,3.140000,1013.536987,0.000000,0.000000,3.140000,148.776413,2.800000,-0.400000,0.000000,-110.000000,48.000000,-10000.000000
46.306429,1,1.000000,0.000000,-0.000833,0.001054,0.000000,0.000000,1.000000,1.000000,3.170000,1013.575989,0.000000,0.000000,3.170000,148.747406,2.900000,-0.500000,0.000000,-111.000000,49.000000,-10000.000000
46.348167,1,1.000000,0.000000,-0.000816,0.001033,0.000000,0.000000,1.000000,1.000000,3.170000,1013.617004,0.000000,0.000000,3.170000,148.750549,3.000000,-0.400000,0.000000,-10000.000000,-10000.000000,-10000.000000
46.386233,1,1.000000,0.000000,-0.000800,0.001012,0.000000,0.000000,1.000000,1.000000,3.170000,1013.656006,0.000000,0.000000,3.170000,148.759720,2.900000,-0.500000,0.000000,-10000.000000,-10000.000000,-10000.000000
46.427199,1,1.000000,0.000000,-0.000784,0.000992,0.000000,0.000000,1.000000,1.000000,3.170000,1013.695984,0.000000,0.000000,3.170000,148.717758,3.000000,-0.500000,0.000000,-117.000000,52.000000,-10000.000000
46.466365,1,1.000000,0.000000,-0.000768,0.000972,0.000000,0.000000,1.000000,1.000000,3.170000,1013.737976,0.000000,0.000000,3.170000,148.730042,2.900000,-0.500000,0.000000,-118.000000,-10000.000000,-10000.000000
46.507281,1,1.000000,0.000000,-0.000752,0.000953,0.000000,0.000000,1.000000,1.000000,3.170000,1013.776001,0.000000,0.000000,3.170000,148.716217,2.900000,-0.500000,0.000000,-10000.000000,-10000.000000,-10000.000000
46.547691,1,1.000000,0.000000,-0.000737,0.000933,0.000000,0.000000,1.000000,1.000000,3.170000,1013.817993,0.000000,0.000000,3.170000,148.726883,2.900000,-0.500000,0.000000,-10000.000000,-10000.000000,-10000.000000
46.587348,1,1.000000,0.000000,-0.000722,0.000915,0.000000,0.000000,1.000000,1.000000,3.170000,1013.857971,0.000000,0.000000,3.170000,148.734039,2.900000,-0.500000,0.000000,-10000.000000,-10000.000000,-10000.000000
46.627985,1,1.000000,0.000000,-0.000708,0.000896,0.000000,0.000000,1.000000,1.000000,3.180000,1013.895996,0.000000,0.000000,3.180000,148.726898,2.900000,-0.500000,0.000000,-10000.000000,-10000.000000,-10000.000000
46.667812,1,1.000000,0.000000,-0.000694,0.000878,0.000000,0.000000,1.000000,1.000000,3.180000,1013.937012,0.000000,0.000000,3.180000,148.742142,2.900000,-0.500000,0.000000,-10000.000000,-10000.000000,-10000.000000
46.708960,1,1.000000,0.000000,-0.000680,0.000861,0.000000,0.000000,1.000000,1.000000,3.170000,1013.976990,0.000000,0.000000,3.170000,148.741440,2.900000,-0.500000,0.000000,-10000.000000,-10000.000000,-10000.000000
46.747165,1,1.000000,0.000000,-0.000666,0.000843,0.000000,0.000000,1.000000,1.000000,3.170000,1014.017029,0.000000,0.000000,3.170000,148.723648,2.900000,-0.500000,0.000000,-10000.000000,-10000.000000,-10000.000000
46.786373,1,1.000000,0.000000,-0.000653,0.000826,0.000000,0.000000,1.000000,1.000000,3.170000,1014.059021,0.000000,0.000000,3.170000,148.736969,2.900000,-0.500000,0.000000,-10000.000000,-10000.000000,-10000.000000
46.827334,1,1.000000,0.000000,-0.000639,0.000810,0.000000,0.000000,1.000000,1.000000,3.180000,1014.096008,0.000000,0.000000,3.180000,148.722809,2.900000,-0.500000,0.000000,-10000.000000,-10000.000000,-10000.000000
46.867056,1,1.000000,0.000000,-0.000627,0.000794,0.000000,0.000000,1.000000,1.000000,3.180000,1014.138000,0.000000,0.000000,3.180000,148.736801,2.900000,-0.400000,0.000000,183.000000,-97.000000,-10000.000000
46.906921,1,1.000000,0.000000,-0.000614,0.000778,0.000000,0.000000,1.000000,1.000000,3.190000,1014.177002,0.000000,0.000000,3.190000,148.713287,2.900000,-0.400000,0.000000,-10000.000000,-10000.000000,-10000.000000
46.947102,1,1.000000,0.000000,-0.000602,0.000762,0.000000,0.000000,1.000000,1.000000,3.190000,1014.216980,0.000000,0.000000,3.190000,148.721680,2.900000,-0.500000,0.000000,-10000.000000,-10000.000000,-10000.000000
46.986234,1,1.000000,0.000000,-0.000590,0.000747,0.000000,0.000000,1.000000,1.000000,3.180000,1014.257019,0.000000,0.000000,3.180000,148.727280,2.900000,-0.400000,0.000000,181.000000,-92.000000,-10000.000000
47.029109,1,1.000000,0.000000,-0.000578,0.000732,0.000000,0.000000,1.000000,1.000000,3.180000,1014.296021,0.000000,0.000000,3.180000,148.718948,2.800000,-0.500000,0.000000,181.000000,-92.000000,-10000.000000
47.067679,1,1.000000,0.000000,-0.000566,0.000717,0.000000,0.000000,1.000000,1.000000,3.180000,1014.336975,0.000000,0.000000,3.180000,148.708725,2.900000,-0.400000,0.000000,-10000.000000,-10000.000000,-10000.000000
47.106251,1,1.000000,0.000000,-0.000555,0.000703,0.000000,0.000000,1.000000,1.000000,3.180000,1014.377991,0.000000,0.000000,3.180000,148.727066,2.800000,-0.400000,0.000000,-10000.000000,-10000.000000,-10000.000000
47.146458,1,1.000000,0.000000,-0.000544,0.000689,0.000000,0.000000,1.000000,1.000000,3.180000,1014.419006,0.000000,0.000000,3.180000,148.732391,2.800000,-0.500000,0.000000,-10000.000000,-10000.000000,-10000.000000
47.186055,1,1.000000,0.000000,-0.000533,0.000675,0.000000,0.000000,1.000000,1.000000,3.180000,1014.682983,0.000000,0.000000,3.180000,148.723297,2.900000,-0.500000,0.000000,-10000.000000,-10000.000000,-10000.000000
47.229987,1,1.000000,0.000000,-0.000522,0.000661,0.000000,0.000000,1.000000,1.000000,3.180000,1015.093018,0.000000,0.000000,3.180000,148.735519,2.800000,-0.500000,0.000000,-10000.000000,-10000.000000,-10000.000000
47.266164,1,1.000000,0.000000,-0.000511,0.000648,0.000000,0.000000,1.000000,1.000000,3.180000,1014.538025,0.000000,0.000000,3.180000,148.733322,2.900000,-0.500000,0.000000,-10000.000000,-10000.000000,-10000.000000
47.306112,1,1.000000,0.000000,-0.000501,0.000635,0.000000,0.000000,1.000000,1.000000,3.180000,1014.580017,0.000000,0.000000,3.180000,148.752029,2.800000,-0.500000,0.000000,-10000.000000,-10000.000000,-10000.000000
47.347817,1,1.000000,0.000000,-0.000491,0.000622,0.000000,0.000000,1.000000,1.000000,3.180000,1014.622986,0.000000,0.000000,3.180000,148.720001,2.800000,-0.500000,0.000000,-10000.000000,-10000.000000,-10000.000000
47.386087,1,1.000000,0.000000,-0.000481,0.000610,0.000000,0.000000,1.000000,1.000000,3.190000,1014.659973,0.000000,0.000000,3.190000,148.712341,2.900000,-0.500000,0.000000,-10000.000000,-10000.000000,-10000.000000
47.428292,1,1.000000,0.000000,-0.000472,0.000597,0.000000,0.000000,1.000000,1.000000,3.190000,1014.700012,0.000000,0.000000,3.190000,148.724014,3.000000,-0.500000,0.000000,-10000.000000,-10000.000000,-10000.000000
47.466305,1,1.000000,0.000000,-0.000462,0.000585,0.000000,0.000000,1.000000,1.000000,3.190000,1014.739990,0.000000,0.000000,3.190000,148.742493,2.900000,-0.500000,0.000000,-10000.000000,-10000.000000,-10000.000000
47.507961,1,1.000000,0.000000,-0.000453,0.000574,0.000000,0.000000,1.000000,1.000000,3.180000,1014.780029,0.000000,0.000000,3.180000,148.726990,2.900000,-0.500000,0.000000,-10000.000000,-10000.000000,-10000.000000
47.547390,1,1.000000,0.000000,-0.000444,0.000562,0.000000,0.000000,1.000000,1.000000,3.180000,1014.823975,0.000000,0.000000,3.180000,148.731430,2.900000,-0.500000,0.000000,-10000.000000,-10000.000000,-10000.000000
47.586458,1,1.000000,0.000000,-0.000435,0.000551,0.000000,0.000000,1.000000,1.000000,3.190000,1014.862000,0.000000,0.000000,3.190000,148.735870,2.900000,-0.500000,0.000000,-10000.000000,-10000.000000,-10000.000000
47.627418,1,1.000000,0.000000,-0.000426,0.000540,0.000000,0.000000,1.000000,1.000000,3.190000,1014.901001,0.000000,0.000000,3.190000,148.753708,2.900000,-0.500000,0.000000,-10000.000000,-10000.000000,-10000.000000
47.665911,1,1.000000,0.000000,-0.000418,0.000529,0.000000,0.000000,1.000000,1.000000,3.190000,1014.940979,0.000000,0.000000,3.190000,148.714828,2.900000,-0.500000,0.000000,-10000.000000,-10000.000000,-10000.000000
47.705681,1,1.000000,0.000000,-0.000409,0.000519,0.000000,0.000000,1.000000,1.000000,3.190000,1014.981018,0.000000,0.000000,3.190000,148.713287,2.900000,-0.500000,0.000000,159.000000,-72.000000,-10000.000000
47.747432,1,1.000000,0.000000,-0.000401,0.000508,0.000000,0.000000,1.000000,1.000000,3.190000,1015.021973,0.000000,0.000000,3.190000,148.710083,2.900000,-0.500000,0.000000,-10000.000000,-10000.000000,-10000.000000
47.786469,1,1.000000,0.000000,-0.000393,0.000498,0.000000,0.000000,1.000000,1.000000,3.200000,1015.060974,0.000000,0.000000,3.200000,148.710083,2.900000,-0.500000,0.000000,-10000.000000,-10000.000000,-10000.000000
47.827898,1,1.000000,0.000000,-0.000385,0.000488,0.000000,0.000000,1.000000,1.000000,3.200000,1015.101990,0.000000,0.000000,3.200000,148.681229,2.900000,-0.400000,0.000000,-10000.000000,-10000.000000,-10000.000000
47.867653,1,1.000000,0.000000,-0.000377,0.000478,0.000000,0.000000,1.000000,1.000000,3.200000,1015.140015,0.000000,0.000000,3.200000,148.681259,2.800000,-0.400000,0.000000,-10000.000000,-10000.000000,-10000.000000
47.905230,1,1.000000,0.000000,-0.000370,0.000469,0.000000,0.000000,1.000000,1.000000,3.180000,1015.181030,0.000000,0.000000,3.180000,148.680817,2.900000,-0.400000,0.000000,-10000.000000,-10000.000000,-10000.000000
47.947407,1,1.000000,0.000000,-0.000362,0.000459,0.000000,0.000000,1.000000,1.000000,3.180000,1015.223022,0.000000,0.000000,3.180000,148.688553,2.900000,-0.400000,0.000000,-10000.000000,-10000.000000,-10000.000000
47.987403,1,1.000000,0.000000,-0.000355,0.000450,0.000000,0.000000,1.000000,1.000000,3.180000,1015.260986,0.000000,0.000000,3.180000,148.676468,2.900000,-0.500000,0.000000,293.000000,43.000000,-10000.000000
48.027866,1,1.000000,0.000000,-0.000348,0.000441,0.000000,0.000000,1.000000,1.000000,3.180000,1015.301025,0.000000,0.000000,3.180000,148.675827,2.900000,-0.400000,0.000000,-10000.000000,-10000.000000,-10000.000000
48.065945,1,1.000000,0.000000,-0.000341,0.000432,0.000000,0.000000,1.000000,1.000000,3.180000,1015.341003,0.000000,0.000000,3.180000,148.668503,2.900000,-0.400000,0.000000,-10000.000000,-10000.000000,-10000.000000
48.105790,1,1.000000,0.000000,-0.000334,0.000424,0.000000,0.000000,1.000000,1.000000,3.180000,1015.380981,0.000000,0.000000,3.180000,148.686279,2.900000,-0.400000,0.000000,-10000.000000,-10000.000000,-10000.000000
48.147286,1,1.000000,0.000000,-0.000327,0.000415,0.000000,0.000000,1.000000,1.000000,3.180000,1015.421997,0.000000,0.000000,3.180000,148.665009,2.900000,-0.400000,0.000000,-10000.000000,-10000.000000,-10000.000000
48.186679,1,1.000000,0.000000,-0.000321,0.000407,0.000000,0.000000,1.000000,1.000000,3.180000,1015.713013,0.000000,0.000000,3.180000,148.667419,3.000000,-0.400000,0.000000,-10000.000000,-10000.000000,-10000.000000
48.227469,1,1.000000,0.000000,-0.000314,0.000399,0.000000,0.000000,1.000000,1.000000,3.180000,1016.132996,0.000000,0.000000,3.180000,148.673676,2.900000,-0.400000,0.000000,-10000.000000,-10000.000000,-10000.000000
48.267793,1,1.000000,0.000000,-0.000308,0.000391,0.000000,0.000000,1.000000,1.000000,3.180000,1015.541016,0.000000,0.000000,3.180000,148.660095,2.900000,-0.400000,0.000000,-10000.000000,-10000.000000,-10000.000000
48.307656,1,1.000000,0.000000,-0.000302,0.000383,0.000000,0.000000,1.000000,1.000000,3.170000,1015.580994,0.000000,0.000000,3.170000,148.655533,3.000000,-0.400000,0.000000,-10000.000000,-10000.000000,-10000.000000
48.347133,1,1.000000,0.000000,-0.000296,0.000375,0.000000,0.000000,1.000000,1.000000,3.170000,1015.622986,0.000000,0.000000,3.170000,148.678894,3.000000,-0.600000,0.000000,-10000.000000,-10000.000000,-10000.000000
48.387860,1,1.000000,0.000000,-0.000290,0.000368,0.000000,0.000000,1.000000,1.000000,3.160000,1015.661011,0.000000,0.000000,3.160000,148.660339,3.700000,-1.400000,0.000000,-10000.000000,-10000.000000,-10000.000000
48.427820,1,1.000000,0.000000,-0.000284,0.000360,0.000000,0.000000,1.000000,1.000000,3.150000,1015.702026,0.000000,0.000000,3.150000,148.563049,5.200000,-3.300000,0.000000,-10000.000000,-10000.000000,-10000.000000
48.465242,1,1.000000,0.000000,-0.000279,0.000353,0.000000,0.000000,1.000000,1.000000,3.130000,1015.741028,0.000000,0.000000,3.130000,148.377945,7.100000,-5.600000,0.000000,-10000.000000,-10000.000000,-10000.000000
48.507067,1,1.000000,0.000000,-0.000273,0.000346,0.000000,0.000000,1.000000,1.000000,3.070000,1015.781982,0.000000,0.000000,3.070000,148.177612,8.500000,-7.700000,0.000000,277.000000,62.000000,-10000.000000
48.547502,1,1.000000,0.000000,-0.000267,0.000339,0.000000,0.000000,1.000000,1.000000,3.040000,1015.822021,0.000000,0.000000,3.040000,147.902664,9.800000,-10.000000,0.000000,-10000.000000,-10000.000000,-10000.000000
48.586675,1,1.000000,0.000000,-0.000262,0.000332,0.000000,0.000000,1.000000,1.000000,3.030000,1015.861023,0.000000,0.000000,3.030000,147.817230,10.100000,-10.600000,0.000000,-10000.000000,-10000.000000,-10000.000000
48.627744,1,1.000000,0.000000,-0.000257,0.000326,0.000000,0.000000,1.000000,1.000000,3.080000,1015.901978,0.000000,0.000000,3.080000,147.604095,11.000000,-12.000000,0.000000,-10000.000000,-10000.000000,-10000.000000
48.667475,1,1.000000,0.000000,-0.000252,0.000319,0.000000,0.000000,1.000000,1.000000,3.080000,1015.940979,0.000000,0.000000,3.080000,147.506714,11.200000,-12.400000,0.000000,-10000.000000,-10000.000000,-10000.000000
48.705881,1,1.000000,0.000000,-0.000247,0.000313,0.000000,0.000000,1.000000,1.000000,3.080000,1015.982971,0.000000,0.000000,3.080000,147.456680,11.400000,-12.500000,0.000000,-238.000000,142.000000,-10000.000000
48.747374,1,1.000000,0.000000,-0.000242,0.000306,0.000000,0.000000,1.000000,1.000000,3.080000,1016.023987,0.000000,0.000000,3.080000,147.431854,11.500000,-12.500000,0.000000,-10000.000000,-10000.000000,-10000.000000
48.788242,1,1.000000,0.000000,-0.000237,0.000300,0.000000,0.000000,1.000000,1.000000,3.130000,1016.067017,0.000000,0.000000,3.130000,147.380417,11.700000,-12.200000,0.000000,-10000.000000,-10000.000000,-10000.000000
48.827120,1,1.000000,0.000000,0.001589,-0.008399,0.000000,0.000000,1.000000,1.000000,3.130000,1016.104004,0.000000,0.000000,3.130000,147.411819,11.700000,-12.000000,1.000000,144.000000,-30.000000,124.418365
48.865755,1,1.000000,0.000000,0.001531,-0.008225,0.000000,0.000000,1.000000,1.000000,3.140000,1016.143982,0.000000,0.000000,3.140000,147.499359,11.100000,-11.800000,0.000000,-10000.000000,-10000.000000,-10000.000000
48.905754,1,1.000000,0.000000,0.001476,-0.008056,0.000000,0.000000,1.000000,1.000000,3.140000,1016.185974,0.000000,0.000000,3.140000,147.547104,10.700000,-11.700000,0.000000,-10000.000000,-10000.000000,-10000.000000
48.947500,1,1.000000,0.000000,0.001422,-0.007889,0.000000,0.000000,1.000000,1.000000,3.140000,1016.226013,0.000000,0.000000,3.140000,147.547104,10.700000,-11.700000,0.000000,190.000000,120.000000,-10000.000000
48.988165,1,1.000000,0.000000,0.001372,-0.007727,0.000000,0.000000,1.000000,1.000000,3.170000,1016.267029,0.000000,0.000000,3.170000,148.095642,7.600000,-11.400000,0.000000,190.000000,120.000000,-10000.000000
49.028817,1,1.000000,0.000000,0.001323,-0.007568,0.000000,0.000000,1.000000,1.000000,3.170000,1016.306030,0.000000,0.000000,3.170000,148.232910,6.700000,-11.400000,0.000000,190.000000,121.000000,-10000.000000
49.068147,1,1.000000,0.000000,0.001276,-0.007412,0.000000,0.000000,1.000000,1.000000,3.180000,1016.335999,0.000000,0.000000,3.180000,148.279984,6.300000,-11.400000,0.000000,-10000.000000,-10000.000000,-10000.000000
49.109033,1,1.000000,0.000000,0.001231,-0.007260,0.000000,0.000000,1.000000,1.000000,3.140000,1016.375977,0.000000,0.000000,3.140000,148.448242,5.300000,-11.100000,0.000000,-10000.000000,-10000.000000,-10000.000000
49.146593,1,1.000000,0.000000,0.001188,-0.007111,0.000000,0.000000,1.000000,1.000000,3.150000,1016.416992,0.000000,0.000000,3.150000,148.553116,4.500000,-10.200000,0.000000,167.000000,-169.000000,-10000.000000
49.187110,1,1.000000,0.000000,0.001147,-0.006965,0.000000,0.000000,1.000000,1.000000,3.170000,1016.663025,0.000000,0.000000,3.170000,148.679901,3.700000,-8.800000,0.000000,-10000.000000,-10000.000000,-10000.000000
49.229447,1,1.000000,0.000000,0.001108,-0.006822,0.000000,0.000000,1.000000,1.000000,3.190000,1017.062988,0.000000,0.000000,3.190000,148.783447,2.900000,-7.300000,0.000000,-10000.000000,-10000.000000,-10000.000000
49.266165,1,1.000000,0.000000,0.001070,-0.006682,0.000000,0.000000,1.000000,1.000000,3.200000,1016.536987,0.000000,0.000000,3.200000,148.789429,2.700000,-6.600000,0.000000,-10000.000000,-10000.000000,-10000.000000
49.307312,1,1.000000,0.000000,0.001034,-0.006546,0.000000,0.000000,1.000000,1.000000,3.200000,1016.577026,0.000000,0.000000,3.200000,148.827316,2.300000,-4.500000,0.000000,-10000.000000,-10000.000000,-10000.000000
49.347226,1,1.000000,0.000000,0.000999,-0.006412,0.000000,0.000000,1.000000,1.000000,3.200000,1016.617004,0.000000,0.000000,3.200000,148.854935,1.900000,-3.500000,0.000000,-10000.000000,-10000.000000,-10000.000000
49.388585,1,1.000000,0.000000,0.000966,-0.006281,0.000000,0.000000,1.000000,1.000000,3.210000,1016.656982,0.000000,0.000000,3.210000,148.889786,1.600000,-2.500000,0.000000,-10000.000000,-10000.000000,-10000.000000
49.427617,1,1.000000,0.000000,0.000934,-0.006152,0.000000,0.000000,1.000000,1.000000,3.210000,1016.697998,0.000000,0.000000,3.210000,148.903885,1.400000,-1.500000,0.000000,-10000.000000,-10000.000000,-10000.000000
49.467413,1,1.000000,0.000000,0.000903,-0.006027,0.000000,0.000000,1.000000,1.000000,3.210000,1016.737976,0.000000,0.000000,3.210000,148.887680,1.200000,-0.900000,0.000000,-10000.000000,-10000.000000,-10000.000000
49.507115,1,1.000000,0.000000,0.000873,-0.005904,0.000000,0.000000,1.000000,1.000000,3.200000,1016.778992,0.000000,0.000000,3.200000,148.793427,1.200000,-0.400000,0.000000,-10000.000000,-10000.000000,-10000.000000
49.547884,1,1.000000,0.000000,0.000845,-0.005783,0.000000,0.000000,1.000000,1.000000,3.200000,1016.818970,0.000000,0.000000,3.200000,148.753265,1.400000,-0.100000,0.000000,-10000.000000,-10000.000000,-10000.000000
49.587370,1,1.000000,0.000000,0.000817,-0.005665,0.000000,0.000000,1.000000,1.000000,3.200000,1016.857971,0.000000,0.000000,3.200000,148.724411,1.500000,0.200000,0.000000,-10000.000000,-10000.000000,-10000.000000
49.627833,1,1.000000,0.000000,0.000791,-0.005550,0.000000,0.000000,1.000000,1.000000,3.190000,1016.898987,0.000000,0.000000,3.190000,148.732910,1.400000,0.600000,0.000000,-10000.000000,-10000.000000,-10000.000000
49.665877,1,1.000000,0.000000,0.000766,-0.005437,0.000000,0.000000,1.000000,1.000000,3.190000,1016.937988,0.000000,0.000000,3.190000,148.675766,1.300000,0.800000,0.000000,-10000.000000,-10000.000000,-10000.000000
49.709417,1,1.000000,0.000000,0.000742,-0.005326,0.000000,0.000000,1.000000,1.000000,3.160000,1016.978027,0.000000,0.000000,3.160000,148.656891,1.300000,0.900000,0.000000,-10000.000000,-10000.000000,-10000.000000
49.749195,1,1.000000,0.000000,0.000719,-0.005218,0.000000,0.000000,1.000000,1.000000,3.160000,1017.020020,0.000000,0.000000,3.160000,148.596680,1.400000,0.800000,0.000000,-10000.000000,-10000.000000,-10000.000000
49.787911,1,1.000000,0.000000,0.000696,-0.005112,0.000000,0.000000,1.000000,1.000000,3.100000,1017.059998,0.000000,0.000000,3.100000,148.614273,1.700000,0.700000,0.000000,-10000.000000,-10000.000000,-10000.000000
49.826844,1,1.000000,0.000000,0.000675,-0.005008,0.000000,0.000000,1.000000,1.000000,3.100000,1017.101013,0.000000,0.000000,3.100000,148.656586,1.800000,0.600000,0.000000,-10000.000000,-10000.000000,-10000.000000
49.865949,1,1.000000,0.000000,0.000654,-0.004906,0.000000,0.000000,1.000000,1.000000,3.100000,1017.140015,0.000000,0.000000,3.100000,148.663742,1.800000,0.500000,0.000000,-10000.000000,-10000.000000,-10000.000000
49.909140,1,1.000000,0.000000,0.000634,-0.004807,0.000000,0.000000,1.000000,1.000000,3.020000,1017.179993,0.000000,0.000000,3.020000,148.692795,1.900000,0.400000,0.000000,-10000.000000,-10000.000000,-10000.000000
49.948008,1,1.000000,0.000000,0.000615,-0.004709,0.000000,0.000000,1.000000,1.000000,3.020000,1017.221008,0.000000,0.000000,3.020000,148.716064,2.000000,0.400000,0.000000,-10000.000000,-10000.000000,-10000.000000
49.985856,1,1.000000,0.000000,0.000596,-0.004614,0.000000,0.000000,1.000000,1.000000,2.930000,1017.260986,0.000000,0.000000,2.930000,148.745239,2.000000,0.200000,0.000000,-10000.000000,-10000.000000,-10000.000000
50.027164,1,1.000000,0.000000,0.000578,-0.004520,0.000000,0.000000,1.000000,1.000000,2.930000,1017.302979,0.000000,0.000000,2.930000,148.736786,2.200000,0.100000,0.000000,-10000.000000,-10000.000000,-10000.000000
50.068009,1,1.000000,0.000000,0.000561,-0.004429,0.000000,0.000000,1.000000,1.000000,2.930000,1017.341980,0.000000,0.000000,2.930000,148.744476,2.100000,0.100000,0.000000,-122.000000,24.000000,-10000.000000
50.107213,1,1.000000,0.000000,0.000545,-0.004339,0.000000,0.000000,1.000000,1.000000,2.870000,1017.382019,0.000000,0.000000,2.870000,148.751572,1.800000,-0.200000,0.000000,-10000.000000,-10000.000000,-10000.000000
50.146970,1,1.000000,0.000000,0.000529,-0.004251,0.000000,0.000000,1.000000,1.000000,2.870000,1017.421997,0.000000,0.000000,2.870000,148.857666,1.600000,-0.800000,0.000000,-10000.000000,-10000.000000,-10000.000000
50.187498,1,1.000000,0.000000,0.000513,-0.004165,0.000000,0.000000,1.000000,1.000000,2.790000,1017.713013,0.000000,0.000000,2.790000,148.929657,1.600000,-1.600000,0.000000,-114.000000,21.000000,-10000.000000
50.227393,1,1.000000,0.000000,0.000498,-0.004081,0.000000,0.000000,1.000000,1.000000,2.790000,1018.132996,0.000000,0.000000,2.790000,148.979340,1.600000,-2.200000,0.000000,-112.000000,20.000000,-10000.000000
50.267382,1,1.000000,0.000000,-0.000833,0.003461,0.000000,0.000000,1.000000,1.000000,2.790000,1017.541016,0.000000,0.000000,2.790000,149.022125,1.500000,-2.600000,1.000000,-112.000000,20.000000,40.785820
50.305561,1,1.000000,0.000000,-0.000798,0.003389,0.000000,0.000000,1.000000,1.000000,2.760000,1017.581970,0.000000,0.000000,2.760000,149.111755,1.300000,-2.900000,0.000000,-10000.000000,-10000.000000,-10000.000000
50.346236,1,1.000000,0.000000,-0.001485,0.009013,0.000000,0.000000,1.000000,1.000000,2.760000,1017.622986,0.000000,0.000000,2.760000,149.167938,1.100000,-2.800000,1.000000,-105.000000,14.000000,40.872410
50.385787,1,1.000000,0.000000,-0.001894,0.013570,0.000000,0.000000,1.000000,1.000000,2.740000,1017.661987,0.000000,0.000000,2.740000,149.198441,1.100000,-2.700000,1.000000,-106.000000,12.000000,40.955513
50.429822,1,1.000000,0.000000,-0.002142,0.017274,0.000000,0.000000,1.000000,1.000000,2.740000,1017.702026,0.000000,0.000000,2.740000,149.221054,1.100000,-2.600000,1.000000,-107.000000,11.000000,42.709389
50.468264,1,1.000000,0.000000,-0.002321,0.020235,0.000000,0.000000,1.000000,1.000000,2.740000,1017.742004,0.000000,0.000000,2.740000,149.187012,1.200000,-2.600000,1.000000,-107.000000,11.000000,42.709389
50.508507,1,1.000000,0.000000,-0.002387,0.022722,0.000000,0.000000,1.000000,1.000000,2.730000,1017.781982,0.000000,0.000000,2.730000,149.175140,1.300000,-2.500000,1.000000,-109.000000,10.000000,41.633541
50.548863,1,1.000000,0.000000,-0.002362,0.024710,0.000000,0.000000,1.000000,1.000000,2.730000,1017.822998,0.000000,0.000000,2.730000,149.143768,1.400000,-2.500000,1.000000,-109.000000,9.000000,41.112091
50.588324,1,1.000000,0.000000,-0.001968,0.025821,0.000000,0.000000,1.000000,1.000000,2.730000,1017.862000,0.000000,0.000000,2.730000,149.127563,1.600000,-2.200000,1.000000,-101.000000,3.000000,42.220833
50.627322,1,1.000000,0.000000,-0.001519,0.026229,0.000000,0.000000,1.000000,1.000000,2.730000,1017.903992,0.000000,0.000000,2.730000,149.103653,1.700000,-1.800000,1.000000,-93.000000,1.000000,41.112091
50.666344,1,1.000000,0.000000,-0.001416,0.025699,0.000000,0.000000,1.000000,1.000000,2.730000,1017.942993,0.000000,0.000000,2.730000,149.082565,1.800000,-1.100000,0.000000,-10000.000000,-10000.000000,-10000.000000
50.706782,1,1.000000,0.000000,-0.001318,0.025181,0.000000,0.000000,1.000000,1.000000,2.730000,1017.982971,0.000000,0.000000,2.730000,149.019058,1.800000,-0.500000,0.000000,-10000.000000,-10000.000000,-10000.000000
50.747315,1,1.000000,0.000000,-0.001226,0.024672,0.000000,0.000000,1.000000,1.000000,2.730000,1018.023987,0.000000,0.000000,2.730000,148.906555,1.900000,-0.300000,0.000000,-171.000000,-129.000000,-10000.000000
50.786609,1,1.000000,0.000000,-0.000833,0.024349,0.000000,0.000000,1.000000,1.000000,2.730000,1018.065002,0.000000,0.000000,2.730000,148.848602,2.200000,-0.200000,1.000000,-77.000000,0.000000,41.185925
50.827521,1,1.000000,0.000000,-0.000756,0.023859,0.000000,0.000000,1.000000,1.000000,2.730000,1018.104004,0.000000,0.000000,2.730000,148.780350,2.300000,-0.200000,0.000000,-158.000000,-130.000000,-10000.000000
50.866437,1,1.000000,0.000000,-0.000684,0.023379,0.000000,0.000000,1.000000,1.000000,2.730000,1018.143005,0.000000,0.000000,2.730000,148.729568,2.500000,-0.300000,0.000000,-10000.000000,-10000.000000,-10000.000000
50.906003,1,1.000000,0.000000,-0.000617,0.022908,0.000000,0.000000,1.000000,1.000000,2.650000,1018.184021,0.000000,0.000000,2.650000,148.721512,2.600000,-0.300000,0.000000,-10000.000000,-10000.000000,-10000.000000
50.947977,1,1.000000,0.000000,-0.000553,0.022447,0.000000,0.000000,1.000000,1.000000,2.650000,1018.223022,0.000000,0.000000,2.650000,148.698822,2.700000,-0.300000,0.000000,-127.000000,-134.000000,-10000.000000
50.987644,1,1.000000,0.000000,-0.000493,0.021996,0.000000,0.000000,1.000000,1.000000,2.550000,1018.263000,0.000000,0.000000,2.550000,148.703888,2.900000,-0.300000,0.000000,-10000.000000,-10000.000000,-10000.000000
51.026936,1,1.000000,0.000000,-0.000437,0.021553,0.000000,0.000000,1.000000,1.000000,2.550000,1018.304016,0.000000,0.000000,2.550000,148.688248,3.000000,-0.200000,0.000000,-10000.000000,-10000.000000,-10000.000000
51.065720,1,1.000000,0.000000,-0.000295,0.018852,0.000000,0.000000,1.000000,1.000000,2.550000,1018.343018,0.000000,0.000000,2.550000,148.692841,3.200000,-0.200000,1.000000,-27.000000,2.000000,39.897835
51.109892,1,1.000000,0.000000,-0.000245,0.016452,0.000000,0.000000,1.000000,1.000000,2.490000,1018.383972,0.000000,0.000000,2.490000,148.706558,3.400000,-0.100000,1.000000,-23.000000,3.000000,39.986885
51.147895,1,1.000000,0.000000,-0.000213,0.016121,0.000000,0.000000,1.000000,1.000000,2.490000,1018.422974,0.000000,0.000000,2.490000,148.727158,3.400000,0.300000,0.000000,225.000000,223.000000,-10000.000000
51.187118,1,1.000000,0.000000,-0.000246,0.013546,0.000000,0.000000,1.000000,1.000000,2.480000,1018.672974,0.000000,0.000000,2.480000,148.762894,3.300000,0.800000,1.000000,-11.000000,4.000000,39.897835
51.227682,1,1.000000,0.000000,-0.000223,0.013273,0.000000,0.000000,1.000000,1.000000,2.420000,1019.062988,0.000000,0.000000,2.420000,148.800476,3.300000,1.400000,0.000000,-10000.000000,-10000.000000,39.897835
51.268037,1,1.000000,0.000000,-0.000202,0.013006,0.000000,0.000000,1.000000,1.000000,2.410000,1018.536987,0.000000,0.000000,2.410000,148.845230,3.400000,1.800000,0.000000,-10000.000000,-10000.000000,-10000.000000
51.306612,1,1.000000,0.000000,-0.000367,0.010214,0.000000,0.000000,1.000000,1.000000,2.360000,1018.575989,0.000000,0.000000,2.360000,148.865494,3.500000,1.900000,1.000000,3.000000,6.000000,40.155998
51.347521,1,1.000000,0.000000,-0.000352,0.010007,0.000000,0.000000,1.000000,1.000000,2.360000,1018.619019,0.000000,0.000000,2.360000,148.899307,3.600000,2.300000,0.000000,-90.000000,-141.000000,-10000.000000
51.386696,1,1.000000,0.000000,-0.000337,0.009805,0.000000,0.000000,1.000000,1.000000,2.360000,1018.658997,0.000000,0.000000,2.360000,148.917435,3.600000,2.400000,0.000000,295.000000,-149.000000,-10000.000000
51.426939,1,1.000000,0.000000,-0.000431,0.006452,0.000000,0.000000,1.000000,1.000000,2.340000,1018.697998,0.000000,0.000000,2.340000,148.938477,3.200000,2.100000,1.000000,23.000000,5.000000,39.629005
51.467053,1,1.000000,0.000000,-0.000518,0.003350,0.000000,0.000000,1.000000,1.000000,2.350000,1018.739014,0.000000,0.000000,2.350000,148.941467,3.100000,1.700000,1.000000,30.000000,5.000000,40.236359
51.506213,1,1.000000,0.000000,-0.000600,0.000867,0.000000,0.000000,1.000000,1.000000,2.340000,1018.778015,0.000000,0.000000,2.340000,148.976501,3.000000,1.200000,1.000000,30.000000,5.000000,40.236359
51.547839,1,1.000000,0.000000,-0.000679,-0.001779,0.000000,0.000000,1.000000,1.000000,2.340000,1018.817993,0.000000,0.000000,2.340000,148.992661,2.900000,1.000000,1.000000,41.000000,5.000000,39.718758
51.586140,1,1.000000,0.000000,-0.000756,-0.004197,0.000000,0.000000,1.000000,1.000000,2.320000,1018.857971,0.000000,0.000000,2.320000,148.982819,2.700000,0.900000,1.000000,46.000000,5.000000,40.389351
51.627660,1,1.000000,0.000000,-0.000772,-0.006371,0.000000,0.000000,1.000000,1.000000,2.320000,1018.898010,0.000000,0.000000,2.320000,148.992264,2.600000,0.700000,1.000000,50.000000,4.000000,39.718758
51.666232,1,1.000000,0.000000,-0.000793,-0.006245,0.000000,0.000000,1.000000,1.000000,2.320000,1018.937988,0.000000,0.000000,2.320000,148.951172,2.400000,0.500000,0.000000,-10000.000000,-10000.000000,-10000.000000
51.707268,1,1.000000,0.000000,-0.000642,-0.008249,0.000000,0.000000,1.000000,1.000000,2.280000,1018.978027,0.000000,0.000000,2.280000,148.874741,2.000000,0.400000,1.000000,54.000000,1.000000,39.889584
51.748056,1,1.000000,0.000000,-0.000474,-0.009912,0.000000,0.000000,1.000000,1.000000,2.280000,1019.018005,0.000000,0.000000,2.280000,148.846863,1.700000,0.200000,1.000000,55.000000,0.000000,39.970928
51.785558,1,1.000000,0.000000,-0.000352,-0.011241,0.000000,0.000000,1.000000,1.000000,2.270000,1019.059021,0.000000,0.000000,2.270000,148.789322,1.800000,-0.000000,1.000000,55.000000,0.000000,39.970928
51.826769,1,1.000000,0.000000,-0.000028,-0.012663,0.000000,0.000000,1.000000,1.000000,2.240000,1019.099976,0.000000,0.000000,2.240000,148.733459,1.900000,-0.200000,1.000000,61.000000,-4.000000,39.062584
51.866162,1,1.000000,0.000000,0.000279,-0.013919,0.000000,0.000000,1.000000,1.000000,2.240000,1019.138977,0.000000,0.000000,2.240000,148.731613,1.900000,-0.300000,1.000000,63.000000,-5.000000,39.889584
51.909112,1,1.000000,0.000000,0.000223,-0.013639,0.000000,0.000000,1.000000,1.000000,2.170000,1019.179016,0.000000,0.000000,2.170000,148.707184,2.000000,-0.400000,0.000000,65.000000,-10000.000000,39.805573
51.948055,1,1.000000,0.000000,0.000759,-0.015057,0.000000,0.000000,1.000000,1.000000,2.170000,1019.219971,0.000000,0.000000,2.170000,148.704941,2.200000,-0.500000,1.000000,69.000000,-10.000000,39.245434
51.986223,1,1.000000,0.000000,0.001176,-0.016310,0.000000,0.000000,1.000000,1.000000,2.110000,1019.258972,0.000000,0.000000,2.110000,148.702423,2.600000,-0.600000,1.000000,71.000000,-10.000000,40.049728
52.026926,1,1.000000,0.000000,0.001099,-0.015979,0.000000,0.000000,1.000000,1.000000,2.110000,1019.299988,0.000000,0.000000,2.110000,148.689346,2.800000,-0.500000,0.000000,-10000.000000,-10000.000000,38.758087
52.066599,1,1.000000,0.000000,0.001027,-0.015655,0.000000,0.000000,1.000000,1.000000,2.110000,1019.338989,0.000000,0.000000,2.110000,148.669495,2.800000,-0.300000,0.000000,-10000.000000,-10000.000000,-10000.000000
52.107576,1,1.000000,0.000000,0.001182,-0.017505,0.000000,0.000000,1.000000,1.000000,2.020000,1019.379028,0.000000,0.000000,2.020000,148.686798,2.800000,0.200000,1.000000,83.000000,-7.000000,38.945808
52.147552,1,1.000000,0.000000,0.001106,-0.017150,0.000000,0.000000,1.000000,1.000000,2.020000,1019.419983,0.000000,0.000000,2.020000,148.703369,2.900000,1.000000,0.000000,-10000.000000,-3.000000,-10000.000000
52.186939,1,1.000000,0.000000,0.000924,-0.019360,0.000000,0.000000,1.000000,1.000000,1.940000,1019.692993,0.000000,0.000000,1.940000,148.721130,2.700000,2.200000,1.000000,94.000000,-2.000000,38.751629
52.227357,1,1.000000,0.000000,0.000763,-0.021427,0.000000,0.000000,1.000000,1.000000,1.930000,1020.122986,0.000000,0.000000,1.930000,148.738663,2.400000,4.000000,1.000000,99.000000,-2.000000,38.751629
52.266138,1,1.000000,0.000000,0.000618,-0.023501,0.000000,0.000000,1.000000,1.000000,1.930000,1019.539978,0.000000,0.000000,1.930000,148.727646,2.000000,5.400000,1.000000,106.000000,-2.000000,38.659809
52.306922,1,1.000000,0.000000,0.000545,-0.026299,0.000000,0.000000,1.000000,1.000000,1.860000,1019.580017,0.000000,0.000000,1.860000,148.700424,1.600000,6.700000,1.000000,125.000000,-3.000000,40.341747
52.347177,1,1.000000,0.000000,0.000464,-0.025770,0.000000,0.000000,1.000000,1.000000,1.850000,1019.620972,0.000000,0.000000,1.850000,148.661652,1.000000,7.500000,0.000000,-10000.000000,-10000.000000,-10000.000000
52.386410,1,1.000000,0.000000,0.000631,-0.029733,0.000000,0.000000,1.000000,1.000000,1.780000,1019.661987,0.000000,0.000000,1.780000,148.644333,0.900000,7.800000,1.000000,152.000000,-7.000000,40.030258
52.429271,1,1.000000,0.000000,0.001039,-0.034221,0.000000,0.000000,1.000000,1.000000,1.780000,1019.702026,0.000000,0.000000,1.780000,148.655655,0.800000,7.500000,1.000000,174.000000,-12.000000,40.100906
52.467177,1,1.000000,0.000000,0.001521,-0.038289,0.000000,0.000000,1.000000,1.000000,1.790000,1019.741028,0.000000,0.000000,1.790000,148.618683,0.700000,6.700000,1.000000,182.000000,-15.000000,41.081753
52.506111,1,1.000000,0.000000,0.001881,-0.041781,0.000000,0.000000,1.000000,1.000000,1.720000,1019.783997,0.000000,0.000000,1.720000,148.625778,0.600000,5.300000,1.000000,186.000000,-15.000000,40.143394
52.547785,1,1.000000,0.000000,0.002086,-0.044632,0.000000,0.000000,1.000000,1.000000,1.730000,1019.823975,0.000000,0.000000,1.730000,148.589417,0.500000,3.800000,1.000000,187.000000,-14.000000,39.805573
52.588344,1,1.000000,0.000000,0.001932,-0.043731,0.000000,0.000000,1.000000,1.000000,1.670000,1019.862000,0.000000,0.000000,1.670000,148.560608,0.600000,2.300000,0.000000,175.000000,-14.000000,-10000.000000
52.626219,1,1.000000,0.000000,0.001976,-0.044990,0.000000,0.000000,1.000000,1.000000,1.670000,1019.903992,0.000000,0.000000,1.670000,148.578735,0.800000,1.400000,1.000000,167.000000,-12.000000,38.897221
52.667674,1,1.000000,0.000000,0.001994,-0.045995,0.000000,0.000000,1.000000,1.000000,1.670000,1019.942017,0.000000,0.000000,1.670000,148.571259,0.700000,0.700000,1.000000,167.000000,-12.000000,38.897221
52.706121,1,1.000000,0.000000,0.001846,-0.045067,0.000000,0.000000,1.000000,1.000000,1.590000,1019.982971,0.000000,0.000000,1.590000,148.536469,0.600000,0.100000,0.000000,-10000.000000,-10000.000000,-10000.000000
52.747137,1,1.000000,0.000000,0.001565,-0.045395,0.000000,0.000000,1.000000,1.000000,1.590000,1020.023010,0.000000,0.000000,1.590000,148.522797,0.700000,-0.200000,1.000000,156.000000,-7.000000,39.045891
52.786306,1,1.000000,0.000000,0.001208,-0.045358,0.000000,0.000000,1.000000,1.000000,1.530000,1020.064026,0.000000,0.000000,1.530000,148.487411,0.800000,-0.500000,1.000000,151.000000,-5.000000,42.172874
52.827179,1,1.000000,0.000000,0.001085,-0.044445,0.000000,0.000000,1.000000,1.000000,1.530000,1020.106018,0.000000,0.000000,1.530000,148.483002,0.800000,-0.600000,0.000000,-10000.000000,-10000.000000,-10000.000000
52.866025,1,1.000000,0.000000,0.000565,-0.044538,0.000000,0.000000,1.000000,1.000000,1.530000,1020.145020,0.000000,0.000000,1.530000,148.463623,0.600000,-0.700000,1.000000,150.000000,-1.000000,38.884495
52.906094,1,1.000000,0.000000,-0.000042,-0.044614,0.000000,0.000000,1.000000,1.000000,1.470000,1020.187012,0.000000,0.000000,1.470000,148.454956,0.500000,-0.800000,1.000000,150.000000,2.000000,39.093861
52.947404,1,1.000000,0.000000,-0.000657,-0.044736,0.000000,0.000000,1.000000,1.000000,1.470000,1020.223999,0.000000,0.000000,1.470000,148.416840,0.700000,-0.900000,1.000000,151.000000,4.000000,38.873066
52.986113,1,1.000000,0.000000,-0.001219,-0.044895,0.000000,0.000000,1.000000,1.000000,1.410000,1020.265991,0.000000,0.000000,1.410000,148.425201,0.700000,-0.900000,1.000000,152.000000,5.000000,38.941013
53.027104,1,1.000000,0.000000,-0.001979,-0.045205,0.000000,0.000000,1.000000,1.000000,1.410000,1020.304993,0.000000,0.000000,1.410000,148.391983,0.700000,-1.000000,1.000000,155.000000,10.000000,39.136127
53.066889,1,1.000000,0.000000,-0.002836,-0.045577,0.000000,0.000000,1.000000,1.000000,1.410000,1020.344971,0.000000,0.000000,1.410000,148.390976,0.700000,-1.100000,1.000000,157.000000,14.000000,39.007473
53.106255,1,1.000000,0.000000,-0.003711,-0.045937,0.000000,0.000000,1.000000,1.000000,1.350000,1020.385010,0.000000,0.000000,1.350000,148.375259,0.900000,-1.200000,1.000000,158.000000,17.000000,38.990993
53.147154,1,1.000000,0.000000,-0.004660,-0.046350,0.000000,0.000000,1.000000,1.000000,1.350000,1020.414978,0.000000,0.000000,1.350000,148.354568,1.000000,-1.200000,1.000000,160.000000,21.000000,39.259392
53.186693,1,1.000000,0.000000,-0.005609,-0.046745,0.000000,0.000000,1.000000,1.000000,1.310000,1020.763000,0.000000,0.000000,1.310000,148.358170,1.000000,-1.300000,1.000000,161.000000,24.000000,39.093861
53.228414,1,1.000000,0.000000,-0.006676,-0.047186,0.000000,0.000000,1.000000,1.000000,1.310000,1021.143005,0.000000,0.000000,1.310000,148.394836,0.900000,-1.200000,1.000000,163.000000,29.000000,39.322582
53.267138,1,1.000000,0.000000,-0.007780,-0.047664,0.000000,0.000000,1.000000,1.000000,1.310000,1020.544983,0.000000,0.000000,1.310000,148.429382,0.800000,-1.200000,1.000000,165.000000,33.000000,38.844833
53.309177,1,1.000000,0.000000,-0.008670,-0.048053,0.000000,0.000000,1.000000,1.000000,1.260000,1020.585022,0.000000,0.000000,1.260000,148.468796,0.800000,-1.100000,1.000000,165.000000,33.000000,38.844833
53.348601,1,1.000000,0.000000,-0.009632,-0.048489,0.000000,0.000000,1.000000,1.000000,1.260000,1020.625000,0.000000,0.000000,1.260000,148.504456,0.600000,-1.000000,1.000000,167.000000,37.000000,39.322582
53.386661,1,1.000000,0.000000,-0.010589,-0.048965,0.000000,0.000000,1.000000,1.000000,1.240000,1020.666992,0.000000,0.000000,1.240000,148.504456,0.600000,-1.000000,1.000000,169.000000,40.000000,39.805573
53.428380,1,1.000000,0.000000,-0.011362,-0.049351,0.000000,0.000000,1.000000,1.000000,1.240000,1020.705017,0.000000,0.000000,1.240000,148.560547,0.600000,-0.900000,1.000000,169.000000,40.000000,39.805573
53.466385,1,1.000000,0.000000,-0.012229,-0.049787,0.000000,0.000000,1.000000,1.000000,1.240000,1020.736023,0.000000,0.000000,1.240000,148.567322,0.700000,-0.900000,1.000000,171.000000,44.000000,40.100906
53.506815,1,1.000000,0.000000,-0.013171,-0.050262,0.000000,0.000000,1.000000,1.000000,1.180000,1020.776001,0.000000,0.000000,1.180000,148.573257,0.500000,-0.900000,1.000000,173.000000,48.000000,39.860241
53.546895,1,1.000000,0.000000,-0.014112,-0.050769,0.000000,0.000000,1.000000,1.000000,1.180000,1020.815002,0.000000,0.000000,1.180000,148.608917,0.500000,-0.900000,1.000000,175.000000,51.000000,39.860241
53.587059,1,1.000000,0.000000,-0.014872,-0.051182,0.000000,0.000000,1.000000,1.000000,1.180000,1020.857971,0.000000,0.000000,1.180000,148.612762,0.700000,-0.800000,1.000000,175.000000,51.000000,39.996078
53.627705,1,1.000000,0.000000,-0.015728,-0.051699,0.000000,0.000000,1.000000,1.000000,1.140000,1020.895020,0.000000,0.000000,1.140000,148.614578,0.900000,-0.800000,1.000000,178.000000,55.000000,40.086201
53.666425,1,1.000000,0.000000,-0.016420,-0.052119,0.000000,0.000000,1.000000,1.000000,1.140000,1020.935974,0.000000,0.000000,1.140000,148.630280,1.000000,-0.800000,1.000000,178.000000,55.000000,40.086201
53.709228,1,1.000000,0.000000,-0.017221,-0.052583,0.000000,0.000000,1.000000,1.000000,1.090000,1020.976013,0.000000,0.000000,1.090000,148.668747,1.300000,-0.700000,1.000000,180.000000,59.000000,39.897835
53.747740,1,1.000000,0.000000,-0.016962,-0.051568,0.000000,0.000000,1.000000,1.000000,1.090000,1021.015991,0.000000,0.000000,1.090000,148.686508,2.000000,-0.200000,0.000000,77.000000,142.000000,-10000.000000
53.785950,1,1.000000,0.000000,-0.018985,-0.052636,0.000000,0.000000,1.000000,1.000000,1.050000,1021.057007,0.000000,0.000000,1.050000,148.729492,2.700000,1.000000,1.000000,188.000000,81.000000,40.114796
53.827059,1,1.000000,0.000000,-0.021393,-0.053804,0.000000,0.000000,1.000000,1.000000,1.050000,1021.099976,0.000000,0.000000,1.050000,148.800156,3.500000,2.500000,1.000000,193.000000,94.000000,40.774002
53.866065,1,1.000000,0.000000,-0.023328,-0.054750,0.000000,0.000000,1.000000,1.000000,1.040000,1021.138977,0.000000,0.000000,1.040000,148.876923,4.800000,4.100000,1.000000,193.000000,94.000000,40.774002
53.907937,1,1.000000,0.000000,-0.025364,-0.055640,0.000000,0.000000,1.000000,1.000000,1.040000,1021.182983,0.000000,0.000000,1.040000,149.019089,6.000000,5.500000,1.000000,195.000000,102.000000,40.933681
53.946850,1,1.000000,0.000000,-0.027902,-0.056728,0.000000,0.000000,1.000000,1.000000,1.030000,1021.223999,0.000000,0.000000,1.030000,149.193954,7.500000,6.800000,1.000000,201.000000,117.000000,41.185925
53.985542,1,1.000000,0.000000,-0.027434,-0.055654,0.000000,0.000000,1.000000,1.000000,1.030000,1021.265015,0.000000,0.000000,1.030000,149.388779,9.200000,7.700000,0.000000,-10000.000000,-10000.000000,-10000.000000
54.026790,1,1.000000,0.000000,-0.026971,-0.054599,0.000000,0.000000,1.000000,1.000000,1.020000,1021.304016,0.000000,0.000000,1.020000,149.572876,10.800000,8.200000,0.000000,-10000.000000,-10000.000000,-10000.000000
54.065516,1,1.000000,0.000000,-0.026514,-0.053562,0.000000,0.000000,1.000000,1.000000,1.020000,1021.343018,0.000000,0.000000,1.020000,149.676361,12.100000,8.500000,0.000000,-10000.000000,-10000.000000,-10000.000000
54.108601,1,1.000000,0.000000,-0.026061,-0.052544,0.000000,0.000000,1.000000,1.000000,0.870000,1021.385010,0.000000,0.000000,0.870000,149.719604,12.900000,8.400000,0.000000,-10000.000000,-10000.000000,-10000.000000
54.146862,1,1.000000,0.000000,-0.025614,-0.051543,0.000000,0.000000,1.000000,1.000000,0.870000,1021.422974,0.000000,0.000000,0.870000,149.687271,13.400000,8.400000,0.000000,-10000.000000,-10000.000000,-10000.000000
54.185352,1,1.000000,0.000000,-0.025171,-0.050559,0.000000,0.000000,1.000000,1.000000,0.810000,1021.732971,0.000000,0.000000,0.810000,149.642334,13.600000,8.300000,0.000000,-10000.000000,-10000.000000,-10000.000000
54.227109,1,1.000000,0.000000,-0.024734,-0.049593,0.000000,0.000000,1.000000,1.000000,0.810000,1022.143005,0.000000,0.000000,0.810000,149.545395,13.500000,7.900000,0.000000,-10000.000000,-10000.000000,-10000.000000
54.269185,1,1.000000,0.000000,-0.024303,-0.048644,0.000000,0.000000,1.000000,1.000000,0.810000,1021.543030,0.000000,0.000000,0.810000,149.419052,13.100000,7.300000,0.000000,-10000.000000,-10000.000000,-10000.000000
54.308664,1,1.000000,0.000000,-0.023877,-0.047711,0.000000,0.000000,1.000000,1.000000,0.730000,1021.583984,0.000000,0.000000,0.730000,149.241470,12.600000,6.400000,0.000000,-10000.000000,-10000.000000,-10000.000000
54.349087,1,1.000000,0.000000,-0.023457,-0.046796,0.000000,0.000000,1.000000,1.000000,0.730000,1021.622986,0.000000,0.000000,0.730000,149.026672,11.900000,5.100000,0.000000,-10000.000000,-10000.000000,-10000.000000
54.385977,1,1.000000,0.000000,-0.023042,-0.045896,0.000000,0.000000,1.000000,1.000000,0.690000,1021.666992,0.000000,0.000000,0.690000,148.777069,10.700000,3.200000,0.000000,-10000.000000,-10000.000000,-10000.000000
54.428386,1,1.000000,0.000000,-0.022632,-0.045013,0.000000,0.000000,1.000000,1.000000,0.690000,1021.703979,0.000000,0.000000,0.690000,148.583694,9.500000,1.800000,0.000000,-10000.000000,-10000.000000,-10000.000000
54.466072,1,1.000000,0.000000,-0.011219,-0.036957,0.000000,0.000000,1.000000,1.000000,0.690000,1021.744019,0.000000,0.000000,0.690000,148.417633,8.000000,0.700000,1.000000,13.000000,-124.000000,49.950272
54.505740,1,1.000000,0.000000,-0.011020,-0.036217,0.000000,0.000000,1.000000,1.000000,0.630000,1021.784973,0.000000,0.000000,0.630000,148.270752,6.700000,-0.100000,0.000000,-10000.000000,-10000.000000,-10000.000000
54.547807,1,1.000000,0.000000,-0.010823,-0.035491,0.000000,0.000000,1.000000,1.000000,0.630000,1021.825012,0.000000,0.000000,0.630000,148.183151,5.500000,-0.500000,0.000000,-10000.000000,-10000.000000,-10000.000000
54.586331,1,1.000000,0.000000,-0.010629,-0.034779,0.000000,0.000000,1.000000,1.000000,0.550000,1021.864014,0.000000,0.000000,0.550000,148.105804,4.700000,-0.800000,0.000000,-10000.000000,-10000.000000,-10000.000000
54.628841,1,1.000000,0.000000,-0.010438,-0.034082,0.000000,0.000000,1.000000,1.000000,0.550000,1021.903992,0.000000,0.000000,0.550000,148.053894,4.300000,-1.000000,0.000000,-10000.000000,-10000.000000,-10000.000000
54.667842,1,1.000000,0.000000,-0.010250,-0.033399,0.000000,0.000000,1.000000,1.000000,0.550000,1021.945007,0.000000,0.000000,0.550000,148.009109,4.200000,-1.500000,0.000000,-10000.000000,-10000.000000,-10000.000000
54.708901,1,1.000000,0.000000,-0.010064,-0.032730,0.000000,0.000000,1.000000,1.000000,0.480000,1021.986023,0.000000,0.000000,0.480000,147.921478,4.400000,-2.700000,0.000000,-10000.000000,-10000.000000,-10000.000000
54.748876,1,1.000000,0.000000,-0.009881,-0.032074,0.000000,0.000000,1.000000,1.000000,0.480000,1022.015015,0.000000,0.000000,0.480000,147.844849,5.200000,-4.100000,0.000000,-10000.000000,-10000.000000,-10000.000000
54.788209,1,1.000000,0.000000,-0.009701,-0.031432,0.000000,0.000000,1.000000,1.000000,0.470000,1022.056030,0.000000,0.000000,0.470000,147.733749,6.100000,-6.000000,0.000000,-10000.000000,-10000.000000,-10000.000000
54.829501,1,1.000000,0.000000,-0.009523,-0.030802,0.000000,0.000000,1.000000,1.000000,0.420000,1022.096008,0.000000,0.000000,0.420000,147.603561,6.800000,-7.700000,0.000000,-10000.000000,-10000.000000,-10000.000000
54.867980,1,1.000000,0.000000,-0.009349,-0.030185,0.000000,0.000000,1.000000,1.000000,0.420000,1022.138000,0.000000,0.000000,0.420000,147.591446,7.000000,-8.100000,0.000000,-10000.000000,-10000.000000,-10000.000000
54.908862,1,1.000000,0.000000,-0.009177,-0.029580,0.000000,0.000000,1.000000,1.000000,0.360000,1022.177979,0.000000,0.000000,0.360000,147.693314,6.400000,-7.100000,0.000000,-10000.000000,-10000.000000,-10000.000000
54.946931,1,1.000000,0.000000,-0.009007,-0.028987,0.000000,0.000000,1.000000,1.000000,0.370000,1022.219971,0.000000,0.000000,0.370000,147.788452,5.700000,-5.300000,0.000000,-10000.000000,-10000.000000,-10000.000000
54.988317,1,1.000000,0.000000,-0.008841,-0.028407,0.000000,0.000000,1.000000,1.000000,0.250000,1022.258972,0.000000,0.000000,0.250000,147.787216,5.300000,-3.700000,0.000000,-10000.000000,-10000.000000,-10000.000000
55.027890,1,1.000000,0.000000,-0.008677,-0.027838,0.000000,0.000000,1.000000,1.000000,0.250000,1022.301025,0.000000,0.000000,0.250000,147.784698,5.500000,-2.400000,0.000000,-10000.000000,-10000.000000,-10000.000000
55.067520,1,1.000000,0.000000,-0.008515,-0.027280,0.000000,0.000000,1.000000,1.000000,0.250000,1022.340027,0.000000,0.000000,0.250000,147.810638,6.400000,-1.200000,0.000000,-10000.000000,-10000.000000,-10000.000000
55.106091,1,1.000000,0.000000,-0.008356,-0.026734,0.000000,0.000000,1.000000,1.000000,0.270000,1022.380005,0.000000,0.000000,0.270000,147.752121,8.000000,-0.500000,0.000000,-10000.000000,-10000.000000,-10000.000000
55.147833,1,1.000000,0.000000,-0.008200,-0.026198,0.000000,0.000000,1.000000,1.000000,0.270000,1022.421021,0.000000,0.000000,0.270000,147.592056,9.900000,-1.200000,0.000000,-10000.000000,-10000.000000,-10000.000000
55.186404,1,1.000000,0.000000,-0.008047,-0.025674,0.000000,0.000000,1.000000,1.000000,0.200000,1022.703003,0.000000,0.000000,0.200000,148.398682,5.100000,1.900000,0.000000,-10000.000000,-10000.000000,-10000.000000
55.228622,1,1.000000,0.000000,-0.007896,-0.025160,0.000000,0.000000,1.000000,1.000000,0.200000,1023.112976,0.000000,0.000000,0.200000,150.210953,6.300000,0.600000,0.000000,-10000.000000,-10000.000000,-10000.000000
55.268033,1,1.000000,0.000000,-0.007747,-0.024656,0.000000,0.000000,1.000000,1.000000,0.200000,1022.541016,0.000000,0.000000,0.200000,151.668533,9.300000,-1.700000,0.000000,-10000.000000,-10000.000000,-10000.000000
55.308783,1,1.000000,0.000000,-0.007601,-0.024162,0.000000,0.000000,1.000000,1.000000,0.200000,1022.580017,0.000000,0.000000,0.200000,151.990936,11.600000,-1.900000,0.000000,-10000.000000,-10000.000000,-10000.000000
55.347388,1,1.000000,0.000000,-0.007458,-0.023678,0.000000,0.000000,1.000000,1.000000,0.200000,1022.620972,0.000000,0.000000,0.200000,152.500290,11.400000,0.500000,0.000000,-10000.000000,-10000.000000,-10000.000000
55.386080,1,1.000000,0.000000,-0.007317,-0.023204,0.000000,0.000000,1.000000,1.000000,0.200000,1022.659973,0.000000,0.000000,0.200000,154.852844,5.500000,2.200000,0.000000,-10000.000000,-10000.000000,-10000.000000
55.427462,1,1.000000,0.000000,-0.007178,-0.022740,0.000000,0.000000,1.000000,1.000000,0.200000,1022.702026,0.000000,0.000000,0.200000,155.255630,3.700000,1.200000,0.000000,-10000.000000,-10000.000000,-10000.000000
55.469630,1,1.000000,0.000000,-0.007042,-0.022284,0.000000,0.000000,1.000000,1.000000,0.200000,1022.741028,0.000000,0.000000,0.200000,154.990814,5.300000,2.200000,0.000000,-10000.000000,-10000.000000,-10000.000000
55.508151,1,1.000000,0.000000,-0.006908,-0.021838,0.000000,0.000000,1.000000,1.000000,0.200000,1022.780029,0.000000,0.000000,0.200000,154.365417,4.200000,1.000000,0.000000,-10000.000000,-10000.000000,-10000.000000
55.547988,1,1.000000,0.000000,-0.006776,-0.021401,0.000000,0.000000,1.000000,1.000000,0.200000,1022.822021,0.000000,0.000000,0.200000,153.926620,3.600000,1.400000,0.000000,-10000.000000,-10000.000000,-10000.000000
55.586157,1,1.000000,0.000000,-0.006647,-0.020973,0.000000,0.000000,1.000000,1.000000,0.200000,1022.861023,0.000000,0.000000,0.200000,153.562744,3.600000,1.600000,0.000000,-10000.000000,-10000.000000,-10000.000000
55.627969,1,1.000000,0.000000,-0.006520,-0.020553,0.000000,0.000000,1.000000,1.000000,0.200000,1022.903015,0.000000,0.000000,0.200000,153.454575,2.700000,0.900000,0.000000,-10000.000000,-10000.000000,-10000.000000
55.667477,1,1.000000,0.000000,-0.006395,-0.020141,0.000000,0.000000,1.000000,1.000000,0.200000,1022.942993,0.000000,0.000000,0.200000,153.439667,2.600000,0.800000,0.000000,-10000.000000,-10000.000000,-10000.000000
55.706109,1,1.000000,0.000000,-0.006273,-0.019738,0.000000,0.000000,1.000000,1.000000,0.200000,1022.981018,0.000000,0.000000,0.200000,153.452652,2.600000,0.700000,0.000000,-10000.000000,-10000.000000,-10000.000000
55.747706,1,1.000000,0.000000,-0.006152,-0.019343,0.000000,0.000000,1.000000,1.000000,0.200000,1023.021973,0.000000,0.000000,0.200000,153.522141,2.800000,0.900000,0.000000,-10000.000000,-10000.000000,-10000.000000
55.786163,1,1.000000,0.000000,-0.006034,-0.018956,0.000000,0.000000,1.000000,1.000000,0.200000,1023.060974,0.000000,0.000000,0.200000,153.555130,3.000000,1.100000,0.000000,-10000.000000,-10000.000000,-10000.000000
55.827449,1,1.000000,0.000000,-0.005918,-0.018576,0.000000,0.000000,1.000000,1.000000,0.200000,1023.103027,0.000000,0.000000,0.200000,153.628738,2.900000,1.000000,0.000000,-10000.000000,-10000.000000,-10000.000000
55.866767,1,1.000000,0.000000,-0.005804,-0.018205,0.000000,0.000000,1.000000,1.000000,0.200000,1023.142029,0.000000,0.000000,0.200000,153.644287,2.800000,0.800000,0.000000,-10000.000000,-10000.000000,-10000.000000
55.905611,1,1.000000,0.000000,-0.005692,-0.017840,0.000000,0.000000,1.000000,1.000000,0.200000,1023.182007,0.000000,0.000000,0.200000,153.702805,2.700000,0.800000,0.000000,-10000.000000,-10000.000000,-10000.000000
55.947106,1,1.000000,0.000000,-0.005582,-0.017483,0.000000,0.000000,1.000000,1.000000,0.200000,1023.221985,0.000000,0.000000,0.200000,153.787994,2.800000,0.900000,0.000000,-10000.000000,-10000.000000,-10000.000000
55.985886,1,1.000000,0.000000,-0.005474,-0.017133,0.000000,0.000000,1.000000,1.000000,0.200000,1023.263977,0.000000,0.000000,0.200000,153.844803,2.800000,1.000000,0.000000,-10000.000000,-10000.000000,-10000.000000
56.027848,1,1.000000,0.000000,-0.005368,-0.016790,0.000000,0.000000,1.000000,1.000000,0.200000,1023.307007,0.000000,0.000000,0.200000,153.925598,2.900000,0.900000,0.000000,-10000.000000,-10000.000000,-10000.000000
56.068399,1,1.000000,0.000000,-0.005264,-0.016454,0.000000,0.000000,1.000000,1.000000,0.200000,1023.344971,0.000000,0.000000,0.200000,153.968521,2.800000,0.900000,0.000000,-10000.000000,-10000.000000,-10000.000000
56.109137,1,1.000000,0.000000,-0.005162,-0.016125,0.000000,0.000000,1.000000,1.000000,0.200000,1023.385986,0.000000,0.000000,0.200000,154.006058,2.700000,0.900000,0.000000,-10000.000000,-10000.000000,-10000.000000
56.147734,1,1.000000,0.000000,-0.005062,-0.015802,0.000000,0.000000,1.000000,1.000000,0.200000,1023.416992,0.000000,0.000000,0.200000,154.012909,2.700000,0.900000,0.000000,-10000.000000,-10000.000000,-10000.000000
56.186364,1,1.000000,0.000000,-0.004964,-0.015486,0.000000,0.000000,1.000000,1.000000,0.200000,1023.773010,0.000000,0.000000,0.200000,154.080093,2.800000,1.000000,0.000000,-10000.000000,-10000.000000,-10000.000000
56.228595,1,1.000000,0.000000,-0.004867,-0.015176,0.000000,0.000000,1.000000,1.000000,0.200000,1024.052979,0.000000,0.000000,0.200000,154.151779,2.800000,1.000000,0.000000,-10000.000000,-10000.000000,-10000.000000
56.266632,1,1.000000,0.000000,-0.004772,-0.014872,0.000000,0.000000,1.000000,1.000000,0.200000,1023.536987,0.000000,0.000000,0.200000,154.173752,2.700000,0.900000,0.000000,-10000.000000,-10000.000000,-10000.000000
56.306497,1,1.000000,0.000000,-0.004679,-0.014575,0.000000,0.000000,1.000000,1.000000,0.200000,1023.575989,0.000000,0.000000,0.200000,154.493484,2.700000,1.000000,0.000000,-10000.000000,-10000.000000,-10000.000000
56.347183,1,1.000000,0.000000,-0.004588,-0.014283,0.000000,0.000000,1.000000,1.000000,0.200000,1023.617004,0.000000,0.000000,0.200000,154.644012,2.700000,1.000000,0.000000,-10000.000000,-10000.000000,-10000.000000
56.387071,1,1.000000,0.000000,-0.004499,-0.013997,0.000000,0.000000,1.000000,1.000000,0.200000,1023.656006,0.000000,0.000000,0.200000,154.679626,2.800000,1.000000,0.000000,-10000.000000,-10000.000000,-10000.000000
56.428086,1,1.000000,0.000000,-0.004411,-0.013717,0.000000,0.000000,1.000000,1.000000,0.200000,1023.695984,0.000000,0.000000,0.200000,154.643600,2.800000,0.900000,0.000000,-10000.000000,-10000.000000,-10000.000000
56.466212,1,1.000000,0.000000,-0.004325,-0.013443,0.000000,0.000000,1.000000,1.000000,0.200000,1023.739990,0.000000,0.000000,0.200000,154.582428,2.800000,0.900000,0.000000,-10000.000000,-10000.000000,-10000.000000
56.507297,1,1.000000,0.000000,-0.004240,-0.013174,0.000000,0.000000,1.000000,1.000000,0.200000,1023.776001,0.000000,0.000000,0.200000,154.482117,2.700000,1.000000,0.000000,-10000.000000,-10000.000000,-10000.000000
56.547347,1,1.000000,0.000000,-0.004157,-0.012910,0.000000,0.000000,1.000000,1.000000,0.200000,1023.817017,0.000000,0.000000,0.200000,154.450775,2.700000,1.000000,0.000000,-10000.000000,-10000.000000,-10000.000000
56.586769,1,1.000000,0.000000,-0.004076,-0.012652,0.000000,0.000000,1.000000,1.000000,0.200000,1023.859009,0.000000,0.000000,0.200000,154.437317,2.800000,1.000000,0.000000,-10000.000000,-10000.000000,-10000.000000
56.626813,1,1.000000,0.000000,-0.003996,-0.012399,0.000000,0.000000,1.000000,1.000000,0.200000,1023.898010,0.000000,0.000000,0.200000,154.404434,2.700000,0.900000,0.000000,-202.000000,-76.000000,-10000.000000
56.667013,1,1.000000,0.000000,-0.003917,-0.012151,0.000000,0.000000,1.000000,1.000000,0.200000,1023.937988,0.000000,0.000000,0.200000,154.367630,2.700000,1.000000,0.000000,-10000.000000,-10000.000000,-10000.000000
56.716559,1,1.000000,0.000000,-0.003841,-0.011908,0.000000,0.000000,1.000000,1.000000,0.200000,1023.968994,0.000000,0.000000,0.200000,154.353912,2.700000,1.000000,0.000000,-10000.000000,-10000.000000,-10000.000000
56.747870,1,1.000000,0.000000,-0.003765,-0.011669,0.000000,0.000000,1.000000,1.000000,0.200000,1024.015015,0.000000,0.000000,0.200000,154.271439,2.700000,1.000000,0.000000,-10000.000000,-10000.000000,-10000.000000
56.785857,1,1.000000,0.000000,-0.003691,-0.011436,0.000000,0.000000,1.000000,1.000000,0.200000,1024.063965,0.000000,0.000000,0.200000,154.216232,2.700000,1.000000,0.000000,-10000.000000,-10000.000000,-10000.000000
56.830494,1,1.000000,0.000000,-0.003619,-0.011207,0.000000,0.000000,1.000000,1.000000,0.200000,1024.093994,0.000000,0.000000,0.200000,154.166626,2.800000,1.000000,0.000000,-10000.000000,-10000.000000,-10000.000000
56.866591,1,1.000000,0.000000,-0.003548,-0.010983,0.000000,0.000000,1.000000,1.000000,0.200000,1024.140991,0.000000,0.000000,0.200000,154.141968,2.800000,1.000000,0.000000,-199.000000,-78.000000,-10000.000000
56.906987,1,1.000000,0.000000,-0.003478,-0.010763,0.000000,0.000000,1.000000,1.000000,0.200000,1024.180054,0.000000,0.000000,0.200000,154.158951,2.800000,1.000000,0.000000,-199.000000,-78.000000,-10000.000000
56.949083,1,1.000000,0.000000,-0.003409,-0.010548,0.000000,0.000000,1.000000,1.000000,0.200000,