19.062262,1,1.000000,0.000000,0.000000,0.000000,0.000000,0.000000,1.000000,1.000000,2.040000,459.862000,0.000000,0.000000,2.040000,211.776520,2.000000,-2.000000,
19.095538,1,1.000000,0.000000,0.000000,0.000000,0.000000,0.000000,1.000000,1.000000,1.980000,460.282013,0.000000,0.000000,1.980000,211.897629,1.700000,-2.000000,
19.128043,1,1.000000,0.000000,0.000000,0.000000,0.000000,0.000000,1.000000,1.000000,1.980000,459.654999,0.000000,0.000000,1.980000,212.015015,1.300000,-2.100000,
19.164648,1,1.000000,0.000000,0.000000,0.000000,0.000000,0.000000,1.000000,1.000000,1.920000,459.695007,0.000000,0.000000,1.920000,212.124344,1.200000,-2.100000,
19.208139,1,1.000000,0.000000,0.000000,0.000000,0.000000,0.000000,1.000000,1.000000,1.920000,459.737000,0.000000,0.000000,1.920000,212.222916,1.000000,-2.000000,
19.247841,1,1.000000,0.000000,0.000000,0.000000,0.000000,0.000000,1.000000,1.000000,1.910000,459.776001,0.000000,0.000000,1.910000,212.301361,1.000000,-2.100000,
19.289265,1,1.000000,0.000000,0.000000,0.000000,0.000000,0.000000,1.000000,1.000000,1.860000,459.815002,0.000000,0.000000,1.860000,212.375778,1.100000,-2.000000,
19.327876,1,1.000000,0.000000,0.000000,0.000000,0.000000,0.000000,1.000000,1.000000,1.860000,459.858002,0.000000,0.000000,1.860000,212.459885,1.000000,-2.000000,
19.366257,1,1.000000,0.000000,0.120000,-0.064551,0.000000,0.000000,1.000000,1.000000,1.780000,459.895996,0.000000,0.000000,1.780000,212.532196,1.100000,-2.100000,
19.405738,1,1.000000,0.000000,0.120000,-0.064551,0.000000,0.000000,1.000000,1.000000,1.780000,459.938995,0.000000,0.000000,1.780000,212.641541,1.400000,-2.300000,
19.445981,1,1.000000,0.000000,0.120000,-0.064551,0.000000,0.000000,1.000000,1.000000,1.770000,459.979004,0.000000,0.000000,1.770000,212.733978,1.600000,-2.600000,
19.485181,1,1.000000,0.000000,0.120000,-0.064551,0.000000,0.000000,1.000000,1.000000,1.740000,460.016998,0.000000,0.000000,1.740000,212.769882,1.800000,-2.600000,
19.525383,1,1.000000,0.000000,0.120000,-0.064551,0.000000,0.000000,1.000000,1.000000,1.740000,460.058014,0.000000,0.000000,1.740000,212.850754,1.700000,-2.600000,
19.563692,1,1.000000,0.000000,0.000000,0.000000,0.000000,0.000000,1.000000,1.000000,1.720000,460.096985,0.000000,0.000000,1.720000,212.910233,1.700000,-2.300000,
19.603449,1,1.000000,0.000000,0.000000,0.000000,0.000000,0.000000,1.000000,1.000000,1.720000,460.136993,0.000000,0.000000,1.720000,212.961792,1.600000,-2.100000,
19.643845,1,1.000000,0.000000,0.120000,-0.065882,0.000000,0.000000,1.000000,1.000000,1.710000,460.177002,0.000000,0.000000,1.710000,213.022537,1.400000,-1.800000,
19.684198,1,1.000000,0.000000,0.120000,-0.065882,0.000000,0.000000,1.000000,1.000000,1.710000,460.217010,0.000000,0.000000,1.710000,213.054550,1.200000,-1.600000,
19.726097,1,1.000000,0.000000,0.120000,-0.065882,0.000000,0.000000,1.000000,1.000000,1.710000,460.260010,0.000000,0.000000,1.710000,213.047943,0.900000,-1.300000,
19.762866,1,1.000000,0.000000,0.120000,-0.065882,0.000000,0.000000,1.000000,1.000000,1.710000,460.296997,0.000000,0.000000,1.710000,213.074051,0.200000,-0.800000,
19.807041,1,1.000000,0.000000,0.120000,-0.065882,0.000000,0.000000,1.000000,1.000000,1.710000,460.338013,0.000000,0.000000,1.710000,213.086990,-0.300000,-0.400000,
19.847023,1,1.000000,0.000000,0.000000,0.000000,0.000000,0.000000,1.000000,1.000000,1.710000,460.377991,0.000000,0.000000,1.710000,213.063614,-0.600000,-0.200000,
19.887698,1,1.000000,0.000000,0.120000,-0.078824,0.000000,0.000000,1.000000,1.000000,1.710000,460.420013,0.000000,0.000000,1.710000,213.068344,-0.800000,-0.000000,
19.928410,1,1.000000,0.000000,0.120000,-0.078824,0.000000,0.000000,1.000000,1.000000,1.710000,460.450989,0.000000,0.000000,1.710000,213.065979,-0.700000,-0.200000,
19.968562,1,1.000000,0.000000,0.120000,-0.078824,0.000000,0.000000,1.000000,1.000000,1.720000,460.493011,0.000000,0.000000,1.720000,213.035156,-0.600000,-0.400000,
20.007566,1,1.000000,0.000000,0.120000,-0.078824,0.000000,0.000000,1.000000,1.000000,1.720000,460.536987,0.000000,0.000000,1.720000,213.044800,-0.700000,-0.300000,
20.047649,1,1.000000,0.000000,0.000000,0.000000,0.000000,0.000000,1.000000,1.000000,1.720000,460.891998,0.000000,0.000000,1.720000,213.011917,-0.900000,-0.000000,
20.085992,1,1.000000,0.000000,0.000000,0.000000,0.000000,0.000000,1.000000,1.000000,1.720000,461.291992,0.000000,0.000000,1.720000,213.003723,-1.000000,0.000000,
20.124263,1,1.000000,0.000000,0.120000,-0.082229,0.000000,0.000000,1.000000,1.000000,1.720000,460.658997,0.000000,0.000000,1.720000,212.999710,-1.000000,0.100000,
20.162706,1,1.000000,0.000000,0.120000,-0.082229,0.000000,0.000000,1.000000,1.000000,1.720000,460.697998,0.000000,0.000000,1.720000,212.987350,-0.600000,0.100000,
20.203774,1,1.000000,0.000000,0.120000,-0.082229,0.000000,0.000000,1.000000,1.000000,1.720000,460.739014,0.000000,0.000000,1.720000,212.993759,-0.200000,-0.300000,
20.244449,1,1.000000,0.000000,0.120000,-0.082229,0.000000,0.000000,1.000000,1.000000,1.730000,460.778015,0.000000,0.000000,1.730000,212.977722,-0.100000,-0.300000,
20.288340,1,1.000000,0.000000,0.120000,-0.082229,0.000000,0.000000,1.000000,1.000000,1.730000,460.817993,0.000000,0.000000,1.730000,212.967514,-0.400000,-0.100000,
20.326556,1,1.000000,0.000000,0.120000,-0.082229,0.000000,0.000000,1.000000,1.000000,1.730000,460.858002,0.000000,0.000000,1.730000,212.959229,-0.700000,-0.000000,
20.363500,1,1.000000,0.000000,0.000000,0.000000,0.000000,0.000000,1.000000,1.000000,1.740000,460.898010,0.000000,0.000000,1.740000,212.961243,-0.600000,-0.100000,
20.403658,1,1.000000,0.000000,0.000000,0.000000,0.000000,0.000000,1.000000,1.000000,1.740000,460.938995,0.000000,0.000000,1.740000,212.947174,-0.200000,-0.500000,
20.446766,1,1.000000,0.000000,0.120000,-0.086541,0.000000,0.000000,1.000000,1.000000,1.740000,460.977997,0.000000,0.000000,1.740000,212.951538,0.000000,-0.900000,
20.486509,1,1.000000,0.000000,0.120000,-0.086541,0.000000,0.000000,1.000000,1.000000,1.740000,461.018005,0.000000,0.000000,1.740000,212.937729,-0.100000,-0.700000,
20.524861,1,1.000000,0.000000,0.120000,-0.086541,0.000000,0.000000,1.000000,1.000000,1.740000,461.058014,0.000000,0.000000,1.740000,212.946533,-0.400000,-0.500000,
20.563603,1,1.000000,0.000000,0.120000,-0.086541,0.000000,0.000000,1.000000,1.000000,1.740000,461.097992,0.000000,0.000000,1.740000,212.937134,-0.500000,-0.400000,
20.603441,1,1.000000,0.000000,0.120000,-0.086541,0.000000,0.000000,1.000000,1.000000,1.740000,461.139008,0.000000,0.000000,1.740000,212.942993,-0.600000,-0.200000,
20.645948,1,1.000000,0.000000,0.000000,0.000000,0.000000,0.000000,1.000000,1.000000,1.740000,461.178009,0.000000,0.000000,1.740000,212.945938,-0.800000,-0.100000,
20.685293,1,1.000000,0.000000,0.000000,0.000000,0.000000,0.000000,1.000000,1.000000,1.740000,461.217987,0.000000,0.000000,1.740000,212.965805,-0.700000,-0.100000,
20.732168,1,1.000000,0.000000,0.120000,-0.087001,0.000000,0.000000,1.000000,1.000000,1.740000,461.257996,0.000000,0.000000,1.740000,212.950348,-0.300000,-0.500000,
20.766809,1,1.000000,0.000000,0.120000,-0.087001,0.000000,0.000000,1.000000,1.000000,1.750000,461.299011,0.000000,0.000000,1.750000,212.932297,0.100000,-0.800000,
20.803753,1,1.000000,0.000000,0.120000,-0.087001,0.000000,0.000000,1.000000,1.000000,1.750000,461.339996,0.000000,0.000000,1.750000,212.917023,0.200000,-0.700000,
20.844492,1,1.000000,0.000000,0.120000,-0.087001,0.000000,0.000000,1.000000,1.000000,1.740000,461.378998,0.000000,0.000000,1.740000,212.914886,-0.200000,-0.400000,
20.885298,1,1.000000,0.000000,0.120000,-0.087001,0.000000,0.000000,1.000000,1.000000,1.740000,461.410004,0.000000,0.000000,1.740000,212.919418,-0.500000,-0.300000,
20.924073,1,1.000000,0.000000,0.120000,-0.087001,0.000000,0.000000,1.000000,1.000000,1.740000,461.450012,0.000000,0.000000,1.740000,212.897385,-0.500000,-0.200000,
20.962876,1,1.000000,0.000000,0.000000,0.000000,0.000000,0.000000,1.000000,1.000000,1.750000,461.490997,0.000000,0.000000,1.750000,212.931412,-0.500000,-0.300000,
21.005998,1,1.000000,0.000000,0.120000,-0.089844,0.000000,0.000000,1.000000,1.000000,1.750000,461.529999,0.000000,0.000000,1.750000,212.909988,-0.100000,-0.700000,
21.046888,1,1.000000,0.000000,0.000000,0.000000,0.000000,0.000000,1.000000,1.000000,1.750000,461.842010,0.000000,0.000000,1.750000,212.875732,0.400000,-1.000000,
21.086177,1,1.000000,0.000000,0.000000,0.000000,0.000000,0.000000,1.000000,1.000000,1.760000,462.242004,0.000000,0.000000,1.760000,212.860519,0.600000,-1.100000,
21.124095,1,1.000000,0.000000,0.119771,-0.090304,0.000000,0.000000,1.000000,1.000000,1.760000,461.653015,0.000000,0.000000,1.760000,212.834335,0.300000,-0.800000,
21.166246,1,1.000000,0.000000,0.119771,-0.090304,0.000000,0.000000,1.000000,1.000000,1.750000,461.692993,0.000000,0.000000,1.750000,212.829010,-0.100000,-0.600000,
21.206407,1,1.000000,0.000000,0.119771,-0.090304,0.000000,0.000000,1.000000,1.000000,1.750000,461.733002,0.000000,0.000000,1.750000,212.840698,-0.300000,-0.400000,
21.244321,1,1.000000,0.000000,0.119771,-0.090304,0.000000,0.000000,1.000000,1.000000,1.750000,461.773010,0.000000,0.000000,1.750000,212.819931,-0.400000,-0.300000,
21.284136,1,1.000000,0.000000,0.119771,-0.090304,0.000000,0.000000,1.000000,1.000000,1.770000,461.812012,0.000000,0.000000,1.770000,212.822479,-0.600000,-0.300000,
21.324403,1,1.000000,0.000000,0.000000,0.000000,0.000000,0.000000,1.000000,1.000000,1.770000,461.854004,0.000000,0.000000,1.770000,212.817657,-0.400000,-0.400000,
21.363794,1,1.000000,0.000000,0.119292,-0.090936,0.000000,0.000000,1.000000,1.000000,1.760000,461.891998,0.000000,0.000000,1.760000,212.797043,-0.200000,-0.500000,
21.410962,1,1.000000,0.000000,0.119292,-0.090936,0.000000,0.000000,1.000000,1.000000,1.760000,461.933014,0.000000,0.000000,1.760000,212.803040,0.000000,-0.900000,
21.450612,1,1.000000,0.000000,0.119292,-0.090936,0.000000,0.000000,1.000000,1.000000,1.770000,461.980988,0.000000,0.000000,1.770000,212.786041,0.200000,-0.800000,
21.486360,1,1.000000,0.000000,0.119292,-0.090936,0.000000,0.000000,1.000000,1.000000,1.770000,462.019989,0.000000,0.000000,1.770000,212.810867,-0.000000,-0.600000,
21.524769,1,1.000000,0.000000,0.119292,-0.090936,0.000000,0.000000,1.000000,1.000000,1.770000,462.061005,0.000000,0.000000,1.770000,212.790588,-0.500000,-0.400000,
21.564072,1,1.000000,0.000000,0.000000,0.000000,0.000000,0.000000,1.000000,1.000000,1.770000,462.097992,0.000000,0.000000,1.770000,212.814575,-0.500000,-0.300000,
21.604248,1,1.000000,0.000000,0.000000,0.000000,0.000000,0.000000,1.000000,1.000000,1.770000,462.140015,0.000000,0.000000,1.770000,212.800003,-0.500000,-0.300000,
21.643453,1,1.000000,0.000000,0.000000,0.000000,0.000000,0.000000,1.000000,1.000000,1.770000,462.179993,0.000000,0.000000,1.770000,212.820114,-0.500000,-0.400000,
21.683507,1,1.000000,0.000000,0.000000,0.000000,0.000000,0.000000,1.000000,1.000000,1.770000,462.220001,0.000000,0.000000,1.770000,212.803055,0.000000,-0.800000,
21.726663,1,1.000000,0.000000,0.119881,-0.090158,0.000000,0.000000,1.000000,1.000000,1.770000,462.257996,0.000000,0.000000,1.770000,212.807007,-0.000000,-0.600000,
21.763313,1,1.000000,0.000000,0.119881,-0.090158,0.000000,0.000000,1.000000,1.000000,1.770000,462.299011,0.000000,0.000000,1.770000,212.820068,-0.300000,-0.400000,
21.804796,1,1.000000,0.000000,0.119881,-0.090158,0.000000,0.000000,1.000000,1.000000,1.770000,462.342010,0.000000,0.000000,1.770000,212.790665,-0.400000,-0.300000,
21.844029,1,1.000000,0.000000,0.119881,-0.090158,0.000000,0.000000,1.000000,1.000000,1.770000,462.372986,0.000000,0.000000,1.770000,212.795883,-0.500000,-0.300000,
21.884495,1,1.000000,0.000000,0.119881,-0.090158,0.000000,0.000000,1.000000,1.000000,1.770000,462.411011,0.000000,0.000000,1.770000,212.798431,-0.400000,-0.200000,
21.924481,1,1.000000,0.000000,0.119881,-0.090158,0.000000,0.000000,1.000000,1.000000,1.770000,462.454010,0.000000,0.000000,1.770000,212.772018,0.000000,-0.500000,
21.962189,1,1.000000,0.000000,0.000000,0.000000,0.000000,0.000000,1.000000,1.000000,1.770000,462.493988,0.000000,0.000000,1.770000,212.770554,0.500000,-1.100000,
22.003728,1,1.000000,0.000000,0.000000,0.000000,0.000000,0.000000,1.000000,1.000000,1.770000,462.533997,0.000000,0.000000,1.770000,212.781799,0.900000,-1.300000,
22.043776,1,1.000000,0.000000,0.120000,-0.089650,0.000000,0.000000,1.000000,1.000000,1.770000,462.881989,0.000000,0.000000,1.770000,212.734528,0.900000,-1.500000,
22.084558,1,1.000000,0.000000,0.000000,0.000000,0.000000,0.000000,1.000000,1.000000,1.780000,463.261993,0.000000,0.000000,1.780000,212.743240,0.600000,-1.200000,
22.126636,1,1.000000,0.000000,0.120000,-0.090000,0.000000,0.000000,1.000000,1.000000,1.780000,462.654999,0.000000,0.000000,1.780000,212.739273,0.200000,-0.800000,
22.162183,1,1.000000,0.000000,0.120000,-0.090000,0.000000,0.000000,1.000000,1.000000,1.780000,462.694000,0.000000,0.000000,1.780000,212.762344,-0.100000,-0.700000,
22.203683,1,1.000000,0.000000,0.120000,-0.090000,0.000000,0.000000,1.000000,1.000000,1.780000,462.733002,0.000000,0.000000,1.780000,212.767273,-0.300000,-0.500000,
22.245812,1,1.000000,0.000000,0.120000,-0.090000,0.000000,0.000000,1.000000,1.000000,1.780000,462.774994,0.000000,0.000000,1.780000,212.778046,-0.500000,-0.400000,
22.286299,1,1.000000,0.000000,0.120000,-0.090000,0.000000,0.000000,1.000000,1.000000,1.770000,462.813995,0.000000,0.000000,1.770000,212.759552,-0.600000,-0.400000,
22.325994,1,1.000000,0.000000,0.000000,0.000000,0.000000,0.000000,1.000000,1.000000,1.770000,462.855011,0.000000,0.000000,1.770000,212.768036,-0.300000,-0.700000,
22.363842,1,1.000000,0.000000,0.120000,-0.088226,0.000000,0.000000,1.000000,1.000000,1.800000,462.894012,0.000000,0.000000,1.800000,212.759277,0.100000,-0.900000,
22.404920,1,1.000000,0.000000,0.120000,-0.088226,0.000000,0.000000,1.000000,1.000000,1.800000,462.933990,0.000000,0.000000,1.800000,212.781754,0.200000,-0.900000,
22.444992,1,1.000000,0.000000,0.120000,-0.088226,0.000000,0.000000,1.000000,1.000000,1.800000,462.973999,0.000000,0.000000,1.800000,212.776871,0.400000,-1.200000,
22.484495,1,1.000000,0.000000,0.120000,-0.088226,0.000000,0.000000,1.000000,1.000000,1.790000,463.014008,0.000000,0.000000,1.790000,212.772446,0.300000,-1.000000,
22.525931,1,1.000000,0.000000,0.120000,-0.088226,0.000000,0.000000,1.000000,1.000000,1.790000,463.056000,0.000000,0.000000,1.790000,212.774277,0.200000,-0.800000,
22.562792,1,1.000000,0.000000,0.000000,0.000000,0.000000,0.000000,1.000000,1.000000,1.790000,463.095001,0.000000,0.000000,1.790000,212.774277,0.200000,-0.800000,
22.604323,1,1.000000,0.000000,0.120000,-0.085695,0.000000,0.000000,1.000000,1.000000,1.790000,463.135010,0.000000,0.000000,1.790000,212.750870,-0.400000,-0.500000,
22.643988,1,1.000000,0.000000,0.120000,-0.085695,0.000000,0.000000,1.000000,1.000000,1.790000,463.174988,0.000000,0.000000,1.790000,212.739517,-0.300000,-0.600000,
22.684960,1,1.000000,0.000000,0.120000,-0.085695,0.000000,0.000000,1.000000,1.000000,1.790000,463.214996,0.000000,0.000000,1.790000,212.748917,0.000000,-1.000000,
22.724902,1,1.000000,0.000000,0.120000,-0.085695,0.000000,0.000000,1.000000,1.000000,1.790000,463.256989,0.000000,0.000000,1.790000,212.725342,0.200000,-0.900000,
22.761343,1,1.000000,0.000000,0.120000,-0.085695,0.000000,0.000000,1.000000,1.000000,1.800000,463.295990,0.000000,0.000000,1.800000,212.733826,-0.200000,-0.600000,
22.807448,1,1.000000,0.000000,0.000000,0.000000,0.000000,0.000000,1.000000,1.000000,1.800000,463.338013,0.000000,0.000000,1.800000,212.769150,-0.500000,-0.500000,
22.845628,1,1.000000,0.000000,0.000000,0.000000,0.000000,0.000000,1.000000,1.000000,1.800000,463.377014,0.000000,0.000000,1.800000,212.764938,-0.400000,-0.500000,
22.883914,1,1.000000,0.000000,0.120000,-0.084072,0.000000,0.000000,1.000000,1.000000,1.790000,463.412994,0.000000,0.000000,1.790000,212.764999,-0.200000,-0.900000,
22.925036,1,1.000000,0.000000,0.120000,-0.084072,0.000000,0.000000,1.000000,1.000000,1.790000,463.450989,0.000000,0.000000,1.790000,212.753632,0.100000,-0.900000,
22.963342,1,1.000000,0.000000,0.120000,-0.084072,0.000000,0.000000,1.000000,1.000000,1.780000,463.490997,0.000000,0.000000,1.780000,212.737076,-0.100000,-0.700000,
23.005149,1,1.000000,0.000000,0.120000,-0.084072,0.000000,0.000000,1.000000,1.000000,1.780000,463.531006,0.000000,0.000000,1.780000,212.730179,-0.400000,-0.600000,
23.044881,1,1.000000,0.000000,0.000000,0.000000,0.000000,0.000000,1.000000,1.000000,1.780000,463.832001,0.000000,0.000000,1.780000,212.745148,-0.500000,-0.400000,
23.084025,1,1.000000,0.000000,0.120000,-0.082269,0.000000,0.000000,1.000000,1.000000,1.780000,464.261993,0.000000,0.000000,1.780000,212.736206,-0.600000,-0.400000,
23.123941,1,1.000000,0.000000,0.120000,-0.082269,0.000000,0.000000,1.000000,1.000000,1.780000,463.653015,0.000000,0.000000,1.780000,212.746124,-0.500000,-0.500000,
23.163714,1,1.000000,0.000000,0.120000,-0.082269,0.000000,0.000000,1.000000,1.000000,1.790000,463.691986,0.000000,0.000000,1.790000,212.747314,0.000000,-1.000000,
23.204619,1,1.000000,0.000000,0.120000,-0.082269,0.000000,0.000000,1.000000,1.000000,1.790000,463.731995,0.000000,0.000000,1.790000,212.712402,0.300000,-1.100000,
23.245690,1,1.000000,0.000000,0.120000,-0.082269,0.000000,0.000000,1.000000,1.000000,1.790000,463.773010,0.000000,0.000000,1.790000,212.742493,-0.100000,-0.800000,
23.285892,1,1.000000,0.000000,0.120000,-0.082269,0.000000,0.000000,1.000000,1.000000,1.830000,463.812012,0.000000,0.000000,1.830000,212.738266,-0.200000,-0.700000,
23.324416,1,1.000000,0.000000,0.120000,-0.082269,0.000000,0.000000,1.000000,1.000000,1.830000,463.854004,0.000000,0.000000,1.830000,212.750153,-0.500000,-0.500000,
23.362894,1,1.000000,0.000000,0.120000,-0.082269,0.000000,0.000000,1.000000,1.000000,1.820000,463.894012,0.000000,0.000000,1.820000,212.763062,-0.400000,-0.500000,
23.406426,1,1.000000,0.000000,0.120000,-0.082269,0.000000,0.000000,1.000000,1.000000,1.820000,463.933990,0.000000,0.000000,1.820000,212.759918,-0.100000,-0.800000,
23.443996,1,1.000000,0.000000,0.120000,-0.082269,0.000000,0.000000,1.000000,1.000000,1.820000,463.973999,0.000000,0.000000,1.820000,212.747116,-0.000000,-0.800000,
23.484227,1,1.000000,0.000000,0.120000,-0.082269,0.000000,0.000000,1.000000,1.000000,1.830000,464.013000,0.000000,0.000000,1.830000,212.762482,-0.300000,-0.600000,
23.524337,1,1.000000,0.000000,0.120000,-0.082269,0.000000,0.000000,1.000000,1.000000,1.830000,464.053986,0.000000,0.000000,1.830000,212.764664,-0.500000,-0.500000,
23.566196,1,1.000000,0.000000,0.120000,-0.082269,0.000000,0.000000,1.000000,1.000000,1.820000,464.092987,0.000000,0.000000,1.820000,212.744781,-0.500000,-0.400000,
23.606981,1,1.000000,0.000000,0.120000,-0.082269,0.000000,0.000000,1.000000,1.000000,1.820000,464.132996,0.000000,0.000000,1.820000,212.726776,-0.600000,-0.400000,
23.645900,1,1.000000,0.000000,0.120000,-0.082269,0.000000,0.000000,1.000000,1.000000,1.820000,464.174011,0.000000,0.000000,1.820000,212.715790,-0.700000,-0.300000,
23.683209,1,1.000000,0.000000,0.120000,-0.082269,0.000000,0.000000,1.000000,1.000000,1.800000,464.213013,0.000000,0.000000,1.800000,212.717728,-0.700000,-0.300000,
23.724781,1,1.000000,0.000000,0.120000,-0.082269,0.000000,0.000000,1.000000,1.000000,1.800000,464.255005,0.000000,0.000000,1.800000,212.725388,-0.700000,-0.300000,
23.763657,1,1.000000,0.000000,0.120000,-0.082269,0.000000,0.000000,1.000000,1.000000,1.780000,464.295013,0.000000,0.000000,1.780000,212.704865,-0.700000,-0.300000,
23.803962,1,1.000000,0.000000,0.120000,-0.082269,0.000000,0.000000,1.000000,1.000000,1.780000,464.338013,0.000000,0.000000,1.780000,212.696213,-0.700000,-0.400000,
23.845420,1,1.000000,0.000000,0.120000,-0.082269,0.000000,0.000000,1.000000,1.000000,1.780000,464.376007,0.000000,0.000000,1.780000,212.707291,-0.700000,-0.400000,
23.886378,1,1.000000,0.000000,0.120000,-0.082269,0.000000,0.000000,1.000000,1.000000,1.780000,464.415985,0.000000,0.000000,1.780000,212.693985,-0.700000,-0.400000,
23.926841,1,1.000000,0.000000,0.120000,-0.082269,0.000000,0.000000,1.000000,1.000000,1.780000,464.458008,0.000000,0.000000,1.780000,212.688400,-0.700000,-0.400000,
23.965061,1,1.000000,0.000000,0.000000,0.000000,0.000000,0.000000,1.000000,1.000000,1.790000,464.497986,0.000000,0.000000,1.790000,212.672699,-0.700000,-0.400000,
24.006618,1,1.000000,0.000000,0.120000,-0.072553,0.000000,0.000000,1.000000,1.000000,1.790000,464.539001,0.000000,0.000000,1.790000,212.694519,-0.700000,-0.400000,
24.045188,1,1.000000,0.000000,0.000000,0.000000,0.000000,0.000000,1.000000,1.000000,1.770000,464.911987,0.000000,0.000000,1.770000,212.690216,-0.700000,-0.400000,
24.083462,1,1.000000,0.000000,0.120000,-0.068560,0.000000,0.000000,1.000000,1.000000,1.770000,465.312012,0.000000,0.000000,1.770000,212.692490,-0.700000,-0.300000,
24.123586,1,1.000000,0.000000,0.120000,-0.068560,0.000000,0.000000,1.000000,1.000000,1.770000,464.658997,0.000000,0.000000,1.770000,212.685913,-0.700000,-0.300000,
24.164432,1,1.000000,0.000000,0.120000,-0.068560,0.000000,0.000000,1.000000,1.000000,1.770000,464.699005,0.000000,0.000000,1.770000,212.696030,-0.700000,-0.400000,
24.204613,1,1.000000,0.000000,0.120000,-0.068560,0.000000,0.000000,1.000000,1.000000,1.770000,464.739014,0.000000,0.000000,1.770000,212.700943,-0.700000,-0.400000,
24.243772,1,1.000000,0.000000,0.120000,-0.068560,0.000000,0.000000,1.000000,1.000000,1.770000,464.778992,0.000000,0.000000,1.770000,212.691269,-0.600000,-0.400000,
24.283265,1,1.000000,0.000000,0.120000,-0.068560,0.000000,0.000000,1.000000,1.000000,1.770000,464.820007,0.000000,0.000000,1.770000,212.711868,-0.600000,-0.500000,
24.327068,1,1.000000,0.000000,0.120000,-0.068560,0.000000,0.000000,1.000000,1.000000,1.770000,464.859009,0.000000,0.000000,1.770000,212.700256,-0.200000,-0.900000,
24.364174,1,1.000000,0.000000,0.120000,-0.068560,0.000000,0.000000,1.000000,1.000000,1.780000,464.899994,0.000000,0.000000,1.780000,212.692291,-0.000000,-0.800000,
24.419247,1,1.000000,0.000000,0.120000,-0.068560,0.000000,0.000000,1.000000,1.000000,1.780000,464.942993,0.000000,0.000000,1.780000,212.719986,-0.300000,-0.600000,
24.454196,1,1.000000,0.000000,0.120000,-0.068560,0.000000,0.000000,1.000000,1.000000,1.770000,464.977997,0.000000,0.000000,1.770000,212.735001,-0.400000,-0.600000,
24.486279,1,1.000000,0.000000,0.120000,-0.068560,0.000000,0.000000,1.000000,1.000000,1.770000,465.014008,0.000000,0.000000,1.770000,212.724548,-0.500000,-0.500000,
24.524248,1,1.000000,0.000000,0.120000,-0.068560,0.000000,0.000000,1.000000,1.000000,1.770000,465.050995,0.000000,0.000000,1.770000,212.718674,-0.600000,-0.500000,
24.564059,1,1.000000,0.000000,0.120000,-0.068560,0.000000,0.000000,1.000000,1.000000,1.760000,465.092987,0.000000,0.000000,1.760000,212.719330,-0.600000,-0.400000,
24.607820,1,1.000000,0.000000,0.120000,-0.068560,0.000000,0.000000,1.000000,1.000000,1.760000,465.131012,0.000000,0.000000,1.760000,212.706009,-0.600000,-0.400000,
24.647070,1,1.000000,0.000000,0.120000,-0.068560,0.000000,0.000000,1.000000,1.000000,1.760000,465.173004,0.000000,0.000000,1.760000,212.727173,-0.700000,-0.300000,
24.686815,1,1.000000,0.000000,0.120000,-0.068560,0.000000,0.000000,1.000000,1.000000,1.770000,465.213013,0.000000,0.000000,1.770000,212.745422,-0.700000,-0.300000,
24.726574,1,1.000000,0.000000,0.120000,-0.068560,0.000000,0.000000,1.000000,1.000000,1.770000,465.255005,0.000000,0.000000,1.770000,212.733109,-0.700000,-0.300000,
24.766631,1,1.000000,0.000000,0.120000,-0.068560,0.000000,0.000000,1.000000,1.000000,1.730000,465.295990,0.000000,0.000000,1.730000,212.763214,-0.700000,-0.300000,
24.807007,1,1.000000,0.000000,0.120000,-0.068560,0.000000,0.000000,1.000000,1.000000,1.730000,465.337006,0.000000,0.000000,1.730000,212.769775,-0.700000,-0.300000,
24.847794,1,1.000000,0.000000,0.120000,-0.068560,0.000000,0.000000,1.000000,1.000000,1.730000,465.377991,0.000000,0.000000,1.730000,212.793137,-0.800000,-0.300000,
24.887536,1,1.000000,0.000000,0.120000,-0.068560,0.000000,0.000000,1.000000,1.000000,1.760000,465.411011,0.000000,0.000000,1.760000,212.816193,-0.700000,-0.300000,
24.925970,1,1.000000,0.000000,0.120000,-0.068560,0.000000,0.000000,1.000000,1.000000,1.760000,465.454010,0.000000,0.000000,1.760000,212.836365,-0.700000,-0.300000,
24.965086,1,1.000000,0.000000,0.120000,-0.068560,0.000000,0.000000,1.000000,1.000000,1.700000,465.493988,0.000000,0.000000,1.700000,212.837250,-0.700000,-0.300000,
25.006303,1,1.000000,0.000000,0.000000,0.000000,0.000000,0.000000,1.000000,1.000000,1.700000,465.533997,0.000000,0.000000,1.700000,212.847855,-0.800000,-0.300000,
25.046805,1,1.000000,0.000000,0.000000,0.000000,0.000000,0.000000,1.000000,1.000000,1.700000,465.872009,0.000000,0.000000,1.700000,212.864120,-0.800000,-0.300000,
25.083562,1,1.000000,0.000000,0.000000,0.000000,0.000000,0.000000,1.000000,1.000000,1.730000,466.272003,0.000000,0.000000,1.730000,212.861435,-0.700000,-0.400000,
25.124744,1,1.000000,0.000000,0.000000,0.000000,0.000000,0.000000,1.000000,1.000000,1.730000,465.656006,0.000000,0.000000,1.730000,212.851501,-0.700000,-0.300000,
25.163504,1,1.000000,0.000000,0.000000,0.000000,0.000000,0.000000,1.000000,1.000000,1.730000,465.696014,0.000000,0.000000,1.730000,212.870117,-0.800000,-0.300000,
25.205295,1,1.000000,0.000000,0.000000,0.000000,0.000000,0.000000,1.000000,1.000000,1.730000,465.735992,0.000000,0.000000,1.730000,212.883316,-0.700000,-0.300000,
25.245421,1,1.000000,0.000000,0.000000,0.000000,0.000000,0.000000,1.000000,1.000000,1.730000,465.777008,0.000000,0.000000,1.730000,212.883316,-0.700000,-0.300000,
25.284782,1,1.000000,0.000000,0.000000,0.000000,0.000000,0.000000,1.000000,1.000000,1.770000,465.816986,0.000000,0.000000,1.770000,212.900848,-0.700000,-0.400000,
25.324941,1,1.000000,0.000000,0.000000,0.000000,0.000000,0.000000,1.000000,1.000000,1.770000,465.858002,0.000000,0.000000,1.770000,212.922302,-0.400000,-0.600000,
25.366483,1,1.000000,0.000000,0.000000,0.000000,0.000000,0.000000,1.000000,1.000000,1.760000,465.897003,0.000000,0.000000,1.760000,212.899033,0.200000,-1.100000,
25.406681,1,1.000000,0.000000,0.000000,0.000000,0.000000,0.000000,1.000000,1.000000,1.760000,465.938995,0.000000,0.000000,1.760000,212.891281,0.800000,-1.500000,
25.447247,1,1.000000,0.000000,0.000000,0.000000,0.000000,0.000000,1.000000,1.000000,1.760000,465.977997,0.000000,0.000000,1.760000,212.907837,1.000000,-1.700000,
25.484500,1,1.000000,0.000000,0.000000,0.000000,0.000000,0.000000,1.000000,1.000000,1.770000,466.010986,0.000000,0.000000,1.770000,212.910690,1.200000,-1.800000,
25.526412,1,1.000000,0.000000,0.000000,0.000000,0.000000,0.000000,1.000000,1.000000,1.770000,466.050995,0.000000,0.000000,1.770000,212.914322,1.300000,-1.900000,
25.563778,1,1.000000,0.000000,0.000000,0.000000,0.000000,0.000000,1.000000,1.000000,1.750000,466.092987,0.000000,0.000000,1.750000,212.920319,1.400000,-2.000000,
25.604903,1,1.000000,0.000000,0.000000,0.000000,0.000000,0.000000,1.000000,1.000000,1.750000,466.132996,0.000000,0.000000,1.750000,212.922058,1.400000,-2.000000,
25.644181,1,1.000000,0.000000,0.000000,0.000000,0.000000,0.000000,1.000000,1.000000,1.750000,466.171997,0.000000,0.000000,1.750000,212.923447,1.500000,-2.000000,
25.683706,1,1.000000,0.000000,0.000000,0.000000,0.000000,0.000000,1.000000,1.000000,1.750000,466.210999,0.000000,0.000000,1.750000,212.909622,1.400000,-2.000000,
25.723476,1,1.000000,0.000000,0.000000,0.000000,0.000000,0.000000,1.000000,1.000000,1.750000,466.252014,0.000000,0.000000,1.750000,212.933899,1.500000,-2.000000,
25.766897,1,1.000000,0.000000,0.000000,0.000000,0.000000,0.000000,1.000000,1.000000,1.770000,466.290985,0.000000,0.000000,1.770000,212.919785,1.500000,-2.000000,
25.805216,1,1.000000,0.000000,0.000000,0.000000,0.000000,0.000000,1.000000,1.000000,1.770000,466.333008,0.000000,0.000000,1.770000,212.926956,1.400000,-2.000000,
25.846641,1,1.000000,0.000000,0.000000,0.000000,0.000000,0.000000,1.000000,1.000000,1.770000,466.372009,0.000000,0.000000,1.770000,212.940582,1.500000,-2.000000,
25.884181,1,1.000000,0.000000,0.000000,0.000000,0.000000,0.000000,1.000000,1.000000,1.760000,466.411987,0.000000,0.000000,1.760000,212.917557,1.400000,-2.000000,
25.926671,1,1.000000,0.000000,0.000000,0.000000,0.000000,0.000000,1.000000,1.000000,1.760000,466.451996,0.000000,0.000000,1.760000,212.916412,1.400000,-2.000000,
25.964708,1,1.000000,0.000000,0.000000,0.000000,0.000000,0.000000,1.000000,1.000000,1.760000,466.492004,0.000000,0.000000,1.760000,212.932632,1.400000,-2.000000,
26.004097,1,1.000000,0.000000,0.000000,0.000000,0.000000,0.000000,1.000000,1.000000,1.760000,466.532013,0.000000,0.000000,1.760000,212.929703,1.400000,-2.000000,
26.043938,1,1.000000,0.000000,0.000000,0.000000,0.000000,0.000000,1.000000,1.000000,1.760000,466.872009,0.000000,0.000000,1.760000,212.949722,1.300000,-1.900000,
26.086268,1,1.000000,0.000000,0.000000,0.000000,0.000000,0.000000,1.000000,1.000000,1.750000,467.261993,0.000000,0.000000,1.750000,212.961227,1.300000,-1.900000,
26.126131,1,1.000000,0.000000,0.000000,0.000000,0.000000,0.000000,1.000000,1.000000,1.750000,466.654999,0.000000,0.000000,1.750000,212.960541,1.200000,-1.900000,
26.166098,1,1.000000,0.000000,0.000000,0.000000,0.000000,0.000000,1.000000,1.000000,1.750000,466.695007,0.000000,0.000000,1.750000,212.942383,1.200000,-1.900000,
26.203952,1,1.000000,0.000000,-0.092211,0.118309,0.000000,0.000000,1.000000,1.000000,1.750000,466.737000,0.000000,0.000000,1.750000,212.959702,1.200000,-1.900000,
26.244146,1,1.000000,0.000000,-0.092211,0.118309,0.000000,0.000000,1.000000,1.000000,1.750000,466.776001,0.000000,0.000000,1.750000,212.956482,1.200000,-1.900000,
26.286954,1,1.000000,0.000000,-0.092211,0.118309,0.000000,0.000000,1.000000,1.000000,1.760000,466.816010,0.000000,0.000000,1.760000,212.958328,1.200000,-1.900000,
26.323541,1,1.000000,0.000000,-0.092211,0.118309,0.000000,0.000000,1.000000,1.000000,1.760000,466.856995,0.000000,0.000000,1.760000,212.967453,1.200000,-1.900000,
26.362539,1,1.000000,0.000000,-0.092211,0.118309,0.000000,0.000000,1.000000,1.000000,1.770000,466.897003,0.000000,0.000000,1.770000,212.953293,1.100000,-1.900000,
26.404028,1,1.000000,0.000000,0.000000,0.000000,0.000000,0.000000,1.000000,1.000000,1.770000,466.937012,0.000000,0.000000,1.770000,212.958893,1.200000,-1.800000,
26.444369,1,1.000000,0.000000,-0.095411,0.115744,0.000000,0.000000,1.000000,1.000000,1.760000,466.976013,0.000000,0.000000,1.760000,212.953247,1.200000,-1.800000,
26.485004,1,1.000000,0.000000,-0.095411,0.115744,0.000000,0.000000,1.000000,1.000000,1.760000,467.015991,0.000000,0.000000,1.760000,212.977722,1.300000,-2.100000,
26.524262,1,1.000000,0.000000,-0.095411,0.115744,0.000000,0.000000,1.000000,1.000000,1.760000,467.057007,0.000000,0.000000,1.760000,212.962494,1.900000,-3.100000,
26.562579,1,1.000000,0.000000,-0.095411,0.115744,0.000000,0.000000,1.000000,1.000000,1.750000,467.096008,0.000000,0.000000,1.750000,212.917526,2.700000,-3.900000,
26.603440,1,1.000000,0.000000,-0.095411,0.115744,0.000000,0.000000,1.000000,1.000000,1.750000,467.136993,0.000000,0.000000,1.750000,212.867020,3.200000,-4.400000,
26.646029,1,1.000000,0.000000,0.000000,0.000000,0.000000,0.000000,1.000000,1.000000,1.740000,467.177002,0.000000,0.000000,1.740000,212.847458,3.500000,-4.900000,
26.681406,1,1.000000,0.000000,-0.102737,0.109294,0.000000,0.000000,1.000000,1.000000,1.740000,467.217987,0.000000,0.000000,1.740000,212.804871,3.700000,-5.100000,
26.724303,1,1.000000,0.000000,-0.102737,0.109294,0.000000,0.000000,1.000000,1.000000,1.740000,467.257996,0.000000,0.000000,1.740000,212.824310,3.400000,-4.400000,
26.765457,1,1.000000,0.000000,-0.102737,0.109294,0.000000,0.000000,1.000000,1.000000,1.770000,467.298004,0.000000,0.000000,1.770000,212.877731,3.000000,-3.800000,
26.804069,1,1.000000,0.000000,-0.102737,0.109294,0.000000,0.000000,1.000000,1.000000,1.770000,467.341003,0.000000,0.000000,1.770000,212.872269,3.200000,-4.300000,
26.846505,1,1.000000,0.000000,-0.102737,0.109294,0.000000,0.000000,1.000000,1.000000,1.760000,467.378998,0.000000,0.000000,1.760000,212.839783,3.500000,-4.700000,
26.883802,1,1.000000,0.000000,0.000000,0.000000,0.000000,0.000000,1.000000,1.000000,1.760000,467.417999,0.000000,0.000000,1.760000,212.823441,3.800000,-4.900000,
26.927197,1,1.000000,0.000000,-0.102443,0.109569,0.000000,0.000000,1.000000,1.000000,1.760000,467.459991,0.000000,0.000000,1.760000,212.806229,3.800000,-5.200000,
26.966695,1,1.000000,0.000000,-0.102443,0.109569,0.000000,0.000000,1.000000,1.000000,1.760000,467.500000,0.000000,0.000000,1.760000,212.801788,3.800000,-5.000000,
27.006710,1,1.000000,0.000000,-0.102443,0.109569,0.000000,0.000000,1.000000,1.000000,1.760000,467.529999,0.000000,0.000000,1.760000,212.848923,3.200000,-4.300000,
27.043465,1,1.000000,0.000000,0.000000,0.000000,0.000000,0.000000,1.000000,1.000000,1.760000,467.832001,0.000000,0.000000,1.760000,212.892731,3.000000,-4.400000,
27.084393,1,1.000000,0.000000,-0.103552,0.108522,0.000000,0.000000,1.000000,1.000000,1.760000,468.231995,0.000000,0.000000,1.760000,212.821106,3.500000,-4.700000,
27.124693,1,1.000000,0.000000,-0.103552,0.108522,0.000000,0.000000,1.000000,1.000000,1.760000,467.651001,0.000000,0.000000,1.760000,212.834808,3.700000,-4.800000,
27.163537,1,1.000000,0.000000,-0.103552,0.108522,0.000000,0.000000,1.000000,1.000000,1.760000,467.691010,0.000000,0.000000,1.760000,212.823853,3.800000,-5.000000,
27.204704,1,1.000000,0.000000,-0.103552,0.108522,0.000000,0.000000,1.000000,1.000000,1.760000,467.730011,0.000000,0.000000,1.760000,212.817307,4.000000,-5.000000,
27.243812,1,1.000000,0.000000,-0.103552,0.108522,0.000000,0.000000,1.000000,1.000000,1.760000,467.772003,0.000000,0.000000,1.760000,212.807373,4.000000,-5.200000,
27.285743,1,1.000000,0.000000,-0.103552,0.108522,0.000000,0.000000,1.000000,1.000000,1.760000,467.812012,0.000000,0.000000,1.760000,212.823776,4.000000,-5.200000,
27.324403,1,1.000000,0.000000,-0.103552,0.108522,0.000000,0.000000,1.000000,1.000000,1.760000,467.851013,0.000000,0.000000,1.760000,212.810364,4.000000,-5.200000,
27.363493,1,1.000000,0.000000,-0.103552,0.108522,0.000000,0.000000,1.000000,1.000000,1.760000,467.893005,0.000000,0.000000,1.760000,212.789185,4.000000,-5.000000,
27.405195,1,1.000000,0.000000,-0.103552,0.108522,0.000000,0.000000,1.000000,1.000000,1.760000,467.931000,0.000000,0.000000,1.760000,212.829254,3.500000,-4.300000,
27.443561,1,1.000000,0.000000,-0.103552,0.108522,0.000000,0.000000,1.000000,1.000000,1.760000,467.972992,0.000000,0.000000,1.760000,212.877792,3.000000,-4.100000,
27.484998,1,1.000000,0.000000,-0.103552,0.108522,0.000000,0.000000,1.000000,1.000000,1.760000,468.014008,0.000000,0.000000,1.760000,212.826218,3.300000,-4.500000,
27.524984,1,1.000000,0.000000,-0.103552,0.108522,0.000000,0.000000,1.000000,1.000000,1.760000,468.053986,0.000000,0.000000,1.760000,212.813553,3.600000,-4.600000,
27.565901,1,1.000000,0.000000,-0.103552,0.108522,0.000000,0.000000,1.000000,1.000000,1.770000,468.092987,0.000000,0.000000,1.770000,212.791229,3.700000,-4.700000,
27.605870,1,1.000000,0.000000,-0.103552,0.108522,0.000000,0.000000,1.000000,1.000000,1.770000,468.132996,0.000000,0.000000,1.770000,212.792175,3.900000,-4.800000,
27.645778,1,1.000000,0.000000,-0.103552,0.108522,0.000000,0.000000,1.000000,1.000000,1.770000,468.174011,0.000000,0.000000,1.770000,212.740280,4.000000,-4.900000,
27.686429,1,1.000000,0.000000,-0.103552,0.108522,0.000000,0.000000,1.000000,1.000000,1.760000,468.213989,0.000000,0.000000,1.760000,212.763855,3.900000,-4.900000,
27.725692,1,1.000000,0.000000,-0.103552,0.108522,0.000000,0.000000,1.000000,1.000000,1.760000,468.253998,0.000000,0.000000,1.760000,212.759430,3.900000,-4.900000,
27.766531,1,1.000000,0.000000,-0.103552,0.108522,0.000000,0.000000,1.000000,1.000000,1.780000,468.292999,0.000000,0.000000,1.780000,212.729568,4.000000,-4.900000,
27.804857,1,1.000000,0.000000,-0.103552,0.108522,0.000000,0.000000,1.000000,1.000000,1.780000,468.333008,0.000000,0.000000,1.780000,212.732178,3.900000,-4.900000,
27.845058,1,1.000000,0.000000,-0.103552,0.108522,0.000000,0.000000,1.000000,1.000000,1.780000,468.373993,0.000000,0.000000,1.780000,212.730057,3.900000,-4.900000,
27.886688,1,1.000000,0.000000,-0.103552,0.108522,0.000000,0.000000,1.000000,1.000000,1.760000,468.414001,0.000000,0.000000,1.760000,212.718536,3.900000,-4.900000,
27.923639,1,1.000000,0.000000,0.000000,0.000000,0.000000,0.000000,1.000000,1.000000,1.760000,468.454010,0.000000,0.000000,1.760000,212.722580,3.800000,-4.900000,
27.963117,1,1.000000,0.000000,-0.103880,0.108208,0.000000,0.000000,1.000000,1.000000,1.760000,468.493011,0.000000,0.000000,1.760000,212.725616,3.900000,-4.900000,
28.004261,1,1.000000,0.000000,-0.103880,0.108208,0.000000,0.000000,1.000000,1.000000,1.760000,468.532990,0.000000,0.000000,1.760000,212.735764,4.000000,-4.900000,
28.043839,1,1.000000,0.000000,0.000000,0.000000,0.000000,0.000000,1.000000,1.000000,1.760000,468.872009,0.000000,0.000000,1.760000,212.700729,3.900000,-4.900000,
28.084385,1,1.000000,0.000000,-0.101586,0.110365,0.000000,0.000000,1.000000,1.000000,1.760000,469.272003,0.000000,0.000000,1.760000,212.680786,3.900000,-4.900000,
28.124971,1,1.000000,0.000000,-0.101586,0.110365,0.000000,0.000000,1.000000,1.000000,1.760000,468.656006,0.000000,0.000000,1.760000,212.666733,3.900000,-4.900000,
28.166384,1,1.000000,0.000000,-0.101586,0.110365,0.000000,0.000000,1.000000,1.000000,1.760000,468.696991,0.000000,0.000000,1.760000,212.661270,3.900000,-4.900000,
28.204177,1,1.000000,0.000000,-0.101586,0.110365,0.000000,0.000000,1.000000,1.000000,1.760000,468.734985,0.000000,0.000000,1.760000,212.626328,3.900000,-4.900000,
28.245770,1,1.000000,0.000000,-0.101586,0.110365,0.000000,0.000000,1.000000,1.000000,1.760000,468.776001,0.000000,0.000000,1.760000,212.627960,3.300000,-4.600000,
28.283798,1,1.000000,0.000000,-0.101586,0.110365,0.000000,0.000000,1.000000,1.000000,1.710000,468.816010,0.000000,0.000000,1.710000,212.691910,2.600000,-3.900000,
28.324355,1,1.000000,0.000000,-0.101586,0.110365,0.000000,0.000000,1.000000,1.000000,1.710000,468.858002,0.000000,0.000000,1.710000,212.697128,2.400000,-3.900000,
28.364027,1,1.000000,0.000000,-0.101586,0.110365,0.000000,0.000000,1.000000,1.000000,1.760000,468.898010,0.000000,0.000000,1.760000,212.643555,2.400000,-3.900000,
28.404151,1,1.000000,0.000000,-0.101586,0.110365,0.000000,0.000000,1.000000,1.000000,1.760000,468.938995,0.000000,0.000000,1.760000,212.682556,2.400000,-3.700000,
28.444022,1,1.000000,0.000000,-0.101586,0.110365,0.000000,0.000000,1.000000,1.000000,1.760000,468.979004,0.000000,0.000000,1.760000,212.624008,2.700000,-4.200000,
28.484553,1,1.000000,0.000000,-0.101586,0.110365,0.000000,0.000000,1.000000,1.000000,1.760000,469.020996,0.000000,0.000000,1.760000,212.585571,3.200000,-4.300000,
28.524973,1,1.000000,0.000000,-0.101586,0.110365,0.000000,0.000000,1.000000,1.000000,1.760000,469.058990,0.000000,0.000000,1.760000,212.546982,3.400000,-4.400000,
28.562858,1,1.000000,0.000000,-0.101586,0.110365,0.000000,0.000000,1.000000,1.000000,1.770000,469.098999,0.000000,0.000000,1.770000,212.499741,3.500000,-4.600000,
28.604372,1,1.000000,0.000000,-0.101586,0.110365,0.000000,0.000000,1.000000,1.000000,1.770000,469.139008,0.000000,0.000000,1.770000,212.502136,3.700000,-4.700000,
28.646573,1,1.000000,0.000000,-0.101586,0.110365,0.000000,0.000000,1.000000,1.000000,1.770000,469.178986,0.000000,0.000000,1.770000,212.484772,3.800000,-4.800000,
28.687822,1,1.000000,0.000000,-0.101586,0.110365,0.000000,0.000000,1.000000,1.000000,1.760000,469.221008,0.000000,0.000000,1.760000,212.469574,3.800000,-4.800000,
28.725075,1,1.000000,0.000000,-0.101586,0.110365,0.000000,0.000000,1.000000,1.000000,1.760000,469.250000,0.000000,0.000000,1.760000,212.454788,3.800000,-4.800000,
28.763535,1,1.000000,0.000000,-0.101586,0.110365,0.000000,0.000000,1.000000,1.000000,1.770000,469.290985,0.000000,0.000000,1.770000,212.456482,3.800000,-4.800000,
28.806874,1,1.000000,0.000000,-0.101586,0.110365,0.000000,0.000000,1.000000,1.000000,1.770000,469.330994,0.000000,0.000000,1.770000,212.435165,3.900000,-4.800000,
28.844960,1,1.000000,0.000000,-0.101586,0.110365,0.000000,0.000000,1.000000,1.000000,1.770000,469.372009,0.000000,0.000000,1.770000,212.442856,3.900000,-4.900000,
28.885762,1,1.000000,0.000000,-0.101586,0.110365,0.000000,0.000000,1.000000,1.000000,1.770000,469.411987,0.000000,0.000000,1.770000,212.442902,3.900000,-4.900000,
28.925422,1,1.000000,0.000000,-0.101586,0.110365,0.000000,0.000000,1.000000,1.000000,1.770000,469.450012,0.000000,0.000000,1.770000,212.436203,3.900000,-5.000000,
28.963526,1,1.000000,0.000000,0.000000,0.000000,0.000000,0.000000,1.000000,1.000000,1.770000,469.492004,0.000000,0.000000,1.770000,212.424423,3.900000,-5.000000,
29.003939,1,1.000000,0.000000,0.114035,-0.097448,0.000000,0.000000,1.000000,1.000000,1.770000,469.532990,0.000000,0.000000,1.770000,212.418777,3.900000,-4.900000,
29.044553,1,1.000000,0.000000,0.000000,0.000000,0.000000,0.000000,1.000000,1.000000,1.770000,469.862000,0.000000,0.000000,1.770000,212.429947,3.800000,-5.000000,
29.086325,1,1.000000,0.000000,0.000000,0.000000,0.000000,0.000000,1.000000,1.000000,1.760000,470.252014,0.000000,0.000000,1.760000,212.431961,3.900000,-5.000000,
29.124552,1,1.000000,0.000000,0.000000,0.000000,0.000000,0.000000,1.000000,1.000000,1.760000,469.656006,0.000000,0.000000,1.760000,212.440430,3.900000,-5.000000,
29.162758,1,1.000000,0.000000,0.000000,0.000000,0.000000,0.000000,1.000000,1.000000,1.760000,469.695007,0.000000,0.000000,1.760000,212.413086,3.500000,-4.400000,
29.204325,1,1.000000,0.000000,0.000000,0.000000,0.000000,0.000000,1.000000,1.000000,1.770000,469.735992,0.000000,0.000000,1.770000,212.454102,0.900000,-0.200000,
29.244621,1,1.000000,0.000000,0.000000,0.000000,0.000000,0.000000,1.000000,1.000000,1.760000,469.778015,0.000000,0.000000,1.760000,212.328613,-3.300000,4.900000,
29.284383,1,1.000000,0.000000,0.000000,0.000000,0.000000,0.000000,1.000000,1.000000,1.710000,469.817993,0.000000,0.000000,1.710000,211.989197,-6.600000,8.800000,
29.324039,1,1.000000,0.000000,0.000000,0.000000,0.000000,0.000000,1.000000,1.000000,1.680000,469.858002,0.000000,0.000000,1.680000,211.569565,-9.000000,12.500000,
29.363544,1,1.000000,0.000000,0.000000,0.000000,0.000000,0.000000,1.000000,1.000000,1.600000,469.897003,0.000000,0.000000,1.600000,211.096588,-11.100000,15.400000,
29.404051,1,1.000000,0.000000,0.000000,0.000000,0.000000,0.000000,1.000000,1.000000,1.570000,469.937988,0.000000,0.000000,1.570000,210.690063,-12.400000,18.000000,
29.444481,1,1.000000,0.000000,0.000000,0.000000,0.000000,0.000000,1.000000,1.000000,1.540000,469.976990,0.000000,0.000000,1.540000,210.375778,-13.400000,20.000000,
29.486707,1,1.000000,0.000000,0.000000,0.000000,0.000000,0.000000,1.000000,1.000000,1.520000,470.016998,0.000000,0.000000,1.520000,210.084122,-14.200000,21.799999,
29.523269,1,1.000000,0.000000,0.000000,0.000000,0.000000,0.000000,1.000000,1.000000,1.510000,470.058014,0.000000,0.000000,1.510000,210.011871,-14.300000,23.200001,
29.563667,1,1.000000,0.000000,0.000000,0.000000,0.000000,0.000000,1.000000,1.000000,1.500000,470.096985,0.000000,0.000000,1.500000,210.081268,-14.200000,23.500000,
29.604970,1,1.000000,0.000000,0.000000,0.000000,0.000000,0.000000,1.000000,1.000000,1.530000,470.138000,0.000000,0.000000,1.530000,210.437576,-13.500000,21.799999,
29.644730,1,1.000000,0.000000,0.000000,0.000000,0.000000,0.000000,1.000000,1.000000,1.580000,470.177002,0.000000,0.000000,1.580000,211.326706,-11.400000,17.100000,
29.684018,1,1.000000,0.000000,0.000000,0.000000,0.000000,0.000000,1.000000,1.000000,1.690000,470.217010,0.000000,0.000000,1.690000,212.175079,-8.500000,11.900000,
29.724326,1,1.000000,0.000000,0.000000,0.000000,0.000000,0.000000,1.000000,1.000000,1.720000,470.257996,0.000000,0.000000,1.720000,212.673965,-6.000000,7.900000,
29.766858,1,1.000000,0.000000,0.000000,0.000000,0.000000,0.000000,1.000000,1.000000,1.650000,470.298004,0.000000,0.000000,1.650000,212.933792,-4.100000,4.200000,
29.806359,1,1.000000,0.000000,0.000000,0.000000,0.000000,0.000000,1.000000,1.000000,1.660000,470.338013,0.000000,0.000000,1.660000,213.014725,-3.200000,1.900000,
29.843956,1,1.000000,0.000000,0.000000,0.000000,0.000000,0.000000,1.000000,1.000000,1.640000,470.378998,0.000000,0.000000,1.640000,213.050751,-2.900000,0.400000,
29.883861,1,1.000000,0.000000,0.000000,0.000000,0.000000,0.000000,1.000000,1.000000,1.640000,470.420990,0.000000,0.000000,1.640000,213.058121,-3.000000,-0.700000,
29.926196,1,1.000000,0.000000,0.000000,0.000000,0.000000,0.000000,1.000000,1.000000,1.640000,470.462006,0.000000,0.000000,1.640000,213.088669,-3.500000,-1.500000,
29.966915,1,1.000000,0.000000,0.000000,0.000000,0.000000,0.000000,1.000000,1.000000,1.650000,470.490997,0.000000,0.000000,1.650000,213.104156,-4.200000,-2.000000,
30.004880,1,1.000000,0.000000,0.000000,0.000000,0.000000,0.000000,1.000000,1.000000,1.650000,470.529999,0.000000,0.000000,1.650000,213.146362,-4.800000,-2.300000,
30.045385,1,1.000000,0.000000,0.000000,0.000000,0.000000,0.000000,1.000000,1.000000,1.650000,470.842010,0.000000,0.000000,1.650000,213.151138,-5.400000,-2.500000,
30.084178,1,1.000000,0.000000,0.000000,0.000000,0.000000,0.000000,1.000000,1.000000,1.650000,471.261993,0.000000,0.000000,1.650000,213.166931,-6.000000,-2.600000,
30.125153,1,1.000000,0.000000,0.000000,0.000000,0.000000,0.000000,1.000000,1.000000,1.650000,470.657013,0.000000,0.000000,1.650000,213.165695,-6.500000,-2.600000,
30.167254,1,1.000000,0.000000,0.000000,0.000000,0.000000,0.000000,1.000000,1.000000,1.670000,470.694000,0.000000,0.000000,1.670000,213.136276,-6.900000,-2.600000,
30.205280,1,1.000000,0.000000,0.000000,0.000000,0.000000,0.000000,1.000000,1.000000,1.660000,470.734985,0.000000,0.000000,1.660000,213.152527,-7.300000,-2.400000,
30.244862,1,1.000000,0.000000,0.000000,0.000000,0.000000,0.000000,1.000000,1.000000,1.660000,470.774994,0.000000,0.000000,1.660000,213.120972,-7.600000,-2.400000,
30.286397,1,1.000000,0.000000,0.000000,0.000000,0.000000,0.000000,1.000000,1.000000,1.660000,470.815002,0.000000,0.000000,1.660000,213.103241,-7.700000,-2.400000,
30.323931,1,1.000000,0.000000,0.000000,0.000000,0.000000,0.000000,1.000000,1.000000,1.660000,470.855011,0.000000,0.000000,1.660000,213.095673,-7.600000,-2.500000,
30.363235,1,1.000000,0.000000,0.000000,0.000000,0.000000,0.000000,1.000000,1.000000,1.680000,470.894989,0.000000,0.000000,1.680000,213.052017,-7.300000,-2.600000,
30.413722,1,1.000000,0.000000,0.000000,0.000000,0.000000,0.000000,1.000000,1.000000,1.680000,470.937012,0.000000,0.000000,1.680000,213.052017,-7.300000,-2.600000,
30.449880,1,1.000000,0.000000,0.000000,0.000000,0.000000,0.000000,1.000000,1.000000,1.690000,470.972992,0.000000,0.000000,1.690000,212.993668,-6.700000,-2.700000,
30.485633,1,1.000000,0.000000,0.000000,0.000000,0.000000,0.000000,1.000000,1.000000,1.710000,471.019012,0.000000,0.000000,1.710000,212.974579,-6.100000,-2.800000,
30.524534,1,1.000000,0.000000,0.000000,0.000000,0.000000,0.000000,1.000000,1.000000,1.710000,471.058014,0.000000,0.000000,1.710000,212.933197,-5.400000,-2.800000,
30.564482,1,1.000000,0.000000,0.000000,0.000000,0.000000,0.000000,1.000000,1.000000,1.740000,471.097992,0.000000,0.000000,1.740000,212.884674,-4.500000,-2.800000,
30.608152,1,1.000000,0.000000,0.000000,0.000000,0.000000,0.000000,1.000000,1.000000,1.740000,471.141998,0.000000,0.000000,1.740000,212.856720,-3.800000,-2.900000,
30.646756,1,1.000000,0.000000,0.000000,0.000000,0.000000,0.000000,1.000000,1.000000,1.750000,471.181000,0.000000,0.000000,1.750000,212.791107,-3.200000,-2.800000,
30.685778,1,1.000000,0.000000,0.000000,0.000000,0.000000,0.000000,1.000000,1.000000,1.830000,471.212006,0.000000,0.000000,1.830000,212.782104,-2.800000,-2.600000,
30.728863,1,1.000000,0.000000,0.000000,0.000000,0.000000,0.000000,1.000000,1.000000,1.830000,471.256012,0.000000,0.000000,1.830000,212.754440,-2.300000,-2.300000,
30.767215,1,1.000000,0.000000,0.000000,0.000000,0.000000,0.000000,1.000000,1.000000,1.860000,471.298004,0.000000,0.000000,1.860000,212.728897,-1.800000,-1.900000,
30.807431,1,1.000000,0.000000,0.000000,0.000000,0.000000,0.000000,1.000000,1.000000,1.860000,471.338989,0.000000,0.000000,1.860000,212.694901,-0.900000,-1.300000,
30.845720,1,1.000000,0.000000,0.000000,0.000000,0.000000,0.000000,1.000000,1.000000,1.860000,471.380005,0.000000,0.000000,1.860000,212.693512,-0.300000,-0.900000,
30.885993,1,1.000000,0.000000,0.000000,0.000000,0.000000,0.000000,1.000000,1.000000,1.900000,471.412994,0.000000,0.000000,1.900000,212.668304,0.300000,-0.200000,
30.925646,1,1.000000,0.000000,0.120000,-0.078652,0.000000,0.000000,1.000000,1.000000,1.900000,471.454987,0.000000,0.000000,1.900000,212.673813,0.600000,0.400000,
30.963503,1,1.000000,0.000000,0.120000,-0.078652,0.000000,0.000000,1.000000,1.000000,1.910000,471.496002,0.000000,0.000000,1.910000,212.656052,0.900000,0.700000,
31.004579,1,1.000000,0.000000,0.120000,-0.078652,0.000000,0.000000,1.000000,1.000000,1.910000,471.539001,0.000000,0.000000,1.910000,212.668900,1.400000,0.800000,
31.043767,1,1.000000,0.000000,0.000000,0.000000,0.000000,0.000000,1.000000,1.000000,1.910000,471.911987,0.000000,0.000000,1.910000,212.658569,1.800000,0.700000,
31.084149,1,1.000000,0.000000,0.000000,0.000000,0.000000,0.000000,1.000000,1.000000,1.920000,472.291992,0.000000,0.000000,1.920000,212.659912,2.100000,0.600000,
31.127235,1,1.000000,0.000000,0.105649,-0.106481,0.000000,0.000000,1.000000,1.000000,1.920000,471.657013,0.000000,0.000000,1.920000,212.644318,2.300000,0.500000,
31.163123,1,1.000000,0.000000,0.105649,-0.106481,0.000000,0.000000,1.000000,1.000000,1.920000,471.697998,0.000000,0.000000,1.920000,212.643097,2.400000,0.500000,
31.205978,1,1.000000,0.000000,0.105649,-0.106481,0.000000,0.000000,1.000000,1.000000,1.920000,471.739014,0.000000,0.000000,1.920000,212.615555,2.500000,0.600000,
31.242250,1,1.000000,0.000000,0.105649,-0.106481,0.000000,0.000000,1.000000,1.000000,1.920000,471.778992,0.000000,0.000000,1.920000,212.611420,2.500000,0.700000,
31.284532,1,1.000000,0.000000,0.105649,-0.106481,0.000000,0.000000,1.000000,1.000000,1.930000,471.817993,0.000000,0.000000,1.930000,212.606659,2.500000,0.700000,
31.324655,1,1.000000,0.000000,0.000000,0.000000,0.000000,0.000000,1.000000,1.000000,1.930000,471.858002,0.000000,0.000000,1.930000,212.607986,2.500000,0.600000,
31.363054,1,1.000000,0.000000,0.000000,0.000000,0.000000,0.000000,1.000000,1.000000,1.950000,471.897003,0.000000,0.000000,1.950000,212.595596,2.400000,0.500000,
31.403642,1,1.000000,0.000000,0.000000,0.000000,0.000000,0.000000,1.000000,1.000000,1.950000,471.938995,0.000000,0.000000,1.950000,212.605820,2.400000,0.400000,
31.444018,1,1.000000,0.000000,0.076154,-0.120000,0.000000,0.000000,1.000000,1.000000,1.940000,471.979004,0.000000,0.000000,1.940000,212.592712,2.400000,0.200000,
31.484169,1,1.000000,0.000000,0.076154,-0.120000,0.000000,0.000000,1.000000,1.000000,1.940000,472.018005,0.000000,0.000000,1.940000,212.589905,2.400000,-0.100000,
31.525583,1,1.000000,0.000000,0.076154,-0.120000,0.000000,0.000000,1.000000,1.000000,1.940000,472.058014,0.000000,0.000000,1.940000,212.602203,2.400000,-0.200000,
31.563001,1,1.000000,0.000000,0.076154,-0.120000,0.000000,0.000000,1.000000,1.000000,1.930000,472.100006,0.000000,0.000000,1.930000,212.623657,2.500000,-0.500000,
31.605255,1,1.000000,0.000000,0.076154,-0.120000,0.000000,0.000000,1.000000,1.000000,1.930000,472.139008,0.000000,0.000000,1.930000,212.611389,2.700000,-0.800000,
31.643936,1,1.000000,0.000000,0.076154,-0.120000,0.000000,0.000000,1.000000,1.000000,1.930000,472.178009,0.000000,0.000000,1.930000,212.609177,3.000000,-1.000000,
31.684351,1,1.000000,0.000000,0.000000,0.000000,0.000000,0.000000,1.000000,1.000000,1.920000,472.218994,0.000000,0.000000,1.920000,212.621689,3.500000,-1.300000,
31.727530,1,1.000000,0.000000,0.057112,-0.120000,0.000000,0.000000,1.000000,1.000000,1.910000,472.260010,0.000000,0.000000,1.910000,212.609741,4.000000,-1.600000,
31.765417,1,1.000000,0.000000,0.057112,-0.120000,0.000000,0.000000,1.000000,1.000000,1.900000,472.290985,0.000000,0.000000,1.900000,212.592041,4.400000,-1.800000,
31.805805,1,1.000000,0.000000,0.057112,-0.120000,0.000000,0.000000,1.000000,1.000000,1.900000,472.330994,0.000000,0.000000,1.900000,212.601501,4.800000,-2.000000,
31.846303,1,1.000000,0.000000,0.057112,-0.120000,0.000000,0.000000,1.000000,1.000000,1.900000,472.371002,0.000000,0.000000,1.900000,212.594955,5.200000,-2.200000,
31.885111,1,1.000000,0.000000,0.057112,-0.120000,0.000000,0.000000,1.000000,1.000000,1.830000,472.411011,0.000000,0.000000,1.830000,212.583008,5.500000,-2.200000,
31.925340,1,1.000000,0.000000,0.057112,-0.120000,0.000000,0.000000,1.000000,1.000000,1.830000,472.450989,0.000000,0.000000,1.830000,212.598816,5.800000,-2.300000,
31.963207,1,1.000000,0.000000,0.000000,0.000000,0.000000,0.000000,1.000000,1.000000,1.800000,472.490997,0.000000,0.000000,1.800000,212.604553,6.100000,-2.400000,
32.005594,1,1.000000,0.000000,0.000000,0.000000,0.000000,0.000000,1.000000,1.000000,1.800000,472.533997,0.000000,0.000000,1.800000,212.602692,6.300000,-2.400000,
32.044483,1,1.000000,0.000000,0.000000,0.000000,0.000000,0.000000,1.000000,1.000000,1.800000,472.842010,0.000000,0.000000,1.800000,212.609192,6.700000,-2.400000,
32.086560,1,1.000000,0.000000,0.000000,0.000000,0.000000,0.000000,1.000000,1.000000,1.820000,473.252014,0.000000,0.000000,1.820000,212.630157,6.800000,-2.400000,
32.126570,1,1.000000,0.000000,0.000000,0.000000,0.000000,0.000000,1.000000,1.000000,1.820000,472.653992,0.000000,0.000000,1.820000,212.643112,6.900000,-2.400000,
32.162157,1,1.000000,0.000000,0.000000,0.000000,0.000000,0.000000,1.000000,1.000000,1.820000,472.695007,0.000000,0.000000,1.820000,212.686447,6.900000,-2.200000,
32.204553,1,1.000000,0.000000,0.000000,0.000000,0.000000,0.000000,1.000000,1.000000,1.820000,472.734009,0.000000,0.000000,1.820000,212.706314,6.700000,-2.000000,
32.244251,1,1.000000,0.000000,0.000000,0.000000,0.000000,0.000000,1.000000,1.000000,1.810000,472.774994,0.000000,0.000000,1.810000,212.738815,6.600000,-1.900000,
32.284002,1,1.000000,0.000000,0.000000,0.000000,0.000000,0.000000,1.000000,1.000000,1.780000,472.815002,0.000000,0.000000,1.780000,212.776947,6.300000,-1.800000,
32.325144,1,1.000000,0.000000,0.000000,0.000000,0.000000,0.000000,1.000000,1.000000,1.780000,472.856995,0.000000,0.000000,1.780000,212.806641,5.800000,-1.500000,
32.362904,1,1.000000,0.000000,0.000000,0.000000,0.000000,0.000000,1.000000,1.000000,1.720000,472.895996,0.000000,0.000000,1.720000,212.826935,5.200000,-1.400000,
32.404739,1,1.000000,0.000000,0.000000,0.000000,0.000000,0.000000,1.000000,1.000000,1.720000,472.937012,0.000000,0.000000,1.720000,212.854309,4.700000,-1.500000,
32.444394,1,1.000000,0.000000,0.000000,0.000000,0.000000,0.000000,1.000000,1.000000,1.720000,472.976013,0.000000,0.000000,1.720000,212.854614,4.300000,-1.600000,
32.483443,1,1.000000,0.000000,0.000000,0.000000,0.000000,0.000000,1.000000,1.000000,1.670000,473.015991,0.000000,0.000000,1.670000,212.877975,3.800000,-1.600000,
32.523935,1,1.000000,0.000000,0.000000,0.000000,0.000000,0.000000,1.000000,1.000000,1.670000,473.057007,0.000000,0.000000,1.670000,212.878723,3.400000,-1.700000,
32.566562,1,1.000000,0.000000,0.000000,0.000000,0.000000,0.000000,1.000000,1.000000,1.670000,473.096985,0.000000,0.000000,1.670000,212.880936,2.900000,-1.800000,
32.607023,1,1.000000,0.000000,0.000000,0.000000,0.000000,0.000000,1.000000,1.000000,1.670000,473.139008,0.000000,0.000000,1.670000,212.909225,2.400000,-1.900000,
32.646732,1,1.000000,0.000000,0.000000,0.000000,0.000000,0.000000,1.000000,1.000000,1.620000,473.179993,0.000000,0.000000,1.620000,212.931961,1.800000,-2.000000,
32.683760,1,1.000000,0.000000,0.000000,0.000000,0.000000,0.000000,1.000000,1.000000,1.620000,473.212006,0.000000,0.000000,1.620000,212.930771,1.400000,-2.000000,
32.724482,1,1.000000,0.000000,0.000000,0.000000,0.000000,0.000000,1.000000,1.000000,1.620000,473.252991,0.000000,0.000000,1.620000,212.941589,1.200000,-2.100000,
32.764173,1,1.000000,0.000000,0.000000,0.000000,0.000000,0.000000,1.000000,1.000000,1.570000,473.294006,0.000000,0.000000,1.570000,212.943954,0.900000,-2.200000,
32.806075,1,1.000000,0.000000,0.000000,0.000000,0.000000,0.000000,1.000000,1.000000,1.570000,473.332001,0.000000,0.000000,1.570000,212.944977,0.600000,-2.200000,
32.843876,1,1.000000,0.000000,0.000000,0.000000,0.000000,0.000000,1.000000,1.000000,1.560000,473.375000,0.000000,0.000000,1.560000,212.923126,0.300000,-2.200000,
32.883196,1,1.000000,0.000000,0.000000,0.000000,0.000000,0.000000,1.000000,1.000000,1.530000,473.414001,0.000000,0.000000,1.530000,212.927826,-0.100000,-2.200000,
32.923812,1,1.000000,0.000000,0.000000,0.000000,0.000000,0.000000,1.000000,1.000000,1.530000,473.455994,0.000000,0.000000,1.530000,212.900650,-0.300000,-2.200000,
32.964782,1,1.000000,0.000000,0.000000,0.000000,0.000000,0.000000,1.000000,1.000000,1.470000,473.493988,0.000000,0.000000,1.470000,212.904846,-0.500000,-2.200000,
33.004703,1,1.000000,0.000000,0.000000,0.000000,0.000000,0.000000,1.000000,1.000000,1.470000,473.533997,0.000000,0.000000,1.470000,212.878418,-0.700000,-2.200000,
33.046366,1,1.000000,0.000000,0.000000,0.000000,0.000000,0.000000,1.000000,1.000000,1.470000,473.862000,0.000000,0.000000,1.470000,212.903320,-1.000000,-2.100000,
33.084966,1,1.000000,0.000000,0.000000,0.000000,0.000000,0.000000,1.000000,1.000000,1.450000,474.261993,0.000000,0.000000,1.450000,212.898087,-1.200000,-2.100000,
33.123685,1,1.000000,0.000000,0.000000,0.000000,0.000000,0.000000,1.000000,1.000000,1.450000,473.654999,0.000000,0.000000,1.450000,212.906586,-1.500000,-2.100000,
33.163006,1,1.000000,0.000000,0.000000,0.000000,0.000000,0.000000,1.000000,1.000000,1.450000,473.694000,0.000000,0.000000,1.450000,212.880157,-1.700000,-2.100000,
33.207110,1,1.000000,0.000000,0.000000,0.000000,0.000000,0.000000,1.000000,1.000000,1.450000,473.734009,0.000000,0.000000,1.450000,212.892273,-1.900000,-2.000000,
33.246437,1,1.000000,0.000000,0.000000,0.000000,0.000000,0.000000,1.000000,1.000000,1.440000,473.774994,0.000000,0.000000,1.440000,212.882675,-2.000000,-2.000000,
33.286948,1,1.000000,0.000000,0.000000,0.000000,0.000000,0.000000,1.000000,1.000000,1.410000,473.815002,0.000000,0.000000,1.410000,212.876984,-2.100000,-1.900000,
33.324269,1,1.000000,0.000000,0.000000,0.000000,0.000000,0.000000,1.000000,1.000000,1.410000,473.854004,0.000000,0.000000,1.410000,212.881592,-2.200000,-1.900000,
33.361700,1,1.000000,0.000000,0.000000,0.000000,0.000000,0.000000,1.000000,1.000000,1.360000,473.894989,0.000000,0.000000,1.360000,212.875015,-2.300000,-1.900000,
33.404916,1,1.000000,0.000000,0.000000,0.000000,0.000000,0.000000,1.000000,1.000000,1.360000,473.936005,0.000000,0.000000,1.360000,212.869598,-2.500000,-1.900000,
33.444528,1,1.000000,0.000000,0.120000,0.047967,0.000000,0.000000,1.000000,1.000000,1.360000,473.971985,0.000000,0.000000,1.360000,212.862320,-2.800000,-1.900000,
33.484093,1,1.000000,0.000000,0.120000,0.047967,0.000000,0.000000,1.000000,1.000000,1.360000,474.011993,0.000000,0.000000,1.360000,212.899796,-3.300000,-1.900000,
33.525574,1,1.000000,0.000000,0.120000,0.047967,0.000000,0.000000,1.000000,1.000000,1.360000,474.053009,0.000000,0.000000,1.360000,212.908722,-3.700000,-1.800000,
33.562889,1,1.000000,0.000000,0.120000,0.047967,0.000000,0.000000,1.000000,1.000000,1.320000,474.092987,0.000000,0.000000,1.320000,212.908524,-4.000000,-1.800000,
33.605289,1,1.000000,0.000000,0.120000,0.047967,0.000000,0.000000,1.000000,1.000000,1.320000,474.135986,0.000000,0.000000,1.320000,212.930344,-4.400000,-1.800000,
33.644572,1,1.000000,0.000000,0.000000,0.000000,0.000000,0.000000,1.000000,1.000000,1.310000,474.174988,0.000000,0.000000,1.310000,212.958282,-4.700000,-1.800000,
33.685795,1,1.000000,0.000000,0.120000,0.052513,0.000000,0.000000,1.000000,1.000000,1.270000,474.213989,0.000000,0.000000,1.270000,212.953568,-4.600000,-1.800000,
33.725408,1,1.000000,0.000000,0.120000,0.052513,0.000000,0.000000,1.000000,1.000000,1.270000,474.255005,0.000000,0.000000,1.270000,212.924881,-4.600000,-1.800000,
33.769989,1,1.000000,0.000000,0.120000,0.052513,0.000000,0.000000,1.000000,1.000000,1.170000,474.295013,0.000000,0.000000,1.170000,212.958298,-4.500000,-1.900000,
33.807532,1,1.000000,0.000000,0.120000,0.052513,0.000000,0.000000,1.000000,1.000000,1.170000,474.338989,0.000000,0.000000,1.170000,212.955093,-4.100000,-2.000000,
33.844735,1,1.000000,0.000000,0.120000,0.052513,0.000000,0.000000,1.000000,1.000000,1.170000,474.377014,0.000000,0.000000,1.170000,212.916092,-3.400000,-2.100000,
33.884954,1,1.000000,0.000000,0.000000,0.000000,0.000000,0.000000,1.000000,1.000000,1.220000,474.416992,0.000000,0.000000,1.220000,212.895538,-3.000000,-2.100000,
33.924296,1,1.000000,0.000000,0.120000,0.056665,0.000000,0.000000,1.000000,1.000000,1.220000,474.458008,0.000000,0.000000,1.220000,212.847107,-2.500000,-2.200000,
33.962542,1,1.000000,0.000000,0.120000,0.056665,0.000000,0.000000,1.000000,1.000000,1.170000,474.497009,0.000000,0.000000,1.170000,212.804031,-2.000000,-2.300000,
34.005291,1,1.000000,0.000000,0.120000,0.056665,0.000000,0.000000,1.000000,1.000000,1.170000,474.540009,0.000000,0.000000,1.170000,212.824661,-1.800000,-2.400000,
34.044358,1,1.000000,0.000000,0.000000,0.000000,0.000000,0.000000,1.000000,1.000000,1.160000,474.921997,0.000000,0.000000,1.160000,212.794067,-1.600000,-2.500000,
34.085325,1,1.000000,0.000000,0.120000,0.060625,0.000000,0.000000,1.000000,1.000000,1.130000,475.242004,0.000000,0.000000,1.130000,212.775604,-1.500000,-2.600000,
34.124893,1,1.000000,0.000000,0.120000,0.060625,0.000000,0.000000,1.000000,1.000000,1.130000,474.652008,0.000000,0.000000,1.130000,212.774094,-1.600000,-2.600000,
34.164758,1,1.000000,0.000000,0.120000,0.060625,0.000000,0.000000,1.000000,1.000000,1.130000,474.691010,0.000000,0.000000,1.130000,212.781982,-1.700000,-2.500000,
34.206233,1,1.000000,0.000000,0.120000,0.060625,0.000000,0.000000,1.000000,1.000000,1.130000,474.730988,0.000000,0.000000,1.130000,212.798492,-1.900000,-2.300000,
34.247384,1,1.000000,0.000000,0.120000,0.060625,0.000000,0.000000,1.000000,1.000000,1.110000,474.770996,0.000000,0.000000,1.110000,212.819885,-2.000000,-2.200000,
34.283662,1,1.000000,0.000000,0.120000,0.060625,0.000000,0.000000,1.000000,1.000000,0.970000,474.812012,0.000000,0.000000,0.970000,212.801834,-2.000000,-2.100000,
34.325023,1,1.000000,0.000000,0.120000,0.060625,0.000000,0.000000,1.000000,1.000000,0.970000,474.852997,0.000000,0.000000,0.970000,212.842682,-2.200000,-2.100000,
34.363419,1,1.000000,0.000000,0.120000,0.060625,0.000000,0.000000,1.000000,1.000000,1.030000,474.891998,0.000000,0.000000,1.030000,212.843842,-2.400000,-2.000000,
34.405137,1,1.000000,0.000000,0.120000,0.060625,0.000000,0.000000,1.000000,1.000000,1.030000,474.932007,0.000000,0.000000,1.030000,212.837555,-2.200000,-2.000000,
34.444874,1,1.000000,0.000000,0.120000,0.060625,0.000000,0.000000,1.000000,1.000000,1.020000,474.972992,0.000000,0.000000,1.020000,212.820847,-2.300000,-2.000000,
34.484787,1,1.000000,0.000000,0.120000,0.060625,0.000000,0.000000,1.000000,1.000000,0.950000,475.011993,0.000000,0.000000,0.950000,212.836533,-2.200000,-1.900000,
34.524981,1,1.000000,0.000000,0.120000,0.060625,0.000000,0.000000,1.000000,1.000000,0.950000,475.053009,0.000000,0.000000,0.950000,212.821274,-1.900000,-1.900000,
34.563707,1,1.000000,0.000000,0.120000,0.060625,0.000000,0.000000,1.000000,1.000000,1.010000,475.092010,0.000000,0.000000,1.010000,212.846741,-1.500000,-1.900000,
34.604361,1,1.000000,0.000000,0.120000,0.060625,0.000000,0.000000,1.000000,1.000000,1.010000,475.131989,0.000000,0.000000,1.010000,212.807922,-1.000000,-1.900000,
34.643184,1,1.000000,0.000000,0.120000,0.060625,0.000000,0.000000,1.000000,1.000000,1.000000,475.174988,0.000000,0.000000,1.000000,212.806976,-0.500000,-1.900000,
34.683993,1,1.000000,0.000000,0.120000,0.060625,0.000000,0.000000,1.000000,1.000000,0.960000,475.213013,0.000000,0.000000,0.960000,212.793472,0.200000,-1.900000,
34.724483,1,1.000000,0.000000,0.120000,0.060625,0.000000,0.000000,1.000000,1.000000,0.960000,475.253998,0.000000,0.000000,0.960000,212.781021,0.800000,-1.900000,
34.764110,1,1.000000,0.000000,0.120000,0.060625,0.000000,0.000000,1.000000,1.000000,0.950000,475.298004,0.000000,0.000000,0.950000,212.789383,1.200000,-1.900000,
34.804807,1,1.000000,0.000000,0.120000,0.060625,0.000000,0.000000,1.000000,1.000000,0.950000,475.337006,0.000000,0.000000,0.950000,212.795074,2.000000,-1.900000,
34.846191,1,1.000000,0.000000,0.120000,0.060625,0.000000,0.000000,1.000000,1.000000,0.950000,475.377014,0.000000,0.000000,0.950000,212.775955,2.600000,-1.900000,
34.883863,1,1.000000,0.000000,0.120000,0.060625,0.000000,0.000000,1.000000,1.000000,0.930000,475.416992,0.000000,0.000000,0.930000,212.772461,3.200000,-1.900000,
34.924800,1,1.000000,0.000000,0.000000,0.000000,0.000000,0.000000,1.000000,1.000000,0.930000,475.457001,0.000000,0.000000,0.930000,212.784119,3.700000,-1.900000,
34.963657,1,1.000000,0.000000,0.026422,0.120000,0.000000,0.000000,1.000000,1.000000,0.900000,475.496002,0.000000,0.000000,0.900000,212.800034,4.000000,-1.900000,
35.003752,1,1.000000,0.000000,0.026422,0.120000,0.000000,0.000000,1.000000,1.000000,0.900000,475.536987,0.000000,0.000000,0.900000,212.800476,4.100000,-1.900000,
35.043546,1,1.000000,0.000000,0.000000,0.000000,0.000000,0.000000,1.000000,1.000000,0.890000,475.902008,0.000000,0.000000,0.890000,212.797119,4.100000,-1.900000,
35.084325,1,1.000000,0.000000,-0.015075,0.120000,0.000000,0.000000,1.000000,1.000000,0.870000,476.302002,0.000000,0.000000,0.870000,212.829132,3.900000,-1.900000,
35.122573,1,1.000000,0.000000,-0.015075,0.120000,0.000000,0.000000,1.000000,1.000000,0.870000,475.657990,0.000000,0.000000,0.870000,212.839966,3.600000,-1.800000,
35.163797,1,1.000000,0.000000,-0.015075,0.120000,0.000000,0.000000,1.000000,1.000000,0.840000,475.697998,0.000000,0.000000,0.840000,212.862991,3.300000,-1.900000,
35.204683,1,1.000000,0.000000,-0.015075,0.120000,0.000000,0.000000,1.000000,1.000000,0.840000,475.739014,0.000000,0.000000,0.840000,212.867889,3.000000,-1.800000,
35.244404,1,1.000000,0.000000,-0.015075,0.120000,0.000000,0.000000,1.000000,1.000000,0.840000,475.778015,0.000000,0.000000,0.840000,212.893173,2.700000,-1.800000,
35.286655,1,1.000000,0.000000,-0.015075,0.120000,0.000000,0.000000,1.000000,1.000000,0.810000,475.817993,0.000000,0.000000,0.810000,212.904221,2.600000,-1.800000,
35.325935,1,1.000000,0.000000,-0.015075,0.120000,0.000000,0.000000,1.000000,1.000000,0.810000,475.858002,0.000000,0.000000,0.810000,212.907806,2.400000,-1.800000,
35.363592,1,1.000000,0.000000,-0.015075,0.120000,0.000000,0.000000,1.000000,1.000000,0.770000,475.897003,0.000000,0.000000,0.770000,212.908768,2.200000,-1.900000,
35.404996,1,1.000000,0.000000,-0.015075,0.120000,0.000000,0.000000,1.000000,1.000000,0.770000,475.938995,0.000000,0.000000,0.770000,212.899841,2.100000,-1.800000,
35.446055,1,1.000000,0.000000,-0.015075,0.120000,0.000000,0.000000,1.000000,1.000000,0.770000,475.979004,0.000000,0.000000,0.770000,212.936615,1.800000,-1.800000,
35.485346,1,1.000000,0.000000,-0.015075,0.120000,0.000000,0.000000,1.000000,1.000000,0.740000,476.019012,0.000000,0.000000,0.740000,212.927551,1.700000,-1.800000,
35.525773,1,1.000000,0.000000,-0.015075,0.120000,0.000000,0.000000,1.000000,1.000000,0.740000,476.058014,0.000000,0.000000,0.740000,212.934998,1.400000,-1.800000,
35.563789,1,1.000000,0.000000,-0.015075,0.120000,0.000000,0.000000,1.000000,1.000000,0.710000,476.098999,0.000000,0.000000,0.710000,212.941422,1.300000,-1.800000,
35.605105,1,1.000000,0.000000,-0.015075,0.120000,0.000000,0.000000,1.000000,1.000000,0.710000,476.140991,0.000000,0.000000,0.710000,212.947662,1.300000,-1.800000,
35.644169,1,1.000000,0.000000,-0.015075,0.120000,0.000000,0.000000,1.000000,1.000000,0.690000,476.179993,0.000000,0.000000,0.690000,212.928101,1.300000,-1.800000,
35.687406,1,1.000000,0.000000,-0.015075,0.120000,0.000000,0.000000,1.000000,1.000000,0.690000,476.220001,0.000000,0.000000,0.690000,212.942978,1.200000,-2.100000,
35.727357,1,1.000000,0.000000,-0.015075,0.120000,0.000000,0.000000,1.000000,1.000000,0.690000,476.250000,0.000000,0.000000,0.690000,212.935471,1.300000,-2.200000,
35.764007,1,1.000000,0.000000,-0.015075,0.120000,0.000000,0.000000,1.000000,1.000000,0.680000,476.291992,0.000000,0.000000,0.680000,212.936386,1.400000,-2.400000,
35.806572,1,1.000000,0.000000,-0.015075,0.120000,0.000000,0.000000,1.000000,1.000000,0.680000,476.332001,0.000000,0.000000,0.680000,212.950729,1.400000,-2.600000,
35.845165,1,1.000000,0.000000,-0.015075,0.120000,0.000000,0.000000,1.000000,1.000000,0.680000,476.372986,0.000000,0.000000,0.680000,212.953110,1.700000,-3.100000,
35.885562,1,1.000000,0.000000,-0.015075,0.120000,0.000000,0.000000,1.000000,1.000000,0.670000,476.411011,0.000000,0.000000,0.670000,212.915710,2.200000,-3.500000,
35.924521,1,1.000000,0.000000,-0.015075,0.120000,0.000000,0.000000,1.000000,1.000000,0.670000,476.451996,0.000000,0.000000,0.670000,212.892960,2.600000,-3.700000,
35.965075,1,1.000000,0.000000,-0.015075,0.120000,0.000000,0.000000,1.000000,1.000000,0.650000,476.493011,0.000000,0.000000,0.650000,212.850815,3.100000,-3.900000,
36.005704,1,1.000000,0.000000,0.000000,0.000000,0.000000,0.000000,1.000000,1.000000,0.650000,476.532990,0.000000,0.000000,0.650000,212.814789,3.500000,-3.900000,
36.043388,1,1.000000,0.000000,0.000000,0.000000,0.000000,0.000000,1.000000,1.000000,0.650000,476.851990,0.000000,0.000000,0.650000,212.807892,3.600000,-3.800000,
36.086433,1,1.000000,0.000000,0.000000,0.000000,0.000000,0.000000,1.000000,1.000000,0.630000,477.261993,0.000000,0.000000,0.630000,212.784973,3.600000,-3.600000,
36.126349,1,1.000000,0.000000,0.000000,0.000000,0.000000,0.000000,1.000000,1.000000,0.630000,476.653015,0.000000,0.000000,0.630000,212.809341,3.200000,-3.200000,
36.163331,1,1.000000,0.000000,0.000000,0.000000,0.000000,0.000000,1.000000,1.000000,0.610000,476.692993,0.000000,0.000000,0.610000,212.851852,2.600000,-2.700000,
36.205528,1,1.000000,0.000000,0.000000,0.000000,0.000000,0.000000,1.000000,1.000000,0.610000,476.734009,0.000000,0.000000,0.610000,212.862656,2.100000,-2.400000,
36.245989,1,1.000000,0.000000,0.000000,0.000000,0.000000,0.000000,1.000000,1.000000,0.610000,476.773987,0.000000,0.000000,0.610000,212.871429,1.700000,-2.200000,
36.287253,1,1.000000,0.000000,0.000000,0.000000,0.000000,0.000000,1.000000,1.000000,0.600000,476.812988,0.000000,0.000000,0.600000,212.898163,1.200000,-2.000000,
36.327132,1,1.000000,0.000000,0.000000,0.000000,0.000000,0.000000,1.000000,1.000000,0.600000,476.855011,0.000000,0.000000,0.600000,212.898239,0.900000,-1.800000,
36.363417,1,1.000000,0.000000,0.000000,0.000000,0.000000,0.000000,1.000000,1.000000,0.570000,476.895996,0.000000,0.000000,0.570000,212.888657,0.600000,-1.600000,
36.408892,1,1.000000,0.000000,0.000000,0.000000,0.000000,0.000000,1.000000,1.000000,0.570000,476.925995,0.000000,0.000000,0.570000,212.910767,0.200000,-1.300000,
36.447494,1,1.000000,0.000000,0.000000,0.000000,0.000000,0.000000,1.000000,1.000000,0.570000,476.973999,0.000000,0.000000,0.570000,212.933304,0.000000,-1.000000,
36.486993,1,1.000000,0.000000,0.000000,0.000000,0.000000,0.000000,1.000000,1.000000,0.540000,477.013000,0.000000,0.000000,0.540000,212.930603,0.000000,-0.900000,
36.526437,1,1.000000,0.000000,0.000000,0.000000,0.000000,0.000000,1.000000,1.000000,0.540000,477.054993,0.000000,0.000000,0.540000,212.892075,0.000000,-0.800000,
36.566464,1,1.000000,0.000000,0.000000,0.000000,0.000000,0.000000,1.000000,1.000000,0.520000,477.095001,0.000000,0.000000,0.520000,212.901550,0.000000,-0.800000,
36.606966,1,1.000000,0.000000,0.000000,0.000000,0.000000,0.000000,1.000000,1.000000,0.520000,477.139008,0.000000,0.000000,0.520000,212.929749,-0.000000,-0.800000,
36.647412,1,1.000000,0.000000,0.000000,0.000000,0.000000,0.000000,1.000000,1.000000,0.520000,477.178009,0.000000,0.000000,0.520000,212.910294,0.100000,-1.000000,
36.687188,1,1.000000,0.000000,0.000000,0.000000,0.000000,0.000000,1.000000,1.000000,0.500000,477.210999,0.000000,0.000000,0.500000,212.889801,0.500000,-1.200000,
36.726714,1,1.000000,0.000000,0.000000,0.000000,0.000000,0.000000,1.000000,1.000000,0.500000,477.252014,0.000000,0.000000,0.500000,212.876770,0.600000,-1.400000,
36.762956,1,1.000000,0.000000,0.000000,0.000000,0.000000,0.000000,1.000000,1.000000,0.490000,477.294006,0.000000,0.000000,0.490000,212.855179,0.700000,-1.600000,
36.804096,1,1.000000,0.000000,0.000000,0.000000,0.000000,0.000000,1.000000,1.000000,0.490000,477.333008,0.000000,0.000000,0.490000,212.823334,1.000000,-1.600000,
36.844883,1,1.000000,0.000000,0.000000,0.000000,0.000000,0.000000,1.000000,1.000000,0.490000,477.373993,0.000000,0.000000,0.490000,212.776459,1.000000,-1.700000,
36.884623,1,1.000000,0.000000,0.000000,0.000000,0.000000,0.000000,1.000000,1.000000,0.460000,477.412994,0.000000,0.000000,0.460000,212.766647,1.000000,-1.700000,
36.926410,1,1.000000,0.000000,0.000000,0.000000,0.000000,0.000000,1.000000,1.000000,0.460000,477.454010,0.000000,0.000000,0.460000,212.713745,1.100000,-1.700000,
36.961986,1,1.000000,0.000000,0.000000,0.000000,0.000000,0.000000,1.000000,1.000000,0.370000,477.496002,0.000000,0.000000,0.370000,212.702698,1.100000,-1.700000,
37.005368,1,1.000000,0.000000,0.000000,0.000000,0.000000,0.000000,1.000000,1.000000,0.370000,477.536011,0.000000,0.000000,0.370000,212.676224,1.000000,-1.600000,
37.045031,1,1.000000,0.000000,0.000000,0.000000,0.000000,0.000000,1.000000,1.000000,0.340000,477.891998,0.000000,0.000000,0.340000,212.635559,1.200000,-1.400000,
37.085148,1,1.000000,0.000000,0.000000,0.000000,0.000000,0.000000,1.000000,1.000000,0.340000,478.291992,0.000000,0.000000,0.340000,212.660126,1.200000,-1.000000,
37.126482,1,1.000000,0.000000,0.000000,0.000000,0.000000,0.000000,1.000000,1.000000,0.340000,477.657990,0.000000,0.000000,0.340000,212.636124,1.100000,-0.700000,
37.164279,1,1.000000,0.000000,0.000000,0.000000,0.000000,0.000000,1.000000,1.000000,0.320000,477.697998,0.000000,0.000000,0.320000,212.639984,1.100000,-0.600000,
37.205191,1,1.000000,0.000000,0.000000,0.000000,0.000000,0.000000,1.000000,1.000000,0.320000,477.738007,0.000000,0.000000,0.320000,212.635559,1.100000,-0.300000,
37.245492,1,1.000000,0.000000,0.000000,0.000000,0.000000,0.000000,1.000000,1.000000,0.320000,477.777008,0.000000,0.000000,0.320000,212.653534,1.100000,-0.100000,
37.283720,1,1.000000,0.000000,0.000000,0.000000,0.000000,0.000000,1.000000,1.000000,0.320000,477.816986,0.000000,0.000000,0.320000,212.640640,1.300000,-0.300000,
37.324203,1,1.000000,0.000000,0.000000,0.000000,0.000000,0.000000,1.000000,1.000000,0.320000,477.858002,0.000000,0.000000,0.320000,212.611557,1.600000,-0.300000,
37.362778,1,1.000000,0.000000,0.000000,0.000000,0.000000,0.000000,1.000000,1.000000,0.320000,477.898010,0.000000,0.000000,0.320000,212.615005,1.700000,-0.300000,
37.405162,1,1.000000,0.000000,0.000000,0.000000,0.000000,0.000000,1.000000,1.000000,0.320000,477.937988,0.000000,0.000000,0.320000,212.607330,1.800000,-0.400000,
37.444268,1,1.000000,0.000000,0.000000,0.000000,0.000000,0.000000,1.000000,1.000000,0.320000,477.980988,0.000000,0.000000,0.320000,212.605545,1.700000,-0.400000,
37.484104,1,1.000000,0.000000,0.000000,0.000000,0.000000,0.000000,1.000000,1.000000,0.280000,478.019012,0.000000,0.000000,0.280000,212.576324,1.800000,-1.000000,
37.529584,1,1.000000,0.000000,0.000000,0.000000,0.000000,0.000000,1.000000,1.000000,0.280000,478.058014,0.000000,0.000000,0.280000,212.511047,1.800000,-1.400000,
37.563445,1,1.000000,0.000000,0.000000,0.000000,0.000000,0.000000,1.000000,1.000000,0.240000,478.097992,0.000000,0.000000,0.240000,212.450180,1.600000,-1.400000,
37.605710,1,1.000000,0.000000,0.000000,0.000000,0.000000,0.000000,1.000000,1.000000,0.240000,478.139008,0.000000,0.000000,0.240000,212.369904,1.500000,-1.800000,
37.645715,1,1.000000,0.000000,0.000000,0.000000,0.000000,0.000000,1.000000,1.000000,0.240000,478.178009,0.000000,0.000000,0.240000,212.294037,1.600000,-1.500000,
37.685363,1,1.000000,0.000000,0.000000,0.000000,0.000000,0.000000,1.000000,1.000000,0.200000,478.221008,0.000000,0.000000,0.200000,212.244019,1.400000,-0.900000,
37.726004,1,1.000000,0.000000,0.000000,0.000000,0.000000,0.000000,1.000000,1.000000,0.200000,478.260010,0.000000,0.000000,0.200000,212.118011,-0.000000,-1.500000,
37.764826,1,1.000000,0.000000,0.000000,0.000000,0.000000,0.000000,1.000000,1.000000,0.200000,478.290985,0.000000,0.000000,0.200000,211.566299,3.600000,-1.800000,
37.804722,1,1.000000,0.000000,0.000000,0.000000,0.000000,0.000000,1.000000,1.000000,0.200000,478.341003,0.000000,0.000000,0.200000,211.236115,6.200000,-0.700000,
37.843748,1,1.000000,0.000000,0.000000,0.000000,0.000000,0.000000,1.000000,1.000000,0.200000,478.369995,0.000000,0.000000,0.200000,211.165863,5.800000,-0.900000,
37.884595,1,1.000000,0.000000,0.000000,0.000000,0.000000,0.000000,1.000000,1.000000,0.210000,478.411987,0.000000,0.000000,0.210000,211.187775,2.100000,-1.200000,
37.924582,1,1.000000,0.000000,0.000000,0.000000,0.000000,0.000000,1.000000,1.000000,0.210000,478.450989,0.000000,0.000000,0.210000,211.040817,0.400000,-1.300000,
37.964657,1,1.000000,0.000000,0.000000,0.000000,0.000000,0.000000,1.000000,1.000000,0.200000,478.490997,0.000000,0.000000,0.200000,210.986435,1.300000,-1.200000,
38.007544,1,1.000000,0.000000,0.000000,0.000000,0.000000,0.000000,1.000000,1.000000,0.200000,478.529999,0.000000,0.000000,0.200000,210.914627,0.300000,-0.800000,
38.047139,1,1.000000,0.000000,0.000000,0.000000,0.000000,0.000000,1.000000,1.000000,0.200000,478.842010,0.000000,0.000000,0.200000,210.618896,-0.900000,-0.900000,
38.087017,1,1.000000,0.000000,0.000000,0.000000,0.000000,0.000000,1.000000,1.000000,0.200000,479.242004,0.000000,0.000000,0.200000,210.365326,-0.700000,-1.000000,
38.124433,1,1.000000,0.000000,0.000000,0.000000,0.000000,0.000000,1.000000,1.000000,0.200000,478.651001,0.000000,0.000000,0.200000,210.133972,-1.100000,-1.100000,
38.162566,1,1.000000,0.000000,0.000000,0.000000,0.000000,0.000000,1.000000,1.000000,0.200000,478.691010,0.000000,0.000000,0.200000,210.052017,-1.200000,-1.100000,
38.206877,1,1.000000,0.000000,0.000000,0.000000,0.000000,0.000000,1.000000,1.000000,0.200000,478.730988,0.000000,0.000000,0.200000,209.925690,-1.100000,-1.200000,
38.245804,1,1.000000,0.000000,0.000000,0.000000,0.000000,0.000000,1.000000,1.000000,0.200000,478.773010,0.000000,0.000000,0.200000,209.854202,-1.000000,-1.100000,
38.283454,1,1.000000,0.000000,0.000000,0.000000,0.000000,0.000000,1.000000,1.000000,0.200000,478.812012,0.000000,0.000000,0.200000,209.798264,-1.100000,-1.000000,
38.324259,1,1.000000,0.000000,0.000000,0.000000,0.000000,0.000000,1.000000,1.000000,0.200000,478.852997,0.000000,0.000000,0.200000,209.750137,-1.200000,-1.000000,
38.365850,1,1.000000,0.000000,0.000000,0.000000,0.000000,0.000000,1.000000,1.000000,0.200000,478.891998,0.000000,0.000000,0.200000,209.723160,-1.200000,-1.100000,
38.405997,1,1.000000,0.000000,0.000000,0.000000,0.000000,0.000000,1.000000,1.000000,0.200000,478.932007,0.000000,0.000000,0.200000,209.573212,-1.100000,-1.100000,
38.445433,1,1.000000,0.000000,0.000000,0.000000,0.000000,0.000000,1.000000,1.000000,0.200000,478.973999,0.000000,0.000000,0.200000,209.542252,-1.100000,-1.100000,
38.486020,1,1.000000,0.000000,0.000000,0.000000,0.000000,0.000000,1.000000,1.000000,0.200000,479.014008,0.000000,0.000000,0.200000,209.543152,-1.100000,-1.100000,
38.524302,1,1.000000,0.000000,0.000000,0.000000,0.000000,0.000000,1.000000,1.000000,0.200000,479.056000,0.000000,0.000000,0.200000,209.442429,-1.100000,-1.100000,
38.563887,1,1.000000,0.000000,0.000000,0.000000,0.000000,0.000000,1.000000,1.000000,0.200000,479.095001,0.000000,0.000000,0.200000,209.409637,-1.100000,-1.100000,
38.603450,1,1.000000,0.000000,0.000000,0.000000,0.000000,0.000000,1.000000,1.000000,0.200000,479.138000,0.000000,0.000000,0.200000,209.411041,-1.100000,-1.100000,
38.643183,1,1.000000,0.000000,0.000000,0.000000,0.000000,0.000000,1.000000,1.000000,0.200000,479.175995,0.000000,0.000000,0.200000,209.336380,-1.100000,-1.100000,
38.685419,1,1.000000,0.000000,0.000000,0.000000,0.000000,0.000000,1.000000,1.000000,0.200000,479.217010,0.000000,0.000000,0.200000,209.304779,-1.100000,-1.100000,
38.726839,1,1.000000,0.000000,0.000000,0.000000,0.000000,0.000000,1.000000,1.000000,0.200000,479.256989,0.000000,0.000000,0.200000,209.278046,-1.100000,-1.100000,
38.762451,1,1.000000,0.000000,0.000000,0.000000,0.000000,0.000000,1.000000,1.000000,0.200000,479.295990,0.000000,0.000000,0.200000,209.216507,-1.100000,-1.100000,
38.804462,1,1.000000,0.000000,0.000000,0.000000,0.000000,0.000000,1.000000,1.000000,0.200000,479.338989,0.000000,0.000000,0.200000,209.206223,-1.100000,-1.100000,
38.844531,1,1.000000,0.000000,0.000000,0.000000,0.000000,0.000000,1.000000,1.000000,0.200000,479.378998,0.000000,0.000000,0.200000,209.178650,-1.100000,-1.100000,
38.885495,1,1.000000,0.000000,0.000000,0.000000,0.000000,0.000000,1.000000,1.000000,0.200000,479.420013,0.000000,0.000000,0.200000,209.122314,-1.100000,-1.100000,
38.927211,1,1.000000,0.000000,0.000000,0.000000,0.000000,0.000000,1.000000,1.000000,0.200000,479.458008,0.000000,0.000000,0.200000,209.102875,-1.100000,-1.000000,
38.966717,1,1.000000,0.000000,0.000000,0.000000,0.000000,0.000000,1.000000,1.000000,0.200000,479.498993,0.000000,0.000000,0.200000,209.041061,-1.100000,-1.000000,
39.006927,1,1.000000,0.000000,0.000000,0.000000,0.000000,0.000000,1.000000,1.000000,0.200000,479.529999,0.000000,0.000000,0.200000,209.026077,-1.100000,-1.000000,
39.046819,1,1.000000,0.000000,0.000000,0.000000,0.000000,0.000000,1.000000,1.000000,0.200000,479.842010,0.000000,0.000000,0.200000,209.001938,-1.100000,-1.000000,
39.086857,1,1.000000,0.000000,0.000000,0.000000,0.000000,0.000000,1.000000,1.000000,0.200000,480.231995,0.000000,0.000000,0.200000,208.962204,-1.100000,-1.000000,
39.126589,1,1.000000,0.000000,0.000000,0.000000,0.000000,0.000000,1.000000,1.000000,0.200000,479.651001,0.000000,0.000000,0.200000,208.931778,-1.100000,-1.000000,
39.162689,1,1.000000,0.000000,0.000000,0.000000,0.000000,0.000000,1.000000,1.000000,0.200000,479.691010,0.000000,0.000000,0.200000,208.906754,-1.100000,-0.900000,
39.207085,1,1.000000,0.000000,0.000000,0.000000,0.000000,0.000000,1.000000,1.000000,0.200000,479.730988,0.000000,0.000000,0.200000,208.871414,-1.100000,-0.900000,
39.244382,1,1.000000,0.000000,-0.106066,-0.106066,0.000000,0.000000,1.000000,1.000000,0.200000,479.773010,0.000000,0.000000,0.200000,208.837814,-1.100000,-0.900000,
39.286964,1,1.000000,0.000000,-0.106066,-0.106066,0.000000,0.000000,1.000000,1.000000,0.200000,479.813995,0.000000,0.000000,0.200000,208.805664,-1.100000,-0.900000,
39.328216,1,1.000000,0.000000,-0.106066,-0.106066,0.000000,0.000000,1.000000,1.000000,0.200000,479.851990,0.000000,0.000000,0.200000,208.775406,-1.100000,-0.900000,
39.364527,1,1.000000,0.000000,-0.106066,-0.106066,0.000000,0.000000,1.000000,1.000000,0.200000,479.891998,0.000000,0.000000,0.200000,208.750916,-1.100000,-0.900000,
39.409000,1,1.000000,0.000000,-0.106066,-0.106066,0.000000,0.000000,1.000000,1.000000,0.200000,479.933014,0.000000,0.000000,0.200000,208.721832,-1.100000,-0.900000,
39.445852,1,1.000000,0.000000,0.000000,0.000000,0.000000,0.000000,1.000000,1.000000,0.200000,479.973999,0.000000,0.000000,0.200000,208.691315,-1.100000,-0.900000,
39.485775,1,1.000000,0.000000,-0.106066,-0.106066,0.000000,0.000000,1.000000,1.000000,0.200000,480.013000,0.000000,0.000000,0.200000,208.662262,-1.100000,-0.900000,
39.526457,1,1.000000,0.000000,-0.106066,-0.106066,0.000000,0.000000,1.000000,1.000000,0.200000,480.054993,0.000000,0.000000,0.200000,208.632965,-1.100000,-0.900000,
39.567834,1,1.000000,0.000000,-0.106066,-0.106066,0.000000,0.000000,1.000000,1.000000,0.200000,480.093994,0.000000,0.000000,0.200000,208.606461,-1.100000,-0.900000,
39.607299,1,1.000000,0.000000,-0.106066,-0.106066,0.000000,0.000000,1.000000,1.000000,0.200000,480.135986,0.000000,0.000000,0.200000,208.578995,-1.100000,-0.900000,
39.645333,1,1.000000,0.000000,-0.106066,-0.106066,0.000000,0.000000,1.000000,1.000000,0.200000,480.174988,0.000000,0.000000,0.200000,208.551941,-1.100000,-0.900000,
39.684825,1,1.000000,0.000000,0.000000,0.000000,0.000000,0.000000,1.000000,1.000000,0.200000,480.213989,0.000000,0.000000,0.200000,208.529770,-1.100000,-0.900000,
39.724077,1,1.000000,0.000000,-0.106066,-0.106066,0.000000,0.000000,1.000000,1.000000,0.200000,480.255005,0.000000,0.000000,0.200000,208.503021,-1.100000,-0.900000,
39.764458,1,1.000000,0.000000,-0.106066,-0.106066,0.000000,0.000000,1.000000,1.000000,0.200000,480.294006,0.000000,0.000000,0.200000,208.474609,-1.100000,-0.900000,
39.803128,1,1.000000,0.000000,-0.106066,-0.106066,0.000000,0.000000,1.000000,1.000000,0.200000,480.334991,0.000000,0.000000,0.200000,208.444504,-1.100000,-0.800000,
39.843869,1,1.000000,0.000000,-0.106066,-0.106066,0.000000,0.000000,1.000000,1.000000,0.200000,480.375000,0.000000,0.000000,0.200000,208.418243,-1.100000,-0.800000,
39.884182,1,1.000000,0.000000,-0.106066,-0.106066,0.000000,0.000000,1.000000,1.000000,0.200000,480.415009,0.000000,0.000000,0.200000,208.392838,-1.100000,-0.800000,
39.924371,1,1.000000,0.000000,0.000000,0.000000,0.000000,0.000000,1.000000,1.000000,0.200000,480.455994,0.000000,0.000000,0.200000,208.366394,-1.100000,-0.800000,
39.967021,1,1.000000,0.000000,-0.106066,-0.106066,0.000000,0.000000,1.000000,1.000000,0.200000,480.496002,0.000000,0.000000,0.200000,208.339767,-1.100000,-0.800000,
40.005473,1,1.000000,0.000000,-0.106066,-0.106066,0.000000,0.000000,1.000000,1.000000,0.200000,480.535004,0.000000,0.000000,0.200000,208.312805,-1.100000,-0.800000,
40.043927,1,1.000000,0.000000,0.000000,0.000000,0.000000,0.000000,1.000000,1.000000,0.200000,480.891998,0.000000,0.000000,0.200000,208.285614,-1.100000,-0.800000,
40.083826,1,1.000000,0.000000,-0.106066,-0.106066,0.000000,0.000000,1.000000,1.000000,0.200000,481.291992,0.000000,0.000000,0.200000,208.261078,-1.100000,-0.800000,
40.125912,1,1.000000,0.000000,-0.106066,-0.106066,0.000000,0.000000,1.000000,1.000000,0.200000,480.658997,0.000000,0.000000,0.200000,208.233810,-1.100000,-0.800000,
40.166403,1,1.000000,0.000000,-0.106066,-0.106066,0.000000,0.000000,1.000000,1.000000,0.200000,480.699005,0.000000,0.000000,0.200000,208.205750,-1.100000,-0.800000,
40.206625,1,1.000000,0.000000,-0.106066,-0.106066,0.000000,0.000000,1.000000,1.000000,0.200000,480.740997,0.000000,0.000000,0.200000,208.175522,-1.100000,-0.700000,
40.244341,1,1.000000,0.000000,-0.106066,-0.106066,0.000000,0.000000,1.000000,1.000000,0.200000,480.779999,0.000000,0.000000,0.200000,208.149002,-1.100000,-0.700000,
40.285811,1,1.000000,0.000000,-0.106066,-0.106066,0.000000,0.000000,1.000000,1.000000,0.200000,480.821014,0.000000,0.000000,0.200000,208.123520,-1.100000,-0.700000,
40.328440,1,1.000000,0.000000,-0.106066,-0.106066,0.000000,0.000000,1.000000,1.000000,0.200000,480.860992,0.000000,0.000000,0.200000,208.092499,-1.100000,-0.700000,
40.368392,1,1.000000,0.000000,-0.106066,-0.106066,0.000000,0.000000,1.000000,1.000000,0.200000,480.891998,0.000000,0.000000,0.200000,208.064514,-1.100000,-0.700000,
40.407002,1,1.000000,0.000000,-0.106066,-0.106066,0.000000,0.000000,1.000000,1.000000,0.200000,480.932007,0.000000,0.000000,0.200000,208.038193,-1.100000,-0.700000,
40.444715,1,1.000000,0.000000,-0.106066,-0.106066,0.000000,0.000000,1.000000,1.000000,0.200000,480.972992,0.000000,0.000000,0.200000,208.008835,-1.100000,-0.700000,
40.485998,1,1.000000,0.000000,-0.106066,-0.106066,0.000000,0.000000,1.000000,1.000000,0.200000,481.014008,0.000000,0.000000,0.200000,207.980240,-1.100000,-0.700000,
40.526970,1,1.000000,0.000000,-0.106066,-0.106066,0.000000,0.000000,1.000000,1.000000,0.200000,481.053986,0.000000,0.000000,0.200000,207.951584,-1.100000,-0.700000,
40.563779,1,1.000000,0.000000,-0.106066,-0.106066,0.000000,0.000000,1.000000,1.000000,0.200000,481.092987,0.000000,0.000000,0.200000,207.921707,-1.100000,-0.700000,
40.605603,1,1.000000,0.000000,-0.106066,-0.106066,0.000000,0.000000,1.000000,1.000000,0.200000,481.135010,0.000000,0.000000,0.200000,207.896423,-1.100000,-0.700000,
40.643484,1,1.000000,0.000000,-0.106066,-0.106066,0.000000,0.000000,1.000000,1.000000,0.200000,481.174011,0.000000,0.000000,0.200000,207.865875,-1.100000,-0.700000,
40.685020,1,1.000000,0.000000,-0.106066,-0.106066,0.000000,0.000000,1.000000,1.000000,0.200000,481.213013,0.000000,0.000000,0.200000,207.841446,-1.100000,-0.700000,
40.723134,1,1.000000,0.000000,-0.106066,-0.106066,0.000000,0.000000,1.000000,1.000000,0.200000,481.253998,0.000000,0.000000,0.200000,207.814041,-1.100000,-0.700000,
40.765420,1,1.000000,0.000000,-0.106066,-0.106066,0.000000,0.000000,1.000000,1.000000,0.200000,481.292999,0.000000,0.000000,0.200000,207.787628,-1.100000,-0.700000,
40.805312,1,1.000000,0.000000,-0.106066,-0.106066,0.000000,0.000000,1.000000,1.000000,0.200000,481.334991,0.000000,0.000000,0.200000,207.758636,-1.100000,-0.700000,
40.841747,1,1.000000,0.000000,-0.106066,-0.106066,0.000000,0.000000,1.000000,1.000000,0.200000,481.376007,0.000000,0.000000,0.200000,207.727295,-1.000000,-0.700000,
40.886007,1,1.000000,0.000000,-0.106066,-0.106066,0.000000,0.000000,1.000000,1.000000,0.200000,481.414001,0.000000,0.000000,0.200000,207.700333,-1.000000,-0.600000,
40.924403,1,1.000000,0.000000,-0.106066,-0.106066,0.000000,0.000000,1.000000,1.000000,0.200000,481.455994,0.000000,0.000000,0.200000,207.675491,-1.000000,-0.600000,
40.964137,1,1.000000,0.000000,0.000000,0.000000,0.000000,0.000000,1.000000,1.000000,0.200000,481.497009,0.000000,0.000000,0.200000,207.644653,-1.000000,-0.600000,
41.005341,1,1.000000,0.000000,-0.106066,-0.106066,0.000000,0.000000,1.000000,1.000000,0.200000,481.540009,0.000000,0.000000,0.200000,207.620193,-1.000000,-0.600000,
41.046428,1,1.000000,0.000000,0.000000,0.000000,0.000000,0.000000,1.000000,1.000000,0.200000,481.911987,0.000000,0.000000,0.200000,207.591232,-1.000000,-0.600000,
41.087057,1,1.000000,0.000000,-0.106066,-0.106066,0.000000,0.000000,1.000000,1.000000,0.200000,482.221985,0.000000,0.000000,0.200000,207.563370,-1.000000,-0.600000,
41.127827,1,1.000000,0.000000,-0.106066,-0.106066,0.000000,0.000000,1.000000,1.000000,0.200000,481.649994,0.000000,0.000000,0.200000,207.534927,-1.000000,-0.600000,
41.166382,1,1.000000,0.000000,-0.106066,-0.106066,0.000000,0.000000,1.000000,1.000000,0.200000,481.691986,0.000000,0.000000,0.200000,207.506897,-1.000000,-0.600000,
41.205692,1,1.000000,0.000000,-0.106066,-0.106066,0.000000,0.000000,1.000000,1.000000,0.200000,481.731995,0.000000,0.000000,0.200000,207.478287,-1.000000,-0.600000,
41.245685,1,1.000000,0.000000,-0.106066,-0.106066,0.000000,0.000000,1.000000,1.000000,0.200000,481.774994,0.000000,0.000000,0.200000,207.450684,-1.000000,-0.600000,
41.284375,1,1.000000,0.000000,-0.106066,-0.106066,0.000000,0.000000,1.000000,1.000000,0.200000,481.813995,0.000000,0.000000,0.200000,207.424118,-1.000000,-0.600000,
41.325260,1,1.000000,0.000000,-0.106066,-0.106066,0.000000,0.000000,1.000000,1.000000,0.200000,481.855011,0.000000,0.000000,0.200000,207.398254,-1.000000,-0.600000,
41.364216,1,1.000000,0.000000,-0.106066,-0.106066,0.000000,0.000000,1.000000,1.000000,0.200000,481.894012,0.000000,0.000000,0.200000,207.371155,-1.000000,-0.600000,
41.404572,1,1.000000,0.000000,-0.106066,-0.106066,0.000000,0.000000,1.000000,1.000000,0.200000,481.933990,0.000000,0.000000,0.200000,207.347092,-1.000000,-0.600000,
41.444494,1,1.000000,0.000000,-0.106066,-0.106066,0.000000,0.000000,1.000000,1.000000,0.200000,481.975006,0.000000,0.000000,0.200000,207.320801,-1.000000,-0.600000,
41.487529,1,1.000000,0.000000,-0.106066,-0.106066,0.000000,0.000000,1.000000,1.000000,0.200000,482.016998,0.000000,0.000000,0.200000,207.294449,-1.000000,-0.600000,
41.530954,1,1.000000,0.000000,-0.106066,-0.106066,0.000000,0.000000,1.000000,1.000000,0.200000,482.056000,0.000000,0.000000,0.200000,207.268616,-1.000000,-0.600000,
41.567377,1,1.000000,0.000000,-0.106066,-0.106066,0.000000,0.000000,1.000000,1.000000,0.200000,482.096985,0.000000,0.000000,0.200000,207.242630,-1.000000,-0.600000,
41.606936,1,1.000000,0.000000,-0.106066,-0.106066,0.000000,0.000000,1.000000,1.000000,0.200000,482.139008,0.000000,0.000000,0.200000,207.215973,-1.000000,-0.600000,
41.644319,1,1.000000,0.000000,-0.106066,-0.106066,0.000000,0.000000,1.000000,1.000000,0.200000,482.178009,0.000000,0.000000,0.200000,207.188324,-1.000000,-0.600000,
