6.630678,1,1.000000,0.000000,0.000000,0.000000,1.000000,0.000000,0.000000,0.000000,0.200000,1032.515991,0.000000,0.000000,0.200000,243.691238,2.300000,-2.500000,
6.638508,1,1.000000,0.000000,0.000000,0.000000,1.000000,0.000000,0.000000,0.000000,0.200000,1032.524048,0.000000,0.000000,0.200000,243.724518,2.300000,-2.500000,
6.679804,1,1.000000,0.000000,0.000000,0.000000,1.000000,0.000000,0.000000,0.000000,0.200000,1032.810059,0.000000,0.000000,0.200000,243.788223,2.300000,-2.500000,
6.718567,1,1.000000,0.000000,0.000000,0.000000,1.000000,0.000000,0.000000,0.000000,0.200000,1033.199951,0.000000,0.000000,0.200000,243.847977,2.300000,-2.500000,
6.758803,1,1.000000,0.000000,0.000000,0.000000,1.000000,0.000000,0.000000,0.000000,0.200000,1032.646973,0.000000,0.000000,0.200000,243.901855,2.300000,-2.400000,
6.799135,1,1.000000,0.000000,0.000000,0.000000,1.000000,0.000000,0.000000,0.000000,0.200000,1032.677002,0.000000,0.000000,0.200000,243.940918,2.300000,-2.400000,
6.838287,1,1.000000,0.000000,0.000000,0.000000,1.000000,0.000000,0.000000,0.000000,0.200000,1032.724976,0.000000,0.000000,0.200000,244.023346,2.300000,-2.400000,
6.882066,1,1.000000,0.000000,0.000000,0.000000,1.000000,0.000000,0.000000,0.000000,0.200000,1032.765991,0.000000,0.000000,0.200000,244.085815,2.300000,-2.400000,
6.918744,1,1.000000,0.000000,0.000000,0.000000,1.000000,0.000000,0.000000,0.000000,0.200000,1032.811035,0.000000,0.000000,0.200000,244.148315,2.300000,-2.400000,
6.958406,1,1.000000,0.000000,0.000000,0.000000,1.000000,0.000000,0.000000,0.000000,0.200000,1032.848999,0.000000,0.000000,0.200000,244.208420,2.300000,-2.400000,
6.997952,1,1.000000,0.000000,0.000000,0.000000,1.000000,0.000000,0.000000,0.000000,0.200000,1032.890015,0.000000,0.000000,0.200000,244.269989,2.300000,-2.400000,
7.038768,1,1.000000,0.000000,0.000000,0.000000,1.000000,0.000000,0.000000,0.000000,0.200000,1032.917969,0.000000,0.000000,0.200000,244.301346,2.300000,-2.400000,
7.080421,1,1.000000,0.000000,0.000000,0.000000,1.000000,0.000000,0.000000,0.000000,0.200000,1032.968018,0.000000,0.000000,0.200000,244.393814,2.300000,-2.400000,
7.118882,1,1.000000,0.000000,0.000000,0.000000,1.000000,0.000000,0.000000,0.000000,0.200000,1033.001953,0.000000,0.000000,0.200000,244.431824,2.300000,-2.400000,
7.160080,1,1.000000,0.000000,0.000000,0.000000,1.000000,0.000000,0.000000,0.000000,0.200000,1033.045044,0.000000,0.000000,0.200000,244.523483,2.300000,-2.400000,
7.199443,1,1.000000,0.000000,0.000000,0.000000,1.000000,0.000000,0.000000,0.000000,0.200000,1033.087036,0.000000,0.000000,0.200000,244.584839,2.300000,-2.400000,
7.238456,1,1.000000,0.000000,0.000000,0.000000,1.000000,0.000000,0.000000,0.000000,0.200000,1033.128052,0.000000,0.000000,0.200000,244.647690,2.300000,-2.400000,
7.280669,1,1.000000,0.000000,0.000000,0.000000,1.000000,0.000000,0.000000,0.000000,0.200000,1033.168945,0.000000,0.000000,0.200000,244.701675,2.300000,-2.300000,
7.318464,1,1.000000,0.000000,0.000000,0.000000,1.000000,0.000000,0.000000,0.000000,0.200000,1033.208008,0.000000,0.000000,0.200000,244.766235,2.300000,-2.300000,
7.358245,1,1.000000,0.000000,0.000000,0.000000,1.000000,0.000000,0.000000,0.000000,0.200000,1033.249023,0.000000,0.000000,0.200000,244.817825,2.300000,-2.300000,
7.398658,1,1.000000,0.000000,0.000000,0.000000,1.000000,0.000000,0.000000,0.000000,0.200000,1033.287964,0.000000,0.000000,0.200000,244.886246,2.300000,-2.300000,
7.438336,1,1.000000,0.000000,0.000000,0.000000,1.000000,0.000000,0.000000,0.000000,0.200000,1033.328979,0.000000,0.000000,0.200000,244.931686,2.300000,-2.300000,
7.480807,1,1.000000,0.000000,0.000000,0.000000,1.000000,0.000000,0.000000,0.000000,0.200000,1033.363037,0.000000,0.000000,0.200000,244.962357,2.300000,-2.300000,
7.518038,1,1.000000,0.000000,0.000000,0.000000,1.000000,0.000000,0.000000,0.000000,0.200000,1033.402954,0.000000,0.000000,0.200000,245.053802,2.300000,-2.300000,
7.557920,1,1.000000,0.000000,0.000000,0.000000,1.000000,0.000000,0.000000,0.000000,0.200000,1033.442017,0.000000,0.000000,0.200000,245.115967,2.300000,-2.300000,
7.598266,1,1.000000,0.000000,0.000000,0.000000,1.000000,0.000000,0.000000,0.000000,0.200000,1033.480957,0.000000,0.000000,0.200000,245.147675,2.300000,-2.300000,
7.638013,1,1.000000,0.000000,0.000000,0.000000,1.000000,0.000000,0.000000,0.000000,0.200000,1033.522949,0.000000,0.000000,0.200000,245.243301,2.300000,-2.300000,
7.679584,1,1.000000,0.000000,0.000000,0.000000,1.000000,0.000000,0.000000,0.000000,0.200000,1033.800049,0.000000,0.000000,0.200000,245.303757,2.300000,-2.300000,
7.718392,1,1.000000,0.000000,0.000000,0.000000,1.000000,0.000000,0.000000,0.000000,0.200000,1034.209961,0.000000,0.000000,0.200000,245.366943,2.300000,-2.300000,
7.761201,1,1.000000,0.000000,0.000000,0.000000,1.000000,0.000000,0.000000,0.000000,0.200000,1033.649048,0.000000,0.000000,0.200000,245.419342,2.300000,-2.300000,
7.799352,1,1.000000,0.000000,0.000000,0.000000,1.000000,0.000000,0.000000,0.000000,0.200000,1033.682983,0.000000,0.000000,0.200000,245.482162,2.300000,-2.300000,
7.838095,1,1.000000,0.000000,0.000000,0.000000,1.000000,0.000000,0.000000,0.000000,0.200000,1033.723999,0.000000,0.000000,0.200000,245.555817,2.300000,-2.300000,
7.882094,1,1.000000,0.000000,0.000000,0.000000,1.000000,0.000000,0.000000,0.000000,0.200000,1033.765991,0.000000,0.000000,0.200000,245.612411,2.300000,-2.300000,
7.918542,1,1.000000,0.000000,0.000000,0.000000,1.000000,0.000000,0.000000,0.000000,0.200000,1033.806030,0.000000,0.000000,0.200000,245.679153,2.300000,-2.300000,
7.961660,1,1.000000,0.000000,0.000000,0.000000,1.000000,0.000000,0.000000,0.000000,0.200000,1033.848022,0.000000,0.000000,0.200000,245.747208,2.300000,-2.300000,
8.000366,1,1.000000,0.000000,0.000000,0.000000,1.000000,0.000000,0.000000,0.000000,0.200000,1033.886963,0.000000,0.000000,0.200000,245.811554,2.300000,-2.300000,
8.037891,1,1.000000,0.000000,0.000000,0.000000,1.000000,0.000000,0.000000,0.000000,0.200000,1033.928955,0.000000,0.000000,0.200000,245.875641,2.300000,-2.300000,
8.080981,1,1.000000,0.000000,0.000000,0.000000,1.000000,0.000000,0.000000,0.000000,0.200000,1033.968018,0.000000,0.000000,0.200000,245.939407,2.300000,-2.300000,
8.118202,1,1.000000,0.000000,0.000000,0.000000,1.000000,0.000000,0.000000,0.000000,0.200000,1034.003052,0.000000,0.000000,0.200000,245.994934,2.300000,-2.300000,
8.158247,1,1.000000,0.000000,0.000000,0.000000,1.000000,0.000000,0.000000,0.000000,0.200000,1034.047974,0.000000,0.000000,0.200000,246.052017,2.300000,-2.200000,
8.198300,1,1.000000,0.000000,0.000000,0.000000,1.000000,0.000000,0.000000,0.000000,0.200000,1034.089966,0.000000,0.000000,0.200000,246.115356,2.300000,-2.200000,
8.238729,1,1.000000,0.000000,0.000000,0.000000,1.000000,0.000000,0.000000,0.000000,0.200000,1034.130005,0.000000,0.000000,0.200000,246.174698,2.300000,-2.200000,
8.279260,1,1.000000,0.000000,0.000000,0.000000,1.000000,0.000000,0.000000,0.000000,0.200000,1034.167969,0.000000,0.000000,0.200000,246.225983,2.300000,-2.200000,
8.317617,1,1.000000,0.000000,0.000000,0.000000,1.000000,0.000000,0.000000,0.000000,0.200000,1034.197998,0.000000,0.000000,0.200000,246.256104,2.300000,-2.200000,
8.359651,1,1.000000,0.000000,0.000000,0.000000,1.000000,0.000000,0.000000,0.000000,0.200000,1034.235962,0.000000,0.000000,0.200000,246.313354,2.300000,-2.200000,
8.399698,1,1.000000,0.000000,0.000000,0.000000,1.000000,0.000000,0.000000,0.000000,0.200000,1034.286987,0.000000,0.000000,0.200000,246.405029,2.300000,-2.200000,
8.438601,1,1.000000,0.000000,0.000000,0.000000,1.000000,0.000000,0.000000,0.000000,0.200000,1034.318970,0.000000,0.000000,0.200000,246.463623,2.300000,-2.200000,
8.479386,1,1.000000,0.000000,0.000000,0.000000,1.000000,0.000000,0.000000,0.000000,0.200000,1034.359985,0.000000,0.000000,0.200000,246.493408,2.300000,-2.200000,
8.518650,1,1.000000,0.000000,0.000000,0.000000,1.000000,0.000000,0.000000,0.000000,0.200000,1034.401978,0.000000,0.000000,0.200000,246.587463,2.300000,-2.200000,
8.560466,1,1.000000,0.000000,0.000000,0.000000,1.000000,0.000000,0.000000,0.000000,0.200000,1034.438965,0.000000,0.000000,0.200000,246.645615,2.300000,-2.200000,
8.599924,1,1.000000,0.000000,0.000000,0.000000,1.000000,0.000000,0.000000,0.000000,0.200000,1034.489990,0.000000,0.000000,0.200000,246.708817,2.300000,-2.200000,
8.637562,1,1.000000,0.000000,0.000000,0.000000,1.000000,0.000000,0.000000,0.000000,0.200000,1034.522949,0.000000,0.000000,0.200000,246.751816,2.300000,-2.200000,
8.678475,1,1.000000,0.000000,0.000000,0.000000,1.000000,0.000000,0.000000,0.000000,0.200000,1034.770020,0.000000,0.000000,0.200000,246.812012,2.300000,-2.200000,
8.718806,1,1.000000,0.000000,0.000000,0.000000,1.000000,0.000000,0.000000,0.000000,0.200000,1035.150024,0.000000,0.000000,0.200000,246.917831,2.300000,-2.200000,
8.759545,1,1.000000,0.000000,0.000000,0.000000,1.000000,0.000000,0.000000,0.000000,0.200000,1034.640991,0.000000,0.000000,0.200000,246.979233,2.300000,-2.200000,
8.800274,1,1.000000,0.000000,0.000000,0.000000,1.000000,0.000000,0.000000,0.000000,0.200000,1034.686035,0.000000,0.000000,0.200000,247.042770,2.300000,-2.200000,
8.838399,1,1.000000,0.000000,0.000000,0.000000,1.000000,0.000000,0.000000,0.000000,0.200000,1034.724976,0.000000,0.000000,0.200000,247.110886,2.300000,-2.200000,
8.881021,1,1.000000,0.000000,0.000000,0.000000,1.000000,0.000000,0.000000,0.000000,0.200000,1034.766968,0.000000,0.000000,0.200000,247.176819,2.300000,-2.200000,
8.920293,1,1.000000,0.000000,0.000000,0.000000,1.000000,0.000000,0.000000,0.000000,0.200000,1034.802002,0.000000,0.000000,0.200000,247.241241,2.300000,-2.200000,
8.961512,1,1.000000,0.000000,0.000000,0.000000,1.000000,0.000000,0.000000,0.000000,0.200000,1034.844971,0.000000,0.000000,0.200000,247.302567,2.300000,-2.200000,
8.999106,1,1.000000,0.000000,0.000000,0.000000,1.000000,0.000000,0.000000,0.000000,0.200000,1034.885986,0.000000,0.000000,0.200000,247.367645,2.300000,-2.200000,
9.038259,1,1.000000,0.000000,0.000000,0.000000,1.000000,0.000000,0.000000,0.000000,0.200000,1034.931030,0.000000,0.000000,0.200000,247.429474,2.300000,-2.200000,
9.077996,1,1.000000,0.000000,0.000000,0.000000,1.000000,0.000000,0.000000,0.000000,0.200000,1034.961060,0.000000,0.000000,0.200000,247.490097,2.300000,-2.200000,
9.118047,1,1.000000,0.000000,0.000000,0.000000,1.000000,0.000000,0.000000,0.000000,0.200000,1035.009033,0.000000,0.000000,0.200000,247.552017,2.300000,-2.200000,
9.158505,1,1.000000,0.000000,0.000000,0.000000,1.000000,0.000000,0.000000,0.000000,0.200000,1035.050049,0.000000,0.000000,0.200000,247.611481,2.300000,-2.200000,
9.198380,1,1.000000,0.000000,0.000000,0.000000,1.000000,0.000000,0.000000,0.000000,0.200000,1035.089966,0.000000,0.000000,0.200000,247.671906,2.300000,-2.200000,
9.239363,1,1.000000,0.000000,0.000000,0.000000,1.000000,0.000000,0.000000,0.000000,0.200000,1035.129028,0.000000,0.000000,0.200000,247.732193,2.300000,-2.300000,
9.279936,1,1.000000,0.000000,0.000000,0.000000,1.000000,0.000000,0.000000,0.000000,0.200000,1035.167969,0.000000,0.000000,0.200000,247.795761,2.300000,-2.300000,
9.318297,1,1.000000,0.000000,0.000000,0.000000,1.000000,0.000000,0.000000,0.000000,0.200000,1035.203003,0.000000,0.000000,0.200000,247.828522,2.300000,-2.300000,
9.358475,1,1.000000,0.000000,0.000000,0.000000,1.000000,0.000000,0.000000,0.000000,0.200000,1035.248047,0.000000,0.000000,0.200000,247.915283,2.300000,-2.300000,
9.397921,1,1.000000,0.000000,0.000000,0.000000,1.000000,0.000000,0.000000,0.000000,0.200000,1035.285034,0.000000,0.000000,0.200000,247.984283,2.300000,-2.300000,
9.437857,1,1.000000,0.000000,0.000000,0.000000,1.000000,0.000000,0.000000,0.000000,0.200000,1035.327026,0.000000,0.000000,0.200000,248.052673,2.300000,-2.300000,
9.478674,1,1.000000,0.000000,0.000000,0.000000,1.000000,0.000000,0.000000,0.000000,0.200000,1035.364990,0.000000,0.000000,0.200000,248.117233,2.300000,-2.300000,
9.518261,1,1.000000,0.000000,0.000000,0.000000,1.000000,0.000000,0.000000,0.000000,0.200000,1035.405029,0.000000,0.000000,0.200000,248.181290,2.300000,-2.300000,
9.560650,1,1.000000,0.000000,0.000000,0.000000,1.000000,0.000000,0.000000,0.000000,0.200000,1035.449951,0.000000,0.000000,0.200000,248.245193,2.300000,-2.300000,
9.599553,1,1.000000,0.000000,0.000000,0.000000,1.000000,0.000000,0.000000,0.000000,0.200000,1035.485962,0.000000,0.000000,0.200000,248.302933,2.300000,-2.300000,
9.637729,1,1.000000,0.000000,0.000000,0.000000,1.000000,0.000000,0.000000,0.000000,0.200000,1035.522949,0.000000,0.000000,0.200000,248.367722,2.300000,-2.300000,
9.678679,1,1.000000,0.000000,0.000000,0.000000,1.000000,0.000000,0.000000,0.000000,0.200000,1035.780029,0.000000,0.000000,0.200000,248.431992,2.300000,-2.300000,
9.718440,1,1.000000,0.000000,0.000000,0.000000,1.000000,0.000000,0.000000,0.000000,0.200000,1036.170044,0.000000,0.000000,0.200000,248.492813,2.300000,-2.300000,
9.758002,1,1.000000,0.000000,0.000000,0.000000,1.000000,0.000000,0.000000,0.000000,0.200000,1035.644043,0.000000,0.000000,0.200000,248.548431,2.300000,-2.300000,
9.800554,1,1.000000,0.000000,0.000000,0.000000,1.000000,0.000000,0.000000,0.000000,0.200000,1035.687012,0.000000,0.000000,0.200000,248.616150,2.300000,-2.300000,
9.837910,1,1.000000,0.000000,0.000000,0.000000,1.000000,0.000000,0.000000,0.000000,0.200000,1035.723022,0.000000,0.000000,0.200000,248.684052,2.300000,-2.300000,
9.884032,1,1.000000,0.000000,0.000000,0.000000,1.000000,0.000000,0.000000,0.000000,0.200000,1035.765991,0.000000,0.000000,0.200000,248.740479,2.300000,-2.300000,
9.918540,1,1.000000,0.000000,0.000000,0.000000,1.000000,0.000000,0.000000,0.000000,0.200000,1035.808960,0.000000,0.000000,0.200000,248.802963,2.300000,-2.300000,
9.957956,1,1.000000,0.000000,0.000000,0.000000,1.000000,0.000000,0.000000,0.000000,0.200000,1035.839966,0.000000,0.000000,0.200000,248.862137,2.300000,-2.300000,
9.998623,1,1.000000,0.000000,0.000000,0.000000,1.000000,0.000000,0.000000,0.000000,0.200000,1035.880005,0.000000,0.000000,0.200000,248.924530,2.300000,-2.300000,
10.038613,1,1.000000,0.000000,0.000000,0.000000,1.000000,0.000000,0.000000,0.000000,0.200000,1035.921997,0.000000,0.000000,0.200000,248.956635,2.300000,-2.300000,
10.079529,1,1.000000,0.000000,0.000000,0.000000,1.000000,0.000000,0.000000,0.000000,0.200000,1035.961060,0.000000,0.000000,0.200000,249.017471,2.300000,-2.300000,
10.118274,1,1.000000,0.000000,0.000000,0.000000,1.000000,0.000000,0.000000,0.000000,0.200000,1036.000000,0.000000,0.000000,0.200000,249.112854,2.300000,-2.300000,
10.160673,1,1.000000,0.000000,0.000000,0.000000,1.000000,0.000000,0.000000,0.000000,0.200000,1036.045044,0.000000,0.000000,0.200000,249.174576,2.300000,-2.300000,
10.199659,1,1.000000,0.000000,0.000000,0.000000,1.000000,0.000000,0.000000,0.000000,0.200000,1036.082031,0.000000,0.000000,0.200000,249.208954,2.300000,-2.300000,
10.238175,1,1.000000,0.000000,0.000000,0.000000,1.000000,0.000000,0.000000,0.000000,0.200000,1036.119995,0.000000,0.000000,0.200000,249.297791,2.300000,-2.300000,
10.279666,1,1.000000,0.000000,0.000000,0.000000,1.000000,0.000000,0.000000,0.000000,0.200000,1036.161011,0.000000,0.000000,0.200000,249.360626,2.400000,-2.300000,
10.318070,1,1.000000,0.000000,0.000000,0.000000,1.000000,0.000000,0.000000,0.000000,0.200000,1036.203003,0.000000,0.000000,0.200000,249.423950,2.400000,-2.300000,
10.359305,1,1.000000,0.000000,0.000000,0.000000,1.000000,0.000000,0.000000,0.000000,0.200000,1036.244995,0.000000,0.000000,0.200000,249.486969,2.400000,-2.300000,
10.398862,1,1.000000,0.000000,0.000000,0.000000,1.000000,0.000000,0.000000,0.000000,0.200000,1036.284058,0.000000,0.000000,0.200000,249.550949,2.400000,-2.300000,
10.437840,1,1.000000,0.000000,0.000000,0.000000,1.000000,0.000000,0.000000,0.000000,0.200000,1036.323975,0.000000,0.000000,0.200000,249.611572,2.400000,-2.300000,
10.479915,1,1.000000,0.000000,0.000000,0.000000,1.000000,0.000000,0.000000,0.000000,0.200000,1036.370972,0.000000,0.000000,0.200000,249.677475,2.400000,-2.300000,
10.518328,1,1.000000,0.000000,0.000000,0.000000,1.000000,0.000000,0.000000,0.000000,0.200000,1036.401978,0.000000,0.000000,0.200000,249.736771,2.400000,-2.300000,
10.560086,1,1.000000,0.000000,0.000000,0.000000,1.000000,0.000000,0.000000,0.000000,0.200000,1036.441040,0.000000,0.000000,0.200000,249.795090,2.400000,-2.300000,
10.598940,1,1.000000,0.000000,0.000000,0.000000,1.000000,0.000000,0.000000,0.000000,0.200000,1036.484009,0.000000,0.000000,0.200000,249.864639,2.400000,-2.300000,
10.637795,1,1.000000,0.000000,0.000000,0.000000,1.000000,0.000000,0.000000,0.000000,0.200000,1036.522949,0.000000,0.000000,0.200000,249.924164,2.300000,-2.300000,
10.678882,1,1.000000,0.000000,0.000000,0.000000,1.000000,0.000000,0.000000,0.000000,0.200000,1036.780029,0.000000,0.000000,0.200000,249.980576,2.400000,-2.300000,
10.718816,1,1.000000,0.000000,0.000000,0.000000,1.000000,0.000000,0.000000,0.000000,0.200000,1037.170044,0.000000,0.000000,0.200000,250.049866,2.300000,-2.300000,
10.760770,1,1.000000,0.000000,0.000000,0.000000,1.000000,0.000000,0.000000,0.000000,0.200000,1036.646973,0.000000,0.000000,0.200000,250.110245,2.300000,-2.300000,
10.800335,1,1.000000,0.000000,0.000000,0.000000,1.000000,0.000000,0.000000,0.000000,0.200000,1036.687988,0.000000,0.000000,0.200000,250.171951,2.300000,-2.300000,
10.838251,1,1.000000,0.000000,0.000000,0.000000,1.000000,0.000000,0.000000,0.000000,0.200000,1036.728027,0.000000,0.000000,0.200000,250.223846,2.300000,-2.300000,
10.883237,1,1.000000,0.000000,0.000000,0.000000,1.000000,0.000000,0.000000,0.000000,0.200000,1036.769043,0.000000,0.000000,0.200000,250.296143,2.300000,-2.300000,
10.921232,1,1.000000,0.000000,0.000000,0.000000,1.000000,0.000000,0.000000,0.000000,0.200000,1036.801025,0.000000,0.000000,0.200000,250.351639,2.300000,-2.300000,
10.961221,1,1.000000,0.000000,0.000000,0.000000,1.000000,0.000000,0.000000,0.000000,0.200000,1036.843018,0.000000,0.000000,0.200000,250.411453,2.300000,-2.300000,
10.999170,1,1.000000,0.000000,0.000000,0.000000,1.000000,0.000000,0.000000,0.000000,0.200000,1036.887939,0.000000,0.000000,0.200000,250.477463,2.300000,-2.300000,
11.038149,1,1.000000,0.000000,0.000000,0.000000,1.000000,0.000000,0.000000,0.000000,0.200000,1036.928955,0.000000,0.000000,0.200000,250.537125,2.300000,-2.300000,
11.079518,1,1.000000,0.000000,0.000000,0.000000,1.000000,0.000000,0.000000,0.000000,0.200000,1036.968018,0.000000,0.000000,0.200000,250.596344,2.300000,-2.300000,
11.119108,1,1.000000,0.000000,0.000000,0.000000,1.000000,0.000000,0.000000,0.000000,0.200000,1037.008057,0.000000,0.000000,0.200000,250.654770,2.300000,-2.300000,
11.157688,1,1.000000,0.000000,0.000000,0.000000,1.000000,0.000000,0.000000,0.000000,0.200000,1037.042969,0.000000,0.000000,0.200000,250.692444,2.300000,-2.300000,
11.198976,1,1.000000,0.000000,0.000000,0.000000,1.000000,0.000000,0.000000,0.000000,0.200000,1037.083008,0.000000,0.000000,0.200000,250.781570,2.300000,-2.300000,
11.237884,1,1.000000,0.000000,0.000000,0.000000,1.000000,0.000000,0.000000,0.000000,0.200000,1037.119995,0.000000,0.000000,0.200000,250.851227,2.300000,-2.300000,
11.278294,1,1.000000,0.000000,0.000000,0.000000,1.000000,0.000000,0.000000,0.000000,0.200000,1037.161987,0.000000,0.000000,0.200000,250.874390,2.300000,-2.300000,
11.320849,1,1.000000,0.000000,0.000000,0.000000,1.000000,0.000000,0.000000,0.000000,0.200000,1037.199951,0.000000,0.000000,0.200000,250.970779,2.300000,-2.300000,
11.358676,1,1.000000,0.000000,0.000000,0.000000,1.000000,0.000000,0.000000,0.000000,0.200000,1037.245972,0.000000,0.000000,0.200000,251.032867,2.300000,-2.300000,
11.398913,1,1.000000,0.000000,0.000000,0.000000,1.000000,0.000000,0.000000,0.000000,0.200000,1037.286987,0.000000,0.000000,0.200000,251.097366,2.300000,-2.300000,
11.439120,1,1.000000,0.000000,0.000000,0.000000,1.000000,0.000000,0.000000,0.000000,0.200000,1037.331055,0.000000,0.000000,0.200000,251.156326,2.300000,-2.300000,
11.479384,1,1.000000,0.000000,0.000000,0.000000,1.000000,0.000000,0.000000,0.000000,0.200000,1037.369995,0.000000,0.000000,0.200000,251.218109,2.300000,-2.300000,
11.518346,1,1.000000,0.000000,0.000000,0.000000,1.000000,0.000000,0.000000,0.000000,0.200000,1037.399048,0.000000,0.000000,0.200000,251.251511,2.300000,-2.300000,
11.559281,1,1.000000,0.000000,0.000000,0.000000,1.000000,0.000000,0.000000,0.000000,0.200000,1037.442017,0.000000,0.000000,0.200000,251.340225,2.300000,-2.300000,
11.600035,1,1.000000,0.000000,0.000000,0.000000,1.000000,0.000000,0.000000,0.000000,0.200000,1037.485962,0.000000,0.000000,0.200000,251.401810,2.300000,-2.300000,
11.638611,1,1.000000,0.000000,0.000000,0.000000,1.000000,0.000000,0.000000,0.000000,0.200000,1037.526001,0.000000,0.000000,0.200000,251.454147,2.300000,-2.300000,
11.679625,1,1.000000,0.000000,0.000000,0.000000,1.000000,0.000000,0.000000,0.000000,0.200000,1037.790039,0.000000,0.000000,0.200000,251.523346,2.300000,-2.300000,
11.718770,1,1.000000,0.000000,0.000000,0.000000,1.000000,0.000000,0.000000,0.000000,0.200000,1038.199951,0.000000,0.000000,0.200000,251.582474,2.300000,-2.300000,
11.758632,1,1.000000,0.000000,0.000000,0.000000,1.000000,0.000000,0.000000,0.000000,0.200000,1037.649048,0.000000,0.000000,0.200000,251.640961,2.300000,-2.300000,
11.798845,1,1.000000,0.000000,0.000000,0.000000,1.000000,0.000000,0.000000,0.000000,0.200000,1037.685059,0.000000,0.000000,0.200000,251.701691,2.300000,-2.300000,
11.838367,1,1.000000,0.000000,0.000000,0.000000,1.000000,0.000000,0.000000,0.000000,0.200000,1037.729004,0.000000,0.000000,0.200000,251.763443,2.300000,-2.300000,
11.881980,1,1.000000,0.000000,0.000000,0.000000,1.000000,0.000000,0.000000,0.000000,0.200000,1037.769043,0.000000,0.000000,0.200000,251.822739,2.300000,-2.300000,
11.918107,1,1.000000,0.000000,0.000000,0.000000,1.000000,0.000000,0.000000,0.000000,0.200000,1037.803955,0.000000,0.000000,0.200000,251.891739,2.300000,-2.300000,
11.958863,1,1.000000,0.000000,0.000000,0.000000,1.000000,0.000000,0.000000,0.000000,0.200000,1037.848022,0.000000,0.000000,0.200000,251.956192,2.300000,-2.300000,
11.998050,1,1.000000,0.000000,0.000000,0.000000,1.000000,0.000000,0.000000,0.000000,0.200000,1037.884033,0.000000,0.000000,0.200000,252.001526,2.300000,-2.300000,
12.038306,1,1.000000,0.000000,0.000000,0.000000,1.000000,0.000000,0.000000,0.000000,0.200000,1037.926025,0.000000,0.000000,0.200000,252.084030,2.300000,-2.300000,
12.084097,1,1.000000,0.000000,0.000000,0.000000,1.000000,0.000000,0.000000,0.000000,0.200000,1037.965942,0.000000,0.000000,0.200000,252.400223,2.300000,-2.400000,
12.119104,1,1.000000,0.000000,0.000000,0.000000,1.000000,0.000000,0.000000,0.000000,0.200000,1038.001953,0.000000,0.000000,0.200000,252.762558,2.200000,-2.300000,
12.160921,1,1.000000,0.000000,0.000000,0.000000,1.000000,0.000000,0.000000,0.000000,0.200000,1038.040039,0.000000,0.000000,0.200000,252.945160,2.100000,-2.300000,
12.199147,1,1.000000,0.000000,0.000000,0.000000,1.000000,0.000000,0.000000,0.000000,0.200000,1038.086060,0.000000,0.000000,0.200000,253.167374,2.100000,-2.300000,
12.238186,1,1.000000,0.000000,0.000000,0.000000,1.000000,0.000000,0.000000,0.000000,0.200000,1038.119995,0.000000,0.000000,0.200000,253.293396,2.100000,-2.100000,
12.279295,1,1.000000,0.000000,0.000000,0.000000,1.000000,0.000000,0.000000,0.000000,0.200000,1038.160034,0.000000,0.000000,0.200000,253.688980,1.900000,-1.600000,
12.318768,1,1.000000,0.000000,0.000000,0.000000,1.000000,0.000000,0.000000,0.000000,0.200000,1038.208008,0.000000,0.000000,0.200000,253.830811,1.700000,-0.900000,
12.361152,1,1.000000,0.000000,0.000000,0.000000,1.000000,0.000000,0.000000,0.000000,0.200000,1038.250000,0.000000,0.000000,0.200000,253.987579,1.400000,-0.800000,
12.399370,1,1.000000,0.000000,0.000000,0.000000,1.000000,0.000000,0.000000,0.000000,0.200000,1038.285034,0.000000,0.000000,0.200000,254.023758,1.100000,-0.700000,
12.438470,1,1.000000,0.000000,0.000000,0.000000,1.000000,0.000000,0.000000,0.000000,0.200000,1038.329956,0.000000,0.000000,0.200000,254.007126,1.000000,-0.600000,
12.478243,1,1.000000,0.000000,0.000000,0.000000,1.000000,0.000000,0.000000,0.000000,0.200000,1038.364990,0.000000,0.000000,0.200000,253.987381,1.100000,-0.400000,
12.518525,1,1.000000,0.000000,0.000000,0.000000,1.000000,0.000000,0.000000,0.000000,0.210000,1038.402954,0.000000,0.000000,0.210000,253.964737,0.800000,-0.100000,
12.559587,1,1.000000,0.000000,0.000000,0.000000,1.000000,0.000000,0.000000,0.000000,0.210000,1038.447021,0.000000,0.000000,0.210000,253.917587,0.700000,0.100000,
12.599767,1,1.000000,0.000000,0.000000,0.000000,1.000000,0.000000,0.000000,0.000000,0.210000,1038.482056,0.000000,0.000000,0.210000,253.852417,0.900000,0.100000,
12.638780,1,1.000000,0.000000,0.000000,0.000000,1.000000,0.000000,0.000000,0.000000,0.220000,1038.522949,0.000000,0.000000,0.220000,253.734573,1.400000,-0.000000,
12.679437,1,1.000000,0.000000,0.000000,0.000000,1.000000,0.000000,0.000000,0.000000,0.220000,1038.829956,0.000000,0.000000,0.220000,253.630341,1.500000,-0.200000,
12.717761,1,1.000000,0.000000,0.000000,0.000000,1.000000,0.000000,0.000000,0.000000,0.230000,1039.219971,0.000000,0.000000,0.230000,253.545532,1.400000,-0.500000,
12.757891,1,1.000000,0.000000,0.000000,0.000000,1.000000,0.000000,0.000000,0.000000,0.230000,1038.646973,0.000000,0.000000,0.230000,253.525345,1.500000,-0.700000,
12.799205,1,1.000000,0.000000,0.000000,0.000000,1.000000,0.000000,0.000000,0.000000,0.230000,1038.688965,0.000000,0.000000,0.230000,253.478851,1.600000,-0.600000,
12.838394,1,1.000000,0.000000,0.000000,0.000000,1.000000,0.000000,0.000000,0.000000,0.230000,1038.718994,0.000000,0.000000,0.230000,253.439346,1.600000,-0.400000,
12.881797,1,1.000000,0.000000,0.000000,0.000000,1.000000,0.000000,0.000000,0.000000,0.230000,1038.760986,0.000000,0.000000,0.230000,253.477875,1.500000,-0.400000,
12.919387,1,1.000000,0.000000,0.000000,0.000000,1.000000,0.000000,0.000000,0.000000,0.250000,1038.802002,0.000000,0.000000,0.250000,253.531342,1.700000,-0.600000,
12.960770,1,1.000000,0.000000,0.000000,0.000000,1.000000,0.000000,0.000000,0.000000,0.250000,1038.848999,0.000000,0.000000,0.250000,253.576538,1.600000,-0.600000,
12.999418,1,1.000000,0.000000,0.000000,0.000000,1.000000,0.000000,0.000000,0.000000,0.250000,1038.885986,0.000000,0.000000,0.250000,253.621704,1.400000,-0.500000,
13.037897,1,1.000000,0.000000,0.000000,0.000000,1.000000,0.000000,0.000000,0.000000,0.250000,1038.930054,0.000000,0.000000,0.250000,253.691971,1.400000,-0.300000,
13.080577,1,1.000000,0.000000,0.000000,0.000000,1.000000,0.000000,0.000000,0.000000,0.250000,1038.962036,0.000000,0.000000,0.250000,253.753052,1.500000,-0.000000,
13.120597,1,1.000000,0.000000,0.000000,0.000000,1.000000,0.000000,0.000000,0.000000,0.270000,1039.003052,0.000000,0.000000,0.270000,253.833008,1.600000,-0.300000,
13.160365,1,1.000000,0.000000,0.000000,0.000000,1.000000,0.000000,0.000000,0.000000,0.270000,1039.037964,0.000000,0.000000,0.270000,253.849289,1.400000,-0.600000,
13.198808,1,1.000000,0.000000,0.000000,0.000000,1.000000,0.000000,0.000000,0.000000,0.270000,1039.088989,0.000000,0.000000,0.270000,253.944855,1.500000,-0.300000,
13.238086,1,1.000000,0.000000,0.000000,0.000000,1.000000,0.000000,0.000000,0.000000,0.270000,1039.119995,0.000000,0.000000,0.270000,253.980301,1.500000,-0.200000,
13.279297,1,1.000000,0.000000,0.000000,0.000000,1.000000,0.000000,0.000000,0.000000,0.270000,1039.160034,0.000000,0.000000,0.270000,254.089188,1.400000,-0.400000,
13.317855,1,1.000000,0.000000,0.000000,0.000000,1.000000,0.000000,0.000000,0.000000,0.270000,1039.199951,0.000000,0.000000,0.270000,254.132416,1.500000,-0.500000,
13.359310,1,1.000000,0.000000,0.000000,0.000000,1.000000,0.000000,0.000000,0.000000,0.270000,1039.239990,0.000000,0.000000,0.270000,254.195129,1.600000,-0.500000,
13.399058,1,1.000000,0.000000,0.000000,0.000000,1.000000,0.000000,0.000000,0.000000,0.280000,1039.285034,0.000000,0.000000,0.280000,254.214951,1.200000,-0.600000,
13.441476,1,1.000000,0.000000,0.000000,0.000000,1.000000,0.000000,0.000000,0.000000,0.350000,1039.328979,0.000000,0.000000,0.350000,254.261566,1.200000,-0.600000,
13.480689,1,1.000000,0.000000,0.000000,0.000000,1.000000,0.000000,0.000000,0.000000,0.350000,1039.368042,0.000000,0.000000,0.350000,254.288849,1.400000,-0.500000,
13.518742,1,1.000000,0.000000,0.000000,0.000000,1.000000,0.000000,0.000000,0.000000,0.200000,1039.406006,0.000000,0.000000,0.200000,254.320633,1.500000,-0.400000,
13.558407,1,1.000000,0.000000,0.000000,0.000000,1.000000,0.000000,0.000000,0.000000,0.200000,1039.447021,0.000000,0.000000,0.200000,254.294983,1.300000,-0.500000,
13.599504,1,1.000000,0.000000,0.000000,0.000000,1.000000,0.000000,0.000000,0.000000,0.330000,1039.487061,0.000000,0.000000,0.330000,254.299866,1.200000,-0.600000,
13.637886,1,1.000000,0.000000,0.000000,0.000000,1.000000,0.000000,0.000000,0.000000,0.200000,1039.531006,0.000000,0.000000,0.200000,254.268326,1.500000,-0.500000,
13.680499,1,1.000000,0.000000,0.000000,0.000000,1.000000,0.000000,0.000000,0.000000,0.200000,1039.770020,0.000000,0.000000,0.200000,254.205368,1.800000,-0.500000,
13.718064,1,1.000000,0.000000,0.000000,0.000000,1.000000,0.000000,0.000000,0.000000,0.230000,1040.160034,0.000000,0.000000,0.230000,254.161774,1.600000,0.000000,
13.757542,1,1.000000,0.000000,0.000000,0.000000,1.000000,0.000000,0.000000,0.000000,0.230000,1039.640991,0.000000,0.000000,0.230000,254.134842,1.300000,0.100000,
13.798272,1,1.000000,0.000000,0.000000,0.000000,1.000000,0.000000,0.000000,0.000000,0.230000,1039.681030,0.000000,0.000000,0.230000,254.079498,1.300000,-0.000000,
13.838313,1,1.000000,0.000000,0.000000,0.000000,1.000000,0.000000,0.000000,0.000000,0.200000,1039.723022,0.000000,0.000000,0.200000,254.009857,1.400000,-0.100000,
13.882590,1,1.000000,0.000000,0.000000,0.000000,1.000000,0.000000,0.000000,0.000000,0.200000,1039.764038,0.000000,0.000000,0.200000,253.956665,1.300000,0.300000,
13.917755,1,1.000000,0.000000,0.000000,0.000000,1.000000,0.000000,0.000000,0.000000,0.220000,1039.802979,0.000000,0.000000,0.220000,253.889160,1.100000,0.300000,
13.958338,1,1.000000,0.000000,0.000000,0.000000,1.000000,0.000000,0.000000,0.000000,0.220000,1039.845947,0.000000,0.000000,0.220000,253.830872,1.200000,-0.100000,
13.997972,1,1.000000,0.000000,0.000000,0.000000,1.000000,0.000000,0.000000,0.000000,0.220000,1039.884033,0.000000,0.000000,0.220000,253.793167,1.400000,-0.200000,
14.037724,1,1.000000,0.000000,0.000000,0.000000,1.000000,0.000000,0.000000,0.000000,0.200000,1039.925049,0.000000,0.000000,0.200000,253.700867,1.900000,-0.400000,
14.079454,1,1.000000,0.000000,0.000000,0.000000,1.000000,0.000000,0.000000,0.000000,0.200000,1039.969971,0.000000,0.000000,0.200000,253.661057,1.900000,-0.300000,
14.118167,1,1.000000,0.000000,0.000000,0.000000,1.000000,0.000000,0.000000,0.000000,0.310000,1040.000000,0.000000,0.000000,0.310000,253.631729,1.900000,-0.100000,
14.157903,1,1.000000,0.000000,0.000000,0.000000,1.000000,0.000000,0.000000,0.000000,0.310000,1040.040039,0.000000,0.000000,0.310000,253.633362,2.100000,0.100000,
14.198161,1,1.000000,0.000000,0.000000,0.000000,1.000000,0.000000,0.000000,0.000000,0.310000,1040.081055,0.000000,0.000000,0.310000,253.636566,2.100000,0.200000,
14.237886,1,1.000000,0.000000,0.000000,0.000000,1.000000,0.000000,0.000000,0.000000,0.280000,1040.119995,0.000000,0.000000,0.280000,253.605896,1.900000,0.100000,
14.280667,1,1.000000,0.000000,0.000000,0.000000,1.000000,0.000000,0.000000,0.000000,0.280000,1040.160034,0.000000,0.000000,0.280000,253.599701,1.700000,0.000000,
14.317815,1,1.000000,0.000000,0.000000,0.000000,1.000000,0.000000,0.000000,0.000000,0.320000,1040.202026,0.000000,0.000000,0.320000,253.571625,1.600000,-0.000000,
14.359288,1,1.000000,0.000000,0.000000,0.000000,1.000000,0.000000,0.000000,0.000000,0.320000,1040.241943,0.000000,0.000000,0.320000,253.572525,1.600000,0.100000,
14.400211,1,1.000000,0.000000,0.000000,0.000000,1.000000,0.000000,0.000000,0.000000,0.320000,1040.286011,0.000000,0.000000,0.320000,253.529083,1.500000,-0.100000,
14.438054,1,1.000000,0.000000,0.000000,0.000000,1.000000,0.000000,0.000000,0.000000,0.330000,1040.326050,0.000000,0.000000,0.330000,253.486038,1.300000,-0.300000,
14.479455,1,1.000000,0.000000,0.000000,0.000000,1.000000,0.000000,0.000000,0.000000,0.330000,1040.369019,0.000000,0.000000,0.330000,253.453110,1.400000,-0.100000,
14.517675,1,1.000000,0.000000,0.000000,0.000000,1.000000,0.000000,0.000000,0.000000,0.340000,1040.407959,0.000000,0.000000,0.340000,253.416702,1.600000,0.100000,
14.560036,1,1.000000,0.000000,0.000000,0.000000,1.000000,0.000000,0.000000,0.000000,0.340000,1040.447998,0.000000,0.000000,0.340000,253.358109,1.600000,0.100000,
14.599513,1,1.000000,0.000000,0.000000,0.000000,1.000000,0.000000,0.000000,0.000000,0.340000,1040.488037,0.000000,0.000000,0.340000,253.319214,1.800000,-0.000000,
14.638438,1,1.000000,0.000000,0.000000,0.000000,1.000000,0.000000,0.000000,0.000000,0.350000,1040.526978,0.000000,0.000000,0.350000,253.236313,1.900000,0.100000,
14.680084,1,1.000000,0.000000,0.000000,0.000000,1.000000,0.000000,0.000000,0.000000,0.350000,1040.829956,0.000000,0.000000,0.350000,253.159897,1.900000,0.200000,
14.718376,1,1.000000,0.000000,0.000000,0.000000,1.000000,0.000000,0.000000,0.000000,0.350000,1041.239990,0.000000,0.000000,0.350000,253.091034,1.900000,0.300000,
14.760354,1,1.000000,0.000000,0.000000,0.000000,1.000000,0.000000,0.000000,0.000000,0.350000,1040.647949,0.000000,0.000000,0.350000,252.989655,1.700000,0.100000,
14.799864,1,1.000000,0.000000,0.000000,0.000000,1.000000,0.000000,0.000000,0.000000,0.350000,1040.685059,0.000000,0.000000,0.350000,252.934952,1.600000,0.000000,
14.838340,1,1.000000,0.000000,0.000000,0.000000,1.000000,0.000000,0.000000,0.000000,0.350000,1040.727051,0.000000,0.000000,0.350000,252.814926,1.400000,0.000000,
14.880716,1,1.000000,0.000000,0.000000,0.000000,1.000000,0.000000,0.000000,0.000000,0.350000,1040.766968,0.000000,0.000000,0.350000,252.790924,1.600000,0.100000,
14.918557,1,1.000000,0.000000,0.000000,0.000000,1.000000,0.000000,0.000000,0.000000,0.350000,1040.806030,0.000000,0.000000,0.350000,252.758835,1.500000,-0.000000,
14.959691,1,1.000000,0.000000,0.000000,0.000000,1.000000,0.000000,0.000000,0.000000,0.350000,1040.848022,0.000000,0.000000,0.350000,252.725983,1.400000,0.200000,
14.999302,1,1.000000,0.000000,0.000000,0.000000,1.000000,0.000000,0.000000,0.000000,0.350000,1040.883057,0.000000,0.000000,0.350000,252.708908,1.300000,0.700000,
15.037722,1,1.000000,0.000000,0.000000,0.000000,1.000000,0.000000,0.000000,0.000000,0.360000,1040.921997,0.000000,0.000000,0.360000,252.661926,1.600000,0.700000,
15.078745,1,1.000000,0.000000,0.000000,0.000000,1.000000,0.000000,0.000000,0.000000,0.360000,1040.962036,0.000000,0.000000,0.360000,252.595871,1.900000,0.600000,
15.119356,1,1.000000,0.000000,0.000000,0.000000,1.000000,0.000000,0.000000,0.000000,0.350000,1041.000977,0.000000,0.000000,0.350000,252.499802,2.000000,0.400000,
15.159857,1,1.000000,0.000000,0.000000,0.000000,1.000000,0.000000,0.000000,0.000000,0.350000,1041.048950,0.000000,0.000000,0.350000,252.439194,2.000000,0.400000,
15.199329,1,1.000000,0.000000,0.000000,0.000000,1.000000,0.000000,0.000000,0.000000,0.350000,1041.088013,0.000000,0.000000,0.350000,252.345779,1.900000,0.300000,
15.238261,1,1.000000,0.000000,0.000000,0.000000,1.000000,0.000000,0.000000,0.000000,0.350000,1041.120972,0.000000,0.000000,0.350000,252.277679,1.700000,0.300000,
15.280108,1,1.000000,0.000000,0.000000,0.000000,1.000000,0.000000,0.000000,0.000000,0.350000,1041.167969,0.000000,0.000000,0.350000,252.230637,1.600000,0.300000,
15.318248,1,1.000000,0.000000,0.000000,0.000000,1.000000,0.000000,0.000000,0.000000,0.350000,1041.207031,0.000000,0.000000,0.350000,252.190018,1.500000,0.300000,
15.358255,1,1.000000,0.000000,0.000000,0.000000,1.000000,0.000000,0.000000,0.000000,0.350000,1041.246948,0.000000,0.000000,0.350000,252.177856,1.500000,0.300000,
15.399028,1,1.000000,0.000000,0.000000,0.000000,1.000000,0.000000,0.000000,0.000000,0.350000,1041.290039,0.000000,0.000000,0.350000,252.159866,1.400000,0.100000,
15.438389,1,1.000000,0.000000,0.000000,0.000000,1.000000,0.000000,0.000000,0.000000,0.350000,1041.331055,0.000000,0.000000,0.350000,252.170273,1.300000,0.200000,
15.480031,1,1.000000,0.000000,0.000000,0.000000,1.000000,0.000000,0.000000,0.000000,0.350000,1041.363037,0.000000,0.000000,0.350000,252.180740,1.300000,0.400000,
15.517770,1,1.000000,0.000000,0.000000,0.000000,1.000000,0.000000,0.000000,0.000000,0.350000,1041.400024,0.000000,0.000000,0.350000,252.274368,1.300000,0.800000,
15.560418,1,1.000000,0.000000,0.000000,0.000000,1.000000,0.000000,0.000000,0.000000,0.350000,1041.439941,0.000000,0.000000,0.350000,252.301559,1.300000,0.700000,
15.599426,1,1.000000,0.000000,0.000000,0.000000,1.000000,0.000000,0.000000,0.000000,0.350000,1041.487061,0.000000,0.000000,0.350000,252.354752,1.600000,0.200000,
15.638142,1,1.000000,0.000000,0.000000,0.000000,1.000000,0.000000,0.000000,0.000000,0.340000,1041.526978,0.000000,0.000000,0.340000,252.385147,1.900000,-0.000000,
15.680497,1,1.000000,0.000000,0.000000,0.000000,1.000000,0.000000,0.000000,0.000000,0.340000,1041.800049,0.000000,0.000000,0.340000,252.390182,2.000000,-0.100000,
15.718376,1,1.000000,0.000000,0.000000,0.000000,1.000000,0.000000,0.000000,0.000000,0.340000,1042.140015,0.000000,0.000000,0.340000,252.432617,2.000000,-0.100000,
15.758728,1,1.000000,0.000000,0.000000,0.000000,1.000000,0.000000,0.000000,0.000000,0.340000,1041.640991,0.000000,0.000000,0.340000,252.547134,1.900000,0.000000,
15.799392,1,1.000000,0.000000,0.000000,0.000000,1.000000,0.000000,0.000000,0.000000,0.340000,1041.682007,0.000000,0.000000,0.340000,252.692978,2.200000,0.100000,
15.838461,1,1.000000,0.000000,0.000000,0.000000,1.000000,0.000000,0.000000,0.000000,0.340000,1041.718994,0.000000,0.000000,0.340000,252.868576,4.000000,0.100000,
15.880354,1,1.000000,0.000000,0.000000,0.000000,1.000000,0.000000,0.000000,0.000000,0.330000,1041.760010,0.000000,0.000000,0.330000,252.860184,10.700000,-2.900000,
15.919020,1,1.000000,0.000000,0.000000,0.000000,1.000000,0.000000,0.000000,0.000000,0.300000,1041.800049,0.000000,0.000000,0.300000,252.711487,13.300000,-5.000000,
15.960910,1,1.000000,0.000000,0.000000,0.000000,1.000000,0.000000,0.000000,0.000000,0.290000,1041.843994,0.000000,0.000000,0.290000,252.189133,18.700001,-11.300000,
15.999362,1,1.000000,0.000000,0.000000,0.000000,1.000000,0.000000,0.000000,0.000000,0.290000,1041.880981,0.000000,0.000000,0.290000,252.166412,19.500000,-12.600000,
16.038063,1,1.000000,0.000000,0.000000,0.000000,1.000000,0.000000,0.000000,0.000000,0.250000,1041.921021,0.000000,0.000000,0.250000,252.298477,19.900000,-14.300000,
16.079028,1,1.000000,0.000000,0.000000,0.000000,1.000000,0.000000,0.000000,0.000000,0.260000,1041.961060,0.000000,0.000000,0.260000,254.181137,11.600000,-8.400000,
16.118516,1,1.000000,0.000000,0.000000,0.000000,1.000000,0.000000,0.000000,0.000000,0.200000,1042.000977,0.000000,0.000000,0.200000,255.588867,-0.900000,0.700000,
16.160388,1,1.000000,0.000000,0.000000,0.000000,1.000000,0.000000,0.000000,0.000000,0.200000,1042.040039,0.000000,0.000000,0.200000,255.904694,1.800000,-0.900000,
16.202703,1,1.000000,0.000000,0.000000,0.000000,1.000000,0.000000,0.000000,0.000000,0.190000,1042.084961,0.000000,0.000000,0.190000,255.449066,14.000000,-7.100000,
16.237890,1,1.000000,0.000000,0.000000,0.000000,1.000000,0.000000,0.000000,0.000000,0.190000,1042.119019,0.000000,0.000000,0.190000,255.184784,14.700000,-7.600000,
16.279464,1,1.000000,0.000000,0.000000,0.000000,1.000000,0.000000,0.000000,0.000000,0.200000,1042.165039,0.000000,0.000000,0.200000,255.096832,10.700000,-5.100000,
16.317761,1,1.000000,0.000000,0.000000,0.000000,1.000000,0.000000,0.000000,0.000000,0.200000,1042.202026,0.000000,0.000000,0.200000,254.698608,4.000000,-1.500000,
16.358237,1,1.000000,0.000000,0.000000,0.000000,1.000000,0.000000,0.000000,0.000000,0.200000,1042.244019,0.000000,0.000000,0.200000,254.325821,2.500000,-1.400000,
16.399354,1,1.000000,0.000000,0.000000,0.000000,1.000000,0.000000,0.000000,0.000000,0.200000,1042.282959,0.000000,0.000000,0.200000,254.533798,1.700000,-1.000000,
16.437866,1,1.000000,0.000000,0.000000,0.000000,1.000000,0.000000,0.000000,0.000000,0.200000,1042.321045,0.000000,0.000000,0.200000,254.725235,0.700000,-1.200000,
16.479813,1,1.000000,0.000000,0.000000,0.000000,1.000000,0.000000,0.000000,0.000000,0.200000,1042.359985,0.000000,0.000000,0.200000,254.738449,1.900000,-1.700000,
16.518322,1,1.000000,0.000000,0.000000,0.000000,1.000000,0.000000,0.000000,0.000000,0.200000,1042.400024,0.000000,0.000000,0.200000,254.718552,2.900000,-1.900000,
16.559896,1,1.000000,0.000000,0.000000,0.000000,1.000000,0.000000,0.000000,0.000000,0.200000,1042.444946,0.000000,0.000000,0.200000,254.737808,2.900000,-2.000000,
16.600898,1,1.000000,0.000000,0.000000,0.000000,1.000000,0.000000,0.000000,0.000000,0.200000,1042.489014,0.000000,0.000000,0.200000,254.668884,3.300000,-1.700000,
16.639175,1,1.000000,0.000000,0.000000,0.000000,1.000000,0.000000,0.000000,0.000000,0.200000,1042.531006,0.000000,0.000000,0.200000,254.580246,3.300000,-1.600000,
16.680258,1,1.000000,0.000000,0.000000,0.000000,1.000000,0.000000,0.000000,0.000000,0.200000,1042.790039,0.000000,0.000000,0.200000,254.550476,3.200000,-1.500000,
16.718251,1,1.000000,0.000000,0.000000,0.000000,1.000000,0.000000,0.000000,0.000000,0.200000,1043.160034,0.000000,0.000000,0.200000,254.692368,2.700000,-1.700000,
16.757803,1,1.000000,0.000000,0.000000,0.000000,1.000000,0.000000,0.000000,0.000000,0.200000,1042.644043,0.000000,0.000000,0.200000,254.705353,2.600000,-1.700000,
16.797684,1,1.000000,0.000000,0.000000,0.000000,1.000000,0.000000,0.000000,0.000000,0.200000,1042.682007,0.000000,0.000000,0.200000,255.398102,3.300000,-1.800000,
16.838371,1,1.000000,0.000000,0.000000,0.000000,1.000000,0.000000,0.000000,0.000000,0.200000,1042.720947,0.000000,0.000000,0.200000,255.083511,3.800000,-1.900000,
16.883444,1,1.000000,0.000000,0.000000,0.000000,1.000000,0.000000,0.000000,0.000000,0.200000,1042.765015,0.000000,0.000000,0.200000,254.656128,3.900000,-2.000000,
16.918606,1,1.000000,0.000000,0.000000,0.000000,1.000000,0.000000,0.000000,0.000000,0.200000,1042.807007,0.000000,0.000000,0.200000,254.865082,3.700000,-1.900000,
16.958316,1,1.000000,0.000000,0.000000,0.000000,1.000000,0.000000,0.000000,0.000000,0.200000,1042.848999,0.000000,0.000000,0.200000,255.147263,3.500000,-1.900000,
16.998684,1,1.000000,0.000000,0.000000,0.000000,1.000000,0.000000,0.000000,0.000000,0.200000,1042.887939,0.000000,0.000000,0.200000,254.952606,3.500000,-2.000000,
17.037939,1,1.000000,0.000000,0.000000,0.000000,1.000000,0.000000,0.000000,0.000000,0.200000,1042.921997,0.000000,0.000000,0.200000,254.855286,3.600000,-2.000000,
17.080154,1,1.000000,0.000000,0.000000,0.000000,1.000000,0.000000,0.000000,0.000000,0.200000,1042.963013,0.000000,0.000000,0.200000,254.959229,3.700000,-1.900000,
17.117942,1,1.000000,0.000000,0.000000,0.000000,1.000000,0.000000,0.000000,0.000000,0.200000,1043.009033,0.000000,0.000000,0.200000,255.093948,3.600000,-1.900000,
17.157894,1,1.000000,0.000000,0.000000,0.000000,1.000000,0.000000,0.000000,0.000000,0.200000,1043.046997,0.000000,0.000000,0.200000,254.994781,3.500000,-1.900000,
17.198960,1,1.000000,0.000000,0.000000,0.000000,1.000000,0.000000,0.000000,0.000000,0.200000,1043.087036,0.000000,0.000000,0.200000,255.074341,3.600000,-1.900000,
17.238422,1,1.000000,0.000000,0.000000,0.000000,1.000000,0.000000,0.000000,0.000000,0.200000,1043.119019,0.000000,0.000000,0.200000,255.137283,3.600000,-1.900000,
17.278510,1,1.000000,0.000000,0.000000,0.000000,1.000000,0.000000,0.000000,0.000000,0.200000,1043.166016,0.000000,0.000000,0.200000,255.121994,3.600000,-1.900000,
17.318534,1,1.000000,0.000000,0.000000,0.000000,1.000000,0.000000,0.000000,0.000000,0.200000,1043.203979,0.000000,0.000000,0.200000,255.137070,3.500000,-1.900000,
17.358495,1,1.000000,0.000000,0.000000,0.000000,1.000000,0.000000,0.000000,0.000000,0.200000,1043.241943,0.000000,0.000000,0.200000,255.174255,3.500000,-1.900000,
17.399372,1,1.000000,0.000000,0.000000,0.000000,1.000000,0.000000,0.000000,0.000000,0.200000,1043.281982,0.000000,0.000000,0.200000,255.214371,3.600000,-1.900000,
17.438181,1,1.000000,0.000000,0.000000,0.000000,1.000000,0.000000,0.000000,0.000000,0.200000,1043.318970,0.000000,0.000000,0.200000,255.184723,3.600000,-2.000000,
17.478946,1,1.000000,0.000000,0.000000,0.000000,1.000000,0.000000,0.000000,0.000000,0.200000,1043.360962,0.000000,0.000000,0.200000,255.202560,3.600000,-2.100000,
17.517928,1,1.000000,0.000000,0.000000,0.000000,1.000000,0.000000,0.000000,0.000000,0.200000,1043.400024,0.000000,0.000000,0.200000,255.182922,3.700000,-2.100000,
17.560029,1,1.000000,0.000000,0.000000,0.000000,1.000000,0.000000,0.000000,0.000000,0.200000,1043.441040,0.000000,0.000000,0.200000,255.115219,3.800000,-2.200000,
17.598845,1,1.000000,0.000000,0.000000,0.000000,1.000000,0.000000,0.000000,0.000000,0.200000,1043.485962,0.000000,0.000000,0.200000,255.073883,3.800000,-2.200000,
17.638001,1,1.000000,0.000000,0.000000,0.000000,1.000000,0.000000,0.000000,0.000000,0.200000,1043.520996,0.000000,0.000000,0.200000,255.043457,3.800000,-2.300000,
17.680713,1,1.000000,0.000000,0.000000,0.000000,1.000000,0.000000,0.000000,0.000000,0.200000,1043.800049,0.000000,0.000000,0.200000,254.983749,3.900000,-2.300000,
17.719178,1,1.000000,0.000000,0.000000,0.000000,1.000000,0.000000,0.000000,0.000000,0.200000,1044.150024,0.000000,0.000000,0.200000,254.888535,3.900000,-2.400000,
17.760412,1,1.000000,0.000000,0.000000,0.000000,1.000000,0.000000,0.000000,0.000000,0.200000,1043.642944,0.000000,0.000000,0.200000,254.785919,3.900000,-2.400000,
17.798806,1,1.000000,0.000000,0.000000,0.000000,1.000000,0.000000,0.000000,0.000000,0.200000,1043.681030,0.000000,0.000000,0.200000,254.732956,4.000000,-2.400000,
17.837696,1,1.000000,0.000000,0.000000,0.000000,1.000000,0.000000,0.000000,0.000000,0.200000,1043.720947,0.000000,0.000000,0.200000,254.641953,4.000000,-2.400000,
17.882088,1,1.000000,0.000000,0.000000,0.000000,1.000000,0.000000,0.000000,0.000000,0.200000,1043.761963,0.000000,0.000000,0.200000,254.563293,4.000000,-2.400000,
17.920864,1,1.000000,0.000000,0.000000,0.000000,1.000000,0.000000,0.000000,0.000000,0.200000,1043.801025,0.000000,0.000000,0.200000,254.433670,4.000000,-2.400000,
17.959841,1,1.000000,0.000000,0.000000,0.000000,1.000000,0.000000,0.000000,0.000000,0.200000,1043.847046,0.000000,0.000000,0.200000,254.340576,4.000000,-2.400000,
18.000012,1,1.000000,0.000000,0.000000,0.000000,1.000000,0.000000,0.000000,0.000000,0.200000,1043.881958,0.000000,0.000000,0.200000,254.296310,3.900000,-2.400000,
18.038876,1,1.000000,0.000000,0.000000,0.000000,1.000000,0.000000,0.000000,0.000000,0.200000,1043.922974,0.000000,0.000000,0.200000,254.163757,3.900000,-2.400000,
18.079260,1,1.000000,0.000000,0.000000,0.000000,1.000000,0.000000,0.000000,0.000000,0.200000,1043.965942,0.000000,0.000000,0.200000,254.074921,3.900000,-2.400000,
18.118386,1,1.000000,0.000000,0.000000,0.000000,1.000000,0.000000,0.000000,0.000000,0.200000,1044.005981,0.000000,0.000000,0.200000,253.991943,3.900000,-2.400000,
18.160741,1,1.000000,0.000000,0.000000,0.000000,1.000000,0.000000,0.000000,0.000000,0.200000,1044.050049,0.000000,0.000000,0.200000,253.912170,3.900000,-2.400000,
18.200240,1,1.000000,0.000000,0.000000,0.000000,1.000000,0.000000,0.000000,0.000000,0.200000,1044.083008,0.000000,0.000000,0.200000,253.815948,3.900000,-2.400000,
18.239338,1,1.000000,0.000000,0.000000,0.000000,1.000000,0.000000,0.000000,0.000000,0.200000,1044.121948,0.000000,0.000000,0.200000,253.742981,3.800000,-2.400000,
18.279259,1,1.000000,0.000000,0.000000,0.000000,1.000000,0.000000,0.000000,0.000000,0.200000,1044.166016,0.000000,0.000000,0.200000,253.654205,3.800000,-2.300000,
18.318466,1,1.000000,0.000000,0.000000,0.000000,1.000000,0.000000,0.000000,0.000000,0.200000,1044.206055,0.000000,0.000000,0.200000,253.560547,3.800000,-2.300000,
18.360397,1,1.000000,0.000000,0.000000,0.000000,1.000000,0.000000,0.000000,0.000000,0.200000,1044.249023,0.000000,0.000000,0.200000,253.482132,3.800000,-2.300000,
18.400701,1,1.000000,0.000000,0.000000,0.000000,1.000000,0.000000,0.000000,0.000000,0.200000,1044.286011,0.000000,0.000000,0.200000,253.391876,3.700000,-2.300000,
18.445795,1,1.000000,0.000000,0.000000,0.000000,1.000000,0.000000,0.000000,0.000000,0.200000,1044.317017,0.000000,0.000000,0.200000,253.345505,3.700000,-2.300000,
18.478450,1,1.000000,0.000000,0.000000,0.000000,1.000000,0.000000,0.000000,0.000000,0.200000,1044.366943,0.000000,0.000000,0.200000,253.254120,3.700000,-2.300000,
18.518407,1,1.000000,0.000000,0.000000,0.000000,1.000000,0.000000,0.000000,0.000000,0.200000,1044.406006,0.000000,0.000000,0.200000,253.125595,3.700000,-2.300000,
18.559217,1,1.000000,0.000000,0.000000,0.000000,1.000000,0.000000,0.000000,0.000000,0.200000,1044.446045,0.000000,0.000000,0.200000,253.029694,3.600000,-2.300000,
18.599750,1,1.000000,0.000000,0.000000,0.000000,1.000000,0.000000,0.000000,0.000000,0.200000,1044.479980,0.000000,0.000000,0.200000,252.939346,3.600000,-2.200000,
18.646200,1,1.000000,0.000000,0.000000,0.000000,1.000000,0.000000,0.000000,0.000000,0.200000,1044.517944,0.000000,0.000000,0.200000,252.894028,3.600000,-2.200000,
18.678705,1,1.000000,0.000000,0.000000,0.000000,1.000000,0.000000,0.000000,0.000000,0.200000,1044.760010,0.000000,0.000000,0.200000,252.811920,3.600000,-2.200000,
18.718052,1,1.000000,0.000000,0.000000,0.000000,1.000000,0.000000,0.000000,0.000000,0.200000,1045.140015,0.000000,0.000000,0.200000,252.667831,3.500000,-2.200000,
18.757749,1,1.000000,0.000000,0.000000,0.000000,1.000000,0.000000,0.000000,0.000000,0.200000,1045.530029,0.000000,0.000000,0.200000,252.621841,3.500000,-2.200000,
18.797882,1,1.000000,0.000000,0.000000,0.000000,1.000000,0.000000,0.000000,0.000000,0.200000,1044.680054,0.000000,0.000000,0.200000,252.530807,3.500000,-2.200000,
18.838115,1,1.000000,0.000000,0.000000,0.000000,1.000000,0.000000,0.000000,0.000000,0.200000,1044.718994,0.000000,0.000000,0.200000,252.385345,3.500000,-2.200000,
18.880774,1,1.000000,0.000000,0.000000,0.000000,1.000000,0.000000,0.000000,0.000000,0.200000,1044.760986,0.000000,0.000000,0.200000,252.291656,3.400000,-2.200000,
18.917408,1,1.000000,0.000000,0.000000,0.000000,1.000000,0.000000,0.000000,0.000000,0.200000,1044.803955,0.000000,0.000000,0.200000,252.196838,3.400000,-2.200000,
18.957317,1,1.000000,0.000000,0.000000,0.000000,1.000000,0.000000,0.000000,0.000000,0.200000,1044.842041,0.000000,0.000000,0.200000,252.106232,3.400000,-2.200000,
18.998133,1,1.000000,0.000000,0.000000,0.000000,1.000000,0.000000,0.000000,0.000000,0.200000,1044.881958,0.000000,0.000000,0.200000,252.016342,3.400000,-2.200000,
19.037392,1,1.000000,0.000000,0.000000,0.000000,1.000000,0.000000,0.000000,0.000000,0.200000,1044.921997,0.000000,0.000000,0.200000,251.920059,3.400000,-2.200000,
