49.581000,49.581000,215.000000,226.574509,225.664230,-10.664207,0.059246,0.200000,0.005556,0.200000,
49.598000,0.017000,215.000000,226.675598,226.582428,-11.582417,0.064347,0.200000,0.005556,0.200000,
49.612000,0.014000,215.000000,226.675598,226.675598,-11.675580,0.064864,0.200000,0.005556,0.200000,
49.622000,0.010000,215.000000,226.769775,226.680084,-11.680075,0.064889,0.200000,0.005556,0.200000,
49.632000,0.010000,215.000000,226.845871,226.773392,-11.773388,0.065408,0.200000,0.005556,0.200000,
49.645000,0.013000,215.000000,226.845871,226.845871,-11.845870,0.065810,0.200000,0.005556,0.200000,
49.657000,0.012000,215.000000,226.905502,226.849243,-11.849231,0.065829,0.200000,0.005556,0.200000,
49.666000,0.009000,215.000000,226.905502,226.905502,-11.905498,0.066142,0.200000,0.005556,0.200000,
49.678000,0.012000,215.000000,226.978989,226.909653,-11.909651,0.066165,0.200000,0.005556,0.200000,
49.690000,0.012000,215.000000,226.978989,226.978989,-11.978963,0.066550,0.200000,0.005556,0.200000,
49.700000,0.010000,215.000000,227.058304,226.982758,-11.982734,0.066571,0.200000,0.005556,0.200000,
49.712000,0.012000,215.000000,227.058304,227.058304,-12.058290,0.066990,0.200000,0.005556,0.200000,
49.723000,0.011000,215.000000,227.139587,227.062531,-12.062510,0.067014,0.200000,0.005556,0.200000,
49.733000,0.010000,215.000000,227.213501,227.143112,-12.143093,0.067462,0.200000,0.005556,0.200000,
49.745000,0.012000,215.000000,227.213501,227.213501,-12.213485,0.067853,0.200000,0.005556,0.200000,
49.756000,0.011000,215.000000,227.259064,227.215881,-12.215876,0.067866,0.200000,0.005556,0.200000,
49.766000,0.010000,215.000000,227.259064,227.259064,-12.259042,0.068106,0.200000,0.005556,0.200000,
49.779000,0.013000,215.000000,227.305664,227.261902,-12.261884,0.068122,0.200000,0.005556,0.200000,
49.791000,0.012000,215.000000,227.305664,227.305664,-12.305652,0.068365,0.200000,0.005556,0.200000,
49.801000,0.010000,215.000000,227.348984,227.307724,-12.307714,0.068376,0.200000,0.005556,0.200000,
49.813000,0.012000,215.000000,227.348984,227.348984,-12.348982,0.068605,0.200000,0.005556,0.200000,
49.823000,0.010000,215.000000,227.395264,227.351196,-12.351195,0.068618,0.200000,0.005556,0.200000,
49.834000,0.011000,215.000000,227.462280,227.398758,-12.398746,0.068882,0.200000,0.005556,0.200000,
49.846000,0.012000,215.000000,227.462280,227.462280,-12.462268,0.069235,0.200000,0.005556,0.200000,
49.858000,0.012000,215.000000,227.525116,227.465836,-12.465819,0.069255,0.200000,0.005556,0.200000,
49.868000,0.010000,215.000000,227.525116,227.525116,-12.525119,0.069584,0.200000,0.005556,0.200000,
49.878000,0.010000,215.000000,227.568832,227.527191,-12.527168,0.069595,0.200000,0.005556,0.200000,
49.891000,0.013000,215.000000,227.568832,227.568832,-12.568832,0.069827,0.200000,0.005556,0.200000,
49.901000,0.010000,215.000000,227.599335,227.570297,-12.570280,0.069835,0.200000,0.005556,0.200000,
49.912000,0.011000,215.000000,227.599335,227.599335,-12.599322,0.069996,0.200000,0.005556,0.200000,
49.923000,0.011000,215.000000,227.606750,227.599731,-12.599718,0.069998,0.200000,0.005556,0.200000,
49.934000,0.011000,215.000000,227.602722,227.606537,-12.606522,0.070036,0.200000,0.005556,0.200000,
49.945000,0.011000,215.000000,227.602722,227.602722,-12.602710,0.070015,0.200000,0.005556,0.200000,
49.956000,0.011000,215.000000,227.613907,227.603302,-12.603297,0.070018,0.200000,0.005556,0.200000,
49.968000,0.012000,215.000000,227.613907,227.613907,-12.613897,0.070077,0.200000,0.005556,0.200000,
49.978000,0.010000,215.000000,227.624359,227.614410,-12.614403,0.070080,0.200000,0.005556,0.200000,
49.989000,0.011000,215.000000,227.624359,227.624359,-12.624348,0.070135,0.200000,0.005556,0.200000,
50.001000,0.012000,215.000000,227.644806,227.625519,-12.625495,0.070142,0.200000,0.005556,0.200000,
50.012000,0.011000,215.000000,227.644806,227.644806,-12.644784,0.070249,0.200000,0.005556,0.200000,
50.023000,0.011000,215.000000,227.669357,227.646088,-12.646068,0.070256,0.200000,0.005556,0.200000,
50.034000,0.011000,215.000000,227.686295,227.670227,-12.670219,0.070390,0.200000,0.005556,0.200000,
50.045000,0.011000,215.000000,227.686295,227.686295,-12.686284,0.070479,0.200000,0.005556,0.200000,
50.056000,0.011000,215.000000,227.683136,227.686142,-12.686133,0.070479,0.200000,0.005556,0.200000,
50.068000,0.012000,215.000000,227.683136,227.683136,-12.683115,0.070462,0.200000,0.005556,0.200000,
50.078000,0.010000,215.000000,227.656738,227.681885,-12.681871,0.070455,0.200000,0.005556,0.200000,
50.090000,0.012000,215.000000,227.656738,227.656738,-12.656723,0.070315,0.200000,0.005556,0.200000,
50.101000,0.011000,215.000000,227.611023,227.654358,-12.654346,0.070302,0.200000,0.005556,0.200000,
50.112000,0.011000,215.000000,227.611023,227.611023,-12.611002,0.070061,0.200000,0.005556,0.200000,
50.124000,0.012000,215.000000,227.577621,227.609131,-12.609117,0.070051,0.200000,0.005556,0.200000,
50.134000,0.010000,215.000000,227.551071,227.576355,-12.576345,0.069869,0.200000,0.005556,0.200000,
50.145000,0.011000,215.000000,227.551071,227.551071,-12.551074,0.069728,0.200000,0.005556,0.200000,
50.156000,0.011000,215.000000,227.545258,227.550781,-12.550773,0.069727,0.200000,0.005556,0.200000,
50.167000,0.011000,215.000000,227.545258,227.545258,-12.545240,0.069696,0.200000,0.005556,0.200000,
50.178000,0.011000,215.000000,227.552780,227.545639,-12.545623,0.069698,0.200000,0.005556,0.200000,
50.190000,0.012000,215.000000,227.552780,227.552780,-12.552753,0.069738,0.200000,0.005556,0.200000,
50.201000,0.011000,215.000000,227.567245,227.553543,-12.553533,0.069742,0.200000,0.005556,0.200000,
50.212000,0.011000,215.000000,227.567245,227.567245,-12.567234,0.069818,0.200000,0.005556,0.200000,
50.224000,0.012000,215.000000,227.571655,227.567490,-12.567480,0.069819,0.200000,0.005556,0.200000,
50.234000,0.010000,215.000000,227.553741,227.570801,-12.570786,0.069838,0.200000,0.005556,0.200000,
50.245000,0.011000,215.000000,227.553741,227.553741,-12.553723,0.069743,0.200000,0.005556,0.200000,
50.256000,0.011000,215.000000,227.530228,227.552521,-12.552508,0.069736,0.200000,0.005556,0.200000,
50.267000,0.011000,215.000000,227.530228,227.530228,-12.530228,0.069612,0.200000,0.005556,0.200000,
50.278000,0.011000,215.000000,227.502029,227.528763,-12.528752,0.069604,0.200000,0.005556,0.200000,
50.292000,0.014000,215.000000,227.502029,227.502029,-12.502019,0.069456,0.200000,0.005556,0.200000,
50.302000,0.010000,215.000000,227.478256,227.500900,-12.500885,0.069449,0.200000,0.005556,0.200000,
50.313000,0.011000,215.000000,227.478256,227.478256,-12.478251,0.069324,0.200000,0.005556,0.200000,
50.323000,0.010000,215.000000,227.464279,227.477585,-12.477567,0.069320,0.200000,0.005556,0.200000,
50.334000,0.011000,215.000000,227.460968,227.464111,-12.464111,0.069245,0.200000,0.005556,0.200000,
50.345000,0.011000,215.000000,227.460968,227.460968,-12.460957,0.069228,0.200000,0.005556,0.200000,
50.356000,0.011000,215.000000,227.475174,227.461700,-12.461680,0.069232,0.200000,0.005556,0.200000,
50.368000,0.012000,215.000000,227.475174,227.475174,-12.475163,0.069306,0.200000,0.005556,0.200000,
50.378000,0.010000,215.000000,227.491608,227.475952,-12.475942,0.069311,0.200000,0.005556,0.200000,
50.390000,0.012000,215.000000,227.491608,227.491608,-12.491596,0.069398,0.200000,0.005556,0.200000,
50.401000,0.011000,215.000000,227.497757,227.491928,-12.491911,0.069400,0.200000,0.005556,0.200000,
50.413000,0.012000,215.000000,227.497757,227.497757,-12.497744,0.069432,0.200000,0.005556,0.200000,
50.424000,0.011000,215.000000,227.499863,227.497864,-12.497853,0.069433,0.200000,0.005556,0.200000,
50.436000,0.012000,215.000000,227.487000,227.499130,-12.499124,0.069440,0.200000,0.005556,0.200000,
50.446000,0.010000,215.000000,227.487000,227.487000,-12.486993,0.069372,0.200000,0.005556,0.200000,
50.458000,0.012000,215.000000,227.464752,227.485733,-12.485709,0.069365,0.200000,0.005556,0.200000,
50.468000,0.010000,215.000000,227.464752,227.464752,-12.464754,0.069249,0.200000,0.005556,0.200000,
50.479000,0.011000,215.000000,227.445068,227.463730,-12.463716,0.069243,0.200000,0.005556,0.200000,
50.492000,0.013000,215.000000,227.445068,227.445068,-12.445055,0.069139,0.200000,0.005556,0.200000,
50.501000,0.009000,215.000000,227.448227,227.445190,-12.445192,0.069140,0.200000,0.005556,0.200000,
50.511000,0.010000,215.000000,227.448227,227.448227,-12.448211,0.069157,0.200000,0.005556,0.200000,
50.524000,0.013000,215.000000,227.461639,227.449051,-12.449031,0.069161,0.200000,0.005556,0.200000,
50.534000,0.010000,215.000000,227.469727,227.462021,-12.462008,0.069233,0.200000,0.005556,0.200000,
50.545000,0.011000,215.000000,227.469727,227.469727,-12.469727,0.069276,0.200000,0.005556,0.200000,
50.557000,0.012000,215.000000,227.491791,227.470978,-12.470969,0.069283,0.200000,0.005556,0.200000,
50.567000,0.010000,215.000000,227.491791,227.491791,-12.491774,0.069399,0.200000,0.005556,0.200000,
50.578000,0.011000,215.000000,227.513702,227.492935,-12.492922,0.069405,0.200000,0.005556,0.200000,
50.590000,0.012000,215.000000,227.513702,227.513702,-12.513685,0.069520,0.200000,0.005556,0.200000,
50.600000,0.010000,215.000000,227.551514,227.515503,-12.515502,0.069531,0.200000,0.005556,0.200000,
50.612000,0.012000,215.000000,227.551514,227.551514,-12.551497,0.069731,0.200000,0.005556,0.200000,
50.623000,0.011000,215.000000,227.574219,227.552689,-12.552686,0.069737,0.200000,0.005556,0.200000,
50.635000,0.012000,215.000000,227.591080,227.575180,-12.575157,0.069862,0.200000,0.005556,0.200000,
50.645000,0.010000,215.000000,227.591080,227.591080,-12.591071,0.069950,0.200000,0.005556,0.200000,
50.656000,0.011000,215.000000,227.607559,227.591934,-12.591932,0.069955,0.200000,0.005556,0.200000,
50.667000,0.011000,215.000000,227.607559,227.607559,-12.607546,0.070042,0.200000,0.005556,0.200000,
50.678000,0.011000,215.000000,227.624893,227.608475,-12.608461,0.070047,0.200000,0.005556,0.200000,
50.691000,0.013000,215.000000,227.624893,227.624893,-12.624881,0.070138,0.200000,0.005556,0.200000,
50.701000,0.010000,215.000000,227.629639,227.625122,-12.625113,0.070140,0.200000,0.005556,0.200000,
50.712000,0.011000,215.000000,227.629639,227.629639,-12.629635,0.070165,0.200000,0.005556,0.200000,
50.723000,0.011000,215.000000,227.630234,227.629669,-12.629662,0.070165,0.200000,0.005556,0.200000,
50.734000,0.011000,215.000000,227.624527,227.629929,-12.629908,0.070166,0.200000,0.005556,0.200000,
50.745000,0.011000,215.000000,227.624527,227.624527,-12.624512,0.070136,0.200000,0.005556,0.200000,
50.756000,0.011000,215.000000,227.634384,227.625046,-12.625031,0.070139,0.200000,0.005556,0.200000,
50.773000,0.017000,215.000000,227.634384,227.634384,-12.634375,0.070191,0.200000,0.005556,0.200000,
50.781000,0.008000,215.000000,227.662018,227.635437,-12.635427,0.070197,0.200000,0.005556,0.200000,
50.793000,0.012000,215.000000,227.662018,227.662018,-12.662009,0.070344,0.200000,0.005556,0.200000,
50.802000,0.009000,215.000000,227.695541,227.663452,-12.663444,0.070352,0.200000,0.005556,0.200000,
50.813000,0.011000,215.000000,227.695541,227.695541,-12.695532,0.070531,0.200000,0.005556,0.200000,
50.824000,0.011000,215.000000,227.731659,227.697418,-12.697404,0.070541,0.200000,0.005556,0.200000,
50.835000,0.011000,215.000000,227.773743,227.733856,-12.733850,0.070744,0.200000,0.005556,0.200000,
50.846000,0.011000,215.000000,227.773743,227.773743,-12.773738,0.070965,0.200000,0.005556,0.200000,
50.857000,0.011000,215.000000,227.800125,227.775116,-12.775118,0.070973,0.200000,0.005556,0.200000,
50.868000,0.011000,215.000000,227.800125,227.800125,-12.800116,0.071112,0.200000,0.005556,0.200000,
50.879000,0.011000,215.000000,227.808868,227.800583,-12.800567,0.071114,0.200000,0.005556,0.200000,
50.892000,0.013000,215.000000,227.808868,227.808868,-12.808859,0.071160,0.200000,0.005556,0.200000,
50.902000,0.010000,215.000000,227.817505,227.809280,-12.809268,0.071163,0.200000,0.005556,0.200000,
50.913000,0.011000,215.000000,227.817505,227.817505,-12.817492,0.071208,0.200000,0.005556,0.200000,
50.924000,0.011000,215.000000,227.827927,227.818039,-12.818025,0.071211,0.200000,0.005556,0.200000,
50.936000,0.012000,215.000000,227.836014,227.828384,-12.828365,0.071269,0.200000,0.005556,0.200000,
50.946000,0.010000,215.000000,227.836014,227.836014,-12.836001,0.071311,0.200000,0.005556,0.200000,
50.957000,0.011000,215.000000,227.864029,227.837479,-12.837463,0.071319,0.200000,0.005556,0.200000,
50.971000,0.014000,215.000000,227.864029,227.864029,-12.864019,0.071467,0.200000,0.005556,0.200000,
50.979000,0.008000,215.000000,227.905609,227.865631,-12.865631,0.071476,0.200000,0.005556,0.200000,
50.990000,0.011000,215.000000,227.905609,227.905609,-12.905588,0.071698,0.200000,0.005556,0.200000,
51.002000,0.012000,215.000000,227.951233,227.908188,-12.908183,0.071712,0.200000,0.005556,0.200000,
51.013000,0.011000,215.000000,227.951233,227.951233,-12.951227,0.071951,0.200000,0.005556,0.200000,
51.024000,0.011000,215.000000,227.972656,227.952347,-12.952333,0.071957,0.200000,0.005556,0.200000,
51.036000,0.012000,215.000000,227.992874,227.973785,-12.973766,0.072076,0.200000,0.005556,0.200000,
51.046000,0.010000,215.000000,227.992874,227.992874,-12.992864,0.072183,0.200000,0.005556,0.200000,
51.057000,0.011000,215.000000,227.994644,227.992966,-12.992960,0.072183,0.200000,0.005556,0.200000,
51.068000,0.011000,215.000000,227.994644,227.994644,-12.994626,0.072192,0.200000,0.005556,0.200000,
51.079000,0.011000,215.000000,227.997101,227.994766,-12.994749,0.072193,0.200000,0.005556,0.200000,
51.092000,0.013000,215.000000,227.997101,227.997101,-12.997085,0.072206,0.200000,0.005556,0.200000,
51.101000,0.009000,215.000000,228.022018,227.998184,-12.998164,0.072212,0.200000,0.005556,0.200000,
51.113000,0.012000,215.000000,228.022018,228.022018,-13.022001,0.072344,0.200000,0.005556,0.200000,
51.124000,0.011000,215.000000,228.052795,228.023636,-13.023614,0.072353,0.200000,0.005556,0.200000,
51.135000,0.011000,215.000000,228.090515,228.054749,-13.054746,0.072526,0.200000,0.005556,0.200000,
51.146000,0.011000,215.000000,228.090515,228.090515,-13.090508,0.072725,0.200000,0.005556,0.200000,
51.157000,0.011000,215.000000,228.124710,228.092300,-13.092298,0.072735,0.200000,0.005556,0.200000,
51.169000,0.012000,215.000000,228.124710,228.124710,-13.124701,0.072915,0.200000,0.005556,0.200000,
51.179000,0.010000,215.000000,228.137390,228.125320,-13.125301,0.072918,0.200000,0.005556,0.200000,
51.191000,0.012000,215.000000,228.137390,228.137390,-13.137363,0.072985,0.200000,0.005556,0.200000,
51.202000,0.011000,215.000000,228.136841,228.137360,-13.137350,0.072985,0.200000,0.005556,0.200000,
51.212000,0.010000,215.000000,228.136841,228.136841,-13.136830,0.072982,0.200000,0.005556,0.200000,
51.224000,0.012000,215.000000,228.123505,228.136078,-13.136065,0.072978,0.200000,0.005556,0.200000,
51.237000,0.013000,215.000000,228.104309,228.122330,-13.122310,0.072902,0.200000,0.005556,0.200000,
51.247000,0.010000,215.000000,228.104309,228.104309,-13.104305,0.072802,0.200000,0.005556,0.200000,
51.258000,0.011000,215.000000,228.090317,228.103577,-13.103568,0.072798,0.200000,0.005556,0.200000,
51.270000,0.012000,215.000000,228.090317,228.090317,-13.090290,0.072724,0.200000,0.005556,0.200000,
51.280000,0.010000,215.000000,228.091736,228.090378,-13.090372,0.072724,0.200000,0.005556,0.200000,
51.291000,0.011000,215.000000,228.091736,228.091736,-13.091738,0.072732,0.200000,0.005556,0.200000,
51.302000,0.011000,215.000000,228.111008,228.092728,-13.092721,0.072737,0.200000,0.005556,0.200000,
51.313000,0.011000,215.000000,228.111008,228.111008,-13.110985,0.072839,0.200000,0.005556,0.200000,
51.324000,0.011000,215.000000,228.127823,228.111893,-13.111887,0.072844,0.200000,0.005556,0.200000,
51.336000,0.012000,215.000000,228.145905,228.128845,-13.128839,0.072938,0.200000,0.005556,0.200000,
51.346000,0.010000,215.000000,228.145905,228.145905,-13.145901,0.073033,0.200000,0.005556,0.200000,
51.357000,0.011000,215.000000,228.145508,228.145874,-13.145860,0.073033,0.200000,0.005556,0.200000,
51.369000,0.012000,215.000000,228.145508,228.145508,-13.145492,0.073031,0.200000,0.005556,0.200000,
51.379000,0.010000,215.000000,228.128174,228.144684,-13.144671,0.073026,0.200000,0.005556,0.200000,
51.390000,0.011000,215.000000,228.128174,228.128174,-13.128157,0.072934,0.200000,0.005556,0.200000,
51.404000,0.014000,215.000000,228.100311,228.126343,-13.126340,0.072924,0.200000,0.005556,0.200000,
51.414000,0.010000,215.000000,228.100311,228.100311,-13.100303,0.072779,0.200000,0.005556,0.200000,
51.425000,0.011000,215.000000,228.081055,228.099304,-13.099292,0.072774,0.200000,0.005556,0.200000,
51.437000,0.012000,215.000000,228.081055,228.081055,-13.081041,0.072672,0.200000,0.005556,0.200000,
51.448000,0.011000,215.000000,228.090439,228.081543,-13.081533,0.072675,0.200000,0.005556,0.200000,
51.458000,0.010000,215.000000,228.090439,228.090439,-13.090426,0.072725,0.200000,0.005556,0.200000,
51.470000,0.012000,215.000000,228.107437,228.091400,-13.091383,0.072730,0.200000,0.005556,0.200000,
51.481000,0.011000,215.000000,228.115234,228.107849,-13.107843,0.072821,0.200000,0.005556,0.200000,
51.491000,0.010000,215.000000,228.115234,228.115234,-13.115220,0.072862,0.200000,0.005556,0.200000,
51.502000,0.011000,215.000000,228.114151,228.115173,-13.115166,0.072862,0.200000,0.005556,0.200000,
51.512000,0.010000,215.000000,228.114151,228.114151,-13.114127,0.072856,0.200000,0.005556,0.200000,
51.523000,0.011000,215.000000,228.099884,228.113403,-13.113389,0.072852,0.200000,0.005556,0.200000,
51.535000,0.012000,215.000000,228.099884,228.099884,-13.099879,0.072777,0.200000,0.005556,0.200000,
51.546000,0.011000,215.000000,228.084473,228.099091,-13.099073,0.072773,0.200000,0.005556,0.200000,
51.557000,0.011000,215.000000,228.080978,228.084290,-13.084279,0.072690,0.200000,0.005556,0.200000,
51.571000,0.014000,215.000000,228.080978,228.080978,-13.080974,0.072672,0.200000,0.005556,0.200000,
51.579000,0.008000,215.000000,228.102615,228.081802,-13.081779,0.072677,0.200000,0.005556,0.200000,
51.590000,0.011000,215.000000,228.102615,228.102615,-13.102612,0.072792,0.200000,0.005556,0.200000,
51.601000,0.011000,215.000000,228.116928,228.103363,-13.103349,0.072796,0.200000,0.005556,0.200000,
51.612000,0.011000,215.000000,228.116928,228.116928,-13.116914,0.072872,0.200000,0.005556,0.200000,
51.623000,0.011000,215.000000,228.126480,228.117416,-13.117392,0.072874,0.200000,0.005556,0.200000,
51.636000,0.013000,215.000000,228.126480,228.126480,-13.126476,0.072925,0.200000,0.005556,0.200000,
51.646000,0.010000,215.000000,228.118088,228.126083,-13.126066,0.072923,0.200000,0.005556,0.200000,
51.658000,0.012000,215.000000,228.094711,228.116760,-13.116750,0.072871,0.200000,0.005556,0.200000,
51.668000,0.010000,215.000000,228.094711,228.094711,-13.094702,0.072748,0.200000,0.005556,0.200000,
51.679000,0.011000,215.000000,228.079666,228.093918,-13.093910,0.072744,0.200000,0.005556,0.200000,
51.692000,0.013000,215.000000,228.079666,228.079666,-13.079648,0.072665,0.200000,0.005556,0.200000,
51.701000,0.009000,215.000000,228.063110,228.078964,-13.078952,0.072661,0.200000,0.005556,0.200000,
51.713000,0.012000,215.000000,228.063110,228.063110,-13.063092,0.072573,0.200000,0.005556,0.200000,
51.725000,0.012000,215.000000,228.065109,228.063232,-13.063215,0.072573,0.200000,0.005556,0.200000,
51.740000,0.015000,215.000000,228.079651,228.066132,-13.066125,0.072590,0.200000,0.005556,0.200000,
51.749000,0.009000,215.000000,228.079651,228.079651,-13.079635,0.072665,0.200000,0.005556,0.200000,
51.761000,0.012000,215.000000,228.089050,228.080170,-13.080153,0.072668,0.200000,0.005556,0.200000,
51.774000,0.013000,215.000000,228.089050,228.089050,-13.089033,0.072717,0.200000,0.005556,0.200000,
51.783000,0.009000,215.000000,228.094620,228.089294,-13.089279,0.072718,0.200000,0.005556,0.200000,
51.794000,0.011000,215.000000,228.094620,228.094620,-13.094606,0.072748,0.200000,0.005556,0.200000,
51.807000,0.013000,215.000000,228.094147,228.094589,-13.094565,0.072748,0.200000,0.005556,0.200000,
51.817000,0.010000,215.000000,228.094147,228.094147,-13.094142,0.072745,0.200000,0.005556,0.200000,
51.828000,0.011000,215.000000,228.087921,228.093826,-13.093814,0.072743,0.200000,0.005556,0.200000,
51.840000,0.012000,215.000000,228.060989,228.086395,-13.086396,0.072702,0.200000,0.005556,0.200000,
51.851000,0.011000,215.000000,228.060989,228.060989,-13.060975,0.072561,0.200000,0.005556,0.200000,
51.861000,0.010000,215.000000,228.050720,228.060501,-13.060496,0.072558,0.200000,0.005556,0.200000,
51.873000,0.012000,215.000000,228.050720,228.050720,-13.050702,0.072504,0.200000,0.005556,0.200000,
51.882000,0.009000,215.000000,228.051422,228.050751,-13.050743,0.072504,0.200000,0.005556,0.200000,
51.894000,0.012000,215.000000,228.051422,228.051422,-13.051426,0.072508,0.200000,0.005556,0.200000,
51.905000,0.011000,215.000000,228.060898,228.051910,-13.051904,0.072511,0.200000,0.005556,0.200000,
51.915000,0.010000,215.000000,228.060898,228.060898,-13.060879,0.072560,0.200000,0.005556,0.200000,
51.928000,0.013000,215.000000,228.081192,228.062134,-13.062122,0.072567,0.200000,0.005556,0.200000,
51.939000,0.011000,215.000000,228.081192,228.081192,-13.081179,0.072673,0.200000,0.005556,0.200000,
51.949000,0.010000,215.000000,228.084320,228.081345,-13.081343,0.072674,0.200000,0.005556,0.200000,
51.961000,0.012000,215.000000,228.082809,228.084229,-13.084211,0.072690,0.200000,0.005556,0.200000,
51.974000,0.013000,215.000000,228.082809,228.082809,-13.082790,0.072682,0.200000,0.005556,0.200000,
51.983000,0.009000,215.000000,228.064606,228.082031,-13.082026,0.072678,0.200000,0.005556,0.200000,
51.994000,0.011000,215.000000,228.064606,228.064606,-13.064594,0.072581,0.200000,0.005556,0.200000,
52.007000,0.013000,215.000000,228.023529,228.062103,-13.062081,0.072567,0.200000,0.005556,0.200000,
52.017000,0.010000,215.000000,228.023529,228.023529,-13.023518,0.072353,0.200000,0.005556,0.200000,
52.028000,0.011000,215.000000,227.993149,228.021942,-13.021934,0.072344,0.200000,0.005556,0.200000,
52.040000,0.012000,215.000000,227.993149,227.993134,-12.993110,0.072184,0.200000,0.005556,0.200000,
52.050000,0.010000,215.000000,227.965256,227.991821,-12.991812,0.072177,0.200000,0.005556,0.200000,
52.060000,0.010000,215.000000,227.956375,227.964828,-12.964806,0.072027,0.200000,0.005556,0.200000,
52.073000,0.013000,215.000000,227.956375,227.956375,-12.956364,0.071980,0.200000,0.005556,0.200000,
52.082000,0.009000,215.000000,227.949265,227.956055,-12.956049,0.071978,0.200000,0.005556,0.200000,
52.095000,0.013000,215.000000,227.949265,227.949265,-12.949246,0.071940,0.200000,0.005556,0.200000,
52.107000,0.012000,215.000000,227.955215,227.949600,-12.949601,0.071942,0.200000,0.005556,0.200000,
52.115000,0.008000,215.000000,227.955215,227.955215,-12.955216,0.071973,0.200000,0.005556,0.200000,
52.128000,0.013000,215.000000,227.939209,227.954239,-12.954219,0.071968,0.200000,0.005556,0.200000,
52.139000,0.011000,215.000000,227.939209,227.939209,-12.939206,0.071884,0.200000,0.005556,0.200000,
52.149000,0.010000,215.000000,227.907425,227.937698,-12.937690,0.071876,0.200000,0.005556,0.200000,
52.161000,0.012000,215.000000,227.876938,227.905685,-12.905670,0.071698,0.200000,0.005556,0.200000,
52.174000,0.013000,215.000000,227.876938,227.876938,-12.876915,0.071538,0.200000,0.005556,0.200000,
52.183000,0.009000,215.000000,227.844437,227.875534,-12.875522,0.071531,0.200000,0.005556,0.200000,
52.194000,0.011000,215.000000,227.844437,227.844437,-12.844430,0.071358,0.200000,0.005556,0.200000,
52.207000,0.013000,215.000000,227.833984,227.843796,-12.843788,0.071354,0.200000,0.005556,0.200000,
52.217000,0.010000,215.000000,227.832565,227.833923,-12.833899,0.071299,0.200000,0.005556,0.200000,
52.228000,0.011000,215.000000,227.832565,227.832565,-12.832560,0.071292,0.200000,0.005556,0.200000,
52.239000,0.011000,215.000000,227.832565,227.832565,-12.832560,0.071292,0.200000,0.005556,0.200000,
52.250000,0.011000,215.000000,227.825760,227.832214,-12.832191,0.071290,0.200000,0.005556,0.200000,
52.261000,0.011000,215.000000,227.825760,227.825760,-12.825743,0.071254,0.200000,0.005556,0.200000,
52.273000,0.012000,215.000000,227.787903,227.823608,-12.823612,0.071242,0.200000,0.005556,0.200000,
52.283000,0.010000,215.000000,227.787903,227.787903,-12.787904,0.071044,0.200000,0.005556,0.200000,
52.294000,0.011000,215.000000,227.787903,227.787903,-12.787904,0.071044,0.200000,0.005556,0.200000,
52.307000,0.013000,215.000000,227.759583,227.786179,-12.786169,0.071034,0.200000,0.005556,0.200000,
52.317000,0.010000,215.000000,227.751236,227.759186,-12.759176,0.070884,0.200000,0.005556,0.200000,
52.328000,0.011000,215.000000,227.751236,227.751236,-12.751212,0.070840,0.200000,0.005556,0.200000,
52.340000,0.012000,215.000000,227.751236,227.751236,-12.751212,0.070840,0.200000,0.005556,0.200000,
52.350000,0.010000,215.000000,227.762695,227.751770,-12.751759,0.070843,0.200000,0.005556,0.200000,
52.361000,0.011000,215.000000,227.762695,227.762695,-12.762673,0.070904,0.200000,0.005556,0.200000,
52.373000,0.012000,215.000000,227.763260,227.762726,-12.762713,0.070904,0.200000,0.005556,0.200000,
52.382000,0.009000,215.000000,227.774994,227.763763,-12.763752,0.070910,0.200000,0.005556,0.200000,
52.393000,0.011000,215.000000,227.774994,227.774994,-12.774981,0.070972,0.200000,0.005556,0.200000,
52.406000,0.013000,215.000000,227.778351,227.775192,-12.775172,0.070973,0.200000,0.005556,0.200000,
52.415000,0.009000,215.000000,227.772858,227.778122,-12.778110,0.070989,0.200000,0.005556,0.200000,
52.426000,0.011000,215.000000,227.772858,227.772858,-12.772837,0.070960,0.200000,0.005556,0.200000,
52.439000,0.013000,215.000000,227.759903,227.772064,-12.772044,0.070956,0.200000,0.005556,0.200000,
52.451000,0.012000,215.000000,227.759903,227.759903,-12.759886,0.070888,0.200000,0.005556,0.200000,
52.460000,0.009000,215.000000,227.763977,227.760086,-12.760077,0.070889,0.200000,0.005556,0.200000,
52.473000,0.013000,215.000000,227.778885,227.764893,-12.764873,0.070916,0.200000,0.005556,0.200000,
52.483000,0.010000,215.000000,227.778885,227.778885,-12.778888,0.070994,0.200000,0.005556,0.200000,
52.494000,0.011000,215.000000,227.778885,227.778885,-12.778888,0.070994,0.200000,0.005556,0.200000,
52.505000,0.011000,215.000000,227.811905,227.780609,-12.780596,0.071003,0.200000,0.005556,0.200000,
52.517000,0.012000,215.000000,227.826721,227.812744,-12.812724,0.071182,0.200000,0.005556,0.200000,
52.528000,0.011000,215.000000,227.826721,227.826721,-12.826713,0.071260,0.200000,0.005556,0.200000,
52.540000,0.012000,215.000000,227.832626,227.827057,-12.827041,0.071261,0.200000,0.005556,0.200000,
52.550000,0.010000,215.000000,227.832626,227.832626,-12.832614,0.071292,0.200000,0.005556,0.200000,
52.560000,0.010000,215.000000,227.828003,227.832397,-12.832382,0.071291,0.200000,0.005556,0.200000,
52.573000,0.013000,215.000000,227.828003,227.828003,-12.827997,0.071267,0.200000,0.005556,0.200000,
52.582000,0.009000,215.000000,227.830948,227.828140,-12.828134,0.071267,0.200000,0.005556,0.200000,
52.593000,0.011000,215.000000,227.845917,227.831726,-12.831713,0.071287,0.200000,0.005556,0.200000,
52.606000,0.013000,215.000000,227.845917,227.845917,-12.845905,0.071366,0.200000,0.005556,0.200000,
52.617000,0.011000,215.000000,227.870499,227.847198,-12.847190,0.071373,0.200000,0.005556,0.200000,
52.628000,0.011000,215.000000,227.870499,227.870499,-12.870481,0.071503,0.200000,0.005556,0.200000,
52.640000,0.012000,215.000000,227.902023,227.872284,-12.872271,0.071513,0.200000,0.005556,0.200000,
52.650000,0.010000,215.000000,227.902023,227.902023,-12.902022,0.071678,0.200000,0.005556,0.200000,
52.660000,0.010000,215.000000,227.921326,227.902954,-12.902951,0.071683,0.200000,0.005556,0.200000,
52.672000,0.012000,215.000000,227.922302,227.921387,-12.921366,0.071785,0.200000,0.005556,0.200000,
52.683000,0.011000,215.000000,227.922302,227.922302,-12.922280,0.071790,0.200000,0.005556,0.200000,
52.693000,0.010000,215.000000,227.926819,227.922516,-12.922500,0.071792,0.200000,0.005556,0.200000,
52.705000,0.012000,215.000000,227.926819,227.926819,-12.926803,0.071816,0.200000,0.005556,0.200000,
52.715000,0.010000,215.000000,227.944351,227.927643,-12.927622,0.071820,0.200000,0.005556,0.200000,
52.727000,0.012000,215.000000,227.944351,227.944336,-12.944328,0.071913,0.200000,0.005556,0.200000,
52.740000,0.013000,215.000000,227.976379,227.946304,-12.946296,0.071924,0.200000,0.005556,0.200000,
52.750000,0.010000,215.000000,227.976379,227.976379,-12.976376,0.072091,0.200000,0.005556,0.200000,
52.761000,0.011000,215.000000,228.017410,227.978531,-12.978520,0.072103,0.200000,0.005556,0.200000,
52.773000,0.012000,215.000000,228.017410,228.017395,-13.017385,0.072319,0.200000,0.005556,0.200000,
52.782000,0.009000,215.000000,228.051636,228.018875,-13.018860,0.072327,0.200000,0.005556,0.200000,
52.793000,0.011000,215.000000,228.068314,228.052505,-13.052491,0.072514,0.200000,0.005556,0.200000,
52.806000,0.013000,215.000000,228.068314,228.068314,-13.068296,0.072602,0.200000,0.005556,0.200000,
52.816000,0.010000,215.000000,228.076126,228.068695,-13.068693,0.072604,0.200000,0.005556,0.200000,
52.826000,0.010000,215.000000,228.076126,228.076126,-13.076110,0.072645,0.200000,0.005556,0.200000,
52.839000,0.013000,215.000000,228.090515,228.077011,-13.077012,0.072650,0.200000,0.005556,0.200000,
52.850000,0.011000,215.000000,228.090515,228.090515,-13.090508,0.072725,0.200000,0.005556,0.200000,
52.860000,0.010000,215.000000,228.119308,228.091873,-13.091874,0.072733,0.200000,0.005556,0.200000,
52.872000,0.012000,215.000000,228.119308,228.119293,-13.119277,0.072885,0.200000,0.005556,0.200000,
52.882000,0.010000,215.000000,228.158646,228.121185,-13.121162,0.072895,0.200000,0.005556,0.200000,
52.894000,0.012000,215.000000,228.206009,228.161331,-13.161324,0.073118,0.200000,0.005556,0.200000,
52.906000,0.012000,215.000000,228.206009,228.206009,-13.205993,0.073367,0.200000,0.005556,0.200000,
52.916000,0.010000,215.000000,228.242889,228.207764,-13.207755,0.073376,0.200000,0.005556,0.200000,
52.927000,0.011000,215.000000,228.242889,228.242889,-13.242889,0.073572,0.200000,0.005556,0.200000,
52.939000,0.012000,215.000000,228.274704,228.244690,-13.244666,0.073581,0.200000,0.005556,0.200000,
52.950000,0.011000,215.000000,228.274704,228.274704,-13.274692,0.073748,0.200000,0.005556,0.200000,
52.961000,0.011000,215.000000,228.293015,228.275650,-13.275634,0.073754,0.200000,0.005556,0.200000,
52.973000,0.012000,215.000000,228.293015,228.293015,-13.293010,0.073850,0.200000,0.005556,0.200000,
52.983000,0.010000,215.000000,228.310730,228.293869,-13.293857,0.073855,0.200000,0.005556,0.200000,
52.993000,0.010000,215.000000,228.344070,228.312317,-13.312298,0.073957,0.200000,0.005556,0.200000,
53.006000,0.013000,215.000000,228.344070,228.344070,-13.344059,0.074134,0.200000,0.005556,0.200000,
53.016000,0.010000,215.000000,228.384109,228.345978,-13.345971,0.074144,0.200000,0.005556,0.200000,
53.027000,0.011000,215.000000,228.384109,228.384125,-13.384110,0.074356,0.200000,0.005556,0.200000,
53.039000,0.012000,215.000000,228.384109,228.384109,-13.384110,0.074356,0.200000,0.005556,0.200000,
53.050000,0.011000,215.000000,228.428101,228.386414,-13.386406,0.074369,0.200000,0.005556,0.200000,
53.060000,0.010000,215.000000,228.475204,228.430344,-13.430324,0.074613,0.200000,0.005556,0.200000,
53.072000,0.012000,215.000000,228.475204,228.475204,-13.475184,0.074862,0.200000,0.005556,0.200000,
53.082000,0.010000,215.000000,228.503174,228.476532,-13.476523,0.074870,0.200000,0.005556,0.200000,
53.094000,0.012000,215.000000,228.515564,228.503876,-13.503858,0.075021,0.200000,0.005556,0.200000,
53.106000,0.012000,215.000000,228.515564,228.515564,-13.515551,0.075086,0.200000,0.005556,0.200000,
53.115000,0.009000,215.000000,228.528549,228.516113,-13.516097,0.075089,0.200000,0.005556,0.200000,
53.127000,0.012000,215.000000,228.528549,228.528549,-13.528528,0.075158,0.200000,0.005556,0.200000,
53.139000,0.012000,215.000000,228.536819,228.529007,-13.529007,0.075161,0.200000,0.005556,0.200000,
53.148000,0.009000,215.000000,228.536819,228.536819,-13.536806,0.075204,0.200000,0.005556,0.200000,
53.161000,0.013000,215.000000,228.565231,228.538544,-13.538542,0.075214,0.200000,0.005556,0.200000,
53.174000,0.013000,215.000000,228.565231,228.565231,-13.565220,0.075362,0.200000,0.005556,0.200000,
53.184000,0.010000,215.000000,228.565231,228.565231,-13.565220,0.075362,0.200000,0.005556,0.200000,
53.193000,0.009000,215.000000,228.635147,228.568237,-13.568226,0.075379,0.200000,0.005556,0.200000,
53.207000,0.014000,215.000000,228.635147,228.635147,-13.635134,0.075751,0.200000,0.005556,0.200000,
53.216000,0.009000,215.000000,228.653488,228.635941,-13.635940,0.075755,0.200000,0.005556,0.200000,
53.226000,0.010000,215.000000,228.653488,228.653488,-13.653480,0.075853,0.200000,0.005556,0.200000,
53.238000,0.012000,215.000000,228.657471,228.653717,-13.653712,0.075854,0.200000,0.005556,0.200000,
53.249000,0.011000,215.000000,228.657471,228.657471,-13.657455,0.075875,0.200000,0.005556,0.200000,
53.260000,0.011000,215.000000,228.657471,228.657471,-13.657455,0.075875,0.200000,0.005556,0.200000,
53.272000,0.012000,215.000000,228.649155,228.656998,-13.656991,0.075872,0.200000,0.005556,0.200000,
53.282000,0.010000,215.000000,228.628281,228.648163,-13.648152,0.075823,0.200000,0.005556,0.200000,
53.293000,0.011000,215.000000,228.603592,228.626984,-13.626979,0.075705,0.200000,0.005556,0.200000,
53.306000,0.013000,215.000000,228.603592,228.603592,-13.603592,0.075576,0.200000,0.005556,0.200000,
53.315000,0.009000,215.000000,228.583374,228.602722,-13.602718,0.075571,0.200000,0.005556,0.200000,
53.327000,0.012000,215.000000,228.583374,228.583374,-13.583361,0.075463,0.200000,0.005556,0.200000,
53.340000,0.013000,215.000000,228.560333,228.581970,-13.581967,0.075455,0.200000,0.005556,0.200000,
53.350000,0.010000,215.000000,228.560333,228.560333,-13.560316,0.075335,0.200000,0.005556,0.200000,
53.361000,0.011000,215.000000,228.551605,228.559875,-13.559879,0.075333,0.200000,0.005556,0.200000,
53.373000,0.012000,215.000000,228.551605,228.551605,-13.551600,0.075287,0.200000,0.005556,0.200000,
53.383000,0.010000,215.000000,228.549942,228.551529,-13.551518,0.075286,0.200000,0.005556,0.200000,
53.395000,0.012000,215.000000,228.529861,228.548798,-13.548773,0.075271,0.200000,0.005556,0.200000,
53.406000,0.011000,215.000000,228.529861,228.529861,-13.529854,0.075166,0.200000,0.005556,0.200000,
53.416000,0.010000,215.000000,228.517349,228.529266,-13.529252,0.075163,0.200000,0.005556,0.200000,
53.427000,0.011000,215.000000,228.517349,228.517349,-13.517341,0.075096,0.200000,0.005556,0.200000,
53.439000,0.012000,215.000000,228.494583,228.516068,-13.516056,0.075089,0.200000,0.005556,0.200000,
53.449000,0.010000,215.000000,228.494583,228.494583,-13.494569,0.074970,0.200000,0.005556,0.200000,
53.460000,0.011000,215.000000,228.463974,228.492981,-13.492957,0.074961,0.200000,0.005556,0.200000,
53.472000,0.012000,215.000000,228.463974,228.463974,-13.463956,0.074800,0.200000,0.005556,0.200000,
53.483000,0.011000,215.000000,228.431091,228.462265,-13.462248,0.074790,0.200000,0.005556,0.200000,
53.494000,0.011000,215.000000,228.381470,228.428497,-13.428480,0.074603,0.200000,0.005556,0.200000,
53.506000,0.012000,215.000000,228.381470,228.381470,-13.381461,0.074341,0.200000,0.005556,0.200000,
53.516000,0.010000,215.000000,228.333588,228.379181,-13.379166,0.074329,0.200000,0.005556,0.200000,
53.527000,0.011000,215.000000,228.333588,228.333588,-13.333568,0.074075,0.200000,0.005556,0.200000,
53.539000,0.012000,215.000000,228.308792,228.332184,-13.332174,0.074068,0.200000,0.005556,0.200000,
53.548000,0.009000,215.000000,228.308792,228.308792,-13.308787,0.073938,0.200000,0.005556,0.200000,
53.560000,0.012000,215.000000,228.296967,228.308136,-13.308118,0.073934,0.200000,0.005556,0.200000,
53.572000,0.012000,215.000000,228.296967,228.296967,-13.296958,0.073872,0.200000,0.005556,0.200000,
53.582000,0.010000,215.000000,228.277344,228.296036,-13.296015,0.073867,0.200000,0.005556,0.200000,
53.594000,0.012000,215.000000,228.240082,228.275238,-13.275238,0.073751,0.200000,0.005556,0.200000,
53.606000,0.012000,215.000000,228.240082,228.240082,-13.240062,0.073556,0.200000,0.005556,0.200000,
53.616000,0.010000,215.000000,228.192398,228.237823,-13.237808,0.073543,0.200000,0.005556,0.200000,
53.627000,0.011000,215.000000,228.192398,228.192413,-13.192414,0.073291,0.200000,0.005556,0.200000,
53.639000,0.012000,215.000000,228.148880,228.189926,-13.189929,0.073277,0.200000,0.005556,0.200000,
53.649000,0.010000,215.000000,228.148880,228.148880,-13.148866,0.073049,0.200000,0.005556,0.200000,
53.660000,0.011000,215.000000,228.121994,228.147476,-13.147472,0.073042,0.200000,0.005556,0.200000,
53.672000,0.012000,215.000000,228.121994,228.122009,-13.121996,0.072900,0.200000,0.005556,0.200000,
53.682000,0.010000,215.000000,228.113052,228.121567,-13.121558,0.072898,0.200000,0.005556,0.200000,
53.694000,0.012000,215.000000,228.113052,228.113052,-13.113048,0.072850,0.200000,0.005556,0.200000,
53.705000,0.011000,215.000000,228.113052,228.113052,-13.113048,0.072850,0.200000,0.005556,0.200000,
53.715000,0.010000,215.000000,228.113052,228.113052,-13.113048,0.072850,0.200000,0.005556,0.200000,
53.727000,0.012000,215.000000,228.131134,228.114075,-13.114058,0.072856,0.200000,0.005556,0.200000,
53.740000,0.013000,215.000000,228.126282,228.130844,-13.130847,0.072949,0.200000,0.005556,0.200000,
53.750000,0.010000,215.000000,228.126282,228.126282,-13.126271,0.072924,0.200000,0.005556,0.200000,
53.761000,0.011000,215.000000,228.112991,228.125580,-13.125574,0.072920,0.200000,0.005556,0.200000,
53.773000,0.012000,215.000000,228.112991,228.112991,-13.112993,0.072850,0.200000,0.005556,0.200000,
53.782000,0.009000,215.000000,228.093124,228.112122,-13.112119,0.072845,0.200000,0.005556,0.200000,
53.793000,0.011000,215.000000,228.090149,228.092972,-13.092954,0.072739,0.200000,0.005556,0.200000,
53.806000,0.013000,215.000000,228.090149,228.090149,-13.090139,0.072723,0.200000,0.005556,0.200000,
53.816000,0.010000,215.000000,228.097366,228.090500,-13.090495,0.072725,0.200000,0.005556,0.200000,
53.827000,0.011000,215.000000,228.097366,228.097366,-13.097352,0.072763,0.200000,0.005556,0.200000,
53.839000,0.012000,215.000000,228.121338,228.098724,-13.098704,0.072771,0.200000,0.005556,0.200000,
53.851000,0.012000,215.000000,228.121338,228.121338,-13.121326,0.072896,0.200000,0.005556,0.200000,
53.860000,0.009000,215.000000,228.133804,228.121872,-13.121873,0.072899,0.200000,0.005556,0.200000,
53.872000,0.012000,215.000000,228.133804,228.133804,-13.133798,0.072966,0.200000,0.005556,0.200000,
53.882000,0.010000,215.000000,228.148605,228.134506,-13.134495,0.072969,0.200000,0.005556,0.200000,
53.894000,0.012000,215.000000,228.143646,228.148331,-13.148333,0.073046,0.200000,0.005556,0.200000,
53.906000,0.012000,215.000000,228.143646,228.143646,-13.143620,0.073020,0.200000,0.005556,0.200000,
53.915000,0.009000,215.000000,228.138672,228.143433,-13.143415,0.073019,0.200000,0.005556,0.200000,
53.927000,0.012000,215.000000,228.138672,228.138672,-13.138647,0.072992,0.200000,0.005556,0.200000,
53.940000,0.013000,215.000000,228.138672,228.138672,-13.138647,0.072992,0.200000,0.005556,0.200000,
53.950000,0.010000,215.000000,228.143829,228.138916,-13.138907,0.072994,0.200000,0.005556,0.200000,
53.961000,0.011000,215.000000,228.169571,228.145172,-13.145164,0.073029,0.200000,0.005556,0.200000,
53.974000,0.013000,215.000000,228.169571,228.169571,-13.169561,0.073164,0.200000,0.005556,0.200000,
53.984000,0.010000,215.000000,228.209152,228.171463,-13.171446,0.073175,0.200000,0.005556,0.200000,
53.995000,0.011000,215.000000,228.262711,228.211945,-13.211935,0.073400,0.200000,0.005556,0.200000,
54.007000,0.012000,215.000000,228.262711,228.262726,-13.262725,0.073682,0.200000,0.005556,0.200000,
54.017000,0.010000,215.000000,228.311127,228.265015,-13.265006,0.073694,0.200000,0.005556,0.200000,
54.027000,0.010000,215.000000,228.311127,228.311127,-13.311110,0.073951,0.200000,0.005556,0.200000,
54.039000,0.012000,215.000000,228.325745,228.311951,-13.311930,0.073955,0.200000,0.005556,0.200000,
54.049000,0.010000,215.000000,228.325745,228.325745,-13.325727,0.074032,0.200000,0.005556,0.200000,
54.060000,0.011000,215.000000,228.336227,228.326294,-13.326286,0.074035,0.200000,0.005556,0.200000,
54.072000,0.012000,215.000000,228.336227,228.336227,-13.336218,0.074090,0.200000,0.005556,0.200000,
54.082000,0.010000,215.000000,228.344955,228.336655,-13.336641,0.074092,0.200000,0.005556,0.200000,
54.095000,0.013000,215.000000,228.344955,228.344955,-13.344933,0.074139,0.200000,0.005556,0.200000,
54.107000,0.012000,215.000000,228.368881,228.346298,-13.346285,0.074146,0.200000,0.005556,0.200000,
54.117000,0.010000,215.000000,228.395813,228.370163,-13.370164,0.074279,0.200000,0.005556,0.200000,
54.129000,0.012000,215.000000,228.395813,228.395813,-13.395804,0.074421,0.200000,0.005556,0.200000,
54.140000,0.011000,215.000000,228.421204,228.397141,-13.397129,0.074428,0.200000,0.005556,0.200000,
54.150000,0.010000,215.000000,228.421204,228.421204,-13.421199,0.074562,0.200000,0.005556,0.200000,
54.160000,0.010000,215.000000,228.424225,228.421341,-13.421335,0.074563,0.200000,0.005556,0.200000,
54.173000,0.013000,215.000000,228.424225,228.424225,-13.424204,0.074579,0.200000,0.005556,0.200000,
54.182000,0.009000,215.000000,228.407013,228.423477,-13.423467,0.074575,0.200000,0.005556,0.200000,
54.194000,0.012000,215.000000,228.407013,228.407013,-13.406992,0.074483,0.200000,0.005556,0.200000,
54.205000,0.011000,215.000000,228.407944,228.407059,-13.407046,0.074484,0.200000,0.005556,0.200000,
54.215000,0.010000,215.000000,228.409805,228.408035,-13.408016,0.074489,0.200000,0.005556,0.200000,
54.227000,0.012000,215.000000,228.409805,228.409805,-13.409792,0.074499,0.200000,0.005556,0.200000,
54.238000,0.011000,215.000000,228.426819,228.410690,-13.410680,0.074504,0.200000,0.005556,0.200000,
54.250000,0.012000,215.000000,228.426819,228.426819,-13.426813,0.074593,0.200000,0.005556,0.200000,
54.260000,0.010000,215.000000,228.453629,228.428101,-13.428098,0.074601,0.200000,0.005556,0.200000,
54.272000,0.012000,215.000000,228.453629,228.453629,-13.453615,0.074742,0.200000,0.005556,0.200000,
54.283000,0.011000,215.000000,228.475952,228.454788,-13.454790,0.074749,0.200000,0.005556,0.200000,
54.295000,0.012000,215.000000,228.475952,228.475952,-13.475949,0.074866,0.200000,0.005556,0.200000,
54.307000,0.012000,215.000000,228.505173,228.477600,-13.477589,0.074875,0.200000,0.005556,0.200000,
54.316000,0.009000,215.000000,228.511826,228.505463,-13.505456,0.075030,0.200000,0.005556,0.200000,
54.329000,0.013000,215.000000,228.511826,228.511826,-13.511808,0.075066,0.200000,0.005556,0.200000,
54.339000,0.010000,215.000000,228.513397,228.511902,-13.511890,0.075066,0.200000,0.005556,0.200000,
54.349000,0.010000,215.000000,228.513397,228.513397,-13.513379,0.075074,0.200000,0.005556,0.200000,
54.360000,0.011000,215.000000,228.506943,228.513062,-13.513051,0.075073,0.200000,0.005556,0.200000,
54.372000,0.012000,215.000000,228.506943,228.506958,-13.506945,0.075039,0.200000,0.005556,0.200000,
54.382000,0.010000,215.000000,228.501068,228.506668,-13.506659,0.075037,0.200000,0.005556,0.200000,
54.394000,0.012000,215.000000,228.501068,228.501068,-13.501058,0.075006,0.200000,0.005556,0.200000,
54.406000,0.012000,215.000000,228.501068,228.501068,-13.501058,0.075006,0.200000,0.005556,0.200000,
54.416000,0.010000,215.000000,228.501068,228.501068,-13.501058,0.075006,0.200000,0.005556,0.200000,
54.428000,0.012000,215.000000,228.476074,228.499649,-13.499650,0.074998,0.200000,0.005556,0.200000,
54.440000,0.012000,215.000000,228.470627,228.475769,-13.475744,0.074865,0.200000,0.005556,0.200000,
54.451000,0.011000,215.000000,228.470627,228.470627,-13.470622,0.074837,0.200000,0.005556,0.200000,
54.461000,0.010000,215.000000,228.470703,228.470627,-13.470622,0.074837,0.200000,0.005556,0.200000,
54.473000,0.012000,215.000000,228.470703,228.470703,-13.470704,0.074837,0.200000,0.005556,0.200000,
54.483000,0.010000,215.000000,228.477356,228.471024,-13.471004,0.074839,0.200000,0.005556,0.200000,
54.494000,0.011000,215.000000,228.477356,228.477356,-13.477343,0.074874,0.200000,0.005556,0.200000,
54.507000,0.013000,215.000000,228.481491,228.477600,-13.477589,0.074875,0.200000,0.005556,0.200000,
54.517000,0.010000,215.000000,228.489304,228.481857,-13.481851,0.074899,0.200000,0.005556,0.200000,
54.529000,0.012000,215.000000,228.489304,228.489304,-13.489296,0.074941,0.200000,0.005556,0.200000,
54.540000,0.011000,215.000000,228.489304,228.489304,-13.489296,0.074941,0.200000,0.005556,0.200000,
54.550000,0.010000,215.000000,228.489304,228.489304,-13.489296,0.074941,0.200000,0.005556,0.200000,
54.560000,0.010000,215.000000,228.489304,228.489304,-13.489296,0.074941,0.200000,0.005556,0.200000,
54.572000,0.012000,215.000000,228.514938,228.490753,-13.490744,0.074949,0.200000,0.005556,0.200000,
54.582000,0.010000,215.000000,228.530060,228.515656,-13.515633,0.075087,0.200000,0.005556,0.200000,
54.594000,0.012000,215.000000,228.530060,228.530060,-13.530045,0.075167,0.200000,0.005556,0.200000,
54.608000,0.014000,215.000000,228.522186,228.529541,-13.529526,0.075164,0.200000,0.005556,0.200000,
54.617000,0.009000,215.000000,228.524094,228.522263,-13.522258,0.075124,0.200000,0.005556,0.200000,
54.627000,0.010000,215.000000,228.524094,228.524094,-13.524089,0.075134,0.200000,0.005556,0.200000,
54.639000,0.012000,215.000000,228.516922,228.523682,-13.523679,0.075132,0.200000,0.005556,0.200000,
54.649000,0.010000,215.000000,228.516922,228.516922,-13.516917,0.075094,0.200000,0.005556,0.200000,
54.660000,0.011000,215.000000,228.509460,228.516541,-13.516535,0.075092,0.200000,0.005556,0.200000,
54.672000,0.012000,215.000000,228.509460,228.509460,-13.509459,0.075053,0.200000,0.005556,0.200000,
54.682000,0.010000,215.000000,228.510208,228.509491,-13.509472,0.075053,0.200000,0.005556,0.200000,
54.694000,0.012000,215.000000,228.510208,228.510208,-13.510196,0.075057,0.200000,0.005556,0.200000,
54.706000,0.012000,215.000000,228.502670,228.509781,-13.509772,0.075054,0.200000,0.005556,0.200000,
54.716000,0.010000,215.000000,228.496765,228.502380,-13.502369,0.075013,0.200000,0.005556,0.200000,
54.727000,0.011000,215.000000,228.496765,228.496765,-13.496755,0.074982,0.200000,0.005556,0.200000,
54.739000,0.012000,215.000000,228.483963,228.496033,-13.496017,0.074978,0.200000,0.005556,0.200000,
54.749000,0.010000,215.000000,228.483963,228.483963,-13.483941,0.074911,0.200000,0.005556,0.200000,
54.761000,0.012000,215.000000,228.487488,228.484161,-13.484146,0.074912,0.200000,0.005556,0.200000,
54.774000,0.013000,215.000000,228.487488,228.487488,-13.487479,0.074930,0.200000,0.005556,0.200000,
54.784000,0.010000,215.000000,228.496399,228.487915,-13.487916,0.074933,0.200000,0.005556,0.200000,
54.795000,0.011000,215.000000,228.496399,228.496399,-13.496386,0.074980,0.200000,0.005556,0.200000,
54.807000,0.012000,215.000000,228.526642,228.498123,-13.498107,0.074989,0.200000,0.005556,0.200000,
54.817000,0.010000,215.000000,228.533432,228.526962,-13.526944,0.075150,0.200000,0.005556,0.200000,
54.828000,0.011000,215.000000,228.533432,228.533432,-13.533405,0.075186,0.200000,0.005556,0.200000,
54.840000,0.012000,215.000000,228.540451,228.533829,-13.533815,0.075188,0.200000,0.005556,0.200000,
54.851000,0.011000,215.000000,228.540451,228.540451,-13.540441,0.075225,0.200000,0.005556,0.200000,
54.860000,0.009000,215.000000,228.546326,228.540695,-13.540672,0.075226,0.200000,0.005556,0.200000,
54.872000,0.012000,215.000000,228.546326,228.546326,-13.546314,0.075257,0.200000,0.005556,0.200000,
54.885000,0.013000,215.000000,228.538864,228.545868,-13.545863,0.075255,0.200000,0.005556,0.200000,
54.895000,0.010000,215.000000,228.538864,228.538864,-13.538856,0.075216,0.200000,0.005556,0.200000,
54.907000,0.012000,215.000000,228.523987,228.538025,-13.538022,0.075211,0.200000,0.005556,0.200000,
54.916000,0.009000,215.000000,228.512177,228.523483,-13.523460,0.075130,0.200000,0.005556,0.200000,
54.929000,0.013000,215.000000,228.512177,228.512177,-13.512163,0.075068,0.200000,0.005556,0.200000,
54.940000,0.011000,215.000000,228.494461,228.511261,-13.511248,0.075062,0.200000,0.005556,0.200000,
54.949000,0.009000,215.000000,228.494461,228.494461,-13.494459,0.074969,0.200000,0.005556,0.200000,
54.960000,0.011000,215.000000,228.453995,228.492340,-13.492314,0.074957,0.200000,0.005556,0.200000,
54.973000,0.013000,215.000000,228.453995,228.453995,-13.453983,0.074744,0.200000,0.005556,0.200000,
54.984000,0.011000,215.000000,228.421249,228.452286,-13.452276,0.074735,0.200000,0.005556,0.200000,
54.994000,0.010000,215.000000,228.421249,228.421249,-13.421240,0.074562,0.200000,0.005556,0.200000,
55.008000,0.014000,215.000000,228.388489,228.419098,-13.419082,0.074550,0.200000,0.005556,0.200000,
55.016000,0.008000,215.000000,228.373581,228.387909,-13.387895,0.074377,0.200000,0.005556,0.200000,
55.028000,0.012000,215.000000,228.373581,228.373581,-13.373579,0.074298,0.200000,0.005556,0.200000,
55.040000,0.012000,215.000000,228.346436,228.372040,-13.372022,0.074289,0.200000,0.005556,0.200000,
55.051000,0.011000,215.000000,228.346436,228.346436,-13.346422,0.074147,0.200000,0.005556,0.200000,
55.062000,0.011000,215.000000,228.321198,228.345123,-13.345111,0.074140,0.200000,0.005556,0.200000,
55.074000,0.012000,215.000000,228.321198,228.321198,-13.321177,0.074007,0.200000,0.005556,0.200000,
55.084000,0.010000,215.000000,228.286652,228.319565,-13.319551,0.073998,0.200000,0.005556,0.200000,
55.095000,0.011000,215.000000,228.286652,228.286652,-13.286631,0.073815,0.200000,0.005556,0.200000,
55.107000,0.012000,215.000000,228.245621,228.284332,-13.284322,0.073802,0.200000,0.005556,0.200000,
55.118000,0.011000,215.000000,228.245621,228.245621,-13.245608,0.073587,0.200000,0.005556,0.200000,
55.128000,0.010000,215.000000,228.196426,228.243271,-13.243258,0.073574,0.200000,0.005556,0.200000,
55.140000,0.012000,215.000000,228.159866,228.194351,-13.194327,0.073302,0.200000,0.005556,0.200000,
55.149000,0.009000,215.000000,228.159866,228.159866,-13.159848,0.073110,0.200000,0.005556,0.200000,
55.160000,0.011000,215.000000,228.121429,228.157867,-13.157841,0.073099,0.200000,0.005556,0.200000,
55.173000,0.013000,215.000000,228.121429,228.121429,-13.121422,0.072897,0.200000,0.005556,0.200000,
55.183000,0.010000,215.000000,228.097137,228.120270,-13.120247,0.072890,0.200000,0.005556,0.200000,
55.193000,0.010000,215.000000,228.097137,228.097137,-13.097134,0.072762,0.200000,0.005556,0.200000,
55.206000,0.013000,215.000000,228.085464,228.096436,-13.096410,0.072758,0.200000,0.005556,0.200000,
55.216000,0.010000,215.000000,228.085464,228.085464,-13.085454,0.072697,0.200000,0.005556,0.200000,
55.227000,0.011000,215.000000,228.068375,228.084579,-13.084566,0.072692,0.200000,0.005556,0.200000,
55.240000,0.013000,215.000000,228.056412,228.067642,-13.067627,0.072598,0.200000,0.005556,0.200000,
55.251000,0.011000,215.000000,228.056412,228.056412,-13.056398,0.072536,0.200000,0.005556,0.200000,
55.260000,0.009000,215.000000,228.022583,228.054947,-13.054936,0.072527,0.200000,0.005556,0.200000,
55.272000,0.012000,215.000000,228.022583,228.022583,-13.022575,0.072348,0.200000,0.005556,0.200000,
55.283000,0.011000,215.000000,227.969772,228.019836,-13.019830,0.072332,0.200000,0.005556,0.200000,
55.295000,0.012000,215.000000,227.969772,227.969772,-12.969765,0.072054,0.200000,0.005556,0.200000,
55.306000,0.011000,215.000000,227.904587,227.966370,-12.966363,0.072035,0.200000,0.005556,0.200000,
55.316000,0.010000,215.000000,227.904587,227.904587,-12.904577,0.071692,0.200000,0.005556,0.200000,
55.329000,0.013000,215.000000,227.826843,227.899841,-12.899823,0.071666,0.200000,0.005556,0.200000,
55.340000,0.011000,215.000000,227.766327,227.823685,-12.823667,0.071243,0.200000,0.005556,0.200000,
55.349000,0.009000,215.000000,227.766327,227.766327,-12.766307,0.070924,0.200000,0.005556,0.200000,
55.360000,0.011000,215.000000,227.733658,227.764618,-12.764599,0.070914,0.200000,0.005556,0.200000,
55.373000,0.013000,215.000000,227.733658,227.733658,-12.733658,0.070743,0.200000,0.005556,0.200000,
55.382000,0.009000,215.000000,227.703995,227.732376,-12.732374,0.070735,0.200000,0.005556,0.200000,
55.394000,0.012000,215.000000,227.703995,227.703995,-12.703988,0.070578,0.200000,0.005556,0.200000,
55.406000,0.012000,215.000000,227.677124,227.702469,-12.702458,0.070569,0.200000,0.005556,0.200000,
55.416000,0.010000,215.000000,227.677124,227.677124,-12.677118,0.070428,0.200000,0.005556,0.200000,
55.427000,0.011000,215.000000,227.635788,227.674973,-12.674959,0.070416,0.200000,0.005556,0.200000,
55.440000,0.013000,215.000000,227.581299,227.632462,-12.632448,0.070180,0.200000,0.005556,0.200000,
55.450000,0.010000,215.000000,227.581299,227.581299,-12.581277,0.069896,0.200000,0.005556,0.200000,
55.462000,0.012000,215.000000,227.534225,227.578629,-12.578613,0.069881,0.200000,0.005556,0.200000,
55.474000,0.012000,215.000000,227.534225,227.534225,-12.534204,0.069634,0.200000,0.005556,0.200000,
55.484000,0.010000,215.000000,227.481659,227.531723,-12.531717,0.069621,0.200000,0.005556,0.200000,
55.495000,0.011000,215.000000,227.481659,227.481659,-12.481651,0.069343,0.200000,0.005556,0.200000,
55.506000,0.011000,215.000000,227.447235,227.479874,-12.479862,0.069333,0.200000,0.005556,0.200000,
55.517000,0.011000,215.000000,227.447235,227.447235,-12.447227,0.069151,0.200000,0.005556,0.200000,
55.529000,0.012000,215.000000,227.431015,227.446320,-12.446312,0.069146,0.200000,0.005556,0.200000,
55.540000,0.011000,215.000000,227.435242,227.431244,-12.431231,0.069062,0.200000,0.005556,0.200000,
55.549000,0.009000,215.000000,227.435242,227.435242,-12.435234,0.069085,0.200000,0.005556,0.200000,
55.561000,0.012000,215.000000,227.438629,227.435440,-12.435438,0.069086,0.200000,0.005556,0.200000,
55.573000,0.012000,215.000000,227.438629,227.438629,-12.438622,0.069103,0.200000,0.005556,0.200000,
55.583000,0.010000,215.000000,227.433289,227.438385,-12.438362,0.069102,0.200000,0.005556,0.200000,
55.594000,0.011000,215.000000,227.433289,227.433289,-12.433280,0.069074,0.200000,0.005556,0.200000,
55.606000,0.012000,215.000000,227.406952,227.431793,-12.431778,0.069065,0.200000,0.005556,0.200000,
55.616000,0.010000,215.000000,227.406952,227.406952,-12.406929,0.068927,0.200000,0.005556,0.200000,
55.628000,0.012000,215.000000,227.371353,227.404938,-12.404935,0.068916,0.200000,0.005556,0.200000,
55.641000,0.013000,215.000000,227.356796,227.370468,-12.370470,0.068725,0.200000,0.005556,0.200000,
55.650000,0.009000,215.000000,227.356796,227.356796,-12.356782,0.068649,0.200000,0.005556,0.200000,
55.660000,0.010000,215.000000,227.349991,227.356476,-12.356454,0.068647,0.200000,0.005556,0.200000,
55.673000,0.013000,215.000000,227.349991,227.349991,-12.349993,0.068611,0.200000,0.005556,0.200000,
55.682000,0.009000,215.000000,227.363647,227.350586,-12.350567,0.068614,0.200000,0.005556,0.200000,
55.695000,0.013000,215.000000,227.363647,227.363647,-12.363626,0.068687,0.200000,0.005556,0.200000,
55.706000,0.011000,215.000000,227.401001,227.365601,-12.365593,0.068698,0.200000,0.005556,0.200000,
55.716000,0.010000,215.000000,227.401001,227.401001,-12.400987,0.068894,0.200000,0.005556,0.200000,
55.728000,0.012000,215.000000,227.445374,227.403503,-12.403487,0.068908,0.200000,0.005556,0.200000,
55.740000,0.012000,215.000000,227.465088,227.446503,-12.446489,0.069147,0.200000,0.005556,0.200000,
55.750000,0.010000,215.000000,227.465088,227.465088,-12.465081,0.069250,0.200000,0.005556,0.200000,
55.761000,0.011000,215.000000,227.473145,227.465500,-12.465491,0.069253,0.200000,0.005556,0.200000,
55.772000,0.011000,215.000000,227.473145,227.473145,-12.473127,0.069295,0.200000,0.005556,0.200000,
55.783000,0.011000,215.000000,227.472961,227.473145,-12.473127,0.069295,0.200000,0.005556,0.200000,
55.795000,0.012000,215.000000,227.472961,227.472961,-12.472950,0.069294,0.200000,0.005556,0.200000,
55.806000,0.011000,215.000000,227.467468,227.472672,-12.472663,0.069293,0.200000,0.005556,0.200000,
55.816000,0.010000,215.000000,227.467468,227.467468,-12.467444,0.069264,0.200000,0.005556,0.200000,
55.827000,0.011000,215.000000,227.482941,227.468277,-12.468265,0.069268,0.200000,0.005556,0.200000,
55.840000,0.013000,215.000000,227.507187,227.484421,-12.484411,0.069358,0.200000,0.005556,0.200000,
55.851000,0.011000,215.000000,227.507187,227.507187,-12.507183,0.069484,0.200000,0.005556,0.200000,
55.860000,0.009000,215.000000,227.549072,227.508987,-12.508972,0.069494,0.200000,0.005556,0.200000,
55.872000,0.012000,215.000000,227.549072,227.549072,-12.549066,0.069717,0.200000,0.005556,0.200000,
55.882000,0.010000,215.000000,227.591248,227.551071,-12.551074,0.069728,0.200000,0.005556,0.200000,
55.894000,0.012000,215.000000,227.591248,227.591248,-12.591222,0.069951,0.200000,0.005556,0.200000,
55.906000,0.012000,215.000000,227.625824,227.593201,-12.593188,0.069962,0.200000,0.005556,0.200000,
55.916000,0.010000,215.000000,227.625824,227.625824,-12.625810,0.070143,0.200000,0.005556,0.200000,
55.928000,0.012000,215.000000,227.641144,227.626694,-12.626684,0.070148,0.200000,0.005556,0.200000,
55.940000,0.012000,215.000000,227.646744,227.641449,-12.641423,0.070230,0.200000,0.005556,0.200000,
55.949000,0.009000,215.000000,227.646744,227.646744,-12.646737,0.070260,0.200000,0.005556,0.200000,
55.960000,0.011000,215.000000,227.650894,227.646957,-12.646942,0.070261,0.200000,0.005556,0.200000,
55.974000,0.014000,215.000000,227.650894,227.650894,-12.650890,0.070283,0.200000,0.005556,0.200000,
55.983000,0.009000,215.000000,227.646271,227.650696,-12.650671,0.070282,0.200000,0.005556,0.200000,
55.995000,0.012000,215.000000,227.646271,227.646271,-12.646273,0.070257,0.200000,0.005556,0.200000,
56.006000,0.011000,215.000000,227.647385,227.646317,-12.646300,0.070257,0.200000,0.005556,0.200000,
56.016000,0.010000,215.000000,227.647385,227.647385,-12.647379,0.070263,0.200000,0.005556,0.200000,
56.027000,0.011000,215.000000,227.657852,227.647934,-12.647912,0.070266,0.200000,0.005556,0.200000,
56.040000,0.013000,215.000000,227.677063,227.659027,-12.659018,0.070328,0.200000,0.005556,0.200000,
56.050000,0.010000,215.000000,227.677063,227.677063,-12.677063,0.070428,0.200000,0.005556,0.200000,
56.061000,0.011000,215.000000,227.702286,227.678375,-12.678361,0.070435,0.200000,0.005556,0.200000,
56.073000,0.012000,215.000000,227.702286,227.702286,-12.702280,0.070568,0.200000,0.005556,0.200000,
56.082000,0.009000,215.000000,227.727890,227.703400,-12.703387,0.070574,0.200000,0.005556,0.200000,
56.094000,0.012000,215.000000,227.727890,227.727890,-12.727880,0.070710,0.200000,0.005556,0.200000,
56.106000,0.012000,215.000000,227.744095,227.728806,-12.728795,0.070716,0.200000,0.005556,0.200000,
56.116000,0.010000,215.000000,227.744095,227.744095,-12.744081,0.070800,0.200000,0.005556,0.200000,
56.129000,0.013000,215.000000,227.751450,227.744537,-12.744532,0.070803,0.200000,0.005556,0.200000,
56.139000,0.010000,215.000000,227.736832,227.750763,-12.750748,0.070837,0.200000,0.005556,0.200000,
56.149000,0.010000,215.000000,227.736832,227.736832,-12.736828,0.070760,0.200000,0.005556,0.200000,
56.160000,0.011000,215.000000,227.728210,227.736389,-12.736377,0.070758,0.200000,0.005556,0.200000,
56.173000,0.013000,215.000000,227.728210,227.728210,-12.728194,0.070712,0.200000,0.005556,0.200000,
56.182000,0.009000,215.000000,227.734558,227.728485,-12.728467,0.070714,0.200000,0.005556,0.200000,
56.194000,0.012000,215.000000,227.734558,227.734558,-12.734547,0.070747,0.200000,0.005556,0.200000,
56.206000,0.012000,215.000000,227.748901,227.735382,-12.735366,0.070752,0.200000,0.005556,0.200000,
56.216000,0.010000,215.000000,227.748901,227.748901,-12.748890,0.070827,0.200000,0.005556,0.200000,
56.227000,0.011000,215.000000,227.789185,227.751007,-12.751007,0.070839,0.200000,0.005556,0.200000,
56.240000,0.013000,215.000000,227.820572,227.791107,-12.791101,0.071062,0.200000,0.005556,0.200000,
56.251000,0.011000,215.000000,227.820572,227.820572,-12.820552,0.071225,0.200000,0.005556,0.200000,
56.261000,0.010000,215.000000,227.821045,227.820602,-12.820593,0.071226,0.200000,0.005556,0.200000,
56.272000,0.011000,215.000000,227.821045,227.821045,-12.821044,0.071228,0.200000,0.005556,0.200000,
56.282000,0.010000,215.000000,227.808990,227.820465,-12.820457,0.071225,0.200000,0.005556,0.200000,
56.294000,0.012000,215.000000,227.808990,227.808990,-12.808982,0.071161,0.200000,0.005556,0.200000,
56.306000,0.012000,215.000000,227.810699,227.809097,-12.809091,0.071162,0.200000,0.005556,0.200000,
56.316000,0.010000,215.000000,227.810699,227.810699,-12.810689,0.071170,0.200000,0.005556,0.200000,
56.328000,0.012000,215.000000,227.827011,227.811615,-12.811604,0.071176,0.200000,0.005556,0.200000,
56.339000,0.011000,215.000000,227.834442,227.827393,-12.827369,0.071263,0.200000,0.005556,0.200000,
56.351000,0.012000,215.000000,227.834442,227.834442,-12.834431,0.071302,0.200000,0.005556,0.200000,
56.361000,0.010000,215.000000,227.834442,227.834442,-12.834431,0.071302,0.200000,0.005556,0.200000,
56.374000,0.013000,215.000000,227.834442,227.834442,-12.834431,0.071302,0.200000,0.005556,0.200000,
56.383000,0.009000,215.000000,227.834442,227.834442,-12.834431,0.071302,0.200000,0.005556,0.200000,
56.394000,0.011000,215.000000,227.805847,227.832947,-12.832929,0.071294,0.200000,0.005556,0.200000,
56.406000,0.012000,215.000000,227.785568,227.804703,-12.804679,0.071137,0.200000,0.005556,0.200000,
56.416000,0.010000,215.000000,227.785568,227.785568,-12.785567,0.071031,0.200000,0.005556,0.200000,
56.427000,0.011000,215.000000,227.779770,227.785263,-12.785254,0.071029,0.200000,0.005556,0.200000,
56.439000,0.012000,215.000000,227.776978,227.779617,-12.779598,0.070998,0.200000,0.005556,0.200000,
56.451000,0.012000,215.000000,227.776978,227.776978,-12.776961,0.070983,0.200000,0.005556,0.200000,
56.461000,0.010000,215.000000,227.760635,227.776199,-12.776183,0.070979,0.200000,0.005556,0.200000,
56.472000,0.011000,215.000000,227.760635,227.760635,-12.760624,0.070892,0.200000,0.005556,0.200000,
56.482000,0.010000,215.000000,227.735077,227.759415,-12.759395,0.070886,0.200000,0.005556,0.200000,
56.494000,0.012000,215.000000,227.735077,227.735077,-12.735079,0.070750,0.200000,0.005556,0.200000,
56.506000,0.012000,215.000000,227.696625,227.732910,-12.732893,0.070738,0.200000,0.005556,0.200000,
56.516000,0.010000,215.000000,227.696625,227.696625,-12.696611,0.070537,0.200000,0.005556,0.200000,
56.528000,0.012000,215.000000,227.670853,227.695160,-12.695149,0.070529,0.200000,0.005556,0.200000,
56.540000,0.012000,215.000000,227.662277,227.670364,-12.670356,0.070391,0.200000,0.005556,0.200000,
56.550000,0.010000,215.000000,227.662277,227.662277,-12.662270,0.070346,0.200000,0.005556,0.200000,
56.562000,0.012000,215.000000,227.652542,227.661728,-12.661709,0.070343,0.200000,0.005556,0.200000,
56.574000,0.012000,215.000000,227.652542,227.652542,-12.652515,0.070292,0.200000,0.005556,0.200000,
56.582000,0.008000,215.000000,227.632690,227.651779,-12.651764,0.070288,0.200000,0.005556,0.200000,
56.594000,0.012000,215.000000,227.632690,227.632690,-12.632681,0.070182,0.200000,0.005556,0.200000,
56.606000,0.012000,215.000000,227.598007,227.630737,-12.630728,0.070171,0.200000,0.005556,0.200000,
56.616000,0.010000,215.000000,227.598007,227.598007,-12.597983,0.069989,0.200000,0.005556,0.200000,
56.627000,0.011000,215.000000,227.560883,227.596069,-12.596071,0.069978,0.200000,0.005556,0.200000,
56.640000,0.013000,215.000000,227.531006,227.559067,-12.559052,0.069773,0.200000,0.005556,0.200000,
56.652000,0.012000,215.000000,227.531006,227.531006,-12.530993,0.069617,0.200000,0.005556,0.200000,
56.662000,0.010000,215.000000,227.514328,227.530212,-12.530201,0.069612,0.200000,0.005556,0.200000,
56.673000,0.011000,215.000000,227.514328,227.514328,-12.514314,0.069524,0.200000,0.005556,0.200000,
56.682000,0.009000,215.000000,227.513855,227.514313,-12.514286,0.069524,0.200000,0.005556,0.200000,
56.694000,0.012000,215.000000,227.513855,227.513855,-12.513849,0.069521,0.200000,0.005556,0.200000,
56.706000,0.012000,215.000000,227.505096,227.513351,-12.513344,0.069519,0.200000,0.005556,0.200000,
56.716000,0.010000,215.000000,227.505096,227.505096,-12.505079,0.069473,0.200000,0.005556,0.200000,
56.728000,0.012000,215.000000,227.484634,227.503937,-12.503918,0.069466,0.200000,0.005556,0.200000,
56.741000,0.013000,215.000000,227.484634,227.484634,-12.484630,0.069359,0.200000,0.005556,0.200000,
56.751000,0.010000,215.000000,227.428772,227.481964,-12.481938,0.069344,0.200000,0.005556,0.200000,
56.762000,0.011000,215.000000,227.428772,227.428772,-12.428772,0.069049,0.200000,0.005556,0.200000,
56.775000,0.013000,215.000000,227.428772,227.428772,-12.428772,0.069049,0.200000,0.005556,0.200000,
56.784000,0.009000,215.000000,227.417084,227.428268,-12.428267,0.069046,0.200000,0.005556,0.200000,
56.795000,0.011000,215.000000,227.427368,227.417618,-12.417598,0.068987,0.200000,0.005556,0.200000,
56.807000,0.012000,215.000000,227.427368,227.427368,-12.427352,0.069041,0.200000,0.005556,0.200000,
56.816000,0.009000,215.000000,227.451248,227.428391,-12.428376,0.069047,0.200000,0.005556,0.200000,
56.827000,0.011000,215.000000,227.451248,227.451248,-12.451230,0.069173,0.200000,0.005556,0.200000,
56.839000,0.012000,215.000000,227.482025,227.452988,-12.452978,0.069183,0.200000,0.005556,0.200000,
56.851000,0.012000,215.000000,227.482025,227.482025,-12.482020,0.069345,0.200000,0.005556,0.200000,
56.862000,0.011000,215.000000,227.499512,227.482941,-12.482936,0.069350,0.200000,0.005556,0.200000,
56.874000,0.012000,215.000000,227.499512,227.499512,-12.499506,0.069442,0.200000,0.005556,0.200000,
56.884000,0.010000,215.000000,227.498016,227.499451,-12.499451,0.069441,0.200000,0.005556,0.200000,
56.895000,0.011000,215.000000,227.498016,227.498016,-12.498016,0.069433,0.200000,0.005556,0.200000,
56.907000,0.012000,215.000000,227.495316,227.497864,-12.497853,0.069433,0.200000,0.005556,0.200000,
56.916000,0.009000,215.000000,227.506256,227.495789,-12.495776,0.069421,0.200000,0.005556,0.200000,
56.928000,0.012000,215.000000,227.506256,227.506256,-12.506254,0.069479,0.200000,0.005556,0.200000,
56.940000,0.012000,215.000000,227.538300,227.508072,-12.508058,0.069489,0.200000,0.005556,0.200000,
56.950000,0.010000,215.000000,227.538300,227.538300,-12.538287,0.069657,0.200000,0.005556,0.200000,
56.962000,0.012000,215.000000,227.558289,227.539444,-12.539435,0.069664,0.200000,0.005556,0.200000,
56.974000,0.012000,215.000000,227.558289,227.558289,-12.558272,0.069768,0.200000,0.005556,0.200000,
56.984000,0.010000,215.000000,227.577744,227.559204,-12.559188,0.069773,0.200000,0.005556,0.200000,
56.995000,0.011000,215.000000,227.575775,227.577637,-12.577629,0.069876,0.200000,0.005556,0.200000,
57.008000,0.013000,215.000000,227.575775,227.575775,-12.575758,0.069865,0.200000,0.005556,0.200000,
57.017000,0.009000,215.000000,227.586731,227.576248,-12.576222,0.069868,0.200000,0.005556,0.200000,
57.028000,0.011000,215.000000,227.586731,227.586731,-12.586714,0.069926,0.200000,0.005556,0.200000,
57.040000,0.012000,215.000000,227.614456,227.588303,-12.588298,0.069935,0.200000,0.005556,0.200000,
57.051000,0.011000,215.000000,227.614456,227.614456,-12.614444,0.070080,0.200000,0.005556,0.200000,
57.062000,0.011000,215.000000,227.645920,227.616089,-12.616070,0.070089,0.200000,0.005556,0.200000,
57.074000,0.012000,215.000000,227.645920,227.645920,-12.645918,0.070255,0.200000,0.005556,0.200000,
57.084000,0.010000,215.000000,227.685318,227.647797,-12.647776,0.070265,0.200000,0.005556,0.200000,
57.095000,0.011000,215.000000,227.685318,227.685318,-12.685301,0.070474,0.200000,0.005556,0.200000,
57.106000,0.011000,215.000000,227.716217,227.686935,-12.686926,0.070483,0.200000,0.005556,0.200000,
57.116000,0.010000,215.000000,227.739349,227.717331,-12.717320,0.070652,0.200000,0.005556,0.200000,
57.128000,0.012000,215.000000,227.739349,227.739349,-12.739341,0.070774,0.200000,0.005556,0.200000,
57.140000,0.012000,215.000000,227.752853,227.740112,-12.740106,0.070778,0.200000,0.005556,0.200000,
57.149000,0.009000,215.000000,227.752853,227.752853,-12.752851,0.070849,0.200000,0.005556,0.200000,
57.162000,0.013000,215.000000,227.771317,227.753983,-12.753971,0.070855,0.200000,0.005556,0.200000,
57.173000,0.011000,215.000000,227.771317,227.771317,-12.771306,0.070952,0.200000,0.005556,0.200000,
57.182000,0.009000,215.000000,227.808823,227.772934,-12.772918,0.070961,0.200000,0.005556,0.200000,
57.194000,0.012000,215.000000,227.808823,227.808823,-12.808804,0.071160,0.200000,0.005556,0.200000,
57.207000,0.013000,215.000000,227.857147,227.811768,-12.811754,0.071176,0.200000,0.005556,0.200000,
57.216000,0.009000,215.000000,227.905457,227.859238,-12.859224,0.071440,0.200000,0.005556,0.200000,
57.227000,0.011000,215.000000,227.905457,227.905457,-12.905437,0.071697,0.200000,0.005556,0.200000,
57.239000,0.012000,215.000000,227.941071,227.907471,-12.907459,0.071708,0.200000,0.005556,0.200000,
57.250000,0.011000,215.000000,227.941071,227.941071,-12.941064,0.071895,0.200000,0.005556,0.200000,
57.261000,0.011000,215.000000,227.960587,227.942078,-12.942061,0.071900,0.200000,0.005556,0.200000,
57.272000,0.011000,215.000000,227.960587,227.960571,-12.960557,0.072003,0.200000,0.005556,0.200000,
57.284000,0.012000,215.000000,227.960587,227.960587,-12.960571,0.072003,0.200000,0.005556,0.200000,
57.295000,0.011000,215.000000,227.977692,227.961472,-12.961473,0.072008,0.200000,0.005556,0.200000,
57.308000,0.013000,215.000000,228.001541,227.979141,-12.979121,0.072106,0.200000,0.005556,0.200000,
57.318000,0.010000,215.000000,228.038376,228.003296,-13.003273,0.072240,0.200000,0.005556,0.200000,
57.329000,0.011000,215.000000,228.038376,228.038376,-13.038366,0.072435,0.200000,0.005556,0.200000,
57.341000,0.012000,215.000000,228.088745,228.041229,-13.041222,0.072451,0.200000,0.005556,0.200000,
57.351000,0.010000,215.000000,228.088745,228.088745,-13.088746,0.072715,0.200000,0.005556,0.200000,
57.362000,0.011000,215.000000,228.135284,228.091171,-13.091150,0.072729,0.200000,0.005556,0.200000,
57.374000,0.012000,215.000000,228.135284,228.135284,-13.135273,0.072974,0.200000,0.005556,0.200000,
57.382000,0.008000,215.000000,228.152267,228.135941,-13.135929,0.072977,0.200000,0.005556,0.200000,
57.394000,0.012000,215.000000,228.152267,228.152267,-13.152253,0.073068,0.200000,0.005556,0.200000,
57.406000,0.012000,215.000000,228.163864,228.152924,-13.152909,0.073072,0.200000,0.005556,0.200000,
57.416000,0.010000,215.000000,228.163864,228.163864,-13.163851,0.073133,0.200000,0.005556,0.200000,
57.427000,0.011000,215.000000,228.175598,228.164474,-13.164466,0.073136,0.200000,0.005556,0.200000,
57.440000,0.013000,215.000000,228.196808,228.176895,-13.176883,0.073205,0.200000,0.005556,0.200000,
57.451000,0.011000,215.000000,228.196808,228.196808,-13.196799,0.073316,0.200000,0.005556,0.200000,
57.461000,0.010000,215.000000,228.228531,228.198318,-13.198316,0.073324,0.200000,0.005556,0.200000,
57.472000,0.011000,215.000000,228.228531,228.228531,-13.228533,0.073492,0.200000,0.005556,0.200000,
57.482000,0.010000,215.000000,228.271973,228.230606,-13.230582,0.073503,0.200000,0.005556,0.200000,
57.494000,0.012000,215.000000,228.271973,228.271973,-13.271973,0.073733,0.200000,0.005556,0.200000,
57.506000,0.012000,215.000000,228.312180,228.274246,-13.274240,0.073746,0.200000,0.005556,0.200000,
57.516000,0.010000,215.000000,228.312180,228.312180,-13.312161,0.073956,0.200000,0.005556,0.200000,
57.528000,0.012000,215.000000,228.338165,228.313660,-13.313637,0.073965,0.200000,0.005556,0.200000,
57.539000,0.011000,215.000000,228.345383,228.338531,-13.338526,0.074103,0.200000,0.005556,0.200000,
57.549000,0.010000,215.000000,228.345383,228.345383,-13.345370,0.074141,0.200000,0.005556,0.200000,
57.560000,0.011000,215.000000,228.349808,228.345612,-13.345602,0.074142,0.200000,0.005556,0.200000,
57.573000,0.013000,215.000000,228.349808,228.349808,-13.349796,0.074166,0.200000,0.005556,0.200000,
57.582000,0.009000,215.000000,228.366379,228.350525,-13.350520,0.074170,0.200000,0.005556,0.200000,
57.594000,0.012000,215.000000,228.366379,228.366379,-13.366366,0.074258,0.200000,0.005556,0.200000,
57.608000,0.014000,215.000000,228.392715,228.368103,-13.368101,0.074267,0.200000,0.005556,0.200000,
57.618000,0.010000,215.000000,228.392715,228.392715,-13.392717,0.074404,0.200000,0.005556,0.200000,
57.628000,0.010000,215.000000,228.434448,228.394699,-13.394697,0.074415,0.200000,0.005556,0.200000,
57.640000,0.012000,215.000000,228.461807,228.435989,-13.435979,0.074644,0.200000,0.005556,0.200000,
57.651000,0.011000,215.000000,228.461807,228.461807,-13.461798,0.074788,0.200000,0.005556,0.200000,
57.660000,0.009000,215.000000,228.483902,228.462753,-13.462727,0.074793,0.200000,0.005556,0.200000,
57.673000,0.013000,215.000000,228.483902,228.483902,-13.483887,0.074910,0.200000,0.005556,0.200000,
57.682000,0.009000,215.000000,228.492584,228.484283,-13.484282,0.074913,0.200000,0.005556,0.200000,
57.694000,0.012000,215.000000,228.492584,228.492584,-13.492575,0.074959,0.200000,0.005556,0.200000,
57.706000,0.012000,215.000000,228.487335,228.492294,-13.492288,0.074957,0.200000,0.005556,0.200000,
57.716000,0.010000,215.000000,228.487335,228.487335,-13.487329,0.074930,0.200000,0.005556,0.200000,
57.728000,0.012000,215.000000,228.486618,228.487289,-13.487274,0.074929,0.200000,0.005556,0.200000,
57.740000,0.012000,215.000000,228.497513,228.487244,-13.487233,0.074929,0.200000,0.005556,0.200000,
57.749000,0.009000,215.000000,228.497513,228.497513,-13.497505,0.074986,0.200000,0.005556,0.200000,
57.761000,0.012000,215.000000,228.513855,228.498428,-13.498421,0.074991,0.200000,0.005556,0.200000,
57.774000,0.013000,215.000000,228.513855,228.513855,-13.513844,0.075077,0.200000,0.005556,0.200000,
57.782000,0.008000,215.000000,228.547119,228.515137,-13.515127,0.075084,0.200000,0.005556,0.200000,
57.794000,0.012000,215.000000,228.547119,228.547119,-13.547107,0.075262,0.200000,0.005556,0.200000,
57.806000,0.012000,215.000000,228.547119,228.547119,-13.547107,0.075262,0.200000,0.005556,0.200000,
57.817000,0.011000,215.000000,228.547119,228.547119,-13.547107,0.075262,0.200000,0.005556,0.200000,
57.828000,0.011000,215.000000,228.547287,228.547134,-13.547133,0.075262,0.200000,0.005556,0.200000,
57.841000,0.013000,215.000000,228.530807,228.546280,-13.546273,0.075257,0.200000,0.005556,0.200000,
57.851000,0.010000,215.000000,228.530807,228.530807,-13.530783,0.075171,0.200000,0.005556,0.200000,
57.860000,0.009000,215.000000,228.520676,228.530380,-13.530359,0.075169,0.200000,0.005556,0.200000,
57.873000,0.013000,215.000000,228.520676,228.520676,-13.520660,0.075115,0.200000,0.005556,0.200000,
57.882000,0.009000,215.000000,228.523376,228.520798,-13.520782,0.075115,0.200000,0.005556,0.200000,
57.894000,0.012000,215.000000,228.523376,228.523376,-13.523365,0.075130,0.200000,0.005556,0.200000,
57.906000,0.012000,215.000000,228.523376,228.523376,-13.523365,0.075130,0.200000,0.005556,0.200000,
57.917000,0.011000,215.000000,228.533585,228.523911,-13.523897,0.075133,0.200000,0.005556,0.200000,
57.929000,0.012000,215.000000,228.523453,228.533020,-13.533009,0.075183,0.200000,0.005556,0.200000,
57.939000,0.010000,215.000000,228.505341,228.522583,-13.522573,0.075125,0.200000,0.005556,0.200000,
57.949000,0.010000,215.000000,228.505341,228.505341,-13.505333,0.075030,0.200000,0.005556,0.200000,
57.960000,0.011000,215.000000,228.481949,228.504120,-13.504117,0.075023,0.200000,0.005556,0.200000,
57.973000,0.013000,215.000000,228.481949,228.481949,-13.481947,0.074900,0.200000,0.005556,0.200000,
57.982000,0.009000,215.000000,228.464783,228.481216,-13.481209,0.074896,0.200000,0.005556,0.200000,
57.994000,0.012000,215.000000,228.464783,228.464783,-13.464775,0.074804,0.200000,0.005556,0.200000,
58.006000,0.012000,215.000000,228.457855,228.464386,-13.464379,0.074802,0.200000,0.005556,0.200000,
58.016000,0.010000,215.000000,228.457855,228.457855,-13.457836,0.074766,0.200000,0.005556,0.200000,
58.028000,0.012000,215.000000,228.438400,228.456741,-13.456730,0.074760,0.200000,0.005556,0.200000,
58.040000,0.012000,215.000000,228.414276,228.437042,-13.437031,0.074650,0.200000,0.005556,0.200000,
58.050000,0.010000,215.000000,228.414276,228.414276,-13.414259,0.074524,0.200000,0.005556,0.200000,
58.060000,0.010000,215.000000,228.377365,228.412521,-13.412511,0.074514,0.200000,0.005556,0.200000,
58.072000,0.012000,215.000000,228.377365,228.377365,-13.377349,0.074319,0.200000,0.005556,0.200000,
58.082000,0.010000,215.000000,228.345612,228.375854,-13.375846,0.074310,0.200000,0.005556,0.200000,
58.094000,0.012000,215.000000,228.345612,228.345612,-13.345602,0.074142,0.200000,0.005556,0.200000,
58.106000,0.012000,215.000000,228.329880,228.344727,-13.344701,0.074137,0.200000,0.005556,0.200000,
58.116000,0.010000,215.000000,228.329880,228.329880,-13.329865,0.074055,0.200000,0.005556,0.200000,
58.129000,0.013000,215.000000,228.311554,228.328766,-13.328759,0.074049,0.200000,0.005556,0.200000,
58.141000,0.012000,215.000000,228.277130,228.309601,-13.309580,0.073942,0.200000,0.005556,0.200000,
58.151000,0.010000,215.000000,228.277130,228.277130,-13.277122,0.073762,0.200000,0.005556,0.200000,
58.162000,0.011000,215.000000,228.245102,228.275467,-13.275470,0.073753,0.200000,0.005556,0.200000,
58.173000,0.011000,215.000000,228.245102,228.245102,-13.245103,0.073584,0.200000,0.005556,0.200000,
58.182000,0.009000,215.000000,228.227570,228.244354,-13.244338,0.073580,0.200000,0.005556,0.200000,
58.194000,0.012000,215.000000,228.227570,228.227570,-13.227550,0.073486,0.200000,0.005556,0.200000,
58.206000,0.012000,215.000000,228.201614,228.226105,-13.226101,0.073478,0.200000,0.005556,0.200000,
58.216000,0.010000,215.000000,228.201614,228.201614,-13.201594,0.073342,0.200000,0.005556,0.200000,
58.228000,0.012000,215.000000,228.167938,228.199707,-13.199696,0.073332,0.200000,0.005556,0.200000,
58.240000,0.012000,215.000000,228.136841,228.166183,-13.166160,0.073145,0.200000,0.005556,0.200000,
58.250000,0.010000,215.000000,228.136841,228.136841,-13.136830,0.072982,0.200000,0.005556,0.200000,
58.260000,0.010000,215.000000,228.123123,228.136185,-13.136161,0.072979,0.200000,0.005556,0.200000,
58.273000,0.013000,215.000000,228.123123,228.123123,-13.123116,0.072906,0.200000,0.005556,0.200000,
58.282000,0.009000,215.000000,228.111786,228.122635,-13.122623,0.072903,0.200000,0.005556,0.200000,
58.294000,0.012000,215.000000,228.111786,228.111786,-13.111777,0.072843,0.200000,0.005556,0.200000,
58.307000,0.013000,215.000000,228.084717,228.110123,-13.110111,0.072834,0.200000,0.005556,0.200000,
58.317000,0.010000,215.000000,228.084717,228.084717,-13.084702,0.072693,0.200000,0.005556,0.200000,
58.330000,0.013000,215.000000,228.045441,228.082321,-13.082313,0.072680,0.200000,0.005556,0.200000,
58.341000,0.011000,215.000000,228.018646,228.044052,-13.044036,0.072467,0.200000,0.005556,0.200000,
58.351000,0.010000,215.000000,228.018646,228.018646,-13.018627,0.072326,0.200000,0.005556,0.200000,
58.362000,0.011000,215.000000,228.009338,228.018158,-13.018136,0.072323,0.200000,0.005556,0.200000,
58.374000,0.012000,215.000000,228.009338,228.009338,-13.009325,0.072274,0.200000,0.005556,0.200000,
58.382000,0.008000,215.000000,228.002747,228.009079,-13.009066,0.072273,0.200000,0.005556,0.200000,
58.394000,0.012000,215.000000,228.002747,228.002747,-13.002727,0.072237,0.200000,0.005556,0.200000,
58.406000,0.012000,215.000000,227.976746,228.001282,-13.001279,0.072229,0.200000,0.005556,0.200000,
58.416000,0.010000,215.000000,227.976746,227.976746,-12.976745,0.072093,0.200000,0.005556,0.200000,
58.428000,0.012000,215.000000,227.942505,227.974808,-12.974792,0.072082,0.200000,0.005556,0.200000,
58.440000,0.012000,215.000000,227.928207,227.941696,-12.941692,0.071898,0.200000,0.005556,0.200000,
58.450000,0.010000,215.000000,227.928207,227.928207,-12.928182,0.071823,0.200000,0.005556,0.200000,
58.460000,0.010000,215.000000,227.919205,227.927780,-12.927758,0.071821,0.200000,0.005556,0.200000,
58.472000,0.012000,215.000000,227.919205,227.919205,-12.919193,0.071773,0.200000,0.005556,0.200000,
58.482000,0.010000,215.000000,227.912659,227.918884,-12.918880,0.071772,0.200000,0.005556,0.200000,
58.494000,0.012000,215.000000,227.912659,227.912659,-12.912650,0.071737,0.200000,0.005556,0.200000,
58.506000,0.012000,215.000000,227.906738,227.912323,-12.912309,0.071735,0.200000,0.005556,0.200000,
58.516000,0.010000,215.000000,227.906738,227.906738,-12.906722,0.071704,0.200000,0.005556,0.200000,
58.528000,0.012000,215.000000,227.882858,227.905396,-12.905383,0.071697,0.200000,0.005556,0.200000,
58.539000,0.011000,215.000000,227.837051,227.880463,-12.880453,0.071558,0.200000,0.005556,0.200000,
58.549000,0.010000,215.000000,227.837051,227.837051,-12.837027,0.071317,0.200000,0.005556,0.200000,
58.560000,0.011000,215.000000,227.810410,227.835663,-12.835647,0.071309,0.200000,0.005556,0.200000,
58.574000,0.014000,215.000000,227.810410,227.810410,-12.810389,0.071169,0.200000,0.005556,0.200000,
58.584000,0.010000,215.000000,227.794556,227.809662,-12.809651,0.071165,0.200000,0.005556,0.200000,
58.595000,0.011000,215.000000,227.794556,227.794556,-12.794542,0.071081,0.200000,0.005556,0.200000,
58.606000,0.011000,215.000000,227.787140,227.794174,-12.794147,0.071079,0.200000,0.005556,0.200000,
58.616000,0.010000,215.000000,227.787140,227.787140,-12.787125,0.071040,0.200000,0.005556,0.200000,
58.627000,0.011000,215.000000,227.776459,227.786575,-12.786551,0.071036,0.200000,0.005556,0.200000,
58.639000,0.012000,215.000000,227.752426,227.775101,-12.775090,0.070973,0.200000,0.005556,0.200000,
58.651000,0.012000,215.000000,227.752426,227.752426,-12.752428,0.070847,0.200000,0.005556,0.200000,
58.660000,0.009000,215.000000,227.713669,227.750748,-12.750733,0.070837,0.200000,0.005556,0.200000,
58.672000,0.012000,215.000000,227.713669,227.713669,-12.713659,0.070631,0.200000,0.005556,0.200000,
58.683000,0.011000,215.000000,227.687698,227.712311,-12.712307,0.070624,0.200000,0.005556,0.200000,
58.698000,0.015000,215.000000,227.657089,227.685577,-12.685574,0.070475,0.200000,0.005556,0.200000,
58.710000,0.012000,215.000000,227.657089,227.657089,-12.657064,0.070317,0.200000,0.005556,0.200000,
58.722000,0.012000,215.000000,227.653198,227.656876,-12.656859,0.070316,0.200000,0.005556,0.200000,
58.733000,0.011000,215.000000,227.653198,227.653198,-12.653185,0.070295,0.200000,0.005556,0.200000,
58.743000,0.010000,215.000000,227.650452,227.653061,-12.653049,0.070295,0.200000,0.005556,0.200000,
58.755000,0.012000,215.000000,227.650452,227.650452,-12.650439,0.070280,0.200000,0.005556,0.200000,
58.773000,0.018000,215.000000,227.638062,227.649429,-12.649415,0.070275,0.200000,0.005556,0.200000,
58.782000,0.009000,215.000000,227.602112,227.636520,-12.636519,0.070203,0.200000,0.005556,0.200000,
58.792000,0.010000,215.000000,227.602112,227.602112,-12.602109,0.070012,0.200000,0.005556,0.200000,
58.803000,0.011000,215.000000,227.579895,227.600952,-12.600934,0.070005,0.200000,0.005556,0.200000,
58.814000,0.011000,215.000000,227.579895,227.579895,-12.579884,0.069888,0.200000,0.005556,0.200000,
58.825000,0.011000,215.000000,227.574799,227.579620,-12.579610,0.069887,0.200000,0.005556,0.200000,
58.837000,0.012000,215.000000,227.574799,227.574799,-12.574788,0.069860,0.200000,0.005556,0.200000,
58.849000,0.012000,215.000000,227.572189,227.574646,-12.574637,0.069859,0.200000,0.005556,0.200000,
58.859000,0.010000,215.000000,227.566498,227.571915,-12.571892,0.069844,0.200000,0.005556,0.200000,
58.870000,0.011000,215.000000,227.566498,227.566498,-12.566496,0.069814,0.200000,0.005556,0.200000,
58.880000,0.010000,215.000000,227.560150,227.566193,-12.566182,0.069812,0.200000,0.005556,0.200000,
58.892000,0.012000,215.000000,227.560150,227.560150,-12.560144,0.069779,0.200000,0.005556,0.200000,
58.904000,0.012000,215.000000,227.536942,227.558838,-12.558819,0.069771,0.200000,0.005556,0.200000,
58.913000,0.009000,215.000000,227.536942,227.536942,-12.536922,0.069650,0.200000,0.005556,0.200000,
58.925000,0.012000,215.000000,227.509583,227.535400,-12.535392,0.069641,0.200000,0.005556,0.200000,
58.938000,0.013000,215.000000,227.509583,227.509583,-12.509573,0.069498,0.200000,0.005556,0.200000,
58.947000,0.009000,215.000000,227.494141,227.508911,-12.508890,0.069494,0.200000,0.005556,0.200000,
58.958000,0.011000,215.000000,227.490402,227.493942,-12.493933,0.069411,0.200000,0.005556,0.200000,
58.972000,0.014000,215.000000,227.490402,227.490402,-12.490395,0.069391,0.200000,0.005556,0.200000,
58.980000,0.008000,215.000000,227.498047,227.490692,-12.490681,0.069393,0.200000,0.005556,0.200000,
58.992000,0.012000,215.000000,227.498047,227.498047,-12.498031,0.069434,0.200000,0.005556,0.200000,
59.004000,0.012000,215.000000,227.501114,227.498215,-12.498208,0.069434,0.200000,0.005556,0.200000,
59.014000,0.010000,215.000000,227.501114,227.501114,-12.501104,0.069451,0.200000,0.005556,0.200000,
59.025000,0.011000,215.000000,227.485458,227.500290,-12.500284,0.069446,0.200000,0.005556,0.200000,
59.037000,0.012000,215.000000,227.485458,227.485458,-12.485435,0.069364,0.200000,0.005556,0.200000,
59.048000,0.011000,215.000000,227.463806,227.484329,-12.484315,0.069357,0.200000,0.005556,0.200000,
59.059000,0.011000,215.000000,227.452164,227.463196,-12.463182,0.069240,0.200000,0.005556,0.200000,
59.071000,0.012000,215.000000,227.452164,227.452164,-12.452159,0.069179,0.200000,0.005556,0.200000,
59.082000,0.011000,215.000000,227.437988,227.451431,-12.451421,0.069175,0.200000,0.005556,0.200000,
59.093000,0.011000,215.000000,227.437988,227.437988,-12.437980,0.069100,0.200000,0.005556,0.200000,
59.105000,0.012000,215.000000,227.447906,227.438553,-12.438540,0.069103,0.200000,0.005556,0.200000,
59.115000,0.010000,215.000000,227.447906,227.447906,-12.447884,0.069155,0.200000,0.005556,0.200000,
59.126000,0.011000,215.000000,227.462006,227.448639,-12.448621,0.069159,0.200000,0.005556,0.200000,
59.138000,0.012000,215.000000,227.462006,227.462006,-12.461994,0.069233,0.200000,0.005556,0.200000,
59.148000,0.010000,215.000000,227.465546,227.462173,-12.462172,0.069234,0.200000,0.005556,0.200000,
59.159000,0.011000,215.000000,227.451050,227.464798,-12.464795,0.069249,0.200000,0.005556,0.200000,
59.172000,0.013000,215.000000,227.451050,227.451050,-12.451038,0.069172,0.200000,0.005556,0.200000,
59.181000,0.009000,215.000000,227.429413,227.450119,-12.450096,0.069167,0.200000,0.005556,0.200000,
59.192000,0.011000,215.000000,227.414581,227.428635,-12.428608,0.069048,0.200000,0.005556,0.200000,
59.204000,0.012000,215.000000,227.414581,227.414581,-12.414565,0.068970,0.200000,0.005556,0.200000,
59.214000,0.010000,215.000000,227.409912,227.414368,-12.414347,0.068969,0.200000,0.005556,0.200000,
59.225000,0.011000,215.000000,227.409912,227.409912,-12.409907,0.068944,0.200000,0.005556,0.200000,
59.237000,0.012000,215.000000,227.414642,227.410187,-12.410180,0.068945,0.200000,0.005556,0.200000,
59.249000,0.012000,215.000000,227.414642,227.414642,-12.414620,0.068970,0.200000,0.005556,0.200000,
59.258000,0.009000,215.000000,227.433868,227.415482,-12.415467,0.068975,0.200000,0.005556,0.200000,
59.270000,0.012000,215.000000,227.433868,227.433868,-12.433854,0.069077,0.200000,0.005556,0.200000,
59.281000,0.011000,215.000000,227.451904,227.434814,-12.434811,0.069082,0.200000,0.005556,0.200000,
59.293000,0.012000,215.000000,227.451904,227.451904,-12.451885,0.069177,0.200000,0.005556,0.200000,
59.304000,0.011000,215.000000,227.449158,227.451752,-12.451735,0.069176,0.200000,0.005556,0.200000,
59.314000,0.010000,215.000000,227.429886,227.448242,-12.448238,0.069157,0.200000,0.005556,0.200000,
59.325000,0.011000,215.000000,227.429886,227.429886,-12.429879,0.069055,0.200000,0.005556,0.200000,
59.337000,0.012000,215.000000,227.419907,227.429321,-12.429318,0.069052,0.200000,0.005556,0.200000,
59.347000,0.010000,215.000000,227.419907,227.419907,-12.419893,0.068999,0.200000,0.005556,0.200000,
59.358000,0.011000,215.000000,227.413330,227.419571,-12.419565,0.068998,0.200000,0.005556,0.200000,
59.372000,0.014000,215.000000,227.413330,227.413330,-12.413322,0.068963,0.200000,0.005556,0.200000,
59.380000,0.008000,215.000000,227.428406,227.413910,-12.413910,0.068966,0.200000,0.005556,0.200000,
59.392000,0.012000,215.000000,227.447327,227.429474,-12.429469,0.069053,0.200000,0.005556,0.200000,
59.404000,0.012000,215.000000,227.447327,227.447327,-12.447323,0.069152,0.200000,0.005556,0.200000,
59.414000,0.010000,215.000000,227.466492,227.448242,-12.448238,0.069157,0.200000,0.005556,0.200000,
59.425000,0.011000,215.000000,227.466492,227.466492,-12.466475,0.069258,0.200000,0.005556,0.200000,
59.436000,0.011000,215.000000,227.475266,227.466949,-12.466939,0.069261,0.200000,0.005556,0.200000,
59.447000,0.011000,215.000000,227.475266,227.475266,-12.475259,0.069307,0.200000,0.005556,0.200000,
59.458000,0.011000,215.000000,227.475266,227.475266,-12.475259,0.069307,0.200000,0.005556,0.200000,
59.471000,0.013000,215.000000,227.466858,227.474747,-12.474739,0.069304,0.200000,0.005556,0.200000,
59.482000,0.011000,215.000000,227.443436,227.465637,-12.465628,0.069253,0.200000,0.005556,0.200000,
59.493000,0.011000,215.000000,227.443436,227.443436,-12.443417,0.069130,0.200000,0.005556,0.200000,
59.504000,0.011000,215.000000,227.422714,227.442352,-12.442350,0.069124,0.200000,0.005556,0.200000,
59.514000,0.010000,215.000000,227.420624,227.422623,-12.422611,0.069015,0.200000,0.005556,0.200000,
59.525000,0.011000,215.000000,227.420624,227.420624,-12.420604,0.069003,0.200000,0.005556,0.200000,
59.538000,0.013000,215.000000,227.423172,227.420776,-12.420768,0.069004,0.200000,0.005556,0.200000,
59.547000,0.009000,215.000000,227.423172,227.423172,-12.423158,0.069018,0.200000,0.005556,0.200000,
59.559000,0.012000,215.000000,227.408890,227.422363,-12.422352,0.069013,0.200000,0.005556,0.200000,
59.571000,0.012000,215.000000,227.408890,227.408890,-12.408869,0.068938,0.200000,0.005556,0.200000,
59.580000,0.009000,215.000000,227.385513,227.407898,-12.407886,0.068933,0.200000,0.005556,0.200000,
59.592000,0.012000,215.000000,227.385513,227.385513,-12.385496,0.068808,0.200000,0.005556,0.200000,
59.604000,0.012000,215.000000,227.355240,227.383789,-12.383775,0.068799,0.200000,0.005556,0.200000,
