25.981000,25.981000,300.000000,50.200001,49.816517,1.916660,0.000000,0.200000,0.350000,0.400000
,26.006000,0.025000,300.000000,50.200001,5.577750,1.144548,0.000000,0.200000,0.350000,0.400000
,26.019000,0.013000,300.000000,50.200001,3.063852,1.100672,0.000000,0.200000,0.350000,0.400000
,26.029000,0.010000,300.000000,50.200001,2.390474,1.088920,0.000000,0.200000,0.350000,0.400000
,26.039000,0.010000,300.000000,50.200001,2.390474,1.088920,0.000000,0.200000,0.350000,0.400000
,26.054000,0.015000,300.000000,50.200001,3.502348,1.108325,0.000000,0.200000,0.350000,0.400000
,26.064000,0.010000,300.000000,50.099998,2.385712,1.088836,0.000000,0.200000,0.350000,0.400000
,26.075000,0.011000,300.000000,50.099998,2.611830,1.092783,0.000000,0.200000,0.350000,0.400000
,26.087000,0.012000,300.000000,50.099998,2.835868,1.096693,0.000000,0.200000,0.350000,0.400000
,26.099000,0.012000,300.000000,50.099998,2.835868,1.096693,0.000000,0.200000,0.350000,0.400000
,26.108000,0.009000,300.000000,50.099998,2.157376,1.084851,0.000000,0.200000,0.350000,0.400000
,26.120000,0.012000,300.000000,50.099998,2.835868,1.096693,0.000000,0.200000,0.350000,0.400000
,26.131000,0.011000,300.000000,50.099998,2.611830,1.092783,0.000000,0.200000,0.350000,0.400000
,26.143000,0.012000,300.000000,50.099998,2.835868,1.096693,0.000000,0.200000,0.350000,0.400000
,26.155000,0.012000,300.000000,50.099998,2.835868,1.096693,0.000000,0.200000,0.350000,0.400000
,26.166000,0.011000,300.000000,50.099998,2.611830,1.092783,0.000000,0.200000,0.350000,0.400000
,26.177000,0.011000,300.000000,50.099998,2.611830,1.092783,0.000000,0.200000,0.350000,0.400000
,26.187000,0.010000,300.000000,50.099998,2.385712,1.088836,0.000000,0.200000,0.350000,0.400000
,26.197000,0.010000,300.000000,50.099998,2.385712,1.088836,0.000000,0.200000,0.350000,0.400000
,26.208000,0.011000,300.000000,50.099998,2.611883,1.092784,0.000000,0.200000,0.350000,0.400000
,26.221000,0.013000,300.000000,50.099998,3.057749,1.100565,0.000000,0.200000,0.350000,0.400000
,26.231000,0.010000,300.000000,50.099998,2.385712,1.088836,0.000000,0.200000,0.350000,0.400000
,26.242000,0.011000,300.000000,50.099998,2.611830,1.092783,0.000000,0.200000,0.350000,0.400000
,26.254000,0.012000,300.000000,50.099998,2.835868,1.096693,0.000000,0.200000,0.350000,0.400000
,26.264000,0.010000,300.000000,50.099998,2.385712,1.088836,0.000000,0.200000,0.350000,0.400000
,26.275000,0.011000,300.000000,50.099998,2.611830,1.092783,0.000000,0.200000,0.350000,0.400000
,26.286000,0.011000,300.000000,50.099998,2.611830,1.092783,0.000000,0.200000,0.350000,0.400000
,26.298000,0.012000,300.000000,50.099998,2.835868,1.096693,0.000000,0.200000,0.350000,0.400000
,26.308000,0.010000,300.000000,50.099998,2.385712,1.088836,0.000000,0.200000,0.350000,0.400000
,26.320000,0.012000,300.000000,50.099998,2.835868,1.096693,0.000000,0.200000,0.350000,0.400000
,26.331000,0.011000,300.000000,50.099998,2.611830,1.092783,0.000000,0.200000,0.350000,0.400000
,26.342000,0.011000,300.000000,50.099998,2.611830,1.092783,0.000000,0.200000,0.350000,0.400000
,26.354000,0.012000,300.000000,50.099998,2.835868,1.096693,0.000000,0.200000,0.350000,0.400000
,26.365000,0.011000,300.000000,50.000000,2.606617,1.092692,0.000000,0.200000,0.350000,0.400000
,26.376000,0.011000,300.000000,50.000000,2.606670,1.092693,0.000000,0.200000,0.350000,0.400000
,26.386000,0.010000,300.000000,50.000000,2.380950,1.088753,0.000000,0.200000,0.350000,0.400000
,26.397000,0.011000,300.000000,50.000000,2.606617,1.092692,0.000000,0.200000,0.350000,0.400000
,26.409000,0.012000,300.000000,50.000000,2.830207,1.096594,0.000000,0.200000,0.350000,0.400000
,26.421000,0.012000,300.000000,50.000000,2.830154,1.096593,0.000000,0.200000,0.350000,0.400000
,26.430000,0.009000,300.000000,49.900002,2.148818,1.084701,0.000000,0.200000,0.350000,0.400000
,26.442000,0.012000,300.000000,49.900002,2.824547,1.096496,0.000000,0.200000,0.350000,0.400000
,26.454000,0.012000,300.000000,49.900002,2.824547,1.096496,0.000000,0.200000,0.350000,0.400000
,26.464000,0.010000,300.000000,49.900002,2.376188,1.088670,0.000000,0.200000,0.350000,0.400000
,26.475000,0.011000,300.000000,49.900002,2.601403,1.092601,0.000000,0.200000,0.350000,0.400000
,26.486000,0.011000,300.000000,49.900002,2.601403,1.092601,0.000000,0.200000,0.350000,0.400000
,26.498000,0.012000,300.000000,49.900002,2.824547,1.096496,0.000000,0.200000,0.350000,0.400000
,26.509000,0.011000,300.000000,49.900002,2.601403,1.092601,0.000000,0.200000,0.350000,0.400000
,26.520000,0.011000,300.000000,49.900002,2.601457,1.092602,0.000000,0.200000,0.350000,0.400000
,26.530000,0.010000,300.000000,49.900002,2.376188,1.088670,0.000000,0.200000,0.350000,0.400000
,26.542000,0.012000,300.000000,49.900002,2.824494,1.096495,0.000000,0.200000,0.350000,0.400000
,26.553000,0.011000,300.000000,49.900002,2.601457,1.092602,0.000000,0.200000,0.350000,0.400000
,26.564000,0.011000,300.000000,49.900002,2.601403,1.092601,0.000000,0.200000,0.350000,0.400000
,26.577000,0.013000,300.000000,49.900002,3.045542,1.100353,0.000000,0.200000,0.350000,0.400000
,26.587000,0.010000,300.000000,49.900002,2.376188,1.088670,0.000000,0.200000,0.350000,0.400000
,26.597000,0.010000,300.000000,49.900002,2.376188,1.088670,0.000000,0.200000,0.350000,0.400000
,26.608000,0.011000,300.000000,50.000000,2.606617,1.092692,0.000000,0.200000,0.350000,0.400000
,26.621000,0.013000,300.000000,50.000000,3.051646,1.100459,0.000000,0.200000,0.350000,0.400000
,26.630000,0.009000,300.000000,50.000000,2.153125,1.084777,0.000000,0.200000,0.350000,0.400000
,26.642000,0.012000,300.000000,50.000000,2.830207,1.096594,0.000000,0.200000,0.350000,0.400000
,26.654000,0.012000,300.000000,50.000000,2.830154,1.096593,0.000000,0.200000,0.350000,0.400000
,26.666000,0.012000,300.000000,50.000000,2.830207,1.096594,0.000000,0.200000,0.350000,0.400000
,26.675000,0.009000,300.000000,50.000000,2.153125,1.084777,0.000000,0.200000,0.350000,0.400000
,26.688000,0.013000,300.000000,50.000000,3.051646,1.100459,0.000000,0.200000,0.350000,0.400000
,26.700000,0.012000,300.000000,50.000000,2.830154,1.096593,0.000000,0.200000,0.350000,0.400000
,26.709000,0.009000,300.000000,50.000000,2.153125,1.084777,0.000000,0.200000,0.350000,0.400000
,26.721000,0.012000,300.000000,50.000000,2.830207,1.096594,0.000000,0.200000,0.350000,0.400000
,26.730000,0.009000,300.000000,50.000000,2.153070,1.084776,0.000000,0.200000,0.350000,0.400000
,26.743000,0.013000,300.000000,50.000000,3.051646,1.100459,0.000000,0.200000,0.350000,0.400000
,26.755000,0.012000,300.000000,50.000000,2.830207,1.096594,0.000000,0.200000,0.350000,0.400000
,26.766000,0.011000,300.000000,50.000000,2.606617,1.092692,0.000000,0.200000,0.350000,0.400000
,26.777000,0.011000,300.000000,50.000000,2.606670,1.092693,0.000000,0.200000,0.350000,0.400000
,26.789000,0.012000,300.000000,50.000000,2.830154,1.096593,0.000000,0.200000,0.350000,0.400000
,26.799000,0.010000,300.000000,50.000000,2.380950,1.088753,0.000000,0.200000,0.350000,0.400000
,26.810000,0.011000,300.000000,50.000000,2.606670,1.092693,0.000000,0.200000,0.350000,0.400000
,26.823000,0.013000,300.000000,50.000000,3.051646,1.100459,0.000000,0.200000,0.350000,0.400000
,26.832000,0.009000,300.000000,50.000000,2.153070,1.084776,0.000000,0.200000,0.350000,0.400000
,26.843000,0.011000,300.000000,50.000000,2.606670,1.092693,0.000000,0.200000,0.350000,0.400000
,26.853000,0.010000,300.000000,50.000000,2.380950,1.088753,0.000000,0.200000,0.350000,0.400000
,26.864000,0.011000,300.000000,50.000000,2.606617,1.092692,0.000000,0.200000,0.350000,0.400000
,26.875000,0.011000,300.000000,50.000000,2.606670,1.092693,0.000000,0.200000,0.350000,0.400000
,26.889000,0.014000,300.000000,50.000000,3.271015,1.104288,0.000000,0.200000,0.350000,0.400000
,26.900000,0.011000,300.000000,50.000000,2.606617,1.092692,0.000000,0.200000,0.350000,0.400000
,26.908000,0.008000,300.000000,50.000000,1.923108,1.080762,0.000000,0.200000,0.350000,0.400000
,26.921000,0.013000,300.000000,50.000000,3.051593,1.100458,0.000000,0.200000,0.350000,0.400000
,26.932000,0.011000,300.000000,50.000000,2.606670,1.092693,0.000000,0.200000,0.350000,0.400000
,26.943000,0.011000,300.000000,50.000000,2.606617,1.092692,0.000000,0.200000,0.350000,0.400000
,26.954000,0.011000,300.000000,50.000000,2.606670,1.092693,0.000000,0.200000,0.350000,0.400000
,26.965000,0.011000,300.000000,50.000000,2.606617,1.092692,0.000000,0.200000,0.350000,0.400000
,26.978000,0.013000,300.000000,50.099998,3.057749,1.100565,0.000000,0.200000,0.350000,0.400000
,26.988000,0.010000,300.000000,50.099998,2.385712,1.088836,0.000000,0.200000,0.350000,0.400000
,26.998000,0.010000,300.000000,50.099998,2.385712,1.088836,0.000000,0.200000,0.350000,0.400000
,27.009000,0.011000,300.000000,50.099998,2.611830,1.092783,0.000000,0.200000,0.350000,0.400000
,27.021000,0.012000,300.000000,50.099998,2.835868,1.096693,0.000000,0.200000,0.350000,0.400000
,27.031000,0.010000,300.000000,50.099998,2.385712,1.088836,0.000000,0.200000,0.350000,0.400000
,27.042000,0.011000,300.000000,50.099998,2.611830,1.092783,0.000000,0.200000,0.350000,0.400000
,27.055000,0.013000,300.000000,50.099998,3.057749,1.100565,0.000000,0.200000,0.350000,0.400000
,27.067000,0.012000,300.000000,50.099998,2.835868,1.096693,0.000000,0.200000,0.350000,0.400000
,27.077000,0.010000,300.000000,50.099998,2.385712,1.088836,0.000000,0.200000,0.350000,0.400000
,27.088000,0.011000,300.000000,50.099998,2.611830,1.092783,0.000000,0.200000,0.350000,0.400000
,27.099000,0.011000,300.000000,50.099998,2.611883,1.092784,0.000000,0.200000,0.350000,0.400000
,27.110000,0.011000,300.000000,50.099998,2.611830,1.092783,0.000000,0.200000,0.350000,0.400000
,27.120000,0.010000,300.000000,50.099998,2.385712,1.088836,0.000000,0.200000,0.350000,0.400000
,27.132000,0.012000,300.000000,50.099998,2.835868,1.096693,0.000000,0.200000,0.350000,0.400000
,27.142000,0.010000,300.000000,50.099998,2.385712,1.088836,0.000000,0.200000,0.350000,0.400000
,27.153000,0.011000,300.000000,50.099998,2.611830,1.092783,0.000000,0.200000,0.350000,0.400000
,27.165000,0.012000,300.000000,50.099998,2.835868,1.096693,0.000000,0.200000,0.350000,0.400000
,27.177000,0.012000,300.000000,50.099998,2.835814,1.096692,0.000000,0.200000,0.350000,0.400000
,27.188000,0.011000,300.000000,50.200001,2.617097,1.092875,0.000000,0.200000,0.350000,0.400000
,27.198000,0.010000,300.000000,50.200001,2.390474,1.088920,0.000000,0.200000,0.350000,0.400000
,27.209000,0.011000,300.000000,50.200001,2.617043,1.092874,0.000000,0.200000,0.350000,0.400000
,27.221000,0.012000,300.000000,50.200001,2.841528,1.096792,0.000000,0.200000,0.350000,0.400000
,27.231000,0.010000,300.000000,50.200001,2.390474,1.088920,0.000000,0.200000,0.350000,0.400000
,27.242000,0.011000,300.000000,50.200001,2.617043,1.092874,0.000000,0.200000,0.350000,0.400000
,27.254000,0.012000,300.000000,50.200001,2.841528,1.096792,0.000000,0.200000,0.350000,0.400000
,27.265000,0.011000,300.000000,50.200001,2.617043,1.092874,0.000000,0.200000,0.350000,0.400000
,27.276000,0.011000,300.000000,50.299999,2.622256,1.092965,0.000000,0.200000,0.350000,0.400000
,27.288000,0.012000,300.000000,50.299999,2.847188,1.096890,0.000000,0.200000,0.350000,0.400000
,27.301000,0.013000,300.000000,50.299999,3.069956,1.100778,0.000000,0.200000,0.350000,0.400000
,27.310000,0.009000,300.000000,50.299999,2.166043,1.085002,0.000000,0.200000,0.350000,0.400000
,27.321000,0.011000,300.000000,50.299999,2.622256,1.092965,0.000000,0.200000,0.350000,0.400000
,27.332000,0.011000,300.000000,50.299999,2.622256,1.092965,0.000000,0.200000,0.350000,0.400000
,27.342000,0.010000,300.000000,50.299999,2.395236,1.089002,0.000000,0.200000,0.350000,0.400000
,27.353000,0.011000,300.000000,50.200001,2.617097,1.092875,0.000000,0.200000,0.350000,0.400000
,27.365000,0.012000,300.000000,50.200001,2.841475,1.096791,0.000000,0.200000,0.350000,0.400000
,27.378000,0.013000,300.000000,50.200001,3.063852,1.100672,0.000000,0.200000,0.350000,0.400000
,27.387000,0.009000,300.000000,50.200001,2.161737,1.084927,0.000000,0.200000,0.350000,0.400000
,27.398000,0.011000,300.000000,50.200001,2.617097,1.092875,0.000000,0.200000,0.350000,0.400000
,27.409000,0.011000,300.000000,50.200001,2.617043,1.092874,0.000000,0.200000,0.350000,0.400000
,27.422000,0.013000,300.000000,50.200001,3.063852,1.100672,0.000000,0.200000,0.350000,0.400000
,27.431000,0.009000,300.000000,50.200001,2.161737,1.084927,0.000000,0.200000,0.350000,0.400000
,27.442000,0.011000,300.000000,50.200001,2.617043,1.092874,0.000000,0.200000,0.350000,0.400000
,27.453000,0.011000,300.000000,50.200001,2.617043,1.092874,0.000000,0.200000,0.350000,0.400000
,27.465000,0.012000,300.000000,50.200001,2.841528,1.096792,0.000000,0.200000,0.350000,0.400000
,27.476000,0.011000,300.000000,50.200001,2.617043,1.092874,0.000000,0.200000,0.350000,0.400000
,27.487000,0.011000,300.000000,50.200001,2.617097,1.092875,0.000000,0.200000,0.350000,0.400000
,27.500000,0.013000,300.000000,50.200001,3.063852,1.100672,0.000000,0.200000,0.350000,0.400000
,27.509000,0.009000,300.000000,50.099998,2.157376,1.084851,0.000000,0.200000,0.350000,0.400000
,27.520000,0.011000,300.000000,50.099998,2.611883,1.092784,0.000000,0.200000,0.350000,0.400000
,27.531000,0.011000,300.000000,50.200001,2.617043,1.092874,0.000000,0.200000,0.350000,0.400000
,27.542000,0.011000,300.000000,50.200001,2.617043,1.092874,0.000000,0.200000,0.350000,0.400000
,27.553000,0.011000,300.000000,50.200001,2.617097,1.092875,0.000000,0.200000,0.350000,0.400000
,27.565000,0.012000,300.000000,50.200001,2.841475,1.096791,0.000000,0.200000,0.350000,0.400000
,27.577000,0.012000,300.000000,50.200001,2.841528,1.096792,0.000000,0.200000,0.350000,0.400000
,27.587000,0.010000,300.000000,50.200001,2.390474,1.088920,0.000000,0.200000,0.350000,0.400000
,27.598000,0.011000,300.000000,50.200001,2.617043,1.092874,0.000000,0.200000,0.350000,0.400000
,27.609000,0.011000,300.000000,50.200001,2.617097,1.092875,0.000000,0.200000,0.350000,0.400000
,27.621000,0.012000,300.000000,50.200001,2.841475,1.096791,0.000000,0.200000,0.350000,0.400000
,27.631000,0.010000,300.000000,50.200001,2.390474,1.088920,0.000000,0.200000,0.350000,0.400000
,27.642000,0.011000,300.000000,50.200001,2.617097,1.092875,0.000000,0.200000,0.350000,0.400000
,27.655000,0.013000,300.000000,50.200001,3.063852,1.100672,0.000000,0.200000,0.350000,0.400000
,27.667000,0.012000,300.000000,50.200001,2.841475,1.096791,0.000000,0.200000,0.350000,0.400000
,27.677000,0.010000,300.000000,50.200001,2.390474,1.088920,0.000000,0.200000,0.350000,0.400000
,27.687000,0.010000,300.000000,50.200001,2.390474,1.088920,0.000000,0.200000,0.350000,0.400000
,27.699000,0.012000,300.000000,50.200001,2.841528,1.096792,0.000000,0.200000,0.350000,0.400000
,27.709000,0.010000,300.000000,50.200001,2.390474,1.088920,0.000000,0.200000,0.350000,0.400000
,27.720000,0.011000,300.000000,50.200001,2.617043,1.092874,0.000000,0.200000,0.350000,0.400000
,27.731000,0.011000,300.000000,50.200001,2.617097,1.092875,0.000000,0.200000,0.350000,0.400000
,27.744000,0.013000,300.000000,50.200001,3.063852,1.100672,0.000000,0.200000,0.350000,0.400000
,27.754000,0.010000,300.000000,50.099998,2.385712,1.088836,0.000000,0.200000,0.350000,0.400000
,27.765000,0.011000,300.000000,50.099998,2.611830,1.092783,0.000000,0.200000,0.350000,0.400000
,27.777000,0.012000,300.000000,50.099998,2.835868,1.096693,0.000000,0.200000,0.350000,0.400000
,27.787000,0.010000,300.000000,50.099998,2.385712,1.088836,0.000000,0.200000,0.350000,0.400000
,27.798000,0.011000,300.000000,50.099998,2.611830,1.092783,0.000000,0.200000,0.350000,0.400000
,27.809000,0.011000,300.000000,50.099998,2.611830,1.092783,0.000000,0.200000,0.350000,0.400000
,27.821000,0.012000,300.000000,50.099998,2.835868,1.096693,0.000000,0.200000,0.350000,0.400000
,27.832000,0.011000,300.000000,50.099998,2.611830,1.092783,0.000000,0.200000,0.350000,0.400000
,27.843000,0.011000,300.000000,50.200001,2.617097,1.092875,0.000000,0.200000,0.350000,0.400000
,27.855000,0.012000,300.000000,50.200001,2.841475,1.096791,0.000000,0.200000,0.350000,0.400000
,27.867000,0.012000,300.000000,50.200001,2.841528,1.096792,0.000000,0.200000,0.350000,0.400000
,27.876000,0.009000,300.000000,50.200001,2.161737,1.084927,0.000000,0.200000,0.350000,0.400000
,27.887000,0.011000,300.000000,50.200001,2.617043,1.092874,0.000000,0.200000,0.350000,0.400000
,27.901000,0.014000,300.000000,50.200001,3.284099,1.104516,0.000000,0.200000,0.350000,0.400000
,27.909000,0.008000,300.000000,50.200001,1.930801,1.080897,0.000000,0.200000,0.350000,0.400000
,27.921000,0.012000,300.000000,50.200001,2.841475,1.096791,0.000000,0.200000,0.350000,0.400000
,27.933000,0.012000,300.000000,50.200001,2.841528,1.096792,0.000000,0.200000,0.350000,0.400000
,27.945000,0.012000,300.000000,50.200001,2.841528,1.096792,0.000000,0.200000,0.350000,0.400000
,27.956000,0.011000,300.000000,50.200001,2.617043,1.092874,0.000000,0.200000,0.350000,0.400000
,27.968000,0.012000,300.000000,50.200001,2.841528,1.096792,0.000000,0.200000,0.350000,0.400000
,27.979000,0.011000,300.000000,50.200001,2.617043,1.092874,0.000000,0.200000,0.350000,0.400000
,27.989000,0.010000,300.000000,50.200001,2.390474,1.088920,0.000000,0.200000,0.350000,0.400000
,27.999000,0.010000,300.000000,50.200001,2.390474,1.088920,0.000000,0.200000,0.350000,0.400000
,28.010000,0.011000,300.000000,50.200001,2.617097,1.092875,0.000000,0.200000,0.350000,0.400000
,28.021000,0.011000,300.000000,50.200001,2.617043,1.092874,0.000000,0.200000,0.350000,0.400000
,28.032000,0.011000,300.000000,50.200001,2.617043,1.092874,0.000000,0.200000,0.350000,0.400000
,28.043000,0.011000,300.000000,50.200001,2.617097,1.092875,0.000000,0.200000,0.350000,0.400000
,28.056000,0.013000,300.000000,50.200001,3.063852,1.100672,0.000000,0.200000,0.350000,0.400000
,28.067000,0.011000,300.000000,50.200001,2.617043,1.092874,0.000000,0.200000,0.350000,0.400000
,28.077000,0.010000,300.000000,50.200001,2.390474,1.088920,0.000000,0.200000,0.350000,0.400000
,28.088000,0.011000,300.000000,50.200001,2.617043,1.092874,0.000000,0.200000,0.350000,0.400000
,28.100000,0.012000,300.000000,50.200001,2.841528,1.096792,0.000000,0.200000,0.350000,0.400000
,28.110000,0.010000,300.000000,50.200001,2.390474,1.088920,0.000000,0.200000,0.350000,0.400000
,28.121000,0.011000,300.000000,50.200001,2.617043,1.092874,0.000000,0.200000,0.350000,0.400000
,28.133000,0.012000,300.000000,50.200001,2.841528,1.096792,0.000000,0.200000,0.350000,0.400000
,28.144000,0.011000,300.000000,50.200001,2.617043,1.092874,0.000000,0.200000,0.350000,0.400000
,28.155000,0.011000,300.000000,50.200001,2.617097,1.092875,0.000000,0.200000,0.350000,0.400000
,28.167000,0.012000,300.000000,50.200001,2.841475,1.096791,0.000000,0.200000,0.350000,0.400000
,28.178000,0.011000,300.000000,50.299999,2.622310,1.092965,0.000000,0.200000,0.350000,0.400000
,28.188000,0.010000,300.000000,50.299999,2.395236,1.089002,0.000000,0.200000,0.350000,0.400000
,28.199000,0.011000,300.000000,50.299999,2.622256,1.092965,0.000000,0.200000,0.350000,0.400000
,28.210000,0.011000,300.000000,50.400002,2.627470,1.093056,0.000000,0.200000,0.350000,0.400000
,28.222000,0.012000,300.000000,50.400002,2.852849,1.096990,0.000000,0.200000,0.350000,0.400000
,28.233000,0.011000,300.000000,50.400002,2.627470,1.093056,0.000000,0.200000,0.350000,0.400000
,28.243000,0.010000,300.000000,50.400002,2.399998,1.089085,0.000000,0.200000,0.350000,0.400000
,28.255000,0.012000,300.000000,50.400002,2.852849,1.096990,0.000000,0.200000,0.350000,0.400000
,28.268000,0.013000,300.000000,50.400002,3.076059,1.100885,0.000000,0.200000,0.350000,0.400000
,28.277000,0.009000,300.000000,50.400002,2.170350,1.085078,0.000000,0.200000,0.350000,0.400000
,28.288000,0.011000,300.000000,50.400002,2.627470,1.093056,0.000000,0.200000,0.350000,0.400000
,28.300000,0.012000,300.000000,50.400002,2.852849,1.096990,0.000000,0.200000,0.350000,0.400000
,28.310000,0.010000,300.000000,50.400002,2.399998,1.089085,0.000000,0.200000,0.350000,0.400000
,28.321000,0.011000,300.000000,50.400002,2.627470,1.093056,0.000000,0.200000,0.350000,0.400000
,28.332000,0.011000,300.000000,50.400002,2.627470,1.093056,0.000000,0.200000,0.350000,0.400000
,28.343000,0.011000,300.000000,50.400002,2.627524,1.093057,0.000000,0.200000,0.350000,0.400000
,28.355000,0.012000,300.000000,50.400002,2.852796,1.096989,0.000000,0.200000,0.350000,0.400000
,28.367000,0.012000,300.000000,50.400002,2.852849,1.096990,0.000000,0.200000,0.350000,0.400000
,28.378000,0.011000,300.000000,50.400002,2.627470,1.093056,0.000000,0.200000,0.350000,0.400000
,28.388000,0.010000,300.000000,50.299999,2.395236,1.089002,0.000000,0.200000,0.350000,0.400000
,28.399000,0.011000,300.000000,50.299999,2.622310,1.092965,0.000000,0.200000,0.350000,0.400000
,28.410000,0.011000,300.000000,50.299999,2.622256,1.092965,0.000000,0.200000,0.350000,0.400000
,28.422000,0.012000,300.000000,50.299999,2.847188,1.096890,0.000000,0.200000,0.350000,0.400000
,28.433000,0.011000,300.000000,50.299999,2.622256,1.092965,0.000000,0.200000,0.350000,0.400000
,28.443000,0.010000,300.000000,50.299999,2.395236,1.089002,0.000000,0.200000,0.350000,0.400000
,28.455000,0.012000,300.000000,50.299999,2.847188,1.096890,0.000000,0.200000,0.350000,0.400000
,28.468000,0.013000,300.000000,50.299999,3.069956,1.100778,0.000000,0.200000,0.350000,0.400000
,28.477000,0.009000,300.000000,50.200001,2.161737,1.084927,0.000000,0.200000,0.350000,0.400000
,28.488000,0.011000,300.000000,50.200001,2.617043,1.092874,0.000000,0.200000,0.350000,0.400000
,28.501000,0.013000,300.000000,50.200001,3.063852,1.100672,0.000000,0.200000,0.350000,0.400000
,28.511000,0.010000,300.000000,50.200001,2.390474,1.088920,0.000000,0.200000,0.350000,0.400000
,28.521000,0.010000,300.000000,50.200001,2.390474,1.088920,0.000000,0.200000,0.350000,0.400000
,28.534000,0.013000,300.000000,50.299999,3.069956,1.100778,0.000000,0.200000,0.350000,0.400000
,28.543000,0.009000,300.000000,50.299999,2.166043,1.085002,0.000000,0.200000,0.350000,0.400000
,28.554000,0.011000,300.000000,50.299999,2.622256,1.092965,0.000000,0.200000,0.350000,0.400000
,28.568000,0.014000,300.000000,50.299999,3.290641,1.104630,0.000000,0.200000,0.350000,0.400000
,28.578000,0.010000,300.000000,50.299999,2.395236,1.089002,0.000000,0.200000,0.350000,0.400000
,28.588000,0.010000,300.000000,50.299999,2.395236,1.089002,0.000000,0.200000,0.350000,0.400000
,28.599000,0.011000,300.000000,50.299999,2.622310,1.092965,0.000000,0.200000,0.350000,0.400000
,28.610000,0.011000,300.000000,50.400002,2.627470,1.093056,0.000000,0.200000,0.350000,0.400000
,28.622000,0.012000,300.000000,50.400002,2.852849,1.096990,0.000000,0.200000,0.350000,0.400000
,28.633000,0.011000,300.000000,50.400002,2.627470,1.093056,0.000000,0.200000,0.350000,0.400000
,28.643000,0.010000,300.000000,50.400002,2.399998,1.089085,0.000000,0.200000,0.350000,0.400000
,28.656000,0.013000,300.000000,50.400002,3.076059,1.100885,0.000000,0.200000,0.350000,0.400000
,28.667000,0.011000,300.000000,50.400002,2.627470,1.093056,0.000000,0.200000,0.350000,0.400000
,28.678000,0.011000,300.000000,50.400002,2.627524,1.093057,0.000000,0.200000,0.350000,0.400000
,28.690000,0.012000,300.000000,50.400002,2.852796,1.096989,0.000000,0.200000,0.350000,0.400000
,28.701000,0.011000,300.000000,50.400002,2.627524,1.093057,0.000000,0.200000,0.350000,0.400000
,28.710000,0.009000,300.000000,50.400002,2.170295,1.085077,0.000000,0.200000,0.350000,0.400000
,28.721000,0.011000,300.000000,50.400002,2.627524,1.093057,0.000000,0.200000,0.350000,0.400000
,28.733000,0.012000,300.000000,50.299999,2.847135,1.096889,0.000000,0.200000,0.350000,0.400000
,28.743000,0.010000,300.000000,50.299999,2.395236,1.089002,0.000000,0.200000,0.350000,0.400000
,28.754000,0.011000,300.000000,50.299999,2.622310,1.092965,0.000000,0.200000,0.350000,0.400000
,28.768000,0.014000,300.000000,50.299999,3.290641,1.104630,0.000000,0.200000,0.350000,0.400000
,28.778000,0.010000,300.000000,50.299999,2.395236,1.089002,0.000000,0.200000,0.350000,0.400000
,28.788000,0.010000,300.000000,50.299999,2.395236,1.089002,0.000000,0.200000,0.350000,0.400000
,28.800000,0.012000,300.000000,50.299999,2.847188,1.096890,0.000000,0.200000,0.350000,0.400000
,28.810000,0.010000,300.000000,50.299999,2.395236,1.089002,0.000000,0.200000,0.350000,0.400000
,28.823000,0.013000,300.000000,50.299999,3.069956,1.100778,0.000000,0.200000,0.350000,0.400000
,28.834000,0.011000,300.000000,50.299999,2.622256,1.092965,0.000000,0.200000,0.350000,0.400000
,28.845000,0.011000,300.000000,50.299999,2.622256,1.092965,0.000000,0.200000,0.350000,0.400000
,28.856000,0.011000,300.000000,50.299999,2.622310,1.092965,0.000000,0.200000,0.350000,0.400000
,28.868000,0.012000,300.000000,50.299999,2.847135,1.096889,0.000000,0.200000,0.350000,0.400000
,28.878000,0.010000,300.000000,50.299999,2.395236,1.089002,0.000000,0.200000,0.350000,0.400000
,28.888000,0.010000,300.000000,50.299999,2.395236,1.089002,0.000000,0.200000,0.350000,0.400000
,28.900000,0.012000,300.000000,50.299999,2.847188,1.096890,0.000000,0.200000,0.350000,0.400000
,28.910000,0.010000,300.000000,50.299999,2.395236,1.089002,0.000000,0.200000,0.350000,0.400000
,28.921000,0.011000,300.000000,50.299999,2.622256,1.092965,0.000000,0.200000,0.350000,0.400000
,28.934000,0.013000,300.000000,50.299999,3.069956,1.100778,0.000000,0.200000,0.350000,0.400000
,28.943000,0.009000,300.000000,50.299999,2.166043,1.085002,0.000000,0.200000,0.350000,0.400000
,28.954000,0.011000,300.000000,50.299999,2.622310,1.092965,0.000000,0.200000,0.350000,0.400000
,28.966000,0.012000,300.000000,50.299999,2.847135,1.096889,0.000000,0.200000,0.350000,0.400000
,28.978000,0.012000,300.000000,50.299999,2.847188,1.096890,0.000000,0.200000,0.350000,0.400000
,28.988000,0.010000,300.000000,50.299999,2.395236,1.089002,0.000000,0.200000,0.350000,0.400000
,28.999000,0.011000,300.000000,50.299999,2.622256,1.092965,0.000000,0.200000,0.350000,0.400000
,29.010000,0.011000,300.000000,50.299999,2.622310,1.092965,0.000000,0.200000,0.350000,0.400000
,29.021000,0.011000,300.000000,50.299999,2.622256,1.092965,0.000000,0.200000,0.350000,0.400000
,29.032000,0.011000,300.000000,50.299999,2.622256,1.092965,0.000000,0.200000,0.350000,0.400000
,29.043000,0.011000,300.000000,50.299999,2.622310,1.092965,0.000000,0.200000,0.350000,0.400000
,29.055000,0.012000,300.000000,50.299999,2.847135,1.096889,0.000000,0.200000,0.350000,0.400000
,29.066000,0.011000,300.000000,50.299999,2.622310,1.092965,0.000000,0.200000,0.350000,0.400000
,29.078000,0.012000,300.000000,50.299999,2.847135,1.096889,0.000000,0.200000,0.350000,0.400000
,29.088000,0.010000,300.000000,50.299999,2.395236,1.089002,0.000000,0.200000,0.350000,0.400000
,29.101000,0.013000,300.000000,50.299999,3.069956,1.100778,0.000000,0.200000,0.350000,0.400000
,29.111000,0.010000,300.000000,50.299999,2.395236,1.089002,0.000000,0.200000,0.350000,0.400000
,29.122000,0.011000,300.000000,50.299999,2.622310,1.092965,0.000000,0.200000,0.350000,0.400000
,29.134000,0.012000,300.000000,50.299999,2.847135,1.096889,0.000000,0.200000,0.350000,0.400000
,29.143000,0.009000,300.000000,50.299999,2.166043,1.085002,0.000000,0.200000,0.350000,0.400000
,29.154000,0.011000,300.000000,50.299999,2.622256,1.092965,0.000000,0.200000,0.350000,0.400000
,29.166000,0.012000,300.000000,50.299999,2.847188,1.096890,0.000000,0.200000,0.350000,0.400000
,29.179000,0.013000,300.000000,50.299999,3.069956,1.100778,0.000000,0.200000,0.350000,0.400000
,29.188000,0.009000,300.000000,50.299999,2.166043,1.085002,0.000000,0.200000,0.350000,0.400000
,29.199000,0.011000,300.000000,50.299999,2.622256,1.092965,0.000000,0.200000,0.350000,0.400000
,29.210000,0.011000,300.000000,50.299999,2.622256,1.092965,0.000000,0.200000,0.350000,0.400000
,29.221000,0.011000,300.000000,50.299999,2.622310,1.092965,0.000000,0.200000,0.350000,0.400000
,29.232000,0.011000,300.000000,50.400002,2.627470,1.093056,0.000000,0.200000,0.350000,0.400000
,29.244000,0.012000,300.000000,50.400002,2.852849,1.096990,0.000000,0.200000,0.350000,0.400000
,29.255000,0.011000,300.000000,50.400002,2.627470,1.093056,0.000000,0.200000,0.350000,0.400000
,29.267000,0.012000,300.000000,50.400002,2.852849,1.096990,0.000000,0.200000,0.350000,0.400000
,29.277000,0.010000,300.000000,50.400002,2.399998,1.089085,0.000000,0.200000,0.350000,0.400000
,29.288000,0.011000,300.000000,50.400002,2.627470,1.093056,0.000000,0.200000,0.350000,0.400000
,29.299000,0.011000,300.000000,50.400002,2.627470,1.093056,0.000000,0.200000,0.350000,0.400000
,29.310000,0.011000,300.000000,50.400002,2.627524,1.093057,0.000000,0.200000,0.350000,0.400000
,29.322000,0.012000,300.000000,50.500000,2.858456,1.097087,0.000000,0.200000,0.350000,0.400000
,29.333000,0.011000,300.000000,50.500000,2.632737,1.093148,0.000000,0.200000,0.350000,0.400000
,29.343000,0.010000,300.000000,50.500000,2.404760,1.089169,0.000000,0.200000,0.350000,0.400000
,29.354000,0.011000,300.000000,50.500000,2.632683,1.093147,0.000000,0.200000,0.350000,0.400000
,29.367000,0.013000,300.000000,50.500000,3.082162,1.100992,0.000000,0.200000,0.350000,0.400000
,29.378000,0.011000,300.000000,50.500000,2.632683,1.093147,0.000000,0.200000,0.350000,0.400000
,29.388000,0.010000,300.000000,50.500000,2.404760,1.089169,0.000000,0.200000,0.350000,0.400000
,29.399000,0.011000,300.000000,50.400002,2.627524,1.093057,0.000000,0.200000,0.350000,0.400000
,29.410000,0.011000,300.000000,50.400002,2.627470,1.093056,0.000000,0.200000,0.350000,0.400000
,29.421000,0.011000,300.000000,50.400002,2.627470,1.093056,0.000000,0.200000,0.350000,0.400000
,29.433000,0.012000,300.000000,50.400002,2.852849,1.096990,0.000000,0.200000,0.350000,0.400000
,29.443000,0.010000,300.000000,50.400002,2.399998,1.089085,0.000000,0.200000,0.350000,0.400000
,29.456000,0.013000,300.000000,50.400002,3.076059,1.100885,0.000000,0.200000,0.350000,0.400000
,29.467000,0.011000,300.000000,50.400002,2.627470,1.093056,0.000000,0.200000,0.350000,0.400000
,29.477000,0.010000,300.000000,50.400002,2.400052,1.089086,0.000000,0.200000,0.350000,0.400000
,29.488000,0.011000,300.000000,50.400002,2.627470,1.093056,0.000000,0.200000,0.350000,0.400000
,29.501000,0.013000,300.000000,50.400002,3.076059,1.100885,0.000000,0.200000,0.350000,0.400000
,29.510000,0.009000,300.000000,50.400002,2.170350,1.085078,0.000000,0.200000,0.350000,0.400000
,29.521000,0.011000,300.000000,50.400002,2.627470,1.093056,0.000000,0.200000,0.350000,0.400000
,29.533000,0.012000,300.000000,50.400002,2.852849,1.096990,0.000000,0.200000,0.350000,0.400000
,29.543000,0.010000,300.000000,50.400002,2.399998,1.089085,0.000000,0.200000,0.350000,0.400000
,29.554000,0.011000,300.000000,50.400002,2.627470,1.093056,0.000000,0.200000,0.350000,0.400000
,29.566000,0.012000,300.000000,50.400002,2.852849,1.096990,0.000000,0.200000,0.350000,0.400000
,29.578000,0.012000,300.000000,50.400002,2.852796,1.096989,0.000000,0.200000,0.350000,0.400000
,29.589000,0.011000,300.000000,50.400002,2.627524,1.093057,0.000000,0.200000,0.350000,0.400000
,29.601000,0.012000,300.000000,50.299999,2.847135,1.096889,0.000000,0.200000,0.350000,0.400000
,29.611000,0.010000,300.000000,50.299999,2.395236,1.089002,0.000000,0.200000,0.350000,0.400000
,29.622000,0.011000,300.000000,50.299999,2.622310,1.092965,0.000000,0.200000,0.350000,0.400000
,29.633000,0.011000,300.000000,50.299999,2.622256,1.092965,0.000000,0.200000,0.350000,0.400000
,29.643000,0.010000,300.000000,50.299999,2.395236,1.089002,0.000000,0.200000,0.350000,0.400000
,29.655000,0.012000,300.000000,50.299999,2.847188,1.096890,0.000000,0.200000,0.350000,0.400000
,29.667000,0.012000,300.000000,50.299999,2.847135,1.096889,0.000000,0.200000,0.350000,0.400000
,29.677000,0.010000,300.000000,50.200001,2.390474,1.088920,0.000000,0.200000,0.350000,0.400000
,29.688000,0.011000,300.000000,50.200001,2.617097,1.092875,0.000000,0.200000,0.350000,0.400000
,29.700000,0.012000,300.000000,50.200001,2.841475,1.096791,0.000000,0.200000,0.350000,0.400000
,29.710000,0.010000,300.000000,50.200001,2.390474,1.088920,0.000000,0.200000,0.350000,0.400000
,29.721000,0.011000,300.000000,50.200001,2.617097,1.092875,0.000000,0.200000,0.350000,0.400000
,29.734000,0.013000,300.000000,50.200001,3.063852,1.100672,0.000000,0.200000,0.350000,0.400000
,29.743000,0.009000,300.000000,50.200001,2.161682,1.084926,0.000000,0.200000,0.350000,0.400000
,29.754000,0.011000,300.000000,50.200001,2.617097,1.092875,0.000000,0.200000,0.350000,0.400000
,29.767000,0.013000,300.000000,50.200001,3.063852,1.100672,0.000000,0.200000,0.350000,0.400000
,29.778000,0.011000,300.000000,50.200001,2.617043,1.092874,0.000000,0.200000,0.350000,0.400000
,29.789000,0.011000,300.000000,50.200001,2.617043,1.092874,0.000000,0.200000,0.350000,0.400000
,29.800000,0.011000,300.000000,50.200001,2.617097,1.092875,0.000000,0.200000,0.350000,0.400000
,29.810000,0.010000,300.000000,50.200001,2.390474,1.088920,0.000000,0.200000,0.350000,0.400000
,29.821000,0.011000,300.000000,50.200001,2.617043,1.092874,0.000000,0.200000,0.350000,0.400000
,29.833000,0.012000,300.000000,50.200001,2.841528,1.096792,0.000000,0.200000,0.350000,0.400000
,29.843000,0.010000,300.000000,50.200001,2.390474,1.088920,0.000000,0.200000,0.350000,0.400000
,29.855000,0.012000,300.000000,50.200001,2.841475,1.096791,0.000000,0.200000,0.350000,0.400000
,29.866000,0.011000,300.000000,50.200001,2.617097,1.092875,0.000000,0.200000,0.350000,0.400000
,29.877000,0.011000,300.000000,50.200001,2.617043,1.092874,0.000000,0.200000,0.350000,0.400000
,29.888000,0.011000,300.000000,50.200001,2.617043,1.092874,0.000000,0.200000,0.350000,0.400000
,29.900000,0.012000,300.000000,50.200001,2.841528,1.096792,0.000000,0.200000,0.350000,0.400000
,29.910000,0.010000,300.000000,50.299999,2.395236,1.089002,0.000000,0.200000,0.350000,0.400000
,29.921000,0.011000,300.000000,50.299999,2.622256,1.092965,0.000000,0.200000,0.350000,0.400000
,29.932000,0.011000,300.000000,50.299999,2.622310,1.092965,0.000000,0.200000,0.350000,0.400000
,29.943000,0.011000,300.000000,50.299999,2.622256,1.092965,0.000000,0.200000,0.350000,0.400000
,29.954000,0.011000,300.000000,50.299999,2.622310,1.092965,0.000000,0.200000,0.350000,0.400000
,29.966000,0.012000,300.000000,50.299999,2.847135,1.096889,0.000000,0.200000,0.350000,0.400000
,29.978000,0.012000,300.000000,50.299999,2.847188,1.096890,0.000000,0.200000,0.350000,0.400000
,29.989000,0.011000,300.000000,50.299999,2.622256,1.092965,0.000000,0.200000,0.350000,0.400000
,29.999000,0.010000,300.000000,50.299999,2.395236,1.089002,0.000000,0.200000,0.350000,0.400000
,30.010000,0.011000,300.000000,50.299999,2.622310,1.092965,0.000000,0.200000,0.350000,0.400000
,30.023000,0.013000,300.000000,50.299999,3.069956,1.100778,0.000000,0.200000,0.350000,0.400000
,30.034000,0.011000,300.000000,50.299999,2.622256,1.092965,0.000000,0.200000,0.350000,0.400000
,30.044000,0.010000,300.000000,50.299999,2.395236,1.089002,0.000000,0.200000,0.350000,0.400000
,30.057000,0.013000,300.000000,50.400002,3.076059,1.100885,0.000000,0.200000,0.350000,0.400000
,30.068000,0.011000,300.000000,50.400002,2.627470,1.093056,0.000000,0.200000,0.350000,0.400000
,30.078000,0.010000,300.000000,50.400002,2.399998,1.089085,0.000000,0.200000,0.350000,0.400000
,30.089000,0.011000,300.000000,50.400002,2.627524,1.093057,0.000000,0.200000,0.350000,0.400000
,30.104000,0.015000,300.000000,50.400002,3.516250,1.108568,0.000000,0.200000,0.350000,0.400000
,30.111000,0.007000,300.000000,50.400002,1.704341,1.076944,0.000000,0.200000,0.350000,0.400000
,30.122000,0.011000,300.000000,50.400002,2.627524,1.093057,0.000000,0.200000,0.350000,0.400000
,30.135000,0.013000,300.000000,50.400002,3.076059,1.100885,0.000000,0.200000,0.350000,0.400000
,30.144000,0.009000,300.000000,50.400002,2.170295,1.085077,0.000000,0.200000,0.350000,0.400000
,30.155000,0.011000,300.000000,50.400002,2.627524,1.093057,0.000000,0.200000,0.350000,0.400000
,30.168000,0.013000,300.000000,50.400002,3.076059,1.100885,0.000000,0.200000,0.350000,0.400000
,30.178000,0.010000,300.000000,50.400002,2.399998,1.089085,0.000000,0.200000,0.350000,0.400000
,30.189000,0.011000,300.000000,50.400002,2.627470,1.093056,0.000000,0.200000,0.350000,0.400000
,30.202000,0.013000,300.000000,50.400002,3.076059,1.100885,0.000000,0.200000,0.350000,0.400000
,30.211000,0.009000,300.000000,50.400002,2.170350,1.085078,0.000000,0.200000,0.350000,0.400000
,30.222000,0.011000,300.000000,50.400002,2.627470,1.093056,0.000000,0.200000,0.350000,0.400000
,30.235000,0.013000,300.000000,50.400002,3.076059,1.100885,0.000000,0.200000,0.350000,0.400000
,30.245000,0.010000,300.000000,50.400002,2.399998,1.089085,0.000000,0.200000,0.350000,0.400000
,30.256000,0.011000,300.000000,50.299999,2.622256,1.092965,0.000000,0.200000,0.350000,0.400000
,30.268000,0.012000,300.000000,50.299999,2.847188,1.096890,0.000000,0.200000,0.350000,0.400000
,30.278000,0.010000,300.000000,50.299999,2.395236,1.089002,0.000000,0.200000,0.350000,0.400000
,30.289000,0.011000,300.000000,50.299999,2.622256,1.092965,0.000000,0.200000,0.350000,0.400000
,30.303000,0.014000,300.000000,50.299999,3.290693,1.104631,0.000000,0.200000,0.350000,0.400000
,30.311000,0.008000,300.000000,50.200001,1.930745,1.080896,0.000000,0.200000,0.350000,0.400000
,30.322000,0.011000,300.000000,50.200001,2.617043,1.092874,0.000000,0.200000,0.350000,0.400000
,30.335000,0.013000,300.000000,50.200001,3.063852,1.100672,0.000000,0.200000,0.350000,0.400000
,30.344000,0.009000,300.000000,50.200001,2.161737,1.084927,0.000000,0.200000,0.350000,0.400000
,30.355000,0.011000,300.000000,50.200001,2.617043,1.092874,0.000000,0.200000,0.350000,0.400000
,30.368000,0.013000,300.000000,50.099998,3.057749,1.100565,0.000000,0.200000,0.350000,0.400000
,30.379000,0.011000,300.000000,50.099998,2.611883,1.092784,0.000000,0.200000,0.350000,0.400000
,30.389000,0.010000,300.000000,50.099998,2.385712,1.088836,0.000000,0.200000,0.350000,0.400000
,30.401000,0.012000,300.000000,50.000000,2.830154,1.096593,0.000000,0.200000,0.350000,0.400000
,30.411000,0.010000,300.000000,50.000000,2.380950,1.088753,0.000000,0.200000,0.350000,0.400000
,30.422000,0.011000,300.000000,50.000000,2.606670,1.092693,0.000000,0.200000,0.350000,0.400000
,30.434000,0.012000,300.000000,50.000000,2.830154,1.096593,0.000000,0.200000,0.350000,0.400000
,30.446000,0.012000,300.000000,50.000000,2.830207,1.096594,0.000000,0.200000,0.350000,0.400000
,30.458000,0.012000,300.000000,50.000000,2.830207,1.096594,0.000000,0.200000,0.350000,0.400000
,30.469000,0.011000,300.000000,50.000000,2.606617,1.092692,0.000000,0.200000,0.350000,0.400000
,30.479000,0.010000,300.000000,50.000000,2.380950,1.088753,0.000000,0.200000,0.350000,0.400000
,30.489000,0.010000,300.000000,50.000000,2.380950,1.088753,0.000000,0.200000,0.350000,0.400000
,30.502000,0.013000,300.000000,50.099998,3.057749,1.100565,0.000000,0.200000,0.350000,0.400000
,30.511000,0.009000,300.000000,50.099998,2.157431,1.084852,0.000000,0.200000,0.350000,0.400000
,30.523000,0.012000,300.000000,50.099998,2.835868,1.096693,0.000000,0.200000,0.350000,0.400000
,30.536000,0.013000,300.000000,50.099998,3.057696,1.100564,0.000000,0.200000,0.350000,0.400000
,30.545000,0.009000,300.000000,50.099998,2.157431,1.084852,0.000000,0.200000,0.350000,0.400000
,30.557000,0.012000,300.000000,50.099998,2.835868,1.096693,0.000000,0.200000,0.350000,0.400000
,30.569000,0.012000,300.000000,50.099998,2.835814,1.096692,0.000000,0.200000,0.350000,0.400000
,30.580000,0.011000,300.000000,50.099998,2.611883,1.092784,0.000000,0.200000,0.350000,0.400000
,30.589000,0.009000,300.000000,50.099998,2.157431,1.084852,0.000000,0.200000,0.350000,0.400000
,30.601000,0.012000,300.000000,50.099998,2.835814,1.096692,0.000000,0.200000,0.350000,0.400000
,30.611000,0.010000,300.000000,50.099998,2.385712,1.088836,0.000000,0.200000,0.350000,0.400000
,30.622000,0.011000,300.000000,50.000000,2.606670,1.092693,0.000000,0.200000,0.350000,0.400000
,30.634000,0.012000,300.000000,50.000000,2.830154,1.096593,0.000000,0.200000,0.350000,0.400000
,30.644000,0.010000,300.000000,50.000000,2.380950,1.088753,0.000000,0.200000,0.350000,0.400000
,30.657000,0.013000,300.000000,50.000000,3.051646,1.100459,0.000000,0.200000,0.350000,0.400000
,30.669000,0.012000,300.000000,50.000000,2.830207,1.096594,0.000000,0.200000,0.350000,0.400000
,30.678000,0.009000,300.000000,50.000000,2.153125,1.084777,0.000000,0.200000,0.350000,0.400000
,30.689000,0.011000,300.000000,50.000000,2.606617,1.092692,0.000000,0.200000,0.350000,0.400000
,30.701000,0.012000,300.000000,50.000000,2.830207,1.096594,0.000000,0.200000,0.350000,0.400000
,30.711000,0.010000,300.000000,49.900002,2.376188,1.088670,0.000000,0.200000,0.350000,0.400000
,30.722000,0.011000,300.000000,49.900002,2.601403,1.092601,0.000000,0.200000,0.350000,0.400000
,30.736000,0.014000,300.000000,49.900002,3.264473,1.104174,0.000000,0.200000,0.350000,0.400000
,30.745000,0.009000,300.000000,49.900002,2.148818,1.084701,0.000000,0.200000,0.350000,0.400000
,30.757000,0.012000,300.000000,49.900002,2.824547,1.096496,0.000000,0.200000,0.350000,0.400000
,30.768000,0.011000,300.000000,49.900002,2.601403,1.092601,0.000000,0.200000,0.350000,0.400000
,30.780000,0.012000,300.000000,49.900002,2.824547,1.096496,0.000000,0.200000,0.350000,0.400000
,30.790000,0.010000,300.000000,49.900002,2.376188,1.088670,0.000000,0.200000,0.350000,0.400000
,30.801000,0.011000,300.000000,49.900002,2.601403,1.092601,0.000000,0.200000,0.350000,0.400000
,30.811000,0.010000,300.000000,49.900002,2.376188,1.088670,0.000000,0.200000,0.350000,0.400000
,30.822000,0.011000,300.000000,49.900002,2.601403,1.092601,0.000000,0.200000,0.350000,0.400000
,30.834000,0.012000,300.000000,49.900002,2.824547,1.096496,0.000000,0.200000,0.350000,0.400000
,30.844000,0.010000,300.000000,49.900002,2.376188,1.088670,0.000000,0.200000,0.350000,0.400000
,30.856000,0.012000,300.000000,49.900002,2.824547,1.096496,0.000000,0.200000,0.350000,0.400000
,30.868000,0.012000,300.000000,49.900002,2.824494,1.096495,0.000000,0.200000,0.350000,0.400000
,30.878000,0.010000,300.000000,49.900002,2.376188,1.088670,0.000000,0.200000,0.350000,0.400000
,30.889000,0.011000,300.000000,49.900002,2.601457,1.092602,0.000000,0.200000,0.350000,0.400000
,30.903000,0.014000,300.000000,49.900002,3.264473,1.104174,0.000000,0.200000,0.350000,0.400000
,30.912000,0.009000,300.000000,49.900002,2.148818,1.084701,0.000000,0.200000,0.350000,0.400000
,30.923000,0.011000,300.000000,49.900002,2.601403,1.092601,0.000000,0.200000,0.350000,0.400000
,30.936000,0.013000,300.000000,49.900002,3.045542,1.100353,0.000000,0.200000,0.350000,0.400000
,30.945000,0.009000,210.000000,49.900002,2.148818,2.655498,0.400000,0.200000,0.350000,0.400000
,30.957000,0.012000,210.000000,50.000000,2.830154,2.667389,0.400000,0.200000,0.350000,0.400000
,30.969000,0.012000,210.000000,50.000000,2.830207,2.667390,0.400000,0.200000,0.350000,0.400000
,30.979000,0.010000,210.000000,50.000000,2.380950,2.659549,0.400000,0.200000,0.350000,0.400000
,30.989000,0.010000,210.000000,49.900002,2.376188,2.659466,0.400000,0.200000,0.350000,0.400000
,31.001000,0.012000,210.000000,49.900002,2.824547,2.667291,0.400000,0.200000,0.350000,0.400000
,31.012000,0.011000,210.000000,49.900002,2.601403,2.663397,0.400000,0.200000,0.350000,0.400000
,31.022000,0.010000,210.000000,49.900002,2.376188,2.659466,0.400000,0.200000,0.350000,0.400000
,31.035000,0.013000,210.000000,49.900002,3.045542,2.671149,0.400000,0.200000,0.350000,0.400000
,31.044000,0.009000,210.000000,49.900002,2.148818,2.655498,0.400000,0.200000,0.350000,0.400000
,31.057000,0.013000,210.000000,49.900002,3.045542,2.671149,0.400000,0.200000,0.350000,0.400000
,31.068000,0.011000,210.000000,49.900002,2.601403,2.663397,0.400000,0.200000,0.350000,0.400000
,31.078000,0.010000,210.000000,49.900002,2.376188,2.659466,0.400000,0.200000,0.350000,0.400000
,31.089000,0.011000,210.000000,49.799999,2.596243,2.663307,0.400000,0.200000,0.350000,0.400000
,31.103000,0.014000,210.000000,49.799999,3.257931,2.674855,0.400000,0.200000,0.350000,0.400000
,31.111000,0.008000,210.000000,49.799999,1.915361,2.651423,0.400000,0.200000,0.350000,0.400000
,31.123000,0.012000,210.000000,49.799999,2.818887,2.667193,0.400000,0.200000,0.350000,0.400000
,31.136000,0.013000,210.000000,49.799999,3.039439,2.671042,0.400000,0.200000,0.350000,0.400000
,31.145000,0.009000,210.000000,49.799999,2.144512,2.655423,0.400000,0.200000,0.350000,0.400000
,31.157000,0.012000,210.000000,49.799999,2.818834,2.667192,0.400000,0.200000,0.350000,0.400000
,31.169000,0.012000,210.000000,49.700001,2.813226,2.667094,0.400000,0.200000,0.350000,0.400000
,31.180000,0.011000,210.000000,49.700001,2.590977,2.663215,0.400000,0.200000,0.350000,0.400000
,31.190000,0.010000,210.000000,49.500000,2.357141,2.659134,0.400000,0.200000,0.350000,0.400000
,31.202000,0.012000,210.000000,49.500000,2.801905,2.666896,0.400000,0.200000,0.350000,0.400000
,31.212000,0.010000,210.000000,49.000000,2.333331,2.658718,0.400000,0.200000,0.350000,0.400000
,31.227000,0.015000,210.000000,48.500000,3.383743,2.677051,0.400000,0.200000,0.350000,0.400000
,31.247000,0.020000,210.000000,48.500000,4.409087,2.694947,0.400000,0.200000,0.350000,0.400000
,31.258000,0.011000,210.000000,48.000000,2.502352,2.661668,0.400000,0.200000,0.350000,0.400000
,31.268000,0.010000,210.000000,47.500000,2.261903,2.657471,0.400000,0.200000,0.350000,0.400000
,31.279000,0.011000,210.000000,47.500000,2.476286,2.661213,0.400000,0.200000,0.350000,0.400000
,31.289000,0.010000,210.000000,47.500000,2.261903,2.657471,0.400000,0.200000,0.350000,0.400000
,31.301000,0.012000,210.000000,46.900002,2.654735,2.664328,0.400000,0.200000,0.350000,0.400000
,31.311000,0.010000,210.000000,46.500000,2.214284,2.656640,0.400000,0.200000,0.350000,0.400000
,31.322000,0.011000,210.000000,45.900002,2.392874,2.659757,0.400000,0.200000,0.350000,0.400000
,31.334000,0.012000,210.000000,45.900002,2.598130,2.663340,0.400000,0.200000,0.350000,0.400000
,31.344000,0.010000,210.000000,45.400002,2.161903,2.655726,0.400000,0.200000,0.350000,0.400000
,31.356000,0.012000,210.000000,45.400002,2.569828,2.662846,0.400000,0.200000,0.350000,0.400000
,31.367000,0.011000,210.000000,44.799999,2.335528,2.658756,0.400000,0.200000,0.350000,0.400000
,31.380000,0.013000,210.000000,44.799999,2.734275,2.665716,0.400000,0.200000,0.350000,0.400000
,31.390000,0.010000,210.000000,44.200001,2.104760,2.654729,0.400000,0.200000,0.350000,0.400000
,31.402000,0.012000,210.000000,44.200001,2.501903,2.661660,0.400000,0.200000,0.350000,0.400000
,31.413000,0.011000,210.000000,43.599998,2.272970,2.657665,0.400000,0.200000,0.350000,0.400000
,31.424000,0.011000,210.000000,43.599998,2.272970,2.657665,0.400000,0.200000,0.350000,0.400000
,31.435000,0.011000,210.000000,43.000000,2.241736,2.657120,0.400000,0.200000,0.350000,0.400000
,31.446000,0.011000,210.000000,42.400002,2.210411,2.656573,0.400000,0.200000,0.350000,0.400000
,31.457000,0.011000,210.000000,42.400002,2.210411,2.656573,0.400000,0.200000,0.350000,0.400000
,31.468000,0.011000,210.000000,41.700001,2.173963,2.655937,0.400000,0.200000,0.350000,0.400000
,31.478000,0.010000,210.000000,41.700001,1.985713,2.652651,0.400000,0.200000,0.350000,0.400000
,31.489000,0.011000,210.000000,41.099998,2.142639,2.655390,0.400000,0.200000,0.350000,0.400000
,31.502000,0.013000,210.000000,41.099998,2.508453,2.661775,0.400000,0.200000,0.350000,0.400000
,31.511000,0.009000,210.000000,40.400002,1.739725,2.648358,0.400000,0.200000,0.350000,0.400000
,31.522000,0.011000,210.000000,39.799999,2.074867,2.654207,0.400000,0.200000,0.350000,0.400000
,31.534000,0.012000,210.000000,39.799999,2.252845,2.657313,0.400000,0.200000,0.350000,0.400000
,31.546000,0.012000,210.000000,39.200001,2.218841,2.656720,0.400000,0.200000,0.350000,0.400000
,31.557000,0.011000,210.000000,39.200001,2.043629,2.653662,0.400000,0.200000,0.350000,0.400000
,31.569000,0.012000,210.000000,38.599998,2.184879,2.656127,0.400000,0.200000,0.350000,0.400000
,31.580000,0.011000,210.000000,38.599998,2.012349,2.653116,0.400000,0.200000,0.350000,0.400000
,31.590000,0.010000,210.000000,38.599998,1.838094,2.650075,0.400000,0.200000,0.350000,0.400000
,31.601000,0.011000,210.000000,37.799999,1.970602,2.652387,0.400000,0.200000,0.350000,0.400000
,31.612000,0.011000,210.000000,37.200001,1.939363,2.651842,0.400000,0.200000,0.350000,0.400000
,31.624000,0.012000,210.000000,37.200001,2.105635,2.654744,0.400000,0.200000,0.350000,0.400000
,31.635000,0.011000,210.000000,36.599998,1.908082,2.651296,0.400000,0.200000,0.350000,0.400000
,31.644000,0.009000,210.000000,35.900002,1.545904,2.644975,0.400000,0.200000,0.350000,0.400000
,31.656000,0.012000,210.000000,35.900002,2.032089,2.653461,0.400000,0.200000,0.350000,0.400000
,31.667000,0.011000,210.000000,35.200001,1.835058,2.650022,0.400000,0.200000,0.350000,0.400000
,31.678000,0.011000,210.000000,35.200001,1.835096,2.650022,0.400000,0.200000,0.350000,0.400000
,31.689000,0.011000,210.000000,34.500000,1.798566,2.649385,0.400000,0.200000,0.350000,0.400000
,31.702000,0.013000,210.000000,34.500000,2.105636,2.654744,0.400000,0.200000,0.350000,0.400000
,31.713000,0.011000,210.000000,33.799999,1.762073,2.648748,0.400000,0.200000,0.350000,0.400000
,31.722000,0.009000,210.000000,33.099998,1.425368,2.642871,0.400000,0.200000,0.350000,0.400000
,31.736000,0.014000,210.000000,33.099998,2.165412,2.655787,0.400000,0.200000,0.350000,0.400000
,31.747000,0.011000,210.000000,33.099998,1.725616,2.648112,0.400000,0.200000,0.350000,0.400000
,31.757000,0.010000,210.000000,32.299999,1.538094,2.644839,0.400000,0.200000,0.350000,0.400000
,31.769000,0.012000,210.000000,31.600000,1.788658,2.649212,0.400000,0.200000,0.350000,0.400000
,31.780000,0.011000,210.000000,31.600000,1.647416,2.646747,0.400000,0.200000,0.350000,0.400000
,31.791000,0.011000,210.000000,31.100000,1.621316,2.646291,0.400000,0.200000,0.350000,0.400000
,31.802000,0.011000,210.000000,31.100000,1.621316,2.646291,0.400000,0.200000,0.350000,0.400000
,31.812000,0.010000,210.000000,30.200001,1.438094,2.643093,0.400000,0.200000,0.350000,0.400000
,31.823000,0.011000,210.000000,30.200001,1.574429,2.645473,0.400000,0.200000,0.350000,0.400000
,31.835000,0.012000,210.000000,29.500000,1.669791,2.647137,0.400000,0.200000,0.350000,0.400000
,31.845000,0.010000,210.000000,28.799999,1.371427,2.641930,0.400000,0.200000,0.350000,0.400000
,31.857000,0.012000,210.000000,28.799999,1.630199,2.646446,0.400000,0.200000,0.350000,0.400000
,31.868000,0.011000,210.000000,28.100000,1.464919,2.643562,0.400000,0.200000,0.350000,0.400000
,31.878000,0.010000,210.000000,28.100000,1.338094,2.641348,0.400000,0.200000,0.350000,0.400000
,31.890000,0.012000,210.000000,27.500000,1.556614,2.645162,0.400000,0.200000,0.350000,0.400000
,31.903000,0.013000,210.000000,27.500000,1.678405,2.647288,0.400000,0.200000,0.350000,0.400000
,31.912000,0.009000,210.000000,26.799999,1.154075,2.638136,0.400000,0.200000,0.350000,0.400000
,31.923000,0.011000,210.000000,26.799999,1.397146,2.642379,0.400000,0.200000,0.350000,0.400000
,31.936000,0.013000,210.000000,26.100000,1.592959,2.645796,0.400000,0.200000,0.350000,0.400000
,31.946000,0.010000,210.000000,26.100000,1.242856,2.639686,0.400000,0.200000,0.350000,0.400000
,31.957000,0.011000,210.000000,25.400000,1.324161,2.641105,0.400000,0.200000,0.350000,0.400000
,31.969000,0.012000,210.000000,24.700001,1.398122,2.642396,0.400000,0.200000,0.350000,0.400000
,31.980000,0.011000,210.000000,24.700001,1.287669,2.640468,0.400000,0.200000,0.350000,0.400000
,31.991000,0.011000,210.000000,24.000000,1.251202,2.639831,0.400000,0.200000,0.350000,0.400000
,32.003000,0.012000,210.000000,24.000000,1.358474,2.641704,0.400000,0.200000,0.350000,0.400000
,32.013000,0.010000,210.000000,23.299999,1.109523,2.637359,0.400000,0.200000,0.350000,0.400000
,32.024000,0.011000,210.000000,23.299999,1.214708,2.639194,0.400000,0.200000,0.350000,0.400000
,32.037000,0.013000,210.000000,22.600000,1.379344,2.642068,0.400000,0.200000,0.350000,0.400000
,32.047000,0.010000,210.000000,22.000000,1.047618,2.636278,0.400000,0.200000,0.350000,0.400000
,32.058000,0.011000,210.000000,22.000000,1.146911,2.638011,0.400000,0.200000,0.350000,0.400000
,32.069000,0.011000,210.000000,21.299999,1.110419,2.637374,0.400000,0.200000,0.350000,0.400000
,32.080000,0.011000,210.000000,21.299999,1.110441,2.637375,0.400000,0.200000,0.350000,0.400000
,32.091000,0.011000,210.000000,20.600000,1.073926,2.636737,0.400000,0.200000,0.350000,0.400000
,32.103000,0.012000,210.000000,20.600000,1.166045,2.638345,0.400000,0.200000,0.350000,0.400000
,32.113000,0.010000,210.000000,19.900000,0.947618,2.634533,0.400000,0.200000,0.350000,0.400000
,32.124000,0.011000,210.000000,19.900000,1.037433,2.636101,0.400000,0.200000,0.350000,0.400000
,32.137000,0.013000,210.000000,19.200001,1.171832,2.638446,0.400000,0.200000,0.350000,0.400000
,32.147000,0.010000,210.000000,19.200001,0.914285,2.633951,0.400000,0.200000,0.350000,0.400000
,32.158000,0.011000,210.000000,18.500000,0.964468,2.634827,0.400000,0.200000,0.350000,0.400000
,32.170000,0.012000,210.000000,17.799999,1.007535,2.635579,0.400000,0.200000,0.350000,0.400000
,32.180000,0.010000,210.000000,17.799999,0.847618,2.632787,0.400000,0.200000,0.350000,0.400000
,32.191000,0.011000,210.000000,17.100000,0.891481,2.633553,0.400000,0.200000,0.350000,0.400000
,32.203000,0.012000,210.000000,17.100000,0.967913,2.634887,0.400000,0.200000,0.350000,0.400000
,32.213000,0.010000,210.000000,16.400000,0.780952,2.631624,0.400000,0.200000,0.350000,0.400000
,32.224000,0.011000,210.000000,16.400000,0.854988,2.632916,0.400000,0.200000,0.350000,0.400000
,32.236000,0.012000,210.000000,15.700000,0.888668,2.633504,0.400000,0.200000,0.350000,0.400000
,32.247000,0.011000,210.000000,15.700000,0.818494,2.632279,0.400000,0.200000,0.350000,0.400000
,32.258000,0.011000,210.000000,14.900000,0.776772,2.631551,0.400000,0.200000,0.350000,0.400000
,32.269000,0.011000,210.000000,14.200000,0.740279,2.630914,0.400000,0.200000,0.350000,0.400000
,32.280000,0.011000,210.000000,14.200000,0.740294,2.630914,0.400000,0.200000,0.350000,0.400000
,32.291000,0.011000,210.000000,14.200000,0.740279,2.630914,0.400000,0.200000,0.350000,0.400000
,32.304000,0.013000,210.000000,13.500000,0.823944,2.632374,0.400000,0.200000,0.350000,0.400000
,32.313000,0.009000,210.000000,12.800000,0.551200,2.627614,0.400000,0.200000,0.350000,0.400000
,32.324000,0.011000,210.000000,12.800000,0.667294,2.629640,0.400000,0.200000,0.350000,0.400000
,32.337000,0.013000,210.000000,12.100000,0.738498,2.630883,0.400000,0.200000,0.350000,0.400000
,32.347000,0.010000,210.000000,11.600000,0.552380,2.627635,0.400000,0.200000,0.350000,0.400000
,32.358000,0.011000,210.000000,11.600000,0.604735,2.628548,0.400000,0.200000,0.350000,0.400000
,32.369000,0.011000,210.000000,11.600000,0.604748,2.628549,0.400000,0.200000,0.350000,0.400000
,32.379000,0.010000,210.000000,10.700000,0.509523,2.626887,0.400000,0.200000,0.350000,0.400000
,32.390000,0.011000,210.000000,10.200000,0.531750,2.627275,0.400000,0.200000,0.350000,0.400000
,32.402000,0.012000,210.000000,10.200000,0.577362,2.628071,0.400000,0.200000,0.350000,0.400000
,32.412000,0.010000,210.000000,9.400000,0.447619,2.625806,0.400000,0.200000,0.350000,0.400000
,32.426000,0.014000,210.000000,9.400000,0.614951,2.628727,0.400000,0.200000,0.350000,0.400000
,32.435000,0.009000,210.000000,8.700000,0.374644,2.624533,0.400000,0.200000,0.350000,0.400000
,32.446000,0.011000,210.000000,8.700000,0.453551,2.625910,0.400000,0.200000,0.350000,0.400000
,32.457000,0.011000,210.000000,8.000000,0.417059,2.625273,0.400000,0.200000,0.350000,0.400000
,32.469000,0.012000,210.000000,7.300000,0.413210,2.625206,0.400000,0.200000,0.350000,0.400000
,32.478000,0.009000,210.000000,7.300000,0.314356,2.623480,0.400000,0.200000,0.350000,0.400000
,32.489000,0.011000,210.000000,6.700000,0.349287,2.624090,0.400000,0.200000,0.350000,0.400000
,32.501000,0.012000,210.000000,6.700000,0.379248,2.624613,0.400000,0.200000,0.350000,0.400000
,32.512000,0.011000,210.000000,6.000000,0.312794,2.623453,0.400000,0.200000,0.350000,0.400000
,32.523000,0.011000,210.000000,6.000000,0.312800,2.623453,0.400000,0.200000,0.350000,0.400000
,32.535000,0.012000,210.000000,5.300000,0.299996,2.623230,0.400000,0.200000,0.350000,0.400000
,32.546000,0.011000,210.000000,4.700000,0.245022,2.622270,0.400000,0.200000,0.350000,0.400000
,32.557000,0.011000,210.000000,4.700000,0.245027,2.622270,0.400000,0.200000,0.350000,0.400000
,32.569000,0.012000,210.000000,3.800000,0.215092,2.621748,0.400000,0.200000,0.350000,0.400000
,32.581000,0.012000,210.000000,3.800000,0.215096,2.621748,0.400000,0.200000,0.350000,0.400000
,32.591000,0.010000,210.000000,3.000000,0.142857,2.620487,0.400000,0.200000,0.350000,0.400000
,32.603000,0.012000,210.000000,3.000000,0.169812,2.620958,0.400000,0.200000,0.350000,0.400000
,32.615000,0.012000,210.000000,2.300000,0.130187,2.620266,0.400000,0.200000,0.350000,0.400000
,32.627000,0.012000,210.000000,2.300000,0.130190,2.620266,0.400000,0.200000,0.350000,0.400000
,32.639000,0.012000,210.000000,1.600000,0.090567,2.619575,0.400000,0.200000,0.350000,0.400000
,32.651000,0.012000,210.000000,1.600000,0.090565,2.619575,0.400000,0.200000,0.350000,0.400000
,32.662000,0.011000,210.000000,0.900000,0.046920,2.618813,0.400000,0.200000,0.350000,0.400000
,32.672000,0.010000,210.000000,0.200000,0.009524,2.618160,0.400000,0.200000,0.350000,0.400000
,32.682000,0.010000,210.000000,0.200000,0.009524,2.618160,0.400000,0.200000,0.350000,0.400000
,32.694000,0.012000,210.000000,-0.300000,-0.016981,2.617697,0.400000,0.200000,0.350000,0.400000
,32.705000,0.011000,210.000000,-0.300000,-0.015640,2.617721,0.400000,0.200000,0.350000,0.400000
,32.717000,0.012000,210.000000,-1.000000,-0.056603,2.617006,0.400000,0.200000,0.350000,0.400000
,32.726000,0.009000,210.000000,-1.600000,-0.068900,2.616791,0.400000,0.200000,0.350000,0.400000
,32.739000,0.013000,210.000000,-1.600000,-0.097653,2.616289,0.400000,0.200000,0.350000,0.400000
,32.750000,0.011000,210.000000,-2.300000,-0.119907,2.615901,0.400000,0.200000,0.350000,0.400000
,32.760000,0.010000,210.000000,-2.300000,-0.109524,2.616082,0.400000,0.200000,0.350000,0.400000
,32.771000,0.011000,210.000000,-3.100000,-0.161610,2.615173,0.400000,0.200000,0.350000,0.400000
,32.782000,0.011000,210.000000,-3.100000,-0.161610,2.615173,0.400000,0.200000,0.350000,0.400000
,32.793000,0.011000,210.000000,-3.700000,-0.192894,2.614627,0.400000,0.200000,0.350000,0.400000
,32.804000,0.011000,210.000000,-3.700000,-0.192890,2.614627,0.400000,0.200000,0.350000,0.400000
,32.817000,0.013000,210.000000,-4.300000,-0.262442,2.613414,0.400000,0.200000,0.350000,0.400000
,32.826000,0.009000,210.000000,-4.900000,-0.211006,2.614311,0.400000,0.200000,0.350000,0.400000
,32.837000,0.011000,210.000000,-4.900000,-0.255448,2.613536,0.400000,0.200000,0.350000,0.400000
,32.849000,0.012000,210.000000,-5.600000,-0.316983,2.612461,0.400000,0.200000,0.350000,0.400000
,32.860000,0.011000,210.000000,-5.600000,-0.291941,2.612899,0.400000,0.200000,0.350000,0.400000
,32.871000,0.011000,210.000000,-6.300000,-0.328434,2.612262,0.400000,0.200000,0.350000,0.400000
,32.882000,0.011000,210.000000,-6.300000,-0.328440,2.612262,0.400000,0.200000,0.350000,0.400000
,32.894000,0.012000,210.000000,-6.900000,-0.390561,2.611177,0.400000,0.200000,0.350000,0.400000
,32.906000,0.012000,210.000000,-6.900000,-0.390569,2.611177,0.400000,0.200000,0.350000,0.400000
,32.918000,0.012000,210.000000,-7.500000,-0.424531,2.610584,0.400000,0.200000,0.350000,0.400000
,32.926000,0.008000,210.000000,-8.300000,-0.319227,2.612422,0.400000,0.200000,0.350000,0.400000
,32.939000,0.013000,210.000000,-8.300000,-0.506573,2.609153,0.400000,0.200000,0.350000,0.400000
,32.950000,0.011000,210.000000,-8.800000,-0.458765,2.609987,0.400000,0.200000,0.350000,0.400000
,32.960000,0.010000,210.000000,-8.800000,-0.419047,2.610680,0.400000,0.200000,0.350000,0.400000
,32.971000,0.011000,210.000000,-9.700000,-0.505694,2.609168,0.400000,0.200000,0.350000,0.400000
,32.982000,0.011000,210.000000,-9.700000,-0.505684,2.609168,0.400000,0.200000,0.350000,0.400000
,32.993000,0.011000,210.000000,-10.400000,-0.542176,2.608531,0.400000,0.200000,0.350000,0.400000
,33.004000,0.011000,210.000000,-10.400000,-0.542187,2.608531,0.400000,0.200000,0.350000,0.400000
,33.018000,0.014000,210.000000,-11.100000,-0.726165,2.605320,0.400000,0.200000,0.350000,0.400000
,33.027000,0.009000,210.000000,-11.700000,-0.503831,2.609200,0.400000,0.200000,0.350000,0.400000
,33.038000,0.011000,210.000000,-11.700000,-0.609948,2.607348,0.400000,0.200000,0.350000,0.400000
,33.049000,0.011000,210.000000,-12.600000,-0.656867,2.606529,0.400000,0.200000,0.350000,0.400000
,33.061000,0.012000,210.000000,-12.600000,-0.713212,2.605546,0.400000,0.200000,0.350000,0.400000
,33.071000,0.010000,210.000000,-13.300000,-0.633333,2.606940,0.400000,0.200000,0.350000,0.400000
,33.083000,0.012000,210.000000,-13.300000,-0.752835,2.604854,0.400000,0.200000,0.350000,0.400000
,33.093000,0.010000,210.000000,-13.300000,-0.633333,2.606940,0.400000,0.200000,0.350000,0.400000
,33.105000,0.012000,210.000000,-13.300000,-0.752821,2.604855,0.400000,0.200000,0.350000,0.400000
,33.117000,0.012000,210.000000,-13.300000,-0.752835,2.604854,0.400000,0.200000,0.350000,0.400000
,33.127000,0.010000,210.000000,-13.300000,-0.633333,2.606940,0.400000,0.200000,0.350000,0.400000
,33.139000,0.012000,210.000000,-13.300000,-0.752835,2.604854,0.400000,0.200000,0.350000,0.400000
,33.149000,0.010000,210.000000,-16.100000,-0.766666,2.604613,0.400000,0.200000,0.350000,0.400000
,33.160000,0.011000,210.000000,-16.100000,-0.839331,2.603345,0.400000,0.200000,0.350000,0.400000
,33.171000,0.011000,210.000000,-16.900000,-0.881036,2.602617,0.400000,0.200000,0.350000,0.400000
,33.183000,0.012000,210.000000,-16.900000,-0.956610,2.601298,0.400000,0.200000,0.350000,0.400000
,33.193000,0.010000,210.000000,-17.700001,-0.842856,2.603283,0.400000,0.200000,0.350000,0.400000
,33.204000,0.011000,210.000000,-17.700001,-0.922761,2.601889,0.400000,0.200000,0.350000,0.400000
,33.218000,0.014000,210.000000,-18.400000,-1.203733,2.596985,0.400000,0.200000,0.350000,0.400000
,33.228000,0.010000,210.000000,-19.100000,-0.909523,2.602120,0.400000,0.200000,0.350000,0.400000
,33.239000,0.011000,210.000000,-19.100000,-0.995728,2.600615,0.400000,0.200000,0.350000,0.400000
,33.249000,0.010000,210.000000,-19.100000,-0.909523,2.602120,0.400000,0.200000,0.350000,0.400000
,33.261000,0.012000,210.000000,-19.799999,-1.120762,2.598433,0.400000,0.200000,0.350000,0.400000
,33.272000,0.011000,210.000000,-20.500000,-1.068713,2.599341,0.400000,0.200000,0.350000,0.400000
,33.284000,0.012000,210.000000,-20.500000,-1.160385,2.597741,0.400000,0.200000,0.350000,0.400000
,33.295000,0.011000,210.000000,-21.100000,-1.099992,2.598795,0.400000,0.200000,0.350000,0.400000
,33.305000,0.010000,210.000000,-21.100000,-1.004761,2.600457,0.400000,0.200000,0.350000,0.400000
,33.316000,0.011000,210.000000,-21.700001,-1.131295,2.598249,0.400000,0.200000,0.350000,0.400000
,33.326000,0.010000,210.000000,-22.400000,-1.066666,2.599377,0.400000,0.200000,0.350000,0.400000
,33.340000,0.014000,210.000000,-22.400000,-1.465415,2.592417,0.400000,0.200000,0.350000,0.400000
,33.349000,0.009000,210.000000,-23.200001,-0.999050,2.600557,0.400000,0.200000,0.350000,0.400000
,33.360000,0.011000,210.000000,-23.200001,-1.209470,2.596884,0.400000,0.200000,0.350000,0.400000
,33.371000,0.011000,210.000000,-24.000000,-1.251176,2.596157,0.400000,0.200000,0.350000,0.400000
,33.383000,0.012000,210.000000,-24.000000,-1.358500,2.594284,0.400000,0.200000,0.350000,0.400000
,33.393000,0.010000,210.000000,-24.700001,-1.176189,2.597466,0.400000,0.200000,0.350000,0.400000
,33.405000,0.012000,210.000000,-24.700001,-1.398122,2.593592,0.400000,0.200000,0.350000,0.400000
,33.418000,0.013000,210.000000,-25.400000,-1.550236,2.590937,0.400000,0.200000,0.350000,0.400000
,33.428000,0.010000,210.000000,-26.200001,-1.247618,2.596219,0.400000,0.200000,0.350000,0.400000
,33.439000,0.011000,210.000000,-26.200001,-1.365867,2.594155,0.400000,0.200000,0.350000,0.400000
,33.451000,0.012000,210.000000,-26.900000,-1.522652,2.591419,0.400000,0.200000,0.350000,0.400000
,33.460000,0.009000,210.000000,-26.900000,-1.158352,2.597777,0.400000,0.200000,0.350000,0.400000
,33.472000,0.012000,210.000000,-27.600000,-1.562274,2.590727,0.400000,0.200000,0.350000,0.400000
,33.485000,0.013000,210.000000,-27.600000,-1.684508,2.588594,0.400000,0.200000,0.350000,0.400000
,33.495000,0.010000,210.000000,-28.299999,-1.347618,2.594474,0.400000,0.200000,0.350000,0.400000
,33.506000,0.011000,210.000000,-28.299999,-1.475345,2.592244,0.400000,0.200000,0.350000,0.400000
,33.518000,0.012000,210.000000,-28.799999,-1.630199,2.589542,0.400000,0.200000,0.350000,0.400000
,33.528000,0.010000,210.000000,-29.500000,-1.404761,2.593476,0.400000,0.200000,0.350000,0.400000
,33.539000,0.011000,210.000000,-29.500000,-1.537904,2.591152,0.400000,0.200000,0.350000,0.400000
,33.549000,0.010000,210.000000,-30.299999,-1.442856,2.592811,0.400000,0.200000,0.350000,0.400000
,33.560000,0.011000,210.000000,-30.299999,-1.579642,2.590424,0.400000,0.200000,0.350000,0.400000
,33.571000,0.011000,210.000000,-31.100000,-1.621316,2.589697,0.400000,0.200000,0.350000,0.400000
,33.582000,0.011000,210.000000,-31.100000,-1.621316,2.589697,0.400000,0.200000,0.350000,0.400000
,33.593000,0.011000,210.000000,-32.000000,-1.668269,2.588877,0.400000,0.200000,0.350000,0.400000
,33.604000,0.011000,210.000000,-32.000000,-1.668235,2.588878,0.400000,0.200000,0.350000,0.400000
,33.618000,0.014000,210.000000,-32.400002,-2.119618,2.581000,0.400000,0.200000,0.350000,0.400000
,33.627000,0.009000,210.000000,-32.400002,-1.395225,2.593642,0.400000,0.200000,0.350000,0.400000
,33.637000,0.010000,210.000000,-32.400002,-1.542856,2.591066,0.400000,0.200000,0.350000,0.400000
,33.649000,0.012000,210.000000,-32.400002,-1.833974,2.585985,0.400000,0.200000,0.350000,0.400000
,33.660000,0.011000,210.000000,-32.400002,-1.689088,2.588514,0.400000,0.200000,0.350000,0.400000
,33.671000,0.011000,210.000000,-32.400002,-1.689088,2.588514,0.400000,0.200000,0.350000,0.400000
,33.682000,0.011000,210.000000,-32.400002,-1.689122,2.588513,0.400000,0.200000,0.350000,0.400000
,33.693000,0.011000,210.000000,-35.500000,-1.850698,2.585693,0.400000,0.200000,0.350000,0.400000
,33.705000,0.012000,210.000000,-35.500000,-2.009447,2.582922,0.400000,0.200000,0.350000,0.400000
,33.716000,0.011000,210.000000,-36.099998,-1.881977,2.585147,0.400000,0.200000,0.350000,0.400000
,33.727000,0.011000,210.000000,-36.799999,-1.918509,2.584510,0.400000,0.200000,0.350000,0.400000
,33.738000,0.011000,210.000000,-36.799999,-1.918470,2.584510,0.400000,0.200000,0.350000,0.400000
,33.750000,0.012000,210.000000,-37.500000,-2.122656,2.580947,0.400000,0.200000,0.350000,0.400000
,33.760000,0.010000,210.000000,-37.500000,-1.785713,2.586828,0.400000,0.200000,0.350000,0.400000
,33.771000,0.011000,210.000000,-38.299999,-1.996668,2.583145,0.400000,0.200000,0.350000,0.400000
,33.783000,0.012000,210.000000,-38.299999,-2.167939,2.580156,0.400000,0.200000,0.350000,0.400000
,33.793000,0.010000,210.000000,-39.000000,-1.857141,2.585581,0.400000,0.200000,0.350000,0.400000
,33.804000,0.011000,210.000000,-39.000000,-2.033161,2.582508,0.400000,0.200000,0.350000,0.400000
,33.819000,0.015000,210.000000,-39.700001,-2.769745,2.569653,0.400000,0.200000,0.350000,0.400000
,33.827000,0.008000,210.000000,-40.400002,-1.553872,2.590874,0.400000,0.200000,0.350000,0.400000
,33.837000,0.010000,210.000000,-40.400002,-1.923808,2.584417,0.400000,0.200000,0.350000,0.400000
,33.849000,0.012000,210.000000,-41.099998,-2.326430,2.577390,0.400000,0.200000,0.350000,0.400000
,33.860000,0.011000,210.000000,-41.099998,-2.142639,2.580598,0.400000,0.200000,0.350000,0.400000
,33.871000,0.011000,210.000000,-41.799999,-2.179132,2.579961,0.400000,0.200000,0.350000,0.400000
,33.882000,0.011000,210.000000,-41.799999,-2.179176,2.579960,0.400000,0.200000,0.350000,0.400000
,33.894000,0.012000,210.000000,-42.500000,-2.405631,2.576008,0.400000,0.200000,0.350000,0.400000
,33.906000,0.012000,210.000000,-42.500000,-2.405676,2.576007,0.400000,0.200000,0.350000,0.400000
,33.918000,0.012000,210.000000,-43.099998,-2.439639,2.575414,0.400000,0.200000,0.350000,0.400000
,33.928000,0.010000,210.000000,-43.900002,-2.090474,2.581508,0.400000,0.200000,0.350000,0.400000
,33.939000,0.011000,210.000000,-43.900002,-2.288610,2.578050,0.400000,0.200000,0.350000,0.400000
,33.949000,0.010000,210.000000,-44.700001,-2.128570,2.580843,0.400000,0.200000,0.350000,0.400000
,33.960000,0.011000,210.000000,-44.700001,-2.330315,2.577322,0.400000,0.200000,0.350000,0.400000
,33.971000,0.011000,210.000000,-45.400002,-2.366857,2.576684,0.400000,0.200000,0.350000,0.400000
,33.982000,0.011000,210.000000,-45.400002,-2.366808,2.576685,0.400000,0.200000,0.350000,0.400000
,33.993000,0.011000,210.000000,-46.099998,-2.403301,2.576049,0.400000,0.200000,0.350000,0.400000
,34.005000,0.012000,210.000000,-46.099998,-2.609451,2.572450,0.400000,0.200000,0.350000,0.400000
,34.018000,0.013000,210.000000,-46.799999,-2.856340,2.568141,0.400000,0.200000,0.350000,0.400000
,34.028000,0.010000,210.000000,-47.400002,-2.257141,2.578599,0.400000,0.200000,0.350000,0.400000
,34.039000,0.011000,210.000000,-47.400002,-2.471073,2.574866,0.400000,0.200000,0.350000,0.400000
,34.051000,0.012000,210.000000,-48.200001,-2.728320,2.570376,0.400000,0.200000,0.350000,0.400000
,34.062000,0.011000,210.000000,-48.200001,-2.512779,2.574137,0.400000,0.200000,0.350000,0.400000
,34.071000,0.009000,210.000000,-49.000000,-2.110062,2.581167,0.400000,0.200000,0.350000,0.400000
,34.082000,0.011000,210.000000,-49.000000,-2.554484,2.573410,0.400000,0.200000,0.350000,0.400000
,34.093000,0.011000,210.000000,-49.500000,-2.580604,2.572954,0.400000,0.200000,0.350000,0.400000
,34.104000,0.011000,210.000000,-49.500000,-2.580550,2.572955,0.400000,0.200000,0.350000,0.400000
,34.117000,0.013000,210.000000,-50.400002,-3.076059,2.564306,0.400000,0.200000,0.350000,0.400000
,34.127000,0.010000,210.000000,-51.099998,-2.433331,2.575524,0.400000,0.200000,0.350000,0.400000
,34.138000,0.011000,210.000000,-51.099998,-2.663962,2.571499,0.400000,0.200000,0.350000,0.400000
,34.149000,0.011000,210.000000,-51.599998,-2.690084,2.571043,0.400000,0.200000,0.350000,0.400000
,34.160000,0.011000,210.000000,-51.599998,-2.690028,2.571044,0.400000,0.200000,0.350000,0.400000
,34.171000,0.011000,210.000000,-52.500000,-2.736948,2.570225,0.400000,0.200000,0.350000,0.400000
,34.185000,0.014000,210.000000,-52.500000,-3.434620,2.558048,0.400000,0.200000,0.350000,0.400000
,34.195000,0.010000,210.000000,-53.099998,-2.528569,2.573862,0.400000,0.200000,0.350000,0.400000
,34.206000,0.011000,210.000000,-53.099998,-2.768227,2.569679,0.400000,0.200000,0.350000,0.400000
,34.219000,0.013000,210.000000,-53.799999,-3.283571,2.560685,0.400000,0.200000,0.350000,0.400000
,34.227000,0.008000,210.000000,-54.400002,-2.092342,2.581475,0.400000,0.200000,0.350000,0.400000
,34.237000,0.010000,210.000000,-54.400002,-2.590474,2.572782,0.400000,0.200000,0.350000,0.400000
,34.249000,0.012000,210.000000,-55.200001,-3.124490,2.563461,0.400000,0.200000,0.350000,0.400000
,34.260000,0.011000,210.000000,-55.200001,-2.877764,2.567767,0.400000,0.200000,0.350000,0.400000
,34.271000,0.011000,210.000000,-56.000000,-2.919411,2.567041,0.400000,0.200000,0.350000,0.400000
,34.282000,0.011000,210.000000,-56.000000,-2.919411,2.567041,0.400000,0.200000,0.350000,0.400000
,34.294000,0.012000,210.000000,-56.500000,-3.198134,2.562176,0.400000,0.200000,0.350000,0.400000
,34.304000,0.010000,210.000000,-56.500000,-2.690474,2.571036,0.400000,0.200000,0.350000,0.400000
,34.316000,0.012000,210.000000,-57.200001,-3.237757,2.561485,0.400000,0.200000,0.350000,0.400000
,34.328000,0.012000,210.000000,-58.099998,-3.288639,2.560596,0.400000,0.200000,0.350000,0.400000
,34.340000,0.012000,210.000000,-58.099998,-3.288701,2.560595,0.400000,0.200000,0.350000,0.400000
,34.350000,0.010000,210.000000,-58.700001,-2.795236,2.569208,0.400000,0.200000,0.350000,0.400000
,34.360000,0.010000,210.000000,-58.700001,-2.795236,2.569208,0.400000,0.200000,0.350000,0.400000
,34.371000,0.011000,210.000000,-59.400002,-3.096661,2.563947,0.400000,0.200000,0.350000,0.400000
,34.382000,0.011000,210.000000,-59.400002,-3.096724,2.563946,0.400000,0.200000,0.350000,0.400000
,34.393000,0.011000,210.000000,-60.099998,-3.133153,2.563310,0.400000,0.200000,0.350000,0.400000
,34.405000,0.012000,210.000000,-60.700001,-3.435872,2.558027,0.400000,0.200000,0.350000,0.400000
,34.419000,0.014000,210.000000,-60.700001,-3.971012,2.548687,0.400000,0.200000,0.350000,0.400000
,34.427000,0.008000,210.000000,-61.500000,-2.365355,2.576710,0.400000,0.200000,0.350000,0.400000
,34.438000,0.011000,210.000000,-61.500000,-3.206204,2.562035,0.400000,0.200000,0.350000,0.400000
,34.449000,0.011000,210.000000,-62.200001,-3.242631,2.561399,0.400000,0.200000,0.350000,0.400000
,34.460000,0.011000,210.000000,-62.200001,-3.242631,2.561399,0.400000,0.200000,0.350000,0.400000
,34.471000,0.011000,210.000000,-62.200001,-3.242698,2.561398,0.400000,0.200000,0.350000,0.400000
,34.482000,0.011000,210.000000,-62.900002,-3.279124,2.560762,0.400000,0.200000,0.350000,0.400000
,34.493000,0.011000,210.000000,-63.599998,-3.315616,2.560126,0.400000,0.200000,0.350000,0.400000
,34.505000,0.012000,210.000000,-63.599998,-3.600024,2.555162,0.400000,0.200000,0.350000,0.400000
,34.516000,0.011000,210.000000,-64.199997,-3.346896,2.559580,0.400000,0.200000,0.350000,0.400000
,34.527000,0.011000,210.000000,-64.900002,-3.383458,2.558942,0.400000,0.200000,0.350000,0.400000
,34.539000,0.012000,210.000000,-64.900002,-3.673540,2.553879,0.400000,0.200000,0.350000,0.400000
,34.549000,0.010000,210.000000,-65.699997,-3.128568,2.563390,0.400000,0.200000,0.350000,0.400000
,34.560000,0.011000,210.000000,-65.699997,-3.425164,2.558213,0.400000,0.200000,0.350000,0.400000
,34.572000,0.012000,210.000000,-66.400002,-3.758445,2.552397,0.400000,0.200000,0.350000,0.400000
,34.583000,0.011000,210.000000,-66.400002,-3.461658,2.557576,0.400000,0.200000,0.350000,0.400000
,34.594000,0.011000,210.000000,-67.099998,-3.498080,2.556941,0.400000,0.200000,0.350000,0.400000
,34.604000,0.010000,210.000000,-67.699997,-3.223806,2.561728,0.400000,0.200000,0.350000,0.400000
,34.617000,0.013000,210.000000,-67.699997,-4.131928,2.545878,0.400000,0.200000,0.350000,0.400000
,34.628000,0.011000,210.000000,-67.699997,-3.529359,2.556395,0.400000,0.200000,0.350000,0.400000
,34.638000,0.010000,210.000000,-68.400002,-3.257140,2.561146,0.400000,0.200000,0.350000,0.400000
,34.649000,0.011000,210.000000,-69.199997,-3.607631,2.555029,0.400000,0.200000,0.350000,0.400000
,34.661000,0.012000,210.000000,-69.199997,-3.916933,2.549630,0.400000,0.200000,0.350000,0.400000
,34.672000,0.011000,210.000000,-69.199997,-3.607631,2.555029,0.400000,0.200000,0.350000,0.400000
,34.682000,0.010000,210.000000,-69.900002,-3.328568,2.559900,0.400000,0.200000,0.350000,0.400000
,34.693000,0.011000,210.000000,-70.599998,-3.680543,2.553756,0.400000,0.200000,0.350000,0.400000
,34.704000,0.011000,210.000000,-71.199997,-3.711898,2.553209,0.400000,0.200000,0.350000,0.400000
,34.716000,0.012000,210.000000,-71.199997,-4.030139,2.547655,0.400000,0.200000,0.350000,0.400000
,34.727000,0.011000,210.000000,-71.199997,-3.711898,2.553209,0.400000,0.200000,0.350000,0.400000
,34.739000,0.012000,210.000000,-72.000000,-4.075422,2.546864,0.400000,0.200000,0.350000,0.400000
,34.750000,0.011000,210.000000,-72.599998,-3.784885,2.551935,0.400000,0.200000,0.350000,0.400000
,34.760000,0.010000,210.000000,-72.599998,-3.457140,2.557656,0.400000,0.200000,0.350000,0.400000
,34.771000,0.011000,210.000000,-73.400002,-3.826513,2.551209,0.400000,0.200000,0.350000,0.400000
,34.784000,0.013000,210.000000,-73.400002,-4.479816,2.539806,0.400000,0.200000,0.350000,0.400000
,34.794000,0.010000,210.000000,-74.099998,-3.528568,2.556409,0.400000,0.200000,0.350000,0.400000
,34.805000,0.011000,210.000000,-74.699997,-3.894285,2.550026,0.400000,0.200000,0.350000,0.400000
,34.817000,0.012000,210.000000,-74.699997,-4.228330,2.544195,0.400000,0.200000,0.350000,0.400000
,34.828000,0.011000,210.000000,-74.699997,-3.894285,2.550026,0.400000,0.200000,0.350000,0.400000
,34.838000,0.010000,210.000000,-75.500000,-3.595235,2.555245,0.400000,0.200000,0.350000,0.400000
,34.850000,0.012000,210.000000,-76.099998,-4.307576,2.542813,0.400000,0.200000,0.350000,0.400000
,34.860000,0.010000,210.000000,-76.099998,-3.623806,2.554746,0.400000,0.200000,0.350000,0.400000
,34.871000,0.011000,210.000000,-76.800003,-4.003763,2.548115,0.400000,0.200000,0.350000,0.400000
,34.884000,0.013000,210.000000,-76.800003,-4.687328,2.536185,0.400000,0.200000,0.350000,0.400000
,34.894000,0.010000,210.000000,-77.400002,-3.685711,2.553666,0.400000,0.200000,0.350000,0.400000
,34.906000,0.012000,210.000000,-78.000000,-4.415123,2.540935,0.400000,0.200000,0.350000,0.400000
,34.917000,0.011000,210.000000,-78.000000,-4.066322,2.547023,0.400000,0.200000,0.350000,0.400000
,34.927000,0.010000,210.000000,-78.599998,-3.742854,2.552669,0.400000,0.200000,0.350000,0.400000
,34.939000,0.012000,210.000000,-78.599998,-4.449086,2.540343,0.400000,0.200000,0.350000,0.400000
,34.949000,0.010000,210.000000,-79.300003,-3.776187,2.552087,0.400000,0.200000,0.350000,0.400000
,34.960000,0.011000,210.000000,-79.300003,-4.134094,2.545841,0.400000,0.200000,0.350000,0.400000
,34.971000,0.011000,210.000000,-80.000000,-4.170672,2.545202,0.400000,0.200000,0.350000,0.400000
,34.982000,0.011000,210.000000,-80.000000,-4.170587,2.545203,0.400000,0.200000,0.350000,0.400000
,34.993000,0.011000,210.000000,-80.599998,-4.201866,2.544657,0.400000,0.200000,0.350000,0.400000
,35.004000,0.011000,210.000000,-81.099998,-4.228019,2.544201,0.400000,0.200000,0.350000,0.400000
,35.018000,0.014000,210.000000,-81.099998,-5.305586,2.525394,0.400000,0.200000,0.350000,0.400000
,35.027000,0.009000,210.000000,-81.099998,-3.492368,2.557040,0.400000,0.200000,0.350000,0.400000
,35.038000,0.011000,210.000000,-81.800003,-4.264425,2.543566,0.400000,0.200000,0.350000,0.400000
,35.049000,0.011000,210.000000,-82.500000,-4.300918,2.542929,0.400000,0.200000,0.350000,0.400000
,35.061000,0.012000,210.000000,-82.500000,-4.669842,2.536490,0.400000,0.200000,0.350000,0.400000
,35.072000,0.011000,210.000000,-83.000000,-4.326983,2.542474,0.400000,0.200000,0.350000,0.400000
,35.084000,0.012000,210.000000,-83.000000,-4.698144,2.535996,0.400000,0.200000,0.350000,0.400000
,35.093000,0.009000,210.000000,-83.800003,-3.608637,2.555012,0.400000,0.200000,0.350000,0.400000
,35.104000,0.011000,210.000000,-84.300003,-4.394756,2.541291,0.400000,0.200000,0.350000,0.400000
,35.117000,0.013000,210.000000,-84.300003,-5.145075,2.528196,0.400000,0.200000,0.350000,0.400000
,35.128000,0.011000,210.000000,-84.300003,-4.394756,2.541291,0.400000,0.200000,0.350000,0.400000
,35.139000,0.011000,210.000000,-85.099998,-4.436553,2.540561,0.400000,0.200000,0.350000,0.400000
,35.149000,0.010000,210.000000,-85.699997,-4.080948,2.546768,0.400000,0.200000,0.350000,0.400000
,35.161000,0.012000,210.000000,-85.699997,-4.850884,2.533330,0.400000,0.200000,0.350000,0.400000
,35.172000,0.011000,210.000000,-86.500000,-4.509540,2.539288,0.400000,0.200000,0.350000,0.400000
,35.184000,0.012000,210.000000,-86.500000,-4.896167,2.532540,0.400000,0.200000,0.350000,0.400000
,35.194000,0.010000,210.000000,-87.300003,-4.157139,2.545438,0.400000,0.200000,0.350000,0.400000
,35.206000,0.012000,210.000000,-87.800003,-4.969844,2.531254,0.400000,0.200000,0.350000,0.400000
,35.219000,0.013000,210.000000,-87.800003,-5.358690,2.524467,0.400000,0.200000,0.350000,0.400000
,35.228000,0.009000,210.000000,-87.800003,-3.780887,2.552005,0.400000,0.200000,0.350000,0.400000
,35.239000,0.011000,210.000000,-88.500000,-4.613711,2.537470,0.400000,0.200000,0.350000,0.400000
,35.251000,0.012000,210.000000,-89.199997,-5.049090,2.529871,0.400000,0.200000,0.350000,0.400000
,35.262000,0.011000,210.000000,-89.800003,-4.681484,2.536287,0.400000,0.200000,0.350000,0.400000
,35.271000,0.009000,210.000000,-89.800003,-3.867012,2.550502,0.400000,0.200000,0.350000,0.400000
,35.283000,0.012000,210.000000,-89.800003,-5.083053,2.529278,0.400000,0.200000,0.350000,0.400000
,35.293000,0.010000,210.000000,-90.699997,-4.319044,2.542612,0.400000,0.200000,0.350000,0.400000
,35.304000,0.011000,210.000000,-91.300003,-4.759682,2.534922,0.400000,0.200000,0.350000,0.400000
,35.316000,0.012000,210.000000,-91.300003,-5.167959,2.527796,0.400000,0.200000,0.350000,0.400000
,35.326000,0.010000,210.000000,-92.000000,-4.380949,2.541532,0.400000,0.200000,0.350000,0.400000
,35.339000,0.013000,210.000000,-92.000000,-5.615028,2.519993,0.400000,0.200000,0.350000,0.400000
,35.350000,0.011000,210.000000,-92.000000,-4.796175,2.534285,0.400000,0.200000,0.350000,0.400000
,35.361000,0.011000,210.000000,-92.800003,-4.837881,2.533557,0.400000,0.200000,0.350000,0.400000
,35.372000,0.011000,210.000000,-93.400002,-4.869260,2.533009,0.400000,0.200000,0.350000,0.400000
,35.383000,0.011000,210.000000,-93.400002,-4.869160,2.533011,0.400000,0.200000,0.350000,0.400000
,35.393000,0.010000,210.000000,-94.199997,-4.485710,2.539704,0.400000,0.200000,0.350000,0.400000
,35.405000,0.012000,210.000000,-94.699997,-5.360413,2.524437,0.400000,0.200000,0.350000,0.400000
,35.417000,0.012000,210.000000,-94.699997,-5.360312,2.524439,0.400000,0.200000,0.350000,0.400000
,35.428000,0.011000,210.000000,-95.199997,-4.963100,2.531371,0.400000,0.200000,0.350000,0.400000
,35.439000,0.011000,210.000000,-95.199997,-4.962998,2.531373,0.400000,0.200000,0.350000,0.400000
,35.451000,0.012000,210.000000,-95.900002,-5.428338,2.523251,0.400000,0.200000,0.350000,0.400000
,35.462000,0.011000,210.000000,-95.900002,-4.999491,2.530736,0.400000,0.200000,0.350000,0.400000
,35.471000,0.009000,210.000000,-96.500000,-4.155530,2.545466,0.400000,0.200000,0.350000,0.400000
,35.483000,0.012000,210.000000,-97.199997,-5.501820,2.521969,0.400000,0.200000,0.350000,0.400000
,35.493000,0.010000,210.000000,-97.199997,-4.628567,2.537210,0.400000,0.200000,0.350000,0.400000
,35.504000,0.011000,210.000000,-97.199997,-5.067367,2.529552,0.400000,0.200000,0.350000,0.400000
,35.518000,0.014000,210.000000,-97.699997,-6.391562,2.506440,0.400000,0.200000,0.350000,0.400000
,35.528000,0.010000,210.000000,-97.699997,-4.652377,2.536794,0.400000,0.200000,0.350000,0.400000
,35.539000,0.011000,210.000000,-98.599998,-5.140248,2.528280,0.400000,0.200000,0.350000,0.400000
,35.550000,0.011000,210.000000,-98.599998,-5.140354,2.528278,0.400000,0.200000,0.350000,0.400000
,35.560000,0.010000,210.000000,-99.900002,-4.757139,2.534966,0.400000,0.200000,0.350000,0.400000
,35.571000,0.011000,210.000000,-99.900002,-5.208020,2.527097,0.400000,0.200000,0.350000,0.400000
,35.583000,0.012000,210.000000,-99.900002,-5.654754,2.519300,0.400000,0.200000,0.350000,0.400000
,35.594000,0.011000,210.000000,-100.699997,-5.249726,2.526369,0.400000,0.200000,0.350000,0.400000
,35.606000,0.012000,210.000000,-101.400002,-5.739661,2.517818,0.400000,0.200000,0.350000,0.400000
,35.619000,0.013000,210.000000,-101.400002,-6.188737,2.509980,0.400000,0.200000,0.350000,0.400000
,35.628000,0.009000,210.000000,-101.400002,-4.366426,2.541785,0.400000,0.200000,0.350000,0.400000
,35.639000,0.011000,210.000000,-102.099998,-5.322821,2.525093,0.400000,0.200000,0.350000,0.400000
,35.651000,0.012000,210.000000,-102.800003,-5.818798,2.516437,0.400000,0.200000,0.350000,0.400000
,35.661000,0.010000,210.000000,-103.400002,-4.923805,2.532057,0.400000,0.200000,0.350000,0.400000
,35.672000,0.011000,210.000000,-103.400002,-5.390594,2.523910,0.400000,0.200000,0.350000,0.400000
,35.684000,0.012000,210.000000,-103.400002,-5.852759,2.515844,0.400000,0.200000,0.350000,0.400000
,35.693000,0.009000,210.000000,-104.099998,-4.482805,2.539754,0.400000,0.200000,0.350000,0.400000
,35.705000,0.012000,210.000000,-104.099998,-5.892492,2.515150,0.400000,0.200000,0.350000,0.400000
,35.715000,0.010000,210.000000,-104.699997,-4.985710,2.530977,0.400000,0.200000,0.350000,0.400000
,35.726000,0.011000,210.000000,-105.400002,-5.494748,2.522093,0.400000,0.200000,0.350000,0.400000
,35.740000,0.014000,210.000000,-105.400002,-6.895299,2.497648,0.000000,0.200000,0.350000,0.400000
,35.750000,0.010000,210.000000,-106.000000,-5.047729,2.529895,0.400000,0.200000,0.350000,0.400000
,35.760000,0.010000,210.000000,-106.000000,-5.047615,2.529896,0.400000,0.200000,0.350000,0.400000
,35.771000,0.011000,210.000000,-106.699997,-5.562520,2.520910,0.400000,0.200000,0.350000,0.400000
,35.782000,0.011000,210.000000,-106.699997,-5.562520,2.520910,0.400000,0.200000,0.350000,0.400000
,35.794000,0.012000,210.000000,-107.300003,-6.073625,2.511989,0.400000,0.200000,0.350000,0.400000
,35.804000,0.010000,210.000000,-108.000000,-5.142852,2.528234,0.400000,0.200000,0.350000,0.400000
,35.818000,0.014000,210.000000,-108.000000,-7.065392,2.494680,0.000000,0.200000,0.350000,0.400000
,35.827000,0.009000,210.000000,-108.500000,-4.672280,2.536447,0.400000,0.200000,0.350000,0.400000
,35.838000,0.011000,210.000000,-108.500000,-5.656358,2.519272,0.400000,0.200000,0.350000,0.400000
,35.849000,0.011000,210.000000,-108.500000,-5.656474,2.519270,0.400000,0.200000,0.350000,0.400000
,35.860000,0.011000,210.000000,-109.199997,-5.692851,2.518635,0.400000,0.200000,0.350000,0.400000
,35.871000,0.011000,210.000000,-110.099998,-5.739770,2.517816,0.400000,0.200000,0.350000,0.400000
,35.883000,0.012000,210.000000,-110.800003,-6.271739,2.508531,0.400000,0.200000,0.350000,0.400000
,35.893000,0.010000,210.000000,-110.800003,-5.276186,2.525907,0.400000,0.200000,0.350000,0.400000
,35.904000,0.011000,210.000000,-111.400002,-5.807542,2.516633,0.400000,0.200000,0.350000,0.400000
,35.916000,0.012000,210.000000,-111.400002,-6.305702,2.507939,0.400000,0.200000,0.350000,0.400000
,35.927000,0.011000,210.000000,-111.400002,-5.807542,2.516633,0.400000,0.200000,0.350000,0.400000
,35.939000,0.012000,210.000000,-112.300003,-6.356646,2.507049,0.400000,0.200000,0.350000,0.400000
,35.949000,0.010000,210.000000,-113.000000,-5.380948,2.524079,0.400000,0.200000,0.350000,0.400000
,35.960000,0.011000,210.000000,-113.699997,-5.927446,2.514540,0.400000,0.200000,0.350000,0.400000
,35.971000,0.011000,210.000000,-113.699997,-5.927568,2.514539,0.400000,0.200000,0.350000,0.400000
,35.984000,0.013000,210.000000,-113.699997,-6.939442,2.496878,0.000000,0.200000,0.350000,0.400000
,35.993000,0.009000,210.000000,-114.400002,-4.926224,2.532015,0.400000,0.200000,0.350000,0.400000
,36.004000,0.011000,210.000000,-115.199997,-6.005768,2.513173,0.400000,0.200000,0.350000,0.400000
,36.018000,0.014000,210.000000,-115.199997,-7.536417,2.486459,0.000000,0.200000,0.350000,0.400000
,36.026000,0.008000,210.000000,-115.800003,-4.453791,2.540261,0.400000,0.200000,0.350000,0.400000
,36.038000,0.012000,210.000000,-115.800003,-6.554760,2.503592,0.400000,0.200000,0.350000,0.400000
,36.051000,0.013000,210.000000,-116.699997,-7.122541,2.493682,0.000000,0.200000,0.350000,0.400000
,36.061000,0.010000,210.000000,-116.699997,-5.557137,2.521003,0.400000,0.200000,0.350000,0.400000
,36.071000,0.010000,210.000000,-117.400002,-5.590471,2.520422,0.400000,0.200000,0.350000,0.400000
,36.082000,0.011000,210.000000,-118.199997,-6.162042,2.510446,0.400000,0.200000,0.350000,0.400000
,36.093000,0.011000,210.000000,-118.199997,-6.162168,2.510444,0.400000,0.200000,0.350000,0.400000
,36.105000,0.012000,210.000000,-118.800003,-6.724447,2.500630,0.400000,0.200000,0.350000,0.400000
,36.116000,0.011000,210.000000,-118.800003,-6.193449,2.509898,0.400000,0.200000,0.350000,0.400000
,36.126000,0.010000,210.000000,-119.699997,-5.699995,2.518510,0.400000,0.200000,0.350000,0.400000
,36.139000,0.013000,210.000000,-119.699997,-7.305640,2.490486,0.000000,0.200000,0.350000,0.400000
,36.150000,0.011000,210.000000,-120.400002,-6.276733,2.508444,0.400000,0.200000,0.350000,0.400000
,36.160000,0.010000,210.000000,-120.400002,-5.733328,2.517928,0.400000,0.200000,0.350000,0.400000
,36.171000,0.011000,210.000000,-121.099998,-6.313225,2.507807,0.400000,0.200000,0.350000,0.400000
,36.183000,0.012000,210.000000,-121.900002,-6.900045,2.497566,0.000000,0.200000,0.350000,0.400000
,36.193000,0.010000,210.000000,-121.900002,-5.804757,2.516682,0.400000,0.200000,0.350000,0.400000
,36.204000,0.011000,210.000000,-122.500000,-6.386342,2.506531,0.400000,0.200000,0.350000,0.400000
,36.217000,0.013000,210.000000,-122.500000,-7.476403,2.487506,0.000000,0.200000,0.350000,0.400000
,36.226000,0.009000,210.000000,-122.500000,-5.275155,2.525925,0.400000,0.200000,0.350000,0.400000
,36.239000,0.013000,210.000000,-123.199997,-7.519255,2.486758,0.000000,0.200000,0.350000,0.400000
,36.250000,0.011000,210.000000,-124.099998,-6.469755,2.505075,0.400000,0.200000,0.350000,0.400000
,36.260000,0.010000,210.000000,-124.099998,-5.909518,2.514853,0.400000,0.200000,0.350000,0.400000
,36.271000,0.011000,210.000000,-124.800003,-6.506115,2.504441,0.400000,0.200000,0.350000,0.400000
,36.282000,0.011000,210.000000,-125.500000,-6.542608,2.503804,0.400000,0.200000,0.350000,0.400000
,36.293000,0.011000,210.000000,-125.500000,-6.542742,2.503802,0.400000,0.200000,0.350000,0.400000
,36.305000,0.012000,210.000000,-126.099998,-7.137649,2.493418,0.000000,0.200000,0.350000,0.400000
,36.317000,0.012000,210.000000,-126.099998,-7.137783,2.493416,0.000000,0.200000,0.350000,0.400000
,36.327000,0.010000,210.000000,-126.900002,-6.042852,2.512526,0.400000,0.200000,0.350000,0.400000
,36.339000,0.012000,210.000000,-126.900002,-7.183066,2.492626,0.000000,0.200000,0.350000,0.400000
,36.351000,0.012000,210.000000,-127.300003,-7.205573,2.492233,0.000000,0.200000,0.350000,0.400000
,36.360000,0.009000,210.000000,-127.300003,-5.481855,2.522318,0.400000,0.200000,0.350000,0.400000
,36.371000,0.011000,210.000000,-127.699997,-6.657299,2.501802,0.400000,0.200000,0.350000,0.400000
,36.383000,0.012000,210.000000,-128.000000,-7.245331,2.491539,0.000000,0.200000,0.350000,0.400000
,36.394000,0.011000,210.000000,-128.000000,-6.672939,2.501529,0.400000,0.200000,0.350000,0.400000
,36.405000,0.011000,210.000000,-128.199997,-6.683502,2.501345,0.400000,0.200000,0.350000,0.400000
,36.419000,0.014000,210.000000,-128.199997,-8.386882,2.471615,0.000000,0.200000,0.350000,0.400000
,36.427000,0.008000,210.000000,-128.399994,-4.938400,2.531802,0.400000,0.200000,0.350000,0.400000
,36.439000,0.012000,210.000000,-128.399994,-7.267972,2.491144,0.000000,0.200000,0.350000,0.400000
,36.452000,0.013000,210.000000,-128.600006,-7.848833,2.481006,0.000000,0.200000,0.350000,0.400000
,36.463000,0.011000,210.000000,-128.800003,-6.714644,2.500801,0.400000,0.200000,0.350000,0.400000
,36.473000,0.010000,210.000000,-128.800003,-6.133328,2.510947,0.400000,0.200000,0.350000,0.400000
,36.486000,0.013000,210.000000,-128.800003,-7.861040,2.480793,0.000000,0.200000,0.350000,0.400000
,36.497000,0.011000,210.000000,-129.000000,-6.725209,2.500617,0.400000,0.200000,0.350000,0.400000
,36.508000,0.011000,210.000000,-129.300003,-6.740711,2.500346,0.400000,0.200000,0.350000,0.400000
,36.520000,0.012000,210.000000,-129.300003,-7.318916,2.490255,0.000000,0.200000,0.350000,0.400000
,36.530000,0.010000,210.000000,-129.600006,-6.171423,2.510282,0.400000,0.200000,0.350000,0.400000
,36.540000,0.010000,210.000000,-129.600006,-6.171423,2.510282,0.400000,0.200000,0.350000,0.400000
,36.552000,0.012000,210.000000,-129.800003,-7.347081,2.489763,0.000000,0.200000,0.350000,0.400000
,36.562000,0.010000,210.000000,-129.800003,-6.180947,2.510116,0.400000,0.200000,0.350000,0.400000
,36.573000,0.011000,210.000000,-130.000000,-6.777342,2.499707,0.000000,0.200000,0.350000,0.400000
,36.585000,0.012000,210.000000,-130.100006,-7.364062,2.489467,0.000000,0.200000,0.350000,0.400000
,36.595000,0.010000,210.000000,-130.100006,-6.195233,2.509866,0.400000,0.200000,0.350000,0.400000
,36.608000,0.013000,210.000000,-130.199997,-7.946485,2.479302,0.000000,0.200000,0.350000,0.400000
,36.620000,0.012000,210.000000,-130.199997,-7.369860,2.489366,0.000000,0.200000,0.350000,0.400000
,36.629000,0.009000,210.000000,-130.199997,-5.606736,2.520138,0.400000,0.200000,0.350000,0.400000
,36.640000,0.011000,210.000000,-130.300003,-6.792843,2.499437,0.000000,0.200000,0.350000,0.400000
,36.652000,0.012000,210.000000,-130.399994,-7.381180,2.489168,0.000000,0.200000,0.350000,0.400000
,36.661000,0.009000,210.000000,-130.399994,-5.615206,2.519990,0.400000,0.200000,0.350000,0.400000
,36.674000,0.013000,210.000000,-130.500000,-7.964795,2.478982,0.000000,0.200000,0.350000,0.400000
,36.685000,0.011000,210.000000,-130.600006,-6.808623,2.499161,0.000000,0.200000,0.350000,0.400000
,36.697000,0.012000,210.000000,-130.600006,-7.392364,2.488973,0.000000,0.200000,0.350000,0.400000
,