0.016000,0.016000,1.000000,0.214191,0.210000,0.210000,0.004191,0.000067,0.000063,0.000001,-0.199936,-0.199936,0.015000,0.010000,0.300000,0.300000,3.000000,-0.200000
0.113000,0.097000,1.000000,0.238803,0.210000,0.210000,0.028803,0.002861,0.000432,0.000029,-0.199539,-0.199539,0.015000,0.010000,0.300000,0.300000,3.000000,-0.200000
0.216000,0.103000,1.000000,0.264070,0.210000,0.210000,0.054070,0.008430,0.000811,0.000084,-0.199105,-0.199105,0.015000,0.010000,0.300000,0.300000,3.000000,-0.200000
0.315000,0.099000,1.000000,0.287580,0.210000,0.210000,0.077580,0.016111,0.001164,0.000161,-0.198675,-0.198675,0.015000,0.010000,0.300000,0.300000,3.000000,-0.200000
0.418000,0.103000,1.000000,0.311228,0.210000,0.210000,0.101228,0.026537,0.001518,0.000265,-0.198216,-0.198216,0.015000,0.010000,0.300000,0.300000,3.000000,-0.200000
0.512000,0.094000,1.000000,0.332153,0.210000,0.210000,0.122154,0.038019,0.001832,0.000380,-0.197788,-0.197788,0.015000,0.010000,0.300000,0.300000,3.000000,-0.200000
0.612000,0.100000,1.000000,0.353697,0.210000,0.210000,0.143697,0.052389,0.002155,0.000524,-0.197321,-0.197321,0.015000,0.010000,0.300000,0.300000,3.000000,-0.200000
0.727000,0.115000,1.000000,0.377557,0.210000,0.210000,0.167557,0.071658,0.002513,0.000717,-0.196770,-0.196770,0.015000,0.010000,0.300000,0.300000,3.000000,-0.200000
0.820000,0.093000,1.000000,0.396273,0.210000,0.210000,0.186273,0.088982,0.002794,0.000890,-0.196316,-0.196316,0.015000,0.010000,0.300000,0.300000,3.000000,-0.200000
0.912000,0.092000,1.000000,0.414236,0.210000,0.210000,0.204236,0.107771,0.003064,0.001078,-0.195859,-0.195859,0.015000,0.010000,0.300000,0.300000,3.000000,-0.200000
1.016000,0.104000,1.000000,0.433862,0.210000,0.210000,0.223862,0.131053,0.003358,0.001311,-0.195332,-0.195332,0.015000,0.010000,0.300000,0.300000,3.000000,-0.200000
1.112000,0.096000,1.000000,0.451417,0.210000,0.210000,0.241417,0.154229,0.003621,0.001542,-0.194836,-0.194836,0.015000,0.010000,0.300000,0.300000,3.000000,-0.200000
1.212000,0.100000,1.000000,0.469113,0.210000,0.210000,0.259113,0.180140,0.003887,0.001801,-0.194312,-0.194312,0.015000,0.010000,0.300000,0.300000,3.000000,-0.200000
1.312000,0.100000,1.000000,0.486239,0.210000,0.210000,0.276239,0.207764,0.004144,0.002078,-0.193779,-0.193779,0.015000,0.010000,0.300000,0.300000,3.000000,-0.200000
1.411000,0.099000,1.000000,0.502651,0.210000,0.210000,0.292651,0.236737,0.004390,0.002367,-0.193243,-0.193243,0.015000,0.010000,0.300000,0.300000,3.000000,-0.200000
1.515000,0.104000,1.000000,0.519315,0.210000,0.210000,0.309315,0.268905,0.004640,0.002689,-0.192671,-0.192671,0.015000,0.010000,0.300000,0.300000,3.000000,-0.200000
1.611000,0.096000,1.000000,0.534220,0.210000,0.210000,0.324220,0.300030,0.004863,0.003000,-0.192136,-0.192136,0.015000,0.010000,0.300000,0.300000,3.000000,-0.200000
1.716000,0.105000,1.000000,0.549971,0.210000,0.210000,0.339971,0.335727,0.005100,0.003357,-0.191543,-0.191543,0.015000,0.010000,0.300000,0.300000,3.000000,-0.200000
1.811000,0.095000,1.000000,0.563784,0.210000,0.210000,0.353784,0.369337,0.005307,0.003693,-0.191000,-0.191000,0.015000,0.010000,0.300000,0.300000,3.000000,-0.200000
1.913000,0.102000,1.000000,0.578128,0.210000,0.210000,0.368128,0.406886,0.005522,0.004069,-0.190409,-0.190409,0.015000,0.010000,0.300000,0.300000,3.000000,-0.200000
2.025000,0.112000,1.000000,0.593311,0.210000,0.210000,0.383311,0.449817,0.005750,0.004498,-0.189752,-0.189752,0.015000,0.010000,0.300000,0.300000,3.000000,-0.200000
2.126000,0.101000,1.000000,0.606557,0.210000,0.210000,0.396557,0.489869,0.005948,0.004899,-0.189153,-0.189153,0.015000,0.010000,0.300000,0.300000,3.000000,-0.200000
2.212000,0.086000,1.000000,0.617521,0.210000,0.210000,0.407521,0.524916,0.006113,0.005249,-0.188638,-0.188638,0.015000,0.010000,0.300000,0.300000,3.000000,-0.200000
2.311000,0.099000,1.000000,0.629740,0.210000,0.210000,0.419740,0.566470,0.006296,0.005665,-0.188039,-0.188039,0.015000,0.010000,0.300000,0.300000,3.000000,-0.200000
2.412000,0.101000,1.000000,0.641799,0.200000,0.207481,0.434318,0.610336,0.006515,0.006103,-0.187382,-0.187382,0.015000,0.010000,0.300000,0.300000,3.000000,-0.200000
2.512000,0.100000,1.000000,0.653354,0.220000,0.210611,0.442743,0.654610,0.006641,0.006546,-0.186813,-0.186813,0.015000,0.010000,0.300000,0.300000,3.000000,-0.200000
2.612000,0.100000,1.000000,0.664536,0.200000,0.207958,0.456578,0.700268,0.006849,0.007003,-0.186149,-0.186149,0.015000,0.010000,0.300000,0.300000,3.000000,-0.200000
2.710000,0.098000,1.000000,0.675148,0.200000,0.205999,0.469149,0.746245,0.007037,0.007462,-0.185500,-0.185500,0.015000,0.010000,0.300000,0.300000,3.000000,-0.200000
2.813000,0.103000,1.000000,0.685931,0.220000,0.209577,0.476354,0.795309,0.007145,0.007953,-0.184902,-0.184902,0.015000,0.010000,0.300000,0.300000,3.000000,-0.200000
2.922000,0.109000,1.000000,0.696942,0.220000,0.212355,0.484587,0.848129,0.007269,0.008481,-0.184250,-0.184250,0.015000,0.010000,0.300000,0.300000,3.000000,-0.200000
3.012000,0.090000,1.000000,0.705769,0.200000,0.209504,0.496265,0.892793,0.007444,0.008928,-0.183628,-0.183628,0.015000,0.010000,0.300000,0.300000,3.000000,-0.200000
3.112000,0.100000,1.000000,0.715261,0.260000,0.222128,0.493133,0.942107,0.007397,0.009421,-0.183182,-0.183182,0.015000,0.010000,0.300000,0.300000,3.000000,-0.200000
3.211000,0.099000,1.000000,0.724357,0.220000,0.221600,0.502757,0.991880,0.007541,0.009919,-0.182540,-0.182540,0.015000,0.010000,0.300000,0.300000,3.000000,-0.200000
3.320000,0.109000,1.000000,0.734021,0.220000,0.221173,0.512847,1.047780,0.007693,0.010478,-0.181829,-0.181829,0.015000,0.010000,0.300000,0.300000,3.000000,-0.200000
3.413000,0.093000,1.000000,0.742018,0.220000,0.220896,0.521122,1.096244,0.007817,0.010962,-0.181221,-0.181221,0.015000,0.010000,0.300000,0.300000,3.000000,-0.200000
3.522000,0.109000,1.000000,0.751063,0.220000,0.220657,0.530406,1.154058,0.007956,0.011541,-0.180503,-0.180503,0.015000,0.010000,0.300000,0.300000,3.000000,-0.200000
3.614000,0.092000,1.000000,0.758470,0.220000,0.220503,0.537967,1.203551,0.008070,0.012036,-0.179895,-0.179895,0.015000,0.010000,0.300000,0.300000,3.000000,-0.200000
3.712000,0.098000,1.000000,0.766110,0.200000,0.215454,0.550656,1.257516,0.008260,0.012575,-0.179165,-0.179165,0.015000,0.010000,0.300000,0.300000,3.000000,-0.200000
3.813000,0.101000,1.000000,0.773728,0.200000,0.211562,0.562166,1.314294,0.008432,0.013143,-0.178425,-0.178425,0.015000,0.010000,0.300000,0.300000,3.000000,-0.200000
3.920000,0.107000,1.000000,0.781520,0.200000,0.208522,0.572998,1.375605,0.008595,0.013756,-0.177649,-0.177649,0.015000,0.010000,0.300000,0.300000,3.000000,-0.200000
4.012000,0.092000,1.000000,0.788021,0.200000,0.206522,0.581499,1.429103,0.008722,0.014291,-0.176986,-0.176986,0.015000,0.010000,0.300000,0.300000,3.000000,-0.200000
4.114000,0.102000,1.000000,0.794991,0.200000,0.204867,0.590124,1.489296,0.008852,0.014893,-0.176255,-0.176255,0.015000,0.010000,0.300000,0.300000,3.000000,-0.200000
4.212000,0.098000,1.000000,0.801477,0.200000,0.203669,0.597808,1.547881,0.008967,0.015479,-0.175554,-0.175554,0.015000,0.010000,0.300000,0.300000,3.000000,-0.200000
4.315000,0.103000,1.000000,0.808066,0.200000,0.202731,0.605335,1.610231,0.009080,0.016102,-0.174818,-0.174818,0.015000,0.010000,0.300000,0.300000,3.000000,-0.200000
4.415000,0.100000,1.000000,0.814258,0.200000,0.202048,0.612209,1.671452,0.009183,0.016715,-0.174102,-0.174102,0.015000,0.010000,0.300000,0.300000,3.000000,-0.200000
4.511000,0.096000,1.000000,0.820017,0.200000,0.201552,0.618465,1.730824,0.009277,0.017308,-0.173415,-0.173415,0.015000,0.010000,0.300000,0.300000,3.000000,-0.200000
4.614000,0.103000,1.000000,0.825991,0.200000,0.201155,0.624836,1.795182,0.009373,0.017952,-0.172676,-0.172676,0.015000,0.010000,0.300000,0.300000,3.000000,-0.200000
4.713000,0.099000,1.000000,0.831550,0.200000,0.200869,0.630682,1.857620,0.009460,0.018576,-0.171964,-0.171964,0.015000,0.010000,0.300000,0.300000,3.000000,-0.200000
4.811000,0.098000,1.000000,0.836879,0.200000,0.200655,0.636224,1.919970,0.009543,0.019200,-0.171257,-0.171257,0.015000,0.010000,0.300000,0.300000,3.000000,-0.200000
4.913000,0.102000,1.000000,0.842243,0.210000,0.203026,0.639217,1.985170,0.009588,0.019852,-0.170560,-0.170560,0.015000,0.010000,0.300000,0.300000,3.000000,-0.200000
5.013000,0.100000,1.000000,0.847332,0.210000,0.204769,0.642562,2.049426,0.009638,0.020494,-0.169867,-0.169867,0.015000,0.010000,0.300000,0.300000,3.000000,-0.200000
5.113000,0.100000,1.000000,0.852256,0.220000,0.208577,0.643679,2.113794,0.009655,0.021138,-0.169207,-0.169207,0.015000,0.010000,0.300000,0.300000,3.000000,-0.200000
5.227000,0.114000,1.000000,0.857665,0.200000,0.206215,0.651450,2.188059,0.009772,0.021881,-0.168348,-0.168348,0.015000,0.010000,0.300000,0.300000,3.000000,-0.200000
5.312000,0.085000,1.000000,0.861587,0.200000,0.204843,0.656744,2.243883,0.009851,0.022439,-0.167710,-0.167710,0.015000,0.010000,0.300000,0.300000,3.000000,-0.200000
5.412000,0.100000,1.000000,0.866052,0.200000,0.203632,0.662419,2.310125,0.009936,0.023101,-0.166962,-0.166962,0.015000,0.010000,0.300000,0.300000,3.000000,-0.200000
5.511000,0.099000,1.000000,0.870331,0.200000,0.202731,0.667600,2.376217,0.010014,0.023762,-0.166224,-0.166224,0.015000,0.010000,0.300000,0.300000,3.000000,-0.200000
5.612000,0.101000,1.000000,0.874554,0.200000,0.202043,0.672511,2.444140,0.010088,0.024441,-0.165471,-0.165471,0.015000,0.010000,0.300000,0.300000,3.000000,-0.200000
5.724000,0.112000,1.000000,0.879069,0.200000,0.201488,0.677581,2.520030,0.010164,0.025200,-0.164636,-0.164636,0.015000,0.010000,0.300000,0.300000,3.000000,-0.200000
5.811000,0.087000,1.000000,0.882477,0.200000,0.201153,0.681324,2.579305,0.010220,0.025793,-0.163987,-0.163987,0.015000,0.010000,0.300000,0.300000,3.000000,-0.200000
5.912000,0.101000,1.000000,0.886305,0.200000,0.200863,0.685442,2.648534,0.010282,0.026485,-0.163233,-0.163233,0.015000,0.010000,0.300000,0.300000,3.000000,-0.200000
6.013000,0.101000,1.000000,0.890008,0.200000,0.200646,0.689362,2.718160,0.010340,0.027182,-0.162478,-0.162478,0.015000,0.010000,0.300000,0.300000,3.000000,-0.200000
6.114000,0.101000,1.000000,0.893590,0.200000,0.200483,0.693107,2.788164,0.010397,0.027882,-0.161722,-0.161722,0.015000,0.010000,0.300000,0.300000,3.000000,-0.200000
6.217000,0.103000,1.000000,0.897122,0.200000,0.200359,0.696763,2.859930,0.010451,0.028599,-0.160949,-0.160949,0.015000,0.010000,0.300000,0.300000,3.000000,-0.200000
6.311000,0.094000,1.000000,0.900248,0.200000,0.200274,0.699974,2.925728,0.010500,0.029257,-0.160243,-0.160243,0.015000,0.010000,0.300000,0.300000,3.000000,-0.200000
6.415000,0.104000,1.000000,0.903590,0.200000,0.200203,0.703387,2.998880,0.010551,0.029989,-0.159460,-0.159460,0.015000,0.010000,0.300000,0.300000,3.000000,-0.200000
6.511000,0.096000,1.000000,0.906580,0.200000,0.200154,0.706426,3.066697,0.010596,0.030667,-0.158737,-0.158737,0.015000,0.010000,0.300000,0.300000,3.000000,-0.200000
6.613000,0.102000,1.000000,0.909652,0.200000,0.200115,0.709537,3.139070,0.010643,0.031391,-0.157966,-0.157966,0.015000,0.010000,0.300000,0.300000,3.000000,-0.200000
6.711000,0.098000,1.000000,0.912510,0.210000,0.202549,0.709961,3.208646,0.010649,0.032086,-0.157264,-0.157264,0.015000,0.010000,0.300000,0.300000,3.000000,-0.200000
6.811000,0.100000,1.000000,0.915332,0.210000,0.204412,0.710920,3.279738,0.010664,0.032797,-0.156539,-0.156539,0.015000,0.010000,0.300000,0.300000,3.000000,-0.200000
6.911000,0.100000,1.000000,0.918063,0.200000,0.203309,0.714754,3.351213,0.010721,0.033512,-0.155767,-0.155767,0.015000,0.010000,0.300000,0.300000,3.000000,-0.200000
7.025000,0.114000,1.000000,0.921063,0.200000,0.202398,0.718665,3.433141,0.010780,0.034331,-0.154889,-0.154889,0.015000,0.010000,0.300000,0.300000,3.000000,-0.200000
7.112000,0.087000,1.000000,0.923287,0.200000,0.201859,0.721429,3.495905,0.010821,0.034959,-0.154220,-0.154220,0.015000,0.010000,0.300000,0.300000,3.000000,-0.200000
7.212000,0.100000,1.000000,0.925762,0.200000,0.201394,0.724368,3.568342,0.010866,0.035683,-0.153451,-0.153451,0.015000,0.010000,0.300000,0.300000,3.000000,-0.200000
7.316000,0.104000,1.000000,0.928249,0.200000,0.201035,0.727214,3.643973,0.010908,0.036440,-0.152652,-0.152652,0.015000,0.010000,0.300000,0.300000,3.000000,-0.200000
7.412000,0.096000,1.000000,0.930474,0.200000,0.200784,0.729690,3.714023,0.010945,0.037140,-0.151914,-0.151914,0.015000,0.010000,0.300000,0.300000,3.000000,-0.200000
7.512000,0.100000,1.000000,0.932717,0.200000,0.200588,0.732129,3.787236,0.010982,0.037872,-0.151146,-0.151146,0.015000,0.010000,0.300000,0.300000,3.000000,-0.200000
7.613000,0.101000,1.000000,0.934908,0.200000,0.200440,0.734468,3.861417,0.011017,0.038614,-0.150369,-0.150369,0.015000,0.010000,0.300000,0.300000,3.000000,-0.200000
7.714000,0.101000,1.000000,0.937028,0.200000,0.200329,0.736699,3.935824,0.011050,0.039358,-0.149591,-0.149591,0.015000,0.010000,0.300000,0.300000,3.000000,-0.200000
7.816000,0.102000,1.000000,0.939099,0.200000,0.200246,0.738853,4.011187,0.011083,0.040112,-0.148805,-0.148805,0.015000,0.010000,0.300000,0.300000,3.000000,-0.200000
7.913000,0.097000,1.000000,0.941006,0.210000,0.202629,0.738378,4.082809,0.011076,0.040828,-0.148096,-0.148096,0.015000,0.010000,0.300000,0.300000,3.000000,-0.200000
8.014000,0.101000,1.000000,0.942928,0.220000,0.207004,0.735924,4.157137,0.011039,0.041571,-0.147390,-0.147390,0.015000,0.010000,0.300000,0.300000,3.000000,-0.200000
8.114000,0.100000,1.000000,0.944769,0.230000,0.212753,0.732016,4.230339,0.010980,0.042303,-0.146716,-0.146716,0.015000,0.010000,0.300000,0.300000,3.000000,-0.200000
8.212000,0.098000,1.000000,0.946516,0.240000,0.219462,0.727054,4.301590,0.010906,0.043016,-0.146078,-0.146078,0.015000,0.010000,0.300000,0.300000,3.000000,-0.200000
8.313000,0.101000,1.000000,0.948258,0.240000,0.224635,0.723623,4.374676,0.010854,0.043747,-0.145399,-0.145399,0.015000,0.010000,0.300000,0.300000,3.000000,-0.200000
8.414000,0.101000,1.000000,0.949943,0.240000,0.228505,0.721438,4.447542,0.010822,0.044475,-0.144703,-0.144703,0.015000,0.010000,0.300000,0.300000,3.000000,-0.200000
8.512000,0.098000,1.000000,0.951527,0.230000,0.228873,0.722654,4.518362,0.010840,0.045184,-0.143977,-0.143977,0.015000,0.010000,0.300000,0.300000,3.000000,-0.200000
8.612000,0.100000,1.000000,0.953090,0.230000,0.229155,0.723936,4.590755,0.010859,0.045908,-0.143233,-0.143233,0.015000,0.010000,0.300000,0.300000,3.000000,-0.200000
8.713000,0.101000,1.000000,0.954618,0.230000,0.229368,0.725251,4.664006,0.010879,0.046640,-0.142481,-0.142481,0.015000,0.010000,0.300000,0.300000,3.000000,-0.200000
8.811000,0.098000,1.000000,0.956054,0.220000,0.227061,0.728993,4.735447,0.010935,0.047354,-0.141711,-0.141711,0.015000,0.010000,0.300000,0.300000,3.000000,-0.200000
8.911000,0.100000,1.000000,0.957471,0.220000,0.225296,0.732176,4.808665,0.010983,0.048087,-0.140931,-0.140931,0.015000,0.010000,0.300000,0.300000,3.000000,-0.200000
9.013000,0.102000,1.000000,0.958870,0.220000,0.223952,0.734918,4.883626,0.011024,0.048836,-0.140140,-0.140140,0.015000,0.010000,0.300000,0.300000,3.000000,-0.200000
9.112000,0.099000,1.000000,0.960184,0.220000,0.222972,0.737212,4.956611,0.011058,0.049566,-0.139376,-0.139376,0.015000,0.010000,0.300000,0.300000,3.000000,-0.200000
9.224000,0.112000,1.000000,0.961617,0.220000,0.222164,0.739453,5.039429,0.011092,0.050394,-0.138514,-0.138514,0.015000,0.010000,0.300000,0.300000,3.000000,-0.200000
9.311000,0.087000,1.000000,0.962699,0.220000,0.221677,0.741021,5.103898,0.011115,0.051039,-0.137846,-0.137846,0.015000,0.010000,0.300000,0.300000,3.000000,-0.200000
9.413000,0.102000,1.000000,0.963925,0.220000,0.221252,0.742673,5.179651,0.011140,0.051797,-0.137063,-0.137063,0.015000,0.010000,0.300000,0.300000,3.000000,-0.200000
9.520000,0.107000,1.000000,0.965167,0.220000,0.220923,0.744245,5.259285,0.011164,0.052593,-0.136243,-0.136243,0.015000,0.010000,0.300000,0.300000,3.000000,-0.200000
9.612000,0.092000,1.000000,0.966204,0.220000,0.220706,0.745498,5.327871,0.011182,0.053279,-0.135539,-0.135539,0.015000,0.010000,0.300000,0.300000,3.000000,-0.200000
9.712000,0.100000,1.000000,0.967294,0.220000,0.220530,0.746764,5.402547,0.011201,0.054025,-0.134773,-0.134773,0.015000,0.010000,0.300000,0.300000,3.000000,-0.200000
9.811000,0.099000,1.000000,0.968339,0.220000,0.220398,0.747941,5.476593,0.011219,0.054766,-0.134015,-0.134015,0.015000,0.010000,0.300000,0.300000,3.000000,-0.200000
9.911000,0.100000,1.000000,0.969360,0.220000,0.220299,0.749061,5.551500,0.011236,0.055515,-0.133249,-0.133249,0.015000,0.010000,0.300000,0.300000,3.000000,-0.200000
10.024000,0.113000,1.000000,0.970472,0.220000,0.220217,0.750255,5.636279,0.011254,0.056363,-0.132383,-0.132383,0.015000,0.010000,0.300000,0.300000,3.000000,-0.200000
10.114000,0.090000,1.000000,0.971332,0.220000,0.220167,0.751165,5.703884,0.011267,0.057039,-0.131694,-0.131694,0.015000,0.010000,0.300000,0.300000,3.000000,-0.200000
10.212000,0.098000,1.000000,0.972239,0.220000,0.220126,0.752113,5.777591,0.011282,0.057776,-0.130942,-0.130942,0.015000,0.010000,0.300000,0.300000,3.000000,-0.200000
10.311000,0.099000,1.000000,0.973126,0.220000,0.220095,0.753031,5.852141,0.011295,0.058521,-0.130183,-0.130183,0.015000,0.010000,0.300000,0.300000,3.000000,-0.200000
10.418000,0.107000,1.000000,0.974051,0.220000,0.220070,0.753982,5.932817,0.011310,0.059328,-0.129362,-0.129362,0.015000,0.010000,0.300000,0.300000,3.000000,-0.200000
10.513000,0.095000,1.000000,0.974848,0.220000,0.220053,0.754795,6.004522,0.011322,0.060045,-0.128633,-0.128633,0.015000,0.010000,0.300000,0.300000,3.000000,-0.200000
10.612000,0.099000,1.000000,0.975651,0.220000,0.220040,0.755612,6.079328,0.011334,0.060793,-0.127873,-0.127873,0.015000,0.010000,0.300000,0.300000,3.000000,-0.200000
10.712000,0.100000,1.000000,0.976437,0.220000,0.220030,0.756407,6.154969,0.011346,0.061550,-0.127104,-0.127104,0.015000,0.010000,0.300000,0.300000,3.000000,-0.200000
10.812000,0.100000,1.000000,0.977197,0.220000,0.220022,0.757175,6.230686,0.011358,0.062307,-0.126336,-0.126336,0.015000,0.010000,0.300000,0.300000,3.000000,-0.200000
10.911000,0.099000,1.000000,0.977925,0.220000,0.220017,0.757909,6.305719,0.011369,0.063057,-0.125574,-0.125574,0.015000,0.010000,0.300000,0.300000,3.000000,-0.200000
11.017000,0.106000,1.000000,0.978679,0.220000,0.220012,0.758666,6.386137,0.011380,0.063861,-0.124759,-0.124759,0.015000,0.010000,0.300000,0.300000,3.000000,-0.200000
11.111000,0.094000,1.000000,0.979326,0.220000,0.220009,0.759317,6.457513,0.011390,0.064575,-0.124035,-0.124035,0.015000,0.010000,0.300000,0.300000,3.000000,-0.200000
11.216000,0.105000,1.000000,0.980026,0.220000,0.220007,0.760019,6.537315,0.011400,0.065373,-0.123227,-0.123227,0.015000,0.010000,0.300000,0.300000,3.000000,-0.200000
11.315000,0.099000,1.000000,0.980664,0.220000,0.220005,0.760658,6.612621,0.011410,0.066126,-0.122464,-0.122464,0.015000,0.010000,0.300000,0.300000,3.000000,-0.200000
11.414000,0.099000,1.000000,0.981281,0.220000,0.220004,0.761277,6.687987,0.011419,0.066880,-0.121701,-0.121701,0.015000,0.010000,0.300000,0.300000,3.000000,-0.200000
11.514000,0.100000,1.000000,0.981885,0.220000,0.220003,0.761882,6.764175,0.011428,0.067642,-0.120930,-0.120930,0.015000,0.010000,0.300000,0.300000,3.000000,-0.200000
11.613000,0.099000,1.000000,0.982464,0.220000,0.220002,0.762462,6.839659,0.011437,0.068397,-0.120166,-0.120166,0.015000,0.010000,0.300000,0.300000,3.000000,-0.200000
11.712000,0.099000,1.000000,0.983024,0.220000,0.220002,0.763022,6.915198,0.011445,0.069152,-0.119403,-0.119403,0.015000,0.010000,0.300000,0.300000,3.000000,-0.200000
11.815000,0.103000,1.000000,0.983588,0.220000,0.220001,0.763586,6.993848,0.011454,0.069938,-0.118608,-0.118608,0.015000,0.010000,0.300000,0.300000,3.000000,-0.200000
11.912000,0.097000,1.000000,0.984102,0.220000,0.220001,0.764101,7.067966,0.011462,0.070680,-0.117859,-0.117859,0.015000,0.010000,0.300000,0.300000,3.000000,-0.200000
12.015000,0.103000,1.000000,0.984629,0.220000,0.220001,0.764629,7.146722,0.011469,0.071467,-0.117063,-0.117063,0.015000,0.010000,0.300000,0.300000,3.000000,-0.200000
12.111000,0.096000,1.000000,0.985106,0.220000,0.220001,0.765105,7.220172,0.011477,0.072202,-0.116322,-0.116322,0.015000,0.010000,0.300000,0.300000,3.000000,-0.200000
12.212000,0.101000,1.000000,0.985591,0.220000,0.220000,0.765591,7.297497,0.011484,0.072975,-0.115541,-0.115541,0.015000,0.010000,0.300000,0.300000,3.000000,-0.200000
12.313000,0.101000,1.000000,0.986060,0.220000,0.220000,0.766060,7.374869,0.011491,0.073749,-0.114760,-0.114760,0.015000,0.010000,0.300000,0.300000,3.000000,-0.200000
12.413000,0.100000,1.000000,0.986510,0.220000,0.220000,0.766510,7.451520,0.011498,0.074515,-0.113987,-0.113987,0.015000,0.010000,0.300000,0.300000,3.000000,-0.200000
12.514000,0.101000,1.000000,0.986949,0.220000,0.220000,0.766949,7.528982,0.011504,0.075290,-0.113206,-0.113206,0.015000,0.010000,0.300000,0.300000,3.000000,-0.200000
12.612000,0.098000,1.000000,0.987362,0.220000,0.220000,0.767362,7.604184,0.011510,0.076042,-0.112448,-0.112448,0.015000,0.010000,0.300000,0.300000,3.000000,-0.200000
12.713000,0.101000,1.000000,0.987774,0.220000,0.220000,0.767774,7.681729,0.011517,0.076817,-0.111666,-0.111666,0.015000,0.010000,0.300000,0.300000,3.000000,-0.200000
12.812000,0.099000,1.000000,0.988164,0.220000,0.220000,0.768164,7.757777,0.011522,0.077578,-0.110900,-0.110900,0.015000,0.010000,0.300000,0.300000,3.000000,-0.200000
12.913000,0.101000,1.000000,0.988550,0.220000,0.220000,0.768550,7.835401,0.011528,0.078354,-0.110118,-0.110118,0.015000,0.010000,0.300000,0.300000,3.000000,-0.200000
13.012000,0.099000,1.000000,0.988916,0.220000,0.220000,0.768916,7.911523,0.011534,0.079115,-0.109351,-0.109351,0.015000,0.010000,0.300000,0.300000,3.000000,-0.200000
13.118000,0.106000,1.000000,0.989294,0.220000,0.220000,0.769294,7.993069,0.011539,0.079931,-0.108530,-0.108530,0.015000,0.010000,0.300000,0.300000,3.000000,-0.200000
13.212000,0.094000,1.000000,0.989619,0.220000,0.220000,0.769619,8.065413,0.011544,0.080654,-0.107802,-0.107802,0.015000,0.010000,0.300000,0.300000,3.000000,-0.200000
13.313000,0.101000,1.000000,0.989957,0.220000,0.220000,0.769957,8.143178,0.011549,0.081432,-0.107019,-0.107019,0.015000,0.010000,0.300000,0.300000,3.000000,-0.200000
13.413000,0.100000,1.000000,0.990281,0.220000,0.220000,0.770281,8.220206,0.011554,0.082202,-0.106244,-0.106244,0.015000,0.010000,0.300000,0.300000,3.000000,-0.200000
13.519000,0.106000,1.000000,0.990613,0.220000,0.220000,0.770613,8.301891,0.011559,0.083019,-0.105422,-0.105422,0.015000,0.010000,0.300000,0.300000,3.000000,-0.200000
13.611000,0.092000,1.000000,0.990892,0.220000,0.220000,0.770892,8.372813,0.011563,0.083728,-0.104708,-0.104708,0.015000,0.010000,0.300000,0.300000,3.000000,-0.200000
13.712000,0.101000,1.000000,0.991189,0.220000,0.220000,0.771189,8.450704,0.011568,0.084507,-0.103925,-0.103925,0.015000,0.010000,0.300000,0.300000,3.000000,-0.200000
13.826000,0.114000,1.000000,0.991511,0.220000,0.220000,0.771511,8.538656,0.011573,0.085387,-0.103041,-0.103041,0.015000,0.010000,0.300000,0.300000,3.000000,-0.200000
13.914000,0.088000,1.000000,0.991753,0.220000,0.220000,0.771753,8.606570,0.011576,0.086066,-0.102358,-0.102358,0.015000,0.010000,0.300000,0.300000,3.000000,-0.200000
14.024000,0.110000,1.000000,0.992045,0.220000,0.220000,0.772045,8.691495,0.011581,0.086915,-0.101504,-0.101504,0.015000,0.010000,0.300000,0.300000,3.000000,-0.200000
14.112000,0.088000,1.000000,0.992272,0.220000,0.220000,0.772272,8.759455,0.011584,0.087595,-0.100821,-0.100821,0.015000,0.010000,0.300000,0.300000,3.000000,-0.200000
14.212000,0.100000,1.000000,0.992521,0.220000,0.220000,0.772521,8.836707,0.011588,0.088367,-0.100045,-0.100045,0.015000,0.010000,0.300000,0.300000,3.000000,-0.200000
14.316000,0.104000,1.000000,0.992772,0.220000,0.220000,0.772772,8.917075,0.011592,0.089171,-0.099238,-0.099238,0.015000,0.010000,0.300000,0.300000,3.000000,-0.200000
14.412000,0.096000,1.000000,0.992996,0.220000,0.220000,0.772996,8.991282,0.011595,0.089913,-0.098492,-0.098492,0.015000,0.010000,0.300000,0.300000,3.000000,-0.200000
14.517000,0.105000,1.000000,0.993233,0.220000,0.220000,0.773233,9.072472,0.011598,0.090725,-0.097677,-0.097677,0.015000,0.010000,0.300000,0.300000,3.000000,-0.200000
14.612000,0.095000,1.000000,0.993440,0.220000,0.220000,0.773440,9.145948,0.011602,0.091459,-0.096939,-0.096939,0.015000,0.010000,0.300000,0.300000,3.000000,-0.200000
14.712000,0.100000,1.000000,0.993652,0.220000,0.220000,0.773652,9.223313,0.011605,0.092233,-0.096162,-0.096162,0.015000,0.010000,0.300000,0.300000,3.000000,-0.200000
14.813000,0.101000,1.000000,0.993859,0.220000,0.220000,0.773859,9.301473,0.011608,0.093015,-0.095377,-0.095377,0.015000,0.010000,0.300000,0.300000,3.000000,-0.200000
14.916000,0.103000,1.000000,0.994063,0.220000,0.220000,0.774063,9.381201,0.011611,0.093812,-0.094577,-0.094577,0.015000,0.010000,0.300000,0.300000,3.000000,-0.200000
15.012000,0.096000,1.000000,0.994247,0.220000,0.220000,0.774247,9.455528,0.011614,0.094555,-0.093831,-0.093831,0.015000,0.010000,0.300000,0.300000,3.000000,-0.200000
15.112000,0.100000,1.000000,0.994432,0.220000,0.220000,0.774432,9.532971,0.011616,0.095330,-0.093054,-0.093054,0.015000,0.010000,0.300000,0.300000,3.000000,-0.200000
15.214000,0.102000,1.000000,0.994615,0.220000,0.220000,0.774615,9.611982,0.011619,0.096120,-0.092261,-0.092261,0.015000,0.010000,0.300000,0.300000,3.000000,-0.200000
15.315000,0.101000,1.000000,0.994791,0.220000,0.220000,0.774791,9.690236,0.011622,0.096902,-0.091476,-0.091476,0.015000,0.010000,0.300000,0.300000,3.000000,-0.200000
15.412000,0.097000,1.000000,0.994954,0.220000,0.220000,0.774954,9.765407,0.011624,0.097654,-0.090722,-0.090722,0.015000,0.010000,0.300000,0.300000,3.000000,-0.200000
15.511000,0.099000,1.000000,0.995115,0.220000,0.220000,0.775115,9.842143,0.011627,0.098421,-0.089952,-0.089952,0.015000,0.010000,0.300000,0.300000,3.000000,-0.200000
15.613000,0.102000,1.000000,0.995276,0.220000,0.220000,0.775276,9.921221,0.011629,0.099212,-0.089159,-0.089159,0.015000,0.010000,0.300000,0.300000,3.000000,-0.200000
15.713000,0.100000,1.000000,0.995428,0.220000,0.220000,0.775428,9.998763,0.011631,0.099988,-0.088381,-0.088381,0.015000,0.010000,0.300000,0.300000,3.000000,-0.200000
15.829000,0.116000,1.000000,0.995598,0.220000,0.220000,0.775598,10.088733,0.011634,0.100887,-0.087479,-0.087479,0.015000,0.010000,0.300000,0.300000,3.000000,-0.200000
15.915000,0.086000,1.000000,0.995721,0.220000,0.220000,0.775721,10.155445,0.011636,0.101554,-0.086810,-0.086810,0.015000,0.010000,0.300000,0.300000,3.000000,-0.200000
16.013000,0.098000,1.000000,0.995856,0.220000,0.220000,0.775856,10.231479,0.011638,0.102315,-0.086047,-0.086047,0.015000,0.010000,0.300000,0.300000,3.000000,-0.200000
16.117000,0.104000,1.000000,0.995995,0.220000,0.220000,0.775995,10.312182,0.011640,0.103122,-0.085238,-0.085238,0.015000,0.010000,0.300000,0.300000,3.000000,-0.200000
16.215000,0.098000,1.000000,0.996122,0.220000,0.220000,0.776122,10.388243,0.011642,0.103882,-0.084476,-0.084476,0.015000,0.010000,0.300000,0.300000,3.000000,-0.200000
16.311000,0.096000,1.000000,0.996242,0.220000,0.220000,0.776242,10.462762,0.011644,0.104628,-0.083729,-0.083729,0.015000,0.010000,0.300000,0.300000,3.000000,-0.200000
16.413000,0.102000,1.000000,0.996366,0.220000,0.220000,0.776366,10.541951,0.011645,0.105420,-0.082935,-0.082935,0.015000,0.010000,0.300000,0.300000,3.000000,-0.200000
16.512000,0.099000,1.000000,0.996482,0.220000,0.220000,0.776482,10.618823,0.011647,0.106188,-0.082165,-0.082165,0.015000,0.010000,0.300000,0.300000,3.000000,-0.200000
16.612000,0.100000,1.000000,0.996595,0.220000,0.220000,0.776595,10.696483,0.011649,0.106965,-0.081386,-0.081386,0.015000,0.010000,0.300000,0.300000,3.000000,-0.200000
16.726000,0.114000,1.000000,0.996720,0.220000,0.220000,0.776720,10.785028,0.011651,0.107850,-0.080499,-0.080499,0.015000,0.010000,0.300000,0.300000,3.000000,-0.200000
16.813000,0.087000,1.000000,0.996812,0.220000,0.220000,0.776812,10.852612,0.011652,0.108526,-0.079822,-0.079822,0.015000,0.010000,0.300000,0.300000,3.000000,-0.200000
16.912000,0.099000,1.000000,0.996914,0.220000,0.220000,0.776914,10.929526,0.011654,0.109295,-0.079051,-0.079051,0.015000,0.010000,0.300000,0.300000,3.000000,-0.200000
17.014000,0.102000,1.000000,0.997016,0.220000,0.220000,0.777016,11.008782,0.011655,0.110088,-0.078257,-0.078257,0.015000,0.010000,0.300000,0.300000,3.000000,-0.200000
17.112000,0.098000,1.000000,0.997110,0.220000,0.220000,0.777110,11.084939,0.011657,0.110849,-0.077494,-0.077494,0.015000,0.010000,0.300000,0.300000,3.000000,-0.200000
17.215000,0.103000,1.000000,0.997206,0.220000,0.220000,0.777206,11.164991,0.011658,0.111650,-0.076692,-0.076692,0.015000,0.010000,0.300000,0.300000,3.000000,-0.200000
17.317000,0.102000,1.000000,0.997298,0.220000,0.220000,0.777298,11.244276,0.011659,0.112443,-0.075898,-0.075898,0.015000,0.010000,0.300000,0.300000,3.000000,-0.200000
17.411000,0.094000,1.000000,0.997380,0.220000,0.220000,0.777380,11.317349,0.011661,0.113173,-0.075166,-0.075166,0.015000,0.010000,0.300000,0.300000,3.000000,-0.200000
17.514000,0.103000,1.000000,0.997467,0.220000,0.220000,0.777467,11.397429,0.011662,0.113974,-0.074364,-0.074364,0.015000,0.010000,0.300000,0.300000,3.000000,-0.200000
17.614000,0.100000,1.000000,0.997549,0.220000,0.220000,0.777549,11.475183,0.011663,0.114752,-0.073585,-0.073585,0.015000,0.010000,0.300000,0.300000,3.000000,-0.200000
17.713000,0.099000,1.000000,0.997627,0.220000,0.220000,0.777627,11.552169,0.011664,0.115522,-0.072814,-0.072814,0.015000,0.010000,0.300000,0.300000,3.000000,-0.200000
17.815000,0.102000,1.000000,0.997705,0.220000,0.220000,0.777705,11.631495,0.011666,0.116315,-0.072019,-0.072019,0.015000,0.010000,0.300000,0.300000,3.000000,-0.200000
17.912000,0.097000,1.000000,0.997777,0.220000,0.220000,0.777777,11.706939,0.011667,0.117069,-0.071264,-0.071264,0.015000,0.010000,0.300000,0.300000,3.000000,-0.200000
18.011000,0.099000,1.000000,0.997848,0.220000,0.220000,0.777848,11.783946,0.011668,0.117839,-0.070493,-0.070493,0.015000,0.010000,0.300000,0.300000,3.000000,-0.200000
18.112000,0.101000,1.000000,0.997918,0.220000,0.220000,0.777918,11.862515,0.011669,0.118625,-0.069706,-0.069706,0.015000,0.010000,0.300000,0.300000,3.000000,-0.200000
18.213000,0.101000,1.000000,0.997986,0.220000,0.220000,0.777986,11.941092,0.011670,0.119411,-0.068919,-0.068919,0.015000,0.010000,0.300000,0.300000,3.000000,-0.200000
18.312000,0.099000,1.000000,0.998050,0.220000,0.220000,0.778050,12.018119,0.011671,0.120181,-0.068148,-0.068148,0.015000,0.010000,0.300000,0.300000,3.000000,-0.200000
18.412000,0.100000,1.000000,0.998113,0.220000,0.220000,0.778113,12.095930,0.011672,0.120959,-0.067369,-0.067369,0.015000,0.010000,0.300000,0.300000,3.000000,-0.200000
18.512000,0.100000,1.000000,0.998174,0.220000,0.220000,0.778174,12.173747,0.011673,0.121737,-0.066590,-0.066590,0.015000,0.010000,0.300000,0.300000,3.000000,-0.200000
18.619000,0.107000,1.000000,0.998237,0.220000,0.220000,0.778237,12.257018,0.011674,0.122570,-0.065756,-0.065756,0.015000,0.010000,0.300000,0.300000,3.000000,-0.200000
18.713000,0.094000,1.000000,0.998290,0.220000,0.220000,0.778290,12.330177,0.011674,0.123302,-0.065024,-0.065024,0.015000,0.010000,0.300000,0.300000,3.000000,-0.200000
18.820000,0.107000,1.000000,0.998349,0.220000,0.220000,0.778349,12.413461,0.011675,0.124135,-0.064190,-0.064190,0.015000,0.010000,0.300000,0.300000,3.000000,-0.200000
18.912000,0.092000,1.000000,0.998398,0.220000,0.220000,0.778398,12.485073,0.011676,0.124851,-0.063473,-0.063473,0.015000,0.010000,0.300000,0.300000,3.000000,-0.200000
19.019000,0.107000,1.000000,0.998453,0.220000,0.220000,0.778453,12.568368,0.011677,0.125684,-0.062640,-0.062640,0.015000,0.010000,0.300000,0.300000,3.000000,-0.200000
19.120000,0.101000,1.000000,0.998504,0.220000,0.220000,0.778504,12.646996,0.011678,0.126470,-0.061852,-0.061852,0.015000,0.010000,0.300000,0.300000,3.000000,-0.200000
19.212000,0.092000,1.000000,0.998548,0.220000,0.220000,0.778548,12.718623,0.011678,0.127186,-0.061136,-0.061136,0.015000,0.010000,0.300000,0.300000,3.000000,-0.200000
19.313000,0.101000,1.000000,0.998596,0.220000,0.220000,0.778596,12.797261,0.011679,0.127973,-0.060348,-0.060348,0.015000,0.010000,0.300000,0.300000,3.000000,-0.200000
19.412000,0.099000,1.000000,0.998641,0.220000,0.220000,0.778641,12.874347,0.011680,0.128743,-0.059577,-0.059577,0.015000,0.010000,0.300000,0.300000,3.000000,-0.200000
19.514000,0.102000,1.000000,0.998685,0.220000,0.220000,0.778685,12.953773,0.011680,0.129538,-0.058782,-0.058782,0.015000,0.010000,0.300000,0.300000,3.000000,-0.200000
19.615000,0.101000,1.000000,0.998728,0.220000,0.220000,0.778728,13.032424,0.011681,0.130324,-0.057995,-0.057995,0.015000,0.010000,0.300000,0.300000,3.000000,-0.200000
19.714000,0.099000,1.000000,0.998769,0.220000,0.220000,0.778769,13.109522,0.011682,0.131095,-0.057223,-0.057223,0.015000,0.010000,0.300000,0.300000,3.000000,-0.200000
19.812000,0.098000,1.000000,0.998808,0.220000,0.220000,0.778808,13.185845,0.011682,0.131858,-0.056459,-0.056459,0.015000,0.010000,0.300000,0.300000,3.000000,-0.200000
19.911000,0.099000,1.000000,0.998846,0.220000,0.220000,0.778846,13.262951,0.011683,0.132630,-0.055688,-0.055688,0.015000,0.010000,0.300000,0.300000,3.000000,-0.200000
20.017000,0.106000,1.000000,0.998885,0.220000,0.220000,0.778885,13.345512,0.011683,0.133455,-0.054862,-0.054862,0.015000,0.010000,0.300000,0.300000,3.000000,-0.200000
20.113000,0.096000,1.000000,0.998920,0.220000,0.220000,0.778920,13.420289,0.011684,0.134203,-0.054113,-0.054113,0.015000,0.010000,0.300000,0.300000,3.000000,-0.200000
20.213000,0.100000,1.000000,0.998955,0.220000,0.220000,0.778955,13.498184,0.011684,0.134982,-0.053334,-0.053334,0.015000,0.010000,0.300000,0.300000,3.000000,-0.200000
20.316000,0.103000,1.000000,0.998989,0.220000,0.220000,0.778989,13.578421,0.011685,0.135784,-0.052531,-0.052531,0.015000,0.010000,0.300000,0.300000,3.000000,-0.200000
20.417000,0.101000,1.000000,0.999022,0.220000,0.220000,0.779022,13.657102,0.011685,0.136571,-0.051744,-0.051744,0.015000,0.010000,0.300000,0.300000,3.000000,-0.200000
20.513000,0.096000,1.000000,0.999053,0.220000,0.220000,0.779052,13.731891,0.011686,0.137319,-0.050995,-0.050995,0.015000,0.010000,0.300000,0.300000,3.000000,-0.200000
20.612000,0.099000,1.000000,0.999083,0.220000,0.220000,0.779083,13.809020,0.011686,0.138090,-0.050224,-0.050224,0.015000,0.010000,0.300000,0.300000,3.000000,-0.200000
20.714000,0.102000,1.000000,0.999113,0.220000,0.220000,0.779113,13.888490,0.011687,0.138885,-0.049428,-0.049428,0.015000,0.010000,0.300000,0.300000,3.000000,-0.200000
20.812000,0.098000,1.000000,0.999141,0.220000,0.220000,0.779141,13.964846,0.011687,0.139648,-0.048664,-0.048664,0.015000,0.010000,0.300000,0.300000,3.000000,-0.200000
20.914000,0.102000,1.000000,0.999169,0.220000,0.220000,0.779169,14.044321,0.011688,0.140443,-0.047869,-0.047869,0.015000,0.010000,0.300000,0.300000,3.000000,-0.200000
21.012000,0.098000,1.000000,0.999196,0.220000,0.220000,0.779196,14.120682,0.011688,0.141207,-0.047105,-0.047105,0.015000,0.010000,0.300000,0.300000,3.000000,-0.200000
21.114000,0.102000,1.000000,0.999222,0.220000,0.220000,0.779222,14.200162,0.011688,0.142002,-0.046310,-0.046310,0.015000,0.010000,0.300000,0.300000,3.000000,-0.200000
21.210000,0.096000,1.000000,0.999246,0.220000,0.220000,0.779246,14.274970,0.011689,0.142750,-0.045562,-0.045562,0.015000,0.010000,0.300000,0.300000,3.000000,-0.200000
21.315000,0.105000,1.000000,0.999272,0.220000,0.220000,0.779272,14.356793,0.011689,0.143568,-0.044743,-0.044743,0.015000,0.010000,0.300000,0.300000,3.000000,-0.200000
21.412000,0.097000,1.000000,0.999294,0.220000,0.220000,0.779294,14.432384,0.011689,0.144324,-0.043987,-0.043987,0.015000,0.010000,0.300000,0.300000,3.000000,-0.200000
21.513000,0.101000,1.000000,0.999317,0.220000,0.220000,0.779317,14.511096,0.011690,0.145111,-0.043199,-0.043199,0.015000,0.010000,0.300000,0.300000,3.000000,-0.200000
21.611000,0.098000,1.000000,0.999339,0.220000,0.220000,0.779339,14.587471,0.011690,0.145875,-0.042435,-0.042435,0.015000,0.010000,0.300000,0.300000,3.000000,-0.200000
21.714000,0.103000,1.000000,0.999361,0.220000,0.220000,0.779361,14.667746,0.011690,0.146677,-0.041632,-0.041632,0.015000,0.010000,0.300000,0.300000,3.000000,-0.200000
21.816000,0.102000,1.000000,0.999382,0.220000,0.220000,0.779382,14.747243,0.011691,0.147472,-0.040837,-0.040837,0.015000,0.010000,0.300000,0.300000,3.000000,-0.200000
21.918000,0.102000,1.000000,0.999402,0.220000,0.220000,0.779402,14.826742,0.011691,0.148267,-0.040042,-0.040042,0.015000,0.010000,0.300000,0.300000,3.000000,-0.200000
22.016000,0.098000,1.000000,0.999421,0.220000,0.220000,0.779421,14.903126,0.011691,0.149031,-0.039277,-0.039277,0.015000,0.010000,0.300000,0.300000,3.000000,-0.200000
22.118000,0.102000,1.000000,0.999440,0.220000,0.220000,0.779440,14.982629,0.011692,0.149826,-0.038482,-0.038482,0.015000,0.010000,0.300000,0.300000,3.000000,-0.200000
22.211000,0.093000,1.000000,0.999457,0.220000,0.220000,0.779457,15.055119,0.011692,0.150551,-0.037757,-0.037757,0.015000,0.010000,0.300000,0.300000,3.000000,-0.200000
22.317000,0.106000,1.000000,0.999476,0.220000,0.220000,0.779476,15.137743,0.011692,0.151377,-0.036930,-0.036930,0.015000,0.010000,0.300000,0.300000,3.000000,-0.200000
22.413000,0.096000,1.000000,0.999492,0.220000,0.220000,0.779492,15.212574,0.011692,0.152126,-0.036182,-0.036182,0.015000,0.010000,0.300000,0.300000,3.000000,-0.200000
22.513000,0.100000,1.000000,0.999508,0.220000,0.220000,0.779508,15.290524,0.011693,0.152905,-0.035402,-0.035402,0.015000,0.010000,0.300000,0.300000,3.000000,-0.200000
22.613000,0.100000,1.000000,0.999524,0.220000,0.220000,0.779524,15.368477,0.011693,0.153685,-0.034622,-0.034622,0.015000,0.010000,0.300000,0.300000,3.000000,-0.200000
22.714000,0.101000,1.000000,0.999540,0.220000,0.220000,0.779540,15.447210,0.011693,0.154472,-0.033835,-0.033835,0.015000,0.010000,0.300000,0.300000,3.000000,-0.200000
22.817000,0.103000,1.000000,0.999555,0.220000,0.220000,0.779555,15.527504,0.011693,0.155275,-0.033032,-0.033032,0.015000,0.010000,0.300000,0.300000,3.000000,-0.200000
22.917000,0.100000,1.000000,0.999569,0.220000,0.220000,0.779569,15.605461,0.011694,0.156055,-0.032252,-0.032252,0.015000,0.010000,0.300000,0.300000,3.000000,-0.200000
23.012000,0.095000,1.000000,0.999583,0.220000,0.220000,0.779583,15.679522,0.011694,0.156795,-0.031511,-0.031511,0.015000,0.010000,0.300000,0.300000,3.000000,-0.200000
23.112000,0.100000,1.000000,0.999596,0.220000,0.220000,0.779596,15.757482,0.011694,0.157575,-0.030731,-0.030731,0.015000,0.010000,0.300000,0.300000,3.000000,-0.200000
23.216000,0.104000,1.000000,0.999610,0.220000,0.220000,0.779610,15.838561,0.011694,0.158386,-0.029920,-0.029920,0.015000,0.010000,0.300000,0.300000,3.000000,-0.200000
23.313000,0.097000,1.000000,0.999622,0.220000,0.220000,0.779622,15.914185,0.011694,0.159142,-0.029164,-0.029164,0.015000,0.010000,0.300000,0.300000,3.000000,-0.200000
23.412000,0.099000,1.000000,0.999634,0.220000,0.220000,0.779634,15.991368,0.011695,0.159914,-0.028392,-0.028392,0.015000,0.010000,0.300000,0.300000,3.000000,-0.200000
23.512000,0.100000,1.000000,0.999646,0.220000,0.220000,0.779646,16.069332,0.011695,0.160693,-0.027612,-0.027612,0.015000,0.010000,0.300000,0.300000,3.000000,-0.200000
23.614000,0.102000,1.000000,0.999657,0.220000,0.220000,0.779657,16.148857,0.011695,0.161489,-0.026817,-0.026817,0.015000,0.010000,0.300000,0.300000,3.000000,-0.200000
23.715000,0.101000,1.000000,0.999669,0.220000,0.220000,0.779669,16.227604,0.011695,0.162276,-0.026029,-0.026029,0.015000,0.010000,0.300000,0.300000,3.000000,-0.200000
23.821000,0.106000,1.000000,0.999680,0.220000,0.220000,0.779680,16.310249,0.011695,0.163102,-0.025202,-0.025202,0.015000,0.010000,0.300000,0.300000,3.000000,-0.200000
23.917000,0.096000,1.000000,0.999690,0.220000,0.220000,0.779690,16.385099,0.011695,0.163851,-0.024454,-0.024454,0.015000,0.010000,0.300000,0.300000,3.000000,-0.200000
24.017000,0.100000,1.000000,0.999700,0.220000,0.220000,0.779700,16.463070,0.011695,0.164631,-0.023674,-0.023674,0.015000,0.010000,0.300000,0.300000,3.000000,-0.200000
24.117000,0.100000,1.000000,0.999709,0.220000,0.220000,0.779709,16.541040,0.011696,0.165410,-0.022894,-0.022894,0.015000,0.010000,0.300000,0.300000,3.000000,-0.200000
24.217000,0.100000,1.000000,0.999719,0.220000,0.220000,0.779719,16.619013,0.011696,0.166190,-0.022114,-0.022114,0.015000,0.010000,0.300000,0.300000,3.000000,-0.200000
24.312000,0.095000,1.000000,0.999727,0.220000,0.220000,0.779727,16.693087,0.011696,0.166931,-0.021373,-0.021373,0.015000,0.010000,0.300000,0.300000,3.000000,-0.200000
24.411000,0.099000,1.000000,0.999736,0.220000,0.220000,0.779736,16.770281,0.011696,0.167703,-0.020601,-0.020601,0.015000,0.010000,0.300000,0.300000,3.000000,-0.200000
24.520000,0.109000,1.000000,0.999745,0.220000,0.220000,0.779745,16.855272,0.011696,0.168553,-0.019751,-0.019751,0.015000,0.010000,0.300000,0.300000,3.000000,-0.200000
24.618000,0.098000,1.000000,0.999753,0.220000,0.220000,0.779753,16.931688,0.011696,0.169317,-0.018987,-0.018987,0.015000,0.010000,0.300000,0.300000,3.000000,-0.200000
24.712000,0.094000,1.000000,0.999761,0.220000,0.220000,0.779761,17.004986,0.011696,0.170050,-0.018254,-0.018254,0.015000,0.010000,0.300000,0.300000,3.000000,-0.200000
24.815000,0.103000,1.000000,0.999769,0.220000,0.220000,0.779769,17.085302,0.011697,0.170853,-0.017450,-0.017450,0.015000,0.010000,0.300000,0.300000,3.000000,-0.200000
24.912000,0.097000,1.000000,0.999776,0.220000,0.220000,0.779776,17.160940,0.011697,0.171609,-0.016694,-0.016694,0.015000,0.010000,0.300000,0.300000,3.000000,-0.200000
25.017000,0.105000,1.000000,0.999784,0.220000,0.220000,0.779784,17.242817,0.011697,0.172428,-0.015875,-0.015875,0.015000,0.010000,0.300000,0.300000,3.000000,-0.200000
25.124000,0.107000,1.000000,0.999791,0.220000,0.220000,0.779791,17.326254,0.011697,0.173263,-0.015041,-0.015041,0.015000,0.010000,0.300000,0.300000,3.000000,-0.200000
25.215000,0.091000,1.000000,0.999797,0.220000,0.220000,0.779797,17.397215,0.011697,0.173972,-0.014331,-0.014331,0.015000,0.010000,0.300000,0.300000,3.000000,-0.200000
25.315000,0.100000,1.000000,0.999804,0.220000,0.220000,0.779804,17.475195,0.011697,0.174752,-0.013551,-0.013551,0.015000,0.010000,0.300000,0.300000,3.000000,-0.200000
25.412000,0.097000,1.000000,0.999810,0.220000,0.220000,0.779810,17.550837,0.011697,0.175508,-0.012794,-0.012794,0.015000,0.010000,0.300000,0.300000,3.000000,-0.200000
25.514000,0.102000,1.000000,0.999816,0.220000,0.220000,0.779816,17.630379,0.011697,0.176304,-0.011999,-0.011999,0.015000,0.010000,0.300000,0.300000,3.000000,-0.200000
25.620000,0.106000,1.000000,0.999822,0.220000,0.220000,0.779822,17.713039,0.011697,0.177130,-0.011172,-0.011172,0.015000,0.010000,0.300000,0.300000,3.000000,-0.200000
25.715000,0.095000,1.000000,0.999828,0.220000,0.220000,0.779828,17.787123,0.011697,0.177871,-0.010431,-0.010431,0.015000,0.010000,0.300000,0.300000,3.000000,-0.200000
25.813000,0.098000,1.000000,0.999833,0.220000,0.220000,0.779833,17.863546,0.011697,0.178635,-0.009667,-0.009667,0.015000,0.010000,0.300000,0.300000,3.000000,-0.200000
25.913000,0.100000,1.000000,0.999839,0.220000,0.220000,0.779839,17.941530,0.011698,0.179415,-0.008887,-0.008887,0.015000,0.010000,0.300000,0.300000,3.000000,-0.200000
26.017000,0.104000,1.000000,0.999844,0.220000,0.220000,0.779844,18.022635,0.011698,0.180226,-0.008076,-0.008076,0.015000,0.010000,0.300000,0.300000,3.000000,-0.200000
26.114000,0.097000,1.000000,0.999849,0.220000,0.220000,0.779849,18.098280,0.011698,0.180983,-0.007319,-0.007319,0.015000,0.010000,0.300000,0.300000,3.000000,-0.200000
26.217000,0.103000,1.000000,0.999854,0.220000,0.220000,0.779854,18.178604,0.011698,0.181786,-0.006516,-0.006516,0.015000,0.010000,0.300000,0.300000,3.000000,-0.200000
26.314000,0.097000,1.000000,0.999858,0.220000,0.220000,0.779858,18.254250,0.011698,0.182543,-0.005760,-0.005760,0.015000,0.010000,0.300000,0.300000,3.000000,-0.200000
26.416000,0.102000,1.000000,0.999863,0.220000,0.220000,0.779863,18.333796,0.011698,0.183338,-0.004964,-0.004964,0.015000,0.010000,0.300000,0.300000,3.000000,-0.200000
26.516000,0.100000,1.000000,0.999867,0.220000,0.220000,0.779868,18.411783,0.011698,0.184118,-0.004184,-0.004184,0.015000,0.010000,0.300000,0.300000,3.000000,-0.200000
26.616000,0.100000,1.000000,0.999872,0.220000,0.220000,0.779872,18.489771,0.011698,0.184898,-0.003404,-0.003404,0.015000,0.010000,0.300000,0.300000,3.000000,-0.200000
26.714000,0.098000,1.000000,0.999876,0.220000,0.220000,0.779876,18.566198,0.011698,0.185662,-0.002640,-0.002640,0.015000,0.010000,0.300000,0.300000,3.000000,-0.200000
26.813000,0.099000,1.000000,0.999880,0.220000,0.220000,0.779880,18.643406,0.011698,0.186434,-0.001868,-0.001868,0.015000,0.010000,0.300000,0.300000,3.000000,-0.200000
26.916000,0.103000,1.000000,0.999884,0.220000,0.220000,0.779884,18.723734,0.011698,0.187237,-0.001064,-0.001064,0.015000,0.010000,0.300000,0.300000,3.000000,-0.200000
27.017000,0.101000,1.000000,0.999888,0.220000,0.220000,0.779888,18.802502,0.011698,0.188025,-0.000277,-0.000277,0.015000,0.010000,0.300000,0.300000,3.000000,-0.200000
27.114000,0.097000,1.000000,0.999891,0.220000,0.220000,0.779891,18.878151,0.011698,0.188782,0.000480,0.000480,0.015000,0.010000,0.300000,0.300000,3.000000,-0.200000
27.212000,0.098000,1.000000,0.999895,0.220000,0.220000,0.779895,18.954580,0.011698,0.189546,0.001244,0.001244,0.015000,0.010000,0.300000,0.300000,3.000000,-0.200000
27.315000,0.103000,1.000000,0.999898,0.220000,0.220000,0.779898,19.034910,0.011698,0.190349,0.002048,0.002048,0.015000,0.010000,0.300000,0.300000,3.000000,-0.200000
27.416000,0.101000,1.000000,0.999901,0.220000,0.220000,0.779901,19.113680,0.011699,0.191137,0.002835,0.002835,0.015000,0.010000,0.300000,0.300000,3.000000,-0.200000
27.522000,0.106000,1.000000,0.999905,0.220000,0.220000,0.779905,19.196350,0.011699,0.191963,0.003662,0.003662,0.015000,0.010000,0.300000,0.300000,3.000000,-0.200000
27.624000,0.102000,1.000000,0.999908,0.220000,0.220000,0.779908,19.275900,0.011699,0.192759,0.004458,0.004458,0.015000,0.010000,0.300000,0.300000,3.000000,-0.200000
27.726000,0.102000,1.000000,0.999911,0.220000,0.220000,0.779911,19.355452,0.011699,0.193555,0.005253,0.005253,0.015000,0.010000,0.300000,0.300000,3.000000,-0.200000
27.816000,0.090000,1.000000,0.999913,0.220000,0.220000,0.779913,19.425644,0.011699,0.194256,0.005955,0.005955,0.015000,0.010000,0.300000,0.300000,3.000000,-0.200000
27.913000,0.097000,1.000000,0.999916,0.220000,0.220000,0.779916,19.501295,0.011699,0.195013,0.006712,0.006712,0.015000,0.010000,0.300000,0.300000,3.000000,-0.200000
28.013000,0.100000,1.000000,0.999919,0.220000,0.220000,0.779919,19.579287,0.011699,0.195793,0.007492,0.007492,0.015000,0.010000,0.300000,0.300000,3.000000,-0.200000
28.121000,0.108000,1.000000,0.999922,0.220000,0.220000,0.779922,19.663519,0.011699,0.196635,0.008334,0.008334,0.015000,0.010000,0.300000,0.300000,3.000000,-0.200000
28.214000,0.093000,1.000000,0.999924,0.220000,0.220000,0.779924,19.736052,0.011699,0.197361,0.009059,0.009059,0.015000,0.010000,0.300000,0.300000,3.000000,-0.200000
28.329000,0.115000,1.000000,0.999927,0.220000,0.220000,0.779927,19.825743,0.011699,0.198257,0.009956,0.009956,0.015000,0.010000,0.300000,0.300000,3.000000,-0.200000
28.413000,0.084000,1.000000,0.999929,0.220000,0.220000,0.779929,19.891256,0.011699,0.198913,0.010611,0.010611,0.015000,0.010000,0.300000,0.300000,3.000000,-0.200000
28.514000,0.101000,1.000000,0.999931,0.220000,0.220000,0.779931,19.970030,0.011699,0.199700,0.011399,0.011399,0.015000,0.010000,0.300000,0.300000,3.000000,-0.200000
28.625000,0.111000,1.000000,0.999933,0.220000,0.220000,0.779933,20.056602,0.011699,0.200566,0.012265,0.012265,0.015000,0.010000,0.300000,0.300000,3.000000,-0.200000
28.712000,0.087000,1.000000,0.999935,0.220000,0.220000,0.779935,20.124456,0.011699,0.201245,0.012944,0.012944,0.015000,0.010000,0.300000,0.300000,3.000000,-0.200000
28.813000,0.101000,1.000000,0.999938,0.220000,0.220000,0.779938,20.203230,0.011699,0.202032,0.013731,0.013731,0.015000,0.010000,0.300000,0.300000,3.000000,-0.200000
28.913000,0.100000,1.000000,0.999940,0.220000,0.220000,0.779940,20.281223,0.011699,0.202812,0.014511,0.014511,0.015000,0.010000,0.300000,0.300000,3.000000,-0.200000
29.027000,0.114000,1.000000,0.999942,0.220000,0.220000,0.779942,20.370136,0.011699,0.203701,0.015400,0.015400,0.015000,0.010000,0.300000,0.300000,3.000000,-0.200000
29.111000,0.084000,1.000000,0.999943,0.220000,0.220000,0.779943,20.435652,0.011699,0.204357,0.016056,0.016056,0.015000,0.010000,0.300000,0.300000,3.000000,-0.200000
29.227000,0.116000,1.000000,0.999945,0.220000,0.220000,0.779945,20.526125,0.011699,0.205261,0.016960,0.016960,0.015000,0.010000,0.300000,0.300000,3.000000,-0.200000
29.312000,0.085000,1.000000,0.999947,0.220000,0.220000,0.779947,20.592421,0.011699,0.205924,0.017623,0.017623,0.015000,0.010000,0.300000,0.300000,3.000000,-0.200000
29.413000,0.101000,1.000000,0.999949,0.220000,0.220000,0.779949,20.671196,0.011699,0.206712,0.018411,0.018411,0.015000,0.010000,0.300000,0.300000,3.000000,-0.200000
29.514000,0.101000,1.000000,0.999950,0.220000,0.220000,0.779950,20.749971,0.011699,0.207500,0.019199,0.019199,0.015000,0.010000,0.300000,0.300000,3.000000,-0.200000
29.612000,0.098000,1.000000,0.999952,0.220000,0.220000,0.779952,20.826406,0.011699,0.208264,0.019963,0.019963,0.015000,0.010000,0.300000,0.300000,3.000000,-0.200000
29.712000,0.100000,1.000000,0.999953,0.220000,0.220000,0.779953,20.904402,0.011699,0.209044,0.020743,0.020743,0.015000,0.010000,0.300000,0.300000,3.000000,-0.200000
29.813000,0.101000,1.000000,0.999955,0.220000,0.220000,0.779955,20.983177,0.011699,0.209832,0.021531,0.021531,0.015000,0.010000,0.300000,0.300000,3.000000,-0.200000
29.912000,0.099000,1.000000,0.999956,0.220000,0.220000,0.779956,21.060392,0.011699,0.210604,0.022303,0.022303,0.015000,0.010000,0.300000,0.300000,3.000000,-0.200000
30.012000,0.100000,1.000000,0.999958,0.220000,0.220000,0.779958,21.138388,0.011699,0.211384,0.023083,0.023083,0.015000,0.010000,0.300000,0.300000,3.000000,-0.200000
30.112000,0.100000,1.000000,0.999959,0.220000,0.220000,0.779959,21.216383,0.011699,0.212164,0.023863,0.023863,0.015000,0.010000,0.300000,0.300000,3.000000,-0.200000
30.220000,0.108000,1.000000,0.999961,0.220000,0.220000,0.779961,21.300619,0.011699,0.213006,0.024706,0.024706,0.015000,0.010000,0.300000,0.300000,3.000000,-0.200000
30.326000,0.106000,1.000000,0.999962,0.220000,0.220000,0.779962,21.383295,0.011699,0.213833,0.025532,0.025532,0.015000,0.010000,0.300000,0.300000,3.000000,-0.200000
30.410000,0.084000,1.000000,0.999963,0.220000,0.220000,0.779963,21.448812,0.011699,0.214488,0.026188,0.026188,0.015000,0.010000,0.300000,0.300000,3.000000,-0.200000
30.518000,0.108000,1.000000,0.999964,0.220000,0.220000,0.779964,21.533049,0.011699,0.215330,0.027030,0.027030,0.015000,0.010000,0.300000,0.300000,3.000000,-0.200000
30.613000,0.095000,1.000000,0.999965,0.220000,0.220000,0.779965,21.607145,0.011699,0.216071,0.027771,0.027771,0.015000,0.010000,0.300000,0.300000,3.000000,-0.200000
30.720000,0.107000,1.000000,0.999967,0.220000,0.220000,0.779966,21.690601,0.011699,0.216906,0.028606,0.028606,0.015000,0.010000,0.300000,0.300000,3.000000,-0.200000
30.812000,0.092000,1.000000,0.999968,0.220000,0.220000,0.779968,21.762358,0.011700,0.217624,0.029323,0.029323,0.015000,0.010000,0.300000,0.300000,3.000000,-0.200000
30.913000,0.101000,1.000000,0.999969,0.220000,0.220000,0.779969,21.841135,0.011700,0.218411,0.030111,0.030111,0.015000,0.010000,0.300000,0.300000,3.000000,-0.200000
31.015000,0.102000,1.000000,0.999970,0.220000,0.220000,0.779970,21.920692,0.011700,0.219207,0.030906,0.030906,0.015000,0.010000,0.300000,0.300000,3.000000,-0.200000
31.114000,0.099000,1.000000,0.999971,0.210000,0.217519,0.782452,21.998156,0.011737,0.219982,0.031718,0.031718,0.015000,0.010000,0.300000,0.300000,3.000000,-0.200000
31.213000,0.099000,1.000000,0.999971,0.200000,0.213172,0.786799,22.076048,0.011802,0.220760,0.032562,0.032562,0.015000,0.010000,0.300000,0.300000,3.000000,-0.200000
31.313000,0.100000,1.000000,0.999972,0.190000,0.207379,0.792593,22.155308,0.011889,0.221553,0.033442,0.033442,0.015000,0.010000,0.300000,0.300000,3.000000,-0.200000
31.413000,0.100000,1.000000,0.999973,0.180000,0.200534,0.799439,22.235252,0.011992,0.222353,0.034344,0.034344,0.015000,0.010000,0.300000,0.300000,3.000000,-0.200000
31.513000,0.100000,1.000000,0.999974,0.160000,0.190401,0.809573,22.316210,0.012144,0.223162,0.035306,0.035306,0.015000,0.010000,0.300000,0.300000,3.000000,-0.200000
31.614000,0.101000,1.000000,0.999975,0.200000,0.192818,0.807156,22.397732,0.012107,0.223977,0.036085,0.036085,0.015000,0.010000,0.300000,0.300000,3.000000,-0.200000
31.712000,0.098000,1.000000,0.999976,0.140000,0.179813,0.820163,22.478107,0.012302,0.224781,0.037084,0.037084,0.015000,0.010000,0.300000,0.300000,3.000000,-0.200000
31.823000,0.111000,1.000000,0.999977,-0.110000,0.101542,0.898434,22.577833,0.013477,0.225778,0.039255,0.039255,0.015000,0.010000,0.300000,0.300000,3.000000,-0.200000
31.911000,0.088000,1.000000,0.999977,-0.200000,0.033151,0.966826,22.662914,0.014502,0.226629,0.041132,0.041132,0.015000,0.010000,0.300000,0.300000,3.000000,-0.200000
32.012000,0.101000,1.000000,0.999978,-0.200000,-0.025573,1.025551,22.766495,0.015383,0.227665,0.043048,0.043048,0.015000,0.010000,0.300000,0.300000,3.000000,-0.200000
32.115000,0.103000,1.000000,0.999979,-0.200000,-0.070153,1.070132,22.876719,0.016052,0.228767,0.044819,0.044819,0.015000,0.010000,0.300000,0.300000,3.000000,-0.200000
32.213000,0.098000,1.000000,0.999979,-0.200000,-0.102126,1.102105,22.984724,0.016532,0.229847,0.046379,0.046379,0.015000,0.010000,0.300000,0.300000,3.000000,-0.200000
32.312000,0.099000,1.000000,0.999980,-0.200000,-0.126410,1.126390,23.096237,0.016896,0.230962,0.047858,0.047858,0.015000,0.010000,0.300000,0.300000,3.000000,-0.200000
32.413000,0.101000,1.000000,0.999981,-0.200000,-0.144945,1.144926,23.211874,0.017174,0.232119,0.049293,0.049293,0.015000,0.010000,0.300000,0.300000,3.000000,-0.200000
32.515000,0.102000,1.000000,0.999981,-0.200000,-0.158914,1.158896,23.330082,0.017383,0.233301,0.050684,0.050684,0.015000,0.010000,0.300000,0.300000,3.000000,-0.200000
32.611000,0.096000,1.000000,0.999982,-0.200000,-0.168875,1.168857,23.442291,0.017533,0.234423,0.051956,0.051956,0.015000,0.010000,0.300000,0.300000,3.000000,-0.200000
32.713000,0.102000,1.000000,0.999983,-0.200000,-0.176772,1.176755,23.562321,0.017651,0.235623,0.053275,0.053275,0.015000,0.010000,0.300000,0.300000,3.000000,-0.200000
32.811000,0.098000,1.000000,0.999983,-0.200000,-0.182492,1.182475,23.678204,0.017737,0.236782,0.054519,0.054519,0.015000,0.010000,0.300000,0.300000,3.000000,-0.200000
32.912000,0.101000,1.000000,0.999984,-0.200000,-0.186901,1.186885,23.798079,0.017803,0.237981,0.055784,0.055784,0.015000,0.010000,0.300000,0.300000,3.000000,-0.200000
33.013000,0.101000,1.000000,0.999984,-0.200000,-0.190201,1.190185,23.918287,0.017853,0.239183,0.057036,0.057036,0.015000,0.010000,0.300000,0.300000,3.000000,-0.200000
33.114000,0.101000,1.000000,0.999985,-0.200000,-0.192669,1.192653,24.038746,0.017890,0.240387,0.058277,0.058277,0.015000,0.010000,0.300000,0.300000,3.000000,-0.200000
33.212000,0.098000,1.000000,0.999985,-0.200000,-0.194474,1.194459,24.155804,0.017917,0.241558,0.059475,0.059475,0.015000,0.010000,0.300000,0.300000,3.000000,-0.200000
33.313000,0.101000,1.000000,0.999986,-0.200000,-0.195866,1.195851,24.276585,0.017938,0.242766,0.060704,0.060704,0.015000,0.010000,0.300000,0.300000,3.000000,-0.200000
33.413000,0.100000,1.000000,0.999986,-0.200000,-0.196899,1.196885,24.396273,0.017953,0.243963,0.061916,0.061916,0.015000,0.010000,0.300000,0.300000,3.000000,-0.200000
33.512000,0.099000,1.000000,0.999987,-0.200000,-0.197669,1.197655,24.514841,0.017965,0.245148,0.063113,0.063113,0.015000,0.010000,0.300000,0.300000,3.000000,-0.200000
33.613000,0.101000,1.000000,0.999987,-0.200000,-0.198256,1.198243,24.635864,0.017974,0.246359,0.064332,0.064332,0.015000,0.010000,0.300000,0.300000,3.000000,-0.200000
33.712000,0.099000,1.000000,0.999987,-0.200000,-0.198689,1.198676,24.754534,0.017980,0.247545,0.065525,0.065525,0.015000,0.010000,0.300000,0.300000,3.000000,-0.200000
33.811000,0.099000,1.000000,0.999988,-0.200000,-0.199014,1.199002,24.873236,0.017985,0.248732,0.066717,0.066717,0.015000,0.010000,0.300000,0.300000,3.000000,-0.200000
33.913000,0.102000,1.000000,0.999988,-0.200000,-0.199264,1.199252,24.995560,0.017989,0.249956,0.067944,0.067944,0.015000,0.010000,0.300000,0.300000,3.000000,-0.200000
34.013000,0.100000,1.000000,0.999989,-0.200000,-0.199448,1.199437,25.115503,0.017992,0.251155,0.069147,0.069147,0.015000,0.010000,0.300000,0.300000,3.000000,-0.200000
34.111000,0.098000,1.000000,0.999989,-0.200000,-0.199584,1.199573,25.233061,0.017994,0.252331,0.070324,0.070324,0.015000,0.010000,0.300000,0.300000,3.000000,-0.200000
34.212000,0.101000,1.000000,0.999989,-0.200000,-0.199689,1.199678,25.354229,0.017995,0.253542,0.071537,0.071537,0.015000,0.010000,0.300000,0.300000,3.000000,-0.200000
34.311000,0.099000,1.000000,0.999990,-0.200000,-0.199766,1.199756,25.473005,0.017996,0.254730,0.072726,0.072726,0.015000,0.010000,0.300000,0.300000,3.000000,-0.200000
34.411000,0.100000,1.000000,0.999990,-0.200000,-0.199825,1.199814,25.592987,0.017997,0.255930,0.073927,0.073927,0.015000,0.010000,0.300000,0.300000,3.000000,-0.200000
34.512000,0.101000,1.000000,0.999990,-0.200000,-0.199869,1.199859,25.714172,0.017998,0.257142,0.075140,0.075140,0.015000,0.010000,0.300000,0.300000,3.000000,-0.200000
34.612000,0.100000,1.000000,0.999990,-0.200000,-0.199902,1.199892,25.834162,0.017998,0.258342,0.076340,0.076340,0.015000,0.010000,0.300000,0.300000,3.000000,-0.200000
34.711000,0.099000,1.000000,0.999991,-0.200000,-0.199926,1.199917,25.952953,0.017999,0.259530,0.077528,0.077528,0.015000,0.010000,0.300000,0.300000,3.000000,-0.200000
34.812000,0.101000,1.000000,0.999991,-0.200000,-0.199945,1.199936,26.074146,0.017999,0.260741,0.078740,0.078740,0.015000,0.010000,0.300000,0.300000,3.000000,-0.200000
34.912000,0.100000,1.000000,0.999991,-0.200000,-0.199958,1.199950,26.194141,0.017999,0.261941,0.079941,0.079941,0.015000,0.010000,0.300000,0.300000,3.000000,-0.200000
35.012000,0.100000,1.000000,0.999992,-0.200000,-0.199969,1.199960,26.314137,0.017999,0.263141,0.081141,0.081141,0.015000,0.010000,0.300000,0.300000,3.000000,-0.200000
35.112000,0.100000,1.000000,0.999992,-0.200000,-0.199977,1.199969,26.434134,0.018000,0.264341,0.082341,0.082341,0.015000,0.010000,0.300000,0.300000,3.000000,-0.200000
35.214000,0.102000,1.000000,0.999992,-0.200000,-0.199983,1.199975,26.556530,0.018000,0.265565,0.083565,0.083565,0.015000,0.010000,0.300000,0.300000,3.000000,-0.200000
35.314000,0.100000,1.000000,0.999992,-0.200000,-0.199987,1.199979,26.676527,0.018000,0.266765,0.084765,0.084765,0.015000,0.010000,0.300000,0.300000,3.000000,-0.200000
35.414000,0.100000,1.000000,0.999993,-0.200000,-0.199990,1.199983,26.796526,0.018000,0.267965,0.085965,0.085965,0.015000,0.010000,0.300000,0.300000,3.000000,-0.200000
35.514000,0.100000,1.000000,0.999993,-0.200000,-0.199993,1.199986,26.916525,0.018000,0.269165,0.087165,0.087165,0.015000,0.010000,0.300000,0.300000,3.000000,-0.200000
35.612000,0.098000,1.000000,0.999993,-0.200000,-0.199994,1.199988,27.034124,0.018000,0.270341,0.088341,0.088341,0.015000,0.010000,0.300000,0.300000,3.000000,-0.200000
35.713000,0.101000,1.000000,0.999993,-0.200000,-0.199996,1.199989,27.155323,0.018000,0.271553,0.089553,0.089553,0.015000,0.010000,0.300000,0.300000,3.000000,-0.200000
35.813000,0.100000,1.000000,0.999994,-0.200000,-0.199997,1.199990,27.275322,0.018000,0.272753,0.090753,0.090753,0.015000,0.010000,0.300000,0.300000,3.000000,-0.200000
35.913000,0.100000,1.000000,0.999994,-0.200000,-0.199998,1.199991,27.395321,0.018000,0.273953,0.091953,0.091953,0.015000,0.010000,0.300000,0.300000,3.000000,-0.200000
36.013000,0.100000,1.000000,0.999994,-0.200000,-0.199998,1.199992,27.515320,0.018000,0.275153,0.093153,0.093153,0.015000,0.010000,0.300000,0.300000,3.000000,-0.200000
36.114000,0.101000,1.000000,0.999994,-0.200000,-0.199999,1.199993,27.636518,0.018000,0.276365,0.094365,0.094365,0.015000,0.010000,0.300000,0.300000,3.000000,-0.200000
36.213000,0.099000,1.000000,0.999994,-0.200000,-0.199999,1.199993,27.755318,0.018000,0.277553,0.095553,0.095553,0.015000,0.010000,0.300000,0.300000,3.000000,-0.200000
36.313000,0.100000,1.000000,0.999994,-0.200000,-0.199999,1.199994,27.875317,0.018000,0.278753,0.096753,0.096753,0.015000,0.010000,0.300000,0.300000,3.000000,-0.200000
36.412000,0.099000,1.000000,0.999995,-0.200000,-0.199999,1.199994,27.994116,0.018000,0.279941,0.097941,0.097941,0.015000,0.010000,0.300000,0.300000,3.000000,-0.200000
36.517000,0.105000,1.000000,0.999995,-0.200000,-0.200000,1.199994,28.120115,0.018000,0.281201,0.099201,0.099201,0.015000,0.010000,0.300000,0.300000,3.000000,-0.200000
36.613000,0.096000,1.000000,0.999995,-0.200000,-0.200000,1.199995,28.235315,0.018000,0.282353,0.100353,0.100000,0.015000,0.010000,0.300000,0.300000,3.000000,-0.200000
36.714000,0.101000,1.000000,0.999995,-0.200000,-0.200000,1.199995,28.356514,0.018000,0.283565,0.101565,0.100000,0.015000,0.010000,0.300000,0.300000,3.000000,-0.200000
36.812000,0.098000,1.000000,0.999995,-0.200000,-0.200000,1.199995,28.474113,0.018000,0.284741,0.102741,0.100000,0.015000,0.010000,0.300000,0.300000,3.000000,-0.200000
36.922000,0.110000,1.000000,0.999995,-0.200000,-0.200000,1.199995,28.606113,0.018000,0.286061,0.104061,0.100000,0.015000,0.010000,0.300000,0.300000,3.000000,-0.200000
37.011000,0.089000,1.000000,0.999996,-0.200000,-0.200000,1.199996,28.712914,0.018000,0.287129,0.105129,0.100000,0.015000,0.010000,0.300000,0.300000,3.000000,-0.200000
37.112000,0.101000,1.000000,0.999996,-0.200000,-0.200000,1.199996,28.834114,0.018000,0.288341,0.106341,0.100000,0.015000,0.010000,0.300000,0.300000,3.000000,-0.200000
37.213000,0.101000,1.000000,0.999996,-0.200000,-0.200000,1.199996,28.955313,0.018000,0.289553,0.107553,0.100000,0.015000,0.010000,0.300000,0.300000,3.000000,-0.200000
37.312000,0.099000,1.000000,0.999996,-0.200000,-0.200000,1.199996,29.074112,0.018000,0.290741,0.108741,0.100000,0.015000,0.010000,0.300000,0.300000,3.000000,-0.200000
37.411000,0.099000,1.000000,0.999996,-0.200000,-0.200000,1.199996,29.192911,0.018000,0.291929,0.109929,0.100000,0.015000,0.010000,0.300000,0.300000,3.000000,-0.200000
37.515000,0.104000,1.000000,0.999996,-0.200000,-0.200000,1.199996,29.317711,0.018000,0.293177,0.111177,0.100000,0.015000,0.010000,0.300000,0.300000,3.000000,-0.200000
