0.027000,0.027000,1.000000,0.217047,0.210000,0.210000,0.007047,0.000190,0.001762,0.000000,-0.198238,-0.198238,0.250000,0.000000,0.300000,0.300000,3.000000,-0.200000
0.126000,0.099000,1.000000,0.242059,0.210000,0.210000,0.032059,0.003364,0.008015,0.000000,-0.191985,-0.191985,0.250000,0.000000,0.300000,0.300000,3.000000,-0.200000
0.225000,0.099000,1.000000,0.266272,0.210000,0.210000,0.056272,0.008935,0.014068,0.000000,-0.185932,-0.185932,0.250000,0.000000,0.300000,0.300000,3.000000,-0.200000
0.337000,0.112000,1.000000,0.292678,0.210000,0.210000,0.082678,0.018195,0.020670,0.000000,-0.179330,-0.179330,0.250000,0.000000,0.300000,0.300000,3.000000,-0.200000
0.447000,0.110000,1.000000,0.317696,0.210000,0.210000,0.107696,0.030042,0.026924,0.000000,-0.173076,-0.173076,0.250000,0.000000,0.300000,0.300000,3.000000,-0.200000
0.524000,0.077000,1.000000,0.334770,0.210000,0.210000,0.124770,0.039649,0.031193,0.000000,-0.168807,-0.168807,0.250000,0.000000,0.300000,0.300000,3.000000,-0.200000
0.625000,0.101000,1.000000,0.356437,0.210000,0.210000,0.146437,0.054439,0.036609,0.000000,-0.163391,-0.163391,0.250000,0.000000,0.300000,0.300000,3.000000,-0.200000
0.727000,0.102000,1.000000,0.377599,0.210000,0.210000,0.167599,0.071534,0.041900,0.000000,-0.158100,-0.158100,0.250000,0.000000,0.300000,0.300000,3.000000,-0.200000
0.824000,0.097000,1.000000,0.397093,0.210000,0.210000,0.187093,0.089682,0.046773,0.000000,-0.153227,-0.153227,0.250000,0.000000,0.300000,0.300000,3.000000,-0.200000
0.924000,0.100000,1.000000,0.416541,0.210000,0.210000,0.206541,0.110336,0.051635,0.000000,-0.148365,-0.148365,0.250000,0.000000,0.300000,0.300000,3.000000,-0.200000
1.023000,0.099000,1.000000,0.435180,0.210000,0.210000,0.225180,0.132629,0.056295,0.000000,-0.143705,-0.143705,0.250000,0.000000,0.300000,0.300000,3.000000,-0.200000
1.124000,0.101000,1.000000,0.453577,0.210000,0.210000,0.243577,0.157230,0.060894,0.000000,-0.139106,-0.139106,0.250000,0.000000,0.300000,0.300000,3.000000,-0.200000
1.223000,0.099000,1.000000,0.471033,0.210000,0.210000,0.261033,0.183072,0.065258,0.000000,-0.134742,-0.134742,0.250000,0.000000,0.300000,0.300000,3.000000,-0.200000
1.324000,0.101000,1.000000,0.488261,0.210000,0.210000,0.278261,0.211177,0.069565,0.000000,-0.130435,-0.130435,0.250000,0.000000,0.300000,0.300000,3.000000,-0.200000
1.424000,0.100000,1.000000,0.504769,0.210000,0.210000,0.294769,0.240654,0.073692,0.000000,-0.126308,-0.126308,0.250000,0.000000,0.300000,0.300000,3.000000,-0.200000
1.522000,0.098000,1.000000,0.520435,0.210000,0.210000,0.310435,0.271076,0.077609,0.000000,-0.122391,-0.122391,0.250000,0.000000,0.300000,0.300000,3.000000,-0.200000
1.635000,0.113000,1.000000,0.537843,0.210000,0.210000,0.327843,0.308123,0.081961,0.000000,-0.118039,-0.118039,0.250000,0.000000,0.300000,0.300000,3.000000,-0.200000
1.724000,0.089000,1.000000,0.551158,0.210000,0.210000,0.341158,0.338486,0.085290,0.000000,-0.114710,-0.114710,0.250000,0.000000,0.300000,0.300000,3.000000,-0.200000
1.826000,0.102000,1.000000,0.565917,0.210000,0.210000,0.355917,0.374789,0.088979,0.000000,-0.111021,-0.111021,0.250000,0.000000,0.300000,0.300000,3.000000,-0.200000
1.939000,0.113000,1.000000,0.581674,0.210000,0.210000,0.371674,0.416788,0.092918,0.000000,-0.107082,-0.107082,0.250000,0.000000,0.300000,0.300000,3.000000,-0.200000
2.023000,0.084000,1.000000,0.593068,0.210000,0.210000,0.383068,0.448966,0.095767,0.000000,-0.104233,-0.104233,0.250000,0.000000,0.300000,0.300000,3.000000,-0.200000
2.124000,0.101000,1.000000,0.606322,0.210000,0.210000,0.396322,0.488995,0.099080,0.000000,-0.100920,-0.100920,0.250000,0.000000,0.300000,0.300000,3.000000,-0.200000
2.243000,0.119000,1.000000,0.621342,0.210000,0.210000,0.411342,0.537944,0.102836,0.000000,-0.097164,-0.097164,0.250000,0.000000,0.300000,0.300000,3.000000,-0.200000
2.329000,0.086000,1.000000,0.631894,0.210000,0.210000,0.421894,0.574227,0.105474,0.000000,-0.094526,-0.094526,0.250000,0.000000,0.300000,0.300000,3.000000,-0.200000
2.426000,0.097000,1.000000,0.643424,0.210000,0.210000,0.433424,0.616269,0.108356,0.000000,-0.091644,-0.091644,0.250000,0.000000,0.300000,0.300000,3.000000,-0.200000
2.541000,0.115000,1.000000,0.656588,0.210000,0.210000,0.446588,0.667627,0.111647,0.000000,-0.088353,-0.088353,0.250000,0.000000,0.300000,0.300000,3.000000,-0.200000
2.640000,0.099000,1.000000,0.667558,0.210000,0.210000,0.457558,0.712925,0.114390,0.000000,-0.085610,-0.085610,0.250000,0.000000,0.300000,0.300000,3.000000,-0.200000
2.726000,0.086000,1.000000,0.676823,0.210000,0.210000,0.466823,0.753072,0.116706,0.000000,-0.083294,-0.083294,0.250000,0.000000,0.300000,0.300000,3.000000,-0.200000
2.827000,0.101000,1.000000,0.687349,0.210000,0.210000,0.477349,0.801284,0.119337,0.000000,-0.080663,-0.080663,0.250000,0.000000,0.300000,0.300000,3.000000,-0.200000
2.931000,0.104000,1.000000,0.697824,0.210000,0.210000,0.487824,0.852018,0.121956,0.000000,-0.078044,-0.078044,0.250000,0.000000,0.300000,0.300000,3.000000,-0.200000
3.030000,0.099000,1.000000,0.707477,0.210000,0.210000,0.497477,0.901268,0.124369,0.000000,-0.075631,-0.075631,0.250000,0.000000,0.300000,0.300000,3.000000,-0.200000
3.128000,0.098000,1.000000,0.716731,0.210000,0.210000,0.506731,0.950928,0.126683,0.000000,-0.073317,-0.073317,0.250000,0.000000,0.300000,0.300000,3.000000,-0.200000
3.224000,0.096000,1.000000,0.725514,0.210000,0.210000,0.515514,1.000417,0.128879,0.000000,-0.071121,-0.071121,0.250000,0.000000,0.300000,0.300000,3.000000,-0.200000
3.324000,0.100000,1.000000,0.734369,0.210000,0.210000,0.524369,1.052854,0.131092,0.000000,-0.068908,-0.068908,0.250000,0.000000,0.300000,0.300000,3.000000,-0.200000
3.424000,0.100000,1.000000,0.742937,0.210000,0.210000,0.532937,1.106148,0.133234,0.000000,-0.066766,-0.066766,0.250000,0.000000,0.300000,0.300000,3.000000,-0.200000
3.524000,0.100000,1.000000,0.751230,0.210000,0.210000,0.541230,1.160271,0.135307,0.000000,-0.064693,-0.064693,0.250000,0.000000,0.300000,0.300000,3.000000,-0.200000
3.638000,0.114000,1.000000,0.760337,0.210000,0.210000,0.550337,1.223009,0.137584,0.000000,-0.062416,-0.062416,0.250000,0.000000,0.300000,0.300000,3.000000,-0.200000
3.724000,0.086000,1.000000,0.767016,0.210000,0.210000,0.557016,1.270912,0.139254,0.000000,-0.060746,-0.060746,0.250000,0.000000,0.300000,0.300000,3.000000,-0.200000
3.824000,0.100000,1.000000,0.774531,0.210000,0.210000,0.564531,1.327365,0.141133,0.000000,-0.058867,-0.058867,0.250000,0.000000,0.300000,0.300000,3.000000,-0.200000
3.926000,0.102000,1.000000,0.781945,0.210000,0.210000,0.571945,1.385704,0.142986,0.000000,-0.057014,-0.057014,0.250000,0.000000,0.300000,0.300000,3.000000,-0.200000
4.026000,0.100000,1.000000,0.788979,0.210000,0.210000,0.578979,1.443602,0.144745,0.000000,-0.055255,-0.055255,0.250000,0.000000,0.300000,0.300000,3.000000,-0.200000
4.127000,0.101000,1.000000,0.795852,0.210000,0.210000,0.585852,1.502773,0.146463,0.000000,-0.053537,-0.053537,0.250000,0.000000,0.300000,0.300000,3.000000,-0.200000
4.224000,0.097000,1.000000,0.802246,0.230000,0.214887,0.587360,1.559747,0.146840,0.000000,-0.053160,-0.053160,0.250000,0.000000,0.300000,0.300000,3.000000,-0.200000
4.324000,0.100000,1.000000,0.808625,0.310000,0.238665,0.569960,1.616743,0.142490,0.000000,-0.057510,-0.057510,0.250000,0.000000,0.300000,0.300000,3.000000,-0.200000
4.428000,0.104000,1.000000,0.815037,0.350000,0.267325,0.547712,1.673705,0.136928,0.000000,-0.063072,-0.063072,0.250000,0.000000,0.300000,0.300000,3.000000,-0.200000
4.538000,0.110000,1.000000,0.821580,0.420000,0.308287,0.513293,1.730167,0.128323,0.000000,-0.071677,-0.071677,0.250000,0.000000,0.300000,0.300000,3.000000,-0.200000
4.625000,0.087000,1.000000,0.826608,0.490000,0.349137,0.477471,1.771707,0.119368,0.000000,-0.080632,-0.080632,0.250000,0.000000,0.300000,0.300000,3.000000,-0.200000
4.745000,0.120000,1.000000,0.833277,0.550000,0.406527,0.426750,1.822917,0.106688,0.000000,-0.093312,-0.093312,0.250000,0.000000,0.300000,0.300000,3.000000,-0.200000
4.827000,0.082000,1.000000,0.837713,0.630000,0.454497,0.383215,1.854341,0.095804,0.000000,-0.104196,-0.104196,0.250000,0.000000,0.300000,0.300000,3.000000,-0.200000
4.928000,0.101000,1.000000,0.842998,0.710000,0.518851,0.324148,1.887080,0.081037,0.000000,-0.118963,-0.118963,0.250000,0.000000,0.300000,0.300000,3.000000,-0.200000
5.026000,0.098000,1.000000,0.847965,0.820000,0.593003,0.254962,1.912066,0.063740,0.000000,-0.136260,-0.136260,0.250000,0.000000,0.300000,0.300000,3.000000,-0.200000
5.127000,0.101000,1.000000,0.852917,0.920000,0.675364,0.177553,1.929999,0.044388,0.000000,-0.155612,-0.155612,0.250000,0.000000,0.300000,0.300000,3.000000,-0.200000
5.226000,0.099000,1.000000,0.857615,1.040000,0.765838,0.091778,1.939085,0.022944,0.000000,-0.177056,-0.177056,0.250000,0.000000,0.300000,0.300000,3.000000,-0.200000
5.333000,0.107000,1.000000,0.862519,1.210000,0.882608,-0.020089,1.936935,-0.005022,0.000000,-0.205022,-0.205022,0.250000,0.000000,0.300000,0.300000,3.000000,-0.200000
5.431000,0.098000,1.000000,0.866868,1.260000,0.975533,-0.108665,1.926286,-0.027166,0.000000,-0.227166,-0.227166,0.250000,0.000000,0.300000,0.300000,3.000000,-0.200000
5.524000,0.093000,1.000000,0.870871,1.330000,1.059415,-0.188544,1.908751,-0.047136,0.000000,-0.247136,-0.247136,0.250000,0.000000,0.300000,0.300000,3.000000,-0.200000
5.639000,0.115000,1.000000,0.875638,1.350000,1.139938,-0.264300,1.878357,-0.066075,0.000000,-0.266075,-0.266075,0.250000,0.000000,0.300000,0.300000,3.000000,-0.200000
5.731000,0.092000,1.000000,0.879339,1.350000,1.189239,-0.309900,1.849846,-0.077475,0.000000,-0.277475,-0.277475,0.250000,0.000000,0.300000,0.300000,3.000000,-0.200000
5.831000,0.100000,1.000000,0.883231,1.390000,1.239429,-0.356198,1.814226,-0.089050,0.000000,-0.289050,-0.289050,0.250000,0.000000,0.300000,0.300000,3.000000,-0.200000
5.935000,0.104000,1.000000,0.887143,1.760000,1.373437,-0.486294,1.763652,-0.121574,0.000000,-0.321574,-0.321574,0.250000,0.000000,0.300000,0.300000,3.000000,-0.200000
6.032000,0.097000,1.000000,0.890678,1.770000,1.470331,-0.579653,1.707425,-0.144913,0.000000,-0.344913,-0.344913,0.250000,0.000000,0.300000,0.300000,3.000000,-0.200000
6.132000,0.100000,1.000000,0.894204,1.690000,1.525248,-0.631043,1.644321,-0.157761,0.000000,-0.357761,-0.357761,0.250000,0.000000,0.300000,0.300000,3.000000,-0.200000
6.238000,0.106000,1.000000,0.897815,1.570000,1.536932,-0.639117,1.576575,-0.159779,0.000000,-0.359779,-0.359779,0.250000,0.000000,0.300000,0.300000,3.000000,-0.200000
6.338000,0.100000,1.000000,0.901111,1.430000,1.510199,-0.609088,1.515666,-0.152272,0.000000,-0.352272,-0.352272,0.250000,0.000000,0.300000,0.300000,3.000000,-0.200000
6.438000,0.100000,1.000000,0.904301,1.310000,1.460149,-0.555848,1.460081,-0.138962,0.000000,-0.338962,-0.338962,0.250000,0.000000,0.300000,0.300000,3.000000,-0.200000
6.530000,0.092000,1.000000,0.907149,1.200000,1.399094,-0.491945,1.414822,-0.122986,0.000000,-0.322986,-0.322986,0.250000,0.000000,0.300000,0.300000,3.000000,-0.200000
6.643000,0.113000,1.000000,0.910519,1.270000,1.363773,-0.453254,1.363605,-0.113313,0.000000,-0.313313,-0.313313,0.250000,0.000000,0.300000,0.300000,3.000000,-0.200000
6.739000,0.096000,1.000000,0.913294,1.290000,1.345888,-0.432595,1.322075,-0.108149,0.000000,-0.308149,-0.308149,0.250000,0.000000,0.300000,0.300000,3.000000,-0.200000
6.843000,0.104000,1.000000,0.916199,1.220000,1.313481,-0.397283,1.280758,-0.099321,0.000000,-0.299321,-0.299321,0.250000,0.000000,0.300000,0.300000,3.000000,-0.200000
6.941000,0.098000,1.000000,0.918850,1.230000,1.292926,-0.374076,1.244099,-0.093519,0.000000,-0.293519,-0.293519,0.250000,0.000000,0.300000,0.300000,3.000000,-0.200000
7.039000,0.098000,1.000000,0.921417,1.260000,1.284818,-0.363402,1.208485,-0.090850,0.000000,-0.290850,-0.290850,0.250000,0.000000,0.300000,0.300000,3.000000,-0.200000
7.142000,0.103000,1.000000,0.924025,1.280000,1.283587,-0.359562,1.171450,-0.089890,0.000000,-0.289890,-0.289890,0.250000,0.000000,0.300000,0.300000,3.000000,-0.200000
7.243000,0.101000,1.000000,0.926500,1.300000,1.287721,-0.361221,1.134967,-0.090305,0.000000,-0.290305,-0.290305,0.250000,0.000000,0.300000,0.300000,3.000000,-0.200000
7.331000,0.088000,1.000000,0.928594,1.310000,1.292774,-0.364179,1.102919,-0.091045,0.000000,-0.291045,-0.291045,0.250000,0.000000,0.300000,0.300000,3.000000,-0.200000
7.432000,0.101000,1.000000,0.930920,1.310000,1.297113,-0.366192,1.065934,-0.091548,0.000000,-0.291548,-0.291548,0.250000,0.000000,0.300000,0.300000,3.000000,-0.200000
7.539000,0.107000,1.000000,0.933299,1.290000,1.295243,-0.361943,1.027206,-0.090486,0.000000,-0.290486,-0.290486,0.250000,0.000000,0.300000,0.300000,3.000000,-0.200000
7.643000,0.104000,1.000000,0.935534,1.240000,1.281022,-0.345488,0.991275,-0.086372,0.000000,-0.286372,-0.286372,0.250000,0.000000,0.300000,0.300000,3.000000,-0.200000
7.742000,0.099000,1.000000,0.937593,1.120000,1.241069,-0.303476,0.961231,-0.075869,0.000000,-0.275869,-0.275869,0.250000,0.000000,0.300000,0.300000,3.000000,-0.200000
7.844000,0.102000,1.000000,0.939645,1.070000,1.197664,-0.258018,0.934913,-0.064505,0.000000,-0.264505,-0.264505,0.250000,0.000000,0.300000,0.300000,3.000000,-0.200000
7.939000,0.095000,1.000000,0.941498,0.850000,1.114048,-0.172550,0.918521,-0.043138,0.000000,-0.243138,-0.243138,0.250000,0.000000,0.300000,0.300000,3.000000,-0.200000
8.025000,0.086000,1.000000,0.943128,0.680000,1.017343,-0.074215,0.912138,-0.018554,0.000000,-0.218554,-0.218554,0.250000,0.000000,0.300000,0.300000,3.000000,-0.200000
8.128000,0.103000,1.000000,0.945016,0.550000,0.897898,0.047118,0.916992,0.011780,0.000000,-0.188221,-0.188221,0.250000,0.000000,0.300000,0.300000,3.000000,-0.200000
8.228000,0.100000,1.000000,0.946790,0.370000,0.765924,0.180866,0.935078,0.045217,0.000000,-0.154783,-0.154783,0.250000,0.000000,0.300000,0.300000,3.000000,-0.200000
8.325000,0.097000,1.000000,0.948456,0.240000,0.637423,0.311033,0.965248,0.077758,0.000000,-0.122242,-0.122242,0.250000,0.000000,0.300000,0.300000,3.000000,-0.200000
8.427000,0.102000,1.000000,0.950151,0.280000,0.546734,0.403417,1.006397,0.100854,0.000000,-0.099146,-0.099146,0.250000,0.000000,0.300000,0.300000,3.000000,-0.200000
8.526000,0.099000,1.000000,0.951744,0.400000,0.510326,0.441418,1.050097,0.110354,0.000000,-0.089646,-0.089646,0.250000,0.000000,0.300000,0.300000,3.000000,-0.200000
8.625000,0.099000,1.000000,0.953285,0.480000,0.502802,0.450484,1.094695,0.112621,0.000000,-0.087379,-0.087379,0.250000,0.000000,0.300000,0.300000,3.000000,-0.200000
8.727000,0.102000,1.000000,0.954821,0.540000,0.512240,0.442581,1.139838,0.110645,0.000000,-0.089355,-0.089355,0.250000,0.000000,0.300000,0.300000,3.000000,-0.200000
8.839000,0.112000,1.000000,0.956447,0.600000,0.536097,0.420350,1.186918,0.105088,0.000000,-0.094912,-0.094912,0.250000,0.000000,0.300000,0.300000,3.000000,-0.200000
8.923000,0.084000,1.000000,0.957633,0.590000,0.547888,0.409745,1.221336,0.102436,0.000000,-0.097564,-0.097564,0.250000,0.000000,0.300000,0.300000,3.000000,-0.200000
9.024000,0.101000,1.000000,0.959013,0.540000,0.545902,0.413112,1.263061,0.103278,0.000000,-0.096722,-0.096722,0.250000,0.000000,0.300000,0.300000,3.000000,-0.200000
9.126000,0.102000,1.000000,0.960361,0.460000,0.524106,0.436256,1.307559,0.109064,0.000000,-0.090936,-0.090936,0.250000,0.000000,0.300000,0.300000,3.000000,-0.200000
9.225000,0.099000,1.000000,0.961627,0.360000,0.483388,0.478240,1.354904,0.119560,0.000000,-0.080440,-0.080440,0.250000,0.000000,0.300000,0.300000,3.000000,-0.200000
9.345000,0.120000,1.000000,0.963103,0.300000,0.430991,0.532112,1.418758,0.133028,0.000000,-0.066972,-0.066972,0.250000,0.000000,0.300000,0.300000,3.000000,-0.200000
9.424000,0.079000,1.000000,0.964050,0.160000,0.374505,0.589545,1.465332,0.147386,0.000000,-0.052614,-0.052614,0.250000,0.000000,0.300000,0.300000,3.000000,-0.200000
9.529000,0.105000,1.000000,0.965266,0.090000,0.300744,0.664521,1.535107,0.166130,0.000000,-0.033870,-0.033870,0.250000,0.000000,0.300000,0.300000,3.000000,-0.200000
9.623000,0.094000,1.000000,0.966321,0.080000,0.248080,0.718241,1.602621,0.179560,0.000000,-0.020440,-0.020440,0.250000,0.000000,0.300000,0.300000,3.000000,-0.200000
9.723000,0.100000,1.000000,0.967407,0.130000,0.218560,0.748848,1.677506,0.187212,0.000000,-0.012788,-0.012788,0.250000,0.000000,0.300000,0.300000,3.000000,-0.200000
9.826000,0.103000,1.000000,0.968489,0.120000,0.193369,0.775120,1.757344,0.193780,0.000000,-0.006220,-0.006220,0.250000,0.000000,0.300000,0.300000,3.000000,-0.200000
9.923000,0.097000,1.000000,0.969476,0.160000,0.185216,0.784260,1.833417,0.196065,0.000000,-0.003935,-0.003935,0.250000,0.000000,0.300000,0.300000,3.000000,-0.200000
10.029000,0.106000,1.000000,0.970518,0.190000,0.186465,0.784053,1.916526,0.196013,0.000000,-0.003987,-0.003987,0.250000,0.000000,0.300000,0.300000,3.000000,-0.200000
10.124000,0.095000,1.000000,0.971423,0.200000,0.189720,0.781702,1.990788,0.195426,0.000000,-0.004574,-0.004574,0.250000,0.000000,0.300000,0.300000,3.000000,-0.200000
10.242000,0.118000,1.000000,0.972504,0.200000,0.192622,0.779882,2.082814,0.194971,0.000000,-0.005029,-0.005029,0.250000,0.000000,0.300000,0.300000,3.000000,-0.200000
10.328000,0.086000,1.000000,0.973271,0.200000,0.194266,0.779005,2.149809,0.194751,0.000000,-0.005249,-0.005249,0.250000,0.000000,0.300000,0.300000,3.000000,-0.200000
10.429000,0.101000,1.000000,0.974141,0.200000,0.195710,0.778431,2.228430,0.194608,0.000000,-0.005392,-0.005392,0.250000,0.000000,0.300000,0.300000,3.000000,-0.200000
10.526000,0.097000,1.000000,0.974951,0.200000,0.196758,0.778193,2.303915,0.194548,0.000000,-0.005452,-0.005452,0.250000,0.000000,0.300000,0.300000,3.000000,-0.200000
10.636000,0.110000,1.000000,0.975837,0.200000,0.197628,0.778209,2.389518,0.194552,0.000000,-0.005448,-0.005448,0.250000,0.000000,0.300000,0.300000,3.000000,-0.200000
10.742000,0.106000,1.000000,0.976662,0.200000,0.198247,0.778414,2.472030,0.194604,0.000000,-0.005396,-0.005396,0.250000,0.000000,0.300000,0.300000,3.000000,-0.200000
10.840000,0.098000,1.000000,0.977400,0.200000,0.198679,0.778721,2.548345,0.194680,0.000000,-0.005320,-0.005320,0.250000,0.000000,0.300000,0.300000,3.000000,-0.200000
10.939000,0.099000,1.000000,0.978122,0.200000,0.199007,0.779115,2.625477,0.194779,0.000000,-0.005221,-0.005221,0.250000,0.000000,0.300000,0.300000,3.000000,-0.200000
11.044000,0.105000,1.000000,0.978862,0.200000,0.199264,0.779598,2.707335,0.194899,0.000000,-0.005101,-0.005101,0.250000,0.000000,0.300000,0.300000,3.000000,-0.200000
11.142000,0.098000,1.000000,0.979530,0.200000,0.199445,0.780085,2.783783,0.195021,0.000000,-0.004979,-0.004979,0.250000,0.000000,0.300000,0.300000,3.000000,-0.200000
11.241000,0.099000,1.000000,0.980184,0.200000,0.199583,0.780601,2.861063,0.195150,0.000000,-0.004850,-0.004850,0.250000,0.000000,0.300000,0.300000,3.000000,-0.200000
11.340000,0.099000,1.000000,0.980817,0.200000,0.199686,0.781131,2.938395,0.195283,0.000000,-0.004717,-0.004717,0.250000,0.000000,0.300000,0.300000,3.000000,-0.200000
11.431000,0.091000,1.000000,0.981382,0.200000,0.199759,0.781623,3.009522,0.195406,0.000000,-0.004594,-0.004594,0.250000,0.000000,0.300000,0.300000,3.000000,-0.200000
11.545000,0.114000,1.000000,0.982064,0.200000,0.199826,0.782238,3.098697,0.195559,0.000000,-0.004441,-0.004441,0.250000,0.000000,0.300000,0.300000,3.000000,-0.200000
11.645000,0.100000,1.000000,0.982642,0.200000,0.199869,0.782773,3.176975,0.195693,0.000000,-0.004307,-0.004307,0.250000,0.000000,0.300000,0.300000,3.000000,-0.200000
11.736000,0.091000,1.000000,0.983153,0.200000,0.199900,0.783254,3.248251,0.195813,0.000000,-0.004187,-0.004187,0.250000,0.000000,0.300000,0.300000,3.000000,-0.200000
11.825000,0.089000,1.000000,0.983639,0.200000,0.199923,0.783716,3.318002,0.195929,0.000000,-0.004071,-0.004071,0.250000,0.000000,0.300000,0.300000,3.000000,-0.200000
11.940000,0.115000,1.000000,0.984243,0.200000,0.199944,0.784299,3.408196,0.196075,0.000000,-0.003925,-0.003925,0.250000,0.000000,0.300000,0.300000,3.000000,-0.200000
12.041000,0.101000,1.000000,0.984756,0.200000,0.199958,0.784798,3.487461,0.196199,0.000000,-0.003801,-0.003801,0.250000,0.000000,0.300000,0.300000,3.000000,-0.200000
12.129000,0.088000,1.000000,0.985190,0.200000,0.199968,0.785223,3.556560,0.196306,0.000000,-0.003694,-0.003694,0.250000,0.000000,0.300000,0.300000,3.000000,-0.200000
12.228000,0.099000,1.000000,0.985663,0.200000,0.199976,0.785688,3.634343,0.196422,0.000000,-0.003578,-0.003578,0.250000,0.000000,0.300000,0.300000,3.000000,-0.200000
12.340000,0.112000,1.000000,0.986179,0.200000,0.199982,0.786197,3.722398,0.196549,0.000000,-0.003451,-0.003451,0.250000,0.000000,0.300000,0.300000,3.000000,-0.200000
12.427000,0.087000,1.000000,0.986569,0.200000,0.199986,0.786583,3.790830,0.196646,0.000000,-0.003354,-0.003354,0.250000,0.000000,0.300000,0.300000,3.000000,-0.200000
12.543000,0.116000,1.000000,0.987069,0.200000,0.199990,0.787079,3.882132,0.196770,0.000000,-0.003230,-0.003230,0.250000,0.000000,0.300000,0.300000,3.000000,-0.200000
12.641000,0.098000,1.000000,0.987478,0.200000,0.199993,0.787485,3.959305,0.196871,0.000000,-0.003129,-0.003129,0.250000,0.000000,0.300000,0.300000,3.000000,-0.200000
12.744000,0.103000,1.000000,0.987894,0.200000,0.199994,0.787899,4.040459,0.196975,0.000000,-0.003025,-0.003025,0.250000,0.000000,0.300000,0.300000,3.000000,-0.200000
12.841000,0.097000,1.000000,0.988273,0.200000,0.199996,0.788277,4.116921,0.197069,0.000000,-0.002931,-0.002931,0.250000,0.000000,0.300000,0.300000,3.000000,-0.200000
12.931000,0.090000,1.000000,0.988614,0.200000,0.199997,0.788618,4.187897,0.197154,0.000000,-0.002846,-0.002846,0.250000,0.000000,0.300000,0.300000,3.000000,-0.200000
13.031000,0.100000,1.000000,0.988982,0.200000,0.199998,0.788984,4.266796,0.197246,0.000000,-0.002754,-0.002754,0.250000,0.000000,0.300000,0.300000,3.000000,-0.200000
13.134000,0.103000,1.000000,0.989347,0.200000,0.199998,0.789349,4.348099,0.197337,0.000000,-0.002663,-0.002663,0.250000,0.000000,0.300000,0.300000,3.000000,-0.200000
13.230000,0.096000,1.000000,0.989678,0.200000,0.199999,0.789679,4.423908,0.197420,0.000000,-0.002580,-0.002580,0.250000,0.000000,0.300000,0.300000,3.000000,-0.200000
13.329000,0.099000,1.000000,0.990007,0.200000,0.199999,0.790008,4.502119,0.197502,0.000000,-0.002498,-0.002498,0.250000,0.000000,0.300000,0.300000,3.000000,-0.200000
13.434000,0.105000,1.000000,0.990345,0.200000,0.199999,0.790346,4.585105,0.197587,0.000000,-0.002413,-0.002413,0.250000,0.000000,0.300000,0.300000,3.000000,-0.200000
13.531000,0.097000,1.000000,0.990648,0.200000,0.199999,0.790648,4.661798,0.197662,0.000000,-0.002338,-0.002338,0.250000,0.000000,0.300000,0.300000,3.000000,-0.200000
13.635000,0.104000,1.000000,0.990961,0.200000,0.200000,0.790962,4.744058,0.197740,0.000000,-0.002260,-0.002260,0.250000,0.000000,0.300000,0.300000,3.000000,-0.200000
13.731000,0.096000,1.000000,0.991241,0.200000,0.200000,0.791242,4.820017,0.197810,0.000000,-0.002190,-0.002190,0.250000,0.000000,0.300000,0.300000,3.000000,-0.200000
13.835000,0.104000,1.000000,0.991535,0.200000,0.200000,0.791535,4.902337,0.197884,0.000000,-0.002116,-0.002116,0.250000,0.000000,0.300000,0.300000,3.000000,-0.200000
13.925000,0.090000,1.000000,0.991781,0.200000,0.200000,0.791782,4.973597,0.197945,0.000000,-0.002055,-0.002055,0.250000,0.000000,0.300000,0.300000,3.000000,-0.200000
14.039000,0.114000,1.000000,0.992082,0.200000,0.200000,0.792082,5.063895,0.198021,0.000000,-0.001979,-0.001979,0.250000,0.000000,0.300000,0.300000,3.000000,-0.200000
14.124000,0.085000,1.000000,0.992301,0.200000,0.200000,0.792301,5.131240,0.198075,0.000000,-0.001925,-0.001925,0.250000,0.000000,0.300000,0.300000,3.000000,-0.200000
14.225000,0.101000,1.000000,0.992551,0.200000,0.200000,0.792551,5.211288,0.198138,0.000000,-0.001862,-0.001862,0.250000,0.000000,0.300000,0.300000,3.000000,-0.200000
14.336000,0.111000,1.000000,0.992817,0.200000,0.200000,0.792817,5.299291,0.198204,0.000000,-0.001796,-0.001796,0.250000,0.000000,0.300000,0.300000,3.000000,-0.200000
14.427000,0.091000,1.000000,0.993029,0.200000,0.200000,0.793029,5.371456,0.198257,0.000000,-0.001743,-0.001743,0.250000,0.000000,0.300000,0.300000,3.000000,-0.200000
14.536000,0.109000,1.000000,0.993273,0.200000,0.200000,0.793273,5.457923,0.198318,0.000000,-0.001682,-0.001682,0.250000,0.000000,0.300000,0.300000,3.000000,-0.200000
14.627000,0.091000,1.000000,0.993471,0.200000,0.200000,0.793471,5.530128,0.198368,0.000000,-0.001632,-0.001632,0.250000,0.000000,0.300000,0.300000,3.000000,-0.200000
14.727000,0.100000,1.000000,0.993682,0.200000,0.200000,0.793682,5.609497,0.198420,0.000000,-0.001580,-0.001580,0.250000,0.000000,0.300000,0.300000,3.000000,-0.200000
14.827000,0.100000,1.000000,0.993885,0.200000,0.200000,0.793885,5.688885,0.198471,0.000000,-0.001529,-0.001529,0.250000,0.000000,0.300000,0.300000,3.000000,-0.200000
14.923000,0.096000,1.000000,0.994075,0.200000,0.200000,0.794075,5.765116,0.198519,0.000000,-0.001481,-0.001481,0.250000,0.000000,0.300000,0.300000,3.000000,-0.200000
15.024000,0.101000,1.000000,0.994268,0.200000,0.200000,0.794268,5.845337,0.198567,0.000000,-0.001433,-0.001433,0.250000,0.000000,0.300000,0.300000,3.000000,-0.200000
15.134000,0.110000,1.000000,0.994471,0.200000,0.200000,0.794471,5.932729,0.198618,0.000000,-0.001382,-0.001382,0.250000,0.000000,0.300000,0.300000,3.000000,-0.200000
15.238000,0.104000,1.000000,0.994656,0.200000,0.200000,0.794656,6.015373,0.198664,0.000000,-0.001336,-0.001336,0.250000,0.000000,0.300000,0.300000,3.000000,-0.200000
15.323000,0.085000,1.000000,0.994803,0.200000,0.200000,0.794803,6.082932,0.198701,0.000000,-0.001299,-0.001299,0.250000,0.000000,0.300000,0.300000,3.000000,-0.200000
15.426000,0.103000,1.000000,0.994976,0.200000,0.200000,0.794976,6.164814,0.198744,0.000000,-0.001256,-0.001256,0.250000,0.000000,0.300000,0.300000,3.000000,-0.200000
15.525000,0.099000,1.000000,0.995136,0.200000,0.200000,0.795136,6.243533,0.198784,0.000000,-0.001216,-0.001216,0.250000,0.000000,0.300000,0.300000,3.000000,-0.200000
15.638000,0.113000,1.000000,0.995313,0.200000,0.200000,0.795313,6.333403,0.198828,0.000000,-0.001172,-0.001172,0.250000,0.000000,0.300000,0.300000,3.000000,-0.200000
15.742000,0.104000,1.000000,0.995470,0.200000,0.200000,0.795470,6.416132,0.198867,0.000000,-0.001133,-0.001133,0.250000,0.000000,0.300000,0.300000,3.000000,-0.200000
15.824000,0.082000,1.000000,0.995590,0.200000,0.200000,0.795590,6.481370,0.198898,0.000000,-0.001102,-0.001102,0.250000,0.000000,0.300000,0.300000,3.000000,-0.200000
15.926000,0.102000,1.000000,0.995735,0.200000,0.200000,0.795735,6.562535,0.198934,0.000000,-0.001066,-0.001066,0.250000,0.000000,0.300000,0.300000,3.000000,-0.200000
16.027000,0.101000,1.000000,0.995874,0.200000,0.200000,0.795874,6.642919,0.198969,0.000000,-0.001031,-0.001031,0.250000,0.000000,0.300000,0.300000,3.000000,-0.200000
16.124000,0.097000,1.000000,0.996004,0.200000,0.200000,0.796003,6.720131,0.199001,0.000000,-0.000999,-0.000999,0.250000,0.000000,0.300000,0.300000,3.000000,-0.200000
16.223000,0.099000,1.000000,0.996131,0.200000,0.200000,0.796131,6.798948,0.199033,0.000000,-0.000967,-0.000967,0.250000,0.000000,0.300000,0.300000,3.000000,-0.200000
16.322000,0.099000,1.000000,0.996255,0.200000,0.200000,0.796255,6.877777,0.199064,0.000000,-0.000936,-0.000936,0.250000,0.000000,0.300000,0.300000,3.000000,-0.200000
16.426000,0.104000,1.000000,0.996380,0.200000,0.200000,0.796380,6.960600,0.199095,0.000000,-0.000905,-0.000905,0.250000,0.000000,0.300000,0.300000,3.000000,-0.200000
16.527000,0.101000,1.000000,0.996498,0.200000,0.200000,0.796498,7.041047,0.199125,0.000000,-0.000875,-0.000875,0.250000,0.000000,0.300000,0.300000,3.000000,-0.200000
16.623000,0.096000,1.000000,0.996607,0.200000,0.200000,0.796607,7.117521,0.199152,0.000000,-0.000848,-0.000848,0.250000,0.000000,0.300000,0.300000,3.000000,-0.200000
16.726000,0.103000,1.000000,0.996719,0.200000,0.200000,0.796719,7.199583,0.199180,0.000000,-0.000820,-0.000820,0.250000,0.000000,0.300000,0.300000,3.000000,-0.200000
16.826000,0.100000,1.000000,0.996825,0.200000,0.200000,0.796825,7.279265,0.199206,0.000000,-0.000794,-0.000794,0.250000,0.000000,0.300000,0.300000,3.000000,-0.200000
16.933000,0.107000,1.000000,0.996934,0.200000,0.200000,0.796934,7.364537,0.199234,0.000000,-0.000766,-0.000766,0.250000,0.000000,0.300000,0.300000,3.000000,-0.200000
17.026000,0.093000,1.000000,0.997027,0.200000,0.200000,0.797027,7.438661,0.199257,0.000000,-0.000743,-0.000743,0.250000,0.000000,0.300000,0.300000,3.000000,-0.200000
17.125000,0.099000,1.000000,0.997122,0.200000,0.200000,0.797122,7.517576,0.199280,0.000000,-0.000720,-0.000720,0.250000,0.000000,0.300000,0.300000,3.000000,-0.200000
17.227000,0.102000,1.000000,0.997216,0.200000,0.200000,0.797216,7.598892,0.199304,0.000000,-0.000696,-0.000696,0.250000,0.000000,0.300000,0.300000,3.000000,-0.200000
17.324000,0.097000,1.000000,0.997303,0.200000,0.200000,0.797303,7.676230,0.199326,0.000000,-0.000674,-0.000674,0.250000,0.000000,0.300000,0.300000,3.000000,-0.200000
17.424000,0.100000,1.000000,0.997390,0.200000,0.200000,0.797390,7.755969,0.199348,0.000000,-0.000652,-0.000652,0.250000,0.000000,0.300000,0.300000,3.000000,-0.200000
17.526000,0.102000,1.000000,0.997476,0.200000,0.200000,0.797476,7.837312,0.199369,0.000000,-0.000631,-0.000631,0.250000,0.000000,0.300000,0.300000,3.000000,-0.200000
17.624000,0.098000,1.000000,0.997556,0.200000,0.200000,0.797556,7.915472,0.199389,0.000000,-0.000611,-0.000611,0.250000,0.000000,0.300000,0.300000,3.000000,-0.200000
17.735000,0.111000,1.000000,0.997643,0.200000,0.200000,0.797643,8.004010,0.199411,0.000000,-0.000589,-0.000589,0.250000,0.000000,0.300000,0.300000,3.000000,-0.200000
17.824000,0.089000,1.000000,0.997711,0.200000,0.200000,0.797711,8.075006,0.199428,0.000000,-0.000572,-0.000572,0.250000,0.000000,0.300000,0.300000,3.000000,-0.200000
17.924000,0.100000,1.000000,0.997785,0.200000,0.200000,0.797785,8.154785,0.199446,0.000000,-0.000554,-0.000554,0.250000,0.000000,0.300000,0.300000,3.000000,-0.200000
18.033000,0.109000,1.000000,0.997863,0.200000,0.200000,0.797863,8.241753,0.199466,0.000000,-0.000534,-0.000534,0.250000,0.000000,0.300000,0.300000,3.000000,-0.200000
18.123000,0.090000,1.000000,0.997925,0.200000,0.200000,0.797925,8.313566,0.199481,0.000000,-0.000519,-0.000519,0.250000,0.000000,0.300000,0.300000,3.000000,-0.200000
18.228000,0.105000,1.000000,0.997995,0.200000,0.200000,0.797995,8.397356,0.199499,0.000000,-0.000501,-0.000501,0.250000,0.000000,0.300000,0.300000,3.000000,-0.200000
18.328000,0.100000,1.000000,0.998060,0.200000,0.200000,0.798060,8.477162,0.199515,0.000000,-0.000485,-0.000485,0.250000,0.000000,0.300000,0.300000,3.000000,-0.200000
18.428000,0.100000,1.000000,0.998122,0.200000,0.200000,0.798122,8.556974,0.199531,0.000000,-0.000469,-0.000469,0.250000,0.000000,0.300000,0.300000,3.000000,-0.200000
18.539000,0.111000,1.000000,0.998189,0.200000,0.200000,0.798189,8.645574,0.199547,0.000000,-0.000453,-0.000453,0.250000,0.000000,0.300000,0.300000,3.000000,-0.200000
18.623000,0.084000,1.000000,0.998239,0.200000,0.200000,0.798239,8.712626,0.199560,0.000000,-0.000440,-0.000440,0.250000,0.000000,0.300000,0.300000,3.000000,-0.200000
18.739000,0.116000,1.000000,0.998304,0.200000,0.200000,0.798304,8.805229,0.199576,0.000000,-0.000424,-0.000424,0.250000,0.000000,0.300000,0.300000,3.000000,-0.200000
18.840000,0.101000,1.000000,0.998359,0.200000,0.200000,0.798359,8.885863,0.199590,0.000000,-0.000410,-0.000410,0.250000,0.000000,0.300000,0.300000,3.000000,-0.200000
18.939000,0.099000,1.000000,0.998412,0.200000,0.200000,0.798412,8.964906,0.199603,0.000000,-0.000397,-0.000397,0.250000,0.000000,0.300000,0.300000,3.000000,-0.200000
19.039000,0.100000,1.000000,0.998463,0.200000,0.200000,0.798463,9.044752,0.199616,0.000000,-0.000384,-0.000384,0.250000,0.000000,0.300000,0.300000,3.000000,-0.200000
19.129000,0.090000,1.000000,0.998508,0.200000,0.200000,0.798508,9.116618,0.199627,0.000000,-0.000373,-0.000373,0.250000,0.000000,0.300000,0.300000,3.000000,-0.200000
19.243000,0.114000,1.000000,0.998562,0.200000,0.200000,0.798562,9.207654,0.199641,0.000000,-0.000359,-0.000359,0.250000,0.000000,0.300000,0.300000,3.000000,-0.200000
19.340000,0.097000,1.000000,0.998607,0.200000,0.200000,0.798607,9.285119,0.199652,0.000000,-0.000348,-0.000348,0.250000,0.000000,0.300000,0.300000,3.000000,-0.200000
19.438000,0.098000,1.000000,0.998651,0.200000,0.200000,0.798651,9.363387,0.199663,0.000000,-0.000337,-0.000337,0.250000,0.000000,0.300000,0.300000,3.000000,-0.200000
19.540000,0.102000,1.000000,0.998696,0.200000,0.200000,0.798696,9.444854,0.199674,0.000000,-0.000326,-0.000326,0.250000,0.000000,0.300000,0.300000,3.000000,-0.200000
19.631000,0.091000,1.000000,0.998734,0.200000,0.200000,0.798734,9.517539,0.199684,0.000000,-0.000316,-0.000316,0.250000,0.000000,0.300000,0.300000,3.000000,-0.200000
19.734000,0.103000,1.000000,0.998776,0.200000,0.200000,0.798776,9.599813,0.199694,0.000000,-0.000306,-0.000306,0.250000,0.000000,0.300000,0.300000,3.000000,-0.200000
19.831000,0.097000,1.000000,0.998814,0.220000,0.204887,0.793928,9.676824,0.198482,0.000000,-0.001518,-0.001518,0.250000,0.000000,0.300000,0.300000,3.000000,-0.200000
19.935000,0.104000,1.000000,0.998854,0.280000,0.224223,0.774631,9.757385,0.193658,0.000000,-0.006342,-0.006342,0.250000,0.000000,0.300000,0.300000,3.000000,-0.200000
20.031000,0.096000,1.000000,0.998890,0.320000,0.247441,0.751448,9.829524,0.187862,0.000000,-0.012138,-0.012138,0.250000,0.000000,0.300000,0.300000,3.000000,-0.200000
20.140000,0.109000,1.000000,0.998929,0.370000,0.280104,0.718825,9.907876,0.179706,0.000000,-0.020294,-0.020294,0.250000,0.000000,0.300000,0.300000,3.000000,-0.200000
20.243000,0.103000,1.000000,0.998964,0.460000,0.326082,0.672882,9.977183,0.168220,0.000000,-0.031780,-0.031780,0.250000,0.000000,0.300000,0.300000,3.000000,-0.200000
20.340000,0.097000,1.000000,0.998997,0.470000,0.361246,0.637751,10.039045,0.159438,0.000000,-0.040562,-0.040562,0.250000,0.000000,0.300000,0.300000,3.000000,-0.200000
20.440000,0.100000,1.000000,0.999029,0.520000,0.400935,0.598095,10.098855,0.149524,0.000000,-0.050476,-0.050476,0.250000,0.000000,0.300000,0.300000,3.000000,-0.200000
20.540000,0.100000,1.000000,0.999060,0.560000,0.440701,0.558360,10.154691,0.139590,0.000000,-0.060410,-0.060410,0.250000,0.000000,0.300000,0.300000,3.000000,-0.200000
20.627000,0.087000,1.000000,0.999087,0.590000,0.474264,0.524823,10.200350,0.131206,0.000000,-0.068794,-0.068794,0.250000,0.000000,0.300000,0.300000,3.000000,-0.200000
20.727000,0.100000,1.000000,0.999116,0.600000,0.505698,0.493418,10.249692,0.123355,0.000000,-0.076645,-0.076645,0.250000,0.000000,0.300000,0.300000,3.000000,-0.200000
20.837000,0.110000,1.000000,0.999148,0.570000,0.522950,0.476198,10.302073,0.119049,0.000000,-0.080951,-0.080951,0.250000,0.000000,0.300000,0.300000,3.000000,-0.200000
20.932000,0.095000,1.000000,0.999174,0.560000,0.531861,0.467313,10.346468,0.116828,0.000000,-0.083172,-0.083172,0.250000,0.000000,0.300000,0.300000,3.000000,-0.200000
21.041000,0.109000,1.000000,0.999203,0.510000,0.526035,0.473168,10.398044,0.118292,0.000000,-0.081708,-0.081708,0.250000,0.000000,0.300000,0.300000,3.000000,-0.200000
21.140000,0.099000,1.000000,0.999228,0.490000,0.517094,0.482134,10.445775,0.120534,0.000000,-0.079466,-0.079466,0.250000,0.000000,0.300000,0.300000,3.000000,-0.200000
21.236000,0.096000,1.000000,0.999252,0.480000,0.508101,0.491151,10.492926,0.122788,0.000000,-0.077212,-0.077212,0.250000,0.000000,0.300000,0.300000,3.000000,-0.200000
21.326000,0.090000,1.000000,0.999274,0.490000,0.503924,0.495350,10.537507,0.123837,0.000000,-0.076163,-0.076163,0.250000,0.000000,0.300000,0.300000,3.000000,-0.200000
21.425000,0.099000,1.000000,0.999297,0.510000,0.505432,0.493865,10.586400,0.123466,0.000000,-0.076534,-0.076534,0.250000,0.000000,0.300000,0.300000,3.000000,-0.200000
21.525000,0.100000,1.000000,0.999320,0.520000,0.509074,0.490246,10.635425,0.122561,0.000000,-0.077439,-0.077439,0.250000,0.000000,0.300000,0.300000,3.000000,-0.200000
21.624000,0.099000,1.000000,0.999341,0.540000,0.516747,0.482594,10.683202,0.120649,0.000000,-0.079351,-0.079351,0.250000,0.000000,0.300000,0.300000,3.000000,-0.200000
21.724000,0.100000,1.000000,0.999363,0.580000,0.532560,0.466802,10.729882,0.116701,0.000000,-0.083299,-0.083299,0.250000,0.000000,0.300000,0.300000,3.000000,-0.200000
21.824000,0.100000,1.000000,0.999383,0.590000,0.546920,0.452463,10.775128,0.113116,0.000000,-0.086884,-0.086884,0.250000,0.000000,0.300000,0.300000,3.000000,-0.200000
21.926000,0.102000,1.000000,0.999404,0.600000,0.560388,0.439015,10.819908,0.109754,0.000000,-0.090246,-0.090246,0.250000,0.000000,0.300000,0.300000,3.000000,-0.200000
22.026000,0.100000,1.000000,0.999423,0.610000,0.572791,0.426632,10.862572,0.106658,0.000000,-0.093342,-0.093342,0.250000,0.000000,0.300000,0.300000,3.000000,-0.200000
22.125000,0.099000,1.000000,0.999441,0.610000,0.582023,0.417418,10.903896,0.104354,0.000000,-0.095646,-0.095646,0.250000,0.000000,0.300000,0.300000,3.000000,-0.200000
22.225000,0.100000,1.000000,0.999459,0.610000,0.589018,0.410442,10.944941,0.102610,0.000000,-0.097390,-0.097390,0.250000,0.000000,0.300000,0.300000,3.000000,-0.200000
22.325000,0.100000,1.000000,0.999477,0.610000,0.594263,0.405213,10.985462,0.101303,0.000000,-0.098697,-0.098697,0.250000,0.000000,0.300000,0.300000,3.000000,-0.200000
22.425000,0.100000,1.000000,0.999494,0.600000,0.595697,0.403796,11.025842,0.100949,0.000000,-0.099051,-0.099051,0.250000,0.000000,0.300000,0.300000,3.000000,-0.200000
22.525000,0.100000,1.000000,0.999510,0.580000,0.591773,0.407737,11.066615,0.101934,0.000000,-0.098066,-0.098066,0.250000,0.000000,0.300000,0.300000,3.000000,-0.200000
22.627000,0.102000,1.000000,0.999526,0.520000,0.573562,0.425964,11.110064,0.106491,0.000000,-0.093509,-0.093509,0.250000,0.000000,0.300000,0.300000,3.000000,-0.200000
22.733000,0.106000,1.000000,0.999542,0.470000,0.546524,0.453019,11.158084,0.113255,0.000000,-0.086745,-0.086745,0.250000,0.000000,0.300000,0.300000,3.000000,-0.200000
22.833000,0.100000,1.000000,0.999557,0.420000,0.514893,0.484664,11.206551,0.121166,0.000000,-0.078834,-0.078834,0.250000,0.000000,0.300000,0.300000,3.000000,-0.200000
22.926000,0.093000,1.000000,0.999570,0.310000,0.466407,0.533164,11.256135,0.133291,0.000000,-0.066709,-0.066709,0.250000,0.000000,0.300000,0.300000,3.000000,-0.200000
23.046000,0.120000,1.000000,0.999587,0.260000,0.407433,0.592153,11.327193,0.148038,0.000000,-0.051962,-0.051962,0.250000,0.000000,0.300000,0.300000,3.000000,-0.200000
23.128000,0.082000,1.000000,0.999598,0.240000,0.371492,0.628106,11.378698,0.157026,0.000000,-0.042974,-0.042974,0.250000,0.000000,0.300000,0.300000,3.000000,-0.200000
23.225000,0.097000,1.000000,0.999610,0.190000,0.327148,0.672463,11.443927,0.168116,0.000000,-0.031884,-0.031884,0.250000,0.000000,0.300000,0.300000,3.000000,-0.200000
23.326000,0.101000,1.000000,0.999623,0.200000,0.295123,0.704500,11.515081,0.176125,0.000000,-0.023875,-0.023875,0.250000,0.000000,0.300000,0.300000,3.000000,-0.200000
23.424000,0.098000,1.000000,0.999635,0.200000,0.271701,0.727934,11.586419,0.181984,0.000000,-0.018016,-0.018016,0.250000,0.000000,0.300000,0.300000,3.000000,-0.200000
23.539000,0.115000,1.000000,0.999648,0.200000,0.251832,0.747817,11.672418,0.186954,0.000000,-0.013046,-0.013046,0.250000,0.000000,0.300000,0.300000,3.000000,-0.200000
23.624000,0.085000,1.000000,0.999658,0.200000,0.240388,0.759270,11.736956,0.189817,0.000000,-0.010183,-0.010183,0.250000,0.000000,0.300000,0.300000,3.000000,-0.200000
23.726000,0.102000,1.000000,0.999669,0.200000,0.230141,0.769529,11.815448,0.192382,0.000000,-0.007618,-0.007618,0.250000,0.000000,0.300000,0.300000,3.000000,-0.200000
23.826000,0.100000,1.000000,0.999680,0.200000,0.222605,0.777075,11.893155,0.194269,0.000000,-0.005731,-0.005731,0.250000,0.000000,0.300000,0.300000,3.000000,-0.200000
23.926000,0.100000,1.000000,0.999690,0.200000,0.216954,0.782736,11.971429,0.195684,0.000000,-0.004316,-0.004316,0.250000,0.000000,0.300000,0.300000,3.000000,-0.200000
24.027000,0.101000,1.000000,0.999700,0.200000,0.212684,0.787017,12.050918,0.196754,0.000000,-0.003246,-0.003246,0.250000,0.000000,0.300000,0.300000,3.000000,-0.200000
24.127000,0.100000,1.000000,0.999710,0.200000,0.209513,0.790197,12.129937,0.197549,0.000000,-0.002451,-0.002451,0.250000,0.000000,0.300000,0.300000,3.000000,-0.200000
24.227000,0.100000,1.000000,0.999719,0.200000,0.207135,0.792585,12.209196,0.198146,0.000000,-0.001854,-0.001854,0.250000,0.000000,0.300000,0.300000,3.000000,-0.200000
24.325000,0.098000,1.000000,0.999728,0.200000,0.205378,0.794350,12.287043,0.198588,0.000000,-0.001412,-0.001412,0.250000,0.000000,0.300000,0.300000,3.000000,-0.200000
24.440000,0.115000,1.000000,0.999738,0.200000,0.203888,0.795851,12.378566,0.198963,0.000000,-0.001037,-0.001037,0.250000,0.000000,0.300000,0.300000,3.000000,-0.200000
24.526000,0.086000,1.000000,0.999746,0.200000,0.203021,0.796724,12.447084,0.199181,0.000000,-0.000819,-0.000819,0.250000,0.000000,0.300000,0.300000,3.000000,-0.200000
24.626000,0.100000,1.000000,0.999754,0.200000,0.202266,0.797488,12.526834,0.199372,0.000000,-0.000628,-0.000628,0.250000,0.000000,0.300000,0.300000,3.000000,-0.200000
24.741000,0.115000,1.000000,0.999763,0.200000,0.201638,0.798125,12.618618,0.199531,0.000000,-0.000469,-0.000469,0.250000,0.000000,0.300000,0.300000,3.000000,-0.200000
24.826000,0.085000,1.000000,0.999770,0.200000,0.201276,0.798493,12.686490,0.199623,0.000000,-0.000377,-0.000377,0.250000,0.000000,0.300000,0.300000,3.000000,-0.200000
24.925000,0.099000,1.000000,0.999777,0.200000,0.200960,0.798817,12.765573,0.199704,0.000000,-0.000296,-0.000296,0.250000,0.000000,0.300000,0.300000,3.000000,-0.200000
25.025000,0.100000,1.000000,0.999784,0.200000,0.200720,0.799064,12.845479,0.199766,0.000000,-0.000234,-0.000234,0.250000,0.000000,0.300000,0.300000,3.000000,-0.200000
25.123000,0.098000,1.000000,0.999791,0.200000,0.200543,0.799248,12.923805,0.199812,0.000000,-0.000188,-0.000188,0.250000,0.000000,0.300000,0.300000,3.000000,-0.200000
25.232000,0.109000,1.000000,0.999798,0.200000,0.200398,0.799400,13.010940,0.199850,0.000000,-0.000150,-0.000150,0.250000,0.000000,0.300000,0.300000,3.000000,-0.200000
25.327000,0.095000,1.000000,0.999804,0.200000,0.200302,0.799502,13.086892,0.199876,0.000000,-0.000124,-0.000124,0.250000,0.000000,0.300000,0.300000,3.000000,-0.200000
25.424000,0.097000,1.000000,0.999811,0.200000,0.200228,0.799582,13.164452,0.199896,0.000000,-0.000104,-0.000104,0.250000,0.000000,0.300000,0.300000,3.000000,-0.200000
25.536000,0.112000,1.000000,0.999817,0.200000,0.200166,0.799651,13.254012,0.199913,0.000000,-0.000087,-0.000087,0.250000,0.000000,0.300000,0.300000,3.000000,-0.200000
25.623000,0.087000,1.000000,0.999823,0.200000,0.200129,0.799694,13.323586,0.199923,0.000000,-0.000077,-0.000077,0.250000,0.000000,0.300000,0.300000,3.000000,-0.200000
25.725000,0.102000,1.000000,0.999828,0.200000,0.200096,0.799732,13.405158,0.199933,0.000000,-0.000067,-0.000067,0.250000,0.000000,0.300000,0.300000,3.000000,-0.200000
25.824000,0.099000,1.000000,0.999834,0.200000,0.200072,0.799762,13.484334,0.199940,0.000000,-0.000060,-0.000060,0.250000,0.000000,0.300000,0.300000,3.000000,-0.200000
25.936000,0.112000,1.000000,0.999840,0.200000,0.200053,0.799787,13.573910,0.199947,0.000000,-0.000053,-0.000053,0.250000,0.000000,0.300000,0.300000,3.000000,-0.200000
26.025000,0.089000,1.000000,0.999844,0.200000,0.200041,0.799804,13.645092,0.199951,0.000000,-0.000049,-0.000049,0.250000,0.000000,0.300000,0.300000,3.000000,-0.200000
26.133000,0.108000,1.000000,0.999850,0.200000,0.200030,0.799820,13.731473,0.199955,0.000000,-0.000045,-0.000045,0.250000,0.000000,0.300000,0.300000,3.000000,-0.200000
26.223000,0.090000,1.000000,0.999854,0.200000,0.200023,0.799831,13.803458,0.199958,0.000000,-0.000042,-0.000042,0.250000,0.000000,0.300000,0.300000,3.000000,-0.200000
26.324000,0.101000,1.000000,0.999859,0.200000,0.200017,0.799842,13.884242,0.199960,0.000000,-0.000040,-0.000040,0.250000,0.000000,0.300000,0.300000,3.000000,-0.200000
26.431000,0.107000,1.000000,0.999864,0.200000,0.200013,0.799851,13.969826,0.199963,0.000000,-0.000037,-0.000037,0.250000,0.000000,0.300000,0.300000,3.000000,-0.200000
26.528000,0.097000,1.000000,0.999868,0.200000,0.200010,0.799859,14.047412,0.199965,0.000000,-0.000035,-0.000035,0.250000,0.000000,0.300000,0.300000,3.000000,-0.200000
26.625000,0.097000,1.000000,0.999872,0.200000,0.200007,0.799865,14.124999,0.199966,0.000000,-0.000034,-0.000034,0.250000,0.000000,0.300000,0.300000,3.000000,-0.200000
26.724000,0.099000,1.000000,0.999876,0.200000,0.200005,0.799871,14.204186,0.199968,0.000000,-0.000032,-0.000032,0.250000,0.000000,0.300000,0.300000,3.000000,-0.200000
26.824000,0.100000,1.000000,0.999880,0.200000,0.200004,0.799876,14.284174,0.199969,0.000000,-0.000031,-0.000031,0.250000,0.000000,0.300000,0.300000,3.000000,-0.200000
26.935000,0.111000,1.000000,0.999885,0.200000,0.200003,0.799882,14.372961,0.199970,0.000000,-0.000030,-0.000030,0.250000,0.000000,0.300000,0.300000,3.000000,-0.200000
27.035000,0.100000,1.000000,0.999888,0.200000,0.200002,0.799886,14.452950,0.199972,0.000000,-0.000028,-0.000028,0.250000,0.000000,0.300000,0.300000,3.000000,-0.200000
27.124000,0.089000,1.000000,0.999892,0.200000,0.200002,0.799890,14.524140,0.199972,0.000000,-0.000028,-0.000028,0.250000,0.000000,0.300000,0.300000,3.000000,-0.200000
27.224000,0.100000,1.000000,0.999895,0.200000,0.200001,0.799894,14.604130,0.199973,0.000000,-0.000027,-0.000027,0.250000,0.000000,0.300000,0.300000,3.000000,-0.200000
27.330000,0.106000,1.000000,0.999899,0.200000,0.200001,0.799898,14.688919,0.199974,0.000000,-0.000026,-0.000026,0.250000,0.000000,0.300000,0.300000,3.000000,-0.200000
27.445000,0.115000,1.000000,0.999902,0.200000,0.200001,0.799902,14.780908,0.199975,0.000000,-0.000025,-0.000025,0.250000,0.000000,0.300000,0.300000,3.000000,-0.200000
27.523000,0.078000,1.000000,0.999905,0.200000,0.200001,0.799904,14.843300,0.199976,0.000000,-0.000024,-0.000024,0.250000,0.000000,0.300000,0.300000,3.000000,-0.200000
27.625000,0.102000,1.000000,0.999908,0.200000,0.200000,0.799908,14.924891,0.199977,0.000000,-0.000023,-0.000023,0.250000,0.000000,0.300000,0.300000,3.000000,-0.200000
27.725000,0.100000,1.000000,0.999911,0.200000,0.200000,0.799911,15.004882,0.199978,0.000000,-0.000022,-0.000022,0.250000,0.000000,0.300000,0.300000,3.000000,-0.200000
27.824000,0.099000,1.000000,0.999914,0.200000,0.200000,0.799914,15.084073,0.199978,0.000000,-0.000022,-0.000022,0.250000,0.000000,0.300000,0.300000,3.000000,-0.200000
27.925000,0.101000,1.000000,0.999917,0.200000,0.200000,0.799916,15.164865,0.199979,0.000000,-0.000021,-0.000021,0.250000,0.000000,0.300000,0.300000,3.000000,-0.200000
28.023000,0.098000,1.000000,0.999919,0.200000,0.200000,0.799919,15.243257,0.199980,0.000000,-0.000020,-0.000020,0.250000,0.000000,0.300000,0.300000,3.000000,-0.200000
28.124000,0.101000,1.000000,0.999922,0.200000,0.200000,0.799922,15.324049,0.199980,0.000000,-0.000020,-0.000020,0.250000,0.000000,0.300000,0.300000,3.000000,-0.200000
28.224000,0.100000,1.000000,0.999924,0.200000,0.200000,0.799924,15.404041,0.199981,0.000000,-0.000019,-0.000019,0.250000,0.000000,0.300000,0.300000,3.000000,-0.200000
28.335000,0.111000,1.000000,0.999927,0.200000,0.200000,0.799927,15.492833,0.199982,0.000000,-0.000018,-0.000018,0.250000,0.000000,0.300000,0.300000,3.000000,-0.200000
28.424000,0.089000,1.000000,0.999929,0.200000,0.200000,0.799929,15.564027,0.199982,0.000000,-0.000018,-0.000018,0.250000,0.000000,0.300000,0.300000,3.000000,-0.200000
28.526000,0.102000,1.000000,0.999932,0.200000,0.200000,0.799932,15.645619,0.199983,0.000000,-0.000017,-0.000017,0.250000,0.000000,0.300000,0.300000,3.000000,-0.200000
28.638000,0.112000,1.000000,0.999934,0.200000,0.200000,0.799934,15.735212,0.199983,0.000000,-0.000017,-0.000017,0.250000,0.000000,0.300000,0.300000,3.000000,-0.200000
28.725000,0.087000,1.000000,0.999936,0.200000,0.200000,0.799936,15.804807,0.199984,0.000000,-0.000016,-0.000016,0.250000,0.000000,0.300000,0.300000,3.000000,-0.200000
28.823000,0.098000,1.000000,0.999938,0.200000,0.200000,0.799938,15.883201,0.199984,0.000000,-0.000016,-0.000016,0.250000,0.000000,0.300000,0.300000,3.000000,-0.200000
28.927000,0.104000,1.000000,0.999940,0.200000,0.200000,0.799940,15.966394,0.199985,0.000000,-0.000015,-0.000015,0.250000,0.000000,0.300000,0.300000,3.000000,-0.200000
29.024000,0.097000,1.000000,0.999942,0.200000,0.200000,0.799942,16.043989,0.199985,0.000000,-0.000015,-0.000015,0.250000,0.000000,0.300000,0.300000,3.000000,-0.200000
29.138000,0.114000,1.000000,0.999944,0.200000,0.200000,0.799944,16.135183,0.199986,0.000000,-0.000014,-0.000014,0.250000,0.000000,0.300000,0.300000,3.000000,-0.200000
29.224000,0.086000,1.000000,0.999945,0.200000,0.200000,0.799945,16.203979,0.199986,0.000000,-0.000014,-0.000014,0.250000,0.000000,0.300000,0.300000,3.000000,-0.200000
29.324000,0.100000,1.000000,0.999947,0.200000,0.200000,0.799947,16.283974,0.199987,0.000000,-0.000013,-0.000013,0.250000,0.000000,0.300000,0.300000,3.000000,-0.200000
29.428000,0.104000,1.000000,0.999949,0.200000,0.200000,0.799949,16.367168,0.199987,0.000000,-0.000013,-0.000013,0.250000,0.000000,0.300000,0.300000,3.000000,-0.200000
29.536000,0.108000,1.000000,0.999951,0.200000,0.200000,0.799951,16.453564,0.199988,0.000000,-0.000012,-0.000012,0.250000,0.000000,0.300000,0.300000,3.000000,-0.200000
29.626000,0.090000,1.000000,0.999952,0.200000,0.200000,0.799952,16.525558,0.199988,0.000000,-0.000012,-0.000012,0.250000,0.000000,0.300000,0.300000,3.000000,-0.200000
29.736000,0.110000,1.000000,0.999954,0.200000,0.200000,0.799954,16.613554,0.199988,0.000000,-0.000012,-0.000012,0.250000,0.000000,0.300000,0.300000,3.000000,-0.200000
29.824000,0.088000,1.000000,0.999955,0.200000,0.200000,0.799955,16.683950,0.199989,0.000000,-0.000011,-0.000011,0.250000,0.000000,0.300000,0.300000,3.000000,-0.200000
29.927000,0.103000,1.000000,0.999957,0.200000,0.200000,0.799957,16.766346,0.199989,0.000000,-0.000011,-0.000011,0.250000,0.000000,0.300000,0.300000,3.000000,-0.200000
30.024000,0.097000,1.000000,0.999958,0.200000,0.200000,0.799958,16.843943,0.199989,0.000000,-0.000011,-0.000011,0.250000,0.000000,0.300000,0.300000,3.000000,-0.200000
30.124000,0.100000,1.000000,0.999959,0.200000,0.200000,0.799959,16.923939,0.199990,0.000000,-0.000010,-0.000010,0.250000,0.000000,0.300000,0.300000,3.000000,-0.200000
30.241000,0.117000,1.000000,0.999961,0.200000,0.200000,0.799961,17.017534,0.199990,0.000000,-0.000010,-0.000010,0.250000,0.000000,0.300000,0.300000,3.000000,-0.200000
30.323000,0.082000,1.000000,0.999962,0.200000,0.200000,0.799962,17.083132,0.199990,0.000000,-0.000010,-0.000010,0.250000,0.000000,0.300000,0.300000,3.000000,-0.200000
30.426000,0.103000,1.000000,0.999963,0.200000,0.200000,0.799963,17.165527,0.199991,0.000000,-0.000009,-0.000009,0.250000,0.000000,0.300000,0.300000,3.000000,-0.200000
30.528000,0.102000,1.000000,0.999964,0.200000,0.200000,0.799964,17.247124,0.199991,0.000000,-0.000009,-0.000009,0.250000,0.000000,0.300000,0.300000,3.000000,-0.200000
30.641000,0.113000,1.000000,0.999966,0.200000,0.200000,0.799966,17.337521,0.199991,0.000000,-0.000009,-0.000009,0.250000,0.000000,0.300000,0.300000,3.000000,-0.200000
30.723000,0.082000,1.000000,0.999966,0.200000,0.200000,0.799966,17.403118,0.199992,0.000000,-0.000008,-0.000008,0.250000,0.000000,0.300000,0.300000,3.000000,-0.200000
30.833000,0.110000,1.000000,0.999968,0.200000,0.200000,0.799968,17.491114,0.199992,0.000000,-0.000008,-0.000008,0.250000,0.000000,0.300000,0.300000,3.000000,-0.200000
30.938000,0.105000,1.000000,0.999969,0.200000,0.200000,0.799969,17.575109,0.199992,0.000000,-0.000008,-0.000008,0.250000,0.000000,0.300000,0.300000,3.000000,-0.200000
31.046000,0.108000,1.000000,0.999970,0.200000,0.200000,0.799970,17.661507,0.199992,0.000000,-0.000008,-0.000008,0.250000,0.000000,0.300000,0.300000,3.000000,-0.200000
31.125000,0.079000,1.000000,0.999971,0.200000,0.200000,0.799971,17.724705,0.199993,0.000000,-0.000007,-0.000007,0.250000,0.000000,0.300000,0.300000,3.000000,-0.200000
31.223000,0.098000,1.000000,0.999972,0.200000,0.200000,0.799971,17.803102,0.199993,0.000000,-0.000007,-0.000007,0.250000,0.000000,0.300000,0.300000,3.000000,-0.200000
31.323000,0.100000,1.000000,0.999972,0.200000,0.200000,0.799972,17.883101,0.199993,0.000000,-0.000007,-0.000007,0.250000,0.000000,0.300000,0.300000,3.000000,-0.200000
31.422000,0.099000,1.000000,0.999973,0.200000,0.200000,0.799973,17.962297,0.199993,0.000000,-0.000007,-0.000007,0.250000,0.000000,0.300000,0.300000,3.000000,-0.200000
31.524000,0.102000,1.000000,0.999974,0.200000,0.200000,0.799974,18.043896,0.199994,0.000000,-0.000006,-0.000006,0.250000,0.000000,0.300000,0.300000,3.000000,-0.200000
31.625000,0.101000,1.000000,0.999975,0.200000,0.200000,0.799975,18.124693,0.199994,0.000000,-0.000006,-0.000006,0.250000,0.000000,0.300000,0.300000,3.000000,-0.200000
31.724000,0.099000,1.000000,0.999976,0.200000,0.200000,0.799976,18.203890,0.199994,0.000000,-0.000006,-0.000006,0.250000,0.000000,0.300000,0.300000,3.000000,-0.200000
31.824000,0.100000,1.000000,0.999977,0.200000,0.200000,0.799977,18.283888,0.199994,0.000000,-0.000006,-0.000006,0.250000,0.000000,0.300000,0.300000,3.000000,-0.200000
31.924000,0.100000,1.000000,0.999977,0.200000,0.200000,0.799977,18.363886,0.199994,0.000000,-0.000006,-0.000006,0.250000,0.000000,0.300000,0.300000,3.000000,-0.200000
32.023000,0.099000,1.000000,0.999978,0.200000,0.200000,0.799978,18.443083,0.199995,0.000000,-0.000005,-0.000005,0.250000,0.000000,0.300000,0.300000,3.000000,-0.200000
32.124000,0.101000,1.000000,0.999979,0.200000,0.200000,0.799979,18.523880,0.199995,0.000000,-0.000005,-0.000005,0.250000,0.000000,0.300000,0.300000,3.000000,-0.200000
32.224000,0.100000,1.000000,0.999979,0.200000,0.200000,0.799979,18.603878,0.199995,0.000000,-0.000005,-0.000005,0.250000,0.000000,0.300000,0.300000,3.000000,-0.200000
32.324000,0.100000,1.000000,0.999980,0.200000,0.200000,0.799980,18.683876,0.199995,0.000000,-0.000005,-0.000005,0.250000,0.000000,0.300000,0.300000,3.000000,-0.200000
32.424000,0.100000,1.000000,0.999981,0.200000,0.200000,0.799981,18.763874,0.199995,0.000000,-0.000005,-0.000005,0.250000,0.000000,0.300000,0.300000,3.000000,-0.200000
32.531000,0.107000,1.000000,0.999981,0.200000,0.200000,0.799981,18.849472,0.199995,0.000000,-0.000005,-0.000005,0.250000,0.000000,0.300000,0.300000,3.000000,-0.200000
32.624000,0.093000,1.000000,0.999982,0.200000,0.200000,0.799982,18.923870,0.199995,0.000000,-0.000005,-0.000005,0.250000,0.000000,0.300000,0.300000,3.000000,-0.200000
32.726000,0.102000,1.000000,0.999982,0.200000,0.200000,0.799982,19.005468,0.199996,0.000000,-0.000004,-0.000004,0.250000,0.000000,0.300000,0.300000,3.000000,-0.200000
32.825000,0.099000,1.000000,0.999983,0.200000,0.200000,0.799983,19.084667,0.199996,0.000000,-0.000004,-0.000004,0.250000,0.000000,0.300000,0.300000,3.000000,-0.200000
32.926000,0.101000,1.000000,0.999984,0.200000,0.200000,0.799984,19.165466,0.199996,0.000000,-0.000004,-0.000004,0.250000,0.000000,0.300000,0.300000,3.000000,-0.200000
33.026000,0.100000,1.000000,0.999984,0.200000,0.200000,0.799984,19.245464,0.199996,0.000000,-0.000004,-0.000004,0.250000,0.000000,0.300000,0.300000,3.000000,-0.200000
33.130000,0.104000,1.000000,0.999985,0.200000,0.200000,0.799985,19.328663,0.199996,0.000000,-0.000004,-0.000004,0.250000,0.000000,0.300000,0.300000,3.000000,-0.200000
33.226000,0.096000,1.000000,0.999985,0.200000,0.200000,0.799985,19.405462,0.199996,0.000000,-0.000004,-0.000004,0.250000,0.000000,0.300000,0.300000,3.000000,-0.200000
33.326000,0.100000,1.000000,0.999986,0.200000,0.200000,0.799986,19.485460,0.199996,0.000000,-0.000004,-0.000004,0.250000,0.000000,0.300000,0.300000,3.000000,-0.200000
33.426000,0.100000,1.000000,0.999986,0.200000,0.200000,0.799986,19.565458,0.199997,0.000000,-0.000003,-0.000003,0.250000,0.000000,0.300000,0.300000,3.000000,-0.200000
33.526000,0.100000,1.000000,0.999986,0.200000,0.200000,0.799986,19.645456,0.199997,0.000000,-0.000003,-0.000003,0.250000,0.000000,0.300000,0.300000,3.000000,-0.200000
33.622000,0.096000,1.000000,0.999987,0.200000,0.200000,0.799987,19.722256,0.199997,0.000000,-0.000003,-0.000003,0.250000,0.000000,0.300000,0.300000,3.000000,-0.200000
33.729000,0.107000,1.000000,0.999987,0.200000,0.200000,0.799987,19.807854,0.199997,0.000000,-0.000003,-0.000003,0.250000,0.000000,0.300000,0.300000,3.000000,-0.200000
33.830000,0.101000,1.000000,0.999988,0.200000,0.200000,0.799988,19.888653,0.199997,0.000000,-0.000003,-0.000003,0.250000,0.000000,0.300000,0.300000,3.000000,-0.200000
33.924000,0.094000,1.000000,0.999988,0.200000,0.200000,0.799988,19.963852,0.199997,0.000000,-0.000003,-0.000003,0.250000,0.000000,0.300000,0.300000,3.000000,-0.200000
34.034000,0.110000,1.000000,0.999989,0.200000,0.200000,0.799989,20.051851,0.199997,0.000000,-0.000003,-0.000003,0.250000,0.000000,0.300000,0.300000,3.000000,-0.200000
34.131000,0.097000,1.000000,0.999989,0.200000,0.200000,0.799989,20.129450,0.199997,0.000000,-0.000003,-0.000003,0.250000,0.000000,0.300000,0.300000,3.000000,-0.200000
34.228000,0.097000,1.000000,0.999989,0.200000,0.200000,0.799989,20.207048,0.199997,0.000000,-0.000003,-0.000003,0.250000,0.000000,0.300000,0.300000,3.000000,-0.200000
34.336000,0.108000,1.000000,0.999990,0.200000,0.200000,0.799990,20.293447,0.199997,0.000000,-0.000003,-0.000003,0.250000,0.000000,0.300000,0.300000,3.000000,-0.200000
34.437000,0.101000,1.000000,0.999990,0.200000,0.200000,0.799990,20.374247,0.199997,0.000000,-0.000003,-0.000003,0.250000,0.000000,0.300000,0.300000,3.000000,-0.200000
34.542000,0.105000,1.000000,0.999990,0.200000,0.200000,0.799990,20.458246,0.199998,0.000000,-0.000002,-0.000002,0.250000,0.000000,0.300000,0.300000,3.000000,-0.200000
34.625000,0.083000,1.000000,0.999991,0.200000,0.200000,0.799991,20.524645,0.199998,0.000000,-0.000002,-0.000002,0.250000,0.000000,0.300000,0.300000,3.000000,-0.200000
34.728000,0.103000,1.000000,0.999991,0.200000,0.200000,0.799991,20.607044,0.199998,0.000000,-0.000002,-0.000002,0.250000,0.000000,0.300000,0.300000,3.000000,-0.200000
34.824000,0.096000,1.000000,0.999991,0.200000,0.200000,0.799991,20.683844,0.199998,0.000000,-0.000002,-0.000002,0.250000,0.000000,0.300000,0.300000,3.000000,-0.200000
34.923000,0.099000,1.000000,0.999991,0.200000,0.200000,0.799991,20.763042,0.199998,0.000000,-0.000002,-0.000002,0.250000,0.000000,0.300000,0.300000,3.000000,-0.200000
35.024000,0.101000,1.000000,0.999992,0.200000,0.200000,0.799992,20.843842,0.199998,0.000000,-0.000002,-0.000002,0.250000,0.000000,0.300000,0.300000,3.000000,-0.200000
35.125000,0.101000,1.000000,0.999992,0.200000,0.200000,0.799992,20.924641,0.199998,0.000000,-0.000002,-0.000002,0.250000,0.000000,0.300000,0.300000,3.000000,-0.200000
35.226000,0.101000,1.000000,0.999992,0.200000,0.200000,0.799992,21.005440,0.199998,0.000000,-0.000002,-0.000002,0.250000,0.000000,0.300000,0.300000,3.000000,-0.200000
35.326000,0.100000,1.000000,0.999992,0.200000,0.200000,0.799993,21.085440,0.199998,0.000000,-0.000002,-0.000002,0.250000,0.000000,0.300000,0.300000,3.000000,-0.200000
35.426000,0.100000,1.000000,0.999993,0.200000,0.200000,0.799993,21.165440,0.199998,0.000000,-0.000002,-0.000002,0.250000,0.000000,0.300000,0.300000,3.000000,-0.200000
35.525000,0.099000,1.000000,0.999993,0.200000,0.200000,0.799993,21.244638,0.199998,0.000000,-0.000002,-0.000002,0.250000,0.000000,0.300000,0.300000,3.000000,-0.200000
35.623000,0.098000,1.000000,0.999993,0.200000,0.200000,0.799993,21.323038,0.199998,0.000000,-0.000002,-0.000002,0.250000,0.000000,0.300000,0.300000,3.000000,-0.200000
35.725000,0.102000,1.000000,0.999993,0.200000,0.200000,0.799993,21.404638,0.199998,0.000000,-0.000002,-0.000002,0.250000,0.000000,0.300000,0.300000,3.000000,-0.200000
35.823000,0.098000,1.000000,0.999994,0.200000,0.200000,0.799994,21.483038,0.199998,0.000000,-0.000002,-0.000002,0.250000,0.000000,0.300000,0.300000,3.000000,-0.200000
35.923000,0.100000,1.000000,0.999994,0.200000,0.200000,0.799994,21.563038,0.199998,0.000000,-0.000002,-0.000002,0.250000,0.000000,0.300000,0.300000,3.000000,-0.200000
36.022000,0.099000,1.000000,0.999994,0.200000,0.200000,0.799994,21.642237,0.199998,0.000000,-0.000002,-0.000002,0.250000,0.000000,0.300000,0.300000,3.000000,-0.200000
36.123000,0.101000,1.000000,0.999994,0.200000,0.200000,0.799994,21.723036,0.199999,0.000000,-0.000001,-0.000001,0.250000,0.000000,0.300000,0.300000,3.000000,-0.200000
36.242000,0.119000,1.000000,0.999994,0.200000,0.200000,0.799994,21.818235,0.199999,0.000000,-0.000001,-0.000001,0.250000,0.000000,0.300000,0.300000,3.000000,-0.200000
36.329000,0.087000,1.000000,0.999995,0.200000,0.200000,0.799995,21.887835,0.199999,0.000000,-0.000001,-0.000001,0.250000,0.000000,0.300000,0.300000,3.000000,-0.200000
36.423000,0.094000,1.000000,0.999995,0.200000,0.200000,0.799995,21.963034,0.199999,0.000000,-0.000001,-0.000001,0.250000,0.000000,0.300000,0.300000,3.000000,-0.200000
36.528000,0.105000,1.000000,0.999995,0.200000,0.200000,0.799995,22.047033,0.199999,0.000000,-0.000001,-0.000001,0.250000,0.000000,0.300000,0.300000,3.000000,-0.200000
36.627000,0.099000,1.000000,0.999995,0.200000,0.200000,0.799995,22.126232,0.199999,0.000000,-0.000001,-0.000001,0.250000,0.000000,0.300000,0.300000,3.000000,-0.200000
36.729000,0.102000,1.000000,0.999995,0.200000,0.200000,0.799995,22.207832,0.199999,0.000000,-0.000001,-0.000001,0.250000,0.000000,0.300000,0.300000,3.000000,-0.200000
36.824000,0.095000,1.000000,0.999995,0.200000,0.200000,0.799995,22.283833,0.199999,0.000000,-0.000001,-0.000001,0.250000,0.000000,0.300000,0.300000,3.000000,-0.200000
36.925000,0.101000,1.000000,0.999996,0.200000,0.200000,0.799996,22.364632,0.199999,0.000000,-0.000001,-0.000001,0.250000,0.000000,0.300000,0.300000,3.000000,-0.200000
37.023000,0.098000,1.000000,0.999996,0.200000,0.200000,0.799996,22.443031,0.199999,0.000000,-0.000001,-0.000001,0.250000,0.000000,0.300000,0.300000,3.000000,-0.200000
37.129000,0.106000,1.000000,0.999996,0.200000,0.200000,0.799996,22.527830,0.199999,0.000000,-0.000001,-0.000001,0.250000,0.000000,0.300000,0.300000,3.000000,-0.200000
37.224000,0.095000,1.000000,0.999996,0.200000,0.200000,0.799996,22.603830,0.199999,0.000000,-0.000001,-0.000001,0.250000,0.000000,0.300000,0.300000,3.000000,-0.200000
37.322000,0.098000,1.000000,0.999996,0.200000,0.200000,0.799996,22.682230,0.199999,0.000000,-0.000001,-0.000001,0.250000,0.000000,0.300000,0.300000,3.000000,-0.200000
37.427000,0.105000,1.000000,0.999996,0.200000,0.200000,0.799996,22.766230,0.199999,0.000000,-0.000001,-0.000001,0.250000,0.000000,0.300000,0.300000,3.000000,-0.200000
37.522000,0.095000,1.000000,0.999996,0.200000,0.200000,0.799996,22.842230,0.199999,0.000000,-0.000001,-0.000001,0.250000,0.000000,0.300000,0.300000,3.000000,-0.200000
37.623000,0.101000,1.000000,0.999996,0.200000,0.200000,0.799996,22.923029,0.199999,0.000000,-0.000001,-0.000001,0.250000,0.000000,0.300000,0.300000,3.000000,-0.200000
37.725000,0.102000,1.000000,0.999997,0.200000,0.200000,0.799996,23.004629,0.199999,0.000000,-0.000001,-0.000001,0.250000,0.000000,0.300000,0.300000,3.000000,-0.200000
37.825000,0.100000,1.000000,0.999997,0.200000,0.200000,0.799997,23.084629,0.199999,0.000000,-0.000001,-0.000001,0.250000,0.000000,0.300000,0.300000,3.000000,-0.200000
37.925000,0.100000,1.000000,0.999997,0.200000,0.200000,0.799997,23.164629,0.199999,0.000000,-0.000001,-0.000001,0.250000,0.000000,0.300000,0.300000,3.000000,-0.200000
38.026000,0.101000,1.000000,0.999997,0.200000,0.200000,0.799997,23.245428,0.199999,0.000000,-0.000001,-0.000001,0.250000,0.000000,0.300000,0.300000,3.000000,-0.200000
38.125000,0.099000,1.000000,0.999997,0.200000,0.200000,0.799997,23.324627,0.199999,0.000000,-0.000001,-0.000001,0.250000,0.000000,0.300000,0.300000,3.000000,-0.200000
38.223000,0.098000,1.000000,0.999997,0.200000,0.200000,0.799997,23.403027,0.199999,0.000000,-0.000001,-0.000001,0.250000,0.000000,0.300000,0.300000,3.000000,-0.200000
38.327000,0.104000,1.000000,0.999997,0.200000,0.200000,0.799997,23.486227,0.199999,0.000000,-0.000001,-0.000001,0.250000,0.000000,0.300000,0.300000,3.000000,-0.200000
38.425000,0.098000,1.000000,0.999997,0.200000,0.200000,0.799997,23.564627,0.199999,0.000000,-0.000001,-0.000001,0.250000,0.000000,0.300000,0.300000,3.000000,-0.200000
38.537000,0.112000,1.000000,0.999997,0.200000,0.200000,0.799997,23.654226,0.199999,0.000000,-0.000001,-0.000001,0.250000,0.000000,0.300000,0.300000,3.000000,-0.200000
38.623000,0.086000,1.000000,0.999997,0.200000,0.200000,0.799997,23.723026,0.199999,0.000000,-0.000001,-0.000001,0.250000,0.000000,0.300000,0.300000,3.000000,-0.200000
38.725000,0.102000,1.000000,0.999997,0.200000,0.200000,0.799997,23.804626,0.199999,0.000000,-0.000001,-0.000001,0.250000,0.000000,0.300000,0.300000,3.000000,-0.200000
38.822000,0.097000,1.000000,0.999998,0.200000,0.200000,0.799998,23.882227,0.199999,0.000000,-0.000001,-0.000001,0.250000,0.000000,0.300000,0.300000,3.000000,-0.200000
38.928000,0.106000,1.000000,0.999998,0.200000,0.200000,0.799998,23.967026,0.199999,0.000000,-0.000001,-0.000001,0.250000,0.000000,0.300000,0.300000,3.000000,-0.200000
39.022000,0.094000,1.000000,0.999998,0.200000,0.200000,0.799998,24.042225,0.199999,0.000000,-0.000001,-0.000001,0.250000,0.000000,0.300000,0.300000,3.000000,-0.200000
39.123000,0.101000,1.000000,0.999998,0.200000,0.200000,0.799998,24.123024,0.199999,0.000000,-0.000001,-0.000001,0.250000,0.000000,0.300000,0.300000,3.000000,-0.200000
39.224000,0.101000,1.000000,0.999998,0.200000,0.200000,0.799998,24.203823,0.199999,0.000000,-0.000001,-0.000001,0.250000,0.000000,0.300000,0.300000,3.000000,-0.200000
39.323000,0.099000,1.000000,0.999998,0.200000,0.200000,0.799998,24.283024,0.200000,0.000000,-0.000000,-0.000000,0.250000,0.000000,0.300000,0.300000,3.000000,-0.200000
39.423000,0.100000,1.000000,0.999998,0.200000,0.200000,0.799998,24.363024,0.200000,0.000000,-0.000000,-0.000000,0.250000,0.000000,0.300000,0.300000,3.000000,-0.200000
39.522000,0.099000,1.000000,0.999998,0.200000,0.200000,0.799998,24.442225,0.200000,0.000000,-0.000000,-0.000000,0.250000,0.000000,0.300000,0.300000,3.000000,-0.200000
39.622000,0.100000,1.000000,0.999998,0.200000,0.200000,0.799998,24.522224,0.200000,0.000000,-0.000000,-0.000000,0.250000,0.000000,0.300000,0.300000,3.000000,-0.200000
39.722000,0.100000,1.000000,0.999998,0.200000,0.200000,0.799998,24.602224,0.200000,0.000000,-0.000000,-0.000000,0.250000,0.000000,0.300000,0.300000,3.000000,-0.200000
39.836000,0.114000,1.000000,0.999998,0.200000,0.200000,0.799998,24.693424,0.200000,0.000000,-0.000000,-0.000000,0.250000,0.000000,0.300000,0.300000,3.000000,-0.200000
39.924000,0.088000,1.000000,0.999998,0.200000,0.200000,0.799998,24.763824,0.200000,0.000000,-0.000000,-0.000000,0.250000,0.000000,0.300000,0.300000,3.000000,-0.200000
40.034000,0.110000,1.000000,0.999998,0.200000,0.200000,0.799998,24.851824,0.200000,0.000000,-0.000000,-0.000000,0.250000,0.000000,0.300000,0.300000,3.000000,-0.200000
40.122000,0.088000,1.000000,0.999998,0.200000,0.200000,0.799998,24.922224,0.200000,0.000000,-0.000000,-0.000000,0.250000,0.000000,0.300000,0.300000,3.000000,-0.200000
40.223000,0.101000,1.000000,0.999999,0.200000,0.200000,0.799999,25.003023,0.200000,0.000000,-0.000000,-0.000000,0.250000,0.000000,0.300000,0.300000,3.000000,-0.200000
40.321000,0.098000,1.000000,0.999999,0.200000,0.200000,0.799999,25.081423,0.200000,0.000000,-0.000000,-0.000000,0.250000,0.000000,0.300000,0.300000,3.000000,-0.200000
40.422000,0.101000,1.000000,0.999999,0.200000,0.200000,0.799999,25.162222,0.200000,0.000000,-0.000000,-0.000000,0.250000,0.000000,0.300000,0.300000,3.000000,-0.200000
40.523000,0.101000,1.000000,0.999999,0.200000,0.200000,0.799999,25.243021,0.200000,0.000000,-0.000000,-0.000000,0.250000,0.000000,0.300000,0.300000,3.000000,-0.200000
40.623000,0.100000,1.000000,0.999999,0.200000,0.200000,0.799999,25.323021,0.200000,0.000000,-0.000000,-0.000000,0.250000,0.000000,0.300000,0.300000,3.000000,-0.200000
40.727000,0.104000,1.000000,0.999999,0.200000,0.200000,0.799999,25.406221,0.200000,0.000000,-0.000000,-0.000000,0.250000,0.000000,0.300000,0.300000,3.000000,-0.200000
40.823000,0.096000,1.000000,0.999999,0.200000,0.200000,0.799999,25.483021,0.200000,0.000000,-0.000000,-0.000000,0.250000,0.000000,0.300000,0.300000,3.000000,-0.200000
40.923000,0.100000,1.000000,0.999999,0.200000,0.200000,0.799999,25.563021,0.200000,0.000000,-0.000000,-0.000000,0.250000,0.000000,0.300000,0.300000,3.000000,-0.200000
41.032000,0.109000,1.000000,0.999999,0.200000,0.200000,0.799999,25.650221,0.200000,0.000000,-0.000000,-0.000000,0.250000,0.000000,0.300000,0.300000,3.000000,-0.200000
41.126000,0.094000,1.000000,0.999999,0.200000,0.200000,0.799999,25.725420,0.200000,0.000000,-0.000000,-0.000000,0.250000,0.000000,0.300000,0.300000,3.000000,-0.200000
41.223000,0.097000,1.000000,0.999999,0.200000,0.200000,0.799999,25.803020,0.200000,0.000000,-0.000000,-0.000000,0.250000,0.000000,0.300000,0.300000,3.000000,-0.200000
41.331000,0.108000,1.000000,0.999999,0.200000,0.200000,0.799999,25.889420,0.200000,0.000000,-0.000000,-0.000000,0.250000,0.000000,0.300000,0.300000,3.000000,-0.200000
41.425000,0.094000,1.000000,0.999999,0.200000,0.200000,0.799999,25.964619,0.200000,0.000000,-0.000000,-0.000000,0.250000,0.000000,0.300000,0.300000,3.000000,-0.200000
41.526000,0.101000,1.000000,0.999999,0.200000,0.200000,0.799999,26.045418,0.200000,0.000000,-0.000000,-0.000000,0.250000,0.000000,0.300000,0.300000,3.000000,-0.200000
41.639000,0.113000,1.000000,0.999999,0.200000,0.200000,0.799999,26.135818,0.200000,0.000000,-0.000000,-0.000000,0.250000,0.000000,0.300000,0.300000,3.000000,-0.200000
41.723000,0.084000,1.000000,0.999999,0.200000,0.200000,0.799999,26.203018,0.200000,0.000000,-0.000000,-0.000000,0.250000,0.000000,0.300000,0.300000,3.000000,-0.200000
41.823000,0.100000,1.000000,0.999999,0.200000,0.200000,0.799999,26.283018,0.200000,0.000000,-0.000000,-0.000000,0.250000,0.000000,0.300000,0.300000,3.000000,-0.200000
41.926000,0.103000,1.000000,0.999999,0.200000,0.200000,0.799999,26.365417,0.200000,0.000000,-0.000000,-0.000000,0.250000,0.000000,0.300000,0.300000,3.000000,-0.200000
42.022000,0.096000,1.000000,0.999999,0.200000,0.200000,0.799999,26.442217,0.200000,0.000000,-0.000000,-0.000000,0.250000,0.000000,0.300000,0.300000,3.000000,-0.200000
42.122000,0.100000,1.000000,0.999999,0.200000,0.200000,0.799999,26.522217,0.200000,0.000000,-0.000000,-0.000000,0.250000,0.000000,0.300000,0.300000,3.000000,-0.200000
42.224000,0.102000,1.000000,0.999999,0.200000,0.200000,0.799999,26.603817,0.200000,0.000000,-0.000000,-0.000000,0.250000,0.000000,0.300000,0.300000,3.000000,-0.200000
42.324000,0.100000,1.000000,0.999999,0.200000,0.200000,0.799999,26.683817,0.200000,0.000000,-0.000000,-0.000000,0.250000,0.000000,0.300000,0.300000,3.000000,-0.200000
42.424000,0.100000,1.000000,0.999999,0.200000,0.200000,0.799999,26.763817,0.200000,0.000000,-0.000000,-0.000000,0.250000,0.000000,0.300000,0.300000,3.000000,-0.200000
42.524000,0.100000,1.000000,0.999999,0.200000,0.200000,0.799999,26.843817,0.200000,0.000000,-0.000000,-0.000000,0.250000,0.000000,0.300000,0.300000,3.000000,-0.200000
42.625000,0.101000,1.000000,0.999999,0.200000,0.200000,0.799999,26.924616,0.200000,0.000000,-0.000000,-0.000000,0.250000,0.000000,0.300000,0.300000,3.000000,-0.200000
42.725000,0.100000,1.000000,0.999999,0.200000,0.200000,0.799999,27.004616,0.200000,0.000000,-0.000000,-0.000000,0.250000,0.000000,0.300000,0.300000,3.000000,-0.200000
42.822000,0.097000,1.000000,1.000000,0.200000,0.200000,0.799999,27.082216,0.200000,0.000000,-0.000000,-0.000000,0.250000,0.000000,0.300000,0.300000,3.000000,-0.200000
42.923000,0.101000,1.000000,1.000000,0.200000,0.200000,0.799999,27.163015,0.200000,0.000000,-0.000000,-0.000000,0.250000,0.000000,0.300000,0.300000,3.000000,-0.200000
43.039000,0.116000,1.000000,1.000000,0.200000,0.200000,0.799999,27.255816,0.200000,0.000000,-0.000000,-0.000000,0.250000,0.000000,0.300000,0.300000,3.000000,-0.200000
43.123000,0.084000,1.000000,1.000000,0.200000,0.200000,0.800000,27.323015,0.200000,0.000000,-0.000000,-0.000000,0.250000,0.000000,0.300000,0.300000,3.000000,-0.200000
43.224000,0.101000,1.000000,1.000000,0.200000,0.200000,0.800000,27.403814,0.200000,0.000000,-0.000000,-0.000000,0.250000,0.000000,0.300000,0.300000,3.000000,-0.200000
43.324000,0.100000,1.000000,1.000000,0.200000,0.200000,0.800000,27.483814,0.200000,0.000000,-0.000000,-0.000000,0.250000,0.000000,0.300000,0.300000,3.000000,-0.200000
43.422000,0.098000,1.000000,1.000000,0.200000,0.200000,0.800000,27.562214,0.200000,0.000000,-0.000000,-0.000000,0.250000,0.000000,0.300000,0.300000,3.000000,-0.200000
43.523000,0.101000,1.000000,1.000000,0.200000,0.200000,0.800000,27.643013,0.200000,0.000000,-0.000000,-0.000000,0.250000,0.000000,0.300000,0.300000,3.000000,-0.200000
43.639000,0.116000,1.000000,1.000000,0.200000,0.200000,0.800000,27.735813,0.200000,0.000000,-0.000000,-0.000000,0.250000,0.000000,0.300000,0.300000,3.000000,-0.200000
43.722000,0.083000,1.000000,1.000000,0.200000,0.200000,0.800000,27.802214,0.200000,0.000000,-0.000000,-0.000000,0.250000,0.000000,0.300000,0.300000,3.000000,-0.200000
43.827000,0.105000,1.000000,1.000000,0.200000,0.200000,0.800000,27.886213,0.200000,0.000000,-0.000000,-0.000000,0.250000,0.000000,0.300000,0.300000,3.000000,-0.200000
43.934000,0.107000,1.000000,1.000000,0.200000,0.200000,0.800000,27.971813,0.200000,0.000000,-0.000000,-0.000000,0.250000,0.000000,0.300000,0.300000,3.000000,-0.200000
44.031000,0.097000,1.000000,1.000000,0.200000,0.200000,0.800000,28.049414,0.200000,0.000000,-0.000000,-0.000000,0.250000,0.000000,0.300000,0.300000,3.000000,-0.200000
44.123000,0.092000,1.000000,1.000000,0.200000,0.200000,0.800000,28.123014,0.200000,0.000000,-0.000000,-0.000000,0.250000,0.000000,0.300000,0.300000,3.000000,-0.200000
44.223000,0.100000,1.000000,1.000000,0.200000,0.200000,0.800000,28.203014,0.200000,0.000000,-0.000000,-0.000000,0.250000,0.000000,0.300000,0.300000,3.000000,-0.200000
44.323000,0.100000,1.000000,1.000000,0.200000,0.200000,0.800000,28.283014,0.200000,0.000000,-0.000000,-0.000000,0.250000,0.000000,0.300000,0.300000,3.000000,-0.200000
44.428000,0.105000,1.000000,1.000000,0.200000,0.200000,0.800000,28.367014,0.200000,0.000000,-0.000000,-0.000000,0.250000,0.000000,0.300000,0.300000,3.000000,-0.200000
44.523000,0.095000,1.000000,1.000000,0.200000,0.200000,0.800000,28.443014,0.200000,0.000000,-0.000000,-0.000000,0.250000,0.000000,0.300000,0.300000,3.000000,-0.200000
44.634000,0.111000,1.000000,1.000000,0.200000,0.200000,0.800000,28.531815,0.200000,0.000000,-0.000000,-0.000000,0.250000,0.000000,0.300000,0.300000,3.000000,-0.200000
44.732000,0.098000,1.000000,1.000000,0.200000,0.200000,0.800000,28.610214,0.200000,0.000000,-0.000000,-0.000000,0.250000,0.000000,0.300000,0.300000,3.000000,-0.200000
44.832000,0.100000,1.000000,1.000000,0.200000,0.200000,0.800000,28.690214,0.200000,0.000000,-0.000000,-0.000000,0.250000,0.000000,0.300000,0.300000,3.000000,-0.200000
44.933000,0.101000,1.000000,1.000000,0.230000,0.207556,0.792444,28.770250,0.198111,0.000000,-0.001889,-0.001889,0.250000,0.000000,0.300000,0.300000,3.000000,-0.200000
45.034000,0.101000,1.000000,1.000000,0.260000,0.220765,0.779235,28.848953,0.194809,0.000000,-0.005191,-0.005191,0.250000,0.000000,0.300000,0.300000,3.000000,-0.200000
45.136000,0.102000,1.000000,1.000000,0.280000,0.235795,0.764205,28.926903,0.191051,0.000000,-0.008949,-0.008949,0.250000,0.000000,0.300000,0.300000,3.000000,-0.200000
45.233000,0.097000,1.000000,1.000000,0.360000,0.266142,0.733858,28.998087,0.183464,0.000000,-0.016536,-0.016536,0.250000,0.000000,0.300000,0.300000,3.000000,-0.200000
45.332000,0.099000,1.000000,1.000000,0.400000,0.299355,0.700645,29.067451,0.175161,0.000000,-0.024839,-0.024839,0.250000,0.000000,0.300000,0.300000,3.000000,-0.200000
45.433000,0.101000,1.000000,1.000000,0.430000,0.332261,0.667739,29.134893,0.166935,0.000000,-0.033065,-0.033065,0.250000,0.000000,0.300000,0.300000,3.000000,-0.200000
45.538000,0.105000,1.000000,1.000000,0.460000,0.365378,0.634622,29.201529,0.158655,0.000000,-0.041345,-0.041345,0.250000,0.000000,0.300000,0.300000,3.000000,-0.200000
45.685000,0.147000,1.000000,1.000000,0.480000,0.403073,0.596927,29.289276,0.149232,0.000000,-0.050768,-0.050768,0.250000,0.000000,0.300000,0.300000,3.000000,-0.200000
45.728000,0.043000,1.000000,1.000000,0.500000,0.415224,0.584776,29.314421,0.146194,0.000000,-0.053806,-0.053806,0.250000,0.000000,0.300000,0.300000,3.000000,-0.200000
45.824000,0.096000,1.000000,1.000000,0.550000,0.447897,0.552103,29.367422,0.138026,0.000000,-0.061974,-0.061974,0.250000,0.000000,0.300000,0.300000,3.000000,-0.200000
45.924000,0.100000,1.000000,1.000000,0.580000,0.480923,0.519077,29.419331,0.129769,0.000000,-0.070231,-0.070231,0.250000,0.000000,0.300000,0.300000,3.000000,-0.200000
46.026000,0.102000,1.000000,1.000000,0.620000,0.516211,0.483789,29.468678,0.120947,0.000000,-0.079053,-0.079053,0.250000,0.000000,0.300000,0.300000,3.000000,-0.200000
46.127000,0.101000,1.000000,1.000000,0.650000,0.549908,0.450092,29.514137,0.112523,0.000000,-0.087477,-0.087477,0.250000,0.000000,0.300000,0.300000,3.000000,-0.200000
46.225000,0.098000,1.000000,1.000000,0.660000,0.577016,0.422984,29.555590,0.105746,0.000000,-0.094254,-0.094254,0.250000,0.000000,0.300000,0.300000,3.000000,-0.200000
46.324000,0.099000,1.000000,1.000000,0.690000,0.605050,0.394950,29.594690,0.098738,0.000000,-0.101262,-0.101262,0.250000,0.000000,0.300000,0.300000,3.000000,-0.200000
46.424000,0.100000,1.000000,1.000000,0.700000,0.628787,0.371212,29.631811,0.092803,0.000000,-0.107197,-0.107197,0.250000,0.000000,0.300000,0.300000,3.000000,-0.200000
46.524000,0.100000,1.000000,1.000000,0.710000,0.649091,0.350909,29.666903,0.087727,0.000000,-0.112273,-0.112273,0.250000,0.000000,0.300000,0.300000,3.000000,-0.200000
46.625000,0.101000,1.000000,1.000000,0.720000,0.666951,0.333049,29.700541,0.083262,0.000000,-0.116738,-0.116738,0.250000,0.000000,0.300000,0.300000,3.000000,-0.200000
46.735000,0.110000,1.000000,1.000000,0.730000,0.683866,0.316134,29.735315,0.079033,0.000000,-0.120967,-0.120967,0.250000,0.000000,0.300000,0.300000,3.000000,-0.200000
46.822000,0.087000,1.000000,1.000000,0.740000,0.696486,0.303514,29.761721,0.075879,0.000000,-0.124121,-0.124121,0.250000,0.000000,0.300000,0.300000,3.000000,-0.200000
46.922000,0.100000,1.000000,1.000000,0.740000,0.707364,0.292636,29.790985,0.073159,0.000000,-0.126841,-0.126841,0.250000,0.000000,0.300000,0.300000,3.000000,-0.200000
47.024000,0.102000,1.000000,1.000000,0.740000,0.715645,0.284355,29.819990,0.071089,0.000000,-0.128911,-0.128911,0.250000,0.000000,0.300000,0.300000,3.000000,-0.200000
47.124000,0.100000,1.000000,1.000000,0.740000,0.721734,0.278266,29.847816,0.069567,0.000000,-0.130433,-0.130433,0.250000,0.000000,0.300000,0.300000,3.000000,-0.200000
47.224000,0.100000,1.000000,1.000000,0.740000,0.726300,0.273700,29.875187,0.068425,0.000000,-0.131575,-0.131575,0.250000,0.000000,0.300000,0.300000,3.000000,-0.200000
47.324000,0.100000,1.000000,1.000000,0.750000,0.732225,0.267775,29.901964,0.066944,0.000000,-0.133056,-0.133056,0.250000,0.000000,0.300000,0.300000,3.000000,-0.200000
47.424000,0.100000,1.000000,1.000000,0.740000,0.734169,0.265831,29.928547,0.066458,0.000000,-0.133542,-0.133542,0.250000,0.000000,0.300000,0.300000,3.000000,-0.200000
47.524000,0.100000,1.000000,1.000000,0.730000,0.733127,0.266873,29.955235,0.066718,0.000000,-0.133282,-0.133282,0.250000,0.000000,0.300000,0.300000,3.000000,-0.200000
47.625000,0.101000,1.000000,1.000000,0.710000,0.727302,0.272698,29.982777,0.068175,0.000000,-0.131825,-0.131825,0.250000,0.000000,0.300000,0.300000,3.000000,-0.200000
47.722000,0.097000,1.000000,1.000000,0.700000,0.720631,0.279369,30.009876,0.069842,0.000000,-0.130158,-0.130158,0.250000,0.000000,0.300000,0.300000,3.000000,-0.200000
47.823000,0.101000,1.000000,1.000000,0.690000,0.712916,0.287084,30.038872,0.071771,0.000000,-0.128229,-0.128229,0.250000,0.000000,0.300000,0.300000,3.000000,-0.200000
47.924000,0.101000,1.000000,1.000000,0.670000,0.702107,0.297893,30.068958,0.074473,0.000000,-0.125527,-0.125527,0.250000,0.000000,0.300000,0.300000,3.000000,-0.200000
48.023000,0.099000,1.000000,1.000000,0.650000,0.689178,0.310822,30.099730,0.077705,0.000000,-0.122295,-0.122295,0.250000,0.000000,0.300000,0.300000,3.000000,-0.200000
48.122000,0.099000,1.000000,1.000000,0.650000,0.679457,0.320543,30.131464,0.080136,0.000000,-0.119864,-0.119864,0.250000,0.000000,0.300000,0.300000,3.000000,-0.200000
48.222000,0.100000,1.000000,1.000000,0.650000,0.672093,0.327907,30.164255,0.081977,0.000000,-0.118023,-0.118023,0.250000,0.000000,0.300000,0.300000,3.000000,-0.200000
48.335000,0.113000,1.000000,1.000000,0.640000,0.663312,0.336688,30.202301,0.084172,0.000000,-0.115828,-0.115828,0.250000,0.000000,0.300000,0.300000,3.000000,-0.200000
48.422000,0.087000,1.000000,1.000000,0.640000,0.658071,0.341929,30.232048,0.085482,0.000000,-0.114518,-0.114518,0.250000,0.000000,0.300000,0.300000,3.000000,-0.200000
48.522000,0.100000,1.000000,1.000000,0.640000,0.653553,0.346447,30.266693,0.086612,0.000000,-0.113388,-0.113388,0.250000,0.000000,0.300000,0.300000,3.000000,-0.200000
48.623000,0.101000,1.000000,1.000000,0.640000,0.650140,0.349860,30.302029,0.087465,0.000000,-0.112535,-0.112535,0.250000,0.000000,0.300000,0.300000,3.000000,-0.200000
48.723000,0.100000,1.000000,1.000000,0.640000,0.647605,0.352395,30.337269,0.088099,0.000000,-0.111901,-0.111901,0.250000,0.000000,0.300000,0.300000,3.000000,-0.200000
48.825000,0.102000,1.000000,1.000000,0.650000,0.648213,0.351787,30.373152,0.087947,0.000000,-0.112053,-0.112053,0.250000,0.000000,0.300000,0.300000,3.000000,-0.200000
48.923000,0.098000,1.000000,1.000000,0.660000,0.651115,0.348885,30.407343,0.087221,0.000000,-0.112779,-0.112779,0.250000,0.000000,0.300000,0.300000,3.000000,-0.200000
49.022000,0.099000,1.000000,1.000000,0.670000,0.655801,0.344199,30.441418,0.086050,0.000000,-0.113950,-0.113950,0.250000,0.000000,0.300000,0.300000,3.000000,-0.200000
49.122000,0.100000,1.000000,1.000000,0.670000,0.659351,0.340649,30.475483,0.085162,0.000000,-0.114838,-0.114838,0.250000,0.000000,0.300000,0.300000,3.000000,-0.200000
49.240000,0.118000,1.000000,1.000000,0.690000,0.668003,0.331997,30.514658,0.082999,0.000000,-0.117001,-0.117001,0.250000,0.000000,0.300000,0.300000,3.000000,-0.200000
49.324000,0.084000,1.000000,1.000000,0.700000,0.675002,0.324998,30.541958,0.081249,0.000000,-0.118751,-0.118751,0.250000,0.000000,0.300000,0.300000,3.000000,-0.200000
49.422000,0.098000,1.000000,1.000000,0.710000,0.683620,0.316380,30.572964,0.079095,0.000000,-0.120905,-0.120905,0.250000,0.000000,0.300000,0.300000,3.000000,-0.200000
49.522000,0.100000,1.000000,1.000000,0.710000,0.690215,0.309785,30.603943,0.077446,0.000000,-0.122554,-0.122554,0.250000,0.000000,0.300000,0.300000,3.000000,-0.200000
49.631000,0.109000,1.000000,1.000000,0.720000,0.698153,0.301847,30.636845,0.075462,0.000000,-0.124538,-0.124538,0.250000,0.000000,0.300000,0.300000,3.000000,-0.200000
49.722000,0.091000,1.000000,1.000000,0.720000,0.703237,0.296763,30.663851,0.074191,0.000000,-0.125809,-0.125809,0.250000,0.000000,0.300000,0.300000,3.000000,-0.200000
49.825000,0.103000,1.000000,1.000000,0.720000,0.707522,0.292478,30.693975,0.073120,0.000000,-0.126880,-0.126880,0.250000,0.000000,0.300000,0.300000,3.000000,-0.200000
49.922000,0.097000,1.000000,1.000000,0.720000,0.710570,0.289430,30.722050,0.072357,0.000000,-0.127643,-0.127643,0.250000,0.000000,0.300000,0.300000,3.000000,-0.200000
50.026000,0.104000,1.000000,1.000000,0.710000,0.710424,0.289576,30.752165,0.072394,0.000000,-0.127606,-0.127606,0.250000,0.000000,0.300000,0.300000,3.000000,-0.200000
50.123000,0.097000,1.000000,1.000000,0.700000,0.707877,0.292123,30.780500,0.073031,0.000000,-0.126969,-0.126969,0.250000,0.000000,0.300000,0.300000,3.000000,-0.200000
50.225000,0.102000,1.000000,1.000000,0.680000,0.700804,0.299196,30.811018,0.074799,0.000000,-0.125201,-0.125201,0.250000,0.000000,0.300000,0.300000,3.000000,-0.200000
50.323000,0.098000,1.000000,1.000000,0.670000,0.693219,0.306781,30.841082,0.076695,0.000000,-0.123305,-0.123305,0.250000,0.000000,0.300000,0.300000,3.000000,-0.200000
50.439000,0.116000,1.000000,1.000000,0.650000,0.681167,0.318833,30.878067,0.079708,0.000000,-0.120292,-0.120292,0.250000,0.000000,0.300000,0.300000,3.000000,-0.200000
50.523000,0.084000,1.000000,1.000000,0.630000,0.669974,0.330026,30.905788,0.082506,0.000000,-0.117494,-0.117494,0.250000,0.000000,0.300000,0.300000,3.000000,-0.200000
50.625000,0.102000,1.000000,1.000000,0.600000,0.652220,0.347780,30.941261,0.086945,0.000000,-0.113055,-0.113055,0.250000,0.000000,0.300000,0.300000,3.000000,-0.200000
50.725000,0.100000,1.000000,1.000000,0.570000,0.631665,0.368335,30.978094,0.092084,0.000000,-0.107916,-0.107916,0.250000,0.000000,0.300000,0.300000,3.000000,-0.200000
50.825000,0.100000,1.000000,1.000000,0.520000,0.603749,0.396251,31.017719,0.099063,0.000000,-0.100937,-0.100937,0.250000,0.000000,0.300000,0.300000,3.000000,-0.200000
50.924000,0.099000,1.000000,1.000000,0.480000,0.573044,0.426956,31.059988,0.106739,0.000000,-0.093261,-0.093261,0.250000,0.000000,0.300000,0.300000,3.000000,-0.200000
51.024000,0.100000,1.000000,1.000000,0.440000,0.539783,0.460217,31.106010,0.115054,0.000000,-0.084946,-0.084946,0.250000,0.000000,0.300000,0.300000,3.000000,-0.200000
51.131000,0.107000,1.000000,1.000000,0.390000,0.500405,0.499595,31.159468,0.124899,0.000000,-0.075101,-0.075101,0.250000,0.000000,0.300000,0.300000,3.000000,-0.200000
51.233000,0.102000,1.000000,1.000000,0.310000,0.452093,0.547907,31.215355,0.136977,0.000000,-0.063023,-0.063023,0.250000,0.000000,0.300000,0.300000,3.000000,-0.200000
51.323000,0.090000,1.000000,1.000000,0.260000,0.407764,0.592236,31.268656,0.148059,0.000000,-0.051941,-0.051941,0.250000,0.000000,0.300000,0.300000,3.000000,-0.200000
51.424000,0.101000,1.000000,1.000000,0.210000,0.357953,0.642047,31.333502,0.160512,0.000000,-0.039488,-0.039488,0.250000,0.000000,0.300000,0.300000,3.000000,-0.200000
51.522000,0.098000,1.000000,1.000000,0.220000,0.323985,0.676015,31.399752,0.169004,0.000000,-0.030996,-0.030996,0.250000,0.000000,0.300000,0.300000,3.000000,-0.200000
51.641000,0.119000,1.000000,1.000000,0.280000,0.311493,0.688507,31.481684,0.172127,0.000000,-0.027873,-0.027873,0.250000,0.000000,0.300000,0.300000,3.000000,-0.200000
51.724000,0.083000,1.000000,1.000000,0.370000,0.324172,0.675828,31.537777,0.168957,0.000000,-0.031043,-0.031043,0.250000,0.000000,0.300000,0.300000,3.000000,-0.200000
51.825000,0.101000,1.000000,1.000000,0.430000,0.350827,0.649173,31.603344,0.162293,0.000000,-0.037707,-0.037707,0.250000,0.000000,0.300000,0.300000,3.000000,-0.200000
51.925000,0.100000,1.000000,1.000000,0.460000,0.378120,0.621880,31.665531,0.155470,0.000000,-0.044530,-0.044530,0.250000,0.000000,0.300000,0.300000,3.000000,-0.200000
52.023000,0.098000,1.000000,1.000000,0.480000,0.403206,0.596794,31.724016,0.149198,0.000000,-0.050802,-0.050802,0.250000,0.000000,0.300000,0.300000,3.000000,-0.200000
52.123000,0.100000,1.000000,1.000000,0.480000,0.422405,0.577595,31.781776,0.144399,0.000000,-0.055601,-0.055601,0.250000,0.000000,0.300000,0.300000,3.000000,-0.200000
52.226000,0.103000,1.000000,1.000000,0.480000,0.437125,0.562875,31.839752,0.140719,0.000000,-0.059281,-0.059281,0.250000,0.000000,0.300000,0.300000,3.000000,-0.200000
52.324000,0.098000,1.000000,1.000000,0.480000,0.447682,0.552318,31.893879,0.138079,0.000000,-0.061921,-0.061921,0.250000,0.000000,0.300000,0.300000,3.000000,-0.200000
52.423000,0.099000,1.000000,1.000000,0.470000,0.453220,0.546780,31.948009,0.136695,0.000000,-0.063305,-0.063305,0.250000,0.000000,0.300000,0.300000,3.000000,-0.200000
52.522000,0.099000,1.000000,1.000000,0.460000,0.454902,0.545098,32.001976,0.136275,0.000000,-0.063726,-0.063726,0.250000,0.000000,0.300000,0.300000,3.000000,-0.200000
52.645000,0.123000,1.000000,1.000000,0.450000,0.453477,0.546523,32.069199,0.136631,0.000000,-0.063369,-0.063369,0.250000,0.000000,0.300000,0.300000,3.000000,-0.200000
52.745000,0.100000,1.000000,1.000000,0.440000,0.450107,0.549893,32.124187,0.137473,0.000000,-0.062527,-0.062527,0.250000,0.000000,0.300000,0.300000,3.000000,-0.200000
52.831000,0.086000,1.000000,1.000000,0.440000,0.447856,0.552144,32.171673,0.138036,0.000000,-0.061964,-0.061964,0.250000,0.000000,0.300000,0.300000,3.000000,-0.200000
52.931000,0.100000,1.000000,1.000000,0.430000,0.443392,0.556608,32.227333,0.139152,0.000000,-0.060848,-0.060848,0.250000,0.000000,0.300000,0.300000,3.000000,-0.200000
53.032000,0.101000,1.000000,1.000000,0.440000,0.442537,0.557463,32.283638,0.139366,0.000000,-0.060634,-0.060634,0.250000,0.000000,0.300000,0.300000,3.000000,-0.200000
53.132000,0.100000,1.000000,1.000000,0.450000,0.444403,0.555597,32.339199,0.138899,0.000000,-0.061101,-0.061101,0.250000,0.000000,0.300000,0.300000,3.000000,-0.200000
53.232000,0.100000,1.000000,1.000000,0.460000,0.448302,0.551698,32.394367,0.137924,0.000000,-0.062076,-0.062076,0.250000,0.000000,0.300000,0.300000,3.000000,-0.200000
53.335000,0.103000,1.000000,1.000000,0.470000,0.453848,0.546152,32.450623,0.136538,0.000000,-0.063462,-0.063462,0.250000,0.000000,0.300000,0.300000,3.000000,-0.200000
53.435000,0.100000,1.000000,1.000000,0.480000,0.460386,0.539614,32.504585,0.134904,0.000000,-0.065096,-0.065096,0.250000,0.000000,0.300000,0.300000,3.000000,-0.200000
53.531000,0.096000,1.000000,1.000000,0.490000,0.467565,0.532435,32.555698,0.133109,0.000000,-0.066891,-0.066891,0.250000,0.000000,0.300000,0.300000,3.000000,-0.200000
