1.362,1.000,0.200,0.200,-0.430,0.000,0.630,0.858,0.462,0.858,0.000,0.012,-0.200,0.669,0.100,0.500,1.000,0.010,0.000,1.362,0.200,-0.200,0.200,0.500
1.534,1.000,0.200,0.069,-0.320,-0.430,0.388,0.924,-1.402,0.067,-0.000,0.002,-0.200,-0.132,-0.132,0.500,1.000,0.010,0.000,0.172,0.200,-0.200,0.200,0.500
1.624,1.000,0.200,0.036,-0.271,-0.320,0.307,0.952,-0.906,0.028,-0.000,0.001,-0.200,-0.172,-0.172,0.500,1.000,0.010,0.000,0.090,0.200,-0.200,0.200,0.500
1.728,1.000,0.200,0.042,-0.224,-0.271,0.266,0.980,-0.395,0.028,-0.000,0.001,-0.200,-0.171,-0.171,0.500,1.000,0.010,0.000,0.104,0.200,-0.200,0.200,0.500
1.823,1.000,0.200,0.038,-0.188,-0.224,0.226,1.001,-0.415,0.022,-0.000,0.001,-0.200,-0.178,-0.178,0.500,1.000,0.010,0.000,0.095,0.200,-0.200,0.200,0.500
1.918,1.000,0.200,0.038,-0.158,-0.188,0.196,1.020,-0.317,0.019,-0.000,0.001,-0.200,-0.180,-0.180,0.500,1.000,0.010,0.000,0.095,0.200,-0.200,0.200,0.500
2.030,1.000,0.200,0.045,-0.129,-0.158,0.174,1.039,-0.198,0.020,-0.000,0.001,-0.200,-0.179,-0.179,0.500,1.000,0.010,0.000,0.112,0.200,-0.200,0.200,0.500
2.119,1.000,0.200,0.036,-0.110,-0.129,0.145,1.052,-0.323,0.013,-0.000,0.001,-0.200,-0.186,-0.186,0.500,1.000,0.010,0.000,0.089,0.200,-0.200,0.200,0.500
2.222,1.000,0.200,0.041,-0.091,-0.110,0.132,1.066,-0.128,0.014,-0.000,0.001,-0.200,-0.185,-0.185,0.500,1.000,0.010,0.000,0.103,0.200,-0.200,0.200,0.500
2.321,1.000,0.200,0.040,-0.076,-0.091,0.116,1.077,-0.168,0.011,-0.000,0.001,-0.200,-0.187,-0.187,0.500,1.000,0.010,0.000,0.099,0.200,-0.200,0.200,0.500
2.415,1.000,0.200,0.038,-0.064,-0.076,0.102,1.087,-0.149,0.010,-0.000,0.001,-0.200,-0.189,-0.189,0.500,1.000,0.010,0.000,0.094,0.200,-0.200,0.200,0.500
2.515,1.000,0.200,0.040,-0.053,-0.064,0.093,1.096,-0.083,0.009,-0.000,0.001,-0.200,-0.190,-0.190,0.500,1.000,0.010,0.000,0.100,0.200,-0.200,0.200,0.500
2.616,1.000,0.200,0.040,-0.044,-0.053,0.085,1.105,-0.085,0.009,-0.000,0.001,-0.200,-0.190,-0.190,0.500,1.000,0.010,0.000,0.101,0.200,-0.200,0.200,0.500
2.716,1.000,0.200,0.040,-0.037,-0.044,0.077,1.112,-0.078,0.008,-0.000,0.001,-0.200,-0.191,-0.191,0.500,1.000,0.010,0.000,0.100,0.200,-0.200,0.200,0.500
2.815,1.000,0.200,0.040,-0.031,-0.037,0.070,1.119,-0.066,0.007,-0.000,0.001,-0.200,-0.192,-0.192,0.500,1.000,0.010,0.000,0.099,0.200,-0.200,0.200,0.500
2.923,1.000,0.200,0.043,-0.025,-0.031,0.069,1.127,-0.017,0.007,-0.000,0.001,-0.200,-0.191,-0.191,0.500,1.000,0.010,0.000,0.108,0.200,-0.200,0.200,0.500
3.015,1.000,0.200,0.037,-0.021,-0.025,0.058,1.132,-0.112,0.005,-0.000,0.001,-0.200,-0.194,-0.194,0.500,1.000,0.010,0.000,0.092,0.200,-0.200,0.200,0.500
3.124,1.000,0.200,0.044,-0.018,-0.021,0.061,1.139,0.027,0.007,0.000,0.001,-0.200,-0.192,-0.192,0.500,1.000,0.010,0.000,0.109,0.200,-0.200,0.200,0.500
3.215,1.000,0.200,0.036,-0.015,-0.018,0.051,1.144,-0.109,0.005,-0.000,0.001,-0.200,-0.194,-0.194,0.500,1.000,0.010,0.000,0.091,0.200,-0.200,0.200,0.500
3.332,1.000,0.200,0.047,-0.012,-0.015,0.059,1.150,0.065,0.007,0.000,0.001,-0.200,-0.192,-0.192,0.500,1.000,0.010,0.000,0.117,0.200,-0.200,0.200,0.500
3.416,1.000,0.200,0.034,-0.010,-0.012,0.044,1.154,-0.178,0.004,-0.000,0.001,-0.200,-0.195,-0.195,0.500,1.000,0.010,0.000,0.084,0.200,-0.200,0.200,0.500
3.524,1.000,0.200,0.043,-0.008,-0.010,0.052,1.160,0.072,0.006,0.000,0.001,-0.200,-0.193,-0.193,0.500,1.000,0.010,0.000,0.108,0.200,-0.200,0.200,0.500
3.631,1.000,0.200,0.043,-0.007,-0.008,0.050,1.165,-0.018,0.005,-0.000,0.001,-0.200,-0.193,-0.193,0.500,1.000,0.010,0.000,0.107,0.200,-0.200,0.200,0.500
3.730,1.000,0.200,0.040,-0.006,-0.007,0.045,1.170,-0.044,0.004,-0.000,0.001,-0.200,-0.194,-0.194,0.500,1.000,0.010,0.000,0.099,0.200,-0.200,0.200,0.500
3.819,1.000,0.200,0.036,-0.005,-0.006,0.041,1.173,-0.055,0.004,-0.000,0.001,-0.200,-0.195,-0.195,0.500,1.000,0.010,0.000,0.089,0.200,-0.200,0.200,0.500
3.935,1.000,0.200,0.046,-0.004,-0.005,0.050,1.179,0.085,0.006,0.000,0.001,-0.200,-0.193,-0.193,0.500,1.000,0.010,0.000,0.116,0.200,-0.200,0.200,0.500
4.032,1.000,0.200,0.039,-0.003,-0.004,0.042,1.183,-0.085,0.004,-0.000,0.001,-0.200,-0.195,-0.195,0.500,1.000,0.010,0.000,0.097,0.200,-0.200,0.200,0.500
4.116,1.000,0.200,0.034,-0.003,-0.003,0.036,1.186,-0.068,0.003,-0.000,0.001,-0.200,-0.196,-0.196,0.500,1.000,0.010,0.000,0.084,0.200,-0.200,0.200,0.500
4.216,1.000,0.200,0.040,-0.002,-0.003,0.042,1.190,0.059,0.004,0.000,0.001,-0.200,-0.195,-0.195,0.500,1.000,0.010,0.000,0.100,0.200,-0.200,0.200,0.500
4.322,1.000,0.200,0.042,-0.002,-0.002,0.044,1.195,0.019,0.005,0.000,0.001,-0.200,-0.194,-0.194,0.500,1.000,0.010,0.000,0.106,0.200,-0.200,0.200,0.500
4.418,1.000,0.200,0.038,-0.002,-0.002,0.040,1.199,-0.045,0.004,-0.000,0.001,-0.200,-0.195,-0.195,0.500,1.000,0.010,0.000,0.096,0.200,-0.200,0.200,0.500
4.528,1.000,0.200,0.044,-0.001,-0.002,0.045,1.204,0.048,0.005,0.000,0.001,-0.200,-0.194,-0.194,0.500,1.000,0.010,0.000,0.110,0.200,-0.200,0.200,0.500
4.621,1.000,0.200,0.037,-0.001,-0.001,0.038,1.208,-0.075,0.004,-0.000,0.001,-0.200,-0.195,-0.195,0.500,1.000,0.010,0.000,0.093,0.200,-0.200,0.200,0.500
4.717,1.000,0.200,0.038,-0.001,-0.001,0.039,1.211,0.011,0.004,0.000,0.001,-0.200,-0.195,-0.195,0.500,1.000,0.010,0.000,0.096,0.200,-0.200,0.200,0.500
4.814,1.000,0.200,0.039,-0.001,-0.001,0.040,1.215,0.003,0.004,0.000,0.001,-0.200,-0.195,-0.195,0.500,1.000,0.010,0.000,0.097,0.200,-0.200,0.200,0.500
4.917,1.000,0.200,0.041,-0.001,-0.001,0.042,1.219,0.022,0.004,0.000,0.001,-0.200,-0.194,-0.194,0.500,1.000,0.010,0.000,0.103,0.200,-0.200,0.200,0.500
5.016,1.000,0.200,0.040,-0.001,-0.001,0.040,1.223,-0.017,0.004,-0.000,0.001,-0.200,-0.195,-0.195,0.500,1.000,0.010,0.000,0.099,0.200,-0.200,0.200,0.500
5.117,1.000,0.200,0.040,-0.000,-0.001,0.041,1.228,0.007,0.004,0.000,0.001,-0.200,-0.195,-0.195,0.500,1.000,0.010,0.000,0.101,0.200,-0.200,0.200,0.500
5.231,1.000,0.200,0.046,-0.000,-0.000,0.046,1.233,0.045,0.005,0.000,0.001,-0.200,-0.193,-0.193,0.500,1.000,0.010,0.000,0.114,0.200,-0.200,0.200,0.500
5.317,1.000,0.200,0.034,-0.000,-0.000,0.035,1.236,-0.131,0.003,-0.000,0.001,-0.200,-0.196,-0.196,0.500,1.000,0.010,0.000,0.086,0.200,-0.200,0.200,0.500
5.415,1.000,0.200,0.039,-0.000,-0.000,0.039,1.240,0.048,0.004,0.000,0.001,-0.200,-0.195,-0.195,0.500,1.000,0.010,0.000,0.098,0.200,-0.200,0.200,0.500
5.528,1.000,0.200,0.045,-0.000,-0.000,0.045,1.245,0.053,0.005,0.000,0.001,-0.200,-0.193,-0.193,0.500,1.000,0.010,0.000,0.113,0.200,-0.200,0.200,0.500
5.616,1.000,0.200,0.035,-0.000,-0.000,0.035,1.248,-0.114,0.003,-0.000,0.001,-0.200,-0.196,-0.196,0.500,1.000,0.010,0.000,0.088,0.200,-0.200,0.200,0.500
5.716,1.000,0.200,0.040,-0.000,-0.000,0.040,1.252,0.048,0.004,0.000,0.001,-0.200,-0.195,-0.195,0.500,1.000,0.010,0.000,0.100,0.200,-0.200,0.200,0.500
5.816,1.000,0.200,0.040,-0.000,-0.000,0.040,1.256,-0.000,0.004,-0.000,0.001,-0.200,-0.195,-0.195,0.500,1.000,0.010,0.000,0.100,0.200,-0.200,0.200,0.500
5.934,1.000,0.200,0.047,-0.000,-0.000,0.047,1.262,0.061,0.006,0.000,0.001,-0.200,-0.193,-0.193,0.500,1.000,0.010,0.000,0.118,0.200,-0.200,0.200,0.500
6.017,1.000,0.200,0.033,-0.000,-0.000,0.033,1.264,-0.169,0.003,-0.000,0.001,-0.200,-0.196,-0.196,0.500,1.000,0.010,0.000,0.083,0.200,-0.200,0.200,0.500
6.126,1.000,0.200,0.044,-0.000,-0.000,0.044,1.269,0.095,0.005,0.000,0.001,-0.200,-0.194,-0.194,0.500,1.000,0.010,0.000,0.109,0.200,-0.200,0.200,0.500
6.231,1.000,0.200,0.042,-0.000,-0.000,0.042,1.273,-0.015,0.004,-0.000,0.001,-0.200,-0.194,-0.194,0.500,1.000,0.010,0.000,0.105,0.200,-0.200,0.200,0.500
6.318,1.000,0.200,0.035,-0.000,-0.000,0.035,1.276,-0.083,0.003,-0.000,0.001,-0.200,-0.196,-0.196,0.500,1.000,0.010,0.000,0.087,0.200,-0.200,0.200,0.500
6.425,1.000,0.200,0.043,-0.000,-0.000,0.043,1.281,0.075,0.005,0.000,0.001,-0.200,-0.194,-0.194,0.500,1.000,0.010,0.000,0.107,0.200,-0.200,0.200,0.500
6.516,1.000,0.200,0.036,-0.000,-0.000,0.036,1.284,-0.070,0.003,-0.000,0.001,-0.200,-0.196,-0.196,0.500,1.000,0.010,0.000,0.091,0.200,-0.200,0.200,0.500
6.617,1.000,0.200,0.040,-0.000,-0.000,0.040,1.288,0.040,0.004,0.000,0.001,-0.200,-0.195,-0.195,0.500,1.000,0.010,0.000,0.101,0.200,-0.200,0.200,0.500
6.718,1.000,0.200,0.040,-0.000,-0.000,0.040,1.293,-0.000,0.004,-0.000,0.001,-0.200,-0.195,-0.195,0.500,1.000,0.010,0.000,0.101,0.200,-0.200,0.200,0.500
6.822,1.000,0.200,0.042,-0.000,-0.000,0.042,1.297,0.011,0.004,0.000,0.001,-0.200,-0.194,-0.194,0.500,1.000,0.010,0.000,0.104,0.200,-0.200,0.200,0.500
6.915,1.000,0.200,0.037,-0.000,-0.000,0.037,1.300,-0.047,0.003,-0.000,0.001,-0.200,-0.195,-0.195,0.500,1.000,0.010,0.000,0.093,0.200,-0.200,0.200,0.500
7.018,1.000,0.200,0.041,-0.000,-0.000,0.041,1.305,0.039,0.004,0.000,0.001,-0.200,-0.194,-0.194,0.500,1.000,0.010,0.000,0.103,0.200,-0.200,0.200,0.500
7.118,1.000,0.200,0.040,-0.000,-0.000,0.040,1.309,-0.012,0.004,-0.000,0.001,-0.200,-0.195,-0.195,0.500,1.000,0.010,0.000,0.100,0.200,-0.200,0.200,0.500
7.220,1.000,0.200,0.041,-0.000,-0.000,0.041,1.313,0.008,0.004,0.000,0.001,-0.200,-0.194,-0.194,0.500,1.000,0.010,0.000,0.102,0.200,-0.200,0.200,0.500
7.316,1.000,0.200,0.038,-0.000,-0.000,0.038,1.316,-0.025,0.004,-0.000,0.001,-0.200,-0.195,-0.195,0.500,1.000,0.010,0.000,0.096,0.200,-0.200,0.200,0.500
7.415,1.000,0.200,0.040,-0.000,-0.000,0.040,1.320,0.012,0.004,0.000,0.001,-0.200,-0.195,-0.195,0.500,1.000,0.010,0.000,0.099,0.200,-0.200,0.200,0.500
7.520,1.000,0.200,0.042,-0.000,-0.000,0.042,1.325,0.023,0.004,0.000,0.001,-0.200,-0.194,-0.194,0.500,1.000,0.010,0.000,0.105,0.200,-0.200,0.200,0.500
7.628,1.000,0.200,0.043,-0.000,-0.000,0.043,1.329,0.011,0.005,0.000,0.001,-0.200,-0.194,-0.194,0.500,1.000,0.010,0.000,0.108,0.200,-0.200,0.200,0.500
7.719,1.000,0.200,0.036,-0.000,-0.000,0.036,1.333,-0.075,0.003,-0.000,0.001,-0.200,-0.195,-0.195,0.500,1.000,0.010,0.000,0.091,0.200,-0.200,0.200,0.500
7.820,1.000,0.200,0.040,-0.000,-0.000,0.040,1.337,0.040,0.004,0.000,0.001,-0.200,-0.195,-0.195,0.500,1.000,0.010,0.000,0.101,0.200,-0.200,0.200,0.500
7.918,1.000,0.200,0.039,-0.000,-0.000,0.039,1.341,-0.012,0.004,-0.000,0.001,-0.200,-0.195,-0.195,0.500,1.000,0.010,0.000,0.098,0.200,-0.200,0.200,0.500
8.019,1.000,0.200,0.040,-0.000,-0.000,0.040,1.345,0.012,0.004,0.000,0.001,-0.200,-0.195,-0.195,0.500,1.000,0.010,0.000,0.101,0.200,-0.200,0.200,0.500
8.118,1.000,0.200,0.040,-0.000,-0.000,0.040,1.349,-0.008,0.004,-0.000,0.001,-0.200,-0.195,-0.195,0.500,1.000,0.010,0.000,0.099,0.200,-0.200,0.200,0.500
8.219,1.000,0.200,0.040,-0.000,-0.000,0.040,1.353,0.008,0.004,0.000,0.001,-0.200,-0.195,-0.195,0.500,1.000,0.010,0.000,0.101,0.200,-0.200,0.200,0.500
8.322,1.000,0.200,0.041,-0.000,-0.000,0.041,1.357,0.008,0.004,0.000,0.001,-0.200,-0.194,-0.194,0.500,1.000,0.010,0.000,0.103,0.200,-0.200,0.200,0.500
8.423,1.000,0.200,0.040,-0.000,-0.000,0.040,1.361,-0.008,0.004,-0.000,0.001,-0.200,-0.195,-0.195,0.500,1.000,0.010,0.000,0.101,0.200,-0.200,0.200,0.500
8.518,1.000,0.200,0.038,-0.000,-0.000,0.038,1.365,-0.025,0.004,-0.000,0.001,-0.200,-0.195,-0.195,0.500,1.000,0.010,0.000,0.095,0.200,-0.200,0.200,0.500
8.631,1.000,0.200,0.045,-0.000,-0.000,0.045,1.370,0.064,0.005,0.000,0.002,-0.200,-0.193,-0.193,0.500,1.000,0.010,0.000,0.113,0.200,-0.200,0.200,0.500
8.717,1.000,0.200,0.034,-0.000,-0.000,0.034,1.373,-0.126,0.003,-0.000,0.001,-0.200,-0.196,-0.196,0.500,1.000,0.010,0.000,0.086,0.200,-0.200,0.200,0.500
8.815,1.000,0.200,0.039,-0.000,-0.000,0.039,1.377,0.049,0.004,0.000,0.001,-0.200,-0.195,-0.195,0.500,1.000,0.010,0.000,0.098,0.200,-0.200,0.200,0.500
8.923,1.000,0.200,0.043,-0.000,-0.000,0.043,1.381,0.037,0.005,0.000,0.001,-0.200,-0.194,-0.194,0.500,1.000,0.010,0.000,0.108,0.200,-0.200,0.200,0.500
9.016,1.000,0.200,0.037,-0.000,-0.000,0.037,1.385,-0.065,0.003,-0.000,0.001,-0.200,-0.195,-0.195,0.500,1.000,0.010,0.000,0.093,0.200,-0.200,0.200,0.500
9.117,1.000,0.200,0.040,-0.000,-0.000,0.040,1.389,0.032,0.004,0.000,0.001,-0.200,-0.195,-0.195,0.500,1.000,0.010,0.000,0.101,0.200,-0.200,0.200,0.500
9.216,1.000,0.200,0.040,-0.000,-0.000,0.040,1.393,-0.008,0.004,-0.000,0.001,-0.200,-0.195,-0.195,0.500,1.000,0.010,0.000,0.099,0.200,-0.200,0.200,0.500
9.317,1.000,0.200,0.040,-0.000,-0.000,0.040,1.397,0.008,0.004,0.000,0.001,-0.200,-0.195,-0.195,0.500,1.000,0.010,0.000,0.101,0.200,-0.200,0.200,0.500
9.418,1.000,0.200,0.040,-0.000,-0.000,0.040,1.401,0.000,0.004,0.000,0.001,-0.200,-0.195,-0.195,0.500,1.000,0.010,0.000,0.101,0.200,-0.200,0.200,0.500
9.517,1.000,0.200,0.040,-0.000,-0.000,0.040,1.405,-0.008,0.004,-0.000,0.001,-0.200,-0.195,-0.195,0.500,1.000,0.010,0.000,0.099,0.200,-0.200,0.200,0.500
9.619,1.000,0.200,0.041,-0.000,-0.000,0.041,1.409,0.012,0.004,0.000,0.001,-0.200,-0.194,-0.194,0.500,1.000,0.010,0.000,0.102,0.200,-0.200,0.200,0.500
9.718,1.000,0.200,0.040,-0.000,-0.000,0.040,1.413,-0.012,0.004,-0.000,0.001,-0.200,-0.195,-0.195,0.500,1.000,0.010,0.000,0.099,0.200,-0.200,0.200,0.500
9.819,1.000,0.200,0.040,-0.000,-0.000,0.040,1.417,0.008,0.004,0.000,0.001,-0.200,-0.194,-0.194,0.500,1.000,0.010,0.000,0.101,0.200,-0.200,0.200,0.500
9.915,1.000,0.200,0.038,-0.000,-0.000,0.038,1.421,-0.021,0.004,-0.000,0.001,-0.200,-0.195,-0.195,0.500,1.000,0.010,0.000,0.096,0.200,-0.200,0.200,0.500
10.016,1.000,0.200,0.040,-0.000,-0.000,0.040,1.425,0.020,0.004,0.000,0.001,-0.200,-0.194,-0.194,0.500,1.000,0.010,0.000,0.101,0.200,-0.200,0.200,0.500
10.130,1.000,0.200,0.046,-0.000,-0.000,0.046,1.430,0.046,0.005,0.000,0.002,-0.200,-0.193,-0.193,0.500,1.000,0.010,0.000,0.114,0.200,-0.200,0.200,0.500
10.215,1.000,0.200,0.034,-0.000,-0.000,0.034,1.433,-0.136,0.003,-0.000,0.001,-0.200,-0.196,-0.196,0.500,1.000,0.010,0.000,0.085,0.200,-0.200,0.200,0.500
10.317,1.000,0.200,0.041,-0.000,-0.000,0.041,1.437,0.067,0.004,0.000,0.001,-0.200,-0.194,-0.194,0.500,1.000,0.010,0.000,0.102,0.200,-0.200,0.200,0.500
10.417,1.000,0.200,0.040,-0.000,-0.000,0.040,1.441,-0.008,0.004,-0.000,0.001,-0.200,-0.195,-0.195,0.500,1.000,0.010,0.000,0.100,0.200,-0.200,0.200,0.500
10.514,1.000,0.200,0.039,-0.000,-0.000,0.039,1.445,-0.012,0.004,-0.000,0.001,-0.200,-0.195,-0.195,0.500,1.000,0.010,0.000,0.097,0.200,-0.200,0.200,0.500
10.614,1.000,0.200,0.040,-0.000,-0.000,0.040,1.449,0.012,0.004,0.000,0.001,-0.200,-0.195,-0.195,0.500,1.000,0.010,0.000,0.100,0.200,-0.200,0.200,0.500
10.714,1.000,0.200,0.040,-0.000,-0.000,0.040,1.453,-0.000,0.004,-0.000,0.001,-0.200,-0.195,-0.195,0.500,1.000,0.010,0.000,0.100,0.200,-0.200,0.200,0.500
10.816,1.000,0.200,0.041,-0.000,-0.000,0.041,1.457,0.008,0.004,0.000,0.001,-0.200,-0.194,-0.194,0.500,1.000,0.010,0.000,0.102,0.200,-0.200,0.200,0.500
10.913,1.000,0.200,0.039,-0.000,-0.000,0.039,1.461,-0.021,0.004,-0.000,0.001,-0.200,-0.195,-0.195,0.500,1.000,0.010,0.000,0.097,0.200,-0.200,0.200,0.500
11.016,1.000,0.200,0.041,-0.000,-0.000,0.041,1.465,0.023,0.004,0.000,0.002,-0.200,-0.194,-0.194,0.500,1.000,0.010,0.000,0.103,0.200,-0.200,0.200,0.500
11.114,1.000,0.200,0.039,-0.000,-0.000,0.039,1.469,-0.020,0.004,-0.000,0.001,-0.200,-0.195,-0.195,0.500,1.000,0.010,0.000,0.098,0.200,-0.200,0.200,0.500
11.214,1.000,0.200,0.040,-0.000,-0.000,0.040,1.473,0.008,0.004,0.000,0.001,-0.200,-0.195,-0.195,0.500,1.000,0.010,0.000,0.100,0.200,-0.200,0.200,0.500
11.315,1.000,0.200,0.040,-0.000,-0.000,0.040,1.477,0.004,0.004,0.000,0.001,-0.200,-0.194,-0.194,0.500,1.000,0.010,0.000,0.101,0.200,-0.200,0.200,0.500
11.414,1.000,0.200,0.040,-0.000,-0.000,0.040,1.481,-0.008,0.004,-0.000,0.001,-0.200,-0.195,-0.195,0.500,1.000,0.010,0.000,0.099,0.200,-0.200,0.200,0.500
11.529,1.000,0.200,0.046,-0.000,-0.000,0.046,1.486,0.056,0.005,0.000,0.002,-0.200,-0.193,-0.193,0.500,1.000,0.010,0.000,0.115,0.200,-0.200,0.200,0.500
11.615,1.000,0.200,0.034,-0.000,-0.000,0.034,1.489,-0.135,0.003,-0.000,0.001,-0.200,-0.196,-0.196,0.500,1.000,0.010,0.000,0.086,0.200,-0.200,0.200,0.500
11.715,1.000,0.200,0.040,-0.000,-0.000,0.040,1.493,0.056,0.004,0.000,0.001,-0.200,-0.195,-0.195,0.500,1.000,0.010,0.000,0.100,0.200,-0.200,0.200,0.500
11.815,1.000,0.200,0.040,-0.000,-0.000,0.040,1.497,0.000,0.004,0.000,0.001,-0.200,-0.195,-0.195,0.500,1.000,0.010,0.000,0.100,0.200,-0.200,0.200,0.500
11.924,1.000,0.200,0.044,-0.000,-0.000,0.044,1.502,0.033,0.005,0.000,0.002,-0.200,-0.194,-0.194,0.500,1.000,0.010,0.000,0.109,0.200,-0.200,0.200,0.500
12.024,1.000,0.200,0.040,-0.000,-0.000,0.040,1.506,-0.036,0.004,-0.000,0.002,-0.200,-0.194,-0.194,0.500,1.000,0.010,0.000,0.100,0.200,-0.200,0.200,0.500
12.125,1.000,0.200,0.040,-0.000,-0.000,0.040,1.510,0.004,0.004,0.000,0.002,-0.200,-0.194,-0.194,0.500,1.000,0.010,0.000,0.101,0.200,-0.200,0.200,0.500
12.215,1.000,0.200,0.036,-0.000,-0.000,0.036,1.513,-0.049,0.003,-0.000,0.001,-0.200,-0.195,-0.195,0.500,1.000,0.010,0.000,0.090,0.200,-0.200,0.200,0.500
12.324,1.000,0.200,0.044,-0.000,-0.000,0.044,1.518,0.070,0.005,0.000,0.002,-0.200,-0.194,-0.194,0.500,1.000,0.010,0.000,0.109,0.200,-0.200,0.200,0.500
12.431,1.000,0.200,0.043,-0.000,-0.000,0.043,1.522,-0.007,0.005,-0.000,0.002,-0.200,-0.194,-0.194,0.500,1.000,0.010,0.000,0.107,0.200,-0.200,0.200,0.500
12.519,1.000,0.200,0.035,-0.000,-0.000,0.035,1.526,-0.086,0.003,-0.000,0.001,-0.200,-0.196,-0.196,0.500,1.000,0.010,0.000,0.088,0.200,-0.200,0.200,0.500
12.615,1.000,0.200,0.038,-0.000,-0.000,0.038,1.529,0.033,0.004,0.000,0.001,-0.200,-0.195,-0.195,0.500,1.000,0.010,0.000,0.096,0.200,-0.200,0.200,0.500
12.727,1.000,0.200,0.045,-0.000,-0.000,0.045,1.534,0.057,0.005,0.000,0.002,-0.200,-0.193,-0.193,0.500,1.000,0.010,0.000,0.112,0.200,-0.200,0.200,0.500
12.816,1.000,0.200,0.036,-0.000,-0.000,0.036,1.537,-0.103,0.003,-0.000,0.001,-0.200,-0.195,-0.195,0.500,1.000,0.010,0.000,0.089,0.200,-0.200,0.200,0.500
12.929,1.000,0.200,0.045,-0.000,-0.000,0.045,1.542,0.085,0.005,0.000,0.002,-0.200,-0.193,-0.193,0.500,1.000,0.010,0.000,0.113,0.200,-0.200,0.200,0.500
13.016,1.000,0.200,0.035,-0.000,-0.000,0.035,1.546,-0.120,0.003,-0.000,0.001,-0.200,-0.196,-0.196,0.500,1.000,0.010,0.000,0.087,0.200,-0.200,0.200,0.500
13.117,1.000,0.200,0.040,-0.000,-0.000,0.040,1.550,0.055,0.004,0.000,0.002,-0.200,-0.194,-0.194,0.500,1.000,0.010,0.000,0.101,0.200,-0.200,0.200,0.500
13.219,1.000,0.200,0.041,-0.000,-0.000,0.041,1.554,0.004,0.004,0.000,0.002,-0.200,-0.194,-0.194,0.500,1.000,0.010,0.000,0.102,0.200,-0.200,0.200,0.500
13.316,1.000,0.200,0.039,-0.000,-0.000,0.039,1.558,-0.021,0.004,-0.000,0.002,-0.200,-0.195,-0.195,0.500,1.000,0.010,0.000,0.097,0.200,-0.200,0.200,0.500
13.415,1.000,0.200,0.040,-0.000,-0.000,0.040,1.561,0.008,0.004,0.000,0.002,-0.200,-0.195,-0.195,0.500,1.000,0.010,0.000,0.099,0.200,-0.200,0.200,0.500
13.516,1.000,0.200,0.040,-0.000,-0.000,0.040,1.566,0.008,0.004,0.000,0.002,-0.200,-0.194,-0.194,0.500,1.000,0.010,0.000,0.101,0.200,-0.200,0.200,0.500
13.617,1.000,0.200,0.040,-0.000,-0.000,0.040,1.570,-0.000,0.004,-0.000,0.002,-0.200,-0.194,-0.194,0.500,1.000,0.010,0.000,0.101,0.200,-0.200,0.200,0.500
13.716,1.000,0.200,0.040,-0.000,-0.000,0.040,1.574,-0.008,0.004,-0.000,0.002,-0.200,-0.195,-0.195,0.500,1.000,0.010,0.000,0.099,0.200,-0.200,0.200,0.500
13.828,1.000,0.200,0.045,-0.000,-0.000,0.045,1.579,0.046,0.005,0.000,0.002,-0.200,-0.193,-0.193,0.500,1.000,0.010,0.000,0.112,0.200,-0.200,0.200,0.500
13.917,1.000,0.200,0.036,-0.000,-0.000,0.036,1.582,-0.103,0.003,-0.000,0.001,-0.200,-0.195,-0.195,0.500,1.000,0.010,0.000,0.089,0.200,-0.200,0.200,0.500
14.017,1.000,0.200,0.040,-0.000,-0.000,0.040,1.586,0.044,0.004,0.000,0.002,-0.200,-0.194,-0.194,0.500,1.000,0.010,0.000,0.100,0.200,-0.200,0.200,0.500
14.117,1.000,0.200,0.040,-0.000,-0.000,0.040,1.590,0.000,0.004,0.000,0.002,-0.200,-0.194,-0.194,0.500,1.000,0.010,0.000,0.100,0.200,-0.200,0.200,0.500
14.215,1.000,0.200,0.039,-0.000,-0.000,0.039,1.594,-0.008,0.004,-0.000,0.002,-0.200,-0.195,-0.195,0.500,1.000,0.010,0.000,0.098,0.200,-0.200,0.200,0.500
14.318,1.000,0.200,0.041,-0.000,-0.000,0.041,1.598,0.019,0.004,0.000,0.002,-0.200,-0.194,-0.194,0.500,1.000,0.010,0.000,0.103,0.200,-0.200,0.200,0.500
14.423,1.000,0.200,0.042,-0.000,-0.000,0.042,1.602,0.008,0.004,0.000,0.002,-0.200,-0.194,-0.194,0.500,1.000,0.010,0.000,0.105,0.200,-0.200,0.200,0.500
14.515,1.000,0.200,0.037,-0.000,-0.000,0.037,1.606,-0.057,0.003,-0.000,0.001,-0.200,-0.195,-0.195,0.500,1.000,0.010,0.000,0.092,0.200,-0.200,0.200,0.500
14.626,1.000,0.200,0.044,-0.000,-0.000,0.044,1.611,0.068,0.005,0.000,0.002,-0.200,-0.193,-0.193,0.500,1.000,0.010,0.000,0.111,0.200,-0.200,0.200,0.500
14.729,1.000,0.200,0.041,-0.000,-0.000,0.041,1.615,-0.031,0.004,-0.000,0.002,-0.200,-0.194,-0.194,0.500,1.000,0.010,0.000,0.103,0.200,-0.200,0.200,0.500
14.828,1.000,0.200,0.040,-0.000,-0.000,0.040,1.619,-0.016,0.004,-0.000,0.002,-0.200,-0.194,-0.194,0.500,1.000,0.010,0.000,0.099,0.200,-0.200,0.200,0.500
14.929,1.000,0.200,0.040,-0.000,-0.000,0.040,1.623,0.008,0.004,0.000,0.002,-0.200,-0.194,-0.194,0.500,1.000,0.010,0.000,0.101,0.200,-0.200,0.200,0.500
15.022,1.000,0.200,0.037,-0.000,-0.000,0.037,1.626,-0.034,0.003,-0.000,0.002,-0.200,-0.195,-0.195,0.500,1.000,0.010,0.000,0.093,0.200,-0.200,0.200,0.500
15.118,1.000,0.200,0.038,-0.000,-0.000,0.038,1.630,0.012,0.004,0.000,0.002,-0.200,-0.195,-0.195,0.500,1.000,0.010,0.000,0.096,0.200,-0.200,0.200,0.500
15.218,1.000,0.200,0.040,-0.000,-0.000,0.040,1.634,0.016,0.004,0.000,0.002,-0.200,-0.194,-0.194,0.500,1.000,0.010,0.000,0.100,0.200,-0.200,0.200,0.500
15.319,1.000,0.200,0.040,-0.000,-0.000,0.040,1.638,0.004,0.004,0.000,0.002,-0.200,-0.194,-0.194,0.500,1.000,0.010,0.000,0.101,0.200,-0.200,0.200,0.500
15.418,1.000,0.200,0.040,-0.000,-0.000,0.040,1.642,-0.008,0.004,-0.000,0.002,-0.200,-0.194,-0.194,0.500,1.000,0.010,0.000,0.099,0.200,-0.200,0.200,0.500
15.518,1.000,0.200,0.040,-0.000,-0.000,0.040,1.646,0.004,0.004,0.000,0.002,-0.200,-0.194,-0.194,0.500,1.000,0.010,0.000,0.100,0.200,-0.200,0.200,0.500
15.618,1.000,0.200,0.040,-0.000,-0.000,0.040,1.650,0.000,0.004,0.000,0.002,-0.200,-0.194,-0.194,0.500,1.000,0.010,0.000,0.100,0.200,-0.200,0.200,0.500
15.718,1.000,0.200,0.040,-0.000,-0.000,0.040,1.654,-0.000,0.004,-0.000,0.002,-0.200,-0.194,-0.194,0.500,1.000,0.010,0.000,0.100,0.200,-0.200,0.200,0.500
15.827,1.000,0.200,0.044,-0.000,-0.000,0.044,1.659,0.033,0.005,0.000,0.002,-0.200,-0.193,-0.193,0.500,1.000,0.010,0.000,0.109,0.200,-0.200,0.200,0.500
15.914,1.000,0.200,0.035,-0.000,-0.000,0.035,1.662,-0.101,0.003,-0.000,0.001,-0.200,-0.196,-0.196,0.500,1.000,0.010,0.000,0.087,0.200,-0.200,0.200,0.500
16.016,1.000,0.200,0.041,-0.000,-0.000,0.041,1.666,0.059,0.004,0.000,0.002,-0.200,-0.194,-0.194,0.500,1.000,0.010,0.000,0.102,0.200,-0.200,0.200,0.500
16.116,1.000,0.200,0.040,-0.000,-0.000,0.040,1.670,-0.008,0.004,-0.000,0.002,-0.200,-0.194,-0.194,0.500,1.000,0.010,0.000,0.100,0.200,-0.200,0.200,0.500
16.218,1.000,0.200,0.041,-0.000,-0.000,0.041,1.674,0.008,0.004,0.000,0.002,-0.200,-0.194,-0.194,0.500,1.000,0.010,0.000,0.102,0.200,-0.200,0.200,0.500
16.325,1.000,0.200,0.043,-0.000,-0.000,0.043,1.679,0.019,0.005,0.000,0.002,-0.200,-0.194,-0.194,0.500,1.000,0.010,0.000,0.107,0.200,-0.200,0.200,0.500
16.414,1.000,0.200,0.036,-0.000,-0.000,0.036,1.682,-0.081,0.003,-0.000,0.001,-0.200,-0.195,-0.195,0.500,1.000,0.010,0.000,0.089,0.200,-0.200,0.200,0.500
16.514,1.000,0.200,0.040,-0.000,-0.000,0.040,1.686,0.044,0.004,0.000,0.002,-0.200,-0.194,-0.194,0.500,1.000,0.010,0.000,0.100,0.200,-0.200,0.200,0.500
16.615,1.000,0.200,0.040,-0.000,-0.000,0.040,1.690,0.004,0.004,0.000,0.002,-0.200,-0.194,-0.194,0.500,1.000,0.010,0.000,0.101,0.200,-0.200,0.200,0.500
16.715,1.000,0.200,0.040,-0.000,-0.000,0.040,1.694,-0.004,0.004,-0.000,0.002,-0.200,-0.194,-0.194,0.500,1.000,0.010,0.000,0.100,0.200,-0.200,0.200,0.500
16.815,1.000,0.200,0.040,-0.000,-0.000,0.040,1.698,0.000,0.004,0.000,0.002,-0.200,-0.194,-0.194,0.500,1.000,0.010,0.000,0.100,0.200,-0.200,0.200,0.500
16.916,1.000,0.200,0.040,-0.000,-0.000,0.040,1.702,0.004,0.004,0.000,0.002,-0.200,-0.194,-0.194,0.500,1.000,0.010,0.000,0.101,0.200,-0.200,0.200,0.500
17.020,1.000,0.200,0.042,-0.000,-0.000,0.042,1.706,0.012,0.004,0.000,0.002,-0.200,-0.194,-0.194,0.500,1.000,0.010,0.000,0.104,0.200,-0.200,0.200,0.500
17.115,1.000,0.200,0.038,-0.000,-0.000,0.038,1.710,-0.038,0.004,-0.000,0.002,-0.200,-0.195,-0.195,0.500,1.000,0.010,0.000,0.095,0.200,-0.200,0.200,0.500
17.216,1.000,0.200,0.040,-0.000,-0.000,0.040,1.714,0.024,0.004,0.000,0.002,-0.200,-0.194,-0.194,0.500,1.000,0.010,0.000,0.101,0.200,-0.200,0.200,0.500
17.323,1.000,0.200,0.043,-0.000,-0.000,0.043,1.719,0.022,0.005,0.000,0.002,-0.200,-0.194,-0.194,0.500,1.000,0.010,0.000,0.107,0.200,-0.200,0.200,0.500
17.424,1.000,0.200,0.040,-0.000,-0.000,0.040,1.723,-0.024,0.004,-0.000,0.002,-0.200,-0.194,-0.194,0.500,1.000,0.010,0.000,0.101,0.200,-0.200,0.200,0.500
17.526,1.000,0.200,0.041,-0.000,-0.000,0.041,1.727,0.004,0.004,0.000,0.002,-0.200,-0.194,-0.194,0.500,1.000,0.010,0.000,0.102,0.200,-0.200,0.200,0.500
17.621,1.000,0.200,0.038,-0.000,-0.000,0.038,1.730,-0.029,0.004,-0.000,0.002,-0.200,-0.195,-0.195,0.500,1.000,0.010,0.000,0.095,0.200,-0.200,0.200,0.500
17.728,1.000,0.200,0.043,-0.000,-0.000,0.043,1.735,0.045,0.005,0.000,0.002,-0.200,-0.194,-0.194,0.500,1.000,0.010,0.000,0.107,0.200,-0.200,0.200,0.500
17.815,1.000,0.200,0.035,-0.000,-0.000,0.035,1.738,-0.092,0.003,-0.000,0.002,-0.200,-0.195,-0.195,0.500,1.000,0.010,0.000,0.087,0.200,-0.200,0.200,0.500
17.923,1.000,0.200,0.043,-0.000,-0.000,0.043,1.743,0.078,0.005,0.000,0.002,-0.200,-0.193,-0.193,0.500,1.000,0.010,0.000,0.108,0.200,-0.200,0.200,0.500
18.032,1.000,0.200,0.044,-0.000,-0.000,0.044,1.747,0.004,0.005,0.000,0.002,-0.200,-0.193,-0.193,0.500,1.000,0.010,0.000,0.109,0.200,-0.200,0.200,0.500
18.114,1.000,0.200,0.033,-0.000,-0.000,0.033,1.750,-0.132,0.003,-0.000,0.001,-0.200,-0.196,-0.196,0.500,1.000,0.010,0.000,0.082,0.200,-0.200,0.200,0.500
18.218,1.000,0.200,0.042,-0.000,-0.000,0.042,1.754,0.085,0.004,0.000,0.002,-0.200,-0.194,-0.194,0.500,1.000,0.010,0.000,0.104,0.200,-0.200,0.200,0.500
18.327,1.000,0.200,0.044,-0.000,-0.000,0.044,1.759,0.018,0.005,0.000,0.002,-0.200,-0.193,-0.193,0.500,1.000,0.010,0.000,0.109,0.200,-0.200,0.200,0.500
18.425,1.000,0.200,0.039,-0.000,-0.000,0.039,1.763,-0.045,0.004,-0.000,0.002,-0.200,-0.194,-0.194,0.500,1.000,0.010,0.000,0.098,0.200,-0.200,0.200,0.500
18.515,1.000,0.200,0.036,-0.000,-0.000,0.036,1.766,-0.036,0.003,-0.000,0.002,-0.200,-0.195,-0.195,0.500,1.000,0.010,0.000,0.090,0.200,-0.200,0.200,0.500
18.618,1.000,0.200,0.041,-0.000,-0.000,0.041,1.770,0.050,0.004,0.000,0.002,-0.200,-0.194,-0.194,0.500,1.000,0.010,0.000,0.103,0.200,-0.200,0.200,0.500
18.715,1.000,0.200,0.039,-0.000,-0.000,0.039,1.774,-0.025,0.004,-0.000,0.002,-0.200,-0.195,-0.195,0.500,1.000,0.010,0.000,0.097,0.200,-0.200,0.200,0.500
18.818,1.000,0.200,0.041,-0.000,-0.000,0.041,1.778,0.023,0.004,0.000,0.002,-0.200,-0.194,-0.194,0.500,1.000,0.010,0.000,0.103,0.200,-0.200,0.200,0.500
18.921,1.000,0.200,0.041,-0.000,-0.000,0.041,1.783,-0.000,0.004,-0.000,0.002,-0.200,-0.194,-0.194,0.500,1.000,0.010,0.000,0.103,0.200,-0.200,0.200,0.500
19.025,1.000,0.200,0.042,-0.000,-0.000,0.042,1.787,0.004,0.004,0.000,0.002,-0.200,-0.194,-0.194,0.500,1.000,0.010,0.000,0.104,0.200,-0.200,0.200,0.500
19.119,1.000,0.200,0.038,-0.000,-0.000,0.038,1.791,-0.043,0.004,-0.000,0.002,-0.200,-0.195,-0.195,0.500,1.000,0.010,0.000,0.094,0.200,-0.200,0.200,0.500
19.215,1.000,0.200,0.038,-0.000,-0.000,0.038,1.794,0.008,0.004,0.000,0.002,-0.200,-0.195,-0.195,0.500,1.000,0.010,0.000,0.096,0.200,-0.200,0.200,0.500
19.329,1.000,0.200,0.046,-0.000,-0.000,0.046,1.799,0.063,0.005,0.000,0.002,-0.200,-0.193,-0.193,0.500,1.000,0.010,0.000,0.114,0.200,-0.200,0.200,0.500
19.419,1.000,0.200,0.036,-0.000,-0.000,0.036,1.803,-0.107,0.003,-0.000,0.002,-0.200,-0.195,-0.195,0.500,1.000,0.010,0.000,0.090,0.200,-0.200,0.200,0.500
19.522,1.000,0.200,0.041,-0.000,-0.000,0.041,1.807,0.050,0.004,0.000,0.002,-0.200,-0.194,-0.194,0.500,1.000,0.010,0.000,0.103,0.200,-0.200,0.200,0.500
19.628,1.000,0.200,0.042,-0.000,-0.000,0.042,1.811,0.011,0.004,0.000,0.002,-0.200,-0.194,-0.194,0.500,1.000,0.010,0.000,0.106,0.200,-0.200,0.200,0.500
19.715,1.000,0.200,0.035,-0.000,-0.000,0.035,1.814,-0.087,0.003,-0.000,0.002,-0.200,-0.195,-0.195,0.500,1.000,0.010,0.000,0.087,0.200,-0.200,0.200,0.500
19.818,1.000,0.200,0.041,-0.000,-0.000,0.041,1.819,0.062,0.004,0.000,0.002,-0.200,-0.194,-0.194,0.500,1.000,0.010,0.000,0.103,0.200,-0.200,0.200,0.500
19.919,1.000,0.200,0.040,-0.000,-0.000,0.040,1.823,-0.008,0.004,-0.000,0.002,-0.200,-0.194,-0.194,0.500,1.000,0.010,0.000,0.101,0.200,-0.200,0.200,0.500
20.025,1.000,0.200,0.042,-0.000,-0.000,0.042,1.827,0.019,0.004,0.000,0.002,-0.200,-0.194,-0.194,0.500,1.000,0.010,0.000,0.106,0.200,-0.200,0.200,0.500
20.120,1.000,0.200,0.038,-0.000,-0.000,0.038,1.831,-0.046,0.004,-0.000,0.002,-0.200,-0.195,-0.195,0.500,1.000,0.010,0.000,0.095,0.200,-0.200,0.200,0.500
20.223,1.000,0.200,0.041,-0.000,-0.000,0.041,1.835,0.031,0.004,0.000,0.002,-0.200,-0.194,-0.194,0.500,1.000,0.010,0.000,0.103,0.200,-0.200,0.200,0.500
20.325,1.000,0.200,0.041,-0.000,-0.000,0.041,1.839,-0.004,0.004,-0.000,0.002,-0.200,-0.194,-0.194,0.500,1.000,0.010,0.000,0.102,0.200,-0.200,0.200,0.500
20.415,1.000,0.200,0.036,-0.000,-0.000,0.036,1.843,-0.053,0.003,-0.000,0.002,-0.200,-0.195,-0.195,0.500,1.000,0.010,0.000,0.090,0.200,-0.200,0.200,0.500
20.524,1.000,0.200,0.044,-0.000,-0.000,0.044,1.847,0.070,0.005,0.000,0.002,-0.200,-0.193,-0.193,0.500,1.000,0.010,0.000,0.109,0.200,-0.200,0.200,0.500
20.616,1.000,0.200,0.037,-0.000,-0.000,0.037,1.851,-0.074,0.003,-0.000,0.002,-0.200,-0.195,-0.195,0.500,1.000,0.010,0.000,0.092,0.200,-0.200,0.200,0.500
20.724,1.000,0.200,0.043,-0.000,-0.000,0.043,1.855,0.059,0.005,0.000,0.002,-0.200,-0.193,-0.193,0.500,1.000,0.010,0.000,0.108,0.200,-0.200,0.200,0.500
20.818,1.000,0.200,0.038,-0.000,-0.000,0.038,1.859,-0.060,0.004,-0.000,0.002,-0.200,-0.195,-0.195,0.500,1.000,0.010,0.000,0.094,0.200,-0.200,0.200,0.500
20.927,1.000,0.200,0.044,-0.000,-0.000,0.044,1.864,0.055,0.005,0.000,0.002,-0.200,-0.193,-0.193,0.500,1.000,0.010,0.000,0.109,0.200,-0.200,0.200,0.500
21.033,1.000,0.200,0.042,-0.000,-0.000,0.042,1.868,-0.011,0.004,-0.000,0.002,-0.200,-0.194,-0.194,0.500,1.000,0.010,0.000,0.106,0.200,-0.200,0.200,0.500
21.130,1.000,0.200,0.039,-0.000,-0.000,0.039,1.872,-0.037,0.004,-0.000,0.002,-0.200,-0.194,-0.194,0.500,1.000,0.010,0.000,0.097,0.200,-0.200,0.200,0.500
21.217,1.000,0.200,0.035,-0.000,-0.000,0.035,1.875,-0.046,0.003,-0.000,0.002,-0.200,-0.195,-0.195,0.500,1.000,0.010,0.000,0.087,0.200,-0.200,0.200,0.500
21.327,1.000,0.200,0.044,-0.000,-0.000,0.044,1.880,0.084,0.005,0.000,0.002,-0.200,-0.193,-0.193,0.500,1.000,0.010,0.000,0.110,0.200,-0.200,0.200,0.500
21.420,1.000,0.200,0.037,-0.000,-0.000,0.037,1.883,-0.073,0.003,-0.000,0.002,-0.200,-0.195,-0.195,0.500,1.000,0.010,0.000,0.093,0.200,-0.200,0.200,0.500
21.522,1.000,0.200,0.041,-0.000,-0.000,0.041,1.887,0.035,0.004,0.000,0.002,-0.200,-0.194,-0.194,0.500,1.000,0.010,0.000,0.102,0.200,-0.200,0.200,0.500
21.631,1.000,0.200,0.044,-0.000,-0.000,0.044,1.892,0.026,0.005,0.000,0.002,-0.200,-0.193,-0.193,0.500,1.000,0.010,0.000,0.109,0.200,-0.200,0.200,0.500
21.727,1.000,0.200,0.038,-0.000,-0.000,0.038,1.896,-0.054,0.004,-0.000,0.002,-0.200,-0.194,-0.194,0.500,1.000,0.010,0.000,0.096,0.200,-0.200,0.200,0.500
21.815,1.000,0.200,0.035,-0.000,-0.000,0.035,1.899,-0.036,0.003,-0.000,0.002,-0.200,-0.195,-0.195,0.500,1.000,0.010,0.000,0.088,0.200,-0.200,0.200,0.500
21.917,1.000,0.200,0.041,-0.000,-0.000,0.041,1.903,0.055,0.004,0.000,0.002,-0.200,-0.194,-0.194,0.500,1.000,0.010,0.000,0.102,0.200,-0.200,0.200,0.500
22.022,1.000,0.200,0.042,-0.000,-0.000,0.042,1.908,0.011,0.004,0.000,0.002,-0.200,-0.194,-0.194,0.500,1.000,0.010,0.000,0.105,0.200,-0.200,0.200,0.500
22.115,1.000,0.200,0.037,-0.000,-0.000,0.037,1.911,-0.052,0.003,-0.000,0.002,-0.200,-0.195,-0.195,0.500,1.000,0.010,0.000,0.093,0.200,-0.200,0.200,0.500
22.218,1.000,0.200,0.041,-0.000,-0.000,0.041,1.915,0.039,0.004,0.000,0.002,-0.200,-0.194,-0.194,0.500,1.000,0.010,0.000,0.103,0.200,-0.200,0.200,0.500
22.320,1.000,0.200,0.041,-0.000,-0.000,0.041,1.919,-0.004,0.004,-0.000,0.002,-0.200,-0.194,-0.194,0.500,1.000,0.010,0.000,0.102,0.200,-0.200,0.200,0.500
22.418,1.000,0.200,0.039,-0.000,-0.000,0.039,1.923,-0.016,0.004,-0.000,0.002,-0.200,-0.194,-0.194,0.500,1.000,0.010,0.000,0.098,0.200,-0.200,0.200,0.500
22.516,1.000,0.200,0.039,-0.000,-0.000,0.039,1.927,0.000,0.004,0.000,0.002,-0.200,-0.194,-0.194,0.500,1.000,0.010,0.000,0.098,0.200,-0.200,0.200,0.500
22.616,1.000,0.200,0.040,-0.000,-0.000,0.040,1.931,0.008,0.004,0.000,0.002,-0.200,-0.194,-0.194,0.500,1.000,0.010,0.000,0.100,0.200,-0.200,0.200,0.500
22.719,1.000,0.200,0.041,-0.000,-0.000,0.041,1.935,0.012,0.004,0.000,0.002,-0.200,-0.194,-0.194,0.500,1.000,0.010,0.000,0.103,0.200,-0.200,0.200,0.500
22.819,1.000,0.200,0.040,-0.000,-0.000,0.040,1.939,-0.012,0.004,-0.000,0.002,-0.200,-0.194,-0.194,0.500,1.000,0.010,0.000,0.100,0.200,-0.200,0.200,0.500
22.917,1.000,0.200,0.039,-0.000,-0.000,0.039,1.943,-0.008,0.004,-0.000,0.002,-0.200,-0.194,-0.194,0.500,1.000,0.010,0.000,0.098,0.200,-0.200,0.200,0.500
23.032,1.000,0.200,0.046,-0.000,-0.000,0.046,1.948,0.059,0.005,0.000,0.002,-0.200,-0.192,-0.192,0.500,1.000,0.010,0.000,0.115,0.200,-0.200,0.200,0.500
23.128,1.000,0.200,0.038,-0.000,-0.000,0.038,1.952,-0.079,0.004,-0.000,0.002,-0.200,-0.194,-0.194,0.500,1.000,0.010,0.000,0.096,0.200,-0.200,0.200,0.500
23.217,1.000,0.200,0.036,-0.000,-0.000,0.036,1.955,-0.031,0.003,-0.000,0.002,-0.200,-0.195,-0.195,0.500,1.000,0.010,0.000,0.089,0.200,-0.200,0.200,0.500
23.318,1.000,0.200,0.040,-0.000,-0.000,0.040,1.959,0.048,0.004,0.000,0.002,-0.200,-0.194,-0.194,0.500,1.000,0.010,0.000,0.101,0.200,-0.200,0.200,0.500
23.429,1.000,0.200,0.044,-0.000,-0.000,0.044,1.964,0.036,0.005,0.000,0.002,-0.200,-0.193,-0.193,0.500,1.000,0.010,0.000,0.111,0.200,-0.200,0.200,0.500
23.514,1.000,0.200,0.034,-0.000,-0.000,0.034,1.967,-0.122,0.003,-0.000,0.002,-0.200,-0.195,-0.195,0.500,1.000,0.010,0.000,0.085,0.200,-0.200,0.200,0.500
23.633,1.000,0.200,0.048,-0.000,-0.000,0.048,1.973,0.114,0.006,0.000,0.002,-0.200,-0.192,-0.192,0.500,1.000,0.010,0.000,0.119,0.200,-0.200,0.200,0.500
23.735,1.000,0.200,0.041,-0.000,-0.000,0.041,1.977,-0.067,0.004,-0.000,0.002,-0.200,-0.194,-0.194,0.500,1.000,0.010,0.000,0.102,0.200,-0.200,0.200,0.500
23.816,1.000,0.200,0.032,-0.000,-0.000,0.032,1.980,-0.104,0.003,-0.000,0.002,-0.200,-0.196,-0.196,0.500,1.000,0.010,0.000,0.081,0.200,-0.200,0.200,0.500
23.915,1.000,0.200,0.040,-0.000,-0.000,0.040,1.984,0.073,0.004,0.000,0.002,-0.200,-0.194,-0.194,0.500,1.000,0.010,0.000,0.099,0.200,-0.200,0.200,0.500
24.014,1.000,0.200,0.040,-0.000,-0.000,0.040,1.987,0.000,0.004,0.000,0.002,-0.200,-0.194,-0.194,0.500,1.000,0.010,0.000,0.099,0.200,-0.200,0.200,0.500
24.114,1.000,0.200,0.040,-0.000,-0.000,0.040,1.991,0.004,0.004,0.000,0.002,-0.200,-0.194,-0.194,0.500,1.000,0.010,0.000,0.100,0.200,-0.200,0.200,0.500
24.220,1.000,0.200,0.042,-0.000,-0.000,0.042,1.996,0.023,0.004,0.000,0.002,-0.200,-0.193,-0.193,0.500,1.000,0.010,0.000,0.106,0.200,-0.200,0.200,0.500
24.326,1.000,0.200,0.042,-0.000,-0.000,0.042,2.000,0.000,0.004,0.000,0.002,-0.200,-0.193,-0.193,0.500,1.000,0.010,0.000,0.106,0.200,-0.200,0.200,0.500
24.424,1.000,0.200,0.039,-0.000,-0.000,0.039,2.004,-0.033,0.004,-0.000,0.002,-0.200,-0.194,-0.194,0.500,1.000,0.010,0.000,0.098,0.200,-0.200,0.200,0.500
24.515,1.000,0.200,0.036,-0.000,-0.000,0.036,2.008,-0.031,0.003,-0.000,0.002,-0.200,-0.195,-0.195,0.500,1.000,0.010,0.000,0.091,0.200,-0.200,0.200,0.500
24.615,1.000,0.200,0.040,-0.000,-0.000,0.040,2.012,0.036,0.004,0.000,0.002,-0.200,-0.194,-0.194,0.500,1.000,0.010,0.000,0.100,0.200,-0.200,0.200,0.500
24.716,1.000,0.200,0.040,-0.000,-0.000,0.040,2.016,0.004,0.004,0.000,0.002,-0.200,-0.194,-0.194,0.500,1.000,0.010,0.000,0.101,0.200,-0.200,0.200,0.500
24.816,1.000,0.200,0.040,-0.000,-0.000,0.040,2.020,-0.004,0.004,-0.000,0.002,-0.200,-0.194,-0.194,0.500,1.000,0.010,0.000,0.100,0.200,-0.200,0.200,0.500
24.917,1.000,0.200,0.040,-0.000,-0.000,0.040,2.024,0.004,0.004,0.000,0.002,-0.200,-0.194,-0.194,0.500,1.000,0.010,0.000,0.101,0.200,-0.200,0.200,0.500
25.019,1.000,0.200,0.041,-0.000,-0.000,0.041,2.028,0.004,0.004,0.000,0.002,-0.200,-0.194,-0.194,0.500,1.000,0.010,0.000,0.102,0.200,-0.200,0.200,0.500
25.118,1.000,0.200,0.040,-0.000,-0.000,0.040,2.032,-0.012,0.004,-0.000,0.002,-0.200,-0.194,-0.194,0.500,1.000,0.010,0.000,0.099,0.200,-0.200,0.200,0.500
25.227,1.000,0.200,0.044,-0.000,-0.000,0.044,2.037,0.037,0.005,0.000,0.002,-0.200,-0.193,-0.193,0.500,1.000,0.010,0.000,0.109,0.200,-0.200,0.200,0.500
25.327,1.000,0.200,0.040,-0.000,-0.000,0.040,2.041,-0.036,0.004,-0.000,0.002,-0.200,-0.194,-0.194,0.500,1.000,0.010,0.000,0.100,0.200,-0.200,0.200,0.500
25.416,1.000,0.200,0.036,-0.000,-0.000,0.036,2.044,-0.049,0.003,-0.000,0.002,-0.200,-0.195,-0.195,0.500,1.000,0.010,0.000,0.089,0.200,-0.200,0.200,0.500
25.529,1.000,0.200,0.045,-0.000,-0.000,0.045,2.049,0.085,0.005,0.000,0.002,-0.200,-0.193,-0.193,0.500,1.000,0.010,0.000,0.113,0.200,-0.200,0.200,0.500
25.616,1.000,0.200,0.035,-0.000,-0.000,0.035,2.052,-0.120,0.003,-0.000,0.002,-0.200,-0.195,-0.195,0.500,1.000,0.010,0.000,0.087,0.200,-0.200,0.200,0.500
25.714,1.000,0.200,0.039,-0.000,-0.000,0.039,2.056,0.045,0.004,0.000,0.002,-0.200,-0.194,-0.194,0.500,1.000,0.010,0.000,0.098,0.200,-0.200,0.200,0.500
25.815,1.000,0.200,0.040,-0.000,-0.000,0.040,2.060,0.012,0.004,0.000,0.002,-0.200,-0.194,-0.194,0.500,1.000,0.010,0.000,0.101,0.200,-0.200,0.200,0.500
25.930,1.000,0.200,0.046,-0.000,-0.000,0.046,2.065,0.049,0.005,0.000,0.002,-0.200,-0.192,-0.192,0.500,1.000,0.010,0.000,0.115,0.200,-0.200,0.200,0.500
26.023,1.000,0.200,0.037,-0.000,-0.000,0.037,2.069,-0.095,0.003,-0.000,0.002,-0.200,-0.195,-0.195,0.500,1.000,0.010,0.000,0.093,0.200,-0.200,0.200,0.500
26.129,1.000,0.200,0.042,-0.000,-0.000,0.042,2.073,0.049,0.004,0.000,0.002,-0.200,-0.193,-0.193,0.500,1.000,0.010,0.000,0.106,0.200,-0.200,0.200,0.500
26.215,1.000,0.200,0.034,-0.000,-0.000,0.034,2.076,-0.093,0.003,-0.000,0.002,-0.200,-0.195,-0.195,0.500,1.000,0.010,0.000,0.086,0.200,-0.200,0.200,0.500
26.321,1.000,0.200,0.042,-0.000,-0.000,0.042,2.081,0.075,0.004,0.000,0.002,-0.200,-0.193,-0.193,0.500,1.000,0.010,0.000,0.106,0.200,-0.200,0.200,0.500
26.415,1.000,0.200,0.038,-0.000,-0.000,0.038,2.084,-0.051,0.004,-0.000,0.002,-0.200,-0.195,-0.195,0.500,1.000,0.010,0.000,0.094,0.200,-0.200,0.200,0.500
26.515,1.000,0.200,0.040,-0.000,-0.000,0.040,2.088,0.024,0.004,0.000,0.002,-0.200,-0.194,-0.194,0.500,1.000,0.010,0.000,0.100,0.200,-0.200,0.200,0.500
26.625,1.000,0.200,0.044,-0.000,-0.000,0.044,2.093,0.036,0.005,0.000,0.002,-0.200,-0.193,-0.193,0.500,1.000,0.010,0.000,0.110,0.200,-0.200,0.200,0.500
26.716,1.000,0.200,0.036,-0.000,-0.000,0.036,2.096,-0.084,0.003,-0.000,0.002,-0.200,-0.195,-0.195,0.500,1.000,0.010,0.000,0.091,0.200,-0.200,0.200,0.500
26.815,1.000,0.200,0.040,-0.000,-0.000,0.040,2.100,0.032,0.004,0.000,0.002,-0.200,-0.194,-0.194,0.500,1.000,0.010,0.000,0.099,0.200,-0.200,0.200,0.500
26.919,1.000,0.200,0.042,-0.000,-0.000,0.042,2.104,0.019,0.004,0.000,0.002,-0.200,-0.193,-0.193,0.500,1.000,0.010,0.000,0.104,0.200,-0.200,0.200,0.500
27.015,1.000,0.270,0.035,0.117,-0.000,-0.082,2.097,-1.292,-0.008,-0.000,0.002,-0.200,-0.206,-0.206,0.500,1.000,0.010,0.000,0.096,0.200,-0.200,0.200,0.500
27.120,1.000,0.360,0.034,0.246,0.117,-0.212,2.074,-1.236,-0.022,-0.000,0.002,-0.200,-0.220,-0.220,0.500,1.000,0.010,0.000,0.105,0.200,-0.200,0.200,0.500
27.218,1.000,0.440,0.027,0.339,0.246,-0.312,2.044,-1.017,-0.031,-0.000,0.002,-0.200,-0.229,-0.229,0.500,1.000,0.010,0.000,0.098,0.200,-0.200,0.200,0.500
27.318,1.000,0.450,0.028,0.299,0.339,-0.272,2.017,0.399,-0.027,0.000,0.002,-0.200,-0.225,-0.225,0.500,1.000,0.010,0.000,0.100,0.200,-0.200,0.200,0.500
27.419,1.000,0.450,0.028,0.249,0.299,-0.221,1.994,0.501,-0.022,0.000,0.002,-0.200,-0.220,-0.220,0.500,1.000,0.010,0.000,0.101,0.200,-0.200,0.200,0.500
27.517,1.000,0.480,0.025,0.258,0.249,-0.233,1.971,-0.119,-0.023,-0.000,0.002,-0.200,-0.221,-0.221,0.500,1.000,0.010,0.000,0.098,0.200,-0.200,0.200,0.500
27.634,1.000,0.760,0.014,0.663,0.258,-0.649,1.895,-3.558,-0.076,-0.000,0.002,-0.200,-0.274,-0.274,0.500,1.000,0.010,0.000,0.117,0.200,-0.200,0.200,0.500
27.720,1.000,0.870,0.006,0.754,0.663,-0.748,1.831,-1.149,-0.064,-0.000,0.002,-0.200,-0.263,-0.263,0.500,1.000,0.010,0.000,0.086,0.200,-0.200,0.200,0.500
27.817,1.000,1.020,-0.001,0.882,0.754,-0.883,1.745,-1.396,-0.086,-0.000,0.002,-0.200,-0.284,-0.284,0.500,1.000,0.010,0.000,0.097,0.200,-0.200,0.200,0.500
27.916,1.000,1.120,-0.006,0.904,0.882,-0.909,1.655,-0.263,-0.090,-0.000,0.002,-0.200,-0.288,-0.288,0.500,1.000,0.010,0.000,0.099,0.200,-0.200,0.200,0.500
28.024,1.000,1.260,-0.014,0.973,0.904,-0.987,1.549,-0.721,-0.107,-0.000,0.002,-0.200,-0.305,-0.305,0.500,1.000,0.010,0.000,0.108,0.200,-0.200,0.200,0.500
28.114,1.000,1.410,-0.018,1.079,0.973,-1.098,1.450,-1.224,-0.099,-0.000,0.001,-0.200,-0.297,-0.297,0.500,1.000,0.010,0.000,0.090,0.200,-0.200,0.200,0.500
28.215,1.000,1.510,-0.026,1.064,1.079,-1.090,1.340,0.076,-0.110,0.000,0.001,-0.200,-0.309,-0.309,0.500,1.000,0.010,0.000,0.101,0.200,-0.200,0.200,0.500
28.314,1.000,1.670,-0.033,1.155,1.064,-1.189,1.222,-0.996,-0.118,-0.000,0.001,-0.200,-0.316,-0.316,0.500,1.000,0.010,0.000,0.099,0.200,-0.200,0.200,0.500
28.415,1.000,1.900,-0.045,1.344,1.155,-1.389,1.082,-1.988,-0.140,-0.000,0.001,-0.200,-0.339,-0.339,0.500,1.000,0.010,0.000,0.101,0.200,-0.200,0.200,0.500
28.522,1.000,2.100,-0.059,1.436,1.344,-1.495,0.922,-0.991,-0.160,-0.000,0.001,-0.200,-0.359,-0.359,0.500,1.000,0.010,0.000,0.107,0.200,-0.200,0.200,0.500
28.631,1.000,2.130,-0.062,1.229,1.436,-1.290,0.781,1.882,-0.141,0.000,0.001,-0.200,-0.340,-0.340,0.500,1.000,0.010,0.000,0.109,0.200,-0.200,0.200,0.500
28.717,1.000,2.130,-0.049,1.048,1.229,-1.097,0.687,2.248,-0.094,0.000,0.001,-0.200,-0.294,-0.294,0.500,1.000,0.010,0.000,0.086,0.200,-0.200,0.200,0.500
28.829,1.000,2.150,-0.064,0.889,1.048,-0.954,0.580,1.280,-0.107,0.000,0.001,-0.200,-0.306,-0.306,0.500,1.000,0.010,0.000,0.112,0.200,-0.200,0.200,0.500
28.915,1.000,2.370,-0.059,1.134,0.889,-1.193,0.477,-2.784,-0.103,-0.000,0.000,-0.200,-0.302,-0.302,0.500,1.000,0.010,0.000,0.086,0.200,-0.200,0.200,0.500
29.029,1.000,2.510,-0.086,1.152,1.134,-1.238,0.336,-0.391,-0.141,-0.000,0.000,-0.200,-0.341,-0.341,0.500,1.000,0.010,0.000,0.114,0.200,-0.200,0.200,0.500
29.117,1.000,2.620,-0.071,1.166,1.152,-1.238,0.227,0.001,-0.109,0.000,0.000,-0.200,-0.309,-0.309,0.500,1.000,0.010,0.000,0.088,0.200,-0.200,0.200,0.500
29.222,1.000,2.680,-0.088,1.063,1.166,-1.151,0.107,0.822,-0.121,0.000,0.000,-0.200,-0.321,-0.321,0.500,1.000,0.010,0.000,0.105,0.200,-0.200,0.200,0.500
29.316,1.000,2.730,-0.081,0.979,1.063,-1.060,0.007,0.967,-0.100,0.000,0.000,-0.200,-0.300,-0.300,0.500,1.000,0.010,0.000,0.094,0.200,-0.200,0.200,0.500
29.428,1.000,2.830,-0.102,0.963,0.979,-1.066,-0.112,-0.048,-0.119,-0.000,-0.000,-0.200,-0.319,-0.319,0.500,1.000,0.010,0.000,0.112,0.200,-0.200,0.200,0.500
29.518,1.000,2.970,-0.089,1.054,0.963,-1.142,-0.215,-0.850,-0.103,-0.000,-0.000,-0.200,-0.303,-0.303,0.500,1.000,0.010,0.000,0.090,0.200,-0.200,0.200,0.500
29.619,1.000,3.090,-0.106,1.076,1.054,-1.182,-0.335,-0.391,-0.119,-0.000,-0.000,-0.200,-0.320,-0.320,0.500,1.000,0.010,0.000,0.101,0.200,-0.200,0.200,0.500
29.715,1.000,3.110,-0.101,0.936,1.076,-1.038,-0.434,1.501,-0.100,0.000,-0.000,-0.200,-0.300,-0.300,0.500,1.000,0.010,0.000,0.096,0.200,-0.200,0.200,0.500
29.829,1.000,3.010,-0.115,0.600,0.936,-0.714,-0.516,2.837,-0.081,0.000,-0.001,-0.200,-0.282,-0.282,0.500,1.000,0.010,0.000,0.114,0.200,-0.200,0.200,0.500
29.919,1.000,2.910,-0.086,0.339,0.600,-0.425,-0.554,3.218,-0.038,0.000,-0.000,-0.200,-0.239,-0.239,0.500,1.000,0.010,0.000,0.090,0.200,-0.200,0.200,0.500
30.022,1.000,2.650,-0.085,-0.150,0.339,0.065,-0.547,4.757,0.007,0.000,-0.001,-0.200,-0.194,-0.194,0.500,1.000,0.010,0.000,0.103,0.200,-0.200,0.200,0.500
30.114,1.000,2.250,-0.058,-0.803,-0.150,0.745,-0.479,7.389,0.069,0.000,-0.000,-0.200,-0.132,-0.132,0.500,1.000,0.010,0.000,0.092,0.200,-0.200,0.200,0.500
30.217,1.000,1.510,-0.026,-1.893,-0.803,1.866,-0.286,10.887,0.192,0.000,-0.000,-0.200,-0.008,-0.008,0.500,1.000,0.010,0.000,0.103,0.200,-0.200,0.200,0.500
30.321,1.000,0.890,0.006,-2.593,-1.893,2.599,-0.016,7.044,0.270,0.000,-0.000,-0.200,0.070,0.070,0.500,1.000,0.010,0.000,0.104,0.200,-0.200,0.200,0.500
30.426,1.000,0.380,0.033,-2.986,-2.593,3.019,0.301,3.997,0.317,0.000,0.000,-0.200,0.117,0.100,0.500,1.000,0.010,0.000,0.105,0.200,-0.200,0.200,0.500
30.527,1.000,0.360,0.032,-2.518,-2.986,2.550,0.559,-4.642,0.258,-0.000,0.001,-0.200,0.058,0.058,0.500,1.000,0.010,0.000,0.101,0.200,-0.200,0.200,0.500
30.620,1.000,0.530,0.022,-1.836,-2.518,1.858,0.731,-7.441,0.173,-0.000,0.001,-0.200,-0.027,-0.027,0.500,1.000,0.010,0.000,0.093,0.200,-0.200,0.200,0.500
30.715,1.000,0.770,0.011,-1.140,-1.836,1.151,0.841,-7.447,0.109,-0.000,0.001,-0.200,-0.090,-0.090,0.500,1.000,0.010,0.000,0.095,0.200,-0.200,0.200,0.500
30.823,1.000,1.000,0.000,-0.559,-1.140,0.559,0.901,-5.478,0.060,-0.000,0.001,-0.200,-0.139,-0.139,0.500,1.000,0.010,0.000,0.108,0.200,-0.200,0.200,0.500
30.917,1.000,1.410,-0.019,0.220,-0.559,-0.239,0.878,-8.489,-0.022,-0.000,0.001,-0.200,-0.222,-0.222,0.500,1.000,0.010,0.000,0.094,0.200,-0.200,0.200,0.500
31.019,1.000,2.010,-0.052,1.179,0.220,-1.231,0.753,-9.722,-0.126,-0.000,0.001,-0.200,-0.325,-0.325,0.500,1.000,0.010,0.000,0.102,0.200,-0.200,0.200,0.500
31.118,1.000,2.980,-0.098,2.604,1.179,-2.702,0.485,-14.858,-0.267,-0.000,0.000,-0.200,-0.467,-0.467,0.500,1.000,0.010,0.000,0.099,0.200,-0.200,0.200,0.500
31.224,1.000,5.470,-0.200,6.257,2.604,-6.457,-0.199,-35.429,-0.684,-0.000,-0.000,-0.200,-0.885,-0.885,0.500,1.000,0.010,0.000,0.106,0.200,-0.200,0.200,0.500
31.316,1.000,5.460,-0.200,5.268,6.257,-5.468,-0.702,10.753,-0.503,0.000,-0.001,-0.200,-0.704,-0.704,0.500,1.000,0.010,0.000,0.092,0.200,-0.200,0.200,0.500
31.416,1.000,4.850,-0.192,3.373,5.268,-3.566,-1.059,19.021,-0.357,0.000,-0.001,-0.200,-0.558,-0.558,0.500,1.000,0.010,0.000,0.100,0.200,-0.200,0.200,0.500
31.516,1.000,2.620,-0.081,-0.906,3.373,0.825,-0.976,43.904,0.082,0.000,-0.001,-0.200,-0.119,-0.119,0.500,1.000,0.010,0.000,0.100,0.200,-0.200,0.200,0.500
31.613,1.000,0.260,0.036,-4.712,-0.906,4.747,-0.516,40.442,0.461,0.000,-0.001,-0.200,0.260,0.100,0.500,1.000,0.010,0.000,0.097,0.200,-0.200,0.200,0.500
31.714,1.000,0.210,0.040,-4.003,-4.712,4.043,-0.107,-6.976,0.408,-0.000,-0.000,-0.200,0.208,0.100,0.500,1.000,0.010,0.000,0.101,0.200,-0.200,0.200,0.500
31.817,1.000,0.310,0.036,-3.153,-4.003,3.189,0.221,-8.291,0.328,-0.000,0.000,-0.200,0.129,0.100,0.500,1.000,0.010,0.000,0.103,0.200,-0.200,0.200,0.500
31.914,1.000,0.250,0.036,-2.742,-3.153,2.778,0.491,-4.237,0.269,-0.000,0.000,-0.200,0.070,0.070,0.500,1.000,0.010,0.000,0.097,0.200,-0.200,0.200,0.500
32.016,1.000,0.210,0.040,-2.343,-2.742,2.384,0.734,-3.864,0.243,-0.000,0.001,-0.200,0.044,0.044,0.500,1.000,0.010,0.000,0.102,0.200,-0.200,0.200,0.500
32.116,1.000,0.210,0.039,-1.953,-2.343,1.992,0.933,-3.914,0.199,-0.000,0.001,-0.200,0.000,0.000,0.500,1.000,0.010,0.000,0.100,0.200,-0.200,0.200,0.500
32.220,1.000,0.210,0.041,-1.617,-1.953,1.658,1.105,-3.218,0.172,-0.000,0.001,-0.200,-0.026,-0.026,0.500,1.000,0.010,0.000,0.104,0.200,-0.200,0.200,0.500
32.323,1.000,0.200,0.041,-1.357,-1.617,1.398,1.249,-2.519,0.144,-0.000,0.001,-0.200,-0.055,-0.055,0.500,1.000,0.010,0.000,0.103,0.200,-0.200,0.200,0.500
32.415,1.000,0.200,0.037,-1.146,-1.357,1.183,1.358,-2.340,0.109,-0.000,0.001,-0.200,-0.090,-0.090,0.500,1.000,0.010,0.000,0.092,0.200,-0.200,0.200,0.500
32.518,1.000,0.200,0.041,-0.950,-1.146,0.992,1.460,-1.858,0.102,-0.000,0.002,-0.200,-0.096,-0.096,0.500,1.000,0.010,0.000,0.103,0.200,-0.200,0.200,0.500
32.619,1.000,0.200,0.040,-0.791,-0.950,0.831,1.544,-1.589,0.084,-0.000,0.002,-0.200,-0.115,-0.115,0.500,1.000,0.010,0.000,0.101,0.200,-0.200,0.200,0.500
32.725,1.000,0.200,0.042,-0.652,-0.791,0.695,1.618,-1.286,0.074,-0.000,0.002,-0.200,-0.125,-0.125,0.500,1.000,0.010,0.000,0.106,0.200,-0.200,0.200,0.500
32.815,1.000,0.200,0.036,-0.553,-0.652,0.589,1.671,-1.177,0.053,-0.000,0.002,-0.200,-0.145,-0.145,0.500,1.000,0.010,0.000,0.090,0.200,-0.200,0.200,0.500
32.917,1.000,0.200,0.041,-0.459,-0.553,0.500,1.722,-0.871,0.051,-0.000,0.002,-0.200,-0.147,-0.147,0.500,1.000,0.010,0.000,0.102,0.200,-0.200,0.200,0.500
33.026,1.000,0.200,0.044,-0.377,-0.459,0.421,1.768,-0.728,0.046,-0.000,0.002,-0.200,-0.152,-0.152,0.500,1.000,0.010,0.000,0.109,0.200,-0.200,0.200,0.500
33.115,1.000,0.200,0.036,-0.320,-0.377,0.356,1.799,-0.730,0.032,-0.000,0.002,-0.200,-0.167,-0.167,0.500,1.000,0.010,0.000,0.089,0.200,-0.200,0.200,0.500
33.227,1.000,0.200,0.045,-0.261,-0.320,0.306,1.834,-0.441,0.034,-0.000,0.002,-0.200,-0.164,-0.164,0.500,1.000,0.010,0.000,0.112,0.200,-0.200,0.200,0.500
33.315,1.000,0.200,0.035,-0.222,-0.261,0.258,1.856,-0.554,0.023,-0.000,0.002,-0.200,-0.176,-0.176,0.500,1.000,0.010,0.000,0.088,0.200,-0.200,0.200,0.500
33.423,1.000,0.200,0.043,-0.183,-0.222,0.226,1.881,-0.292,0.024,-0.000,0.002,-0.200,-0.174,-0.174,0.500,1.000,0.010,0.000,0.108,0.200,-0.200,0.200,0.500
33.529,1.000,0.200,0.042,-0.151,-0.183,0.193,1.901,-0.309,0.020,-0.000,0.002,-0.200,-0.177,-0.177,0.500,1.000,0.010,0.000,0.106,0.200,-0.200,0.200,0.500
33.631,1.000,0.200,0.041,-0.125,-0.151,0.166,1.918,-0.266,0.017,-0.000,0.002,-0.200,-0.181,-0.181,0.500,1.000,0.010,0.000,0.102,0.200,-0.200,0.200,0.500
33.715,1.000,0.200,0.034,-0.107,-0.125,0.141,1.930,-0.300,0.012,-0.000,0.002,-0.200,-0.187,-0.187,0.500,1.000,0.010,0.000,0.084,0.200,-0.200,0.200,0.500
33.815,1.000,0.200,0.040,-0.089,-0.107,0.129,1.943,-0.115,0.013,-0.000,0.002,-0.200,-0.185,-0.185,0.500,1.000,0.010,0.000,0.100,0.200,-0.200,0.200,0.500
33.927,1.000,0.200,0.045,-0.073,-0.089,0.118,1.956,-0.103,0.013,-0.000,0.002,-0.200,-0.185,-0.185,0.500,1.000,0.010,0.000,0.112,0.200,-0.200,0.200,0.500
34.014,1.000,0.200,0.035,-0.062,-0.073,0.097,1.965,-0.239,0.008,-0.000,0.002,-0.200,-0.190,-0.190,0.500,1.000,0.010,0.000,0.087,0.200,-0.200,0.200,0.500
34.129,1.000,0.200,0.046,-0.051,-0.062,0.097,1.976,-0.004,0.011,-0.000,0.002,-0.200,-0.187,-0.187,0.500,1.000,0.010,0.000,0.115,0.200,-0.200,0.200,0.500
34.223,1.000,0.200,0.038,-0.043,-0.051,0.080,1.983,-0.175,0.008,-0.000,0.002,-0.200,-0.191,-0.191,0.500,1.000,0.010,0.000,0.094,0.200,-0.200,0.200,0.500
34.316,1.000,0.200,0.037,-0.036,-0.043,0.073,1.990,-0.076,0.007,-0.000,0.002,-0.200,-0.191,-0.191,0.500,1.000,0.010,0.000,0.093,0.200,-0.200,0.200,0.500
34.417,1.000,0.200,0.040,-0.030,-0.036,0.070,1.997,-0.028,0.007,-0.000,0.002,-0.200,-0.191,-0.191,0.500,1.000,0.010,0.000,0.101,0.200,-0.200,0.200,0.500
34.521,1.000,0.200,0.042,-0.025,-0.030,0.066,2.004,-0.038,0.007,-0.000,0.002,-0.200,-0.191,-0.191,0.500,1.000,0.010,0.000,0.104,0.200,-0.200,0.200,0.500
34.619,1.000,0.200,0.039,-0.021,-0.025,0.060,2.010,-0.066,0.006,-0.000,0.002,-0.200,-0.192,-0.192,0.500,1.000,0.010,0.000,0.098,0.200,-0.200,0.200,0.500
34.720,1.000,0.200,0.040,-0.017,-0.021,0.058,2.016,-0.023,0.006,-0.000,0.002,-0.200,-0.192,-0.192,0.500,1.000,0.010,0.000,0.101,0.200,-0.200,0.200,0.500
34.818,1.000,0.200,0.039,-0.014,-0.017,0.054,2.021,-0.041,0.005,-0.000,0.002,-0.200,-0.193,-0.193,0.500,1.000,0.010,0.000,0.098,0.200,-0.200,0.200,0.500
34.914,1.000,0.200,0.038,-0.012,-0.014,0.050,2.026,-0.032,0.005,-0.000,0.002,-0.200,-0.193,-0.193,0.500,1.000,0.010,0.000,0.096,0.200,-0.200,0.200,0.500
35.022,1.000,0.200,0.043,-0.010,-0.012,0.053,2.032,0.025,0.006,0.000,0.002,-0.200,-0.192,-0.192,0.500,1.000,0.010,0.000,0.108,0.200,-0.200,0.200,0.500
35.129,1.000,0.200,0.043,-0.008,-0.010,0.051,2.037,-0.020,0.005,-0.000,0.002,-0.200,-0.192,-0.192,0.500,1.000,0.010,0.000,0.107,0.200,-0.200,0.200,0.500
35.229,1.000,0.200,0.040,-0.007,-0.008,0.047,2.042,-0.042,0.005,-0.000,0.002,-0.200,-0.193,-0.193,0.500,1.000,0.010,0.000,0.100,0.200,-0.200,0.200,0.500
35.330,1.000,0.200,0.040,-0.006,-0.007,0.046,2.046,-0.007,0.005,-0.000,0.002,-0.200,-0.193,-0.193,0.500,1.000,0.010,0.000,0.101,0.200,-0.200,0.200,0.500
35.430,1.000,0.200,0.040,-0.005,-0.006,0.045,2.051,-0.013,0.004,-0.000,0.002,-0.200,-0.193,-0.193,0.500,1.000,0.010,0.000,0.100,0.200,-0.200,0.200,0.500
35.531,1.000,0.200,0.040,-0.004,-0.005,0.044,2.055,-0.004,0.004,-0.000,0.002,-0.200,-0.193,-0.193,0.500,1.000,0.010,0.000,0.101,0.200,-0.200,0.200,0.500
35.630,1.000,0.200,0.040,-0.003,-0.004,0.043,2.060,-0.015,0.004,-0.000,0.002,-0.200,-0.194,-0.194,0.500,1.000,0.010,0.000,0.099,0.200,-0.200,0.200,0.500
35.729,1.000,0.200,0.040,-0.003,-0.003,0.042,2.064,-0.005,0.004,-0.000,0.002,-0.200,-0.194,-0.194,0.500,1.000,0.010,0.000,0.099,0.200,-0.200,0.200,0.500
35.829,1.000,0.200,0.040,-0.002,-0.003,0.042,2.068,-0.001,0.004,-0.000,0.002,-0.200,-0.194,-0.194,0.500,1.000,0.010,0.000,0.100,0.200,-0.200,0.200,0.500
35.936,1.000,0.200,0.043,-0.002,-0.002,0.045,2.073,0.022,0.005,0.000,0.002,-0.200,-0.193,-0.193,0.500,1.000,0.010,0.000,0.107,0.200,-0.200,0.200,0.500
36.029,1.000,0.200,0.037,-0.002,-0.002,0.039,2.076,-0.063,0.004,-0.000,0.002,-0.200,-0.194,-0.194,0.500,1.000,0.010,0.000,0.093,0.200,-0.200,0.200,0.500
36.130,1.000,0.200,0.040,-0.001,-0.002,0.042,2.081,0.029,0.004,0.000,0.002,-0.200,-0.194,-0.194,0.500,1.000,0.010,0.000,0.101,0.200,-0.200,0.200,0.500
36.228,1.000,0.200,0.039,-0.001,-0.001,0.040,2.085,-0.014,0.004,-0.000,0.002,-0.200,-0.194,-0.194,0.500,1.000,0.010,0.000,0.098,0.200,-0.200,0.200,0.500
36.336,1.000,0.200,0.043,-0.001,-0.001,0.044,2.089,0.035,0.005,0.000,0.002,-0.200,-0.193,-0.193,0.500,1.000,0.010,0.000,0.108,0.200,-0.200,0.200,0.500
36.430,1.000,0.200,0.038,-0.001,-0.001,0.038,2.093,-0.061,0.004,-0.000,0.002,-0.200,-0.194,-0.194,0.500,1.000,0.010,0.000,0.094,0.200,-0.200,0.200,0.500
36.529,1.000,0.200,0.040,-0.001,-0.001,0.040,2.097,0.019,0.004,0.000,0.002,-0.200,-0.194,-0.194,0.500,1.000,0.010,0.000,0.099,0.200,-0.200,0.200,0.500
36.631,1.000,0.200,0.041,-0.001,-0.001,0.041,2.101,0.011,0.004,0.000,0.002,-0.200,-0.194,-0.194,0.500,1.000,0.010,0.000,0.102,0.200,-0.200,0.200,0.500
36.731,1.000,0.200,0.040,-0.000,-0.001,0.040,2.105,-0.009,0.004,-0.000,0.002,-0.200,-0.194,-0.194,0.500,1.000,0.010,0.000,0.100,0.200,-0.200,0.200,0.500
36.825,1.000,0.200,0.038,-0.000,-0.000,0.038,2.109,-0.026,0.004,-0.000,0.002,-0.200,-0.194,-0.194,0.500,1.000,0.010,0.000,0.094,0.200,-0.200,0.200,0.500
36.927,1.000,0.200,0.041,-0.000,-0.000,0.041,2.113,0.031,0.004,0.000,0.002,-0.200,-0.194,-0.194,0.500,1.000,0.010,0.000,0.102,0.200,-0.200,0.200,0.500
37.028,1.000,0.200,0.040,-0.000,-0.000,0.041,2.117,-0.004,0.004,-0.000,0.002,-0.200,-0.194,-0.194,0.500,1.000,0.010,0.000,0.101,0.200,-0.200,0.200,0.500
37.136,1.000,0.200,0.043,-0.000,-0.000,0.043,2.122,0.026,0.005,0.000,0.002,-0.200,-0.193,-0.193,0.500,1.000,0.010,0.000,0.108,0.200,-0.200,0.200,0.500
37.223,1.000,0.200,0.035,-0.000,-0.000,0.035,2.125,-0.097,0.003,-0.000,0.002,-0.200,-0.195,-0.195,0.500,1.000,0.010,0.000,0.087,0.200,-0.200,0.200,0.500
37.323,1.000,0.200,0.040,-0.000,-0.000,0.040,2.129,0.052,0.004,0.000,0.002,-0.200,-0.194,-0.194,0.500,1.000,0.010,0.000,0.100,0.200,-0.200,0.200,0.500
37.423,1.000,0.200,0.040,-0.000,-0.000,0.040,2.133,-0.000,0.004,-0.000,0.002,-0.200,-0.194,-0.194,0.500,1.000,0.010,0.000,0.100,0.200,-0.200,0.200,0.500
37.523,1.000,0.200,0.040,-0.000,-0.000,0.040,2.137,-0.000,0.004,-0.000,0.002,-0.200,-0.194,-0.194,0.500,1.000,0.010,0.000,0.100,0.200,-0.200,0.200,0.500
37.616,1.000,0.200,0.037,-0.000,-0.000,0.037,2.140,-0.030,0.003,-0.000,0.002,-0.200,-0.195,-0.195,0.500,1.000,0.010,0.000,0.093,0.200,-0.200,0.200,0.500
37.727,1.000,0.200,0.044,-0.000,-0.000,0.044,2.145,0.065,0.005,0.000,0.002,-0.200,-0.193,-0.193,0.500,1.000,0.010,0.000,0.111,0.200,-0.200,0.200,0.500
37.820,1.000,0.200,0.037,-0.000,-0.000,0.037,2.149,-0.078,0.003,-0.000,0.002,-0.200,-0.195,-0.195,0.500,1.000,0.010,0.000,0.093,0.200,-0.200,0.200,0.500
37.919,1.000,0.200,0.040,-0.000,-0.000,0.040,2.153,0.024,0.004,0.000,0.002,-0.200,-0.194,-0.194,0.500,1.000,0.010,0.000,0.099,0.200,-0.200,0.200,0.500
38.019,1.000,0.200,0.040,-0.000,-0.000,0.040,2.157,0.004,0.004,0.000,0.002,-0.200,-0.194,-0.194,0.500,1.000,0.010,0.000,0.100,0.200,-0.200,0.200,0.500
38.117,1.000,0.200,0.039,-0.000,-0.000,0.039,2.160,-0.008,0.004,-0.000,0.002,-0.200,-0.194,-0.194,0.500,1.000,0.010,0.000,0.098,0.200,-0.200,0.200,0.500
38.220,1.000,0.200,0.041,-0.000,-0.000,0.041,2.165,0.019,0.004,0.000,0.002,-0.200,-0.194,-0.194,0.500,1.000,0.010,0.000,0.103,0.200,-0.200,0.200,0.500
38.316,1.000,0.200,0.038,-0.000,-0.000,0.038,2.168,-0.029,0.004,-0.000,0.002,-0.200,-0.194,-0.194,0.500,1.000,0.010,0.000,0.096,0.200,-0.200,0.200,0.500
38.419,1.000,0.200,0.041,-0.000,-0.000,0.041,2.173,0.027,0.004,0.000,0.002,-0.200,-0.194,-0.194,0.500,1.000,0.010,0.000,0.103,0.200,-0.200,0.200,0.500
38.519,1.000,0.200,0.040,-0.000,-0.000,0.040,2.177,-0.012,0.004,-0.000,0.002,-0.200,-0.194,-0.194,0.500,1.000,0.010,0.000,0.100,0.200,-0.200,0.200,0.500
38.619,1.000,0.200,0.040,-0.000,-0.000,0.040,2.181,-0.000,0.004,-0.000,0.002,-0.200,-0.194,-0.194,0.500,1.000,0.010,0.000,0.100,0.200,-0.200,0.200,0.500
38.722,1.000,0.200,0.041,-0.000,-0.000,0.041,2.185,0.012,0.004,0.000,0.002,-0.200,-0.194,-0.194,0.500,1.000,0.010,0.000,0.103,0.200,-0.200,0.200,0.500
38.830,1.000,0.200,0.043,-0.000,-0.000,0.043,2.190,0.018,0.005,0.000,0.002,-0.200,-0.193,-0.193,0.500,1.000,0.010,0.000,0.108,0.200,-0.200,0.200,0.500
38.920,1.000,0.200,0.036,-0.000,-0.000,0.036,2.193,-0.080,0.003,-0.000,0.002,-0.200,-0.195,-0.195,0.500,1.000,0.010,0.000,0.090,0.200,-0.200,0.200,0.500
39.031,1.000,0.200,0.044,-0.000,-0.000,0.044,2.198,0.076,0.005,0.000,0.002,-0.200,-0.193,-0.193,0.500,1.000,0.010,0.000,0.111,0.200,-0.200,0.200,0.500
39.129,1.000,0.200,0.039,-0.000,-0.000,0.039,2.202,-0.053,0.004,-0.000,0.002,-0.200,-0.194,-0.194,0.500,1.000,0.010,0.000,0.098,0.200,-0.200,0.200,0.500
39.231,1.000,0.200,0.041,-0.000,-0.000,0.041,2.206,0.016,0.004,0.000,0.002,-0.200,-0.194,-0.194,0.500,1.000,0.010,0.000,0.102,0.200,-0.200,0.200,0.500
39.324,1.000,0.200,0.037,-0.000,-0.000,0.037,2.209,-0.039,0.003,-0.000,0.002,-0.200,-0.194,-0.194,0.500,1.000,0.010,0.000,0.093,0.200,-0.200,0.200,0.500
39.429,1.000,0.200,0.042,-0.000,-0.000,0.042,2.214,0.046,0.004,0.000,0.002,-0.200,-0.193,-0.193,0.500,1.000,0.010,0.000,0.105,0.200,-0.200,0.200,0.500
39.517,1.000,0.200,0.035,-0.000,-0.000,0.035,2.217,-0.077,0.003,-0.000,0.002,-0.200,-0.195,-0.195,0.500,1.000,0.010,0.000,0.088,0.200,-0.200,0.200,0.500
39.619,1.000,0.200,0.041,-0.000,-0.000,0.041,2.221,0.055,0.004,0.000,0.002,-0.200,-0.194,-0.194,0.500,1.000,0.010,0.000,0.102,0.200,-0.200,0.200,0.500
39.717,1.000,0.200,0.039,-0.000,-0.000,0.039,2.225,-0.016,0.004,-0.000,0.002,-0.200,-0.194,-0.194,0.500,1.000,0.010,0.000,0.098,0.200,-0.200,0.200,0.500
39.820,1.000,0.200,0.041,-0.000,-0.000,0.041,2.229,0.019,0.004,0.000,0.002,-0.200,-0.193,-0.193,0.500,1.000,0.010,0.000,0.103,0.200,-0.200,0.200,0.500
39.924,1.000,0.200,0.042,-0.000,-0.000,0.042,2.233,0.004,0.004,0.000,0.002,-0.200,-0.193,-0.193,0.500,1.000,0.010,0.000,0.104,0.200,-0.200,0.200,0.500
40.029,1.000,0.200,0.042,-0.000,-0.000,0.042,2.238,0.004,0.004,0.000,0.002,-0.200,-0.193,-0.193,0.500,1.000,0.010,0.000,0.105,0.200,-0.200,0.200,0.500
40.117,1.000,0.200,0.035,-0.000,-0.000,0.035,2.241,-0.077,0.003,-0.000,0.002,-0.200,-0.195,-0.195,0.500,1.000,0.010,0.000,0.088,0.200,-0.200,0.200,0.500
40.217,1.000,0.200,0.040,-0.000,-0.000,0.040,2.245,0.048,0.004,0.000,0.002,-0.200,-0.194,-0.194,0.500,1.000,0.010,0.000,0.100,0.200,-0.200,0.200,0.500
40.326,1.000,0.200,0.044,-0.000,-0.000,0.044,2.250,0.033,0.005,0.000,0.002,-0.200,-0.193,-0.193,0.500,1.000,0.010,0.000,0.109,0.200,-0.200,0.200,0.500
40.416,1.000,0.200,0.036,-0.000,-0.000,0.036,2.253,-0.084,0.003,-0.000,0.002,-0.200,-0.195,-0.195,0.500,1.000,0.010,0.000,0.090,0.200,-0.200,0.200,0.500
40.525,1.000,0.200,0.044,-0.000,-0.000,0.044,2.258,0.070,0.005,0.000,0.002,-0.200,-0.193,-0.193,0.500,1.000,0.010,0.000,0.109,0.200,-0.200,0.200,0.500
40.615,1.000,0.200,0.036,-0.000,-0.000,0.036,2.261,-0.084,0.003,-0.000,0.002,-0.200,-0.195,-0.195,0.500,1.000,0.010,0.000,0.090,0.200,-0.200,0.200,0.500
40.718,1.000,0.200,0.041,-0.000,-0.000,0.041,2.265,0.050,0.004,0.000,0.002,-0.200,-0.193,-0.193,0.500,1.000,0.010,0.000,0.103,0.200,-0.200,0.200,0.500
40.822,1.000,0.200,0.042,-0.000,-0.000,0.042,2.269,0.004,0.004,0.000,0.002,-0.200,-0.193,-0.193,0.500,1.000,0.010,0.000,0.104,0.200,-0.200,0.200,0.500
40.915,1.000,0.200,0.037,-0.000,-0.000,0.037,2.273,-0.047,0.003,-0.000,0.002,-0.200,-0.194,-0.194,0.500,1.000,0.010,0.000,0.093,0.200,-0.200,0.200,0.500
41.028,1.000,0.200,0.045,-0.000,-0.000,0.045,2.278,0.071,0.005,0.000,0.003,-0.200,-0.192,-0.192,0.500,1.000,0.010,0.000,0.113,0.200,-0.200,0.200,0.500
41.115,1.000,0.200,0.035,-0.000,-0.000,0.035,2.281,-0.120,0.003,-0.000,0.002,-0.200,-0.195,-0.195,0.500,1.000,0.010,0.000,0.087,0.200,-0.200,0.200,0.500
41.221,1.000,0.200,0.042,-0.000,-0.000,0.042,2.285,0.072,0.004,0.000,0.002,-0.200,-0.193,-0.193,0.500,1.000,0.010,0.000,0.106,0.200,-0.200,0.200,0.500
41.317,1.000,0.200,0.038,-0.000,-0.000,0.038,2.289,-0.042,0.004,-0.000,0.002,-0.200,-0.194,-0.194,0.500,1.000,0.010,0.000,0.096,0.200,-0.200,0.200,0.500
41.417,1.000,0.200,0.040,-0.000,-0.000,0.040,2.293,0.016,0.004,0.000,0.002,-0.200,-0.194,-0.194,0.500,1.000,0.010,0.000,0.100,0.200,-0.200,0.200,0.500
41.515,1.000,0.200,0.039,-0.000,-0.000,0.039,2.297,-0.008,0.004,-0.000,0.002,-0.200,-0.194,-0.194,0.500,1.000,0.010,0.000,0.098,0.200,-0.200,0.200,0.500
41.622,1.000,0.200,0.043,-0.000,-0.000,0.043,2.302,0.034,0.005,0.000,0.002,-0.200,-0.193,-0.193,0.500,1.000,0.010,0.000,0.107,0.200,-0.200,0.200,0.500
41.725,1.000,0.200,0.041,-0.000,-0.000,0.041,2.306,-0.016,0.004,-0.000,0.002,-0.200,-0.193,-0.193,0.500,1.000,0.010,0.000,0.103,0.200,-0.200,0.200,0.500
41.815,1.000,0.200,0.036,-0.000,-0.000,0.036,2.309,-0.058,0.003,-0.000,0.002,-0.200,-0.195,-0.195,0.500,1.000,0.010,0.000,0.090,0.200,-0.200,0.200,0.500
41.917,1.000,0.200,0.041,-0.000,-0.000,0.041,2.313,0.047,0.004,0.000,0.002,-0.200,-0.193,-0.193,0.500,1.000,0.010,0.000,0.102,0.200,-0.200,0.200,0.500
42.019,1.000,0.200,0.041,-0.000,-0.000,0.041,2.317,-0.000,0.004,-0.000,0.002,-0.200,-0.193,-0.193,0.500,1.000,0.010,0.000,0.102,0.200,-0.200,0.200,0.500
42.114,1.000,0.200,0.038,-0.000,-0.000,0.038,2.321,-0.029,0.004,-0.000,0.002,-0.200,-0.194,-0.194,0.500,1.000,0.010,0.000,0.095,0.200,-0.200,0.200,0.500
42.228,1.000,0.200,0.046,-0.000,-0.000,0.046,2.326,0.067,0.005,0.000,0.003,-0.200,-0.192,-0.192,0.500,1.000,0.010,0.000,0.114,0.200,-0.200,0.200,0.500
42.316,1.000,0.200,0.035,-0.000,-0.000,0.035,2.329,-0.118,0.003,-0.000,0.002,-0.200,-0.195,-0.195,0.500,1.000,0.010,0.000,0.088,0.200,-0.200,0.200,0.500
42.415,1.000,0.200,0.040,-0.000,-0.000,0.040,2.333,0.044,0.004,0.000,0.002,-0.200,-0.194,-0.194,0.500,1.000,0.010,0.000,0.099,0.200,-0.200,0.200,0.500
42.519,1.000,0.200,0.042,-0.000,-0.000,0.042,2.338,0.019,0.004,0.000,0.002,-0.200,-0.193,-0.193,0.500,1.000,0.010,0.000,0.104,0.200,-0.200,0.200,0.500
42.619,1.000,0.200,0.040,-0.000,-0.000,0.040,2.342,-0.016,0.004,-0.000,0.002,-0.200,-0.194,-0.194,0.500,1.000,0.010,0.000,0.100,0.200,-0.200,0.200,0.500
42.719,1.000,0.200,0.040,-0.000,-0.000,0.040,2.346,-0.000,0.004,-0.000,0.002,-0.200,-0.194,-0.194,0.500,1.000,0.010,0.000,0.100,0.200,-0.200,0.200,0.500
42.819,1.000,0.200,0.040,-0.000,-0.000,0.040,2.350,0.000,0.004,0.000,0.002,-0.200,-0.194,-0.194,0.500,1.000,0.010,0.000,0.100,0.200,-0.200,0.200,0.500
42.914,1.000,0.200,0.038,-0.000,-0.000,0.038,2.353,-0.021,0.004,-0.000,0.002,-0.200,-0.194,-0.194,0.500,1.000,0.010,0.000,0.095,0.200,-0.200,0.200,0.500
43.015,1.000,0.200,0.040,-0.000,-0.000,0.040,2.357,0.024,0.004,0.000,0.002,-0.200,-0.194,-0.194,0.500,1.000,0.010,0.000,0.101,0.200,-0.200,0.200,0.500
43.117,1.000,0.200,0.041,-0.000,-0.000,0.041,2.361,0.004,0.004,0.000,0.002,-0.200,-0.193,-0.193,0.500,1.000,0.010,0.000,0.102,0.200,-0.200,0.200,0.500
43.217,1.000,0.200,0.040,-0.000,-0.000,0.040,2.365,-0.008,0.004,-0.000,0.002,-0.200,-0.194,-0.194,0.500,1.000,0.010,0.000,0.100,0.200,-0.200,0.200,0.500
43.324,1.000,0.200,0.043,-0.000,-0.000,0.043,2.370,0.026,0.005,0.000,0.003,-0.200,-0.193,-0.193,0.500,1.000,0.010,0.000,0.107,0.200,-0.200,0.200,0.500
43.425,1.000,0.200,0.040,-0.000,-0.000,0.040,2.374,-0.024,0.004,-0.000,0.002,-0.200,-0.194,-0.194,0.500,1.000,0.010,0.000,0.101,0.200,-0.200,0.200,0.500
43.515,1.000,0.200,0.036,-0.000,-0.000,0.036,2.377,-0.049,0.003,-0.000,0.002,-0.200,-0.195,-0.195,0.500,1.000,0.010,0.000,0.090,0.200,-0.200,0.200,0.500
43.625,1.000,0.200,0.044,-0.000,-0.000,0.044,2.382,0.073,0.005,0.000,0.003,-0.200,-0.193,-0.193,0.500,1.000,0.010,0.000,0.110,0.200,-0.200,0.200,0.500
43.715,1.000,0.200,0.036,-0.000,-0.000,0.036,2.385,-0.089,0.003,-0.000,0.002,-0.200,-0.195,-0.195,0.500,1.000,0.010,0.000,0.090,0.200,-0.200,0.200,0.500
43.829,1.000,0.200,0.046,-0.000,-0.000,0.046,2.391,0.084,0.005,0.000,0.003,-0.200,-0.192,-0.192,0.500,1.000,0.010,0.000,0.114,0.200,-0.200,0.200,0.500
43.915,1.000,0.200,0.034,-0.000,-0.000,0.034,2.394,-0.130,0.003,-0.000,0.002,-0.200,-0.195,-0.195,0.500,1.000,0.010,0.000,0.086,0.200,-0.200,0.200,0.500
44.018,1.000,0.200,0.041,-0.000,-0.000,0.041,2.398,0.066,0.004,0.000,0.002,-0.200,-0.193,-0.193,0.500,1.000,0.010,0.000,0.103,0.200,-0.200,0.200,0.500
44.116,1.000,0.200,0.039,-0.000,-0.000,0.039,2.402,-0.020,0.004,-0.000,0.002,-0.200,-0.194,-0.194,0.500,1.000,0.010,0.000,0.098,0.200,-0.200,0.200,0.500
44.216,1.000,0.200,0.040,-0.000,-0.000,0.040,2.406,0.008,0.004,0.000,0.002,-0.200,-0.194,-0.194,0.500,1.000,0.010,0.000,0.100,0.200,-0.200,0.200,0.500
44.313,1.000,0.200,0.039,-0.000,-0.000,0.039,2.409,-0.012,0.004,-0.000,0.002,-0.200,-0.194,-0.194,0.500,1.000,0.010,0.000,0.097,0.200,-0.200,0.200,0.500
44.416,1.000,0.200,0.041,-0.000,-0.000,0.041,2.414,0.023,0.004,0.000,0.002,-0.200,-0.193,-0.193,0.500,1.000,0.010,0.000,0.103,0.200,-0.200,0.200,0.500
44.517,1.000,0.200,0.040,-0.000,-0.000,0.040,2.418,-0.008,0.004,-0.000,0.002,-0.200,-0.193,-0.193,0.500,1.000,0.010,0.000,0.101,0.200,-0.200,0.200,0.500
44.622,1.000,0.200,0.042,-0.000,-0.000,0.042,2.422,0.015,0.004,0.000,0.003,-0.200,-0.193,-0.193,0.500,1.000,0.010,0.000,0.105,0.200,-0.200,0.200,0.500
44.716,1.000,0.200,0.038,-0.000,-0.000,0.038,2.426,-0.047,0.004,-0.000,0.002,-0.200,-0.194,-0.194,0.500,1.000,0.010,0.000,0.094,0.200,-0.200,0.200,0.500
44.818,1.000,0.200,0.041,-0.000,-0.000,0.041,2.430,0.031,0.004,0.000,0.002,-0.200,-0.193,-0.193,0.500,1.000,0.010,0.000,0.102,0.200,-0.200,0.200,0.500
44.915,1.000,0.200,0.039,-0.000,-0.000,0.039,2.434,-0.021,0.004,-0.000,0.002,-0.200,-0.194,-0.194,0.500,1.000,0.010,0.000,0.097,0.200,-0.200,0.200,0.500
45.016,1.000,0.200,0.040,-0.000,-0.000,0.040,2.438,0.016,0.004,0.000,0.002,-0.200,-0.193,-0.193,0.500,1.000,0.010,0.000,0.101,0.200,-0.200,0.200,0.500
45.116,1.000,0.200,0.040,-0.000,-0.000,0.040,2.442,-0.004,0.004,-0.000,0.002,-0.200,-0.194,-0.194,0.500,1.000,0.010,0.000,0.100,0.200,-0.200,0.200,0.500
45.215,1.000,0.200,0.040,-0.000,-0.000,0.040,2.446,-0.004,0.004,-0.000,0.002,-0.200,-0.194,-0.194,0.500,1.000,0.010,0.000,0.099,0.200,-0.200,0.200,0.500
45.330,1.000,0.200,0.046,-0.000,-0.000,0.046,2.451,0.056,0.005,0.000,0.003,-0.200,-0.192,-0.192,0.500,1.000,0.010,0.000,0.115,0.200,-0.200,0.200,0.500
45.417,1.000,0.200,0.035,-0.000,-0.000,0.035,2.454,-0.129,0.003,-0.000,0.002,-0.200,-0.195,-0.195,0.500,1.000,0.010,0.000,0.087,0.200,-0.200,0.200,0.500
45.516,1.000,0.200,0.040,-0.000,-0.000,0.040,2.458,0.048,0.004,0.000,0.002,-0.200,-0.194,-0.194,0.500,1.000,0.010,0.000,0.099,0.200,-0.200,0.200,0.500
45.615,1.000,0.200,0.040,-0.000,-0.000,0.040,2.462,0.000,0.004,0.000,0.002,-0.200,-0.194,-0.194,0.500,1.000,0.010,0.000,0.099,0.200,-0.200,0.200,0.500
45.725,1.000,0.200,0.044,-0.000,-0.000,0.044,2.467,0.040,0.005,0.000,0.003,-0.200,-0.192,-0.192,0.500,1.000,0.010,0.000,0.110,0.200,-0.200,0.200,0.500
45.826,1.000,0.200,0.040,-0.000,-0.000,0.040,2.471,-0.036,0.004,-0.000,0.002,-0.200,-0.193,-0.193,0.500,1.000,0.010,0.000,0.101,0.200,-0.200,0.200,0.500
45.926,1.000,0.200,0.040,-0.000,-0.000,0.040,2.475,-0.004,0.004,-0.000,0.002,-0.200,-0.194,-0.194,0.500,1.000,0.010,0.000,0.100,0.200,-0.200,0.200,0.500
46.026,1.000,0.200,0.040,-0.000,-0.000,0.040,2.479,0.000,0.004,0.000,0.002,-0.200,-0.194,-0.194,0.500,1.000,0.010,0.000,0.100,0.200,-0.200,0.200,0.500
46.121,1.000,0.200,0.038,-0.000,-0.000,0.038,2.482,-0.021,0.004,-0.000,0.002,-0.200,-0.194,-0.194,0.500,1.000,0.010,0.000,0.095,0.200,-0.200,0.200,0.500
46.217,1.000,0.200,0.038,-0.000,-0.000,0.038,2.486,0.004,0.004,0.000,0.002,-0.200,-0.194,-0.194,0.500,1.000,0.010,0.000,0.096,0.200,-0.200,0.200,0.500
46.319,1.000,0.200,0.041,-0.000,-0.000,0.041,2.490,0.024,0.004,0.000,0.003,-0.200,-0.193,-0.193,0.500,1.000,0.010,0.000,0.102,0.200,-0.200,0.200,0.500
46.421,1.000,0.200,0.041,-0.000,-0.000,0.041,2.494,0.000,0.004,0.000,0.003,-0.200,-0.193,-0.193,0.500,1.000,0.010,0.000,0.102,0.200,-0.200,0.200,0.500
46.519,1.000,0.200,0.039,-0.000,-0.000,0.039,2.498,-0.016,0.004,-0.000,0.002,-0.200,-0.194,-0.194,0.500,1.000,0.010,0.000,0.098,0.200,-0.200,0.200,0.500
46.625,1.000,0.200,0.042,-0.000,-0.000,0.042,2.503,0.030,0.004,0.000,0.003,-0.200,-0.193,-0.193,0.500,1.000,0.010,0.000,0.106,0.200,-0.200,0.200,0.500
46.727,1.000,0.200,0.041,-0.000,-0.000,0.041,2.507,-0.016,0.004,-0.000,0.003,-0.200,-0.193,-0.193,0.500,1.000,0.010,0.000,0.102,0.200,-0.200,0.200,0.500
46.818,1.000,0.200,0.036,-0.000,-0.000,0.036,2.510,-0.048,0.003,-0.000,0.002,-0.200,-0.194,-0.194,0.500,1.000,0.010,0.000,0.091,0.200,-0.200,0.200,0.500
46.918,1.000,0.200,0.040,-0.000,-0.000,0.040,2.514,0.036,0.004,0.000,0.003,-0.200,-0.193,-0.193,0.500,1.000,0.010,0.000,0.100,0.200,-0.200,0.200,0.500
47.019,1.000,0.200,0.040,-0.000,-0.000,0.040,2.518,0.004,0.004,0.000,0.003,-0.200,-0.193,-0.193,0.500,1.000,0.010,0.000,0.101,0.200,-0.200,0.200,0.500
47.129,1.000,0.200,0.044,-0.000,-0.000,0.044,2.523,0.033,0.005,0.000,0.003,-0.200,-0.192,-0.192,0.500,1.000,0.010,0.000,0.110,0.200,-0.200,0.200,0.500
47.217,1.000,0.200,0.035,-0.000,-0.000,0.035,2.526,-0.100,0.003,-0.000,0.002,-0.200,-0.195,-0.195,0.500,1.000,0.010,0.000,0.088,0.200,-0.200,0.200,0.500
47.318,1.000,0.200,0.040,-0.000,-0.000,0.040,2.530,0.051,0.004,0.000,0.003,-0.200,-0.193,-0.193,0.500,1.000,0.010,0.000,0.101,0.200,-0.200,0.200,0.500
47.429,1.000,0.200,0.044,-0.000,-0.000,0.044,2.535,0.036,0.005,0.000,0.003,-0.200,-0.192,-0.192,0.500,1.000,0.010,0.000,0.111,0.200,-0.200,0.200,0.500
47.516,1.000,0.200,0.035,-0.000,-0.000,0.035,2.538,-0.110,0.003,-0.000,0.002,-0.200,-0.195,-0.195,0.500,1.000,0.010,0.000,0.087,0.200,-0.200,0.200,0.500
47.630,1.000,0.200,0.046,-0.000,-0.000,0.046,2.543,0.095,0.005,0.000,0.003,-0.200,-0.192,-0.192,0.500,1.000,0.010,0.000,0.114,0.200,-0.200,0.200,0.500
47.717,1.000,0.200,0.035,-0.000,-0.000,0.035,2.546,-0.124,0.003,-0.000,0.002,-0.200,-0.195,-0.195,0.500,1.000,0.010,0.000,0.087,0.200,-0.200,0.200,0.500
47.832,1.000,0.200,0.046,-0.000,-0.000,0.046,2.552,0.097,0.005,0.000,0.003,-0.200,-0.192,-0.192,0.500,1.000,0.010,0.000,0.115,0.200,-0.200,0.200,0.500
47.930,1.000,0.200,0.039,-0.000,-0.000,0.039,2.555,-0.069,0.004,-0.000,0.003,-0.200,-0.194,-0.194,0.500,1.000,0.010,0.000,0.098,0.200,-0.200,0.200,0.500
48.018,1.000,0.200,0.035,-0.000,-0.000,0.035,2.559,-0.045,0.003,-0.000,0.002,-0.200,-0.195,-0.195,0.500,1.000,0.010,0.000,0.088,0.200,-0.200,0.200,0.500
48.133,1.000,0.200,0.046,-0.000,-0.000,0.046,2.564,0.094,0.005,0.000,0.003,-0.200,-0.192,-0.192,0.500,1.000,0.010,0.000,0.115,0.200,-0.200,0.200,0.500
48.217,1.000,0.200,0.034,-0.000,-0.000,0.034,2.567,-0.148,0.003,-0.000,0.002,-0.200,-0.195,-0.195,0.500,1.000,0.010,0.000,0.084,0.200,-0.200,0.200,0.500
48.322,1.000,0.200,0.042,-0.000,-0.000,0.042,2.571,0.080,0.004,0.000,0.003,-0.200,-0.193,-0.193,0.500,1.000,0.010,0.000,0.105,0.200,-0.200,0.200,0.500
48.428,1.000,0.200,0.042,-0.000,-0.000,0.042,2.576,0.004,0.004,0.000,0.003,-0.200,-0.193,-0.193,0.500,1.000,0.010,0.000,0.106,0.200,-0.200,0.200,0.500
48.515,1.000,0.200,0.035,-0.000,-0.000,0.035,2.579,-0.087,0.003,-0.000,0.002,-0.200,-0.195,-0.195,0.500,1.000,0.010,0.000,0.087,0.200,-0.200,0.200,0.500
48.615,1.000,0.200,0.040,-0.000,-0.000,0.040,2.583,0.052,0.004,0.000,0.003,-0.200,-0.193,-0.193,0.500,1.000,0.010,0.000,0.100,0.200,-0.200,0.200,0.500
48.715,1.000,0.200,0.040,-0.000,-0.000,0.040,2.587,-0.000,0.004,-0.000,0.003,-0.200,-0.193,-0.193,0.500,1.000,0.010,0.000,0.100,0.200,-0.200,0.200,0.500
48.815,1.000,0.200,0.040,-0.000,-0.000,0.040,2.591,0.000,0.004,0.000,0.003,-0.200,-0.193,-0.193,0.500,1.000,0.010,0.000,0.100,0.200,-0.200,0.200,0.500
48.919,1.000,0.200,0.042,-0.000,-0.000,0.042,2.595,0.015,0.004,0.000,0.003,-0.200,-0.193,-0.193,0.500,1.000,0.010,0.000,0.104,0.200,-0.200,0.200,0.500
49.015,1.000,0.200,0.038,-0.000,-0.000,0.038,2.599,-0.033,0.004,-0.000,0.002,-0.200,-0.194,-0.194,0.500,1.000,0.010,0.000,0.096,0.200,-0.200,0.200,0.500
49.129,1.000,0.200,0.046,-0.000,-0.000,0.046,2.604,0.063,0.005,0.000,0.003,-0.200,-0.192,-0.192,0.500,1.000,0.010,0.000,0.114,0.200,-0.200,0.200,0.500
49.218,1.000,0.200,0.036,-0.000,-0.000,0.036,2.607,-0.112,0.003,-0.000,0.002,-0.200,-0.195,-0.195,0.500,1.000,0.010,0.000,0.089,0.200,-0.200,0.200,0.500
49.319,1.000,0.200,0.040,-0.000,-0.000,0.040,2.611,0.048,0.004,0.000,0.003,-0.200,-0.193,-0.193,0.500,1.000,0.010,0.000,0.101,0.200,-0.200,0.200,0.500
49.415,1.000,0.200,0.038,-0.000,-0.000,0.038,2.615,-0.021,0.004,-0.000,0.003,-0.200,-0.194,-0.194,0.500,1.000,0.010,0.000,0.096,0.200,-0.200,0.200,0.500
49.520,1.000,0.200,0.042,-0.000,-0.000,0.042,2.619,0.034,0.004,0.000,0.003,-0.200,-0.193,-0.193,0.500,1.000,0.010,0.000,0.105,0.200,-0.200,0.200,0.500
49.620,1.000,0.200,0.040,-0.000,-0.000,0.040,2.623,-0.020,0.004,-0.000,0.003,-0.200,-0.193,-0.193,0.500,1.000,0.010,0.000,0.100,0.200,-0.200,0.200,0.500
49.717,1.000,0.200,0.039,-0.000,-0.000,0.039,2.627,-0.012,0.004,-0.000,0.003,-0.200,-0.194,-0.194,0.500,1.000,0.010,0.000,0.097,0.200,-0.200,0.200,0.500
49.818,1.000,0.200,0.040,-0.000,-0.000,0.040,2.631,0.016,0.004,0.000,0.003,-0.200,-0.193,-0.193,0.500,1.000,0.010,0.000,0.101,0.200,-0.200,0.200,0.500
49.915,1.000,0.200,0.039,-0.000,-0.000,0.039,2.635,-0.016,0.004,-0.000,0.003,-0.200,-0.194,-0.194,0.500,1.000,0.010,0.000,0.097,0.200,-0.200,0.200,0.500
50.016,1.000,0.200,0.040,-0.000,-0.000,0.040,2.639,0.016,0.004,0.000,0.003,-0.200,-0.193,-0.193,0.500,1.000,0.010,0.000,0.101,0.200,-0.200,0.200,0.500
50.115,1.000,0.200,0.040,-0.000,-0.000,0.040,2.643,-0.008,0.004,-0.000,0.003,-0.200,-0.193,-0.193,0.500,1.000,0.010,0.000,0.099,0.200,-0.200,0.200,0.500
50.215,1.000,0.200,0.040,-0.000,-0.000,0.040,2.647,0.004,0.004,0.000,0.003,-0.200,-0.193,-0.193,0.500,1.000,0.010,0.000,0.100,0.200,-0.200,0.200,0.500
50.315,1.000,0.200,0.040,-0.000,-0.000,0.040,2.651,0.000,0.004,0.000,0.003,-0.200,-0.193,-0.193,0.500,1.000,0.010,0.000,0.100,0.200,-0.200,0.200,0.500
50.420,1.000,0.200,0.042,-0.000,-0.000,0.042,2.655,0.019,0.004,0.000,0.003,-0.200,-0.193,-0.193,0.500,1.000,0.010,0.000,0.105,0.200,-0.200,0.200,0.500
50.515,1.000,0.200,0.038,-0.000,-0.000,0.038,2.659,-0.042,0.004,-0.000,0.003,-0.200,-0.194,-0.194,0.500,1.000,0.010,0.000,0.095,0.200,-0.200,0.200,0.500
50.616,1.000,0.200,0.040,-0.000,-0.000,0.040,2.663,0.024,0.004,0.000,0.003,-0.200,-0.193,-0.193,0.500,1.000,0.010,0.000,0.101,0.200,-0.200,0.200,0.500
50.716,1.000,0.200,0.040,-0.000,-0.000,0.040,2.667,-0.004,0.004,-0.000,0.003,-0.200,-0.193,-0.193,0.500,1.000,0.010,0.000,0.100,0.200,-0.200,0.200,0.500
50.818,1.000,0.200,0.041,-0.000,-0.000,0.041,2.671,0.008,0.004,0.000,0.003,-0.200,-0.193,-0.193,0.500,1.000,0.010,0.000,0.102,0.200,-0.200,0.200,0.500
50.914,1.000,0.200,0.038,-0.000,-0.000,0.038,2.675,-0.025,0.004,-0.000,0.003,-0.200,-0.194,-0.194,0.500,1.000,0.010,0.000,0.096,0.200,-0.200,0.200,0.500
51.016,1.000,0.200,0.041,-0.000,-0.000,0.041,2.679,0.024,0.004,0.000,0.003,-0.200,-0.193,-0.193,0.500,1.000,0.010,0.000,0.102,0.200,-0.200,0.200,0.500
51.116,1.000,0.200,0.040,-0.000,-0.000,0.040,2.683,-0.008,0.004,-0.000,0.003,-0.200,-0.193,-0.193,0.500,1.000,0.010,0.000,0.100,0.200,-0.200,0.200,0.500
51.215,1.000,0.200,0.040,-0.000,-0.000,0.040,2.687,-0.004,0.004,-0.000,0.003,-0.200,-0.193,-0.193,0.500,1.000,0.010,0.000,0.099,0.200,-0.200,0.200,0.500
51.332,1.000,0.200,0.047,-0.000,-0.000,0.047,2.692,0.062,0.005,0.000,0.003,-0.200,-0.191,-0.191,0.500,1.000,0.010,0.000,0.117,0.200,-0.200,0.200,0.500
51.423,1.000,0.200,0.036,-0.000,-0.000,0.036,2.696,-0.114,0.003,-0.000,0.002,-0.200,-0.194,-0.194,0.500,1.000,0.010,0.000,0.091,0.200,-0.200,0.200,0.500
51.517,1.000,0.200,0.038,-0.000,-0.000,0.038,2.699,0.013,0.004,0.000,0.003,-0.200,-0.194,-0.194,0.500,1.000,0.010,0.000,0.094,0.200,-0.200,0.200,0.500
51.637,1.000,0.200,0.048,-0.000,-0.000,0.048,2.705,0.087,0.006,0.000,0.003,-0.200,-0.191,-0.191,0.500,1.000,0.010,0.000,0.120,0.200,-0.200,0.200,0.500
51.721,1.000,0.200,0.034,-0.000,-0.000,0.034,2.708,-0.171,0.003,-0.000,0.002,-0.200,-0.195,-0.195,0.500,1.000,0.010,0.000,0.084,0.200,-0.200,0.200,0.500
51.814,1.000,0.200,0.037,-0.000,-0.000,0.037,2.711,0.039,0.003,0.000,0.003,-0.200,-0.194,-0.194,0.500,1.000,0.010,0.000,0.093,0.200,-0.200,0.200,0.500
51.917,1.000,0.200,0.041,-0.000,-0.000,0.041,2.715,0.039,0.004,0.000,0.003,-0.200,-0.193,-0.193,0.500,1.000,0.010,0.000,0.103,0.200,-0.200,0.200,0.500
52.037,1.000,0.200,0.048,-0.000,-0.000,0.048,2.721,0.057,0.006,0.000,0.003,-0.200,-0.191,-0.191,0.500,1.000,0.010,0.000,0.120,0.200,-0.200,0.200,0.500
52.129,1.000,0.200,0.037,-0.000,-0.000,0.037,2.725,-0.122,0.003,-0.000,0.003,-0.200,-0.194,-0.194,0.500,1.000,0.010,0.000,0.092,0.200,-0.200,0.200,0.500
52.230,1.000,0.200,0.040,-0.000,-0.000,0.040,2.729,0.036,0.004,0.000,0.003,-0.200,-0.193,-0.193,0.500,1.000,0.010,0.000,0.101,0.200,-0.200,0.200,0.500
52.329,1.000,0.200,0.040,-0.000,-0.000,0.040,2.733,-0.008,0.004,-0.000,0.003,-0.200,-0.193,-0.193,0.500,1.000,0.010,0.000,0.099,0.200,-0.200,0.200,0.500
52.428,1.000,0.200,0.040,-0.000,-0.000,0.040,2.736,0.000,0.004,0.000,0.003,-0.200,-0.193,-0.193,0.500,1.000,0.010,0.000,0.099,0.200,-0.200,0.200,0.500
52.536,1.000,0.200,0.043,-0.000,-0.000,0.043,2.741,0.033,0.005,0.000,0.003,-0.200,-0.192,-0.192,0.500,1.000,0.010,0.000,0.108,0.200,-0.200,0.200,0.500
52.631,1.000,0.200,0.038,-0.000,-0.000,0.038,2.745,-0.055,0.004,-0.000,0.003,-0.200,-0.194,-0.194,0.500,1.000,0.010,0.000,0.095,0.200,-0.200,0.200,0.500
52.730,1.000,0.200,0.040,-0.000,-0.000,0.040,2.749,0.016,0.004,0.000,0.003,-0.200,-0.193,-0.193,0.500,1.000,0.010,0.000,0.099,0.200,-0.200,0.200,0.500
52.830,1.000,0.200,0.040,-0.000,-0.000,0.040,2.753,0.004,0.004,0.000,0.003,-0.200,-0.193,-0.193,0.500,1.000,0.010,0.000,0.100,0.200,-0.200,0.200,0.500
52.929,1.000,0.200,0.040,-0.000,-0.000,0.040,2.757,-0.004,0.004,-0.000,0.003,-0.200,-0.193,-0.193,0.500,1.000,0.010,0.000,0.099,0.200,-0.200,0.200,0.500
53.030,1.000,0.200,0.040,-0.000,-0.000,0.040,2.761,0.008,0.004,0.000,0.003,-0.200,-0.193,-0.193,0.500,1.000,0.010,0.000,0.101,0.200,-0.200,0.200,0.500
53.130,1.000,0.200,0.040,-0.000,-0.000,0.040,2.765,-0.004,0.004,-0.000,0.003,-0.200,-0.193,-0.193,0.500,1.000,0.010,0.000,0.100,0.200,-0.200,0.200,0.500
53.229,1.000,0.200,0.040,-0.000,-0.000,0.040,2.769,-0.004,0.004,-0.000,0.003,-0.200,-0.193,-0.193,0.500,1.000,0.010,0.000,0.099,0.200,-0.200,0.200,0.500
53.331,1.000,0.200,0.041,-0.000,-0.000,0.041,2.773,0.012,0.004,0.000,0.003,-0.200,-0.193,-0.193,0.500,1.000,0.010,0.000,0.102,0.200,-0.200,0.200,0.500
53.429,1.000,0.200,0.039,-0.000,-0.000,0.039,2.777,-0.016,0.004,-0.000,0.003,-0.200,-0.193,-0.193,0.500,1.000,0.010,0.000,0.098,0.200,-0.200,0.200,0.500
53.528,1.000,0.200,0.040,-0.000,-0.000,0.040,2.781,0.004,0.004,0.000,0.003,-0.200,-0.193,-0.193,0.500,1.000,0.010,0.000,0.099,0.200,-0.200,0.200,0.500
53.630,1.000,0.200,0.041,-0.000,-0.000,0.041,2.785,0.012,0.004,0.000,0.003,-0.200,-0.193,-0.193,0.500,1.000,0.010,0.000,0.102,0.200,-0.200,0.200,0.500
53.729,1.000,0.200,0.040,-0.000,-0.000,0.040,2.789,-0.012,0.004,-0.000,0.003,-0.200,-0.193,-0.193,0.500,1.000,0.010,0.000,0.099,0.200,-0.200,0.200,0.500
53.831,1.000,0.200,0.041,-0.000,-0.000,0.041,2.793,0.012,0.004,0.000,0.003,-0.200,-0.193,-0.193,0.500,1.000,0.010,0.000,0.102,0.200,-0.200,0.200,0.500
53.928,1.000,0.200,0.039,-0.000,-0.000,0.039,2.797,-0.021,0.004,-0.000,0.003,-0.200,-0.194,-0.194,0.500,1.000,0.010,0.000,0.097,0.200,-0.200,0.200,0.500
54.033,1.000,0.200,0.042,-0.000,-0.000,0.042,2.801,0.030,0.004,0.000,0.003,-0.200,-0.193,-0.193,0.500,1.000,0.010,0.000,0.105,0.200,-0.200,0.200,0.500
54.133,1.000,0.200,0.040,-0.000,-0.000,0.040,2.805,-0.020,0.004,-0.000,0.003,-0.200,-0.193,-0.193,0.500,1.000,0.010,0.000,0.100,0.200,-0.200,0.200,0.500
54.223,1.000,0.200,0.036,-0.000,-0.000,0.036,2.808,-0.044,0.003,-0.000,0.003,-0.200,-0.194,-0.194,0.500,1.000,0.010,0.000,0.090,0.200,-0.200,0.200,0.500
54.332,1.000,0.200,0.044,-0.000,-0.000,0.044,2.813,0.070,0.005,0.000,0.003,-0.200,-0.192,-0.192,0.500,1.000,0.010,0.000,0.109,0.200,-0.200,0.200,0.500
54.437,1.000,0.200,0.042,-0.000,-0.000,0.042,2.817,-0.015,0.004,-0.000,0.003,-0.200,-0.193,-0.193,0.500,1.000,0.010,0.000,0.105,0.200,-0.200,0.200,0.500
54.520,1.000,0.200,0.033,-0.000,-0.000,0.033,2.820,-0.106,0.003,-0.000,0.002,-0.200,-0.195,-0.195,0.500,1.000,0.010,0.000,0.083,0.200,-0.200,0.200,0.500
54.619,1.000,0.200,0.040,-0.000,-0.000,0.040,2.824,0.065,0.004,0.000,0.003,-0.200,-0.193,-0.193,0.500,1.000,0.010,0.000,0.099,0.200,-0.200,0.200,0.500
54.719,1.000,0.200,0.040,-0.000,-0.000,0.040,2.828,0.004,0.004,0.000,0.003,-0.200,-0.193,-0.193,0.500,1.000,0.010,0.000,0.100,0.200,-0.200,0.200,0.500
54.829,1.000,0.200,0.044,-0.000,-0.000,0.044,2.833,0.036,0.005,0.000,0.003,-0.200,-0.192,-0.192,0.500,1.000,0.010,0.000,0.110,0.200,-0.200,0.200,0.500
54.930,1.000,0.200,0.040,-0.000,-0.000,0.040,2.837,-0.036,0.004,-0.000,0.003,-0.200,-0.193,-0.193,0.500,1.000,0.010,0.000,0.101,0.200,-0.200,0.200,0.500
55.023,1.000,0.200,0.037,-0.000,-0.000,0.037,2.840,-0.034,0.003,-0.000,0.003,-0.200,-0.194,-0.194,0.500,1.000,0.010,0.000,0.093,0.200,-0.200,0.200,0.500
55.122,1.000,0.200,0.040,-0.000,-0.000,0.040,2.844,0.024,0.004,0.000,0.003,-0.200,-0.193,-0.193,0.500,1.000,0.010,0.000,0.099,0.200,-0.200,0.200,0.500
55.229,1.000,0.200,0.043,-0.000,-0.000,0.043,2.849,0.030,0.005,0.000,0.003,-0.200,-0.192,-0.192,0.500,1.000,0.010,0.000,0.107,0.200,-0.200,0.200,0.500
55.329,1.000,0.200,0.040,-0.000,-0.000,0.040,2.853,-0.028,0.004,-0.000,0.003,-0.200,-0.193,-0.193,0.500,1.000,0.010,0.000,0.100,0.200,-0.200,0.200,0.500
55.433,1.000,0.200,0.042,-0.000,-0.000,0.042,2.857,0.015,0.004,0.000,0.003,-0.200,-0.193,-0.193,0.500,1.000,0.010,0.000,0.104,0.200,-0.200,0.200,0.500
55.534,1.000,0.200,0.040,-0.000,-0.000,0.040,2.861,-0.012,0.004,-0.000,0.003,-0.200,-0.193,-0.193,0.500,1.000,0.010,0.000,0.101,0.200,-0.200,0.200,0.500
55.622,1.000,0.200,0.035,-0.000,-0.000,0.035,2.864,-0.059,0.003,-0.000,0.003,-0.200,-0.194,-0.194,0.500,1.000,0.010,0.000,0.088,0.200,-0.200,0.200,0.500
55.723,1.000,0.200,0.040,-0.000,-0.000,0.040,2.868,0.051,0.004,0.000,0.003,-0.200,-0.193,-0.193,0.500,1.000,0.010,0.000,0.101,0.200,-0.200,0.200,0.500
55.834,1.000,0.200,0.044,-0.000,-0.000,0.044,2.873,0.036,0.005,0.000,0.003,-0.200,-0.192,-0.192,0.500,1.000,0.010,0.000,0.111,0.200,-0.200,0.200,0.500
55.917,1.000,0.200,0.033,-0.000,-0.000,0.033,2.876,-0.135,0.003,-0.000,0.002,-0.200,-0.195,-0.195,0.500,1.000,0.010,0.000,0.083,0.200,-0.200,0.200,0.500
56.017,1.000,0.200,0.040,-0.000,-0.000,0.040,2.880,0.068,0.004,0.000,0.003,-0.200,-0.193,-0.193,0.500,1.000,0.010,0.000,0.100,0.200,-0.200,0.200,0.500
56.116,1.000,0.200,0.040,-0.000,-0.000,0.040,2.884,-0.004,0.004,-0.000,0.003,-0.200,-0.193,-0.193,0.500,1.000,0.010,0.000,0.099,0.200,-0.200,0.200,0.500
56.216,1.000,0.200,0.040,-0.000,-0.000,0.040,2.888,0.004,0.004,0.000,0.003,-0.200,-0.193,-0.193,0.500,1.000,0.010,0.000,0.100,0.200,-0.200,0.200,0.500
56.317,1.000,0.200,0.040,-0.000,-0.000,0.040,2.892,0.004,0.004,0.000,0.003,-0.200,-0.193,-0.193,0.500,1.000,0.010,0.000,0.101,0.200,-0.200,0.200,0.500
56.416,1.000,0.200,0.040,-0.000,-0.000,0.040,2.896,-0.008,0.004,-0.000,0.003,-0.200,-0.193,-0.193,0.500,1.000,0.010,0.000,0.099,0.200,-0.200,0.200,0.500
56.518,1.000,0.200,0.041,-0.000,-0.000,0.041,2.900,0.012,0.004,0.000,0.003,-0.200,-0.193,-0.193,0.500,1.000,0.010,0.000,0.102,0.200,-0.200,0.200,0.500
56.618,1.000,0.200,0.040,-0.000,-0.000,0.040,2.904,-0.008,0.004,-0.000,0.003,-0.200,-0.193,-0.193,0.500,1.000,0.010,0.000,0.100,0.200,-0.200,0.200,0.500
56.730,1.000,0.200,0.045,-0.000,-0.000,0.045,2.909,0.043,0.005,0.000,0.003,-0.200,-0.192,-0.192,0.500,1.000,0.010,0.000,0.112,0.200,-0.200,0.200,0.500
56.832,1.000,0.200,0.041,-0.000,-0.000,0.041,2.913,-0.039,0.004,-0.000,0.003,-0.200,-0.193,-0.193,0.500,1.000,0.010,0.000,0.102,0.200,-0.200,0.200,0.500
56.917,1.000,0.200,0.034,-0.000,-0.000,0.034,2.916,-0.080,0.003,-0.000,0.002,-0.200,-0.195,-0.195,0.500,1.000,0.010,0.000,0.085,0.200,-0.200,0.200,0.500
57.016,1.000,0.200,0.040,-0.000,-0.000,0.040,2.920,0.057,0.004,0.000,0.003,-0.200,-0.193,-0.193,0.500,1.000,0.010,0.000,0.099,0.200,-0.200,0.200,0.500
57.130,1.000,0.200,0.046,-0.000,-0.000,0.046,2.925,0.053,0.005,0.000,0.003,-0.200,-0.191,-0.191,0.500,1.000,0.010,0.000,0.114,0.200,-0.200,0.200,0.500
57.215,1.000,0.200,0.034,-0.000,-0.000,0.034,2.928,-0.136,0.003,-0.000,0.002,-0.200,-0.195,-0.195,0.500,1.000,0.010,0.000,0.085,0.200,-0.200,0.200,0.500
57.315,1.000,0.200,0.040,-0.000,-0.000,0.040,2.932,0.060,0.004,0.000,0.003,-0.200,-0.193,-0.193,0.500,1.000,0.010,0.000,0.100,0.200,-0.200,0.200,0.500
57.416,1.000,0.200,0.040,-0.000,-0.000,0.040,2.936,0.004,0.004,0.000,0.003,-0.200,-0.193,-0.193,0.500,1.000,0.010,0.000,0.101,0.200,-0.200,0.200,0.500
57.523,1.000,0.200,0.043,-0.000,-0.000,0.043,2.941,0.022,0.005,0.000,0.003,-0.200,-0.192,-0.192,0.500,1.000,0.010,0.000,0.107,0.200,-0.200,0.200,0.500
57.622,1.000,0.200,0.040,-0.000,-0.000,0.040,2.945,-0.032,0.004,-0.000,0.003,-0.200,-0.193,-0.193,0.500,1.000,0.010,0.000,0.099,0.200,-0.200,0.200,0.500
57.718,1.000,0.200,0.038,-0.000,-0.000,0.038,2.949,-0.013,0.004,-0.000,0.003,-0.200,-0.193,-0.193,0.500,1.000,0.010,0.000,0.096,0.200,-0.200,0.200,0.500
57.833,1.000,0.200,0.046,-0.000,-0.000,0.046,2.954,0.066,0.005,0.000,0.003,-0.200,-0.191,-0.191,0.500,1.000,0.010,0.000,0.115,0.200,-0.200,0.200,0.500
57.924,1.000,0.200,0.036,-0.000,-0.000,0.036,2.957,-0.105,0.003,-0.000,0.003,-0.200,-0.194,-0.194,0.500,1.000,0.010,0.000,0.091,0.200,-0.200,0.200,0.500
58.018,1.000,0.200,0.038,-0.000,-0.000,0.038,2.961,0.013,0.004,0.000,0.003,-0.200,-0.194,-0.194,0.500,1.000,0.010,0.000,0.094,0.200,-0.200,0.200,0.500
58.128,1.000,0.200,0.044,-0.000,-0.000,0.044,2.966,0.058,0.005,0.000,0.003,-0.200,-0.192,-0.192,0.500,1.000,0.010,0.000,0.110,0.200,-0.200,0.200,0.500
58.216,1.000,0.200,0.035,-0.000,-0.000,0.035,2.969,-0.100,0.003,-0.000,0.003,-0.200,-0.194,-0.194,0.500,1.000,0.010,0.000,0.088,0.200,-0.200,0.200,0.500
58.319,1.000,0.200,0.041,-0.000,-0.000,0.041,2.973,0.058,0.004,0.000,0.003,-0.200,-0.193,-0.193,0.500,1.000,0.010,0.000,0.103,0.200,-0.200,0.200,0.500
58.417,1.000,0.200,0.039,-0.000,-0.000,0.039,2.977,-0.020,0.004,-0.000,0.003,-0.200,-0.193,-0.193,0.500,1.000,0.010,0.000,0.098,0.200,-0.200,0.200,0.500
58.518,1.000,0.200,0.040,-0.000,-0.000,0.040,2.981,0.012,0.004,0.000,0.003,-0.200,-0.193,-0.193,0.500,1.000,0.010,0.000,0.101,0.200,-0.200,0.200,0.500
58.624,1.000,0.200,0.042,-0.000,-0.000,0.042,2.985,0.019,0.004,0.000,0.003,-0.200,-0.192,-0.192,0.500,1.000,0.010,0.000,0.106,0.200,-0.200,0.200,0.500
58.725,1.000,0.200,0.040,-0.000,-0.000,0.040,2.989,-0.020,0.004,-0.000,0.003,-0.200,-0.193,-0.193,0.500,1.000,0.010,0.000,0.101,0.200,-0.200,0.200,0.500
58.816,1.000,0.200,0.036,-0.000,-0.000,0.036,2.993,-0.044,0.003,-0.000,0.003,-0.200,-0.194,-0.194,0.500,1.000,0.010,0.000,0.091,0.200,-0.200,0.200,0.500
58.916,1.000,0.200,0.040,-0.000,-0.000,0.040,2.997,0.036,0.004,0.000,0.003,-0.200,-0.193,-0.193,0.500,1.000,0.010,0.000,0.100,0.200,-0.200,0.200,0.500
59.016,1.000,0.200,0.040,-0.000,-0.000,0.040,3.001,0.000,0.004,0.000,0.003,-0.200,-0.193,-0.193,0.500,1.000,0.010,0.000,0.100,0.200,-0.200,0.200,0.500
59.117,1.000,0.200,0.040,-0.000,-0.000,0.040,3.005,0.004,0.004,0.000,0.003,-0.200,-0.193,-0.193,0.500,1.000,0.010,0.000,0.101,0.200,-0.200,0.200,0.500
59.229,1.000,0.200,0.045,-0.000,-0.000,0.045,3.010,0.039,0.005,0.000,0.003,-0.200,-0.192,-0.192,0.500,1.000,0.010,0.000,0.112,0.200,-0.200,0.200,0.500
59.315,1.000,0.200,0.034,-0.000,-0.000,0.034,3.013,-0.121,0.003,-0.000,0.003,-0.200,-0.194,-0.194,0.500,1.000,0.010,0.000,0.086,0.200,-0.200,0.200,0.500
59.426,1.000,0.200,0.044,-0.000,-0.000,0.044,3.018,0.090,0.005,0.000,0.003,-0.200,-0.192,-0.192,0.500,1.000,0.010,0.000,0.111,0.200,-0.200,0.200,0.500
59.520,1.000,0.200,0.038,-0.000,-0.000,0.038,3.021,-0.072,0.004,-0.000,0.003,-0.200,-0.194,-0.194,0.500,1.000,0.010,0.000,0.094,0.200,-0.200,0.200,0.500
59.617,1.000,0.200,0.039,-0.000,-0.000,0.039,3.025,0.012,0.004,0.000,0.003,-0.200,-0.193,-0.193,0.500,1.000,0.010,0.000,0.097,0.200,-0.200,0.200,0.500
59.724,1.000,0.200,0.043,-0.000,-0.000,0.043,3.030,0.037,0.005,0.000,0.003,-0.200,-0.192,-0.192,0.500,1.000,0.010,0.000,0.107,0.200,-0.200,0.200,0.500
59.817,1.000,0.200,0.037,-0.000,-0.000,0.037,3.033,-0.060,0.003,-0.000,0.003,-0.200,-0.194,-0.194,0.500,1.000,0.010,0.000,0.093,0.200,-0.200,0.200,0.500
59.929,1.000,0.200,0.045,-0.000,-0.000,0.045,3.038,0.068,0.005,0.000,0.003,-0.200,-0.192,-0.192,0.500,1.000,0.010,0.000,0.112,0.200,-0.200,0.200,0.500
60.021,1.000,0.200,0.037,-0.000,-0.000,0.037,3.041,-0.087,0.003,-0.000,0.003,-0.200,-0.194,-0.194,0.500,1.000,0.010,0.000,0.092,0.200,-0.200,0.200,0.500
60.117,1.000,0.200,0.038,-0.000,-0.000,0.038,3.045,0.017,0.004,0.000,0.003,-0.200,-0.193,-0.193,0.500,1.000,0.010,0.000,0.096,0.200,-0.200,0.200,0.500
60.216,1.000,0.200,0.040,-0.000,-0.000,0.040,3.049,0.012,0.004,0.000,0.003,-0.200,-0.193,-0.193,0.500,1.000,0.010,0.000,0.099,0.200,-0.200,0.200,0.500
60.328,1.000,0.200,0.045,-0.000,-0.000,0.045,3.054,0.046,0.005,0.000,0.003,-0.200,-0.192,-0.192,0.500,1.000,0.010,0.000,0.112,0.200,-0.200,0.200,0.500
60.416,1.000,0.200,0.035,-0.000,-0.000,0.035,3.057,-0.109,0.003,-0.000,0.003,-0.200,-0.194,-0.194,0.500,1.000,0.010,0.000,0.088,0.200,-0.200,0.200,0.500
60.518,1.000,0.200,0.041,-0.000,-0.000,0.041,3.061,0.055,0.004,0.000,0.003,-0.200,-0.193,-0.193,0.500,1.000,0.010,0.000,0.102,0.200,-0.200,0.200,0.500
60.619,1.000,0.200,0.040,-0.000,-0.000,0.040,3.065,-0.004,0.004,-0.000,0.003,-0.200,-0.193,-0.193,0.500,1.000,0.010,0.000,0.101,0.200,-0.200,0.200,0.500
60.723,1.000,0.200,0.042,-0.000,-0.000,0.042,3.070,0.012,0.004,0.000,0.003,-0.200,-0.192,-0.192,0.500,1.000,0.010,0.000,0.104,0.200,-0.200,0.200,0.500
60.816,1.000,0.200,0.037,-0.000,-0.000,0.037,3.073,-0.047,0.003,-0.000,0.003,-0.200,-0.194,-0.194,0.500,1.000,0.010,0.000,0.093,0.200,-0.200,0.200,0.500
60.917,1.000,0.200,0.040,-0.000,-0.000,0.040,3.077,0.032,0.004,0.000,0.003,-0.200,-0.193,-0.193,0.500,1.000,0.010,0.000,0.101,0.200,-0.200,0.200,0.500
61.026,1.000,0.200,0.044,-0.000,-0.000,0.044,3.082,0.029,0.005,0.000,0.003,-0.200,-0.192,-0.192,0.500,1.000,0.010,0.000,0.109,0.200,-0.200,0.200,0.500
61.116,1.000,0.200,0.036,-0.000,-0.000,0.036,3.085,-0.084,0.003,-0.000,0.003,-0.200,-0.194,-0.194,0.500,1.000,0.010,0.000,0.090,0.200,-0.200,0.200,0.500
61.227,1.000,0.200,0.044,-0.000,-0.000,0.044,3.090,0.076,0.005,0.000,0.003,-0.200,-0.192,-0.192,0.500,1.000,0.010,0.000,0.111,0.200,-0.200,0.200,0.500
61.315,1.000,0.200,0.035,-0.000,-0.000,0.035,3.093,-0.105,0.003,-0.000,0.003,-0.200,-0.194,-0.194,0.500,1.000,0.010,0.000,0.088,0.200,-0.200,0.200,0.500
61.415,1.000,0.200,0.040,-0.000,-0.000,0.040,3.097,0.048,0.004,0.000,0.003,-0.200,-0.193,-0.193,0.500,1.000,0.010,0.000,0.100,0.200,-0.200,0.200,0.500
61.527,1.000,0.200,0.045,-0.000,-0.000,0.045,3.102,0.043,0.005,0.000,0.003,-0.200,-0.192,-0.192,0.500,1.000,0.010,0.000,0.112,0.200,-0.200,0.200,0.500
61.616,1.000,0.200,0.036,-0.000,-0.000,0.036,3.105,-0.103,0.003,-0.000,0.003,-0.200,-0.194,-0.194,0.500,1.000,0.010,0.000,0.089,0.200,-0.200,0.200,0.500
61.718,1.000,0.200,0.041,-0.000,-0.000,0.041,3.110,0.051,0.004,0.000,0.003,-0.200,-0.193,-0.193,0.500,1.000,0.010,0.000,0.102,0.200,-0.200,0.200,0.500
61.819,1.000,0.200,0.040,-0.000,-0.000,0.040,3.114,-0.004,0.004,-0.000,0.003,-0.200,-0.193,-0.193,0.500,1.000,0.010,0.000,0.101,0.200,-0.200,0.200,0.500
61.916,1.000,0.200,0.039,-0.000,-0.000,0.039,3.117,-0.016,0.004,-0.000,0.003,-0.200,-0.193,-0.193,0.500,1.000,0.010,0.000,0.097,0.200,-0.200,0.200,0.500
62.017,1.000,0.200,0.040,-0.000,-0.000,0.040,3.122,0.016,0.004,0.000,0.003,-0.200,-0.193,-0.193,0.500,1.000,0.010,0.000,0.101,0.200,-0.200,0.200,0.500
62.118,1.000,0.200,0.040,-0.000,-0.000,0.040,3.126,0.000,0.004,0.000,0.003,-0.200,-0.193,-0.193,0.500,1.000,0.010,0.000,0.101,0.200,-0.200,0.200,0.500
62.221,1.000,0.200,0.041,-0.000,-0.000,0.041,3.130,0.008,0.004,0.000,0.003,-0.200,-0.193,-0.193,0.500,1.000,0.010,0.000,0.103,0.200,-0.200,0.200,0.500
62.324,1.000,0.200,0.041,-0.000,-0.000,0.041,3.134,0.000,0.004,0.000,0.003,-0.200,-0.193,-0.193,0.500,1.000,0.010,0.000,0.103,0.200,-0.200,0.200,0.500
62.416,1.000,0.200,0.037,-0.000,-0.000,0.037,3.138,-0.048,0.003,-0.000,0.003,-0.200,-0.194,-0.194,0.500,1.000,0.010,0.000,0.092,0.200,-0.200,0.200,0.500
62.517,1.000,0.200,0.040,-0.000,-0.000,0.040,3.142,0.036,0.004,0.000,0.003,-0.200,-0.193,-0.193,0.500,1.000,0.010,0.000,0.101,0.200,-0.200,0.200,0.500
62.619,1.000,0.200,0.041,-0.000,-0.000,0.041,3.146,0.004,0.004,0.000,0.003,-0.200,-0.193,-0.193,0.500,1.000,0.010,0.000,0.102,0.200,-0.200,0.200,0.500
62.727,1.000,0.200,0.043,-0.000,-0.000,0.043,3.150,0.022,0.005,0.000,0.003,-0.200,-0.192,-0.192,0.500,1.000,0.010,0.000,0.108,0.200,-0.200,0.200,0.500
62.816,1.000,0.200,0.036,-0.000,-0.000,0.036,3.154,-0.085,0.003,-0.000,0.003,-0.200,-0.194,-0.194,0.500,1.000,0.010,0.000,0.089,0.200,-0.200,0.200,0.500
62.916,1.000,0.200,0.040,-0.000,-0.000,0.040,3.158,0.044,0.004,0.000,0.003,-0.200,-0.193,-0.193,0.500,1.000,0.010,0.000,0.100,0.200,-0.200,0.200,0.500
63.020,1.000,0.200,0.042,-0.000,-0.000,0.042,3.162,0.015,0.004,0.000,0.003,-0.200,-0.192,-0.192,0.500,1.000,0.010,0.000,0.104,0.200,-0.200,0.200,0.500
63.116,1.000,0.200,0.038,-0.000,-0.000,0.038,3.166,-0.033,0.004,-0.000,0.003,-0.200,-0.193,-0.193,0.500,1.000,0.010,0.000,0.096,0.200,-0.200,0.200,0.500
63.215,1.000,0.200,0.040,-0.000,-0.000,0.040,3.170,0.012,0.004,0.000,0.003,-0.200,-0.193,-0.193,0.500,1.000,0.010,0.000,0.099,0.200,-0.200,0.200,0.500
63.335,1.000,0.200,0.048,-0.000,-0.000,0.048,3.175,0.070,0.006,0.000,0.004,-0.200,-0.190,-0.190,0.500,1.000,0.010,0.000,0.120,0.200,-0.200,0.200,0.500
63.415,1.000,0.200,0.032,-0.000,-0.000,0.032,3.178,-0.200,0.003,-0.000,0.003,-0.200,-0.195,-0.195,0.500,1.000,0.010,0.000,0.080,0.200,-0.200,0.200,0.500
63.515,1.000,0.200,0.040,-0.000,-0.000,0.040,3.182,0.080,0.004,0.000,0.003,-0.200,-0.193,-0.193,0.500,1.000,0.010,0.000,0.100,0.200,-0.200,0.200,0.500
63.622,1.000,0.200,0.043,-0.000,-0.000,0.043,3.186,0.026,0.005,0.000,0.003,-0.200,-0.192,-0.192,0.500,1.000,0.010,0.000,0.107,0.200,-0.200,0.200,0.500
63.726,1.000,0.200,0.042,-0.000,-0.000,0.042,3.191,-0.012,0.004,-0.000,0.003,-0.200,-0.192,-0.192,0.500,1.000,0.010,0.000,0.104,0.200,-0.200,0.200,0.500
63.816,1.000,0.200,0.036,-0.000,-0.000,0.036,3.194,-0.062,0.003,-0.000,0.003,-0.200,-0.194,-0.194,0.500,1.000,0.010,0.000,0.090,0.200,-0.200,0.200,0.500
63.916,1.000,0.200,0.040,-0.000,-0.000,0.040,3.198,0.040,0.004,0.000,0.003,-0.200,-0.193,-0.193,0.500,1.000,0.010,0.000,0.100,0.200,-0.200,0.200,0.500
64.016,1.000,0.200,0.040,-0.000,-0.000,0.040,3.202,0.000,0.004,0.000,0.003,-0.200,-0.193,-0.193,0.500,1.000,0.010,0.000,0.100,0.200,-0.200,0.200,0.500
64.131,1.000,0.200,0.046,-0.000,-0.000,0.046,3.207,0.052,0.005,0.000,0.004,-0.200,-0.191,-0.191,0.500,1.000,0.010,0.000,0.115,0.200,-0.200,0.200,0.500
64.216,1.000,0.200,0.034,-0.000,-0.000,0.034,3.210,-0.141,0.003,-0.000,0.003,-0.200,-0.194,-0.194,0.500,1.000,0.010,0.000,0.085,0.200,-0.200,0.200,0.500
64.315,1.000,0.200,0.040,-0.000,-0.000,0.040,3.214,0.057,0.004,0.000,0.003,-0.200,-0.193,-0.193,0.500,1.000,0.010,0.000,0.099,0.200,-0.200,0.200,0.500
64.416,1.000,0.200,0.040,-0.000,-0.000,0.040,3.218,0.008,0.004,0.000,0.003,-0.200,-0.193,-0.193,0.500,1.000,0.010,0.000,0.101,0.200,-0.200,0.200,0.500
64.516,1.000,0.200,0.040,-0.000,-0.000,0.040,3.222,-0.004,0.004,-0.000,0.003,-0.200,-0.193,-0.193,0.500,1.000,0.010,0.000,0.100,0.200,-0.200,0.200,0.500
64.616,1.000,0.200,0.040,-0.000,-0.000,0.040,3.226,-0.000,0.004,-0.000,0.003,-0.200,-0.193,-0.193,0.500,1.000,0.010,0.000,0.100,0.200,-0.200,0.200,0.500
64.716,1.000,0.200,0.040,-0.000,-0.000,0.040,3.230,0.000,0.004,0.000,0.003,-0.200,-0.193,-0.193,0.500,1.000,0.010,0.000,0.100,0.200,-0.200,0.200,0.500
64.816,1.000,0.200,0.040,-0.000,-0.000,0.040,3.234,-0.000,0.004,-0.000,0.003,-0.200,-0.193,-0.193,0.500,1.000,0.010,0.000,0.100,0.200,-0.200,0.200,0.500
64.930,1.000,0.200,0.046,-0.000,-0.000,0.046,3.239,0.049,0.005,0.000,0.004,-0.200,-0.191,-0.191,0.500,1.000,0.010,0.000,0.114,0.200,-0.200,0.200,0.500
65.021,1.000,0.200,0.036,-0.000,-0.000,0.036,3.243,-0.101,0.003,-0.000,0.003,-0.200,-0.194,-0.194,0.500,1.000,0.010,0.000,0.091,0.200,-0.200,0.200,0.500
65.119,1.000,0.200,0.039,-0.000,-0.000,0.039,3.247,0.029,0.004,0.000,0.003,-0.200,-0.193,-0.193,0.500,1.000,0.010,0.000,0.098,0.200,-0.200,0.200,0.500
65.213,1.000,0.200,0.038,-0.000,-0.000,0.038,3.250,-0.017,0.004,-0.000,0.003,-0.200,-0.193,-0.193,0.500,1.000,0.010,0.000,0.094,0.200,-0.200,0.200,0.500
