0.010000,0.010000,1.000000,0.211314,0.210000,0.210000,0.001314,0.000013,0.000066,0.000000,-0.199934,-0.199934,0.050000,0.030000,0.300000,0.300000,6.000000,-0.200000,0.000000,0.000000,-0.000000
0.027000,0.017000,1.000000,0.213543,0.210000,0.210000,0.003543,0.000073,0.000177,0.000002,-0.199821,-0.199821,0.050000,0.030000,0.300000,0.300000,6.000000,-0.200000,0.000000,0.000000,-0.000000
0.043000,0.016000,1.000000,0.215634,0.210000,0.210000,0.005634,0.000164,0.000282,0.000005,-0.199713,-0.199713,0.050000,0.030000,0.300000,0.300000,6.000000,-0.200000,0.000000,0.000000,-0.000000
0.060000,0.017000,1.000000,0.217850,0.210000,0.210000,0.007850,0.000297,0.000393,0.000009,-0.199599,-0.199599,0.050000,0.030000,0.300000,0.300000,6.000000,-0.200000,0.000000,0.000000,-0.000000
0.080000,0.020000,1.000000,0.220449,0.210000,0.210000,0.010449,0.000506,0.000522,0.000015,-0.199462,-0.199462,0.050000,0.030000,0.300000,0.300000,6.000000,-0.200000,0.000000,0.000000,-0.000000
0.099000,0.019000,1.000000,0.222910,0.210000,0.210000,0.012910,0.000751,0.000645,0.000023,-0.199332,-0.199332,0.050000,0.030000,0.300000,0.300000,6.000000,-0.200000,0.000000,0.000000,-0.000000
0.110000,0.011000,1.000000,0.224332,0.210000,0.210000,0.014332,0.000909,0.000717,0.000027,-0.199256,-0.199256,0.050000,0.030000,0.300000,0.300000,6.000000,-0.200000,0.000000,0.000000,-0.000000
0.122000,0.012000,1.000000,0.225880,0.210000,0.210000,0.015880,0.001099,0.000794,0.000033,-0.199173,-0.199173,0.050000,0.030000,0.300000,0.300000,6.000000,-0.200000,0.000000,0.000000,-0.000000
0.135000,0.013000,1.000000,0.227554,0.210000,0.210000,0.017554,0.001328,0.000878,0.000040,-0.199082,-0.199082,0.050000,0.030000,0.300000,0.300000,6.000000,-0.200000,0.000000,0.000000,-0.000000
0.146000,0.011000,1.000000,0.228967,0.210000,0.210000,0.018967,0.001536,0.000948,0.000046,-0.199006,-0.199006,0.050000,0.030000,0.300000,0.300000,6.000000,-0.200000,0.000000,0.000000,-0.000000
0.157000,0.011000,1.000000,0.230378,0.210000,0.210000,0.020378,0.001760,0.001019,0.000053,-0.198928,-0.198928,0.050000,0.030000,0.300000,0.300000,6.000000,-0.200000,0.000000,0.000000,-0.000000
0.169000,0.012000,1.000000,0.231914,0.210000,0.210000,0.021914,0.002023,0.001096,0.000061,-0.198844,-0.198844,0.050000,0.030000,0.300000,0.300000,6.000000,-0.200000,0.000000,0.000000,-0.000000
0.180000,0.011000,1.000000,0.233320,0.210000,0.210000,0.023320,0.002280,0.001166,0.000068,-0.198766,-0.198766,0.050000,0.030000,0.300000,0.300000,6.000000,-0.200000,0.000000,0.000000,-0.000000
0.190000,0.010000,1.000000,0.234596,0.210000,0.210000,0.024596,0.002526,0.001230,0.000076,-0.198694,-0.198694,0.050000,0.030000,0.300000,0.300000,6.000000,-0.200000,0.000000,0.000000,-0.000000
0.202000,0.012000,1.000000,0.236123,0.210000,0.210000,0.026123,0.002839,0.001306,0.000085,-0.198609,-0.198609,0.050000,0.030000,0.300000,0.300000,6.000000,-0.200000,0.000000,0.000000,-0.000000
0.213000,0.011000,1.000000,0.237521,0.210000,0.210000,0.027521,0.003142,0.001376,0.000094,-0.198530,-0.198530,0.050000,0.030000,0.300000,0.300000,6.000000,-0.200000,0.000000,0.000000,-0.000000
0.223000,0.010000,1.000000,0.238790,0.210000,0.210000,0.028790,0.003430,0.001439,0.000103,-0.198458,-0.198458,0.050000,0.030000,0.300000,0.300000,6.000000,-0.200000,0.000000,0.000000,-0.000000
0.236000,0.013000,1.000000,0.240436,0.210000,0.210000,0.030436,0.003826,0.001522,0.000115,-0.198363,-0.198363,0.050000,0.030000,0.300000,0.300000,6.000000,-0.200000,0.000000,0.000000,-0.000000
0.249000,0.013000,1.000000,0.242078,0.210000,0.210000,0.032078,0.004243,0.001604,0.000127,-0.198269,-0.198269,0.050000,0.030000,0.300000,0.300000,6.000000,-0.200000,0.000000,0.000000,-0.000000
0.259000,0.010000,1.000000,0.243339,0.210000,0.210000,0.033339,0.004576,0.001667,0.000137,-0.198196,-0.198196,0.050000,0.030000,0.300000,0.300000,6.000000,-0.200000,0.000000,0.000000,-0.000000
0.271000,0.012000,1.000000,0.244849,0.210000,0.210000,0.034849,0.004994,0.001742,0.000150,-0.198108,-0.198108,0.050000,0.030000,0.300000,0.300000,6.000000,-0.200000,0.000000,0.000000,-0.000000
0.282000,0.011000,1.000000,0.246231,0.210000,0.210000,0.036231,0.005393,0.001812,0.000162,-0.198027,-0.198027,0.050000,0.030000,0.300000,0.300000,6.000000,-0.200000,0.000000,0.000000,-0.000000
0.292000,0.010000,1.000000,0.247485,0.210000,0.210000,0.037485,0.005768,0.001874,0.000173,-0.197953,-0.197953,0.050000,0.030000,0.300000,0.300000,6.000000,-0.200000,0.000000,0.000000,-0.000000
0.304000,0.012000,1.000000,0.248987,0.210000,0.210000,0.038987,0.006236,0.001949,0.000187,-0.197864,-0.197864,0.050000,0.030000,0.300000,0.300000,6.000000,-0.200000,0.000000,0.000000,-0.000000
0.315000,0.011000,1.000000,0.250362,0.210000,0.210000,0.040362,0.006680,0.002018,0.000200,-0.197782,-0.197782,0.050000,0.030000,0.300000,0.300000,6.000000,-0.200000,0.000000,0.000000,-0.000000
0.327000,0.012000,1.000000,0.251858,0.210000,0.210000,0.041858,0.007182,0.002093,0.000215,-0.197692,-0.197692,0.050000,0.030000,0.300000,0.300000,6.000000,-0.200000,0.000000,0.000000,-0.000000
0.340000,0.013000,1.000000,0.253475,0.210000,0.210000,0.043475,0.007747,0.002174,0.000232,-0.197594,-0.197594,0.050000,0.030000,0.300000,0.300000,6.000000,-0.200000,0.000000,0.000000,-0.000000
0.351000,0.011000,1.000000,0.254842,0.210000,0.210000,0.044842,0.008240,0.002242,0.000247,-0.197511,-0.197511,0.050000,0.030000,0.300000,0.300000,6.000000,-0.200000,0.000000,0.000000,-0.000000
0.362000,0.011000,1.000000,0.256205,0.210000,0.210000,0.046205,0.008749,0.002310,0.000262,-0.197427,-0.197427,0.050000,0.030000,0.300000,0.300000,6.000000,-0.200000,0.000000,0.000000,-0.000000
0.373000,0.011000,1.000000,0.257566,0.210000,0.210000,0.047566,0.009272,0.002378,0.000278,-0.197344,-0.197344,0.050000,0.030000,0.300000,0.300000,6.000000,-0.200000,0.000000,0.000000,-0.000000
0.385000,0.012000,1.000000,0.259048,0.210000,0.210000,0.049048,0.009860,0.002452,0.000296,-0.197252,-0.197252,0.050000,0.030000,0.300000,0.300000,6.000000,-0.200000,0.000000,0.000000,-0.000000
0.397000,0.012000,1.000000,0.260527,0.210000,0.210000,0.050527,0.010467,0.002526,0.000314,-0.197160,-0.197160,0.050000,0.030000,0.300000,0.300000,6.000000,-0.200000,0.000000,0.000000,-0.000000
0.407000,0.010000,1.000000,0.261758,0.210000,0.210000,0.051758,0.010984,0.002588,0.000330,-0.197083,-0.197083,0.050000,0.030000,0.300000,0.300000,6.000000,-0.200000,0.000000,0.000000,-0.000000
0.419000,0.012000,1.000000,0.263231,0.210000,0.210000,0.053231,0.011623,0.002662,0.000349,-0.196990,-0.196990,0.050000,0.030000,0.300000,0.300000,6.000000,-0.200000,0.000000,0.000000,-0.000000
0.432000,0.013000,1.000000,0.264824,0.210000,0.210000,0.054824,0.012336,0.002741,0.000370,-0.196889,-0.196889,0.050000,0.030000,0.300000,0.300000,6.000000,-0.200000,0.000000,0.000000,-0.000000
0.443000,0.011000,1.000000,0.266169,0.210000,0.210000,0.056169,0.012954,0.002808,0.000389,-0.196803,-0.196803,0.050000,0.030000,0.300000,0.300000,6.000000,-0.200000,0.000000,0.000000,-0.000000
0.455000,0.012000,1.000000,0.267634,0.210000,0.210000,0.057634,0.013645,0.002882,0.000409,-0.196709,-0.196709,0.050000,0.030000,0.300000,0.300000,6.000000,-0.200000,0.000000,0.000000,-0.000000
0.466000,0.011000,1.000000,0.268974,0.210000,0.210000,0.058974,0.014294,0.002949,0.000429,-0.196622,-0.196622,0.050000,0.030000,0.300000,0.300000,6.000000,-0.200000,0.000000,0.000000,-0.000000
0.477000,0.011000,1.000000,0.270312,0.210000,0.210000,0.060312,0.014957,0.003016,0.000449,-0.196536,-0.196536,0.050000,0.030000,0.300000,0.300000,6.000000,-0.200000,0.000000,0.000000,-0.000000
0.488000,0.011000,1.000000,0.271647,0.210000,0.210000,0.061647,0.015635,0.003082,0.000469,-0.196449,-0.196449,0.050000,0.030000,0.300000,0.300000,6.000000,-0.200000,0.000000,0.000000,-0.000000
0.502000,0.014000,1.000000,0.273343,0.210000,0.210000,0.063343,0.016522,0.003167,0.000496,-0.196337,-0.196337,0.050000,0.030000,0.300000,0.300000,6.000000,-0.200000,0.000000,0.000000,-0.000000
0.513000,0.011000,1.000000,0.274673,0.210000,0.210000,0.064673,0.017234,0.003234,0.000517,-0.196249,-0.196249,0.050000,0.030000,0.300000,0.300000,6.000000,-0.200000,0.000001,0.000000,-0.000000
0.524000,0.011000,1.000000,0.276000,0.210000,0.210000,0.066000,0.017960,0.003300,0.000539,-0.196161,-0.196161,0.050000,0.030000,0.300000,0.300000,6.000000,-0.200000,0.000001,0.000000,-0.000000
0.538000,0.014000,1.000000,0.277685,0.210000,0.210000,0.067685,0.018907,0.003384,0.000567,-0.196049,-0.196049,0.050000,0.030000,0.300000,0.300000,6.000000,-0.200000,0.000001,0.000000,-0.000000
0.550000,0.012000,1.000000,0.279127,0.210000,0.210000,0.069127,0.019737,0.003456,0.000592,-0.195952,-0.195952,0.050000,0.030000,0.300000,0.300000,6.000000,-0.200000,0.000001,0.000000,-0.000000
0.562000,0.012000,1.000000,0.280566,0.210000,0.210000,0.070566,0.020584,0.003528,0.000618,-0.195854,-0.195854,0.050000,0.030000,0.300000,0.300000,6.000000,-0.200000,0.000001,0.000000,-0.000000
0.573000,0.011000,1.000000,0.281882,0.210000,0.210000,0.071883,0.021374,0.003594,0.000641,-0.195765,-0.195765,0.050000,0.030000,0.300000,0.300000,6.000000,-0.200000,0.000001,0.000000,-0.000000
0.585000,0.012000,1.000000,0.283316,0.210000,0.210000,0.073316,0.022254,0.003666,0.000668,-0.195667,-0.195667,0.050000,0.030000,0.300000,0.300000,6.000000,-0.200000,0.000001,0.000001,-0.000000
0.597000,0.012000,1.000000,0.284746,0.210000,0.210000,0.074746,0.023151,0.003737,0.000695,-0.195568,-0.195568,0.050000,0.030000,0.300000,0.300000,6.000000,-0.200000,0.000001,0.000001,-0.000000
0.609000,0.012000,1.000000,0.286174,0.210000,0.210000,0.076174,0.024065,0.003809,0.000722,-0.195469,-0.195469,0.050000,0.030000,0.300000,0.300000,6.000000,-0.200000,0.000001,0.000001,-0.000000
0.621000,0.012000,1.000000,0.287599,0.210000,0.210000,0.077599,0.024996,0.003880,0.000750,-0.195370,-0.195370,0.050000,0.030000,0.300000,0.300000,6.000000,-0.200000,0.000001,0.000001,-0.000000
0.634000,0.013000,1.000000,0.289139,0.210000,0.210000,0.079139,0.026025,0.003957,0.000781,-0.195262,-0.195262,0.050000,0.030000,0.300000,0.300000,6.000000,-0.200000,0.000001,0.000001,-0.000000
0.646000,0.012000,1.000000,0.290558,0.210000,0.210000,0.080558,0.026992,0.004028,0.000810,-0.195162,-0.195162,0.050000,0.030000,0.300000,0.300000,6.000000,-0.200000,0.000001,0.000001,-0.000000
0.657000,0.011000,1.000000,0.291856,0.210000,0.210000,0.081856,0.027892,0.004093,0.000837,-0.195070,-0.195070,0.050000,0.030000,0.300000,0.300000,6.000000,-0.200000,0.000001,0.000001,-0.000000
0.669000,0.012000,1.000000,0.293270,0.210000,0.210000,0.083270,0.028891,0.004163,0.000867,-0.194970,-0.194970,0.050000,0.030000,0.300000,0.300000,6.000000,-0.200000,0.000001,0.000001,-0.000000
0.680000,0.011000,1.000000,0.294563,0.210000,0.210000,0.084563,0.029822,0.004228,0.000895,-0.194877,-0.194877,0.050000,0.030000,0.300000,0.300000,6.000000,-0.200000,0.000001,0.000001,-0.000000
0.691000,0.011000,1.000000,0.295854,0.210000,0.210000,0.085854,0.030766,0.004293,0.000923,-0.194784,-0.194784,0.050000,0.030000,0.300000,0.300000,6.000000,-0.200000,0.000001,0.000001,-0.000000
0.702000,0.011000,1.000000,0.297142,0.210000,0.210000,0.087142,0.031725,0.004357,0.000952,-0.194691,-0.194691,0.050000,0.030000,0.300000,0.300000,6.000000,-0.200000,0.000001,0.000001,-0.000000
0.714000,0.012000,1.000000,0.298545,0.210000,0.210000,0.088545,0.032787,0.004427,0.000984,-0.194589,-0.194589,0.050000,0.030000,0.300000,0.300000,6.000000,-0.200000,0.000001,0.000001,-0.000000
0.724000,0.010000,1.000000,0.299712,0.210000,0.210000,0.089712,0.033684,0.004486,0.001011,-0.194504,-0.194504,0.050000,0.030000,0.300000,0.300000,6.000000,-0.200000,0.000001,0.000001,-0.000000
0.737000,0.013000,1.000000,0.301226,0.210000,0.210000,0.091226,0.034870,0.004561,0.001046,-0.194393,-0.194393,0.050000,0.030000,0.300000,0.300000,6.000000,-0.200000,0.000001,0.000001,-0.000000
0.750000,0.013000,1.000000,0.302737,0.210000,0.210000,0.092737,0.036076,0.004637,0.001082,-0.194281,-0.194281,0.050000,0.030000,0.300000,0.300000,6.000000,-0.200000,0.000001,0.000001,-0.000000
0.760000,0.010000,1.000000,0.303897,0.210000,0.210000,0.093897,0.037015,0.004695,0.001110,-0.194195,-0.194195,0.050000,0.030000,0.300000,0.300000,6.000000,-0.200000,0.000001,0.000001,-0.000000
0.772000,0.012000,1.000000,0.305287,0.210000,0.210000,0.095287,0.038158,0.004764,0.001145,-0.194091,-0.194091,0.050000,0.030000,0.300000,0.300000,6.000000,-0.200000,0.000001,0.000001,-0.000000
0.784000,0.012000,1.000000,0.306673,0.210000,0.210000,0.096673,0.039318,0.004834,0.001180,-0.193987,-0.193987,0.050000,0.030000,0.300000,0.300000,6.000000,-0.200000,0.000001,0.000001,-0.000000
0.796000,0.012000,1.000000,0.308057,0.210000,0.210000,0.098057,0.040495,0.004903,0.001215,-0.193882,-0.193882,0.050000,0.030000,0.300000,0.300000,6.000000,-0.200000,0.000001,0.000001,-0.000000
0.807000,0.011000,1.000000,0.309323,0.210000,0.210000,0.099324,0.041588,0.004966,0.001248,-0.193786,-0.193786,0.050000,0.030000,0.300000,0.300000,6.000000,-0.200000,0.000001,0.000001,-0.000000
0.819000,0.012000,1.000000,0.310702,0.210000,0.210000,0.100702,0.042796,0.005035,0.001284,-0.193681,-0.193681,0.050000,0.030000,0.300000,0.300000,6.000000,-0.200000,0.000001,0.000001,-0.000000
0.830000,0.011000,1.000000,0.311963,0.210000,0.210000,0.101963,0.043918,0.005098,0.001318,-0.193584,-0.193584,0.050000,0.030000,0.300000,0.300000,6.000000,-0.200000,0.000001,0.000001,-0.000000
0.841000,0.011000,1.000000,0.313223,0.210000,0.210000,0.103223,0.045053,0.005161,0.001352,-0.193487,-0.193487,0.050000,0.030000,0.300000,0.300000,6.000000,-0.200000,0.000001,0.000001,-0.000000
0.851000,0.010000,1.000000,0.314365,0.210000,0.210000,0.104365,0.046097,0.005218,0.001383,-0.193399,-0.193399,0.050000,0.030000,0.300000,0.300000,6.000000,-0.200000,0.000001,0.000001,-0.000000
0.863000,0.012000,1.000000,0.315734,0.210000,0.210000,0.105734,0.047365,0.005287,0.001421,-0.193292,-0.193292,0.050000,0.030000,0.300000,0.300000,6.000000,-0.200000,0.000001,0.000001,-0.000000
0.873000,0.010000,1.000000,0.316872,0.210000,0.210000,0.106872,0.048434,0.005344,0.001453,-0.193203,-0.193203,0.050000,0.030000,0.300000,0.300000,6.000000,-0.200000,0.000001,0.000001,-0.000000
0.885000,0.012000,1.000000,0.318236,0.210000,0.210000,0.108236,0.049733,0.005412,0.001492,-0.193096,-0.193096,0.050000,0.030000,0.300000,0.300000,6.000000,-0.200000,0.000001,0.000001,-0.000000
0.896000,0.011000,1.000000,0.319483,0.210000,0.210000,0.109483,0.050937,0.005474,0.001528,-0.192998,-0.192998,0.050000,0.030000,0.300000,0.300000,6.000000,-0.200000,0.000001,0.000001,-0.000000
0.907000,0.011000,1.000000,0.320729,0.210000,0.210000,0.110729,0.052155,0.005536,0.001565,-0.192899,-0.192899,0.050000,0.030000,0.300000,0.300000,6.000000,-0.200000,0.000001,0.000001,-0.000000
0.919000,0.012000,1.000000,0.322085,0.210000,0.210000,0.112085,0.053500,0.005604,0.001605,-0.192791,-0.192791,0.050000,0.030000,0.300000,0.300000,6.000000,-0.200000,0.000001,0.000001,-0.000000
0.931000,0.012000,1.000000,0.323438,0.210000,0.210000,0.113438,0.054862,0.005672,0.001646,-0.192682,-0.192682,0.050000,0.030000,0.300000,0.300000,6.000000,-0.200000,0.000001,0.000001,-0.000000
0.942000,0.011000,1.000000,0.324676,0.210000,0.210000,0.114676,0.056123,0.005734,0.001684,-0.192583,-0.192583,0.050000,0.030000,0.300000,0.300000,6.000000,-0.200000,0.000001,0.000001,-0.000000
0.953000,0.011000,1.000000,0.325912,0.210000,0.210000,0.115912,0.057398,0.005796,0.001722,-0.192483,-0.192483,0.050000,0.030000,0.300000,0.300000,6.000000,-0.200000,0.000001,0.000001,-0.000000
0.964000,0.011000,1.000000,0.327145,0.210000,0.210000,0.117145,0.058687,0.005857,0.001761,-0.192382,-0.192382,0.050000,0.030000,0.300000,0.300000,6.000000,-0.200000,0.000001,0.000001,-0.000000
0.975000,0.011000,1.000000,0.328376,0.210000,0.210000,0.118376,0.059989,0.005919,0.001800,-0.192282,-0.192282,0.050000,0.030000,0.300000,0.300000,6.000000,-0.200000,0.000001,0.000001,-0.000000
0.986000,0.011000,1.000000,0.329605,0.210000,0.210000,0.119605,0.061304,0.005980,0.001839,-0.192181,-0.192181,0.050000,0.030000,0.300000,0.300000,6.000000,-0.200000,0.000001,0.000001,-0.000000
0.997000,0.011000,1.000000,0.330832,0.210000,0.210000,0.120832,0.062634,0.006042,0.001879,-0.192079,-0.192079,0.050000,0.030000,0.300000,0.300000,6.000000,-0.200000,0.000001,0.000001,-0.000000
1.008000,0.011000,1.000000,0.332057,0.210000,0.210000,0.122057,0.063976,0.006103,0.001919,-0.191978,-0.191978,0.050000,0.030000,0.300000,0.300000,6.000000,-0.200000,0.000001,0.000001,-0.000000
1.022000,0.014000,1.000000,0.333612,0.210000,0.210000,0.123612,0.065707,0.006181,0.001971,-0.191848,-0.191848,0.050000,0.030000,0.300000,0.300000,6.000000,-0.200000,0.000001,0.000001,-0.000000
1.038000,0.016000,1.000000,0.335384,0.210000,0.210000,0.125384,0.067713,0.006269,0.002031,-0.191699,-0.191699,0.050000,0.030000,0.300000,0.300000,6.000000,-0.200000,0.000001,0.000001,-0.000000
1.052000,0.014000,1.000000,0.336931,0.210000,0.210000,0.126931,0.069490,0.006347,0.002085,-0.191569,-0.191569,0.050000,0.030000,0.300000,0.300000,6.000000,-0.200000,0.000001,0.000001,-0.000000
1.067000,0.015000,1.000000,0.338585,0.210000,0.210000,0.128585,0.071419,0.006429,0.002143,-0.191428,-0.191428,0.050000,0.030000,0.300000,0.300000,6.000000,-0.200000,0.000001,0.000001,-0.000000
1.082000,0.015000,1.000000,0.340234,0.210000,0.210000,0.130234,0.073372,0.006512,0.002201,-0.191287,-0.191287,0.050000,0.030000,0.300000,0.300000,6.000000,-0.200000,0.000001,0.000001,-0.000000
1.096000,0.014000,1.000000,0.341770,0.210000,0.210000,0.131770,0.075217,0.006589,0.002257,-0.191155,-0.191155,0.050000,0.030000,0.300000,0.300000,6.000000,-0.200000,0.000001,0.000001,-0.000000
1.110000,0.014000,1.000000,0.343302,0.210000,0.210000,0.133302,0.077083,0.006665,0.002312,-0.191022,-0.191022,0.050000,0.030000,0.300000,0.300000,6.000000,-0.200000,0.000001,0.000001,-0.000000
1.123000,0.013000,1.000000,0.344722,0.210000,0.210000,0.134722,0.078835,0.006736,0.002365,-0.190899,-0.190899,0.050000,0.030000,0.300000,0.300000,6.000000,-0.200000,0.000001,0.000001,-0.000000
1.135000,0.012000,1.000000,0.346030,0.210000,0.210000,0.136030,0.080467,0.006802,0.002414,-0.190785,-0.190785,0.050000,0.030000,0.300000,0.300000,6.000000,-0.200000,0.000001,0.000001,-0.000000
1.146000,0.011000,1.000000,0.347227,0.210000,0.210000,0.137227,0.081977,0.006861,0.002459,-0.190679,-0.190679,0.050000,0.030000,0.300000,0.300000,6.000000,-0.200000,0.000001,0.000001,-0.000000
1.157000,0.011000,1.000000,0.348421,0.210000,0.210000,0.138421,0.083499,0.006921,0.002505,-0.190574,-0.190574,0.050000,0.030000,0.300000,0.300000,6.000000,-0.200000,0.000001,0.000001,-0.000000
1.168000,0.011000,1.000000,0.349614,0.210000,0.210000,0.139614,0.085035,0.006981,0.002551,-0.190468,-0.190468,0.050000,0.030000,0.300000,0.300000,6.000000,-0.200000,0.000001,0.000001,-0.000000
1.178000,0.010000,1.000000,0.350696,0.210000,0.210000,0.140696,0.086442,0.007035,0.002593,-0.190372,-0.190372,0.050000,0.030000,0.300000,0.300000,6.000000,-0.200000,0.000001,0.000001,-0.000000
1.189000,0.011000,1.000000,0.351884,0.210000,0.210000,0.141884,0.088003,0.007094,0.002640,-0.190266,-0.190266,0.050000,0.030000,0.300000,0.300000,6.000000,-0.200000,0.000001,0.000001,-0.000000
1.200000,0.011000,1.000000,0.353070,0.210000,0.210000,0.143070,0.089576,0.007154,0.002687,-0.190159,-0.190159,0.050000,0.030000,0.300000,0.300000,6.000000,-0.200000,0.000001,0.000001,-0.000000
1.210000,0.010000,1.000000,0.354146,0.210000,0.210000,0.144147,0.091018,0.007207,0.002731,-0.190062,-0.190062,0.050000,0.030000,0.300000,0.300000,6.000000,-0.200000,0.000001,0.000001,-0.000000
1.225000,0.015000,1.000000,0.355757,0.210000,0.210000,0.145757,0.093204,0.007288,0.002796,-0.189916,-0.189916,0.050000,0.030000,0.300000,0.300000,6.000000,-0.200000,0.000001,0.000001,-0.000000
1.239000,0.014000,1.000000,0.357257,0.210000,0.210000,0.147257,0.095266,0.007363,0.002858,-0.189779,-0.189779,0.050000,0.030000,0.300000,0.300000,6.000000,-0.200000,0.000001,0.000001,-0.000000
1.252000,0.013000,1.000000,0.358646,0.210000,0.210000,0.148646,0.097198,0.007432,0.002916,-0.189652,-0.189652,0.050000,0.030000,0.300000,0.300000,6.000000,-0.200000,0.000001,0.000001,-0.000000
1.266000,0.014000,1.000000,0.360139,0.210000,0.210000,0.150139,0.099300,0.007507,0.002979,-0.189514,-0.189514,0.050000,0.030000,0.300000,0.300000,6.000000,-0.200000,0.000001,0.000001,-0.000000
1.281000,0.015000,1.000000,0.361735,0.210000,0.210000,0.151735,0.101576,0.007587,0.003047,-0.189366,-0.189366,0.050000,0.030000,0.300000,0.300000,6.000000,-0.200000,0.000001,0.000001,-0.000000
1.291000,0.010000,1.000000,0.362797,0.210000,0.210000,0.152797,0.103104,0.007640,0.003093,-0.189267,-0.189267,0.050000,0.030000,0.300000,0.300000,6.000000,-0.200000,0.000001,0.000001,-0.000000
1.304000,0.013000,1.000000,0.364175,0.210000,0.210000,0.154175,0.105108,0.007709,0.003153,-0.189138,-0.189138,0.050000,0.030000,0.300000,0.300000,6.000000,-0.200000,0.000001,0.000001,-0.000000
1.315000,0.011000,1.000000,0.365338,0.210000,0.210000,0.155338,0.106817,0.007767,0.003205,-0.189029,-0.189029,0.050000,0.030000,0.300000,0.300000,6.000000,-0.200000,0.000001,0.000001,-0.000000
1.326000,0.011000,1.000000,0.366500,0.210000,0.210000,0.156500,0.108539,0.007825,0.003256,-0.188919,-0.188919,0.050000,0.030000,0.300000,0.300000,6.000000,-0.200000,0.000001,0.000001,-0.000000
1.339000,0.013000,1.000000,0.367869,0.210000,0.210000,0.157869,0.110591,0.007893,0.003318,-0.188789,-0.188789,0.050000,0.030000,0.300000,0.300000,6.000000,-0.200000,0.000001,0.000001,-0.000000
1.352000,0.013000,1.000000,0.369236,0.210000,0.210000,0.159236,0.112661,0.007962,0.003380,-0.188658,-0.188658,0.050000,0.030000,0.300000,0.300000,6.000000,-0.200000,0.000001,0.000001,-0.000000
1.364000,0.012000,1.000000,0.370495,0.210000,0.210000,0.160495,0.114587,0.008025,0.003438,-0.188538,-0.188538,0.050000,0.030000,0.300000,0.300000,6.000000,-0.200000,0.000001,0.000001,-0.000000
1.374000,0.010000,1.000000,0.371542,0.210000,0.210000,0.161542,0.116202,0.008077,0.003486,-0.188437,-0.188437,0.050000,0.030000,0.300000,0.300000,6.000000,-0.200000,0.000001,0.000001,-0.000000
1.386000,0.012000,1.000000,0.372797,0.210000,0.210000,0.162797,0.118156,0.008140,0.003545,-0.188316,-0.188316,0.050000,0.030000,0.300000,0.300000,6.000000,-0.200000,0.000001,0.000001,-0.000000
1.398000,0.012000,1.000000,0.374049,0.210000,0.210000,0.164049,0.120125,0.008202,0.003604,-0.188194,-0.188194,0.050000,0.030000,0.300000,0.300000,6.000000,-0.200000,0.000001,0.000001,-0.000000
1.409000,0.011000,1.000000,0.375194,0.210000,0.210000,0.165194,0.121942,0.008260,0.003658,-0.188082,-0.188082,0.050000,0.030000,0.300000,0.300000,6.000000,-0.200000,0.000001,0.000001,-0.000000
1.420000,0.011000,1.000000,0.376337,0.210000,0.210000,0.166337,0.123771,0.008317,0.003713,-0.187970,-0.187970,0.050000,0.030000,0.300000,0.300000,6.000000,-0.200000,0.000001,0.000001,-0.000000
1.432000,0.012000,1.000000,0.377582,0.210000,0.210000,0.167582,0.125782,0.008379,0.003773,-0.187847,-0.187847,0.050000,0.030000,0.300000,0.300000,6.000000,-0.200000,0.000001,0.000001,-0.000000
1.443000,0.011000,1.000000,0.378721,0.210000,0.210000,0.168721,0.127638,0.008436,0.003829,-0.187735,-0.187735,0.050000,0.030000,0.300000,0.300000,6.000000,-0.200000,0.000001,0.000001,-0.000000
1.455000,0.012000,1.000000,0.379961,0.210000,0.210000,0.169961,0.129678,0.008498,0.003890,-0.187612,-0.187612,0.050000,0.030000,0.300000,0.300000,6.000000,-0.200000,0.000001,0.000001,-0.000000
1.467000,0.012000,1.000000,0.381199,0.210000,0.210000,0.171199,0.131732,0.008560,0.003952,-0.187488,-0.187488,0.050000,0.030000,0.300000,0.300000,6.000000,-0.200000,0.000001,0.000001,-0.000000
1.477000,0.010000,1.000000,0.382229,0.210000,0.210000,0.172229,0.133455,0.008611,0.004004,-0.187385,-0.187385,0.050000,0.030000,0.300000,0.300000,6.000000,-0.200000,0.000001,0.000001,-0.000000
1.488000,0.011000,1.000000,0.383359,0.210000,0.210000,0.173359,0.135361,0.008668,0.004061,-0.187271,-0.187271,0.050000,0.030000,0.300000,0.300000,6.000000,-0.200000,0.000001,0.000001,-0.000000
1.499000,0.011000,1.000000,0.384487,0.210000,0.210000,0.174487,0.137281,0.008724,0.004118,-0.187157,-0.187157,0.050000,0.030000,0.300000,0.300000,6.000000,-0.200000,0.000001,0.000001,-0.000000
1.509000,0.010000,1.000000,0.385512,0.210000,0.210000,0.175512,0.139036,0.008776,0.004171,-0.187053,-0.187053,0.050000,0.030000,0.300000,0.300000,6.000000,-0.200000,0.000001,0.000001,-0.000000
1.521000,0.012000,1.000000,0.386738,0.210000,0.210000,0.176738,0.141157,0.008837,0.004235,-0.186928,-0.186928,0.050000,0.030000,0.300000,0.300000,6.000000,-0.200000,0.000001,0.000001,-0.000000
1.533000,0.012000,1.000000,0.387962,0.210000,0.210000,0.177962,0.143292,0.008898,0.004299,-0.186803,-0.186803,0.050000,0.030000,0.300000,0.300000,6.000000,-0.200000,0.000001,0.000001,-0.000000
1.543000,0.010000,1.000000,0.388981,0.210000,0.210000,0.178981,0.145082,0.008949,0.004352,-0.186699,-0.186699,0.050000,0.030000,0.300000,0.300000,6.000000,-0.200000,0.000001,0.000001,-0.000000
1.554000,0.011000,1.000000,0.390099,0.210000,0.210000,0.180099,0.147063,0.009005,0.004412,-0.186583,-0.186583,0.050000,0.030000,0.300000,0.300000,6.000000,-0.200000,0.000001,0.000001,-0.000000
1.566000,0.012000,1.000000,0.391316,0.210000,0.210000,0.181316,0.149239,0.009066,0.004477,-0.186457,-0.186457,0.050000,0.030000,0.300000,0.300000,6.000000,-0.200000,0.000001,0.000001,-0.000000
1.577000,0.011000,1.000000,0.392430,0.210000,0.210000,0.182430,0.151246,0.009121,0.004537,-0.186341,-0.186341,0.050000,0.030000,0.300000,0.300000,6.000000,-0.200000,0.000001,0.000001,-0.000000
1.588000,0.011000,1.000000,0.393542,0.210000,0.210000,0.183542,0.153265,0.009177,0.004598,-0.186225,-0.186225,0.050000,0.030000,0.300000,0.300000,6.000000,-0.200000,0.000001,0.000001,-0.000000
1.599000,0.011000,1.000000,0.394652,0.210000,0.210000,0.184652,0.155296,0.009233,0.004659,-0.186109,-0.186109,0.050000,0.030000,0.300000,0.300000,6.000000,-0.200000,0.000001,0.000001,-0.000000
1.609000,0.010000,1.000000,0.395659,0.210000,0.210000,0.185659,0.157152,0.009283,0.004715,-0.186003,-0.186003,0.050000,0.030000,0.300000,0.300000,6.000000,-0.200000,0.000001,0.000001,-0.000000
1.621000,0.012000,1.000000,0.396865,0.210000,0.210000,0.186865,0.159395,0.009343,0.004782,-0.185875,-0.185875,0.050000,0.030000,0.300000,0.300000,6.000000,-0.200000,0.000001,0.000001,-0.000000
1.633000,0.012000,1.000000,0.398069,0.210000,0.210000,0.188069,0.161652,0.009403,0.004850,-0.185747,-0.185747,0.050000,0.030000,0.300000,0.300000,6.000000,-0.200000,0.000001,0.000001,-0.000000
1.643000,0.010000,1.000000,0.399070,0.210000,0.210000,0.189070,0.163542,0.009454,0.004906,-0.185640,-0.185640,0.050000,0.030000,0.300000,0.300000,6.000000,-0.200000,0.000001,0.000001,-0.000000
1.658000,0.015000,1.000000,0.400569,0.210000,0.210000,0.190569,0.166401,0.009528,0.004992,-0.185480,-0.185480,0.050000,0.030000,0.300000,0.300000,6.000000,-0.200000,0.000001,0.000001,-0.000000
1.669000,0.011000,1.000000,0.401666,0.210000,0.210000,0.191666,0.168509,0.009583,0.005055,-0.185361,-0.185361,0.050000,0.030000,0.300000,0.300000,6.000000,-0.200000,0.000001,0.000001,-0.000000
1.680000,0.011000,1.000000,0.402761,0.210000,0.210000,0.192761,0.170630,0.009638,0.005119,-0.185243,-0.185243,0.050000,0.030000,0.300000,0.300000,6.000000,-0.200000,0.000001,0.000001,-0.000000
1.690000,0.010000,1.000000,0.403755,0.210000,0.210000,0.193755,0.172567,0.009688,0.005177,-0.185135,-0.185135,0.050000,0.030000,0.300000,0.300000,6.000000,-0.200000,0.000001,0.000001,-0.000000
1.701000,0.011000,1.000000,0.404846,0.210000,0.210000,0.194846,0.174710,0.009742,0.005241,-0.185016,-0.185016,0.050000,0.030000,0.300000,0.300000,6.000000,-0.200000,0.000001,0.000001,-0.000000
1.711000,0.010000,1.000000,0.405836,0.210000,0.210000,0.195836,0.176669,0.009792,0.005300,-0.184908,-0.184908,0.050000,0.030000,0.300000,0.300000,6.000000,-0.200000,0.000001,0.000001,-0.000000
1.722000,0.011000,1.000000,0.406923,0.210000,0.210000,0.196923,0.178835,0.009846,0.005365,-0.184789,-0.184789,0.050000,0.030000,0.300000,0.300000,6.000000,-0.200000,0.000001,0.000001,-0.000000
1.735000,0.013000,1.000000,0.408206,0.210000,0.210000,0.198206,0.181412,0.009910,0.005442,-0.184647,-0.184647,0.050000,0.030000,0.300000,0.300000,6.000000,-0.200000,0.000001,0.000001,-0.000000
1.746000,0.011000,1.000000,0.409288,0.210000,0.210000,0.199288,0.183604,0.009964,0.005508,-0.184528,-0.184528,0.050000,0.030000,0.300000,0.300000,6.000000,-0.200000,0.000001,0.000001,-0.000000
1.757000,0.011000,1.000000,0.410369,0.210000,0.210000,0.200370,0.185808,0.010018,0.005574,-0.184407,-0.184407,0.050000,0.030000,0.300000,0.300000,6.000000,-0.200000,0.000001,0.000001,-0.000000
1.769000,0.012000,1.000000,0.411546,0.210000,0.210000,0.201546,0.188226,0.010077,0.005647,-0.184276,-0.184276,0.050000,0.030000,0.300000,0.300000,6.000000,-0.200000,0.000001,0.000001,-0.000000
1.780000,0.011000,1.000000,0.412623,0.210000,0.210000,0.202623,0.190455,0.010131,0.005714,-0.184155,-0.184155,0.050000,0.030000,0.300000,0.300000,6.000000,-0.200000,0.000001,0.000001,-0.000000
1.790000,0.010000,1.000000,0.413601,0.210000,0.210000,0.203601,0.192491,0.010180,0.005775,-0.184045,-0.184045,0.050000,0.030000,0.300000,0.300000,6.000000,-0.200000,0.000001,0.000001,-0.000000
1.802000,0.012000,1.000000,0.414771,0.210000,0.210000,0.204771,0.194948,0.010239,0.005848,-0.183913,-0.183913,0.050000,0.030000,0.300000,0.300000,6.000000,-0.200000,0.000001,0.000001,-0.000000
1.813000,0.011000,1.000000,0.415842,0.210000,0.210000,0.205842,0.197213,0.010292,0.005916,-0.183792,-0.183792,0.050000,0.030000,0.300000,0.300000,6.000000,-0.200000,0.000001,0.000001,-0.000000
1.824000,0.011000,1.000000,0.416911,0.210000,0.210000,0.206911,0.199489,0.010346,0.005985,-0.183670,-0.183670,0.050000,0.030000,0.300000,0.300000,6.000000,-0.200000,0.000001,0.000001,-0.000000
1.837000,0.013000,1.000000,0.418172,0.210000,0.210000,0.208172,0.202195,0.010409,0.006066,-0.183526,-0.183526,0.050000,0.030000,0.300000,0.300000,6.000000,-0.200000,0.000001,0.000001,-0.000000
1.848000,0.011000,1.000000,0.419236,0.210000,0.210000,0.209236,0.204497,0.010462,0.006135,-0.183403,-0.183403,0.050000,0.030000,0.300000,0.300000,6.000000,-0.200000,0.000001,0.000001,-0.000000
1.859000,0.011000,1.000000,0.420299,0.210000,0.210000,0.210299,0.206810,0.010515,0.006204,-0.183281,-0.183281,0.050000,0.030000,0.300000,0.300000,6.000000,-0.200000,0.000001,0.000001,-0.000000
1.871000,0.012000,1.000000,0.421456,0.210000,0.210000,0.211456,0.209347,0.010573,0.006280,-0.183147,-0.183147,0.050000,0.030000,0.300000,0.300000,6.000000,-0.200000,0.000001,0.000001,-0.000000
1.883000,0.012000,1.000000,0.422611,0.210000,0.210000,0.212611,0.211899,0.010631,0.006357,-0.183013,-0.183013,0.050000,0.030000,0.300000,0.300000,6.000000,-0.200000,0.000001,0.000001,-0.000000
1.894000,0.011000,1.000000,0.423668,0.210000,0.210000,0.213668,0.214249,0.010683,0.006427,-0.182889,-0.182889,0.050000,0.030000,0.300000,0.300000,6.000000,-0.200000,0.000001,0.000001,-0.000000
1.905000,0.011000,1.000000,0.424722,0.210000,0.210000,0.214722,0.216611,0.010736,0.006498,-0.182766,-0.182766,0.050000,0.030000,0.300000,0.300000,6.000000,-0.200000,0.000001,0.000001,-0.000000
1.916000,0.011000,1.000000,0.425775,0.210000,0.210000,0.215775,0.218985,0.010789,0.006570,-0.182642,-0.182642,0.050000,0.030000,0.300000,0.300000,6.000000,-0.200000,0.000001,0.000001,-0.000000
1.927000,0.011000,1.000000,0.426826,0.210000,0.210000,0.216826,0.221370,0.010841,0.006641,-0.182518,-0.182518,0.050000,0.030000,0.300000,0.300000,6.000000,-0.200000,0.000001,0.000001,-0.000000
1.940000,0.013000,1.000000,0.428065,0.210000,0.210000,0.218065,0.224204,0.010903,0.006726,-0.182371,-0.182371,0.050000,0.030000,0.300000,0.300000,6.000000,-0.200000,0.000001,0.000001,-0.000000
1.951000,0.011000,1.000000,0.429112,0.210000,0.210000,0.219112,0.226615,0.010956,0.006798,-0.182246,-0.182246,0.050000,0.030000,0.300000,0.300000,6.000000,-0.200000,0.000001,0.000001,-0.000000
1.962000,0.011000,1.000000,0.430156,0.210000,0.210000,0.220156,0.229036,0.011008,0.006871,-0.182121,-0.182121,0.050000,0.030000,0.300000,0.300000,6.000000,-0.200000,0.000001,0.000001,-0.000000
1.973000,0.011000,1.000000,0.431199,0.210000,0.210000,0.221199,0.231470,0.011060,0.006944,-0.181996,-0.181996,0.050000,0.030000,0.300000,0.300000,6.000000,-0.200000,0.000001,0.000001,-0.000000
1.985000,0.012000,1.000000,0.432334,0.210000,0.210000,0.222334,0.234138,0.011117,0.007024,-0.181859,-0.181859,0.050000,0.030000,0.300000,0.300000,6.000000,-0.200000,0.000001,0.000001,-0.000000
1.996000,0.011000,1.000000,0.433373,0.210000,0.210000,0.223373,0.236595,0.011169,0.007098,-0.181734,-0.181734,0.050000,0.030000,0.300000,0.300000,6.000000,-0.200000,0.000001,0.000001,-0.000000
2.007000,0.011000,1.000000,0.434410,0.210000,0.210000,0.224410,0.239063,0.011221,0.007172,-0.181608,-0.181608,0.050000,0.030000,0.300000,0.300000,6.000000,-0.200000,0.000001,0.000001,-0.000000
2.019000,0.012000,1.000000,0.435539,0.210000,0.210000,0.225539,0.241770,0.011277,0.007253,-0.181470,-0.181470,0.050000,0.030000,0.300000,0.300000,6.000000,-0.200000,0.000001,0.000001,-0.000000
2.030000,0.011000,1.000000,0.436572,0.210000,0.210000,0.226572,0.244262,0.011329,0.007328,-0.181344,-0.181344,0.050000,0.030000,0.300000,0.300000,6.000000,-0.200000,0.000001,0.000001,-0.000000
2.042000,0.012000,1.000000,0.437697,0.210000,0.210000,0.227697,0.246994,0.011385,0.007410,-0.181205,-0.181205,0.050000,0.030000,0.300000,0.300000,6.000000,-0.200000,0.000001,0.000001,-0.000000
2.055000,0.013000,1.000000,0.438912,0.200000,0.209585,0.229328,0.249976,0.011466,0.007499,-0.179194,-0.179194,0.050000,0.030000,0.300000,0.300000,6.000000,-0.200000,-0.769228,-0.061348,0.001840
2.067000,0.012000,1.000000,0.440032,0.200000,0.209216,0.230816,0.252745,0.011541,0.007582,-0.177398,-0.177398,0.050000,0.030000,0.300000,0.300000,6.000000,-0.200000,-0.798714,-0.115968,0.003479
2.080000,0.013000,1.000000,0.441243,0.200000,0.208833,0.232410,0.255767,0.011620,0.007673,-0.175809,-0.175809,0.050000,0.030000,0.300000,0.300000,6.000000,-0.200000,-0.708922,-0.163259,0.004898
2.090000,0.010000,1.000000,0.442173,0.200000,0.208548,0.233624,0.258103,0.011681,0.007743,-0.174328,-0.174328,0.050000,0.030000,0.300000,0.300000,6.000000,-0.200000,-0.883322,-0.208263,0.006248
2.102000,0.012000,1.000000,0.443286,0.200000,0.208219,0.235067,0.260924,0.011753,0.007828,-0.173051,-0.173051,0.050000,0.030000,0.300000,0.300000,6.000000,-0.200000,-0.712351,-0.245603,0.007368
2.114000,0.012000,1.000000,0.444397,0.190000,0.207519,0.236878,0.263766,0.011844,0.007913,-0.170047,-0.170047,0.050000,0.030000,0.300000,0.300000,6.000000,-0.200000,-1.518311,-0.339877,0.010196
2.125000,0.011000,1.000000,0.445414,0.190000,0.206899,0.238515,0.266390,0.011926,0.007992,-0.167319,-0.167319,0.050000,0.030000,0.300000,0.300000,6.000000,-0.200000,-1.592592,-0.425467,0.012764
2.139000,0.014000,1.000000,0.446705,0.190000,0.206146,0.240559,0.269758,0.012028,0.008093,-0.165114,-0.165114,0.050000,0.030000,0.300000,0.300000,6.000000,-0.200000,-1.207084,-0.492190,0.014766
2.150000,0.011000,1.000000,0.447718,0.190000,0.205575,0.242143,0.272421,0.012107,0.008173,-0.162955,-0.162955,0.050000,0.030000,0.300000,0.300000,6.000000,-0.200000,-1.467797,-0.558846,0.016765
2.161000,0.011000,1.000000,0.448728,0.180000,0.204670,0.244058,0.275106,0.012203,0.008253,-0.159159,-0.159159,0.050000,0.030000,0.300000,0.300000,6.000000,-0.200000,-2.324929,-0.679512,0.020385
2.172000,0.011000,1.000000,0.449737,0.180000,0.203797,0.245940,0.277811,0.012297,0.008334,-0.155779,-0.155779,0.050000,0.030000,0.300000,0.300000,6.000000,-0.200000,-2.242743,-0.786316,0.023589
2.184000,0.012000,1.000000,0.450835,0.180000,0.202882,0.247953,0.280787,0.012398,0.008424,-0.152930,-0.152930,0.050000,0.030000,0.300000,0.300000,6.000000,-0.200000,-1.983106,-0.874967,0.026249
2.196000,0.012000,1.000000,0.451931,0.180000,0.202002,0.249929,0.283786,0.012496,0.008514,-0.150448,-0.150448,0.050000,0.030000,0.300000,0.300000,6.000000,-0.200000,-1.906870,-0.951404,0.028542
2.207000,0.011000,1.000000,0.452934,0.180000,0.201224,0.251711,0.286555,0.012586,0.008597,-0.148126,-0.148126,0.050000,0.030000,0.300000,0.300000,6.000000,-0.200000,-2.000160,-1.023059,0.030692
2.218000,0.011000,1.000000,0.453936,0.180000,0.200473,0.253462,0.289343,0.012673,0.008680,-0.146097,-0.146097,0.050000,0.030000,0.300000,0.300000,6.000000,-0.200000,-1.929455,-1.084986,0.032550
2.229000,0.011000,1.000000,0.454935,0.180000,0.199749,0.255186,0.292150,0.012759,0.008764,-0.144336,-0.144336,0.050000,0.030000,0.300000,0.300000,6.000000,-0.200000,-1.861211,-1.138020,0.034141
2.241000,0.012000,1.000000,0.456023,0.180000,0.198989,0.257033,0.295234,0.012852,0.008857,-0.143022,-0.143022,0.050000,0.030000,0.300000,0.300000,6.000000,-0.200000,-1.645742,-1.175629,0.035269
2.253000,0.012000,1.000000,0.457109,0.170000,0.197875,0.259234,0.298345,0.012962,0.008950,-0.140063,-0.140063,0.050000,0.030000,0.300000,0.300000,6.000000,-0.200000,-2.415820,-1.267494,0.038025
2.266000,0.013000,1.000000,0.458282,0.170000,0.196717,0.261565,0.301745,0.013078,0.009052,-0.137747,-0.137747,0.050000,0.030000,0.300000,0.300000,6.000000,-0.200000,-2.144190,-1.337415,0.040122
2.278000,0.012000,1.000000,0.459363,0.160000,0.195305,0.264059,0.304914,0.013203,0.009147,-0.133700,-0.133700,0.050000,0.030000,0.300000,0.300000,6.000000,-0.200000,-3.059710,-1.464993,0.043950
2.289000,0.011000,1.000000,0.460353,0.170000,0.194410,0.265943,0.307840,0.013297,0.009235,-0.131805,-0.131805,0.050000,0.030000,0.300000,0.300000,6.000000,-0.200000,-2.300433,-1.522072,0.045662
2.301000,0.012000,1.000000,0.461430,0.170000,0.193471,0.267959,0.311055,0.013398,0.009332,-0.130470,-0.130470,0.050000,0.030000,0.300000,0.300000,6.000000,-0.200000,-2.034115,-1.560001,0.046800
2.311000,0.010000,1.000000,0.462326,0.150000,0.192068,0.270258,0.313758,0.013513,0.009413,-0.125049,-0.125049,0.050000,0.030000,0.300000,0.300000,6.000000,-0.200000,-4.347075,-1.734193,0.052026
2.323000,0.012000,1.000000,0.463399,0.150000,0.190450,0.272949,0.317033,0.013647,0.009511,-0.120879,-0.120879,0.050000,0.030000,0.300000,0.300000,6.000000,-0.200000,-3.505679,-1.865415,0.055962
2.336000,0.013000,1.000000,0.464559,0.140000,0.188355,0.276204,0.320624,0.013810,0.009619,-0.115787,-0.115787,0.050000,0.030000,0.300000,0.300000,6.000000,-0.200000,-3.880798,-2.026152,0.060785
2.348000,0.012000,1.000000,0.465628,0.150000,0.186880,0.278748,0.323969,0.013937,0.009719,-0.112959,-0.112959,0.050000,0.030000,0.300000,0.300000,6.000000,-0.200000,-3.196293,-2.112828,0.063385
2.358000,0.010000,1.000000,0.466517,0.140000,0.185368,0.281150,0.326780,0.014057,0.009803,-0.107926,-0.107926,0.050000,0.030000,0.300000,0.300000,6.000000,-0.200000,-4.687990,-2.273775,0.068213
2.370000,0.012000,1.000000,0.467582,0.110000,0.182469,0.285113,0.330202,0.014256,0.009906,-0.098721,-0.098721,0.050000,0.030000,0.300000,0.300000,6.000000,-0.200000,-6.280590,-2.570578,0.077117
2.382000,0.012000,1.000000,0.468645,0.110000,0.179682,0.288963,0.333669,0.014448,0.010010,-0.090717,-0.090717,0.050000,0.030000,0.300000,0.300000,6.000000,-0.200000,-6.039027,-2.827502,0.084825
2.392000,0.010000,1.000000,0.469529,0.110000,0.177434,0.292095,0.336590,0.014605,0.010098,-0.082709,-0.082709,0.050000,0.030000,0.300000,0.300000,6.000000,-0.200000,-6.968162,-3.086293,0.092589
2.403000,0.011000,1.000000,0.470500,0.120000,0.175402,0.295097,0.339836,0.014755,0.010195,-0.078085,-0.078085,0.050000,0.030000,0.300000,0.300000,6.000000,-0.200000,-5.221290,-3.232162,0.096965
2.414000,0.011000,1.000000,0.471469,0.080000,0.172028,0.299441,0.343130,0.014972,0.010294,-0.066617,-0.066617,0.050000,0.030000,0.300000,0.300000,6.000000,-0.200000,-8.673006,-3.603894,0.108117
2.425000,0.011000,1.000000,0.472436,0.120000,0.170188,0.302248,0.346455,0.015112,0.010394,-0.064069,-0.064069,0.050000,0.030000,0.300000,0.300000,6.000000,-0.200000,-4.729753,-3.680817,0.110424
2.438000,0.013000,1.000000,0.473577,-0.010000,0.162704,0.310873,0.350496,0.015544,0.010515,-0.039160,-0.039160,0.050000,0.030000,0.300000,0.300000,6.000000,-0.200000,-13.860586,-4.492701,0.134781
2.449000,0.011000,1.000000,0.474540,-0.020000,0.156242,0.318298,0.353997,0.015915,0.010620,-0.013849,-0.013849,0.050000,0.030000,0.300000,0.300000,6.000000,-0.200000,-16.609570,-5.320556,0.159617
2.460000,0.011000,1.000000,0.475501,-0.610000,0.129140,0.346361,0.357807,0.017318,0.010734,0.119542,0.119542,0.050000,0.030000,0.300000,0.300000,6.000000,-0.200000,-69.658867,-9.716311,0.291489
2.473000,0.013000,1.000000,0.476635,-1.320000,0.068952,0.407683,0.363107,0.020384,0.010893,0.366232,0.200000,0.050000,0.030000,0.300000,0.300000,6.000000,-0.200000,-111.472221,-17.831818,0.534955
2.484000,0.011000,1.000000,0.477593,-1.330000,0.019471,0.458122,0.368147,0.022906,0.011044,0.593029,0.200000,0.050000,0.030000,0.300000,0.300000,6.000000,-0.200000,-127.175667,-25.302612,0.759078
2.495000,0.011000,1.000000,0.478549,-1.880000,-0.047712,0.526262,0.373935,0.026313,0.011218,0.898686,0.200000,0.050000,0.030000,0.300000,0.300000,6.000000,-0.200000,-172.680466,-35.371834,1.061155
2.506000,0.011000,1.000000,0.479503,-1.950000,-0.114995,0.594499,0.380475,0.029725,0.011414,1.184257,0.200000,0.050000,0.030000,0.300000,0.300000,6.000000,-0.200000,-172.936523,-44.770599,1.343118
2.517000,0.011000,1.000000,0.480456,-2.740000,-0.207843,0.688298,0.388046,0.034415,0.011641,1.586538,0.200000,0.050000,0.030000,0.300000,0.300000,6.000000,-0.200000,-238.633377,-58.016056,1.740482
2.528000,0.011000,1.000000,0.481407,-2.850000,-0.301294,0.782701,0.396656,0.039135,0.011900,1.964930,0.200000,0.050000,0.030000,0.300000,0.300000,6.000000,-0.200000,-240.197906,-70.463181,2.113895
2.540000,0.012000,1.000000,0.482442,-3.610000,-0.428553,0.910995,0.407588,0.045550,0.012228,2.427810,0.200000,0.050000,0.030000,0.300000,0.300000,6.000000,-0.200000,-275.723541,-85.667755,2.570033
2.551000,0.011000,1.000000,0.483389,-4.090000,-0.558057,1.041445,0.419044,0.052072,0.012571,2.941343,0.200000,0.050000,0.030000,0.300000,0.300000,6.000000,-0.200000,-332.861298,-102.556641,3.076699
2.562000,0.011000,1.000000,0.484334,-4.090000,-0.682980,1.167314,0.431884,0.058366,0.012957,3.395940,0.200000,0.050000,0.030000,0.300000,0.300000,6.000000,-0.200000,-321.088165,-117.487259,3.524618
2.572000,0.010000,1.000000,0.485192,-4.070000,-0.792239,1.277431,0.444658,0.063872,0.013340,3.816607,0.200000,0.050000,0.030000,0.300000,0.300000,6.000000,-0.200000,-338.702332,-131.313187,3.939396
2.584000,0.012000,1.000000,0.486220,-4.070000,-0.918307,1.404527,0.461513,0.070226,0.013845,4.138651,0.200000,0.050000,0.030000,0.300000,0.300000,6.000000,-0.200000,-273.144897,-141.819305,4.254579
2.596000,0.012000,1.000000,0.487245,-3.940000,-1.034527,1.521772,0.479774,0.076089,0.014393,4.389478,0.200000,0.050000,0.030000,0.300000,0.300000,6.000000,-0.200000,-251.805984,-149.966522,4.498996
2.607000,0.011000,1.000000,0.488183,-4.220000,-1.147195,1.635379,0.497763,0.081769,0.014933,4.681882,0.200000,0.050000,0.030000,0.300000,0.300000,6.000000,-0.200000,-289.590607,-159.505981,4.785180
2.618000,0.011000,1.000000,0.489120,-4.400000,-1.262246,1.751366,0.517028,0.087568,0.015511,4.967437,0.200000,0.050000,0.030000,0.300000,0.300000,6.000000,-0.200000,-295.711731,-168.811905,5.064357
2.628000,0.010000,1.000000,0.489970,-4.400000,-1.363463,1.853433,0.535562,0.092672,0.016067,5.244903,0.200000,0.050000,0.030000,0.300000,0.300000,6.000000,-0.200000,-313.775757,-177.872131,5.336164
2.640000,0.012000,1.000000,0.490988,-4.560000,-1.486408,1.977396,0.559291,0.098870,0.016779,5.448490,0.200000,0.050000,0.030000,0.300000,0.300000,6.000000,-0.200000,-266.376190,-184.428040,5.532841
2.651000,0.011000,1.000000,0.491920,-4.660000,-1.598656,2.090576,0.582288,0.104529,0.017469,5.668174,0.200000,0.050000,0.030000,0.300000,0.300000,6.000000,-0.200000,-288.510498,-191.539215,5.746176
2.661000,0.010000,1.000000,0.492765,-4.660000,-1.697412,2.190177,0.604190,0.109509,0.018126,5.888669,0.200000,0.050000,0.030000,0.300000,0.300000,6.000000,-0.200000,-306.127350,-198.701141,5.961034
2.672000,0.011000,1.000000,0.493693,-4.620000,-1.800782,2.294476,0.629429,0.114724,0.018883,6.031950,0.200000,0.050000,0.030000,0.300000,0.300000,6.000000,-0.200000,-265.691833,-203.278107,6.098343
2.684000,0.012000,1.000000,0.494704,-4.580000,-1.907676,2.402380,0.658258,0.120119,0.019748,6.101148,0.200000,0.050000,0.030000,0.300000,0.300000,6.000000,-0.200000,-231.599854,-205.376022,6.161281
2.694000,0.010000,1.000000,0.495545,-4.170000,-1.980654,2.476199,0.683020,0.123810,0.020491,6.144688,0.200000,0.050000,0.030000,0.300000,0.300000,6.000000,-0.200000,-226.232620,-206.679565,6.200387
2.705000,0.011000,1.000000,0.496468,-4.170000,-2.058090,2.554558,0.711120,0.127728,0.021334,6.133776,0.200000,0.050000,0.030000,0.300000,0.300000,6.000000,-0.200000,-199.032928,-206.157135,6.184714
2.717000,0.012000,1.000000,0.497473,-4.180000,-2.139703,2.637176,0.742766,0.131859,0.022283,6.073672,0.200000,0.050000,0.030000,0.300000,0.300000,6.000000,-0.200000,-176.824570,-203.984344,6.119530
2.728000,0.011000,1.000000,0.498392,-4.180000,-2.211867,2.710259,0.772578,0.135513,0.023177,6.040298,0.200000,0.050000,0.030000,0.300000,0.300000,6.000000,-0.200000,-185.482925,-202.720276,6.081608
2.739000,0.011000,1.000000,0.499310,-4.150000,-2.280418,2.779728,0.803155,0.138986,0.024095,5.990322,0.200000,0.050000,0.030000,0.300000,0.300000,6.000000,-0.200000,-176.195221,-200.908020,6.027241
2.751000,0.012000,1.000000,0.500310,-4.150000,-2.352325,2.852635,0.837387,0.142632,0.025122,5.894747,0.200000,0.050000,0.030000,0.300000,0.300000,6.000000,-0.200000,-155.797424,-197.566467,5.926994
2.762000,0.011000,1.000000,0.501224,-4.160000,-2.416262,2.917486,0.869479,0.145874,0.026084,5.830840,0.200000,0.050000,0.030000,0.300000,0.300000,6.000000,-0.200000,-164.335266,-195.296036,5.858881
2.777000,0.015000,1.000000,0.502468,-4.150000,-2.498821,3.001289,0.914499,0.150064,0.027435,5.618976,0.200000,0.050000,0.030000,0.300000,0.300000,6.000000,-0.200000,-115.581734,-188.049225,5.641477
2.788000,0.011000,1.000000,0.503378,-4.150000,-2.557223,3.060601,0.948165,0.153030,0.028445,5.545185,0.200000,0.050000,0.030000,0.300000,0.300000,6.000000,-0.200000,-150.108261,-185.457001,5.563710
2.799000,0.011000,1.000000,0.504287,-4.170000,-2.614266,3.118554,0.982469,0.155928,0.029474,5.469503,0.200000,0.050000,0.030000,0.300000,0.300000,6.000000,-0.200000,-146.617188,-182.803375,5.484101
2.810000,0.011000,1.000000,0.505194,-4.170000,-2.669293,3.174487,1.017389,0.158724,0.030522,5.388540,0.200000,0.050000,0.030000,0.300000,0.300000,6.000000,-0.200000,-141.428329,-179.976471,5.399294
2.822000,0.012000,1.000000,0.506182,-4.270000,-2.730858,3.237040,1.056233,0.161852,0.031687,5.289318,0.200000,0.050000,0.030000,0.300000,0.300000,6.000000,-0.200000,-133.393951,-176.525955,5.295779
2.835000,0.013000,1.000000,0.507250,-4.250000,-2.793953,3.301203,1.099149,0.165060,0.032974,5.151047,0.200000,0.050000,0.030000,0.300000,0.300000,6.000000,-0.200000,-116.856964,-171.767075,5.153012
2.846000,0.011000,1.000000,0.508151,-4.250000,-2.845454,3.353606,1.136039,0.167680,0.034081,5.074013,0.200000,0.050000,0.030000,0.300000,0.300000,6.000000,-0.200000,-132.365982,-169.075043,5.072251
2.857000,0.011000,1.000000,0.509051,-4.220000,-2.894071,3.403122,1.173473,0.170156,0.035204,4.987189,0.200000,0.050000,0.030000,0.300000,0.300000,6.000000,-0.200000,-124.959618,-166.060959,4.981829
2.868000,0.011000,1.000000,0.509950,-4.220000,-2.940969,3.450918,1.211433,0.172546,0.036343,4.897414,0.200000,0.050000,0.030000,0.300000,0.300000,6.000000,-0.200000,-120.539871,-162.950836,4.888525
2.879000,0.011000,1.000000,0.510846,-4.180000,-2.984793,3.495640,1.249885,0.174782,0.037497,4.797676,0.200000,0.050000,0.030000,0.300000,0.300000,6.000000,-0.200000,-112.637611,-159.513245,4.785398
2.889000,0.010000,1.000000,0.511660,-4.180000,-3.023348,3.535009,1.285235,0.176750,0.038557,4.725719,0.200000,0.050000,0.030000,0.300000,0.300000,6.000000,-0.200000,-119.520752,-157.013718,4.710412
2.900000,0.011000,1.000000,0.512554,-4.160000,-3.063551,3.576105,1.324572,0.178805,0.039737,4.618926,0.200000,0.050000,0.030000,0.300000,0.300000,6.000000,-0.200000,-103.332726,-153.346100,4.600383
2.911000,0.011000,1.000000,0.513446,-4.270000,-3.106224,3.619669,1.364389,0.180983,0.040932,4.532786,0.200000,0.050000,0.030000,0.300000,0.300000,6.000000,-0.200000,-109.675606,-150.362366,4.510871
2.922000,0.011000,1.000000,0.514336,-4.310000,-3.148801,3.663137,1.404683,0.183157,0.042140,4.452281,0.200000,0.050000,0.030000,0.300000,0.300000,6.000000,-0.200000,-109.435028,-147.566101,4.426983
2.934000,0.012000,1.000000,0.515306,-4.290000,-3.192693,3.707999,1.449180,0.185400,0.043475,4.339265,0.200000,0.050000,0.030000,0.300000,0.300000,6.000000,-0.200000,-95.099281,-143.679642,4.310389
2.946000,0.012000,1.000000,0.516273,-4.300000,-3.235281,3.751555,1.494198,0.187578,0.044826,4.228566,0.200000,0.050000,0.030000,0.300000,0.300000,6.000000,-0.200000,-92.276772,-139.872070,4.196162
2.960000,0.014000,1.000000,0.517399,-4.230000,-3.279632,3.797031,1.547356,0.189852,0.046421,4.056188,0.200000,0.050000,0.030000,0.300000,0.300000,6.000000,-0.200000,-71.051636,-133.997177,4.019915
2.974000,0.014000,1.000000,0.518523,-4.150000,-3.318439,3.836961,1.601074,0.191848,0.048032,3.875842,0.200000,0.050000,0.030000,0.300000,0.300000,6.000000,-0.200000,-62.168373,-127.865379,3.835961
2.987000,0.013000,1.000000,0.519564,-4.150000,-3.352976,3.872540,1.651417,0.193627,0.049543,3.726243,0.200000,0.050000,0.030000,0.300000,0.300000,6.000000,-0.200000,-63.966217,-122.769119,3.683074
2.998000,0.011000,1.000000,0.520443,-4.120000,-3.380105,3.900548,1.694323,0.195027,0.050830,3.620217,0.200000,0.050000,0.030000,0.300000,0.300000,6.000000,-0.200000,-69.729935,-119.145348,3.574360
3.009000,0.011000,1.000000,0.521321,-4.130000,-3.406629,3.927950,1.737530,0.196397,0.052126,3.518406,0.200000,0.050000,0.030000,0.300000,0.300000,6.000000,-0.200000,-68.172745,-115.662766,3.469883
3.021000,0.012000,1.000000,0.522276,-4.210000,-3.437528,3.959804,1.785048,0.197990,0.053551,3.413167,0.200000,0.050000,0.030000,0.300000,0.300000,6.000000,-0.200000,-66.947113,-112.054176,3.361625
3.034000,0.013000,1.000000,0.523309,-4.230000,-3.470442,3.993751,1.836967,0.199688,0.055109,3.294170,0.200000,0.050000,0.030000,0.300000,0.300000,6.000000,-0.200000,-60.959324,-107.979126,3.239374
3.044000,0.010000,1.000000,0.524102,-4.230000,-3.494944,4.019046,1.877157,0.200952,0.056315,3.236597,0.200000,0.050000,0.030000,0.300000,0.300000,6.000000,-0.200000,-75.955841,-105.977676,3.179330
3.056000,0.012000,1.000000,0.525052,-4.270000,-3.524754,4.049806,1.925755,0.202490,0.057773,3.147614,0.200000,0.050000,0.030000,0.300000,0.300000,6.000000,-0.200000,-64.587540,-102.911720,3.087352
3.068000,0.012000,1.000000,0.526000,-4.300000,-3.554571,4.080571,1.974721,0.204029,0.059242,3.065496,0.200000,0.050000,0.030000,0.300000,0.300000,6.000000,-0.200000,-64.604675,-100.074196,3.002226
3.080000,0.012000,1.000000,0.526946,-4.320000,-3.584011,4.110957,2.024053,0.205548,0.060722,2.987853,0.200000,0.050000,0.030000,0.300000,0.300000,6.000000,-0.200000,-63.785324,-97.386116,2.921583
3.090000,0.010000,1.000000,0.527733,-4.360000,-3.609042,4.136775,2.065421,0.206839,0.061963,2.953284,0.200000,0.050000,0.030000,0.300000,0.300000,6.000000,-0.200000,-77.599030,-96.149429,2.884483
3.103000,0.013000,1.000000,0.528754,-4.370000,-3.640648,4.169402,2.119623,0.208470,0.063589,2.866544,0.200000,0.050000,0.030000,0.300000,0.300000,6.000000,-0.200000,-58.535141,-93.149513,2.794485
3.114000,0.011000,1.000000,0.529616,-4.370000,-3.666445,4.196061,2.165780,0.209803,0.064973,2.814240,0.200000,0.050000,0.030000,0.300000,0.300000,6.000000,-0.200000,-66.305222,-91.315437,2.739463
3.125000,0.011000,1.000000,0.530477,-4.350000,-3.690622,4.221100,2.212213,0.211055,0.066366,2.757084,0.200000,0.050000,0.030000,0.300000,0.300000,6.000000,-0.200000,-62.140491,-89.322090,2.679663
3.138000,0.013000,1.000000,0.531492,-4.350000,-3.718009,4.249501,2.267456,0.212475,0.068024,2.667804,0.200000,0.050000,0.030000,0.300000,0.300000,6.000000,-0.200000,-50.721306,-86.243492,2.587305
3.150000,0.012000,1.000000,0.532427,-4.340000,-3.741931,4.274358,2.318748,0.213718,0.069562,2.594119,0.200000,0.050000,0.030000,0.300000,0.300000,6.000000,-0.200000,-51.833305,-83.694618,2.510839
3.160000,0.010000,1.000000,0.533205,-4.350000,-3.761546,4.294752,2.361695,0.214738,0.070851,2.553513,0.200000,0.050000,0.030000,0.300000,0.300000,6.000000,-0.200000,-60.806953,-82.264137,2.467924
3.173000,0.013000,1.000000,0.534215,-4.360000,-3.786402,4.320617,2.417863,0.216031,0.072536,2.469807,0.200000,0.050000,0.030000,0.300000,0.300000,6.000000,-0.200000,-46.034882,-79.374680,2.381240
3.185000,0.012000,1.000000,0.535144,-4.360000,-3.808464,4.343608,2.469987,0.217180,0.074100,2.402353,0.200000,0.050000,0.030000,0.300000,0.300000,6.000000,-0.200000,-47.799492,-77.035759,2.311073
3.196000,0.011000,1.000000,0.535995,-4.360000,-3.827971,4.363966,2.517990,0.218198,0.075540,2.349683,0.200000,0.050000,0.030000,0.300000,0.300000,6.000000,-0.200000,-50.140041,-75.198174,2.255945
3.207000,0.011000,1.000000,0.536844,-4.360000,-3.846789,4.383634,2.566211,0.219182,0.076986,2.297114,0.200000,0.050000,0.030000,0.300000,0.300000,6.000000,-0.200000,-48.365578,-73.364868,2.200946
3.219000,0.012000,1.000000,0.537769,-4.350000,-3.866143,4.403912,2.619057,0.220196,0.078572,2.229869,0.200000,0.050000,0.030000,0.300000,0.300000,6.000000,-0.200000,-41.934753,-71.036736,2.131102
3.233000,0.014000,1.000000,0.538845,-4.350000,-3.887717,4.426561,2.681029,0.221328,0.080431,2.139449,0.200000,0.050000,0.030000,0.300000,0.300000,6.000000,-0.200000,-34.561325,-67.922997,2.037690
3.248000,0.015000,1.000000,0.539995,-4.330000,-3.908778,4.448772,2.747761,0.222439,0.082433,2.037731,0.200000,0.050000,0.030000,0.300000,0.300000,6.000000,-0.200000,-29.485353,-64.428642,1.932859
3.263000,0.015000,1.000000,0.541142,-4.330000,-3.928836,4.469978,2.814811,0.223499,0.084444,1.941673,0.200000,0.050000,0.030000,0.300000,0.300000,6.000000,-0.200000,-28.081284,-61.124317,1.833730
3.277000,0.014000,1.000000,0.542210,-4.320000,-3.946276,4.488486,2.877650,0.224424,0.086329,1.859501,0.200000,0.050000,0.030000,0.300000,0.300000,6.000000,-0.200000,-27.940430,-58.291557,1.748747
3.292000,0.015000,1.000000,0.543352,-4.320000,-3.964073,4.507424,2.945260,0.225371,0.088358,1.771450,0.200000,0.050000,0.030000,0.300000,0.300000,6.000000,-0.200000,-24.915138,-55.257362,1.657721
3.305000,0.013000,1.000000,0.544339,-4.330000,-3.979271,4.523610,3.004067,0.226181,0.090122,1.709161,0.200000,0.050000,0.030000,0.300000,0.300000,6.000000,-0.200000,-28.148222,-53.095284,1.592859
3.316000,0.011000,1.000000,0.545173,-4.330000,-3.991676,4.536849,3.053973,0.226842,0.091619,1.667843,0.200000,0.050000,0.030000,0.300000,0.300000,6.000000,-0.200000,-31.884001,-51.646046,1.549381
3.327000,0.011000,1.000000,0.546005,-4.330000,-4.003643,4.549648,3.104019,0.227482,0.093121,1.627168,0.200000,0.050000,0.030000,0.300000,0.300000,6.000000,-0.200000,-30.756920,-50.218849,1.506565
3.339000,0.012000,1.000000,0.546911,-4.340000,-4.016580,4.563491,3.158781,0.228175,0.094763,1.580194,0.200000,0.050000,0.030000,0.300000,0.300000,6.000000,-0.200000,-28.029604,-48.575188,1.457256
3.351000,0.012000,1.000000,0.547816,-4.340000,-4.029019,4.576835,3.213703,0.228842,0.096411,1.534458,0.200000,0.050000,0.030000,0.300000,0.300000,6.000000,-0.200000,-26.952057,-46.973495,1.409205
3.362000,0.011000,1.000000,0.548643,-4.340000,-4.040018,4.588661,3.264179,0.229433,0.097925,1.498228,0.200000,0.050000,0.030000,0.300000,0.300000,6.000000,-0.200000,-28.270622,-45.695644,1.370869
3.373000,0.011000,1.000000,0.549469,-4.330000,-4.050274,4.599743,3.314775,0.229987,0.099443,1.460672,0.200000,0.050000,0.030000,0.300000,0.300000,6.000000,-0.200000,-26.362183,-44.374737,1.331242
3.384000,0.011000,1.000000,0.550294,-4.330000,-4.060168,4.610462,3.365490,0.230523,0.100965,1.423899,0.200000,0.050000,0.030000,0.300000,0.300000,6.000000,-0.200000,-25.429785,-43.080372,1.292411
3.396000,0.012000,1.000000,0.551191,-4.330000,-4.070547,4.621738,3.420951,0.231087,0.102629,1.380361,0.200000,0.050000,0.030000,0.300000,0.300000,6.000000,-0.200000,-22.485815,-41.554840,1.246645
3.410000,0.014000,1.000000,0.552236,-4.330000,-4.082115,4.634351,3.485832,0.231718,0.104575,1.323978,0.200000,0.050000,0.030000,0.300000,0.300000,6.000000,-0.200000,-18.532459,-39.589520,1.187686
3.424000,0.014000,1.000000,0.553278,-4.330000,-4.093167,4.646445,3.550882,0.232322,0.106526,1.270492,0.200000,0.050000,0.030000,0.300000,0.300000,6.000000,-0.200000,-17.706165,-37.721436,1.131643
3.440000,0.016000,1.000000,0.554467,-4.320000,-4.104652,4.659119,3.625428,0.232956,0.108763,1.205282,0.200000,0.050000,0.030000,0.300000,0.300000,6.000000,-0.200000,-14.177055,-35.452095,1.063563
3.455000,0.015000,1.000000,0.555578,-4.320000,-4.114907,4.670485,3.695486,0.233524,0.110865,1.150418,0.200000,0.050000,0.030000,0.300000,0.300000,6.000000,-0.200000,-14.356449,-33.534298,1.006029
3.469000,0.014000,1.000000,0.556612,-4.320000,-4.124051,4.680663,3.761015,0.234033,0.112830,1.104529,0.200000,0.050000,0.030000,0.300000,0.300000,6.000000,-0.200000,-14.649591,-31.922195,0.957666
3.481000,0.012000,1.000000,0.557497,-4.320000,-4.131588,4.689085,3.817284,0.234454,0.114519,1.071987,0.200000,0.050000,0.030000,0.300000,0.300000,6.000000,-0.200000,-16.328976,-30.767136,0.923014
3.492000,0.011000,1.000000,0.558307,-4.320000,-4.138252,4.696559,3.868946,0.234828,0.116068,1.045956,0.200000,0.050000,0.030000,0.300000,0.300000,6.000000,-0.200000,-17.128551,-29.835314,0.895059
3.506000,0.014000,1.000000,0.559335,-4.320000,-4.146355,4.705690,3.934825,0.235285,0.118045,1.005228,0.200000,0.050000,0.030000,0.300000,0.300000,6.000000,-0.200000,-12.982084,-28.396629,0.851899
3.522000,0.016000,1.000000,0.560507,-4.320000,-4.155148,4.715655,4.010276,0.235783,0.120308,0.957261,0.200000,0.050000,0.030000,0.300000,0.300000,6.000000,-0.200000,-10.852792,-26.705654,0.801170
3.538000,0.016000,1.000000,0.561676,-4.310000,-4.162988,4.724664,4.085871,0.236233,0.122576,0.910743,0.200000,0.050000,0.030000,0.300000,0.300000,6.000000,-0.200000,-9.678255,-25.064457,0.751934
3.553000,0.015000,1.000000,0.562769,-4.310000,-4.169989,4.732758,4.156863,0.236638,0.124706,0.871649,0.200000,0.050000,0.030000,0.300000,0.300000,6.000000,-0.200000,-9.800715,-23.676836,0.710305
3.568000,0.015000,1.000000,0.563860,-4.320000,-4.177132,4.740991,4.227977,0.237050,0.126839,0.836896,0.200000,0.050000,0.030000,0.300000,0.300000,6.000000,-0.200000,-10.000858,-22.433575,0.673007
3.583000,0.015000,1.000000,0.564947,-4.320000,-4.183935,4.748882,4.299211,0.237444,0.128976,0.804221,0.200000,0.050000,0.030000,0.300000,0.300000,6.000000,-0.200000,-9.524501,-21.260015,0.637800
3.599000,0.016000,1.000000,0.566104,-4.320000,-4.190825,4.756929,4.375321,0.237846,0.131260,0.770022,0.200000,0.050000,0.030000,0.300000,0.300000,6.000000,-0.200000,-8.504045,-20.030521,0.600916
3.613000,0.014000,1.000000,0.567114,-4.320000,-4.196584,4.763698,4.442013,0.238185,0.133260,0.744693,0.200000,0.050000,0.030000,0.300000,0.300000,6.000000,-0.200000,-9.226873,-19.108263,0.573248
3.625000,0.012000,1.000000,0.567978,-4.320000,-4.201331,4.769309,4.499245,0.238465,0.134977,0.727083,0.200000,0.050000,0.030000,0.300000,0.300000,6.000000,-0.200000,-10.284630,-18.454657,0.553640
3.637000,0.012000,1.000000,0.568841,-4.320000,-4.205895,4.774735,4.556541,0.238737,0.136696,0.710039,0.200000,0.050000,0.030000,0.300000,0.300000,6.000000,-0.200000,-9.889254,-17.820190,0.534606
3.649000,0.012000,1.000000,0.569701,-4.320000,-4.210284,4.779985,4.613901,0.238999,0.138417,0.693552,0.200000,0.050000,0.030000,0.300000,0.300000,6.000000,-0.200000,-9.508702,-17.204521,0.516136
3.660000,0.011000,1.000000,0.570489,-4.320000,-4.214164,4.784653,4.666532,0.239233,0.139996,0.680545,0.200000,0.050000,0.030000,0.300000,0.300000,6.000000,-0.200000,-9.974294,-16.710535,0.501316
3.673000,0.013000,1.000000,0.571417,-4.320000,-4.218560,4.789978,4.728802,0.239499,0.141864,0.662176,0.200000,0.050000,0.030000,0.300000,0.300000,6.000000,-0.200000,-8.141217,-16.027092,0.480813
3.685000,0.012000,1.000000,0.572273,-4.330000,-4.222847,4.795119,4.786344,0.239756,0.143590,0.649180,0.200000,0.050000,0.030000,0.300000,0.300000,6.000000,-0.200000,-9.286577,-15.527791,0.465834
3.696000,0.011000,1.000000,0.573056,-4.330000,-4.226636,4.799692,4.839140,0.239985,0.145174,0.639132,0.200000,0.050000,0.030000,0.300000,0.300000,6.000000,-0.200000,-9.741292,-15.132442,0.453973
3.708000,0.012000,1.000000,0.573908,-4.320000,-4.230227,4.804135,4.896790,0.240207,0.146904,0.624745,0.200000,0.050000,0.030000,0.300000,0.300000,6.000000,-0.200000,-7.780259,-14.587833,0.437635
3.720000,0.012000,1.000000,0.574758,-4.310000,-4.233295,4.808054,4.954486,0.240403,0.148635,0.609028,0.200000,0.050000,0.030000,0.300000,0.300000,6.000000,-0.200000,-6.647791,-13.999689,0.419991
3.733000,0.013000,1.000000,0.575678,-4.310000,-4.236482,4.812160,5.017044,0.240608,0.150511,0.591731,0.200000,0.050000,0.030000,0.300000,0.300000,6.000000,-0.200000,-5.900341,-13.353728,0.400612
3.747000,0.014000,1.000000,0.576665,-4.310000,-4.239759,4.816425,5.084475,0.240821,0.152534,0.573217,0.200000,0.050000,0.030000,0.300000,0.300000,6.000000,-0.200000,-5.251239,-12.662044,0.379861
3.759000,0.012000,1.000000,0.577510,-4.320000,-4.242846,4.820356,5.142319,0.241018,0.154270,0.561871,0.200000,0.050000,0.030000,0.300000,0.300000,6.000000,-0.200000,-6.686813,-12.219440,0.366583
3.771000,0.012000,1.000000,0.578354,-4.320000,-4.245813,4.824167,5.200209,0.241208,0.156006,0.550931,0.200000,0.050000,0.030000,0.300000,0.300000,6.000000,-0.200000,-6.429468,-11.790550,0.353716
3.782000,0.011000,1.000000,0.579125,-4.320000,-4.248437,4.827563,5.253312,0.241378,0.157599,0.542351,0.200000,0.050000,0.030000,0.300000,0.300000,6.000000,-0.200000,-6.744305,-11.445778,0.343373
3.793000,0.011000,1.000000,0.579895,-4.310000,-4.250615,4.830510,5.306448,0.241526,0.159193,0.532103,0.200000,0.050000,0.030000,0.300000,0.300000,6.000000,-0.200000,-5.596515,-11.046134,0.331384
3.805000,0.012000,1.000000,0.580734,-4.310000,-4.252899,4.833632,5.364451,0.241682,0.160934,0.520450,0.200000,0.050000,0.030000,0.300000,0.300000,6.000000,-0.200000,-4.948839,-10.594488,0.317835
3.816000,0.011000,1.000000,0.581501,-4.310000,-4.254919,4.836420,5.417653,0.241821,0.162530,0.511110,0.200000,0.050000,0.030000,0.300000,0.300000,6.000000,-0.200000,-5.190949,-10.225297,0.306759
3.828000,0.012000,1.000000,0.582337,-4.310000,-4.257037,4.839374,5.475724,0.241969,0.164272,0.500477,0.200000,0.050000,0.030000,0.300000,0.300000,6.000000,-0.200000,-4.590173,-9.807885,0.294237
3.840000,0.012000,1.000000,0.583170,-4.310000,-4.259074,4.842245,5.533832,0.242112,0.166015,0.490376,0.200000,0.050000,0.030000,0.300000,0.300000,6.000000,-0.200000,-4.413534,-9.408301,0.282249
3.852000,0.012000,1.000000,0.584002,-4.310000,-4.261033,4.845036,5.591972,0.242252,0.167759,0.480783,0.200000,0.050000,0.030000,0.300000,0.300000,6.000000,-0.200000,-4.243781,-9.025742,0.270772
3.863000,0.011000,1.000000,0.584764,-4.310000,-4.262765,4.847528,5.645295,0.242376,0.169359,0.473132,0.200000,0.050000,0.030000,0.300000,0.300000,6.000000,-0.200000,-4.451568,-8.713223,0.261397
3.875000,0.012000,1.000000,0.585592,-4.310000,-4.264582,4.850174,5.703497,0.242509,0.171105,0.464395,0.200000,0.050000,0.030000,0.300000,0.300000,6.000000,-0.200000,-3.936224,-8.359369,0.250781
3.886000,0.011000,1.000000,0.586351,-4.310000,-4.266188,4.852539,5.756875,0.242627,0.172706,0.457443,0.200000,0.050000,0.030000,0.300000,0.300000,6.000000,-0.200000,-4.128964,-8.070337,0.242110
3.898000,0.012000,1.000000,0.587176,-4.320000,-4.268258,4.855434,5.815140,0.242772,0.174454,0.451367,0.200000,0.050000,0.030000,0.300000,0.300000,6.000000,-0.200000,-4.484304,-7.804704,0.234141
3.910000,0.012000,1.000000,0.588000,-4.320000,-4.270248,4.858248,5.873438,0.242912,0.176203,0.445495,0.200000,0.050000,0.030000,0.300000,0.300000,6.000000,-0.200000,-4.311935,-7.545983,0.226379
3.922000,0.012000,1.000000,0.588823,-4.320000,-4.272161,4.860984,5.931771,0.243049,0.177953,0.439826,0.200000,0.050000,0.030000,0.300000,0.300000,6.000000,-0.200000,-4.145991,-7.294130,0.218824
3.934000,0.012000,1.000000,0.589643,-4.320000,-4.274001,4.863645,5.990135,0.243182,0.179704,0.434360,0.200000,0.050000,0.030000,0.300000,0.300000,6.000000,-0.200000,-3.986529,-7.049121,0.211474
3.946000,0.012000,1.000000,0.590463,-4.320000,-4.275771,4.866233,6.048529,0.243312,0.181456,0.429095,0.200000,0.050000,0.030000,0.300000,0.300000,6.000000,-0.200000,-3.833303,-6.810915,0.204327
