0.019,1.000,0.200,0.008,-1.541,0.000,1.549,0.029,81.527,0.029,0.000,0.000,-0.250,-0.221,-0.221,0.500,1.000,0.010,0.000,0.019,0.200,-0.200,0.200,0.500
0.116,1.000,0.200,0.039,-1.291,-1.541,1.330,0.158,-2.260,0.129,-0.000,0.000,-0.250,-0.121,-0.121,0.500,1.000,0.010,0.000,0.097,0.200,-0.200,0.200,0.500
0.214,1.000,0.200,0.039,-1.079,-1.291,1.119,0.268,-2.155,0.110,-0.000,0.000,-0.250,-0.140,-0.140,0.500,1.000,0.010,0.000,0.098,0.200,-0.200,0.200,0.500
0.319,1.000,0.200,0.042,-0.892,-1.079,0.934,0.366,-1.757,0.098,-0.000,0.000,-0.250,-0.152,-0.152,0.500,1.000,0.010,0.000,0.105,0.200,-0.200,0.200,0.500
0.428,1.000,0.200,0.044,-0.732,-0.892,0.776,0.451,-1.450,0.085,-0.000,0.000,-0.250,-0.165,-0.165,0.500,1.000,0.010,0.000,0.109,0.200,-0.200,0.200,0.500
0.513,1.000,0.200,0.034,-0.626,-0.732,0.660,0.507,-1.365,0.056,-0.000,0.000,-0.250,-0.193,-0.193,0.500,1.000,0.010,0.000,0.085,0.200,-0.200,0.200,0.500
0.613,1.000,0.200,0.040,-0.522,-0.626,0.562,0.563,-0.983,0.056,-0.000,0.001,-0.250,-0.193,-0.193,0.500,1.000,0.010,0.000,0.100,0.200,-0.200,0.200,0.500
0.724,1.000,0.200,0.044,-0.427,-0.522,0.471,0.615,-0.814,0.052,-0.000,0.001,-0.250,-0.197,-0.197,0.500,1.000,0.010,0.000,0.111,0.200,-0.200,0.200,0.500
0.813,1.000,0.200,0.036,-0.362,-0.427,0.398,0.651,-0.824,0.035,-0.000,0.001,-0.250,-0.214,-0.214,0.500,1.000,0.010,0.000,0.089,0.200,-0.200,0.200,0.500
0.915,1.000,0.200,0.041,-0.301,-0.362,0.342,0.686,-0.551,0.035,-0.000,0.001,-0.250,-0.214,-0.214,0.500,1.000,0.010,0.000,0.102,0.200,-0.200,0.200,0.500
1.015,1.000,0.200,0.040,-0.251,-0.301,0.291,0.715,-0.510,0.029,-0.000,0.001,-0.250,-0.220,-0.220,0.500,1.000,0.010,0.000,0.100,0.200,-0.200,0.200,0.500
1.114,1.000,0.200,0.040,-0.209,-0.251,0.249,0.739,-0.423,0.025,-0.000,0.001,-0.250,-0.225,-0.225,0.500,1.000,0.010,0.000,0.099,0.200,-0.200,0.200,0.500
1.216,1.000,0.200,0.041,-0.174,-0.209,0.215,0.761,-0.336,0.022,-0.000,0.001,-0.250,-0.227,-0.227,0.500,1.000,0.010,0.000,0.102,0.200,-0.200,0.200,0.500
1.320,1.000,0.200,0.042,-0.144,-0.174,0.186,0.780,-0.280,0.019,-0.000,0.001,-0.250,-0.230,-0.230,0.500,1.000,0.010,0.000,0.104,0.200,-0.200,0.200,0.500
1.414,1.000,0.200,0.038,-0.121,-0.144,0.159,0.795,-0.285,0.015,-0.000,0.001,-0.250,-0.234,-0.234,0.500,1.000,0.010,0.000,0.094,0.200,-0.200,0.200,0.500
1.521,1.000,0.200,0.043,-0.100,-0.121,0.143,0.811,-0.151,0.015,-0.000,0.001,-0.250,-0.234,-0.234,0.500,1.000,0.010,0.000,0.107,0.200,-0.200,0.200,0.500
1.614,1.000,0.200,0.037,-0.084,-0.100,0.121,0.822,-0.229,0.011,-0.000,0.001,-0.250,-0.238,-0.238,0.500,1.000,0.010,0.000,0.093,0.200,-0.200,0.200,0.500
1.723,1.000,0.200,0.044,-0.069,-0.084,0.113,0.834,-0.079,0.012,-0.000,0.001,-0.250,-0.237,-0.237,0.500,1.000,0.010,0.000,0.109,0.200,-0.200,0.200,0.500
1.824,1.000,0.200,0.040,-0.057,-0.069,0.098,0.844,-0.147,0.010,-0.000,0.001,-0.250,-0.239,-0.239,0.500,1.000,0.010,0.000,0.101,0.200,-0.200,0.200,0.500
1.919,1.000,0.200,0.038,-0.048,-0.057,0.086,0.852,-0.122,0.008,-0.000,0.001,-0.250,-0.241,-0.241,0.500,1.000,0.010,0.000,0.095,0.200,-0.200,0.200,0.500
2.013,1.000,0.200,0.038,-0.041,-0.048,0.078,0.860,-0.086,0.007,-0.000,0.001,-0.250,-0.242,-0.242,0.500,1.000,0.010,0.000,0.094,0.200,-0.200,0.200,0.500
2.114,1.000,0.200,0.040,-0.034,-0.041,0.074,0.867,-0.040,0.007,-0.000,0.001,-0.250,-0.242,-0.242,0.500,1.000,0.010,0.000,0.101,0.200,-0.200,0.200,0.500
2.216,1.000,0.200,0.041,-0.028,-0.034,0.069,0.874,-0.052,0.007,-0.000,0.001,-0.250,-0.242,-0.242,0.500,1.000,0.010,0.000,0.102,0.200,-0.200,0.200,0.500
2.316,1.000,0.200,0.040,-0.023,-0.028,0.063,0.881,-0.055,0.006,-0.000,0.001,-0.250,-0.243,-0.243,0.500,1.000,0.010,0.000,0.100,0.200,-0.200,0.200,0.500
2.416,1.000,0.200,0.040,-0.020,-0.023,0.060,0.887,-0.039,0.006,-0.000,0.001,-0.250,-0.243,-0.243,0.500,1.000,0.010,0.000,0.100,0.200,-0.200,0.200,0.500
2.514,1.000,0.200,0.039,-0.016,-0.020,0.056,0.892,-0.041,0.005,-0.000,0.001,-0.250,-0.244,-0.244,0.500,1.000,0.010,0.000,0.098,0.200,-0.200,0.200,0.500
2.615,1.000,0.200,0.040,-0.014,-0.016,0.054,0.897,-0.015,0.005,-0.000,0.001,-0.250,-0.244,-0.244,0.500,1.000,0.010,0.000,0.101,0.200,-0.200,0.200,0.500
2.716,1.000,0.200,0.040,-0.011,-0.014,0.052,0.903,-0.023,0.005,-0.000,0.001,-0.250,-0.244,-0.244,0.500,1.000,0.010,0.000,0.101,0.200,-0.200,0.200,0.500
2.817,1.000,0.200,0.040,-0.009,-0.011,0.050,0.908,-0.019,0.005,-0.000,0.001,-0.250,-0.244,-0.244,0.500,1.000,0.010,0.000,0.101,0.200,-0.200,0.200,0.500
2.921,1.000,0.200,0.042,-0.008,-0.009,0.049,0.913,-0.004,0.005,-0.000,0.001,-0.250,-0.244,-0.244,0.500,1.000,0.010,0.000,0.104,0.200,-0.200,0.200,0.500
3.026,1.000,0.200,0.042,-0.006,-0.008,0.048,0.918,-0.009,0.005,-0.000,0.001,-0.250,-0.244,-0.244,0.500,1.000,0.010,0.000,0.105,0.200,-0.200,0.200,0.500
3.112,1.000,0.200,0.034,-0.005,-0.006,0.040,0.921,-0.099,0.003,-0.000,0.001,-0.250,-0.246,-0.246,0.500,1.000,0.010,0.000,0.086,0.200,-0.200,0.200,0.500
3.213,1.000,0.200,0.040,-0.005,-0.005,0.045,0.926,0.050,0.005,0.000,0.001,-0.250,-0.245,-0.245,0.500,1.000,0.010,0.000,0.101,0.200,-0.200,0.200,0.500
3.320,1.000,0.200,0.043,-0.004,-0.005,0.047,0.931,0.015,0.005,0.000,0.001,-0.250,-0.244,-0.244,0.500,1.000,0.010,0.000,0.107,0.200,-0.200,0.200,0.500
3.426,1.000,0.200,0.042,-0.003,-0.004,0.046,0.936,-0.010,0.005,-0.000,0.001,-0.250,-0.244,-0.244,0.500,1.000,0.010,0.000,0.106,0.200,-0.200,0.200,0.500
3.526,1.000,0.200,0.040,-0.003,-0.003,0.043,0.940,-0.029,0.004,-0.000,0.001,-0.250,-0.245,-0.245,0.500,1.000,0.010,0.000,0.100,0.200,-0.200,0.200,0.500
3.627,1.000,0.200,0.040,-0.002,-0.003,0.043,0.944,-0.000,0.004,-0.000,0.001,-0.250,-0.245,-0.245,0.500,1.000,0.010,0.000,0.101,0.200,-0.200,0.200,0.500
3.714,1.000,0.200,0.035,-0.002,-0.002,0.037,0.947,-0.068,0.003,-0.000,0.001,-0.250,-0.246,-0.246,0.500,1.000,0.010,0.000,0.087,0.200,-0.200,0.200,0.500
3.814,1.000,0.200,0.040,-0.002,-0.002,0.042,0.952,0.049,0.004,0.000,0.001,-0.250,-0.245,-0.245,0.500,1.000,0.010,0.000,0.100,0.200,-0.200,0.200,0.500
3.918,1.000,0.200,0.042,-0.001,-0.002,0.043,0.956,0.013,0.004,0.000,0.001,-0.250,-0.245,-0.245,0.500,1.000,0.010,0.000,0.104,0.200,-0.200,0.200,0.500
4.013,1.000,0.200,0.038,-0.001,-0.001,0.039,0.960,-0.040,0.004,-0.000,0.001,-0.250,-0.245,-0.245,0.500,1.000,0.010,0.000,0.095,0.200,-0.200,0.200,0.500
4.114,1.000,0.200,0.040,-0.001,-0.001,0.041,0.964,0.022,0.004,0.000,0.001,-0.250,-0.245,-0.245,0.500,1.000,0.010,0.000,0.101,0.200,-0.200,0.200,0.500
4.216,1.000,0.200,0.041,-0.001,-0.001,0.042,0.968,0.002,0.004,0.000,0.001,-0.250,-0.245,-0.245,0.500,1.000,0.010,0.000,0.102,0.200,-0.200,0.200,0.500
4.319,1.000,0.200,0.041,-0.001,-0.001,0.042,0.972,0.003,0.004,0.000,0.001,-0.250,-0.245,-0.245,0.500,1.000,0.010,0.000,0.103,0.200,-0.200,0.200,0.500
4.414,1.000,0.200,0.038,-0.001,-0.001,0.039,0.976,-0.035,0.004,-0.000,0.001,-0.250,-0.245,-0.245,0.500,1.000,0.010,0.000,0.095,0.200,-0.200,0.200,0.500
4.514,1.000,0.200,0.040,-0.000,-0.001,0.040,0.980,0.019,0.004,0.000,0.001,-0.250,-0.245,-0.245,0.500,1.000,0.010,0.000,0.100,0.200,-0.200,0.200,0.500
4.624,1.000,0.200,0.044,-0.000,-0.000,0.044,0.985,0.036,0.005,0.000,0.001,-0.250,-0.244,-0.244,0.500,1.000,0.010,0.000,0.110,0.200,-0.200,0.200,0.500
4.713,1.000,0.200,0.036,-0.000,-0.000,0.036,0.988,-0.095,0.003,-0.000,0.001,-0.250,-0.246,-0.246,0.500,1.000,0.010,0.000,0.089,0.200,-0.200,0.200,0.500
4.817,1.000,0.200,0.042,-0.000,-0.000,0.042,0.993,0.057,0.004,0.000,0.001,-0.250,-0.245,-0.245,0.500,1.000,0.010,0.000,0.104,0.200,-0.200,0.200,0.500
4.913,1.000,0.200,0.038,-0.000,-0.000,0.039,0.996,-0.034,0.004,-0.000,0.001,-0.250,-0.245,-0.245,0.500,1.000,0.010,0.000,0.096,0.200,-0.200,0.200,0.500
5.014,1.000,0.200,0.040,-0.000,-0.000,0.041,1.000,0.019,0.004,0.000,0.001,-0.250,-0.245,-0.245,0.500,1.000,0.010,0.000,0.101,0.200,-0.200,0.200,0.500
5.115,1.000,0.200,0.040,-0.000,-0.000,0.041,1.004,-0.000,0.004,-0.000,0.001,-0.250,-0.245,-0.245,0.500,1.000,0.010,0.000,0.101,0.200,-0.200,0.200,0.500
5.221,1.000,0.200,0.042,-0.000,-0.000,0.043,1.009,0.019,0.005,0.000,0.001,-0.250,-0.244,-0.244,0.500,1.000,0.010,0.000,0.106,0.200,-0.200,0.200,0.500
5.323,1.000,0.200,0.041,-0.000,-0.000,0.041,1.013,-0.016,0.004,-0.000,0.001,-0.250,-0.245,-0.245,0.500,1.000,0.010,0.000,0.102,0.200,-0.200,0.200,0.500
5.416,1.000,0.200,0.037,-0.000,-0.000,0.037,1.017,-0.039,0.003,-0.000,0.001,-0.250,-0.246,-0.246,0.500,1.000,0.010,0.000,0.093,0.200,-0.200,0.200,0.500
5.513,1.000,0.200,0.039,-0.000,-0.000,0.039,1.020,0.016,0.004,0.000,0.001,-0.250,-0.245,-0.245,0.500,1.000,0.010,0.000,0.097,0.200,-0.200,0.200,0.500
5.615,1.000,0.200,0.041,-0.000,-0.000,0.041,1.025,0.019,0.004,0.000,0.001,-0.250,-0.245,-0.245,0.500,1.000,0.010,0.000,0.102,0.200,-0.200,0.200,0.500
5.718,1.000,0.200,0.041,-0.000,-0.000,0.041,1.029,0.004,0.004,0.000,0.001,-0.250,-0.245,-0.245,0.500,1.000,0.010,0.000,0.103,0.200,-0.200,0.200,0.500
5.814,1.000,0.200,0.038,-0.000,-0.000,0.038,1.032,-0.029,0.004,-0.000,0.001,-0.250,-0.245,-0.245,0.500,1.000,0.010,0.000,0.096,0.200,-0.200,0.200,0.500
5.915,1.000,0.200,0.040,-0.000,-0.000,0.040,1.037,0.020,0.004,0.000,0.001,-0.250,-0.245,-0.245,0.500,1.000,0.010,0.000,0.101,0.200,-0.200,0.200,0.500
6.012,1.000,0.200,0.039,-0.000,-0.000,0.039,1.040,-0.017,0.004,-0.000,0.001,-0.250,-0.245,-0.245,0.500,1.000,0.010,0.000,0.097,0.200,-0.200,0.200,0.500
6.112,1.000,0.200,0.040,-0.000,-0.000,0.040,1.044,0.012,0.004,0.000,0.001,-0.250,-0.245,-0.245,0.500,1.000,0.010,0.000,0.100,0.200,-0.200,0.200,0.500
6.215,1.000,0.200,0.041,-0.000,-0.000,0.041,1.049,0.012,0.004,0.000,0.001,-0.250,-0.245,-0.245,0.500,1.000,0.010,0.000,0.103,0.200,-0.200,0.200,0.500
6.317,1.000,0.200,0.041,-0.000,-0.000,0.041,1.053,-0.004,0.004,-0.000,0.001,-0.250,-0.245,-0.245,0.500,1.000,0.010,0.000,0.102,0.200,-0.200,0.200,0.500
6.415,1.000,0.200,0.039,-0.000,-0.000,0.039,1.057,-0.016,0.004,-0.000,0.001,-0.250,-0.245,-0.245,0.500,1.000,0.010,0.000,0.098,0.200,-0.200,0.200,0.500
6.516,1.000,0.200,0.040,-0.000,-0.000,0.040,1.061,0.012,0.004,0.000,0.001,-0.250,-0.245,-0.245,0.500,1.000,0.010,0.000,0.101,0.200,-0.200,0.200,0.500
6.615,1.000,0.200,0.040,-0.000,-0.000,0.040,1.065,-0.008,0.004,-0.000,0.001,-0.250,-0.245,-0.245,0.500,1.000,0.010,0.000,0.099,0.200,-0.200,0.200,0.500
6.714,1.000,0.200,0.040,-0.000,-0.000,0.040,1.068,-0.000,0.004,-0.000,0.001,-0.250,-0.245,-0.245,0.500,1.000,0.010,0.000,0.099,0.200,-0.200,0.200,0.500
6.824,1.000,0.200,0.044,-0.000,-0.000,0.044,1.073,0.040,0.005,0.000,0.001,-0.250,-0.244,-0.244,0.500,1.000,0.010,0.000,0.110,0.200,-0.200,0.200,0.500
6.912,1.000,0.200,0.035,-0.000,-0.000,0.035,1.076,-0.100,0.003,-0.000,0.001,-0.250,-0.246,-0.246,0.500,1.000,0.010,0.000,0.088,0.200,-0.200,0.200,0.500
7.025,1.000,0.200,0.045,-0.000,-0.000,0.045,1.082,0.088,0.005,0.000,0.001,-0.250,-0.244,-0.244,0.500,1.000,0.010,0.000,0.113,0.200,-0.200,0.200,0.500
7.114,1.000,0.200,0.036,-0.000,-0.000,0.036,1.085,-0.108,0.003,-0.000,0.001,-0.250,-0.246,-0.246,0.500,1.000,0.010,0.000,0.089,0.200,-0.200,0.200,0.500
7.224,1.000,0.200,0.044,-0.000,-0.000,0.044,1.090,0.076,0.005,0.000,0.001,-0.250,-0.244,-0.244,0.500,1.000,0.010,0.000,0.110,0.200,-0.200,0.200,0.500
7.314,1.000,0.220,0.035,0.034,-0.000,0.001,1.090,-0.476,0.000,-0.000,0.001,-0.250,-0.249,-0.249,0.500,1.000,0.010,0.000,0.090,0.200,-0.200,0.200,0.500
7.414,1.000,0.290,0.036,0.145,0.034,-0.109,1.079,-1.106,-0.011,-0.000,0.001,-0.250,-0.260,-0.260,0.500,1.000,0.010,0.000,0.100,0.200,-0.200,0.200,0.500
7.515,1.000,0.360,0.032,0.237,0.145,-0.205,1.058,-0.944,-0.021,-0.000,0.001,-0.250,-0.270,-0.270,0.500,1.000,0.010,0.000,0.101,0.200,-0.200,0.200,0.500
7.615,1.000,0.400,0.030,0.264,0.237,-0.234,1.035,-0.295,-0.023,-0.000,0.001,-0.250,-0.272,-0.272,0.500,1.000,0.010,0.000,0.100,0.200,-0.200,0.200,0.500
7.719,1.000,0.450,0.029,0.301,0.264,-0.273,1.006,-0.372,-0.028,-0.000,0.001,-0.250,-0.277,-0.277,0.500,1.000,0.010,0.000,0.104,0.200,-0.200,0.200,0.500
7.815,1.000,0.490,0.024,0.320,0.301,-0.296,0.978,-0.236,-0.028,-0.000,0.001,-0.250,-0.277,-0.277,0.500,1.000,0.010,0.000,0.096,0.200,-0.200,0.200,0.500
7.925,1.000,0.560,0.024,0.377,0.320,-0.353,0.939,-0.521,-0.039,-0.000,0.001,-0.250,-0.288,-0.288,0.500,1.000,0.010,0.000,0.110,0.200,-0.200,0.200,0.500
8.018,1.000,0.610,0.018,0.402,0.377,-0.384,0.903,-0.336,-0.036,-0.000,0.001,-0.250,-0.285,-0.285,0.500,1.000,0.010,0.000,0.093,0.200,-0.200,0.200,0.500
8.113,1.000,0.670,0.016,0.439,0.402,-0.423,0.863,-0.411,-0.040,-0.000,0.001,-0.250,-0.289,-0.289,0.500,1.000,0.010,0.000,0.095,0.200,-0.200,0.200,0.500
8.217,1.000,0.720,0.015,0.446,0.439,-0.432,0.818,-0.080,-0.045,-0.000,0.001,-0.250,-0.294,-0.294,0.500,1.000,0.010,0.000,0.104,0.200,-0.200,0.200,0.500
8.317,1.000,0.780,0.011,0.472,0.446,-0.461,0.772,-0.292,-0.046,-0.000,0.001,-0.250,-0.295,-0.295,0.500,1.000,0.010,0.000,0.100,0.200,-0.200,0.200,0.500
8.418,1.000,0.850,0.008,0.509,0.472,-0.501,0.722,-0.402,-0.051,-0.000,0.001,-0.250,-0.300,-0.300,0.500,1.000,0.010,0.000,0.101,0.200,-0.200,0.200,0.500
8.516,1.000,0.930,0.003,0.559,0.509,-0.556,0.667,-0.556,-0.054,-0.000,0.001,-0.250,-0.304,-0.304,0.500,1.000,0.010,0.000,0.098,0.200,-0.200,0.200,0.500
8.615,1.000,1.060,-0.003,0.684,0.559,-0.687,0.599,-1.323,-0.068,-0.000,0.001,-0.250,-0.317,-0.317,0.500,1.000,0.010,0.000,0.099,0.200,-0.200,0.200,0.500
8.722,1.000,1.110,-0.006,0.646,0.684,-0.652,0.529,0.330,-0.070,0.000,0.001,-0.250,-0.319,-0.319,0.500,1.000,0.010,0.000,0.107,0.200,-0.200,0.200,0.500
8.813,1.000,1.220,-0.010,0.732,0.646,-0.742,0.462,-0.998,-0.068,-0.000,0.000,-0.250,-0.317,-0.317,0.500,1.000,0.010,0.000,0.091,0.200,-0.200,0.200,0.500
8.916,1.000,1.280,-0.014,0.707,0.732,-0.721,0.387,0.206,-0.074,0.000,0.000,-0.250,-0.324,-0.324,0.500,1.000,0.010,0.000,0.103,0.200,-0.200,0.200,0.500
9.019,1.000,1.330,-0.017,0.669,0.707,-0.686,0.317,0.342,-0.071,0.000,0.000,-0.250,-0.320,-0.320,0.500,1.000,0.010,0.000,0.103,0.200,-0.200,0.200,0.500
9.118,1.000,1.370,-0.018,0.625,0.669,-0.644,0.253,0.429,-0.064,0.000,0.000,-0.250,-0.313,-0.313,0.500,1.000,0.010,0.000,0.099,0.200,-0.200,0.200,0.500
9.218,1.000,1.400,-0.020,0.571,0.625,-0.591,0.194,0.525,-0.059,0.000,0.000,-0.250,-0.309,-0.309,0.500,1.000,0.010,0.000,0.100,0.200,-0.200,0.200,0.500
9.317,1.000,1.420,-0.021,0.510,0.571,-0.531,0.141,0.608,-0.053,0.000,0.000,-0.250,-0.302,-0.302,0.500,1.000,0.010,0.000,0.099,0.200,-0.200,0.200,0.500
9.416,1.000,1.580,-0.029,0.693,0.510,-0.722,0.070,-1.927,-0.071,-0.000,0.000,-0.250,-0.321,-0.321,0.500,1.000,0.010,0.000,0.099,0.200,-0.200,0.200,0.500
9.514,1.000,1.650,-0.032,0.696,0.693,-0.728,-0.001,-0.068,-0.071,-0.000,-0.000,-0.250,-0.321,-0.321,0.500,1.000,0.010,0.000,0.098,0.200,-0.200,0.200,0.500
9.614,1.000,1.650,-0.032,0.580,0.696,-0.613,-0.063,1.154,-0.061,0.000,-0.000,-0.250,-0.311,-0.311,0.500,1.000,0.010,0.000,0.100,0.200,-0.200,0.200,0.500
9.716,1.000,1.650,-0.033,0.482,0.580,-0.515,-0.115,0.958,-0.053,0.000,-0.000,-0.250,-0.303,-0.303,0.500,1.000,0.010,0.000,0.102,0.200,-0.200,0.200,0.500
9.816,1.000,1.540,-0.027,0.218,0.482,-0.245,-0.140,2.698,-0.025,0.000,-0.000,-0.250,-0.275,-0.275,0.500,1.000,0.010,0.000,0.100,0.200,-0.200,0.200,0.500
9.914,1.000,1.740,-0.036,0.517,0.218,-0.553,-0.194,-3.142,-0.054,-0.000,-0.000,-0.250,-0.304,-0.304,0.500,1.000,0.010,0.000,0.098,0.200,-0.200,0.200,0.500
10.015,1.000,1.720,-0.036,0.397,0.517,-0.433,-0.238,1.189,-0.044,0.000,-0.000,-0.250,-0.294,-0.294,0.500,1.000,0.010,0.000,0.101,0.200,-0.200,0.200,0.500
10.120,1.000,1.760,-0.040,0.394,0.397,-0.434,-0.283,-0.007,-0.046,-0.000,-0.000,-0.250,-0.296,-0.296,0.500,1.000,0.010,0.000,0.105,0.200,-0.200,0.200,0.500
10.224,1.000,1.790,-0.041,0.376,0.394,-0.417,-0.327,0.164,-0.043,0.000,-0.000,-0.250,-0.294,-0.294,0.500,1.000,0.010,0.000,0.104,0.200,-0.200,0.200,0.500
10.314,1.000,1.830,-0.037,0.386,0.376,-0.424,-0.365,-0.075,-0.038,-0.000,-0.000,-0.250,-0.288,-0.288,0.500,1.000,0.010,0.000,0.090,0.200,-0.200,0.200,0.500
10.414,1.000,1.860,-0.043,0.372,0.386,-0.415,-0.406,0.087,-0.041,0.000,-0.000,-0.250,-0.292,-0.292,0.500,1.000,0.010,0.000,0.100,0.200,-0.200,0.200,0.500
10.516,1.000,1.920,-0.047,0.409,0.372,-0.456,-0.453,-0.398,-0.046,-0.000,-0.000,-0.250,-0.297,-0.297,0.500,1.000,0.010,0.000,0.102,0.200,-0.200,0.200,0.500
10.619,1.000,1.950,-0.049,0.389,0.409,-0.437,-0.498,0.175,-0.045,0.000,-0.001,-0.250,-0.296,-0.296,0.500,1.000,0.010,0.000,0.103,0.200,-0.200,0.200,0.500
10.715,1.000,2.010,-0.048,0.427,0.389,-0.475,-0.543,-0.392,-0.046,-0.000,-0.001,-0.250,-0.296,-0.296,0.500,1.000,0.010,0.000,0.096,0.200,-0.200,0.200,0.500
10.819,1.000,2.040,-0.054,0.403,0.427,-0.457,-0.591,0.175,-0.048,0.000,-0.001,-0.250,-0.298,-0.298,0.500,1.000,0.010,0.000,0.104,0.200,-0.200,0.200,0.500
10.915,1.000,2.040,-0.050,0.338,0.403,-0.388,-0.628,0.719,-0.037,0.000,-0.001,-0.250,-0.288,-0.288,0.500,1.000,0.010,0.000,0.096,0.200,-0.200,0.200,0.500
11.016,1.000,2.170,-0.059,0.497,0.338,-0.557,-0.684,-1.670,-0.056,-0.000,-0.001,-0.250,-0.307,-0.307,0.500,1.000,0.010,0.000,0.101,0.200,-0.200,0.200,0.500
11.131,1.000,2.300,-0.075,0.616,0.497,-0.691,-0.764,-1.165,-0.079,-0.000,-0.001,-0.250,-0.330,-0.330,0.500,1.000,0.010,0.000,0.115,0.200,-0.200,0.200,0.500
11.230,1.000,2.300,-0.064,0.514,0.616,-0.578,-0.821,1.133,-0.057,0.000,-0.001,-0.250,-0.308,-0.308,0.500,1.000,0.010,0.000,0.099,0.200,-0.200,0.200,0.500
11.329,1.000,2.310,-0.065,0.446,0.514,-0.511,-0.872,0.685,-0.051,0.000,-0.001,-0.250,-0.301,-0.301,0.500,1.000,0.010,0.000,0.099,0.200,-0.200,0.200,0.500
11.416,1.000,2.250,-0.054,0.277,0.446,-0.332,-0.900,2.055,-0.029,0.000,-0.001,-0.250,-0.280,-0.280,0.500,1.000,0.010,0.000,0.087,0.200,-0.200,0.200,0.500
11.526,1.000,2.270,-0.070,0.260,0.277,-0.330,-0.937,0.016,-0.036,0.000,-0.001,-0.250,-0.287,-0.287,0.500,1.000,0.010,0.000,0.110,0.200,-0.200,0.200,0.500
11.618,1.000,2.320,-0.061,0.304,0.260,-0.365,-0.970,-0.379,-0.034,-0.000,-0.001,-0.250,-0.284,-0.284,0.500,1.000,0.010,0.000,0.092,0.200,-0.200,0.200,0.500
11.723,1.000,2.350,-0.071,0.301,0.304,-0.372,-1.009,-0.066,-0.039,-0.000,-0.001,-0.250,-0.290,-0.290,0.500,1.000,0.010,0.000,0.105,0.200,-0.200,0.200,0.500
11.828,1.000,2.380,-0.072,0.298,0.301,-0.371,-1.048,0.010,-0.039,0.000,-0.001,-0.250,-0.290,-0.290,0.500,1.000,0.010,0.000,0.105,0.200,-0.200,0.200,0.500
11.919,1.000,2.420,-0.065,0.320,0.298,-0.385,-1.083,-0.153,-0.035,-0.000,-0.001,-0.250,-0.286,-0.286,0.500,1.000,0.010,0.000,0.091,0.200,-0.200,0.200,0.500
12.016,1.000,2.460,-0.071,0.335,0.320,-0.406,-1.123,-0.218,-0.039,-0.000,-0.001,-0.250,-0.290,-0.290,0.500,1.000,0.010,0.000,0.097,0.200,-0.200,0.200,0.500
12.115,1.000,2.470,-0.073,0.296,0.335,-0.369,-1.159,0.371,-0.037,0.000,-0.001,-0.250,-0.288,-0.288,0.500,1.000,0.010,0.000,0.099,0.200,-0.200,0.200,0.500
12.213,1.000,2.490,-0.073,0.281,0.296,-0.354,-1.194,0.152,-0.035,0.000,-0.001,-0.250,-0.286,-0.286,0.500,1.000,0.010,0.000,0.098,0.200,-0.200,0.200,0.500
12.324,1.000,2.490,-0.083,0.230,0.281,-0.313,-1.229,0.373,-0.035,0.000,-0.001,-0.250,-0.286,-0.286,0.500,1.000,0.010,0.000,0.111,0.200,-0.200,0.200,0.500
12.422,1.000,2.500,-0.074,0.209,0.230,-0.283,-1.256,0.308,-0.028,0.000,-0.001,-0.250,-0.279,-0.279,0.500,1.000,0.010,0.000,0.098,0.200,-0.200,0.200,0.500
12.515,1.000,2.430,-0.066,0.058,0.209,-0.125,-1.268,1.697,-0.012,0.000,-0.001,-0.250,-0.263,-0.263,0.500,1.000,0.010,0.000,0.093,0.200,-0.200,0.200,0.500
12.617,1.000,2.600,-0.082,0.331,0.058,-0.412,-1.310,-2.820,-0.042,-0.000,-0.001,-0.250,-0.293,-0.293,0.500,1.000,0.010,0.000,0.102,0.200,-0.200,0.200,0.500
12.724,1.000,2.720,-0.092,0.470,0.331,-0.562,-1.370,-1.400,-0.060,-0.000,-0.001,-0.250,-0.312,-0.312,0.500,1.000,0.010,0.000,0.107,0.200,-0.200,0.200,0.500
12.821,1.000,2.830,-0.089,0.578,0.470,-0.667,-1.435,-1.078,-0.065,-0.000,-0.001,-0.250,-0.316,-0.316,0.500,1.000,0.010,0.000,0.097,0.200,-0.200,0.200,0.500
12.918,1.000,2.890,-0.092,0.585,0.578,-0.676,-1.501,-0.098,-0.066,-0.000,-0.001,-0.250,-0.317,-0.317,0.500,1.000,0.010,0.000,0.097,0.200,-0.200,0.200,0.500
13.015,1.000,2.840,-0.089,0.406,0.585,-0.495,-1.549,1.868,-0.048,0.000,-0.002,-0.250,-0.300,-0.300,0.500,1.000,0.010,0.000,0.097,0.200,-0.200,0.200,0.500
13.116,1.000,2.800,-0.091,0.271,0.406,-0.362,-1.585,1.318,-0.037,0.000,-0.002,-0.250,-0.288,-0.288,0.500,1.000,0.010,0.000,0.101,0.200,-0.200,0.200,0.500
13.217,1.000,2.660,-0.084,-0.007,0.271,-0.076,-1.593,2.828,-0.008,0.000,-0.002,-0.250,-0.259,-0.259,0.500,1.000,0.010,0.000,0.101,0.200,-0.200,0.200,0.500
13.314,1.000,2.650,-0.080,-0.023,-0.007,-0.057,-1.598,0.200,-0.006,0.000,-0.002,-0.250,-0.257,-0.257,0.500,1.000,0.010,0.000,0.097,0.200,-0.200,0.200,0.500
13.414,1.000,2.670,-0.084,0.014,-0.023,-0.098,-1.608,-0.406,-0.010,-0.000,-0.002,-0.250,-0.261,-0.261,0.500,1.000,0.010,0.000,0.100,0.200,-0.200,0.200,0.500
13.514,1.000,2.660,-0.083,-0.005,0.014,-0.078,-1.616,0.195,-0.008,0.000,-0.002,-0.250,-0.259,-0.259,0.500,1.000,0.010,0.000,0.100,0.200,-0.200,0.200,0.500
13.614,1.000,2.630,-0.081,-0.054,-0.005,-0.027,-1.619,0.507,-0.003,0.000,-0.002,-0.250,-0.254,-0.254,0.500,1.000,0.010,0.000,0.100,0.200,-0.200,0.200,0.500
13.718,1.000,2.610,-0.084,-0.078,-0.054,-0.006,-1.619,0.208,-0.001,0.000,-0.002,-0.250,-0.252,-0.252,0.500,1.000,0.010,0.000,0.104,0.200,-0.200,0.200,0.500
13.819,1.000,2.580,-0.080,-0.115,-0.078,0.035,-1.616,0.404,0.004,0.000,-0.002,-0.250,-0.248,-0.248,0.500,1.000,0.010,0.000,0.101,0.200,-0.200,0.200,0.500
13.919,1.000,2.560,-0.078,-0.129,-0.115,0.051,-1.611,0.160,0.005,0.000,-0.002,-0.250,-0.247,-0.247,0.500,1.000,0.010,0.000,0.100,0.200,-0.200,0.200,0.500
14.015,1.000,2.600,-0.077,-0.041,-0.129,-0.036,-1.614,-0.903,-0.003,-0.000,-0.002,-0.250,-0.255,-0.255,0.500,1.000,0.010,0.000,0.096,0.200,-0.200,0.200,0.500
14.115,1.000,2.570,-0.079,-0.084,-0.041,0.006,-1.614,0.415,0.001,0.000,-0.002,-0.250,-0.251,-0.251,0.500,1.000,0.010,0.000,0.100,0.200,-0.200,0.200,0.500
14.216,1.000,2.540,-0.078,-0.120,-0.084,0.042,-1.609,0.361,0.004,0.000,-0.002,-0.250,-0.247,-0.247,0.500,1.000,0.010,0.000,0.101,0.200,-0.200,0.200,0.500
14.313,1.000,2.550,-0.075,-0.084,-0.120,0.009,-1.608,-0.347,0.001,-0.000,-0.002,-0.250,-0.251,-0.251,0.500,1.000,0.010,0.000,0.097,0.200,-0.200,0.200,0.500
14.416,1.000,2.520,-0.078,-0.119,-0.084,0.041,-1.604,0.314,0.004,0.000,-0.002,-0.250,-0.247,-0.247,0.500,1.000,0.010,0.000,0.103,0.200,-0.200,0.200,0.500
14.518,1.000,2.440,-0.073,-0.232,-0.119,0.158,-1.588,1.152,0.016,0.000,-0.002,-0.250,-0.235,-0.235,0.500,1.000,0.010,0.000,0.102,0.200,-0.200,0.200,0.500
14.615,1.000,2.420,-0.069,-0.228,-0.232,0.159,-1.573,0.004,0.015,0.000,-0.002,-0.250,-0.236,-0.236,0.500,1.000,0.010,0.000,0.097,0.200,-0.200,0.200,0.500
14.717,1.000,2.510,-0.077,-0.040,-0.228,-0.037,-1.577,-1.924,-0.004,-0.000,-0.002,-0.250,-0.255,-0.255,0.500,1.000,0.010,0.000,0.102,0.200,-0.200,0.200,0.500
14.815,1.000,2.610,-0.079,0.134,-0.040,-0.213,-1.597,-1.792,-0.021,-0.000,-0.002,-0.250,-0.272,-0.272,0.500,1.000,0.010,0.000,0.098,0.200,-0.200,0.200,0.500
14.916,1.000,2.630,-0.082,0.145,0.134,-0.227,-1.620,-0.140,-0.023,-0.000,-0.002,-0.250,-0.275,-0.275,0.500,1.000,0.010,0.000,0.101,0.200,-0.200,0.200,0.500
15.016,1.000,2.850,-0.093,0.487,0.145,-0.580,-1.678,-3.527,-0.058,-0.000,-0.002,-0.250,-0.310,-0.310,0.500,1.000,0.010,0.000,0.100,0.200,-0.200,0.200,0.500
15.116,1.000,2.900,-0.095,0.489,0.487,-0.584,-1.737,-0.046,-0.058,-0.000,-0.002,-0.250,-0.310,-0.310,0.500,1.000,0.010,0.000,0.100,0.200,-0.200,0.200,0.500
15.215,1.000,2.940,-0.096,0.475,0.489,-0.571,-1.793,0.132,-0.057,0.000,-0.002,-0.250,-0.308,-0.308,0.500,1.000,0.010,0.000,0.099,0.200,-0.200,0.200,0.500
15.327,1.000,2.950,-0.109,0.405,0.475,-0.514,-1.851,0.513,-0.058,0.000,-0.002,-0.250,-0.310,-0.310,0.500,1.000,0.010,0.000,0.112,0.200,-0.200,0.200,0.500
15.414,1.000,3.010,-0.087,0.447,0.405,-0.534,-1.897,-0.235,-0.046,-0.000,-0.002,-0.250,-0.298,-0.298,0.500,1.000,0.010,0.000,0.087,0.200,-0.200,0.200,0.500
15.518,1.000,3.040,-0.106,0.420,0.447,-0.526,-1.952,0.083,-0.055,0.000,-0.002,-0.250,-0.307,-0.307,0.500,1.000,0.010,0.000,0.104,0.200,-0.200,0.200,0.500
15.617,1.000,3.100,-0.104,0.450,0.420,-0.554,-2.007,-0.290,-0.055,-0.000,-0.002,-0.250,-0.307,-0.307,0.500,1.000,0.010,0.000,0.099,0.200,-0.200,0.200,0.500
15.715,1.000,3.100,-0.103,0.377,0.450,-0.480,-2.054,0.764,-0.047,0.000,-0.002,-0.250,-0.299,-0.299,0.500,1.000,0.010,0.000,0.098,0.200,-0.200,0.200,0.500
15.821,1.000,3.040,-0.108,0.212,0.377,-0.320,-2.088,1.506,-0.034,0.000,-0.002,-0.250,-0.286,-0.286,0.500,1.000,0.010,0.000,0.106,0.200,-0.200,0.200,0.500
15.925,1.000,2.910,-0.099,-0.040,0.212,-0.059,-2.094,2.505,-0.006,0.000,-0.002,-0.250,-0.258,-0.258,0.500,1.000,0.010,0.000,0.104,0.200,-0.200,0.200,0.500
16.014,1.000,2.720,-0.077,-0.356,-0.040,0.280,-2.069,3.813,0.025,0.000,-0.002,-0.250,-0.227,-0.227,0.500,1.000,0.010,0.000,0.089,0.200,-0.200,0.200,0.500
16.114,1.000,2.490,-0.074,-0.680,-0.356,0.606,-2.009,3.260,0.061,0.000,-0.002,-0.250,-0.191,-0.191,0.500,1.000,0.010,0.000,0.100,0.200,-0.200,0.200,0.500
16.215,1.000,2.270,-0.064,-0.932,-0.680,0.868,-1.921,2.595,0.088,0.000,-0.002,-0.250,-0.164,-0.164,0.500,1.000,0.010,0.000,0.101,0.200,-0.200,0.200,0.500
16.317,1.000,1.820,-0.042,-1.522,-0.932,1.480,-1.770,5.999,0.151,0.000,-0.002,-0.250,-0.101,-0.101,0.500,1.000,0.010,0.000,0.102,0.200,-0.200,0.200,0.500
16.417,1.000,1.360,-0.018,-2.035,-1.522,2.017,-1.568,5.369,0.202,0.000,-0.002,-0.250,-0.050,-0.050,0.500,1.000,0.010,0.000,0.100,0.200,-0.200,0.200,0.500
16.519,1.000,0.890,0.006,-2.471,-2.035,2.476,-1.316,4.506,0.253,0.000,-0.001,-0.250,0.001,0.001,0.500,1.000,0.010,0.000,0.102,0.200,-0.200,0.200,0.500
16.614,1.000,0.460,0.026,-2.799,-2.471,2.825,-1.047,3.666,0.268,0.000,-0.001,-0.250,0.017,0.017,0.500,1.000,0.010,0.000,0.095,0.200,-0.200,0.200,0.500
16.713,1.000,0.380,0.031,-2.470,-2.799,2.501,-0.800,-3.273,0.248,-0.000,-0.001,-0.250,-0.003,-0.003,0.500,1.000,0.010,0.000,0.099,0.200,-0.200,0.200,0.500
16.817,1.000,0.400,0.031,-2.011,-2.470,2.043,-0.587,-4.403,0.212,-0.000,-0.001,-0.250,-0.038,-0.038,0.500,1.000,0.010,0.000,0.104,0.200,-0.200,0.200,0.500
16.914,1.000,0.540,0.022,-1.450,-2.011,1.472,-0.444,-5.879,0.143,-0.000,-0.000,-0.250,-0.108,-0.108,0.500,1.000,0.010,0.000,0.097,0.200,-0.200,0.200,0.500
17.014,1.000,0.620,0.019,-1.075,-1.450,1.094,-0.335,-3.783,0.109,-0.000,-0.000,-0.250,-0.141,-0.141,0.500,1.000,0.010,0.000,0.100,0.200,-0.200,0.200,0.500
17.119,1.000,0.640,0.019,-0.855,-1.075,0.874,-0.243,-2.093,0.092,-0.000,-0.000,-0.250,-0.158,-0.158,0.500,1.000,0.010,0.000,0.105,0.200,-0.200,0.200,0.500
17.227,1.000,0.630,0.020,-0.720,-0.855,0.740,-0.163,-1.245,0.080,-0.000,-0.000,-0.250,-0.170,-0.170,0.500,1.000,0.010,0.000,0.108,0.200,-0.200,0.200,0.500
17.327,1.000,0.560,0.022,-0.717,-0.720,0.739,-0.089,-0.013,0.074,-0.000,-0.000,-0.250,-0.176,-0.176,0.500,1.000,0.010,0.000,0.100,0.200,-0.200,0.200,0.500
17.414,1.000,0.440,0.024,-0.815,-0.717,0.839,-0.016,1.156,0.073,0.000,-0.000,-0.250,-0.177,-0.177,0.500,1.000,0.010,0.000,0.087,0.200,-0.200,0.200,0.500
17.515,1.000,0.270,0.037,-0.961,-0.815,0.998,0.084,1.569,0.101,0.000,0.000,-0.250,-0.149,-0.149,0.500,1.000,0.010,0.000,0.101,0.200,-0.200,0.200,0.500
17.619,1.000,0.250,0.039,-0.828,-0.961,0.867,0.175,-1.252,0.090,-0.000,0.000,-0.250,-0.160,-0.160,0.500,1.000,0.010,0.000,0.104,0.200,-0.200,0.200,0.500
17.714,1.000,0.300,0.033,-0.612,-0.828,0.645,0.236,-2.337,0.061,-0.000,0.000,-0.250,-0.188,-0.188,0.500,1.000,0.010,0.000,0.095,0.200,-0.200,0.200,0.500
17.824,1.000,0.350,0.036,-0.420,-0.612,0.456,0.286,-1.726,0.050,-0.000,0.000,-0.250,-0.200,-0.200,0.500,1.000,0.010,0.000,0.110,0.200,-0.200,0.200,0.500
17.915,1.000,0.280,0.033,-0.474,-0.420,0.506,0.332,0.558,0.046,0.000,0.000,-0.250,-0.204,-0.204,0.500,1.000,0.010,0.000,0.091,0.200,-0.200,0.200,0.500
18.027,1.000,0.260,0.041,-0.420,-0.474,0.461,0.384,-0.405,0.052,-0.000,0.000,-0.250,-0.198,-0.198,0.500,1.000,0.010,0.000,0.112,0.200,-0.200,0.200,0.500
18.114,1.000,0.230,0.033,-0.409,-0.420,0.442,0.422,-0.219,0.038,-0.000,0.000,-0.250,-0.211,-0.211,0.500,1.000,0.010,0.000,0.087,0.200,-0.200,0.200,0.500
18.215,1.000,0.250,0.038,-0.307,-0.409,0.344,0.457,-0.966,0.035,-0.000,0.000,-0.250,-0.215,-0.215,0.500,1.000,0.010,0.000,0.101,0.200,-0.200,0.200,0.500
18.315,1.000,0.210,0.040,-0.322,-0.307,0.362,0.493,0.172,0.036,0.000,0.000,-0.250,-0.213,-0.213,0.500,1.000,0.010,0.000,0.100,0.200,-0.200,0.200,0.500
18.420,1.000,0.200,0.042,-0.283,-0.322,0.325,0.527,-0.351,0.034,-0.000,0.001,-0.250,-0.215,-0.215,0.500,1.000,0.010,0.000,0.105,0.200,-0.200,0.200,0.500
18.527,1.000,0.200,0.043,-0.233,-0.283,0.276,0.557,-0.458,0.030,-0.000,0.001,-0.250,-0.220,-0.220,0.500,1.000,0.010,0.000,0.107,0.200,-0.200,0.200,0.500
18.623,1.000,0.200,0.038,-0.195,-0.233,0.234,0.579,-0.437,0.022,-0.000,0.001,-0.250,-0.227,-0.227,0.500,1.000,0.010,0.000,0.096,0.200,-0.200,0.200,0.500
18.714,1.000,0.200,0.036,-0.165,-0.195,0.202,0.597,-0.353,0.018,-0.000,0.001,-0.250,-0.231,-0.231,0.500,1.000,0.010,0.000,0.091,0.200,-0.200,0.200,0.500
18.818,1.000,0.200,0.042,-0.137,-0.165,0.178,0.616,-0.224,0.019,-0.000,0.001,-0.250,-0.231,-0.231,0.500,1.000,0.010,0.000,0.104,0.200,-0.200,0.200,0.500
18.917,1.000,0.200,0.040,-0.114,-0.137,0.154,0.631,-0.249,0.015,-0.000,0.001,-0.250,-0.234,-0.234,0.500,1.000,0.010,0.000,0.099,0.200,-0.200,0.200,0.500
19.026,1.000,0.200,0.044,-0.094,-0.114,0.137,0.646,-0.151,0.015,-0.000,0.001,-0.250,-0.234,-0.234,0.500,1.000,0.010,0.000,0.109,0.200,-0.200,0.200,0.500
19.114,1.000,0.200,0.035,-0.080,-0.094,0.115,0.656,-0.255,0.010,-0.000,0.001,-0.250,-0.239,-0.239,0.500,1.000,0.010,0.000,0.088,0.200,-0.200,0.200,0.500
19.215,1.000,0.200,0.040,-0.066,-0.080,0.107,0.667,-0.081,0.011,-0.000,0.001,-0.250,-0.239,-0.239,0.500,1.000,0.010,0.000,0.101,0.200,-0.200,0.200,0.500
19.318,1.000,0.200,0.041,-0.055,-0.066,0.096,0.677,-0.102,0.010,-0.000,0.001,-0.250,-0.239,-0.239,0.500,1.000,0.010,0.000,0.103,0.200,-0.200,0.200,0.500
19.428,1.000,0.200,0.044,-0.045,-0.055,0.089,0.687,-0.065,0.010,-0.000,0.001,-0.250,-0.239,-0.239,0.500,1.000,0.010,0.000,0.110,0.200,-0.200,0.200,0.500
19.517,1.000,0.200,0.036,-0.038,-0.045,0.074,0.693,-0.171,0.007,-0.000,0.001,-0.250,-0.243,-0.243,0.500,1.000,0.010,0.000,0.089,0.200,-0.200,0.200,0.500
19.616,1.000,0.200,0.040,-0.032,-0.038,0.072,0.701,-0.024,0.007,-0.000,0.001,-0.250,-0.242,-0.242,0.500,1.000,0.010,0.000,0.099,0.200,-0.200,0.200,0.500
19.717,1.000,0.200,0.040,-0.027,-0.032,0.067,0.707,-0.045,0.007,-0.000,0.001,-0.250,-0.243,-0.243,0.500,1.000,0.010,0.000,0.101,0.200,-0.200,0.200,0.500
19.815,1.000,0.200,0.039,-0.022,-0.027,0.061,0.713,-0.057,0.006,-0.000,0.001,-0.250,-0.243,-0.243,0.500,1.000,0.010,0.000,0.098,0.200,-0.200,0.200,0.500
19.913,1.000,0.200,0.039,-0.019,-0.022,0.058,0.719,-0.037,0.006,-0.000,0.001,-0.250,-0.244,-0.244,0.500,1.000,0.010,0.000,0.098,0.200,-0.200,0.200,0.500
20.015,1.000,0.200,0.041,-0.015,-0.019,0.056,0.725,-0.015,0.006,-0.000,0.001,-0.250,-0.244,-0.244,0.500,1.000,0.010,0.000,0.102,0.200,-0.200,0.200,0.500
20.115,1.000,0.200,0.040,-0.013,-0.015,0.053,0.730,-0.034,0.005,-0.000,0.001,-0.250,-0.244,-0.244,0.500,1.000,0.010,0.000,0.100,0.200,-0.200,0.200,0.500
20.215,1.000,0.200,0.040,-0.011,-0.013,0.051,0.735,-0.021,0.005,-0.000,0.001,-0.250,-0.244,-0.244,0.500,1.000,0.010,0.000,0.100,0.200,-0.200,0.200,0.500
20.318,1.000,0.200,0.041,-0.009,-0.011,0.050,0.740,-0.006,0.005,-0.000,0.001,-0.250,-0.244,-0.244,0.500,1.000,0.010,0.000,0.103,0.200,-0.200,0.200,0.500
20.428,1.000,0.200,0.044,-0.007,-0.009,0.051,0.746,0.011,0.006,0.000,0.001,-0.250,-0.244,-0.244,0.500,1.000,0.010,0.000,0.110,0.200,-0.200,0.200,0.500
20.514,1.000,0.200,0.034,-0.006,-0.007,0.041,0.749,-0.124,0.003,-0.000,0.001,-0.250,-0.246,-0.246,0.500,1.000,0.010,0.000,0.086,0.200,-0.200,0.200,0.500
20.615,1.000,0.200,0.040,-0.005,-0.006,0.046,0.754,0.049,0.005,0.000,0.001,-0.250,-0.245,-0.245,0.500,1.000,0.010,0.000,0.101,0.200,-0.200,0.200,0.500
20.725,1.000,0.200,0.044,-0.004,-0.005,0.048,0.759,0.024,0.005,0.000,0.001,-0.250,-0.244,-0.244,0.500,1.000,0.010,0.000,0.110,0.200,-0.200,0.200,0.500
20.814,1.000,0.200,0.036,-0.004,-0.004,0.039,0.763,-0.102,0.003,-0.000,0.001,-0.250,-0.246,-0.246,0.500,1.000,0.010,0.000,0.089,0.200,-0.200,0.200,0.500
20.916,1.000,0.200,0.041,-0.003,-0.004,0.044,0.767,0.045,0.004,0.000,0.001,-0.250,-0.245,-0.245,0.500,1.000,0.010,0.000,0.102,0.200,-0.200,0.200,0.500
21.016,1.000,0.200,0.040,-0.002,-0.003,0.042,0.771,-0.013,0.004,-0.000,0.001,-0.250,-0.245,-0.245,0.500,1.000,0.010,0.000,0.100,0.200,-0.200,0.200,0.500
21.116,1.000,0.200,0.040,-0.002,-0.002,0.042,0.776,-0.004,0.004,-0.000,0.001,-0.250,-0.245,-0.245,0.500,1.000,0.010,0.000,0.100,0.200,-0.200,0.200,0.500
21.213,1.000,0.200,0.039,-0.002,-0.002,0.041,0.780,-0.016,0.004,-0.000,0.001,-0.250,-0.245,-0.245,0.500,1.000,0.010,0.000,0.097,0.200,-0.200,0.200,0.500
21.319,1.000,0.200,0.042,-0.001,-0.002,0.044,0.784,0.031,0.005,0.000,0.001,-0.250,-0.245,-0.245,0.500,1.000,0.010,0.000,0.106,0.200,-0.200,0.200,0.500
21.413,1.000,0.200,0.038,-0.001,-0.001,0.039,0.788,-0.053,0.004,-0.000,0.001,-0.250,-0.246,-0.246,0.500,1.000,0.010,0.000,0.094,0.200,-0.200,0.200,0.500
21.522,1.000,0.200,0.044,-0.001,-0.001,0.045,0.793,0.053,0.005,0.000,0.001,-0.250,-0.244,-0.244,0.500,1.000,0.010,0.000,0.109,0.200,-0.200,0.200,0.500
21.616,1.000,0.200,0.038,-0.001,-0.001,0.038,0.796,-0.065,0.004,-0.000,0.001,-0.250,-0.246,-0.246,0.500,1.000,0.010,0.000,0.094,0.200,-0.200,0.200,0.500
21.716,1.000,0.200,0.040,-0.001,-0.001,0.041,0.800,0.023,0.004,0.000,0.001,-0.250,-0.245,-0.245,0.500,1.000,0.010,0.000,0.100,0.200,-0.200,0.200,0.500
21.817,1.000,0.200,0.040,-0.001,-0.001,0.041,0.805,0.003,0.004,0.000,0.001,-0.250,-0.245,-0.245,0.500,1.000,0.010,0.000,0.101,0.200,-0.200,0.200,0.500
21.918,1.000,0.200,0.040,-0.000,-0.001,0.041,0.809,-0.001,0.004,-0.000,0.001,-0.250,-0.245,-0.245,0.500,1.000,0.010,0.000,0.101,0.200,-0.200,0.200,0.500
22.013,1.000,0.200,0.038,-0.000,-0.000,0.038,0.812,-0.026,0.004,-0.000,0.001,-0.250,-0.246,-0.246,0.500,1.000,0.010,0.000,0.095,0.200,-0.200,0.200,0.500
22.114,1.000,0.200,0.040,-0.000,-0.000,0.041,0.816,0.023,0.004,0.000,0.001,-0.250,-0.245,-0.245,0.500,1.000,0.010,0.000,0.101,0.200,-0.200,0.200,0.500
22.216,1.000,0.200,0.041,-0.000,-0.000,0.041,0.821,0.003,0.004,0.000,0.001,-0.250,-0.245,-0.245,0.500,1.000,0.010,0.000,0.102,0.200,-0.200,0.200,0.500
22.319,1.000,0.200,0.041,-0.000,-0.000,0.041,0.825,0.003,0.004,0.000,0.001,-0.250,-0.245,-0.245,0.500,1.000,0.010,0.000,0.103,0.200,-0.200,0.200,0.500
22.416,1.000,0.200,0.039,-0.000,-0.000,0.039,0.829,-0.025,0.004,-0.000,0.001,-0.250,-0.245,-0.245,0.500,1.000,0.010,0.000,0.097,0.200,-0.200,0.200,0.500
22.514,1.000,0.200,0.039,-0.000,-0.000,0.039,0.833,0.004,0.004,0.000,0.001,-0.250,-0.245,-0.245,0.500,1.000,0.010,0.000,0.098,0.200,-0.200,0.200,0.500
22.617,1.000,0.200,0.041,-0.000,-0.000,0.041,0.837,0.019,0.004,0.000,0.001,-0.250,-0.245,-0.245,0.500,1.000,0.010,0.000,0.103,0.200,-0.200,0.200,0.500
22.714,1.000,0.200,0.039,-0.000,-0.000,0.039,0.841,-0.025,0.004,-0.000,0.001,-0.250,-0.245,-0.245,0.500,1.000,0.010,0.000,0.097,0.200,-0.200,0.200,0.500
22.813,1.000,0.200,0.040,-0.000,-0.000,0.040,0.845,0.008,0.004,0.000,0.001,-0.250,-0.245,-0.245,0.500,1.000,0.010,0.000,0.099,0.200,-0.200,0.200,0.500
22.912,1.000,0.200,0.040,-0.000,-0.000,0.040,0.848,-0.000,0.004,-0.000,0.001,-0.250,-0.245,-0.245,0.500,1.000,0.010,0.000,0.099,0.200,-0.200,0.200,0.500
23.013,1.000,0.200,0.040,-0.000,-0.000,0.040,0.853,0.008,0.004,0.000,0.001,-0.250,-0.245,-0.245,0.500,1.000,0.010,0.000,0.101,0.200,-0.200,0.200,0.500
23.128,1.000,0.200,0.046,-0.000,-0.000,0.046,0.858,0.049,0.005,0.000,0.001,-0.250,-0.244,-0.244,0.500,1.000,0.010,0.000,0.115,0.200,-0.200,0.200,0.500
23.216,1.000,0.200,0.035,-0.000,-0.000,0.035,0.861,-0.123,0.003,-0.000,0.001,-0.250,-0.246,-0.246,0.500,1.000,0.010,0.000,0.088,0.200,-0.200,0.200,0.500
23.314,1.000,0.200,0.039,-0.000,-0.000,0.039,0.865,0.041,0.004,0.000,0.001,-0.250,-0.245,-0.245,0.500,1.000,0.010,0.000,0.098,0.200,-0.200,0.200,0.500
23.414,1.000,0.200,0.040,-0.000,-0.000,0.040,0.869,0.008,0.004,0.000,0.001,-0.250,-0.245,-0.245,0.500,1.000,0.010,0.000,0.100,0.200,-0.200,0.200,0.500
23.526,1.000,0.200,0.045,-0.000,-0.000,0.045,0.874,0.043,0.005,0.000,0.001,-0.250,-0.244,-0.244,0.500,1.000,0.010,0.000,0.112,0.200,-0.200,0.200,0.500
23.628,1.000,0.200,0.041,-0.000,-0.000,0.041,0.878,-0.039,0.004,-0.000,0.001,-0.250,-0.245,-0.245,0.500,1.000,0.010,0.000,0.102,0.200,-0.200,0.200,0.500
23.713,1.000,0.200,0.034,-0.000,-0.000,0.034,0.881,-0.080,0.003,-0.000,0.001,-0.250,-0.246,-0.246,0.500,1.000,0.010,0.000,0.085,0.200,-0.200,0.200,0.500
23.824,1.000,0.200,0.044,-0.000,-0.000,0.044,0.886,0.094,0.005,0.000,0.001,-0.250,-0.244,-0.244,0.500,1.000,0.010,0.000,0.111,0.200,-0.200,0.200,0.500
23.915,1.000,0.200,0.036,-0.000,-0.000,0.036,0.889,-0.088,0.003,-0.000,0.001,-0.250,-0.246,-0.246,0.500,1.000,0.010,0.000,0.091,0.200,-0.200,0.200,0.500
24.013,1.000,0.200,0.039,-0.000,-0.000,0.039,0.893,0.029,0.004,0.000,0.001,-0.250,-0.245,-0.245,0.500,1.000,0.010,0.000,0.098,0.200,-0.200,0.200,0.500
24.120,1.000,0.200,0.043,-0.000,-0.000,0.043,0.898,0.034,0.005,0.000,0.001,-0.250,-0.244,-0.244,0.500,1.000,0.010,0.000,0.107,0.200,-0.200,0.200,0.500
24.217,1.000,0.200,0.039,-0.000,-0.000,0.039,0.901,-0.041,0.004,-0.000,0.001,-0.250,-0.245,-0.245,0.500,1.000,0.010,0.000,0.097,0.200,-0.200,0.200,0.500
24.314,1.000,0.200,0.039,-0.000,-0.000,0.039,0.905,-0.000,0.004,-0.000,0.001,-0.250,-0.245,-0.245,0.500,1.000,0.010,0.000,0.097,0.200,-0.200,0.200,0.500
24.416,1.000,0.200,0.041,-0.000,-0.000,0.041,0.909,0.020,0.004,0.000,0.001,-0.250,-0.245,-0.245,0.500,1.000,0.010,0.000,0.102,0.200,-0.200,0.200,0.500
24.525,1.000,0.200,0.044,-0.000,-0.000,0.044,0.914,0.026,0.005,0.000,0.001,-0.250,-0.244,-0.244,0.500,1.000,0.010,0.000,0.109,0.200,-0.200,0.200,0.500
24.625,1.000,0.200,0.040,-0.000,-0.000,0.040,0.918,-0.036,0.004,-0.000,0.001,-0.250,-0.245,-0.245,0.500,1.000,0.010,0.000,0.100,0.200,-0.200,0.200,0.500
24.714,1.000,0.200,0.036,-0.000,-0.000,0.036,0.921,-0.049,0.003,-0.000,0.001,-0.250,-0.246,-0.246,0.500,1.000,0.010,0.000,0.089,0.200,-0.200,0.200,0.500
24.814,1.000,0.200,0.040,-0.000,-0.000,0.040,0.925,0.044,0.004,0.000,0.001,-0.250,-0.245,-0.245,0.500,1.000,0.010,0.000,0.100,0.200,-0.200,0.200,0.500
24.914,1.000,0.200,0.040,-0.000,-0.000,0.040,0.929,-0.000,0.004,-0.000,0.001,-0.250,-0.245,-0.245,0.500,1.000,0.010,0.000,0.100,0.200,-0.200,0.200,0.500
25.024,1.000,0.200,0.044,-0.000,-0.000,0.044,0.934,0.036,0.005,0.000,0.001,-0.250,-0.244,-0.244,0.500,1.000,0.010,0.000,0.110,0.200,-0.200,0.200,0.500
25.114,1.000,0.200,0.036,-0.000,-0.000,0.036,0.937,-0.089,0.003,-0.000,0.001,-0.250,-0.246,-0.246,0.500,1.000,0.010,0.000,0.090,0.200,-0.200,0.200,0.500
25.215,1.000,0.200,0.040,-0.000,-0.000,0.040,0.941,0.044,0.004,0.000,0.001,-0.250,-0.245,-0.245,0.500,1.000,0.010,0.000,0.101,0.200,-0.200,0.200,0.500
25.317,1.000,0.200,0.041,-0.000,-0.000,0.041,0.945,0.004,0.004,0.000,0.001,-0.250,-0.245,-0.245,0.500,1.000,0.010,0.000,0.102,0.200,-0.200,0.200,0.500
25.417,1.000,0.200,0.040,-0.000,-0.000,0.040,0.949,-0.008,0.004,-0.000,0.001,-0.250,-0.245,-0.245,0.500,1.000,0.010,0.000,0.100,0.200,-0.200,0.200,0.500
25.524,1.000,0.200,0.043,-0.000,-0.000,0.043,0.954,0.026,0.005,0.000,0.001,-0.250,-0.244,-0.244,0.500,1.000,0.010,0.000,0.107,0.200,-0.200,0.200,0.500
25.617,1.000,0.200,0.037,-0.000,-0.000,0.037,0.957,-0.060,0.003,-0.000,0.001,-0.250,-0.246,-0.246,0.500,1.000,0.010,0.000,0.093,0.200,-0.200,0.200,0.500
25.715,1.000,0.200,0.039,-0.000,-0.000,0.039,0.961,0.020,0.004,0.000,0.001,-0.250,-0.245,-0.245,0.500,1.000,0.010,0.000,0.098,0.200,-0.200,0.200,0.500
25.817,1.000,0.200,0.041,-0.000,-0.000,0.041,0.966,0.016,0.004,0.000,0.001,-0.250,-0.245,-0.245,0.500,1.000,0.010,0.000,0.102,0.200,-0.200,0.200,0.500
25.917,1.000,0.200,0.040,-0.000,-0.000,0.040,0.970,-0.008,0.004,-0.000,0.001,-0.250,-0.245,-0.245,0.500,1.000,0.010,0.000,0.100,0.200,-0.200,0.200,0.500
26.021,1.000,0.200,0.042,-0.000,-0.000,0.042,0.974,0.015,0.004,0.000,0.001,-0.250,-0.245,-0.245,0.500,1.000,0.010,0.000,0.104,0.200,-0.200,0.200,0.500
26.116,1.000,0.200,0.038,-0.000,-0.000,0.038,0.977,-0.038,0.004,-0.000,0.001,-0.250,-0.245,-0.245,0.500,1.000,0.010,0.000,0.095,0.200,-0.200,0.200,0.500
26.217,1.000,0.200,0.040,-0.000,-0.000,0.040,0.982,0.024,0.004,0.000,0.001,-0.250,-0.245,-0.245,0.500,1.000,0.010,0.000,0.101,0.200,-0.200,0.200,0.500
26.315,1.000,0.200,0.039,-0.000,-0.000,0.039,0.985,-0.012,0.004,-0.000,0.001,-0.250,-0.245,-0.245,0.500,1.000,0.010,0.000,0.098,0.200,-0.200,0.200,0.500
26.417,1.000,0.200,0.041,-0.000,-0.000,0.041,0.990,0.016,0.004,0.000,0.001,-0.250,-0.245,-0.245,0.500,1.000,0.010,0.000,0.102,0.200,-0.200,0.200,0.500
26.517,1.000,0.200,0.040,-0.000,-0.000,0.040,0.994,-0.008,0.004,-0.000,0.001,-0.250,-0.245,-0.245,0.500,1.000,0.010,0.000,0.100,0.200,-0.200,0.200,0.500
26.618,1.000,0.200,0.040,-0.000,-0.000,0.040,0.998,0.004,0.004,0.000,0.001,-0.250,-0.245,-0.245,0.500,1.000,0.010,0.000,0.101,0.200,-0.200,0.200,0.500
26.716,1.000,0.200,0.039,-0.000,-0.000,0.039,1.001,-0.012,0.004,-0.000,0.001,-0.250,-0.245,-0.245,0.500,1.000,0.010,0.000,0.098,0.200,-0.200,0.200,0.500
26.817,1.000,0.200,0.040,-0.000,-0.000,0.040,1.006,0.012,0.004,0.000,0.001,-0.250,-0.245,-0.245,0.500,1.000,0.010,0.000,0.101,0.200,-0.200,0.200,0.500
26.917,1.000,0.200,0.040,-0.000,-0.000,0.040,1.010,-0.004,0.004,-0.000,0.001,-0.250,-0.245,-0.245,0.500,1.000,0.010,0.000,0.100,0.200,-0.200,0.200,0.500
27.014,1.000,0.200,0.039,-0.000,-0.000,0.039,1.013,-0.012,0.004,-0.000,0.001,-0.250,-0.245,-0.245,0.500,1.000,0.010,0.000,0.097,0.200,-0.200,0.200,0.500
27.114,1.000,0.200,0.040,-0.000,-0.000,0.040,1.017,0.012,0.004,0.000,0.001,-0.250,-0.245,-0.245,0.500,1.000,0.010,0.000,0.100,0.200,-0.200,0.200,0.500
27.222,1.000,0.200,0.043,-0.000,-0.000,0.043,1.022,0.030,0.005,0.000,0.001,-0.250,-0.244,-0.244,0.500,1.000,0.010,0.000,0.108,0.200,-0.200,0.200,0.500
27.331,1.000,0.200,0.044,-0.000,-0.000,0.044,1.027,0.004,0.005,0.000,0.001,-0.250,-0.244,-0.244,0.500,1.000,0.010,0.000,0.109,0.200,-0.200,0.200,0.500
27.413,1.000,0.200,0.033,-0.000,-0.000,0.033,1.029,-0.132,0.003,-0.000,0.001,-0.250,-0.246,-0.246,0.500,1.000,0.010,0.000,0.082,0.200,-0.200,0.200,0.500
27.515,1.000,0.200,0.041,-0.000,-0.000,0.041,1.034,0.078,0.004,0.000,0.001,-0.250,-0.245,-0.245,0.500,1.000,0.010,0.000,0.102,0.200,-0.200,0.200,0.500
27.615,1.000,0.200,0.040,-0.000,-0.000,0.040,1.038,-0.008,0.004,-0.000,0.001,-0.250,-0.245,-0.245,0.500,1.000,0.010,0.000,0.100,0.200,-0.200,0.200,0.500
27.730,1.000,0.200,0.046,-0.000,-0.000,0.046,1.043,0.052,0.005,0.000,0.001,-0.250,-0.244,-0.244,0.500,1.000,0.010,0.000,0.115,0.200,-0.200,0.200,0.500
27.819,1.000,0.200,0.036,-0.000,-0.000,0.036,1.046,-0.117,0.003,-0.000,0.001,-0.250,-0.246,-0.246,0.500,1.000,0.010,0.000,0.089,0.200,-0.200,0.200,0.500
27.914,1.000,0.200,0.038,-0.000,-0.000,0.038,1.050,0.025,0.004,0.000,0.001,-0.250,-0.245,-0.245,0.500,1.000,0.010,0.000,0.095,0.200,-0.200,0.200,0.500
28.025,1.000,0.200,0.044,-0.000,-0.000,0.044,1.055,0.058,0.005,0.000,0.001,-0.250,-0.244,-0.244,0.500,1.000,0.010,0.000,0.111,0.200,-0.200,0.200,0.500
28.115,1.000,0.200,0.036,-0.000,-0.000,0.036,1.058,-0.093,0.003,-0.000,0.001,-0.250,-0.246,-0.246,0.500,1.000,0.010,0.000,0.090,0.200,-0.200,0.200,0.500
28.226,1.000,0.200,0.044,-0.000,-0.000,0.044,1.063,0.076,0.005,0.000,0.001,-0.250,-0.244,-0.244,0.500,1.000,0.010,0.000,0.111,0.200,-0.200,0.200,0.500
28.313,1.000,0.200,0.035,-0.000,-0.000,0.035,1.066,-0.110,0.003,-0.000,0.001,-0.250,-0.246,-0.246,0.500,1.000,0.010,0.000,0.087,0.200,-0.200,0.200,0.500
28.416,1.000,0.200,0.041,-0.000,-0.000,0.041,1.070,0.062,0.004,0.000,0.001,-0.250,-0.245,-0.245,0.500,1.000,0.010,0.000,0.103,0.200,-0.200,0.200,0.500
28.516,1.000,0.200,0.040,-0.000,-0.000,0.040,1.074,-0.012,0.004,-0.000,0.001,-0.250,-0.245,-0.245,0.500,1.000,0.010,0.000,0.100,0.200,-0.200,0.200,0.500
28.617,1.000,0.200,0.040,-0.000,-0.000,0.040,1.078,0.004,0.004,0.000,0.001,-0.250,-0.245,-0.245,0.500,1.000,0.010,0.000,0.101,0.200,-0.200,0.200,0.500
28.714,1.000,0.200,0.039,-0.000,-0.000,0.039,1.082,-0.016,0.004,-0.000,0.001,-0.250,-0.245,-0.245,0.500,1.000,0.010,0.000,0.097,0.200,-0.200,0.200,0.500
28.821,1.000,0.200,0.043,-0.000,-0.000,0.043,1.086,0.037,0.005,0.000,0.001,-0.250,-0.244,-0.244,0.500,1.000,0.010,0.000,0.107,0.200,-0.200,0.200,0.500
28.914,1.000,0.200,0.037,-0.000,-0.000,0.037,1.090,-0.060,0.003,-0.000,0.001,-0.250,-0.246,-0.246,0.500,1.000,0.010,0.000,0.093,0.200,-0.200,0.200,0.500
29.015,1.000,0.200,0.040,-0.000,-0.000,0.040,1.094,0.032,0.004,0.000,0.001,-0.250,-0.245,-0.245,0.500,1.000,0.010,0.000,0.101,0.200,-0.200,0.200,0.500
29.124,1.000,0.200,0.044,-0.000,-0.000,0.044,1.099,0.029,0.005,0.000,0.001,-0.250,-0.244,-0.244,0.500,1.000,0.010,0.000,0.109,0.200,-0.200,0.200,0.500
29.219,1.000,0.200,0.038,-0.000,-0.000,0.038,1.102,-0.059,0.004,-0.000,0.001,-0.250,-0.245,-0.245,0.500,1.000,0.010,0.000,0.095,0.200,-0.200,0.200,0.500
29.315,1.000,0.200,0.038,-0.000,-0.000,0.038,1.106,0.004,0.004,0.000,0.001,-0.250,-0.245,-0.245,0.500,1.000,0.010,0.000,0.096,0.200,-0.200,0.200,0.500
29.415,1.000,0.200,0.040,-0.000,-0.000,0.040,1.110,0.016,0.004,0.000,0.001,-0.250,-0.245,-0.245,0.500,1.000,0.010,0.000,0.100,0.200,-0.200,0.200,0.500
29.518,1.000,0.200,0.041,-0.000,-0.000,0.041,1.114,0.012,0.004,0.000,0.001,-0.250,-0.245,-0.245,0.500,1.000,0.010,0.000,0.103,0.200,-0.200,0.200,0.500
29.628,1.000,0.200,0.044,-0.000,-0.000,0.044,1.119,0.025,0.005,0.000,0.001,-0.250,-0.244,-0.244,0.500,1.000,0.010,0.000,0.110,0.200,-0.200,0.200,0.500
29.718,1.000,0.200,0.036,-0.000,-0.000,0.036,1.122,-0.089,0.003,-0.000,0.001,-0.250,-0.246,-0.246,0.500,1.000,0.010,0.000,0.090,0.200,-0.200,0.200,0.500
29.813,1.000,0.200,0.038,-0.000,-0.000,0.038,1.126,0.021,0.004,0.000,0.001,-0.250,-0.245,-0.245,0.500,1.000,0.010,0.000,0.095,0.200,-0.200,0.200,0.500
29.923,1.000,0.200,0.044,-0.000,-0.000,0.044,1.131,0.055,0.005,0.000,0.001,-0.250,-0.244,-0.244,0.500,1.000,0.010,0.000,0.110,0.200,-0.200,0.200,0.500
30.014,1.000,0.200,0.036,-0.000,-0.000,0.036,1.134,-0.084,0.003,-0.000,0.001,-0.250,-0.246,-0.246,0.500,1.000,0.010,0.000,0.091,0.200,-0.200,0.200,0.500
30.115,1.000,0.200,0.040,-0.000,-0.000,0.040,1.138,0.040,0.004,0.000,0.001,-0.250,-0.245,-0.245,0.500,1.000,0.010,0.000,0.101,0.200,-0.200,0.200,0.500
30.212,1.000,0.200,0.039,-0.000,-0.000,0.039,1.142,-0.016,0.004,-0.000,0.001,-0.250,-0.245,-0.245,0.500,1.000,0.010,0.000,0.097,0.200,-0.200,0.200,0.500
30.314,1.000,0.200,0.041,-0.000,-0.000,0.041,1.146,0.020,0.004,0.000,0.001,-0.250,-0.245,-0.245,0.500,1.000,0.010,0.000,0.102,0.200,-0.200,0.200,0.500
30.418,1.000,0.200,0.042,-0.000,-0.000,0.042,1.150,0.008,0.004,0.000,0.001,-0.250,-0.244,-0.244,0.500,1.000,0.010,0.000,0.104,0.200,-0.200,0.200,0.500
30.515,1.000,0.200,0.039,-0.000,-0.000,0.039,1.154,-0.029,0.004,-0.000,0.001,-0.250,-0.245,-0.245,0.500,1.000,0.010,0.000,0.097,0.200,-0.200,0.200,0.500
30.622,1.000,0.200,0.043,-0.000,-0.000,0.043,1.159,0.037,0.005,0.000,0.001,-0.250,-0.244,-0.244,0.500,1.000,0.010,0.000,0.107,0.200,-0.200,0.200,0.500
30.713,1.000,0.200,0.036,-0.000,-0.000,0.036,1.162,-0.070,0.003,-0.000,0.001,-0.250,-0.246,-0.246,0.500,1.000,0.010,0.000,0.091,0.200,-0.200,0.200,0.500
30.815,1.000,0.200,0.041,-0.000,-0.000,0.041,1.166,0.043,0.004,0.000,0.001,-0.250,-0.245,-0.245,0.500,1.000,0.010,0.000,0.102,0.200,-0.200,0.200,0.500
30.913,1.000,0.200,0.039,-0.000,-0.000,0.039,1.170,-0.016,0.004,-0.000,0.001,-0.250,-0.245,-0.245,0.500,1.000,0.010,0.000,0.098,0.200,-0.200,0.200,0.500
31.016,1.000,0.200,0.041,-0.000,-0.000,0.041,1.174,0.019,0.004,0.000,0.001,-0.250,-0.245,-0.245,0.500,1.000,0.010,0.000,0.103,0.200,-0.200,0.200,0.500
31.121,1.000,0.200,0.042,-0.000,-0.000,0.042,1.179,0.008,0.004,0.000,0.001,-0.250,-0.244,-0.244,0.500,1.000,0.010,0.000,0.105,0.200,-0.200,0.200,0.500
31.215,1.000,0.200,0.038,-0.000,-0.000,0.038,1.182,-0.047,0.004,-0.000,0.001,-0.250,-0.245,-0.245,0.500,1.000,0.010,0.000,0.094,0.200,-0.200,0.200,0.500
31.314,1.000,0.200,0.040,-0.000,-0.000,0.040,1.186,0.020,0.004,0.000,0.001,-0.250,-0.245,-0.245,0.500,1.000,0.010,0.000,0.099,0.200,-0.200,0.200,0.500
31.419,1.000,0.200,0.042,-0.000,-0.000,0.042,1.191,0.023,0.004,0.000,0.001,-0.250,-0.244,-0.244,0.500,1.000,0.010,0.000,0.105,0.200,-0.200,0.200,0.500
31.530,1.000,0.200,0.044,-0.000,-0.000,0.044,1.196,0.022,0.005,0.000,0.001,-0.250,-0.244,-0.244,0.500,1.000,0.010,0.000,0.111,0.200,-0.200,0.200,0.500
31.614,1.000,0.200,0.034,-0.000,-0.000,0.034,1.198,-0.129,0.003,-0.000,0.001,-0.250,-0.246,-0.246,0.500,1.000,0.010,0.000,0.084,0.200,-0.200,0.200,0.500
31.715,1.000,0.200,0.040,-0.000,-0.000,0.040,1.202,0.067,0.004,0.000,0.001,-0.250,-0.245,-0.245,0.500,1.000,0.010,0.000,0.101,0.200,-0.200,0.200,0.500
31.830,1.000,0.200,0.046,-0.000,-0.000,0.046,1.208,0.049,0.005,0.000,0.001,-0.250,-0.243,-0.243,0.500,1.000,0.010,0.000,0.115,0.200,-0.200,0.200,0.500
31.915,1.000,0.200,0.034,-0.000,-0.000,0.034,1.211,-0.141,0.003,-0.000,0.001,-0.250,-0.246,-0.246,0.500,1.000,0.010,0.000,0.085,0.200,-0.200,0.200,0.500
32.015,1.000,0.200,0.040,-0.000,-0.000,0.040,1.215,0.060,0.004,0.000,0.001,-0.250,-0.245,-0.245,0.500,1.000,0.010,0.000,0.100,0.200,-0.200,0.200,0.500
32.114,1.000,0.200,0.040,-0.000,-0.000,0.040,1.219,-0.004,0.004,-0.000,0.001,-0.250,-0.245,-0.245,0.500,1.000,0.010,0.000,0.099,0.200,-0.200,0.200,0.500
32.224,1.000,0.200,0.044,-0.000,-0.000,0.044,1.223,0.040,0.005,0.000,0.001,-0.250,-0.244,-0.244,0.500,1.000,0.010,0.000,0.110,0.200,-0.200,0.200,0.500
32.314,1.000,0.200,0.036,-0.000,-0.000,0.036,1.227,-0.089,0.003,-0.000,0.001,-0.250,-0.246,-0.246,0.500,1.000,0.010,0.000,0.090,0.200,-0.200,0.200,0.500
32.420,1.000,0.200,0.042,-0.000,-0.000,0.042,1.231,0.060,0.004,0.000,0.001,-0.250,-0.244,-0.244,0.500,1.000,0.010,0.000,0.106,0.200,-0.200,0.200,0.500
32.518,1.000,0.200,0.039,-0.000,-0.000,0.039,1.235,-0.033,0.004,-0.000,0.001,-0.250,-0.245,-0.245,0.500,1.000,0.010,0.000,0.098,0.200,-0.200,0.200,0.500
32.623,1.000,0.200,0.042,-0.000,-0.000,0.042,1.239,0.027,0.004,0.000,0.001,-0.250,-0.244,-0.244,0.500,1.000,0.010,0.000,0.105,0.200,-0.200,0.200,0.500
32.715,1.000,0.200,0.037,-0.000,-0.000,0.037,1.243,-0.057,0.003,-0.000,0.001,-0.250,-0.245,-0.245,0.500,1.000,0.010,0.000,0.092,0.200,-0.200,0.200,0.500
32.818,1.000,0.200,0.041,-0.000,-0.000,0.041,1.247,0.043,0.004,0.000,0.001,-0.250,-0.244,-0.244,0.500,1.000,0.010,0.000,0.103,0.200,-0.200,0.200,0.500
32.917,1.000,0.200,0.040,-0.000,-0.000,0.040,1.251,-0.016,0.004,-0.000,0.001,-0.250,-0.245,-0.245,0.500,1.000,0.010,0.000,0.099,0.200,-0.200,0.200,0.500
33.013,1.000,0.200,0.038,-0.000,-0.000,0.038,1.255,-0.013,0.004,-0.000,0.001,-0.250,-0.245,-0.245,0.500,1.000,0.010,0.000,0.096,0.200,-0.200,0.200,0.500
33.115,1.000,0.200,0.041,-0.000,-0.000,0.041,1.259,0.024,0.004,0.000,0.001,-0.250,-0.245,-0.245,0.500,1.000,0.010,0.000,0.102,0.200,-0.200,0.200,0.500
33.216,1.000,0.200,0.040,-0.000,-0.000,0.040,1.263,-0.004,0.004,-0.000,0.001,-0.250,-0.245,-0.245,0.500,1.000,0.010,0.000,0.101,0.200,-0.200,0.200,0.500
33.315,1.000,0.200,0.040,-0.000,-0.000,0.040,1.267,-0.008,0.004,-0.000,0.001,-0.250,-0.245,-0.245,0.500,1.000,0.010,0.000,0.099,0.200,-0.200,0.200,0.500
33.414,1.000,0.200,0.040,-0.000,-0.000,0.040,1.271,-0.000,0.004,-0.000,0.001,-0.250,-0.245,-0.245,0.500,1.000,0.010,0.000,0.099,0.200,-0.200,0.200,0.500
33.517,1.000,0.200,0.041,-0.000,-0.000,0.041,1.275,0.016,0.004,0.000,0.001,-0.250,-0.244,-0.244,0.500,1.000,0.010,0.000,0.103,0.200,-0.200,0.200,0.500
33.618,1.000,0.200,0.040,-0.000,-0.000,0.040,1.279,-0.008,0.004,-0.000,0.001,-0.250,-0.245,-0.245,0.500,1.000,0.010,0.000,0.101,0.200,-0.200,0.200,0.500
33.713,1.000,0.200,0.038,-0.000,-0.000,0.038,1.283,-0.025,0.004,-0.000,0.001,-0.250,-0.245,-0.245,0.500,1.000,0.010,0.000,0.095,0.200,-0.200,0.200,0.500
33.825,1.000,0.200,0.045,-0.000,-0.000,0.045,1.288,0.061,0.005,0.000,0.001,-0.250,-0.244,-0.244,0.500,1.000,0.010,0.000,0.112,0.200,-0.200,0.200,0.500
33.913,1.000,0.200,0.035,-0.000,-0.000,0.035,1.291,-0.109,0.003,-0.000,0.001,-0.250,-0.246,-0.246,0.500,1.000,0.010,0.000,0.088,0.200,-0.200,0.200,0.500
34.013,1.000,0.200,0.040,-0.000,-0.000,0.040,1.295,0.048,0.004,0.000,0.001,-0.250,-0.245,-0.245,0.500,1.000,0.010,0.000,0.100,0.200,-0.200,0.200,0.500
34.115,1.000,0.200,0.041,-0.000,-0.000,0.041,1.299,0.008,0.004,0.000,0.001,-0.250,-0.245,-0.245,0.500,1.000,0.010,0.000,0.102,0.200,-0.200,0.200,0.500
34.216,1.000,0.200,0.040,-0.000,-0.000,0.040,1.303,-0.004,0.004,-0.000,0.001,-0.250,-0.245,-0.245,0.500,1.000,0.010,0.000,0.101,0.200,-0.200,0.200,0.500
34.313,1.000,0.200,0.039,-0.000,-0.000,0.039,1.307,-0.016,0.004,-0.000,0.001,-0.250,-0.245,-0.245,0.500,1.000,0.010,0.000,0.097,0.200,-0.200,0.200,0.500
34.424,1.000,0.200,0.044,-0.000,-0.000,0.044,1.312,0.050,0.005,0.000,0.001,-0.250,-0.244,-0.244,0.500,1.000,0.010,0.000,0.111,0.200,-0.200,0.200,0.500
34.523,1.000,0.200,0.040,-0.000,-0.000,0.040,1.316,-0.048,0.004,-0.000,0.001,-0.250,-0.245,-0.245,0.500,1.000,0.010,0.000,0.099,0.200,-0.200,0.200,0.500
34.615,1.000,0.200,0.037,-0.000,-0.000,0.037,1.319,-0.030,0.003,-0.000,0.001,-0.250,-0.245,-0.245,0.500,1.000,0.010,0.000,0.092,0.200,-0.200,0.200,0.500
34.718,1.000,0.200,0.041,-0.000,-0.000,0.041,1.323,0.043,0.004,0.000,0.001,-0.250,-0.244,-0.244,0.500,1.000,0.010,0.000,0.103,0.200,-0.200,0.200,0.500
34.832,1.000,0.200,0.046,-0.000,-0.000,0.046,1.328,0.039,0.005,0.000,0.002,-0.250,-0.243,-0.243,0.500,1.000,0.010,0.000,0.114,0.200,-0.200,0.200,0.500
34.912,1.000,0.200,0.032,-0.000,-0.000,0.032,1.331,-0.170,0.003,-0.000,0.001,-0.250,-0.246,-0.246,0.500,1.000,0.010,0.000,0.080,0.200,-0.200,0.200,0.500
35.025,1.000,0.200,0.045,-0.000,-0.000,0.045,1.336,0.117,0.005,0.000,0.002,-0.250,-0.243,-0.243,0.500,1.000,0.010,0.000,0.113,0.200,-0.200,0.200,0.500
35.113,1.000,0.200,0.035,-0.000,-0.000,0.035,1.339,-0.114,0.003,-0.000,0.001,-0.250,-0.246,-0.246,0.500,1.000,0.010,0.000,0.088,0.200,-0.200,0.200,0.500
35.228,1.000,0.200,0.046,-0.000,-0.000,0.046,1.344,0.094,0.005,0.000,0.002,-0.250,-0.243,-0.243,0.500,1.000,0.010,0.000,0.115,0.200,-0.200,0.200,0.500
35.314,1.000,0.200,0.034,-0.000,-0.000,0.034,1.347,-0.135,0.003,-0.000,0.001,-0.250,-0.246,-0.246,0.500,1.000,0.010,0.000,0.086,0.200,-0.200,0.200,0.500
35.427,1.000,0.200,0.045,-0.000,-0.000,0.045,1.353,0.096,0.005,0.000,0.002,-0.250,-0.243,-0.243,0.500,1.000,0.010,0.000,0.113,0.200,-0.200,0.200,0.500
35.515,1.000,0.200,0.035,-0.000,-0.000,0.035,1.356,-0.114,0.003,-0.000,0.001,-0.250,-0.246,-0.246,0.500,1.000,0.010,0.000,0.088,0.200,-0.200,0.200,0.500
35.614,1.000,0.200,0.040,-0.000,-0.000,0.040,1.360,0.044,0.004,0.000,0.001,-0.250,-0.245,-0.245,0.500,1.000,0.010,0.000,0.099,0.200,-0.200,0.200,0.500
35.727,1.000,0.200,0.045,-0.000,-0.000,0.045,1.365,0.050,0.005,0.000,0.002,-0.250,-0.243,-0.243,0.500,1.000,0.010,0.000,0.113,0.200,-0.200,0.200,0.500
35.814,1.000,0.200,0.035,-0.000,-0.000,0.035,1.368,-0.120,0.003,-0.000,0.001,-0.250,-0.246,-0.246,0.500,1.000,0.010,0.000,0.087,0.200,-0.200,0.200,0.500
35.913,1.000,0.200,0.040,-0.000,-0.000,0.040,1.372,0.048,0.004,0.000,0.001,-0.250,-0.245,-0.245,0.500,1.000,0.010,0.000,0.099,0.200,-0.200,0.200,0.500
36.015,1.000,0.200,0.041,-0.000,-0.000,0.041,1.376,0.012,0.004,0.000,0.001,-0.250,-0.244,-0.244,0.500,1.000,0.010,0.000,0.102,0.200,-0.200,0.200,0.500
36.114,1.000,0.200,0.040,-0.000,-0.000,0.040,1.380,-0.012,0.004,-0.000,0.001,-0.250,-0.245,-0.245,0.500,1.000,0.010,0.000,0.099,0.200,-0.200,0.200,0.500
36.215,1.000,0.200,0.040,-0.000,-0.000,0.040,1.384,0.008,0.004,0.000,0.001,-0.250,-0.245,-0.245,0.500,1.000,0.010,0.000,0.101,0.200,-0.200,0.200,0.500
36.315,1.000,0.200,0.040,-0.000,-0.000,0.040,1.388,-0.004,0.004,-0.000,0.001,-0.250,-0.245,-0.245,0.500,1.000,0.010,0.000,0.100,0.200,-0.200,0.200,0.500
36.416,1.000,0.200,0.040,-0.000,-0.000,0.040,1.392,0.004,0.004,0.000,0.001,-0.250,-0.245,-0.245,0.500,1.000,0.010,0.000,0.101,0.200,-0.200,0.200,0.500
36.515,1.000,0.200,0.040,-0.000,-0.000,0.040,1.396,-0.008,0.004,-0.000,0.001,-0.250,-0.245,-0.245,0.500,1.000,0.010,0.000,0.099,0.200,-0.200,0.200,0.500
36.615,1.000,0.200,0.040,-0.000,-0.000,0.040,1.400,0.004,0.004,0.000,0.001,-0.250,-0.245,-0.245,0.500,1.000,0.010,0.000,0.100,0.200,-0.200,0.200,0.500
36.716,1.000,0.200,0.040,-0.000,-0.000,0.040,1.404,0.004,0.004,0.000,0.001,-0.250,-0.245,-0.245,0.500,1.000,0.010,0.000,0.101,0.200,-0.200,0.200,0.500
36.816,1.000,0.200,0.040,-0.000,-0.000,0.040,1.408,-0.004,0.004,-0.000,0.001,-0.250,-0.245,-0.245,0.500,1.000,0.010,0.000,0.100,0.200,-0.200,0.200,0.500
36.914,1.000,0.200,0.039,-0.000,-0.000,0.039,1.412,-0.008,0.004,-0.000,0.001,-0.250,-0.245,-0.245,0.500,1.000,0.010,0.000,0.098,0.200,-0.200,0.200,0.500
37.013,1.000,0.200,0.040,-0.000,-0.000,0.040,1.416,0.004,0.004,0.000,0.001,-0.250,-0.245,-0.245,0.500,1.000,0.010,0.000,0.099,0.200,-0.200,0.200,0.500
37.114,1.000,0.200,0.040,-0.000,-0.000,0.040,1.420,0.008,0.004,0.000,0.001,-0.250,-0.244,-0.244,0.500,1.000,0.010,0.000,0.101,0.200,-0.200,0.200,0.500
37.213,1.000,0.200,0.040,-0.000,-0.000,0.040,1.424,-0.008,0.004,-0.000,0.001,-0.250,-0.245,-0.245,0.500,1.000,0.010,0.000,0.099,0.200,-0.200,0.200,0.500
37.313,1.000,0.200,0.040,-0.000,-0.000,0.040,1.428,0.004,0.004,0.000,0.001,-0.250,-0.245,-0.245,0.500,1.000,0.010,0.000,0.100,0.200,-0.200,0.200,0.500
37.425,1.000,0.200,0.045,-0.000,-0.000,0.045,1.433,0.043,0.005,0.000,0.002,-0.250,-0.243,-0.243,0.500,1.000,0.010,0.000,0.112,0.200,-0.200,0.200,0.500
37.529,1.000,0.200,0.042,-0.000,-0.000,0.042,1.437,-0.031,0.004,-0.000,0.001,-0.250,-0.244,-0.244,0.500,1.000,0.010,0.000,0.104,0.200,-0.200,0.200,0.500
37.631,1.000,0.200,0.041,-0.000,-0.000,0.041,1.441,-0.008,0.004,-0.000,0.001,-0.250,-0.244,-0.244,0.500,1.000,0.010,0.000,0.102,0.200,-0.200,0.200,0.500
37.720,1.000,0.200,0.036,-0.000,-0.000,0.036,1.444,-0.058,0.003,-0.000,0.001,-0.250,-0.246,-0.246,0.500,1.000,0.010,0.000,0.089,0.200,-0.200,0.200,0.500
37.819,1.000,0.200,0.040,-0.000,-0.000,0.040,1.448,0.040,0.004,0.000,0.001,-0.250,-0.245,-0.245,0.500,1.000,0.010,0.000,0.099,0.200,-0.200,0.200,0.500
37.917,1.000,0.200,0.039,-0.000,-0.000,0.039,1.452,-0.004,0.004,-0.000,0.001,-0.250,-0.245,-0.245,0.500,1.000,0.010,0.000,0.098,0.200,-0.200,0.200,0.500
38.015,1.000,0.200,0.039,-0.000,-0.000,0.039,1.456,-0.000,0.004,-0.000,0.001,-0.250,-0.245,-0.245,0.500,1.000,0.010,0.000,0.098,0.200,-0.200,0.200,0.500
38.115,1.000,0.200,0.040,-0.000,-0.000,0.040,1.460,0.008,0.004,0.000,0.001,-0.250,-0.245,-0.245,0.500,1.000,0.010,0.000,0.100,0.200,-0.200,0.200,0.500
38.213,1.000,0.200,0.039,-0.000,-0.000,0.039,1.464,-0.008,0.004,-0.000,0.001,-0.250,-0.245,-0.245,0.500,1.000,0.010,0.000,0.098,0.200,-0.200,0.200,0.500
38.313,1.000,0.200,0.040,-0.000,-0.000,0.040,1.468,0.008,0.004,0.000,0.001,-0.250,-0.245,-0.245,0.500,1.000,0.010,0.000,0.100,0.200,-0.200,0.200,0.500
38.413,1.000,0.200,0.040,-0.000,-0.000,0.040,1.472,0.000,0.004,0.000,0.001,-0.250,-0.245,-0.245,0.500,1.000,0.010,0.000,0.100,0.200,-0.200,0.200,0.500
38.513,1.000,0.200,0.040,-0.000,-0.000,0.040,1.476,0.000,0.004,0.000,0.001,-0.250,-0.245,-0.245,0.500,1.000,0.010,0.000,0.100,0.200,-0.200,0.200,0.500
38.615,1.000,0.200,0.041,-0.000,-0.000,0.041,1.480,0.008,0.004,0.000,0.002,-0.250,-0.244,-0.244,0.500,1.000,0.010,0.000,0.102,0.200,-0.200,0.200,0.500
38.725,1.000,0.200,0.044,-0.000,-0.000,0.044,1.485,0.029,0.005,0.000,0.002,-0.250,-0.244,-0.244,0.500,1.000,0.010,0.000,0.110,0.200,-0.200,0.200,0.500
38.814,1.000,0.200,0.036,-0.000,-0.000,0.036,1.488,-0.094,0.003,-0.000,0.001,-0.250,-0.246,-0.246,0.500,1.000,0.010,0.000,0.089,0.200,-0.200,0.200,0.500
38.914,1.000,0.200,0.040,-0.000,-0.000,0.040,1.492,0.044,0.004,0.000,0.001,-0.250,-0.245,-0.245,0.500,1.000,0.010,0.000,0.100,0.200,-0.200,0.200,0.500
39.024,1.000,0.200,0.044,-0.000,-0.000,0.044,1.497,0.036,0.005,0.000,0.002,-0.250,-0.244,-0.244,0.500,1.000,0.010,0.000,0.110,0.200,-0.200,0.200,0.500
39.115,1.000,0.200,0.036,-0.000,-0.000,0.036,1.500,-0.084,0.003,-0.000,0.001,-0.250,-0.245,-0.245,0.500,1.000,0.010,0.000,0.091,0.200,-0.200,0.200,0.500
39.214,1.000,0.200,0.040,-0.000,-0.000,0.040,1.504,0.032,0.004,0.000,0.001,-0.250,-0.245,-0.245,0.500,1.000,0.010,0.000,0.099,0.200,-0.200,0.200,0.500
39.324,1.000,0.200,0.044,-0.000,-0.000,0.044,1.509,0.040,0.005,0.000,0.002,-0.250,-0.244,-0.244,0.500,1.000,0.010,0.000,0.110,0.200,-0.200,0.200,0.500
39.417,1.000,0.200,0.037,-0.000,-0.000,0.037,1.512,-0.073,0.003,-0.000,0.001,-0.250,-0.245,-0.245,0.500,1.000,0.010,0.000,0.093,0.200,-0.200,0.200,0.500
39.516,1.000,0.200,0.040,-0.000,-0.000,0.040,1.516,0.024,0.004,0.000,0.002,-0.250,-0.245,-0.245,0.500,1.000,0.010,0.000,0.099,0.200,-0.200,0.200,0.500
39.614,1.000,0.200,0.039,-0.000,-0.000,0.039,1.520,-0.004,0.004,-0.000,0.001,-0.250,-0.245,-0.245,0.500,1.000,0.010,0.000,0.098,0.200,-0.200,0.200,0.500
39.714,1.000,0.200,0.040,-0.000,-0.000,0.040,1.524,0.008,0.004,0.000,0.002,-0.250,-0.244,-0.244,0.500,1.000,0.010,0.000,0.100,0.200,-0.200,0.200,0.500
39.821,1.000,0.200,0.043,-0.000,-0.000,0.043,1.529,0.026,0.005,0.000,0.002,-0.250,-0.244,-0.244,0.500,1.000,0.010,0.000,0.107,0.200,-0.200,0.200,0.500
39.914,1.000,0.200,0.037,-0.000,-0.000,0.037,1.532,-0.060,0.003,-0.000,0.001,-0.250,-0.245,-0.245,0.500,1.000,0.010,0.000,0.093,0.200,-0.200,0.200,0.500
40.018,1.000,0.200,0.042,-0.000,-0.000,0.042,1.536,0.042,0.004,0.000,0.002,-0.250,-0.244,-0.244,0.500,1.000,0.010,0.000,0.104,0.200,-0.200,0.200,0.500
40.121,1.000,0.200,0.041,-0.000,-0.000,0.041,1.541,-0.004,0.004,-0.000,0.002,-0.250,-0.244,-0.244,0.500,1.000,0.010,0.000,0.103,0.200,-0.200,0.200,0.500
40.213,1.000,0.200,0.037,-0.000,-0.000,0.037,1.544,-0.048,0.003,-0.000,0.001,-0.250,-0.245,-0.245,0.500,1.000,0.010,0.000,0.092,0.200,-0.200,0.200,0.500
40.320,1.000,0.200,0.043,-0.000,-0.000,0.043,1.549,0.056,0.005,0.000,0.002,-0.250,-0.244,-0.244,0.500,1.000,0.010,0.000,0.107,0.200,-0.200,0.200,0.500
40.419,1.000,0.200,0.040,-0.000,-0.000,0.040,1.553,-0.032,0.004,-0.000,0.002,-0.250,-0.245,-0.245,0.500,1.000,0.010,0.000,0.099,0.200,-0.200,0.200,0.500
