0.038000,0.038000,1.000000,0.200000,0.055073,0.600000,0.100000,0.600000,-0.500000,0.050000,
0.061000,0.023000,1.000000,0.200000,0.200000,0.600000,0.100000,0.600000,-0.500000,0.050000,
0.073000,0.012000,1.000000,0.200000,0.200000,0.600000,0.100000,0.600000,-0.500000,0.050000,
0.085000,0.012000,1.000000,0.200000,0.200000,0.600000,0.100000,0.600000,-0.500000,0.050000,
0.101000,0.016000,1.000000,0.200000,0.200000,0.600000,0.100000,0.600000,-0.500000,0.050000,
0.110000,0.009000,1.000000,0.200000,0.200000,0.600000,0.100000,0.600000,-0.500000,0.050000,
0.122000,0.012000,1.000000,0.200000,0.200000,0.600000,0.100000,0.600000,-0.500000,0.050000,
0.134000,0.012000,1.000000,0.200000,0.200000,0.600000,0.100000,0.600000,-0.500000,0.050000,
0.145000,0.011000,1.000000,0.200000,0.200000,0.600000,0.100000,0.600000,-0.500000,0.050000,
0.158000,0.013000,1.000000,0.200000,0.200000,0.600000,0.100000,0.600000,-0.500000,0.050000,
0.172000,0.014000,1.000000,0.200000,0.200000,0.600000,0.100000,0.600000,-0.500000,0.050000,
0.184000,0.012000,1.000000,0.200000,0.200000,0.600000,0.100000,0.600000,-0.500000,0.050000,
0.194000,0.010000,1.000000,0.200000,0.200000,0.600000,0.100000,0.600000,-0.500000,0.050000,
0.205000,0.011000,1.000000,0.200000,0.200000,0.600000,0.100000,0.600000,-0.500000,0.050000,
0.217000,0.012000,1.000000,0.200000,0.200000,0.600000,0.100000,0.600000,-0.500000,0.050000,
0.228000,0.011000,1.000000,0.200000,0.200000,0.600000,0.100000,0.600000,-0.500000,0.050000,
0.238000,0.010000,1.000000,0.200000,0.200000,0.600000,0.100000,0.600000,-0.500000,0.050000,
0.251000,0.013000,1.000000,0.200000,0.200000,0.600000,0.100000,0.600000,-0.500000,0.050000,
0.262000,0.011000,1.000000,0.200000,0.200000,0.600000,0.100000,0.600000,-0.500000,0.050000,
0.274000,0.012000,1.000000,0.200000,0.200000,0.600000,0.100000,0.600000,-0.500000,0.050000,
0.286000,0.012000,1.000000,0.200000,0.200000,0.600000,0.100000,0.600000,-0.500000,0.050000,
0.296000,0.010000,1.000000,0.200000,0.200000,0.600000,0.100000,0.600000,-0.500000,0.050000,
0.306000,0.010000,1.000000,0.200000,0.200000,0.600000,0.100000,0.600000,-0.500000,0.050000,
0.317000,0.011000,1.000000,0.200000,0.200000,0.600000,0.100000,0.600000,-0.500000,0.050000,
0.328000,0.011000,1.000000,0.200000,0.200000,0.600000,0.100000,0.600000,-0.500000,0.050000,
0.340000,0.012000,1.000000,0.200000,0.200000,0.600000,0.100000,0.600000,-0.500000,0.050000,
0.352000,0.012000,1.000000,0.200000,0.200000,0.600000,0.100000,0.600000,-0.500000,0.050000,
0.362000,0.010000,1.000000,0.200000,0.200000,0.600000,0.100000,0.600000,-0.500000,0.050000,
0.372000,0.010000,1.000000,0.200000,0.200000,0.600000,0.100000,0.600000,-0.500000,0.050000,
0.384000,0.012000,1.000000,0.200000,0.200000,0.600000,0.100000,0.600000,-0.500000,0.050000,
0.394000,0.010000,1.000000,0.200000,0.200000,0.600000,0.100000,0.600000,-0.500000,0.050000,
0.407000,0.013000,1.000000,0.200000,0.200000,0.600000,0.100000,0.600000,-0.500000,0.050000,
0.418000,0.011000,1.000000,0.200000,0.200000,0.600000,0.100000,0.600000,-0.500000,0.050000,
0.428000,0.010000,1.000000,0.200000,0.200000,0.600000,0.100000,0.600000,-0.500000,0.050000,
0.439000,0.011000,1.000000,0.200000,0.200000,0.600000,0.100000,0.600000,-0.500000,0.050000,
0.450000,0.011000,1.000000,0.200000,0.200000,0.600000,0.100000,0.600000,-0.500000,0.050000,
0.462000,0.012000,1.000000,0.200000,0.200000,0.600000,0.100000,0.600000,-0.500000,0.050000,
0.474000,0.012000,1.000000,0.200000,0.200000,0.600000,0.100000,0.600000,-0.500000,0.050000,
0.486000,0.012000,1.000000,0.200000,0.200000,0.600000,0.100000,0.600000,-0.500000,0.050000,
0.497000,0.011000,1.000000,0.200000,0.200000,0.600000,0.100000,0.600000,-0.500000,0.050000,
0.509000,0.012000,1.000000,0.200000,0.200000,0.600000,0.100000,0.600000,-0.500000,0.050000,
0.525000,0.016000,1.000000,0.200000,0.200000,0.600000,0.100000,0.600000,-0.500000,0.050000,
0.536000,0.011000,1.000000,0.200000,0.200000,0.600000,0.100000,0.600000,-0.500000,0.050000,
0.549000,0.013000,1.000000,0.200000,0.200000,0.600000,0.100000,0.600000,-0.500000,0.050000,
0.559000,0.010000,1.000000,0.200000,0.200000,0.600000,0.100000,0.600000,-0.500000,0.050000,
0.571000,0.012000,1.000000,0.200000,0.200000,0.600000,0.100000,0.600000,-0.500000,0.050000,
0.584000,0.013000,1.000000,0.200000,0.200000,0.600000,0.100000,0.600000,-0.500000,0.050000,
0.594000,0.010000,1.000000,0.200000,0.200000,0.600000,0.100000,0.600000,-0.500000,0.050000,
0.608000,0.014000,1.000000,0.200000,0.200000,0.600000,0.100000,0.600000,-0.500000,0.050000,
0.621000,0.013000,1.000000,0.200000,0.200000,0.600000,0.100000,0.600000,-0.500000,0.050000,
0.636000,0.015000,1.000000,0.200000,0.200000,0.600000,0.100000,0.600000,-0.500000,0.050000,
0.648000,0.012000,1.000000,0.200000,0.200000,0.600000,0.100000,0.600000,-0.500000,0.050000,
0.662000,0.014000,1.000000,0.200000,0.200000,0.600000,0.100000,0.600000,-0.500000,0.050000,
0.675000,0.013000,1.000000,0.200000,0.200000,0.600000,0.100000,0.600000,-0.500000,0.050000,
0.687000,0.012000,1.000000,0.200000,0.200000,0.600000,0.100000,0.600000,-0.500000,0.050000,
0.699000,0.012000,1.000000,0.200000,0.200000,0.600000,0.100000,0.600000,-0.500000,0.050000,
0.709000,0.010000,1.000000,0.200000,0.200000,0.600000,0.100000,0.600000,-0.500000,0.050000,
0.722000,0.013000,1.000000,0.200000,0.200000,0.600000,0.100000,0.600000,-0.500000,0.050000,
0.735000,0.013000,1.000000,0.200000,0.200000,0.600000,0.100000,0.600000,-0.500000,0.050000,
0.744000,0.009000,1.000000,0.200000,0.200000,0.600000,0.100000,0.600000,-0.500000,0.050000,
0.756000,0.012000,1.000000,0.200000,0.200000,0.600000,0.100000,0.600000,-0.500000,0.050000,
0.767000,0.011000,1.000000,0.200000,0.200000,0.600000,0.100000,0.600000,-0.500000,0.050000,
0.778000,0.011000,1.000000,0.200000,0.200000,0.600000,0.100000,0.600000,-0.500000,0.050000,
0.790000,0.012000,1.000000,0.200000,0.200000,0.600000,0.100000,0.600000,-0.500000,0.050000,
0.803000,0.013000,1.000000,0.200000,0.200000,0.600000,0.100000,0.600000,-0.500000,0.050000,
0.815000,0.012000,1.000000,0.200000,0.200000,0.600000,0.100000,0.600000,-0.500000,0.050000,
0.826000,0.011000,1.000000,0.200000,0.200000,0.600000,0.100000,0.600000,-0.500000,0.050000,
0.839000,0.013000,1.000000,0.200000,0.200000,0.600000,0.100000,0.600000,-0.500000,0.050000,
0.854000,0.015000,1.000000,0.200000,0.200000,0.600000,0.100000,0.600000,-0.500000,0.050000,
0.867000,0.013000,1.000000,0.200000,0.200000,0.600000,0.100000,0.600000,-0.500000,0.050000,
0.878000,0.011000,1.000000,0.200000,0.200000,0.600000,0.100000,0.600000,-0.500000,0.050000,
0.890000,0.012000,1.000000,0.200000,0.200000,0.600000,0.100000,0.600000,-0.500000,0.050000,
0.903000,0.013000,1.000000,0.200000,0.200000,0.600000,0.100000,0.600000,-0.500000,0.050000,
0.915000,0.012000,1.000000,0.200000,0.200000,0.600000,0.100000,0.600000,-0.500000,0.050000,
0.927000,0.012000,1.000000,0.200000,0.200000,0.600000,0.100000,0.600000,-0.500000,0.050000,
0.938000,0.011000,1.000000,0.200000,0.200000,0.600000,0.100000,0.600000,-0.500000,0.050000,
0.953000,0.015000,1.000000,0.200000,0.200000,0.600000,0.100000,0.600000,-0.500000,0.050000,
0.963000,0.010000,1.000000,0.200000,0.200000,0.600000,0.100000,0.600000,-0.500000,0.050000,
0.975000,0.012000,1.000000,0.200000,0.200000,0.600000,0.100000,0.600000,-0.500000,0.050000,
0.987000,0.012000,1.000000,0.200000,0.200000,0.600000,0.100000,0.600000,-0.500000,0.050000,
1.002000,0.015000,1.000000,0.200000,0.200000,0.600000,0.100000,0.600000,-0.500000,0.050000,
1.013000,0.011000,1.000000,0.200000,0.200000,0.600000,0.100000,0.600000,-0.500000,0.050000,
1.024000,0.011000,1.000000,0.200000,0.200000,0.600000,0.100000,0.600000,-0.500000,0.050000,
1.037000,0.013000,1.000000,0.200000,0.200000,0.600000,0.100000,0.600000,-0.500000,0.050000,
1.048000,0.011000,1.000000,0.200000,0.200000,0.600000,0.100000,0.600000,-0.500000,0.050000,
1.058000,0.010000,1.000000,0.200000,0.200000,0.600000,0.100000,0.600000,-0.500000,0.050000,
1.068000,0.010000,1.000000,0.200000,0.200000,0.600000,0.100000,0.600000,-0.500000,0.050000,
1.081000,0.013000,1.000000,0.200000,0.200000,0.600000,0.100000,0.600000,-0.500000,0.050000,
1.092000,0.011000,1.000000,0.200000,0.200000,0.600000,0.100000,0.600000,-0.500000,0.050000,
1.105000,0.013000,1.000000,0.200000,0.200000,0.600000,0.100000,0.600000,-0.500000,0.050000,
1.115000,0.010000,1.000000,0.200000,0.200000,0.600000,0.100000,0.600000,-0.500000,0.050000,
1.125000,0.010000,1.000000,0.200000,0.200000,0.600000,0.100000,0.600000,-0.500000,0.050000,
1.136000,0.011000,1.000000,0.200000,0.200000,0.600000,0.100000,0.600000,-0.500000,0.050000,
1.150000,0.014000,1.000000,0.200000,0.200000,0.600000,0.100000,0.600000,-0.500000,0.050000,
1.160000,0.010000,1.000000,0.200000,0.200000,0.600000,0.100000,0.600000,-0.500000,0.050000,
1.172000,0.012000,1.000000,0.200000,0.200000,0.600000,0.100000,0.600000,-0.500000,0.050000,
1.184000,0.012000,1.000000,0.200000,0.200000,0.600000,0.100000,0.600000,-0.500000,0.050000,
1.197000,0.013000,1.000000,0.200000,0.200000,0.600000,0.100000,0.600000,-0.500000,0.050000,
1.208000,0.011000,1.000000,0.200000,0.200000,0.600000,0.100000,0.600000,-0.500000,0.050000,
1.221000,0.013000,1.000000,0.200000,0.200000,0.600000,0.100000,0.600000,-0.500000,0.050000,
1.233000,0.012000,1.000000,0.200000,0.200000,0.600000,0.100000,0.600000,-0.500000,0.050000,
1.245000,0.012000,1.000000,0.200000,0.200000,0.600000,0.100000,0.600000,-0.500000,0.050000,
1.257000,0.012000,1.000000,0.200000,0.200000,0.600000,0.100000,0.600000,-0.500000,0.050000,
1.269000,0.012000,1.000000,0.200000,0.200000,0.600000,0.100000,0.600000,-0.500000,0.050000,
1.279000,0.010000,1.000000,0.200000,0.200000,0.600000,0.100000,0.600000,-0.500000,0.050000,
1.292000,0.013000,1.000000,0.200000,0.200000,0.600000,0.100000,0.600000,-0.500000,0.050000,
1.305000,0.013000,1.000000,0.200000,0.200000,0.600000,0.100000,0.600000,-0.500000,0.050000,
1.317000,0.012000,1.000000,0.200000,0.200000,0.600000,0.100000,0.600000,-0.500000,0.050000,
1.328000,0.011000,1.000000,0.200000,0.200000,0.600000,0.100000,0.600000,-0.500000,0.050000,
1.340000,0.012000,1.000000,0.200000,0.200000,0.600000,0.100000,0.600000,-0.500000,0.050000,
1.353000,0.013000,1.000000,0.200000,0.200000,0.600000,0.100000,0.600000,-0.500000,0.050000,
1.367000,0.014000,1.000000,0.200000,0.200000,0.600000,0.100000,0.600000,-0.500000,0.050000,
1.381000,0.014000,1.000000,0.200000,0.200000,0.600000,0.100000,0.600000,-0.500000,0.050000,
1.392000,0.011000,1.000000,0.200000,0.200000,0.600000,0.100000,0.600000,-0.500000,0.050000,
1.404000,0.012000,1.000000,0.200000,0.200000,0.600000,0.100000,0.600000,-0.500000,0.050000,
1.414000,0.010000,1.000000,0.200000,0.200000,0.600000,0.100000,0.600000,-0.500000,0.050000,
1.425000,0.011000,1.000000,0.200000,0.200000,0.600000,0.100000,0.600000,-0.500000,0.050000,
1.438000,0.013000,1.000000,0.200000,0.200000,0.600000,0.100000,0.600000,-0.500000,0.050000,
1.450000,0.012000,1.000000,0.200000,0.200000,0.600000,0.100000,0.600000,-0.500000,0.050000,
1.459000,0.009000,1.000000,0.200000,0.200000,0.600000,0.100000,0.600000,-0.500000,0.050000,
1.474000,0.015000,1.000000,0.200000,0.200000,0.600000,0.100000,0.600000,-0.500000,0.050000,
1.487000,0.013000,1.000000,0.200000,0.200000,0.600000,0.100000,0.600000,-0.500000,0.050000,
1.503000,0.016000,1.000000,0.200000,0.200000,0.600000,0.100000,0.600000,-0.500000,0.050000,
1.515000,0.012000,1.000000,0.200000,0.200000,0.600000,0.100000,0.600000,-0.500000,0.050000,
1.526000,0.011000,1.000000,0.200000,0.200000,0.600000,0.100000,0.600000,-0.500000,0.050000,
1.538000,0.012000,1.000000,0.200000,0.200000,0.600000,0.100000,0.600000,-0.500000,0.050000,
1.550000,0.012000,1.000000,0.200000,0.200000,0.600000,0.100000,0.600000,-0.500000,0.050000,
1.560000,0.010000,1.000000,0.200000,0.200000,0.600000,0.100000,0.600000,-0.500000,0.050000,
1.572000,0.012000,1.000000,0.200000,0.200000,0.600000,0.100000,0.600000,-0.500000,0.050000,
1.582000,0.010000,1.000000,0.200000,0.200000,0.600000,0.100000,0.600000,-0.500000,0.050000,
1.594000,0.012000,1.000000,0.200000,0.200000,0.600000,0.100000,0.600000,-0.500000,0.050000,
1.604000,0.010000,1.000000,0.200000,0.200000,0.600000,0.100000,0.600000,-0.500000,0.050000,
1.615000,0.011000,1.000000,0.200000,0.200000,0.600000,0.100000,0.600000,-0.500000,0.050000,
1.627000,0.012000,1.000000,0.200000,0.200000,0.600000,0.100000,0.600000,-0.500000,0.050000,
1.638000,0.011000,1.000000,0.200000,0.200000,0.600000,0.100000,0.600000,-0.500000,0.050000,
1.652000,0.014000,1.000000,0.200000,0.200000,0.600000,0.100000,0.600000,-0.500000,0.050000,
1.661000,0.009000,1.000000,0.200000,0.200000,0.600000,0.100000,0.600000,-0.500000,0.050000,
1.672000,0.011000,1.000000,0.200000,0.200000,0.600000,0.100000,0.600000,-0.500000,0.050000,
1.685000,0.013000,1.000000,0.200000,0.200000,0.600000,0.100000,0.600000,-0.500000,0.050000,
1.693000,0.008000,1.000000,0.200000,0.200000,0.600000,0.100000,0.600000,-0.500000,0.050000,
1.706000,0.013000,1.000000,0.200000,0.200000,0.600000,0.100000,0.600000,-0.500000,0.050000,
1.721000,0.015000,1.000000,0.200000,0.200000,0.600000,0.100000,0.600000,-0.500000,0.050000,
1.732000,0.011000,1.000000,0.200000,0.200000,0.600000,0.100000,0.600000,-0.500000,0.050000,
1.743000,0.011000,1.000000,0.200000,0.200000,0.600000,0.100000,0.600000,-0.500000,0.050000,
1.754000,0.011000,1.000000,0.200000,0.200000,0.600000,0.100000,0.600000,-0.500000,0.050000,
1.770000,0.016000,1.000000,0.200000,0.200000,0.600000,0.100000,0.600000,-0.500000,0.050000,
1.780000,0.010000,1.000000,0.200000,0.200000,0.600000,0.100000,0.600000,-0.500000,0.050000,
1.791000,0.011000,1.000000,0.200000,0.200000,0.600000,0.100000,0.600000,-0.500000,0.050000,
1.806000,0.015000,1.000000,0.200000,0.200000,0.600000,0.100000,0.600000,-0.500000,0.050000,
1.818000,0.012000,1.000000,0.200000,0.200000,0.600000,0.100000,0.600000,-0.500000,0.050000,
1.827000,0.009000,1.000000,0.200000,0.200000,0.600000,0.100000,0.600000,-0.500000,0.050000,
1.838000,0.011000,1.000000,0.200000,0.200000,0.600000,0.100000,0.600000,-0.500000,0.050000,
1.851000,0.013000,1.000000,0.200000,0.200000,0.600000,0.100000,0.600000,-0.500000,0.050000,
1.859000,0.008000,1.000000,0.200000,0.200000,0.600000,0.100000,0.600000,-0.500000,0.050000,
1.872000,0.013000,1.000000,0.200000,0.200000,0.600000,0.100000,0.600000,-0.500000,0.050000,
1.884000,0.012000,1.000000,0.200000,0.200000,0.600000,0.100000,0.600000,-0.500000,0.050000,
1.893000,0.009000,1.000000,0.200000,0.200000,0.600000,0.100000,0.600000,-0.500000,0.050000,
1.905000,0.012000,1.000000,0.200000,0.200000,0.600000,0.100000,0.600000,-0.500000,0.050000,
1.918000,0.013000,1.000000,0.200000,0.200000,0.600000,0.100000,0.600000,-0.500000,0.050000,
1.927000,0.009000,1.000000,0.200000,0.200000,0.600000,0.100000,0.600000,-0.500000,0.050000,
1.943000,0.016000,1.000000,0.200000,0.200000,0.600000,0.100000,0.600000,-0.500000,0.050000,
1.956000,0.013000,1.000000,0.200000,0.200000,0.600000,0.100000,0.600000,-0.500000,0.050000,
1.968000,0.012000,1.000000,0.200000,0.200000,0.600000,0.100000,0.600000,-0.500000,0.050000,
1.978000,0.010000,1.000000,0.200000,0.200000,0.600000,0.100000,0.600000,-0.500000,0.050000,
1.988000,0.010000,1.000000,0.200000,0.200000,0.600000,0.100000,0.600000,-0.500000,0.050000,
2.002000,0.014000,1.000000,0.200000,0.200000,0.600000,0.100000,0.600000,-0.500000,0.050000,
2.012000,0.010000,1.000000,0.200000,0.200000,0.600000,0.100000,0.600000,-0.500000,0.050000,
2.022000,0.010000,1.000000,0.200000,0.200000,0.600000,0.100000,0.600000,-0.500000,0.050000,
2.035000,0.013000,1.000000,0.200000,0.200000,0.600000,0.100000,0.600000,-0.500000,0.050000,
2.045000,0.010000,1.000000,0.200000,0.200000,0.600000,0.100000,0.600000,-0.500000,0.050000,
2.056000,0.011000,1.000000,0.200000,0.200000,0.600000,0.100000,0.600000,-0.500000,0.050000,
2.068000,0.012000,1.000000,0.200000,0.200000,0.600000,0.100000,0.600000,-0.500000,0.050000,
2.078000,0.010000,1.000000,0.200000,0.200000,0.600000,0.100000,0.600000,-0.500000,0.050000,
2.090000,0.012000,1.000000,0.200000,0.200000,0.600000,0.100000,0.600000,-0.500000,0.050000,
2.103000,0.013000,1.000000,0.200000,0.200000,0.600000,0.100000,0.600000,-0.500000,0.050000,
2.113000,0.010000,1.000000,0.200000,0.200000,0.600000,0.100000,0.600000,-0.500000,0.050000,
2.124000,0.011000,1.000000,0.200000,0.200000,0.600000,0.100000,0.600000,-0.500000,0.050000,
2.136000,0.012000,1.000000,0.200000,0.200000,0.600000,0.100000,0.600000,-0.500000,0.050000,
2.150000,0.014000,1.000000,0.200000,0.200000,0.600000,0.100000,0.600000,-0.500000,0.050000,
2.158000,0.008000,1.000000,0.200000,0.200000,0.600000,0.100000,0.600000,-0.500000,0.050000,
2.171000,0.013000,1.000000,0.200000,0.200000,0.600000,0.100000,0.600000,-0.500000,0.050000,
2.183000,0.012000,1.000000,0.200000,0.200000,0.600000,0.100000,0.600000,-0.500000,0.050000,
2.193000,0.010000,1.000000,0.200000,0.200000,0.600000,0.100000,0.600000,-0.500000,0.050000,
2.204000,0.011000,1.000000,0.200000,0.200000,0.600000,0.100000,0.600000,-0.500000,0.050000,
2.216000,0.012000,1.000000,0.200000,0.200000,0.600000,0.100000,0.600000,-0.500000,0.050000,
2.227000,0.011000,1.000000,0.200000,0.200000,0.600000,0.100000,0.600000,-0.500000,0.050000,
2.239000,0.012000,1.000000,0.200000,0.200000,0.600000,0.100000,0.600000,-0.500000,0.050000,
2.258000,0.019000,1.000000,0.200000,0.200000,0.600000,0.100000,0.600000,-0.500000,0.050000,
2.269000,0.011000,1.000000,0.200000,0.200000,0.600000,0.100000,0.600000,-0.500000,0.050000,
2.280000,0.011000,1.000000,0.200000,0.200000,0.600000,0.100000,0.600000,-0.500000,0.050000,
2.294000,0.014000,1.000000,0.200000,0.200000,0.600000,0.100000,0.600000,-0.500000,0.050000,
2.306000,0.012000,1.000000,0.200000,0.200000,0.600000,0.100000,0.600000,-0.500000,0.050000,
2.318000,0.012000,1.000000,0.200000,0.200000,0.600000,0.100000,0.600000,-0.500000,0.050000,
2.329000,0.011000,1.000000,0.200000,0.200000,0.600000,0.100000,0.600000,-0.500000,0.050000,
2.342000,0.013000,1.000000,0.200000,0.200000,0.600000,0.100000,0.600000,-0.500000,0.050000,
2.354000,0.012000,1.000000,0.200000,0.200000,0.600000,0.100000,0.600000,-0.500000,0.050000,
2.363000,0.009000,1.000000,0.200000,0.200000,0.600000,0.100000,0.600000,-0.500000,0.050000,
2.374000,0.011000,1.000000,0.200000,0.200000,0.600000,0.100000,0.600000,-0.500000,0.050000,
2.386000,0.012000,1.000000,0.200000,0.200000,0.600000,0.100000,0.600000,-0.500000,0.050000,
2.397000,0.011000,1.000000,0.200000,0.200000,0.600000,0.100000,0.600000,-0.500000,0.050000,
2.409000,0.012000,1.000000,0.200000,0.200000,0.600000,0.100000,0.600000,-0.500000,0.050000,
2.423000,0.014000,1.000000,0.200000,0.200000,0.600000,0.100000,0.600000,-0.500000,0.050000,
2.432000,0.009000,1.000000,0.200000,0.200000,0.600000,0.100000,0.600000,-0.500000,0.050000,
2.444000,0.012000,1.000000,0.200000,0.200000,0.600000,0.100000,0.600000,-0.500000,0.050000,
2.457000,0.013000,1.000000,0.200000,0.200000,0.600000,0.100000,0.600000,-0.500000,0.050000,
2.468000,0.011000,1.000000,0.200000,0.200000,0.600000,0.100000,0.600000,-0.500000,0.050000,
2.479000,0.011000,1.000000,0.200000,0.200000,0.600000,0.100000,0.600000,-0.500000,0.050000,
2.491000,0.012000,1.000000,0.200000,0.200000,0.600000,0.100000,0.600000,-0.500000,0.050000,
2.502000,0.011000,1.000000,0.200000,0.200000,0.600000,0.100000,0.600000,-0.500000,0.050000,
2.515000,0.013000,1.000000,0.200000,0.200000,0.600000,0.100000,0.600000,-0.500000,0.050000,
2.527000,0.012000,1.000000,0.200000,0.200000,0.600000,0.100000,0.600000,-0.500000,0.050000,
2.539000,0.012000,1.000000,0.200000,0.200000,0.600000,0.100000,0.600000,-0.500000,0.050000,
2.551000,0.012000,1.000000,0.200000,0.200000,0.600000,0.100000,0.600000,-0.500000,0.050000,
2.562000,0.011000,1.000000,0.200000,0.200000,0.600000,0.100000,0.600000,-0.500000,0.050000,
2.573000,0.011000,1.000000,0.200000,0.200000,0.600000,0.100000,0.600000,-0.500000,0.050000,
2.586000,0.013000,1.000000,0.200000,0.200000,0.600000,0.100000,0.600000,-0.500000,0.050000,
2.595000,0.009000,1.000000,0.200000,0.200000,0.600000,0.100000,0.600000,-0.500000,0.050000,
2.606000,0.011000,1.000000,0.200000,0.200000,0.600000,0.100000,0.600000,-0.500000,0.050000,
2.619000,0.013000,1.000000,0.200000,0.200000,0.600000,0.100000,0.600000,-0.500000,0.050000,
2.629000,0.010000,1.000000,0.200000,0.200000,0.600000,0.100000,0.600000,-0.500000,0.050000,
2.640000,0.011000,1.000000,0.200000,0.200000,0.600000,0.100000,0.600000,-0.500000,0.050000,
2.654000,0.014000,1.000000,0.200000,0.200000,0.600000,0.100000,0.600000,-0.500000,0.050000,
2.664000,0.010000,1.000000,0.200000,0.200000,0.600000,0.100000,0.600000,-0.500000,0.050000,
2.675000,0.011000,1.000000,0.200000,0.200000,0.600000,0.100000,0.600000,-0.500000,0.050000,
2.687000,0.012000,1.000000,0.200000,0.200000,0.600000,0.100000,0.600000,-0.500000,0.050000,
2.701000,0.014000,1.000000,0.200000,0.200000,0.600000,0.100000,0.600000,-0.500000,0.050000,
2.712000,0.011000,1.000000,0.200000,0.200000,0.600000,0.100000,0.600000,-0.500000,0.050000,
2.724000,0.012000,1.000000,0.200000,0.200000,0.600000,0.100000,0.600000,-0.500000,0.050000,
2.735000,0.011000,1.000000,0.200000,0.200000,0.600000,0.100000,0.600000,-0.500000,0.050000,
2.748000,0.013000,1.000000,0.200000,0.200000,0.600000,0.100000,0.600000,-0.500000,0.050000,
2.760000,0.012000,1.000000,0.200000,0.200000,0.600000,0.100000,0.600000,-0.500000,0.050000,
2.771000,0.011000,1.000000,0.200000,0.200000,0.600000,0.100000,0.600000,-0.500000,0.050000,
2.783000,0.012000,1.000000,0.200000,0.200000,0.600000,0.100000,0.600000,-0.500000,0.050000,
2.795000,0.012000,1.000000,0.200000,0.200000,0.600000,0.100000,0.600000,-0.500000,0.050000,
2.807000,0.012000,1.000000,0.200000,0.200000,0.600000,0.100000,0.600000,-0.500000,0.050000,
2.819000,0.012000,1.000000,0.200000,0.200000,0.600000,0.100000,0.600000,-0.500000,0.050000,
2.830000,0.011000,1.000000,0.200000,0.200000,0.600000,0.100000,0.600000,-0.500000,0.050000,
2.842000,0.012000,1.000000,0.200000,0.200000,0.600000,0.100000,0.600000,-0.500000,0.050000,
2.855000,0.013000,1.000000,0.200000,0.200000,0.600000,0.100000,0.600000,-0.500000,0.050000,
2.867000,0.012000,1.000000,0.200000,0.200000,0.600000,0.100000,0.600000,-0.500000,0.050000,
2.878000,0.011000,1.000000,0.200000,0.200000,0.600000,0.100000,0.600000,-0.500000,0.050000,
2.890000,0.012000,1.000000,0.200000,0.200000,0.600000,0.100000,0.600000,-0.500000,0.050000,
2.902000,0.012000,1.000000,0.200000,0.200000,0.600000,0.100000,0.600000,-0.500000,0.050000,
2.913000,0.011000,1.000000,0.200000,0.200000,0.600000,0.100000,0.600000,-0.500000,0.050000,
2.923000,0.010000,1.000000,0.200000,0.200000,0.600000,0.100000,0.600000,-0.500000,0.050000,
2.936000,0.013000,1.000000,0.200000,0.200000,0.600000,0.100000,0.600000,-0.500000,0.050000,
2.946000,0.010000,1.000000,0.200000,0.200000,0.600000,0.100000,0.600000,-0.500000,0.050000,
2.958000,0.012000,1.000000,0.200000,0.200000,0.600000,0.100000,0.600000,-0.500000,0.050000,
2.970000,0.012000,1.000000,0.200000,0.200000,0.600000,0.100000,0.600000,-0.500000,0.050000,
2.979000,0.009000,1.000000,0.200000,0.200000,0.600000,0.100000,0.600000,-0.500000,0.050000,
2.990000,0.011000,1.000000,0.200000,0.200000,0.600000,0.100000,0.600000,-0.500000,0.050000,
3.002000,0.012000,1.000000,0.200000,0.200000,0.600000,0.100000,0.600000,-0.500000,0.050000,
3.014000,0.012000,1.000000,0.200000,0.200000,0.600000,0.100000,0.600000,-0.500000,0.050000,
3.026000,0.012000,1.000000,0.200000,0.200000,0.600000,0.100000,0.600000,-0.500000,0.050000,
3.038000,0.012000,1.000000,0.200000,0.200000,0.600000,0.100000,0.600000,-0.500000,0.050000,
3.052000,0.014000,1.000000,0.200000,0.200000,0.600000,0.100000,0.600000,-0.500000,0.050000,
3.062000,0.010000,1.000000,0.200000,0.200000,0.600000,0.100000,0.600000,-0.500000,0.050000,
3.074000,0.012000,1.000000,0.200000,0.200000,0.600000,0.100000,0.600000,-0.500000,0.050000,
3.087000,0.013000,1.000000,0.200000,0.200000,0.600000,0.100000,0.600000,-0.500000,0.050000,
3.100000,0.013000,1.000000,0.200000,0.200000,0.600000,0.100000,0.600000,-0.500000,0.050000,
3.108000,0.008000,1.000000,0.200000,0.200000,0.600000,0.100000,0.600000,-0.500000,0.050000,
3.124000,0.016000,1.000000,0.200000,0.200000,0.600000,0.100000,0.600000,-0.500000,0.050000,
3.134000,0.010000,1.000000,0.200000,0.200000,0.600000,0.100000,0.600000,-0.500000,0.050000,
3.144000,0.010000,1.000000,0.200000,0.200000,0.600000,0.100000,0.600000,-0.500000,0.050000,
3.155000,0.011000,1.000000,0.200000,0.200000,0.600000,0.100000,0.600000,-0.500000,0.050000,
3.167000,0.012000,1.000000,0.200000,0.200000,0.600000,0.100000,0.600000,-0.500000,0.050000,
3.178000,0.011000,1.000000,0.200000,0.200000,0.600000,0.100000,0.600000,-0.500000,0.050000,
3.189000,0.011000,1.000000,0.200000,0.200000,0.600000,0.100000,0.600000,-0.500000,0.050000,
3.208000,0.019000,1.000000,0.200000,0.200000,0.600000,0.100000,0.600000,-0.500000,0.050000,
3.219000,0.011000,1.000000,0.200000,0.200000,0.600000,0.100000,0.600000,-0.500000,0.050000,
3.231000,0.012000,1.000000,0.200000,0.200000,0.600000,0.100000,0.600000,-0.500000,0.050000,
3.242000,0.011000,1.000000,0.200000,0.200000,0.600000,0.100000,0.600000,-0.500000,0.050000,
3.254000,0.012000,1.000000,0.200000,0.200000,0.600000,0.100000,0.600000,-0.500000,0.050000,
3.264000,0.010000,1.000000,0.200000,0.200000,0.600000,0.100000,0.600000,-0.500000,0.050000,
3.275000,0.011000,1.000000,0.200000,0.200000,0.600000,0.100000,0.600000,-0.500000,0.050000,
3.287000,0.012000,1.000000,0.200000,0.200000,0.600000,0.100000,0.600000,-0.500000,0.050000,
3.300000,0.013000,1.000000,0.200000,0.200000,0.600000,0.100000,0.600000,-0.500000,0.050000,
3.309000,0.009000,1.000000,0.200000,0.200000,0.600000,0.100000,0.600000,-0.500000,0.050000,
3.320000,0.011000,1.000000,0.200000,0.200000,0.600000,0.100000,0.600000,-0.500000,0.050000,
3.333000,0.013000,1.000000,0.200000,0.200000,0.600000,0.100000,0.600000,-0.500000,0.050000,
3.349000,0.016000,1.000000,0.200000,0.200000,0.600000,0.100000,0.600000,-0.500000,0.050000,
3.361000,0.012000,1.000000,0.200000,0.200000,0.600000,0.100000,0.600000,-0.500000,0.050000,
3.373000,0.012000,1.000000,0.200000,0.200000,0.600000,0.100000,0.600000,-0.500000,0.050000,
3.385000,0.012000,1.000000,0.200000,0.200000,0.600000,0.100000,0.600000,-0.500000,0.050000,
3.396000,0.011000,1.000000,0.200000,0.200000,0.600000,0.100000,0.600000,-0.500000,0.050000,
3.408000,0.012000,1.000000,0.200000,0.200000,0.600000,0.100000,0.600000,-0.500000,0.050000,
3.423000,0.015000,1.000000,0.200000,0.200000,0.600000,0.100000,0.600000,-0.500000,0.050000,
3.436000,0.013000,1.000000,0.200000,0.200000,0.600000,0.100000,0.600000,-0.500000,0.050000,
3.449000,0.013000,1.000000,0.200000,0.200000,0.600000,0.100000,0.600000,-0.500000,0.050000,
3.459000,0.010000,1.000000,0.200000,0.200000,0.600000,0.100000,0.600000,-0.500000,0.050000,
3.472000,0.013000,1.000000,0.200000,0.200000,0.600000,0.100000,0.600000,-0.500000,0.050000,
3.483000,0.011000,1.000000,0.200000,0.200000,0.600000,0.100000,0.600000,-0.500000,0.050000,
3.494000,0.011000,1.000000,0.200000,0.200000,0.600000,0.100000,0.600000,-0.500000,0.050000,
3.506000,0.012000,1.000000,0.200000,0.200000,0.600000,0.100000,0.600000,-0.500000,0.050000,
3.519000,0.013000,1.000000,0.200000,0.200000,0.600000,0.100000,0.600000,-0.500000,0.050000,
3.531000,0.012000,1.000000,0.200000,0.200000,0.600000,0.100000,0.600000,-0.500000,0.050000,
3.548000,0.017000,1.000000,0.200000,0.200000,0.600000,0.100000,0.600000,-0.500000,0.050000,
3.561000,0.013000,1.000000,0.200000,0.200000,0.600000,0.100000,0.600000,-0.500000,0.050000,
3.575000,0.014000,1.000000,0.200000,0.200000,0.600000,0.100000,0.600000,-0.500000,0.050000,
3.589000,0.014000,1.000000,0.200000,0.200000,0.600000,0.100000,0.600000,-0.500000,0.050000,
3.602000,0.013000,1.000000,0.200000,0.200000,0.600000,0.100000,0.600000,-0.500000,0.050000,
3.617000,0.015000,1.000000,0.200000,0.200000,0.600000,0.100000,0.600000,-0.500000,0.050000,
3.633000,0.016000,1.000000,0.200000,0.200000,0.600000,0.100000,0.600000,-0.500000,0.050000,
3.647000,0.014000,1.000000,0.200000,0.200000,0.600000,0.100000,0.600000,-0.500000,0.050000,
3.659000,0.012000,1.000000,0.200000,0.200000,0.600000,0.100000,0.600000,-0.500000,0.050000,
3.675000,0.016000,1.000000,0.200000,0.200000,0.600000,0.100000,0.600000,-0.500000,0.050000,
3.688000,0.013000,1.000000,0.200000,0.200000,0.600000,0.100000,0.600000,-0.500000,0.050000,
3.698000,0.010000,1.000000,0.200000,0.200000,0.600000,0.100000,0.600000,-0.500000,0.050000,
3.715000,0.017000,1.000000,0.200000,0.200000,0.600000,0.100000,0.600000,-0.500000,0.050000,
3.729000,0.014000,1.000000,0.200000,0.200000,0.600000,0.100000,0.600000,-0.500000,0.050000,
3.742000,0.013000,1.000000,0.200000,0.200000,0.600000,0.100000,0.600000,-0.500000,0.050000,
3.754000,0.012000,1.000000,0.200000,0.200000,0.600000,0.100000,0.600000,-0.500000,0.050000,
3.764000,0.010000,1.000000,0.200000,0.200000,0.600000,0.100000,0.600000,-0.500000,0.050000,
3.776000,0.012000,1.000000,0.200000,0.200000,0.600000,0.100000,0.600000,-0.500000,0.050000,
3.788000,0.012000,1.000000,0.200000,0.200000,0.600000,0.100000,0.600000,-0.500000,0.050000,
3.800000,0.012000,1.000000,0.200000,0.200000,0.600000,0.100000,0.600000,-0.500000,0.050000,
3.814000,0.014000,1.000000,0.200000,0.200000,0.600000,0.100000,0.600000,-0.500000,0.050000,
3.828000,0.014000,1.000000,0.200000,0.200000,0.600000,0.100000,0.600000,-0.500000,0.050000,
3.842000,0.014000,1.000000,0.200000,0.200000,0.600000,0.100000,0.600000,-0.500000,0.050000,
3.857000,0.015000,1.000000,0.200000,0.200000,0.600000,0.100000,0.600000,-0.500000,0.050000,
3.875000,0.018000,1.000000,0.200000,0.200000,0.600000,0.100000,0.600000,-0.500000,0.050000,
3.885000,0.010000,1.000000,0.200000,0.200000,0.600000,0.100000,0.600000,-0.500000,0.050000,
3.894000,0.009000,1.000000,0.200000,0.200000,0.600000,0.100000,0.600000,-0.500000,0.050000,
3.909000,0.015000,1.000000,0.200000,0.200000,0.600000,0.100000,0.600000,-0.500000,0.050000,
3.920000,0.011000,1.000000,0.200000,0.200000,0.600000,0.100000,0.600000,-0.500000,0.050000,
3.932000,0.012000,1.000000,0.200000,0.200000,0.600000,0.100000,0.600000,-0.500000,0.050000,
3.943000,0.011000,1.000000,0.200000,0.200000,0.600000,0.100000,0.600000,-0.500000,0.050000,
3.957000,0.014000,1.000000,0.200000,0.200000,0.600000,0.100000,0.600000,-0.500000,0.050000,
3.970000,0.013000,1.000000,0.200000,0.200000,0.600000,0.100000,0.600000,-0.500000,0.050000,
3.982000,0.012000,1.000000,0.200000,0.200000,0.600000,0.100000,0.600000,-0.500000,0.050000,
3.993000,0.011000,1.000000,0.200000,0.200000,0.600000,0.100000,0.600000,-0.500000,0.050000,
4.002000,0.009000,1.000000,0.200000,0.200000,0.600000,0.100000,0.600000,-0.500000,0.050000,
4.016000,0.014000,1.000000,0.200000,0.200000,0.600000,0.100000,0.600000,-0.500000,0.050000,
4.030000,0.014000,1.000000,0.200000,0.200000,0.600000,0.100000,0.600000,-0.500000,0.050000,
4.040000,0.010000,1.000000,0.200000,0.200000,0.600000,0.100000,0.600000,-0.500000,0.050000,
4.052000,0.012000,1.000000,0.200000,0.200000,0.600000,0.100000,0.600000,-0.500000,0.050000,
4.064000,0.012000,1.000000,0.200000,0.200000,0.600000,0.100000,0.600000,-0.500000,0.050000,
4.075000,0.011000,1.000000,0.200000,0.200000,0.600000,0.100000,0.600000,-0.500000,0.050000,
4.087000,0.012000,1.000000,0.200000,0.200000,0.600000,0.100000,0.600000,-0.500000,0.050000,
4.098000,0.011000,1.000000,0.200000,0.200000,0.600000,0.100000,0.600000,-0.500000,0.050000,
4.109000,0.011000,1.000000,0.200000,0.200000,0.600000,0.100000,0.600000,-0.500000,0.050000,
4.119000,0.010000,1.000000,0.200000,0.200000,0.600000,0.100000,0.600000,-0.500000,0.050000,
4.132000,0.013000,1.000000,0.200000,0.200000,0.600000,0.100000,0.600000,-0.500000,0.050000,
4.144000,0.012000,1.000000,0.200000,0.200000,0.600000,0.100000,0.600000,-0.500000,0.050000,
4.156000,0.012000,1.000000,0.200000,0.200000,0.600000,0.100000,0.600000,-0.500000,0.050000,
4.166000,0.010000,1.000000,0.200000,0.200000,0.600000,0.100000,0.600000,-0.500000,0.050000,
4.178000,0.012000,1.000000,0.200000,0.200000,0.600000,0.100000,0.600000,-0.500000,0.050000,
4.189000,0.011000,1.000000,0.200000,0.200000,0.600000,0.100000,0.600000,-0.500000,0.050000,
4.200000,0.011000,1.000000,0.200000,0.200000,0.600000,0.100000,0.600000,-0.500000,0.050000,
4.212000,0.012000,1.000000,0.200000,0.200000,0.600000,0.100000,0.600000,-0.500000,0.050000,
4.221000,0.009000,1.000000,0.200000,0.200000,0.600000,0.100000,0.600000,-0.500000,0.050000,
4.233000,0.012000,1.000000,0.200000,0.200000,0.600000,0.100000,0.600000,-0.500000,0.050000,
4.246000,0.013000,1.000000,0.200000,0.200000,0.600000,0.100000,0.600000,-0.500000,0.050000,
4.255000,0.009000,1.000000,0.200000,0.200000,0.600000,0.100000,0.600000,-0.500000,0.050000,
4.268000,0.013000,1.000000,0.200000,0.200000,0.600000,0.100000,0.600000,-0.500000,0.050000,
4.280000,0.012000,1.000000,0.200000,0.200000,0.600000,0.100000,0.600000,-0.500000,0.050000,
4.292000,0.012000,1.000000,0.200000,0.200000,0.600000,0.100000,0.600000,-0.500000,0.050000,
4.303000,0.011000,1.000000,0.200000,0.200000,0.600000,0.100000,0.600000,-0.500000,0.050000,
4.316000,0.013000,1.000000,0.200000,0.200000,0.600000,0.100000,0.600000,-0.500000,0.050000,
4.326000,0.010000,1.000000,0.200000,0.200000,0.600000,0.100000,0.600000,-0.500000,0.050000,
4.338000,0.012000,1.000000,0.200000,0.200000,0.600000,0.100000,0.600000,-0.500000,0.050000,
4.349000,0.011000,1.000000,0.200000,0.200000,0.600000,0.100000,0.600000,-0.500000,0.050000,
4.362000,0.013000,1.000000,0.200000,0.200000,0.600000,0.100000,0.600000,-0.500000,0.050000,
4.374000,0.012000,1.000000,0.200000,0.200000,0.600000,0.100000,0.600000,-0.500000,0.050000,
4.384000,0.010000,1.000000,0.200000,0.200000,0.600000,0.100000,0.600000,-0.500000,0.050000,
4.396000,0.012000,1.000000,0.200000,0.200000,0.600000,0.100000,0.600000,-0.500000,0.050000,
4.407000,0.011000,1.000000,0.200000,0.200000,0.600000,0.100000,0.600000,-0.500000,0.050000,
4.418000,0.011000,1.000000,0.200000,0.200000,0.600000,0.100000,0.600000,-0.500000,0.050000,
4.431000,0.013000,1.000000,0.200000,0.200000,0.600000,0.100000,0.600000,-0.500000,0.050000,
4.441000,0.010000,1.000000,0.200000,0.200000,0.600000,0.100000,0.600000,-0.500000,0.050000,
4.450000,0.009000,1.000000,0.200000,0.200000,0.600000,0.100000,0.600000,-0.500000,0.050000,
4.462000,0.012000,1.000000,0.200000,0.200000,0.600000,0.100000,0.600000,-0.500000,0.050000,
4.475000,0.013000,1.000000,0.200000,0.200000,0.600000,0.100000,0.600000,-0.500000,0.050000,
4.487000,0.012000,1.000000,0.200000,0.200000,0.600000,0.100000,0.600000,-0.500000,0.050000,
4.499000,0.012000,1.000000,0.200000,0.200000,0.600000,0.100000,0.600000,-0.500000,0.050000,
4.515000,0.016000,1.000000,0.200000,0.200000,0.600000,0.100000,0.600000,-0.500000,0.050000,
4.527000,0.012000,1.000000,0.200000,0.200000,0.600000,0.100000,0.600000,-0.500000,0.050000,
4.539000,0.012000,1.000000,0.200000,0.200000,0.600000,0.100000,0.600000,-0.500000,0.050000,
4.550000,0.011000,1.000000,0.200000,0.200000,0.600000,0.100000,0.600000,-0.500000,0.050000,
4.562000,0.012000,1.000000,0.200000,0.200000,0.600000,0.100000,0.600000,-0.500000,0.050000,
4.573000,0.011000,1.000000,0.200000,0.200000,0.600000,0.100000,0.600000,-0.500000,0.050000,
4.584000,0.011000,1.000000,0.200000,0.200000,0.600000,0.100000,0.600000,-0.500000,0.050000,
4.595000,0.011000,1.000000,0.200000,0.200000,0.600000,0.100000,0.600000,-0.500000,0.050000,
4.609000,0.014000,1.000000,0.200000,0.200000,0.600000,0.100000,0.600000,-0.500000,0.050000,
4.619000,0.010000,1.000000,0.200000,0.200000,0.600000,0.100000,0.600000,-0.500000,0.050000,
4.632000,0.013000,1.000000,0.200000,0.200000,0.600000,0.100000,0.600000,-0.500000,0.050000,
4.645000,0.013000,1.000000,0.200000,0.200000,0.600000,0.100000,0.600000,-0.500000,0.050000,
4.657000,0.012000,1.000000,0.200000,0.200000,0.600000,0.100000,0.600000,-0.500000,0.050000,
4.667000,0.010000,1.000000,0.200000,0.200000,0.600000,0.100000,0.600000,-0.500000,0.050000,
4.680000,0.013000,1.000000,0.200000,0.200000,0.600000,0.100000,0.600000,-0.500000,0.050000,
4.692000,0.012000,1.000000,0.200000,0.200000,0.600000,0.100000,0.600000,-0.500000,0.050000,
4.707000,0.015000,1.000000,0.200000,0.200000,0.600000,0.100000,0.600000,-0.500000,0.050000,
4.719000,0.012000,1.000000,0.200000,0.200000,0.600000,0.100000,0.600000,-0.500000,0.050000,
4.732000,0.013000,1.000000,0.200000,0.200000,0.600000,0.100000,0.600000,-0.500000,0.050000,
4.745000,0.013000,1.000000,0.200000,0.200000,0.600000,0.100000,0.600000,-0.500000,0.050000,
4.754000,0.009000,1.000000,0.200000,0.200000,0.600000,0.100000,0.600000,-0.500000,0.050000,
4.765000,0.011000,1.000000,0.200000,0.200000,0.600000,0.100000,0.600000,-0.500000,0.050000,
4.779000,0.014000,1.000000,0.200000,0.200000,0.600000,0.100000,0.600000,-0.500000,0.050000,
4.790000,0.011000,1.000000,0.200000,0.200000,0.600000,0.100000,0.600000,-0.500000,0.050000,
4.799000,0.009000,1.000000,0.200000,0.200000,0.600000,0.100000,0.600000,-0.500000,0.050000,
4.811000,0.012000,1.000000,0.200000,0.200000,0.600000,0.100000,0.600000,-0.500000,0.050000,
4.820000,0.009000,1.000000,0.200000,0.200000,0.600000,0.100000,0.600000,-0.500000,0.050000,
4.834000,0.014000,1.000000,0.200000,0.200000,0.600000,0.100000,0.600000,-0.500000,0.050000,
4.846000,0.012000,1.000000,0.200000,0.200000,0.600000,0.100000,0.600000,-0.500000,0.050000,
4.857000,0.011000,1.000000,0.200000,0.200000,0.600000,0.100000,0.600000,-0.500000,0.050000,
4.868000,0.011000,1.000000,0.200000,0.200000,0.600000,0.100000,0.600000,-0.500000,0.050000,
4.881000,0.013000,1.000000,0.200000,0.200000,0.600000,0.100000,0.600000,-0.500000,0.050000,
4.895000,0.014000,1.000000,0.200000,0.200000,0.600000,0.100000,0.600000,-0.500000,0.050000,
4.904000,0.009000,1.000000,0.200000,0.200000,0.600000,0.100000,0.600000,-0.500000,0.050000,
4.917000,0.013000,1.000000,0.200000,0.200000,0.600000,0.100000,0.600000,-0.500000,0.050000,
4.931000,0.014000,1.000000,0.200000,0.200000,0.600000,0.100000,0.600000,-0.500000,0.050000,
4.942000,0.011000,1.000000,0.200000,0.200000,0.600000,0.100000,0.600000,-0.500000,0.050000,
4.952000,0.010000,1.000000,0.200000,0.200000,0.600000,0.100000,0.600000,-0.500000,0.050000,
