0.029000,0.029000,0.750000,0.260000,0.058449,0.350000,0.100000,0.350000,-0.350000,0.050000,0.500000, 
0.079000,0.050000,0.750000,0.260000,0.260000,0.350000,0.100000,0.350000,-0.350000,0.050000,0.500000, 
0.107000,0.028000,0.750000,0.260000,0.260000,0.350000,0.100000,0.350000,-0.350000,0.050000,0.500000, 
0.128000,0.021000,0.750000,0.260000,0.260000,0.350000,0.100000,0.350000,-0.350000,0.050000,0.500000, 
0.156000,0.028000,0.750000,0.260000,0.260000,0.350000,0.100000,0.350000,-0.350000,0.050000,0.500000, 
0.200000,0.044000,0.750000,0.260000,0.260000,0.350000,0.100000,0.350000,-0.350000,0.050000,0.500000, 
0.217000,0.017000,0.750000,0.260000,0.260000,0.350000,0.100000,0.350000,-0.350000,0.050000,0.500000, 
0.232000,0.015000,0.750000,0.260000,0.260000,0.350000,0.100000,0.350000,-0.350000,0.050000,0.500000, 
0.246000,0.014000,0.750000,0.260000,0.260000,0.350000,0.100000,0.350000,-0.350000,0.050000,0.500000, 
0.260000,0.014000,0.750000,0.260000,0.260000,0.350000,0.100000,0.350000,-0.350000,0.050000,0.500000, 
0.274000,0.014000,0.750000,0.260000,0.260000,0.350000,0.100000,0.350000,-0.350000,0.050000,0.500000, 
0.288000,0.014000,0.750000,0.260000,0.260000,0.350000,0.100000,0.350000,-0.350000,0.050000,0.500000, 
0.304000,0.016000,0.750000,0.260000,0.260000,0.350000,0.100000,0.350000,-0.350000,0.050000,0.500000, 
0.318000,0.014000,0.750000,0.260000,0.260000,0.350000,0.100000,0.350000,-0.350000,0.050000,0.500000, 
0.332000,0.014000,0.750000,0.260000,0.260000,0.350000,0.100000,0.350000,-0.350000,0.050000,0.500000, 
0.345000,0.013000,0.750000,0.260000,0.260000,0.350000,0.100000,0.350000,-0.350000,0.050000,0.500000, 
0.358000,0.013000,0.750000,0.260000,0.260000,0.350000,0.100000,0.350000,-0.350000,0.050000,0.500000, 
0.371000,0.013000,0.750000,0.270000,0.261150,0.350000,0.100000,0.350000,-0.350000,0.050000,0.500000, 
0.386000,0.015000,0.750000,0.270000,0.270000,0.350000,0.100000,0.350000,-0.350000,0.050000,0.500000, 
0.400000,0.014000,0.750000,0.270000,0.270000,0.350000,0.100000,0.350000,-0.350000,0.050000,0.500000, 
0.416000,0.016000,0.750000,0.270000,0.270000,0.350000,0.100000,0.350000,-0.350000,0.050000,0.500000, 
0.429000,0.013000,0.750000,0.270000,0.270000,0.350000,0.100000,0.350000,-0.350000,0.050000,0.500000, 
0.444000,0.015000,0.750000,0.270000,0.270000,0.350000,0.100000,0.350000,-0.350000,0.050000,0.500000, 
0.456000,0.012000,0.750000,0.270000,0.270000,0.350000,0.100000,0.350000,-0.350000,0.050000,0.500000, 
0.468000,0.012000,0.750000,0.270000,0.270000,0.350000,0.100000,0.350000,-0.350000,0.050000,0.500000, 
0.480000,0.012000,0.750000,0.260000,0.268929,0.350000,0.100000,0.350000,-0.350000,0.050000,0.500000, 
0.496000,0.016000,0.750000,0.260000,0.260000,0.350000,0.100000,0.350000,-0.350000,0.050000,0.500000, 
0.512000,0.016000,0.750000,0.260000,0.260000,0.350000,0.100000,0.350000,-0.350000,0.050000,0.500000, 
0.526000,0.014000,0.750000,0.260000,0.260000,0.350000,0.100000,0.350000,-0.350000,0.050000,0.500000, 
0.540000,0.014000,0.750000,0.260000,0.260000,0.350000,0.100000,0.350000,-0.350000,0.050000,0.500000, 
0.553000,0.013000,0.750000,0.260000,0.260000,0.350000,0.100000,0.350000,-0.350000,0.050000,0.500000, 
0.566000,0.013000,0.750000,0.260000,0.260000,0.350000,0.100000,0.350000,-0.350000,0.050000,0.500000, 
0.577000,0.011000,0.750000,0.250000,0.259009,0.350000,0.100000,0.350000,-0.350000,0.050000,0.500000, 
0.590000,0.013000,0.750000,0.250000,0.250000,0.350000,0.100000,0.350000,-0.350000,0.050000,0.500000, 
0.607000,0.017000,0.750000,0.250000,0.250000,0.350000,0.100000,0.350000,-0.350000,0.050000,0.500000, 
0.621000,0.014000,0.750000,0.250000,0.250000,0.350000,0.100000,0.350000,-0.350000,0.050000,0.500000, 
0.635000,0.014000,0.750000,0.250000,0.250000,0.350000,0.100000,0.350000,-0.350000,0.050000,0.500000, 
0.647000,0.012000,0.750000,0.250000,0.250000,0.350000,0.100000,0.350000,-0.350000,0.050000,0.500000, 
0.661000,0.014000,0.750000,0.250000,0.250000,0.350000,0.100000,0.350000,-0.350000,0.050000,0.500000, 
0.675000,0.014000,0.750000,0.260000,0.251228,0.350000,0.100000,0.350000,-0.350000,0.050000,0.500000, 
0.687000,0.012000,0.750000,0.260000,0.260000,0.350000,0.100000,0.350000,-0.350000,0.050000,0.500000, 
0.700000,0.013000,0.750000,0.260000,0.260000,0.350000,0.100000,0.350000,-0.350000,0.050000,0.500000, 
0.718000,0.018000,0.750000,0.260000,0.260000,0.350000,0.100000,0.350000,-0.350000,0.050000,0.500000, 
0.735000,0.017000,0.750000,0.260000,0.260000,0.350000,0.100000,0.350000,-0.350000,0.050000,0.500000, 
0.749000,0.014000,0.750000,0.260000,0.260000,0.350000,0.100000,0.350000,-0.350000,0.050000,0.500000, 
0.763000,0.014000,0.750000,0.260000,0.260000,0.350000,0.100000,0.350000,-0.350000,0.050000,0.500000, 
0.775000,0.012000,0.750000,0.260000,0.260000,0.350000,0.100000,0.350000,-0.350000,0.050000,0.500000, 
0.788000,0.013000,0.750000,0.260000,0.260000,0.350000,0.100000,0.350000,-0.350000,0.050000,0.500000, 
0.801000,0.013000,0.750000,0.260000,0.260000,0.350000,0.100000,0.350000,-0.350000,0.050000,0.500000, 
0.815000,0.014000,0.750000,0.260000,0.260000,0.350000,0.100000,0.350000,-0.350000,0.050000,0.500000, 
0.833000,0.018000,0.750000,0.260000,0.260000,0.350000,0.100000,0.350000,-0.350000,0.050000,0.500000, 
0.849000,0.016000,0.750000,0.260000,0.260000,0.350000,0.100000,0.350000,-0.350000,0.050000,0.500000, 
0.867000,0.018000,0.750000,0.260000,0.260000,0.350000,0.100000,0.350000,-0.350000,0.050000,0.500000, 
0.880000,0.013000,0.750000,0.260000,0.260000,0.350000,0.100000,0.350000,-0.350000,0.050000,0.500000, 
0.894000,0.014000,0.750000,0.260000,0.260000,0.350000,0.100000,0.350000,-0.350000,0.050000,0.500000, 
0.907000,0.013000,0.750000,0.260000,0.260000,0.350000,0.100000,0.350000,-0.350000,0.050000,0.500000, 
0.919000,0.012000,0.750000,0.260000,0.260000,0.350000,0.100000,0.350000,-0.350000,0.050000,0.500000, 
0.934000,0.015000,0.750000,0.260000,0.260000,0.350000,0.100000,0.350000,-0.350000,0.050000,0.500000, 
0.948000,0.014000,0.750000,0.260000,0.260000,0.350000,0.100000,0.350000,-0.350000,0.050000,0.500000, 
0.962000,0.014000,0.750000,0.260000,0.260000,0.350000,0.100000,0.350000,-0.350000,0.050000,0.500000, 
0.978000,0.016000,0.750000,0.250000,0.258621,0.350000,0.100000,0.350000,-0.350000,0.050000,0.500000, 
0.992000,0.014000,0.750000,0.250000,0.250000,0.350000,0.100000,0.350000,-0.350000,0.050000,0.500000, 
1.006000,0.014000,0.750000,0.250000,0.250000,0.350000,0.100000,0.350000,-0.350000,0.050000,0.500000, 
1.019000,0.013000,0.750000,0.250000,0.250000,0.350000,0.100000,0.350000,-0.350000,0.050000,0.500000, 
1.034000,0.015000,0.750000,0.250000,0.250000,0.350000,0.100000,0.350000,-0.350000,0.050000,0.500000, 
1.052000,0.018000,0.750000,0.250000,0.250000,0.350000,0.100000,0.350000,-0.350000,0.050000,0.500000, 
1.069000,0.017000,0.750000,0.250000,0.250000,0.350000,0.100000,0.350000,-0.350000,0.050000,0.500000, 
1.088000,0.019000,0.750000,0.260000,0.251597,0.350000,0.100000,0.350000,-0.350000,0.050000,0.500000, 
1.103000,0.015000,0.750000,0.260000,0.260000,0.350000,0.100000,0.350000,-0.350000,0.050000,0.500000, 
1.116000,0.013000,0.750000,0.260000,0.260000,0.350000,0.100000,0.350000,-0.350000,0.050000,0.500000, 
1.128000,0.012000,0.750000,0.260000,0.260000,0.350000,0.100000,0.350000,-0.350000,0.050000,0.500000, 
1.140000,0.012000,0.750000,0.260000,0.260000,0.350000,0.100000,0.350000,-0.350000,0.050000,0.500000, 
1.153000,0.013000,0.750000,0.260000,0.260000,0.350000,0.100000,0.350000,-0.350000,0.050000,0.500000, 
1.166000,0.013000,0.750000,0.260000,0.260000,0.350000,0.100000,0.350000,-0.350000,0.050000,0.500000, 
1.178000,0.012000,0.750000,0.260000,0.260000,0.350000,0.100000,0.350000,-0.350000,0.050000,0.500000, 
1.192000,0.014000,0.750000,0.260000,0.260000,0.350000,0.100000,0.350000,-0.350000,0.050000,0.500000, 
1.207000,0.015000,0.750000,0.260000,0.260000,0.350000,0.100000,0.350000,-0.350000,0.050000,0.500000, 
1.219000,0.012000,0.750000,0.260000,0.260000,0.350000,0.100000,0.350000,-0.350000,0.050000,0.500000, 
1.232000,0.013000,0.750000,0.260000,0.260000,0.350000,0.100000,0.350000,-0.350000,0.050000,0.500000, 
1.244000,0.012000,0.750000,0.260000,0.260000,0.350000,0.100000,0.350000,-0.350000,0.050000,0.500000, 
1.257000,0.013000,0.750000,0.260000,0.260000,0.350000,0.100000,0.350000,-0.350000,0.050000,0.500000, 
1.270000,0.013000,0.750000,0.260000,0.260000,0.350000,0.100000,0.350000,-0.350000,0.050000,0.500000, 
1.284000,0.014000,0.750000,0.260000,0.260000,0.350000,0.100000,0.350000,-0.350000,0.050000,0.500000, 
1.301000,0.017000,0.750000,0.260000,0.260000,0.350000,0.100000,0.350000,-0.350000,0.050000,0.500000, 
1.317000,0.016000,0.750000,0.260000,0.260000,0.350000,0.100000,0.350000,-0.350000,0.050000,0.500000, 
1.332000,0.015000,0.750000,0.260000,0.260000,0.350000,0.100000,0.350000,-0.350000,0.050000,0.500000, 
1.349000,0.017000,0.750000,0.260000,0.260000,0.350000,0.100000,0.350000,-0.350000,0.050000,0.500000, 
1.365000,0.016000,0.750000,0.260000,0.260000,0.350000,0.100000,0.350000,-0.350000,0.050000,0.500000, 
1.380000,0.015000,0.750000,0.260000,0.260000,0.350000,0.100000,0.350000,-0.350000,0.050000,0.500000, 
1.396000,0.016000,0.750000,0.260000,0.260000,0.350000,0.100000,0.350000,-0.350000,0.050000,0.500000, 
1.413000,0.017000,0.750000,0.260000,0.260000,0.350000,0.100000,0.350000,-0.350000,0.050000,0.500000, 
1.426000,0.013000,0.750000,0.260000,0.260000,0.350000,0.100000,0.350000,-0.350000,0.050000,0.500000, 
1.439000,0.013000,0.750000,0.260000,0.260000,0.350000,0.100000,0.350000,-0.350000,0.050000,0.500000, 
1.454000,0.015000,0.750000,0.260000,0.260000,0.350000,0.100000,0.350000,-0.350000,0.050000,0.500000, 
1.470000,0.016000,0.750000,0.260000,0.260000,0.350000,0.100000,0.350000,-0.350000,0.050000,0.500000, 
1.485000,0.015000,0.750000,0.260000,0.260000,0.350000,0.100000,0.350000,-0.350000,0.050000,0.500000, 
1.498000,0.013000,0.750000,0.260000,0.260000,0.350000,0.100000,0.350000,-0.350000,0.050000,0.500000, 
1.512000,0.014000,0.750000,0.260000,0.260000,0.350000,0.100000,0.350000,-0.350000,0.050000,0.500000, 
1.526000,0.014000,0.750000,0.260000,0.260000,0.350000,0.100000,0.350000,-0.350000,0.050000,0.500000, 
1.538000,0.012000,0.750000,0.260000,0.260000,0.350000,0.100000,0.350000,-0.350000,0.050000,0.500000, 
1.550000,0.012000,0.750000,0.260000,0.260000,0.350000,0.100000,0.350000,-0.350000,0.050000,0.500000, 
1.564000,0.014000,0.750000,0.260000,0.260000,0.350000,0.100000,0.350000,-0.350000,0.050000,0.500000, 
1.577000,0.013000,0.750000,0.260000,0.260000,0.350000,0.100000,0.350000,-0.350000,0.050000,0.500000, 
1.591000,0.014000,0.750000,0.260000,0.260000,0.350000,0.100000,0.350000,-0.350000,0.050000,0.500000, 
1.606000,0.015000,0.750000,0.260000,0.260000,0.350000,0.100000,0.350000,-0.350000,0.050000,0.500000, 
1.619000,0.013000,0.750000,0.260000,0.260000,0.350000,0.100000,0.350000,-0.350000,0.050000,0.500000, 
1.633000,0.014000,0.750000,0.260000,0.260000,0.350000,0.100000,0.350000,-0.350000,0.050000,0.500000, 
1.646000,0.013000,0.750000,0.260000,0.260000,0.350000,0.100000,0.350000,-0.350000,0.050000,0.500000, 
1.658000,0.012000,0.750000,0.260000,0.260000,0.350000,0.100000,0.350000,-0.350000,0.050000,0.500000, 
1.672000,0.014000,0.750000,0.260000,0.260000,0.350000,0.100000,0.350000,-0.350000,0.050000,0.500000, 
1.685000,0.013000,0.750000,0.250000,0.258850,0.350000,0.100000,0.350000,-0.350000,0.050000,0.500000, 
1.697000,0.012000,0.750000,0.250000,0.250000,0.350000,0.100000,0.350000,-0.350000,0.050000,0.500000, 
1.715000,0.018000,0.750000,0.250000,0.250000,0.350000,0.100000,0.350000,-0.350000,0.050000,0.500000, 
1.734000,0.019000,0.750000,0.250000,0.250000,0.350000,0.100000,0.350000,-0.350000,0.050000,0.500000, 
1.749000,0.015000,0.750000,0.250000,0.250000,0.350000,0.100000,0.350000,-0.350000,0.050000,0.500000, 
1.761000,0.012000,0.750000,0.250000,0.250000,0.350000,0.100000,0.350000,-0.350000,0.050000,0.500000, 
1.775000,0.014000,0.750000,0.260000,0.251228,0.350000,0.100000,0.350000,-0.350000,0.050000,0.500000, 
1.788000,0.013000,0.750000,0.260000,0.260000,0.350000,0.100000,0.350000,-0.350000,0.050000,0.500000, 
1.803000,0.015000,0.750000,0.260000,0.260000,0.350000,0.100000,0.350000,-0.350000,0.050000,0.500000, 
1.820000,0.017000,0.750000,0.260000,0.260000,0.350000,0.100000,0.350000,-0.350000,0.050000,0.500000, 
1.834000,0.014000,0.750000,0.260000,0.260000,0.350000,0.100000,0.350000,-0.350000,0.050000,0.500000, 
1.846000,0.012000,0.750000,0.260000,0.260000,0.350000,0.100000,0.350000,-0.350000,0.050000,0.500000, 
1.860000,0.014000,0.750000,0.260000,0.260000,0.350000,0.100000,0.350000,-0.350000,0.050000,0.500000, 
1.872000,0.012000,0.750000,0.260000,0.260000,0.350000,0.100000,0.350000,-0.350000,0.050000,0.500000, 
1.885000,0.013000,0.750000,0.260000,0.260000,0.350000,0.100000,0.350000,-0.350000,0.050000,0.500000, 
1.899000,0.014000,0.750000,0.260000,0.260000,0.350000,0.100000,0.350000,-0.350000,0.050000,0.500000, 
1.913000,0.014000,0.750000,0.260000,0.260000,0.350000,0.100000,0.350000,-0.350000,0.050000,0.500000, 
1.934000,0.021000,0.750000,0.260000,0.260000,0.350000,0.100000,0.350000,-0.350000,0.050000,0.500000, 
1.950000,0.016000,0.750000,0.260000,0.260000,0.350000,0.100000,0.350000,-0.350000,0.050000,0.500000, 
1.963000,0.013000,0.750000,0.260000,0.260000,0.350000,0.100000,0.350000,-0.350000,0.050000,0.500000, 
1.975000,0.012000,0.750000,0.260000,0.260000,0.350000,0.100000,0.350000,-0.350000,0.050000,0.500000, 
1.990000,0.015000,0.750000,0.260000,0.260000,0.350000,0.100000,0.350000,-0.350000,0.050000,0.500000, 
2.004000,0.014000,0.750000,0.260000,0.260000,0.350000,0.100000,0.350000,-0.350000,0.050000,0.500000, 
2.023000,0.019000,0.750000,0.260000,0.260000,0.350000,0.100000,0.350000,-0.350000,0.050000,0.500000, 
2.050000,0.027000,0.750000,0.260000,0.260000,0.350000,0.100000,0.350000,-0.350000,0.050000,0.500000, 
2.069000,0.019000,0.750000,0.260000,0.260000,0.350000,0.100000,0.350000,-0.350000,0.050000,0.500000, 
2.088000,0.019000,0.750000,0.260000,0.260000,0.350000,0.100000,0.350000,-0.350000,0.050000,0.500000, 
2.111000,0.023000,0.750000,0.260000,0.260000,0.350000,0.100000,0.350000,-0.350000,0.050000,0.500000, 
2.126000,0.015000,0.750000,0.260000,0.260000,0.350000,0.100000,0.350000,-0.350000,0.050000,0.500000, 
2.141000,0.015000,0.750000,0.260000,0.260000,0.350000,0.100000,0.350000,-0.350000,0.050000,0.500000, 
2.155000,0.014000,0.750000,0.260000,0.260000,0.350000,0.100000,0.350000,-0.350000,0.050000,0.500000, 
2.168000,0.013000,0.750000,0.260000,0.260000,0.350000,0.100000,0.350000,-0.350000,0.050000,0.500000, 
2.180000,0.012000,0.750000,0.260000,0.260000,0.350000,0.100000,0.350000,-0.350000,0.050000,0.500000, 
2.193000,0.013000,0.750000,0.260000,0.260000,0.350000,0.100000,0.350000,-0.350000,0.050000,0.500000, 
2.209000,0.016000,0.750000,0.260000,0.260000,0.350000,0.100000,0.350000,-0.350000,0.050000,0.500000, 
2.223000,0.014000,0.750000,0.260000,0.260000,0.350000,0.100000,0.350000,-0.350000,0.050000,0.500000, 
2.237000,0.014000,0.750000,0.260000,0.260000,0.350000,0.100000,0.350000,-0.350000,0.050000,0.500000, 
2.252000,0.015000,0.750000,0.260000,0.260000,0.350000,0.100000,0.350000,-0.350000,0.050000,0.500000, 
2.266000,0.014000,0.750000,0.260000,0.260000,0.350000,0.100000,0.350000,-0.350000,0.050000,0.500000, 
2.279000,0.013000,0.750000,0.260000,0.260000,0.350000,0.100000,0.350000,-0.350000,0.050000,0.500000, 
2.293000,0.014000,0.750000,0.260000,0.260000,0.350000,0.100000,0.350000,-0.350000,0.050000,0.500000, 
2.308000,0.015000,0.750000,0.260000,0.260000,0.350000,0.100000,0.350000,-0.350000,0.050000,0.500000, 
2.325000,0.017000,0.750000,0.260000,0.260000,0.350000,0.100000,0.350000,-0.350000,0.050000,0.500000, 
2.339000,0.014000,0.750000,0.260000,0.260000,0.350000,0.100000,0.350000,-0.350000,0.050000,0.500000, 
2.355000,0.016000,0.750000,0.260000,0.260000,0.350000,0.100000,0.350000,-0.350000,0.050000,0.500000, 
2.372000,0.017000,0.750000,0.260000,0.260000,0.350000,0.100000,0.350000,-0.350000,0.050000,0.500000, 
2.388000,0.016000,0.750000,0.260000,0.260000,0.350000,0.100000,0.350000,-0.350000,0.050000,0.500000, 
2.405000,0.017000,0.750000,0.260000,0.260000,0.350000,0.100000,0.350000,-0.350000,0.050000,0.500000, 
2.420000,0.015000,0.750000,0.260000,0.260000,0.350000,0.100000,0.350000,-0.350000,0.050000,0.500000, 
2.438000,0.018000,0.750000,0.260000,0.260000,0.350000,0.100000,0.350000,-0.350000,0.050000,0.500000, 
2.456000,0.018000,0.750000,0.260000,0.260000,0.350000,0.100000,0.350000,-0.350000,0.050000,0.500000, 
2.473000,0.017000,0.750000,0.260000,0.260000,0.350000,0.100000,0.350000,-0.350000,0.050000,0.500000, 
2.490000,0.017000,0.750000,0.260000,0.260000,0.350000,0.100000,0.350000,-0.350000,0.050000,0.500000, 
2.508000,0.018000,0.750000,0.260000,0.260000,0.350000,0.100000,0.350000,-0.350000,0.050000,0.500000, 
2.524000,0.016000,0.750000,0.260000,0.260000,0.350000,0.100000,0.350000,-0.350000,0.050000,0.500000, 
2.543000,0.019000,0.750000,0.260000,0.260000,0.350000,0.100000,0.350000,-0.350000,0.050000,0.500000, 
2.562000,0.019000,0.750000,0.260000,0.260000,0.350000,0.100000,0.350000,-0.350000,0.050000,0.500000, 
2.582000,0.020000,0.750000,0.260000,0.260000,0.350000,0.100000,0.350000,-0.350000,0.050000,0.500000, 
2.602000,0.020000,0.750000,0.260000,0.260000,0.350000,0.100000,0.350000,-0.350000,0.050000,0.500000, 
2.621000,0.019000,0.750000,0.260000,0.260000,0.350000,0.100000,0.350000,-0.350000,0.050000,0.500000, 
2.639000,0.018000,0.750000,0.260000,0.260000,0.350000,0.100000,0.350000,-0.350000,0.050000,0.500000, 
2.657000,0.018000,0.750000,0.260000,0.260000,0.350000,0.100000,0.350000,-0.350000,0.050000,0.500000, 
2.678000,0.021000,0.750000,0.260000,0.260000,0.350000,0.100000,0.350000,-0.350000,0.050000,0.500000, 
2.696000,0.018000,0.750000,0.260000,0.260000,0.350000,0.100000,0.350000,-0.350000,0.050000,0.500000, 
2.717000,0.021000,0.750000,0.260000,0.260000,0.350000,0.100000,0.350000,-0.350000,0.050000,0.500000, 
2.736000,0.019000,0.750000,0.260000,0.260000,0.350000,0.100000,0.350000,-0.350000,0.050000,0.500000, 
2.755000,0.019000,0.750000,0.260000,0.260000,0.350000,0.100000,0.350000,-0.350000,0.050000,0.500000, 
2.773000,0.018000,0.750000,0.260000,0.260000,0.350000,0.100000,0.350000,-0.350000,0.050000,0.500000, 
2.795000,0.022000,0.750000,0.270000,0.261803,0.350000,0.100000,0.350000,-0.350000,0.050000,0.500000, 
2.815000,0.020000,0.750000,0.270000,0.270000,0.350000,0.100000,0.350000,-0.350000,0.050000,0.500000, 
2.833000,0.018000,0.750000,0.270000,0.270000,0.350000,0.100000,0.350000,-0.350000,0.050000,0.500000, 
2.851000,0.018000,0.750000,0.270000,0.270000,0.350000,0.100000,0.350000,-0.350000,0.050000,0.500000, 
2.866000,0.015000,0.750000,0.270000,0.270000,0.350000,0.100000,0.350000,-0.350000,0.050000,0.500000, 
2.881000,0.015000,0.750000,0.250000,0.267391,0.350000,0.100000,0.350000,-0.350000,0.050000,0.500000, 
2.899000,0.018000,0.750000,0.250000,0.250000,0.350000,0.100000,0.350000,-0.350000,0.050000,0.500000, 
2.920000,0.021000,0.750000,0.250000,0.250000,0.350000,0.100000,0.350000,-0.350000,0.050000,0.500000, 
2.937000,0.017000,0.750000,0.250000,0.250000,0.350000,0.100000,0.350000,-0.350000,0.050000,0.500000, 
2.955000,0.018000,0.750000,0.250000,0.250000,0.350000,0.100000,0.350000,-0.350000,0.050000,0.500000, 
2.972000,0.017000,0.750000,0.250000,0.250000,0.350000,0.100000,0.350000,-0.350000,0.050000,0.500000, 
2.987000,0.015000,0.750000,0.260000,0.251304,0.350000,0.100000,0.350000,-0.350000,0.050000,0.500000, 
3.005000,0.018000,0.750000,0.260000,0.260000,0.350000,0.100000,0.350000,-0.350000,0.050000,0.500000, 
3.025000,0.020000,0.750000,0.260000,0.260000,0.350000,0.100000,0.350000,-0.350000,0.050000,0.500000, 
3.042000,0.017000,0.750000,0.260000,0.260000,0.350000,0.100000,0.350000,-0.350000,0.050000,0.500000, 
3.057000,0.015000,0.750000,0.260000,0.260000,0.350000,0.100000,0.350000,-0.350000,0.050000,0.500000, 
3.078000,0.021000,0.750000,0.260000,0.260000,0.350000,0.100000,0.350000,-0.350000,0.050000,0.500000, 
3.098000,0.020000,0.750000,0.260000,0.260000,0.350000,0.100000,0.350000,-0.350000,0.050000,0.500000, 
3.114000,0.016000,0.750000,0.260000,0.260000,0.350000,0.100000,0.350000,-0.350000,0.050000,0.500000, 
3.133000,0.019000,0.750000,0.260000,0.260000,0.350000,0.100000,0.350000,-0.350000,0.050000,0.500000, 
3.148000,0.015000,0.750000,0.260000,0.260000,0.350000,0.100000,0.350000,-0.350000,0.050000,0.500000, 
3.163000,0.015000,0.750000,0.260000,0.260000,0.350000,0.100000,0.350000,-0.350000,0.050000,0.500000, 
3.178000,0.015000,0.750000,0.260000,0.260000,0.350000,0.100000,0.350000,-0.350000,0.050000,0.500000, 
3.192000,0.014000,0.750000,0.260000,0.260000,0.350000,0.100000,0.350000,-0.350000,0.050000,0.500000, 
3.207000,0.015000,0.750000,0.260000,0.260000,0.350000,0.100000,0.350000,-0.350000,0.050000,0.500000, 
3.219000,0.012000,0.750000,0.260000,0.260000,0.350000,0.100000,0.350000,-0.350000,0.050000,0.500000, 
3.230000,0.011000,0.750000,0.260000,0.260000,0.350000,0.100000,0.350000,-0.350000,0.050000,0.500000, 
3.243000,0.013000,0.750000,0.260000,0.260000,0.350000,0.100000,0.350000,-0.350000,0.050000,0.500000, 
3.256000,0.013000,0.750000,0.260000,0.260000,0.350000,0.100000,0.350000,-0.350000,0.050000,0.500000, 
3.269000,0.013000,0.750000,0.260000,0.260000,0.350000,0.100000,0.350000,-0.350000,0.050000,0.500000, 
3.281000,0.012000,0.750000,0.260000,0.260000,0.350000,0.100000,0.350000,-0.350000,0.050000,0.500000, 
3.292000,0.011000,0.750000,0.260000,0.260000,0.350000,0.100000,0.350000,-0.350000,0.050000,0.500000, 
3.306000,0.014000,0.750000,0.260000,0.260000,0.350000,0.100000,0.350000,-0.350000,0.050000,0.500000, 
3.318000,0.012000,0.750000,0.260000,0.260000,0.350000,0.100000,0.350000,-0.350000,0.050000,0.500000, 
3.330000,0.012000,0.750000,0.260000,0.260000,0.350000,0.100000,0.350000,-0.350000,0.050000,0.500000, 
3.343000,0.013000,0.750000,0.260000,0.260000,0.350000,0.100000,0.350000,-0.350000,0.050000,0.500000, 
3.359000,0.016000,0.750000,0.260000,0.260000,0.350000,0.100000,0.350000,-0.350000,0.050000,0.500000, 
3.374000,0.015000,0.750000,0.270000,0.261304,0.350000,0.100000,0.350000,-0.350000,0.050000,0.500000, 
3.388000,0.014000,0.750000,0.270000,0.270000,0.350000,0.100000,0.350000,-0.350000,0.050000,0.500000, 
3.401000,0.013000,0.750000,0.270000,0.270000,0.350000,0.100000,0.350000,-0.350000,0.050000,0.500000, 
3.416000,0.015000,0.750000,0.270000,0.270000,0.350000,0.100000,0.350000,-0.350000,0.050000,0.500000, 
3.429000,0.013000,0.750000,0.270000,0.270000,0.350000,0.100000,0.350000,-0.350000,0.050000,0.500000, 
3.445000,0.016000,0.750000,0.270000,0.270000,0.350000,0.100000,0.350000,-0.350000,0.050000,0.500000, 
3.460000,0.015000,0.750000,0.270000,0.270000,0.350000,0.100000,0.350000,-0.350000,0.050000,0.500000, 
3.476000,0.016000,0.750000,0.260000,0.268621,0.350000,0.100000,0.350000,-0.350000,0.050000,0.500000, 
3.490000,0.014000,0.750000,0.260000,0.260000,0.350000,0.100000,0.350000,-0.350000,0.050000,0.500000, 
3.504000,0.014000,0.750000,0.260000,0.260000,0.350000,0.100000,0.350000,-0.350000,0.050000,0.500000, 
3.518000,0.014000,0.750000,0.260000,0.260000,0.350000,0.100000,0.350000,-0.350000,0.050000,0.500000, 
3.530000,0.012000,0.750000,0.260000,0.260000,0.350000,0.100000,0.350000,-0.350000,0.050000,0.500000, 
3.546000,0.016000,0.750000,0.260000,0.260000,0.350000,0.100000,0.350000,-0.350000,0.050000,0.500000, 
3.561000,0.015000,0.750000,0.260000,0.260000,0.350000,0.100000,0.350000,-0.350000,0.050000,0.500000, 
3.576000,0.015000,0.750000,0.270000,0.261304,0.350000,0.100000,0.350000,-0.350000,0.050000,0.500000, 
3.594000,0.018000,0.750000,0.270000,0.270000,0.350000,0.100000,0.350000,-0.350000,0.050000,0.500000, 
3.612000,0.018000,0.750000,0.270000,0.270000,0.350000,0.100000,0.350000,-0.350000,0.050000,0.500000, 
3.628000,0.016000,0.750000,0.270000,0.270000,0.350000,0.100000,0.350000,-0.350000,0.050000,0.500000, 
3.644000,0.016000,0.750000,0.270000,0.270000,0.350000,0.100000,0.350000,-0.350000,0.050000,0.500000, 
3.661000,0.017000,0.750000,0.270000,0.270000,0.350000,0.100000,0.350000,-0.350000,0.050000,0.500000, 
3.678000,0.017000,0.750000,0.260000,0.268547,0.350000,0.100000,0.350000,-0.350000,0.050000,0.500000, 
3.695000,0.017000,0.750000,0.260000,0.260000,0.350000,0.100000,0.350000,-0.350000,0.050000,0.500000, 
3.713000,0.018000,0.750000,0.260000,0.260000,0.350000,0.100000,0.350000,-0.350000,0.050000,0.500000, 
3.730000,0.017000,0.750000,0.260000,0.260000,0.350000,0.100000,0.350000,-0.350000,0.050000,0.500000, 
3.746000,0.016000,0.750000,0.260000,0.260000,0.350000,0.100000,0.350000,-0.350000,0.050000,0.500000, 
3.758000,0.012000,0.750000,0.260000,0.260000,0.350000,0.100000,0.350000,-0.350000,0.050000,0.500000, 
3.772000,0.014000,0.750000,0.260000,0.260000,0.350000,0.100000,0.350000,-0.350000,0.050000,0.500000, 
3.788000,0.016000,0.750000,0.270000,0.261379,0.350000,0.100000,0.350000,-0.350000,0.050000,0.500000, 
3.806000,0.018000,0.750000,0.270000,0.270000,0.350000,0.100000,0.350000,-0.350000,0.050000,0.500000, 
3.822000,0.016000,0.750000,0.270000,0.270000,0.350000,0.100000,0.350000,-0.350000,0.050000,0.500000, 
3.839000,0.017000,0.750000,0.270000,0.270000,0.350000,0.100000,0.350000,-0.350000,0.050000,0.500000, 
3.855000,0.016000,0.750000,0.270000,0.270000,0.350000,0.100000,0.350000,-0.350000,0.050000,0.500000, 
3.869000,0.014000,0.750000,0.270000,0.270000,0.350000,0.100000,0.350000,-0.350000,0.050000,0.500000, 
3.881000,0.012000,0.750000,0.270000,0.270000,0.350000,0.100000,0.350000,-0.350000,0.050000,0.500000, 
3.894000,0.013000,0.750000,0.270000,0.270000,0.350000,0.100000,0.350000,-0.350000,0.050000,0.500000, 
3.908000,0.014000,0.750000,0.270000,0.270000,0.350000,0.100000,0.350000,-0.350000,0.050000,0.500000, 
3.920000,0.012000,0.750000,0.270000,0.270000,0.350000,0.100000,0.350000,-0.350000,0.050000,0.500000, 
3.934000,0.014000,0.750000,0.270000,0.270000,0.350000,0.100000,0.350000,-0.350000,0.050000,0.500000, 
3.948000,0.014000,0.750000,0.270000,0.270000,0.350000,0.100000,0.350000,-0.350000,0.050000,0.500000, 
3.961000,0.013000,0.750000,0.270000,0.270000,0.350000,0.100000,0.350000,-0.350000,0.050000,0.500000, 
3.974000,0.013000,0.750000,0.260000,0.268850,0.350000,0.100000,0.350000,-0.350000,0.050000,0.500000, 
3.986000,0.012000,0.750000,0.260000,0.260000,0.350000,0.100000,0.350000,-0.350000,0.050000,0.500000, 
4.004000,0.018000,0.750000,0.260000,0.260000,0.350000,0.100000,0.350000,-0.350000,0.050000,0.500000, 
4.020000,0.016000,0.750000,0.260000,0.260000,0.350000,0.100000,0.350000,-0.350000,0.050000,0.500000, 
4.036000,0.016000,0.750000,0.260000,0.260000,0.350000,0.100000,0.350000,-0.350000,0.050000,0.500000, 
4.054000,0.018000,0.750000,0.260000,0.260000,0.350000,0.100000,0.350000,-0.350000,0.050000,0.500000, 
4.070000,0.016000,0.750000,0.260000,0.260000,0.350000,0.100000,0.350000,-0.350000,0.050000,0.500000, 
4.086000,0.016000,0.750000,0.260000,0.260000,0.350000,0.100000,0.350000,-0.350000,0.050000,0.500000, 
4.103000,0.017000,0.750000,0.260000,0.260000,0.350000,0.100000,0.350000,-0.350000,0.050000,0.500000, 
4.119000,0.016000,0.750000,0.260000,0.260000,0.350000,0.100000,0.350000,-0.350000,0.050000,0.500000, 
4.134000,0.015000,0.750000,0.260000,0.260000,0.350000,0.100000,0.350000,-0.350000,0.050000,0.500000, 
4.150000,0.016000,0.750000,0.260000,0.260000,0.350000,0.100000,0.350000,-0.350000,0.050000,0.500000, 
4.163000,0.013000,0.750000,0.260000,0.260000,0.350000,0.100000,0.350000,-0.350000,0.050000,0.500000, 
4.176000,0.013000,0.750000,0.270000,0.261150,0.350000,0.100000,0.350000,-0.350000,0.050000,0.500000, 
4.188000,0.012000,0.750000,0.270000,0.270000,0.350000,0.100000,0.350000,-0.350000,0.050000,0.500000, 
4.200000,0.012000,0.750000,0.270000,0.270000,0.350000,0.100000,0.350000,-0.350000,0.050000,0.500000, 
4.214000,0.014000,0.750000,0.270000,0.270000,0.350000,0.100000,0.350000,-0.350000,0.050000,0.500000, 
4.226000,0.012000,0.750000,0.270000,0.270000,0.350000,0.100000,0.350000,-0.350000,0.050000,0.500000, 
4.240000,0.014000,0.750000,0.270000,0.270000,0.350000,0.100000,0.350000,-0.350000,0.050000,0.500000, 
4.253000,0.013000,0.750000,0.270000,0.270000,0.350000,0.100000,0.350000,-0.350000,0.050000,0.500000, 
4.268000,0.015000,0.750000,0.270000,0.270000,0.350000,0.100000,0.350000,-0.350000,0.050000,0.500000, 
4.281000,0.013000,0.750000,0.270000,0.270000,0.350000,0.100000,0.350000,-0.350000,0.050000,0.500000, 
4.295000,0.014000,0.750000,0.270000,0.270000,0.350000,0.100000,0.350000,-0.350000,0.050000,0.500000, 
4.309000,0.014000,0.750000,0.270000,0.270000,0.350000,0.100000,0.350000,-0.350000,0.050000,0.500000, 
4.320000,0.011000,0.750000,0.270000,0.270000,0.350000,0.100000,0.350000,-0.350000,0.050000,0.500000, 
4.334000,0.014000,0.750000,0.270000,0.270000,0.350000,0.100000,0.350000,-0.350000,0.050000,0.500000, 
4.350000,0.016000,0.750000,0.270000,0.270000,0.350000,0.100000,0.350000,-0.350000,0.050000,0.500000, 
4.362000,0.012000,0.750000,0.270000,0.270000,0.350000,0.100000,0.350000,-0.350000,0.050000,0.500000, 
4.375000,0.013000,0.750000,0.260000,0.268850,0.350000,0.100000,0.350000,-0.350000,0.050000,0.500000, 
4.388000,0.013000,0.750000,0.260000,0.260000,0.350000,0.100000,0.350000,-0.350000,0.050000,0.500000, 
4.403000,0.015000,0.750000,0.260000,0.260000,0.350000,0.100000,0.350000,-0.350000,0.050000,0.500000, 
4.416000,0.013000,0.750000,0.260000,0.260000,0.350000,0.100000,0.350000,-0.350000,0.050000,0.500000, 
4.428000,0.012000,0.750000,0.260000,0.260000,0.350000,0.100000,0.350000,-0.350000,0.050000,0.500000, 
4.443000,0.015000,0.750000,0.260000,0.260000,0.350000,0.100000,0.350000,-0.350000,0.050000,0.500000, 
4.456000,0.013000,0.750000,0.260000,0.260000,0.350000,0.100000,0.350000,-0.350000,0.050000,0.500000, 
4.469000,0.013000,0.750000,0.260000,0.260000,0.350000,0.100000,0.350000,-0.350000,0.050000,0.500000, 
4.483000,0.014000,0.750000,0.260000,0.260000,0.350000,0.100000,0.350000,-0.350000,0.050000,0.500000, 
4.504000,0.021000,0.750000,0.260000,0.260000,0.350000,0.100000,0.350000,-0.350000,0.050000,0.500000, 
4.517000,0.013000,0.750000,0.260000,0.260000,0.350000,0.100000,0.350000,-0.350000,0.050000,0.500000, 
4.528000,0.011000,0.750000,0.260000,0.260000,0.350000,0.100000,0.350000,-0.350000,0.050000,0.500000, 
4.541000,0.013000,0.750000,0.260000,0.260000,0.350000,0.100000,0.350000,-0.350000,0.050000,0.500000, 
4.553000,0.012000,0.750000,0.260000,0.260000,0.350000,0.100000,0.350000,-0.350000,0.050000,0.500000, 
4.565000,0.012000,0.750000,0.260000,0.260000,0.350000,0.100000,0.350000,-0.350000,0.050000,0.500000, 
4.577000,0.012000,0.750000,0.260000,0.260000,0.350000,0.100000,0.350000,-0.350000,0.050000,0.500000, 
4.590000,0.013000,0.750000,0.260000,0.260000,0.350000,0.100000,0.350000,-0.350000,0.050000,0.500000, 
4.602000,0.012000,0.750000,0.260000,0.260000,0.350000,0.100000,0.350000,-0.350000,0.050000,0.500000, 
4.618000,0.016000,0.750000,0.260000,0.260000,0.350000,0.100000,0.350000,-0.350000,0.050000,0.500000, 
4.631000,0.013000,0.750000,0.260000,0.260000,0.350000,0.100000,0.350000,-0.350000,0.050000,0.500000, 
4.643000,0.012000,0.750000,0.260000,0.260000,0.350000,0.100000,0.350000,-0.350000,0.050000,0.500000, 
4.658000,0.015000,0.750000,0.260000,0.260000,0.350000,0.100000,0.350000,-0.350000,0.050000,0.500000, 
4.671000,0.013000,0.750000,0.260000,0.260000,0.350000,0.100000,0.350000,-0.350000,0.050000,0.500000, 
4.685000,0.014000,0.750000,0.270000,0.261228,0.350000,0.100000,0.350000,-0.350000,0.050000,0.500000, 
4.701000,0.016000,0.750000,0.270000,0.270000,0.350000,0.100000,0.350000,-0.350000,0.050000,0.500000, 
4.714000,0.013000,0.750000,0.270000,0.270000,0.350000,0.100000,0.350000,-0.350000,0.050000,0.500000, 
4.727000,0.013000,0.750000,0.270000,0.270000,0.350000,0.100000,0.350000,-0.350000,0.050000,0.500000, 
4.740000,0.013000,0.750000,0.270000,0.270000,0.350000,0.100000,0.350000,-0.350000,0.050000,0.500000, 
4.753000,0.013000,0.750000,0.270000,0.270000,0.350000,0.100000,0.350000,-0.350000,0.050000,0.500000, 
4.769000,0.016000,0.750000,0.270000,0.270000,0.350000,0.100000,0.350000,-0.350000,0.050000,0.500000, 
4.785000,0.016000,0.750000,0.260000,0.268621,0.350000,0.100000,0.350000,-0.350000,0.050000,0.500000, 
4.803000,0.018000,0.750000,0.260000,0.260000,0.350000,0.100000,0.350000,-0.350000,0.050000,0.500000, 
4.817000,0.014000,0.750000,0.260000,0.260000,0.350000,0.100000,0.350000,-0.350000,0.050000,0.500000, 
4.830000,0.013000,0.750000,0.260000,0.260000,0.350000,0.100000,0.350000,-0.350000,0.050000,0.500000, 
4.843000,0.013000,0.750000,0.260000,0.260000,0.350000,0.100000,0.350000,-0.350000,0.050000,0.500000, 
4.860000,0.017000,0.750000,0.260000,0.260000,0.350000,0.100000,0.350000,-0.350000,0.050000,0.500000, 
4.877000,0.017000,0.750000,0.260000,0.260000,0.350000,0.100000,0.350000,-0.350000,0.050000,0.500000, 
4.891000,0.014000,0.750000,0.260000,0.260000,0.350000,0.100000,0.350000,-0.350000,0.050000,0.500000, 
4.905000,0.014000,0.750000,0.260000,0.260000,0.350000,0.100000,0.350000,-0.350000,0.050000,0.500000, 
4.918000,0.013000,0.750000,0.260000,0.260000,0.350000,0.100000,0.350000,-0.350000,0.050000,0.500000, 
4.931000,0.013000,0.750000,0.260000,0.260000,0.350000,0.100000,0.350000,-0.350000,0.050000,0.500000, 
4.943000,0.012000,0.750000,0.260000,0.260000,0.350000,0.100000,0.350000,-0.350000,0.050000,0.500000, 
4.956000,0.013000,0.750000,0.260000,0.260000,0.350000,0.100000,0.350000,-0.350000,0.050000,0.500000, 
4.968000,0.012000,0.750000,0.260000,0.260000,0.350000,0.100000,0.350000,-0.350000,0.050000,0.500000, 
4.981000,0.013000,0.750000,0.260000,0.260000,0.350000,0.100000,0.350000,-0.350000,0.050000,0.500000, 
4.995000,0.014000,0.750000,0.260000,0.260000,0.350000,0.100000,0.350000,-0.350000,0.050000,0.500000, 
5.009000,0.014000,0.750000,0.260000,0.260000,0.350000,0.100000,0.350000,-0.350000,0.050000,0.500000, 
5.022000,0.013000,0.750000,0.260000,0.260000,0.350000,0.100000,0.350000,-0.350000,0.050000,0.500000, 
5.036000,0.014000,0.750000,0.260000,0.260000,0.350000,0.100000,0.350000,-0.350000,0.050000,0.500000, 
5.049000,0.013000,0.750000,0.260000,0.260000,0.350000,0.100000,0.350000,-0.350000,0.050000,0.500000, 
5.063000,0.014000,0.750000,0.260000,0.260000,0.350000,0.100000,0.350000,-0.350000,0.050000,0.500000, 
5.075000,0.012000,0.750000,0.270000,0.261071,0.350000,0.100000,0.350000,-0.350000,0.050000,0.500000, 
5.089000,0.014000,0.750000,0.270000,0.270000,0.350000,0.100000,0.350000,-0.350000,0.050000,0.500000, 
5.104000,0.015000,0.750000,0.270000,0.270000,0.350000,0.100000,0.350000,-0.350000,0.050000,0.500000, 
5.119000,0.015000,0.750000,0.270000,0.270000,0.350000,0.100000,0.350000,-0.350000,0.050000,0.500000, 
5.132000,0.013000,0.750000,0.270000,0.270000,0.350000,0.100000,0.350000,-0.350000,0.050000,0.500000, 
5.144000,0.012000,0.750000,0.270000,0.270000,0.350000,0.100000,0.350000,-0.350000,0.050000,0.500000, 
5.158000,0.014000,0.750000,0.270000,0.270000,0.350000,0.100000,0.350000,-0.350000,0.050000,0.500000, 
5.170000,0.012000,0.750000,0.270000,0.270000,0.350000,0.100000,0.350000,-0.350000,0.050000,0.500000, 
5.183000,0.013000,0.750000,0.260000,0.268850,0.350000,0.100000,0.350000,-0.350000,0.050000,0.500000, 
5.211000,0.028000,0.750000,0.260000,0.260000,0.350000,0.100000,0.350000,-0.350000,0.050000,0.500000, 
5.226000,0.015000,0.750000,0.260000,0.260000,0.350000,0.100000,0.350000,-0.350000,0.050000,0.500000, 
5.240000,0.014000,0.750000,0.260000,0.260000,0.350000,0.100000,0.350000,-0.350000,0.050000,0.500000, 
5.254000,0.014000,0.750000,0.260000,0.260000,0.350000,0.100000,0.350000,-0.350000,0.050000,0.500000, 
5.267000,0.013000,0.750000,0.270000,0.261150,0.350000,0.100000,0.350000,-0.350000,0.050000,0.500000, 
5.280000,0.013000,0.750000,0.270000,0.270000,0.350000,0.100000,0.350000,-0.350000,0.050000,0.500000, 
5.294000,0.014000,0.750000,0.270000,0.270000,0.350000,0.100000,0.350000,-0.350000,0.050000,0.500000, 
5.309000,0.015000,0.750000,0.270000,0.270000,0.350000,0.100000,0.350000,-0.350000,0.050000,0.500000, 
5.323000,0.014000,0.750000,0.270000,0.270000,0.350000,0.100000,0.350000,-0.350000,0.050000,0.500000, 
5.337000,0.014000,0.750000,0.270000,0.270000,0.350000,0.100000,0.350000,-0.350000,0.050000,0.500000, 
5.351000,0.014000,0.750000,0.270000,0.270000,0.350000,0.100000,0.350000,-0.350000,0.050000,0.500000, 
5.365000,0.014000,0.750000,0.270000,0.270000,0.350000,0.100000,0.350000,-0.350000,0.050000,0.500000, 
5.378000,0.013000,0.750000,0.260000,0.268850,0.350000,0.100000,0.350000,-0.350000,0.050000,0.500000, 
5.391000,0.013000,0.750000,0.260000,0.260000,0.350000,0.100000,0.350000,-0.350000,0.050000,0.500000, 
5.404000,0.013000,0.750000,0.260000,0.260000,0.350000,0.100000,0.350000,-0.350000,0.050000,0.500000, 
5.417000,0.013000,0.750000,0.260000,0.260000,0.350000,0.100000,0.350000,-0.350000,0.050000,0.500000, 
5.430000,0.013000,0.750000,0.260000,0.260000,0.350000,0.100000,0.350000,-0.350000,0.050000,0.500000, 
5.445000,0.015000,0.750000,0.260000,0.260000,0.350000,0.100000,0.350000,-0.350000,0.050000,0.500000, 
5.459000,0.014000,0.750000,0.260000,0.260000,0.350000,0.100000,0.350000,-0.350000,0.050000,0.500000, 
5.473000,0.014000,0.750000,0.260000,0.260000,0.350000,0.100000,0.350000,-0.350000,0.050000,0.500000, 
5.486000,0.013000,0.750000,0.260000,0.260000,0.350000,0.100000,0.350000,-0.350000,0.050000,0.500000, 
5.501000,0.015000,0.750000,0.260000,0.260000,0.350000,0.100000,0.350000,-0.350000,0.050000,0.500000, 
5.518000,0.017000,0.750000,0.260000,0.260000,0.350000,0.100000,0.350000,-0.350000,0.050000,0.500000, 
5.533000,0.015000,0.750000,0.260000,0.260000,0.350000,0.100000,0.350000,-0.350000,0.050000,0.500000, 
5.551000,0.018000,0.750000,0.260000,0.260000,0.350000,0.100000,0.350000,-0.350000,0.050000,0.500000, 
5.563000,0.012000,0.750000,0.260000,0.260000,0.350000,0.100000,0.350000,-0.350000,0.050000,0.500000, 
5.576000,0.013000,0.750000,0.260000,0.260000,0.350000,0.100000,0.350000,-0.350000,0.050000,0.500000, 
5.588000,0.012000,0.750000,0.260000,0.260000,0.350000,0.100000,0.350000,-0.350000,0.050000,0.500000, 
5.604000,0.016000,0.750000,0.260000,0.260000,0.350000,0.100000,0.350000,-0.350000,0.050000,0.500000, 
5.616000,0.012000,0.750000,0.260000,0.260000,0.350000,0.100000,0.350000,-0.350000,0.050000,0.500000, 
5.631000,0.015000,0.750000,0.260000,0.260000,0.350000,0.100000,0.350000,-0.350000,0.050000,0.500000, 
5.647000,0.016000,0.750000,0.260000,0.260000,0.350000,0.100000,0.350000,-0.350000,0.050000,0.500000, 
5.660000,0.013000,0.750000,0.260000,0.260000,0.350000,0.100000,0.350000,-0.350000,0.050000,0.500000, 
5.673000,0.013000,0.750000,0.260000,0.260000,0.350000,0.100000,0.350000,-0.350000,0.050000,0.500000, 
5.686000,0.013000,0.750000,0.260000,0.260000,0.350000,0.100000,0.350000,-0.350000,0.050000,0.500000, 
5.700000,0.014000,0.750000,0.260000,0.260000,0.350000,0.100000,0.350000,-0.350000,0.050000,0.500000, 
5.715000,0.015000,0.750000,0.260000,0.260000,0.350000,0.100000,0.350000,-0.350000,0.050000,0.500000, 
5.727000,0.012000,0.750000,0.260000,0.260000,0.350000,0.100000,0.350000,-0.350000,0.050000,0.500000, 
5.741000,0.014000,0.750000,0.260000,0.260000,0.350000,0.100000,0.350000,-0.350000,0.050000,0.500000, 
5.755000,0.014000,0.750000,0.260000,0.260000,0.350000,0.100000,0.350000,-0.350000,0.050000,0.500000, 
5.768000,0.013000,0.750000,0.260000,0.260000,0.350000,0.100000,0.350000,-0.350000,0.050000,0.500000, 
5.782000,0.014000,0.750000,0.260000,0.260000,0.350000,0.100000,0.350000,-0.350000,0.050000,0.500000, 
5.798000,0.016000,0.750000,0.260000,0.260000,0.350000,0.100000,0.350000,-0.350000,0.050000,0.500000, 
5.816000,0.018000,0.750000,0.260000,0.260000,0.350000,0.100000,0.350000,-0.350000,0.050000,0.500000, 
5.832000,0.016000,0.750000,0.260000,0.260000,0.350000,0.100000,0.350000,-0.350000,0.050000,0.500000, 
5.844000,0.012000,0.750000,0.260000,0.260000,0.350000,0.100000,0.350000,-0.350000,0.050000,0.500000, 
5.858000,0.014000,0.750000,0.260000,0.260000,0.350000,0.100000,0.350000,-0.350000,0.050000,0.500000, 
5.870000,0.012000,0.750000,0.260000,0.260000,0.350000,0.100000,0.350000,-0.350000,0.050000,0.500000, 
5.883000,0.013000,0.750000,0.260000,0.260000,0.350000,0.100000,0.350000,-0.350000,0.050000,0.500000, 
5.896000,0.013000,0.750000,0.260000,0.260000,0.350000,0.100000,0.350000,-0.350000,0.050000,0.500000, 
5.911000,0.015000,0.750000,0.260000,0.260000,0.350000,0.100000,0.350000,-0.350000,0.050000,0.500000, 
5.925000,0.014000,0.750000,0.260000,0.260000,0.350000,0.100000,0.350000,-0.350000,0.050000,0.500000, 
5.939000,0.014000,0.750000,0.260000,0.260000,0.350000,0.100000,0.350000,-0.350000,0.050000,0.500000, 
5.953000,0.014000,0.750000,0.260000,0.260000,0.350000,0.100000,0.350000,-0.350000,0.050000,0.500000, 
5.965000,0.012000,0.750000,0.260000,0.260000,0.350000,0.100000,0.350000,-0.350000,0.050000,0.500000, 
5.979000,0.014000,0.750000,0.260000,0.260000,0.350000,0.100000,0.350000,-0.350000,0.050000,0.500000, 
5.992000,0.013000,0.750000,0.260000,0.260000,0.350000,0.100000,0.350000,-0.350000,0.050000,0.500000, 
6.008000,0.016000,0.750000,0.260000,0.260000,0.350000,0.100000,0.350000,-0.350000,0.050000,0.500000, 
6.022000,0.014000,0.750000,0.260000,0.260000,0.350000,0.100000,0.350000,-0.350000,0.050000,0.500000, 
6.036000,0.014000,0.750000,0.260000,0.260000,0.350000,0.100000,0.350000,-0.350000,0.050000,0.500000, 
6.049000,0.013000,0.750000,0.260000,0.260000,0.350000,0.100000,0.350000,-0.350000,0.050000,0.500000, 
6.060000,0.011000,0.750000,0.260000,0.260000,0.350000,0.100000,0.350000,-0.350000,0.050000,0.500000, 
6.074000,0.014000,0.750000,0.260000,0.260000,0.350000,0.100000,0.350000,-0.350000,0.050000,0.500000, 
6.086000,0.012000,0.750000,0.260000,0.260000,0.350000,0.100000,0.350000,-0.350000,0.050000,0.500000, 
6.100000,0.014000,0.750000,0.260000,0.260000,0.350000,0.100000,0.350000,-0.350000,0.050000,0.500000, 
6.117000,0.017000,0.750000,0.260000,0.260000,0.350000,0.100000,0.350000,-0.350000,0.050000,0.500000, 
6.130000,0.013000,0.750000,0.260000,0.260000,0.350000,0.100000,0.350000,-0.350000,0.050000,0.500000, 
6.144000,0.014000,0.750000,0.260000,0.260000,0.350000,0.100000,0.350000,-0.350000,0.050000,0.500000, 
6.156000,0.012000,0.750000,0.260000,0.260000,0.350000,0.100000,0.350000,-0.350000,0.050000,0.500000, 
6.168000,0.012000,0.750000,0.260000,0.260000,0.350000,0.100000,0.350000,-0.350000,0.050000,0.500000, 
6.179000,0.011000,0.750000,0.250000,0.259009,0.350000,0.100000,0.350000,-0.350000,0.050000,0.500000, 
6.192000,0.013000,0.750000,0.250000,0.250000,0.350000,0.100000,0.350000,-0.350000,0.050000,0.500000, 
6.206000,0.014000,0.750000,0.250000,0.250000,0.350000,0.100000,0.350000,-0.350000,0.050000,0.500000, 
6.220000,0.014000,0.750000,0.250000,0.250000,0.350000,0.100000,0.350000,-0.350000,0.050000,0.500000, 
6.235000,0.015000,0.750000,0.250000,0.250000,0.350000,0.100000,0.350000,-0.350000,0.050000,0.500000, 
6.250000,0.015000,0.750000,0.250000,0.250000,0.350000,0.100000,0.350000,-0.350000,0.050000,0.500000, 
6.264000,0.014000,0.750000,0.250000,0.250000,0.350000,0.100000,0.350000,-0.350000,0.050000,0.500000, 
6.276000,0.012000,0.750000,0.270000,0.252143,0.350000,0.100000,0.350000,-0.350000,0.050000,0.500000, 
6.290000,0.014000,0.750000,0.270000,0.270000,0.350000,0.100000,0.350000,-0.350000,0.050000,0.500000, 
6.305000,0.015000,0.750000,0.270000,0.270000,0.350000,0.100000,0.350000,-0.350000,0.050000,0.500000, 
6.319000,0.014000,0.750000,0.270000,0.270000,0.350000,0.100000,0.350000,-0.350000,0.050000,0.500000, 
6.334000,0.015000,0.750000,0.270000,0.270000,0.350000,0.100000,0.350000,-0.350000,0.050000,0.500000, 
6.349000,0.015000,0.750000,0.270000,0.270000,0.350000,0.100000,0.350000,-0.350000,0.050000,0.500000, 
6.361000,0.012000,0.750000,0.270000,0.270000,0.350000,0.100000,0.350000,-0.350000,0.050000,0.500000, 
6.374000,0.013000,0.750000,0.270000,0.270000,0.350000,0.100000,0.350000,-0.350000,0.050000,0.500000, 
6.387000,0.013000,0.750000,0.280000,0.271150,0.350000,0.100000,0.350000,-0.350000,0.050000,0.500000, 
6.401000,0.014000,0.750000,0.280000,0.280000,0.350000,0.100000,0.350000,-0.350000,0.050000,0.500000, 
6.416000,0.015000,0.750000,0.280000,0.280000,0.350000,0.100000,0.350000,-0.350000,0.050000,0.500000, 
6.430000,0.014000,0.750000,0.280000,0.280000,0.350000,0.100000,0.350000,-0.350000,0.050000,0.500000, 
6.445000,0.015000,0.750000,0.280000,0.280000,0.350000,0.100000,0.350000,-0.350000,0.050000,0.500000, 
6.460000,0.015000,0.750000,0.280000,0.280000,0.350000,0.100000,0.350000,-0.350000,0.050000,0.500000, 
6.475000,0.015000,0.750000,0.280000,0.280000,0.350000,0.100000,0.350000,-0.350000,0.050000,0.500000, 
6.487000,0.012000,0.750000,0.270000,0.278929,0.350000,0.100000,0.350000,-0.350000,0.050000,0.500000, 
6.499000,0.012000,0.750000,0.270000,0.270000,0.350000,0.100000,0.350000,-0.350000,0.050000,0.500000, 
6.512000,0.013000,0.750000,0.270000,0.270000,0.350000,0.100000,0.350000,-0.350000,0.050000,0.500000, 
6.527000,0.015000,0.750000,0.270000,0.270000,0.350000,0.100000,0.350000,-0.350000,0.050000,0.500000, 
6.541000,0.014000,0.750000,0.270000,0.270000,0.350000,0.100000,0.350000,-0.350000,0.050000,0.500000, 
6.555000,0.014000,0.750000,0.270000,0.270000,0.350000,0.100000,0.350000,-0.350000,0.050000,0.500000, 
6.569000,0.014000,0.750000,0.270000,0.270000,0.350000,0.100000,0.350000,-0.350000,0.050000,0.500000, 
6.582000,0.013000,0.750000,0.280000,0.271150,0.350000,0.100000,0.350000,-0.350000,0.050000,0.500000, 
6.594000,0.012000,0.750000,0.280000,0.280000,0.350000,0.100000,0.350000,-0.350000,0.050000,0.500000, 
6.607000,0.013000,0.750000,0.280000,0.280000,0.350000,0.100000,0.350000,-0.350000,0.050000,0.500000, 
6.619000,0.012000,0.750000,0.280000,0.280000,0.350000,0.100000,0.350000,-0.350000,0.050000,0.500000, 
6.633000,0.014000,0.750000,0.280000,0.280000,0.350000,0.100000,0.350000,-0.350000,0.050000,0.500000, 
6.645000,0.012000,0.750000,0.280000,0.280000,0.350000,0.100000,0.350000,-0.350000,0.050000,0.500000, 
6.658000,0.013000,0.750000,0.280000,0.280000,0.350000,0.100000,0.350000,-0.350000,0.050000,0.500000, 
6.670000,0.012000,0.750000,0.280000,0.280000,0.350000,0.100000,0.350000,-0.350000,0.050000,0.500000, 
6.684000,0.014000,0.750000,0.280000,0.280000,0.350000,0.100000,0.350000,-0.350000,0.050000,0.500000, 
6.697000,0.013000,0.750000,0.280000,0.280000,0.350000,0.100000,0.350000,-0.350000,0.050000,0.500000, 
6.709000,0.012000,0.750000,0.280000,0.280000,0.350000,0.100000,0.350000,-0.350000,0.050000,0.500000, 
6.722000,0.013000,0.750000,0.280000,0.280000,0.350000,0.100000,0.350000,-0.350000,0.050000,0.500000, 
6.737000,0.015000,0.750000,0.280000,0.280000,0.350000,0.100000,0.350000,-0.350000,0.050000,0.500000, 
6.753000,0.016000,0.750000,0.280000,0.280000,0.350000,0.100000,0.350000,-0.350000,0.050000,0.500000, 
6.770000,0.017000,0.750000,0.280000,0.280000,0.350000,0.100000,0.350000,-0.350000,0.050000,0.500000, 
6.787000,0.017000,0.750000,0.280000,0.280000,0.350000,0.100000,0.350000,-0.350000,0.050000,0.500000, 
6.805000,0.018000,0.750000,0.280000,0.280000,0.350000,0.100000,0.350000,-0.350000,0.050000,0.500000, 
6.820000,0.015000,0.750000,0.280000,0.280000,0.350000,0.100000,0.350000,-0.350000,0.050000,0.500000, 
6.836000,0.016000,0.750000,0.280000,0.280000,0.350000,0.100000,0.350000,-0.350000,0.050000,0.500000, 
6.853000,0.017000,0.750000,0.280000,0.280000,0.350000,0.100000,0.350000,-0.350000,0.050000,0.500000, 
6.869000,0.016000,0.750000,0.280000,0.280000,0.350000,0.100000,0.350000,-0.350000,0.050000,0.500000, 
6.886000,0.017000,0.750000,0.310000,0.284359,0.350000,0.100000,0.350000,-0.350000,0.050000,0.500000, 
6.901000,0.015000,0.750000,0.310000,0.310000,0.350000,0.100000,0.350000,-0.350000,0.050000,0.500000, 
6.918000,0.017000,0.750000,0.310000,0.310000,0.350000,0.100000,0.350000,-0.350000,0.050000,0.500000, 
6.934000,0.016000,0.750000,0.310000,0.310000,0.350000,0.100000,0.350000,-0.350000,0.050000,0.500000, 
6.951000,0.017000,0.750000,0.310000,0.310000,0.350000,0.100000,0.350000,-0.350000,0.050000,0.500000, 
6.968000,0.017000,0.750000,0.300000,0.308547,0.350000,0.100000,0.350000,-0.350000,0.050000,0.500000, 
6.986000,0.018000,0.750000,0.200000,0.284746,0.350000,0.100000,0.350000,-0.350000,0.050000,0.500000, 
7.008000,0.022000,0.750000,0.200000,0.200000,0.350000,0.100000,0.350000,-0.350000,0.050000,0.500000, 
7.021000,0.013000,0.750000,0.200000,0.200000,0.350000,0.100000,0.350000,-0.350000,0.050000,0.500000, 
7.035000,0.014000,0.750000,0.200000,0.200000,0.350000,0.100000,0.350000,-0.350000,0.050000,0.500000, 
7.049000,0.014000,0.750000,0.200000,0.200000,0.350000,0.100000,0.350000,-0.350000,0.050000,0.500000, 
7.064000,0.015000,0.750000,0.210000,0.201304,0.350000,0.100000,0.350000,-0.350000,0.050000,0.500000, 
7.079000,0.015000,0.750000,0.300000,0.221739,0.350000,0.100000,0.350000,-0.350000,0.050000,0.500000, 
7.092000,0.013000,0.750000,0.300000,0.300000,0.350000,0.100000,0.350000,-0.350000,0.050000,0.500000, 
7.108000,0.016000,0.750000,0.300000,0.300000,0.350000,0.100000,0.350000,-0.350000,0.050000,0.500000, 
7.122000,0.014000,0.750000,0.300000,0.300000,0.350000,0.100000,0.350000,-0.350000,0.050000,0.500000, 
7.135000,0.013000,0.750000,0.300000,0.300000,0.350000,0.100000,0.350000,-0.350000,0.050000,0.500000, 
7.152000,0.017000,0.750000,0.300000,0.300000,0.350000,0.100000,0.350000,-0.350000,0.050000,0.500000, 
7.165000,0.013000,0.750000,0.300000,0.300000,0.350000,0.100000,0.350000,-0.350000,0.050000,0.500000, 
7.183000,0.018000,0.750000,0.320000,0.303051,0.350000,0.100000,0.350000,-0.350000,0.050000,0.500000, 
7.200000,0.017000,0.750000,0.320000,0.320000,0.350000,0.100000,0.350000,-0.350000,0.050000,0.500000, 
7.214000,0.014000,0.750000,0.320000,0.320000,0.350000,0.100000,0.350000,-0.350000,0.050000,0.500000, 
7.230000,0.016000,0.750000,0.320000,0.320000,0.350000,0.100000,0.350000,-0.350000,0.050000,0.500000, 
7.245000,0.015000,0.750000,0.320000,0.320000,0.350000,0.100000,0.350000,-0.350000,0.050000,0.500000, 
7.267000,0.022000,0.750000,0.320000,0.320000,0.350000,0.100000,0.350000,-0.350000,0.050000,0.500000, 
7.285000,0.018000,0.750000,0.350000,0.324576,0.350000,0.100000,0.350000,-0.350000,0.050000,0.500000, 
7.309000,0.024000,0.750000,0.350000,0.350000,0.350000,0.100000,0.350000,-0.350000,0.050000,0.500000, 
7.327000,0.018000,0.750000,0.350000,0.350000,0.350000,0.100000,0.350000,-0.350000,0.050000,0.500000, 
7.358000,0.031000,0.750000,0.350000,0.350000,0.350000,0.100000,0.350000,-0.350000,0.050000,0.500000, 
7.375000,0.017000,0.750000,0.350000,0.350000,0.350000,0.100000,0.350000,-0.350000,0.050000,0.500000, 
7.393000,0.018000,0.750000,0.390000,0.356102,0.350000,0.100000,0.350000,-0.350000,0.050000,0.500000, 
7.418000,0.025000,0.750000,0.390000,0.390000,0.350000,0.100000,0.350000,-0.350000,0.050000,0.500000, 
7.434000,0.016000,0.750000,0.390000,0.390000,0.350000,0.100000,0.350000,-0.350000,0.050000,0.500000, 
7.449000,0.015000,0.750000,0.380000,0.388696,0.350000,0.100000,0.350000,-0.350000,0.050000,0.500000, 
7.468000,0.019000,0.750000,0.380000,0.380000,0.350000,0.100000,0.350000,-0.350000,0.050000,0.500000, 
7.483000,0.015000,0.750000,0.380000,0.380000,0.350000,0.100000,0.350000,-0.350000,0.050000,0.500000, 
7.498000,0.015000,0.750000,0.380000,0.380000,0.350000,0.100000,0.350000,-0.350000,0.050000,0.500000, 
7.518000,0.020000,0.750000,0.380000,0.380000,0.350000,0.100000,0.350000,-0.350000,0.050000,0.500000, 
7.535000,0.017000,0.750000,0.380000,0.380000,0.350000,0.100000,0.350000,-0.350000,0.050000,0.500000, 
7.553000,0.018000,0.750000,0.380000,0.380000,0.350000,0.100000,0.350000,-0.350000,0.050000,0.500000, 
7.574000,0.021000,0.750000,0.380000,0.380000,0.350000,0.100000,0.350000,-0.350000,0.050000,0.500000, 
7.588000,0.014000,0.750000,0.390000,0.381228,0.350000,0.100000,0.350000,-0.350000,0.050000,0.500000, 
7.608000,0.020000,0.750000,0.390000,0.390000,0.350000,0.100000,0.350000,-0.350000,0.050000,0.500000, 
7.622000,0.014000,0.750000,0.390000,0.390000,0.350000,0.100000,0.350000,-0.350000,0.050000,0.500000, 
7.637000,0.015000,0.750000,0.390000,0.390000,0.350000,0.100000,0.350000,-0.350000,0.050000,0.500000, 
7.653000,0.016000,0.750000,0.390000,0.390000,0.350000,0.100000,0.350000,-0.350000,0.050000,0.500000, 
7.669000,0.016000,0.750000,0.400000,0.391379,0.350000,0.100000,0.350000,-0.350000,0.050000,0.500000, 
7.685000,0.016000,0.750000,0.490000,0.412414,0.350000,0.100000,0.350000,-0.350000,0.050000,0.500000, 
7.704000,0.019000,0.750000,0.490000,0.490000,0.350000,0.100000,0.350000,-0.350000,0.050000,0.500000, 
7.720000,0.016000,0.750000,0.490000,0.490000,0.350000,0.100000,0.350000,-0.350000,0.050000,0.500000, 
7.736000,0.016000,0.750000,0.500000,0.491379,0.350000,0.100000,0.350000,-0.350000,0.050000,0.500000, 
7.751000,0.015000,0.750000,0.500000,0.500000,0.350000,0.100000,0.350000,-0.350000,0.050000,0.500000, 
7.765000,0.014000,0.750000,0.490000,0.498772,0.350000,0.100000,0.350000,-0.350000,0.050000,0.500000, 
7.777000,0.012000,0.750000,0.430000,0.483571,0.350000,0.100000,0.350000,-0.350000,0.050000,0.500000, 
7.790000,0.013000,0.750000,0.430000,0.430000,0.350000,0.100000,0.350000,-0.350000,0.050000,0.500000, 
7.804000,0.014000,0.750000,0.430000,0.430000,0.350000,0.100000,0.350000,-0.350000,0.050000,0.500000, 
7.818000,0.014000,0.750000,0.430000,0.430000,0.350000,0.100000,0.350000,-0.350000,0.050000,0.500000, 
7.829000,0.011000,0.750000,0.430000,0.430000,0.350000,0.100000,0.350000,-0.350000,0.050000,0.500000, 
7.844000,0.015000,0.750000,0.430000,0.430000,0.350000,0.100000,0.350000,-0.350000,0.050000,0.500000, 
7.858000,0.014000,0.750000,0.430000,0.430000,0.350000,0.100000,0.350000,-0.350000,0.050000,0.500000, 
7.871000,0.013000,0.750000,0.430000,0.430000,0.350000,0.100000,0.350000,-0.350000,0.050000,0.500000, 
7.885000,0.014000,0.750000,0.430000,0.430000,0.350000,0.100000,0.350000,-0.350000,0.050000,0.500000, 
7.897000,0.012000,0.750000,0.430000,0.430000,0.350000,0.100000,0.350000,-0.350000,0.050000,0.500000, 
7.910000,0.013000,0.750000,0.430000,0.430000,0.350000,0.100000,0.350000,-0.350000,0.050000,0.500000, 
7.923000,0.013000,0.750000,0.430000,0.430000,0.350000,0.100000,0.350000,-0.350000,0.050000,0.500000, 
7.940000,0.017000,0.750000,0.430000,0.430000,0.350000,0.100000,0.350000,-0.350000,0.050000,0.500000, 
7.958000,0.018000,0.750000,0.430000,0.430000,0.350000,0.100000,0.350000,-0.350000,0.050000,0.500000, 
7.975000,0.017000,0.750000,0.430000,0.430000,0.350000,0.100000,0.350000,-0.350000,0.050000,0.500000, 
7.992000,0.017000,0.750000,0.450000,0.432906,0.350000,0.100000,0.350000,-0.350000,0.050000,0.500000, 
8.008000,0.016000,0.750000,0.450000,0.450000,0.350000,0.100000,0.350000,-0.350000,0.050000,0.500000, 
8.022000,0.014000,0.750000,0.450000,0.450000,0.350000,0.100000,0.350000,-0.350000,0.050000,0.500000, 
8.035000,0.013000,0.750000,0.450000,0.450000,0.350000,0.100000,0.350000,-0.350000,0.050000,0.500000, 
8.052000,0.017000,0.750000,0.450000,0.450000,0.350000,0.100000,0.350000,-0.350000,0.050000,0.500000, 
8.064000,0.012000,0.750000,0.450000,0.450000,0.350000,0.100000,0.350000,-0.350000,0.050000,0.500000, 
8.077000,0.013000,0.750000,0.550000,0.461504,0.350000,0.100000,0.350000,-0.350000,0.050000,0.500000, 
8.092000,0.015000,0.750000,0.550000,0.550000,0.350000,0.100000,0.350000,-0.350000,0.050000,0.500000, 
8.107000,0.015000,0.750000,0.550000,0.550000,0.350000,0.100000,0.350000,-0.350000,0.050000,0.500000, 
8.120000,0.013000,0.750000,0.550000,0.550000,0.350000,0.100000,0.350000,-0.350000,0.050000,0.500000, 
8.133000,0.013000,0.750000,0.550000,0.550000,0.350000,0.100000,0.350000,-0.350000,0.050000,0.500000, 
8.145000,0.012000,0.750000,0.550000,0.550000,0.350000,0.100000,0.350000,-0.350000,0.050000,0.500000, 
8.159000,0.014000,0.750000,0.550000,0.550000,0.350000,0.100000,0.350000,-0.350000,0.050000,0.500000, 
8.173000,0.014000,0.750000,0.540000,0.548772,0.350000,0.100000,0.350000,-0.350000,0.050000,0.500000, 
8.186000,0.013000,0.750000,0.490000,0.534248,0.350000,0.100000,0.350000,-0.350000,0.050000,0.500000, 
8.201000,0.015000,0.750000,0.490000,0.490000,0.350000,0.100000,0.350000,-0.350000,0.050000,0.500000, 
8.216000,0.015000,0.750000,0.490000,0.490000,0.350000,0.100000,0.350000,-0.350000,0.050000,0.500000, 
8.227000,0.011000,0.750000,0.490000,0.490000,0.350000,0.100000,0.350000,-0.350000,0.050000,0.500000, 
8.240000,0.013000,0.750000,0.490000,0.490000,0.350000,0.100000,0.350000,-0.350000,0.050000,0.500000, 
8.253000,0.013000,0.750000,0.490000,0.490000,0.350000,0.100000,0.350000,-0.350000,0.050000,0.500000, 
8.266000,0.013000,0.750000,0.500000,0.491150,0.350000,0.100000,0.350000,-0.350000,0.050000,0.500000, 
8.279000,0.013000,0.750000,0.610000,0.512655,0.350000,0.100000,0.350000,-0.350000,0.050000,0.500000, 
8.293000,0.014000,0.750000,0.610000,0.610000,0.350000,0.100000,0.350000,-0.350000,0.050000,0.500000, 
8.308000,0.015000,0.750000,0.610000,0.610000,0.350000,0.100000,0.350000,-0.350000,0.050000,0.500000, 
8.321000,0.013000,0.750000,0.610000,0.610000,0.350000,0.100000,0.350000,-0.350000,0.050000,0.500000, 
8.335000,0.014000,0.750000,0.610000,0.610000,0.350000,0.100000,0.350000,-0.350000,0.050000,0.500000, 
8.346000,0.011000,0.750000,0.610000,0.610000,0.350000,0.100000,0.350000,-0.350000,0.050000,0.500000, 
8.358000,0.012000,0.750000,0.610000,0.610000,0.350000,0.100000,0.350000,-0.350000,0.050000,0.500000, 
8.372000,0.014000,0.750000,0.610000,0.610000,0.350000,0.100000,0.350000,-0.350000,0.050000,0.500000, 
8.388000,0.016000,0.750000,0.630000,0.612759,0.350000,0.100000,0.350000,-0.350000,0.050000,0.500000, 
8.405000,0.017000,0.750000,0.630000,0.630000,0.350000,0.100000,0.350000,-0.350000,0.050000,0.500000, 
8.423000,0.018000,0.750000,0.630000,0.630000,0.350000,0.100000,0.350000,-0.350000,0.050000,0.500000, 
8.439000,0.016000,0.750000,0.630000,0.630000,0.350000,0.100000,0.350000,-0.350000,0.050000,0.500000, 
8.455000,0.016000,0.750000,0.630000,0.630000,0.350000,0.100000,0.350000,-0.350000,0.050000,0.500000, 
8.470000,0.015000,0.750000,0.630000,0.630000,0.350000,0.100000,0.350000,-0.350000,0.050000,0.500000, 
8.486000,0.016000,0.750000,0.650000,0.632759,0.350000,0.100000,0.350000,-0.350000,0.050000,0.500000, 
8.504000,0.018000,0.750000,0.650000,0.650000,0.350000,0.100000,0.350000,-0.350000,0.050000,0.500000, 
8.521000,0.017000,0.750000,0.650000,0.650000,0.350000,0.100000,0.350000,-0.350000,0.050000,0.500000, 
8.538000,0.017000,0.750000,0.650000,0.650000,0.350000,0.100000,0.350000,-0.350000,0.050000,0.500000, 
8.552000,0.014000,0.750000,0.650000,0.650000,0.350000,0.100000,0.350000,-0.350000,0.050000,0.500000, 
8.565000,0.013000,0.750000,0.650000,0.650000,0.350000,0.100000,0.350000,-0.350000,0.050000,0.500000, 
8.577000,0.012000,0.750000,0.640000,0.648929,0.350000,0.100000,0.350000,-0.350000,0.050000,0.500000, 
8.592000,0.015000,0.750000,0.640000,0.640000,0.350000,0.100000,0.350000,-0.350000,0.050000,0.500000, 
8.606000,0.014000,0.750000,0.640000,0.640000,0.350000,0.100000,0.350000,-0.350000,0.050000,0.500000, 
8.620000,0.014000,0.750000,0.640000,0.640000,0.350000,0.100000,0.350000,-0.350000,0.050000,0.500000, 
8.635000,0.015000,0.750000,0.640000,0.640000,0.350000,0.100000,0.350000,-0.350000,0.050000,0.500000, 
8.649000,0.014000,0.750000,0.640000,0.640000,0.350000,0.100000,0.350000,-0.350000,0.050000,0.500000, 
8.661000,0.012000,0.750000,0.640000,0.640000,0.350000,0.100000,0.350000,-0.350000,0.050000,0.500000, 
8.673000,0.012000,0.750000,0.660000,0.642143,0.350000,0.100000,0.350000,-0.350000,0.050000,0.500000, 
8.685000,0.012000,0.750000,0.660000,0.660000,0.350000,0.100000,0.350000,-0.350000,0.050000,0.500000, 
8.700000,0.015000,0.750000,0.660000,0.660000,0.350000,0.100000,0.350000,-0.350000,0.050000,0.500000, 
8.715000,0.015000,0.750000,0.660000,0.660000,0.350000,0.100000,0.350000,-0.350000,0.050000,0.500000, 
8.729000,0.014000,0.750000,0.660000,0.660000,0.350000,0.100000,0.350000,-0.350000,0.050000,0.500000, 
8.744000,0.015000,0.750000,0.660000,0.660000,0.350000,0.100000,0.350000,-0.350000,0.050000,0.500000, 
8.759000,0.015000,0.750000,0.660000,0.660000,0.350000,0.100000,0.350000,-0.350000,0.050000,0.500000, 
8.772000,0.013000,0.750000,0.670000,0.661150,0.350000,0.100000,0.350000,-0.350000,0.050000,0.500000, 
8.785000,0.013000,0.750000,0.720000,0.675752,0.350000,0.100000,0.350000,-0.350000,0.050000,0.500000, 
