30.252000,30.252000,1.000000,0.200000,0.199341,0.600000,0.100000,0.600000,-0.500000,0.050000,
30.268000,0.016000,1.000000,0.200000,0.200000,0.600000,0.100000,0.600000,-0.500000,0.050000,
30.278000,0.010000,1.000000,0.200000,0.200000,0.600000,0.100000,0.600000,-0.500000,0.050000,
30.289000,0.011000,1.000000,0.200000,0.200000,0.600000,0.100000,0.600000,-0.500000,0.050000,
30.302000,0.013000,1.000000,0.200000,0.200000,0.600000,0.100000,0.600000,-0.500000,0.050000,
30.311000,0.009000,1.000000,0.200000,0.200000,0.600000,0.100000,0.600000,-0.500000,0.050000,
30.322000,0.011000,1.000000,0.200000,0.200000,0.600000,0.100000,0.600000,-0.500000,0.050000,
30.336000,0.014000,1.000000,0.200000,0.200000,0.600000,0.100000,0.600000,-0.500000,0.050000,
30.345000,0.009000,1.000000,0.200000,0.200000,0.600000,0.100000,0.600000,-0.500000,0.050000,
30.356000,0.011000,1.000000,0.200000,0.200000,0.600000,0.100000,0.600000,-0.500000,0.050000,
30.369000,0.013000,1.000000,0.200000,0.200000,0.600000,0.100000,0.600000,-0.500000,0.050000,
30.381000,0.012000,1.000000,0.200000,0.200000,0.600000,0.100000,0.600000,-0.500000,0.050000,
30.391000,0.010000,1.000000,0.200000,0.200000,0.600000,0.100000,0.600000,-0.500000,0.050000,
30.402000,0.011000,1.000000,0.200000,0.200000,0.600000,0.100000,0.600000,-0.500000,0.050000,
30.416000,0.014000,1.000000,0.200000,0.200000,0.600000,0.100000,0.600000,-0.500000,0.050000,
30.425000,0.009000,1.000000,0.200000,0.200000,0.600000,0.100000,0.600000,-0.500000,0.050000,
30.437000,0.012000,1.000000,0.200000,0.200000,0.600000,0.100000,0.600000,-0.500000,0.050000,
30.448000,0.011000,1.000000,0.200000,0.200000,0.600000,0.100000,0.600000,-0.500000,0.050000,
30.460000,0.012000,1.000000,0.200000,0.200000,0.600000,0.100000,0.600000,-0.500000,0.050000,
30.471000,0.011000,1.000000,0.200000,0.200000,0.600000,0.100000,0.600000,-0.500000,0.050000,
30.482000,0.011000,1.000000,0.200000,0.200000,0.600000,0.100000,0.600000,-0.500000,0.050000,
30.501000,0.019000,1.000000,0.200000,0.200000,0.600000,0.100000,0.600000,-0.500000,0.050000,
30.508000,0.007000,1.000000,0.200000,0.200000,0.600000,0.100000,0.600000,-0.500000,0.050000,
30.520000,0.012000,1.000000,0.200000,0.200000,0.600000,0.100000,0.600000,-0.500000,0.050000,
30.534000,0.014000,1.000000,0.200000,0.200000,0.600000,0.100000,0.600000,-0.500000,0.050000,
30.544000,0.010000,1.000000,0.200000,0.200000,0.600000,0.100000,0.600000,-0.500000,0.050000,
30.553000,0.009000,1.000000,0.200000,0.200000,0.600000,0.100000,0.600000,-0.500000,0.050000,
30.567000,0.014000,1.000000,0.200000,0.200000,0.600000,0.100000,0.600000,-0.500000,0.050000,
30.577000,0.010000,1.000000,0.200000,0.200000,0.600000,0.100000,0.600000,-0.500000,0.050000,
30.587000,0.010000,1.000000,0.200000,0.200000,0.600000,0.100000,0.600000,-0.500000,0.050000,
30.600000,0.013000,1.000000,0.200000,0.200000,0.600000,0.100000,0.600000,-0.500000,0.050000,
30.610000,0.010000,1.000000,0.200000,0.200000,0.600000,0.100000,0.600000,-0.500000,0.050000,
30.622000,0.012000,1.000000,0.200000,0.200000,0.600000,0.100000,0.600000,-0.500000,0.050000,
30.633000,0.011000,1.000000,0.200000,0.200000,0.600000,0.100000,0.600000,-0.500000,0.050000,
30.644000,0.011000,1.000000,0.200000,0.200000,0.600000,0.100000,0.600000,-0.500000,0.050000,
30.657000,0.013000,1.000000,0.200000,0.200000,0.600000,0.100000,0.600000,-0.500000,0.050000,
30.669000,0.012000,1.000000,0.200000,0.200000,0.600000,0.100000,0.600000,-0.500000,0.050000,
30.678000,0.009000,1.000000,0.200000,0.200000,0.600000,0.100000,0.600000,-0.500000,0.050000,
30.690000,0.012000,1.000000,0.200000,0.200000,0.600000,0.100000,0.600000,-0.500000,0.050000,
30.702000,0.012000,1.000000,0.200000,0.200000,0.600000,0.100000,0.600000,-0.500000,0.050000,
30.714000,0.012000,1.000000,0.200000,0.200000,0.600000,0.100000,0.600000,-0.500000,0.050000,
30.724000,0.010000,1.000000,0.200000,0.200000,0.600000,0.100000,0.600000,-0.500000,0.050000,
30.738000,0.014000,1.000000,0.200000,0.200000,0.600000,0.100000,0.600000,-0.500000,0.050000,
30.748000,0.010000,1.000000,0.200000,0.200000,0.600000,0.100000,0.600000,-0.500000,0.050000,
30.759000,0.011000,1.000000,0.200000,0.200000,0.600000,0.100000,0.600000,-0.500000,0.050000,
30.771000,0.012000,1.000000,0.200000,0.200000,0.600000,0.100000,0.600000,-0.500000,0.050000,
30.786000,0.015000,1.000000,0.200000,0.200000,0.600000,0.100000,0.600000,-0.500000,0.050000,
30.796000,0.010000,1.000000,0.200000,0.200000,0.600000,0.100000,0.600000,-0.500000,0.050000,
30.808000,0.012000,1.000000,0.200000,0.200000,0.600000,0.100000,0.600000,-0.500000,0.050000,
30.821000,0.013000,1.000000,0.200000,0.200000,0.600000,0.100000,0.600000,-0.500000,0.050000,
30.829000,0.008000,1.000000,0.200000,0.200000,0.600000,0.100000,0.600000,-0.500000,0.050000,
30.840000,0.011000,1.000000,0.200000,0.200000,0.600000,0.100000,0.600000,-0.500000,0.050000,
30.853000,0.013000,1.000000,0.200000,0.200000,0.600000,0.100000,0.600000,-0.500000,0.050000,
30.864000,0.011000,1.000000,0.200000,0.200000,0.600000,0.100000,0.600000,-0.500000,0.050000,
30.873000,0.009000,1.000000,0.200000,0.200000,0.600000,0.100000,0.600000,-0.500000,0.050000,
30.885000,0.012000,1.000000,0.200000,0.200000,0.600000,0.100000,0.600000,-0.500000,0.050000,
30.895000,0.010000,1.000000,0.200000,0.200000,0.600000,0.100000,0.600000,-0.500000,0.050000,
30.907000,0.012000,1.000000,0.200000,0.200000,0.600000,0.100000,0.600000,-0.500000,0.050000,
30.918000,0.011000,1.000000,0.200000,0.200000,0.600000,0.100000,0.600000,-0.500000,0.050000,
30.930000,0.012000,1.000000,0.200000,0.200000,0.600000,0.100000,0.600000,-0.500000,0.050000,
30.943000,0.013000,1.000000,0.200000,0.200000,0.600000,0.100000,0.600000,-0.500000,0.050000,
30.953000,0.010000,1.000000,0.200000,0.200000,0.600000,0.100000,0.600000,-0.500000,0.050000,
30.964000,0.011000,1.000000,0.200000,0.200000,0.600000,0.100000,0.600000,-0.500000,0.050000,
30.975000,0.011000,1.000000,0.200000,0.200000,0.600000,0.100000,0.600000,-0.500000,0.050000,
30.986000,0.011000,1.000000,0.200000,0.200000,0.600000,0.100000,0.600000,-0.500000,0.050000,
30.997000,0.011000,1.000000,0.200000,0.200000,0.600000,0.100000,0.600000,-0.500000,0.050000,
31.007000,0.010000,1.000000,0.200000,0.200000,0.600000,0.100000,0.600000,-0.500000,0.050000,
31.020000,0.013000,1.000000,0.200000,0.200000,0.600000,0.100000,0.600000,-0.500000,0.050000,
31.034000,0.014000,1.000000,0.200000,0.200000,0.600000,0.100000,0.600000,-0.500000,0.050000,
31.042000,0.008000,1.000000,0.200000,0.200000,0.600000,0.100000,0.600000,-0.500000,0.050000,
31.055000,0.013000,1.000000,0.200000,0.200000,0.600000,0.100000,0.600000,-0.500000,0.050000,
31.066000,0.011000,1.000000,0.200000,0.200000,0.600000,0.100000,0.600000,-0.500000,0.050000,
31.077000,0.011000,1.000000,0.200000,0.200000,0.600000,0.100000,0.600000,-0.500000,0.050000,
31.087000,0.010000,1.000000,0.200000,0.200000,0.600000,0.100000,0.600000,-0.500000,0.050000,
31.101000,0.014000,1.000000,0.200000,0.200000,0.600000,0.100000,0.600000,-0.500000,0.050000,
31.109000,0.008000,1.000000,0.200000,0.200000,0.600000,0.100000,0.600000,-0.500000,0.050000,
31.120000,0.011000,1.000000,0.200000,0.200000,0.600000,0.100000,0.600000,-0.500000,0.050000,
31.134000,0.014000,1.000000,0.200000,0.200000,0.600000,0.100000,0.600000,-0.500000,0.050000,
31.146000,0.012000,1.000000,0.200000,0.200000,0.600000,0.100000,0.600000,-0.500000,0.050000,
31.157000,0.011000,1.000000,0.200000,0.200000,0.600000,0.100000,0.600000,-0.500000,0.050000,
31.169000,0.012000,1.000000,0.200000,0.200000,0.600000,0.100000,0.600000,-0.500000,0.050000,
31.181000,0.012000,1.000000,0.250000,0.205357,0.600000,0.100000,0.600000,-0.500000,0.050000,
31.192000,0.011000,1.000000,0.250000,0.250000,0.600000,0.100000,0.600000,-0.500000,0.050000,
31.205000,0.013000,1.000000,0.250000,0.250000,0.600000,0.100000,0.600000,-0.500000,0.050000,
31.218000,0.013000,1.000000,0.250000,0.250000,0.600000,0.100000,0.600000,-0.500000,0.050000,
31.228000,0.010000,1.000000,0.250000,0.250000,0.600000,0.100000,0.600000,-0.500000,0.050000,
31.239000,0.011000,1.000000,0.250000,0.250000,0.600000,0.100000,0.600000,-0.500000,0.050000,
31.251000,0.012000,1.000000,0.250000,0.250000,0.600000,0.100000,0.600000,-0.500000,0.050000,
31.263000,0.012000,1.000000,0.250000,0.250000,0.600000,0.100000,0.600000,-0.500000,0.050000,
31.273000,0.010000,1.000000,0.280000,0.252727,0.600000,0.100000,0.600000,-0.500000,0.050000,
31.286000,0.013000,1.000000,0.280000,0.280000,0.600000,0.100000,0.600000,-0.500000,0.050000,
31.298000,0.012000,1.000000,0.280000,0.280000,0.600000,0.100000,0.600000,-0.500000,0.050000,
31.307000,0.009000,1.000000,0.280000,0.280000,0.600000,0.100000,0.600000,-0.500000,0.050000,
31.317000,0.010000,1.000000,0.280000,0.280000,0.600000,0.100000,0.600000,-0.500000,0.050000,
31.330000,0.013000,1.000000,0.280000,0.280000,0.600000,0.100000,0.600000,-0.500000,0.050000,
31.342000,0.012000,1.000000,0.280000,0.280000,0.600000,0.100000,0.600000,-0.500000,0.050000,
31.352000,0.010000,1.000000,0.280000,0.280000,0.600000,0.100000,0.600000,-0.500000,0.050000,
31.363000,0.011000,1.000000,0.280000,0.280000,0.600000,0.100000,0.600000,-0.500000,0.050000,
31.376000,0.013000,1.000000,0.320000,0.284602,0.600000,0.100000,0.600000,-0.500000,0.050000,
31.385000,0.009000,1.000000,0.320000,0.320000,0.600000,0.100000,0.600000,-0.500000,0.050000,
31.396000,0.011000,1.000000,0.320000,0.320000,0.600000,0.100000,0.600000,-0.500000,0.050000,
31.408000,0.012000,1.000000,0.320000,0.320000,0.600000,0.100000,0.600000,-0.500000,0.050000,
31.422000,0.014000,1.000000,0.320000,0.320000,0.600000,0.100000,0.600000,-0.500000,0.050000,
31.433000,0.011000,1.000000,0.320000,0.320000,0.600000,0.100000,0.600000,-0.500000,0.050000,
31.445000,0.012000,1.000000,0.320000,0.320000,0.600000,0.100000,0.600000,-0.500000,0.050000,
31.457000,0.012000,1.000000,0.320000,0.320000,0.600000,0.100000,0.600000,-0.500000,0.050000,
31.474000,0.017000,1.000000,0.350000,0.324359,0.600000,0.100000,0.600000,-0.500000,0.050000,
31.486000,0.012000,1.000000,0.350000,0.350000,0.600000,0.100000,0.600000,-0.500000,0.050000,
31.499000,0.013000,1.000000,0.350000,0.350000,0.600000,0.100000,0.600000,-0.500000,0.050000,
31.509000,0.010000,1.000000,0.350000,0.350000,0.600000,0.100000,0.600000,-0.500000,0.050000,
31.520000,0.011000,1.000000,0.350000,0.350000,0.600000,0.100000,0.600000,-0.500000,0.050000,
31.531000,0.011000,1.000000,0.350000,0.350000,0.600000,0.100000,0.600000,-0.500000,0.050000,
31.543000,0.012000,1.000000,0.350000,0.350000,0.600000,0.100000,0.600000,-0.500000,0.050000,
31.554000,0.011000,1.000000,0.350000,0.350000,0.600000,0.100000,0.600000,-0.500000,0.050000,
31.565000,0.011000,1.000000,0.370000,0.351982,0.600000,0.100000,0.600000,-0.500000,0.050000,
31.576000,0.011000,1.000000,0.370000,0.370000,0.600000,0.100000,0.600000,-0.500000,0.050000,
31.588000,0.012000,1.000000,0.370000,0.370000,0.600000,0.100000,0.600000,-0.500000,0.050000,
31.600000,0.012000,1.000000,0.370000,0.370000,0.600000,0.100000,0.600000,-0.500000,0.050000,
31.611000,0.011000,1.000000,0.370000,0.370000,0.600000,0.100000,0.600000,-0.500000,0.050000,
31.623000,0.012000,1.000000,0.370000,0.370000,0.600000,0.100000,0.600000,-0.500000,0.050000,
31.635000,0.012000,1.000000,0.370000,0.370000,0.600000,0.100000,0.600000,-0.500000,0.050000,
31.645000,0.010000,1.000000,0.370000,0.370000,0.600000,0.100000,0.600000,-0.500000,0.050000,
31.659000,0.014000,1.000000,0.370000,0.370000,0.600000,0.100000,0.600000,-0.500000,0.050000,
31.670000,0.011000,1.000000,0.380000,0.370991,0.600000,0.100000,0.600000,-0.500000,0.050000,
31.682000,0.012000,1.000000,0.380000,0.380000,0.600000,0.100000,0.600000,-0.500000,0.050000,
31.692000,0.010000,1.000000,0.380000,0.380000,0.600000,0.100000,0.600000,-0.500000,0.050000,
31.703000,0.011000,1.000000,0.380000,0.380000,0.600000,0.100000,0.600000,-0.500000,0.050000,
31.714000,0.011000,1.000000,0.380000,0.380000,0.600000,0.100000,0.600000,-0.500000,0.050000,
31.724000,0.010000,1.000000,0.380000,0.380000,0.600000,0.100000,0.600000,-0.500000,0.050000,
31.738000,0.014000,1.000000,0.380000,0.380000,0.600000,0.100000,0.600000,-0.500000,0.050000,
31.747000,0.009000,1.000000,0.380000,0.380000,0.600000,0.100000,0.600000,-0.500000,0.050000,
31.757000,0.010000,1.000000,0.380000,0.380000,0.600000,0.100000,0.600000,-0.500000,0.050000,
31.770000,0.013000,1.000000,0.380000,0.380000,0.600000,0.100000,0.600000,-0.500000,0.050000,
31.782000,0.012000,1.000000,0.410000,0.383214,0.600000,0.100000,0.600000,-0.500000,0.050000,
31.791000,0.009000,1.000000,0.410000,0.410000,0.600000,0.100000,0.600000,-0.500000,0.050000,
31.802000,0.011000,1.000000,0.410000,0.410000,0.600000,0.100000,0.600000,-0.500000,0.050000,
31.816000,0.014000,1.000000,0.410000,0.410000,0.600000,0.100000,0.600000,-0.500000,0.050000,
31.825000,0.009000,1.000000,0.410000,0.410000,0.600000,0.100000,0.600000,-0.500000,0.050000,
31.836000,0.011000,1.000000,0.410000,0.410000,0.600000,0.100000,0.600000,-0.500000,0.050000,
31.849000,0.013000,1.000000,0.410000,0.410000,0.600000,0.100000,0.600000,-0.500000,0.050000,
31.862000,0.013000,1.000000,0.410000,0.410000,0.600000,0.100000,0.600000,-0.500000,0.050000,
31.872000,0.010000,1.000000,0.410000,0.410000,0.600000,0.100000,0.600000,-0.500000,0.050000,
31.884000,0.012000,1.000000,0.430000,0.412143,0.600000,0.100000,0.600000,-0.500000,0.050000,
31.895000,0.011000,1.000000,0.430000,0.430000,0.600000,0.100000,0.600000,-0.500000,0.050000,
31.906000,0.011000,1.000000,0.430000,0.430000,0.600000,0.100000,0.600000,-0.500000,0.050000,
31.918000,0.012000,1.000000,0.430000,0.430000,0.600000,0.100000,0.600000,-0.500000,0.050000,
31.928000,0.010000,1.000000,0.430000,0.430000,0.600000,0.100000,0.600000,-0.500000,0.050000,
31.940000,0.012000,1.000000,0.430000,0.430000,0.600000,0.100000,0.600000,-0.500000,0.050000,
31.953000,0.013000,1.000000,0.430000,0.430000,0.600000,0.100000,0.600000,-0.500000,0.050000,
31.963000,0.010000,1.000000,0.430000,0.430000,0.600000,0.100000,0.600000,-0.500000,0.050000,
31.973000,0.010000,1.000000,0.450000,0.431818,0.600000,0.100000,0.600000,-0.500000,0.050000,
31.984000,0.011000,1.000000,0.450000,0.450000,0.600000,0.100000,0.600000,-0.500000,0.050000,
31.993000,0.009000,1.000000,0.450000,0.450000,0.600000,0.100000,0.600000,-0.500000,0.050000,
32.005000,0.012000,1.000000,0.450000,0.450000,0.600000,0.100000,0.600000,-0.500000,0.050000,
32.019000,0.014000,1.000000,0.450000,0.450000,0.600000,0.100000,0.600000,-0.500000,0.050000,
32.028000,0.009000,1.000000,0.450000,0.450000,0.600000,0.100000,0.600000,-0.500000,0.050000,
32.038000,0.010000,1.000000,0.450000,0.450000,0.600000,0.100000,0.600000,-0.500000,0.050000,
32.052000,0.014000,1.000000,0.450000,0.450000,0.600000,0.100000,0.600000,-0.500000,0.050000,
32.064000,0.012000,1.000000,0.450000,0.450000,0.600000,0.100000,0.600000,-0.500000,0.050000,
32.073000,0.009000,1.000000,0.450000,0.450000,0.600000,0.100000,0.600000,-0.500000,0.050000,
32.084000,0.011000,1.000000,0.450000,0.450000,0.600000,0.100000,0.600000,-0.500000,0.050000,
32.097000,0.013000,1.000000,0.450000,0.450000,0.600000,0.100000,0.600000,-0.500000,0.050000,
32.108000,0.011000,1.000000,0.450000,0.450000,0.600000,0.100000,0.600000,-0.500000,0.050000,
32.120000,0.012000,1.000000,0.450000,0.450000,0.600000,0.100000,0.600000,-0.500000,0.050000,
32.132000,0.012000,1.000000,0.450000,0.450000,0.600000,0.100000,0.600000,-0.500000,0.050000,
32.141000,0.009000,1.000000,0.450000,0.450000,0.600000,0.100000,0.600000,-0.500000,0.050000,
32.153000,0.012000,1.000000,0.450000,0.450000,0.600000,0.100000,0.600000,-0.500000,0.050000,
32.164000,0.011000,1.000000,0.450000,0.450000,0.600000,0.100000,0.600000,-0.500000,0.050000,
32.175000,0.011000,1.000000,0.450000,0.450000,0.600000,0.100000,0.600000,-0.500000,0.050000,
32.186000,0.011000,1.000000,0.450000,0.450000,0.600000,0.100000,0.600000,-0.500000,0.050000,
32.198000,0.012000,1.000000,0.450000,0.450000,0.600000,0.100000,0.600000,-0.500000,0.050000,
32.208000,0.010000,1.000000,0.450000,0.450000,0.600000,0.100000,0.600000,-0.500000,0.050000,
32.221000,0.013000,1.000000,0.450000,0.450000,0.600000,0.100000,0.600000,-0.500000,0.050000,
32.231000,0.010000,1.000000,0.450000,0.450000,0.600000,0.100000,0.600000,-0.500000,0.050000,
32.241000,0.010000,1.000000,0.450000,0.450000,0.600000,0.100000,0.600000,-0.500000,0.050000,
32.254000,0.013000,1.000000,0.450000,0.450000,0.600000,0.100000,0.600000,-0.500000,0.050000,
32.266000,0.012000,1.000000,0.450000,0.450000,0.600000,0.100000,0.600000,-0.500000,0.050000,
32.275000,0.009000,1.000000,0.460000,0.450826,0.600000,0.100000,0.600000,-0.500000,0.050000,
32.288000,0.013000,1.000000,0.510000,0.465752,0.600000,0.100000,0.600000,-0.500000,0.050000,
32.300000,0.012000,1.000000,0.510000,0.510000,0.600000,0.100000,0.600000,-0.500000,0.050000,
32.309000,0.009000,1.000000,0.510000,0.510000,0.600000,0.100000,0.600000,-0.500000,0.050000,
32.319000,0.010000,1.000000,0.510000,0.510000,0.600000,0.100000,0.600000,-0.500000,0.050000,
32.334000,0.015000,1.000000,0.510000,0.510000,0.600000,0.100000,0.600000,-0.500000,0.050000,
32.342000,0.008000,1.000000,0.510000,0.510000,0.600000,0.100000,0.600000,-0.500000,0.050000,
32.353000,0.011000,1.000000,0.510000,0.510000,0.600000,0.100000,0.600000,-0.500000,0.050000,
32.367000,0.014000,1.000000,0.530000,0.512456,0.600000,0.100000,0.600000,-0.500000,0.050000,
32.379000,0.012000,1.000000,0.530000,0.530000,0.600000,0.100000,0.600000,-0.500000,0.050000,
32.389000,0.010000,1.000000,0.530000,0.530000,0.600000,0.100000,0.600000,-0.500000,0.050000,
32.401000,0.012000,1.000000,0.530000,0.530000,0.600000,0.100000,0.600000,-0.500000,0.050000,
32.412000,0.011000,1.000000,0.530000,0.530000,0.600000,0.100000,0.600000,-0.500000,0.050000,
32.422000,0.010000,1.000000,0.530000,0.530000,0.600000,0.100000,0.600000,-0.500000,0.050000,
32.434000,0.012000,1.000000,0.530000,0.530000,0.600000,0.100000,0.600000,-0.500000,0.050000,
32.446000,0.012000,1.000000,0.530000,0.530000,0.600000,0.100000,0.600000,-0.500000,0.050000,
32.456000,0.010000,1.000000,0.530000,0.530000,0.600000,0.100000,0.600000,-0.500000,0.050000,
32.470000,0.014000,1.000000,0.550000,0.532456,0.600000,0.100000,0.600000,-0.500000,0.050000,
32.478000,0.008000,1.000000,0.550000,0.550000,0.600000,0.100000,0.600000,-0.500000,0.050000,
32.490000,0.012000,1.000000,0.550000,0.550000,0.600000,0.100000,0.600000,-0.500000,0.050000,
32.503000,0.013000,1.000000,0.550000,0.550000,0.600000,0.100000,0.600000,-0.500000,0.050000,
32.513000,0.010000,1.000000,0.550000,0.550000,0.600000,0.100000,0.600000,-0.500000,0.050000,
32.523000,0.010000,1.000000,0.550000,0.550000,0.600000,0.100000,0.600000,-0.500000,0.050000,
32.537000,0.014000,1.000000,0.550000,0.550000,0.600000,0.100000,0.600000,-0.500000,0.050000,
32.546000,0.009000,1.000000,0.550000,0.550000,0.600000,0.100000,0.600000,-0.500000,0.050000,
32.559000,0.013000,1.000000,0.550000,0.550000,0.600000,0.100000,0.600000,-0.500000,0.050000,
32.570000,0.011000,1.000000,0.570000,0.551982,0.600000,0.100000,0.600000,-0.500000,0.050000,
32.584000,0.014000,1.000000,0.570000,0.570000,0.600000,0.100000,0.600000,-0.500000,0.050000,
32.593000,0.009000,1.000000,0.570000,0.570000,0.600000,0.100000,0.600000,-0.500000,0.050000,
32.605000,0.012000,1.000000,0.570000,0.570000,0.600000,0.100000,0.600000,-0.500000,0.050000,
32.618000,0.013000,1.000000,0.570000,0.570000,0.600000,0.100000,0.600000,-0.500000,0.050000,
32.629000,0.011000,1.000000,0.570000,0.570000,0.600000,0.100000,0.600000,-0.500000,0.050000,
32.639000,0.010000,1.000000,0.570000,0.570000,0.600000,0.100000,0.600000,-0.500000,0.050000,
32.651000,0.012000,1.000000,0.570000,0.570000,0.600000,0.100000,0.600000,-0.500000,0.050000,
32.666000,0.015000,1.000000,0.570000,0.570000,0.600000,0.100000,0.600000,-0.500000,0.050000,
32.673000,0.007000,1.000000,0.590000,0.571308,0.600000,0.100000,0.600000,-0.500000,0.050000,
32.684000,0.011000,1.000000,0.590000,0.590000,0.600000,0.100000,0.600000,-0.500000,0.050000,
32.697000,0.013000,1.000000,0.590000,0.590000,0.600000,0.100000,0.600000,-0.500000,0.050000,
32.707000,0.010000,1.000000,0.590000,0.590000,0.600000,0.100000,0.600000,-0.500000,0.050000,
32.718000,0.011000,1.000000,0.590000,0.590000,0.600000,0.100000,0.600000,-0.500000,0.050000,
32.730000,0.012000,1.000000,0.590000,0.590000,0.600000,0.100000,0.600000,-0.500000,0.050000,
32.742000,0.012000,1.000000,0.590000,0.590000,0.600000,0.100000,0.600000,-0.500000,0.050000,
32.752000,0.010000,1.000000,0.590000,0.590000,0.600000,0.100000,0.600000,-0.500000,0.050000,
32.762000,0.010000,1.000000,0.590000,0.590000,0.600000,0.100000,0.600000,-0.500000,0.050000,
32.775000,0.013000,1.000000,0.610000,0.592301,0.600000,0.100000,0.600000,-0.500000,0.050000,
32.786000,0.011000,1.000000,0.610000,0.610000,0.600000,0.100000,0.600000,-0.500000,0.050000,
32.797000,0.011000,1.000000,0.610000,0.610000,0.600000,0.100000,0.600000,-0.500000,0.050000,
32.809000,0.012000,1.000000,0.610000,0.610000,0.600000,0.100000,0.600000,-0.500000,0.050000,
32.820000,0.011000,1.000000,0.610000,0.610000,0.600000,0.100000,0.600000,-0.500000,0.050000,
32.830000,0.010000,1.000000,0.610000,0.610000,0.600000,0.100000,0.600000,-0.500000,0.050000,
32.840000,0.010000,1.000000,0.610000,0.610000,0.600000,0.100000,0.600000,-0.500000,0.050000,
32.852000,0.012000,1.000000,0.610000,0.610000,0.600000,0.100000,0.600000,-0.500000,0.050000,
32.867000,0.015000,1.000000,0.630000,0.612609,0.600000,0.100000,0.600000,-0.500000,0.050000,
32.874000,0.007000,1.000000,0.630000,0.630000,0.600000,0.100000,0.600000,-0.500000,0.050000,
32.886000,0.012000,1.000000,0.630000,0.630000,0.600000,0.100000,0.600000,-0.500000,0.050000,
32.899000,0.013000,1.000000,0.630000,0.630000,0.600000,0.100000,0.600000,-0.500000,0.050000,
32.908000,0.009000,1.000000,0.630000,0.630000,0.600000,0.100000,0.600000,-0.500000,0.050000,
32.919000,0.011000,1.000000,0.630000,0.630000,0.600000,0.100000,0.600000,-0.500000,0.050000,
32.934000,0.015000,1.000000,0.630000,0.630000,0.600000,0.100000,0.600000,-0.500000,0.050000,
32.944000,0.010000,1.000000,0.630000,0.630000,0.600000,0.100000,0.600000,-0.500000,0.050000,
32.954000,0.010000,1.000000,0.630000,0.630000,0.600000,0.100000,0.600000,-0.500000,0.050000,
32.966000,0.012000,1.000000,0.630000,0.630000,0.600000,0.100000,0.600000,-0.500000,0.050000,
32.979000,0.013000,1.000000,0.630000,0.630000,0.600000,0.100000,0.600000,-0.500000,0.050000,
32.990000,0.011000,1.000000,0.650000,0.631982,0.600000,0.100000,0.600000,-0.500000,0.050000,
33.001000,0.011000,1.000000,0.650000,0.650000,0.600000,0.100000,0.600000,-0.500000,0.050000,
33.015000,0.014000,1.000000,0.650000,0.650000,0.600000,0.100000,0.600000,-0.500000,0.050000,
33.025000,0.010000,1.000000,0.650000,0.650000,0.600000,0.100000,0.600000,-0.500000,0.050000,
33.036000,0.011000,1.000000,0.650000,0.650000,0.600000,0.100000,0.600000,-0.500000,0.050000,
33.048000,0.012000,1.000000,0.650000,0.650000,0.600000,0.100000,0.600000,-0.500000,0.050000,
33.059000,0.011000,1.000000,0.650000,0.650000,0.600000,0.100000,0.600000,-0.500000,0.050000,
33.069000,0.010000,1.000000,0.680000,0.652727,0.600000,0.100000,0.600000,-0.500000,0.050000,
33.080000,0.011000,1.000000,0.680000,0.680000,0.600000,0.100000,0.600000,-0.500000,0.050000,
33.092000,0.012000,1.000000,0.680000,0.680000,0.600000,0.100000,0.600000,-0.500000,0.050000,
33.104000,0.012000,1.000000,0.680000,0.680000,0.600000,0.100000,0.600000,-0.500000,0.050000,
33.116000,0.012000,1.000000,0.680000,0.680000,0.600000,0.100000,0.600000,-0.500000,0.050000,
33.126000,0.010000,1.000000,0.680000,0.680000,0.600000,0.100000,0.600000,-0.500000,0.050000,
33.143000,0.017000,1.000000,0.680000,0.680000,0.600000,0.100000,0.600000,-0.500000,0.050000,
33.154000,0.011000,1.000000,0.680000,0.680000,0.600000,0.100000,0.600000,-0.500000,0.050000,
33.164000,0.010000,1.000000,0.680000,0.680000,0.600000,0.100000,0.600000,-0.500000,0.050000,
33.177000,0.013000,1.000000,0.700000,0.682301,0.600000,0.100000,0.600000,-0.500000,0.050000,
33.188000,0.011000,1.000000,0.700000,0.700000,0.600000,0.100000,0.600000,-0.500000,0.050000,
33.199000,0.011000,1.000000,0.700000,0.700000,0.600000,0.100000,0.600000,-0.500000,0.050000,
33.210000,0.011000,1.000000,0.700000,0.700000,0.600000,0.100000,0.600000,-0.500000,0.050000,
33.221000,0.011000,1.000000,0.700000,0.700000,0.600000,0.100000,0.600000,-0.500000,0.050000,
33.234000,0.013000,1.000000,0.700000,0.700000,0.600000,0.100000,0.600000,-0.500000,0.050000,
33.243000,0.009000,1.000000,0.700000,0.700000,0.600000,0.100000,0.600000,-0.500000,0.050000,
33.255000,0.012000,1.000000,0.700000,0.700000,0.600000,0.100000,0.600000,-0.500000,0.050000,
33.267000,0.012000,1.000000,0.700000,0.700000,0.600000,0.100000,0.600000,-0.500000,0.050000,
33.287000,0.020000,1.000000,0.730000,0.705000,0.600000,0.100000,0.600000,-0.500000,0.050000,
33.301000,0.014000,1.000000,0.730000,0.730000,0.600000,0.100000,0.600000,-0.500000,0.050000,
33.310000,0.009000,1.000000,0.730000,0.730000,0.600000,0.100000,0.600000,-0.500000,0.050000,
33.320000,0.010000,1.000000,0.730000,0.730000,0.600000,0.100000,0.600000,-0.500000,0.050000,
33.335000,0.015000,1.000000,0.730000,0.730000,0.600000,0.100000,0.600000,-0.500000,0.050000,
33.344000,0.009000,1.000000,0.730000,0.730000,0.600000,0.100000,0.600000,-0.500000,0.050000,
33.355000,0.011000,1.000000,0.730000,0.730000,0.600000,0.100000,0.600000,-0.500000,0.050000,
33.369000,0.014000,1.000000,0.730000,0.730000,0.600000,0.100000,0.600000,-0.500000,0.050000,
33.381000,0.012000,1.000000,0.740000,0.731071,0.600000,0.100000,0.600000,-0.500000,0.050000,
33.390000,0.009000,1.000000,0.740000,0.740000,0.600000,0.100000,0.600000,-0.500000,0.050000,
33.402000,0.012000,1.000000,0.740000,0.740000,0.600000,0.100000,0.600000,-0.500000,0.050000,
33.413000,0.011000,1.000000,0.740000,0.740000,0.600000,0.100000,0.600000,-0.500000,0.050000,
33.424000,0.011000,1.000000,0.740000,0.740000,0.600000,0.100000,0.600000,-0.500000,0.050000,
33.435000,0.011000,1.000000,0.740000,0.740000,0.600000,0.100000,0.600000,-0.500000,0.050000,
33.446000,0.011000,1.000000,0.740000,0.740000,0.600000,0.100000,0.600000,-0.500000,0.050000,
33.459000,0.013000,1.000000,0.740000,0.740000,0.600000,0.100000,0.600000,-0.500000,0.050000,
33.470000,0.011000,1.000000,0.740000,0.740000,0.600000,0.100000,0.600000,-0.500000,0.050000,
33.480000,0.010000,1.000000,0.760000,0.741818,0.600000,0.100000,0.600000,-0.500000,0.050000,
33.492000,0.012000,1.000000,0.760000,0.760000,0.600000,0.100000,0.600000,-0.500000,0.050000,
33.503000,0.011000,1.000000,0.760000,0.760000,0.600000,0.100000,0.600000,-0.500000,0.050000,
33.514000,0.011000,1.000000,0.760000,0.760000,0.600000,0.100000,0.600000,-0.500000,0.050000,
33.524000,0.010000,1.000000,0.760000,0.760000,0.600000,0.100000,0.600000,-0.500000,0.050000,
33.536000,0.012000,1.000000,0.760000,0.760000,0.600000,0.100000,0.600000,-0.500000,0.050000,
33.546000,0.010000,1.000000,0.760000,0.760000,0.600000,0.100000,0.600000,-0.500000,0.050000,
33.556000,0.010000,1.000000,0.760000,0.760000,0.600000,0.100000,0.600000,-0.500000,0.050000,
33.568000,0.012000,1.000000,0.780000,0.762143,0.600000,0.100000,0.600000,-0.500000,0.050000,
33.580000,0.012000,1.000000,0.780000,0.780000,0.600000,0.100000,0.600000,-0.500000,0.050000,
33.590000,0.010000,1.000000,0.780000,0.780000,0.600000,0.100000,0.600000,-0.500000,0.050000,
33.601000,0.011000,1.000000,0.780000,0.780000,0.600000,0.100000,0.600000,-0.500000,0.050000,
33.618000,0.017000,1.000000,0.780000,0.780000,0.600000,0.100000,0.600000,-0.500000,0.050000,
33.626000,0.008000,1.000000,0.780000,0.780000,0.600000,0.100000,0.600000,-0.500000,0.050000,
33.636000,0.010000,1.000000,0.780000,0.780000,0.600000,0.100000,0.600000,-0.500000,0.050000,
33.652000,0.016000,1.000000,0.780000,0.780000,0.600000,0.100000,0.600000,-0.500000,0.050000,
33.662000,0.010000,1.000000,0.780000,0.780000,0.600000,0.100000,0.600000,-0.500000,0.050000,
33.672000,0.010000,1.000000,0.810000,0.782727,0.600000,0.100000,0.600000,-0.500000,0.050000,
33.684000,0.012000,1.000000,0.810000,0.810000,0.600000,0.100000,0.600000,-0.500000,0.050000,
33.699000,0.015000,1.000000,0.810000,0.810000,0.600000,0.100000,0.600000,-0.500000,0.050000,
33.708000,0.009000,1.000000,0.810000,0.810000,0.600000,0.100000,0.600000,-0.500000,0.050000,
33.718000,0.010000,1.000000,0.810000,0.810000,0.600000,0.100000,0.600000,-0.500000,0.050000,
33.732000,0.014000,1.000000,0.810000,0.810000,0.600000,0.100000,0.600000,-0.500000,0.050000,
33.741000,0.009000,1.000000,0.810000,0.810000,0.600000,0.100000,0.600000,-0.500000,0.050000,
33.752000,0.011000,1.000000,0.810000,0.810000,0.600000,0.100000,0.600000,-0.500000,0.050000,
33.764000,0.012000,1.000000,0.810000,0.810000,0.600000,0.100000,0.600000,-0.500000,0.050000,
33.777000,0.013000,1.000000,0.830000,0.812301,0.600000,0.100000,0.600000,-0.500000,0.050000,
33.787000,0.010000,1.000000,0.830000,0.830000,0.600000,0.100000,0.600000,-0.500000,0.050000,
33.800000,0.013000,1.000000,0.830000,0.830000,0.600000,0.100000,0.600000,-0.500000,0.050000,
33.810000,0.010000,1.000000,0.830000,0.830000,0.600000,0.100000,0.600000,-0.500000,0.050000,
33.821000,0.011000,1.000000,0.830000,0.830000,0.600000,0.100000,0.600000,-0.500000,0.050000,
33.833000,0.012000,1.000000,0.830000,0.830000,0.600000,0.100000,0.600000,-0.500000,0.050000,
33.841000,0.008000,1.000000,0.830000,0.830000,0.600000,0.100000,0.600000,-0.500000,0.050000,
33.855000,0.014000,1.000000,0.820000,0.828772,0.600000,0.100000,0.600000,-0.500000,0.050000,
33.866000,0.011000,1.000000,0.820000,0.820000,0.600000,0.100000,0.600000,-0.500000,0.050000,
33.875000,0.009000,1.000000,0.820000,0.820000,0.600000,0.100000,0.600000,-0.500000,0.050000,
33.888000,0.013000,1.000000,0.850000,0.823451,0.600000,0.100000,0.600000,-0.500000,0.050000,
33.900000,0.012000,1.000000,0.840000,0.848929,0.600000,0.100000,0.600000,-0.500000,0.050000,
33.910000,0.010000,1.000000,0.840000,0.840000,0.600000,0.100000,0.600000,-0.500000,0.050000,
33.921000,0.011000,1.000000,0.840000,0.840000,0.600000,0.100000,0.600000,-0.500000,0.050000,
33.934000,0.013000,1.000000,0.840000,0.840000,0.600000,0.100000,0.600000,-0.500000,0.050000,
33.947000,0.013000,1.000000,0.840000,0.840000,0.600000,0.100000,0.600000,-0.500000,0.050000,
33.955000,0.008000,1.000000,0.840000,0.840000,0.600000,0.100000,0.600000,-0.500000,0.050000,
33.972000,0.017000,1.000000,0.860000,0.842906,0.600000,0.100000,0.600000,-0.500000,0.050000,
33.983000,0.011000,1.000000,0.860000,0.860000,0.600000,0.100000,0.600000,-0.500000,0.050000,
33.991000,0.008000,1.000000,0.860000,0.860000,0.600000,0.100000,0.600000,-0.500000,0.050000,
34.004000,0.013000,1.000000,0.860000,0.860000,0.600000,0.100000,0.600000,-0.500000,0.050000,
34.017000,0.013000,1.000000,0.860000,0.860000,0.600000,0.100000,0.600000,-0.500000,0.050000,
34.025000,0.008000,1.000000,0.860000,0.860000,0.600000,0.100000,0.600000,-0.500000,0.050000,
34.036000,0.011000,1.000000,0.860000,0.860000,0.600000,0.100000,0.600000,-0.500000,0.050000,
34.050000,0.014000,1.000000,0.860000,0.860000,0.600000,0.100000,0.600000,-0.500000,0.050000,
34.060000,0.010000,1.000000,0.860000,0.860000,0.600000,0.100000,0.600000,-0.500000,0.050000,
34.069000,0.009000,1.000000,0.860000,0.860000,0.600000,0.100000,0.600000,-0.500000,0.050000,
34.082000,0.013000,1.000000,0.840000,0.857699,0.600000,0.100000,0.600000,-0.500000,0.050000,
34.093000,0.011000,1.000000,0.840000,0.840000,0.600000,0.100000,0.600000,-0.500000,0.050000,
34.104000,0.011000,1.000000,0.840000,0.840000,0.600000,0.100000,0.600000,-0.500000,0.050000,
34.115000,0.011000,1.000000,0.840000,0.840000,0.600000,0.100000,0.600000,-0.500000,0.050000,
34.127000,0.012000,1.000000,0.830000,0.838929,0.600000,0.100000,0.600000,-0.500000,0.050000,
34.139000,0.012000,1.000000,0.830000,0.830000,0.600000,0.100000,0.600000,-0.500000,0.050000,
34.150000,0.011000,1.000000,0.830000,0.830000,0.600000,0.100000,0.600000,-0.500000,0.050000,
34.158000,0.008000,1.000000,0.830000,0.830000,0.600000,0.100000,0.600000,-0.500000,0.050000,
34.171000,0.013000,1.000000,0.830000,0.830000,0.600000,0.100000,0.600000,-0.500000,0.050000,
34.184000,0.013000,1.000000,0.800000,0.826549,0.600000,0.100000,0.600000,-0.500000,0.050000,
34.193000,0.009000,1.000000,0.800000,0.800000,0.600000,0.100000,0.600000,-0.500000,0.050000,
34.203000,0.010000,1.000000,0.800000,0.800000,0.600000,0.100000,0.600000,-0.500000,0.050000,
34.217000,0.014000,1.000000,0.800000,0.800000,0.600000,0.100000,0.600000,-0.500000,0.050000,
34.227000,0.010000,1.000000,0.810000,0.800909,0.600000,0.100000,0.600000,-0.500000,0.050000,
34.238000,0.011000,1.000000,0.810000,0.810000,0.600000,0.100000,0.600000,-0.500000,0.050000,
34.252000,0.014000,1.000000,0.810000,0.810000,0.600000,0.100000,0.600000,-0.500000,0.050000,
34.263000,0.011000,1.000000,0.810000,0.810000,0.600000,0.100000,0.600000,-0.500000,0.050000,
34.272000,0.009000,1.000000,0.790000,0.808349,0.600000,0.100000,0.600000,-0.500000,0.050000,
34.285000,0.013000,1.000000,0.790000,0.790000,0.600000,0.100000,0.600000,-0.500000,0.050000,
34.297000,0.012000,1.000000,0.800000,0.791071,0.600000,0.100000,0.600000,-0.500000,0.050000,
34.307000,0.010000,1.000000,0.800000,0.800000,0.600000,0.100000,0.600000,-0.500000,0.050000,
34.317000,0.010000,1.000000,0.800000,0.800000,0.600000,0.100000,0.600000,-0.500000,0.050000,
34.330000,0.013000,1.000000,0.800000,0.800000,0.600000,0.100000,0.600000,-0.500000,0.050000,
34.341000,0.011000,1.000000,0.810000,0.800991,0.600000,0.100000,0.600000,-0.500000,0.050000,
34.351000,0.010000,1.000000,0.810000,0.810000,0.600000,0.100000,0.600000,-0.500000,0.050000,
34.365000,0.014000,1.000000,0.750000,0.802631,0.600000,0.100000,0.600000,-0.500000,0.050000,
34.375000,0.010000,1.000000,0.750000,0.750000,0.600000,0.100000,0.600000,-0.500000,0.050000,
34.386000,0.011000,1.000000,0.750000,0.750000,0.600000,0.100000,0.600000,-0.500000,0.050000,
34.397000,0.011000,1.000000,0.750000,0.750000,0.600000,0.100000,0.600000,-0.500000,0.050000,
34.409000,0.012000,1.000000,0.750000,0.750000,0.600000,0.100000,0.600000,-0.500000,0.050000,
34.421000,0.012000,1.000000,0.750000,0.750000,0.600000,0.100000,0.600000,-0.500000,0.050000,
34.430000,0.009000,1.000000,0.750000,0.750000,0.600000,0.100000,0.600000,-0.500000,0.050000,
34.441000,0.011000,1.000000,0.750000,0.750000,0.600000,0.100000,0.600000,-0.500000,0.050000,
34.454000,0.013000,1.000000,0.750000,0.750000,0.600000,0.100000,0.600000,-0.500000,0.050000,
34.465000,0.011000,1.000000,0.750000,0.750000,0.600000,0.100000,0.600000,-0.500000,0.050000,
34.474000,0.009000,1.000000,0.710000,0.746697,0.600000,0.100000,0.600000,-0.500000,0.050000,
34.486000,0.012000,1.000000,0.710000,0.710000,0.600000,0.100000,0.600000,-0.500000,0.050000,
34.499000,0.013000,1.000000,0.710000,0.710000,0.600000,0.100000,0.600000,-0.500000,0.050000,
34.508000,0.009000,1.000000,0.710000,0.710000,0.600000,0.100000,0.600000,-0.500000,0.050000,
34.519000,0.011000,1.000000,0.710000,0.710000,0.600000,0.100000,0.600000,-0.500000,0.050000,
34.534000,0.015000,1.000000,0.710000,0.710000,0.600000,0.100000,0.600000,-0.500000,0.050000,
34.543000,0.009000,1.000000,0.710000,0.710000,0.600000,0.100000,0.600000,-0.500000,0.050000,
34.553000,0.010000,1.000000,0.710000,0.710000,0.600000,0.100000,0.600000,-0.500000,0.050000,
34.567000,0.014000,1.000000,0.700000,0.708772,0.600000,0.100000,0.600000,-0.500000,0.050000,
34.578000,0.011000,1.000000,0.650000,0.695045,0.600000,0.100000,0.600000,-0.500000,0.050000,
34.587000,0.009000,1.000000,0.650000,0.650000,0.600000,0.100000,0.600000,-0.500000,0.050000,
34.599000,0.012000,1.000000,0.650000,0.650000,0.600000,0.100000,0.600000,-0.500000,0.050000,
34.612000,0.013000,1.000000,0.650000,0.650000,0.600000,0.100000,0.600000,-0.500000,0.050000,
34.622000,0.010000,1.000000,0.650000,0.650000,0.600000,0.100000,0.600000,-0.500000,0.050000,
34.634000,0.012000,1.000000,0.650000,0.650000,0.600000,0.100000,0.600000,-0.500000,0.050000,
34.643000,0.009000,1.000000,0.650000,0.650000,0.600000,0.100000,0.600000,-0.500000,0.050000,
34.656000,0.013000,1.000000,0.650000,0.650000,0.600000,0.100000,0.600000,-0.500000,0.050000,
34.667000,0.011000,1.000000,0.640000,0.649009,0.600000,0.100000,0.600000,-0.500000,0.050000,
34.676000,0.009000,1.000000,0.600000,0.636697,0.600000,0.100000,0.600000,-0.500000,0.050000,
34.690000,0.014000,1.000000,0.600000,0.600000,0.600000,0.100000,0.600000,-0.500000,0.050000,
34.699000,0.009000,1.000000,0.600000,0.600000,0.600000,0.100000,0.600000,-0.500000,0.050000,
34.710000,0.011000,1.000000,0.600000,0.600000,0.600000,0.100000,0.600000,-0.500000,0.050000,
34.720000,0.010000,1.000000,0.600000,0.600000,0.600000,0.100000,0.600000,-0.500000,0.050000,
34.736000,0.016000,1.000000,0.600000,0.600000,0.600000,0.100000,0.600000,-0.500000,0.050000,
34.745000,0.009000,1.000000,0.600000,0.600000,0.600000,0.100000,0.600000,-0.500000,0.050000,
34.755000,0.010000,1.000000,0.600000,0.600000,0.600000,0.100000,0.600000,-0.500000,0.050000,
34.769000,0.014000,1.000000,0.590000,0.598772,0.600000,0.100000,0.600000,-0.500000,0.050000,
34.779000,0.010000,1.000000,0.550000,0.586364,0.600000,0.100000,0.600000,-0.500000,0.050000,
34.788000,0.009000,1.000000,0.550000,0.550000,0.600000,0.100000,0.600000,-0.500000,0.050000,
34.800000,0.012000,1.000000,0.550000,0.550000,0.600000,0.100000,0.600000,-0.500000,0.050000,
34.813000,0.013000,1.000000,0.550000,0.550000,0.600000,0.100000,0.600000,-0.500000,0.050000,
34.824000,0.011000,1.000000,0.550000,0.550000,0.600000,0.100000,0.600000,-0.500000,0.050000,
34.835000,0.011000,1.000000,0.550000,0.550000,0.600000,0.100000,0.600000,-0.500000,0.050000,
34.845000,0.010000,1.000000,0.550000,0.550000,0.600000,0.100000,0.600000,-0.500000,0.050000,
34.860000,0.015000,1.000000,0.540000,0.548696,0.600000,0.100000,0.600000,-0.500000,0.050000,
34.871000,0.011000,1.000000,0.500000,0.536036,0.600000,0.100000,0.600000,-0.500000,0.050000,
34.882000,0.011000,1.000000,0.500000,0.500000,0.600000,0.100000,0.600000,-0.500000,0.050000,
34.894000,0.012000,1.000000,0.500000,0.500000,0.600000,0.100000,0.600000,-0.500000,0.050000,
34.905000,0.011000,1.000000,0.500000,0.500000,0.600000,0.100000,0.600000,-0.500000,0.050000,
34.917000,0.012000,1.000000,0.500000,0.500000,0.600000,0.100000,0.600000,-0.500000,0.050000,
34.926000,0.009000,1.000000,0.500000,0.500000,0.600000,0.100000,0.600000,-0.500000,0.050000,
34.938000,0.012000,1.000000,0.500000,0.500000,0.600000,0.100000,0.600000,-0.500000,0.050000,
34.950000,0.012000,1.000000,0.500000,0.500000,0.600000,0.100000,0.600000,-0.500000,0.050000,
34.959000,0.009000,1.000000,0.490000,0.499174,0.600000,0.100000,0.600000,-0.500000,0.050000,
34.973000,0.014000,1.000000,0.430000,0.482632,0.600000,0.100000,0.600000,-0.500000,0.050000,
34.983000,0.010000,1.000000,0.430000,0.430000,0.600000,0.100000,0.600000,-0.500000,0.050000,
34.992000,0.009000,1.000000,0.430000,0.430000,0.600000,0.100000,0.600000,-0.500000,0.050000,
35.004000,0.012000,1.000000,0.430000,0.430000,0.600000,0.100000,0.600000,-0.500000,0.050000,
35.018000,0.014000,1.000000,0.430000,0.430000,0.600000,0.100000,0.600000,-0.500000,0.050000,
35.027000,0.009000,1.000000,0.430000,0.430000,0.600000,0.100000,0.600000,-0.500000,0.050000,
35.044000,0.017000,1.000000,0.430000,0.430000,0.600000,0.100000,0.600000,-0.500000,0.050000,
35.056000,0.012000,1.000000,0.430000,0.430000,0.600000,0.100000,0.600000,-0.500000,0.050000,
35.067000,0.011000,1.000000,0.420000,0.429009,0.600000,0.100000,0.600000,-0.500000,0.050000,
35.078000,0.011000,1.000000,0.360000,0.414054,0.600000,0.100000,0.600000,-0.500000,0.050000,
35.090000,0.012000,1.000000,0.360000,0.360000,0.600000,0.100000,0.600000,-0.500000,0.050000,
35.102000,0.012000,1.000000,0.360000,0.360000,0.600000,0.100000,0.600000,-0.500000,0.050000,
35.110000,0.008000,1.000000,0.360000,0.360000,0.600000,0.100000,0.600000,-0.500000,0.050000,
35.121000,0.011000,1.000000,0.360000,0.360000,0.600000,0.100000,0.600000,-0.500000,0.050000,
35.136000,0.015000,1.000000,0.360000,0.360000,0.600000,0.100000,0.600000,-0.500000,0.050000,
35.144000,0.008000,1.000000,0.360000,0.360000,0.600000,0.100000,0.600000,-0.500000,0.050000,
35.154000,0.010000,1.000000,0.350000,0.359091,0.600000,0.100000,0.600000,-0.500000,0.050000,
35.166000,0.012000,1.000000,0.310000,0.345714,0.600000,0.100000,0.600000,-0.500000,0.050000,
35.177000,0.011000,1.000000,0.310000,0.310000,0.600000,0.100000,0.600000,-0.500000,0.050000,
35.188000,0.011000,1.000000,0.310000,0.310000,0.600000,0.100000,0.600000,-0.500000,0.050000,
35.201000,0.013000,1.000000,0.310000,0.310000,0.600000,0.100000,0.600000,-0.500000,0.050000,
35.211000,0.010000,1.000000,0.310000,0.310000,0.600000,0.100000,0.600000,-0.500000,0.050000,
35.223000,0.012000,1.000000,0.310000,0.310000,0.600000,0.100000,0.600000,-0.500000,0.050000,
35.233000,0.010000,1.000000,0.310000,0.310000,0.600000,0.100000,0.600000,-0.500000,0.050000,
35.245000,0.012000,1.000000,0.310000,0.310000,0.600000,0.100000,0.600000,-0.500000,0.050000,
35.257000,0.012000,1.000000,0.310000,0.310000,0.600000,0.100000,0.600000,-0.500000,0.050000,
35.267000,0.010000,1.000000,0.300000,0.309091,0.600000,0.100000,0.600000,-0.500000,0.050000,
35.277000,0.010000,1.000000,0.210000,0.291818,0.600000,0.100000,0.600000,-0.500000,0.050000,
35.289000,0.012000,1.000000,0.210000,0.210000,0.600000,0.100000,0.600000,-0.500000,0.050000,
35.301000,0.012000,1.000000,0.210000,0.210000,0.600000,0.100000,0.600000,-0.500000,0.050000,
35.311000,0.010000,1.000000,0.210000,0.210000,0.600000,0.100000,0.600000,-0.500000,0.050000,
35.321000,0.010000,1.000000,0.210000,0.210000,0.600000,0.100000,0.600000,-0.500000,0.050000,
35.333000,0.012000,1.000000,0.210000,0.210000,0.600000,0.100000,0.600000,-0.500000,0.050000,
35.343000,0.010000,1.000000,0.210000,0.210000,0.600000,0.100000,0.600000,-0.500000,0.050000,
35.354000,0.011000,1.000000,0.210000,0.210000,0.600000,0.100000,0.600000,-0.500000,0.050000,
35.367000,0.013000,1.000000,0.200000,0.208850,0.600000,0.100000,0.600000,-0.500000,0.050000,
35.379000,0.012000,1.000000,0.200000,0.200000,0.600000,0.100000,0.600000,-0.500000,0.050000,
35.388000,0.009000,1.000000,0.200000,0.200000,0.600000,0.100000,0.600000,-0.500000,0.050000,
35.401000,0.013000,1.000000,0.200000,0.200000,0.600000,0.100000,0.600000,-0.500000,0.050000,
35.414000,0.013000,1.000000,0.200000,0.200000,0.600000,0.100000,0.600000,-0.500000,0.050000,
35.425000,0.011000,1.000000,0.200000,0.200000,0.600000,0.100000,0.600000,-0.500000,0.050000,
35.434000,0.009000,1.000000,0.200000,0.200000,0.600000,0.100000,0.600000,-0.500000,0.050000,
35.447000,0.013000,1.000000,0.200000,0.200000,0.600000,0.100000,0.600000,-0.500000,0.050000,
35.457000,0.010000,1.000000,0.200000,0.200000,0.600000,0.100000,0.600000,-0.500000,0.050000,
35.469000,0.012000,1.000000,0.200000,0.200000,0.600000,0.100000,0.600000,-0.500000,0.050000,
35.481000,0.012000,1.000000,0.200000,0.200000,0.600000,0.100000,0.600000,-0.500000,0.050000,
35.491000,0.010000,1.000000,0.200000,0.200000,0.600000,0.100000,0.600000,-0.500000,0.050000,
35.504000,0.013000,1.000000,0.200000,0.200000,0.600000,0.100000,0.600000,-0.500000,0.050000,
35.514000,0.010000,1.000000,0.200000,0.200000,0.600000,0.100000,0.600000,-0.500000,0.050000,
35.524000,0.010000,1.000000,0.200000,0.200000,0.600000,0.100000,0.600000,-0.500000,0.050000,
35.536000,0.012000,1.000000,0.200000,0.200000,0.600000,0.100000,0.600000,-0.500000,0.050000,
35.546000,0.010000,1.000000,0.200000,0.200000,0.600000,0.100000,0.600000,-0.500000,0.050000,
35.555000,0.009000,1.000000,0.200000,0.200000,0.600000,0.100000,0.600000,-0.500000,0.050000,
35.568000,0.013000,1.000000,0.200000,0.200000,0.600000,0.100000,0.600000,-0.500000,0.050000,
35.580000,0.012000,1.000000,0.200000,0.200000,0.600000,0.100000,0.600000,-0.500000,0.050000,
35.590000,0.010000,1.000000,0.200000,0.200000,0.600000,0.100000,0.600000,-0.500000,0.050000,
35.601000,0.011000,1.000000,0.200000,0.200000,0.600000,0.100000,0.600000,-0.500000,0.050000,
35.614000,0.013000,1.000000,0.200000,0.200000,0.600000,0.100000,0.600000,-0.500000,0.050000,
35.623000,0.009000,1.000000,0.200000,0.200000,0.600000,0.100000,0.600000,-0.500000,0.050000,
35.636000,0.013000,1.000000,0.200000,0.200000,0.600000,0.100000,0.600000,-0.500000,0.050000,
35.647000,0.011000,1.000000,0.200000,0.200000,0.600000,0.100000,0.600000,-0.500000,0.050000,
35.657000,0.010000,1.000000,0.200000,0.200000,0.600000,0.100000,0.600000,-0.500000,0.050000,
35.668000,0.011000,1.000000,0.200000,0.200000,0.600000,0.100000,0.600000,-0.500000,0.050000,
35.680000,0.012000,1.000000,0.200000,0.200000,0.600000,0.100000,0.600000,-0.500000,0.050000,
35.691000,0.011000,1.000000,0.200000,0.200000,0.600000,0.100000,0.600000,-0.500000,0.050000,
35.704000,0.013000,1.000000,0.200000,0.200000,0.600000,0.100000,0.600000,-0.500000,0.050000,
35.712000,0.008000,1.000000,0.200000,0.200000,0.600000,0.100000,0.600000,-0.500000,0.050000,
35.723000,0.011000,1.000000,0.200000,0.200000,0.600000,0.100000,0.600000,-0.500000,0.050000,
35.736000,0.013000,1.000000,0.200000,0.200000,0.600000,0.100000,0.600000,-0.500000,0.050000,
35.747000,0.011000,1.000000,0.200000,0.200000,0.600000,0.100000,0.600000,-0.500000,0.050000,
35.757000,0.010000,1.000000,0.200000,0.200000,0.600000,0.100000,0.600000,-0.500000,0.050000,
35.770000,0.013000,1.000000,0.200000,0.200000,0.600000,0.100000,0.600000,-0.500000,0.050000,
35.783000,0.013000,1.000000,0.200000,0.200000,0.600000,0.100000,0.600000,-0.500000,0.050000,
35.792000,0.009000,1.000000,0.200000,0.200000,0.600000,0.100000,0.600000,-0.500000,0.050000,
35.804000,0.012000,1.000000,0.200000,0.200000,0.600000,0.100000,0.600000,-0.500000,0.050000,
35.817000,0.013000,1.000000,0.200000,0.200000,0.600000,0.100000,0.600000,-0.500000,0.050000,
35.825000,0.008000,1.000000,0.200000,0.200000,0.600000,0.100000,0.600000,-0.500000,0.050000,
35.837000,0.012000,1.000000,0.200000,0.200000,0.600000,0.100000,0.600000,-0.500000,0.050000,
35.856000,0.019000,1.000000,0.200000,0.200000,0.600000,0.100000,0.600000,-0.500000,0.050000,
35.868000,0.012000,1.000000,0.200000,0.200000,0.600000,0.100000,0.600000,-0.500000,0.050000,
35.877000,0.009000,1.000000,0.200000,0.200000,0.600000,0.100000,0.600000,-0.500000,0.050000,
35.889000,0.012000,1.000000,0.200000,0.200000,0.600000,0.100000,0.600000,-0.500000,0.050000,
35.902000,0.013000,1.000000,0.200000,0.200000,0.600000,0.100000,0.600000,-0.500000,0.050000,
35.911000,0.009000,1.000000,0.200000,0.200000,0.600000,0.100000,0.600000,-0.500000,0.050000,
35.921000,0.010000,1.000000,0.200000,0.200000,0.600000,0.100000,0.600000,-0.500000,0.050000,
35.940000,0.019000,1.000000,0.200000,0.200000,0.600000,0.100000,0.600000,-0.500000,0.050000,
35.951000,0.011000,1.000000,0.200000,0.200000,0.600000,0.100000,0.600000,-0.500000,0.050000,
35.965000,0.014000,1.000000,0.200000,0.200000,0.600000,0.100000,0.600000,-0.500000,0.050000,
35.977000,0.012000,1.000000,0.200000,0.200000,0.600000,0.100000,0.600000,-0.500000,0.050000,
35.988000,0.011000,1.000000,0.200000,0.200000,0.600000,0.100000,0.600000,-0.500000,0.050000,
36.001000,0.013000,1.000000,0.200000,0.200000,0.600000,0.100000,0.600000,-0.500000,0.050000,
36.011000,0.010000,1.000000,0.200000,0.200000,0.600000,0.100000,0.600000,-0.500000,0.050000,
36.024000,0.013000,1.000000,0.200000,0.200000,0.600000,0.100000,0.600000,-0.500000,0.050000,
36.033000,0.009000,1.000000,0.200000,0.200000,0.600000,0.100000,0.600000,-0.500000,0.050000,
36.043000,0.010000,1.000000,0.200000,0.200000,0.600000,0.100000,0.600000,-0.500000,0.050000,
36.058000,0.015000,1.000000,0.200000,0.200000,0.600000,0.100000,0.600000,-0.500000,0.050000,
36.069000,0.011000,1.000000,0.200000,0.200000,0.600000,0.100000,0.600000,-0.500000,0.050000,
36.080000,0.011000,1.000000,0.200000,0.200000,0.600000,0.100000,0.600000,-0.500000,0.050000,
36.091000,0.011000,1.000000,0.200000,0.200000,0.600000,0.100000,0.600000,-0.500000,0.050000,
36.102000,0.011000,1.000000,0.200000,0.200000,0.600000,0.100000,0.600000,-0.500000,0.050000,
36.111000,0.009000,1.000000,0.200000,0.200000,0.600000,0.100000,0.600000,-0.500000,0.050000,
36.123000,0.012000,1.000000,0.200000,0.200000,0.600000,0.100000,0.600000,-0.500000,0.050000,
36.135000,0.012000,1.000000,0.200000,0.200000,0.600000,0.100000,0.600000,-0.500000,0.050000,
36.146000,0.011000,1.000000,0.200000,0.200000,0.600000,0.100000,0.600000,-0.500000,0.050000,
36.156000,0.010000,1.000000,0.200000,0.200000,0.600000,0.100000,0.600000,-0.500000,0.050000,
36.168000,0.012000,1.000000,0.200000,0.200000,0.600000,0.100000,0.600000,-0.500000,0.050000,
36.179000,0.011000,1.000000,0.200000,0.200000,0.600000,0.100000,0.600000,-0.500000,0.050000,
36.192000,0.013000,1.000000,0.200000,0.200000,0.600000,0.100000,0.600000,-0.500000,0.050000,
36.202000,0.010000,1.000000,0.200000,0.200000,0.600000,0.100000,0.600000,-0.500000,0.050000,
36.213000,0.011000,1.000000,0.200000,0.200000,0.600000,0.100000,0.600000,-0.500000,0.050000,
36.226000,0.013000,1.000000,0.200000,0.200000,0.600000,0.100000,0.600000,-0.500000,0.050000,
36.236000,0.010000,1.000000,0.200000,0.200000,0.600000,0.100000,0.600000,-0.500000,0.050000,
36.247000,0.011000,1.000000,0.200000,0.200000,0.600000,0.100000,0.600000,-0.500000,0.050000,
36.260000,0.013000,1.000000,0.200000,0.200000,0.600000,0.100000,0.600000,-0.500000,0.050000,
36.269000,0.009000,1.000000,0.200000,0.200000,0.600000,0.100000,0.600000,-0.500000,0.050000,
36.282000,0.013000,1.000000,0.200000,0.200000,0.600000,0.100000,0.600000,-0.500000,0.050000,
36.294000,0.012000,1.000000,0.200000,0.200000,0.600000,0.100000,0.600000,-0.500000,0.050000,
36.305000,0.011000,1.000000,0.200000,0.200000,0.600000,0.100000,0.600000,-0.500000,0.050000,
36.317000,0.012000,1.000000,0.200000,0.200000,0.600000,0.100000,0.600000,-0.500000,0.050000,
36.325000,0.008000,1.000000,0.200000,0.200000,0.600000,0.100000,0.600000,-0.500000,0.050000,
36.338000,0.013000,1.000000,0.200000,0.200000,0.600000,0.100000,0.600000,-0.500000,0.050000,
36.351000,0.013000,1.000000,0.200000,0.200000,0.600000,0.100000,0.600000,-0.500000,0.050000,
36.358000,0.007000,1.000000,0.200000,0.200000,0.600000,0.100000,0.600000,-0.500000,0.050000,
36.373000,0.015000,1.000000,0.200000,0.200000,0.600000,0.100000,0.600000,-0.500000,0.050000,
36.383000,0.010000,1.000000,0.200000,0.200000,0.600000,0.100000,0.600000,-0.500000,0.050000,
36.392000,0.009000,1.000000,0.200000,0.200000,0.600000,0.100000,0.600000,-0.500000,0.050000,
36.404000,0.012000,1.000000,0.200000,0.200000,0.600000,0.100000,0.600000,-0.500000,0.050000,
36.419000,0.015000,1.000000,0.200000,0.200000,0.600000,0.100000,0.600000,-0.500000,0.050000,
36.429000,0.010000,1.000000,0.200000,0.200000,0.600000,0.100000,0.600000,-0.500000,0.050000,
36.438000,0.009000,1.000000,0.200000,0.200000,0.600000,0.100000,0.600000,-0.500000,0.050000,
36.450000,0.012000,1.000000,0.200000,0.200000,0.600000,0.100000,0.600000,-0.500000,0.050000,
36.463000,0.013000,1.000000,0.200000,0.200000,0.600000,0.100000,0.600000,-0.500000,0.050000,
36.472000,0.009000,1.000000,0.200000,0.200000,0.600000,0.100000,0.600000,-0.500000,0.050000,
36.484000,0.012000,1.000000,0.200000,0.200000,0.600000,0.100000,0.600000,-0.500000,0.050000,
36.494000,0.010000,1.000000,0.200000,0.200000,0.600000,0.100000,0.600000,-0.500000,0.050000,
36.505000,0.011000,1.000000,0.200000,0.200000,0.600000,0.100000,0.600000,-0.500000,0.050000,
36.518000,0.013000,1.000000,0.200000,0.200000,0.600000,0.100000,0.600000,-0.500000,0.050000,
36.534000,0.016000,1.000000,0.200000,0.200000,0.600000,0.100000,0.600000,-0.500000,0.050000,
36.543000,0.009000,1.000000,0.200000,0.200000,0.600000,0.100000,0.600000,-0.500000,0.050000,
36.553000,0.010000,1.000000,0.200000,0.200000,0.600000,0.100000,0.600000,-0.500000,0.050000,
36.565000,0.012000,1.000000,0.200000,0.200000,0.600000,0.100000,0.600000,-0.500000,0.050000,
36.576000,0.011000,1.000000,0.200000,0.200000,0.600000,0.100000,0.600000,-0.500000,0.050000,
36.588000,0.012000,1.000000,0.200000,0.200000,0.600000,0.100000,0.600000,-0.500000,0.050000,
36.599000,0.011000,1.000000,0.200000,0.200000,0.600000,0.100000,0.600000,-0.500000,0.050000,
36.609000,0.010000,1.000000,0.200000,0.200000,0.600000,0.100000,0.600000,-0.500000,0.050000,
36.622000,0.013000,1.000000,0.200000,0.200000,0.600000,0.100000,0.600000,-0.500000,0.050000,
36.632000,0.010000,1.000000,0.200000,0.200000,0.600000,0.100000,0.600000,-0.500000,0.050000,
36.643000,0.011000,1.000000,0.200000,0.200000,0.600000,0.100000,0.600000,-0.500000,0.050000,
36.654000,0.011000,1.000000,0.200000,0.200000,0.600000,0.100000,0.600000,-0.500000,0.050000,
36.668000,0.014000,1.000000,0.200000,0.200000,0.600000,0.100000,0.600000,-0.500000,0.050000,
36.677000,0.009000,1.000000,0.200000,0.200000,0.600000,0.100000,0.600000,-0.500000,0.050000,
36.689000,0.012000,1.000000,0.200000,0.200000,0.600000,0.100000,0.600000,-0.500000,0.050000,
36.701000,0.012000,1.000000,0.200000,0.200000,0.600000,0.100000,0.600000,-0.500000,0.050000,
36.712000,0.011000,1.000000,0.200000,0.200000,0.600000,0.100000,0.600000,-0.500000,0.050000,
36.722000,0.010000,1.000000,0.200000,0.200000,0.600000,0.100000,0.600000,-0.500000,0.050000,
36.734000,0.012000,1.000000,0.200000,0.200000,0.600000,0.100000,0.600000,-0.500000,0.050000,
36.752000,0.018000,1.000000,0.200000,0.200000,0.600000,0.100000,0.600000,-0.500000,0.050000,
36.760000,0.008000,1.000000,0.200000,0.200000,0.600000,0.100000,0.600000,-0.500000,0.050000,
36.771000,0.011000,1.000000,0.200000,0.200000,0.600000,0.100000,0.600000,-0.500000,0.050000,
36.784000,0.013000,1.000000,0.200000,0.200000,0.600000,0.100000,0.600000,-0.500000,0.050000,
36.793000,0.009000,1.000000,0.200000,0.200000,0.600000,0.100000,0.600000,-0.500000,0.050000,
36.804000,0.011000,1.000000,0.200000,0.200000,0.600000,0.100000,0.600000,-0.500000,0.050000,
36.818000,0.014000,1.000000,0.200000,0.200000,0.600000,0.100000,0.600000,-0.500000,0.050000,
36.827000,0.009000,1.000000,0.200000,0.200000,0.600000,0.100000,0.600000,-0.500000,0.050000,
36.839000,0.012000,1.000000,0.200000,0.200000,0.600000,0.100000,0.600000,-0.500000,0.050000,
36.850000,0.011000,1.000000,0.200000,0.200000,0.600000,0.100000,0.600000,-0.500000,0.050000,
36.860000,0.010000,1.000000,0.200000,0.200000,0.600000,0.100000,0.600000,-0.500000,0.050000,
36.872000,0.012000,1.000000,0.200000,0.200000,0.600000,0.100000,0.600000,-0.500000,0.050000,
36.884000,0.012000,1.000000,0.200000,0.200000,0.600000,0.100000,0.600000,-0.500000,0.050000,
36.893000,0.009000,1.000000,0.200000,0.200000,0.600000,0.100000,0.600000,-0.500000,0.050000,
36.904000,0.011000,1.000000,0.200000,0.200000,0.600000,0.100000,0.600000,-0.500000,0.050000,
36.916000,0.012000,1.000000,0.200000,0.200000,0.600000,0.100000,0.600000,-0.500000,0.050000,
36.927000,0.011000,1.000000,0.200000,0.200000,0.600000,0.100000,0.600000,-0.500000,0.050000,
36.938000,0.011000,1.000000,0.200000,0.200000,0.600000,0.100000,0.600000,-0.500000,0.050000,
36.950000,0.012000,1.000000,0.200000,0.200000,0.600000,0.100000,0.600000,-0.500000,0.050000,
36.960000,0.010000,1.000000,0.200000,0.200000,0.600000,0.100000,0.600000,-0.500000,0.050000,
36.973000,0.013000,1.000000,0.200000,0.200000,0.600000,0.100000,0.600000,-0.500000,0.050000,
36.985000,0.012000,1.000000,0.200000,0.200000,0.600000,0.100000,0.600000,-0.500000,0.050000,
36.993000,0.008000,1.000000,0.200000,0.200000,0.600000,0.100000,0.600000,-0.500000,0.050000,
37.004000,0.011000,1.000000,0.200000,0.200000,0.600000,0.100000,0.600000,-0.500000,0.050000,
37.017000,0.013000,1.000000,0.200000,0.200000,0.600000,0.100000,0.600000,-0.500000,0.050000,
37.026000,0.009000,1.000000,0.200000,0.200000,0.600000,0.100000,0.600000,-0.500000,0.050000,
37.037000,0.011000,1.000000,0.200000,0.200000,0.600000,0.100000,0.600000,-0.500000,0.050000,
37.056000,0.019000,1.000000,0.200000,0.200000,0.600000,0.100000,0.600000,-0.500000,0.050000,
37.067000,0.011000,1.000000,0.200000,0.200000,0.600000,0.100000,0.600000,-0.500000,0.050000,
37.076000,0.009000,1.000000,0.200000,0.200000,0.600000,0.100000,0.600000,-0.500000,0.050000,
37.088000,0.012000,1.000000,0.200000,0.200000,0.600000,0.100000,0.600000,-0.500000,0.050000,
37.100000,0.012000,1.000000,0.200000,0.200000,0.600000,0.100000,0.600000,-0.500000,0.050000,
37.108000,0.008000,1.000000,0.200000,0.200000,0.600000,0.100000,0.600000,-0.500000,0.050000,
37.120000,0.012000,1.000000,0.200000,0.200000,0.600000,0.100000,0.600000,-0.500000,0.050000,
37.137000,0.017000,1.000000,0.200000,0.200000,0.600000,0.100000,0.600000,-0.500000,0.050000,
37.145000,0.008000,1.000000,0.200000,0.200000,0.600000,0.100000,0.600000,-0.500000,0.050000,
37.155000,0.010000,1.000000,0.200000,0.200000,0.600000,0.100000,0.600000,-0.500000,0.050000,
37.169000,0.014000,1.000000,0.200000,0.200000,0.600000,0.100000,0.600000,-0.500000,0.050000,
37.181000,0.012000,1.000000,0.200000,0.200000,0.600000,0.100000,0.600000,-0.500000,0.050000,
37.190000,0.009000,1.000000,0.200000,0.200000,0.600000,0.100000,0.600000,-0.500000,0.050000,
37.201000,0.011000,1.000000,0.200000,0.200000,0.600000,0.100000,0.600000,-0.500000,0.050000,
37.214000,0.013000,1.000000,0.200000,0.200000,0.600000,0.100000,0.600000,-0.500000,0.050000,
37.224000,0.010000,1.000000,0.200000,0.200000,0.600000,0.100000,0.600000,-0.500000,0.050000,
37.235000,0.011000,1.000000,0.200000,0.200000,0.600000,0.100000,0.600000,-0.500000,0.050000,
37.248000,0.013000,1.000000,0.200000,0.200000,0.600000,0.100000,0.600000,-0.500000,0.050000,
37.258000,0.010000,1.000000,0.200000,0.200000,0.600000,0.100000,0.600000,-0.500000,0.050000,
37.270000,0.012000,1.000000,0.200000,0.200000,0.600000,0.100000,0.600000,-0.500000,0.050000,
37.280000,0.010000,1.000000,0.200000,0.200000,0.600000,0.100000,0.600000,-0.500000,0.050000,
37.290000,0.010000,1.000000,0.200000,0.200000,0.600000,0.100000,0.600000,-0.500000,0.050000,
37.303000,0.013000,1.000000,0.200000,0.200000,0.600000,0.100000,0.600000,-0.500000,0.050000,
37.313000,0.010000,1.000000,0.200000,0.200000,0.600000,0.100000,0.600000,-0.500000,0.050000,
37.324000,0.011000,1.000000,0.200000,0.200000,0.600000,0.100000,0.600000,-0.500000,0.050000,
37.339000,0.015000,1.000000,0.200000,0.200000,0.600000,0.100000,0.600000,-0.500000,0.050000,
37.349000,0.010000,1.000000,0.200000,0.200000,0.600000,0.100000,0.600000,-0.500000,0.050000,
37.358000,0.009000,1.000000,0.200000,0.200000,0.600000,0.100000,0.600000,-0.500000,0.050000,
37.372000,0.014000,1.000000,0.200000,0.200000,0.600000,0.100000,0.600000,-0.500000,0.050000,
37.384000,0.012000,1.000000,0.200000,0.200000,0.600000,0.100000,0.600000,-0.500000,0.050000,
37.392000,0.008000,1.000000,0.200000,0.200000,0.600000,0.100000,0.600000,-0.500000,0.050000,
37.403000,0.011000,1.000000,0.200000,0.200000,0.600000,0.100000,0.600000,-0.500000,0.050000,
37.417000,0.014000,1.000000,0.200000,0.200000,0.600000,0.100000,0.600000,-0.500000,0.050000,
37.425000,0.008000,1.000000,0.200000,0.200000,0.600000,0.100000,0.600000,-0.500000,0.050000,
37.437000,0.012000,1.000000,0.200000,0.200000,0.600000,0.100000,0.600000,-0.500000,0.050000,
37.451000,0.014000,1.000000,0.200000,0.200000,0.600000,0.100000,0.600000,-0.500000,0.050000,
37.463000,0.012000,1.000000,0.200000,0.200000,0.600000,0.100000,0.600000,-0.500000,0.050000,
37.473000,0.010000,1.000000,0.200000,0.200000,0.600000,0.100000,0.600000,-0.500000,0.050000,
37.485000,0.012000,1.000000,0.200000,0.200000,0.600000,0.100000,0.600000,-0.500000,0.050000,
37.497000,0.012000,1.000000,0.200000,0.200000,0.600000,0.100000,0.600000,-0.500000,0.050000,
37.506000,0.009000,1.000000,0.200000,0.200000,0.600000,0.100000,0.600000,-0.500000,0.050000,
37.518000,0.012000,1.000000,0.200000,0.200000,0.600000,0.100000,0.600000,-0.500000,0.050000,
37.532000,0.014000,1.000000,0.200000,0.200000,0.600000,0.100000,0.600000,-0.500000,0.050000,
37.541000,0.009000,1.000000,0.200000,0.200000,0.600000,0.100000,0.600000,-0.500000,0.050000,
37.553000,0.012000,1.000000,0.200000,0.200000,0.600000,0.100000,0.600000,-0.500000,0.050000,
37.564000,0.011000,1.000000,0.200000,0.200000,0.600000,0.100000,0.600000,-0.500000,0.050000,
37.583000,0.019000,1.000000,0.200000,0.200000,0.600000,0.100000,0.600000,-0.500000,0.050000,
37.592000,0.009000,1.000000,0.200000,0.200000,0.600000,0.100000,0.600000,-0.500000,0.050000,
37.603000,0.011000,1.000000,0.200000,0.200000,0.600000,0.100000,0.600000,-0.500000,0.050000,
37.617000,0.014000,1.000000,0.200000,0.200000,0.600000,0.100000,0.600000,-0.500000,0.050000,
37.627000,0.010000,1.000000,0.200000,0.200000,0.600000,0.100000,0.600000,-0.500000,0.050000,
37.638000,0.011000,1.000000,0.200000,0.200000,0.600000,0.100000,0.600000,-0.500000,0.050000,
37.650000,0.012000,1.000000,0.200000,0.200000,0.600000,0.100000,0.600000,-0.500000,0.050000,
37.660000,0.010000,1.000000,0.200000,0.200000,0.600000,0.100000,0.600000,-0.500000,0.050000,
37.671000,0.011000,1.000000,0.200000,0.200000,0.600000,0.100000,0.600000,-0.500000,0.050000,
37.683000,0.012000,1.000000,0.200000,0.200000,0.600000,0.100000,0.600000,-0.500000,0.050000,
37.695000,0.012000,1.000000,0.200000,0.200000,0.600000,0.100000,0.600000,-0.500000,0.050000,
37.705000,0.010000,1.000000,0.200000,0.200000,0.600000,0.100000,0.600000,-0.500000,0.050000,
37.717000,0.012000,1.000000,0.200000,0.200000,0.600000,0.100000,0.600000,-0.500000,0.050000,
37.727000,0.010000,1.000000,0.200000,0.200000,0.600000,0.100000,0.600000,-0.500000,0.050000,
37.740000,0.013000,1.000000,0.200000,0.200000,0.600000,0.100000,0.600000,-0.500000,0.050000,
37.753000,0.013000,1.000000,0.200000,0.200000,0.600000,0.100000,0.600000,-0.500000,0.050000,
37.763000,0.010000,1.000000,0.200000,0.200000,0.600000,0.100000,0.600000,-0.500000,0.050000,
37.779000,0.016000,1.000000,0.200000,0.200000,0.600000,0.100000,0.600000,-0.500000,0.050000,
37.789000,0.010000,1.000000,0.200000,0.200000,0.600000,0.100000,0.600000,-0.500000,0.050000,
37.802000,0.013000,1.000000,0.200000,0.200000,0.600000,0.100000,0.600000,-0.500000,0.050000,
37.813000,0.011000,1.000000,0.200000,0.200000,0.600000,0.100000,0.600000,-0.500000,0.050000,
37.824000,0.011000,1.000000,0.200000,0.200000,0.600000,0.100000,0.600000,-0.500000,0.050000,
37.834000,0.010000,1.000000,0.200000,0.200000,0.600000,0.100000,0.600000,-0.500000,0.050000,
37.846000,0.012000,1.000000,0.200000,0.200000,0.600000,0.100000,0.600000,-0.500000,0.050000,
37.858000,0.012000,1.000000,0.200000,0.200000,0.600000,0.100000,0.600000,-0.500000,0.050000,
37.868000,0.010000,1.000000,0.200000,0.200000,0.600000,0.100000,0.600000,-0.500000,0.050000,
37.878000,0.010000,1.000000,0.200000,0.200000,0.600000,0.100000,0.600000,-0.500000,0.050000,
37.889000,0.011000,1.000000,0.200000,0.200000,0.600000,0.100000,0.600000,-0.500000,0.050000,
37.901000,0.012000,1.000000,0.200000,0.200000,0.600000,0.100000,0.600000,-0.500000,0.050000,
37.913000,0.012000,1.000000,0.200000,0.200000,0.600000,0.100000,0.600000,-0.500000,0.050000,
37.922000,0.009000,1.000000,0.200000,0.200000,0.600000,0.100000,0.600000,-0.500000,0.050000,
37.937000,0.015000,1.000000,0.200000,0.200000,0.600000,0.100000,0.600000,-0.500000,0.050000,
37.947000,0.010000,1.000000,0.200000,0.200000,0.600000,0.100000,0.600000,-0.500000,0.050000,
37.958000,0.011000,1.000000,0.200000,0.200000,0.600000,0.100000,0.600000,-0.500000,0.050000,
37.968000,0.010000,1.000000,0.200000,0.200000,0.600000,0.100000,0.600000,-0.500000,0.050000,
37.981000,0.013000,1.000000,0.200000,0.200000,0.600000,0.100000,0.600000,-0.500000,0.050000,
37.990000,0.009000,1.000000,0.200000,0.200000,0.600000,0.100000,0.600000,-0.500000,0.050000,
38.001000,0.011000,1.000000,0.200000,0.200000,0.600000,0.100000,0.600000,-0.500000,0.050000,
38.016000,0.015000,1.000000,0.200000,0.200000,0.600000,0.100000,0.600000,-0.500000,0.050000,
38.024000,0.008000,1.000000,0.200000,0.200000,0.600000,0.100000,0.600000,-0.500000,0.050000,
38.036000,0.012000,1.000000,0.200000,0.200000,0.600000,0.100000,0.600000,-0.500000,0.050000,
38.046000,0.010000,1.000000,0.200000,0.200000,0.600000,0.100000,0.600000,-0.500000,0.050000,
38.058000,0.012000,1.000000,0.200000,0.200000,0.600000,0.100000,0.600000,-0.500000,0.050000,
38.070000,0.012000,1.000000,0.200000,0.200000,0.600000,0.100000,0.600000,-0.500000,0.050000,
38.080000,0.010000,1.000000,0.200000,0.200000,0.600000,0.100000,0.600000,-0.500000,0.050000,
38.092000,0.012000,1.000000,0.200000,0.200000,0.600000,0.100000,0.600000,-0.500000,0.050000,
38.103000,0.011000,1.000000,0.200000,0.200000,0.600000,0.100000,0.600000,-0.500000,0.050000,
38.115000,0.012000,1.000000,0.200000,0.200000,0.600000,0.100000,0.600000,-0.500000,0.050000,
38.123000,0.008000,1.000000,0.200000,0.200000,0.600000,0.100000,0.600000,-0.500000,0.050000,
38.136000,0.013000,1.000000,0.200000,0.200000,0.600000,0.100000,0.600000,-0.500000,0.050000,
38.148000,0.012000,1.000000,0.200000,0.200000,0.600000,0.100000,0.600000,-0.500000,0.050000,
38.156000,0.008000,1.000000,0.200000,0.200000,0.600000,0.100000,0.600000,-0.500000,0.050000,
38.169000,0.013000,1.000000,0.200000,0.200000,0.600000,0.100000,0.600000,-0.500000,0.050000,
38.181000,0.012000,1.000000,0.200000,0.200000,0.600000,0.100000,0.600000,-0.500000,0.050000,
38.190000,0.009000,1.000000,0.200000,0.200000,0.600000,0.100000,0.600000,-0.500000,0.050000,
38.201000,0.011000,1.000000,0.200000,0.200000,0.600000,0.100000,0.600000,-0.500000,0.050000,
38.216000,0.015000,1.000000,0.200000,0.200000,0.600000,0.100000,0.600000,-0.500000,0.050000,
38.224000,0.008000,1.000000,0.200000,0.200000,0.600000,0.100000,0.600000,-0.500000,0.050000,
38.234000,0.010000,1.000000,0.200000,0.200000,0.600000,0.100000,0.600000,-0.500000,0.050000,
38.246000,0.012000,1.000000,0.200000,0.200000,0.600000,0.100000,0.600000,-0.500000,0.050000,
38.258000,0.012000,1.000000,0.200000,0.200000,0.600000,0.100000,0.600000,-0.500000,0.050000,
38.268000,0.010000,1.000000,0.200000,0.200000,0.600000,0.100000,0.600000,-0.500000,0.050000,
38.279000,0.011000,1.000000,0.200000,0.200000,0.600000,0.100000,0.600000,-0.500000,0.050000,
38.292000,0.013000,1.000000,0.200000,0.200000,0.600000,0.100000,0.600000,-0.500000,0.050000,
38.302000,0.010000,1.000000,0.200000,0.200000,0.600000,0.100000,0.600000,-0.500000,0.050000,
38.313000,0.011000,1.000000,0.200000,0.200000,0.600000,0.100000,0.600000,-0.500000,0.050000,
38.323000,0.010000,1.000000,0.200000,0.200000,0.600000,0.100000,0.600000,-0.500000,0.050000,
38.337000,0.014000,1.000000,0.200000,0.200000,0.600000,0.100000,0.600000,-0.500000,0.050000,
38.347000,0.010000,1.000000,0.200000,0.200000,0.600000,0.100000,0.600000,-0.500000,0.050000,
38.358000,0.011000,1.000000,0.200000,0.200000,0.600000,0.100000,0.600000,-0.500000,0.050000,
38.370000,0.012000,1.000000,0.200000,0.200000,0.600000,0.100000,0.600000,-0.500000,0.050000,
38.383000,0.013000,1.000000,0.200000,0.200000,0.600000,0.100000,0.600000,-0.500000,0.050000,
38.393000,0.010000,1.000000,0.200000,0.200000,0.600000,0.100000,0.600000,-0.500000,0.050000,
38.403000,0.010000,1.000000,0.200000,0.200000,0.600000,0.100000,0.600000,-0.500000,0.050000,
38.418000,0.015000,1.000000,0.200000,0.200000,0.600000,0.100000,0.600000,-0.500000,0.050000,
38.428000,0.010000,1.000000,0.200000,0.200000,0.600000,0.100000,0.600000,-0.500000,0.050000,
38.442000,0.014000,1.000000,0.200000,0.200000,0.600000,0.100000,0.600000,-0.500000,0.050000,
38.451000,0.009000,1.000000,0.200000,0.200000,0.600000,0.100000,0.600000,-0.500000,0.050000,
38.462000,0.011000,1.000000,0.200000,0.200000,0.600000,0.100000,0.600000,-0.500000,0.050000,
38.471000,0.009000,1.000000,0.200000,0.200000,0.600000,0.100000,0.600000,-0.500000,0.050000,
38.485000,0.014000,1.000000,0.200000,0.200000,0.600000,0.100000,0.600000,-0.500000,0.050000,
38.500000,0.015000,1.000000,0.200000,0.200000,0.600000,0.100000,0.600000,-0.500000,0.050000,
38.507000,0.007000,1.000000,0.200000,0.200000,0.600000,0.100000,0.600000,-0.500000,0.050000,
38.519000,0.012000,1.000000,0.200000,0.200000,0.600000,0.100000,0.600000,-0.500000,0.050000,
38.533000,0.014000,1.000000,0.200000,0.200000,0.600000,0.100000,0.600000,-0.500000,0.050000,
38.541000,0.008000,1.000000,0.200000,0.200000,0.600000,0.100000,0.600000,-0.500000,0.050000,
38.552000,0.011000,1.000000,0.200000,0.200000,0.600000,0.100000,0.600000,-0.500000,0.050000,
38.564000,0.012000,1.000000,0.200000,0.200000,0.600000,0.100000,0.600000,-0.500000,0.050000,
38.577000,0.013000,1.000000,0.200000,0.200000,0.600000,0.100000,0.600000,-0.500000,0.050000,
38.587000,0.010000,1.000000,0.200000,0.200000,0.600000,0.100000,0.600000,-0.500000,0.050000,
38.598000,0.011000,1.000000,0.200000,0.200000,0.600000,0.100000,0.600000,-0.500000,0.050000,
38.611000,0.013000,1.000000,0.200000,0.200000,0.600000,0.100000,0.600000,-0.500000,0.050000,
38.623000,0.012000,1.000000,0.200000,0.200000,0.600000,0.100000,0.600000,-0.500000,0.050000,
38.635000,0.012000,1.000000,0.200000,0.200000,0.600000,0.100000,0.600000,-0.500000,0.050000,
38.644000,0.009000,1.000000,0.200000,0.200000,0.600000,0.100000,0.600000,-0.500000,0.050000,
38.659000,0.015000,1.000000,0.210000,0.201304,0.600000,0.100000,0.600000,-0.500000,0.050000,
38.670000,0.011000,1.000000,0.270000,0.215946,0.600000,0.100000,0.600000,-0.500000,0.050000,
38.680000,0.010000,1.000000,0.270000,0.270000,0.600000,0.100000,0.600000,-0.500000,0.050000,
38.692000,0.012000,1.000000,0.270000,0.270000,0.600000,0.100000,0.600000,-0.500000,0.050000,
38.703000,0.011000,1.000000,0.270000,0.270000,0.600000,0.100000,0.600000,-0.500000,0.050000,
38.714000,0.011000,1.000000,0.270000,0.270000,0.600000,0.100000,0.600000,-0.500000,0.050000,
38.726000,0.012000,1.000000,0.270000,0.270000,0.600000,0.100000,0.600000,-0.500000,0.050000,
38.738000,0.012000,1.000000,0.270000,0.270000,0.600000,0.100000,0.600000,-0.500000,0.050000,
38.748000,0.010000,1.000000,0.270000,0.270000,0.600000,0.100000,0.600000,-0.500000,0.050000,
38.758000,0.010000,1.000000,0.270000,0.270000,0.600000,0.100000,0.600000,-0.500000,0.050000,
38.770000,0.012000,1.000000,0.280000,0.271071,0.600000,0.100000,0.600000,-0.500000,0.050000,
38.783000,0.013000,1.000000,0.280000,0.280000,0.600000,0.100000,0.600000,-0.500000,0.050000,
38.791000,0.008000,1.000000,0.280000,0.280000,0.600000,0.100000,0.600000,-0.500000,0.050000,
38.802000,0.011000,1.000000,0.280000,0.280000,0.600000,0.100000,0.600000,-0.500000,0.050000,
38.814000,0.012000,1.000000,0.280000,0.280000,0.600000,0.100000,0.600000,-0.500000,0.050000,
38.824000,0.010000,1.000000,0.280000,0.280000,0.600000,0.100000,0.600000,-0.500000,0.050000,
38.835000,0.011000,1.000000,0.280000,0.280000,0.600000,0.100000,0.600000,-0.500000,0.050000,
38.849000,0.014000,1.000000,0.280000,0.280000,0.600000,0.100000,0.600000,-0.500000,0.050000,
38.860000,0.011000,1.000000,0.280000,0.280000,0.600000,0.100000,0.600000,-0.500000,0.050000,
38.869000,0.009000,1.000000,0.310000,0.282477,0.600000,0.100000,0.600000,-0.500000,0.050000,
38.882000,0.013000,1.000000,0.310000,0.310000,0.600000,0.100000,0.600000,-0.500000,0.050000,
38.894000,0.012000,1.000000,0.310000,0.310000,0.600000,0.100000,0.600000,-0.500000,0.050000,
38.906000,0.012000,1.000000,0.310000,0.310000,0.600000,0.100000,0.600000,-0.500000,0.050000,
38.917000,0.011000,1.000000,0.310000,0.310000,0.600000,0.100000,0.600000,-0.500000,0.050000,
38.927000,0.010000,1.000000,0.310000,0.310000,0.600000,0.100000,0.600000,-0.500000,0.050000,
38.939000,0.012000,1.000000,0.310000,0.310000,0.600000,0.100000,0.600000,-0.500000,0.050000,
38.949000,0.010000,1.000000,0.310000,0.310000,0.600000,0.100000,0.600000,-0.500000,0.050000,
38.959000,0.010000,1.000000,0.310000,0.310000,0.600000,0.100000,0.600000,-0.500000,0.050000,
38.973000,0.014000,1.000000,0.310000,0.310000,0.600000,0.100000,0.600000,-0.500000,0.050000,
38.986000,0.013000,1.000000,0.320000,0.311150,0.600000,0.100000,0.600000,-0.500000,0.050000,
38.996000,0.010000,1.000000,0.320000,0.320000,0.600000,0.100000,0.600000,-0.500000,0.050000,
39.006000,0.010000,1.000000,0.320000,0.320000,0.600000,0.100000,0.600000,-0.500000,0.050000,
39.019000,0.013000,1.000000,0.320000,0.320000,0.600000,0.100000,0.600000,-0.500000,0.050000,
39.028000,0.009000,1.000000,0.320000,0.320000,0.600000,0.100000,0.600000,-0.500000,0.050000,
39.039000,0.011000,1.000000,0.320000,0.320000,0.600000,0.100000,0.600000,-0.500000,0.050000,
39.052000,0.013000,1.000000,0.320000,0.320000,0.600000,0.100000,0.600000,-0.500000,0.050000,
39.063000,0.011000,1.000000,0.320000,0.320000,0.600000,0.100000,0.600000,-0.500000,0.050000,
39.074000,0.011000,1.000000,0.340000,0.321982,0.600000,0.100000,0.600000,-0.500000,0.050000,
39.086000,0.012000,1.000000,0.340000,0.340000,0.600000,0.100000,0.600000,-0.500000,0.050000,
39.101000,0.015000,1.000000,0.340000,0.340000,0.600000,0.100000,0.600000,-0.500000,0.050000,
39.110000,0.009000,1.000000,0.340000,0.340000,0.600000,0.100000,0.600000,-0.500000,0.050000,
39.120000,0.010000,1.000000,0.340000,0.340000,0.600000,0.100000,0.600000,-0.500000,0.050000,
39.138000,0.018000,1.000000,0.340000,0.340000,0.600000,0.100000,0.600000,-0.500000,0.050000,
39.149000,0.011000,1.000000,0.340000,0.340000,0.600000,0.100000,0.600000,-0.500000,0.050000,
39.159000,0.010000,1.000000,0.340000,0.340000,0.600000,0.100000,0.600000,-0.500000,0.050000,
39.171000,0.012000,1.000000,0.360000,0.342143,0.600000,0.100000,0.600000,-0.500000,0.050000,
39.184000,0.013000,1.000000,0.360000,0.360000,0.600000,0.100000,0.600000,-0.500000,0.050000,
39.193000,0.009000,1.000000,0.360000,0.360000,0.600000,0.100000,0.600000,-0.500000,0.050000,
39.204000,0.011000,1.000000,0.360000,0.360000,0.600000,0.100000,0.600000,-0.500000,0.050000,
39.218000,0.014000,1.000000,0.360000,0.360000,0.600000,0.100000,0.600000,-0.500000,0.050000,
39.225000,0.007000,1.000000,0.360000,0.360000,0.600000,0.100000,0.600000,-0.500000,0.050000,
39.237000,0.012000,1.000000,0.360000,0.360000,0.600000,0.100000,0.600000,-0.500000,0.050000,
39.250000,0.013000,1.000000,0.360000,0.360000,0.600000,0.100000,0.600000,-0.500000,0.050000,
39.261000,0.011000,1.000000,0.360000,0.360000,0.600000,0.100000,0.600000,-0.500000,0.050000,
39.270000,0.009000,1.000000,0.360000,0.360000,0.600000,0.100000,0.600000,-0.500000,0.050000,
39.284000,0.014000,1.000000,0.370000,0.361228,0.600000,0.100000,0.600000,-0.500000,0.050000,
39.295000,0.011000,1.000000,0.370000,0.370000,0.600000,0.100000,0.600000,-0.500000,0.050000,
39.304000,0.009000,1.000000,0.370000,0.370000,0.600000,0.100000,0.600000,-0.500000,0.050000,
39.317000,0.013000,1.000000,0.370000,0.370000,0.600000,0.100000,0.600000,-0.500000,0.050000,
39.326000,0.009000,1.000000,0.370000,0.370000,0.600000,0.100000,0.600000,-0.500000,0.050000,
39.338000,0.012000,1.000000,0.370000,0.370000,0.600000,0.100000,0.600000,-0.500000,0.050000,
39.351000,0.013000,1.000000,0.370000,0.370000,0.600000,0.100000,0.600000,-0.500000,0.050000,
39.359000,0.008000,1.000000,0.370000,0.370000,0.600000,0.100000,0.600000,-0.500000,0.050000,
39.374000,0.015000,1.000000,0.390000,0.372609,0.600000,0.100000,0.600000,-0.500000,0.050000,
39.384000,0.010000,1.000000,0.390000,0.390000,0.600000,0.100000,0.600000,-0.500000,0.050000,
39.393000,0.009000,1.000000,0.390000,0.390000,0.600000,0.100000,0.600000,-0.500000,0.050000,
39.405000,0.012000,1.000000,0.390000,0.390000,0.600000,0.100000,0.600000,-0.500000,0.050000,
39.418000,0.013000,1.000000,0.390000,0.390000,0.600000,0.100000,0.600000,-0.500000,0.050000,
39.427000,0.009000,1.000000,0.390000,0.390000,0.600000,0.100000,0.600000,-0.500000,0.050000,
39.437000,0.010000,1.000000,0.390000,0.390000,0.600000,0.100000,0.600000,-0.500000,0.050000,
39.452000,0.015000,1.000000,0.390000,0.390000,0.600000,0.100000,0.600000,-0.500000,0.050000,
39.462000,0.010000,1.000000,0.390000,0.390000,0.600000,0.100000,0.600000,-0.500000,0.050000,
39.471000,0.009000,1.000000,0.410000,0.391651,0.600000,0.100000,0.600000,-0.500000,0.050000,
39.483000,0.012000,1.000000,0.410000,0.410000,0.600000,0.100000,0.600000,-0.500000,0.050000,
39.495000,0.012000,1.000000,0.410000,0.410000,0.600000,0.100000,0.600000,-0.500000,0.050000,
39.506000,0.011000,1.000000,0.410000,0.410000,0.600000,0.100000,0.600000,-0.500000,0.050000,
39.517000,0.011000,1.000000,0.410000,0.410000,0.600000,0.100000,0.600000,-0.500000,0.050000,
39.528000,0.011000,1.000000,0.410000,0.410000,0.600000,0.100000,0.600000,-0.500000,0.050000,
39.540000,0.012000,1.000000,0.410000,0.410000,0.600000,0.100000,0.600000,-0.500000,0.050000,
39.550000,0.010000,1.000000,0.410000,0.410000,0.600000,0.100000,0.600000,-0.500000,0.050000,
39.560000,0.010000,1.000000,0.410000,0.410000,0.600000,0.100000,0.600000,-0.500000,0.050000,
39.574000,0.014000,1.000000,0.440000,0.413684,0.600000,0.100000,0.600000,-0.500000,0.050000,
39.586000,0.012000,1.000000,0.440000,0.440000,0.600000,0.100000,0.600000,-0.500000,0.050000,
39.599000,0.013000,1.000000,0.440000,0.440000,0.600000,0.100000,0.600000,-0.500000,0.050000,
39.610000,0.011000,1.000000,0.440000,0.440000,0.600000,0.100000,0.600000,-0.500000,0.050000,
39.621000,0.011000,1.000000,0.440000,0.440000,0.600000,0.100000,0.600000,-0.500000,0.050000,
39.633000,0.012000,1.000000,0.440000,0.440000,0.600000,0.100000,0.600000,-0.500000,0.050000,
39.642000,0.009000,1.000000,0.440000,0.440000,0.600000,0.100000,0.600000,-0.500000,0.050000,
39.656000,0.014000,1.000000,0.440000,0.440000,0.600000,0.100000,0.600000,-0.500000,0.050000,
39.668000,0.012000,1.000000,0.440000,0.440000,0.600000,0.100000,0.600000,-0.500000,0.050000,
39.677000,0.009000,1.000000,0.450000,0.440826,0.600000,0.100000,0.600000,-0.500000,0.050000,
39.689000,0.012000,1.000000,0.450000,0.450000,0.600000,0.100000,0.600000,-0.500000,0.050000,
39.706000,0.017000,1.000000,0.450000,0.450000,0.600000,0.100000,0.600000,-0.500000,0.050000,
39.719000,0.013000,1.000000,0.450000,0.450000,0.600000,0.100000,0.600000,-0.500000,0.050000,
39.728000,0.009000,1.000000,0.450000,0.450000,0.600000,0.100000,0.600000,-0.500000,0.050000,
39.742000,0.014000,1.000000,0.450000,0.450000,0.600000,0.100000,0.600000,-0.500000,0.050000,
39.752000,0.010000,1.000000,0.450000,0.450000,0.600000,0.100000,0.600000,-0.500000,0.050000,
39.762000,0.010000,1.000000,0.450000,0.450000,0.600000,0.100000,0.600000,-0.500000,0.050000,
39.777000,0.015000,1.000000,0.460000,0.451304,0.600000,0.100000,0.600000,-0.500000,0.050000,
39.788000,0.011000,1.000000,0.460000,0.460000,0.600000,0.100000,0.600000,-0.500000,0.050000,
39.800000,0.012000,1.000000,0.460000,0.460000,0.600000,0.100000,0.600000,-0.500000,0.050000,
39.811000,0.011000,1.000000,0.460000,0.460000,0.600000,0.100000,0.600000,-0.500000,0.050000,
39.824000,0.013000,1.000000,0.460000,0.460000,0.600000,0.100000,0.600000,-0.500000,0.050000,
39.835000,0.011000,1.000000,0.460000,0.460000,0.600000,0.100000,0.600000,-0.500000,0.050000,
39.846000,0.011000,1.000000,0.460000,0.460000,0.600000,0.100000,0.600000,-0.500000,0.050000,
39.855000,0.009000,1.000000,0.460000,0.460000,0.600000,0.100000,0.600000,-0.500000,0.050000,
39.867000,0.012000,1.000000,0.470000,0.461071,0.600000,0.100000,0.600000,-0.500000,0.050000,
39.878000,0.011000,1.000000,0.470000,0.470000,0.600000,0.100000,0.600000,-0.500000,0.050000,
39.890000,0.012000,1.000000,0.470000,0.470000,0.600000,0.100000,0.600000,-0.500000,0.050000,
39.903000,0.013000,1.000000,0.470000,0.470000,0.600000,0.100000,0.600000,-0.500000,0.050000,
39.915000,0.012000,1.000000,0.470000,0.470000,0.600000,0.100000,0.600000,-0.500000,0.050000,
39.929000,0.014000,1.000000,0.470000,0.470000,0.600000,0.100000,0.600000,-0.500000,0.050000,
39.941000,0.012000,1.000000,0.470000,0.470000,0.600000,0.100000,0.600000,-0.500000,0.050000,
39.951000,0.010000,1.000000,0.470000,0.470000,0.600000,0.100000,0.600000,-0.500000,0.050000,
39.960000,0.009000,1.000000,0.470000,0.470000,0.600000,0.100000,0.600000,-0.500000,0.050000,
39.973000,0.013000,1.000000,0.480000,0.471150,0.600000,0.100000,0.600000,-0.500000,0.050000,
39.985000,0.012000,1.000000,0.480000,0.480000,0.600000,0.100000,0.600000,-0.500000,0.050000,
39.994000,0.009000,1.000000,0.480000,0.480000,0.600000,0.100000,0.600000,-0.500000,0.050000,
40.004000,0.010000,1.000000,0.480000,0.480000,0.600000,0.100000,0.600000,-0.500000,0.050000,
40.016000,0.012000,1.000000,0.480000,0.480000,0.600000,0.100000,0.600000,-0.500000,0.050000,
40.027000,0.011000,1.000000,0.480000,0.480000,0.600000,0.100000,0.600000,-0.500000,0.050000,
40.038000,0.011000,1.000000,0.480000,0.480000,0.600000,0.100000,0.600000,-0.500000,0.050000,
40.052000,0.014000,1.000000,0.480000,0.480000,0.600000,0.100000,0.600000,-0.500000,0.050000,
40.063000,0.011000,1.000000,0.480000,0.480000,0.600000,0.100000,0.600000,-0.500000,0.050000,
40.071000,0.008000,1.000000,0.480000,0.480000,0.600000,0.100000,0.600000,-0.500000,0.050000,
40.084000,0.013000,1.000000,0.480000,0.480000,0.600000,0.100000,0.600000,-0.500000,0.050000,
40.100000,0.016000,1.000000,0.480000,0.480000,0.600000,0.100000,0.600000,-0.500000,0.050000,
40.107000,0.007000,1.000000,0.480000,0.480000,0.600000,0.100000,0.600000,-0.500000,0.050000,
40.119000,0.012000,1.000000,0.480000,0.480000,0.600000,0.100000,0.600000,-0.500000,0.050000,
40.131000,0.012000,1.000000,0.480000,0.480000,0.600000,0.100000,0.600000,-0.500000,0.050000,
40.141000,0.010000,1.000000,0.480000,0.480000,0.600000,0.100000,0.600000,-0.500000,0.050000,
40.152000,0.011000,1.000000,0.480000,0.480000,0.600000,0.100000,0.600000,-0.500000,0.050000,
40.164000,0.012000,1.000000,0.480000,0.480000,0.600000,0.100000,0.600000,-0.500000,0.050000,
40.176000,0.012000,1.000000,0.490000,0.481071,0.600000,0.100000,0.600000,-0.500000,0.050000,
40.186000,0.010000,1.000000,0.490000,0.490000,0.600000,0.100000,0.600000,-0.500000,0.050000,
40.198000,0.012000,1.000000,0.490000,0.490000,0.600000,0.100000,0.600000,-0.500000,0.050000,
40.208000,0.010000,1.000000,0.490000,0.490000,0.600000,0.100000,0.600000,-0.500000,0.050000,
40.220000,0.012000,1.000000,0.490000,0.490000,0.600000,0.100000,0.600000,-0.500000,0.050000,
40.230000,0.010000,1.000000,0.490000,0.490000,0.600000,0.100000,0.600000,-0.500000,0.050000,
40.241000,0.011000,1.000000,0.490000,0.490000,0.600000,0.100000,0.600000,-0.500000,0.050000,
40.254000,0.013000,1.000000,0.490000,0.490000,0.600000,0.100000,0.600000,-0.500000,0.050000,
40.265000,0.011000,1.000000,0.480000,0.489009,0.600000,0.100000,0.600000,-0.500000,0.050000,
40.274000,0.009000,1.000000,0.480000,0.480000,0.600000,0.100000,0.600000,-0.500000,0.050000,
40.285000,0.011000,1.000000,0.480000,0.480000,0.600000,0.100000,0.600000,-0.500000,0.050000,
40.298000,0.013000,1.000000,0.480000,0.480000,0.600000,0.100000,0.600000,-0.500000,0.050000,
40.307000,0.009000,1.000000,0.480000,0.480000,0.600000,0.100000,0.600000,-0.500000,0.050000,
40.318000,0.011000,1.000000,0.480000,0.480000,0.600000,0.100000,0.600000,-0.500000,0.050000,
40.332000,0.014000,1.000000,0.480000,0.480000,0.600000,0.100000,0.600000,-0.500000,0.050000,
40.344000,0.012000,1.000000,0.480000,0.480000,0.600000,0.100000,0.600000,-0.500000,0.050000,
40.353000,0.009000,1.000000,0.480000,0.480000,0.600000,0.100000,0.600000,-0.500000,0.050000,
40.365000,0.012000,1.000000,0.480000,0.480000,0.600000,0.100000,0.600000,-0.500000,0.050000,
40.376000,0.011000,1.000000,0.470000,0.479009,0.600000,0.100000,0.600000,-0.500000,0.050000,
40.386000,0.010000,1.000000,0.470000,0.470000,0.600000,0.100000,0.600000,-0.500000,0.050000,
40.398000,0.012000,1.000000,0.470000,0.470000,0.600000,0.100000,0.600000,-0.500000,0.050000,
40.409000,0.011000,1.000000,0.470000,0.470000,0.600000,0.100000,0.600000,-0.500000,0.050000,
40.421000,0.012000,1.000000,0.470000,0.470000,0.600000,0.100000,0.600000,-0.500000,0.050000,
40.431000,0.010000,1.000000,0.470000,0.470000,0.600000,0.100000,0.600000,-0.500000,0.050000,
40.441000,0.010000,1.000000,0.470000,0.470000,0.600000,0.100000,0.600000,-0.500000,0.050000,
40.453000,0.012000,1.000000,0.470000,0.470000,0.600000,0.100000,0.600000,-0.500000,0.050000,
40.464000,0.011000,1.000000,0.470000,0.470000,0.600000,0.100000,0.600000,-0.500000,0.050000,
40.473000,0.009000,1.000000,0.470000,0.470000,0.600000,0.100000,0.600000,-0.500000,0.050000,
40.487000,0.014000,1.000000,0.470000,0.470000,0.600000,0.100000,0.600000,-0.500000,0.050000,
40.500000,0.013000,1.000000,0.470000,0.470000,0.600000,0.100000,0.600000,-0.500000,0.050000,
40.507000,0.007000,1.000000,0.470000,0.470000,0.600000,0.100000,0.600000,-0.500000,0.050000,
40.519000,0.012000,1.000000,0.470000,0.470000,0.600000,0.100000,0.600000,-0.500000,0.050000,
40.533000,0.014000,1.000000,0.470000,0.470000,0.600000,0.100000,0.600000,-0.500000,0.050000,
40.542000,0.009000,1.000000,0.470000,0.470000,0.600000,0.100000,0.600000,-0.500000,0.050000,
40.554000,0.012000,1.000000,0.470000,0.470000,0.600000,0.100000,0.600000,-0.500000,0.050000,
40.567000,0.013000,1.000000,0.470000,0.470000,0.600000,0.100000,0.600000,-0.500000,0.050000,
40.576000,0.009000,1.000000,0.470000,0.470000,0.600000,0.100000,0.600000,-0.500000,0.050000,
40.586000,0.010000,1.000000,0.470000,0.470000,0.600000,0.100000,0.600000,-0.500000,0.050000,
40.598000,0.012000,1.000000,0.470000,0.470000,0.600000,0.100000,0.600000,-0.500000,0.050000,
40.609000,0.011000,1.000000,0.470000,0.470000,0.600000,0.100000,0.600000,-0.500000,0.050000,
40.622000,0.013000,1.000000,0.470000,0.470000,0.600000,0.100000,0.600000,-0.500000,0.050000,
40.631000,0.009000,1.000000,0.470000,0.470000,0.600000,0.100000,0.600000,-0.500000,0.050000,
40.641000,0.010000,1.000000,0.470000,0.470000,0.600000,0.100000,0.600000,-0.500000,0.050000,
40.653000,0.012000,1.000000,0.470000,0.470000,0.600000,0.100000,0.600000,-0.500000,0.050000,
40.666000,0.013000,1.000000,0.470000,0.470000,0.600000,0.100000,0.600000,-0.500000,0.050000,
40.674000,0.008000,1.000000,0.470000,0.470000,0.600000,0.100000,0.600000,-0.500000,0.050000,
40.686000,0.012000,1.000000,0.470000,0.470000,0.600000,0.100000,0.600000,-0.500000,0.050000,
40.699000,0.013000,1.000000,0.470000,0.470000,0.600000,0.100000,0.600000,-0.500000,0.050000,
40.707000,0.008000,1.000000,0.470000,0.470000,0.600000,0.100000,0.600000,-0.500000,0.050000,
40.719000,0.012000,1.000000,0.470000,0.470000,0.600000,0.100000,0.600000,-0.500000,0.050000,
40.734000,0.015000,1.000000,0.470000,0.470000,0.600000,0.100000,0.600000,-0.500000,0.050000,
40.744000,0.010000,1.000000,0.470000,0.470000,0.600000,0.100000,0.600000,-0.500000,0.050000,
40.753000,0.009000,1.000000,0.470000,0.470000,0.600000,0.100000,0.600000,-0.500000,0.050000,
40.767000,0.014000,1.000000,0.470000,0.470000,0.600000,0.100000,0.600000,-0.500000,0.050000,
40.776000,0.009000,1.000000,0.470000,0.470000,0.600000,0.100000,0.600000,-0.500000,0.050000,
40.786000,0.010000,1.000000,0.470000,0.470000,0.600000,0.100000,0.600000,-0.500000,0.050000,
40.799000,0.013000,1.000000,0.470000,0.470000,0.600000,0.100000,0.600000,-0.500000,0.050000,
40.812000,0.013000,1.000000,0.470000,0.470000,0.600000,0.100000,0.600000,-0.500000,0.050000,
40.822000,0.010000,1.000000,0.470000,0.470000,0.600000,0.100000,0.600000,-0.500000,0.050000,
40.833000,0.011000,1.000000,0.470000,0.470000,0.600000,0.100000,0.600000,-0.500000,0.050000,
40.842000,0.009000,1.000000,0.470000,0.470000,0.600000,0.100000,0.600000,-0.500000,0.050000,
40.856000,0.014000,1.000000,0.470000,0.470000,0.600000,0.100000,0.600000,-0.500000,0.050000,
40.867000,0.011000,1.000000,0.470000,0.470000,0.600000,0.100000,0.600000,-0.500000,0.050000,
40.877000,0.010000,1.000000,0.470000,0.470000,0.600000,0.100000,0.600000,-0.500000,0.050000,
40.892000,0.015000,1.000000,0.470000,0.470000,0.600000,0.100000,0.600000,-0.500000,0.050000,
40.902000,0.010000,1.000000,0.470000,0.470000,0.600000,0.100000,0.600000,-0.500000,0.050000,
40.913000,0.011000,1.000000,0.470000,0.470000,0.600000,0.100000,0.600000,-0.500000,0.050000,
40.924000,0.011000,1.000000,0.470000,0.470000,0.600000,0.100000,0.600000,-0.500000,0.050000,
40.936000,0.012000,1.000000,0.480000,0.471071,0.600000,0.100000,0.600000,-0.500000,0.050000,
40.945000,0.009000,1.000000,0.480000,0.480000,0.600000,0.100000,0.600000,-0.500000,0.050000,
40.956000,0.011000,1.000000,0.480000,0.480000,0.600000,0.100000,0.600000,-0.500000,0.050000,
40.968000,0.012000,1.000000,0.480000,0.480000,0.600000,0.100000,0.600000,-0.500000,0.050000,
40.980000,0.012000,1.000000,0.480000,0.480000,0.600000,0.100000,0.600000,-0.500000,0.050000,
40.990000,0.010000,1.000000,0.480000,0.480000,0.600000,0.100000,0.600000,-0.500000,0.050000,
41.001000,0.011000,1.000000,0.480000,0.480000,0.600000,0.100000,0.600000,-0.500000,0.050000,
41.019000,0.018000,1.000000,0.480000,0.480000,0.600000,0.100000,0.600000,-0.500000,0.050000,
41.027000,0.008000,1.000000,0.480000,0.480000,0.600000,0.100000,0.600000,-0.500000,0.050000,
41.037000,0.010000,1.000000,0.480000,0.480000,0.600000,0.100000,0.600000,-0.500000,0.050000,
41.051000,0.014000,1.000000,0.480000,0.480000,0.600000,0.100000,0.600000,-0.500000,0.050000,
41.060000,0.009000,1.000000,0.480000,0.480000,0.600000,0.100000,0.600000,-0.500000,0.050000,
41.071000,0.011000,1.000000,0.480000,0.480000,0.600000,0.100000,0.600000,-0.500000,0.050000,
41.082000,0.011000,1.000000,0.480000,0.480000,0.600000,0.100000,0.600000,-0.500000,0.050000,
41.094000,0.012000,1.000000,0.480000,0.480000,0.600000,0.100000,0.600000,-0.500000,0.050000,
41.105000,0.011000,1.000000,0.480000,0.480000,0.600000,0.100000,0.600000,-0.500000,0.050000,
41.116000,0.011000,1.000000,0.480000,0.480000,0.600000,0.100000,0.600000,-0.500000,0.050000,
41.127000,0.011000,1.000000,0.480000,0.480000,0.600000,0.100000,0.600000,-0.500000,0.050000,
41.139000,0.012000,1.000000,0.480000,0.480000,0.600000,0.100000,0.600000,-0.500000,0.050000,
41.152000,0.013000,1.000000,0.480000,0.480000,0.600000,0.100000,0.600000,-0.500000,0.050000,
41.162000,0.010000,1.000000,0.480000,0.480000,0.600000,0.100000,0.600000,-0.500000,0.050000,
41.173000,0.011000,1.000000,0.480000,0.480000,0.600000,0.100000,0.600000,-0.500000,0.050000,
41.186000,0.013000,1.000000,0.480000,0.480000,0.600000,0.100000,0.600000,-0.500000,0.050000,
41.195000,0.009000,1.000000,0.480000,0.480000,0.600000,0.100000,0.600000,-0.500000,0.050000,
41.216000,0.021000,1.000000,0.480000,0.480000,0.600000,0.100000,0.600000,-0.500000,0.050000,
41.226000,0.010000,1.000000,0.480000,0.480000,0.600000,0.100000,0.600000,-0.500000,0.050000,
41.238000,0.012000,1.000000,0.480000,0.480000,0.600000,0.100000,0.600000,-0.500000,0.050000,
41.250000,0.012000,1.000000,0.480000,0.480000,0.600000,0.100000,0.600000,-0.500000,0.050000,
41.263000,0.013000,1.000000,0.480000,0.480000,0.600000,0.100000,0.600000,-0.500000,0.050000,
41.272000,0.009000,1.000000,0.470000,0.479174,0.600000,0.100000,0.600000,-0.500000,0.050000,
41.283000,0.011000,1.000000,0.470000,0.470000,0.600000,0.100000,0.600000,-0.500000,0.050000,
41.295000,0.012000,1.000000,0.470000,0.470000,0.600000,0.100000,0.600000,-0.500000,0.050000,
41.307000,0.012000,1.000000,0.470000,0.470000,0.600000,0.100000,0.600000,-0.500000,0.050000,
41.317000,0.010000,1.000000,0.470000,0.470000,0.600000,0.100000,0.600000,-0.500000,0.050000,
41.330000,0.013000,1.000000,0.470000,0.470000,0.600000,0.100000,0.600000,-0.500000,0.050000,
41.342000,0.012000,1.000000,0.470000,0.470000,0.600000,0.100000,0.600000,-0.500000,0.050000,
41.357000,0.015000,1.000000,0.470000,0.470000,0.600000,0.100000,0.600000,-0.500000,0.050000,
41.369000,0.012000,1.000000,0.470000,0.470000,0.600000,0.100000,0.600000,-0.500000,0.050000,
41.379000,0.010000,1.000000,0.470000,0.470000,0.600000,0.100000,0.600000,-0.500000,0.050000,
41.390000,0.011000,1.000000,0.470000,0.470000,0.600000,0.100000,0.600000,-0.500000,0.050000,
41.400000,0.010000,1.000000,0.470000,0.470000,0.600000,0.100000,0.600000,-0.500000,0.050000,
41.411000,0.011000,1.000000,0.470000,0.470000,0.600000,0.100000,0.600000,-0.500000,0.050000,
41.424000,0.013000,1.000000,0.470000,0.470000,0.600000,0.100000,0.600000,-0.500000,0.050000,
41.434000,0.010000,1.000000,0.470000,0.470000,0.600000,0.100000,0.600000,-0.500000,0.050000,
41.450000,0.016000,1.000000,0.470000,0.470000,0.600000,0.100000,0.600000,-0.500000,0.050000,
41.458000,0.008000,1.000000,0.470000,0.470000,0.600000,0.100000,0.600000,-0.500000,0.050000,
41.470000,0.012000,1.000000,0.480000,0.471071,0.600000,0.100000,0.600000,-0.500000,0.050000,
41.482000,0.012000,1.000000,0.480000,0.480000,0.600000,0.100000,0.600000,-0.500000,0.050000,
41.499000,0.017000,1.000000,0.480000,0.480000,0.600000,0.100000,0.600000,-0.500000,0.050000,
41.507000,0.008000,1.000000,0.480000,0.480000,0.600000,0.100000,0.600000,-0.500000,0.050000,
41.521000,0.014000,1.000000,0.480000,0.480000,0.600000,0.100000,0.600000,-0.500000,0.050000,
41.530000,0.009000,1.000000,0.480000,0.480000,0.600000,0.100000,0.600000,-0.500000,0.050000,
41.550000,0.020000,1.000000,0.480000,0.480000,0.600000,0.100000,0.600000,-0.500000,0.050000,
41.558000,0.008000,1.000000,0.480000,0.480000,0.600000,0.100000,0.600000,-0.500000,0.050000,
41.570000,0.012000,1.000000,0.470000,0.478929,0.600000,0.100000,0.600000,-0.500000,0.050000,
41.579000,0.009000,1.000000,0.470000,0.470000,0.600000,0.100000,0.600000,-0.500000,0.050000,
41.591000,0.012000,1.000000,0.470000,0.470000,0.600000,0.100000,0.600000,-0.500000,0.050000,
41.604000,0.013000,1.000000,0.470000,0.470000,0.600000,0.100000,0.600000,-0.500000,0.050000,
41.614000,0.010000,1.000000,0.470000,0.470000,0.600000,0.100000,0.600000,-0.500000,0.050000,
41.626000,0.012000,1.000000,0.470000,0.470000,0.600000,0.100000,0.600000,-0.500000,0.050000,
41.637000,0.011000,1.000000,0.470000,0.470000,0.600000,0.100000,0.600000,-0.500000,0.050000,
41.648000,0.011000,1.000000,0.470000,0.470000,0.600000,0.100000,0.600000,-0.500000,0.050000,
41.659000,0.011000,1.000000,0.470000,0.470000,0.600000,0.100000,0.600000,-0.500000,0.050000,
41.671000,0.012000,1.000000,0.470000,0.470000,0.600000,0.100000,0.600000,-0.500000,0.050000,
41.680000,0.009000,1.000000,0.480000,0.470826,0.600000,0.100000,0.600000,-0.500000,0.050000,
41.692000,0.012000,1.000000,0.480000,0.480000,0.600000,0.100000,0.600000,-0.500000,0.050000,
41.703000,0.011000,1.000000,0.480000,0.480000,0.600000,0.100000,0.600000,-0.500000,0.050000,
41.713000,0.010000,1.000000,0.480000,0.480000,0.600000,0.100000,0.600000,-0.500000,0.050000,
41.725000,0.012000,1.000000,0.480000,0.480000,0.600000,0.100000,0.600000,-0.500000,0.050000,
41.737000,0.012000,1.000000,0.480000,0.480000,0.600000,0.100000,0.600000,-0.500000,0.050000,
41.746000,0.009000,1.000000,0.480000,0.480000,0.600000,0.100000,0.600000,-0.500000,0.050000,
41.759000,0.013000,1.000000,0.480000,0.480000,0.600000,0.100000,0.600000,-0.500000,0.050000,
41.770000,0.011000,1.000000,0.470000,0.479009,0.600000,0.100000,0.600000,-0.500000,0.050000,
41.780000,0.010000,1.000000,0.470000,0.470000,0.600000,0.100000,0.600000,-0.500000,0.050000,
41.792000,0.012000,1.000000,0.470000,0.470000,0.600000,0.100000,0.600000,-0.500000,0.050000,
41.804000,0.012000,1.000000,0.470000,0.470000,0.600000,0.100000,0.600000,-0.500000,0.050000,
41.814000,0.010000,1.000000,0.470000,0.470000,0.600000,0.100000,0.600000,-0.500000,0.050000,
41.825000,0.011000,1.000000,0.470000,0.470000,0.600000,0.100000,0.600000,-0.500000,0.050000,
41.837000,0.012000,1.000000,0.470000,0.470000,0.600000,0.100000,0.600000,-0.500000,0.050000,
41.847000,0.010000,1.000000,0.470000,0.470000,0.600000,0.100000,0.600000,-0.500000,0.050000,
41.857000,0.010000,1.000000,0.470000,0.470000,0.600000,0.100000,0.600000,-0.500000,0.050000,
41.870000,0.013000,1.000000,0.470000,0.470000,0.600000,0.100000,0.600000,-0.500000,0.050000,
41.880000,0.010000,1.000000,0.470000,0.470000,0.600000,0.100000,0.600000,-0.500000,0.050000,
41.891000,0.011000,1.000000,0.470000,0.470000,0.600000,0.100000,0.600000,-0.500000,0.050000,
41.902000,0.011000,1.000000,0.470000,0.470000,0.600000,0.100000,0.600000,-0.500000,0.050000,
41.912000,0.010000,1.000000,0.470000,0.470000,0.600000,0.100000,0.600000,-0.500000,0.050000,
41.924000,0.012000,1.000000,0.470000,0.470000,0.600000,0.100000,0.600000,-0.500000,0.050000,
41.935000,0.011000,1.000000,0.470000,0.470000,0.600000,0.100000,0.600000,-0.500000,0.050000,
41.948000,0.013000,1.000000,0.470000,0.470000,0.600000,0.100000,0.600000,-0.500000,0.050000,
41.958000,0.010000,1.000000,0.470000,0.470000,0.600000,0.100000,0.600000,-0.500000,0.050000,
41.971000,0.013000,1.000000,0.460000,0.468850,0.600000,0.100000,0.600000,-0.500000,0.050000,
41.980000,0.009000,1.000000,0.460000,0.460000,0.600000,0.100000,0.600000,-0.500000,0.050000,
41.992000,0.012000,1.000000,0.460000,0.460000,0.600000,0.100000,0.600000,-0.500000,0.050000,
42.005000,0.013000,1.000000,0.460000,0.460000,0.600000,0.100000,0.600000,-0.500000,0.050000,
42.013000,0.008000,1.000000,0.460000,0.460000,0.600000,0.100000,0.600000,-0.500000,0.050000,
42.024000,0.011000,1.000000,0.460000,0.460000,0.600000,0.100000,0.600000,-0.500000,0.050000,
42.037000,0.013000,1.000000,0.460000,0.460000,0.600000,0.100000,0.600000,-0.500000,0.050000,
42.046000,0.009000,1.000000,0.460000,0.460000,0.600000,0.100000,0.600000,-0.500000,0.050000,
42.057000,0.011000,1.000000,0.460000,0.460000,0.600000,0.100000,0.600000,-0.500000,0.050000,
42.070000,0.013000,1.000000,0.460000,0.460000,0.600000,0.100000,0.600000,-0.500000,0.050000,
42.081000,0.011000,1.000000,0.460000,0.460000,0.600000,0.100000,0.600000,-0.500000,0.050000,
42.091000,0.010000,1.000000,0.460000,0.460000,0.600000,0.100000,0.600000,-0.500000,0.050000,
42.103000,0.012000,1.000000,0.460000,0.460000,0.600000,0.100000,0.600000,-0.500000,0.050000,
42.113000,0.010000,1.000000,0.460000,0.460000,0.600000,0.100000,0.600000,-0.500000,0.050000,
42.124000,0.011000,1.000000,0.460000,0.460000,0.600000,0.100000,0.600000,-0.500000,0.050000,
42.137000,0.013000,1.000000,0.460000,0.460000,0.600000,0.100000,0.600000,-0.500000,0.050000,
42.147000,0.010000,1.000000,0.460000,0.460000,0.600000,0.100000,0.600000,-0.500000,0.050000,
42.159000,0.012000,1.000000,0.460000,0.460000,0.600000,0.100000,0.600000,-0.500000,0.050000,
42.170000,0.011000,1.000000,0.450000,0.459009,0.600000,0.100000,0.600000,-0.500000,0.050000,
42.180000,0.010000,1.000000,0.450000,0.450000,0.600000,0.100000,0.600000,-0.500000,0.050000,
