18.911467,1,1.000000,0.000000,0.000000,0.000000,1.000000,0.000000,0.000000,0.000000,0.200000,891.681030,0.000000,0.000000,0.200000,179.469559,-1.200000,-2.400000,
18.926363,1,1.000000,0.000000,0.000000,0.000000,1.000000,0.000000,0.000000,0.000000,0.200000,891.708008,0.000000,0.000000,0.200000,179.472946,-1.200000,-2.400000,
18.969435,1,1.000000,0.000000,0.000000,0.000000,1.000000,0.000000,0.000000,0.000000,0.200000,891.742981,0.000000,0.000000,0.200000,179.479721,-1.200000,-2.400000,
19.005612,1,1.000000,0.000000,0.000000,0.000000,1.000000,0.000000,0.000000,0.000000,0.200000,891.789978,0.000000,0.000000,0.200000,179.485611,-1.200000,-2.400000,
19.045779,1,1.000000,0.000000,0.000000,0.000000,1.000000,0.000000,0.000000,0.000000,0.200000,891.828979,0.000000,0.000000,0.200000,179.490616,-1.200000,-2.400000,
19.085869,1,1.000000,0.000000,0.000000,0.000000,1.000000,0.000000,0.000000,0.000000,0.200000,891.867981,0.000000,0.000000,0.200000,179.496521,-1.200000,-2.400000,
19.129499,1,1.000000,0.000000,0.000000,0.000000,1.000000,0.000000,0.000000,0.000000,0.200000,891.908997,0.000000,0.000000,0.200000,179.496902,-1.200000,-2.400000,
19.165902,1,1.000000,0.000000,0.000000,0.000000,1.000000,0.000000,0.000000,0.000000,0.200000,891.953003,0.000000,0.000000,0.200000,179.504959,-1.200000,-2.400000,
19.206372,1,1.000000,0.000000,0.000000,0.000000,1.000000,0.000000,0.000000,0.000000,0.200000,891.991028,0.000000,0.000000,0.200000,179.506577,-1.200000,-2.400000,
19.245447,1,1.000000,0.000000,0.000000,0.000000,1.000000,0.000000,0.000000,0.000000,0.200000,892.031982,0.000000,0.000000,0.200000,179.515442,-1.200000,-2.400000,
19.285102,1,1.000000,0.000000,0.000000,0.000000,1.000000,0.000000,0.000000,0.000000,0.200000,892.070984,0.000000,0.000000,0.200000,179.520004,-1.200000,-2.400000,
19.325319,1,1.000000,0.000000,0.000000,0.000000,1.000000,0.000000,0.000000,0.000000,0.200000,892.112976,0.000000,0.000000,0.200000,179.523453,-1.200000,-2.400000,
19.366320,1,1.000000,0.000000,0.000000,0.000000,1.000000,0.000000,0.000000,0.000000,0.200000,892.153015,0.000000,0.000000,0.200000,179.529449,-1.200000,-2.400000,
19.406643,1,1.000000,0.000000,0.000000,0.000000,1.000000,0.000000,0.000000,0.000000,0.200000,892.192017,0.000000,0.000000,0.200000,179.532822,-1.200000,-2.400000,
19.447835,1,1.000000,0.000000,0.000000,0.000000,1.000000,0.000000,0.000000,0.000000,0.200000,892.221985,0.000000,0.000000,0.200000,179.537979,-1.200000,-2.400000,
19.486128,1,1.000000,0.000000,0.000000,0.000000,1.000000,0.000000,0.000000,0.000000,0.200000,892.268982,0.000000,0.000000,0.200000,179.545227,-1.200000,-2.400000,
19.525367,1,1.000000,0.000000,0.000000,0.000000,1.000000,0.000000,0.000000,0.000000,0.200000,892.306030,0.000000,0.000000,0.200000,179.548523,-1.200000,-2.400000,
19.566483,1,1.000000,0.000000,0.000000,0.000000,1.000000,0.000000,0.000000,0.000000,0.200000,892.335999,0.000000,0.000000,0.200000,179.547424,-1.200000,-2.400000,
19.606037,1,1.000000,0.000000,0.000000,0.000000,1.000000,0.000000,0.000000,0.000000,0.200000,892.395020,0.000000,0.000000,0.200000,179.550598,-1.200000,-2.400000,
19.650939,1,1.000000,0.000000,0.000000,0.000000,1.000000,0.000000,0.000000,0.000000,0.200000,892.435974,0.000000,0.000000,0.200000,179.560516,-1.200000,-2.400000,
19.685330,1,1.000000,0.000000,0.000000,0.000000,1.000000,0.000000,0.000000,0.000000,0.200000,892.468994,0.000000,0.000000,0.200000,179.564758,-1.200000,-2.400000,
19.725504,1,1.000000,0.000000,0.000000,0.000000,1.000000,0.000000,0.000000,0.000000,0.200000,892.513000,0.000000,0.000000,0.200000,179.571426,-1.200000,-2.400000,
19.767025,1,1.000000,0.000000,0.000000,0.000000,1.000000,0.000000,0.000000,0.000000,0.200000,892.659973,0.000000,0.000000,0.200000,179.570618,-1.200000,-2.400000,
19.805802,1,1.000000,0.000000,0.000000,0.000000,1.000000,0.000000,0.000000,0.000000,0.200000,893.080017,0.000000,0.000000,0.200000,179.546585,-1.200000,-2.400000,
19.845512,1,1.000000,0.000000,0.000000,0.000000,1.000000,0.000000,0.000000,0.000000,0.200000,893.419983,0.000000,0.000000,0.200000,179.744781,-1.200000,-2.500000,
19.886169,1,1.000000,0.000000,0.000000,0.000000,1.000000,0.000000,0.000000,0.000000,0.200000,892.666992,0.000000,0.000000,0.200000,180.059860,-1.100000,-2.400000,
19.925291,1,1.000000,0.000000,0.000000,0.000000,1.000000,0.000000,0.000000,0.000000,0.200000,892.708984,0.000000,0.000000,0.200000,180.210587,-0.900000,-2.300000,
19.967614,1,1.000000,0.000000,0.000000,0.000000,1.000000,0.000000,0.000000,0.000000,0.200000,892.750977,0.000000,0.000000,0.200000,180.314209,-0.600000,-1.900000,
20.005626,1,1.000000,0.000000,0.000000,0.000000,1.000000,0.000000,0.000000,0.000000,0.200000,892.784973,0.000000,0.000000,0.200000,180.401978,0.100000,-1.000000,
20.045255,1,1.000000,0.000000,0.000000,0.000000,1.000000,0.000000,0.000000,0.000000,0.200000,892.830017,0.000000,0.000000,0.200000,180.442093,0.800000,-0.100000,
20.085627,1,1.000000,0.000000,0.000000,0.000000,1.000000,0.000000,0.000000,0.000000,0.230000,892.869995,0.000000,0.000000,0.230000,180.511307,1.200000,-0.100000,
20.125473,1,1.000000,0.000000,0.000000,0.000000,1.000000,0.000000,0.000000,0.000000,0.230000,892.909973,0.000000,0.000000,0.230000,180.627686,1.900000,-0.500000,
20.166173,1,1.000000,0.000000,0.000000,0.000000,1.000000,0.000000,0.000000,0.000000,0.230000,892.947998,0.000000,0.000000,0.230000,180.740997,2.500000,-0.100000,
20.207123,1,1.000000,0.000000,0.000000,0.000000,1.000000,0.000000,0.000000,0.000000,0.250000,892.979004,0.000000,0.000000,0.250000,180.768433,2.700000,-0.100000,
20.248303,1,1.000000,0.000000,0.000000,0.000000,1.000000,0.000000,0.000000,0.000000,0.250000,893.017029,0.000000,0.000000,0.250000,180.811508,2.800000,-0.200000,
20.287832,1,1.000000,0.000000,0.000000,0.000000,1.000000,0.000000,0.000000,0.000000,0.310000,893.067017,0.000000,0.000000,0.310000,180.892365,2.300000,-0.400000,
20.325516,1,1.000000,0.000000,0.000000,0.000000,1.000000,0.000000,0.000000,0.000000,0.310000,893.109009,0.000000,0.000000,0.310000,180.998779,2.200000,0.300000,
20.371833,1,1.000000,0.000000,0.000000,0.000000,1.000000,0.000000,0.000000,0.000000,0.310000,893.143005,0.000000,0.000000,0.310000,181.007782,2.200000,0.100000,
20.405717,1,1.000000,0.000000,0.000000,0.000000,1.000000,0.000000,0.000000,0.000000,0.320000,893.189026,0.000000,0.000000,0.320000,181.136826,1.900000,-0.000000,
20.445082,1,1.000000,0.000000,0.000000,0.000000,1.000000,0.000000,0.000000,0.000000,0.320000,893.231018,0.000000,0.000000,0.320000,181.248032,1.600000,0.200000,
20.487881,1,1.000000,0.000000,0.000000,0.000000,1.000000,0.000000,0.000000,0.000000,0.200000,893.260010,0.000000,0.000000,0.200000,181.302673,1.400000,0.100000,
20.525778,1,1.000000,0.000000,0.000000,0.000000,1.000000,0.000000,0.000000,0.000000,0.200000,893.304016,0.000000,0.000000,0.200000,181.375839,1.000000,0.500000,
20.568195,1,1.000000,0.000000,0.000000,0.000000,1.000000,0.000000,0.000000,0.000000,0.200000,893.348022,0.000000,0.000000,0.200000,181.443848,0.600000,0.800000,
20.606937,1,1.000000,0.000000,0.000000,0.000000,1.000000,0.000000,0.000000,0.000000,0.240000,893.369995,0.000000,0.000000,0.240000,181.463303,0.600000,0.800000,
20.645442,1,1.000000,0.000000,0.000000,0.000000,1.000000,0.000000,0.000000,0.000000,0.240000,893.426025,0.000000,0.000000,0.240000,181.503296,0.700000,0.500000,
20.686024,1,1.000000,0.000000,0.000000,0.000000,1.000000,0.000000,0.000000,0.000000,0.280000,893.471008,0.000000,0.000000,0.280000,181.499817,0.700000,0.400000,
20.726144,1,1.000000,0.000000,0.000000,0.000000,1.000000,0.000000,0.000000,0.000000,0.280000,893.502991,0.000000,0.000000,0.280000,181.512009,0.600000,0.400000,
20.769641,1,1.000000,0.000000,0.000000,0.000000,1.000000,0.000000,0.000000,0.000000,0.270000,894.440002,0.000000,0.000000,0.270000,181.502914,0.700000,0.200000,
20.805355,1,1.000000,0.000000,0.000000,0.000000,1.000000,0.000000,0.000000,0.000000,0.200000,894.080017,0.000000,0.000000,0.200000,181.473007,1.000000,0.300000,
20.845243,1,1.000000,0.000000,0.000000,0.000000,1.000000,0.000000,0.000000,0.000000,0.200000,894.469971,0.000000,0.000000,0.200000,181.460861,1.100000,0.300000,
20.891646,1,1.000000,0.000000,0.000000,0.000000,1.000000,0.000000,0.000000,0.000000,0.200000,893.663025,0.000000,0.000000,0.200000,181.413895,0.800000,0.500000,
20.925280,1,1.000000,0.000000,0.000000,0.000000,1.000000,0.000000,0.000000,0.000000,0.200000,893.705994,0.000000,0.000000,0.200000,181.394867,0.700000,0.700000,
20.968987,1,1.000000,0.000000,0.000000,0.000000,1.000000,0.000000,0.000000,0.000000,0.200000,893.750977,0.000000,0.000000,0.200000,181.340073,0.900000,0.700000,
21.005626,1,1.000000,0.000000,0.000000,0.000000,1.000000,0.000000,0.000000,0.000000,0.250000,893.788025,0.000000,0.000000,0.250000,181.270966,1.000000,0.500000,
21.045601,1,1.000000,0.000000,0.000000,0.000000,1.000000,0.000000,0.000000,0.000000,0.250000,893.833008,0.000000,0.000000,0.250000,181.219070,1.000000,0.300000,
21.089119,1,1.000000,0.000000,0.000000,0.000000,1.000000,0.000000,0.000000,0.000000,0.290000,893.861023,0.000000,0.000000,0.290000,181.153564,0.800000,0.500000,
21.125787,1,1.000000,0.000000,0.000000,0.000000,1.000000,0.000000,0.000000,0.000000,0.290000,893.914978,0.000000,0.000000,0.290000,181.115280,0.700000,0.700000,
21.171648,1,1.000000,0.000000,0.000000,0.000000,1.000000,0.000000,0.000000,0.000000,0.290000,893.940979,0.000000,0.000000,0.290000,181.082748,0.800000,0.700000,
21.205534,1,1.000000,0.000000,0.000000,0.000000,1.000000,0.000000,0.000000,0.000000,0.290000,893.984009,0.000000,0.000000,0.290000,181.082748,0.800000,0.700000,
21.245962,1,1.000000,0.000000,0.000000,0.000000,1.000000,0.000000,0.000000,0.000000,0.290000,894.031006,0.000000,0.000000,0.290000,180.901642,1.100000,0.600000,
21.288861,1,1.000000,0.000000,0.000000,0.000000,1.000000,0.000000,0.000000,0.000000,0.290000,894.059021,0.000000,0.000000,0.290000,180.881912,0.900000,0.600000,
21.325289,1,1.000000,0.000000,0.000000,0.000000,1.000000,0.000000,0.000000,0.000000,0.290000,894.106995,0.000000,0.000000,0.290000,180.808701,0.400000,0.600000,
21.369157,1,1.000000,0.000000,0.000000,0.000000,1.000000,0.000000,0.000000,0.000000,0.290000,894.148010,0.000000,0.000000,0.290000,180.747711,0.500000,0.600000,
21.410031,1,1.000000,0.000000,0.000000,0.000000,1.000000,0.000000,0.000000,0.000000,0.340000,894.182983,0.000000,0.000000,0.340000,180.710205,1.000000,0.700000,
21.445117,1,1.000000,0.000000,0.000000,0.000000,1.000000,0.000000,0.000000,0.000000,0.340000,894.229004,0.000000,0.000000,0.340000,180.660782,1.200000,0.600000,
21.485466,1,1.000000,0.000000,0.000000,0.000000,1.000000,0.000000,0.000000,0.000000,0.360000,894.270996,0.000000,0.000000,0.360000,180.618652,1.200000,0.500000,
21.525494,1,1.000000,0.000000,0.000000,0.000000,1.000000,0.000000,0.000000,0.000000,0.360000,894.312012,0.000000,0.000000,0.360000,180.588547,1.100000,0.600000,
21.571728,1,1.000000,0.000000,0.000000,0.000000,1.000000,0.000000,0.000000,0.000000,0.360000,894.341003,0.000000,0.000000,0.360000,180.572372,1.100000,0.700000,
21.605946,1,1.000000,0.000000,0.000000,0.000000,1.000000,0.000000,0.000000,0.000000,0.380000,894.395020,0.000000,0.000000,0.380000,180.474594,0.900000,0.600000,
21.645834,1,1.000000,0.000000,0.000000,0.000000,1.000000,0.000000,0.000000,0.000000,0.380000,894.432983,0.000000,0.000000,0.380000,180.434677,0.800000,0.500000,
21.686222,1,1.000000,0.000000,0.000000,0.000000,1.000000,0.000000,0.000000,0.000000,0.400000,894.473022,0.000000,0.000000,0.400000,180.407059,0.800000,0.500000,
21.725661,1,1.000000,0.000000,0.000000,0.000000,1.000000,0.000000,0.000000,0.000000,0.400000,894.502991,0.000000,0.000000,0.400000,180.376022,0.900000,0.500000,
21.770739,1,1.000000,0.000000,0.000000,0.000000,1.000000,0.000000,0.000000,0.000000,0.400000,894.533020,0.000000,0.000000,0.400000,180.349960,1.000000,0.400000,
21.806365,1,1.000000,0.000000,0.000000,0.000000,1.000000,0.000000,0.000000,0.000000,0.400000,895.049988,0.000000,0.000000,0.400000,180.313919,1.200000,0.400000,
21.852374,1,1.000000,0.000000,0.000000,0.000000,1.000000,0.000000,0.000000,0.000000,0.400000,895.450012,0.000000,0.000000,0.400000,180.270004,1.200000,0.400000,
21.888173,1,1.000000,0.000000,0.000000,0.000000,1.000000,0.000000,0.000000,0.000000,0.410000,894.669983,0.000000,0.000000,0.410000,180.244629,1.000000,0.400000,
21.925355,1,1.000000,0.000000,0.000000,0.000000,1.000000,0.000000,0.000000,0.000000,0.480000,894.705017,0.000000,0.000000,0.480000,180.209702,0.900000,0.400000,
21.968898,1,1.000000,0.000000,0.000000,0.000000,1.000000,0.000000,0.000000,0.000000,0.480000,894.747009,0.000000,0.000000,0.480000,180.182510,0.900000,0.300000,
22.012155,1,1.000000,0.000000,0.000000,0.000000,1.000000,0.000000,0.000000,0.000000,0.480000,894.783997,0.000000,0.000000,0.480000,180.156128,1.100000,0.300000,
22.045738,1,1.000000,0.000000,0.000000,0.000000,1.000000,0.000000,0.000000,0.000000,0.480000,894.831970,0.000000,0.000000,0.480000,180.116257,1.200000,0.200000,
22.086793,1,1.000000,0.000000,0.000000,0.000000,1.000000,0.000000,0.000000,0.000000,0.480000,894.851990,0.000000,0.000000,0.480000,180.085251,1.200000,0.300000,
22.125599,1,1.000000,0.000000,0.000000,0.000000,1.000000,0.000000,0.000000,0.000000,0.520000,894.905029,0.000000,0.000000,0.520000,180.057526,0.900000,0.300000,
22.167062,1,1.000000,0.000000,0.000000,0.000000,1.000000,0.000000,0.000000,0.000000,0.530000,894.945984,0.000000,0.000000,0.530000,180.033463,0.800000,0.300000,
22.205895,1,1.000000,0.000000,0.000000,0.000000,1.000000,0.000000,0.000000,0.000000,0.580000,894.987976,0.000000,0.000000,0.580000,180.012451,0.900000,0.300000,
22.245437,1,1.000000,0.000000,0.000000,0.000000,1.000000,0.000000,0.000000,0.000000,0.580000,895.030029,0.000000,0.000000,0.580000,179.992981,1.100000,0.300000,
22.285323,1,1.000000,0.000000,0.000000,0.000000,1.000000,0.000000,0.000000,0.000000,0.590000,895.067993,0.000000,0.000000,0.590000,179.963074,1.200000,0.300000,
22.325299,1,1.000000,0.000000,0.000000,0.000000,1.000000,0.000000,0.000000,0.000000,0.590000,895.104980,0.000000,0.000000,0.590000,179.978867,1.300000,0.200000,
22.367327,1,1.000000,0.000000,0.000000,0.000000,1.000000,0.000000,0.000000,0.000000,0.590000,895.148987,0.000000,0.000000,0.590000,179.941635,1.300000,0.200000,
22.406664,1,1.000000,0.000000,0.000000,0.000000,1.000000,0.000000,0.000000,0.000000,0.620000,895.182983,0.000000,0.000000,0.620000,179.918930,1.200000,0.200000,
22.445724,1,1.000000,0.000000,0.000000,0.000000,1.000000,0.000000,0.000000,0.000000,0.620000,895.228027,0.000000,0.000000,0.620000,179.910721,1.200000,0.300000,
22.492440,1,1.000000,0.000000,0.000000,0.000000,1.000000,0.000000,0.000000,0.000000,0.640000,895.265015,0.000000,0.000000,0.640000,179.887985,1.000000,0.300000,
22.525531,1,1.000000,0.000000,0.000000,0.000000,1.000000,0.000000,0.000000,0.000000,0.640000,895.314026,0.000000,0.000000,0.640000,179.871292,0.800000,0.300000,
22.565963,1,1.000000,0.000000,0.000000,0.000000,1.000000,0.000000,0.000000,0.000000,0.640000,895.341980,0.000000,0.000000,0.640000,179.861816,0.800000,0.300000,
22.605962,1,1.000000,0.000000,0.000000,0.000000,1.000000,0.000000,0.000000,0.000000,0.650000,895.392029,0.000000,0.000000,0.650000,179.861801,1.000000,0.300000,
22.645952,1,1.000000,0.000000,0.000000,0.000000,1.000000,0.000000,0.000000,0.000000,0.650000,895.422974,0.000000,0.000000,0.650000,179.853928,1.000000,0.300000,
22.686819,1,1.000000,0.000000,0.000000,0.000000,1.000000,0.000000,0.000000,0.000000,0.670000,895.473022,0.000000,0.000000,0.670000,179.851318,0.900000,0.200000,
22.726012,1,1.000000,0.000000,0.000000,0.000000,1.000000,0.000000,0.000000,0.000000,0.670000,895.504028,0.000000,0.000000,0.670000,179.867096,0.800000,0.200000,
22.766765,1,1.000000,0.000000,0.000000,0.000000,1.000000,0.000000,0.000000,0.000000,0.670000,896.039978,0.000000,0.000000,0.670000,179.889114,0.800000,0.300000,
22.805298,1,1.000000,0.000000,0.000000,0.000000,1.000000,0.000000,0.000000,0.000000,0.670000,895.979980,0.000000,0.000000,0.670000,179.865112,0.900000,0.300000,
22.846115,1,1.000000,0.000000,0.000000,0.000000,1.000000,0.000000,0.000000,0.000000,0.670000,896.400024,0.000000,0.000000,0.670000,179.888565,1.100000,0.300000,
22.892641,1,1.000000,0.000000,0.000000,0.000000,1.000000,0.000000,0.000000,0.000000,0.690000,895.664001,0.000000,0.000000,0.690000,179.863312,1.100000,0.300000,
22.926626,1,1.000000,0.000000,0.000000,0.000000,1.000000,0.000000,0.000000,0.000000,0.690000,895.700989,0.000000,0.000000,0.690000,179.870758,1.000000,0.300000,
22.968944,1,1.000000,0.000000,0.000000,0.000000,1.000000,0.000000,0.000000,0.000000,0.690000,895.742981,0.000000,0.000000,0.690000,179.868759,0.800000,0.400000,
23.005805,1,1.000000,0.000000,0.000000,0.000000,1.000000,0.000000,0.000000,0.000000,0.700000,895.791016,0.000000,0.000000,0.700000,179.854782,0.700000,0.300000,
23.048189,1,1.000000,0.000000,0.000000,0.000000,1.000000,0.000000,0.000000,0.000000,0.700000,895.828979,0.000000,0.000000,0.700000,179.862808,0.800000,0.300000,
23.087056,1,1.000000,0.000000,0.000000,0.000000,1.000000,0.000000,0.000000,0.000000,0.700000,895.867981,0.000000,0.000000,0.700000,179.857178,0.900000,0.300000,
23.125453,1,1.000000,0.000000,0.000000,0.000000,1.000000,0.000000,0.000000,0.000000,0.720000,895.908020,0.000000,0.000000,0.720000,179.851089,0.800000,0.300000,
23.165970,1,1.000000,0.000000,0.000000,0.000000,1.000000,0.000000,0.000000,0.000000,0.720000,895.947998,0.000000,0.000000,0.720000,179.841232,0.800000,0.300000,
23.205128,1,1.000000,0.000000,0.000000,0.000000,1.000000,0.000000,0.000000,0.000000,0.740000,895.987976,0.000000,0.000000,0.740000,179.843872,1.000000,0.300000,
23.245471,1,1.000000,0.000000,0.000000,0.000000,1.000000,0.000000,0.000000,0.000000,0.740000,896.026001,0.000000,0.000000,0.740000,179.831940,1.000000,0.300000,
23.286538,1,1.000000,0.000000,0.000000,0.000000,1.000000,0.000000,0.000000,0.000000,0.760000,896.067017,0.000000,0.000000,0.760000,179.820694,1.000000,0.300000,
23.325504,1,1.000000,0.000000,0.000000,0.000000,1.000000,0.000000,0.000000,0.000000,0.760000,896.112976,0.000000,0.000000,0.760000,179.831772,0.900000,0.300000,
23.366476,1,1.000000,0.000000,0.000000,0.000000,1.000000,0.000000,0.000000,0.000000,0.760000,896.148987,0.000000,0.000000,0.760000,179.841385,1.100000,0.300000,
23.406182,1,1.000000,0.000000,0.000000,0.000000,1.000000,0.000000,0.000000,0.000000,0.760000,896.181030,0.000000,0.000000,0.760000,179.821793,1.100000,0.300000,
23.450604,1,1.000000,0.000000,0.000000,0.000000,1.000000,0.000000,0.000000,0.000000,0.760000,896.216980,0.000000,0.000000,0.760000,179.827698,1.100000,0.200000,
23.488240,1,1.000000,0.000000,0.000000,0.000000,1.000000,0.000000,0.000000,0.000000,0.780000,896.268982,0.000000,0.000000,0.780000,179.836914,0.900000,0.200000,
23.526281,1,1.000000,0.000000,0.000000,0.000000,1.000000,0.000000,0.000000,0.000000,0.780000,896.312988,0.000000,0.000000,0.780000,179.819778,1.000000,0.300000,
23.566582,1,1.000000,0.000000,0.000000,0.000000,1.000000,0.000000,0.000000,0.000000,0.780000,896.348999,0.000000,0.000000,0.780000,179.812500,1.200000,0.200000,
23.605764,1,1.000000,0.000000,0.000000,0.000000,1.000000,0.000000,0.000000,0.000000,0.810000,896.395020,0.000000,0.000000,0.810000,179.773819,1.100000,0.200000,
23.646741,1,1.000000,0.000000,0.000000,0.000000,1.000000,0.000000,0.000000,0.000000,0.810000,896.434998,0.000000,0.000000,0.810000,179.770065,0.900000,0.200000,
23.687512,1,1.000000,0.000000,0.000000,0.000000,1.000000,0.000000,0.000000,0.000000,0.820000,896.473999,0.000000,0.000000,0.820000,179.768585,0.800000,0.200000,
23.725948,1,1.000000,0.000000,0.000000,0.000000,1.000000,0.000000,0.000000,0.000000,0.820000,896.505005,0.000000,0.000000,0.820000,179.756424,0.800000,0.200000,
23.765772,1,1.000000,0.000000,0.000000,0.000000,1.000000,0.000000,0.000000,0.000000,0.820000,897.239990,0.000000,0.000000,0.820000,179.737167,1.100000,0.200000,
23.807612,1,1.000000,0.000000,0.000000,0.000000,1.000000,0.000000,0.000000,0.000000,0.820000,897.010010,0.000000,0.000000,0.820000,179.728973,1.200000,0.200000,
23.846014,1,1.000000,0.000000,0.000000,0.000000,1.000000,0.000000,0.000000,0.000000,0.820000,897.440002,0.000000,0.000000,0.820000,179.706680,1.300000,0.100000,
23.887193,1,1.000000,0.000000,0.000000,0.000000,1.000000,0.000000,0.000000,0.000000,0.820000,896.658997,0.000000,0.000000,0.820000,179.710587,1.300000,0.100000,
23.925411,1,1.000000,0.000000,0.000000,0.000000,1.000000,0.000000,0.000000,0.000000,0.820000,896.706970,0.000000,0.000000,0.820000,179.700287,1.000000,0.100000,
23.970669,1,1.000000,0.000000,0.000000,0.000000,1.000000,0.000000,0.000000,0.000000,0.820000,896.749023,0.000000,0.000000,0.820000,179.701721,1.000000,0.100000,
24.005417,1,1.000000,0.000000,0.000000,0.000000,1.000000,0.000000,0.000000,0.000000,0.910000,896.784973,0.000000,0.000000,0.910000,179.692505,1.100000,0.100000,
24.048603,2,1.000000,0.000000,0.000000,0.000000,1.000000,0.000000,0.000000,0.000000,0.910000,896.830017,0.000000,0.000000,0.910000,179.683380,1.300000,0.000000,
24.086732,2,1.000000,0.000000,0.000000,0.000000,1.000000,0.000000,0.000000,0.000000,0.930000,896.869995,0.000000,0.000000,0.930000,179.678848,1.400000,-0.000000,
24.129751,2,1.000000,0.000000,0.000000,0.000000,1.000000,0.000000,0.000000,0.000000,0.930000,896.909973,0.000000,0.000000,0.930000,179.667145,1.400000,-0.000000,
24.172764,2,1.000000,0.000000,0.000000,0.000000,1.000000,0.000000,0.000000,0.000000,0.930000,896.929993,0.000000,0.000000,0.930000,179.663437,1.300000,-0.000000,
24.206461,2,1.000000,0.000000,0.000000,0.000000,1.000000,0.000000,0.000000,0.000000,0.970000,896.984985,0.000000,0.000000,0.970000,179.651810,1.000000,0.100000,
24.245810,2,1.000000,0.000000,0.000000,0.000000,1.000000,0.000000,0.000000,0.000000,0.970000,897.023010,0.000000,0.000000,0.970000,179.662582,0.900000,0.000000,
24.286245,2,1.000000,0.000000,0.000000,0.000000,1.000000,0.000000,0.000000,0.000000,1.040000,897.064026,0.000000,0.000000,1.040000,179.646835,1.100000,0.000000,
24.325709,2,1.000000,0.000000,0.000000,0.000000,1.000000,0.000000,0.000000,0.000000,1.040000,897.101990,0.000000,0.000000,1.040000,179.641663,1.300000,-0.000000,
24.366312,2,1.000000,0.000000,0.000000,0.000000,1.000000,0.000000,0.000000,0.000000,1.050000,897.143005,0.000000,0.000000,1.050000,179.645966,1.200000,-0.000000,
24.408409,2,1.000000,0.000000,0.000000,0.000000,1.000000,0.000000,0.000000,0.000000,1.160000,897.190002,0.000000,0.000000,1.160000,179.632935,1.000000,0.100000,
24.446319,2,1.000000,0.000000,0.000000,0.000000,1.000000,0.000000,0.000000,0.000000,1.160000,897.231995,0.000000,0.000000,1.160000,179.654022,1.000000,0.100000,
24.485851,2,1.000000,0.000000,0.000000,0.000000,1.000000,0.000000,0.000000,0.000000,1.180000,897.273010,0.000000,0.000000,1.180000,179.647919,1.100000,0.200000,
24.525546,2,1.000000,0.000000,0.000000,0.000000,1.000000,0.000000,0.000000,0.000000,1.180000,897.304993,0.000000,0.000000,1.180000,179.690994,0.800000,0.400000,
24.569519,2,1.000000,0.000000,0.000000,0.000000,1.000000,0.000000,0.000000,0.000000,1.180000,897.348999,0.000000,0.000000,1.180000,179.733170,0.500000,0.700000,
24.605831,2,1.000000,0.000000,0.000000,0.000000,1.000000,0.000000,0.000000,0.000000,1.160000,897.390991,0.000000,0.000000,1.160000,179.721466,0.500000,0.800000,
24.648538,2,1.000000,0.000000,0.000000,0.000000,1.000000,0.000000,0.000000,0.000000,1.160000,897.414001,0.000000,0.000000,1.160000,179.717239,0.600000,0.700000,
24.687801,2,1.000000,0.000000,0.000000,0.000000,1.000000,0.000000,0.000000,0.000000,1.160000,897.468018,0.000000,0.000000,1.160000,179.690582,0.700000,0.600000,
24.725503,2,1.000000,0.000000,0.000000,0.000000,1.000000,0.000000,0.000000,0.000000,1.160000,897.507996,0.000000,0.000000,1.160000,179.643417,0.800000,0.500000,
24.767195,2,1.000000,0.000000,0.000000,0.000000,1.000000,0.000000,0.000000,0.000000,1.150000,898.239990,0.000000,0.000000,1.150000,179.611771,0.900000,0.400000,
24.808830,2,1.000000,0.000000,0.000000,0.000000,1.000000,0.000000,0.000000,0.000000,1.110000,898.080017,0.000000,0.000000,1.110000,179.595963,0.900000,0.400000,
24.849050,2,1.000000,0.000000,0.000000,0.000000,1.000000,0.000000,0.000000,0.000000,1.110000,898.359985,0.000000,0.000000,1.110000,179.591629,0.900000,0.400000,
24.888061,2,1.000000,0.000000,0.000000,0.000000,1.000000,0.000000,0.000000,0.000000,1.110000,897.671021,0.000000,0.000000,1.110000,179.577072,0.900000,0.300000,
24.925438,2,1.000000,0.000000,0.000000,0.000000,1.000000,0.000000,0.000000,0.000000,1.110000,897.708984,0.000000,0.000000,1.110000,179.544800,0.900000,0.300000,
24.970022,2,1.000000,0.000000,0.000000,0.000000,1.000000,0.000000,0.000000,0.000000,1.110000,897.750000,0.000000,0.000000,1.110000,179.535507,0.800000,0.300000,
25.006039,2,1.000000,0.000000,0.000000,0.000000,1.000000,0.000000,0.000000,0.000000,1.100000,897.784973,0.000000,0.000000,1.100000,179.551270,0.900000,0.300000,
25.045824,2,1.000000,0.000000,0.000000,0.000000,1.000000,0.000000,0.000000,0.000000,1.100000,897.827026,0.000000,0.000000,1.100000,179.534225,1.000000,0.200000,
25.086323,2,1.000000,0.000000,0.000000,0.000000,1.000000,0.000000,0.000000,0.000000,1.080000,897.856018,0.000000,0.000000,1.080000,179.523911,0.900000,0.200000,
25.125355,2,1.000000,0.000000,0.000000,0.000000,1.000000,0.000000,0.000000,0.000000,1.080000,897.903992,0.000000,0.000000,1.080000,179.528625,1.000000,0.100000,
25.170647,2,1.000000,0.000000,0.000000,0.000000,1.000000,0.000000,0.000000,0.000000,1.080000,897.934021,0.000000,0.000000,1.080000,179.517319,1.000000,0.100000,
25.206550,2,1.000000,0.000000,0.000000,0.000000,1.000000,0.000000,0.000000,0.000000,1.070000,897.994995,0.000000,0.000000,1.070000,179.526047,1.000000,0.100000,
25.250936,2,1.000000,0.000000,0.000000,0.000000,1.000000,0.000000,0.000000,0.000000,1.070000,898.023010,0.000000,0.000000,1.070000,179.515198,1.000000,0.100000,
25.288064,2,1.000000,0.000000,0.000000,0.000000,1.000000,0.000000,0.000000,0.000000,1.070000,898.057007,0.000000,0.000000,1.070000,179.535629,1.100000,0.100000,
25.326858,2,1.000000,0.000000,0.000000,0.000000,1.000000,0.000000,0.000000,0.000000,1.050000,898.112000,0.000000,0.000000,1.050000,179.511963,1.300000,0.000000,
25.366253,2,1.000000,0.000000,0.000000,0.000000,1.000000,0.000000,0.000000,0.000000,1.030000,898.153015,0.000000,0.000000,1.030000,179.520081,1.100000,0.000000,
25.409959,2,1.000000,0.000000,0.000000,0.000000,1.000000,0.000000,0.000000,0.000000,1.030000,898.182983,0.000000,0.000000,1.030000,179.543076,1.100000,-0.000000,
25.446592,2,1.000000,0.000000,0.000000,0.000000,1.000000,0.000000,0.000000,0.000000,1.030000,898.232971,0.000000,0.000000,1.030000,179.534821,1.200000,-0.000000,
25.487336,2,1.000000,0.000000,0.000000,0.000000,1.000000,0.000000,0.000000,0.000000,1.030000,898.265015,0.000000,0.000000,1.030000,179.543137,1.200000,-0.000000,
25.525664,2,1.000000,0.000000,0.000000,0.000000,1.000000,0.000000,0.000000,0.000000,1.020000,898.304016,0.000000,0.000000,1.020000,179.543137,1.200000,-0.000000,
25.567728,2,1.000000,0.000000,0.000000,0.000000,1.000000,0.000000,0.000000,0.000000,1.020000,898.351013,0.000000,0.000000,1.020000,179.567795,1.200000,0.000000,
25.610068,2,1.000000,0.000000,0.000000,0.000000,1.000000,0.000000,0.000000,0.000000,1.000000,898.380981,0.000000,0.000000,1.000000,179.579391,1.200000,0.000000,
25.645896,2,1.000000,0.000000,0.000000,0.000000,1.000000,0.000000,0.000000,0.000000,1.000000,898.429993,0.000000,0.000000,1.000000,179.618271,1.100000,0.100000,
25.686576,2,1.000000,0.000000,0.000000,0.000000,1.000000,0.000000,0.000000,0.000000,0.990000,898.465027,0.000000,0.000000,0.990000,179.640213,1.100000,0.100000,
25.729841,2,1.000000,0.000000,0.000000,0.000000,1.000000,0.000000,0.000000,0.000000,0.990000,898.504028,0.000000,0.000000,0.990000,179.659424,1.200000,0.100000,
25.767823,2,1.000000,0.000000,0.000000,0.000000,1.000000,0.000000,0.000000,0.000000,0.990000,899.239990,0.000000,0.000000,0.990000,179.656342,1.200000,0.100000,
25.806008,2,1.000000,0.000000,0.000000,0.000000,1.000000,0.000000,0.000000,0.000000,0.990000,899.070007,0.000000,0.000000,0.990000,179.707672,1.000000,0.100000,
25.845378,2,1.000000,0.000000,0.000000,0.000000,1.000000,0.000000,0.000000,0.000000,0.990000,899.460022,0.000000,0.000000,0.990000,179.722382,1.100000,0.100000,
25.888009,2,1.000000,0.000000,0.000000,0.000000,1.000000,0.000000,0.000000,0.000000,0.980000,898.663025,0.000000,0.000000,0.980000,179.728836,1.200000,0.100000,
25.925280,2,1.000000,0.000000,0.000000,0.000000,1.000000,0.000000,0.000000,0.000000,0.980000,898.708008,0.000000,0.000000,0.980000,179.743439,1.100000,0.100000,
25.969505,2,1.000000,0.000000,0.000000,0.000000,1.000000,0.000000,0.000000,0.000000,0.980000,898.749023,0.000000,0.000000,0.980000,179.752594,1.200000,0.100000,
26.010172,2,1.000000,0.000000,0.000000,0.000000,1.000000,0.000000,0.000000,0.000000,0.970000,898.783020,0.000000,0.000000,0.970000,179.750748,1.300000,0.100000,
26.045941,2,1.000000,0.000000,0.000000,0.000000,1.000000,0.000000,0.000000,0.000000,0.970000,898.835022,0.000000,0.000000,0.970000,179.755386,1.200000,0.100000,
26.087257,2,1.000000,0.000000,0.000000,0.000000,1.000000,0.000000,0.000000,0.000000,0.970000,898.864990,0.000000,0.000000,0.970000,179.765015,1.100000,0.100000,
26.127240,2,1.000000,0.000000,0.000000,0.000000,1.000000,0.000000,0.000000,0.000000,0.970000,898.905029,0.000000,0.000000,0.970000,179.762039,1.200000,0.200000,
26.170149,2,1.000000,0.000000,0.000000,0.000000,1.000000,0.000000,0.000000,0.000000,0.970000,898.950989,0.000000,0.000000,0.970000,179.768646,1.200000,0.200000,
26.209345,2,1.000000,0.000000,0.000000,0.000000,1.000000,0.000000,0.000000,0.000000,0.960000,898.991028,0.000000,0.000000,0.960000,179.766525,1.100000,0.100000,
26.246374,2,1.000000,0.000000,0.000000,0.000000,1.000000,0.000000,0.000000,0.000000,0.960000,899.025024,0.000000,0.000000,0.960000,179.783112,1.200000,0.100000,
26.286760,2,1.000000,0.000000,0.000000,0.000000,1.000000,0.000000,0.000000,0.000000,0.960000,899.070984,0.000000,0.000000,0.960000,179.775558,1.200000,0.100000,
26.327222,2,1.000000,0.000000,0.000000,0.000000,1.000000,0.000000,0.000000,0.000000,0.960000,899.104980,0.000000,0.000000,0.960000,179.772079,1.000000,0.100000,
26.366628,2,1.000000,0.000000,0.000000,0.000000,1.000000,0.000000,0.000000,0.000000,0.960000,899.146973,0.000000,0.000000,0.960000,179.777756,0.900000,0.100000,
26.406343,2,1.000000,0.000000,0.000000,0.000000,1.000000,0.000000,0.000000,0.000000,0.960000,899.187012,0.000000,0.000000,0.960000,179.772598,0.900000,0.100000,
26.446503,2,1.000000,0.000000,0.000000,0.000000,1.000000,0.000000,0.000000,0.000000,0.960000,899.229980,0.000000,0.000000,0.960000,179.760544,1.100000,0.100000,
26.486649,2,1.000000,0.000000,0.000000,0.000000,1.000000,0.000000,0.000000,0.000000,0.970000,899.273987,0.000000,0.000000,0.970000,179.768539,1.000000,0.000000,
26.525946,2,1.000000,0.000000,0.000000,0.000000,1.000000,0.000000,0.000000,0.000000,0.970000,899.314026,0.000000,0.000000,0.970000,179.766449,1.000000,-0.000000,
26.566403,2,1.000000,0.000000,0.000000,0.000000,1.000000,0.000000,0.000000,0.000000,0.970000,899.354004,0.000000,0.000000,0.970000,179.780365,1.000000,-0.000000,
26.605919,2,1.000000,0.000000,0.000000,0.000000,1.000000,0.000000,0.000000,0.000000,0.970000,899.393005,0.000000,0.000000,0.970000,179.761520,1.000000,-0.100000,
26.648611,2,1.000000,0.000000,0.000000,0.000000,1.000000,0.000000,0.000000,0.000000,0.970000,899.432007,0.000000,0.000000,0.970000,179.776596,0.900000,-0.200000,
26.687794,2,1.000000,0.000000,0.000000,0.000000,1.000000,0.000000,0.000000,0.000000,0.970000,899.447021,0.000000,0.000000,0.970000,179.776596,0.900000,-0.200000,
26.726104,2,1.000000,0.000000,0.000000,0.000000,1.000000,0.000000,0.000000,0.000000,0.960000,899.508972,0.000000,0.000000,0.960000,179.765976,1.100000,-0.100000,
26.768975,2,1.000000,0.000000,0.000000,0.000000,1.000000,0.000000,0.000000,0.000000,0.960000,900.440002,0.000000,0.000000,0.960000,179.763275,1.100000,-0.000000,
26.806176,2,1.000000,0.000000,0.000000,0.000000,1.000000,0.000000,0.000000,0.000000,0.960000,900.080017,0.000000,0.000000,0.960000,179.752090,1.100000,0.000000,
26.846107,2,1.000000,0.000000,0.000000,0.000000,1.000000,0.000000,0.000000,0.000000,0.960000,900.409973,0.000000,0.000000,0.960000,179.752090,1.100000,0.000000,
26.893900,2,1.000000,0.000000,0.000000,0.000000,1.000000,0.000000,0.000000,0.000000,0.960000,899.668030,0.000000,0.000000,0.960000,179.741745,1.100000,-0.000000,
26.925808,2,1.000000,0.000000,0.000000,0.000000,1.000000,0.000000,0.000000,0.000000,0.960000,899.706970,0.000000,0.000000,0.960000,179.731628,1.100000,-0.000000,
26.968965,2,1.000000,0.000000,0.000000,0.000000,1.000000,0.000000,0.000000,0.000000,0.960000,899.750000,0.000000,0.000000,0.960000,179.726959,1.100000,-0.000000,
27.005913,2,1.000000,0.000000,0.000000,0.000000,1.000000,0.000000,0.000000,0.000000,0.950000,899.783997,0.000000,0.000000,0.950000,179.695557,1.200000,-0.000000,
27.048300,2,1.000000,0.000000,0.000000,0.000000,1.000000,0.000000,0.000000,0.000000,0.950000,899.815979,0.000000,0.000000,0.950000,179.698273,1.200000,-0.100000,
27.090289,2,1.000000,0.000000,0.000000,0.000000,1.000000,0.000000,0.000000,0.000000,0.950000,899.875000,0.000000,0.000000,0.950000,179.702118,1.100000,0.000000,
27.125331,2,1.000000,0.000000,0.000000,0.000000,1.000000,0.000000,0.000000,0.000000,0.950000,899.905029,0.000000,0.000000,0.950000,179.755981,0.700000,0.300000,
27.171900,2,1.000000,0.000000,0.000000,0.000000,1.000000,0.000000,0.000000,0.000000,0.950000,899.945984,0.000000,0.000000,0.950000,179.766464,0.200000,0.600000,
27.205707,2,1.000000,0.000000,0.000000,0.000000,1.000000,0.000000,0.000000,0.000000,0.940000,899.989990,0.000000,0.000000,0.940000,179.721313,-0.100000,-0.100000,
27.245690,2,1.000000,0.000000,0.000000,0.000000,1.000000,0.000000,0.000000,0.000000,0.940000,900.033020,0.000000,0.000000,0.940000,179.650238,0.000000,-1.200000,
27.285678,2,1.000000,0.000000,0.000000,0.000000,1.000000,0.000000,0.000000,0.000000,0.910000,900.072021,0.000000,0.000000,0.910000,179.563004,0.400000,-2.400000,
27.325788,2,1.000000,0.000000,0.000000,0.000000,1.000000,0.000000,0.000000,0.000000,0.910000,900.112000,0.000000,0.000000,0.910000,179.505859,0.500000,-3.800000,
27.366733,2,1.000000,0.000000,0.000000,0.000000,1.000000,0.000000,0.000000,0.000000,0.900000,900.151001,0.000000,0.000000,0.900000,179.482742,0.500000,-5.900000,
27.406350,2,1.000000,0.000000,0.000000,0.000000,1.000000,0.000000,0.000000,0.000000,0.840000,900.190979,0.000000,0.000000,0.840000,179.424332,0.600000,-8.100000,
27.449656,2,1.000000,0.000000,0.000000,0.000000,1.000000,0.000000,0.000000,0.000000,0.840000,900.231995,0.000000,0.000000,0.840000,179.403763,0.600000,-10.200000,
27.486278,2,1.000000,0.000000,0.000000,0.000000,1.000000,0.000000,0.000000,0.000000,0.810000,900.273987,0.000000,0.000000,0.810000,179.391083,0.700000,-11.700000,
27.526872,2,1.000000,0.000000,0.000000,0.000000,1.000000,0.000000,0.000000,0.000000,0.810000,900.304016,0.000000,0.000000,0.810000,179.404861,0.600000,-12.300000,
27.570310,2,1.000000,0.000000,0.000000,0.000000,1.000000,0.000000,0.000000,0.000000,0.800000,900.351013,0.000000,0.000000,0.800000,179.481140,0.300000,-13.800000,
27.607244,2,1.000000,0.000000,0.000000,0.000000,1.000000,0.000000,0.000000,0.000000,0.760000,900.390015,0.000000,0.000000,0.760000,179.469757,0.300000,-14.400000,
27.646196,2,1.000000,0.000000,0.000000,0.000000,1.000000,0.000000,0.000000,0.000000,0.750000,900.429993,0.000000,0.000000,0.750000,179.442017,0.400000,-14.800000,
27.686737,2,1.000000,0.000000,0.000000,0.000000,1.000000,0.000000,0.000000,0.000000,0.700000,900.469971,0.000000,0.000000,0.700000,179.448318,0.400000,-15.100000,
27.726607,2,1.000000,0.000000,0.000000,0.000000,1.000000,0.000000,0.000000,0.000000,0.700000,900.512024,0.000000,0.000000,0.700000,179.428314,0.500000,-15.100000,
27.770295,2,1.000000,0.000000,0.000000,0.000000,1.000000,0.000000,0.000000,0.000000,0.700000,901.239990,0.000000,0.000000,0.700000,179.462738,0.400000,-14.800000,
27.806288,2,1.000000,0.000000,0.000000,0.000000,1.000000,0.000000,0.000000,0.000000,0.650000,901.010010,0.000000,0.000000,0.650000,179.522736,0.400000,-14.400000,
27.846339,2,1.000000,0.000000,0.000000,0.000000,1.000000,0.000000,0.000000,0.000000,0.650000,901.450012,0.000000,0.000000,0.650000,179.532928,0.600000,-12.800000,
27.886249,2,1.000000,0.000000,0.000000,0.000000,1.000000,0.000000,0.000000,0.000000,0.610000,900.669983,0.000000,0.000000,0.610000,179.590363,0.800000,-10.000000,
27.925982,2,1.000000,0.000000,0.000000,0.000000,1.000000,0.000000,0.000000,0.000000,0.620000,900.705017,0.000000,0.000000,0.620000,179.657608,0.900000,-6.000000,
27.972654,2,1.000000,0.000000,0.000000,0.000000,1.000000,0.000000,0.000000,0.000000,0.620000,900.737000,0.000000,0.000000,0.620000,179.680222,1.000000,-4.400000,
28.009434,2,1.000000,0.000000,0.000000,0.000000,1.000000,0.000000,0.000000,0.000000,0.550000,900.783020,0.000000,0.000000,0.550000,179.707153,0.900000,-2.400000,
28.046111,2,1.000000,0.000000,0.000000,0.000000,1.000000,0.000000,0.000000,0.000000,0.550000,900.825989,0.000000,0.000000,0.550000,179.762299,1.000000,-0.900000,
28.087393,2,1.000000,0.000000,0.000000,0.000000,1.000000,0.000000,0.000000,0.000000,0.480000,900.869995,0.000000,0.000000,0.480000,179.772141,1.000000,-0.100000,
28.125438,2,1.000000,0.000000,0.000000,0.000000,1.000000,0.000000,0.000000,0.000000,0.480000,900.913025,0.000000,0.000000,0.480000,179.812363,0.900000,0.200000,
28.171123,2,1.000000,0.000000,0.000000,0.000000,1.000000,0.000000,0.000000,0.000000,0.470000,900.940979,0.000000,0.000000,0.470000,179.828644,0.900000,0.300000,
28.206180,2,1.000000,0.000000,0.000000,0.000000,1.000000,0.000000,0.000000,0.000000,0.420000,900.989990,0.000000,0.000000,0.420000,179.829529,0.700000,0.400000,
28.245676,2,1.000000,0.000000,0.000000,0.000000,1.000000,0.000000,0.000000,0.000000,0.420000,901.030029,0.000000,0.000000,0.420000,179.837280,0.000000,0.300000,
28.285483,2,1.000000,0.000000,0.000000,0.000000,1.000000,0.000000,0.000000,0.000000,0.360000,901.068970,0.000000,0.000000,0.360000,179.816864,-1.400000,0.300000,
28.325852,2,1.000000,0.000000,0.000000,0.000000,1.000000,0.000000,0.000000,0.000000,0.360000,901.111023,0.000000,0.000000,0.360000,179.821075,-3.500000,0.100000,
28.369357,2,1.000000,0.000000,0.000000,0.000000,1.000000,0.000000,0.000000,0.000000,0.350000,901.138977,0.000000,0.000000,0.350000,179.788483,-4.900000,0.100000,
28.413298,2,1.000000,0.000000,0.000000,0.000000,1.000000,0.000000,0.000000,0.000000,0.280000,901.187012,0.000000,0.000000,0.280000,179.649597,-8.700000,0.700000,
28.446123,2,1.000000,0.000000,0.000000,0.000000,1.000000,0.000000,0.000000,0.000000,0.280000,901.234985,0.000000,0.000000,0.280000,179.673767,-9.100000,-0.700000,
28.486232,2,1.000000,0.000000,0.000000,0.000000,1.000000,0.000000,0.000000,0.000000,0.200000,901.268005,0.000000,0.000000,0.200000,182.103302,0.300000,-10.900000,
28.525301,2,1.000000,0.000000,0.000000,0.000000,1.000000,0.000000,0.000000,0.000000,0.190000,901.306030,0.000000,0.000000,0.190000,185.903702,-3.300000,-16.799999,
28.566159,2,1.000000,0.000000,0.000000,0.000000,1.000000,0.000000,0.000000,0.000000,0.190000,901.346985,0.000000,0.000000,0.190000,189.518707,-3.900000,-15.900000,
28.605894,2,1.000000,0.000000,0.000000,0.000000,1.000000,0.000000,0.000000,0.000000,0.200000,901.387024,0.000000,0.000000,0.200000,190.663589,-1.700000,-8.000000,
28.648163,2,1.000000,0.000000,0.000000,0.000000,1.000000,0.000000,0.000000,0.000000,0.200000,901.434998,0.000000,0.000000,0.200000,191.061172,-0.300000,-1.800000,
28.686914,2,1.000000,0.000000,0.000000,0.000000,1.000000,0.000000,0.000000,0.000000,0.230000,901.473999,0.000000,0.000000,0.230000,190.986755,-0.700000,-0.100000,
28.725824,2,1.000000,0.000000,0.000000,0.000000,1.000000,0.000000,0.000000,0.000000,0.230000,901.515015,0.000000,0.000000,0.230000,190.514069,-0.900000,0.200000,
28.770742,2,1.000000,0.000000,0.000000,0.000000,1.000000,0.000000,0.000000,0.000000,0.230000,901.840027,0.000000,0.000000,0.230000,190.175156,-0.700000,0.300000,
28.806969,2,1.000000,0.000000,0.000000,0.000000,1.000000,0.000000,0.000000,0.000000,0.200000,902.080017,0.000000,0.000000,0.200000,188.647873,1.400000,-3.000000,
28.851751,2,1.000000,0.000000,0.000000,0.000000,1.000000,0.000000,0.000000,0.000000,0.200000,902.479980,0.000000,0.000000,0.200000,187.936951,2.900000,-4.000000,
28.888559,2,1.000000,0.000000,0.000000,0.000000,1.000000,0.000000,0.000000,0.000000,0.200000,901.674011,0.000000,0.000000,0.200000,187.936951,2.900000,-4.000000,
28.925337,2,1.000000,0.000000,0.000000,0.000000,1.000000,0.000000,0.000000,0.000000,0.200000,901.708984,0.000000,0.000000,0.200000,186.196426,1.400000,0.800000,
28.970325,2,1.000000,0.000000,0.000000,0.000000,1.000000,0.000000,0.000000,0.000000,0.200000,901.750000,0.000000,0.000000,0.200000,185.011581,0.100000,1.300000,
29.008179,2,1.000000,0.000000,0.000000,0.000000,1.000000,0.000000,0.000000,0.000000,0.200000,901.778992,0.000000,0.000000,0.200000,184.551346,0.200000,-0.400000,
29.045543,2,1.000000,0.000000,0.000000,0.000000,1.000000,0.000000,0.000000,0.000000,0.200000,901.830017,0.000000,0.000000,0.200000,183.869095,1.300000,-2.200000,
29.085988,2,1.000000,0.000000,0.000000,0.000000,1.000000,0.000000,0.000000,0.000000,0.200000,901.869019,0.000000,0.000000,0.200000,183.933289,1.300000,-2.700000,
29.125451,2,1.000000,0.000000,0.000000,0.000000,1.000000,0.000000,0.000000,0.000000,0.200000,901.913025,0.000000,0.000000,0.200000,183.837402,1.000000,-1.700000,
29.173992,2,1.000000,0.000000,0.000000,0.000000,1.000000,0.000000,0.000000,0.000000,0.200000,901.943970,0.000000,0.000000,0.200000,183.790176,0.600000,-1.200000,
29.206135,2,1.000000,0.000000,0.000000,0.000000,1.000000,0.000000,0.000000,0.000000,0.200000,901.987000,0.000000,0.000000,0.200000,183.932205,0.500000,-1.100000,
29.245326,2,1.000000,0.000000,0.000000,0.000000,1.000000,0.000000,0.000000,0.000000,0.200000,902.028015,0.000000,0.000000,0.200000,184.055557,0.600000,-1.000000,
29.294673,2,1.000000,0.000000,0.000000,0.000000,1.000000,0.000000,0.000000,0.000000,0.200000,902.070007,0.000000,0.000000,0.200000,184.067917,0.700000,-1.300000,
29.326593,2,1.000000,0.000000,0.000000,0.000000,1.000000,0.000000,0.000000,0.000000,0.200000,902.106018,0.000000,0.000000,0.200000,184.364136,0.700000,-1.500000,
29.370336,2,1.000000,0.000000,0.000000,0.000000,1.000000,0.000000,0.000000,0.000000,0.200000,902.148010,0.000000,0.000000,0.200000,184.768509,1.000000,-2.300000,
29.406379,2,1.000000,0.000000,0.000000,0.000000,1.000000,0.000000,0.000000,0.000000,0.200000,902.190979,0.000000,0.000000,0.200000,184.327667,1.000000,-2.300000,
29.450281,2,1.000000,0.000000,0.000000,0.000000,1.000000,0.000000,0.000000,0.000000,0.200000,902.223999,0.000000,0.000000,0.200000,184.672333,0.800000,-2.100000,
29.488517,2,1.000000,0.000000,0.000000,0.000000,1.000000,0.000000,0.000000,0.000000,0.200000,902.270020,0.000000,0.000000,0.200000,185.023804,0.900000,-2.100000,
29.525747,2,1.000000,0.000000,0.000000,0.000000,1.000000,0.000000,0.000000,0.000000,0.200000,902.312988,0.000000,0.000000,0.200000,184.816666,0.900000,-2.200000,
29.574759,2,1.000000,0.000000,0.000000,0.000000,1.000000,0.000000,0.000000,0.000000,0.200000,902.349976,0.000000,0.000000,0.200000,184.823212,0.900000,-2.200000,
29.607144,2,1.000000,0.000000,0.000000,0.000000,1.000000,0.000000,0.000000,0.000000,0.200000,902.388000,0.000000,0.000000,0.200000,185.123932,0.900000,-2.100000,
29.655208,2,1.000000,0.000000,0.000000,0.000000,1.000000,0.000000,0.000000,0.000000,0.200000,902.432007,0.000000,0.000000,0.200000,185.184616,0.900000,-2.100000,
29.689562,2,1.000000,0.000000,0.000000,0.000000,1.000000,0.000000,0.000000,0.000000,0.200000,902.474976,0.000000,0.000000,0.200000,185.101425,0.900000,-2.200000,
29.726246,2,1.000000,0.000000,0.000000,0.000000,1.000000,0.000000,0.000000,0.000000,0.200000,902.510010,0.000000,0.000000,0.200000,185.241577,0.900000,-2.200000,
29.766798,2,1.000000,0.000000,0.000000,0.000000,1.000000,0.000000,0.000000,0.000000,0.200000,902.640015,0.000000,0.000000,0.200000,185.425552,0.900000,-2.200000,
29.805573,2,1.000000,0.000000,0.000000,0.000000,1.000000,0.000000,0.000000,0.000000,0.200000,903.030029,0.000000,0.000000,0.200000,185.417313,0.900000,-2.100000,
29.848142,2,1.000000,0.000000,0.000000,0.000000,1.000000,0.000000,0.000000,0.000000,0.200000,903.320007,0.000000,0.000000,0.200000,185.421875,0.900000,-2.200000,
29.890225,2,1.000000,0.000000,0.000000,0.000000,1.000000,0.000000,0.000000,0.000000,0.200000,902.677002,0.000000,0.000000,0.200000,185.627808,0.900000,-2.200000,
29.926263,2,1.000000,0.000000,0.000000,0.000000,1.000000,0.000000,0.000000,0.000000,0.200000,902.710999,0.000000,0.000000,0.200000,185.687576,0.900000,-2.100000,
29.971320,2,1.000000,0.000000,0.000000,0.000000,1.000000,0.000000,0.000000,0.000000,0.200000,902.749023,0.000000,0.000000,0.200000,185.713150,0.900000,-2.100000,
30.005548,2,1.000000,0.000000,0.000000,0.000000,1.000000,0.000000,0.000000,0.000000,0.200000,902.789978,0.000000,0.000000,0.200000,185.846039,0.900000,-2.200000,
30.048790,2,1.000000,0.000000,0.000000,0.000000,1.000000,0.000000,0.000000,0.000000,0.200000,902.823975,0.000000,0.000000,0.200000,185.930466,0.900000,-2.100000,
30.085652,2,1.000000,0.000000,0.000000,0.000000,1.000000,0.000000,0.000000,0.000000,0.200000,902.869995,0.000000,0.000000,0.200000,185.989746,0.800000,-2.100000,
30.125731,2,1.000000,0.000000,0.000000,0.000000,1.000000,0.000000,0.000000,0.000000,0.200000,902.909973,0.000000,0.000000,0.200000,186.079193,0.800000,-2.100000,
30.167750,2,1.000000,0.000000,0.000000,0.000000,1.000000,0.000000,0.000000,0.000000,0.200000,902.948975,0.000000,0.000000,0.200000,186.125687,0.900000,-2.100000,
30.205452,2,1.000000,0.000000,0.000000,0.000000,1.000000,0.000000,0.000000,0.000000,0.200000,902.986023,0.000000,0.000000,0.200000,186.229858,0.900000,-2.100000,
30.246092,2,1.000000,0.000000,0.000000,0.000000,1.000000,0.000000,0.000000,0.000000,0.200000,903.030029,0.000000,0.000000,0.200000,186.313965,0.800000,-2.100000,
30.285856,2,1.000000,0.000000,0.000000,0.000000,1.000000,0.000000,0.000000,0.000000,0.200000,903.067017,0.000000,0.000000,0.200000,186.394241,0.800000,-2.100000,
30.326034,2,1.000000,0.000000,0.000000,0.000000,1.000000,0.000000,0.000000,0.000000,0.200000,903.107971,0.000000,0.000000,0.200000,186.457184,0.800000,-2.100000,
30.370199,2,1.000000,0.000000,0.000000,0.000000,1.000000,0.000000,0.000000,0.000000,0.200000,903.148987,0.000000,0.000000,0.200000,186.501022,0.800000,-2.100000,
30.406317,2,1.000000,0.000000,0.000000,0.000000,1.000000,0.000000,0.000000,0.000000,0.200000,903.185974,0.000000,0.000000,0.200000,186.613831,0.800000,-2.100000,
30.446959,2,1.000000,0.000000,0.000000,0.000000,1.000000,0.000000,0.000000,0.000000,0.200000,903.228027,0.000000,0.000000,0.200000,186.685379,0.800000,-2.100000,
30.486741,2,1.000000,0.000000,0.000000,0.000000,1.000000,0.000000,0.000000,0.000000,0.200000,903.268005,0.000000,0.000000,0.200000,186.760864,0.800000,-2.100000,
30.525819,2,1.000000,0.000000,0.000000,0.000000,1.000000,0.000000,0.000000,0.000000,0.200000,903.307007,0.000000,0.000000,0.200000,186.840759,0.800000,-2.000000,
30.565963,2,1.000000,0.000000,0.000000,0.000000,1.000000,0.000000,0.000000,0.000000,0.200000,903.348999,0.000000,0.000000,0.200000,186.921234,0.800000,-2.000000,
30.605383,2,1.000000,0.000000,0.000000,0.000000,1.000000,0.000000,0.000000,0.000000,0.200000,903.387024,0.000000,0.000000,0.200000,186.988251,0.900000,-2.000000,
30.645458,2,1.000000,0.000000,0.000000,0.000000,1.000000,0.000000,0.000000,0.000000,0.200000,903.429016,0.000000,0.000000,0.200000,187.070557,0.900000,-2.000000,
30.686966,2,1.000000,0.000000,0.000000,0.000000,1.000000,0.000000,0.000000,0.000000,0.200000,903.465027,0.000000,0.000000,0.200000,187.108307,0.900000,-2.000000,
30.725471,2,1.000000,0.000000,0.000000,0.000000,1.000000,0.000000,0.000000,0.000000,0.200000,903.505005,0.000000,0.000000,0.200000,187.176041,0.900000,-2.000000,
30.766759,2,1.000000,0.000000,0.000000,0.000000,1.000000,0.000000,0.000000,0.000000,0.200000,904.140015,0.000000,0.000000,0.200000,187.263641,0.900000,-2.000000,
30.806880,2,1.000000,0.000000,0.000000,0.000000,1.000000,0.000000,0.000000,0.000000,0.200000,904.000000,0.000000,0.000000,0.200000,187.371445,0.900000,-2.000000,
30.854520,2,1.000000,0.000000,0.000000,0.000000,1.000000,0.000000,0.000000,0.000000,0.200000,904.340027,0.000000,0.000000,0.200000,187.409821,0.900000,-2.000000,
30.894739,2,1.000000,0.000000,0.000000,0.000000,1.000000,0.000000,0.000000,0.000000,0.200000,903.661011,0.000000,0.000000,0.200000,187.496109,0.900000,-2.000000,
30.926205,2,1.000000,0.000000,0.000000,0.000000,1.000000,0.000000,0.000000,0.000000,0.200000,903.703979,0.000000,0.000000,0.200000,187.568024,0.900000,-2.000000,
30.969784,2,1.000000,0.000000,0.000000,0.000000,1.000000,0.000000,0.000000,0.000000,0.200000,903.750000,0.000000,0.000000,0.200000,187.683578,0.900000,-2.000000,
31.005686,2,1.000000,0.000000,0.000000,0.000000,1.000000,0.000000,0.000000,0.000000,0.200000,903.786011,0.000000,0.000000,0.200000,187.763229,0.900000,-2.000000,
31.046362,2,1.000000,0.000000,0.000000,0.000000,1.000000,0.000000,0.000000,0.000000,0.200000,903.828003,0.000000,0.000000,0.200000,187.844406,0.900000,-2.000000,
31.086638,2,1.000000,0.000000,0.000000,0.000000,1.000000,0.000000,0.000000,0.000000,0.200000,903.866028,0.000000,0.000000,0.200000,187.920105,0.900000,-2.000000,
31.130437,2,1.000000,0.000000,0.000000,0.000000,1.000000,0.000000,0.000000,0.000000,0.200000,903.909973,0.000000,0.000000,0.200000,188.001862,0.900000,-2.000000,
31.170808,2,1.000000,0.000000,0.000000,0.000000,1.000000,0.000000,0.000000,0.000000,0.200000,903.953003,0.000000,0.000000,0.200000,188.087524,0.900000,-1.900000,
31.206351,2,1.000000,0.000000,0.000000,0.000000,1.000000,0.000000,0.000000,0.000000,0.200000,903.987000,0.000000,0.000000,0.200000,188.156082,1.000000,-1.900000,
31.247056,2,1.000000,0.000000,0.000000,0.000000,1.000000,0.000000,0.000000,0.000000,0.200000,904.021973,0.000000,0.000000,0.200000,188.196289,1.000000,-1.900000,
31.288688,2,1.000000,0.000000,0.000000,0.000000,1.000000,0.000000,0.000000,0.000000,0.200000,904.072021,0.000000,0.000000,0.200000,188.317612,1.000000,-1.900000,
31.327580,2,1.000000,0.000000,0.000000,0.000000,1.000000,0.000000,0.000000,0.000000,0.200000,904.114014,0.000000,0.000000,0.200000,188.388214,1.000000,-1.900000,
31.366876,2,1.000000,0.000000,0.000000,0.000000,1.000000,0.000000,0.000000,0.000000,0.200000,904.145996,0.000000,0.000000,0.200000,188.476273,1.000000,-1.900000,
31.406091,2,1.000000,0.000000,0.000000,0.000000,1.000000,0.000000,0.000000,0.000000,0.200000,904.184021,0.000000,0.000000,0.200000,188.548401,1.000000,-1.900000,
31.453710,2,1.000000,0.000000,0.000000,0.000000,1.000000,0.000000,0.000000,0.000000,0.200000,904.223022,0.000000,0.000000,0.200000,188.589432,1.000000,-1.900000,
31.487708,2,1.000000,0.000000,0.000000,0.000000,1.000000,0.000000,0.000000,0.000000,0.200000,904.270996,0.000000,0.000000,0.200000,188.674454,1.000000,-1.900000,
31.528961,2,1.000000,0.000000,0.000000,0.000000,1.000000,0.000000,0.000000,0.000000,0.200000,904.312988,0.000000,0.000000,0.200000,188.784149,1.000000,-1.900000,
31.568609,2,1.000000,0.000000,0.000000,0.000000,1.000000,0.000000,0.000000,0.000000,0.200000,904.346985,0.000000,0.000000,0.200000,188.861832,1.000000,-1.900000,
31.619691,2,1.000000,0.000000,0.000000,0.000000,1.000000,0.000000,0.000000,0.000000,0.200000,904.388000,0.000000,0.000000,0.200000,188.941147,1.100000,-1.900000,
31.650943,2,1.000000,0.000000,0.000000,0.000000,1.000000,0.000000,0.000000,0.000000,0.200000,904.422974,0.000000,0.000000,0.200000,188.982819,1.100000,-1.900000,
31.686591,2,1.000000,0.000000,0.000000,0.000000,1.000000,0.000000,0.000000,0.000000,0.200000,904.463013,0.000000,0.000000,0.200000,189.073364,1.100000,-1.900000,
31.726269,2,1.000000,0.000000,0.000000,0.000000,1.000000,0.000000,0.000000,0.000000,0.200000,904.508972,0.000000,0.000000,0.200000,189.184769,1.100000,-1.800000,
31.773615,2,1.000000,0.000000,0.000000,0.000000,1.000000,0.000000,0.000000,0.000000,0.200000,904.531982,0.000000,0.000000,0.200000,189.217422,1.100000,-1.800000,
31.806622,2,1.000000,0.000000,0.000000,0.000000,1.000000,0.000000,0.000000,0.000000,0.200000,904.969971,0.000000,0.000000,0.200000,189.266922,1.100000,-1.800000,
31.846097,2,1.000000,0.000000,0.000000,0.000000,1.000000,0.000000,0.000000,0.000000,0.200000,905.460022,0.000000,0.000000,0.200000,189.419296,1.100000,-1.800000,
31.894149,2,1.000000,0.000000,0.000000,0.000000,1.000000,0.000000,0.000000,0.000000,0.200000,904.664001,0.000000,0.000000,0.200000,189.473221,1.100000,-1.800000,
31.927872,2,1.000000,0.000000,0.000000,0.000000,1.000000,0.000000,0.000000,0.000000,0.200000,904.710022,0.000000,0.000000,0.200000,189.537277,1.100000,-1.800000,
31.977100,2,1.000000,0.000000,0.000000,0.000000,1.000000,0.000000,0.000000,0.000000,0.200000,904.750977,0.000000,0.000000,0.200000,189.659821,1.100000,-1.800000,
32.017819,2,1.000000,0.000000,0.000000,0.000000,1.000000,0.000000,0.000000,0.000000,0.200000,904.783997,0.000000,0.000000,0.200000,189.699341,1.100000,-1.800000,
32.054220,2,1.000000,0.000000,0.000000,0.000000,1.000000,0.000000,0.000000,0.000000,0.200000,904.822021,0.000000,0.000000,0.200000,189.780197,1.200000,-1.800000,
32.088701,2,1.000000,0.000000,0.000000,0.000000,1.000000,0.000000,0.000000,0.000000,0.200000,904.867981,0.000000,0.000000,0.200000,189.900284,1.200000,-1.800000,
32.125383,2,1.000000,0.000000,0.000000,0.000000,1.000000,0.000000,0.000000,0.000000,0.200000,904.905029,0.000000,0.000000,0.200000,189.978867,1.200000,-1.700000,
32.166466,2,1.000000,0.000000,0.000000,0.000000,1.000000,0.000000,0.000000,0.000000,0.200000,904.945984,0.000000,0.000000,0.200000,190.066925,1.200000,-1.700000,
32.206993,2,1.000000,0.000000,0.000000,0.000000,1.000000,0.000000,0.000000,0.000000,0.200000,904.984985,0.000000,0.000000,0.200000,190.098022,1.200000,-1.700000,
32.245672,2,1.000000,0.000000,0.000000,0.000000,1.000000,0.000000,0.000000,0.000000,0.200000,905.025024,0.000000,0.000000,0.200000,190.216354,1.200000,-1.700000,
32.287868,2,1.000000,0.000000,0.000000,0.000000,1.000000,0.000000,0.000000,0.000000,0.200000,905.068970,0.000000,0.000000,0.200000,190.295517,1.200000,-1.700000,
32.333665,2,1.000000,0.000000,0.000000,0.000000,1.000000,0.000000,0.000000,0.000000,0.200000,905.101013,0.000000,0.000000,0.200000,190.368210,1.200000,-1.700000,
32.370026,2,1.000000,0.000000,0.000000,0.000000,1.000000,0.000000,0.000000,0.000000,0.200000,905.151978,0.000000,0.000000,0.200000,190.447662,1.200000,-1.700000,
32.415205,2,1.000000,0.000000,0.000000,0.000000,1.000000,0.000000,0.000000,0.000000,0.200000,905.187988,0.000000,0.000000,0.200000,190.526520,1.200000,-1.700000,
32.447752,2,1.000000,0.000000,0.000000,0.000000,1.000000,0.000000,0.000000,0.000000,0.200000,905.234985,0.000000,0.000000,0.200000,190.605606,1.200000,-1.700000,
32.486874,2,1.000000,0.000000,0.000000,0.000000,1.000000,0.000000,0.000000,0.000000,0.200000,905.271973,0.000000,0.000000,0.200000,190.681320,1.200000,-1.700000,
32.537252,2,1.000000,0.000000,0.000000,0.000000,1.000000,0.000000,0.000000,0.000000,0.200000,905.302002,0.000000,0.000000,0.200000,190.760239,1.200000,-1.700000,
32.566129,2,1.000000,0.000000,0.000000,0.000000,1.000000,0.000000,0.000000,0.000000,0.200000,905.351013,0.000000,0.000000,0.200000,190.839996,1.300000,-1.700000,
32.605538,2,1.000000,0.000000,0.000000,0.000000,1.000000,0.000000,0.000000,0.000000,0.200000,905.388000,0.000000,0.000000,0.200000,190.920578,1.300000,-1.700000,
32.645389,2,1.000000,0.000000,0.000000,0.000000,1.000000,0.000000,0.000000,0.000000,0.200000,905.429016,0.000000,0.000000,0.200000,190.920578,1.300000,-1.700000,
32.688436,2,1.000000,0.000000,0.000000,0.000000,1.000000,0.000000,0.000000,0.000000,0.200000,905.468994,0.000000,0.000000,0.200000,190.920578,1.300000,-1.700000,
32.726509,2,1.000000,0.000000,0.000000,0.000000,1.000000,0.000000,0.000000,0.000000,0.200000,905.505981,0.000000,0.000000,0.200000,191.160110,1.300000,-1.700000,
32.767048,2,1.000000,0.000000,0.000000,0.000000,1.000000,0.000000,0.000000,0.000000,0.200000,906.239990,0.000000,0.000000,0.200000,191.245361,1.300000,-1.700000,
32.806917,2,1.000000,0.000000,0.000000,0.000000,1.000000,0.000000,0.000000,0.000000,0.200000,906.070007,0.000000,0.000000,0.200000,191.315567,1.300000,-1.700000,
32.846198,2,1.000000,0.000000,0.000000,0.000000,1.000000,0.000000,0.000000,0.000000,0.200000,906.469971,0.000000,0.000000,0.200000,191.393265,1.300000,-1.700000,
32.887279,2,1.000000,0.000000,0.000000,0.000000,1.000000,0.000000,0.000000,0.000000,0.200000,905.671997,0.000000,0.000000,0.200000,191.463745,1.300000,-1.700000,
32.925839,2,1.000000,0.000000,0.000000,0.000000,1.000000,0.000000,0.000000,0.000000,0.200000,905.710999,0.000000,0.000000,0.200000,191.540894,1.300000,-1.700000,
32.969051,2,1.000000,0.000000,0.000000,0.000000,1.000000,0.000000,0.000000,0.000000,0.200000,905.752014,0.000000,0.000000,0.200000,191.624664,1.300000,-1.700000,
33.006640,2,1.000000,0.000000,0.000000,0.000000,1.000000,0.000000,0.000000,0.000000,0.200000,905.786987,0.000000,0.000000,0.200000,191.691757,1.300000,-1.700000,
33.045290,2,1.000000,0.000000,0.000000,0.000000,1.000000,0.000000,0.000000,0.000000,0.200000,905.825989,0.000000,0.000000,0.200000,191.769852,1.300000,-1.700000,
33.086476,2,1.000000,0.000000,0.000000,0.000000,1.000000,0.000000,0.000000,0.000000,0.200000,905.867004,0.000000,0.000000,0.200000,191.846237,1.300000,-1.700000,
33.125673,2,1.000000,0.000000,0.000000,0.000000,1.000000,0.000000,0.000000,0.000000,0.200000,905.911011,0.000000,0.000000,0.200000,191.923126,1.300000,-1.700000,
33.166006,2,1.000000,0.000000,0.000000,0.000000,1.000000,0.000000,0.000000,0.000000,0.200000,905.955017,0.000000,0.000000,0.200000,192.001160,1.300000,-1.700000,
33.214975,2,1.000000,0.000000,0.000000,0.000000,1.000000,0.000000,0.000000,0.000000,0.200000,905.984985,0.000000,0.000000,0.200000,192.075104,1.300000,-1.700000,
33.245409,2,1.000000,0.000000,0.000000,0.000000,1.000000,0.000000,0.000000,0.000000,0.200000,906.028992,0.000000,0.000000,0.200000,192.150803,1.300000,-1.700000,
33.288939,2,1.000000,0.000000,0.000000,0.000000,1.000000,0.000000,0.000000,0.000000,0.200000,906.070007,0.000000,0.000000,0.200000,192.228043,1.300000,-1.700000,
33.326288,2,1.000000,0.000000,0.000000,0.000000,1.000000,0.000000,0.000000,0.000000,0.200000,906.104004,0.000000,0.000000,0.200000,192.303192,1.300000,-1.700000,
33.366937,2,1.000000,0.000000,0.000000,0.000000,1.000000,0.000000,0.000000,0.000000,0.200000,906.145020,0.000000,0.000000,0.200000,192.376801,1.300000,-1.700000,
33.410004,2,1.000000,0.000000,0.000000,0.000000,1.000000,0.000000,0.000000,0.000000,0.200000,906.172974,0.000000,0.000000,0.200000,192.414185,1.300000,-1.700000,
33.445889,2,1.000000,0.000000,0.000000,0.000000,1.000000,0.000000,0.000000,0.000000,0.200000,906.234985,0.000000,0.000000,0.200000,192.519867,1.300000,-1.700000,
33.485528,2,1.000000,0.000000,0.000000,0.000000,1.000000,0.000000,0.000000,0.000000,0.200000,906.263977,0.000000,0.000000,0.200000,192.519867,1.300000,-1.700000,
33.525655,2,1.000000,0.000000,0.000000,0.000000,1.000000,0.000000,0.000000,0.000000,0.200000,906.304016,0.000000,0.000000,0.200000,192.671997,1.300000,-1.700000,
33.569254,2,1.000000,0.000000,0.000000,0.000000,1.000000,0.000000,0.000000,0.000000,0.200000,906.344971,0.000000,0.000000,0.200000,192.754395,1.300000,-1.700000,
33.605726,2,1.000000,0.000000,0.000000,0.000000,1.000000,0.000000,0.000000,0.000000,0.200000,906.390015,0.000000,0.000000,0.200000,192.820694,1.300000,-1.700000,
33.645851,2,1.000000,0.000000,0.000000,0.000000,1.000000,0.000000,0.000000,0.000000,0.200000,906.424988,0.000000,0.000000,0.200000,192.896729,1.300000,-1.700000,
33.685568,2,1.000000,0.000000,0.000000,0.000000,1.000000,0.000000,0.000000,0.000000,0.200000,906.471985,0.000000,0.000000,0.200000,192.970963,1.300000,-1.700000,
33.725534,2,1.000000,0.000000,0.000000,0.000000,1.000000,0.000000,0.000000,0.000000,0.200000,906.505005,0.000000,0.000000,0.200000,193.046051,1.300000,-1.700000,
33.767162,2,1.000000,0.000000,0.000000,0.000000,1.000000,0.000000,0.000000,0.000000,0.200000,907.440002,0.000000,0.000000,0.200000,193.127533,1.300000,-1.700000,
33.805306,2,1.000000,0.000000,0.000000,0.000000,1.000000,0.000000,0.000000,0.000000,0.200000,907.030029,0.000000,0.000000,0.200000,193.186188,1.300000,-1.700000,
33.845477,2,1.000000,0.000000,0.000000,0.000000,1.000000,0.000000,0.000000,0.000000,0.200000,907.440002,0.000000,0.000000,0.200000,193.268280,1.300000,-1.700000,
33.886651,2,1.000000,0.000000,0.000000,0.000000,1.000000,0.000000,0.000000,0.000000,0.200000,906.669006,0.000000,0.000000,0.200000,193.333923,1.300000,-1.700000,
33.929224,2,1.000000,0.000000,0.000000,0.000000,1.000000,0.000000,0.000000,0.000000,0.200000,906.708984,0.000000,0.000000,0.200000,193.406601,1.300000,-1.700000,
33.970585,2,1.000000,0.000000,0.000000,0.000000,1.000000,0.000000,0.000000,0.000000,0.200000,906.752014,0.000000,0.000000,0.200000,193.475952,1.300000,-1.700000,
34.008217,2,1.000000,0.000000,0.000000,0.000000,1.000000,0.000000,0.000000,0.000000,0.200000,906.791992,0.000000,0.000000,0.200000,193.546249,1.300000,-1.700000,
34.057683,2,1.000000,0.000000,0.000000,0.000000,1.000000,0.000000,0.000000,0.000000,0.200000,906.825989,0.000000,0.000000,0.200000,193.614807,1.300000,-1.700000,
34.089057,2,1.000000,0.000000,0.000000,0.000000,1.000000,0.000000,0.000000,0.000000,0.200000,906.874023,0.000000,0.000000,0.200000,193.684464,1.300000,-1.700000,
34.126831,2,1.000000,0.000000,0.000000,0.000000,1.000000,0.000000,0.000000,0.000000,0.200000,906.906006,0.000000,0.000000,0.200000,193.755005,1.300000,-1.700000,
34.166183,2,1.000000,0.000000,0.000000,0.000000,1.000000,0.000000,0.000000,0.000000,0.200000,906.945984,0.000000,0.000000,0.200000,193.831757,1.300000,-1.700000,
34.205625,2,1.000000,0.000000,0.000000,0.000000,1.000000,0.000000,0.000000,0.000000,0.200000,906.986023,0.000000,0.000000,0.200000,193.895065,1.300000,-1.700000,
34.246670,2,1.000000,0.000000,0.000000,0.000000,1.000000,0.000000,0.000000,0.000000,0.200000,907.026001,0.000000,0.000000,0.200000,193.965836,1.300000,-1.700000,
34.286291,2,1.000000,0.000000,0.000000,0.000000,1.000000,0.000000,0.000000,0.000000,0.200000,907.065979,0.000000,0.000000,0.200000,194.036942,1.300000,-1.700000,
34.326035,2,1.000000,0.000000,0.000000,0.000000,1.000000,0.000000,0.000000,0.000000,0.200000,907.104980,0.000000,0.000000,0.200000,194.099762,1.300000,-1.700000,
34.365912,2,1.000000,0.000000,0.000000,0.000000,1.000000,0.000000,0.000000,0.000000,0.200000,907.145996,0.000000,0.000000,0.200000,194.175247,1.300000,-1.700000,
34.405334,2,1.000000,0.000000,0.000000,0.000000,1.000000,0.000000,0.000000,0.000000,0.200000,907.185974,0.000000,0.000000,0.200000,194.245987,1.300000,-1.700000,
34.445288,2,1.000000,0.000000,0.000000,0.000000,1.000000,0.000000,0.000000,0.000000,0.200000,907.224976,0.000000,0.000000,0.200000,194.310410,1.300000,-1.700000,
34.491633,2,1.000000,0.000000,0.000000,0.000000,1.000000,0.000000,0.000000,0.000000,0.200000,907.265015,0.000000,0.000000,0.200000,194.380798,1.300000,-1.700000,
34.527034,2,1.000000,0.000000,0.000000,0.000000,1.000000,0.000000,0.000000,0.000000,0.200000,907.296997,0.000000,0.000000,0.200000,194.416611,1.300000,-1.700000,
34.569102,2,1.000000,0.000000,0.000000,0.000000,1.000000,0.000000,0.000000,0.000000,0.200000,907.344971,0.000000,0.000000,0.200000,194.523788,1.300000,-1.700000,
34.606370,2,1.000000,0.000000,0.000000,0.000000,1.000000,0.000000,0.000000,0.000000,0.200000,907.385986,0.000000,0.000000,0.200000,194.595673,1.300000,-1.700000,
34.648307,2,1.000000,0.000000,0.000000,0.000000,1.000000,0.000000,0.000000,0.000000,0.200000,907.416016,0.000000,0.000000,0.200000,194.633209,1.300000,-1.700000,
34.686672,2,1.000000,0.000000,0.000000,0.000000,1.000000,0.000000,0.000000,0.000000,0.200000,907.468018,0.000000,0.000000,0.200000,194.736099,1.300000,-1.700000,
34.725762,2,1.000000,0.000000,0.000000,0.000000,1.000000,0.000000,0.000000,0.000000,0.200000,907.508972,0.000000,0.000000,0.200000,194.800980,1.300000,-1.700000,
34.766783,2,1.000000,0.000000,0.000000,0.000000,1.000000,0.000000,0.000000,0.000000,0.200000,908.340027,0.000000,0.000000,0.200000,194.800980,1.300000,-1.700000,
34.805399,2,1.000000,0.000000,0.000000,0.000000,1.000000,0.000000,0.000000,0.000000,0.200000,908.010010,0.000000,0.000000,0.200000,194.945999,1.300000,-1.700000,
34.846137,2,1.000000,0.000000,0.000000,0.000000,1.000000,0.000000,0.000000,0.000000,0.200000,908.460022,0.000000,0.000000,0.200000,194.975769,1.300000,-1.700000,
34.886382,2,1.000000,0.000000,0.000000,0.000000,1.000000,0.000000,0.000000,0.000000,0.200000,907.668030,0.000000,0.000000,0.200000,195.081467,1.300000,-1.700000,
34.926765,2,1.000000,0.000000,0.000000,0.000000,1.000000,0.000000,0.000000,0.000000,0.200000,907.711975,0.000000,0.000000,0.200000,195.153030,1.300000,-1.700000,
34.968799,2,1.000000,0.000000,0.000000,0.000000,1.000000,0.000000,0.000000,0.000000,0.200000,907.744995,0.000000,0.000000,0.200000,195.225082,1.300000,-1.700000,
35.006517,2,1.000000,0.000000,0.000000,0.000000,1.000000,0.000000,0.000000,0.000000,0.200000,907.784973,0.000000,0.000000,0.200000,195.296112,1.300000,-1.700000,
35.046325,2,1.000000,0.000000,0.000000,0.000000,1.000000,0.000000,0.000000,0.000000,0.200000,907.827026,0.000000,0.000000,0.200000,195.366608,1.300000,-1.700000,
35.085294,2,1.000000,0.000000,0.000000,0.000000,1.000000,0.000000,0.000000,0.000000,0.200000,907.864014,0.000000,0.000000,0.200000,195.433609,1.300000,-1.700000,
35.128583,2,1.000000,0.000000,0.000000,0.000000,1.000000,0.000000,0.000000,0.000000,0.200000,907.903992,0.000000,0.000000,0.200000,195.469772,1.300000,-1.700000,
35.172287,2,1.000000,0.000000,0.000000,0.000000,1.000000,0.000000,0.000000,0.000000,0.200000,907.945984,0.000000,0.000000,0.200000,195.469772,1.300000,-1.700000,
35.205997,2,1.000000,0.000000,0.000000,0.000000,1.000000,0.000000,0.000000,0.000000,0.200000,907.989014,0.000000,0.000000,0.200000,195.643188,1.300000,-1.700000,
35.246652,2,1.000000,0.000000,0.000000,0.000000,1.000000,0.000000,0.000000,0.000000,0.200000,908.033020,0.000000,0.000000,0.200000,195.711411,1.300000,-1.700000,
35.285545,2,1.000000,0.000000,0.000000,0.000000,1.000000,0.000000,0.000000,0.000000,0.200000,908.072998,0.000000,0.000000,0.200000,195.745056,1.300000,-1.700000,
35.325607,2,1.000000,0.000000,0.000000,0.000000,1.000000,0.000000,0.000000,0.000000,0.200000,908.104980,0.000000,0.000000,0.200000,195.745056,1.300000,-1.700000,
35.366486,2,1.000000,0.000000,0.000000,0.000000,1.000000,0.000000,0.000000,0.000000,0.200000,908.150024,0.000000,0.000000,0.200000,195.915024,1.300000,-1.700000,
35.405418,2,1.000000,0.000000,0.000000,0.000000,1.000000,0.000000,0.000000,0.000000,0.200000,908.187012,0.000000,0.000000,0.200000,195.977020,1.300000,-1.700000,
35.445794,2,1.000000,0.000000,0.000000,0.000000,1.000000,0.000000,0.000000,0.000000,0.200000,908.226990,0.000000,0.000000,0.200000,196.045059,1.300000,-1.700000,
35.486248,2,1.000000,0.000000,0.000000,0.000000,1.000000,0.000000,0.000000,0.000000,0.200000,908.265015,0.000000,0.000000,0.200000,196.085022,1.300000,-1.700000,
35.526143,2,1.000000,0.000000,0.000000,0.000000,1.000000,0.000000,0.000000,0.000000,0.200000,908.302979,0.000000,0.000000,0.200000,196.180862,1.300000,-1.700000,
35.566499,2,1.000000,0.000000,0.000000,0.000000,1.000000,0.000000,0.000000,0.000000,0.200000,908.344971,0.000000,0.000000,0.200000,196.222443,1.200000,-1.700000,
35.606601,2,1.000000,0.000000,0.000000,0.000000,1.000000,0.000000,0.000000,0.000000,0.200000,908.382996,0.000000,0.000000,0.200000,196.318680,1.200000,-1.700000,
35.645812,2,1.000000,0.000000,0.000000,0.000000,1.000000,0.000000,0.000000,0.000000,0.200000,908.424011,0.000000,0.000000,0.200000,196.386002,1.200000,-1.700000,
35.685589,2,1.000000,0.000000,0.000000,0.000000,1.000000,0.000000,0.000000,0.000000,0.200000,908.463989,0.000000,0.000000,0.200000,196.452011,1.200000,-1.700000,
35.725601,2,1.000000,0.000000,0.000000,0.000000,1.000000,0.000000,0.000000,0.000000,0.200000,908.513000,0.000000,0.000000,0.200000,196.520782,1.200000,-1.700000,
35.771404,2,1.000000,0.000000,0.000000,0.000000,1.000000,0.000000,0.000000,0.000000,0.200000,908.640015,0.000000,0.000000,0.200000,196.555557,1.200000,-1.700000,
35.809544,2,1.000000,0.000000,0.000000,0.000000,1.000000,0.000000,0.000000,0.000000,0.200000,908.989990,0.000000,0.000000,0.200000,196.649460,1.200000,-1.700000,
35.846225,2,1.000000,0.000000,0.000000,0.000000,1.000000,0.000000,0.000000,0.000000,0.200000,909.349976,0.000000,0.000000,0.200000,196.683640,1.200000,-1.700000,
35.888878,2,1.000000,0.000000,0.000000,0.000000,1.000000,0.000000,0.000000,0.000000,0.200000,908.656982,0.000000,0.000000,0.200000,196.723007,1.200000,-1.700000,
35.925954,2,1.000000,0.000000,0.000000,0.000000,1.000000,0.000000,0.000000,0.000000,0.200000,908.705994,0.000000,0.000000,0.200000,196.851013,1.200000,-1.700000,
35.965881,2,1.000000,0.000000,0.000000,0.000000,1.000000,0.000000,0.000000,0.000000,0.200000,908.747986,0.000000,0.000000,0.200000,196.918701,1.200000,-1.700000,
36.006758,2,1.000000,0.000000,0.000000,0.000000,1.000000,0.000000,0.000000,0.000000,0.200000,908.778992,0.000000,0.000000,0.200000,196.951370,1.200000,-1.700000,
36.045412,2,1.000000,0.000000,0.000000,0.000000,1.000000,0.000000,0.000000,0.000000,0.200000,908.833984,0.000000,0.000000,0.200000,197.052322,1.200000,-1.700000,
36.085413,2,1.000000,0.000000,0.000000,0.000000,1.000000,0.000000,0.000000,0.000000,0.200000,908.866028,0.000000,0.000000,0.200000,197.119247,1.200000,-1.700000,
36.125869,2,1.000000,0.000000,0.000000,0.000000,1.000000,0.000000,0.000000,0.000000,0.200000,908.903992,0.000000,0.000000,0.200000,197.187759,1.200000,-1.700000,
36.165682,2,1.000000,0.000000,0.000000,0.000000,1.000000,0.000000,0.000000,0.000000,0.200000,908.945007,0.000000,0.000000,0.200000,197.261047,1.200000,-1.700000,
36.205681,2,1.000000,0.000000,0.000000,0.000000,1.000000,0.000000,0.000000,0.000000,0.200000,908.991028,0.000000,0.000000,0.200000,197.320419,1.200000,-1.700000,
36.250410,2,1.000000,0.000000,0.000000,0.000000,1.000000,0.000000,0.000000,0.000000,0.200000,909.020996,0.000000,0.000000,0.200000,197.353622,1.200000,-1.700000,
36.285857,2,1.000000,0.000000,0.000000,0.000000,1.000000,0.000000,0.000000,0.000000,0.200000,909.068970,0.000000,0.000000,0.200000,197.451584,1.200000,-1.700000,
36.326057,2,1.000000,0.000000,0.000000,0.000000,1.000000,0.000000,0.000000,0.000000,0.200000,909.107971,0.000000,0.000000,0.200000,197.512924,1.200000,-1.700000,
36.366872,2,1.000000,0.000000,0.000000,0.000000,1.000000,0.000000,0.000000,0.000000,0.200000,909.146973,0.000000,0.000000,0.200000,197.584061,1.200000,-1.700000,
36.405747,2,1.000000,0.000000,0.000000,0.000000,1.000000,0.000000,0.000000,0.000000,0.200000,909.187012,0.000000,0.000000,0.200000,197.644318,1.200000,-1.700000,
36.447899,2,1.000000,0.000000,0.000000,0.000000,1.000000,0.000000,0.000000,0.000000,0.200000,909.221008,0.000000,0.000000,0.200000,197.677414,1.200000,-1.700000,
36.486871,2,1.000000,0.000000,0.000000,0.000000,1.000000,0.000000,0.000000,0.000000,0.200000,909.270996,0.000000,0.000000,0.200000,197.774673,1.200000,-1.700000,
36.526213,2,1.000000,0.000000,0.000000,0.000000,1.000000,0.000000,0.000000,0.000000,0.200000,909.314026,0.000000,0.000000,0.200000,197.842453,1.200000,-1.700000,
36.566157,2,1.000000,0.000000,0.000000,0.000000,1.000000,0.000000,0.000000,0.000000,0.200000,909.354004,0.000000,0.000000,0.200000,197.874435,1.200000,-1.700000,
36.605564,2,1.000000,0.000000,0.000000,0.000000,1.000000,0.000000,0.000000,0.000000,0.200000,909.393005,0.000000,0.000000,0.200000,197.972534,1.200000,-1.700000,
36.645539,2,1.000000,0.000000,0.000000,0.000000,1.000000,0.000000,0.000000,0.000000,0.200000,909.432983,0.000000,0.000000,0.200000,198.037918,1.200000,-1.700000,
36.691001,2,1.000000,0.000000,0.000000,0.000000,1.000000,0.000000,0.000000,0.000000,0.200000,909.465027,0.000000,0.000000,0.200000,198.102066,1.200000,-1.800000,
36.726202,2,1.000000,0.000000,0.000000,0.000000,1.000000,0.000000,0.000000,0.000000,0.200000,909.510986,0.000000,0.000000,0.200000,198.161789,1.200000,-1.800000,
36.770901,2,1.000000,0.000000,0.000000,0.000000,1.000000,0.000000,0.000000,0.000000,0.200000,910.440002,0.000000,0.000000,0.200000,198.232697,1.200000,-1.800000,
36.810138,2,1.000000,0.000000,0.000000,0.000000,1.000000,0.000000,0.000000,0.000000,0.200000,909.969971,0.000000,0.000000,0.200000,198.297501,1.200000,-1.800000,
36.846005,2,1.000000,0.000000,0.000000,0.000000,1.000000,0.000000,0.000000,0.000000,0.200000,910.400024,0.000000,0.000000,0.200000,198.361038,1.200000,-1.800000,
36.886293,2,1.000000,0.000000,0.000000,0.000000,1.000000,0.000000,0.000000,0.000000,0.200000,909.669983,0.000000,0.000000,0.200000,198.417938,1.200000,-1.800000,
36.926048,2,1.000000,0.000000,0.000000,0.000000,1.000000,0.000000,0.000000,0.000000,0.200000,909.710022,0.000000,0.000000,0.200000,198.484589,1.200000,-1.800000,
36.966267,2,1.000000,0.000000,0.000000,0.000000,1.000000,0.000000,0.000000,0.000000,0.200000,909.747986,0.000000,0.000000,0.200000,198.555481,1.200000,-1.800000,
37.009913,2,1.000000,0.000000,0.000000,0.000000,1.000000,0.000000,0.000000,0.000000,0.200000,909.789001,0.000000,0.000000,0.200000,198.613266,1.200000,-1.800000,
37.046507,2,1.000000,0.000000,0.000000,0.000000,1.000000,0.000000,0.000000,0.000000,0.200000,909.833984,0.000000,0.000000,0.200000,198.678299,1.200000,-1.800000,
37.086309,2,1.000000,0.000000,0.000000,0.000000,1.000000,0.000000,0.000000,0.000000,0.200000,909.866028,0.000000,0.000000,0.200000,198.742310,1.200000,-1.800000,
37.128355,2,1.000000,0.000000,0.000000,0.000000,1.000000,0.000000,0.000000,0.000000,0.200000,909.903992,0.000000,0.000000,0.200000,198.808212,1.200000,-1.800000,
37.167692,2,1.000000,0.000000,0.000000,0.000000,1.000000,0.000000,0.000000,0.000000,0.200000,909.947998,0.000000,0.000000,0.200000,198.871292,1.200000,-1.800000,
37.205128,2,1.000000,0.000000,0.000000,0.000000,1.000000,0.000000,0.000000,0.000000,0.200000,909.986023,0.000000,0.000000,0.200000,198.929962,1.100000,-1.800000,
37.245278,2,1.000000,0.000000,0.000000,0.000000,1.000000,0.000000,0.000000,0.000000,0.200000,910.026978,0.000000,0.000000,0.200000,199.000671,1.100000,-1.800000,
37.285482,2,1.000000,0.000000,0.000000,0.000000,1.000000,0.000000,0.000000,0.000000,0.200000,910.065979,0.000000,0.000000,0.200000,199.065399,1.100000,-1.800000,
37.326247,2,1.000000,0.000000,0.000000,0.000000,1.000000,0.000000,0.000000,0.000000,0.200000,910.116028,0.000000,0.000000,0.200000,199.131668,1.100000,-1.800000,
37.368590,2,1.000000,0.000000,0.000000,0.000000,1.000000,0.000000,0.000000,0.000000,0.200000,910.145020,0.000000,0.000000,0.200000,199.158279,1.100000,-1.800000,
37.408614,2,1.000000,0.000000,0.000000,0.000000,1.000000,0.000000,0.000000,0.000000,0.200000,910.190002,0.000000,0.000000,0.200000,199.257065,1.100000,-1.800000,
37.446654,2,1.000000,0.000000,0.000000,0.000000,1.000000,0.000000,0.000000,0.000000,0.200000,910.226990,0.000000,0.000000,0.200000,199.322083,1.100000,-1.800000,
37.486356,2,1.000000,0.000000,0.000000,0.000000,1.000000,0.000000,0.000000,0.000000,0.200000,910.270996,0.000000,0.000000,0.200000,199.384766,1.100000,-1.800000,
37.528883,2,1.000000,0.000000,0.000000,0.000000,1.000000,0.000000,0.000000,0.000000,0.200000,910.312988,0.000000,0.000000,0.200000,199.449570,1.100000,-1.800000,
37.568572,2,1.000000,0.000000,0.000000,0.000000,1.000000,0.000000,0.000000,0.000000,0.200000,910.351990,0.000000,0.000000,0.200000,199.516022,1.100000,-1.800000,
37.605525,2,1.000000,0.000000,0.000000,0.000000,1.000000,0.000000,0.000000,0.000000,0.200000,910.393982,0.000000,0.000000,0.200000,199.570923,1.100000,-1.800000,
37.645481,2,1.000000,0.000000,0.000000,0.000000,1.000000,0.000000,0.000000,0.000000,0.200000,910.432007,0.000000,0.000000,0.200000,199.632980,1.100000,-1.800000,
37.690249,2,1.000000,0.000000,0.000000,0.000000,1.000000,0.000000,0.000000,0.000000,0.200000,910.471985,0.000000,0.000000,0.200000,199.691635,1.100000,-1.800000,
37.725518,2,1.000000,0.000000,0.000000,0.000000,1.000000,0.000000,0.000000,0.000000,0.200000,910.513000,0.000000,0.000000,0.200000,199.753448,1.100000,-1.800000,
37.766219,2,1.000000,0.000000,0.000000,0.000000,1.000000,0.000000,0.000000,0.000000,0.200000,910.650024,0.000000,0.000000,0.200000,199.813339,1.100000,-1.800000,
37.805608,2,1.000000,0.000000,0.000000,0.000000,1.000000,0.000000,0.000000,0.000000,0.200000,911.020020,0.000000,0.000000,0.200000,199.867905,1.100000,-1.800000,
37.845888,2,1.000000,0.000000,0.000000,0.000000,1.000000,0.000000,0.000000,0.000000,0.200000,911.400024,0.000000,0.000000,0.200000,199.936264,1.100000,-1.800000,
37.885264,2,1.000000,0.000000,0.000000,0.000000,1.000000,0.000000,0.000000,0.000000,0.200000,910.664978,0.000000,0.000000,0.200000,199.991043,1.100000,-1.800000,
37.930667,2,1.000000,0.000000,0.000000,0.000000,1.000000,0.000000,0.000000,0.000000,0.200000,910.705994,0.000000,0.000000,0.200000,200.053238,1.100000,-1.800000,
37.970278,2,1.000000,0.000000,0.000000,0.000000,1.000000,0.000000,0.000000,0.000000,0.200000,910.747986,0.000000,0.000000,0.200000,200.113892,1.100000,-1.800000,
38.006003,2,1.000000,0.000000,0.000000,0.000000,1.000000,0.000000,0.000000,0.000000,0.200000,910.784973,0.000000,0.000000,0.200000,200.176208,1.100000,-1.800000,
38.045218,2,1.000000,0.000000,0.000000,0.000000,1.000000,0.000000,0.000000,0.000000,0.200000,910.822998,0.000000,0.000000,0.200000,200.239075,1.100000,-1.800000,
38.091566,2,1.000000,0.000000,0.000000,0.000000,1.000000,0.000000,0.000000,0.000000,0.200000,910.864014,0.000000,0.000000,0.200000,200.301117,1.100000,-1.800000,
38.126870,2,1.000000,0.000000,0.000000,0.000000,1.000000,0.000000,0.000000,0.000000,0.200000,910.908020,0.000000,0.000000,0.200000,200.363678,1.100000,-1.800000,
38.169481,2,1.000000,0.000000,0.000000,0.000000,1.000000,0.000000,0.000000,0.000000,0.200000,910.948975,0.000000,0.000000,0.200000,200.432526,1.100000,-1.800000,
38.205827,2,1.000000,0.000000,0.000000,0.000000,1.000000,0.000000,0.000000,0.000000,0.200000,910.982971,0.000000,0.000000,0.200000,200.487091,1.100000,-1.800000,
38.246984,2,1.000000,0.000000,0.000000,0.000000,1.000000,0.000000,0.000000,0.000000,0.200000,911.023987,0.000000,0.000000,0.200000,200.547165,1.100000,-1.800000,
38.296150,2,1.000000,0.000000,0.000000,0.000000,1.000000,0.000000,0.000000,0.000000,0.200000,911.065002,0.000000,0.000000,0.200000,200.599945,1.100000,-1.800000,
38.330838,2,1.000000,0.000000,0.000000,0.000000,1.000000,0.000000,0.000000,0.000000,0.200000,911.088989,0.000000,0.000000,0.200000,200.599945,1.100000,-1.800000,
38.365864,2,1.000000,0.000000,0.000000,0.000000,1.000000,0.000000,0.000000,0.000000,0.200000,911.153992,0.000000,0.000000,0.200000,200.722961,1.100000,-1.800000,
38.406216,2,1.000000,0.000000,0.000000,0.000000,1.000000,0.000000,0.000000,0.000000,0.200000,911.192017,0.000000,0.000000,0.200000,200.774445,1.100000,-1.800000,
38.447220,2,1.000000,0.000000,0.000000,0.000000,1.000000,0.000000,0.000000,0.000000,0.200000,911.228027,0.000000,0.000000,0.200000,200.830856,1.100000,-1.800000,
38.488666,2,1.000000,0.000000,0.000000,0.000000,1.000000,0.000000,0.000000,0.000000,0.200000,911.270996,0.000000,0.000000,0.200000,200.887405,1.100000,-1.800000,
38.525788,2,1.000000,0.000000,0.000000,0.000000,1.000000,0.000000,0.000000,0.000000,0.200000,911.302002,0.000000,0.000000,0.200000,200.944229,1.100000,-1.800000,
38.566143,2,1.000000,0.000000,0.000000,0.000000,1.000000,0.000000,0.000000,0.000000,0.200000,911.343018,0.000000,0.000000,0.200000,201.007248,1.100000,-1.800000,
38.612474,2,1.000000,0.000000,0.000000,0.000000,1.000000,0.000000,0.000000,0.000000,0.200000,911.382996,0.000000,0.000000,0.200000,201.059357,1.100000,-1.800000,
38.646599,2,1.000000,0.000000,0.000000,0.000000,1.000000,0.000000,0.000000,0.000000,0.200000,911.424988,0.000000,0.000000,0.200000,201.117020,1.100000,-1.800000,
38.686078,2,1.000000,0.000000,0.000000,0.000000,1.000000,0.000000,0.000000,0.000000,0.200000,911.468994,0.000000,0.000000,0.200000,201.174500,1.100000,-1.800000,
38.725254,2,1.000000,0.000000,0.000000,0.000000,1.000000,0.000000,0.000000,0.000000,0.200000,911.507019,0.000000,0.000000,0.200000,201.234314,1.100000,-1.800000,
38.770260,2,1.000000,0.000000,0.000000,0.000000,1.000000,0.000000,0.000000,0.000000,0.200000,911.536987,0.000000,0.000000,0.200000,201.257385,1.100000,-1.800000,
38.805728,2,1.000000,0.000000,0.000000,0.000000,1.000000,0.000000,0.000000,0.000000,0.200000,912.039978,0.000000,0.000000,0.200000,201.353943,1.100000,-1.800000,
38.848732,2,1.000000,0.000000,0.000000,0.000000,1.000000,0.000000,0.000000,0.000000,0.200000,912.440002,0.000000,0.000000,0.200000,201.416931,1.100000,-1.800000,
38.886721,2,1.000000,0.000000,0.000000,0.000000,1.000000,0.000000,0.000000,0.000000,0.200000,911.674011,0.000000,0.000000,0.200000,201.469589,1.100000,-1.800000,
38.926023,2,1.000000,0.000000,0.000000,0.000000,1.000000,0.000000,0.000000,0.000000,0.200000,911.713013,0.000000,0.000000,0.200000,201.529709,1.100000,-1.900000,
38.966786,2,1.000000,0.000000,0.000000,0.000000,1.000000,0.000000,0.000000,0.000000,0.200000,911.742981,0.000000,0.000000,0.200000,201.612396,1.100000,-1.800000,
39.005644,2,1.000000,0.000000,0.000000,0.000000,1.000000,0.000000,0.000000,0.000000,0.200000,911.784973,0.000000,0.000000,0.200000,201.686615,1.100000,-1.800000,
39.045341,2,1.000000,0.000000,0.000000,0.000000,1.000000,0.000000,0.000000,0.000000,0.200000,911.823975,0.000000,0.000000,0.200000,201.735641,1.100000,-1.800000,
39.086348,2,1.000000,0.000000,0.000000,0.000000,1.000000,0.000000,0.000000,0.000000,0.200000,911.861023,0.000000,0.000000,0.200000,201.764313,1.100000,-1.900000,
39.125978,2,1.000000,0.000000,0.000000,0.000000,1.000000,0.000000,0.000000,0.000000,0.200000,911.906982,0.000000,0.000000,0.200000,201.868591,1.100000,-1.800000,
39.166716,2,1.000000,0.000000,0.000000,0.000000,1.000000,0.000000,0.000000,0.000000,0.200000,911.947021,0.000000,0.000000,0.200000,201.933105,1.100000,-1.800000,
39.206882,2,1.000000,0.000000,0.000000,0.000000,1.000000,0.000000,0.000000,0.000000,0.200000,911.979980,0.000000,0.000000,0.200000,201.982956,1.100000,-1.900000,
39.245603,2,1.000000,0.000000,0.000000,0.000000,1.000000,0.000000,0.000000,0.000000,0.200000,912.033020,0.000000,0.000000,0.200000,202.047058,1.100000,-1.900000,
39.285758,2,1.000000,0.000000,0.000000,0.000000,1.000000,0.000000,0.000000,0.000000,0.200000,912.070984,0.000000,0.000000,0.200000,202.104828,1.100000,-1.800000,
39.333290,2,1.000000,0.000000,0.000000,0.000000,1.000000,0.000000,0.000000,0.000000,0.200000,912.101013,0.000000,0.000000,0.200000,202.163101,1.100000,-1.800000,
39.365907,2,1.000000,0.000000,0.000000,0.000000,1.000000,0.000000,0.000000,0.000000,0.200000,912.148010,0.000000,0.000000,0.200000,202.224396,1.100000,-1.900000,
39.405990,2,1.000000,0.000000,0.000000,0.000000,1.000000,0.000000,0.000000,0.000000,0.200000,912.187012,0.000000,0.000000,0.200000,202.280304,1.100000,-1.800000,
39.445471,2,1.000000,0.000000,0.000000,0.000000,1.000000,0.000000,0.000000,0.000000,0.200000,912.231018,0.000000,0.000000,0.200000,202.337997,1.100000,-1.800000,
39.486445,2,1.000000,0.000000,0.000000,0.000000,1.000000,0.000000,0.000000,0.000000,0.200000,912.273987,0.000000,0.000000,0.200000,202.393234,1.100000,-1.900000,
39.530403,2,1.000000,0.000000,0.000000,0.000000,1.000000,0.000000,0.000000,0.000000,0.200000,912.314026,0.000000,0.000000,0.200000,202.438187,1.100000,-1.900000,
39.568350,2,1.000000,0.000000,0.000000,0.000000,1.000000,0.000000,0.000000,0.000000,0.200000,912.346008,0.000000,0.000000,0.200000,202.438187,1.100000,-1.900000,
39.606429,2,1.000000,0.000000,0.000000,0.000000,1.000000,0.000000,0.000000,0.000000,0.200000,912.385986,0.000000,0.000000,0.200000,202.589203,1.000000,-2.000000,
39.646165,2,1.000000,0.000000,0.000000,0.000000,1.000000,0.000000,0.000000,0.000000,0.200000,912.427002,0.000000,0.000000,0.200000,202.770065,1.100000,-1.800000,
39.698183,2,1.000000,0.000000,0.000000,0.000000,1.000000,0.000000,0.000000,0.000000,0.200000,912.476990,0.000000,0.000000,0.200000,202.895920,0.600000,-1.600000,
39.725148,2,1.000000,0.000000,0.000000,0.000000,1.000000,0.000000,0.000000,0.000000,0.200000,912.505981,0.000000,0.000000,0.200000,202.874084,0.500000,-1.700000,
39.768050,2,1.000000,0.000000,0.000000,0.000000,1.000000,0.000000,0.000000,0.000000,0.200000,913.140015,0.000000,0.000000,0.200000,202.929932,0.700000,-1.900000,
