6.533314,1,1.000000,0.000000,0.000000,0.000000,0.000000,0.000000,1.000000,1.000000,1.260000,933.560974,0.000000,0.000000,1.260000,131.035385,0.900000,-1.400000,0.000000,-10000.000000,-10000.000000,-10000.000000
6.569342,1,1.000000,0.000000,0.000000,0.000000,0.000000,0.000000,1.000000,1.000000,1.280000,933.624023,0.000000,0.000000,1.280000,131.035385,0.900000,-1.400000,0.000000,-10000.000000,-10000.000000,-10000.000000
6.600235,1,1.000000,0.000000,0.000000,0.000000,0.000000,0.000000,1.000000,1.000000,1.280000,934.153015,0.000000,0.000000,1.280000,131.025238,0.900000,-1.400000,0.000000,-10000.000000,-10000.000000,-10000.000000
6.639746,1,1.000000,0.000000,0.000000,0.000000,0.000000,0.000000,1.000000,1.000000,1.290000,934.093018,0.000000,0.000000,1.290000,131.042297,0.800000,-1.400000,0.000000,-10000.000000,-10000.000000,-10000.000000
6.685998,1,1.000000,0.000000,0.000000,0.000000,0.000000,0.000000,1.000000,1.000000,1.290000,934.552979,0.000000,0.000000,1.290000,131.042297,0.800000,-1.400000,0.000000,-10000.000000,-10000.000000,-10000.000000
6.717326,1,1.000000,0.000000,0.000000,0.000000,0.000000,0.000000,1.000000,1.000000,1.310000,933.775024,0.000000,0.000000,1.310000,131.049286,0.900000,-1.400000,0.000000,-10000.000000,-10000.000000,-10000.000000
6.757637,1,1.000000,0.000000,0.000000,0.000000,0.000000,0.000000,1.000000,1.000000,1.310000,933.812012,0.000000,0.000000,1.310000,131.024414,0.900000,-1.400000,0.000000,-10000.000000,-10000.000000,-10000.000000
6.804157,1,1.000000,0.000000,0.000000,0.000000,0.000000,0.000000,1.000000,1.000000,1.310000,933.854980,0.000000,0.000000,1.310000,131.020309,0.800000,-1.400000,0.000000,-10000.000000,-10000.000000,-10000.000000
6.836082,1,1.000000,0.000000,0.000000,0.000000,0.000000,0.000000,1.000000,1.000000,1.320000,933.898010,0.000000,0.000000,1.320000,131.014252,0.900000,-1.400000,0.000000,-10000.000000,-10000.000000,-10000.000000
6.874849,1,1.000000,0.000000,0.000000,0.000000,0.000000,0.000000,1.000000,1.000000,1.320000,933.937988,0.000000,0.000000,1.320000,131.027603,0.900000,-1.400000,0.000000,-10000.000000,-10000.000000,-10000.000000
6.916688,1,1.000000,0.000000,0.000000,0.000000,0.000000,0.000000,1.000000,1.000000,1.320000,933.981018,0.000000,0.000000,1.320000,131.022751,0.800000,-1.400000,0.000000,-10000.000000,-10000.000000,-10000.000000
6.958367,1,1.000000,0.000000,0.000000,0.000000,0.000000,0.000000,1.000000,1.000000,1.320000,934.018982,0.000000,0.000000,1.320000,131.022751,0.800000,-1.400000,0.000000,-10000.000000,-10000.000000,-10000.000000
6.999017,1,1.000000,0.000000,0.000000,0.000000,0.000000,0.000000,1.000000,1.000000,1.320000,934.059998,0.000000,0.000000,1.320000,131.000671,0.900000,-1.400000,0.000000,-10000.000000,-10000.000000,-10000.000000
7.038329,1,1.000000,0.000000,0.000000,0.000000,0.000000,0.000000,1.000000,1.000000,1.320000,934.101013,0.000000,0.000000,1.320000,130.999756,0.900000,-1.400000,0.000000,-10000.000000,-10000.000000,-10000.000000
7.078739,1,1.000000,0.000000,0.000000,0.000000,0.000000,0.000000,1.000000,1.000000,1.320000,934.132996,0.000000,0.000000,1.320000,130.998993,0.800000,-1.400000,0.000000,-10000.000000,-10000.000000,-10000.000000
7.118487,1,1.000000,0.000000,0.000000,0.000000,0.000000,0.000000,1.000000,1.000000,1.320000,934.176025,0.000000,0.000000,1.320000,131.005478,0.800000,-1.400000,0.000000,-10000.000000,-10000.000000,-10000.000000
7.158113,1,1.000000,0.000000,0.000000,0.000000,0.000000,0.000000,1.000000,1.000000,1.320000,934.218994,0.000000,0.000000,1.320000,131.012573,0.900000,-1.400000,0.000000,-10000.000000,-10000.000000,-10000.000000
7.203159,1,1.000000,0.000000,0.000000,0.000000,0.000000,0.000000,1.000000,1.000000,1.320000,934.252991,0.000000,0.000000,1.320000,130.985870,0.900000,-1.400000,0.000000,-10000.000000,-10000.000000,-10000.000000
7.236802,1,1.000000,0.000000,0.000000,0.000000,0.000000,0.000000,1.000000,1.000000,1.320000,934.302002,0.000000,0.000000,1.320000,131.020126,0.900000,-1.400000,0.000000,-10000.000000,-10000.000000,-10000.000000
7.278094,1,1.000000,0.000000,0.000000,0.000000,0.000000,0.000000,1.000000,1.000000,1.320000,934.331970,0.000000,0.000000,1.320000,131.008957,0.900000,-1.400000,0.000000,-10000.000000,-10000.000000,-10000.000000
7.318649,1,1.000000,0.000000,0.000000,0.000000,0.000000,0.000000,1.000000,1.000000,1.310000,934.375977,0.000000,0.000000,1.310000,130.989456,1.000000,-1.400000,0.000000,-10000.000000,-10000.000000,-10000.000000
7.356366,1,1.000000,0.000000,0.000000,0.000000,0.000000,0.000000,1.000000,1.000000,1.310000,934.413025,0.000000,0.000000,1.310000,130.989456,1.000000,-1.400000,0.000000,-10000.000000,-10000.000000,-10000.000000
7.398826,1,1.000000,0.000000,0.000000,0.000000,0.000000,0.000000,1.000000,1.000000,1.310000,934.458984,0.000000,0.000000,1.310000,130.989456,1.000000,-1.400000,0.000000,-10000.000000,-10000.000000,-10000.000000
7.436197,1,1.000000,0.000000,0.000000,0.000000,0.000000,0.000000,1.000000,1.000000,1.310000,934.500000,0.000000,0.000000,1.310000,130.989456,1.000000,-1.400000,0.000000,-10000.000000,-10000.000000,-10000.000000
7.477434,1,1.000000,0.000000,0.000000,0.000000,0.000000,0.000000,1.000000,1.000000,1.310000,934.541992,0.000000,0.000000,1.310000,130.989456,1.000000,-1.400000,0.000000,-10000.000000,-10000.000000,-10000.000000
7.517624,1,1.000000,0.000000,0.000000,0.000000,0.000000,0.000000,1.000000,1.000000,1.310000,934.572998,0.000000,0.000000,1.310000,130.989456,1.000000,-1.400000,0.000000,-10000.000000,-10000.000000,-10000.000000
7.555898,1,1.000000,0.000000,0.000000,0.000000,0.000000,0.000000,1.000000,1.000000,1.310000,934.617004,0.000000,0.000000,1.310000,130.989456,1.000000,-1.400000,0.000000,-10000.000000,-10000.000000,-10000.000000
7.599590,1,1.000000,0.000000,0.000000,0.000000,0.000000,0.000000,1.000000,1.000000,1.310000,935.153015,0.000000,0.000000,1.310000,130.989456,1.000000,-1.400000,0.000000,-10000.000000,-10000.000000,-10000.000000
7.636974,1,1.000000,0.000000,0.000000,0.000000,0.000000,0.000000,1.000000,1.000000,1.310000,935.103027,0.000000,0.000000,1.310000,130.989456,1.000000,-1.400000,0.000000,-10000.000000,-10000.000000,-10000.000000
7.676285,1,1.000000,0.000000,0.000000,0.000000,0.000000,0.000000,1.000000,1.000000,1.310000,935.533020,0.000000,0.000000,1.310000,130.999908,1.000000,-1.500000,0.000000,-10000.000000,-10000.000000,-10000.000000
7.718704,1,1.000000,0.000000,0.000000,0.000000,0.000000,0.000000,1.000000,1.000000,1.310000,934.781006,0.000000,0.000000,1.310000,131.079941,0.800000,-1.400000,0.000000,-10000.000000,-10000.000000,-10000.000000
7.756901,1,1.000000,0.000000,0.000000,0.000000,0.000000,0.000000,1.000000,1.000000,1.310000,934.815002,0.000000,0.000000,1.310000,131.070328,0.800000,-1.500000,0.000000,-10000.000000,-10000.000000,-10000.000000
7.802677,1,1.000000,0.000000,0.000000,0.000000,0.000000,0.000000,1.000000,1.000000,1.310000,934.862000,0.000000,0.000000,1.310000,131.090881,0.900000,-1.500000,0.000000,-10000.000000,-10000.000000,-10000.000000
7.837226,1,1.000000,0.000000,0.000000,0.000000,0.000000,0.000000,1.000000,1.000000,1.310000,934.900024,0.000000,0.000000,1.310000,131.090881,0.900000,-1.500000,0.000000,-10000.000000,-10000.000000,-10000.000000
7.877495,1,1.000000,0.000000,0.000000,0.000000,0.000000,0.000000,1.000000,1.000000,1.310000,934.937012,0.000000,0.000000,1.310000,131.090881,0.900000,-1.500000,0.000000,-10000.000000,-10000.000000,-10000.000000
7.916977,1,1.000000,0.000000,0.000000,0.000000,0.000000,0.000000,1.000000,1.000000,1.310000,934.981018,0.000000,0.000000,1.310000,131.122391,0.800000,-1.400000,0.000000,-10000.000000,-10000.000000,-10000.000000
7.955860,1,1.000000,0.000000,0.000000,0.000000,0.000000,0.000000,1.000000,1.000000,1.310000,935.013977,0.000000,0.000000,1.310000,131.119186,0.700000,-1.400000,0.000000,-10000.000000,-10000.000000,-10000.000000
7.996051,1,1.000000,0.000000,0.000000,0.000000,0.000000,0.000000,1.000000,1.000000,1.310000,935.057983,0.000000,0.000000,1.310000,131.122421,0.800000,-1.400000,0.000000,-10000.000000,-10000.000000,-10000.000000
8.037702,1,1.000000,0.000000,0.000000,0.000000,0.000000,0.000000,1.000000,1.000000,1.310000,935.098022,0.000000,0.000000,1.310000,131.119949,0.900000,-1.500000,0.000000,-10000.000000,-10000.000000,-10000.000000
8.078480,1,1.000000,0.000000,0.000000,0.000000,0.000000,0.000000,1.000000,1.000000,1.310000,935.138977,0.000000,0.000000,1.310000,131.115601,0.800000,-1.500000,0.000000,-10000.000000,-10000.000000,-10000.000000
8.117582,1,1.000000,0.000000,0.000000,0.000000,0.000000,0.000000,1.000000,1.000000,1.310000,935.177979,0.000000,0.000000,1.310000,131.137253,0.900000,-1.400000,0.000000,-10000.000000,-10000.000000,-10000.000000
8.156713,1,1.000000,0.000000,0.000000,0.000000,0.000000,0.000000,1.000000,1.000000,1.310000,935.218994,0.000000,0.000000,1.310000,131.116470,0.900000,-1.400000,0.000000,-10000.000000,-10000.000000,-10000.000000
8.198068,1,1.000000,0.000000,0.000000,0.000000,0.000000,0.000000,1.000000,1.000000,1.310000,935.258972,0.000000,0.000000,1.310000,131.112396,0.900000,-1.400000,0.000000,-10000.000000,-10000.000000,-10000.000000
8.237754,1,1.000000,0.000000,0.000000,0.000000,0.000000,0.000000,1.000000,1.000000,1.300000,935.299011,0.000000,0.000000,1.300000,131.142960,0.900000,-1.400000,0.000000,-10000.000000,-10000.000000,-10000.000000
8.277343,1,1.000000,0.000000,0.000000,0.000000,0.000000,0.000000,1.000000,1.000000,1.300000,935.333008,0.000000,0.000000,1.300000,131.142960,0.900000,-1.400000,0.000000,-10000.000000,-10000.000000,-10000.000000
8.317074,1,1.000000,0.000000,0.000000,0.000000,0.000000,0.000000,1.000000,1.000000,1.300000,935.375977,0.000000,0.000000,1.300000,131.142960,0.900000,-1.400000,0.000000,-10000.000000,-10000.000000,-10000.000000
8.356758,1,1.000000,0.000000,0.000000,0.000000,0.000000,0.000000,1.000000,1.000000,1.300000,935.418030,0.000000,0.000000,1.300000,131.142960,0.900000,-1.400000,0.000000,-10000.000000,-10000.000000,-10000.000000
8.400623,1,1.000000,0.000000,0.000000,0.000000,0.000000,0.000000,1.000000,1.000000,1.300000,935.460999,0.000000,0.000000,1.300000,131.142960,0.900000,-1.400000,0.000000,-10000.000000,-10000.000000,-10000.000000
8.435490,1,1.000000,0.000000,0.000000,0.000000,0.000000,0.000000,1.000000,1.000000,1.300000,935.499023,0.000000,0.000000,1.300000,131.142960,0.900000,-1.400000,0.000000,-10000.000000,-10000.000000,-10000.000000
8.477610,1,1.000000,0.000000,0.000000,0.000000,0.000000,0.000000,1.000000,1.000000,1.300000,935.541016,0.000000,0.000000,1.300000,131.142960,0.900000,-1.400000,0.000000,-10000.000000,-10000.000000,-10000.000000
8.517613,1,1.000000,0.000000,0.000000,0.000000,0.000000,0.000000,1.000000,1.000000,1.300000,935.573975,0.000000,0.000000,1.300000,131.142960,0.900000,-1.400000,0.000000,-10000.000000,-10000.000000,-10000.000000
8.555882,1,1.000000,0.000000,0.000000,0.000000,0.000000,0.000000,1.000000,1.000000,1.290000,935.617981,0.000000,0.000000,1.290000,131.197968,0.800000,-1.300000,0.000000,-10000.000000,-10000.000000,-10000.000000
8.599399,1,1.000000,0.000000,0.000000,0.000000,0.000000,0.000000,1.000000,1.000000,1.290000,935.651001,0.000000,0.000000,1.290000,131.390869,0.900000,-1.300000,0.000000,-10000.000000,-10000.000000,-10000.000000
8.635548,1,1.000000,0.000000,0.000000,0.000000,0.000000,0.000000,1.000000,1.000000,1.290000,936.062988,0.000000,0.000000,1.290000,131.669525,1.100000,-1.300000,0.000000,-10000.000000,-10000.000000,-10000.000000
8.677600,1,1.000000,0.000000,0.000000,0.000000,0.000000,0.000000,1.000000,1.000000,1.290000,936.523010,0.000000,0.000000,1.290000,132.383270,1.100000,-1.400000,0.000000,-10000.000000,-10000.000000,-10000.000000
8.720511,1,1.000000,0.000000,0.000000,0.000000,0.000000,0.000000,1.000000,1.000000,1.290000,935.773987,0.000000,0.000000,1.290000,132.725830,1.100000,-1.300000,0.000000,-10000.000000,-10000.000000,-10000.000000
8.756474,1,1.000000,0.000000,0.000000,0.000000,0.000000,0.000000,1.000000,1.000000,1.290000,935.818970,0.000000,0.000000,1.290000,133.674637,1.100000,-1.400000,0.000000,-10000.000000,-10000.000000,-10000.000000
8.800907,1,1.000000,0.000000,0.000000,0.000000,0.000000,0.000000,1.000000,1.000000,1.290000,935.861023,0.000000,0.000000,1.290000,134.517548,1.000000,-1.300000,0.000000,-10000.000000,-10000.000000,-10000.000000
8.837040,1,1.000000,0.000000,0.000000,0.000000,0.000000,0.000000,1.000000,1.000000,1.300000,935.893005,0.000000,0.000000,1.300000,134.795990,0.900000,-1.300000,0.000000,-10000.000000,-10000.000000,-10000.000000
8.875507,1,1.000000,0.000000,0.000000,0.000000,0.000000,0.000000,1.000000,1.000000,1.300000,935.937988,0.000000,0.000000,1.300000,134.795990,0.900000,-1.300000,0.000000,-10000.000000,-10000.000000,-10000.000000
8.918114,1,1.000000,0.000000,0.000000,0.000000,0.000000,0.000000,1.000000,1.000000,1.270000,935.978027,0.000000,0.000000,1.270000,135.821915,0.600000,-1.100000,0.000000,-10000.000000,-10000.000000,-10000.000000
8.956458,1,1.000000,0.000000,0.000000,0.000000,0.000000,0.000000,1.000000,1.000000,1.270000,936.015015,0.000000,0.000000,1.270000,136.134827,0.600000,-1.000000,0.000000,-10000.000000,-10000.000000,-10000.000000
8.999820,1,1.000000,0.000000,0.000000,0.000000,0.000000,0.000000,1.000000,1.000000,1.270000,936.057983,0.000000,0.000000,1.270000,136.489029,0.800000,-0.900000,0.000000,-10000.000000,-10000.000000,-10000.000000
9.036209,1,1.000000,0.000000,0.000000,0.000000,0.000000,0.000000,1.000000,1.000000,1.280000,936.101990,0.000000,0.000000,1.280000,136.689209,0.900000,-0.800000,0.000000,-10000.000000,-10000.000000,-10000.000000
9.078397,1,1.000000,0.000000,0.000000,0.000000,0.000000,0.000000,1.000000,1.000000,1.280000,936.135986,0.000000,0.000000,1.280000,136.781311,0.900000,-0.700000,0.000000,-10000.000000,-10000.000000,-10000.000000
9.118638,1,1.000000,0.000000,0.000000,0.000000,0.000000,0.000000,1.000000,1.000000,1.280000,936.179016,0.000000,0.000000,1.280000,137.037216,0.800000,-0.400000,0.000000,-10000.000000,-10000.000000,-10000.000000
9.156060,1,1.000000,0.000000,0.000000,0.000000,0.000000,0.000000,1.000000,1.000000,1.280000,936.223022,0.000000,0.000000,1.280000,137.154083,0.700000,-0.200000,0.000000,-10000.000000,-10000.000000,-10000.000000
9.199178,1,1.000000,0.000000,0.000000,0.000000,0.000000,0.000000,1.000000,1.000000,1.280000,936.260986,0.000000,0.000000,1.280000,137.204330,0.800000,-0.200000,0.000000,-10000.000000,-10000.000000,-10000.000000
9.235748,1,1.000000,0.000000,0.000000,0.000000,0.000000,0.000000,1.000000,1.000000,1.270000,936.299988,0.000000,0.000000,1.270000,137.317581,0.900000,-0.200000,0.000000,-10000.000000,-10000.000000,-10000.000000
9.279141,1,1.000000,0.000000,0.000000,0.000000,0.000000,0.000000,1.000000,1.000000,1.270000,936.340027,0.000000,0.000000,1.270000,137.451584,1.100000,-0.100000,0.000000,-10000.000000,-10000.000000,-10000.000000
9.317556,1,1.000000,0.000000,0.000000,0.000000,0.000000,0.000000,1.000000,1.000000,1.250000,936.380005,0.000000,0.000000,1.250000,137.519699,1.200000,-0.100000,0.000000,-10000.000000,-10000.000000,-10000.000000
9.355865,1,1.000000,0.000000,0.000000,0.000000,0.000000,0.000000,1.000000,1.000000,1.250000,936.414001,0.000000,0.000000,1.250000,137.550964,1.200000,-0.100000,0.000000,-10000.000000,-10000.000000,-10000.000000
9.398797,1,1.000000,0.000000,0.000000,0.000000,0.000000,0.000000,1.000000,1.000000,1.250000,936.456970,0.000000,0.000000,1.250000,137.558136,1.300000,-0.000000,0.000000,-10000.000000,-10000.000000,-10000.000000
9.438508,1,1.000000,0.000000,0.000000,0.000000,0.000000,0.000000,1.000000,1.000000,1.250000,936.497009,0.000000,0.000000,1.250000,137.558136,1.300000,-0.000000,0.000000,-10000.000000,-10000.000000,-10000.000000
9.478968,1,1.000000,0.000000,0.000000,0.000000,0.000000,0.000000,1.000000,1.000000,1.250000,936.538025,0.000000,0.000000,1.250000,137.558136,1.300000,-0.000000,0.000000,-10000.000000,-10000.000000,-10000.000000
9.517690,1,1.000000,0.000000,0.000000,0.000000,0.000000,0.000000,1.000000,1.000000,1.250000,936.578979,0.000000,0.000000,1.250000,137.558136,1.300000,-0.000000,0.000000,-10000.000000,-10000.000000,-10000.000000
9.555772,1,1.000000,0.000000,0.000000,0.000000,0.000000,0.000000,1.000000,1.000000,1.250000,936.619019,0.000000,0.000000,1.250000,137.558136,1.300000,-0.000000,0.000000,-10000.000000,-10000.000000,-10000.000000
9.598790,1,1.000000,0.000000,0.000000,0.000000,0.000000,0.000000,1.000000,1.000000,1.250000,937.353027,0.000000,0.000000,1.250000,137.558136,1.300000,-0.000000,0.000000,-10000.000000,-10000.000000,-10000.000000
9.636520,1,1.000000,0.000000,0.000000,0.000000,0.000000,0.000000,1.000000,1.000000,1.250000,937.112976,0.000000,0.000000,1.250000,137.697571,2.400000,-0.000000,0.000000,-10000.000000,-10000.000000,-10000.000000
9.678566,1,1.000000,0.000000,0.000000,0.000000,0.000000,0.000000,1.000000,1.000000,1.240000,937.552979,0.000000,0.000000,1.240000,137.790710,3.600000,-0.100000,0.000000,-10000.000000,-10000.000000,-10000.000000
9.717234,1,1.000000,0.000000,0.000000,0.000000,0.000000,0.000000,1.000000,1.000000,1.230000,936.776978,0.000000,0.000000,1.230000,137.779221,3.700000,-0.100000,0.000000,-10000.000000,-10000.000000,-10000.000000
9.756058,1,1.000000,0.000000,0.000000,0.000000,0.000000,0.000000,1.000000,1.000000,1.230000,936.822998,0.000000,0.000000,1.230000,137.797134,4.000000,-0.100000,0.000000,-10000.000000,-10000.000000,-10000.000000
9.798782,1,1.000000,0.000000,0.000000,0.000000,0.000000,0.000000,1.000000,1.000000,1.230000,936.854980,0.000000,0.000000,1.230000,137.807999,4.100000,-0.100000,0.000000,-10000.000000,-10000.000000,-10000.000000
9.837479,1,1.000000,0.000000,0.000000,0.000000,0.000000,0.000000,1.000000,1.000000,1.240000,936.898010,0.000000,0.000000,1.240000,137.808029,4.100000,-0.100000,0.000000,-10000.000000,-10000.000000,-10000.000000
9.878391,1,1.000000,0.000000,0.000000,0.000000,0.000000,0.000000,1.000000,1.000000,1.240000,936.942017,0.000000,0.000000,1.240000,137.813889,4.000000,-0.100000,0.000000,-10000.000000,-10000.000000,-10000.000000
9.917515,1,1.000000,0.000000,0.000000,0.000000,0.000000,0.000000,1.000000,1.000000,1.240000,936.973999,0.000000,0.000000,1.240000,137.805878,4.000000,-0.100000,0.000000,-10000.000000,-10000.000000,-10000.000000
9.956422,1,1.000000,0.000000,0.000000,0.000000,0.000000,0.000000,1.000000,1.000000,1.240000,937.013977,0.000000,0.000000,1.240000,137.811340,3.900000,-0.200000,0.000000,-10000.000000,-10000.000000,-10000.000000
9.997813,1,1.000000,0.000000,0.000000,0.000000,0.000000,0.000000,1.000000,1.000000,1.240000,937.054016,0.000000,0.000000,1.240000,137.811340,3.900000,-0.200000,0.000000,-10000.000000,-10000.000000,-10000.000000
10.037459,1,1.000000,0.000000,0.000000,0.000000,0.000000,0.000000,1.000000,1.000000,1.240000,937.094971,0.000000,0.000000,1.240000,137.823761,3.600000,-0.100000,0.000000,-10000.000000,-10000.000000,-10000.000000
10.078679,1,1.000000,0.000000,0.000000,0.000000,0.000000,0.000000,1.000000,1.000000,1.240000,937.137024,0.000000,0.000000,1.240000,137.809860,3.700000,-0.100000,0.000000,-10000.000000,-10000.000000,-10000.000000
10.119887,1,1.000000,0.000000,0.000000,0.000000,0.000000,0.000000,1.000000,1.000000,1.240000,937.177979,0.000000,0.000000,1.240000,137.812851,3.600000,-0.100000,0.000000,-10000.000000,-10000.000000,-10000.000000
10.155538,1,1.000000,0.000000,0.000000,0.000000,0.000000,0.000000,1.000000,1.000000,1.240000,937.218018,0.000000,0.000000,1.240000,137.798599,3.600000,-0.000000,0.000000,-10000.000000,-10000.000000,-10000.000000
10.198713,1,1.000000,0.000000,0.000000,0.000000,0.000000,0.000000,1.000000,1.000000,1.240000,937.258972,0.000000,0.000000,1.240000,137.798599,3.600000,-0.000000,0.000000,-10000.000000,-10000.000000,-10000.000000
10.236069,1,1.000000,0.000000,0.000000,0.000000,0.000000,0.000000,1.000000,1.000000,1.240000,937.299011,0.000000,0.000000,1.240000,137.798599,3.600000,-0.000000,0.000000,-10000.000000,-10000.000000,-10000.000000
10.279588,1,1.000000,0.000000,0.000000,0.000000,0.000000,0.000000,1.000000,1.000000,1.240000,937.341003,0.000000,0.000000,1.240000,137.764038,4.000000,0.100000,0.000000,-10000.000000,-10000.000000,-10000.000000
10.317662,1,1.000000,0.000000,0.000000,0.000000,0.000000,0.000000,1.000000,1.000000,1.220000,937.372986,0.000000,0.000000,1.220000,137.739243,4.000000,0.100000,0.000000,-10000.000000,-10000.000000,-10000.000000
10.359559,1,1.000000,0.000000,0.000000,0.000000,0.000000,0.000000,1.000000,1.000000,1.220000,937.413025,0.000000,0.000000,1.220000,137.733170,4.200000,0.200000,0.000000,-10000.000000,-10000.000000,-10000.000000
10.399397,1,1.000000,0.000000,0.000000,0.000000,0.000000,0.000000,1.000000,1.000000,1.220000,937.455994,0.000000,0.000000,1.220000,137.739014,4.300000,0.200000,0.000000,-10000.000000,-10000.000000,-10000.000000
10.436803,1,1.000000,0.000000,0.000000,0.000000,0.000000,0.000000,1.000000,1.000000,1.210000,937.495972,0.000000,0.000000,1.210000,137.717300,4.200000,0.200000,0.000000,-10000.000000,-10000.000000,-10000.000000
10.478300,1,1.000000,0.000000,0.000000,0.000000,0.000000,0.000000,1.000000,1.000000,1.210000,937.538025,0.000000,0.000000,1.210000,137.693832,4.200000,0.100000,0.000000,-10000.000000,-10000.000000,-10000.000000
10.517794,1,1.000000,0.000000,0.000000,0.000000,0.000000,0.000000,1.000000,1.000000,1.210000,937.578003,0.000000,0.000000,1.210000,137.686630,3.900000,0.000000,0.000000,-10000.000000,-10000.000000,-10000.000000
10.556818,1,1.000000,0.000000,0.000000,0.000000,0.000000,0.000000,1.000000,1.000000,1.210000,937.617981,0.000000,0.000000,1.210000,137.681702,3.700000,-0.000000,0.000000,-10000.000000,-10000.000000,-10000.000000
10.597577,1,1.000000,0.000000,0.000000,0.000000,0.000000,0.000000,1.000000,1.000000,1.210000,938.252991,0.000000,0.000000,1.210000,137.670959,3.400000,-0.100000,0.000000,-10000.000000,-10000.000000,-10000.000000
10.636431,1,1.000000,0.000000,0.000000,0.000000,0.000000,0.000000,1.000000,1.000000,1.210000,938.112976,0.000000,0.000000,1.210000,137.682907,3.200000,-0.100000,0.000000,-10000.000000,-10000.000000,-10000.000000
10.679572,1,1.000000,0.000000,0.000000,0.000000,0.000000,0.000000,1.000000,1.000000,1.210000,938.543030,0.000000,0.000000,1.210000,137.660385,2.900000,-0.200000,0.000000,-10000.000000,-10000.000000,-10000.000000
10.716695,1,1.000000,0.000000,0.000000,0.000000,0.000000,0.000000,1.000000,1.000000,1.200000,937.781006,0.000000,0.000000,1.200000,137.665833,2.700000,-0.200000,0.000000,-10000.000000,-10000.000000,-10000.000000
10.757344,1,1.000000,0.000000,0.000000,0.000000,0.000000,0.000000,1.000000,1.000000,1.200000,937.812012,0.000000,0.000000,1.200000,137.667374,2.600000,-0.200000,0.000000,-10000.000000,-10000.000000,-10000.000000
10.797372,1,1.000000,0.000000,0.000000,0.000000,0.000000,0.000000,1.000000,1.000000,1.200000,937.854004,0.000000,0.000000,1.200000,137.636292,2.600000,-0.200000,0.000000,-10000.000000,-10000.000000,-10000.000000
10.835848,1,1.000000,0.000000,0.000000,0.000000,0.000000,0.000000,1.000000,1.000000,1.190000,937.893982,0.000000,0.000000,1.190000,137.637863,2.600000,-0.200000,0.000000,-10000.000000,-10000.000000,-10000.000000
10.877671,1,1.000000,0.000000,0.000000,0.000000,0.000000,0.000000,1.000000,1.000000,1.190000,937.940979,0.000000,0.000000,1.190000,137.637863,2.600000,-0.200000,0.000000,-10000.000000,-10000.000000,-10000.000000
10.918479,1,1.000000,0.000000,0.000000,0.000000,0.000000,0.000000,1.000000,1.000000,1.190000,937.974976,0.000000,0.000000,1.190000,137.637863,2.600000,-0.200000,0.000000,-10000.000000,-10000.000000,-10000.000000
10.957380,1,1.000000,0.000000,0.000000,0.000000,0.000000,0.000000,1.000000,1.000000,1.190000,938.018005,0.000000,0.000000,1.190000,137.637863,2.600000,-0.200000,0.000000,-10000.000000,-10000.000000,-10000.000000
10.999250,1,1.000000,0.000000,0.000000,0.000000,0.000000,0.000000,1.000000,1.000000,1.190000,938.059998,0.000000,0.000000,1.190000,137.637863,2.600000,-0.200000,0.000000,-10000.000000,-10000.000000,-10000.000000
11.035267,1,1.000000,0.000000,0.000000,0.000000,0.000000,0.000000,1.000000,1.000000,1.190000,938.099976,0.000000,0.000000,1.190000,137.637863,2.600000,-0.200000,0.000000,-10000.000000,-10000.000000,-10000.000000
11.078963,1,1.000000,0.000000,0.000000,0.000000,0.000000,0.000000,1.000000,1.000000,1.190000,938.143005,0.000000,0.000000,1.190000,137.637863,2.600000,-0.200000,0.000000,-10000.000000,-10000.000000,-10000.000000
11.118243,1,1.000000,0.000000,0.000000,0.000000,0.000000,0.000000,1.000000,1.000000,1.190000,938.172974,0.000000,0.000000,1.190000,137.637863,2.600000,-0.200000,0.000000,-10000.000000,-10000.000000,-10000.000000
11.157347,1,1.000000,0.000000,0.000000,0.000000,0.000000,0.000000,1.000000,1.000000,1.190000,938.211975,0.000000,0.000000,1.190000,137.655380,2.500000,-0.200000,0.000000,-10000.000000,-10000.000000,-10000.000000
11.197658,1,1.000000,0.000000,0.000000,0.000000,0.000000,0.000000,1.000000,1.000000,1.190000,938.252014,0.000000,0.000000,1.190000,137.662140,1.900000,-0.300000,0.000000,-10000.000000,-10000.000000,-10000.000000
11.236297,1,1.000000,0.000000,0.000000,0.000000,0.000000,0.000000,1.000000,1.000000,1.190000,938.293030,0.000000,0.000000,1.190000,137.671036,1.700000,-0.300000,0.000000,-10000.000000,-10000.000000,-10000.000000
11.277281,1,1.000000,0.000000,0.000000,0.000000,0.000000,0.000000,1.000000,1.000000,1.190000,938.335022,0.000000,0.000000,1.190000,137.671036,1.700000,-0.300000,0.000000,-10000.000000,-10000.000000,-10000.000000
11.317578,1,1.000000,0.000000,0.000000,0.000000,0.000000,0.000000,1.000000,1.000000,1.180000,938.379028,0.000000,0.000000,1.180000,137.671036,1.700000,-0.300000,0.000000,-10000.000000,-10000.000000,-10000.000000
11.357551,1,1.000000,0.000000,0.000000,0.000000,0.000000,0.000000,1.000000,1.000000,1.180000,938.421997,0.000000,0.000000,1.180000,137.673935,0.900000,-0.800000,0.000000,-10000.000000,-10000.000000,-10000.000000
11.397959,1,1.000000,0.000000,0.000000,0.000000,0.000000,0.000000,1.000000,1.000000,1.180000,938.455994,0.000000,0.000000,1.180000,137.678940,0.900000,-0.800000,0.000000,-10000.000000,-10000.000000,-10000.000000
11.436135,1,1.000000,0.000000,0.000000,0.000000,0.000000,0.000000,1.000000,1.000000,1.180000,938.500000,0.000000,0.000000,1.180000,137.682205,0.800000,-1.000000,0.000000,-10000.000000,-10000.000000,-10000.000000
11.476972,1,1.000000,0.000000,0.000000,0.000000,0.000000,0.000000,1.000000,1.000000,1.180000,938.533997,0.000000,0.000000,1.180000,137.682480,0.700000,-1.000000,0.000000,-10000.000000,-10000.000000,-10000.000000
11.518374,1,1.000000,0.000000,0.000000,0.000000,0.000000,0.000000,1.000000,1.000000,1.180000,938.578979,0.000000,0.000000,1.180000,137.680984,0.700000,-1.100000,0.000000,-10000.000000,-10000.000000,-10000.000000
11.557657,1,1.000000,0.000000,0.000000,0.000000,0.000000,0.000000,1.000000,1.000000,1.180000,938.612000,0.000000,0.000000,1.180000,137.694138,0.600000,-1.200000,0.000000,-10000.000000,-10000.000000,-10000.000000
11.597671,1,1.000000,0.000000,0.000000,0.000000,0.000000,0.000000,1.000000,1.000000,1.180000,939.052979,0.000000,0.000000,1.180000,137.694778,0.600000,-1.300000,0.000000,-10000.000000,-10000.000000,-10000.000000
11.639216,1,1.000000,0.000000,0.000000,0.000000,0.000000,0.000000,1.000000,1.000000,1.170000,939.103027,0.000000,0.000000,1.170000,137.666290,0.700000,-1.300000,0.000000,-10000.000000,-10000.000000,-10000.000000
11.679721,1,1.000000,0.000000,0.000000,0.000000,0.000000,0.000000,1.000000,1.000000,1.170000,939.463013,0.000000,0.000000,1.170000,137.682877,0.700000,-1.400000,0.000000,-10000.000000,-10000.000000,-10000.000000
11.717998,1,1.000000,0.000000,0.000000,0.000000,0.000000,0.000000,1.000000,1.000000,1.160000,938.780029,0.000000,0.000000,1.160000,137.689743,0.800000,-1.500000,0.000000,-10000.000000,-10000.000000,-10000.000000
11.757324,1,1.000000,0.000000,0.000000,0.000000,0.000000,0.000000,1.000000,1.000000,1.160000,938.822998,0.000000,0.000000,1.160000,137.682388,0.700000,-1.500000,0.000000,-10000.000000,-10000.000000,-10000.000000
11.799383,1,1.000000,0.000000,0.000000,0.000000,0.000000,0.000000,1.000000,1.000000,1.160000,938.861023,0.000000,0.000000,1.160000,137.675415,0.800000,-1.500000,0.000000,-10000.000000,-10000.000000,-10000.000000
11.838163,1,1.000000,0.000000,0.000000,0.000000,0.000000,0.000000,1.000000,1.000000,1.160000,938.893982,0.000000,0.000000,1.160000,137.682800,0.800000,-1.500000,0.000000,-10000.000000,-10000.000000,-10000.000000
11.879632,1,1.000000,0.000000,0.000000,0.000000,0.000000,0.000000,1.000000,1.000000,1.160000,938.934998,0.000000,0.000000,1.160000,137.678177,0.800000,-1.600000,0.000000,-10000.000000,-10000.000000,-10000.000000
11.920095,1,1.000000,0.000000,0.000000,0.000000,0.000000,0.000000,1.000000,1.000000,1.150000,938.976990,0.000000,0.000000,1.150000,137.672195,0.900000,-1.600000,0.000000,-10000.000000,-10000.000000,-10000.000000
11.958458,1,1.000000,0.000000,0.000000,0.000000,0.000000,0.000000,1.000000,1.000000,1.150000,939.018982,0.000000,0.000000,1.150000,137.672195,0.900000,-1.600000,0.000000,-10000.000000,-10000.000000,-10000.000000
11.999008,1,1.000000,0.000000,0.000000,0.000000,0.000000,0.000000,1.000000,1.000000,1.150000,939.059998,0.000000,0.000000,1.150000,137.707108,0.800000,-1.500000,0.000000,-10000.000000,-10000.000000,-10000.000000
12.037917,1,1.000000,0.000000,0.000000,0.000000,0.000000,0.000000,1.000000,1.000000,1.150000,939.093994,0.000000,0.000000,1.150000,137.705673,0.700000,-1.500000,0.000000,-10000.000000,-10000.000000,-10000.000000
12.077108,1,1.000000,0.000000,0.000000,0.000000,0.000000,0.000000,1.000000,1.000000,1.150000,939.132996,0.000000,0.000000,1.150000,137.725159,0.700000,-1.500000,0.000000,-10000.000000,-10000.000000,-10000.000000
12.118984,1,1.000000,0.000000,0.000000,0.000000,0.000000,0.000000,1.000000,1.000000,1.160000,939.179016,0.000000,0.000000,1.160000,137.737900,0.700000,-1.500000,0.000000,-10000.000000,-10000.000000,-10000.000000
12.156141,1,1.000000,0.000000,0.000000,0.000000,0.000000,0.000000,1.000000,1.000000,1.160000,939.213013,0.000000,0.000000,1.160000,137.737900,0.700000,-1.500000,0.000000,-10000.000000,-10000.000000,-10000.000000
12.197387,1,1.000000,0.000000,0.000000,0.000000,0.000000,0.000000,1.000000,1.000000,1.160000,939.257019,0.000000,0.000000,1.160000,137.753571,0.700000,-1.500000,0.000000,-10000.000000,-10000.000000,-10000.000000
12.235686,1,1.000000,0.000000,0.000000,0.000000,0.000000,0.000000,1.000000,1.000000,1.160000,939.296997,0.000000,0.000000,1.160000,137.780869,0.600000,-1.500000,0.000000,-10000.000000,-10000.000000,-10000.000000
12.278038,1,1.000000,0.000000,0.000000,0.000000,0.000000,0.000000,1.000000,1.000000,1.160000,939.341003,0.000000,0.000000,1.160000,137.776825,0.700000,-1.400000,0.000000,-10000.000000,-10000.000000,-10000.000000
12.316037,1,1.000000,0.000000,0.000000,0.000000,0.000000,0.000000,1.000000,1.000000,1.170000,939.374023,0.000000,0.000000,1.170000,137.778076,0.600000,-1.400000,0.000000,-10000.000000,-10000.000000,-10000.000000
12.355566,1,1.000000,0.000000,0.000000,0.000000,0.000000,0.000000,1.000000,1.000000,1.170000,939.413025,0.000000,0.000000,1.170000,137.786346,0.600000,-1.500000,0.000000,-10000.000000,-10000.000000,-10000.000000
12.397083,1,1.000000,0.000000,0.000000,0.000000,0.000000,0.000000,1.000000,1.000000,1.170000,939.453003,0.000000,0.000000,1.170000,137.808640,0.600000,-1.400000,0.000000,-10000.000000,-10000.000000,-10000.000000
12.438703,1,1.000000,0.000000,0.000000,0.000000,0.000000,0.000000,1.000000,1.000000,1.170000,939.499023,0.000000,0.000000,1.170000,137.789856,0.700000,-1.400000,0.000000,-10000.000000,-10000.000000,-10000.000000
12.478932,1,1.000000,0.000000,0.000000,0.000000,0.000000,0.000000,1.000000,1.000000,1.170000,939.543030,0.000000,0.000000,1.170000,137.770370,0.800000,-1.300000,0.000000,-10000.000000,-10000.000000,-10000.000000
12.517881,1,1.000000,0.000000,0.000000,0.000000,0.000000,0.000000,1.000000,1.000000,1.190000,939.575989,0.000000,0.000000,1.190000,137.799911,0.800000,-1.300000,0.000000,-10000.000000,-10000.000000,-10000.000000
12.557667,1,1.000000,0.000000,0.000000,0.000000,0.000000,0.000000,1.000000,1.000000,1.190000,939.617004,0.000000,0.000000,1.190000,137.788391,1.000000,-1.200000,0.000000,-10000.000000,-10000.000000,-10000.000000
12.598435,1,1.000000,0.000000,0.000000,0.000000,0.000000,0.000000,1.000000,1.000000,1.190000,940.453003,0.000000,0.000000,1.190000,137.790619,1.100000,-1.200000,0.000000,-10000.000000,-10000.000000,-10000.000000
12.637603,1,1.000000,0.000000,0.000000,0.000000,0.000000,0.000000,1.000000,1.000000,1.180000,940.072998,0.000000,0.000000,1.180000,137.790619,1.100000,-1.200000,0.000000,-10000.000000,-10000.000000,-10000.000000
12.676292,1,1.000000,0.000000,0.000000,0.000000,0.000000,0.000000,1.000000,1.000000,1.180000,940.513000,0.000000,0.000000,1.180000,137.790619,1.100000,-1.200000,0.000000,-10000.000000,-10000.000000,-10000.000000
12.717251,1,1.000000,0.000000,0.000000,0.000000,0.000000,0.000000,1.000000,1.000000,1.200000,939.776978,0.000000,0.000000,1.200000,137.790619,1.100000,-1.200000,0.000000,-10000.000000,-10000.000000,-10000.000000
12.756342,1,1.000000,0.000000,0.000000,0.000000,0.000000,0.000000,1.000000,1.000000,1.200000,939.822998,0.000000,0.000000,1.200000,137.790619,1.100000,-1.200000,0.000000,-10000.000000,-10000.000000,-10000.000000
12.797379,1,1.000000,0.000000,0.000000,0.000000,0.000000,0.000000,1.000000,1.000000,1.200000,939.856018,0.000000,0.000000,1.200000,137.790619,1.100000,-1.200000,0.000000,-10000.000000,-10000.000000,-10000.000000
12.838686,1,1.000000,0.000000,0.000000,0.000000,0.000000,0.000000,1.000000,1.000000,1.200000,939.896973,0.000000,0.000000,1.200000,137.790619,1.100000,-1.200000,0.000000,-10000.000000,-10000.000000,-10000.000000
12.877270,1,1.000000,0.000000,0.000000,0.000000,0.000000,0.000000,1.000000,1.000000,1.200000,939.942017,0.000000,0.000000,1.200000,137.808228,1.600000,-1.300000,0.000000,-10000.000000,-10000.000000,-10000.000000
12.917121,1,1.000000,0.000000,0.000000,0.000000,0.000000,0.000000,1.000000,1.000000,1.200000,939.976013,0.000000,0.000000,1.200000,137.808228,1.600000,-1.300000,0.000000,-10000.000000,-10000.000000,-10000.000000
12.956624,1,1.000000,0.000000,0.000000,0.000000,0.000000,0.000000,1.000000,1.000000,1.200000,940.018982,0.000000,0.000000,1.200000,137.792770,1.700000,-1.300000,0.000000,-10000.000000,-10000.000000,-10000.000000
13.000674,1,1.000000,0.000000,0.000000,0.000000,0.000000,0.000000,1.000000,1.000000,1.200000,940.052979,0.000000,0.000000,1.200000,137.779053,1.500000,-1.300000,0.000000,-10000.000000,-10000.000000,-10000.000000
13.038667,1,1.000000,0.000000,0.000000,0.000000,0.000000,0.000000,1.000000,1.000000,1.200000,940.096008,0.000000,0.000000,1.200000,137.795578,1.400000,-1.300000,0.000000,-10000.000000,-10000.000000,-10000.000000
13.076641,1,1.000000,0.000000,0.000000,0.000000,0.000000,0.000000,1.000000,1.000000,1.200000,940.138000,0.000000,0.000000,1.200000,137.795578,1.400000,-1.300000,0.000000,-10000.000000,-10000.000000,-10000.000000
13.118614,1,1.000000,0.000000,0.000000,0.000000,0.000000,0.000000,1.000000,1.000000,1.200000,940.181030,0.000000,0.000000,1.200000,137.797897,1.100000,-1.200000,0.000000,-10000.000000,-10000.000000,-10000.000000
13.155953,1,1.000000,0.000000,0.000000,0.000000,0.000000,0.000000,1.000000,1.000000,1.200000,940.210999,0.000000,0.000000,1.200000,137.788834,1.000000,-1.200000,0.000000,-10000.000000,-10000.000000,-10000.000000
13.196437,1,1.000000,0.000000,0.000000,0.000000,0.000000,0.000000,1.000000,1.000000,1.200000,940.262024,0.000000,0.000000,1.200000,137.810989,1.100000,-1.200000,0.000000,-10000.000000,-10000.000000,-10000.000000
13.236062,1,1.000000,0.000000,0.000000,0.000000,0.000000,0.000000,1.000000,1.000000,1.200000,940.293030,0.000000,0.000000,1.200000,137.817780,1.100000,-1.200000,0.000000,-10000.000000,-10000.000000,-10000.000000
13.276076,1,1.000000,0.000000,0.000000,0.000000,0.000000,0.000000,1.000000,1.000000,1.200000,940.331970,0.000000,0.000000,1.200000,137.825333,1.000000,-1.200000,0.000000,-10000.000000,-10000.000000,-10000.000000
13.319441,1,1.000000,0.000000,0.000000,0.000000,0.000000,0.000000,1.000000,1.000000,1.200000,940.377014,0.000000,0.000000,1.200000,137.834152,1.100000,-1.200000,0.000000,-10000.000000,-10000.000000,-10000.000000
13.354939,1,1.000000,0.000000,0.000000,0.000000,0.000000,0.000000,1.000000,1.000000,1.200000,940.416992,0.000000,0.000000,1.200000,137.839951,1.100000,-1.200000,0.000000,-10000.000000,-10000.000000,-10000.000000
13.396964,1,1.000000,0.000000,0.000000,0.000000,0.000000,0.000000,1.000000,1.000000,1.200000,940.458984,0.000000,0.000000,1.200000,137.829849,1.100000,-1.200000,0.000000,-10000.000000,-10000.000000,-10000.000000
13.435591,1,1.000000,0.000000,0.000000,0.000000,0.000000,0.000000,1.000000,1.000000,1.200000,940.497986,0.000000,0.000000,1.200000,137.829849,1.100000,-1.200000,0.000000,-10000.000000,-10000.000000,-10000.000000
13.478840,1,1.000000,0.000000,0.000000,0.000000,0.000000,0.000000,1.000000,1.000000,1.200000,940.539978,0.000000,0.000000,1.200000,137.829849,1.100000,-1.200000,0.000000,-10000.000000,-10000.000000,-10000.000000
13.519733,1,1.000000,0.000000,0.000000,0.000000,0.000000,0.000000,1.000000,1.000000,1.290000,940.580017,0.000000,0.000000,1.290000,137.829849,1.100000,-1.200000,0.000000,-10000.000000,-10000.000000,-10000.000000
13.556320,1,1.000000,0.000000,0.000000,0.000000,0.000000,0.000000,1.000000,1.000000,1.290000,940.622009,0.000000,0.000000,1.290000,137.829849,1.100000,-1.200000,0.000000,-10000.000000,-10000.000000,-10000.000000
13.597204,1,1.000000,0.000000,0.000000,0.000000,0.000000,0.000000,1.000000,1.000000,1.290000,940.651978,0.000000,0.000000,1.290000,137.829849,1.100000,-1.200000,0.000000,-10000.000000,-10000.000000,-10000.000000
13.636411,1,1.000000,0.000000,0.000000,0.000000,0.000000,0.000000,1.000000,1.000000,1.310000,941.052979,0.000000,0.000000,1.310000,137.855225,1.600000,-1.200000,0.000000,-10000.000000,-10000.000000,-10000.000000
13.677432,1,1.000000,0.000000,0.000000,0.000000,0.000000,0.000000,1.000000,1.000000,1.310000,941.453003,0.000000,0.000000,1.310000,137.854309,1.600000,-1.200000,0.000000,-10000.000000,-10000.000000,-10000.000000
13.715888,1,1.000000,0.000000,0.000000,0.000000,0.000000,0.000000,1.000000,1.000000,1.310000,940.775024,0.000000,0.000000,1.310000,137.848862,1.600000,-1.200000,0.000000,-10000.000000,-10000.000000,-10000.000000
13.757449,1,1.000000,0.000000,0.000000,0.000000,0.000000,0.000000,1.000000,1.000000,1.310000,940.815002,0.000000,0.000000,1.310000,137.846924,1.700000,-1.200000,0.000000,-10000.000000,-10000.000000,-10000.000000
13.807809,1,1.000000,0.000000,0.000000,0.000000,0.000000,0.000000,1.000000,1.000000,1.310000,940.859009,0.000000,0.000000,1.310000,137.852310,1.700000,-1.200000,0.000000,-10000.000000,-10000.000000,-10000.000000
13.836971,1,1.000000,0.000000,0.000000,0.000000,0.000000,0.000000,1.000000,1.000000,1.320000,940.895020,0.000000,0.000000,1.320000,137.856491,1.700000,-1.200000,0.000000,-10000.000000,-10000.000000,-10000.000000
13.876517,1,1.000000,0.000000,0.000000,0.000000,0.000000,0.000000,1.000000,1.000000,1.320000,940.935974,0.000000,0.000000,1.320000,137.858032,1.700000,-1.200000,0.000000,-10000.000000,-10000.000000,-10000.000000
13.918536,1,1.000000,0.000000,0.000000,0.000000,0.000000,0.000000,1.000000,1.000000,1.330000,940.981018,0.000000,0.000000,1.330000,137.832687,1.700000,-1.200000,0.000000,-10000.000000,-10000.000000,-10000.000000
13.955420,1,1.000000,0.000000,0.000000,0.000000,0.000000,0.000000,1.000000,1.000000,1.330000,941.013977,0.000000,0.000000,1.330000,137.837723,1.700000,-1.200000,0.000000,-10000.000000,-10000.000000,-10000.000000
13.998655,1,1.000000,0.000000,0.000000,0.000000,0.000000,0.000000,1.000000,1.000000,1.330000,941.054993,0.000000,0.000000,1.330000,137.842667,1.600000,-1.200000,0.000000,-10000.000000,-10000.000000,-10000.000000
14.035706,1,1.000000,0.000000,0.000000,0.000000,0.000000,0.000000,1.000000,1.000000,1.340000,941.094971,0.000000,0.000000,1.340000,137.852615,1.700000,-1.200000,0.000000,-10000.000000,-10000.000000,-10000.000000
14.078150,1,1.000000,0.000000,0.000000,0.000000,0.000000,0.000000,1.000000,1.000000,1.340000,941.137024,0.000000,0.000000,1.340000,137.838654,1.600000,-1.200000,0.000000,-10000.000000,-10000.000000,-10000.000000
14.115913,1,1.000000,0.000000,0.000000,0.000000,0.000000,0.000000,1.000000,1.000000,1.350000,941.179993,0.000000,0.000000,1.350000,137.856461,1.600000,-1.200000,0.000000,-10000.000000,-10000.000000,-10000.000000
14.157028,1,1.000000,0.000000,0.000000,0.000000,0.000000,0.000000,1.000000,1.000000,1.350000,941.219971,0.000000,0.000000,1.350000,137.856461,1.600000,-1.200000,0.000000,-10000.000000,-10000.000000,-10000.000000
14.198895,1,1.000000,0.000000,0.000000,0.000000,0.000000,0.000000,1.000000,1.000000,1.350000,941.260010,0.000000,0.000000,1.350000,137.856461,1.600000,-1.200000,0.000000,-10000.000000,-10000.000000,-10000.000000
14.236170,1,1.000000,0.000000,0.000000,0.000000,0.000000,0.000000,1.000000,1.000000,1.370000,941.299988,0.000000,0.000000,1.370000,137.856461,1.600000,-1.200000,0.000000,-10000.000000,-10000.000000,-10000.000000
14.277950,1,1.000000,0.000000,0.000000,0.000000,0.000000,0.000000,1.000000,1.000000,1.370000,941.331970,0.000000,0.000000,1.370000,137.856461,1.600000,-1.200000,0.000000,-10000.000000,-10000.000000,-10000.000000
14.317682,1,1.000000,0.000000,0.000000,0.000000,0.000000,0.000000,1.000000,1.000000,1.370000,941.374023,0.000000,0.000000,1.370000,137.856461,1.600000,-1.200000,0.000000,-10000.000000,-10000.000000,-10000.000000
14.357144,1,1.000000,0.000000,0.000000,0.000000,0.000000,0.000000,1.000000,1.000000,1.370000,941.413025,0.000000,0.000000,1.370000,137.890579,1.400000,-1.100000,0.000000,-10000.000000,-10000.000000,-10000.000000
14.397097,1,1.000000,0.000000,0.000000,0.000000,0.000000,0.000000,1.000000,1.000000,1.370000,941.455994,0.000000,0.000000,1.370000,137.916718,1.300000,-1.200000,0.000000,-10000.000000,-10000.000000,-10000.000000
14.438822,1,1.000000,0.000000,0.000000,0.000000,0.000000,0.000000,1.000000,1.000000,1.370000,941.495972,0.000000,0.000000,1.370000,137.916718,1.300000,-1.200000,0.000000,-10000.000000,-10000.000000,-10000.000000
14.486904,1,1.000000,0.000000,0.000000,0.000000,0.000000,0.000000,1.000000,1.000000,1.370000,941.533997,0.000000,0.000000,1.370000,137.936478,1.300000,-1.000000,0.000000,-10000.000000,-10000.000000,-10000.000000
14.519182,1,1.000000,0.000000,0.000000,0.000000,0.000000,0.000000,1.000000,1.000000,1.370000,941.578003,0.000000,0.000000,1.370000,137.940414,1.300000,-1.000000,0.000000,-10000.000000,-10000.000000,-10000.000000
14.558534,1,1.000000,0.000000,0.000000,0.000000,0.000000,0.000000,1.000000,1.000000,1.370000,941.619019,0.000000,0.000000,1.370000,137.936935,1.400000,-0.900000,0.000000,-10000.000000,-10000.000000,-10000.000000
14.599549,1,1.000000,0.000000,0.000000,0.000000,0.000000,0.000000,1.000000,1.000000,1.370000,942.453003,0.000000,0.000000,1.370000,137.953308,1.400000,-1.000000,0.000000,-10000.000000,-10000.000000,-10000.000000
14.637827,1,1.000000,0.000000,0.000000,0.000000,0.000000,0.000000,1.000000,1.000000,1.400000,942.062988,0.000000,0.000000,1.400000,137.939362,1.400000,-0.900000,0.000000,-10000.000000,-10000.000000,-10000.000000
14.679026,1,1.000000,0.000000,0.000000,0.000000,0.000000,0.000000,1.000000,1.000000,1.400000,942.463013,0.000000,0.000000,1.400000,137.926331,1.400000,-0.900000,0.000000,-10000.000000,-10000.000000,-10000.000000
14.717907,1,1.000000,0.000000,0.000000,0.000000,0.000000,0.000000,1.000000,1.000000,1.410000,941.776978,0.000000,0.000000,1.410000,137.912552,1.400000,-0.900000,0.000000,-10000.000000,-10000.000000,-10000.000000
14.757801,1,1.000000,0.000000,0.000000,0.000000,0.000000,0.000000,1.000000,1.000000,1.410000,941.815002,0.000000,0.000000,1.410000,137.912552,1.400000,-0.900000,0.000000,-10000.000000,-10000.000000,-10000.000000
14.798767,1,1.000000,0.000000,0.000000,0.000000,0.000000,0.000000,1.000000,1.000000,1.410000,941.859985,0.000000,0.000000,1.410000,137.934814,1.400000,-1.000000,0.000000,-10000.000000,-10000.000000,-10000.000000
14.836668,1,1.000000,0.000000,0.000000,0.000000,0.000000,0.000000,1.000000,1.000000,1.420000,941.898987,0.000000,0.000000,1.420000,137.924545,1.400000,-1.100000,0.000000,-10000.000000,-10000.000000,-10000.000000
14.876565,1,1.000000,0.000000,0.000000,0.000000,0.000000,0.000000,1.000000,1.000000,1.420000,941.940002,0.000000,0.000000,1.420000,137.942490,1.300000,-1.100000,0.000000,-10000.000000,-10000.000000,-10000.000000
14.919590,1,1.000000,0.000000,0.000000,0.000000,0.000000,0.000000,1.000000,1.000000,1.420000,941.981995,0.000000,0.000000,1.420000,137.935455,1.100000,-1.200000,0.000000,-10000.000000,-10000.000000,-10000.000000
14.956456,1,1.000000,0.000000,0.000000,0.000000,0.000000,0.000000,1.000000,1.000000,1.420000,942.015015,0.000000,0.000000,1.420000,137.935242,1.100000,-1.200000,0.000000,-10000.000000,-10000.000000,-10000.000000
14.997394,1,1.000000,0.000000,0.000000,0.000000,0.000000,0.000000,1.000000,1.000000,1.420000,942.054993,0.000000,0.000000,1.420000,137.947357,1.000000,-1.300000,0.000000,-10000.000000,-10000.000000,-10000.000000
15.037417,1,1.000000,0.000000,0.000000,0.000000,0.000000,0.000000,1.000000,1.000000,1.420000,942.093994,0.000000,0.000000,1.420000,137.947357,1.000000,-1.300000,0.000000,-10000.000000,-10000.000000,-10000.000000
15.077702,1,1.000000,0.000000,0.000000,0.000000,0.000000,0.000000,1.000000,1.000000,1.420000,942.132996,0.000000,0.000000,1.420000,137.948639,0.900000,-1.300000,0.000000,-10000.000000,-10000.000000,-10000.000000
15.116884,1,1.000000,0.000000,0.000000,0.000000,0.000000,0.000000,1.000000,1.000000,1.420000,942.176025,0.000000,0.000000,1.420000,137.951752,0.900000,-1.300000,0.000000,-10000.000000,-10000.000000,-10000.000000
15.156349,1,1.000000,0.000000,0.000000,0.000000,0.000000,0.000000,1.000000,1.000000,1.440000,942.215027,0.000000,0.000000,1.440000,137.937225,0.900000,-1.300000,0.000000,-10000.000000,-10000.000000,-10000.000000
15.197027,1,1.000000,0.000000,0.000000,0.000000,0.000000,0.000000,1.000000,1.000000,1.440000,942.258972,0.000000,0.000000,1.440000,137.937225,0.900000,-1.300000,0.000000,-10000.000000,-10000.000000,-10000.000000
15.238926,1,1.000000,0.000000,0.000000,0.000000,0.000000,0.000000,1.000000,1.000000,1.450000,942.296021,0.000000,0.000000,1.450000,137.937225,0.900000,-1.300000,0.000000,-10000.000000,-10000.000000,-10000.000000
15.277095,1,1.000000,0.000000,0.000000,0.000000,0.000000,0.000000,1.000000,1.000000,1.450000,942.335999,0.000000,0.000000,1.450000,137.925461,0.900000,-1.300000,0.000000,-10000.000000,-10000.000000,-10000.000000
15.318134,1,1.000000,0.000000,0.000000,0.000000,0.000000,0.000000,1.000000,1.000000,1.450000,942.380981,0.000000,0.000000,1.450000,137.890625,0.900000,-1.400000,0.000000,-10000.000000,-10000.000000,-10000.000000
15.355221,1,1.000000,0.000000,0.000000,0.000000,0.000000,0.000000,1.000000,1.000000,1.450000,942.414001,0.000000,0.000000,1.450000,137.879700,0.800000,-1.400000,0.000000,-10000.000000,-10000.000000,-10000.000000
15.398382,1,1.000000,0.000000,0.000000,0.000000,0.000000,0.000000,1.000000,1.000000,1.450000,942.452026,0.000000,0.000000,1.450000,137.881912,1.000000,-1.400000,0.000000,-10000.000000,-10000.000000,-10000.000000
15.437428,1,1.000000,0.000000,0.000000,0.000000,0.000000,0.000000,1.000000,1.000000,1.450000,942.494019,0.000000,0.000000,1.450000,137.873734,1.300000,-1.300000,0.000000,-10000.000000,-10000.000000,-10000.000000
15.476419,1,1.000000,0.000000,0.000000,0.000000,0.000000,0.000000,1.000000,1.000000,1.450000,942.533997,0.000000,0.000000,1.450000,137.839233,2.000000,-1.200000,0.000000,-10000.000000,-10000.000000,-10000.000000
15.517480,1,1.000000,0.000000,0.000000,0.000000,0.000000,0.000000,1.000000,1.000000,1.450000,942.577026,0.000000,0.000000,1.450000,137.807114,2.600000,-1.300000,0.000000,-10000.000000,-10000.000000,-10000.000000
15.554967,1,1.000000,0.000000,0.000000,0.000000,0.000000,0.000000,1.000000,1.000000,1.450000,942.617981,0.000000,0.000000,1.450000,137.812469,2.800000,-1.300000,0.000000,-10000.000000,-10000.000000,-10000.000000
15.597724,1,1.000000,0.000000,0.000000,0.000000,0.000000,0.000000,1.000000,1.000000,1.450000,943.252991,0.000000,0.000000,1.450000,137.812469,2.800000,-1.300000,0.000000,-10000.000000,-10000.000000,-10000.000000
15.636236,1,1.000000,0.000000,0.000000,0.000000,0.000000,0.000000,1.000000,1.000000,1.470000,943.132996,0.000000,0.000000,1.470000,137.747498,4.000000,-1.300000,0.000000,-10000.000000,-10000.000000,-10000.000000
15.682426,1,1.000000,0.000000,-0.050700,-0.017700,0.000000,0.000000,1.000000,1.000000,1.470000,943.432983,0.000000,0.000000,1.470000,137.733765,4.100000,-1.300000,1.000000,-59.000000,-169.000000,86.185928
15.719374,1,1.000000,0.000000,-0.075150,-0.026550,0.000000,0.000000,1.000000,1.000000,1.470000,942.773010,0.000000,0.000000,1.470000,137.723419,4.100000,-1.300000,1.000000,-59.000000,-166.000000,81.869896
15.759331,1,1.000000,0.000000,-0.071392,-0.025222,0.000000,0.000000,1.000000,1.000000,1.470000,942.812988,0.000000,0.000000,1.470000,137.733017,4.000000,-1.300000,0.000000,-10000.000000,-10000.000000,-10000.000000
15.799093,1,1.000000,0.000000,-0.067823,-0.023961,0.000000,0.000000,1.000000,1.000000,1.470000,942.853027,0.000000,0.000000,1.470000,137.724197,4.000000,-1.200000,0.000000,-10000.000000,-10000.000000,-10000.000000
15.835532,1,1.000000,0.000000,-0.064432,-0.022763,0.000000,0.000000,1.000000,1.000000,1.470000,942.901001,0.000000,0.000000,1.470000,137.720108,3.800000,-1.300000,0.000000,-10000.000000,-10000.000000,-10000.000000
15.878314,1,1.000000,0.000000,-0.061210,-0.021625,0.000000,0.000000,1.000000,1.000000,1.470000,942.934021,0.000000,0.000000,1.470000,137.723053,3.800000,-1.200000,0.000000,-10000.000000,-10000.000000,-10000.000000
15.919898,1,1.000000,0.000000,-0.058150,-0.020544,0.000000,0.000000,1.000000,1.000000,1.470000,942.974976,0.000000,0.000000,1.470000,137.737335,3.700000,-1.200000,0.000000,-10000.000000,-10000.000000,-10000.000000
15.958539,1,1.000000,0.000000,-0.055242,-0.019517,0.000000,0.000000,1.000000,1.000000,1.470000,943.013977,0.000000,0.000000,1.470000,137.735397,3.600000,-1.200000,0.000000,-10000.000000,-10000.000000,-10000.000000
15.997632,1,1.000000,0.000000,-0.052480,-0.018541,0.000000,0.000000,1.000000,1.000000,1.470000,943.056030,0.000000,0.000000,1.470000,137.735397,3.600000,-1.200000,0.000000,-10000.000000,-10000.000000,-10000.000000
16.036659,1,1.000000,0.000000,-0.049856,-0.017614,0.000000,0.000000,1.000000,1.000000,1.470000,943.098999,0.000000,0.000000,1.470000,137.741272,3.000000,-1.200000,0.000000,-10000.000000,-10000.000000,-10000.000000
16.079095,1,1.000000,0.000000,-0.047363,-0.016733,0.000000,0.000000,1.000000,1.000000,1.470000,943.132996,0.000000,0.000000,1.470000,137.776123,2.500000,-1.200000,0.000000,-10000.000000,-10000.000000,-10000.000000
16.118139,1,1.000000,0.000000,-0.044995,-0.015896,0.000000,0.000000,1.000000,1.000000,1.460000,943.177979,0.000000,0.000000,1.460000,137.780060,1.800000,-1.100000,0.000000,-10000.000000,-10000.000000,-10000.000000
16.155373,1,1.000000,0.000000,-0.042745,-0.015102,0.000000,0.000000,1.000000,1.000000,1.460000,943.221008,0.000000,0.000000,1.460000,137.797440,1.500000,-1.100000,0.000000,-10000.000000,-10000.000000,-10000.000000
16.198114,1,1.000000,0.000000,-0.040608,-0.014347,0.000000,0.000000,1.000000,1.000000,1.460000,943.260010,0.000000,0.000000,1.460000,137.797440,1.500000,-1.100000,0.000000,-10000.000000,-10000.000000,-10000.000000
16.236120,1,1.000000,0.000000,-0.038578,-0.013629,0.000000,0.000000,1.000000,1.000000,1.450000,943.293030,0.000000,0.000000,1.450000,137.805084,1.000000,-1.100000,0.000000,-10000.000000,-10000.000000,-10000.000000
16.276954,1,1.000000,0.000000,-0.036649,-0.012948,0.000000,0.000000,1.000000,1.000000,1.450000,943.333008,0.000000,0.000000,1.450000,137.805084,1.000000,-1.100000,0.000000,-10000.000000,-10000.000000,-10000.000000
16.318224,1,1.000000,0.000000,-0.034816,-0.012300,0.000000,0.000000,1.000000,1.000000,1.430000,943.375977,0.000000,0.000000,1.430000,137.805084,1.000000,-1.100000,0.000000,-10000.000000,-10000.000000,-10000.000000
16.355978,1,1.000000,0.000000,-0.033076,-0.011685,0.000000,0.000000,1.000000,1.000000,1.430000,943.418030,0.000000,0.000000,1.430000,137.805084,1.000000,-1.100000,0.000000,-10000.000000,-10000.000000,-10000.000000
16.400216,1,1.000000,0.000000,-0.063638,-0.024443,0.000000,0.000000,1.000000,1.000000,1.430000,943.460022,0.000000,0.000000,1.430000,137.805084,1.000000,-1.100000,1.000000,-62.000000,-157.000000,82.874985
16.436757,1,1.000000,0.000000,-0.070219,-0.030221,0.000000,0.000000,1.000000,1.000000,1.410000,943.499023,0.000000,0.000000,1.410000,137.805084,1.000000,-1.100000,1.000000,-60.000000,-128.000000,83.659805
16.480873,1,1.000000,0.000000,-0.073509,-0.033111,0.000000,0.000000,1.000000,1.000000,1.410000,943.533020,0.000000,0.000000,1.410000,137.836853,0.800000,-1.200000,1.000000,-60.000000,-128.000000,83.659805
16.517204,1,1.000000,0.000000,-0.069834,-0.031455,0.000000,0.000000,1.000000,1.000000,1.380000,943.577026,0.000000,0.000000,1.380000,137.832642,1.000000,-1.200000,0.000000,-10000.000000,-10000.000000,-10000.000000
16.556408,1,1.000000,0.000000,-0.066342,-0.029882,0.000000,0.000000,1.000000,1.000000,1.380000,943.619995,0.000000,0.000000,1.380000,137.850235,1.100000,-1.200000,0.000000,-10000.000000,-10000.000000,-10000.000000
16.597303,1,1.000000,0.000000,-0.063025,-0.028388,0.000000,0.000000,1.000000,1.000000,1.350000,943.752991,0.000000,0.000000,1.350000,137.840759,1.600000,-1.200000,0.000000,-10000.000000,-10000.000000,-10000.000000
16.636482,1,1.000000,0.000000,-0.059874,-0.026969,0.000000,0.000000,1.000000,1.000000,1.350000,944.083008,0.000000,0.000000,1.350000,137.837067,1.800000,-1.300000,0.000000,-10000.000000,-10000.000000,-10000.000000
16.683190,1,1.000000,0.000000,-0.056880,-0.025620,0.000000,0.000000,1.000000,1.000000,1.350000,944.473022,0.000000,0.000000,1.350000,137.829681,2.000000,-1.300000,0.000000,-10000.000000,-10000.000000,-10000.000000
16.717020,1,1.000000,0.000000,-0.054036,-0.024339,0.000000,0.000000,1.000000,1.000000,1.330000,943.776001,0.000000,0.000000,1.330000,137.829681,2.000000,-1.300000,0.000000,-10000.000000,-10000.000000,-10000.000000
16.760049,1,1.000000,0.000000,-0.071118,-0.028070,0.000000,0.000000,1.000000,1.000000,1.330000,943.822021,0.000000,0.000000,1.330000,137.839203,1.700000,-1.400000,1.000000,-53.000000,-147.000000,84.289406
16.798807,1,1.000000,0.000000,-0.067562,-0.026666,0.000000,0.000000,1.000000,1.000000,1.330000,943.854980,0.000000,0.000000,1.330000,137.839203,1.700000,-1.400000,0.000000,-10000.000000,-10000.000000,-10000.000000
16.838127,1,1.000000,0.000000,-0.064184,-0.025333,0.000000,0.000000,1.000000,1.000000,1.330000,943.898987,0.000000,0.000000,1.330000,137.852295,1.100000,-1.300000,0.000000,-10000.000000,-10000.000000,-10000.000000
16.878313,1,1.000000,0.000000,-0.060975,-0.024066,0.000000,0.000000,1.000000,1.000000,1.330000,943.940979,0.000000,0.000000,1.330000,137.839340,0.900000,-1.300000,0.000000,-10000.000000,-10000.000000,-10000.000000
16.918593,1,1.000000,0.000000,-0.057926,-0.022863,0.000000,0.000000,1.000000,1.000000,1.320000,943.979980,0.000000,0.000000,1.320000,137.852188,0.900000,-1.400000,0.000000,-10000.000000,-10000.000000,-10000.000000
16.957495,1,1.000000,0.000000,-0.055030,-0.021720,0.000000,0.000000,1.000000,1.000000,1.320000,944.013977,0.000000,0.000000,1.320000,137.862335,0.800000,-1.400000,0.000000,-10000.000000,-10000.000000,-10000.000000
16.997542,1,1.000000,0.000000,-0.052278,-0.020634,0.000000,0.000000,1.000000,1.000000,1.320000,944.052002,0.000000,0.000000,1.320000,137.854706,0.700000,-1.400000,0.000000,-10000.000000,-10000.000000,-10000.000000
17.038562,1,1.000000,0.000000,-0.049664,-0.019602,0.000000,0.000000,1.000000,1.000000,1.300000,944.093994,0.000000,0.000000,1.300000,137.854706,0.700000,-1.400000,0.000000,-10000.000000,-10000.000000,-10000.000000
17.076806,1,1.000000,0.000000,-0.047181,-0.018622,0.000000,0.000000,1.000000,1.000000,1.300000,944.133972,0.000000,0.000000,1.300000,137.864899,0.700000,-1.400000,0.000000,-10000.000000,-10000.000000,-10000.000000
17.119579,1,1.000000,0.000000,-0.063491,-0.023111,0.000000,0.000000,1.000000,1.000000,1.270000,944.176025,0.000000,0.000000,1.270000,137.860413,0.600000,-1.400000,1.000000,-46.000000,-133.000000,85.236359
17.155305,1,1.000000,0.000000,-0.071645,-0.025356,0.000000,0.000000,1.000000,1.000000,1.270000,944.218994,0.000000,0.000000,1.270000,137.860413,0.600000,-1.400000,1.000000,-46.000000,-133.000000,85.236359
17.196923,1,1.000000,0.000000,-0.068063,-0.024088,0.000000,0.000000,1.000000,1.000000,1.270000,944.250977,0.000000,0.000000,1.270000,137.865417,0.600000,-1.400000,0.000000,-10000.000000,-10000.000000,85.236359
17.238251,1,1.000000,0.000000,-0.064660,-0.022883,0.000000,0.000000,1.000000,1.000000,1.250000,944.299011,0.000000,0.000000,1.250000,137.852646,0.700000,-1.300000,0.000000,-10000.000000,-10000.000000,-10000.000000
17.278402,1,1.000000,0.000000,-0.060530,-0.028842,0.000000,0.000000,1.000000,1.000000,1.250000,944.341003,0.000000,0.000000,1.250000,137.857285,0.700000,-1.400000,1.000000,-58.000000,-94.000000,86.185928
17.326697,1,1.000000,0.000000,-0.055165,-0.032421,0.000000,0.000000,1.000000,1.000000,1.200000,944.380981,0.000000,0.000000,1.200000,137.865967,0.800000,-1.400000,1.000000,-60.000000,-83.000000,86.185928
17.356271,1,1.000000,0.000000,-0.052407,-0.030800,0.000000,0.000000,1.000000,1.000000,1.200000,944.416016,0.000000,0.000000,1.200000,137.861084,0.700000,-1.400000,0.000000,-10000.000000,-10000.000000,-10000.000000
17.398209,1,1.000000,0.000000,-0.049786,-0.029260,0.000000,0.000000,1.000000,1.000000,1.200000,944.458984,0.000000,0.000000,1.200000,137.868408,0.700000,-1.400000,0.000000,-10000.000000,-10000.000000,-10000.000000
17.436013,1,1.000000,0.000000,-0.047297,-0.027797,0.000000,0.000000,1.000000,1.000000,1.200000,944.494019,0.000000,0.000000,1.200000,137.868408,0.700000,-1.400000,0.000000,-10000.000000,-10000.000000,-10000.000000
17.477456,1,1.000000,0.000000,-0.044932,-0.026407,0.000000,0.000000,1.000000,1.000000,1.200000,944.538025,0.000000,0.000000,1.200000,137.861511,0.800000,-1.400000,0.000000,-10000.000000,-10000.000000,-10000.000000
17.517001,1,1.000000,0.000000,-0.042686,-0.025087,0.000000,0.000000,1.000000,1.000000,1.200000,944.581970,0.000000,0.000000,1.200000,137.862015,0.700000,-1.300000,0.000000,-10000.000000,-10000.000000,-10000.000000
17.557916,1,1.000000,0.000000,-0.040551,-0.023832,0.000000,0.000000,1.000000,1.000000,1.200000,944.616028,0.000000,0.000000,1.200000,137.862015,0.700000,-1.300000,0.000000,-10000.000000,-10000.000000,-10000.000000
17.599343,1,1.000000,0.000000,-0.038524,-0.022641,0.000000,0.000000,1.000000,1.000000,1.200000,945.353027,0.000000,0.000000,1.200000,137.862015,0.700000,-1.300000,0.000000,-10000.000000,-10000.000000,-10000.000000
17.637209,1,1.000000,0.000000,-0.039362,-0.027220,0.000000,0.000000,1.000000,1.000000,1.090000,945.112976,0.000000,0.000000,1.090000,137.842560,0.800000,-1.400000,1.000000,-53.000000,-67.000000,86.185928
17.675623,1,1.000000,0.000000,-0.039781,-0.029510,0.000000,0.000000,1.000000,1.000000,1.090000,945.523010,0.000000,0.000000,1.090000,137.855774,0.700000,-1.400000,1.000000,-53.000000,-67.000000,86.185928
17.718018,1,1.000000,0.000000,-0.030090,-0.029455,0.000000,0.000000,1.000000,1.000000,1.090000,944.778992,0.000000,0.000000,1.090000,137.852707,0.800000,-1.400000,1.000000,-49.000000,-34.000000,86.185928
17.756749,1,1.000000,0.000000,-0.028586,-0.027982,0.000000,0.000000,1.000000,1.000000,1.090000,944.820007,0.000000,0.000000,1.090000,137.841843,0.900000,-1.400000,0.000000,-10000.000000,-10000.000000,-10000.000000
17.798246,1,1.000000,0.000000,-0.027157,-0.026583,0.000000,0.000000,1.000000,1.000000,1.090000,944.859985,0.000000,0.000000,1.090000,137.829208,0.900000,-1.400000,0.000000,-10000.000000,-10000.000000,-10000.000000
17.838049,1,1.000000,0.000000,-0.016878,-0.025892,0.000000,0.000000,1.000000,1.000000,1.090000,944.893982,0.000000,0.000000,1.090000,137.841034,0.800000,-1.300000,1.000000,-42.000000,-11.000000,86.185928
17.875737,1,1.000000,0.000000,-0.016034,-0.024597,0.000000,0.000000,1.000000,1.000000,1.090000,944.935974,0.000000,0.000000,1.090000,137.839447,0.700000,-1.300000,0.000000,-10000.000000,-10000.000000,-10000.000000
17.919190,1,1.000000,0.000000,-0.015233,-0.023367,0.000000,0.000000,1.000000,1.000000,1.030000,944.976990,0.000000,0.000000,1.030000,137.832138,0.800000,-1.300000,0.000000,-10000.000000,-10000.000000,-10000.000000
17.959574,1,1.000000,0.000000,-0.014471,-0.022199,0.000000,0.000000,1.000000,1.000000,1.030000,945.023010,0.000000,0.000000,1.030000,137.824615,0.900000,-1.400000,0.000000,-10000.000000,-10000.000000,-10000.000000
17.999495,1,1.000000,0.000000,-0.005736,-0.023999,0.000000,0.000000,1.000000,1.000000,1.030000,945.052002,0.000000,0.000000,1.030000,137.820709,0.900000,-1.400000,1.000000,-43.000000,5.000000,85.236359
18.038509,1,1.000000,0.000000,-0.005449,-0.022799,0.000000,0.000000,1.000000,1.000000,1.020000,945.094971,0.000000,0.000000,1.020000,137.803513,0.800000,-1.300000,0.000000,-10000.000000,-10000.000000,-10000.000000
18.077624,1,1.000000,0.000000,-0.005176,-0.021659,0.000000,0.000000,1.000000,1.000000,1.020000,945.138977,0.000000,0.000000,1.020000,137.814362,0.800000,-1.300000,0.000000,-10000.000000,-10000.000000,-10000.000000
18.117318,1,1.000000,0.000000,0.001012,-0.023730,0.000000,0.000000,1.000000,1.000000,1.020000,945.177979,0.000000,0.000000,1.020000,137.816849,0.900000,-1.300000,1.000000,-43.000000,12.000000,85.236359
18.156738,1,1.000000,0.000000,0.000961,-0.022543,0.000000,0.000000,1.000000,1.000000,1.020000,945.216980,0.000000,0.000000,1.020000,137.803772,0.900000,-1.300000,0.000000,-10000.000000,-10000.000000,-10000.000000
18.199684,1,1.000000,0.000000,0.000913,-0.021416,0.000000,0.000000,1.000000,1.000000,1.020000,945.260010,0.000000,0.000000,1.020000,137.803772,0.900000,-1.300000,0.000000,-10000.000000,-10000.000000,-10000.000000
18.237452,1,1.000000,0.000000,0.005257,-0.023608,0.000000,0.000000,1.000000,1.000000,1.020000,945.299988,0.000000,0.000000,1.020000,137.862228,0.700000,-1.100000,1.000000,-43.000000,16.000000,85.236359
18.276778,1,1.000000,0.000000,0.004994,-0.022428,0.000000,0.000000,1.000000,1.000000,1.020000,945.335022,0.000000,0.000000,1.020000,137.861221,0.700000,-1.100000,0.000000,-10000.000000,-10000.000000,-10000.000000
18.316929,1,1.000000,0.000000,0.009097,-0.024414,0.000000,0.000000,1.000000,1.000000,0.930000,945.379028,0.000000,0.000000,0.930000,137.861740,0.700000,-1.100000,1.000000,-44.000000,22.000000,85.236359
18.356502,1,1.000000,0.000000,0.012648,-0.025707,0.000000,0.000000,1.000000,1.000000,0.930000,945.413025,0.000000,0.000000,0.930000,137.874802,0.700000,-1.100000,1.000000,-45.000000,27.000000,85.236359
18.397055,1,1.000000,0.000000,0.016524,-0.026653,0.000000,0.000000,1.000000,1.000000,0.930000,945.456970,0.000000,0.000000,0.930000,137.869431,0.800000,-1.100000,1.000000,-46.000000,34.000000,84.289406
18.435385,1,1.000000,0.000000,0.020262,-0.027427,0.000000,0.000000,1.000000,1.000000,0.890000,945.500000,0.000000,0.000000,0.890000,137.884552,0.800000,-1.000000,1.000000,-47.000000,40.000000,84.289406
18.477776,1,1.000000,0.000000,0.022131,-0.027813,0.000000,0.000000,1.000000,1.000000,0.890000,945.533997,0.000000,0.000000,0.890000,137.885010,0.800000,-1.000000,1.000000,-47.000000,40.000000,84.289406
18.518213,1,1.000000,0.000000,0.023066,-0.028007,0.000000,0.000000,1.000000,1.000000,0.810000,945.578979,0.000000,0.000000,0.810000,137.876633,0.800000,-0.900000,1.000000,-47.000000,40.000000,84.289406
18.557789,1,1.000000,0.000000,0.021912,-0.026606,0.000000,0.000000,1.000000,1.000000,0.810000,945.622986,0.000000,0.000000,0.810000,137.844406,0.900000,-0.800000,0.000000,-10000.000000,40.000000,-10000.000000
18.597496,1,1.000000,0.000000,0.020817,-0.025276,0.000000,0.000000,1.000000,1.000000,0.810000,946.353027,0.000000,0.000000,0.810000,137.844406,0.900000,-0.800000,0.000000,-10000.000000,40.000000,-10000.000000
18.635818,1,1.000000,0.000000,0.019776,-0.024012,0.000000,0.000000,1.000000,1.000000,0.810000,946.052979,0.000000,0.000000,0.810000,137.844406,0.900000,-0.800000,0.000000,-10000.000000,-10000.000000,-10000.000000
18.675099,1,1.000000,0.000000,0.018787,-0.022812,0.000000,0.000000,1.000000,1.000000,0.810000,946.473022,0.000000,0.000000,0.810000,137.844406,0.900000,-0.800000,0.000000,-10000.000000,-10000.000000,-10000.000000
18.717771,1,1.000000,0.000000,0.017848,-0.021671,0.000000,0.000000,1.000000,1.000000,0.810000,945.773987,0.000000,0.000000,0.810000,137.844406,0.900000,-0.800000,0.000000,-10000.000000,-10000.000000,-10000.000000
18.760373,1,1.000000,0.000000,0.016955,-0.020587,0.000000,0.000000,1.000000,1.000000,0.810000,945.815979,0.000000,0.000000,0.810000,137.844406,0.900000,-0.800000,0.000000,-10000.000000,-10000.000000,-10000.000000
18.796592,1,1.000000,0.000000,0.016108,-0.019558,0.000000,0.000000,1.000000,1.000000,0.810000,945.861023,0.000000,0.000000,0.810000,137.844406,0.900000,-0.800000,0.000000,-10000.000000,-10000.000000,-10000.000000
18.838927,1,1.000000,0.000000,0.015302,-0.018580,0.000000,0.000000,1.000000,1.000000,0.810000,945.901978,0.000000,0.000000,0.810000,137.844406,0.900000,-0.800000,0.000000,-10000.000000,-10000.000000,-10000.000000
18.879261,1,1.000000,0.000000,0.014537,-0.017651,0.000000,0.000000,1.000000,1.000000,0.810000,945.942017,0.000000,0.000000,0.810000,137.844406,0.900000,-0.800000,0.000000,-10000.000000,-10000.000000,-10000.000000
18.917786,1,1.000000,0.000000,0.013810,-0.016769,0.000000,0.000000,1.000000,1.000000,0.810000,945.974976,0.000000,0.000000,0.810000,137.844406,0.900000,-0.800000,0.000000,-10000.000000,-10000.000000,-10000.000000
18.956202,1,1.000000,0.000000,0.020405,-0.022784,0.000000,0.000000,1.000000,1.000000,0.720000,946.017029,0.000000,0.000000,0.720000,137.856705,0.800000,-1.200000,1.000000,-48.000000,45.000000,84.289406
18.998360,1,1.000000,0.000000,0.023703,-0.025792,0.000000,0.000000,1.000000,1.000000,0.710000,946.060974,0.000000,0.000000,0.710000,137.838608,1.000000,-1.400000,1.000000,-48.000000,45.000000,84.289406
19.037632,1,1.000000,0.000000,0.022517,-0.024503,0.000000,0.000000,1.000000,1.000000,0.670000,946.098022,0.000000,0.000000,0.670000,137.843979,1.000000,-1.400000,0.000000,-10000.000000,-10000.000000,-10000.000000
19.077945,1,1.000000,0.000000,0.021392,-0.023277,0.000000,0.000000,1.000000,1.000000,0.670000,946.140015,0.000000,0.000000,0.670000,137.834671,0.900000,-1.400000,0.000000,-10000.000000,-10000.000000,-10000.000000
19.117792,1,1.000000,0.000000,0.020322,-0.022114,0.000000,0.000000,1.000000,1.000000,0.670000,946.177979,0.000000,0.000000,0.670000,137.853958,0.800000,-1.400000,0.000000,-10000.000000,-10000.000000,-10000.000000
19.157717,1,1.000000,0.000000,0.019306,-0.021008,0.000000,0.000000,1.000000,1.000000,0.670000,946.218018,0.000000,0.000000,0.670000,137.853546,0.900000,-1.400000,0.000000,-10000.000000,-10000.000000,-10000.000000
19.200134,1,1.000000,0.000000,0.018341,-0.019957,0.000000,0.000000,1.000000,1.000000,0.670000,946.260010,0.000000,0.000000,0.670000,137.826080,0.900000,-1.400000,0.000000,-10000.000000,-10000.000000,-10000.000000
19.238160,1,1.000000,0.000000,0.017424,-0.018960,0.000000,0.000000,1.000000,1.000000,0.670000,946.299988,0.000000,0.000000,0.670000,137.818878,0.900000,-1.400000,0.000000,-10000.000000,-10000.000000,-10000.000000
19.278410,1,1.000000,0.000000,0.016552,-0.018012,0.000000,0.000000,1.000000,1.000000,0.670000,946.331970,0.000000,0.000000,0.670000,137.828064,0.900000,-1.400000,0.000000,-10000.000000,-10000.000000,-10000.000000
19.318557,1,1.000000,0.000000,0.015725,-0.017111,0.000000,0.000000,1.000000,1.000000,0.580000,946.374023,0.000000,0.000000,0.580000,137.779984,0.900000,-1.400000,0.000000,-10000.000000,-10000.000000,-10000.000000
19.356352,1,1.000000,0.000000,0.014939,-0.016255,0.000000,0.000000,1.000000,1.000000,0.580000,946.416016,0.000000,0.000000,0.580000,137.791824,0.800000,-1.400000,0.000000,-10000.000000,-10000.000000,-10000.000000
19.398097,1,1.000000,0.000000,0.014192,-0.015443,0.000000,0.000000,1.000000,1.000000,0.580000,946.458008,0.000000,0.000000,0.580000,137.771683,0.600000,-1.400000,0.000000,-10000.000000,-10000.000000,-10000.000000
19.437482,1,1.000000,0.000000,0.013482,-0.014671,0.000000,0.000000,1.000000,1.000000,0.550000,946.497009,0.000000,0.000000,0.550000,137.779953,0.600000,-1.400000,0.000000,-10000.000000,-10000.000000,-10000.000000
19.478579,1,1.000000,0.000000,0.012808,-0.013937,0.000000,0.000000,1.000000,1.000000,0.550000,946.539001,0.000000,0.000000,0.550000,137.753693,0.400000,-1.400000,0.000000,-10000.000000,-10000.000000,-10000.000000
19.517323,1,1.000000,0.000000,0.012168,-0.013240,0.000000,0.000000,1.000000,1.000000,0.530000,946.577026,0.000000,0.000000,0.530000,137.754807,0.200000,-1.400000,0.000000,-10000.000000,-10000.000000,-10000.000000
19.555081,1,1.000000,0.000000,0.011559,-0.012578,0.000000,0.000000,1.000000,1.000000,0.530000,946.617981,0.000000,0.000000,0.530000,137.754456,0.200000,-1.400000,0.000000,-10000.000000,-10000.000000,-10000.000000
19.597565,1,1.000000,0.000000,0.010981,-0.011949,0.000000,0.000000,1.000000,1.000000,0.530000,947.252991,0.000000,0.000000,0.530000,137.736359,0.400000,-1.500000,0.000000,-10000.000000,-10000.000000,-10000.000000
19.636793,1,1.000000,0.000000,0.010432,-0.011352,0.000000,0.000000,1.000000,1.000000,0.490000,947.103027,0.000000,0.000000,0.490000,137.729233,0.500000,-1.500000,0.000000,-10000.000000,-10000.000000,-10000.000000
19.678003,1,1.000000,0.000000,0.009911,-0.010784,0.000000,0.000000,1.000000,1.000000,0.490000,947.552979,0.000000,0.000000,0.490000,137.701279,0.600000,-1.700000,0.000000,-10000.000000,-10000.000000,-10000.000000
19.715973,1,1.000000,0.000000,0.009415,-0.010245,0.000000,0.000000,1.000000,1.000000,0.460000,946.773987,0.000000,0.000000,0.460000,137.707657,0.700000,-1.700000,0.000000,-10000.000000,-10000.000000,-10000.000000
19.756094,1,1.000000,0.000000,0.008944,-0.009733,0.000000,0.000000,1.000000,1.000000,0.460000,946.815002,0.000000,0.000000,0.460000,137.707657,0.700000,-1.700000,0.000000,-10000.000000,-10000.000000,-10000.000000
19.799916,1,1.000000,0.000000,0.008497,-0.009246,0.000000,0.000000,1.000000,1.000000,0.460000,946.859009,0.000000,0.000000,0.460000,137.707993,1.100000,-1.700000,0.000000,-10000.000000,-10000.000000,-10000.000000
19.836719,1,1.000000,0.000000,0.008072,-0.008784,0.000000,0.000000,1.000000,1.000000,0.440000,946.901001,0.000000,0.000000,0.440000,137.723175,1.100000,-1.600000,0.000000,-10000.000000,-10000.000000,-10000.000000
19.879475,1,1.000000,0.000000,0.007669,-0.008345,0.000000,0.000000,1.000000,1.000000,0.440000,946.932983,0.000000,0.000000,0.440000,137.723175,1.100000,-1.600000,0.000000,-10000.000000,-10000.000000,-10000.000000
19.917716,1,1.000000,0.000000,0.007285,-0.007927,0.000000,0.000000,1.000000,1.000000,0.430000,946.976990,0.000000,0.000000,0.430000,137.702744,1.100000,-1.600000,0.000000,-10000.000000,-10000.000000,-10000.000000
19.956638,1,1.000000,0.000000,0.006921,-0.007531,0.000000,0.000000,1.000000,1.000000,0.430000,947.021973,0.000000,0.000000,0.430000,137.660751,1.200000,-1.600000,0.000000,-10000.000000,-10000.000000,-10000.000000
19.998204,1,1.000000,0.000000,0.006575,-0.007154,0.000000,0.000000,1.000000,1.000000,0.430000,947.059998,0.000000,0.000000,0.430000,137.641602,1.100000,-1.500000,0.000000,-10000.000000,-10000.000000,-10000.000000
20.036294,1,1.000000,0.000000,0.006246,-0.006797,0.000000,0.000000,1.000000,1.000000,0.430000,947.098999,0.000000,0.000000,0.430000,137.658539,0.800000,-1.400000,0.000000,-10000.000000,-10000.000000,-10000.000000
20.078741,1,1.000000,0.000000,0.005934,-0.006457,0.000000,0.000000,1.000000,1.000000,0.430000,947.140991,0.000000,0.000000,0.430000,137.648895,0.800000,-1.300000,0.000000,-10000.000000,-10000.000000,-10000.000000
20.117532,1,1.000000,0.000000,0.005637,-0.006134,0.000000,0.000000,1.000000,1.000000,0.430000,947.179016,0.000000,0.000000,0.430000,137.641815,0.700000,-1.200000,0.000000,-10000.000000,-10000.000000,-10000.000000
20.157499,1,1.000000,0.000000,0.005355,-0.005827,0.000000,0.000000,1.000000,1.000000,0.430000,947.221985,0.000000,0.000000,0.430000,137.689224,0.500000,-1.200000,0.000000,-10000.000000,-10000.000000,-10000.000000
20.198384,1,1.000000,0.000000,0.005087,-0.005536,0.000000,0.000000,1.000000,1.000000,0.430000,947.260986,0.000000,0.000000,0.430000,137.716949,0.500000,-1.200000,0.000000,-10000.000000,-10000.000000,-10000.000000
20.237654,1,1.000000,0.000000,0.004833,-0.005259,0.000000,0.000000,1.000000,1.000000,0.430000,947.299988,0.000000,0.000000,0.430000,137.740982,0.500000,-1.200000,0.000000,-10000.000000,-10000.000000,-10000.000000
20.278347,1,1.000000,0.000000,0.004591,-0.004996,0.000000,0.000000,1.000000,1.000000,0.430000,947.341980,0.000000,0.000000,0.430000,137.762665,0.500000,-1.200000,0.000000,-10000.000000,-10000.000000,-10000.000000
20.317303,1,1.000000,0.000000,0.004362,-0.004746,0.000000,0.000000,1.000000,1.000000,0.420000,947.372986,0.000000,0.000000,0.420000,137.776779,0.500000,-1.300000,0.000000,-10000.000000,-10000.000000,-10000.000000
20.355692,1,1.000000,0.000000,0.004144,-0.004509,0.000000,0.000000,1.000000,1.000000,0.380000,947.413025,0.000000,0.000000,0.380000,137.775467,0.500000,-1.300000,0.000000,-10000.000000,-10000.000000,-10000.000000
20.397071,1,1.000000,0.000000,0.003937,-0.004284,0.000000,0.000000,1.000000,1.000000,0.380000,947.452026,0.000000,0.000000,0.380000,137.775467,0.500000,-1.300000,0.000000,-10000.000000,-10000.000000,-10000.000000
20.435493,1,1.000000,0.000000,0.003740,-0.004069,0.000000,0.000000,1.000000,1.000000,0.370000,947.492981,0.000000,0.000000,0.370000,137.865082,0.500000,-1.400000,0.000000,-10000.000000,-10000.000000,-10000.000000
20.477056,1,1.000000,0.000000,0.003553,-0.003866,0.000000,0.000000,1.000000,1.000000,0.370000,947.531982,0.000000,0.000000,0.370000,137.865387,0.800000,-1.300000,0.000000,-10000.000000,-10000.000000,-10000.000000
20.517765,1,1.000000,0.000000,0.003375,-0.003673,0.000000,0.000000,1.000000,1.000000,0.360000,947.575012,0.000000,0.000000,0.360000,137.883606,0.900000,-1.400000,0.000000,114.000000,-148.000000,-10000.000000
20.559918,1,1.000000,0.000000,0.003206,-0.003489,0.000000,0.000000,1.000000,1.000000,0.360000,947.614014,0.000000,0.000000,0.360000,137.891098,1.100000,-1.400000,0.000000,-10000.000000,-10000.000000,-10000.000000
20.597200,1,1.000000,0.000000,0.003046,-0.003315,0.000000,0.000000,1.000000,1.000000,0.360000,948.153015,0.000000,0.000000,0.360000,137.891098,1.100000,-1.400000,0.000000,-10000.000000,-10000.000000,-10000.000000
20.635399,1,1.000000,0.000000,0.002894,-0.003149,0.000000,0.000000,1.000000,1.000000,0.350000,948.112976,0.000000,0.000000,0.350000,137.823837,2.200000,-1.300000,0.000000,-10000.000000,-10000.000000,-10000.000000
20.679574,1,1.000000,0.000000,0.002749,-0.002991,0.000000,0.000000,1.000000,1.000000,0.350000,948.463013,0.000000,0.000000,0.350000,137.786728,2.600000,-1.200000,0.000000,-10000.000000,-10000.000000,-10000.000000
20.716586,1,1.000000,0.000000,0.002612,-0.002842,0.000000,0.000000,1.000000,1.000000,0.320000,947.776978,0.000000,0.000000,0.320000,137.729279,3.000000,-1.500000,0.000000,-10000.000000,-10000.000000,-10000.000000
20.757696,1,1.000000,0.000000,0.002481,-0.002700,0.000000,0.000000,1.000000,1.000000,0.320000,947.815979,0.000000,0.000000,0.320000,137.707916,3.200000,-1.500000,0.000000,-10000.000000,-10000.000000,-10000.000000
20.797082,1,1.000000,0.000000,0.002357,-0.002565,0.000000,0.000000,1.000000,1.000000,0.320000,947.856995,0.000000,0.000000,0.320000,137.684006,3.400000,-1.400000,0.000000,-10000.000000,-10000.000000,-10000.000000
20.835717,1,1.000000,0.000000,0.002239,-0.002437,0.000000,0.000000,1.000000,1.000000,0.320000,947.898987,0.000000,0.000000,0.320000,137.631546,3.500000,-1.200000,0.000000,-10000.000000,-10000.000000,-10000.000000
20.877912,1,1.000000,0.000000,0.002127,-0.002315,0.000000,0.000000,1.000000,1.000000,0.320000,947.940002,0.000000,0.000000,0.320000,137.611710,3.600000,-1.100000,0.000000,-10000.000000,-10000.000000,-10000.000000
20.918611,1,1.000000,0.000000,0.002021,-0.002199,0.000000,0.000000,1.000000,1.000000,0.310000,947.979980,0.000000,0.000000,0.310000,137.539886,3.700000,-1.000000,0.000000,-10000.000000,-10000.000000,-10000.000000
20.955072,1,1.000000,0.000000,0.001920,-0.002089,0.000000,0.000000,1.000000,1.000000,0.310000,948.021973,0.000000,0.000000,0.310000,137.539886,3.700000,-1.000000,0.000000,-10000.000000,-10000.000000,-10000.000000
20.998624,1,1.000000,0.000000,0.001824,-0.001985,0.000000,0.000000,1.000000,1.000000,0.310000,948.059998,0.000000,0.000000,0.310000,137.485031,3.900000,-0.500000,0.000000,-10000.000000,-10000.000000,-10000.000000
21.037424,1,1.000000,0.000000,0.001733,-0.001885,0.000000,0.000000,1.000000,1.000000,0.290000,948.101990,0.000000,0.000000,0.290000,137.463730,4.200000,-0.500000,0.000000,-10000.000000,-10000.000000,-10000.000000
21.078861,1,1.000000,0.000000,0.001646,-0.001791,0.000000,0.000000,1.000000,1.000000,0.290000,948.132019,0.000000,0.000000,0.290000,137.481613,4.300000,-0.300000,0.000000,-10000.000000,-10000.000000,-10000.000000
21.118096,1,1.000000,0.000000,0.001564,-0.001702,0.000000,0.000000,1.000000,1.000000,0.390000,948.174011,0.000000,0.000000,0.390000,137.505722,4.300000,-0.100000,0.000000,-10000.000000,-10000.000000,-10000.000000
21.155691,1,1.000000,0.000000,0.001485,-0.001616,0.000000,0.000000,1.000000,1.000000,0.390000,948.213989,0.000000,0.000000,0.390000,137.560806,4.500000,-0.100000,0.000000,-10000.000000,-10000.000000,-10000.000000
21.199035,1,1.000000,0.000000,-0.042457,0.034892,0.000000,0.000000,1.000000,1.000000,0.380000,948.257019,0.000000,0.000000,0.380000,137.650391,5.000000,-0.200000,1.000000,119.000000,-144.000000,180.000000
21.237929,1,1.000000,0.000000,-0.061129,0.053146,0.000000,0.000000,1.000000,1.000000,0.280000,948.296997,0.000000,0.000000,0.280000,137.770309,5.300000,-0.300000,1.000000,119.000000,-133.000000,180.000000
21.280569,1,1.000000,0.000000,-0.058072,0.050489,0.000000,0.000000,1.000000,1.000000,0.280000,948.341980,0.000000,0.000000,0.280000,137.938232,5.100000,-0.100000,0.000000,-10000.000000,-10000.000000,-10000.000000
21.317179,1,1.000000,0.000000,-0.055169,0.047964,0.000000,0.000000,1.000000,1.000000,0.300000,948.374023,0.000000,0.000000,0.300000,137.999847,5.000000,-0.100000,0.000000,-10000.000000,-10000.000000,-10000.000000
21.355825,1,1.000000,0.000000,-0.052410,0.045566,0.000000,0.000000,1.000000,1.000000,0.300000,948.411987,0.000000,0.000000,0.300000,138.117706,5.100000,-0.100000,0.000000,-10000.000000,-10000.000000,-10000.000000
21.397745,1,1.000000,0.000000,-0.049790,0.043288,0.000000,0.000000,1.000000,1.000000,0.300000,948.455017,0.000000,0.000000,0.300000,138.117706,5.100000,-0.100000,0.000000,-10000.000000,-10000.000000,-10000.000000
21.435965,1,1.000000,0.000000,-0.047300,0.041123,0.000000,0.000000,1.000000,1.000000,0.300000,948.494995,0.000000,0.000000,0.300000,138.323120,5.100000,-0.100000,0.000000,-10000.000000,-10000.000000,-10000.000000
21.478002,1,1.000000,0.000000,-0.044935,0.039067,0.000000,0.000000,1.000000,1.000000,0.300000,948.539978,0.000000,0.000000,0.300000,138.413773,4.900000,-0.100000,0.000000,-10000.000000,-10000.000000,-10000.000000
21.518335,1,1.000000,0.000000,-0.042688,0.037114,0.000000,0.000000,1.000000,1.000000,0.300000,948.580994,0.000000,0.000000,0.300000,138.506241,4.600000,-0.100000,0.000000,-10000.000000,-10000.000000,-10000.000000
21.557804,1,1.000000,0.000000,-0.040554,0.035258,0.000000,0.000000,1.000000,1.000000,0.300000,948.620972,0.000000,0.000000,0.300000,138.548111,4.500000,-0.100000,0.000000,-10000.000000,-10000.000000,-10000.000000
21.598578,1,1.000000,0.000000,-0.038526,0.033495,0.000000,0.000000,1.000000,1.000000,0.310000,949.552979,0.000000,0.000000,0.310000,138.667297,4.100000,-0.300000,0.000000,-10000.000000,-10000.000000,-10000.000000
21.634761,1,1.000000,0.000000,-0.036600,0.031820,0.000000,0.000000,1.000000,1.000000,0.310000,949.062988,0.000000,0.000000,0.310000,138.687546,4.100000,-0.400000,0.000000,-10000.000000,-10000.000000,-10000.000000
21.676446,1,1.000000,0.000000,-0.034770,0.030229,0.000000,0.000000,1.000000,1.000000,0.310000,949.463013,0.000000,0.000000,0.310000,138.742874,4.100000,-0.500000,0.000000,-10000.000000,-10000.000000,-10000.000000
21.716917,1,1.000000,0.000000,-0.033031,0.028718,0.000000,0.000000,1.000000,1.000000,0.310000,948.776001,0.000000,0.000000,0.310000,138.790863,3.800000,-0.900000,0.000000,-10000.000000,-10000.000000,-10000.000000
21.755493,1,1.000000,0.000000,-0.031380,0.027282,0.000000,0.000000,1.000000,1.000000,0.310000,948.815979,0.000000,0.000000,0.310000,138.822266,3.600000,-1.000000,0.000000,-10000.000000,-10000.000000,-10000.000000
21.796597,1,1.000000,0.000000,-0.029811,0.025918,0.000000,0.000000,1.000000,1.000000,0.310000,948.856995,0.000000,0.000000,0.310000,138.967621,2.600000,-1.300000,0.000000,-10000.000000,-10000.000000,-10000.000000
21.836624,1,1.000000,0.000000,-0.028320,0.024622,0.000000,0.000000,1.000000,1.000000,0.310000,948.898010,0.000000,0.000000,0.310000,139.002106,2.500000,-1.300000,0.000000,-10000.000000,-10000.000000,-10000.000000
21.877947,1,1.000000,0.000000,-0.026904,0.023391,0.000000,0.000000,1.000000,1.000000,0.310000,948.940979,0.000000,0.000000,0.310000,139.101349,1.700000,-1.400000,0.000000,-10000.000000,-10000.000000,-10000.000000
21.917398,1,1.000000,0.000000,-0.025559,0.022221,0.000000,0.000000,1.000000,1.000000,0.290000,948.981018,0.000000,0.000000,0.290000,139.116821,1.500000,-1.400000,0.000000,-10000.000000,-10000.000000,-10000.000000
21.958156,1,1.000000,0.000000,-0.024281,0.021110,0.000000,0.000000,1.000000,1.000000,0.290000,949.021973,0.000000,0.000000,0.290000,139.124222,1.200000,-1.400000,0.000000,-10000.000000,-10000.000000,-10000.000000
21.999987,1,1.000000,0.000000,-0.023067,0.020055,0.000000,0.000000,1.000000,1.000000,0.320000,949.060974,0.000000,0.000000,0.320000,139.104172,0.900000,-1.300000,0.000000,-10000.000000,-10000.000000,-10000.000000
22.036221,1,1.000000,0.000000,-0.021914,0.019052,0.000000,0.000000,1.000000,1.000000,0.320000,949.093994,0.000000,0.000000,0.320000,139.079727,0.800000,-1.400000,0.000000,-10000.000000,-10000.000000,-10000.000000
22.077687,1,1.000000,0.000000,-0.020818,0.018099,0.000000,0.000000,1.000000,1.000000,0.320000,949.132996,0.000000,0.000000,0.320000,138.948975,0.800000,-1.600000,0.000000,-10000.000000,-10000.000000,-10000.000000
22.118278,1,1.000000,0.000000,-0.019777,0.017194,0.000000,0.000000,1.000000,1.000000,0.320000,949.176025,0.000000,0.000000,0.320000,138.787048,0.900000,-1.800000,0.000000,-10000.000000,-10000.000000,-10000.000000
22.156867,1,1.000000,0.000000,-0.018788,0.016335,0.000000,0.000000,1.000000,1.000000,0.320000,949.215027,0.000000,0.000000,0.320000,138.753525,0.700000,-1.800000,0.000000,-10000.000000,-10000.000000,-10000.000000
22.197417,1,1.000000,0.000000,-0.017849,0.015518,0.000000,0.000000,1.000000,1.000000,0.320000,949.260986,0.000000,0.000000,0.320000,138.524246,0.500000,-1.800000,0.000000,-10000.000000,-10000.000000,-10000.000000
22.236161,1,1.000000,0.000000,-0.016956,0.014742,0.000000,0.000000,1.000000,1.000000,0.300000,949.294983,0.000000,0.000000,0.300000,138.461945,0.400000,-1.800000,0.000000,-10000.000000,-10000.000000,-10000.000000
22.276986,1,1.000000,0.000000,-0.016109,0.014005,0.000000,0.000000,1.000000,1.000000,0.300000,949.338013,0.000000,0.000000,0.300000,138.307785,0.200000,-1.700000,0.000000,-10000.000000,-10000.000000,-10000.000000
22.318100,1,1.000000,0.000000,-0.015303,0.013305,0.000000,0.000000,1.000000,1.000000,0.300000,949.377991,0.000000,0.000000,0.300000,138.307785,0.200000,-1.700000,0.000000,-10000.000000,-10000.000000,-10000.000000
22.355138,1,1.000000,0.000000,-0.014538,0.012640,0.000000,0.000000,1.000000,1.000000,0.300000,949.419006,0.000000,0.000000,0.300000,137.978424,0.000000,-1.600000,0.000000,-10000.000000,-10000.000000,-10000.000000
22.398597,1,1.000000,0.000000,-0.013811,0.012008,0.000000,0.000000,1.000000,1.000000,0.300000,949.460999,0.000000,0.000000,0.300000,137.891403,-0.300000,-1.400000,0.000000,-10000.000000,-10000.000000,-10000.000000
22.436228,1,1.000000,0.000000,-0.013121,0.011407,0.000000,0.000000,1.000000,1.000000,0.300000,949.494995,0.000000,0.000000,0.300000,137.851715,-0.600000,-1.400000,0.000000,-10000.000000,-10000.000000,-10000.000000
22.478163,1,1.000000,0.000000,-0.012465,0.010837,0.000000,0.000000,1.000000,1.000000,0.300000,949.534973,0.000000,0.000000,0.300000,137.813171,-0.700000,-1.500000,0.000000,-10000.000000,-10000.000000,-10000.000000
22.516853,1,1.000000,0.000000,-0.011841,0.010295,0.000000,0.000000,1.000000,1.000000,0.300000,949.578003,0.000000,0.000000,0.300000,137.813171,-0.700000,-1.500000,0.000000,-10000.000000,-10000.000000,-10000.000000
22.560767,1,1.000000,0.000000,-0.011249,0.009780,0.000000,0.000000,1.000000,1.000000,0.350000,949.622986,0.000000,0.000000,0.350000,137.681732,-2.300000,-1.200000,0.000000,-10000.000000,-10000.000000,-10000.000000
22.598936,1,1.000000,0.000000,-0.010687,0.009291,0.000000,0.000000,1.000000,1.000000,0.350000,950.153015,0.000000,0.000000,0.350000,137.683258,-2.400000,-1.100000,0.000000,-10000.000000,-10000.000000,-10000.000000
22.636425,1,1.000000,0.000000,-0.010152,0.008827,0.000000,0.000000,1.000000,1.000000,0.360000,950.033020,0.000000,0.000000,0.360000,137.690582,-2.700000,-1.100000,0.000000,-10000.000000,-10000.000000,-10000.000000
22.676850,1,1.000000,0.000000,-0.009645,0.008385,0.000000,0.000000,1.000000,1.000000,0.360000,950.523010,0.000000,0.000000,0.360000,137.692871,-2.900000,-1.100000,0.000000,-10000.000000,-10000.000000,-10000.000000
22.718994,1,1.000000,0.000000,-0.009163,0.007966,0.000000,0.000000,1.000000,1.000000,0.350000,949.773987,0.000000,0.000000,0.350000,137.701843,-3.300000,-1.100000,0.000000,-10000.000000,-10000.000000,-10000.000000
22.756853,1,1.000000,0.000000,-0.008704,0.007568,0.000000,0.000000,1.000000,1.000000,0.350000,949.817017,0.000000,0.000000,0.350000,137.700760,-3.300000,-1.000000,0.000000,-10000.000000,-10000.000000,-10000.000000
22.799092,1,1.000000,0.000000,-0.008269,0.007189,0.000000,0.000000,1.000000,1.000000,0.350000,949.851990,0.000000,0.000000,0.350000,137.700760,-3.300000,-1.000000,0.000000,-10000.000000,-10000.000000,-10000.000000
22.836769,1,1.000000,0.000000,-0.007856,0.006830,0.000000,0.000000,1.000000,1.000000,0.350000,949.898987,0.000000,0.000000,0.350000,137.637268,-3.200000,-1.000000,0.000000,-10000.000000,-10000.000000,-10000.000000
22.877314,1,1.000000,0.000000,-0.007463,0.006488,0.000000,0.000000,1.000000,1.000000,0.350000,949.932983,0.000000,0.000000,0.350000,137.604095,-3.100000,-1.000000,0.000000,-10000.000000,-10000.000000,-10000.000000
22.915874,1,1.000000,0.000000,-0.007090,0.006164,0.000000,0.000000,1.000000,1.000000,0.360000,949.976990,0.000000,0.000000,0.360000,137.604095,-3.100000,-1.000000,0.000000,-10000.000000,-10000.000000,-10000.000000
22.955403,1,1.000000,0.000000,-0.006735,0.005856,0.000000,0.000000,1.000000,1.000000,0.360000,950.018005,0.000000,0.000000,0.360000,137.630981,-2.700000,-1.000000,0.000000,-10000.000000,-10000.000000,-10000.000000
22.996900,1,1.000000,0.000000,-0.006399,0.005563,0.000000,0.000000,1.000000,1.000000,0.360000,950.059998,0.000000,0.000000,0.360000,137.677521,-2.300000,-1.000000,0.000000,-10000.000000,-10000.000000,-10000.000000
23.035931,1,1.000000,0.000000,-0.006079,0.005285,0.000000,0.000000,1.000000,1.000000,0.350000,950.099976,0.000000,0.000000,0.350000,137.706406,-1.900000,-1.000000,0.000000,-10000.000000,-10000.000000,-10000.000000
23.077310,1,1.000000,0.000000,-0.005775,0.005021,0.000000,0.000000,1.000000,1.000000,0.350000,950.142029,0.000000,0.000000,0.350000,137.692291,-1.500000,-1.000000,0.000000,-10000.000000,-10000.000000,-10000.000000
23.116012,1,1.000000,0.000000,-0.005486,0.004770,0.000000,0.000000,1.000000,1.000000,0.360000,950.174011,0.000000,0.000000,0.360000,137.707657,-1.400000,-1.100000,0.000000,-10000.000000,-10000.000000,-10000.000000
23.155497,1,1.000000,0.000000,-0.005212,0.004531,0.000000,0.000000,1.000000,1.000000,0.360000,950.215027,0.000000,0.000000,0.360000,137.706757,-1.300000,-1.100000,0.000000,-10000.000000,-10000.000000,-10000.000000
23.197745,1,1.000000,0.000000,-0.004951,0.004305,0.000000,0.000000,1.000000,1.000000,0.360000,950.255981,0.000000,0.000000,0.360000,137.712418,-1.200000,-1.200000,0.000000,-10000.000000,-10000.000000,-10000.000000
23.237248,1,1.000000,0.000000,-0.004704,0.004089,0.000000,0.000000,1.000000,1.000000,0.350000,950.299011,0.000000,0.000000,0.350000,137.728989,-1.400000,-0.700000,0.000000,-10000.000000,-10000.000000,-10000.000000
23.277259,1,1.000000,0.000000,-0.004468,0.003885,0.000000,0.000000,1.000000,1.000000,0.350000,950.341003,0.000000,0.000000,0.350000,137.697601,-1.500000,-0.700000,0.000000,-10000.000000,-10000.000000,-10000.000000
23.317501,1,1.000000,0.000000,-0.004245,0.003691,0.000000,0.000000,1.000000,1.000000,0.350000,950.382019,0.000000,0.000000,0.350000,137.663727,-1.500000,-0.800000,0.000000,-10000.000000,-10000.000000,-10000.000000
23.355685,1,1.000000,0.000000,-0.004033,0.003506,0.000000,0.000000,1.000000,1.000000,0.350000,950.416016,0.000000,0.000000,0.350000,137.683975,-1.500000,-0.800000,0.000000,-10000.000000,-10000.000000,-10000.000000
23.396285,1,1.000000,0.000000,-0.003831,0.003331,0.000000,0.000000,1.000000,1.000000,0.350000,950.452026,0.000000,0.000000,0.350000,137.674316,-1.700000,-0.800000,0.000000,-10000.000000,-10000.000000,-10000.000000
23.437742,1,1.000000,0.000000,-0.003640,0.003164,0.000000,0.000000,1.000000,1.000000,0.330000,950.500977,0.000000,0.000000,0.330000,137.635468,-1.600000,-0.900000,0.000000,-10000.000000,-10000.000000,-10000.000000
23.479957,1,1.000000,0.000000,-0.003458,0.003006,0.000000,0.000000,1.000000,1.000000,0.330000,950.533020,0.000000,0.000000,0.330000,137.609726,-1.600000,-0.800000,0.000000,-10000.000000,-10000.000000,-10000.000000
23.519178,1,1.000000,0.000000,-0.003285,0.002856,0.000000,0.000000,1.000000,1.000000,0.320000,950.577026,0.000000,0.000000,0.320000,137.559586,-1.800000,-0.800000,0.000000,-10000.000000,-10000.000000,-10000.000000
23.556271,1,1.000000,0.000000,-0.003120,0.002713,0.000000,0.000000,1.000000,1.000000,0.320000,950.614990,0.000000,0.000000,0.320000,137.483948,-1.700000,-0.600000,0.000000,-10000.000000,-10000.000000,-10000.000000
23.598888,1,1.000000,0.000000,-0.002964,0.002577,0.000000,0.000000,1.000000,1.000000,0.320000,951.252991,0.000000,0.000000,0.320000,137.462830,-1.800000,-0.300000,0.000000,-10000.000000,-10000.000000,-10000.000000
23.636303,1,1.000000,0.000000,-0.002816,0.002448,0.000000,0.000000,1.000000,1.000000,0.290000,951.112976,0.000000,0.000000,0.290000,137.489197,-2.200000,-0.100000,0.000000,-10000.000000,-10000.000000,-10000.000000
23.679812,1,1.000000,0.000000,-0.002675,0.002326,0.000000,0.000000,1.000000,1.000000,0.290000,951.543030,0.000000,0.000000,0.290000,137.515732,-2.400000,0.100000,0.000000,-10000.000000,-10000.000000,-10000.000000
23.717218,1,1.000000,0.000000,-0.002542,0.002210,0.000000,0.000000,1.000000,1.000000,0.230000,950.781006,0.000000,0.000000,0.230000,137.515732,-2.400000,0.100000,0.000000,-10000.000000,-10000.000000,-10000.000000
23.756807,1,1.000000,0.000000,-0.002415,0.002099,0.000000,0.000000,1.000000,1.000000,0.230000,950.814026,0.000000,0.000000,0.230000,137.471146,-2.300000,0.500000,0.000000,-10000.000000,-10000.000000,-10000.000000
23.798250,1,1.000000,0.000000,-0.002294,0.001994,0.000000,0.000000,1.000000,1.000000,0.230000,950.856018,0.000000,0.000000,0.230000,137.392273,-2.400000,0.300000,0.000000,-10000.000000,-10000.000000,-10000.000000
23.838605,1,1.000000,0.000000,-0.002179,0.001895,0.000000,0.000000,1.000000,1.000000,0.200000,950.895020,0.000000,0.000000,0.200000,137.141785,-1.900000,-0.600000,0.000000,-10000.000000,-10000.000000,-10000.000000
23.875166,1,1.000000,0.000000,-0.002070,0.001800,0.000000,0.000000,1.000000,1.000000,0.200000,950.935974,0.000000,0.000000,0.200000,137.173676,-1.300000,-1.800000,0.000000,-10000.000000,-10000.000000,-10000.000000
23.917508,1,1.000000,0.000000,-0.001967,0.001710,0.000000,0.000000,1.000000,1.000000,0.200000,950.978027,0.000000,0.000000,0.200000,137.700699,-2.800000,-2.200000,0.000000,-10000.000000,-10000.000000,-10000.000000
23.956795,1,1.000000,0.000000,-0.001868,0.001624,0.000000,0.000000,1.000000,1.000000,0.200000,951.018005,0.000000,0.000000,0.200000,138.015686,-2.700000,-0.700000,0.000000,-10000.000000,-10000.000000,-10000.000000
23.997992,1,1.000000,0.000000,-0.001775,0.001543,0.000000,0.000000,1.000000,1.000000,0.200000,951.062988,0.000000,0.000000,0.200000,137.992920,-2.400000,0.200000,0.000000,-10000.000000,-10000.000000,-10000.000000
24.036944,1,1.000000,0.000000,-0.001686,0.001466,0.000000,0.000000,1.000000,1.000000,0.200000,951.096985,0.000000,0.000000,0.200000,137.991898,-0.700000,-2.300000,0.000000,-10000.000000,-10000.000000,-10000.000000
24.077329,1,1.000000,0.000000,-0.001602,0.001393,0.000000,0.000000,1.000000,1.000000,0.200000,951.132019,0.000000,0.000000,0.200000,138.184967,-0.400000,-2.500000,0.000000,-10000.000000,-10000.000000,-10000.000000
24.118795,1,1.000000,0.000000,-0.001522,0.001323,0.000000,0.000000,1.000000,1.000000,0.200000,951.179016,0.000000,0.000000,0.200000,138.129181,0.100000,-2.600000,0.000000,-10000.000000,-10000.000000,-10000.000000
24.159861,1,1.000000,0.000000,-0.001446,0.001257,0.000000,0.000000,1.000000,1.000000,0.200000,951.213013,0.000000,0.000000,0.200000,138.091812,0.100000,-2.200000,0.000000,-10000.000000,-10000.000000,-10000.000000
24.199637,1,1.000000,0.000000,-0.001373,0.001194,0.000000,0.000000,1.000000,1.000000,0.200000,951.258972,0.000000,0.000000,0.200000,138.168411,-0.200000,-1.900000,0.000000,-10000.000000,-10000.000000,-10000.000000
