3.339309,1,0.300000,0.000000,0.000000,0.000000,1.000000,0.000000,0.000000,0.000000,0.200000,2002.505981,0.000000,0.000000,0.200000,-87.199997,4.900000,-3.400000,
3.350163,1,0.300000,0.000000,0.000000,0.000000,1.000000,0.000000,0.000000,0.000000,0.200000,2002.526001,0.000000,0.000000,0.200000,-87.300003,4.900000,-3.400000,
3.387567,1,0.300000,0.000000,0.000000,0.000000,1.000000,0.000000,0.000000,0.000000,0.200000,2002.564941,0.000000,0.000000,0.200000,-87.300003,4.900000,-3.400000,
3.431366,1,0.300000,0.000000,0.000000,0.000000,1.000000,0.000000,0.000000,0.000000,0.200000,2002.614014,0.000000,0.000000,0.200000,-87.300003,4.900000,-3.400000,
3.467352,1,0.300000,0.000000,0.000000,0.000000,1.000000,0.000000,0.000000,0.000000,0.200000,2002.645020,0.000000,0.000000,0.200000,-87.300003,4.900000,-3.400000,
3.509668,1,0.300000,0.000000,0.000000,0.000000,1.000000,0.000000,0.000000,0.000000,0.200000,2002.688965,0.000000,0.000000,0.200000,-87.400002,4.900000,-3.400000,
3.547843,1,0.300000,0.000000,0.000000,0.000000,1.000000,0.000000,0.000000,0.000000,0.200000,2002.729004,0.000000,0.000000,0.200000,-87.400002,4.900000,-3.400000,
3.588087,1,0.300000,0.000000,0.000000,0.000000,1.000000,0.000000,0.000000,0.000000,0.200000,2002.769043,0.000000,0.000000,0.200000,-87.400002,4.900000,-3.400000,
3.627798,1,0.300000,0.000000,0.000000,0.000000,1.000000,0.000000,0.000000,0.000000,0.200000,2002.808960,0.000000,0.000000,0.200000,-87.400002,4.900000,-3.400000,
3.674963,1,0.300000,0.000000,0.000000,0.000000,1.000000,0.000000,0.000000,0.000000,0.200000,2002.849976,0.000000,0.000000,0.200000,-87.500000,4.900000,-3.400000,
3.707571,1,0.300000,0.000000,0.000000,0.000000,1.000000,0.000000,0.000000,0.000000,0.200000,2002.883057,0.000000,0.000000,0.200000,-87.500000,4.900000,-3.400000,
3.748421,1,0.300000,0.000000,0.000000,0.000000,1.000000,0.000000,0.000000,0.000000,0.200000,2002.923950,0.000000,0.000000,0.200000,-87.500000,4.900000,-3.400000,
3.787517,1,0.300000,0.000000,0.000000,0.000000,1.000000,0.000000,0.000000,0.000000,0.200000,2002.963013,0.000000,0.000000,0.200000,-87.500000,4.900000,-3.400000,
3.827735,1,0.300000,0.000000,0.000000,0.000000,1.000000,0.000000,0.000000,0.000000,0.200000,2003.004028,0.000000,0.000000,0.200000,-87.599998,4.900000,-3.400000,
3.867321,1,0.300000,0.000000,0.000000,0.000000,1.000000,0.000000,0.000000,0.000000,0.200000,2003.042969,0.000000,0.000000,0.200000,-87.599998,4.900000,-3.400000,
3.907543,1,0.300000,0.000000,0.000000,0.000000,1.000000,0.000000,0.000000,0.000000,0.200000,2003.084961,0.000000,0.000000,0.200000,-87.599998,4.900000,-3.400000,
3.948010,1,0.300000,0.000000,0.000000,0.000000,1.000000,0.000000,0.000000,0.000000,0.200000,2003.124023,0.000000,0.000000,0.200000,-87.599998,4.900000,-3.400000,
3.987757,1,0.300000,0.000000,0.000000,0.000000,1.000000,0.000000,0.000000,0.000000,0.200000,2003.162964,0.000000,0.000000,0.200000,-87.699997,4.900000,-3.400000,
4.027690,1,0.300000,0.000000,0.000000,0.000000,1.000000,0.000000,0.000000,0.000000,0.200000,2003.204956,0.000000,0.000000,0.200000,-87.699997,4.900000,-3.400000,
4.067368,1,0.300000,0.000000,0.000000,0.000000,1.000000,0.000000,0.000000,0.000000,0.200000,2003.243042,0.000000,0.000000,0.200000,-87.699997,4.900000,-3.400000,
4.107300,1,0.300000,0.000000,0.000000,0.000000,1.000000,0.000000,0.000000,0.000000,0.200000,2003.284058,0.000000,0.000000,0.200000,-87.699997,4.900000,-3.400000,
4.148831,1,0.300000,0.000000,0.000000,0.000000,1.000000,0.000000,0.000000,0.000000,0.200000,2003.323975,0.000000,0.000000,0.200000,-87.699997,4.900000,-3.400000,
4.187319,1,0.300000,0.000000,0.000000,0.000000,1.000000,0.000000,0.000000,0.000000,0.200000,2003.651978,0.000000,0.000000,0.200000,-87.800003,4.900000,-3.400000,
4.227288,1,0.300000,0.000000,0.000000,0.000000,1.000000,0.000000,0.000000,0.000000,0.200000,2004.062012,0.000000,0.000000,0.200000,-87.800003,4.900000,-3.400000,
4.267248,1,0.300000,0.000000,0.000000,0.000000,1.000000,0.000000,0.000000,0.000000,0.200000,2003.442993,0.000000,0.000000,0.200000,-87.800003,4.900000,-3.400000,
4.309094,1,0.300000,0.000000,0.000000,0.000000,1.000000,0.000000,0.000000,0.000000,0.200000,2003.485962,0.000000,0.000000,0.200000,-87.800003,4.900000,-3.400000,
4.347478,1,0.300000,0.000000,0.000000,0.000000,1.000000,0.000000,0.000000,0.000000,0.200000,2003.525024,0.000000,0.000000,0.200000,-87.900002,4.900000,-3.400000,
4.387440,1,0.300000,0.000000,0.000000,0.000000,1.000000,0.000000,0.000000,0.000000,0.200000,2003.563965,0.000000,0.000000,0.200000,-87.900002,4.900000,-3.400000,
4.435263,1,0.300000,0.000000,0.000000,0.000000,1.000000,0.000000,0.000000,0.000000,0.200000,2003.607056,0.000000,0.000000,0.200000,-87.900002,4.900000,-3.400000,
4.467684,1,0.300000,0.000000,0.000000,0.000000,1.000000,0.000000,0.000000,0.000000,0.200000,2003.646973,0.000000,0.000000,0.200000,-87.900002,4.900000,-3.400000,
4.507540,1,0.300000,0.000000,0.000000,0.000000,1.000000,0.000000,0.000000,0.000000,0.200000,2003.688965,0.000000,0.000000,0.200000,-87.900002,4.900000,-3.400000,
4.548204,1,0.300000,0.000000,0.000000,0.000000,1.000000,0.000000,0.000000,0.000000,0.200000,2003.728027,0.000000,0.000000,0.200000,-88.000000,4.900000,-3.400000,
4.588299,1,0.300000,0.000000,0.000000,0.000000,1.000000,0.000000,0.000000,0.000000,0.200000,2003.767944,0.000000,0.000000,0.200000,-88.000000,4.900000,-3.400000,
4.629374,1,0.300000,0.000000,0.000000,0.000000,1.000000,0.000000,0.000000,0.000000,0.200000,2003.807983,0.000000,0.000000,0.200000,-88.000000,4.900000,-3.400000,
4.668310,1,0.300000,0.000000,0.000000,0.000000,1.000000,0.000000,0.000000,0.000000,0.200000,2003.840942,0.000000,0.000000,0.200000,-88.000000,4.900000,-3.400000,
4.708203,1,0.300000,0.000000,0.000000,0.000000,1.000000,0.000000,0.000000,0.000000,0.200000,2003.884033,0.000000,0.000000,0.200000,-88.000000,4.900000,-3.400000,
4.748348,1,0.300000,0.000000,0.000000,0.000000,1.000000,0.000000,0.000000,0.000000,0.200000,2003.926025,0.000000,0.000000,0.200000,-88.099998,4.900000,-3.400000,
4.787698,1,0.300000,0.000000,0.000000,0.000000,1.000000,0.000000,0.000000,0.000000,0.200000,2003.970947,0.000000,0.000000,0.200000,-88.099998,4.900000,-3.400000,
4.829256,1,0.300000,0.000000,0.000000,0.000000,1.000000,0.000000,0.000000,0.000000,0.200000,2004.010986,0.000000,0.000000,0.200000,-88.099998,4.900000,-3.400000,
4.867986,1,0.300000,0.000000,0.000000,0.000000,1.000000,0.000000,0.000000,0.000000,0.200000,2004.048950,0.000000,0.000000,0.200000,-88.099998,4.900000,-3.400000,
4.908304,1,0.300000,0.000000,0.000000,0.000000,1.000000,0.000000,0.000000,0.000000,0.200000,2004.092041,0.000000,0.000000,0.200000,-88.099998,4.900000,-3.400000,
4.947684,1,0.300000,0.000000,0.000000,0.000000,1.000000,0.000000,0.000000,0.000000,0.200000,2004.131958,0.000000,0.000000,0.200000,-88.199997,4.900000,-3.400000,
4.988018,1,0.300000,0.000000,0.000000,0.000000,1.000000,0.000000,0.000000,0.000000,0.200000,2004.170044,0.000000,0.000000,0.200000,-88.199997,4.900000,-3.400000,
5.027859,1,0.300000,0.000000,0.000000,0.000000,1.000000,0.000000,0.000000,0.000000,0.200000,2004.211060,0.000000,0.000000,0.200000,-88.199997,4.900000,-3.400000,
5.068180,1,0.300000,0.000000,0.000000,0.000000,1.000000,0.000000,0.000000,0.000000,0.200000,2004.241943,0.000000,0.000000,0.200000,-88.199997,4.900000,-3.400000,
5.107643,1,0.300000,0.000000,0.000000,0.000000,1.000000,0.000000,0.000000,0.000000,0.200000,2004.281006,0.000000,0.000000,0.200000,-88.300003,4.900000,-3.400000,
5.147844,1,0.300000,0.000000,0.000000,0.000000,1.000000,0.000000,0.000000,0.000000,0.240000,2004.323975,0.000000,0.000000,0.240000,-88.400002,4.700000,-3.500000,
5.189856,2,0.750000,0.000000,0.000000,0.000000,1.000000,0.000000,0.000000,0.000000,0.240000,2004.641968,0.000000,0.000000,0.240000,-88.699997,4.200000,-3.900000,
5.228304,2,0.750000,0.000000,0.000000,0.000000,1.000000,0.000000,0.000000,0.000000,0.240000,2005.062012,0.000000,0.000000,0.240000,-89.300003,2.900000,-4.200000,
5.267894,2,0.750000,0.000000,0.000000,0.000000,1.000000,0.000000,0.000000,0.000000,0.250000,2004.446045,0.000000,0.000000,0.250000,-89.500000,0.800000,-3.400000,
5.307858,2,0.750000,0.000000,0.000000,0.000000,1.000000,0.000000,0.000000,0.000000,0.250000,2004.488037,0.000000,0.000000,0.250000,-89.599998,-0.500000,-2.700000,
5.347778,2,0.750000,0.000000,0.000000,0.000000,1.000000,0.000000,0.000000,0.000000,0.210000,2004.525024,0.000000,0.000000,0.210000,-89.599998,-1.700000,-3.200000,
5.387821,2,0.750000,0.000000,0.000000,0.000000,1.000000,0.000000,0.000000,0.000000,0.210000,2004.569946,0.000000,0.000000,0.210000,-89.599998,-2.200000,-2.600000,
5.429715,2,0.750000,0.000000,0.000000,0.000000,1.000000,0.000000,0.000000,0.000000,0.210000,2004.609985,0.000000,0.000000,0.210000,-89.500000,-2.200000,-2.600000,
5.467817,2,0.750000,0.000000,0.000000,0.000000,1.000000,0.000000,0.000000,0.000000,0.290000,2004.646973,0.000000,0.000000,0.290000,-89.300003,-2.100000,-2.400000,
5.508221,2,0.750000,0.000000,0.000000,0.000000,1.000000,0.000000,0.000000,0.000000,0.290000,2004.689941,0.000000,0.000000,0.290000,-89.199997,-2.000000,-2.100000,
5.548780,2,0.750000,0.000000,0.000000,0.000000,1.000000,0.000000,0.000000,0.000000,0.370000,2004.728027,0.000000,0.000000,0.370000,-89.199997,-2.100000,-1.900000,
5.588166,2,0.750000,0.000000,0.000000,0.000000,1.000000,0.000000,0.000000,0.000000,0.370000,2004.769043,0.000000,0.000000,0.370000,-89.199997,-2.400000,-1.600000,
5.629366,2,0.750000,0.000000,0.000000,0.000000,1.000000,0.000000,0.000000,0.000000,0.370000,2004.808960,0.000000,0.000000,0.370000,-89.300003,-2.700000,-1.300000,
5.668300,2,0.750000,0.000000,0.000000,0.000000,1.000000,0.000000,0.000000,0.000000,0.370000,2004.848999,0.000000,0.000000,0.370000,-89.300003,-3.100000,-1.200000,
5.708283,2,0.750000,0.000000,0.000000,0.000000,1.000000,0.000000,0.000000,0.000000,0.370000,2004.890015,0.000000,0.000000,0.370000,-89.300003,-3.000000,-0.900000,
5.748088,2,0.750000,0.000000,0.000000,0.000000,1.000000,0.000000,0.000000,0.000000,0.380000,2004.928955,0.000000,0.000000,0.380000,-88.900002,-2.500000,-1.100000,
5.787432,2,0.750000,0.000000,0.000000,0.000000,1.000000,0.000000,0.000000,0.000000,0.380000,2004.969971,0.000000,0.000000,0.380000,-88.400002,-2.200000,-0.700000,
5.828174,2,0.750000,0.000000,0.000000,0.000000,1.000000,0.000000,0.000000,0.000000,0.380000,2005.009033,0.000000,0.000000,0.380000,-87.900002,-2.000000,-1.000000,
5.867627,2,0.750000,0.000000,0.000000,0.000000,1.000000,0.000000,0.000000,0.000000,0.360000,2005.047974,0.000000,0.000000,0.360000,-87.300003,-1.700000,-0.900000,
5.907907,2,0.750000,0.000000,0.000000,0.000000,1.000000,0.000000,0.000000,0.000000,0.360000,2005.092041,0.000000,0.000000,0.360000,-86.699997,-1.600000,-0.300000,
5.947813,2,0.750000,0.000000,0.000000,0.000000,1.000000,0.000000,0.000000,0.000000,0.440000,2005.129028,0.000000,0.000000,0.440000,-86.099998,-1.700000,-0.700000,
5.987817,2,0.750000,0.000000,0.000000,0.000000,1.000000,0.000000,0.000000,0.000000,0.440000,2005.171021,0.000000,0.000000,0.440000,-85.699997,-1.200000,-0.700000,
6.029956,2,0.750000,0.000000,0.000000,0.000000,1.000000,0.000000,0.000000,0.000000,0.440000,2005.212036,0.000000,0.000000,0.440000,-85.300003,0.100000,-0.900000,
6.067837,2,0.750000,0.000000,0.000000,0.000000,1.000000,0.000000,0.000000,0.000000,0.440000,2005.241943,0.000000,0.000000,0.440000,-85.199997,1.400000,-1.500000,
6.107968,2,0.750000,0.000000,0.000000,0.000000,1.000000,0.000000,0.000000,0.000000,0.440000,2005.281982,0.000000,0.000000,0.440000,-85.199997,2.800000,-1.500000,
6.147599,2,0.750000,0.000000,0.000000,0.000000,1.000000,0.000000,0.000000,0.000000,0.440000,2005.322998,0.000000,0.000000,0.440000,-85.300003,4.000000,-1.300000,
6.187594,2,0.750000,0.000000,0.000000,0.000000,1.000000,0.000000,0.000000,0.000000,0.470000,2005.631958,0.000000,0.000000,0.470000,-85.400002,4.700000,-1.300000,
6.229801,2,0.750000,0.000000,0.000000,0.000000,1.000000,0.000000,0.000000,0.000000,0.470000,2006.041992,0.000000,0.000000,0.470000,-85.500000,5.200000,-1.200000,
6.267564,2,0.750000,0.000000,0.000000,0.000000,1.000000,0.000000,0.000000,0.000000,0.460000,2005.442993,0.000000,0.000000,0.460000,-85.300003,5.800000,-1.200000,
6.308016,2,0.750000,0.000000,0.000000,0.000000,1.000000,0.000000,0.000000,0.000000,0.460000,2005.482056,0.000000,0.000000,0.460000,-85.099998,6.300000,-1.000000,
6.347596,2,0.750000,0.000000,0.000000,0.000000,1.000000,0.000000,0.000000,0.000000,0.460000,2005.524048,0.000000,0.000000,0.460000,-85.000000,6.400000,-0.900000,
6.387542,2,0.750000,0.000000,0.000000,0.000000,1.000000,0.000000,0.000000,0.000000,0.490000,2005.562012,0.000000,0.000000,0.490000,-84.699997,6.200000,-0.900000,
6.428580,2,0.750000,0.000000,0.000000,0.000000,1.000000,0.000000,0.000000,0.000000,0.490000,2005.607056,0.000000,0.000000,0.490000,-84.400002,5.900000,-1.000000,
6.467878,2,0.750000,0.000000,0.000000,0.000000,1.000000,0.000000,0.000000,0.000000,0.490000,2005.650024,0.000000,0.000000,0.490000,-84.300003,5.500000,-1.200000,
6.508417,2,0.750000,0.000000,0.000000,0.000000,1.000000,0.000000,0.000000,0.000000,0.490000,2005.691040,0.000000,0.000000,0.490000,-84.199997,4.900000,-1.200000,
6.547775,2,0.750000,0.000000,0.000000,0.000000,1.000000,0.000000,0.000000,0.000000,0.490000,2005.729004,0.000000,0.000000,0.490000,-84.300003,4.000000,-1.100000,
6.588944,2,0.750000,0.000000,0.000000,0.000000,1.000000,0.000000,0.000000,0.000000,0.490000,2005.772949,0.000000,0.000000,0.490000,-84.500000,3.000000,-1.100000,
6.627731,2,0.750000,0.000000,0.000000,0.000000,1.000000,0.000000,0.000000,0.000000,0.490000,2005.802002,0.000000,0.000000,0.490000,-84.599998,2.300000,-1.000000,
6.668149,2,0.750000,0.000000,0.000000,0.000000,1.000000,0.000000,0.000000,0.000000,0.550000,2005.840942,0.000000,0.000000,0.550000,-84.699997,1.900000,-1.000000,
6.708658,2,0.750000,0.000000,0.000000,0.000000,1.000000,0.000000,0.000000,0.000000,0.550000,2005.880981,0.000000,0.000000,0.550000,-84.699997,1.600000,-1.100000,
6.747826,2,0.750000,0.000000,0.000000,0.000000,1.000000,0.000000,0.000000,0.000000,0.540000,2005.922974,0.000000,0.000000,0.540000,-84.800003,1.600000,-1.000000,
6.787905,2,0.750000,0.000000,0.000000,0.000000,1.000000,0.000000,0.000000,0.000000,0.540000,2005.959961,0.000000,0.000000,0.540000,-84.800003,1.400000,-0.900000,
6.828010,2,0.750000,0.000000,0.000000,0.000000,1.000000,0.000000,0.000000,0.000000,0.540000,2006.003052,0.000000,0.000000,0.540000,-84.800003,1.200000,-0.700000,
6.868069,2,0.750000,0.000000,0.000000,0.000000,1.000000,0.000000,0.000000,0.000000,0.580000,2006.041992,0.000000,0.000000,0.580000,-84.800003,1.000000,-0.600000,
6.907268,2,0.750000,0.000000,0.000000,0.000000,1.000000,0.000000,0.000000,0.000000,0.580000,2006.083984,0.000000,0.000000,0.580000,-84.800003,0.700000,-0.600000,
6.947578,2,0.750000,0.000000,0.000000,0.000000,1.000000,0.000000,0.000000,0.000000,0.570000,2006.125000,0.000000,0.000000,0.570000,-84.800003,0.500000,-0.600000,
6.987705,2,0.750000,0.000000,0.000000,0.000000,1.000000,0.000000,0.000000,0.000000,0.570000,2006.163940,0.000000,0.000000,0.570000,-84.800003,0.500000,-0.700000,
7.028872,2,0.750000,0.000000,0.000000,0.000000,1.000000,0.000000,0.000000,0.000000,0.570000,2006.204956,0.000000,0.000000,0.570000,-84.800003,0.400000,-0.700000,
7.067508,2,0.750000,0.000000,0.000000,0.000000,1.000000,0.000000,0.000000,0.000000,0.600000,2006.244019,0.000000,0.000000,0.600000,-84.900002,0.400000,-0.800000,
7.108288,2,0.750000,0.000000,0.000000,0.000000,1.000000,0.000000,0.000000,0.000000,0.600000,2006.286987,0.000000,0.000000,0.600000,-85.000000,0.500000,-0.800000,
7.148398,2,0.750000,0.000000,0.000000,0.000000,1.000000,0.000000,0.000000,0.000000,0.610000,2006.324951,0.000000,0.000000,0.610000,-85.000000,0.600000,-0.800000,
7.187769,2,0.750000,0.000000,0.000000,0.000000,1.000000,0.000000,0.000000,0.000000,0.610000,2006.661987,0.000000,0.000000,0.610000,-85.099998,0.700000,-0.700000,
7.229036,2,0.750000,0.000000,0.000000,0.000000,1.000000,0.000000,0.000000,0.000000,0.610000,2007.072021,0.000000,0.000000,0.610000,-85.199997,0.700000,-0.600000,
7.268038,2,0.750000,0.000000,0.000000,0.000000,1.000000,0.000000,0.000000,0.000000,0.640000,2006.447998,0.000000,0.000000,0.640000,-85.300003,0.600000,-0.400000,
7.308397,2,0.750000,0.000000,0.000000,0.000000,1.000000,0.000000,0.000000,0.000000,0.640000,2006.489014,0.000000,0.000000,0.640000,-85.300003,0.600000,-0.300000,
7.348315,2,0.750000,0.000000,0.000000,0.000000,1.000000,0.000000,0.000000,0.000000,0.610000,2006.526001,0.000000,0.000000,0.610000,-85.300003,0.900000,-0.300000,
7.387800,2,0.750000,0.000000,0.000000,0.000000,1.000000,0.000000,0.000000,0.000000,0.610000,2006.567017,0.000000,0.000000,0.610000,-85.300003,1.200000,-0.300000,
7.429661,2,0.750000,0.000000,0.000000,0.000000,1.000000,0.000000,0.000000,0.000000,0.610000,2006.607056,0.000000,0.000000,0.610000,-85.400002,2.300000,0.300000,
7.468588,2,0.750000,0.000000,0.000000,0.000000,1.000000,0.000000,0.000000,0.000000,0.610000,2006.641968,0.000000,0.000000,0.610000,-85.500000,3.100000,1.000000,
7.507918,2,0.750000,0.000000,0.000000,0.000000,1.000000,0.000000,0.000000,0.000000,0.610000,2006.681030,0.000000,0.000000,0.610000,-85.699997,3.600000,1.500000,
7.548055,2,0.750000,0.000000,0.000000,0.000000,1.000000,0.000000,0.000000,0.000000,0.610000,2006.722046,0.000000,0.000000,0.610000,-85.900002,4.100000,2.000000,
7.588713,2,0.750000,0.000000,0.000000,0.000000,1.000000,0.000000,0.000000,0.000000,0.610000,2006.760986,0.000000,0.000000,0.610000,-86.000000,4.600000,2.800000,
7.629849,2,0.750000,0.000000,0.000000,0.000000,1.000000,0.000000,0.000000,0.000000,0.610000,2006.802979,0.000000,0.000000,0.610000,-86.000000,5.100000,3.300000,
7.668447,2,0.750000,0.000000,0.000000,0.000000,1.000000,0.000000,0.000000,0.000000,0.710000,2006.840942,0.000000,0.000000,0.710000,-86.099998,5.400000,3.600000,
7.708331,2,0.750000,0.000000,0.000000,0.000000,1.000000,0.000000,0.000000,0.000000,0.710000,2006.880981,0.000000,0.000000,0.710000,-86.099998,5.600000,3.800000,
7.748563,2,0.750000,0.000000,0.000000,0.000000,1.000000,0.000000,0.000000,0.000000,0.700000,2006.922974,0.000000,0.000000,0.700000,-86.099998,5.600000,3.700000,
7.788187,2,0.750000,0.000000,0.000000,0.000000,1.000000,0.000000,0.000000,0.000000,0.700000,2006.961060,0.000000,0.000000,0.700000,-86.000000,5.500000,3.700000,
7.827834,2,0.750000,0.000000,0.000000,0.000000,1.000000,0.000000,0.000000,0.000000,0.690000,2007.001953,0.000000,0.000000,0.690000,-86.000000,5.600000,4.200000,
7.868355,2,0.750000,0.000000,0.000000,0.000000,1.000000,0.000000,0.000000,0.000000,0.710000,2007.041016,0.000000,0.000000,0.710000,-86.000000,5.500000,4.200000,
7.908085,2,0.750000,0.000000,0.000000,0.000000,1.000000,0.000000,0.000000,0.000000,0.720000,2007.081055,0.000000,0.000000,0.720000,-86.099998,5.300000,4.000000,
7.947567,2,0.750000,0.000000,0.000000,0.000000,1.000000,0.000000,0.000000,0.000000,0.720000,2007.124023,0.000000,0.000000,0.720000,-86.099998,5.300000,4.200000,
7.988087,2,0.750000,0.000000,0.000000,0.000000,1.000000,0.000000,0.000000,0.000000,0.730000,2007.161011,0.000000,0.000000,0.730000,-86.199997,5.100000,4.000000,
8.027627,2,0.750000,0.000000,0.000000,0.000000,1.000000,0.000000,0.000000,0.000000,0.730000,2007.203003,0.000000,0.000000,0.730000,-86.199997,4.600000,3.500000,
8.067431,2,0.750000,0.000000,0.000000,0.000000,1.000000,0.000000,0.000000,0.000000,0.740000,2007.241943,0.000000,0.000000,0.740000,-86.199997,4.000000,2.900000,
8.107884,2,0.750000,0.000000,0.000000,0.000000,1.000000,0.000000,0.000000,0.000000,0.740000,2007.281006,0.000000,0.000000,0.740000,-86.199997,2.700000,1.800000,
8.147553,2,0.750000,0.000000,0.000000,0.000000,1.000000,0.000000,0.000000,0.000000,0.760000,2007.322998,0.000000,0.000000,0.760000,-86.199997,1.900000,1.300000,
8.188543,2,0.750000,0.000000,0.000000,0.000000,1.000000,0.000000,0.000000,0.000000,0.760000,2007.621948,0.000000,0.000000,0.760000,-86.199997,0.300000,0.700000,
8.229045,2,0.750000,0.000000,0.000000,0.000000,1.000000,0.000000,0.000000,0.000000,0.760000,2008.052002,0.000000,0.000000,0.760000,-86.199997,-0.300000,0.400000,
8.267756,3,1.000000,0.000000,0.000000,0.000000,1.000000,1.000000,0.000000,0.000000,0.760000,2007.444946,0.000000,0.000000,0.760000,-86.199997,-0.600000,0.100000,
8.307219,3,1.000000,0.000000,0.000000,0.000000,1.000000,1.000000,0.000000,0.000000,0.760000,2007.485962,0.000000,0.000000,0.760000,-86.400002,-1.000000,-0.300000,
8.348409,3,1.000000,0.000000,0.000000,0.000000,1.000000,1.000000,0.000000,0.000000,0.780000,2007.526978,0.000000,0.000000,0.780000,-86.599998,-1.000000,-0.000000,
8.387139,3,1.000000,0.000000,0.000000,0.000000,1.000000,1.000000,0.000000,0.000000,0.780000,2007.563965,0.000000,0.000000,0.780000,-86.699997,-1.300000,0.000000,
8.427893,3,1.000000,0.000000,0.000000,0.000000,1.000000,1.000000,0.000000,0.000000,0.780000,2007.604980,0.000000,0.000000,0.780000,-86.900002,-1.500000,-0.100000,
8.467103,3,1.000000,0.000000,0.000000,0.000000,1.000000,1.000000,0.000000,0.000000,0.790000,2007.645996,0.000000,0.000000,0.790000,-87.000000,-1.400000,-0.200000,
8.507524,3,1.000000,0.000000,0.000000,0.000000,1.000000,1.000000,0.000000,0.000000,0.790000,2007.687988,0.000000,0.000000,0.790000,-87.099998,-1.100000,0.000000,
8.548311,3,1.000000,0.000000,0.000000,0.000000,1.000000,1.000000,0.000000,0.000000,0.790000,2007.724976,0.000000,0.000000,0.790000,-88.099998,-1.000000,0.300000,
8.587501,3,1.000000,0.000000,0.000000,0.000000,1.000000,1.000000,0.000000,0.000000,0.790000,2007.765991,0.000000,0.000000,0.790000,-89.599998,-1.000000,0.500000,
8.627507,3,1.000000,0.000000,0.000000,0.000000,1.000000,1.000000,0.000000,0.000000,0.790000,2007.806030,0.000000,0.000000,0.790000,-91.099998,-1.200000,0.100000,
8.667688,3,1.000000,0.000000,0.000000,0.000000,1.000000,1.000000,0.000000,0.000000,0.800000,2007.844971,0.000000,0.000000,0.800000,-91.900002,-1.200000,-0.100000,
8.707278,3,1.000000,0.000000,0.000000,0.000000,1.000000,1.000000,0.000000,0.000000,0.800000,2007.886963,0.000000,0.000000,0.800000,-94.599998,-0.900000,-0.000000,
8.748073,3,1.000000,0.000000,0.000000,0.000000,1.000000,1.000000,0.000000,0.000000,0.810000,2007.925049,0.000000,0.000000,0.810000,-96.500000,-0.900000,-0.000000,
8.787449,3,1.000000,0.000000,0.000000,0.000000,1.000000,1.000000,0.000000,0.000000,0.810000,2007.970947,0.000000,0.000000,0.810000,-98.500000,-1.100000,0.300000,
8.827841,3,1.000000,0.000000,0.000000,0.000000,1.000000,1.000000,0.000000,0.000000,0.810000,2008.008057,0.000000,0.000000,0.810000,-100.599998,-1.100000,0.600000,
8.868004,3,1.000000,0.000000,0.000000,0.000000,1.000000,1.000000,0.000000,0.000000,0.810000,2008.046997,0.000000,0.000000,0.810000,-102.800003,-1.100000,0.800000,
8.907817,3,1.000000,0.000000,0.000000,0.000000,1.000000,1.000000,0.000000,0.000000,0.810000,2008.089966,0.000000,0.000000,0.810000,-105.000000,-1.100000,1.000000,
8.947548,3,1.000000,0.000000,0.000000,0.000000,1.000000,1.000000,0.000000,0.000000,0.820000,2008.126953,0.000000,0.000000,0.820000,-107.300003,-1.100000,0.900000,
8.987564,3,1.000000,0.000000,0.000000,0.000000,1.000000,1.000000,0.000000,0.000000,0.820000,2008.166992,0.000000,0.000000,0.820000,-109.500000,-1.100000,0.700000,
9.027868,3,1.000000,0.000000,0.000000,0.000000,1.000000,1.000000,0.000000,0.000000,0.820000,2008.207031,0.000000,0.000000,0.820000,-111.800003,-0.900000,0.700000,
9.069461,3,1.000000,0.000000,0.000000,0.000000,1.000000,1.000000,0.000000,0.000000,0.850000,2008.246948,0.000000,0.000000,0.850000,-113.800003,-0.800000,0.600000,
9.107641,3,1.000000,0.000000,0.000000,0.000000,1.000000,1.000000,0.000000,0.000000,0.850000,2008.292969,0.000000,0.000000,0.850000,-116.300003,-0.900000,0.100000,
9.147483,3,1.000000,0.000000,0.000000,0.000000,1.000000,1.000000,0.000000,0.000000,0.860000,2008.328979,0.000000,0.000000,0.860000,-118.500000,-0.800000,-0.100000,
9.187416,3,1.000000,0.000000,0.000000,0.000000,1.000000,1.000000,0.000000,0.000000,0.860000,2008.712036,0.000000,0.000000,0.860000,-120.800003,-0.700000,-0.100000,
9.227371,3,1.000000,0.000000,0.000000,0.000000,1.000000,1.000000,0.000000,0.000000,0.860000,2009.112061,0.000000,0.000000,0.860000,-122.900002,-0.800000,-0.300000,
9.267901,3,1.000000,0.000000,0.000000,0.000000,1.000000,1.000000,0.000000,0.000000,0.880000,2008.448975,0.000000,0.000000,0.880000,-125.199997,-0.900000,-0.500000,
9.307999,3,1.000000,0.000000,0.000000,0.000000,1.000000,1.000000,0.000000,0.000000,0.880000,2008.490967,0.000000,0.000000,0.880000,-127.900002,-0.700000,-0.300000,
9.348759,3,1.000000,0.000000,0.000000,0.000000,1.000000,1.000000,0.000000,0.000000,0.900000,2008.530029,0.000000,0.000000,0.900000,-130.199997,-0.700000,-0.400000,
9.388029,3,1.000000,0.000000,0.000000,0.000000,1.000000,1.000000,0.000000,0.000000,0.900000,2008.569946,0.000000,0.000000,0.900000,-132.399994,-0.800000,-0.500000,
9.428031,3,1.000000,0.000000,0.000000,0.000000,1.000000,1.000000,0.000000,0.000000,0.900000,2008.604004,0.000000,0.000000,0.900000,-133.800003,-0.800000,-0.500000,
9.467440,3,1.000000,0.000000,0.000000,0.000000,1.000000,1.000000,0.000000,0.000000,0.910000,2008.640991,0.000000,0.000000,0.910000,-137.300003,-0.600000,-0.400000,
9.507840,3,1.000000,0.000000,0.000000,0.000000,1.000000,1.000000,0.000000,0.000000,0.910000,2008.682007,0.000000,0.000000,0.910000,-139.399994,-0.500000,-0.300000,
9.547828,3,1.000000,0.000000,0.000000,0.000000,1.000000,1.000000,0.000000,0.000000,0.930000,2008.725952,0.000000,0.000000,0.930000,-142.000000,-0.600000,-0.300000,
9.587728,3,1.000000,0.000000,0.000000,0.000000,1.000000,1.000000,0.000000,0.000000,0.930000,2008.765991,0.000000,0.000000,0.930000,-144.300003,-0.700000,-0.500000,
9.627489,3,1.000000,0.000000,0.000000,0.000000,1.000000,1.000000,0.000000,0.000000,0.930000,2008.807983,0.000000,0.000000,0.930000,-146.300003,-0.700000,-0.400000,
9.667738,3,1.000000,0.000000,0.000000,0.000000,1.000000,1.000000,0.000000,0.000000,0.950000,2008.847046,0.000000,0.000000,0.950000,-148.699997,-0.500000,-0.300000,
9.707837,3,1.000000,0.000000,0.000000,0.000000,1.000000,1.000000,0.000000,0.000000,0.950000,2008.889038,0.000000,0.000000,0.950000,-151.300003,-0.600000,-0.400000,
9.747686,3,1.000000,0.000000,0.000000,0.000000,1.000000,1.000000,0.000000,0.000000,0.970000,2008.927002,0.000000,0.000000,0.970000,-153.600006,-0.700000,-0.500000,
9.791240,3,1.000000,0.000000,0.000000,0.000000,1.000000,1.000000,0.000000,0.000000,0.970000,2008.972046,0.000000,0.000000,0.970000,-155.899994,-0.600000,-0.400000,
9.828132,3,1.000000,0.000000,0.000000,0.000000,1.000000,1.000000,0.000000,0.000000,0.970000,2009.004028,0.000000,0.000000,0.970000,-158.000000,-0.400000,-0.300000,
9.868162,3,1.000000,0.000000,0.000000,0.000000,1.000000,1.000000,0.000000,0.000000,0.990000,2009.042969,0.000000,0.000000,0.990000,-160.500000,-0.500000,-0.300000,
9.907673,3,1.000000,0.000000,0.000000,0.000000,1.000000,1.000000,0.000000,0.000000,0.990000,2009.083008,0.000000,0.000000,0.990000,-162.600006,-0.600000,-0.400000,
9.949058,3,1.000000,0.000000,0.000000,0.000000,1.000000,1.000000,0.000000,0.000000,0.990000,2009.123047,0.000000,0.000000,0.990000,-165.100006,-0.500000,-0.400000,
9.987179,3,1.000000,0.000000,0.000000,0.000000,1.000000,1.000000,0.000000,0.000000,1.010000,2009.161987,0.000000,0.000000,1.010000,-167.199997,-0.400000,-0.300000,
10.027171,3,1.000000,0.000000,0.000000,0.000000,1.000000,1.000000,0.000000,0.000000,1.010000,2009.203979,0.000000,0.000000,1.010000,-169.399994,-0.400000,-0.300000,
10.067818,3,1.000000,0.000000,0.000000,0.000000,1.000000,1.000000,0.000000,0.000000,1.010000,2009.241943,0.000000,0.000000,1.010000,-171.899994,-0.500000,-0.300000,
10.107231,3,1.000000,0.000000,0.000000,0.000000,1.000000,1.000000,0.000000,0.000000,1.010000,2009.282959,0.000000,0.000000,1.010000,-174.000000,-0.400000,-0.200000,
10.148728,3,1.000000,0.000000,0.000000,0.000000,1.000000,1.000000,0.000000,0.000000,1.030000,2009.323975,0.000000,0.000000,1.030000,-176.500000,-0.400000,-0.200000,
10.187293,3,1.000000,0.000000,0.000000,0.000000,1.000000,1.000000,0.000000,0.000000,1.030000,2009.651978,0.000000,0.000000,1.030000,-178.600006,-0.500000,-0.300000,
10.227495,3,1.000000,0.000000,0.000000,0.000000,1.000000,1.000000,0.000000,0.000000,1.030000,2010.072021,0.000000,0.000000,1.030000,178.899994,-0.400000,-0.200000,
10.267716,3,1.000000,0.000000,0.000000,0.000000,1.000000,1.000000,0.000000,0.000000,1.050000,2009.446045,0.000000,0.000000,1.050000,177.800003,-0.300000,-0.100000,
10.307774,3,1.000000,0.000000,0.000000,0.000000,1.000000,1.000000,0.000000,0.000000,1.050000,2009.485962,0.000000,0.000000,1.050000,177.800003,-0.300000,-0.100000,
10.347906,3,1.000000,0.000000,0.000000,0.000000,1.000000,1.000000,0.000000,0.000000,1.050000,2009.527954,0.000000,0.000000,1.050000,172.199997,-0.400000,-0.200000,
10.387349,3,1.000000,0.000000,0.000000,0.000000,1.000000,1.000000,0.000000,0.000000,1.050000,2009.566040,0.000000,0.000000,1.050000,169.899994,-0.300000,-0.200000,
10.427745,3,1.000000,0.000000,0.000000,0.000000,1.000000,1.000000,0.000000,0.000000,1.050000,2009.607056,0.000000,0.000000,1.050000,167.699997,0.000000,-0.300000,
10.467309,3,1.000000,0.000000,0.000000,0.000000,1.000000,1.000000,0.000000,0.000000,1.060000,2009.647949,0.000000,0.000000,1.060000,165.600006,0.200000,-0.800000,
10.507313,3,1.000000,0.000000,0.000000,0.000000,1.000000,1.000000,0.000000,0.000000,1.060000,2009.688965,0.000000,0.000000,1.060000,163.199997,0.100000,-1.600000,
10.548213,3,1.000000,0.000000,0.000000,0.000000,1.000000,1.000000,0.000000,0.000000,1.050000,2009.725952,0.000000,0.000000,1.050000,161.000000,0.100000,-1.700000,
10.587593,3,1.000000,0.000000,0.000000,0.000000,1.000000,1.000000,0.000000,0.000000,1.050000,2009.766968,0.000000,0.000000,1.050000,159.000000,0.100000,-1.500000,
10.628626,3,1.000000,0.000000,0.000000,0.000000,1.000000,1.000000,0.000000,0.000000,1.050000,2009.808960,0.000000,0.000000,1.050000,156.500000,-0.100000,-1.500000,
10.667558,3,1.000000,0.000000,0.000000,0.000000,1.000000,1.000000,0.000000,0.000000,1.040000,2009.847046,0.000000,0.000000,1.040000,154.399994,-0.300000,-1.600000,
10.709627,3,1.000000,0.000000,0.000000,0.000000,1.000000,1.000000,0.000000,0.000000,1.040000,2009.890015,0.000000,0.000000,1.040000,152.199997,-0.300000,-1.400000,
10.748350,3,1.000000,0.000000,0.000000,0.000000,1.000000,1.000000,0.000000,0.000000,1.030000,2009.928955,0.000000,0.000000,1.030000,149.699997,-0.200000,-1.100000,
10.790188,3,1.000000,0.000000,0.000000,0.000000,1.000000,1.000000,0.000000,0.000000,1.030000,2009.968018,0.000000,0.000000,1.030000,147.699997,-0.200000,-0.900000,
10.828291,3,1.000000,0.000000,0.000000,0.000000,1.000000,1.000000,0.000000,0.000000,1.030000,2010.004028,0.000000,0.000000,1.030000,145.399994,-0.300000,-0.700000,
10.867381,3,1.000000,0.000000,0.000000,0.000000,1.000000,1.000000,0.000000,0.000000,1.030000,2010.042969,0.000000,0.000000,1.030000,143.100006,-0.400000,-0.400000,
10.907234,3,1.000000,0.000000,0.000000,0.000000,1.000000,1.000000,0.000000,0.000000,1.030000,2010.082031,0.000000,0.000000,1.030000,140.899994,-0.500000,-0.400000,
10.947957,3,1.000000,0.000000,0.000000,0.000000,1.000000,1.000000,0.000000,0.000000,1.030000,2010.124023,0.000000,0.000000,1.030000,138.500000,-0.400000,-0.500000,
10.987346,3,1.000000,0.000000,0.000000,0.000000,1.000000,1.000000,0.000000,0.000000,1.030000,2010.161987,0.000000,0.000000,1.030000,136.399994,-0.200000,-0.900000,
11.027849,3,1.000000,0.000000,0.000000,0.000000,1.000000,1.000000,0.000000,0.000000,1.030000,2010.203003,0.000000,0.000000,1.030000,134.399994,-0.200000,-1.700000,
11.067772,3,1.000000,0.000000,0.000000,0.000000,1.000000,1.000000,0.000000,0.000000,1.030000,2010.243042,0.000000,0.000000,1.030000,132.199997,-0.200000,-2.800000,
11.107179,3,1.000000,0.000000,0.000000,0.000000,1.000000,1.000000,0.000000,0.000000,1.030000,2010.284058,0.000000,0.000000,1.030000,130.000000,-0.100000,-3.500000,
11.147910,3,1.000000,0.000000,0.000000,0.000000,1.000000,1.000000,0.000000,0.000000,1.030000,2010.324951,0.000000,0.000000,1.030000,127.800003,-0.200000,-4.100000,
11.187499,3,1.000000,0.000000,0.000000,0.000000,1.000000,1.000000,0.000000,0.000000,1.020000,2010.651978,0.000000,0.000000,1.020000,125.599998,-0.300000,-4.600000,
11.227106,3,1.000000,0.000000,0.000000,0.000000,1.000000,1.000000,0.000000,0.000000,1.020000,2011.062012,0.000000,0.000000,1.020000,123.099998,-0.300000,-4.700000,
11.267377,3,1.000000,0.000000,0.000000,0.000000,1.000000,1.000000,0.000000,0.000000,0.990000,2010.443970,0.000000,0.000000,0.990000,120.800003,-0.200000,-4.700000,
11.308188,3,1.000000,0.000000,0.000000,0.000000,1.000000,1.000000,0.000000,0.000000,0.990000,2010.484985,0.000000,0.000000,0.990000,118.500000,-0.200000,-4.900000,
11.347657,3,1.000000,0.000000,0.000000,0.000000,1.000000,1.000000,0.000000,0.000000,0.990000,2010.524048,0.000000,0.000000,0.990000,116.199997,-0.300000,-5.400000,
11.387881,3,1.000000,0.000000,0.000000,0.000000,1.000000,1.000000,0.000000,0.000000,0.980000,2010.564941,0.000000,0.000000,0.980000,114.199997,-0.400000,-5.900000,
11.427745,3,1.000000,0.000000,0.000000,0.000000,1.000000,1.000000,0.000000,0.000000,0.980000,2010.604980,0.000000,0.000000,0.980000,112.000000,-0.500000,-6.700000,
11.467532,3,1.000000,0.000000,0.000000,0.000000,1.000000,1.000000,0.000000,0.000000,0.990000,2010.644043,0.000000,0.000000,0.990000,109.599998,-0.500000,-7.900000,
11.507746,3,1.000000,0.000000,0.000000,0.000000,1.000000,1.000000,0.000000,0.000000,0.990000,2010.687988,0.000000,0.000000,0.990000,107.699997,-0.400000,-8.900000,
11.548112,3,1.000000,0.000000,0.000000,0.000000,1.000000,1.000000,0.000000,0.000000,1.000000,2010.725952,0.000000,0.000000,1.000000,105.300003,-0.200000,-10.400000,
11.587728,3,1.000000,0.000000,0.000000,0.000000,1.000000,1.000000,0.000000,0.000000,1.000000,2010.767944,0.000000,0.000000,1.000000,103.300003,-0.200000,-11.700000,
11.630057,3,1.000000,0.000000,0.000000,0.000000,1.000000,1.000000,0.000000,0.000000,0.990000,2010.807007,0.000000,0.000000,0.990000,101.099998,-0.300000,-13.300000,
11.667281,3,1.000000,0.000000,0.000000,0.000000,1.000000,1.000000,0.000000,0.000000,0.970000,2010.848022,0.000000,0.000000,0.970000,98.900002,-0.500000,-15.000000,
11.707886,3,1.000000,0.000000,0.000000,0.000000,1.000000,1.000000,0.000000,0.000000,0.950000,2010.889038,0.000000,0.000000,0.950000,96.400002,-0.900000,-17.600000,
11.747546,3,1.000000,0.000000,0.000000,0.000000,1.000000,1.000000,0.000000,0.000000,0.970000,2010.927002,0.000000,0.000000,0.970000,94.400002,-1.500000,-20.400000,
11.787917,3,1.000000,0.000000,0.000000,0.000000,1.000000,1.000000,0.000000,0.000000,0.950000,2010.968018,0.000000,0.000000,0.950000,92.000000,-2.300000,-23.100000,
11.828680,3,1.000000,0.000000,0.000000,0.000000,1.000000,1.000000,0.000000,0.000000,0.920000,2011.006958,0.000000,0.000000,0.920000,89.500000,-3.500000,-26.000000,
11.867546,3,1.000000,0.000000,0.000000,0.000000,1.000000,1.000000,0.000000,0.000000,0.950000,2011.046997,0.000000,0.000000,0.950000,86.900002,-5.100000,-28.700001,
11.907911,3,1.000000,0.000000,0.000000,0.000000,1.000000,1.000000,0.000000,0.000000,0.940000,2011.088989,0.000000,0.000000,0.940000,84.300003,-6.100000,-29.900000,
11.948039,3,1.000000,0.000000,0.000000,0.000000,1.000000,1.000000,0.000000,0.000000,0.960000,2011.126953,0.000000,0.000000,0.960000,81.800003,-6.800000,-30.799999,
11.987802,3,1.000000,0.000000,0.000000,0.000000,1.000000,1.000000,0.000000,0.000000,0.950000,2011.168945,0.000000,0.000000,0.950000,79.099998,-7.300000,-30.900000,
12.028332,3,1.000000,0.000000,0.000000,0.000000,1.000000,1.000000,0.000000,0.000000,0.990000,2011.208008,0.000000,0.000000,0.990000,77.400002,-6.000000,-27.100000,
12.067933,3,1.000000,0.000000,0.000000,0.000000,1.000000,1.000000,0.000000,0.000000,1.060000,2011.246948,0.000000,0.000000,1.060000,75.199997,-3.600000,-18.799999,
12.107849,3,1.000000,0.000000,0.000000,0.000000,1.000000,1.000000,0.000000,0.000000,1.100000,2011.288940,0.000000,0.000000,1.100000,70.900002,-2.300000,-10.900000,
12.147535,3,1.000000,0.000000,0.000000,0.000000,1.000000,1.000000,0.000000,0.000000,0.970000,2011.327026,0.000000,0.000000,0.970000,64.699997,-2.600000,-7.000000,
12.187664,3,1.000000,0.000000,0.000000,0.000000,1.000000,1.000000,0.000000,0.000000,0.970000,2011.692017,0.000000,0.000000,0.970000,58.200001,-3.700000,-4.700000,
12.227350,3,1.000000,0.000000,0.000000,0.000000,1.000000,1.000000,0.000000,0.000000,0.980000,2012.092041,0.000000,0.000000,0.980000,51.599998,-3.600000,-2.600000,
12.267326,3,1.000000,0.000000,0.000000,0.000000,1.000000,1.000000,0.000000,0.000000,1.030000,2011.447021,0.000000,0.000000,1.030000,40.599998,0.500000,-8.700000,
12.308084,3,1.000000,0.000000,0.000000,0.000000,1.000000,1.000000,0.000000,0.000000,1.030000,2011.489014,0.000000,0.000000,1.030000,34.799999,-7.000000,2.900000,
12.347944,3,1.000000,0.000000,0.000000,0.000000,1.000000,1.000000,0.000000,0.000000,0.970000,2011.526978,0.000000,0.000000,0.970000,36.500000,-20.000000,6.200000,
12.388174,3,1.000000,0.000000,0.000000,0.000000,1.000000,1.000000,0.000000,0.000000,0.910000,2011.569946,0.000000,0.000000,0.910000,44.500000,-27.700001,9.600000,
12.430118,3,1.000000,0.000000,0.000000,0.000000,1.000000,1.000000,0.000000,0.000000,0.890000,2011.603027,0.000000,0.000000,0.890000,56.200001,-25.200001,18.299999,
12.467886,3,1.000000,0.000000,0.000000,0.000000,1.000000,1.000000,0.000000,0.000000,0.300000,2011.640991,0.000000,0.000000,0.300000,69.300003,-21.100000,25.299999,
12.507134,3,1.000000,0.000000,0.000000,0.000000,1.000000,1.000000,0.000000,0.000000,0.300000,2011.681030,0.000000,0.000000,0.300000,79.400002,-18.200001,27.500000,
12.547802,3,1.000000,0.000000,0.000000,0.000000,1.000000,1.000000,0.000000,0.000000,0.350000,2011.724976,0.000000,0.000000,0.350000,87.000000,-14.700000,22.700001,
12.587106,3,1.000000,0.000000,0.000000,0.000000,1.000000,1.000000,0.000000,0.000000,0.360000,2011.765015,0.000000,0.000000,0.360000,92.099998,-14.500000,17.900000,
12.627377,3,1.000000,0.000000,0.000000,0.000000,1.000000,1.000000,0.000000,0.000000,0.370000,2011.806030,0.000000,0.000000,0.370000,94.199997,-13.300000,12.700000,
12.667888,3,1.000000,0.000000,0.000000,0.000000,1.000000,1.000000,0.000000,0.000000,0.790000,2011.845947,0.000000,0.000000,0.790000,93.900002,-11.900000,6.900000,
12.707191,3,1.000000,0.000000,0.000000,0.000000,1.000000,1.000000,0.000000,0.000000,0.800000,2011.885986,0.000000,0.000000,0.800000,92.199997,-10.700000,-0.100000,
12.748344,3,1.000000,0.000000,0.000000,0.000000,1.000000,1.000000,0.000000,0.000000,0.890000,2011.926025,0.000000,0.000000,0.890000,90.099998,-8.800000,-7.500000,
12.787179,3,1.000000,0.000000,0.000000,0.000000,1.000000,1.000000,0.000000,0.000000,0.880000,2011.965942,0.000000,0.000000,0.880000,88.099998,-7.200000,-13.900000,
12.827533,3,1.000000,0.000000,0.000000,0.000000,1.000000,1.000000,0.000000,0.000000,0.860000,2012.009033,0.000000,0.000000,0.860000,86.300003,-6.100000,-17.700001,
12.868076,3,1.000000,0.000000,0.000000,0.000000,1.000000,1.000000,0.000000,0.000000,0.870000,2012.052002,0.000000,0.000000,0.870000,84.699997,-6.000000,-19.900000,
12.907600,3,1.000000,0.000000,0.000000,0.000000,1.000000,1.000000,0.000000,0.000000,0.860000,2012.093018,0.000000,0.000000,0.860000,83.099998,-6.800000,-20.900000,
12.948287,3,1.000000,0.000000,0.000000,0.000000,1.000000,1.000000,0.000000,0.000000,0.870000,2012.120972,0.000000,0.000000,0.870000,83.199997,-7.900000,-19.100000,
12.987754,3,1.000000,0.000000,0.000000,0.000000,1.000000,1.000000,0.000000,0.000000,0.890000,2012.160034,0.000000,0.000000,0.890000,84.400002,-10.000000,-13.900000,
13.027387,3,1.000000,0.000000,0.000000,0.000000,1.000000,1.000000,0.000000,0.000000,0.900000,2012.203979,0.000000,0.000000,0.900000,85.699997,-11.000000,-8.800000,
13.068065,3,1.000000,0.000000,0.000000,0.000000,1.000000,1.000000,0.000000,0.000000,0.960000,2012.240967,0.000000,0.000000,0.960000,87.599998,-11.300000,-3.700000,
13.107865,3,1.000000,0.000000,0.000000,0.000000,1.000000,1.000000,0.000000,0.000000,0.960000,2012.281006,0.000000,0.000000,0.960000,89.500000,-11.600000,0.200000,
13.148258,3,1.000000,0.000000,0.000000,0.000000,1.000000,1.000000,0.000000,0.000000,1.030000,2012.322021,0.000000,0.000000,1.030000,91.400002,-13.000000,5.500000,
13.187315,3,1.000000,0.000000,0.000000,0.000000,1.000000,1.000000,0.000000,0.000000,1.010000,2012.621948,0.000000,0.000000,1.010000,92.599998,-14.700000,10.100000,
13.230889,4,1.000000,180.000000,0.000000,0.000000,1.000000,1.000000,0.000000,0.000000,0.850000,2013.041992,0.000000,0.000000,0.850000,95.400002,-18.000000,32.400002,
13.267813,4,1.000000,180.000000,0.000000,0.000000,1.000000,1.000000,0.000000,0.000000,0.570000,2012.442017,0.000000,0.000000,0.570000,97.199997,-21.400000,55.599998,
13.307114,4,1.000000,180.000000,0.000000,0.000000,1.000000,1.000000,0.000000,0.000000,0.270000,2012.482056,0.000000,0.000000,0.270000,101.000000,-24.200001,74.199997,
13.348013,4,1.000000,180.000000,0.000000,0.000000,1.000000,1.000000,0.000000,0.000000,0.060000,2012.522949,0.000000,0.000000,0.060000,105.000000,-23.100000,86.599998,
13.387533,4,1.000000,180.000000,0.000000,0.000000,1.000000,1.000000,0.000000,0.000000,0.000000,2012.562012,0.000000,0.000000,0.000000,107.599998,-22.100000,89.800003,
13.430790,4,1.000000,180.000000,0.000000,0.000000,1.000000,1.000000,0.000000,0.000000,0.030000,2012.603027,0.000000,0.000000,0.030000,108.500000,-22.900000,87.300003,
13.467646,4,1.000000,180.000000,0.000000,0.000000,1.000000,1.000000,0.000000,0.000000,0.100000,2012.641968,0.000000,0.000000,0.100000,107.199997,-23.799999,80.699997,
13.507157,4,1.000000,180.000000,0.000000,0.000000,1.000000,1.000000,0.000000,0.000000,0.200000,2012.682007,0.000000,0.000000,0.200000,103.599998,-23.400000,72.300003,
13.547999,4,1.000000,180.000000,0.000000,0.000000,1.000000,1.000000,0.000000,0.000000,0.280000,2012.723022,0.000000,0.000000,0.280000,99.599998,-23.000000,66.099998,
13.587179,4,1.000000,180.000000,0.000000,0.000000,1.000000,1.000000,0.000000,0.000000,0.330000,2012.761963,0.000000,0.000000,0.330000,95.500000,-22.900000,61.400002,
13.627716,4,1.000000,180.000000,0.000000,0.000000,1.000000,1.000000,0.000000,0.000000,0.350000,2012.803955,0.000000,0.000000,0.350000,92.400002,-22.900000,59.799999,
13.667575,4,1.000000,180.000000,0.000000,0.000000,1.000000,1.000000,0.000000,0.000000,0.360000,2012.842041,0.000000,0.000000,0.360000,90.800003,-22.900000,60.599998,
13.707048,4,1.000000,180.000000,0.000000,0.000000,1.000000,1.000000,0.000000,0.000000,0.350000,2012.881958,0.000000,0.000000,0.350000,90.500000,-22.900000,61.500000,
13.747984,4,1.000000,180.000000,0.000000,0.000000,1.000000,1.000000,0.000000,0.000000,0.310000,2012.922974,0.000000,0.000000,0.310000,91.699997,-23.299999,65.000000,
13.787625,4,1.000000,180.000000,0.000000,0.000000,1.000000,1.000000,0.000000,0.000000,0.290000,2012.962036,0.000000,0.000000,0.290000,94.099998,-23.700001,66.300003,
13.827216,4,1.000000,180.000000,0.000000,0.000000,1.000000,1.000000,0.000000,0.000000,0.290000,2013.004028,0.000000,0.000000,0.290000,96.699997,-23.900000,66.599998,
13.867326,4,1.000000,180.000000,0.000000,0.000000,1.000000,1.000000,0.000000,0.000000,0.290000,2013.041992,0.000000,0.000000,0.290000,99.000000,-23.900000,66.300003,
13.907226,4,1.000000,180.000000,0.000000,0.000000,1.000000,1.000000,0.000000,0.000000,0.300000,2013.083008,0.000000,0.000000,0.300000,100.500000,-23.900000,65.699997,
13.948091,4,1.000000,180.000000,0.000000,0.000000,1.000000,1.000000,0.000000,0.000000,0.310000,2013.123047,0.000000,0.000000,0.310000,101.300003,-24.000000,65.300003,
13.987132,4,1.000000,180.000000,0.000000,0.000000,1.000000,1.000000,0.000000,0.000000,0.300000,2013.163940,0.000000,0.000000,0.300000,101.400002,-24.000000,65.500000,
14.027222,4,1.000000,180.000000,0.000000,0.000000,1.000000,1.000000,0.000000,0.000000,0.300000,2013.206055,0.000000,0.000000,0.300000,100.900002,-24.000000,66.000000,
14.067707,4,1.000000,180.000000,0.000000,0.000000,1.000000,1.000000,0.000000,0.000000,0.280000,2013.244019,0.000000,0.000000,0.280000,100.000000,-23.900000,66.599998,
14.107708,4,1.000000,180.000000,0.000000,0.000000,1.000000,1.000000,0.000000,0.000000,0.280000,2013.286987,0.000000,0.000000,0.280000,99.599998,-23.900000,67.000000,
14.149322,4,1.000000,180.000000,0.000000,0.000000,1.000000,1.000000,0.000000,0.000000,0.260000,2013.323975,0.000000,0.000000,0.260000,98.300003,-23.799999,68.000000,
14.187199,4,1.000000,180.000000,0.000000,0.000000,1.000000,1.000000,0.000000,0.000000,0.260000,2013.661987,0.000000,0.000000,0.260000,97.500000,-23.900000,68.099998,
14.227190,4,1.000000,180.000000,0.000000,0.000000,1.000000,1.000000,0.000000,0.000000,0.260000,2014.082031,0.000000,0.000000,0.260000,96.599998,-23.799999,67.599998,
14.267784,4,1.000000,180.000000,0.000000,0.000000,1.000000,1.000000,0.000000,0.000000,0.250000,2013.446045,0.000000,0.000000,0.250000,95.699997,-23.799999,67.199997,
14.307114,4,1.000000,180.000000,0.000000,0.000000,1.000000,1.000000,0.000000,0.000000,0.250000,2013.487061,0.000000,0.000000,0.250000,95.000000,-23.799999,67.300003,
14.351270,4,1.000000,180.000000,0.000000,0.000000,1.000000,1.000000,0.000000,0.000000,0.230000,2013.526001,0.000000,0.000000,0.230000,94.599998,-23.900000,67.800003,
14.387777,4,1.000000,180.000000,0.000000,0.000000,1.000000,1.000000,0.000000,0.000000,0.220000,2013.568970,0.000000,0.000000,0.220000,94.500000,-23.900000,68.500000,
14.428750,4,1.000000,180.000000,0.000000,0.000000,1.000000,1.000000,0.000000,0.000000,0.220000,2013.607056,0.000000,0.000000,0.220000,94.400002,-23.900000,69.099998,
14.467704,4,1.000000,180.000000,0.000000,0.000000,1.000000,1.000000,0.000000,0.000000,0.200000,2013.645996,0.000000,0.000000,0.200000,94.400002,-23.900000,69.400002,
14.507755,4,1.000000,180.000000,0.000000,0.000000,1.000000,1.000000,0.000000,0.000000,0.190000,2013.687988,0.000000,0.000000,0.190000,94.199997,-23.900000,70.000000,
14.549273,4,1.000000,180.000000,0.000000,0.000000,1.000000,1.000000,0.000000,0.000000,0.180000,2013.725952,0.000000,0.000000,0.180000,94.000000,-23.900000,70.300003,
14.587893,4,1.000000,180.000000,0.000000,0.000000,1.000000,1.000000,0.000000,0.000000,0.170000,2013.770996,0.000000,0.000000,0.170000,93.599998,-23.900000,70.599998,
14.627887,4,1.000000,180.000000,0.000000,0.000000,1.000000,1.000000,0.000000,0.000000,0.170000,2013.810059,0.000000,0.000000,0.170000,93.000000,-23.900000,71.099998,
14.667703,4,1.000000,180.000000,0.000000,0.000000,1.000000,1.000000,0.000000,0.000000,0.160000,2013.852051,0.000000,0.000000,0.160000,92.199997,-24.000000,71.500000,
14.707847,4,1.000000,180.000000,0.000000,0.000000,1.000000,1.000000,0.000000,0.000000,0.150000,2013.880981,0.000000,0.000000,0.150000,91.199997,-24.000000,71.800003,
14.748260,4,1.000000,180.000000,0.000000,0.000000,1.000000,1.000000,0.000000,0.000000,0.150000,2013.921997,0.000000,0.000000,0.150000,90.400002,-24.100000,72.099998,
14.787981,4,1.000000,180.000000,0.000000,0.000000,1.000000,1.000000,0.000000,0.000000,0.140000,2013.970947,0.000000,0.000000,0.140000,89.800003,-24.100000,72.400002,
14.827867,4,1.000000,180.000000,0.000000,0.000000,1.000000,1.000000,0.000000,0.000000,0.140000,2014.010986,0.000000,0.000000,0.140000,89.400002,-24.200001,72.599998,
14.867814,4,1.000000,180.000000,0.000000,0.000000,1.000000,1.000000,0.000000,0.000000,0.130000,2014.051025,0.000000,0.000000,0.130000,89.099998,-24.200001,72.800003,
14.908032,4,1.000000,180.000000,0.000000,0.000000,1.000000,1.000000,0.000000,0.000000,0.130000,2014.090942,0.000000,0.000000,0.130000,88.800003,-24.200001,72.800003,
14.948338,4,1.000000,180.000000,0.000000,0.000000,1.000000,1.000000,0.000000,0.000000,0.130000,2014.121948,0.000000,0.000000,0.130000,88.500000,-24.299999,72.800003,
14.987540,4,1.000000,180.000000,0.000000,0.000000,1.000000,1.000000,0.000000,0.000000,0.120000,2014.171021,0.000000,0.000000,0.120000,88.300003,-24.400000,72.800003,
15.028706,4,1.000000,180.000000,0.000000,0.000000,1.000000,1.000000,0.000000,0.000000,0.120000,2014.211060,0.000000,0.000000,0.120000,88.199997,-24.400000,72.800003,
15.067852,4,1.000000,180.000000,0.000000,0.000000,1.000000,1.000000,0.000000,0.000000,0.120000,2014.250000,0.000000,0.000000,0.120000,88.300003,-24.500000,73.000000,
15.107286,4,1.000000,180.000000,0.000000,0.000000,1.000000,1.000000,0.000000,0.000000,0.120000,2014.282959,0.000000,0.000000,0.120000,88.400002,-24.500000,73.199997,
15.148591,4,1.000000,180.000000,0.000000,0.000000,1.000000,1.000000,0.000000,0.000000,0.120000,2014.323975,0.000000,0.000000,0.120000,88.400002,-24.600000,73.300003,
15.187865,4,1.000000,180.000000,0.000000,0.000000,1.000000,1.000000,0.000000,0.000000,0.120000,2014.621948,0.000000,0.000000,0.120000,88.300003,-24.600000,73.300003,
15.227542,4,1.000000,180.000000,0.000000,0.000000,1.000000,1.000000,0.000000,0.000000,0.120000,2015.041992,0.000000,0.000000,0.120000,88.199997,-24.700001,73.099998,
15.267692,4,1.000000,180.000000,0.000000,0.000000,1.000000,1.000000,0.000000,0.000000,0.120000,2014.442017,0.000000,0.000000,0.120000,88.300003,-24.700001,73.000000,
15.307154,4,1.000000,180.000000,0.000000,0.000000,1.000000,1.000000,0.000000,0.000000,0.120000,2014.480957,0.000000,0.000000,0.120000,88.500000,-24.700001,73.000000,
15.348103,4,1.000000,180.000000,0.000000,0.000000,1.000000,1.000000,0.000000,0.000000,0.120000,2014.524048,0.000000,0.000000,0.120000,88.800003,-24.700001,73.000000,
15.387814,4,1.000000,180.000000,0.000000,0.000000,1.000000,1.000000,0.000000,0.000000,0.130000,2014.562012,0.000000,0.000000,0.130000,89.099998,-24.700001,72.800003,
15.431010,4,1.000000,180.000000,0.000000,0.000000,1.000000,1.000000,0.000000,0.000000,0.130000,2014.604980,0.000000,0.000000,0.130000,89.400002,-24.700001,72.599998,
15.467249,4,1.000000,180.000000,0.000000,0.000000,1.000000,1.000000,0.000000,0.000000,0.140000,2014.642944,0.000000,0.000000,0.140000,89.699997,-24.700001,72.199997,
15.507906,4,1.000000,180.000000,0.000000,0.000000,1.000000,1.000000,0.000000,0.000000,0.140000,2014.677002,0.000000,0.000000,0.140000,89.900002,-24.700001,72.000000,
15.548084,4,1.000000,180.000000,0.000000,0.000000,1.000000,1.000000,0.000000,0.000000,0.150000,2014.722046,0.000000,0.000000,0.150000,90.500000,-24.600000,71.300003,
15.587476,4,1.000000,180.000000,0.000000,0.000000,1.000000,1.000000,0.000000,0.000000,0.150000,2014.760986,0.000000,0.000000,0.150000,90.900002,-24.600000,70.900002,
15.627439,4,1.000000,180.000000,0.000000,0.000000,1.000000,1.000000,0.000000,0.000000,0.160000,2014.801025,0.000000,0.000000,0.160000,91.199997,-24.500000,70.599998,
15.667759,4,1.000000,180.000000,0.000000,0.000000,1.000000,1.000000,0.000000,0.000000,0.170000,2014.840942,0.000000,0.000000,0.170000,91.400002,-24.600000,70.400002,
15.713336,4,1.000000,180.000000,0.000000,0.000000,1.000000,1.000000,0.000000,0.000000,0.170000,2014.881958,0.000000,0.000000,0.170000,91.699997,-24.600000,70.000000,
15.748304,4,1.000000,180.000000,0.000000,0.000000,1.000000,1.000000,0.000000,0.000000,0.180000,2014.922974,0.000000,0.000000,0.180000,91.900002,-24.600000,69.900002,
15.787709,4,1.000000,180.000000,0.000000,0.000000,1.000000,1.000000,0.000000,0.000000,0.190000,2014.972046,0.000000,0.000000,0.190000,93.099998,-24.700001,69.500000,
15.827876,4,1.000000,180.000000,0.000000,0.000000,1.000000,1.000000,0.000000,0.000000,0.200000,2015.001953,0.000000,0.000000,0.200000,94.099998,-24.700001,69.300003,
15.867861,4,1.000000,180.000000,0.000000,0.000000,1.000000,1.000000,0.000000,0.000000,0.210000,2015.041016,0.000000,0.000000,0.210000,94.900002,-24.799999,69.000000,
15.907781,4,1.000000,180.000000,0.000000,0.000000,1.000000,1.000000,0.000000,0.000000,0.210000,2015.079956,0.000000,0.000000,0.210000,95.300003,-24.900000,68.900002,
15.948063,4,1.000000,180.000000,0.000000,0.000000,1.000000,1.000000,0.000000,0.000000,0.230000,2015.121948,0.000000,0.000000,0.230000,95.800003,-24.900000,68.699997,
15.988049,4,1.000000,180.000000,0.000000,0.000000,1.000000,1.000000,0.000000,0.000000,0.230000,2015.161011,0.000000,0.000000,0.230000,95.800003,-25.000000,68.599998,
16.028123,4,1.000000,180.000000,0.000000,0.000000,1.000000,1.000000,0.000000,0.000000,0.230000,2015.199951,0.000000,0.000000,0.230000,95.099998,-25.000000,68.300003,
16.067966,4,1.000000,180.000000,0.000000,0.000000,1.000000,1.000000,0.000000,0.000000,0.240000,2015.240967,0.000000,0.000000,0.240000,94.800003,-25.000000,68.099998,
16.107223,4,1.000000,180.000000,0.000000,0.000000,1.000000,1.000000,0.000000,0.000000,0.250000,2015.282959,0.000000,0.000000,0.250000,93.800003,-25.100000,67.599998,
16.148245,4,1.000000,180.000000,0.000000,0.000000,1.000000,1.000000,0.000000,0.000000,0.250000,2015.324951,0.000000,0.000000,0.250000,93.099998,-25.100000,67.300003,
16.188168,4,1.000000,180.000000,0.000000,0.000000,1.000000,1.000000,0.000000,0.000000,0.250000,2015.651978,0.000000,0.000000,0.250000,92.800003,-25.200001,67.199997,
16.229755,4,1.000000,180.000000,0.000000,0.000000,1.000000,1.000000,0.000000,0.000000,0.250000,2016.052002,0.000000,0.000000,0.250000,92.800003,-25.200001,67.099998,
16.267917,4,1.000000,180.000000,0.000000,0.000000,1.000000,1.000000,0.000000,0.000000,0.260000,2015.444946,0.000000,0.000000,0.260000,93.000000,-25.299999,67.099998,
16.307264,4,1.000000,180.000000,0.000000,0.000000,1.000000,1.000000,0.000000,0.000000,0.250000,2015.484985,0.000000,0.000000,0.250000,93.300003,-25.400000,67.300003,
16.351510,4,1.000000,180.000000,0.000000,0.000000,1.000000,1.000000,0.000000,0.000000,0.260000,2015.524048,0.000000,0.000000,0.260000,93.599998,-25.400000,67.400002,
16.387242,4,1.000000,180.000000,0.000000,0.000000,1.000000,1.000000,0.000000,0.000000,0.260000,2015.567993,0.000000,0.000000,0.260000,93.800003,-25.500000,67.500000,
16.428795,4,1.000000,180.000000,0.000000,0.000000,1.000000,1.000000,0.000000,0.000000,0.260000,2015.609009,0.000000,0.000000,0.260000,93.800003,-25.500000,67.500000,
16.467792,4,1.000000,180.000000,0.000000,0.000000,1.000000,1.000000,0.000000,0.000000,0.250000,2015.649048,0.000000,0.000000,0.250000,93.500000,-25.500000,67.500000,
16.507223,4,1.000000,180.000000,0.000000,0.000000,1.000000,1.000000,0.000000,0.000000,0.250000,2015.689941,0.000000,0.000000,0.250000,93.199997,-25.500000,67.500000,
16.548746,4,1.000000,180.000000,0.000000,0.000000,1.000000,1.000000,0.000000,0.000000,0.250000,2015.729980,0.000000,0.000000,0.250000,92.699997,-25.500000,67.500000,
16.587965,4,1.000000,180.000000,0.000000,0.000000,1.000000,1.000000,0.000000,0.000000,0.250000,2015.761963,0.000000,0.000000,0.250000,92.300003,-25.500000,67.599998,
16.628116,4,1.000000,180.000000,0.000000,0.000000,1.000000,1.000000,0.000000,0.000000,0.250000,2015.802002,0.000000,0.000000,0.250000,91.699997,-25.500000,67.699997,
16.672210,4,1.000000,180.000000,0.000000,0.000000,1.000000,1.000000,0.000000,0.000000,0.240000,2015.842041,0.000000,0.000000,0.240000,91.500000,-25.500000,67.800003,
16.707567,4,1.000000,180.000000,0.000000,0.000000,1.000000,1.000000,0.000000,0.000000,0.240000,2015.889038,0.000000,0.000000,0.240000,90.599998,-25.600000,68.000000,
16.748385,4,1.000000,180.000000,0.000000,0.000000,1.000000,1.000000,0.000000,0.000000,0.230000,2015.928955,0.000000,0.000000,0.230000,90.099998,-25.600000,68.199997,
16.787732,4,1.000000,180.000000,0.000000,0.000000,1.000000,1.000000,0.000000,0.000000,0.230000,2015.970947,0.000000,0.000000,0.230000,89.699997,-25.600000,68.300003,
16.827685,4,1.000000,180.000000,0.000000,0.000000,1.000000,1.000000,0.000000,0.000000,0.220000,2016.009033,0.000000,0.000000,0.220000,89.300003,-25.600000,68.599998,
16.869354,4,1.000000,180.000000,0.000000,0.000000,1.000000,1.000000,0.000000,0.000000,0.220000,2016.053955,0.000000,0.000000,0.220000,89.000000,-25.600000,68.800003,
16.907998,4,1.000000,180.000000,0.000000,0.000000,1.000000,1.000000,0.000000,0.000000,0.220000,2016.079956,0.000000,0.000000,0.220000,88.599998,-25.600000,69.099998,
16.948736,4,1.000000,180.000000,0.000000,0.000000,1.000000,1.000000,0.000000,0.000000,0.220000,2016.121948,0.000000,0.000000,0.220000,88.400002,-25.700001,69.199997,
16.988031,4,1.000000,180.000000,0.000000,0.000000,1.000000,1.000000,0.000000,0.000000,0.210000,2016.161011,0.000000,0.000000,0.210000,87.599998,-25.700001,69.500000,
17.027960,4,1.000000,180.000000,0.000000,0.000000,1.000000,1.000000,0.000000,0.000000,0.210000,2016.202026,0.000000,0.000000,0.210000,86.699997,-25.700001,69.699997,
17.068085,4,1.000000,180.000000,0.000000,0.000000,1.000000,1.000000,0.000000,0.000000,0.180000,2016.241943,0.000000,0.000000,0.180000,86.000000,-25.700001,69.699997,
17.107942,4,1.000000,180.000000,0.000000,0.000000,1.000000,1.000000,0.000000,0.000000,0.180000,2016.280029,0.000000,0.000000,0.180000,85.099998,-25.700001,69.800003,
17.148264,4,1.000000,180.000000,0.000000,0.000000,1.000000,1.000000,0.000000,0.000000,0.170000,2016.322021,0.000000,0.000000,0.170000,84.199997,-25.799999,70.000000,
17.187518,4,1.000000,180.000000,0.000000,0.000000,1.000000,1.000000,0.000000,0.000000,0.170000,2016.612061,0.000000,0.000000,0.170000,83.500000,-25.799999,70.099998,
17.228242,4,1.000000,180.000000,0.000000,0.000000,1.000000,1.000000,0.000000,0.000000,0.170000,2017.041992,0.000000,0.000000,0.170000,82.800003,-25.900000,70.300003,
17.267782,4,1.000000,180.000000,0.000000,0.000000,1.000000,1.000000,0.000000,0.000000,0.160000,2016.442993,0.000000,0.000000,0.160000,82.300003,-25.900000,70.500000,
17.307391,4,1.000000,180.000000,0.000000,0.000000,1.000000,1.000000,0.000000,0.000000,0.160000,2016.480957,0.000000,0.000000,0.160000,81.900002,-25.900000,70.699997,
17.363391,4,1.000000,180.000000,0.000000,0.000000,1.000000,1.000000,0.000000,0.000000,0.150000,2016.525024,0.000000,0.000000,0.150000,81.599998,-26.000000,70.800003,
17.388354,4,1.000000,180.000000,0.000000,0.000000,1.000000,1.000000,0.000000,0.000000,0.150000,2016.566040,0.000000,0.000000,0.150000,81.400002,-26.000000,70.900002,
17.427670,4,1.000000,180.000000,0.000000,0.000000,1.000000,1.000000,0.000000,0.000000,0.150000,2016.609009,0.000000,0.000000,0.150000,81.199997,-26.100000,71.000000,
17.468403,4,1.000000,180.000000,0.000000,0.000000,1.000000,1.000000,0.000000,0.000000,0.150000,2016.649048,0.000000,0.000000,0.150000,81.199997,-26.100000,71.099998,
17.509737,4,1.000000,180.000000,0.000000,0.000000,1.000000,1.000000,0.000000,0.000000,0.150000,2016.687988,0.000000,0.000000,0.150000,81.300003,-26.200001,71.199997,
17.548663,4,1.000000,180.000000,0.000000,0.000000,1.000000,1.000000,0.000000,0.000000,0.140000,2016.729004,0.000000,0.000000,0.140000,81.400002,-26.200001,71.300003,
17.587539,4,1.000000,180.000000,0.000000,0.000000,1.000000,1.000000,0.000000,0.000000,0.140000,2016.770020,0.000000,0.000000,0.140000,81.599998,-26.200001,71.400002,
17.627715,4,1.000000,180.000000,0.000000,0.000000,1.000000,1.000000,0.000000,0.000000,0.140000,2016.807983,0.000000,0.000000,0.140000,81.800003,-26.299999,71.400002,
17.667284,4,1.000000,180.000000,0.000000,0.000000,1.000000,1.000000,0.000000,0.000000,0.140000,2016.848999,0.000000,0.000000,0.140000,82.000000,-26.299999,71.400002,
17.707781,4,1.000000,180.000000,0.000000,0.000000,1.000000,1.000000,0.000000,0.000000,0.140000,2016.889038,0.000000,0.000000,0.140000,82.199997,-26.299999,71.300003,
17.747761,4,1.000000,180.000000,0.000000,0.000000,1.000000,1.000000,0.000000,0.000000,0.140000,2016.930054,0.000000,0.000000,0.140000,82.300003,-26.299999,71.199997,
17.787171,4,1.000000,180.000000,0.000000,0.000000,1.000000,1.000000,0.000000,0.000000,0.140000,2016.972046,0.000000,0.000000,0.140000,82.199997,-26.299999,71.199997,
17.828054,4,1.000000,180.000000,0.000000,0.000000,1.000000,1.000000,0.000000,0.000000,0.140000,2017.009033,0.000000,0.000000,0.140000,82.099998,-26.400000,71.199997,
