8.585648,1,1.000000,0.000000,0.000000,0.000000,0.000000,0.000000,1.000000,1.000000,0.040000,918.825989,0.000000,0.000000,0.040000,188.178635,-45.000000,73.500000,
8.638081,1,1.000000,0.000000,0.000000,0.000000,0.000000,0.000000,1.000000,1.000000,0.050000,918.786011,0.000000,0.000000,0.050000,188.131287,-44.900002,73.599998,
8.684409,1,1.000000,0.000000,0.000000,0.000000,0.000000,0.000000,1.000000,1.000000,0.050000,918.840027,0.000000,0.000000,0.050000,188.151550,-44.900002,73.500000,
8.740937,1,1.000000,0.000000,0.000000,0.000000,0.000000,0.000000,1.000000,1.000000,0.050000,918.905029,0.000000,0.000000,0.050000,188.328735,-44.900002,73.400002,
8.775242,1,1.000000,0.000000,0.000000,0.000000,0.000000,0.000000,1.000000,1.000000,0.050000,918.942017,0.000000,0.000000,0.050000,188.383926,-44.900002,73.400002,
8.810528,1,1.000000,0.000000,0.000000,0.000000,0.000000,0.000000,1.000000,1.000000,0.050000,918.974976,0.000000,0.000000,0.050000,188.371231,-44.900002,73.400002,
8.848195,1,1.000000,0.000000,0.000000,0.000000,0.000000,0.000000,1.000000,1.000000,0.050000,919.018005,0.000000,0.000000,0.050000,188.284912,-44.900002,73.500000,
8.884792,1,1.000000,0.000000,0.000000,0.000000,0.000000,0.000000,1.000000,1.000000,0.050000,919.052979,0.000000,0.000000,0.050000,188.243347,-44.900002,73.500000,
8.928333,1,1.000000,0.000000,0.000000,0.000000,0.000000,0.000000,1.000000,1.000000,0.050000,919.094971,0.000000,0.000000,0.050000,188.216034,-44.799999,73.599998,
8.968557,1,1.000000,0.000000,0.000000,0.000000,0.000000,0.000000,1.000000,1.000000,0.050000,919.138000,0.000000,0.000000,0.050000,188.213135,-44.799999,73.599998,
9.009685,1,1.000000,0.000000,0.000000,0.000000,0.000000,0.000000,1.000000,1.000000,0.050000,919.179993,0.000000,0.000000,0.050000,188.221924,-44.799999,73.699997,
9.046577,1,1.000000,0.000000,0.000000,0.000000,0.000000,0.000000,1.000000,1.000000,0.050000,919.213989,0.000000,0.000000,0.050000,188.215958,-44.799999,73.699997,
9.087458,1,1.000000,0.000000,0.000000,0.000000,0.000000,0.000000,1.000000,1.000000,0.040000,919.255005,0.000000,0.000000,0.040000,188.174088,-44.900002,73.800003,
9.127222,1,1.000000,0.000000,0.000000,0.000000,0.000000,0.000000,1.000000,1.000000,0.040000,919.296997,0.000000,0.000000,0.040000,188.140228,-45.000000,73.900002,
9.167084,1,1.000000,0.000000,0.000000,0.000000,0.000000,0.000000,1.000000,1.000000,0.050000,919.338013,0.000000,0.000000,0.050000,188.115158,-45.000000,73.900002,
9.210596,1,1.000000,0.000000,0.000000,0.000000,0.000000,0.000000,1.000000,1.000000,0.040000,919.379028,0.000000,0.000000,0.040000,188.010727,-45.200001,74.099998,
9.250894,1,1.000000,0.000000,0.000000,0.000000,0.000000,0.000000,1.000000,1.000000,0.040000,919.421021,0.000000,0.000000,0.040000,187.997345,-45.200001,74.099998,
9.290618,1,1.000000,0.000000,0.000000,0.000000,0.000000,0.000000,1.000000,1.000000,0.040000,919.456970,0.000000,0.000000,0.040000,188.047852,-45.200001,74.099998,
9.330743,1,1.000000,0.000000,0.000000,0.000000,0.000000,0.000000,1.000000,1.000000,0.040000,919.495972,0.000000,0.000000,0.040000,188.097382,-45.200001,74.000000,
9.366480,1,1.000000,0.000000,0.000000,0.000000,0.000000,0.000000,1.000000,1.000000,0.040000,919.539001,0.000000,0.000000,0.040000,188.097382,-45.200001,74.000000,
9.407386,1,1.000000,0.000000,0.000000,0.000000,0.000000,0.000000,1.000000,1.000000,0.050000,919.570984,0.000000,0.000000,0.050000,188.303802,-45.200001,73.699997,
9.451053,1,1.000000,0.000000,0.000000,0.000000,0.000000,0.000000,1.000000,1.000000,0.050000,919.616028,0.000000,0.000000,0.050000,188.394516,-45.200001,73.699997,
9.484462,1,1.000000,0.000000,0.000000,0.000000,0.000000,0.000000,1.000000,1.000000,0.050000,919.656006,0.000000,0.000000,0.050000,188.438507,-45.200001,73.699997,
9.527801,1,1.000000,0.000000,0.000000,0.000000,0.000000,0.000000,1.000000,1.000000,0.050000,919.835999,0.000000,0.000000,0.050000,188.467087,-45.099998,73.699997,
9.568533,1,1.000000,0.000000,0.000000,0.000000,0.000000,0.000000,1.000000,1.000000,0.040000,920.236023,0.000000,0.000000,0.040000,188.586273,-45.099998,73.699997,
9.608027,1,1.000000,0.000000,0.000000,0.000000,0.000000,0.000000,1.000000,1.000000,0.040000,920.565979,0.000000,0.000000,0.040000,188.670029,-45.000000,73.599998,
9.648024,1,1.000000,0.000000,0.000000,0.000000,0.000000,0.000000,1.000000,1.000000,0.040000,919.817993,0.000000,0.000000,0.040000,188.787033,-45.000000,73.599998,
9.683984,1,1.000000,0.000000,0.000000,0.000000,0.000000,0.000000,1.000000,1.000000,0.050000,919.851990,0.000000,0.000000,0.050000,188.860458,-45.000000,73.599998,
9.724852,1,1.000000,0.000000,0.000000,0.000000,0.000000,0.000000,1.000000,1.000000,0.050000,919.901978,0.000000,0.000000,0.050000,189.063187,-44.799999,73.599998,
9.770071,1,1.000000,0.000000,0.000000,0.000000,0.000000,0.000000,1.000000,1.000000,0.050000,919.940002,0.000000,0.000000,0.050000,189.045380,-44.700001,73.699997,
9.808691,1,1.000000,0.000000,0.000000,0.000000,0.000000,0.000000,1.000000,1.000000,0.050000,919.978027,0.000000,0.000000,0.050000,188.967239,-44.700001,73.699997,
9.849688,1,1.000000,0.000000,0.000000,0.000000,0.000000,0.000000,1.000000,1.000000,0.050000,920.013000,0.000000,0.000000,0.050000,188.904144,-44.700001,73.800003,
9.890776,1,1.000000,0.000000,0.000000,0.000000,0.000000,0.000000,1.000000,1.000000,0.050000,920.054016,0.000000,0.000000,0.050000,188.796326,-44.799999,73.800003,
9.928463,1,1.000000,0.000000,0.000000,0.000000,0.000000,0.000000,1.000000,1.000000,0.050000,920.101013,0.000000,0.000000,0.050000,188.849152,-44.799999,73.699997,
9.969011,1,1.000000,0.000000,0.000000,0.000000,0.000000,0.000000,1.000000,1.000000,0.050000,920.142029,0.000000,0.000000,0.050000,188.851196,-44.799999,73.599998,
10.001108,1,1.000000,0.000000,0.000000,0.000000,0.000000,0.000000,1.000000,1.000000,0.050000,920.177002,0.000000,0.000000,0.050000,188.697556,-44.900002,73.599998,
10.053077,1,1.000000,0.000000,0.000000,0.000000,0.000000,0.000000,1.000000,1.000000,0.050000,920.219971,0.000000,0.000000,0.050000,188.331085,-44.900002,73.800003,
10.084957,1,1.000000,0.000000,0.000000,0.000000,0.000000,0.000000,1.000000,1.000000,0.050000,920.254028,0.000000,0.000000,0.050000,188.160431,-44.900002,73.800003,
10.126638,1,1.000000,0.000000,0.000000,0.000000,0.000000,0.000000,1.000000,1.000000,0.050000,920.302979,0.000000,0.000000,0.050000,187.698257,-44.700001,73.400002,
10.164309,1,1.000000,0.000000,0.000000,0.000000,0.000000,0.000000,1.000000,1.000000,0.050000,920.338013,0.000000,0.000000,0.050000,187.518814,-44.599998,73.300003,
10.210691,1,1.000000,0.000000,0.000000,0.000000,0.000000,0.000000,1.000000,1.000000,0.050000,920.380981,0.000000,0.000000,0.050000,187.377991,-44.900002,73.300003,
10.247404,1,1.000000,0.000000,0.000000,0.000000,0.000000,0.000000,1.000000,1.000000,0.050000,920.411987,0.000000,0.000000,0.050000,187.338425,-45.099998,73.300003,
10.285241,1,1.000000,0.000000,0.000000,0.000000,0.000000,0.000000,1.000000,1.000000,0.050000,920.455994,0.000000,0.000000,0.050000,187.216751,-45.500000,73.500000,
10.328497,1,1.000000,0.000000,0.000000,0.000000,0.000000,0.000000,1.000000,1.000000,0.040000,920.502014,0.000000,0.000000,0.040000,186.578003,-46.299999,74.099998,
10.369205,1,1.000000,0.000000,0.000000,0.000000,0.000000,0.000000,1.000000,1.000000,0.040000,920.533997,0.000000,0.000000,0.040000,186.252151,-46.599998,74.300003,
10.411437,1,1.000000,0.000000,0.000000,0.000000,0.000000,0.000000,1.000000,1.000000,0.040000,920.575012,0.000000,0.000000,0.040000,185.286118,-47.099998,75.000000,
10.449456,1,1.000000,0.000000,0.000000,0.000000,0.000000,0.000000,1.000000,1.000000,0.040000,920.617004,0.000000,0.000000,0.040000,184.887924,-47.000000,75.199997,
10.487503,1,1.000000,0.000000,0.000000,0.000000,0.000000,0.000000,1.000000,1.000000,0.040000,920.659973,0.000000,0.000000,0.040000,184.648514,-46.599998,75.199997,
10.526632,1,1.000000,0.000000,0.000000,0.000000,0.000000,0.000000,1.000000,1.000000,0.040000,920.825989,0.000000,0.000000,0.040000,184.323776,-46.400002,75.000000,
10.567181,1,1.000000,0.000000,0.000000,0.000000,0.000000,0.000000,1.000000,1.000000,0.040000,921.216003,0.000000,0.000000,0.040000,183.999268,-46.299999,74.699997,
10.608239,1,1.000000,0.000000,0.000000,0.000000,0.000000,0.000000,1.000000,1.000000,0.040000,921.565979,0.000000,0.000000,0.040000,183.826889,-46.200001,74.599998,
10.647846,1,1.000000,0.000000,0.000000,0.000000,0.000000,0.000000,1.000000,1.000000,0.040000,920.815979,0.000000,0.000000,0.040000,183.757523,-46.000000,74.599998,
10.687240,1,1.000000,0.000000,0.000000,0.000000,0.000000,0.000000,1.000000,1.000000,0.040000,920.856018,0.000000,0.000000,0.040000,183.714432,-46.000000,74.699997,
10.724988,1,1.000000,0.000000,0.000000,0.000000,0.000000,0.000000,1.000000,1.000000,0.040000,920.898010,0.000000,0.000000,0.040000,183.465012,-45.900002,74.599998,
10.766784,1,1.000000,0.000000,0.000000,0.000000,0.000000,0.000000,1.000000,1.000000,0.040000,920.940002,0.000000,0.000000,0.040000,182.952316,-46.099998,74.400002,
10.812021,1,1.000000,0.000000,0.000000,0.000000,0.000000,0.000000,1.000000,1.000000,0.040000,920.981018,0.000000,0.000000,0.040000,182.263123,-46.599998,74.099998,
10.849742,1,1.000000,0.000000,0.000000,0.000000,0.000000,0.000000,1.000000,1.000000,0.040000,921.013977,0.000000,0.000000,0.040000,181.936340,-46.700001,73.900002,
10.886406,1,1.000000,0.000000,0.000000,0.000000,0.000000,0.000000,1.000000,1.000000,0.040000,921.056030,0.000000,0.000000,0.040000,181.315094,-46.900002,73.599998,
10.925338,1,1.000000,0.000000,0.000000,0.000000,0.000000,0.000000,1.000000,1.000000,0.050000,921.101013,0.000000,0.000000,0.050000,180.506332,-46.900002,73.300003,
10.964887,1,1.000000,0.000000,0.000000,0.000000,0.000000,0.000000,1.000000,1.000000,0.050000,921.142029,0.000000,0.000000,0.050000,180.115601,-46.700001,73.400002,
11.011157,1,1.000000,0.000000,0.000000,0.000000,0.000000,0.000000,1.000000,1.000000,0.040000,921.176025,0.000000,0.000000,0.040000,179.955673,-46.500000,73.599998,
11.047562,1,1.000000,0.000000,0.000000,0.000000,0.000000,0.000000,1.000000,1.000000,0.040000,921.213989,0.000000,0.000000,0.040000,179.589981,-46.000000,73.900002,
11.086941,1,1.000000,0.000000,0.000000,0.000000,0.000000,0.000000,1.000000,1.000000,0.040000,921.260986,0.000000,0.000000,0.040000,178.624619,-45.599998,74.400002,
11.124405,1,1.000000,0.000000,0.000000,0.000000,0.000000,0.000000,1.000000,1.000000,0.040000,921.294006,0.000000,0.000000,0.040000,178.279892,-45.700001,74.400002,
11.163488,1,1.000000,0.000000,0.000000,0.000000,0.000000,0.000000,1.000000,1.000000,0.040000,921.335999,0.000000,0.000000,0.040000,177.890991,-46.200001,74.199997,
11.211880,1,1.000000,0.000000,0.000000,0.000000,0.000000,0.000000,1.000000,1.000000,0.040000,921.377991,0.000000,0.000000,0.040000,178.569931,-46.599998,73.199997,
11.246395,1,1.000000,0.000000,0.000000,0.000000,0.000000,0.000000,1.000000,1.000000,0.050000,921.416016,0.000000,0.000000,0.050000,179.095169,-46.500000,72.699997,
11.288541,1,1.000000,0.000000,0.000000,0.000000,0.000000,0.000000,1.000000,1.000000,0.050000,921.458008,0.000000,0.000000,0.050000,180.104050,-45.799999,71.599998,
11.325910,1,1.000000,0.000000,0.000000,0.000000,0.000000,0.000000,1.000000,1.000000,0.050000,921.502014,0.000000,0.000000,0.050000,179.636749,-45.599998,71.699997,
11.367773,1,1.000000,0.000000,0.000000,0.000000,0.000000,0.000000,1.000000,1.000000,0.050000,921.541016,0.000000,0.000000,0.050000,178.399796,-45.700001,72.300003,
11.411321,1,1.000000,0.000000,0.000000,0.000000,0.000000,0.000000,1.000000,1.000000,0.050000,921.575012,0.000000,0.000000,0.050000,177.202026,-45.799999,72.800003,
11.447572,1,1.000000,0.000000,0.000000,0.000000,0.000000,0.000000,1.000000,1.000000,0.050000,921.614014,0.000000,0.000000,0.050000,176.771057,-45.900002,73.000000,
11.486203,1,1.000000,0.000000,0.000000,0.000000,0.000000,0.000000,1.000000,1.000000,0.050000,921.653992,0.000000,0.000000,0.050000,176.315033,-46.000000,73.000000,
11.527595,1,1.000000,0.000000,0.000000,0.000000,0.000000,0.000000,1.000000,1.000000,0.050000,921.806030,0.000000,0.000000,0.050000,176.159241,-46.000000,72.599998,
11.570462,1,1.000000,0.000000,0.000000,0.000000,0.000000,0.000000,1.000000,1.000000,0.050000,922.195984,0.000000,0.000000,0.050000,175.132141,-45.599998,72.000000,
11.608149,1,1.000000,0.000000,0.000000,0.000000,0.000000,0.000000,1.000000,1.000000,0.050000,922.635986,0.000000,0.000000,0.050000,173.557739,-45.599998,72.099998,
11.648690,1,1.000000,0.000000,0.000000,0.000000,0.000000,0.000000,1.000000,1.000000,0.050000,921.815979,0.000000,0.000000,0.050000,172.167969,-45.700001,72.500000,
11.692045,1,1.000000,0.000000,0.000000,0.000000,0.000000,0.000000,1.000000,1.000000,0.040000,921.859009,0.000000,0.000000,0.040000,168.433395,-46.000000,75.000000,
11.728856,1,1.000000,0.000000,0.000000,0.000000,0.000000,0.000000,1.000000,1.000000,0.040000,921.900024,0.000000,0.000000,0.040000,167.010651,-45.900002,76.300003,
11.769420,1,1.000000,0.000000,0.000000,0.000000,0.000000,0.000000,1.000000,1.000000,0.030000,921.942017,0.000000,0.000000,0.030000,166.608688,-45.400002,77.099998,
11.806660,1,1.000000,0.000000,0.000000,0.000000,0.000000,0.000000,1.000000,1.000000,0.030000,921.973999,0.000000,0.000000,0.030000,167.020889,-44.700001,77.599998,
11.848401,1,1.000000,0.000000,0.000000,0.000000,0.000000,0.000000,1.000000,1.000000,0.030000,922.015015,0.000000,0.000000,0.030000,167.683472,-43.900002,78.099998,
11.888026,1,1.000000,0.000000,0.000000,0.000000,0.000000,0.000000,1.000000,1.000000,0.030000,922.057007,0.000000,0.000000,0.030000,168.401443,-43.099998,78.699997,
11.927257,1,1.000000,0.000000,0.000000,0.000000,0.000000,0.000000,1.000000,1.000000,0.030000,922.099976,0.000000,0.000000,0.030000,169.422211,-42.099998,79.199997,
11.971601,1,1.000000,0.000000,0.000000,0.000000,0.000000,0.000000,1.000000,1.000000,0.030000,922.135010,0.000000,0.000000,0.030000,170.036942,-41.700001,79.300003,
12.012288,1,1.000000,0.000000,0.000000,0.000000,0.000000,0.000000,1.000000,1.000000,0.040000,922.179016,0.000000,0.000000,0.040000,172.329102,-40.500000,78.199997,
12.048867,1,1.000000,0.000000,0.000000,0.000000,0.000000,0.000000,1.000000,1.000000,0.040000,922.215027,0.000000,0.000000,0.040000,173.218079,-40.200001,77.500000,
12.085234,1,1.000000,0.000000,0.000000,0.000000,0.000000,0.000000,1.000000,1.000000,0.040000,922.254028,0.000000,0.000000,0.040000,174.881638,-39.799999,75.800003,
12.128141,1,1.000000,0.000000,0.000000,0.000000,0.000000,0.000000,1.000000,1.000000,0.050000,922.299988,0.000000,0.000000,0.050000,177.099884,-40.099998,73.500000,
12.169968,1,1.000000,0.000000,0.000000,0.000000,0.000000,0.000000,1.000000,1.000000,0.050000,922.333984,0.000000,0.000000,0.050000,177.687943,-40.500000,72.900002,
12.208622,1,1.000000,0.000000,0.000000,0.000000,0.000000,0.000000,1.000000,1.000000,0.050000,922.375000,0.000000,0.000000,0.050000,179.049164,-42.099998,72.099998,
12.250730,1,1.000000,0.000000,0.000000,0.000000,0.000000,0.000000,1.000000,1.000000,0.050000,922.418030,0.000000,0.000000,0.050000,180.308640,-43.900002,71.699997,
12.288195,1,1.000000,0.000000,0.000000,0.000000,0.000000,0.000000,1.000000,1.000000,0.060000,922.452026,0.000000,0.000000,0.060000,181.031601,-44.799999,71.300003,
12.326681,1,1.000000,0.000000,0.000000,0.000000,0.000000,0.000000,1.000000,1.000000,0.060000,922.494995,0.000000,0.000000,0.060000,182.479523,-46.500000,70.500000,
12.364140,1,1.000000,0.000000,0.000000,0.000000,0.000000,0.000000,1.000000,1.000000,0.070000,922.536011,0.000000,0.000000,0.070000,184.708679,-49.200001,68.699997,
12.406214,1,1.000000,0.000000,0.000000,0.000000,0.000000,0.000000,1.000000,1.000000,0.070000,922.580017,0.000000,0.000000,0.070000,185.554214,-50.900002,67.400002,
12.450852,1,1.000000,0.000000,0.000000,0.000000,0.000000,0.000000,1.000000,1.000000,0.070000,922.614014,0.000000,0.000000,0.070000,185.626083,-51.599998,66.900002,
12.489969,1,1.000000,0.000000,0.000000,0.000000,0.000000,0.000000,1.000000,1.000000,0.100000,922.655029,0.000000,0.000000,0.100000,184.302032,-53.599998,66.699997,
12.529507,1,1.000000,0.000000,0.000000,0.000000,0.000000,0.000000,1.000000,1.000000,0.090000,922.825989,0.000000,0.000000,0.090000,182.500427,-54.299999,67.500000,
12.563276,1,1.000000,0.000000,0.000000,0.000000,0.000000,0.000000,1.000000,1.000000,0.110000,923.226013,0.000000,0.000000,0.110000,180.214661,-54.299999,69.199997,
12.608412,1,1.000000,0.000000,0.000000,0.000000,0.000000,0.000000,1.000000,1.000000,0.100000,923.596008,0.000000,0.000000,0.100000,177.948654,-53.700001,71.000000,
12.648950,1,1.000000,0.000000,0.000000,0.000000,0.000000,0.000000,1.000000,1.000000,0.090000,922.812012,0.000000,0.000000,0.090000,176.954407,-53.400002,71.900002,
12.686407,1,1.000000,0.000000,0.000000,0.000000,0.000000,0.000000,1.000000,1.000000,0.090000,922.854980,0.000000,0.000000,0.090000,175.301834,-52.599998,73.699997,
12.728560,1,1.000000,0.000000,0.000000,0.000000,0.000000,0.000000,1.000000,1.000000,0.070000,922.901001,0.000000,0.000000,0.070000,174.018372,-51.500000,76.300003,
12.777073,1,1.000000,0.000000,0.000000,0.000000,0.000000,0.000000,1.000000,1.000000,0.070000,922.935974,0.000000,0.000000,0.070000,174.011520,-51.099998,76.900002,
12.811047,1,1.000000,0.000000,0.000000,0.000000,0.000000,0.000000,1.000000,1.000000,0.070000,922.974976,0.000000,0.000000,0.070000,174.416946,-50.299999,77.699997,
12.849867,1,1.000000,0.000000,0.000000,0.000000,0.000000,0.000000,1.000000,1.000000,0.060000,923.020020,0.000000,0.000000,0.060000,175.652939,-48.599998,77.900002,
12.893078,1,1.000000,0.000000,0.000000,0.000000,0.000000,0.000000,1.000000,1.000000,0.030000,923.057983,0.000000,0.000000,0.030000,176.547928,-47.200001,77.500000,
12.933277,1,1.000000,0.000000,0.000000,0.000000,0.000000,0.000000,1.000000,1.000000,0.040000,923.101990,0.000000,0.000000,0.040000,177.301437,-45.500000,76.800003,
12.969347,1,1.000000,0.000000,0.000000,0.000000,0.000000,0.000000,1.000000,1.000000,0.040000,923.137024,0.000000,0.000000,0.040000,177.553986,-44.700001,76.400002,
13.011467,1,1.000000,0.000000,0.000000,0.000000,0.000000,0.000000,1.000000,1.000000,0.040000,923.171021,0.000000,0.000000,0.040000,177.877838,-43.099998,75.699997,
13.052178,1,1.000000,0.000000,0.000000,0.000000,0.000000,0.000000,1.000000,1.000000,0.040000,923.215027,0.000000,0.000000,0.040000,178.051743,-41.200001,75.000000,
13.088540,1,1.000000,0.000000,0.000000,0.000000,0.000000,0.000000,1.000000,1.000000,0.050000,923.250977,0.000000,0.000000,0.050000,178.057068,-40.799999,74.900002,
13.127338,1,1.000000,0.000000,0.000000,0.000000,0.000000,0.000000,1.000000,1.000000,0.050000,923.294983,0.000000,0.000000,0.050000,178.130646,-40.400002,74.599998,
13.166879,1,1.000000,0.000000,0.000000,0.000000,0.000000,0.000000,1.000000,1.000000,0.050000,923.336975,0.000000,0.000000,0.050000,178.386856,-40.500000,74.000000,
13.209379,1,1.000000,0.000000,0.000000,0.000000,0.000000,0.000000,1.000000,1.000000,0.050000,923.380005,0.000000,0.000000,0.050000,178.678345,-41.000000,73.699997,
13.248847,1,1.000000,0.000000,0.000000,0.000000,0.000000,0.000000,1.000000,1.000000,0.050000,923.421021,0.000000,0.000000,0.050000,178.971725,-41.700001,73.400002,
13.288087,1,1.000000,0.000000,0.000000,0.000000,0.000000,0.000000,1.000000,1.000000,0.050000,923.453979,0.000000,0.000000,0.050000,179.056274,-42.099998,73.199997,
13.327233,1,1.000000,0.000000,0.000000,0.000000,0.000000,0.000000,1.000000,1.000000,0.050000,923.497009,0.000000,0.000000,0.050000,179.035553,-42.799999,73.099998,
13.370102,1,1.000000,0.000000,0.000000,0.000000,0.000000,0.000000,1.000000,1.000000,0.050000,923.539001,0.000000,0.000000,0.050000,178.318726,-44.000000,73.400002,
13.409005,1,1.000000,0.000000,0.000000,0.000000,0.000000,0.000000,1.000000,1.000000,0.050000,923.580994,0.000000,0.000000,0.050000,177.351456,-45.099998,73.800003,
13.449976,1,1.000000,0.000000,0.000000,0.000000,0.000000,0.000000,1.000000,1.000000,0.050000,923.612000,0.000000,0.000000,0.050000,176.969818,-45.599998,74.000000,
13.487992,1,1.000000,0.000000,0.000000,0.000000,0.000000,0.000000,1.000000,1.000000,0.040000,923.656982,0.000000,0.000000,0.040000,175.656174,-47.099998,75.099998,
13.525444,1,1.000000,0.000000,0.000000,0.000000,0.000000,0.000000,1.000000,1.000000,0.040000,923.815979,0.000000,0.000000,0.040000,175.149094,-48.099998,75.699997,
13.568241,1,1.000000,0.000000,0.000000,0.000000,0.000000,0.000000,1.000000,1.000000,0.040000,924.156006,0.000000,0.000000,0.040000,174.942230,-48.500000,76.000000,
13.607389,1,1.000000,0.000000,0.000000,0.000000,0.000000,0.000000,1.000000,1.000000,0.030000,924.635986,0.000000,0.000000,0.030000,174.434937,-49.000000,76.800003,
13.649196,1,1.000000,0.000000,0.000000,0.000000,0.000000,0.000000,1.000000,1.000000,0.030000,923.818970,0.000000,0.000000,0.030000,174.382751,-48.700001,77.099998,
13.685965,1,1.000000,0.000000,0.000000,0.000000,0.000000,0.000000,1.000000,1.000000,0.030000,923.854980,0.000000,0.000000,0.030000,174.441971,-48.299999,77.199997,
13.724630,1,1.000000,0.000000,0.000000,0.000000,0.000000,0.000000,1.000000,1.000000,0.030000,923.895020,0.000000,0.000000,0.030000,174.604797,-47.099998,77.400002,
13.768540,1,1.000000,0.000000,0.000000,0.000000,0.000000,0.000000,1.000000,1.000000,0.030000,923.940979,0.000000,0.000000,0.030000,174.725845,-45.200001,77.599998,
13.808492,1,1.000000,0.000000,0.000000,0.000000,0.000000,0.000000,1.000000,1.000000,0.030000,923.979004,0.000000,0.000000,0.030000,174.665100,-44.400002,77.900002,
13.848594,1,1.000000,0.000000,0.000000,0.000000,0.000000,0.000000,1.000000,1.000000,0.030000,924.015991,0.000000,0.000000,0.030000,174.578659,-44.099998,78.099998,
13.887908,1,1.000000,0.000000,0.000000,0.000000,0.000000,0.000000,1.000000,1.000000,0.030000,924.052002,0.000000,0.000000,0.030000,174.479202,-43.900002,78.500000,
13.925691,1,1.000000,0.000000,0.000000,0.000000,0.000000,0.000000,1.000000,1.000000,0.030000,924.103027,0.000000,0.000000,0.030000,174.816605,-44.299999,78.300003,
13.966061,1,1.000000,0.000000,0.000000,0.000000,0.000000,0.000000,1.000000,1.000000,0.040000,924.138000,0.000000,0.000000,0.040000,175.669189,-44.799999,77.400002,
14.008633,1,1.000000,0.000000,0.000000,0.000000,0.000000,0.000000,1.000000,1.000000,0.040000,924.174988,0.000000,0.000000,0.040000,176.804337,-45.400002,76.099998,
14.052974,1,1.000000,0.000000,0.000000,0.000000,0.000000,0.000000,1.000000,1.000000,0.040000,924.221985,0.000000,0.000000,0.040000,177.769974,-45.799999,74.699997,
14.088680,1,1.000000,0.000000,0.000000,0.000000,0.000000,0.000000,1.000000,1.000000,0.050000,924.260010,0.000000,0.000000,0.050000,178.201691,-46.000000,73.699997,
14.129569,1,1.000000,0.000000,0.000000,0.000000,0.000000,0.000000,1.000000,1.000000,0.050000,924.299988,0.000000,0.000000,0.050000,177.941498,-46.099998,73.400002,
14.162673,1,1.000000,0.000000,0.000000,0.000000,0.000000,0.000000,1.000000,1.000000,0.050000,924.338013,0.000000,0.000000,0.050000,177.273453,-46.000000,73.699997,
14.210404,1,1.000000,0.000000,0.000000,0.000000,0.000000,0.000000,1.000000,1.000000,0.050000,924.382996,0.000000,0.000000,0.050000,176.635880,-45.700001,74.300003,
14.246432,1,1.000000,0.000000,0.000000,0.000000,0.000000,0.000000,1.000000,1.000000,0.050000,924.421997,0.000000,0.000000,0.050000,176.550110,-45.200001,74.699997,
14.285763,1,1.000000,0.000000,0.000000,0.000000,0.000000,0.000000,1.000000,1.000000,0.050000,924.453003,0.000000,0.000000,0.050000,176.753967,-44.900002,74.800003,
14.327394,1,1.000000,0.000000,0.000000,0.000000,0.000000,0.000000,1.000000,1.000000,0.050000,924.495972,0.000000,0.000000,0.050000,177.498627,-44.200001,74.699997,
14.368633,1,1.000000,0.000000,0.000000,0.000000,0.000000,0.000000,1.000000,1.000000,0.060000,924.538025,0.000000,0.000000,0.060000,178.825714,-43.400002,74.099998,
14.407761,1,1.000000,0.000000,0.000000,0.000000,0.000000,0.000000,1.000000,1.000000,0.060000,924.581970,0.000000,0.000000,0.060000,179.771957,-43.000000,73.699997,
14.443806,1,1.000000,0.000000,0.000000,0.000000,0.000000,0.000000,1.000000,1.000000,0.060000,924.614014,0.000000,0.000000,0.060000,180.088562,-43.000000,73.500000,
14.487253,1,1.000000,0.000000,0.000000,0.000000,0.000000,0.000000,1.000000,1.000000,0.060000,924.655029,0.000000,0.000000,0.060000,180.820404,-43.099998,73.300003,
14.525277,1,1.000000,0.000000,0.000000,0.000000,0.000000,0.000000,1.000000,1.000000,0.060000,924.806030,0.000000,0.000000,0.060000,181.711121,-43.400002,73.599998,
14.569008,1,1.000000,0.000000,0.000000,0.000000,0.000000,0.000000,1.000000,1.000000,0.060000,925.125977,0.000000,0.000000,0.060000,181.870132,-43.599998,73.800003,
14.608675,1,1.000000,0.000000,0.000000,0.000000,0.000000,0.000000,1.000000,1.000000,0.050000,925.625977,0.000000,0.000000,0.050000,181.982910,-44.299999,74.699997,
14.647399,1,1.000000,0.000000,0.000000,0.000000,0.000000,0.000000,1.000000,1.000000,0.050000,924.820007,0.000000,0.000000,0.050000,181.836533,-44.799999,75.300003,
14.689201,1,1.000000,0.000000,0.000000,0.000000,0.000000,0.000000,1.000000,1.000000,0.040000,924.864014,0.000000,0.000000,0.040000,181.643066,-45.400002,75.900002,
14.727242,1,1.000000,0.000000,0.000000,0.000000,0.000000,0.000000,1.000000,1.000000,0.040000,924.896973,0.000000,0.000000,0.040000,181.609024,-45.700001,76.000000,
14.767443,1,1.000000,0.000000,0.000000,0.000000,0.000000,0.000000,1.000000,1.000000,0.040000,924.939026,0.000000,0.000000,0.040000,181.877762,-46.500000,76.099998,
14.808081,1,1.000000,0.000000,0.000000,0.000000,0.000000,0.000000,1.000000,1.000000,0.040000,924.973999,0.000000,0.000000,0.040000,182.145035,-46.700001,76.000000,
14.849110,1,1.000000,0.000000,0.000000,0.000000,0.000000,0.000000,1.000000,1.000000,0.040000,925.015991,0.000000,0.000000,0.040000,183.414124,-47.000000,75.699997,
14.887109,1,1.000000,0.000000,0.000000,0.000000,0.000000,0.000000,1.000000,1.000000,0.040000,925.057983,0.000000,0.000000,0.040000,184.127213,-46.900002,75.900002,
14.924070,1,1.000000,0.000000,0.000000,0.000000,0.000000,0.000000,1.000000,1.000000,0.040000,925.090027,0.000000,0.000000,0.040000,184.575317,-46.799999,76.099998,
14.963941,1,1.000000,0.000000,0.000000,0.000000,0.000000,0.000000,1.000000,1.000000,0.040000,925.138977,0.000000,0.000000,0.040000,185.492233,-46.400002,76.400002,
15.010275,1,1.000000,0.000000,0.000000,0.000000,0.000000,0.000000,1.000000,1.000000,0.040000,925.182007,0.000000,0.000000,0.040000,185.744034,-46.200001,76.400002,
15.050381,1,1.000000,0.000000,0.000000,0.000000,0.000000,0.000000,1.000000,1.000000,0.050000,925.218994,0.000000,0.000000,0.050000,185.770203,-46.000000,76.099998,
15.083182,1,1.000000,0.000000,0.000000,0.000000,0.000000,0.000000,1.000000,1.000000,0.050000,925.252014,0.000000,0.000000,0.050000,185.752747,-46.000000,75.900002,
15.125561,1,1.000000,0.000000,0.000000,0.000000,0.000000,0.000000,1.000000,1.000000,0.050000,925.297974,0.000000,0.000000,0.050000,185.733078,-46.500000,75.000000,
15.169050,1,1.000000,0.000000,0.000000,0.000000,0.000000,0.000000,1.000000,1.000000,0.050000,925.333984,0.000000,0.000000,0.050000,185.776413,-46.799999,74.699997,
15.209415,1,1.000000,0.000000,0.000000,0.000000,0.000000,0.000000,1.000000,1.000000,0.050000,925.377991,0.000000,0.000000,0.050000,185.994614,-47.200001,74.300003,
15.249000,1,1.000000,0.000000,0.000000,0.000000,0.000000,0.000000,1.000000,1.000000,0.050000,925.419983,0.000000,0.000000,0.050000,186.147125,-47.099998,74.300003,
15.287575,1,1.000000,0.000000,0.000000,0.000000,0.000000,0.000000,1.000000,1.000000,0.050000,925.452026,0.000000,0.000000,0.050000,186.169159,-46.799999,74.300003,
15.326249,1,1.000000,0.000000,0.000000,0.000000,0.000000,0.000000,1.000000,1.000000,0.050000,925.492981,0.000000,0.000000,0.050000,185.924103,-46.200001,74.599998,
15.364146,1,1.000000,0.000000,0.000000,0.000000,0.000000,0.000000,1.000000,1.000000,0.050000,925.533997,0.000000,0.000000,0.050000,185.327789,-45.700001,75.000000,
15.406235,1,1.000000,0.000000,0.000000,0.000000,0.000000,0.000000,1.000000,1.000000,0.050000,925.573975,0.000000,0.000000,0.050000,184.603409,-45.299999,75.400002,
15.445925,1,1.000000,0.000000,0.000000,0.000000,0.000000,0.000000,1.000000,1.000000,0.050000,925.617981,0.000000,0.000000,0.050000,183.897552,-44.900002,76.000000,
15.484431,1,1.000000,0.000000,0.000000,0.000000,0.000000,0.000000,1.000000,1.000000,0.040000,925.661011,0.000000,0.000000,0.040000,183.893448,-44.799999,76.199997,
15.524971,1,1.000000,0.000000,0.000000,0.000000,0.000000,0.000000,1.000000,1.000000,0.040000,925.835999,0.000000,0.000000,0.040000,184.030991,-44.700001,76.300003,
15.569167,1,1.000000,0.000000,0.000000,0.000000,0.000000,0.000000,1.000000,1.000000,0.040000,926.166016,0.000000,0.000000,0.040000,184.074966,-44.599998,76.300003,
15.611939,1,1.000000,0.000000,0.000000,0.000000,0.000000,0.000000,1.000000,1.000000,0.040000,926.616028,0.000000,0.000000,0.040000,184.026505,-44.700001,76.400002,
15.645599,1,1.000000,0.000000,0.000000,0.000000,0.000000,0.000000,1.000000,1.000000,0.040000,925.812988,0.000000,0.000000,0.040000,183.918701,-44.700001,76.400002,
15.685908,1,1.000000,0.000000,0.000000,0.000000,0.000000,0.000000,1.000000,1.000000,0.050000,925.854004,0.000000,0.000000,0.050000,183.489182,-44.799999,76.199997,
15.722678,1,1.000000,0.000000,0.000000,0.000000,0.000000,0.000000,1.000000,1.000000,0.050000,925.900024,0.000000,0.000000,0.050000,183.174866,-45.000000,76.199997,
15.768616,1,1.000000,0.000000,0.000000,0.000000,0.000000,0.000000,1.000000,1.000000,0.040000,925.940002,0.000000,0.000000,0.040000,182.913818,-45.099998,76.000000,
15.808840,1,1.000000,0.000000,0.000000,0.000000,0.000000,0.000000,1.000000,1.000000,0.040000,925.973999,0.000000,0.000000,0.040000,182.800552,-45.099998,75.900002,
15.845874,1,1.000000,0.000000,0.000000,0.000000,0.000000,0.000000,1.000000,1.000000,0.040000,926.015991,0.000000,0.000000,0.040000,182.060364,-45.200001,75.900002,
15.885940,1,1.000000,0.000000,0.000000,0.000000,0.000000,0.000000,1.000000,1.000000,0.040000,926.057007,0.000000,0.000000,0.040000,181.233322,-45.400002,76.099998,
15.927043,1,1.000000,0.000000,0.000000,0.000000,0.000000,0.000000,1.000000,1.000000,0.040000,926.099976,0.000000,0.000000,0.040000,180.522400,-45.700001,76.300003,
15.967948,1,1.000000,0.000000,0.000000,0.000000,0.000000,0.000000,1.000000,1.000000,0.040000,926.140991,0.000000,0.000000,0.040000,180.239639,-45.799999,76.300003,
16.011818,1,1.000000,0.000000,0.000000,0.000000,0.000000,0.000000,1.000000,1.000000,0.040000,926.182007,0.000000,0.000000,0.040000,180.305328,-45.599998,76.099998,
16.053947,1,1.000000,0.000000,0.000000,0.000000,0.000000,0.000000,1.000000,1.000000,0.040000,926.216980,0.000000,0.000000,0.040000,180.669769,-45.000000,75.699997,
16.087336,1,1.000000,0.000000,0.000000,0.000000,0.000000,0.000000,1.000000,1.000000,0.050000,926.257996,0.000000,0.000000,0.050000,181.128067,-44.299999,75.199997,
16.125801,1,1.000000,0.000000,0.000000,0.000000,0.000000,0.000000,1.000000,1.000000,0.050000,926.294983,0.000000,0.000000,0.050000,181.308685,-44.000000,74.900002,
16.163062,1,1.000000,0.000000,0.000000,0.000000,0.000000,0.000000,1.000000,1.000000,0.050000,926.338013,0.000000,0.000000,0.050000,181.548248,-43.500000,73.900002,
16.206855,1,1.000000,0.000000,0.000000,0.000000,0.000000,0.000000,1.000000,1.000000,0.060000,926.377991,0.000000,0.000000,0.060000,181.500107,-43.700001,73.400002,
16.249586,1,1.000000,0.000000,0.000000,0.000000,0.000000,0.000000,1.000000,1.000000,0.060000,926.419006,0.000000,0.000000,0.060000,181.475525,-44.099998,73.199997,
16.286430,1,1.000000,0.000000,0.000000,0.000000,0.000000,0.000000,1.000000,1.000000,0.060000,926.455994,0.000000,0.000000,0.060000,181.541351,-44.599998,73.300003,
16.325478,1,1.000000,0.000000,0.000000,0.000000,0.000000,0.000000,1.000000,1.000000,0.050000,926.497009,0.000000,0.000000,0.050000,181.586807,-44.799999,73.699997,
16.366861,1,1.000000,0.000000,0.000000,0.000000,0.000000,0.000000,1.000000,1.000000,0.050000,926.543030,0.000000,0.000000,0.050000,181.504059,-44.799999,74.099998,
16.421137,1,1.000000,0.000000,0.000000,0.000000,0.000000,0.000000,1.000000,1.000000,0.050000,926.578979,0.000000,0.000000,0.050000,181.187271,-44.700001,74.599998,
16.464786,1,1.000000,0.000000,0.000000,0.000000,0.000000,0.000000,1.000000,1.000000,0.050000,926.620972,0.000000,0.000000,0.050000,180.707382,-44.599998,75.000000,
16.507601,1,1.000000,0.000000,0.000000,0.000000,0.000000,0.000000,1.000000,1.000000,0.050000,926.648010,0.000000,0.000000,0.050000,180.497086,-44.500000,75.099998,
16.542026,1,1.000000,0.000000,0.000000,0.000000,0.000000,0.000000,1.000000,1.000000,0.040000,926.856018,0.000000,0.000000,0.040000,180.288864,-44.500000,75.400002,
16.573907,1,1.000000,0.000000,0.000000,0.000000,0.000000,0.000000,1.000000,1.000000,0.040000,927.145996,0.000000,0.000000,0.040000,180.347595,-44.500000,75.400002,
16.613235,1,1.000000,0.000000,0.000000,0.000000,0.000000,0.000000,1.000000,1.000000,0.040000,927.635986,0.000000,0.000000,0.040000,180.518936,-44.799999,75.500000,
16.653251,1,1.000000,0.000000,0.000000,0.000000,0.000000,0.000000,1.000000,1.000000,0.040000,926.822021,0.000000,0.000000,0.040000,180.518936,-44.799999,75.500000,
16.686800,1,1.000000,0.000000,0.000000,0.000000,0.000000,0.000000,1.000000,1.000000,0.040000,926.854004,0.000000,0.000000,0.040000,180.723328,-45.900002,76.400002,
16.727287,1,1.000000,0.000000,0.000000,0.000000,0.000000,0.000000,1.000000,1.000000,0.040000,926.896973,0.000000,0.000000,0.040000,180.726120,-46.099998,76.699997,
16.770727,1,1.000000,0.000000,0.000000,0.000000,0.000000,0.000000,1.000000,1.000000,0.040000,926.937012,0.000000,0.000000,0.040000,180.716797,-46.500000,77.599998,
16.812181,1,1.000000,0.000000,0.000000,0.000000,0.000000,0.000000,1.000000,1.000000,0.040000,926.978027,0.000000,0.000000,0.040000,180.797028,-46.599998,77.900002,
16.846816,1,1.000000,0.000000,0.000000,0.000000,0.000000,0.000000,1.000000,1.000000,0.040000,927.015015,0.000000,0.000000,0.040000,180.885803,-46.500000,77.900002,
16.886190,1,1.000000,0.000000,0.000000,0.000000,0.000000,0.000000,1.000000,1.000000,0.040000,927.052979,0.000000,0.000000,0.040000,181.165970,-46.400002,77.699997,
16.926082,1,1.000000,0.000000,0.000000,0.000000,0.000000,0.000000,1.000000,1.000000,0.040000,927.093018,0.000000,0.000000,0.040000,181.431168,-46.299999,77.300003,
16.964371,1,1.000000,0.000000,0.000000,0.000000,0.000000,0.000000,1.000000,1.000000,0.040000,927.138000,0.000000,0.000000,0.040000,181.787003,-46.299999,76.599998,
17.007866,1,1.000000,0.000000,0.000000,0.000000,0.000000,0.000000,1.000000,1.000000,0.040000,927.177002,0.000000,0.000000,0.040000,182.098312,-46.400002,76.199997,
17.052081,1,1.000000,0.000000,0.000000,0.000000,0.000000,0.000000,1.000000,1.000000,0.050000,927.218994,0.000000,0.000000,0.050000,182.477371,-46.500000,75.900002,
17.085616,1,1.000000,0.000000,0.000000,0.000000,0.000000,0.000000,1.000000,1.000000,0.050000,927.255981,0.000000,0.000000,0.050000,182.898972,-46.500000,75.599998,
17.127325,1,1.000000,0.000000,0.000000,0.000000,0.000000,0.000000,1.000000,1.000000,0.050000,927.299011,0.000000,0.000000,0.050000,183.372406,-46.400002,75.300003,
17.170258,1,1.000000,0.000000,0.000000,0.000000,0.000000,0.000000,1.000000,1.000000,0.050000,927.341003,0.000000,0.000000,0.050000,183.774323,-46.200001,75.000000,
17.212236,1,1.000000,0.000000,0.000000,0.000000,0.000000,0.000000,1.000000,1.000000,0.050000,927.382996,0.000000,0.000000,0.050000,184.230637,-45.799999,74.599998,
17.247370,1,1.000000,0.000000,0.000000,0.000000,0.000000,0.000000,1.000000,1.000000,0.060000,927.416016,0.000000,0.000000,0.060000,184.636887,-45.200001,74.300003,
17.286344,1,1.000000,0.000000,0.000000,0.000000,0.000000,0.000000,1.000000,1.000000,0.060000,927.460999,0.000000,0.000000,0.060000,185.043671,-44.599998,74.000000,
17.326954,1,1.000000,0.000000,0.000000,0.000000,0.000000,0.000000,1.000000,1.000000,0.060000,927.502014,0.000000,0.000000,0.060000,185.388550,-44.000000,73.699997,
17.367536,1,1.000000,0.000000,0.000000,0.000000,0.000000,0.000000,1.000000,1.000000,0.060000,927.539001,0.000000,0.000000,0.060000,185.705124,-43.700001,73.199997,
17.409884,1,1.000000,0.000000,0.000000,0.000000,0.000000,0.000000,1.000000,1.000000,0.060000,927.581970,0.000000,0.000000,0.060000,185.924072,-44.000000,72.300003,
17.451349,1,1.000000,0.000000,0.000000,0.000000,0.000000,0.000000,1.000000,1.000000,0.060000,927.616028,0.000000,0.000000,0.060000,185.820221,-45.000000,71.400002,
17.487601,1,1.000000,0.000000,0.000000,0.000000,0.000000,0.000000,1.000000,1.000000,0.060000,927.653992,0.000000,0.000000,0.060000,185.459244,-46.900002,70.199997,
17.527381,1,1.000000,0.000000,0.000000,0.000000,0.000000,0.000000,1.000000,1.000000,0.070000,927.815979,0.000000,0.000000,0.070000,185.305649,-47.900002,69.500000,
17.564757,1,1.000000,0.000000,0.000000,0.000000,0.000000,0.000000,1.000000,1.000000,0.080000,928.195984,0.000000,0.000000,0.080000,184.730545,-51.099998,67.500000,
17.614187,1,1.000000,0.000000,0.000000,0.000000,0.000000,0.000000,1.000000,1.000000,0.080000,928.606018,0.000000,0.000000,0.080000,183.649002,-53.299999,66.400002,
17.651484,1,1.000000,0.000000,0.000000,0.000000,0.000000,0.000000,1.000000,1.000000,0.080000,927.815979,0.000000,0.000000,0.080000,183.063950,-54.299999,65.699997,
17.686714,1,1.000000,0.000000,0.000000,0.000000,0.000000,0.000000,1.000000,1.000000,0.090000,927.861023,0.000000,0.000000,0.090000,181.245865,-57.299999,62.200001,
17.725909,1,1.000000,0.000000,0.000000,0.000000,0.000000,0.000000,1.000000,1.000000,0.090000,927.901001,0.000000,0.000000,0.090000,179.513855,-59.099998,60.500000,
17.766917,1,1.000000,0.000000,0.000000,0.000000,0.000000,0.000000,1.000000,1.000000,0.140000,927.934998,0.000000,0.000000,0.140000,178.758270,-59.799999,60.000000,
17.804197,1,1.000000,0.000000,0.000000,0.000000,0.000000,0.000000,1.000000,1.000000,0.140000,927.978027,0.000000,0.000000,0.140000,176.232925,-61.599998,58.299999,
17.849337,1,1.000000,0.000000,0.000000,0.000000,0.000000,0.000000,1.000000,1.000000,0.140000,928.018005,0.000000,0.000000,0.140000,175.126053,-61.599998,57.400002,
17.890514,1,1.000000,0.000000,0.000000,0.000000,0.000000,0.000000,1.000000,1.000000,0.140000,928.064026,0.000000,0.000000,0.140000,174.606766,-60.599998,56.299999,
17.929164,1,1.000000,0.000000,0.000000,0.000000,0.000000,0.000000,1.000000,1.000000,0.160000,928.096985,0.000000,0.000000,0.160000,174.373566,-58.599998,55.200001,
17.969915,1,1.000000,0.000000,0.000000,0.000000,0.000000,0.000000,1.000000,1.000000,0.110000,928.140991,0.000000,0.000000,0.110000,173.715332,-56.299999,54.799999,
18.009392,1,1.000000,0.000000,0.000000,0.000000,0.000000,0.000000,1.000000,1.000000,0.110000,928.174988,0.000000,0.000000,0.110000,173.130493,-55.099998,55.000000,
18.051707,1,1.000000,0.000000,0.000000,0.000000,0.000000,0.000000,1.000000,1.000000,0.120000,928.216980,0.000000,0.000000,0.120000,171.492859,-53.000000,55.799999,
18.092236,1,1.000000,0.000000,0.000000,0.000000,0.000000,0.000000,1.000000,1.000000,0.090000,928.263000,0.000000,0.000000,0.090000,168.572968,-50.700001,57.200001,
18.127287,1,1.000000,0.000000,0.000000,0.000000,0.000000,0.000000,1.000000,1.000000,0.090000,928.294983,0.000000,0.000000,0.090000,167.538315,-49.799999,57.799999,
18.166828,1,1.000000,0.000000,0.000000,0.000000,0.000000,0.000000,1.000000,1.000000,0.090000,928.338013,0.000000,0.000000,0.090000,164.846863,-46.400002,59.799999,
18.210503,1,1.000000,0.000000,0.000000,0.000000,0.000000,0.000000,1.000000,1.000000,0.100000,928.377991,0.000000,0.000000,0.100000,163.294952,-43.400002,61.000000,
18.249474,1,1.000000,0.000000,0.000000,0.000000,0.000000,0.000000,1.000000,1.000000,0.100000,928.419006,0.000000,0.000000,0.100000,161.665771,-40.500000,62.299999,
18.286760,1,1.000000,0.000000,0.000000,0.000000,0.000000,0.000000,1.000000,1.000000,0.140000,928.453979,0.000000,0.000000,0.140000,161.019226,-39.500000,62.900002,
18.326224,1,1.000000,0.000000,0.000000,0.000000,0.000000,0.000000,1.000000,1.000000,0.130000,928.499023,0.000000,0.000000,0.130000,158.920609,-36.500000,64.800003,
18.371374,1,1.000000,0.000000,0.000000,0.000000,0.000000,0.000000,1.000000,1.000000,0.140000,928.539001,0.000000,0.000000,0.140000,158.047714,-35.299999,65.500000,
18.413606,1,1.000000,0.000000,0.000000,0.000000,0.000000,0.000000,1.000000,1.000000,0.140000,928.583008,0.000000,0.000000,0.140000,157.612976,-34.700001,66.099998,
18.448359,1,1.000000,0.000000,0.000000,0.000000,0.000000,0.000000,1.000000,1.000000,0.140000,928.617981,0.000000,0.000000,0.140000,157.279831,-34.400002,66.900002,
18.487605,1,1.000000,0.000000,0.000000,0.000000,0.000000,0.000000,1.000000,1.000000,0.130000,928.661011,0.000000,0.000000,0.130000,156.890747,-34.500000,67.699997,
18.528984,1,1.000000,0.000000,0.000000,0.000000,0.000000,0.000000,1.000000,1.000000,0.130000,928.846008,0.000000,0.000000,0.130000,156.467804,-35.099998,68.099998,
18.571901,1,1.000000,0.000000,0.000000,0.000000,0.000000,0.000000,1.000000,1.000000,0.120000,929.185974,0.000000,0.000000,0.120000,156.129257,-36.099998,68.500000,
18.610050,1,1.000000,0.000000,0.000000,0.000000,0.000000,0.000000,1.000000,1.000000,0.120000,929.606018,0.000000,0.000000,0.120000,156.068161,-36.799999,68.599998,
18.648513,1,1.000000,0.000000,0.000000,0.000000,0.000000,0.000000,1.000000,1.000000,0.120000,928.820007,0.000000,0.000000,0.120000,156.068161,-36.799999,68.599998,
18.689008,1,1.000000,0.000000,0.000000,0.000000,0.000000,0.000000,1.000000,1.000000,0.110000,928.864014,0.000000,0.000000,0.110000,157.293213,-40.700001,68.500000,
18.724834,1,1.000000,0.000000,0.000000,0.000000,0.000000,0.000000,1.000000,1.000000,0.100000,928.896973,0.000000,0.000000,0.100000,157.798187,-41.500000,68.500000,
18.767178,1,1.000000,0.000000,0.000000,0.000000,0.000000,0.000000,1.000000,1.000000,0.100000,928.937012,0.000000,0.000000,0.100000,159.533142,-44.000000,68.400002,
18.810403,1,1.000000,0.000000,0.000000,0.000000,0.000000,0.000000,1.000000,1.000000,0.100000,928.978027,0.000000,0.000000,0.100000,160.724152,-45.599998,68.199997,
18.849272,1,1.000000,0.000000,0.000000,0.000000,0.000000,0.000000,1.000000,1.000000,0.100000,929.020020,0.000000,0.000000,0.100000,161.579163,-47.299999,68.099998,
18.886963,1,1.000000,0.000000,0.000000,0.000000,0.000000,0.000000,1.000000,1.000000,0.080000,929.052002,0.000000,0.000000,0.080000,161.579163,-47.299999,68.099998,
18.928982,1,1.000000,0.000000,0.000000,0.000000,0.000000,0.000000,1.000000,1.000000,0.080000,929.099976,0.000000,0.000000,0.080000,161.579163,-47.299999,68.099998,
18.963873,1,1.000000,0.000000,0.000000,0.000000,0.000000,0.000000,1.000000,1.000000,0.080000,929.135010,0.000000,0.000000,0.080000,161.579163,-47.299999,68.099998,
19.010264,1,1.000000,0.000000,0.000000,0.000000,0.000000,0.000000,1.000000,1.000000,0.080000,929.176025,0.000000,0.000000,0.080000,161.579163,-47.299999,68.099998,
19.049923,1,1.000000,0.000000,0.000000,0.000000,0.000000,0.000000,1.000000,1.000000,0.080000,929.216980,0.000000,0.000000,0.080000,171.174011,-55.599998,57.900002,
19.089383,1,1.000000,0.000000,0.000000,0.000000,0.000000,0.000000,1.000000,1.000000,0.090000,929.265015,0.000000,0.000000,0.090000,174.941849,-55.200001,53.599998,
19.125229,1,1.000000,0.000000,0.000000,0.000000,0.000000,0.000000,1.000000,1.000000,0.090000,929.296997,0.000000,0.000000,0.090000,176.876648,-54.799999,51.299999,
19.167494,1,1.000000,0.000000,0.000000,0.000000,0.000000,0.000000,1.000000,1.000000,0.120000,929.338013,0.000000,0.000000,0.120000,183.417770,-53.799999,43.799999,
19.208156,1,1.000000,0.000000,0.000000,0.000000,0.000000,0.000000,1.000000,1.000000,0.130000,929.379028,0.000000,0.000000,0.130000,188.844864,-52.700001,38.599998,
19.249220,1,1.000000,0.000000,0.000000,0.000000,0.000000,0.000000,1.000000,1.000000,0.130000,929.411987,0.000000,0.000000,0.130000,188.844864,-52.700001,38.599998,
19.288896,1,1.000000,0.000000,0.000000,0.000000,0.000000,0.000000,1.000000,1.000000,0.130000,929.458984,0.000000,0.000000,0.130000,188.844864,-52.700001,38.599998,
19.326104,1,1.000000,0.000000,0.000000,0.000000,0.000000,0.000000,1.000000,1.000000,0.130000,929.502014,0.000000,0.000000,0.130000,188.844864,-52.700001,38.599998,
19.371431,1,1.000000,0.000000,0.000000,0.000000,0.000000,0.000000,1.000000,1.000000,0.160000,929.541016,0.000000,0.000000,0.160000,208.758743,-47.500000,25.600000,
19.411366,1,1.000000,0.000000,0.000000,0.000000,0.000000,0.000000,1.000000,1.000000,0.170000,929.583008,0.000000,0.000000,0.170000,212.142151,-47.799999,24.299999,
19.449442,1,1.000000,0.000000,0.000000,0.000000,0.000000,0.000000,1.000000,1.000000,0.170000,929.617981,0.000000,0.000000,0.170000,214.939896,-48.700001,23.200001,
19.488898,1,1.000000,0.000000,0.000000,0.000000,0.000000,0.000000,1.000000,1.000000,0.180000,929.659973,0.000000,0.000000,0.180000,217.488708,-49.900002,22.299999,
19.526486,1,1.000000,0.000000,0.000000,0.000000,0.000000,0.000000,1.000000,1.000000,0.170000,929.856018,0.000000,0.000000,0.170000,219.377167,-51.099998,22.200001,
19.571580,1,1.000000,0.000000,0.000000,0.000000,0.000000,0.000000,1.000000,1.000000,0.640000,930.176025,0.000000,0.000000,0.640000,220.197952,-51.599998,22.400000,
19.611416,1,1.000000,0.000000,0.000000,0.000000,0.000000,0.000000,1.000000,1.000000,0.640000,930.635986,0.000000,0.000000,0.640000,220.197952,-51.599998,22.400000,
19.648479,1,1.000000,0.000000,0.000000,0.000000,0.000000,0.000000,1.000000,1.000000,0.640000,929.820007,0.000000,0.000000,0.640000,220.197952,-51.599998,22.400000,
19.688067,1,1.000000,0.000000,0.000000,0.000000,0.000000,0.000000,1.000000,1.000000,0.640000,929.854004,0.000000,0.000000,0.640000,220.197952,-51.599998,22.400000,
19.728688,1,1.000000,0.000000,0.000000,0.000000,0.000000,0.000000,1.000000,1.000000,0.680000,929.901978,0.000000,0.000000,0.680000,231.140640,-52.599998,20.799999,
19.768657,1,1.000000,0.000000,0.000000,0.000000,0.000000,0.000000,1.000000,1.000000,0.340000,929.943970,0.000000,0.000000,0.340000,233.695755,-51.200001,19.500000,
19.809869,1,1.000000,0.000000,0.000000,0.000000,0.000000,0.000000,1.000000,1.000000,0.360000,929.976990,0.000000,0.000000,0.360000,235.641953,-49.099998,18.900000,
19.850361,1,1.000000,0.000000,0.000000,0.000000,0.000000,0.000000,1.000000,1.000000,0.370000,930.012024,0.000000,0.000000,0.370000,236.759827,-47.500000,18.600000,
19.886091,1,1.000000,0.000000,0.000000,0.000000,0.000000,0.000000,1.000000,1.000000,0.400000,930.062988,0.000000,0.000000,0.400000,238.561523,-44.299999,17.600000,
19.925732,1,1.000000,0.000000,0.000000,0.000000,0.000000,0.000000,1.000000,1.000000,0.410000,930.101990,0.000000,0.000000,0.410000,238.981277,-43.000000,17.200001,
19.967857,1,1.000000,0.000000,0.000000,0.000000,0.000000,0.000000,1.000000,1.000000,0.410000,930.143005,0.000000,0.000000,0.410000,238.981277,-43.000000,17.200001,
20.009758,1,1.000000,0.000000,0.000000,0.000000,0.000000,0.000000,1.000000,1.000000,0.410000,930.177002,0.000000,0.000000,0.410000,238.981277,-43.000000,17.200001,
20.050336,1,1.000000,0.000000,0.000000,0.000000,0.000000,0.000000,1.000000,1.000000,0.410000,930.221008,0.000000,0.000000,0.410000,238.981277,-43.000000,17.200001,
20.086991,1,1.000000,0.000000,0.000000,0.000000,0.000000,0.000000,1.000000,1.000000,0.410000,930.265015,0.000000,0.000000,0.410000,238.981277,-43.000000,17.200001,
20.133583,1,1.000000,0.000000,0.000000,0.000000,0.000000,0.000000,1.000000,1.000000,0.500000,930.302002,0.000000,0.000000,0.500000,240.741226,-27.500000,11.200000,
20.166500,1,1.000000,0.000000,0.000000,0.000000,0.000000,0.000000,1.000000,1.000000,0.510000,930.335999,0.000000,0.000000,0.510000,240.773636,-26.900000,11.000000,
20.209573,1,1.000000,0.000000,0.000000,0.000000,0.000000,0.000000,1.000000,1.000000,0.700000,930.377991,0.000000,0.000000,0.700000,240.544952,-25.200001,10.500000,
20.248873,1,1.000000,0.000000,0.000000,0.000000,0.000000,0.000000,1.000000,1.000000,0.710000,930.414001,0.000000,0.000000,0.710000,240.572510,-24.100000,10.600000,
20.287375,1,1.000000,0.000000,0.000000,0.000000,0.000000,0.000000,1.000000,1.000000,0.750000,930.461975,0.000000,0.000000,0.750000,241.107040,-21.799999,10.600000,
20.327459,1,1.000000,0.000000,0.000000,0.000000,0.000000,0.000000,1.000000,1.000000,0.750000,930.502014,0.000000,0.000000,0.750000,241.107040,-21.799999,10.600000,
20.373373,1,1.000000,0.000000,0.000000,0.000000,0.000000,0.000000,1.000000,1.000000,0.750000,930.541016,0.000000,0.000000,0.750000,241.107040,-21.799999,10.600000,
20.411286,1,1.000000,0.000000,0.000000,0.000000,0.000000,0.000000,1.000000,1.000000,0.750000,930.577026,0.000000,0.000000,0.750000,241.107040,-21.799999,10.600000,
20.447791,1,1.000000,0.000000,0.000000,0.000000,0.000000,0.000000,1.000000,1.000000,0.880000,930.620972,0.000000,0.000000,0.880000,246.485321,-8.900000,7.300000,
20.485519,1,1.000000,0.000000,0.000000,0.000000,0.000000,0.000000,1.000000,1.000000,0.830000,930.653015,0.000000,0.000000,0.830000,246.703812,-7.800000,6.800000,
20.528884,1,1.000000,0.000000,0.000000,0.000000,0.000000,0.000000,1.000000,1.000000,0.830000,930.815979,0.000000,0.000000,0.830000,246.988831,-5.400000,5.700000,
20.572833,1,1.000000,0.000000,0.000000,0.000000,0.000000,0.000000,1.000000,1.000000,0.840000,931.226013,0.000000,0.000000,0.840000,247.500534,-0.900000,5.000000,
20.608657,1,1.000000,0.000000,0.000000,0.000000,0.000000,0.000000,1.000000,1.000000,0.840000,931.575989,0.000000,0.000000,0.840000,248.212509,2.400000,5.500000,
20.649065,1,1.000000,0.000000,0.000000,0.000000,0.000000,0.000000,1.000000,1.000000,0.830000,930.818970,0.000000,0.000000,0.830000,248.553589,3.900000,6.200000,
20.689370,1,1.000000,0.000000,0.000000,0.000000,0.000000,0.000000,1.000000,1.000000,0.830000,930.857971,0.000000,0.000000,0.830000,248.553589,3.900000,6.200000,
20.725791,1,1.000000,0.000000,0.000000,0.000000,0.000000,0.000000,1.000000,1.000000,0.830000,930.900024,0.000000,0.000000,0.830000,248.553589,3.900000,6.200000,
20.768556,1,1.000000,0.000000,0.000000,0.000000,0.000000,0.000000,1.000000,1.000000,0.830000,930.939026,0.000000,0.000000,0.830000,248.553589,3.900000,6.200000,
20.811583,1,1.000000,0.000000,0.000000,0.000000,0.000000,0.000000,1.000000,1.000000,0.850000,930.981995,0.000000,0.000000,0.850000,244.542328,4.800000,7.300000,
20.847081,1,1.000000,0.000000,0.000000,0.000000,0.000000,0.000000,1.000000,1.000000,0.850000,931.018005,0.000000,0.000000,0.850000,241.746597,2.100000,7.000000,
20.886548,1,1.000000,0.000000,0.000000,0.000000,0.000000,0.000000,1.000000,1.000000,0.820000,931.060974,0.000000,0.000000,0.820000,240.114502,0.500000,6.900000,
20.929316,1,1.000000,0.000000,0.000000,0.000000,0.000000,0.000000,1.000000,1.000000,0.820000,931.093994,0.000000,0.000000,0.820000,240.114502,0.500000,6.900000,
20.970858,1,1.000000,0.000000,0.000000,0.000000,0.000000,0.000000,1.000000,1.000000,0.810000,931.137024,0.000000,0.000000,0.810000,233.448502,-4.000000,8.100000,
21.008976,1,1.000000,0.000000,0.000000,0.000000,0.000000,0.000000,1.000000,1.000000,0.810000,931.184021,0.000000,0.000000,0.810000,232.478958,-4.200000,8.300000,
21.048897,1,1.000000,0.000000,0.000000,0.000000,0.000000,0.000000,1.000000,1.000000,0.810000,931.213989,0.000000,0.000000,0.810000,232.478958,-4.200000,8.300000,
21.087261,1,1.000000,0.000000,0.000000,0.000000,0.000000,0.000000,1.000000,1.000000,0.810000,931.257019,0.000000,0.000000,0.810000,232.478958,-4.200000,8.300000,
21.129818,1,1.000000,0.000000,0.000000,0.000000,0.000000,0.000000,1.000000,1.000000,0.810000,931.302002,0.000000,0.000000,0.810000,232.478958,-4.200000,8.300000,
21.163112,1,1.000000,0.000000,0.000000,0.000000,0.000000,0.000000,1.000000,1.000000,0.840000,931.336975,0.000000,0.000000,0.840000,223.420410,-4.000000,9.400000,
21.209559,1,1.000000,0.000000,0.000000,0.000000,0.000000,0.000000,1.000000,1.000000,0.840000,931.379028,0.000000,0.000000,0.840000,219.332306,-4.800000,9.300000,
21.250220,1,1.000000,0.000000,0.000000,0.000000,0.000000,0.000000,1.000000,1.000000,0.840000,931.414978,0.000000,0.000000,0.840000,217.878098,-5.300000,8.900000,
21.288181,1,1.000000,0.000000,0.000000,0.000000,0.000000,0.000000,1.000000,1.000000,0.870000,931.455017,0.000000,0.000000,0.870000,216.503342,-5.700000,8.600000,
21.324945,1,1.000000,0.000000,0.000000,0.000000,0.000000,0.000000,1.000000,1.000000,0.870000,931.497986,0.000000,0.000000,0.870000,216.503342,-5.700000,8.600000,
21.366856,1,1.000000,0.000000,0.000000,0.000000,0.000000,0.000000,1.000000,1.000000,0.900000,931.538025,0.000000,0.000000,0.900000,210.064178,-5.600000,6.900000,
21.410058,1,1.000000,0.000000,0.000000,0.000000,0.000000,0.000000,1.000000,1.000000,0.900000,931.577026,0.000000,0.000000,0.900000,210.064178,-5.600000,6.900000,
21.448069,1,1.000000,0.000000,0.000000,0.000000,0.000000,0.000000,1.000000,1.000000,0.900000,931.619995,0.000000,0.000000,0.900000,210.064178,-5.600000,6.900000,
21.490018,1,1.000000,0.000000,0.000000,0.000000,0.000000,0.000000,1.000000,1.000000,0.900000,931.664001,0.000000,0.000000,0.900000,207.377121,-6.200000,7.000000,
21.527569,1,1.000000,0.000000,0.000000,0.000000,0.000000,0.000000,1.000000,1.000000,0.920000,931.875977,0.000000,0.000000,0.920000,205.619553,-6.000000,7.700000,
21.566419,1,1.000000,0.000000,0.000000,0.000000,0.000000,0.000000,1.000000,1.000000,1.010000,932.176025,0.000000,0.000000,1.010000,204.924194,-4.700000,8.000000,
21.611875,1,1.000000,0.000000,0.000000,0.000000,0.000000,0.000000,1.000000,1.000000,1.010000,932.596008,0.000000,0.000000,1.010000,204.583664,-4.200000,8.000000,
21.654653,1,1.000000,0.000000,0.000000,0.000000,0.000000,0.000000,1.000000,1.000000,1.010000,931.820984,0.000000,0.000000,1.010000,204.583664,-4.200000,8.000000,
21.691682,1,1.000000,0.000000,0.000000,0.000000,0.000000,0.000000,1.000000,1.000000,1.000000,931.854004,0.000000,0.000000,1.000000,202.909454,-3.200000,6.400000,
21.739812,1,1.000000,0.000000,0.000000,0.000000,0.000000,0.000000,1.000000,1.000000,1.000000,931.903992,0.000000,0.000000,1.000000,202.597458,-3.000000,6.000000,
21.770428,1,1.000000,0.000000,0.000000,0.000000,0.000000,0.000000,1.000000,1.000000,1.000000,931.939026,0.000000,0.000000,1.000000,202.597458,-3.000000,6.000000,
21.819208,1,1.000000,0.000000,0.000000,0.000000,0.000000,0.000000,1.000000,1.000000,1.000000,931.978027,0.000000,0.000000,1.000000,202.597458,-3.000000,6.000000,
21.859015,1,1.000000,0.000000,0.000000,0.000000,0.000000,0.000000,1.000000,1.000000,1.000000,932.015991,0.000000,0.000000,1.000000,202.597458,-3.000000,6.000000,
21.890486,1,1.000000,0.000000,0.000000,0.000000,0.000000,0.000000,1.000000,1.000000,1.120000,932.052002,0.000000,0.000000,1.120000,204.438812,6.900000,6.200000,
21.943283,1,1.000000,0.000000,0.000000,0.000000,0.000000,0.000000,1.000000,1.000000,1.110000,932.099976,0.000000,0.000000,1.110000,205.631424,9.600000,6.500000,
21.973012,1,1.000000,0.000000,0.000000,0.000000,0.000000,0.000000,1.000000,1.000000,1.210000,932.143982,0.000000,0.000000,1.210000,207.438004,11.600000,7.700000,
22.015181,1,1.000000,0.000000,0.000000,0.000000,0.000000,0.000000,1.000000,1.000000,1.210000,932.179016,0.000000,0.000000,1.210000,208.644928,11.200000,9.200000,
22.049463,1,1.000000,0.000000,0.000000,0.000000,0.000000,0.000000,1.000000,1.000000,1.210000,932.215027,0.000000,0.000000,1.210000,208.732895,10.700000,9.700000,
22.086436,1,1.000000,0.000000,0.000000,0.000000,0.000000,0.000000,1.000000,1.000000,1.210000,932.257996,0.000000,0.000000,1.210000,208.732895,10.700000,9.700000,
22.128085,1,1.000000,0.000000,0.000000,0.000000,0.000000,0.000000,1.000000,1.000000,1.210000,932.301025,0.000000,0.000000,1.210000,208.732895,10.700000,9.700000,
22.170768,1,1.000000,0.000000,0.000000,0.000000,0.000000,0.000000,1.000000,1.000000,1.210000,932.341003,0.000000,0.000000,1.210000,208.732895,10.700000,9.700000,
22.213563,1,1.000000,0.000000,0.000000,0.000000,0.000000,0.000000,1.000000,1.000000,1.230000,932.374023,0.000000,0.000000,1.230000,207.711441,8.400000,11.200000,
22.252716,1,1.000000,0.000000,0.000000,0.000000,0.000000,0.000000,1.000000,1.000000,1.380000,932.419006,0.000000,0.000000,1.380000,207.121704,11.300000,4.300000,
22.287994,1,1.000000,0.000000,0.000000,0.000000,0.000000,0.000000,1.000000,1.000000,1.410000,932.463013,0.000000,0.000000,1.410000,207.283020,11.100000,3.600000,
22.334400,1,1.000000,0.000000,0.000000,0.000000,0.000000,0.000000,1.000000,1.000000,1.410000,932.502991,0.000000,0.000000,1.410000,207.962051,9.800000,4.700000,
22.367375,1,1.000000,0.000000,0.000000,0.000000,0.000000,0.000000,1.000000,1.000000,1.450000,932.536011,0.000000,0.000000,1.450000,208.353928,9.200000,6.000000,
22.409681,1,1.000000,0.000000,0.000000,0.000000,0.000000,0.000000,1.000000,1.000000,1.440000,932.578003,0.000000,0.000000,1.440000,209.238693,9.300000,8.400000,
22.447533,1,1.000000,0.000000,0.000000,0.000000,0.000000,0.000000,1.000000,1.000000,1.440000,932.620972,0.000000,0.000000,1.440000,209.238693,9.300000,8.400000,
22.486351,1,1.000000,0.000000,0.000000,0.000000,0.000000,0.000000,1.000000,1.000000,1.440000,932.653992,0.000000,0.000000,1.440000,209.238693,9.300000,8.400000,
22.525351,1,1.000000,0.000000,0.000000,0.000000,0.000000,0.000000,1.000000,1.000000,1.440000,932.796021,0.000000,0.000000,1.440000,209.238693,9.300000,8.400000,
22.569996,1,1.000000,0.000000,0.000000,0.000000,0.000000,0.000000,1.000000,1.000000,1.440000,933.185974,0.000000,0.000000,1.440000,211.535278,13.300000,9.100000,
22.611161,1,1.000000,0.000000,0.000000,0.000000,0.000000,0.000000,1.000000,1.000000,1.570000,933.625977,0.000000,0.000000,1.570000,211.833466,13.600000,9.000000,
22.647848,1,1.000000,0.000000,0.000000,0.000000,0.000000,0.000000,1.000000,1.000000,1.580000,932.822021,0.000000,0.000000,1.580000,211.497360,14.100000,8.900000,
22.689654,1,1.000000,0.000000,0.000000,0.000000,0.000000,0.000000,1.000000,1.000000,1.610000,932.854004,0.000000,0.000000,1.610000,211.107559,14.100000,9.600000,
22.732286,1,1.000000,0.000000,0.000000,0.000000,0.000000,0.000000,1.000000,1.000000,1.600000,932.905029,0.000000,0.000000,1.600000,210.989975,14.000000,10.600000,
22.769207,1,1.000000,0.000000,0.000000,0.000000,0.000000,0.000000,1.000000,1.000000,1.630000,932.937988,0.000000,0.000000,1.630000,210.917130,13.800000,11.200000,
22.808980,1,1.000000,0.000000,0.000000,0.000000,0.000000,0.000000,1.000000,1.000000,1.630000,932.979980,0.000000,0.000000,1.630000,210.917130,13.800000,11.200000,
22.848437,1,1.000000,0.000000,0.000000,0.000000,0.000000,0.000000,1.000000,1.000000,1.630000,933.020020,0.000000,0.000000,1.630000,210.917130,13.800000,11.200000,
22.886092,1,1.000000,0.000000,0.000000,0.000000,0.000000,0.000000,1.000000,1.000000,1.630000,933.064026,0.000000,0.000000,1.630000,210.917130,13.800000,11.200000,
22.925554,1,1.000000,0.000000,0.000000,0.000000,0.000000,0.000000,1.000000,1.000000,1.630000,933.096008,0.000000,0.000000,1.630000,210.917130,13.800000,11.200000,
22.966661,1,1.000000,0.000000,0.000000,0.000000,0.000000,0.000000,1.000000,1.000000,1.730000,933.138000,0.000000,0.000000,1.730000,211.159531,18.000000,11.000000,
23.009217,1,1.000000,0.000000,0.000000,0.000000,0.000000,0.000000,1.000000,1.000000,1.730000,933.177979,0.000000,0.000000,1.730000,209.855301,17.299999,11.800000,
23.049100,1,1.000000,0.000000,0.000000,0.000000,0.000000,0.000000,1.000000,1.000000,1.730000,933.221008,0.000000,0.000000,1.730000,209.250809,16.799999,12.100000,
23.087605,1,1.000000,0.000000,0.000000,0.000000,0.000000,0.000000,1.000000,1.000000,1.730000,933.254028,0.000000,0.000000,1.730000,208.120438,16.000000,12.200000,
23.129602,1,1.000000,0.000000,0.000000,0.000000,0.000000,0.000000,1.000000,1.000000,1.730000,933.301025,0.000000,0.000000,1.730000,207.395447,15.800000,11.700000,
23.166847,1,1.000000,0.000000,0.000000,0.000000,0.000000,0.000000,1.000000,1.000000,1.730000,933.335999,0.000000,0.000000,1.730000,207.214905,16.000000,11.300000,
23.209723,1,1.000000,0.000000,0.000000,0.000000,0.000000,0.000000,1.000000,1.000000,1.730000,933.377991,0.000000,0.000000,1.730000,207.214905,16.000000,11.300000,
23.247448,1,1.000000,0.000000,0.000000,0.000000,0.000000,0.000000,1.000000,1.000000,1.730000,933.419983,0.000000,0.000000,1.730000,207.214905,16.000000,11.300000,
23.284807,1,1.000000,0.000000,0.000000,0.000000,0.000000,0.000000,1.000000,1.000000,1.730000,933.463013,0.000000,0.000000,1.730000,207.214905,16.000000,11.300000,
23.326968,1,1.000000,0.000000,0.000000,0.000000,0.000000,0.000000,1.000000,1.000000,1.730000,933.500977,0.000000,0.000000,1.730000,207.214905,16.000000,11.300000,
23.370081,1,1.000000,0.000000,0.000000,0.000000,0.000000,0.000000,1.000000,1.000000,1.690000,933.543030,0.000000,0.000000,1.690000,206.023499,15.400000,7.900000,
23.413561,1,1.000000,0.000000,0.000000,0.000000,0.000000,0.000000,1.000000,1.000000,1.690000,933.575989,0.000000,0.000000,1.690000,205.563187,15.200000,7.300000,
23.452162,1,1.000000,0.000000,0.000000,0.000000,0.000000,0.000000,1.000000,1.000000,1.700000,933.611023,0.000000,0.000000,1.700000,205.369446,15.100000,7.200000,
23.486356,1,1.000000,0.000000,0.000000,0.000000,0.000000,0.000000,1.000000,1.000000,1.680000,933.653015,0.000000,0.000000,1.680000,205.108887,14.700000,7.400000,
23.526837,1,1.000000,0.000000,0.000000,0.000000,0.000000,0.000000,1.000000,1.000000,1.680000,934.486023,0.000000,0.000000,1.680000,205.130768,14.400000,7.400000,
23.568624,1,1.000000,0.000000,0.000000,0.000000,0.000000,0.000000,1.000000,1.000000,1.680000,934.185974,0.000000,0.000000,1.680000,205.281799,14.400000,7.300000,
23.609387,1,1.000000,0.000000,0.000000,0.000000,0.000000,0.000000,1.000000,1.000000,1.680000,934.585999,0.000000,0.000000,1.680000,205.281799,14.400000,7.300000,
23.650094,1,1.000000,0.000000,0.000000,0.000000,0.000000,0.000000,1.000000,1.000000,1.680000,933.818970,0.000000,0.000000,1.680000,205.281799,14.400000,7.300000,
23.685733,1,1.000000,0.000000,0.000000,0.000000,0.000000,0.000000,1.000000,1.000000,1.680000,933.862976,0.000000,0.000000,1.680000,205.281799,14.400000,7.300000,
23.726371,1,1.000000,0.000000,0.000000,0.000000,0.000000,0.000000,1.000000,1.000000,1.680000,933.901978,0.000000,0.000000,1.680000,205.281799,14.400000,7.300000,
