91.295351,1,1.250000,0.000000,0.000000,0.000000,1.000000,0.000000,0.000000,0.000000,0.200000,754.278015,0.000000,0.000000,0.200000,276.791382,-0.700000,0.300000,
91.313178,1,1.250000,0.000000,0.000000,0.000000,1.000000,0.000000,0.000000,0.000000,0.200000,754.289978,0.000000,0.000000,0.200000,276.795502,-0.700000,0.300000,
91.355019,1,1.250000,0.000000,0.000000,0.000000,1.000000,0.000000,0.000000,0.000000,0.200000,754.331970,0.000000,0.000000,0.200000,276.802155,-0.700000,0.300000,
91.393544,1,1.250000,0.000000,0.000000,0.000000,1.000000,0.000000,0.000000,0.000000,0.200000,754.374023,0.000000,0.000000,0.200000,276.812927,-0.700000,0.300000,
91.436814,1,1.250000,0.000000,0.000000,0.000000,1.000000,0.000000,0.000000,0.000000,0.200000,754.646973,0.000000,0.000000,0.200000,276.812805,-0.700000,0.300000,
91.474805,1,1.250000,0.000000,0.000000,0.000000,1.000000,0.000000,0.000000,0.000000,0.200000,755.067017,0.000000,0.000000,0.200000,276.827179,-0.700000,0.300000,
91.514082,1,1.250000,0.000000,0.000000,0.000000,1.000000,0.000000,0.000000,0.000000,0.200000,754.495972,0.000000,0.000000,0.200000,276.834381,-0.700000,0.300000,
91.555210,1,1.250000,0.000000,0.000000,0.000000,1.000000,0.000000,0.000000,0.000000,0.200000,754.539001,0.000000,0.000000,0.200000,276.840607,-0.700000,0.300000,
91.592529,1,1.250000,0.000000,0.000000,0.000000,1.000000,0.000000,0.000000,0.000000,0.200000,754.578979,0.000000,0.000000,0.200000,276.851929,-0.700000,0.300000,
91.635509,1,1.250000,0.000000,0.000000,0.000000,1.000000,0.000000,0.000000,0.000000,0.200000,754.620972,0.000000,0.000000,0.200000,276.854095,-0.700000,0.300000,
91.675275,1,1.250000,0.000000,0.000000,0.000000,1.000000,0.000000,0.000000,0.000000,0.200000,754.653015,0.000000,0.000000,0.200000,276.787201,-0.700000,0.300000,
91.716455,1,1.250000,0.000000,0.000000,0.000000,1.000000,0.000000,0.000000,0.000000,0.200000,754.692017,0.000000,0.000000,0.200000,277.011810,-0.500000,0.400000,
91.757988,1,1.250000,0.000000,0.000000,0.000000,1.000000,0.000000,0.000000,0.000000,0.200000,754.734985,0.000000,0.000000,0.200000,276.989807,0.600000,0.200000,
91.793979,1,1.250000,0.000000,0.000000,0.000000,1.000000,0.000000,0.000000,0.000000,0.200000,754.773987,0.000000,0.000000,0.200000,276.794952,2.700000,-0.500000,
91.830988,1,1.250000,0.000000,0.000000,0.000000,1.000000,0.000000,0.000000,0.000000,0.200000,754.820007,0.000000,0.000000,0.200000,276.613434,3.800000,-0.500000,
91.875002,1,1.250000,0.000000,0.000000,0.000000,1.000000,0.000000,0.000000,0.000000,0.290000,754.859009,0.000000,0.000000,0.290000,276.486725,4.600000,-0.500000,
91.914866,1,1.250000,0.000000,0.000000,0.000000,1.000000,0.000000,0.000000,0.000000,0.290000,754.893005,0.000000,0.000000,0.290000,276.327301,5.200000,-1.200000,
91.955270,1,1.250000,0.000000,0.000000,0.000000,1.000000,0.000000,0.000000,0.000000,0.290000,754.937012,0.000000,0.000000,0.290000,276.255188,5.800000,-1.200000,
91.994300,1,1.250000,0.000000,0.000000,0.000000,1.000000,0.000000,0.000000,0.000000,0.280000,754.978027,0.000000,0.000000,0.280000,276.162750,5.800000,-1.000000,
92.036804,1,1.250000,0.000000,0.000000,0.000000,1.000000,0.000000,0.000000,0.000000,0.280000,755.010986,0.000000,0.000000,0.280000,276.084381,5.700000,-0.700000,
92.074637,1,1.250000,0.000000,0.000000,0.000000,1.000000,0.000000,0.000000,0.000000,0.250000,755.054016,0.000000,0.000000,0.250000,276.066345,5.500000,-0.600000,
92.116973,1,1.250000,0.000000,0.000000,0.000000,1.000000,0.000000,0.000000,0.000000,0.250000,755.093018,0.000000,0.000000,0.250000,276.030609,5.300000,-0.300000,
92.157458,1,1.250000,0.000000,0.000000,0.000000,1.000000,0.000000,0.000000,0.000000,0.250000,755.140991,0.000000,0.000000,0.250000,276.014679,5.100000,-0.200000,
92.194433,1,1.250000,0.000000,0.000000,0.000000,1.000000,0.000000,0.000000,0.000000,0.290000,755.174011,0.000000,0.000000,0.290000,275.982880,5.000000,-0.200000,
92.235454,1,1.250000,0.000000,0.000000,0.000000,1.000000,0.000000,0.000000,0.000000,0.290000,755.216003,0.000000,0.000000,0.290000,275.968414,4.800000,-0.000000,
92.274037,1,1.250000,0.000000,0.000000,0.000000,1.000000,0.000000,0.000000,0.000000,0.290000,755.257019,0.000000,0.000000,0.290000,275.972870,4.700000,-0.000000,
92.314827,1,1.250000,0.000000,0.000000,0.000000,1.000000,0.000000,0.000000,0.000000,0.290000,755.299988,0.000000,0.000000,0.290000,275.972870,4.700000,-0.000000,
92.353524,1,1.250000,0.000000,0.000000,0.000000,1.000000,0.000000,0.000000,0.000000,0.290000,755.330994,0.000000,0.000000,0.290000,275.972870,4.700000,-0.000000,
92.393477,1,1.250000,0.000000,0.000000,0.000000,1.000000,0.000000,0.000000,0.000000,0.290000,755.374023,0.000000,0.000000,0.290000,275.972870,4.700000,-0.000000,
92.433584,1,1.250000,0.000000,0.000000,0.000000,1.000000,0.000000,0.000000,0.000000,0.290000,755.677002,0.000000,0.000000,0.290000,275.972870,4.700000,-0.000000,
92.471981,1,1.250000,0.000000,0.000000,0.000000,1.000000,0.000000,0.000000,0.000000,0.290000,756.057007,0.000000,0.000000,0.290000,275.972870,4.700000,-0.000000,
92.512301,1,1.250000,0.000000,0.000000,0.000000,1.000000,0.000000,0.000000,0.000000,0.290000,755.495972,0.000000,0.000000,0.290000,275.972870,4.700000,-0.000000,
92.553533,1,1.250000,0.000000,0.000000,0.000000,1.000000,0.000000,0.000000,0.000000,0.290000,755.534973,0.000000,0.000000,0.290000,275.972870,4.700000,-0.000000,
92.594988,1,1.250000,0.000000,0.000000,0.000000,1.000000,0.000000,0.000000,0.000000,0.470000,755.575989,0.000000,0.000000,0.470000,275.837402,3.500000,0.200000,
92.635246,1,1.250000,0.000000,0.000000,0.000000,1.000000,0.000000,0.000000,0.000000,0.510000,755.619019,0.000000,0.000000,0.510000,275.739807,3.100000,0.100000,
92.675162,1,1.250000,0.000000,0.000000,0.000000,1.000000,0.000000,0.000000,0.000000,0.520000,755.658020,0.000000,0.000000,0.520000,275.723938,3.000000,0.100000,
92.714085,1,1.250000,0.000000,0.000000,0.000000,1.000000,0.000000,0.000000,0.000000,0.520000,755.690979,0.000000,0.000000,0.520000,275.739807,2.800000,0.100000,
92.756486,1,1.250000,0.000000,0.000000,0.000000,1.000000,0.000000,0.000000,0.000000,0.520000,755.729980,0.000000,0.000000,0.520000,275.792542,2.600000,0.100000,
92.796549,1,1.250000,0.000000,0.000000,0.000000,1.000000,0.000000,0.000000,0.000000,0.520000,755.771973,0.000000,0.000000,0.520000,275.838379,2.600000,0.100000,
92.836471,1,1.250000,0.000000,0.000000,0.000000,1.000000,0.000000,0.000000,0.000000,0.520000,755.810974,0.000000,0.000000,0.520000,275.872253,2.600000,0.100000,
92.877819,1,1.250000,0.000000,0.000000,0.000000,1.000000,0.000000,0.000000,0.000000,0.530000,755.854004,0.000000,0.000000,0.530000,275.929688,2.600000,0.100000,
92.921637,1,1.250000,0.000000,0.000000,0.000000,1.000000,0.000000,0.000000,0.000000,0.580000,755.895996,0.000000,0.000000,0.580000,275.977448,2.500000,0.000000,
92.956746,1,1.250000,0.000000,0.000000,0.000000,1.000000,0.000000,0.000000,0.000000,0.580000,755.939026,0.000000,0.000000,0.580000,276.013062,2.500000,0.000000,
92.997850,1,1.250000,0.000000,0.000000,0.000000,1.000000,0.000000,0.000000,0.000000,0.630000,755.976990,0.000000,0.000000,0.630000,276.061249,2.300000,0.100000,
93.036306,1,1.250000,0.000000,0.000000,0.000000,1.000000,0.000000,0.000000,0.000000,0.630000,756.010986,0.000000,0.000000,0.630000,276.104980,2.200000,0.200000,
93.076444,1,1.250000,0.000000,0.000000,0.000000,1.000000,0.000000,0.000000,0.000000,0.630000,756.054016,0.000000,0.000000,0.630000,276.143951,2.000000,0.200000,
93.111723,1,1.250000,0.000000,0.000000,0.000000,1.000000,0.000000,0.000000,0.000000,0.630000,756.098999,0.000000,0.000000,0.630000,276.192535,1.900000,0.100000,
93.153232,1,1.250000,0.000000,0.000000,0.000000,1.000000,0.000000,0.000000,0.000000,0.630000,756.138000,0.000000,0.000000,0.630000,276.228668,2.000000,0.100000,
93.195077,1,1.250000,0.000000,0.000000,0.000000,1.000000,0.000000,0.000000,0.000000,0.680000,756.171997,0.000000,0.000000,0.680000,276.243591,2.100000,0.100000,
93.234566,1,1.250000,0.000000,0.000000,0.000000,1.000000,0.000000,0.000000,0.000000,0.680000,756.210999,0.000000,0.000000,0.680000,276.273865,2.100000,0.100000,
93.275697,1,1.250000,0.000000,0.000000,0.000000,1.000000,0.000000,0.000000,0.000000,0.730000,756.255005,0.000000,0.000000,0.730000,276.322815,2.100000,0.100000,
93.316226,1,1.250000,0.000000,0.000000,0.000000,1.000000,0.000000,0.000000,0.000000,0.730000,756.299011,0.000000,0.000000,0.730000,276.351135,2.100000,0.100000,
93.356377,1,1.250000,0.000000,0.000000,0.000000,1.000000,0.000000,0.000000,0.000000,0.730000,756.335022,0.000000,0.000000,0.730000,276.383698,2.000000,0.100000,
93.392953,1,1.250000,0.000000,0.000000,0.000000,1.000000,0.000000,0.000000,0.000000,0.740000,756.377014,0.000000,0.000000,0.740000,276.401001,1.900000,0.200000,
93.439261,1,1.250000,0.000000,0.000000,0.000000,1.000000,0.000000,0.000000,0.000000,0.740000,756.697021,0.000000,0.000000,0.740000,276.396790,1.800000,0.200000,
93.474562,1,1.250000,0.000000,0.000000,0.000000,1.000000,0.000000,0.000000,0.000000,0.740000,757.026978,0.000000,0.000000,0.740000,276.428986,1.600000,0.200000,
93.515950,1,1.250000,0.000000,0.000000,0.000000,1.000000,0.000000,0.000000,0.000000,0.720000,756.494995,0.000000,0.000000,0.720000,276.450623,1.500000,0.200000,
93.553894,1,1.250000,0.000000,0.000000,0.000000,1.000000,0.000000,0.000000,0.000000,0.730000,756.538025,0.000000,0.000000,0.730000,276.486969,1.400000,0.200000,
93.593365,1,1.250000,0.000000,0.000000,0.000000,1.000000,0.000000,0.000000,0.000000,0.870000,756.578979,0.000000,0.000000,0.870000,276.513824,1.500000,0.100000,
93.635666,1,1.250000,0.000000,0.000000,0.000000,1.000000,0.000000,0.000000,0.000000,0.870000,756.609009,0.000000,0.000000,0.870000,276.523560,1.500000,0.100000,
93.676413,1,1.250000,0.000000,0.000000,0.000000,1.000000,0.000000,0.000000,0.000000,0.920000,756.658997,0.000000,0.000000,0.920000,276.528625,1.600000,0.100000,
93.715632,1,1.250000,0.000000,0.000000,0.000000,1.000000,0.000000,0.000000,0.000000,0.920000,756.690002,0.000000,0.000000,0.920000,276.551208,1.700000,0.100000,
93.755502,1,1.250000,0.000000,0.000000,0.000000,1.000000,0.000000,0.000000,0.000000,0.920000,756.737000,0.000000,0.000000,0.920000,276.559235,1.700000,0.100000,
93.790456,1,1.250000,0.000000,0.000000,0.000000,1.000000,0.000000,0.000000,0.000000,0.970000,756.770020,0.000000,0.000000,0.970000,276.568115,1.700000,0.100000,
93.831723,1,1.250000,0.000000,0.000000,0.000000,1.000000,0.000000,0.000000,0.000000,0.970000,756.809021,0.000000,0.000000,0.970000,276.596558,1.700000,0.100000,
93.875907,1,1.250000,0.000000,0.000000,0.000000,1.000000,0.000000,0.000000,0.000000,1.020000,756.853027,0.000000,0.000000,1.020000,276.602509,1.700000,0.000000,
93.909939,1,1.250000,0.000000,0.000000,0.000000,1.000000,0.000000,0.000000,0.000000,1.020000,756.893005,0.000000,0.000000,1.020000,276.604187,1.700000,0.000000,
93.956322,1,1.250000,0.000000,0.000000,0.000000,1.000000,0.000000,0.000000,0.000000,1.020000,756.934021,0.000000,0.000000,1.020000,276.609497,1.500000,0.100000,
93.994574,1,1.250000,0.000000,0.000000,0.000000,1.000000,0.000000,0.000000,0.000000,1.080000,756.973999,0.000000,0.000000,1.080000,276.607605,1.500000,0.100000,
94.035195,1,1.250000,0.000000,0.000000,0.000000,1.000000,0.000000,0.000000,0.000000,1.080000,757.015991,0.000000,0.000000,1.080000,276.610199,1.500000,0.000000,
94.076338,1,1.250000,0.000000,0.000000,0.000000,1.000000,0.000000,0.000000,0.000000,1.120000,757.054016,0.000000,0.000000,1.120000,276.631866,1.500000,0.000000,
94.111401,1,1.250000,0.000000,0.000000,0.000000,1.000000,0.000000,0.000000,0.000000,1.120000,757.096008,0.000000,0.000000,1.120000,276.624725,1.400000,0.100000,
94.155928,1,1.250000,0.000000,0.000000,0.000000,1.000000,0.000000,0.000000,0.000000,1.120000,757.140015,0.000000,0.000000,1.120000,276.610168,1.400000,0.100000,
94.194117,1,1.250000,0.000000,0.000000,0.000000,1.000000,0.000000,0.000000,0.000000,1.170000,757.174988,0.000000,0.000000,1.170000,276.627686,1.400000,0.100000,
94.242048,2,1.500000,0.000000,0.000000,0.000000,1.000000,0.000000,1.000000,1.000000,1.170000,757.213013,0.000000,0.000000,1.170000,276.635223,1.400000,0.100000,
94.282801,2,1.500000,0.000000,0.000000,0.000000,1.000000,0.000000,1.000000,1.000000,1.220000,757.257019,0.000000,0.000000,1.220000,276.647247,1.400000,0.100000,
94.322531,2,1.500000,0.000000,0.000000,0.000000,1.000000,0.000000,1.000000,1.000000,1.220000,757.294983,0.000000,0.000000,1.220000,276.651306,1.400000,0.100000,
94.356540,2,1.500000,0.000000,0.000000,0.000000,1.000000,0.000000,1.000000,1.000000,1.220000,757.330994,0.000000,0.000000,1.220000,276.637024,1.400000,0.100000,
94.397201,2,1.500000,0.000000,0.000000,0.000000,1.000000,0.000000,1.000000,1.000000,1.280000,757.372009,0.000000,0.000000,1.280000,276.655212,1.300000,0.200000,
94.438643,2,1.500000,0.000000,0.000000,0.000000,1.000000,0.000000,1.000000,1.000000,1.280000,757.637024,0.000000,0.000000,1.280000,276.668274,1.300000,0.100000,
94.479107,2,1.500000,0.000000,0.000000,0.000000,1.000000,0.000000,1.000000,1.000000,1.320000,758.067017,0.000000,0.000000,1.320000,276.664551,1.300000,0.100000,
94.513345,2,1.500000,0.000000,0.000000,0.000000,1.000000,0.000000,1.000000,1.000000,1.320000,757.494019,0.000000,0.000000,1.320000,276.672363,1.300000,0.100000,
94.556732,2,1.500000,0.000000,0.000000,0.000000,1.000000,0.000000,1.000000,1.000000,1.320000,757.536011,0.000000,0.000000,1.320000,276.653809,1.300000,0.100000,
94.596335,2,1.500000,0.000000,0.000000,0.000000,1.000000,0.000000,1.000000,1.000000,1.370000,757.575989,0.000000,0.000000,1.370000,276.653778,1.200000,0.200000,
94.635829,2,1.500000,0.000000,0.000000,0.000000,1.000000,0.000000,1.000000,1.000000,1.370000,757.619995,0.000000,0.000000,1.370000,276.646576,1.100000,0.300000,
94.678377,2,1.500000,0.000000,0.000000,0.000000,1.000000,0.000000,1.000000,1.000000,1.400000,757.658997,0.000000,0.000000,1.400000,276.644684,1.000000,0.300000,
94.716138,2,1.500000,0.000000,0.000000,0.000000,1.000000,0.000000,1.000000,1.000000,1.400000,757.692017,0.000000,0.000000,1.400000,276.638733,0.900000,0.400000,
94.756707,2,1.500000,0.000000,0.000000,0.000000,1.000000,0.000000,1.000000,1.000000,1.400000,757.734985,0.000000,0.000000,1.400000,276.635956,0.800000,0.400000,
94.798894,2,1.500000,0.000000,0.000000,0.000000,1.000000,0.000000,1.000000,1.000000,1.410000,757.775024,0.000000,0.000000,1.410000,276.645599,0.800000,0.300000,
94.836008,2,1.500000,0.000000,0.000000,0.000000,1.000000,0.000000,1.000000,1.000000,1.410000,757.818970,0.000000,0.000000,1.410000,276.629944,0.700000,0.400000,
94.875370,2,1.500000,0.000000,0.000000,0.000000,1.000000,0.000000,1.000000,1.000000,1.430000,757.851990,0.000000,0.000000,1.430000,276.626221,0.800000,0.400000,
94.915246,2,1.500000,0.000000,0.000000,0.000000,1.000000,0.000000,1.000000,1.000000,1.430000,757.892029,0.000000,0.000000,1.430000,276.640472,0.900000,0.300000,
94.957466,2,1.500000,0.000000,0.000000,0.000000,1.000000,0.000000,1.000000,1.000000,1.430000,757.935974,0.000000,0.000000,1.430000,276.643951,1.100000,0.200000,
94.995707,2,1.500000,0.000000,0.000000,0.000000,1.000000,0.000000,1.000000,1.000000,1.470000,757.976990,0.000000,0.000000,1.470000,276.657562,1.200000,0.200000,
95.033675,2,1.500000,0.000000,0.000000,0.000000,1.000000,0.000000,1.000000,1.000000,1.470000,758.018982,0.000000,0.000000,1.470000,276.669830,1.300000,0.100000,
95.075780,2,1.500000,0.000000,0.000000,0.000000,1.000000,0.000000,1.000000,1.000000,1.480000,758.051025,0.000000,0.000000,1.480000,276.664032,1.300000,0.100000,
95.115333,2,1.500000,0.000000,0.000000,0.000000,1.000000,0.000000,1.000000,1.000000,1.480000,758.090027,0.000000,0.000000,1.480000,276.678741,1.300000,0.100000,
95.158042,2,1.500000,0.000000,0.000000,0.000000,1.000000,0.000000,1.000000,1.000000,1.480000,758.135986,0.000000,0.000000,1.480000,276.683350,1.300000,0.100000,
95.193660,2,1.500000,0.000000,0.000000,0.000000,1.000000,0.000000,1.000000,1.000000,1.520000,758.179016,0.000000,0.000000,1.520000,276.690826,1.300000,0.200000,
95.235698,2,1.500000,0.000000,0.000000,0.000000,1.000000,0.000000,1.000000,1.000000,1.520000,758.221008,0.000000,0.000000,1.520000,213.079773,2.400000,-0.200000,
95.276025,2,1.500000,0.000000,0.000000,0.000000,1.000000,0.000000,1.000000,1.000000,1.570000,758.262024,0.000000,0.000000,1.570000,213.182098,2.100000,0.000000,
95.315457,2,1.500000,0.000000,0.000000,0.000000,1.000000,0.000000,1.000000,1.000000,1.570000,758.291016,0.000000,0.000000,1.570000,213.351807,1.500000,0.500000,
95.356517,2,1.500000,0.000000,0.000000,0.000000,1.000000,0.000000,1.000000,1.000000,1.570000,758.333984,0.000000,0.000000,1.570000,213.518021,1.100000,0.600000,
95.394169,2,1.500000,0.000000,0.000000,0.000000,1.000000,0.000000,1.000000,1.000000,1.610000,758.375000,0.000000,0.000000,1.610000,213.710144,0.900000,0.500000,
95.433258,2,1.500000,0.000000,0.000000,0.000000,1.000000,0.000000,1.000000,1.000000,1.610000,758.677002,0.000000,0.000000,1.610000,213.891266,0.800000,0.500000,
95.475189,2,1.500000,0.000000,0.000000,0.000000,1.000000,0.000000,1.000000,1.000000,1.640000,759.086975,0.000000,0.000000,1.640000,214.095093,0.600000,0.500000,
95.515212,2,1.500000,0.000000,0.000000,0.000000,1.000000,0.000000,1.000000,1.000000,1.640000,758.492004,0.000000,0.000000,1.640000,214.280899,0.500000,0.500000,
95.557707,2,1.500000,0.000000,0.000000,0.000000,1.000000,0.000000,1.000000,1.000000,1.640000,758.533020,0.000000,0.000000,1.640000,214.469025,0.400000,0.500000,
95.595182,2,1.500000,0.000000,0.000000,0.000000,1.000000,0.000000,1.000000,1.000000,1.660000,758.572021,0.000000,0.000000,1.660000,214.587112,0.400000,0.500000,
95.635743,2,1.500000,0.000000,0.000000,0.000000,1.000000,0.000000,1.000000,1.000000,1.660000,758.616028,0.000000,0.000000,1.660000,214.694839,0.300000,0.500000,
95.676667,2,1.500000,0.000000,0.000000,0.000000,1.000000,0.000000,1.000000,1.000000,1.680000,758.655029,0.000000,0.000000,1.680000,214.780106,0.400000,0.400000,
95.713491,2,1.500000,0.000000,0.000000,0.000000,1.000000,0.000000,1.000000,1.000000,1.680000,758.700012,0.000000,0.000000,1.680000,214.784393,0.500000,0.300000,
95.759552,2,1.500000,0.000000,0.000000,0.000000,1.000000,0.000000,1.000000,1.000000,1.680000,758.737976,0.000000,0.000000,1.680000,214.821320,0.700000,0.300000,
95.796981,2,1.500000,0.000000,0.000000,0.000000,1.000000,0.000000,1.000000,1.000000,1.690000,758.778992,0.000000,0.000000,1.690000,214.811859,0.700000,0.300000,
95.834074,2,1.500000,0.000000,0.000000,0.000000,1.000000,0.000000,1.000000,1.000000,1.690000,758.815979,0.000000,0.000000,1.690000,214.810455,0.700000,0.200000,
95.877597,2,1.500000,0.000000,0.000000,0.000000,1.000000,0.000000,1.000000,1.000000,1.710000,758.856018,0.000000,0.000000,1.710000,214.808578,0.700000,0.200000,
95.916163,2,1.500000,0.000000,0.000000,0.000000,1.000000,0.000000,1.000000,1.000000,1.710000,758.892029,0.000000,0.000000,1.710000,214.772629,0.700000,0.200000,
95.956497,2,1.500000,0.000000,0.000000,0.000000,1.000000,0.000000,1.000000,1.000000,1.710000,758.934021,0.000000,0.000000,1.710000,214.713928,0.800000,0.200000,
95.991575,2,1.500000,0.000000,0.000000,0.000000,1.000000,0.000000,1.000000,1.000000,1.730000,758.973999,0.000000,0.000000,1.730000,214.642044,0.900000,0.100000,
96.037000,2,1.500000,0.000000,0.000000,0.000000,1.000000,0.000000,1.000000,1.000000,1.730000,759.013977,0.000000,0.000000,1.730000,214.564362,1.000000,0.100000,
96.076768,2,1.500000,0.000000,0.000000,0.000000,1.000000,0.000000,1.000000,1.000000,1.750000,759.054993,0.000000,0.000000,1.750000,214.499054,1.000000,0.100000,
96.131123,2,1.500000,0.000000,0.000000,0.000000,1.000000,0.000000,1.000000,1.000000,1.750000,759.098999,0.000000,0.000000,1.750000,214.429688,1.000000,0.100000,
96.156355,2,1.500000,0.000000,0.000000,0.000000,1.000000,0.000000,1.000000,1.000000,1.750000,759.135010,0.000000,0.000000,1.750000,214.362549,1.100000,0.100000,
96.194378,2,1.500000,0.000000,0.000000,0.000000,1.000000,0.000000,1.000000,1.000000,1.770000,759.179016,0.000000,0.000000,1.770000,214.279419,1.100000,0.100000,
96.238246,2,1.500000,0.000000,0.000000,0.000000,1.000000,0.000000,1.000000,1.000000,1.770000,759.211975,0.000000,0.000000,1.770000,214.229279,1.000000,0.100000,
96.276138,2,1.500000,0.000000,0.000000,0.000000,1.000000,0.000000,1.000000,1.000000,1.790000,759.255981,0.000000,0.000000,1.790000,214.166534,1.000000,0.100000,
96.317470,2,1.500000,0.000000,0.000000,0.000000,1.000000,0.000000,1.000000,1.000000,1.790000,759.296021,0.000000,0.000000,1.790000,214.115738,1.000000,0.100000,
96.354308,2,1.500000,0.000000,0.000000,0.000000,1.000000,0.000000,1.000000,1.000000,1.790000,759.328979,0.000000,0.000000,1.790000,214.063278,1.000000,0.100000,
96.393944,2,1.500000,0.000000,0.000000,0.000000,1.000000,0.000000,1.000000,1.000000,1.810000,759.372986,0.000000,0.000000,1.810000,214.013809,1.100000,0.100000,
96.435676,2,1.500000,0.000000,0.000000,0.000000,1.000000,0.000000,1.000000,1.000000,1.810000,759.666992,0.000000,0.000000,1.810000,213.959518,1.000000,0.200000,
96.473656,2,1.500000,0.000000,0.000000,0.000000,1.000000,0.000000,1.000000,1.000000,1.820000,760.067017,0.000000,0.000000,1.820000,213.955124,1.000000,0.100000,
96.515969,2,1.500000,0.000000,0.000000,0.000000,1.000000,0.000000,1.000000,1.000000,1.820000,759.494995,0.000000,0.000000,1.820000,213.885895,1.000000,0.200000,
96.555417,2,1.500000,0.000000,0.000000,0.000000,1.000000,0.000000,1.000000,1.000000,1.820000,759.536987,0.000000,0.000000,1.820000,213.885345,1.000000,0.200000,
96.593198,2,1.500000,0.000000,0.000000,0.000000,1.000000,0.000000,1.000000,1.000000,1.830000,759.575989,0.000000,0.000000,1.830000,213.841354,0.900000,0.200000,
96.638664,2,1.500000,0.000000,0.000000,0.000000,1.000000,0.000000,1.000000,1.000000,1.830000,759.617004,0.000000,0.000000,1.830000,213.852234,0.900000,0.200000,
96.676804,2,1.500000,0.000000,0.000000,0.000000,1.000000,0.000000,1.000000,1.000000,1.850000,759.661011,0.000000,0.000000,1.850000,213.836655,0.800000,0.200000,
96.715641,2,1.500000,0.000000,0.000000,0.000000,1.000000,0.000000,1.000000,1.000000,1.850000,759.690002,0.000000,0.000000,1.850000,213.816879,0.800000,0.200000,
96.758197,2,1.500000,0.000000,0.000000,0.000000,1.000000,0.000000,1.000000,1.000000,1.850000,759.732971,0.000000,0.000000,1.850000,213.860107,0.100000,1.100000,
96.791799,2,1.500000,0.000000,0.000000,0.000000,1.000000,0.000000,1.000000,1.000000,1.850000,759.775024,0.000000,0.000000,1.850000,213.965942,-3.400000,4.700000,
96.841475,2,1.500000,0.000000,0.000000,0.000000,1.000000,0.000000,1.000000,1.000000,1.820000,759.815979,0.000000,0.000000,1.820000,213.603592,-8.400000,8.300000,
96.877106,2,1.500000,0.000000,0.000000,0.000000,1.000000,0.000000,1.000000,1.000000,1.800000,759.857971,0.000000,0.000000,1.800000,213.246429,-11.600000,9.900000,
96.920110,2,1.500000,0.000000,0.000000,0.000000,1.000000,0.000000,1.000000,1.000000,1.790000,759.903992,0.000000,0.000000,1.790000,213.103119,-13.100000,10.500000,
96.957055,2,1.500000,0.000000,0.000000,0.000000,1.000000,0.000000,1.000000,1.000000,1.780000,759.932983,0.000000,0.000000,1.780000,213.041214,-13.800000,10.700000,
96.994554,2,1.500000,0.000000,0.000000,0.000000,1.000000,0.000000,1.000000,1.000000,1.830000,759.973999,0.000000,0.000000,1.830000,213.045853,-14.400000,10.400000,
97.037980,2,1.500000,0.000000,0.000000,0.000000,1.000000,0.000000,1.000000,1.000000,1.830000,760.018982,0.000000,0.000000,1.830000,213.069260,-14.600000,9.700000,
97.075003,2,1.500000,0.000000,0.000000,0.000000,1.000000,0.000000,1.000000,1.000000,1.790000,760.052002,0.000000,0.000000,1.790000,213.129761,-14.700000,9.000000,
97.115787,2,1.500000,0.000000,0.000000,0.000000,1.000000,0.000000,1.000000,1.000000,1.790000,760.091980,0.000000,0.000000,1.790000,213.215668,-14.500000,8.200000,
97.155601,2,1.500000,0.000000,0.000000,0.000000,1.000000,0.000000,1.000000,1.000000,1.800000,760.140015,0.000000,0.000000,1.800000,213.347855,-13.800000,7.200000,
97.194292,2,1.500000,0.000000,0.000000,0.000000,1.000000,0.000000,1.000000,1.000000,1.770000,760.172974,0.000000,0.000000,1.770000,213.499725,-12.600000,5.800000,
97.236311,2,1.500000,0.000000,0.000000,0.000000,1.000000,0.000000,1.000000,1.000000,1.780000,760.216980,0.000000,0.000000,1.780000,213.614426,-10.800000,4.000000,
97.275791,2,1.500000,0.000000,0.000000,0.000000,1.000000,0.000000,1.000000,1.000000,1.690000,760.257996,0.000000,0.000000,1.690000,213.730179,-8.900000,2.500000,
97.311852,2,1.500000,0.000000,0.000000,0.000000,1.000000,0.000000,1.000000,1.000000,1.700000,760.299011,0.000000,0.000000,1.700000,213.781677,-6.500000,1.200000,
97.357405,2,1.500000,0.000000,0.000000,0.000000,1.000000,0.000000,1.000000,1.000000,1.700000,760.338989,0.000000,0.000000,1.700000,213.808884,-4.100000,0.400000,
97.394352,2,1.500000,0.000000,0.000000,0.000000,1.000000,0.000000,1.000000,1.000000,1.620000,760.372986,0.000000,0.000000,1.620000,213.814194,-2.300000,-0.000000,
97.435682,2,1.500000,0.000000,0.000000,0.000000,1.000000,0.000000,1.000000,1.000000,1.620000,760.646973,0.000000,0.000000,1.620000,213.813019,-0.900000,-0.400000,
97.476518,2,1.500000,0.000000,0.000000,0.000000,1.000000,0.000000,1.000000,1.000000,1.590000,761.086975,0.000000,0.000000,1.590000,213.817169,0.300000,-0.500000,
97.515992,2,1.500000,0.000000,0.000000,0.000000,1.000000,0.000000,1.000000,1.000000,1.590000,760.491028,0.000000,0.000000,1.590000,213.797470,1.000000,-0.500000,
97.558005,2,1.500000,0.000000,0.000000,0.000000,1.000000,0.000000,1.000000,1.000000,1.590000,760.533997,0.000000,0.000000,1.590000,213.793457,1.400000,-0.600000,
97.597988,2,1.500000,0.000000,0.000000,0.000000,1.000000,0.000000,1.000000,1.000000,1.590000,760.573975,0.000000,0.000000,1.590000,213.774002,1.700000,-0.500000,
97.638500,2,1.500000,0.000000,0.000000,0.000000,1.000000,0.000000,1.000000,1.000000,1.590000,760.617004,0.000000,0.000000,1.590000,213.766403,1.800000,-0.400000,
97.675580,2,1.500000,0.000000,0.000000,0.000000,1.000000,0.000000,1.000000,1.000000,1.600000,760.656006,0.000000,0.000000,1.600000,213.744003,1.800000,-0.300000,
97.719129,2,1.500000,0.000000,0.000000,0.000000,1.000000,0.000000,1.000000,1.000000,1.600000,760.697998,0.000000,0.000000,1.600000,213.712509,1.700000,-0.200000,
97.757743,2,1.500000,0.000000,0.000000,0.000000,1.000000,0.000000,1.000000,1.000000,1.600000,760.739014,0.000000,0.000000,1.600000,213.679764,1.600000,0.100000,
97.799504,2,1.500000,0.000000,0.000000,0.000000,1.000000,0.000000,1.000000,1.000000,1.600000,760.771973,0.000000,0.000000,1.600000,213.654526,1.500000,0.700000,
97.839613,2,1.500000,0.000000,0.000000,0.000000,1.000000,0.000000,1.000000,1.000000,1.600000,760.817017,0.000000,0.000000,1.600000,213.611725,1.200000,1.600000,
97.876336,2,1.500000,0.000000,0.000000,0.000000,1.000000,0.000000,1.000000,1.000000,1.600000,760.853027,0.000000,0.000000,1.600000,213.601913,1.000000,2.500000,
97.915393,2,1.500000,0.000000,0.000000,0.000000,1.000000,0.000000,1.000000,1.000000,1.600000,760.893982,0.000000,0.000000,1.600000,213.553665,0.900000,3.400000,
97.956364,2,1.500000,0.000000,0.000000,0.000000,1.000000,0.000000,1.000000,1.000000,1.600000,760.937012,0.000000,0.000000,1.600000,213.550095,0.900000,3.900000,
97.992862,2,1.500000,0.000000,0.000000,0.000000,1.000000,0.000000,1.000000,1.000000,1.610000,760.971008,0.000000,0.000000,1.610000,213.518295,1.000000,4.400000,
98.039948,2,1.500000,0.000000,0.000000,0.000000,1.000000,0.000000,1.000000,1.000000,1.600000,761.015015,0.000000,0.000000,1.600000,213.498871,1.000000,4.700000,
98.083596,2,1.500000,0.000000,0.000000,0.000000,1.000000,0.000000,1.000000,1.000000,1.650000,761.057983,0.000000,0.000000,1.650000,213.501862,0.900000,5.000000,
98.113037,2,1.500000,0.000000,0.000000,0.000000,1.000000,0.000000,1.000000,1.000000,1.650000,761.091980,0.000000,0.000000,1.650000,213.479172,0.900000,5.100000,
98.152502,2,1.500000,0.000000,0.000000,0.000000,1.000000,0.000000,1.000000,1.000000,1.650000,761.133972,0.000000,0.000000,1.650000,213.478012,1.000000,5.200000,
98.192719,2,1.500000,0.000000,0.000000,0.000000,1.000000,0.000000,1.000000,1.000000,1.630000,761.172974,0.000000,0.000000,1.630000,213.478622,1.000000,5.000000,
98.239670,2,1.500000,0.000000,0.000000,0.000000,1.000000,0.000000,1.000000,1.000000,1.630000,761.211975,0.000000,0.000000,1.630000,213.459030,1.100000,4.700000,
98.274917,2,1.500000,0.000000,0.000000,0.000000,1.000000,0.000000,1.000000,1.000000,1.620000,761.255981,0.000000,0.000000,1.620000,213.472336,1.200000,4.200000,
98.315667,2,1.500000,0.000000,0.000000,0.000000,1.000000,0.000000,1.000000,1.000000,1.620000,761.297974,0.000000,0.000000,1.620000,213.457886,1.200000,3.600000,
98.355218,2,1.500000,0.000000,0.000000,0.000000,1.000000,0.000000,1.000000,1.000000,1.610000,761.338013,0.000000,0.000000,1.610000,213.469345,1.200000,2.600000,
98.391914,2,1.500000,0.000000,0.000000,0.000000,1.000000,0.000000,1.000000,1.000000,1.590000,761.370972,0.000000,0.000000,1.590000,213.462341,1.300000,1.700000,
98.435650,2,1.500000,0.000000,0.000000,0.000000,1.000000,0.000000,1.000000,1.000000,1.590000,761.656982,0.000000,0.000000,1.590000,213.430359,1.400000,1.100000,
98.474870,2,1.500000,0.000000,0.000000,0.000000,1.000000,0.000000,1.000000,1.000000,1.560000,762.096985,0.000000,0.000000,1.560000,213.444672,1.500000,0.500000,
98.510212,2,1.500000,0.000000,0.000000,0.000000,1.000000,0.000000,1.000000,1.000000,1.560000,761.491028,0.000000,0.000000,1.560000,213.411697,1.600000,0.200000,
98.554106,2,1.500000,0.000000,0.000000,0.000000,1.000000,0.000000,1.000000,1.000000,1.560000,761.534973,0.000000,0.000000,1.560000,213.432983,1.700000,-0.100000,
98.599072,2,1.500000,0.000000,0.100000,-0.100000,1.000000,0.000000,1.000000,1.000000,1.540000,761.578979,0.000000,0.000000,1.540000,213.407455,1.800000,-0.200000,
98.637095,2,1.500000,0.000000,0.100000,-0.100000,1.000000,0.000000,1.000000,1.000000,1.540000,761.612000,0.000000,0.000000,1.540000,213.381119,1.800000,-0.300000,
98.673840,2,1.500000,0.000000,0.100000,-0.100000,1.000000,0.000000,1.000000,1.000000,1.480000,761.653015,0.000000,0.000000,1.480000,213.383972,1.700000,-0.300000,
98.721686,2,1.500000,0.000000,0.100000,-0.100000,1.000000,0.000000,1.000000,1.000000,1.480000,761.690979,0.000000,0.000000,1.480000,213.365952,1.600000,-0.200000,
98.760355,2,1.500000,0.000000,0.100000,-0.100000,1.000000,0.000000,1.000000,1.000000,1.480000,761.736023,0.000000,0.000000,1.480000,213.367615,1.500000,-0.200000,
98.799817,2,1.500000,0.000000,0.100000,-0.100000,1.000000,0.000000,1.000000,1.000000,1.490000,761.776978,0.000000,0.000000,1.490000,213.366898,1.500000,-0.200000,
98.834838,2,1.500000,0.000000,0.100000,-0.100000,1.000000,0.000000,1.000000,1.000000,1.490000,761.812988,0.000000,0.000000,1.490000,213.338440,1.600000,-0.300000,
98.876285,2,1.500000,0.000000,0.100000,-0.100000,1.000000,0.000000,1.000000,1.000000,1.470000,761.856018,0.000000,0.000000,1.470000,213.351700,1.900000,-0.300000,
98.917879,2,1.500000,0.000000,0.100000,-0.100000,1.000000,0.000000,1.000000,1.000000,1.470000,761.895020,0.000000,0.000000,1.470000,213.338486,2.100000,-0.300000,
98.959116,2,1.500000,0.000000,0.100000,-0.100000,1.000000,0.000000,1.000000,1.000000,1.460000,761.939026,0.000000,0.000000,1.460000,213.333405,2.500000,-0.400000,
98.993123,2,1.500000,0.000000,0.100000,-0.082500,1.000000,0.000000,1.000000,1.000000,1.420000,761.973022,0.000000,0.000000,1.420000,213.307022,3.000000,-0.400000,
99.037624,2,1.500000,0.000000,0.100000,-0.082500,1.000000,0.000000,1.000000,1.000000,1.420000,762.013977,0.000000,0.000000,1.420000,213.295349,3.400000,-0.400000,
99.076896,2,1.500000,0.000000,0.100000,-0.082500,1.000000,0.000000,1.000000,1.000000,1.400000,762.054016,0.000000,0.000000,1.400000,213.280975,3.600000,-0.400000,
99.116270,2,1.500000,0.000000,0.100000,-0.082500,1.000000,0.000000,1.000000,1.000000,1.400000,762.090027,0.000000,0.000000,1.400000,213.285980,3.900000,-0.400000,
99.157692,2,1.500000,0.000000,0.100000,-0.082500,1.000000,0.000000,1.000000,1.000000,1.400000,762.135010,0.000000,0.000000,1.400000,213.279266,4.000000,-0.300000,
99.194121,2,1.500000,0.000000,0.100000,-0.082500,1.000000,0.000000,1.000000,1.000000,1.390000,762.171021,0.000000,0.000000,1.390000,213.267197,4.100000,-0.300000,
99.240138,2,1.500000,0.000000,0.080000,-0.015000,1.000000,0.000000,1.000000,1.000000,1.390000,762.221985,0.000000,0.000000,1.390000,213.261230,4.000000,-0.400000,
99.277916,2,1.500000,0.000000,0.080000,-0.015000,1.000000,0.000000,1.000000,1.000000,1.360000,762.255005,0.000000,0.000000,1.360000,213.255630,3.800000,-0.400000,
99.311845,2,1.500000,0.000000,0.080000,-0.015000,1.000000,0.000000,1.000000,1.000000,1.360000,762.301025,0.000000,0.000000,1.360000,213.253815,3.700000,-0.300000,
99.358480,2,1.500000,0.000000,0.045000,0.017500,1.000000,0.000000,1.000000,1.000000,1.360000,762.331970,0.000000,0.000000,1.360000,213.261673,3.500000,-0.400000,
99.393775,2,1.500000,0.000000,0.045000,0.017500,1.000000,0.000000,1.000000,1.000000,1.320000,762.377014,0.000000,0.000000,1.320000,213.248566,3.300000,-0.500000,
99.437999,2,1.500000,0.000000,0.045000,0.017500,1.000000,0.000000,1.000000,1.000000,1.320000,762.716980,0.000000,0.000000,1.320000,213.252701,2.800000,-0.700000,
99.474006,2,1.500000,0.000000,0.045000,0.017500,1.000000,0.000000,1.000000,1.000000,1.290000,763.036987,0.000000,0.000000,1.290000,213.248093,2.300000,-1.000000,
99.515984,2,1.500000,0.000000,0.045000,0.017500,1.000000,0.000000,1.000000,1.000000,1.290000,762.492004,0.000000,0.000000,1.290000,213.261826,1.900000,-1.400000,
99.554349,2,1.500000,0.000000,-0.010000,0.082500,1.000000,0.000000,1.000000,1.000000,1.290000,762.536011,0.000000,0.000000,1.290000,213.272903,1.500000,-1.700000,
99.595681,2,1.500000,0.000000,-0.010000,0.082500,1.000000,0.000000,1.000000,1.000000,1.220000,762.575012,0.000000,0.000000,1.220000,213.272552,1.300000,-2.200000,
99.640790,2,1.500000,0.000000,-0.015000,0.100000,1.000000,0.000000,1.000000,1.000000,1.220000,762.619019,0.000000,0.000000,1.220000,213.295975,1.100000,-2.700000,
99.675636,2,1.500000,0.000000,-0.015000,0.100000,1.000000,0.000000,1.000000,1.000000,1.140000,762.651978,0.000000,0.000000,1.140000,213.278839,1.100000,-3.000000,
99.717641,2,1.500000,0.000000,-0.015000,0.100000,1.000000,0.000000,1.000000,1.000000,1.140000,762.693970,0.000000,0.000000,1.140000,213.291733,1.200000,-3.300000,
99.756109,2,1.500000,0.000000,-0.015000,0.100000,1.000000,0.000000,1.000000,1.000000,1.140000,762.739014,0.000000,0.000000,1.140000,213.287033,1.300000,-3.500000,
99.794220,2,1.500000,0.000000,-0.015000,0.100000,1.000000,0.000000,1.000000,1.000000,1.120000,762.771973,0.000000,0.000000,1.120000,213.280518,1.600000,-3.700000,
99.836088,2,1.500000,0.000000,-0.015000,0.100000,1.000000,0.000000,1.000000,1.000000,1.120000,762.820984,0.000000,0.000000,1.120000,213.264664,2.000000,-3.900000,
99.875949,2,1.500000,0.000000,-0.015000,0.100000,1.000000,0.000000,1.000000,1.000000,1.070000,762.853027,0.000000,0.000000,1.070000,213.247314,2.200000,-3.900000,
99.917647,2,1.500000,0.000000,-0.015000,0.100000,1.000000,0.000000,1.000000,1.000000,1.070000,762.895020,0.000000,0.000000,1.070000,213.235443,2.200000,-4.000000,
99.956329,2,1.500000,0.000000,-0.015000,0.100000,1.000000,0.000000,1.000000,1.000000,1.060000,762.940002,0.000000,0.000000,1.060000,213.241257,2.200000,-4.100000,
99.991797,2,1.500000,0.000000,-0.015000,0.100000,1.000000,0.000000,1.000000,1.000000,1.010000,762.971008,0.000000,0.000000,1.010000,213.219391,2.200000,-4.100000,
100.035264,2,1.500000,0.000000,-0.015000,0.100000,1.000000,0.000000,1.000000,1.000000,1.010000,763.010010,0.000000,0.000000,1.010000,213.228745,2.200000,-4.000000,
100.075136,2,1.500000,0.000000,-0.015000,0.100000,1.000000,0.000000,1.000000,1.000000,0.950000,763.052979,0.000000,0.000000,0.950000,213.211304,2.100000,-3.700000,
100.114393,2,1.500000,0.000000,-0.015000,0.100000,1.000000,0.000000,1.000000,1.000000,0.950000,763.091980,0.000000,0.000000,0.950000,213.229050,1.900000,-3.400000,
100.155983,2,1.500000,0.000000,-0.015000,0.100000,1.000000,0.000000,1.000000,1.000000,0.950000,763.135010,0.000000,0.000000,0.950000,213.232285,1.800000,-3.100000,
100.195565,2,1.500000,0.000000,-0.015000,0.100000,1.000000,0.000000,1.000000,1.000000,0.880000,763.174011,0.000000,0.000000,0.880000,213.249710,1.600000,-2.700000,
100.234927,2,1.500000,0.000000,-0.015000,0.100000,1.000000,0.000000,1.000000,1.000000,0.880000,763.218994,0.000000,0.000000,0.880000,213.262680,1.300000,-2.200000,
100.274882,2,1.500000,0.000000,-0.015000,0.100000,1.000000,0.000000,1.000000,1.000000,0.810000,763.250977,0.000000,0.000000,0.810000,213.275375,1.100000,-1.500000,
100.316514,2,1.500000,0.000000,-0.015000,0.100000,1.000000,0.000000,1.000000,1.000000,0.810000,763.291992,0.000000,0.000000,0.810000,213.294388,0.800000,-0.900000,
100.354666,2,1.500000,0.000000,-0.015000,0.100000,1.000000,0.000000,1.000000,1.000000,0.810000,763.333008,0.000000,0.000000,0.810000,213.324478,0.600000,-0.500000,
100.393007,2,1.500000,0.000000,-0.015000,0.100000,1.000000,0.000000,1.000000,1.000000,0.750000,763.379028,0.000000,0.000000,0.750000,213.320938,0.600000,-0.200000,
100.433730,2,1.500000,0.000000,-0.015000,0.100000,1.000000,0.000000,1.000000,1.000000,0.750000,763.637024,0.000000,0.000000,0.750000,213.331192,0.600000,-0.000000,
100.477212,2,1.500000,0.000000,-0.015000,0.100000,1.000000,0.000000,1.000000,1.000000,0.730000,764.086975,0.000000,0.000000,0.730000,213.340317,0.700000,0.100000,
100.514927,2,1.500000,0.000000,-0.015000,0.100000,1.000000,0.000000,1.000000,1.000000,0.730000,763.492004,0.000000,0.000000,0.730000,213.355133,0.700000,0.200000,
100.555873,2,1.500000,0.000000,-0.015000,0.100000,1.000000,0.000000,1.000000,1.000000,0.730000,763.536987,0.000000,0.000000,0.730000,213.370331,0.700000,0.300000,
100.595057,2,1.500000,0.000000,-0.015000,0.100000,1.000000,0.000000,1.000000,1.000000,0.700000,763.578003,0.000000,0.000000,0.700000,213.393982,0.800000,0.300000,
100.637248,2,1.500000,0.000000,-0.015000,0.100000,1.000000,0.000000,1.000000,1.000000,0.700000,763.607971,0.000000,0.000000,0.700000,213.400772,0.700000,0.500000,
100.674842,2,1.500000,0.000000,-0.015000,0.100000,1.000000,0.000000,1.000000,1.000000,0.560000,763.655029,0.000000,0.000000,0.560000,213.440262,0.500000,0.500000,
100.717113,2,1.500000,0.000000,-0.015000,0.100000,1.000000,0.000000,1.000000,1.000000,0.560000,763.692017,0.000000,0.000000,0.560000,213.443481,0.500000,0.500000,
100.754625,2,1.500000,0.000000,-0.015000,0.100000,1.000000,0.000000,1.000000,1.000000,0.560000,763.736023,0.000000,0.000000,0.560000,213.509079,0.700000,0.600000,
100.793187,2,1.500000,0.000000,-0.015000,0.100000,1.000000,0.000000,1.000000,1.000000,0.580000,763.776978,0.000000,0.000000,0.580000,213.512375,0.900000,0.600000,
100.836135,2,1.500000,0.000000,-0.015000,0.100000,1.000000,0.000000,1.000000,1.000000,0.580000,763.817993,0.000000,0.000000,0.580000,213.565887,1.300000,0.600000,
100.874885,2,1.500000,0.000000,-0.015000,0.100000,1.000000,0.000000,1.000000,1.000000,0.430000,763.859009,0.000000,0.000000,0.430000,213.594650,1.800000,0.500000,
100.916116,2,1.500000,0.000000,-0.015000,0.100000,1.000000,0.000000,1.000000,1.000000,0.430000,763.892029,0.000000,0.000000,0.430000,213.627991,2.600000,0.400000,
100.953738,2,1.500000,0.000000,-0.015000,0.100000,1.000000,0.000000,1.000000,1.000000,0.430000,763.935974,0.000000,0.000000,0.430000,213.657639,4.000000,0.300000,
