25.720302,1,1.000000,0.000000,0.000000,0.000000,1.000000,0.000000,0.000000,0.000000,0.200000,2099.250977,0.000000,0.000000,0.200000,200.864700,-0.600000,-0.200000,
25.743720,1,1.000000,0.000000,0.000000,0.000000,1.000000,0.000000,0.000000,0.000000,0.200000,2099.272949,0.000000,0.000000,0.200000,200.860001,-0.600000,-0.200000,
25.780237,1,1.000000,0.000000,0.000000,0.000000,1.000000,0.000000,0.000000,0.000000,0.200000,2099.319092,0.000000,0.000000,0.200000,200.847855,-0.600000,-0.200000,
25.821435,1,1.000000,0.000000,0.000000,0.000000,1.000000,0.000000,0.000000,0.000000,0.200000,2099.355957,0.000000,0.000000,0.200000,200.834229,-0.600000,-0.200000,
25.865220,1,1.000000,0.000000,0.000000,0.000000,1.000000,0.000000,0.000000,0.000000,0.200000,2099.398926,0.000000,0.000000,0.200000,200.834229,-0.600000,-0.200000,
25.902381,1,1.000000,0.000000,0.000000,0.000000,1.000000,0.000000,0.000000,0.000000,0.200000,2099.433105,0.000000,0.000000,0.200000,200.817764,-0.600000,-0.200000,
25.942902,1,1.000000,0.000000,0.000000,0.000000,1.000000,0.000000,0.000000,0.000000,0.200000,2099.477051,0.000000,0.000000,0.200000,200.799988,-0.600000,-0.200000,
25.986125,1,1.000000,0.000000,0.000000,0.000000,1.000000,0.000000,0.000000,0.000000,0.200000,2099.512939,0.000000,0.000000,0.200000,200.797440,-0.600000,-0.200000,
26.020178,1,1.000000,0.000000,0.000000,0.000000,1.000000,0.000000,0.000000,0.000000,0.200000,2099.558105,0.000000,0.000000,0.200000,200.785767,-0.600000,-0.200000,
26.059978,1,1.000000,0.000000,0.000000,0.000000,1.000000,0.000000,0.000000,0.000000,0.200000,2099.729004,0.000000,0.000000,0.200000,200.776199,-0.600000,-0.200000,
26.102501,1,1.000000,0.000000,0.000000,0.000000,1.000000,0.000000,0.000000,0.000000,0.200000,2100.168945,0.000000,0.000000,0.200000,200.648148,-0.500000,-0.300000,
26.141430,1,1.000000,0.000000,0.000000,0.000000,1.000000,0.000000,0.000000,0.000000,0.200000,2099.678955,0.000000,0.000000,0.200000,200.636963,-0.400000,-0.300000,
26.183449,1,1.000000,0.000000,0.000000,0.000000,1.000000,0.000000,0.000000,0.000000,0.200000,2099.716064,0.000000,0.000000,0.200000,200.660446,-0.300000,-0.400000,
26.220446,1,1.000000,0.000000,0.000000,0.000000,1.000000,0.000000,0.000000,0.000000,0.200000,2099.758057,0.000000,0.000000,0.200000,200.612000,-0.100000,-0.700000,
26.264019,1,1.000000,0.000000,0.000000,0.000000,1.000000,0.000000,0.000000,0.000000,0.200000,2099.798096,0.000000,0.000000,0.200000,200.548813,-0.000000,-0.900000,
26.303130,1,1.000000,0.000000,0.000000,0.000000,1.000000,0.000000,0.000000,0.000000,0.200000,2099.840088,0.000000,0.000000,0.200000,200.496216,0.100000,-0.800000,
26.375515,1,1.000000,0.000000,0.000000,0.000000,1.000000,0.000000,0.000000,0.000000,0.200000,2099.906006,0.000000,0.000000,0.200000,200.387909,-0.000000,-0.900000,
26.391441,1,1.000000,0.000000,0.000000,0.000000,1.000000,0.000000,0.000000,0.000000,0.200000,2099.927002,0.000000,0.000000,0.200000,200.365128,-0.100000,-0.700000,
26.434081,1,1.000000,0.000000,0.000000,0.000000,1.000000,0.000000,0.000000,0.000000,0.200000,2099.965088,0.000000,0.000000,0.200000,200.285645,-0.200000,-0.300000,
26.473182,1,1.000000,0.000000,0.000000,0.000000,1.000000,0.000000,0.000000,0.000000,0.230000,2100.002930,0.000000,0.000000,0.230000,200.235535,0.200000,0.000000,
26.516610,1,1.000000,0.000000,0.000000,0.000000,1.000000,0.000000,0.000000,0.000000,0.230000,2100.048096,0.000000,0.000000,0.230000,200.206390,0.800000,0.200000,
26.552194,1,1.000000,0.000000,0.000000,0.000000,1.000000,0.000000,0.000000,0.000000,0.230000,2100.092041,0.000000,0.000000,0.230000,200.189651,1.200000,0.300000,
26.614908,1,1.000000,0.000000,0.000000,0.000000,1.000000,0.000000,0.000000,0.000000,0.280000,2100.147949,0.000000,0.000000,0.280000,200.170029,1.300000,0.200000,
26.635331,1,1.000000,0.000000,0.000000,0.000000,1.000000,0.000000,0.000000,0.000000,0.280000,2100.168945,0.000000,0.000000,0.280000,200.178864,1.400000,0.100000,
26.675389,1,1.000000,0.000000,0.000000,0.000000,1.000000,0.000000,0.000000,0.000000,0.310000,2100.204102,0.000000,0.000000,0.310000,200.196121,1.600000,-0.200000,
26.713367,1,1.000000,0.000000,0.000000,0.000000,1.000000,0.000000,0.000000,0.000000,0.310000,2100.243896,0.000000,0.000000,0.310000,200.225601,1.800000,-0.200000,
26.754961,1,1.000000,0.000000,0.000000,0.000000,1.000000,0.000000,0.000000,0.000000,0.310000,2100.285889,0.000000,0.000000,0.310000,200.252228,1.800000,-0.200000,
26.794026,1,1.000000,0.000000,0.000000,0.000000,1.000000,0.000000,0.000000,0.000000,0.310000,2100.324951,0.000000,0.000000,0.310000,200.282410,1.800000,-0.200000,
26.833770,1,1.000000,0.000000,0.000000,0.000000,1.000000,0.000000,0.000000,0.000000,0.310000,2100.365967,0.000000,0.000000,0.310000,200.308090,1.900000,-0.200000,
26.874064,1,1.000000,0.000000,0.000000,0.000000,1.000000,0.000000,0.000000,0.000000,0.340000,2100.406982,0.000000,0.000000,0.340000,200.301880,2.100000,-0.200000,
26.913703,1,1.000000,0.000000,0.000000,0.000000,1.000000,0.000000,0.000000,0.000000,0.340000,2100.452881,0.000000,0.000000,0.340000,200.288330,2.400000,-0.400000,
26.953958,1,1.000000,0.000000,0.000000,0.000000,1.000000,0.000000,0.000000,0.000000,0.340000,2100.486084,0.000000,0.000000,0.340000,200.301010,2.400000,-0.500000,
26.991487,1,1.000000,0.000000,0.000000,0.000000,1.000000,0.000000,0.000000,0.000000,0.370000,2100.523926,0.000000,0.000000,0.370000,200.316376,2.300000,-0.500000,
27.033005,1,1.000000,0.000000,0.000000,0.000000,1.000000,0.000000,0.000000,0.000000,0.370000,2100.562988,0.000000,0.000000,0.370000,200.316376,2.300000,-0.500000,
27.070093,1,1.000000,0.000000,0.000000,0.000000,1.000000,0.000000,0.000000,0.000000,0.370000,2100.878906,0.000000,0.000000,0.370000,200.371796,2.000000,-0.200000,
27.123073,1,1.000000,0.000000,0.000000,0.000000,1.000000,0.000000,0.000000,0.000000,0.370000,2101.299072,0.000000,0.000000,0.370000,200.417114,2.100000,-0.100000,
27.160501,1,1.000000,0.000000,0.000000,0.000000,1.000000,0.000000,0.000000,0.000000,0.370000,2100.690918,0.000000,0.000000,0.370000,200.455063,2.100000,-0.200000,
27.193213,1,1.000000,0.000000,0.000000,0.000000,1.000000,0.000000,0.000000,0.000000,0.400000,2100.724121,0.000000,0.000000,0.400000,200.488037,2.000000,-0.200000,
27.232829,1,1.000000,0.000000,0.000000,0.000000,1.000000,0.000000,0.000000,0.000000,0.400000,2100.769043,0.000000,0.000000,0.400000,200.519241,2.100000,-0.100000,
27.273536,1,1.000000,0.000000,0.000000,0.000000,1.000000,0.000000,0.000000,0.000000,0.430000,2100.803955,0.000000,0.000000,0.430000,200.537033,2.300000,-0.100000,
27.313986,1,1.000000,0.000000,0.000000,0.000000,1.000000,0.000000,0.000000,0.000000,0.430000,2100.843018,0.000000,0.000000,0.430000,200.563034,2.400000,-0.300000,
27.358893,1,1.000000,0.000000,0.000000,0.000000,1.000000,0.000000,0.000000,0.000000,0.430000,2100.886963,0.000000,0.000000,0.430000,200.560898,2.300000,-0.300000,
27.395400,1,1.000000,0.000000,0.000000,0.000000,1.000000,0.000000,0.000000,0.000000,0.450000,2100.930908,0.000000,0.000000,0.450000,200.566605,2.200000,-0.300000,
27.437950,1,1.000000,0.000000,0.000000,0.000000,1.000000,0.000000,0.000000,0.000000,0.450000,2100.966064,0.000000,0.000000,0.450000,200.579758,2.100000,-0.400000,
27.474309,1,1.000000,0.000000,0.000000,0.000000,1.000000,0.000000,0.000000,0.000000,0.480000,2101.008057,0.000000,0.000000,0.480000,200.574585,2.100000,-0.400000,
27.513442,1,1.000000,0.000000,0.000000,0.000000,1.000000,0.000000,0.000000,0.000000,0.480000,2101.042969,0.000000,0.000000,0.480000,200.585861,2.000000,-0.400000,
27.556583,1,1.000000,0.000000,0.000000,0.000000,1.000000,0.000000,0.000000,0.000000,0.480000,2101.084961,0.000000,0.000000,0.480000,200.580338,1.900000,-0.400000,
27.594724,1,1.000000,0.000000,0.000000,0.000000,1.000000,0.000000,0.000000,0.000000,0.500000,2101.124023,0.000000,0.000000,0.500000,200.590836,1.800000,-0.400000,
27.633083,1,1.000000,0.000000,0.000000,0.000000,1.000000,0.000000,0.000000,0.000000,0.500000,2101.168945,0.000000,0.000000,0.500000,200.576462,1.800000,-0.400000,
27.670206,1,1.000000,0.000000,0.000000,0.000000,1.000000,0.000000,0.000000,0.000000,0.520000,2101.202881,0.000000,0.000000,0.520000,200.577713,1.800000,-0.400000,
27.711803,1,1.000000,0.000000,0.000000,0.000000,1.000000,0.000000,0.000000,0.000000,0.520000,2101.240967,0.000000,0.000000,0.520000,200.573059,1.700000,-0.400000,
27.751246,1,1.000000,0.000000,0.000000,0.000000,1.000000,0.000000,0.000000,0.000000,0.520000,2101.282959,0.000000,0.000000,0.520000,200.565460,1.700000,-0.300000,
27.791436,1,1.000000,0.000000,0.000000,0.000000,1.000000,0.000000,0.000000,0.000000,0.540000,2101.323975,0.000000,0.000000,0.540000,200.577652,1.700000,-0.300000,
27.835236,1,1.000000,0.000000,0.000000,0.000000,1.000000,0.000000,0.000000,0.000000,0.540000,2101.364014,0.000000,0.000000,0.540000,200.576767,1.700000,-0.300000,
27.870739,1,1.000000,0.000000,0.000000,0.000000,1.000000,0.000000,0.000000,0.000000,0.560000,2101.405029,0.000000,0.000000,0.560000,200.588425,1.800000,-0.200000,
27.914080,1,1.000000,0.000000,0.000000,0.000000,1.000000,0.000000,0.000000,0.000000,0.560000,2101.448975,0.000000,0.000000,0.560000,200.594131,1.900000,-0.200000,
27.953657,1,1.000000,0.000000,0.000000,0.000000,1.000000,0.000000,0.000000,0.000000,0.560000,2101.482910,0.000000,0.000000,0.560000,200.608963,2.000000,-0.300000,
27.993134,1,1.000000,0.000000,0.000000,0.000000,1.000000,0.000000,0.000000,0.000000,0.580000,2101.525879,0.000000,0.000000,0.580000,200.621414,2.100000,-0.300000,
28.032623,1,1.000000,0.000000,0.000000,0.000000,1.000000,0.000000,0.000000,0.000000,0.580000,2101.568115,0.000000,0.000000,0.580000,200.650848,2.200000,-0.400000,
28.070696,1,1.000000,0.000000,0.000000,0.000000,1.000000,0.000000,0.000000,0.000000,0.600000,2101.858887,0.000000,0.000000,0.600000,200.670197,2.200000,-0.400000,
28.115548,1,1.000000,0.000000,0.000000,0.000000,1.000000,0.000000,0.000000,0.000000,0.600000,2102.309082,0.000000,0.000000,0.600000,200.690201,2.100000,-0.400000,
28.163655,1,1.000000,0.000000,0.000000,0.000000,1.000000,0.000000,0.000000,0.000000,0.620000,2101.695068,0.000000,0.000000,0.620000,200.696518,1.900000,-0.400000,
28.194863,1,1.000000,0.000000,0.000000,0.000000,1.000000,0.000000,0.000000,0.000000,0.620000,2101.731934,0.000000,0.000000,0.620000,200.705292,1.900000,-0.300000,
28.237256,1,1.000000,0.000000,0.000000,0.000000,1.000000,0.000000,0.000000,0.000000,0.620000,2101.764893,0.000000,0.000000,0.620000,200.705688,2.000000,-0.300000,
28.272687,1,1.000000,0.000000,0.000000,0.000000,1.000000,0.000000,0.000000,0.000000,0.640000,2101.809082,0.000000,0.000000,0.640000,200.710175,2.100000,-0.300000,
28.314128,1,1.000000,0.000000,0.000000,0.000000,1.000000,0.000000,0.000000,0.000000,0.640000,2101.851074,0.000000,0.000000,0.640000,200.719711,2.100000,-0.300000,
28.352307,1,1.000000,0.000000,0.000000,0.000000,1.000000,0.000000,0.000000,0.000000,0.640000,2101.889893,0.000000,0.000000,0.640000,200.716110,2.000000,-0.300000,
28.390077,1,1.000000,0.000000,0.000000,0.000000,1.000000,0.000000,0.000000,0.000000,0.660000,2101.922119,0.000000,0.000000,0.660000,200.722321,2.000000,-0.300000,
28.433242,1,1.000000,0.000000,0.000000,0.000000,1.000000,0.000000,0.000000,0.000000,0.660000,2101.961914,0.000000,0.000000,0.660000,200.708649,1.900000,-0.300000,
28.470125,1,1.000000,0.000000,0.000000,0.000000,1.000000,0.000000,0.000000,0.000000,0.680000,2102.010010,0.000000,0.000000,0.680000,200.702515,1.900000,-0.200000,
28.512255,1,1.000000,0.000000,0.000000,0.000000,1.000000,0.000000,0.000000,0.000000,0.680000,2102.051025,0.000000,0.000000,0.680000,200.689621,1.900000,-0.200000,
28.552818,1,1.000000,0.000000,0.000000,0.000000,1.000000,0.000000,0.000000,0.000000,0.680000,2102.090088,0.000000,0.000000,0.680000,200.684372,1.900000,-0.200000,
28.592906,1,1.000000,0.000000,0.000000,0.000000,1.000000,0.000000,0.000000,0.000000,0.700000,2102.122070,0.000000,0.000000,0.700000,200.683533,1.900000,-0.200000,
28.632837,1,1.000000,0.000000,0.000000,0.000000,1.000000,0.000000,0.000000,0.000000,0.700000,2102.168945,0.000000,0.000000,0.700000,200.680725,1.900000,-0.200000,
28.671395,1,1.000000,0.000000,0.000000,0.000000,1.000000,0.000000,0.000000,0.000000,0.730000,2102.209961,0.000000,0.000000,0.730000,200.684586,1.800000,-0.100000,
28.710726,1,1.000000,0.000000,0.000000,0.000000,1.000000,0.000000,0.000000,0.000000,0.730000,2102.240967,0.000000,0.000000,0.730000,200.688187,1.800000,-0.100000,
28.752404,1,1.000000,0.000000,0.000000,0.000000,1.000000,0.000000,0.000000,0.000000,0.730000,2102.282959,0.000000,0.000000,0.730000,200.692093,1.800000,-0.000000,
28.794598,1,1.000000,0.000000,0.000000,0.000000,1.000000,0.000000,0.000000,0.000000,0.750000,2102.323975,0.000000,0.000000,0.750000,200.683426,1.800000,-0.000000,
28.832773,1,1.000000,0.000000,0.000000,0.000000,1.000000,0.000000,0.000000,0.000000,0.750000,2102.364014,0.000000,0.000000,0.750000,200.687317,1.700000,-0.000000,
28.871294,1,1.000000,0.000000,0.000000,0.000000,1.000000,0.000000,0.000000,0.000000,0.780000,2102.406006,0.000000,0.000000,0.780000,200.678055,1.700000,-0.000000,
28.914414,1,1.000000,0.000000,0.000000,0.000000,1.000000,0.000000,0.000000,0.000000,0.780000,2102.447998,0.000000,0.000000,0.780000,200.672379,1.700000,0.000000,
28.953424,1,1.000000,0.000000,0.000000,0.000000,1.000000,0.000000,0.000000,0.000000,0.780000,2102.487061,0.000000,0.000000,0.780000,200.669495,1.700000,0.000000,
28.993390,1,1.000000,0.000000,0.000000,0.000000,1.000000,0.000000,0.000000,0.000000,0.810000,2102.527100,0.000000,0.000000,0.810000,200.668518,1.700000,-0.000000,
29.032038,1,1.000000,0.000000,0.000000,0.000000,1.000000,0.000000,0.000000,0.000000,0.810000,2102.572021,0.000000,0.000000,0.810000,200.679520,1.700000,-0.000000,
29.068129,1,1.000000,0.000000,0.000000,0.000000,1.000000,0.000000,0.000000,0.000000,0.850000,2102.829102,0.000000,0.000000,0.850000,200.680923,1.600000,0.000000,
29.115374,1,1.000000,0.000000,0.000000,0.000000,1.000000,0.000000,0.000000,0.000000,0.850000,2103.239014,0.000000,0.000000,0.850000,200.688782,1.600000,0.000000,
29.152062,1,1.000000,0.000000,0.000000,0.000000,1.000000,0.000000,0.000000,0.000000,0.850000,2102.687012,0.000000,0.000000,0.850000,200.691772,1.600000,0.000000,
29.192640,1,1.000000,0.000000,0.000000,0.000000,1.000000,0.000000,0.000000,0.000000,0.880000,2102.732910,0.000000,0.000000,0.880000,200.691772,1.600000,0.000000,
29.231422,1,1.000000,0.000000,0.000000,0.000000,1.000000,0.000000,0.000000,0.000000,0.880000,2102.762939,0.000000,0.000000,0.880000,200.704880,1.500000,0.000000,
29.277167,1,1.000000,0.000000,0.000000,0.000000,1.000000,0.000000,0.000000,0.000000,0.910000,2102.804932,0.000000,0.000000,0.910000,200.713562,1.300000,0.000000,
29.310877,2,1.000000,0.000000,0.000000,0.000000,1.000000,0.000000,0.000000,0.000000,0.910000,2102.846924,0.000000,0.000000,0.910000,200.717468,1.200000,0.100000,
29.356623,2,1.000000,0.000000,0.000000,0.000000,1.000000,0.000000,0.000000,0.000000,0.910000,2102.877930,0.000000,0.000000,0.910000,200.714325,1.100000,0.100000,
29.393080,2,1.000000,0.000000,0.000000,0.000000,1.000000,0.000000,0.000000,0.000000,0.920000,2102.930908,0.000000,0.000000,0.920000,200.719528,1.000000,0.100000,
29.434020,2,1.000000,0.000000,0.000000,0.000000,1.000000,0.000000,0.000000,0.000000,0.920000,2102.969971,0.000000,0.000000,0.920000,200.712036,1.100000,0.200000,
29.472551,2,1.000000,0.000000,0.000000,0.000000,1.000000,0.000000,0.000000,0.000000,0.960000,2103.009033,0.000000,0.000000,0.960000,200.716476,1.200000,0.200000,
29.511271,2,1.000000,0.000000,0.000000,0.000000,1.000000,0.000000,0.000000,0.000000,0.960000,2103.049072,0.000000,0.000000,0.960000,200.716324,1.300000,0.200000,
29.552395,2,1.000000,0.000000,0.000000,0.000000,1.000000,0.000000,0.000000,0.000000,0.960000,2103.091064,0.000000,0.000000,0.960000,200.718979,1.400000,0.100000,
29.593339,2,1.000000,0.000000,0.000000,0.000000,1.000000,0.000000,0.000000,0.000000,1.010000,2103.132080,0.000000,0.000000,1.010000,200.741135,1.500000,0.200000,
29.630007,2,1.000000,0.000000,0.000000,0.000000,1.000000,0.000000,0.000000,0.000000,1.010000,2103.165039,0.000000,0.000000,1.010000,200.746384,1.500000,0.100000,
29.669491,2,1.000000,0.000000,0.000000,0.000000,1.000000,0.000000,0.000000,0.000000,1.030000,2103.206055,0.000000,0.000000,1.030000,200.766281,1.600000,0.100000,
29.713516,2,1.000000,0.000000,0.000000,0.000000,1.000000,0.000000,0.000000,0.000000,1.030000,2103.246094,0.000000,0.000000,1.030000,200.772873,1.600000,0.100000,
29.754984,2,1.000000,0.000000,0.000000,0.000000,1.000000,0.000000,0.000000,0.000000,1.030000,2103.281006,0.000000,0.000000,1.030000,200.786316,1.600000,0.100000,
29.792875,2,1.000000,0.000000,0.000000,0.000000,1.000000,0.000000,0.000000,0.000000,1.070000,2103.322998,0.000000,0.000000,1.070000,200.830795,1.500000,0.200000,
29.831868,2,1.000000,0.000000,0.000000,0.000000,1.000000,0.000000,0.000000,0.000000,1.070000,2103.364990,0.000000,0.000000,1.070000,200.881805,1.300000,0.400000,
29.872724,2,1.000000,0.000000,0.000000,0.000000,1.000000,0.000000,0.000000,0.000000,1.110000,2103.410889,0.000000,0.000000,1.110000,200.918167,1.100000,0.600000,
29.911080,2,1.000000,0.000000,0.000000,0.000000,1.000000,0.000000,0.000000,0.000000,1.110000,2103.441895,0.000000,0.000000,1.110000,200.926666,0.900000,0.700000,
29.950471,2,1.000000,0.000000,0.000000,0.000000,1.000000,0.000000,0.000000,0.000000,1.110000,2103.485107,0.000000,0.000000,1.110000,200.909668,0.900000,0.700000,
29.992733,2,1.000000,0.000000,0.000000,0.000000,1.000000,0.000000,0.000000,0.000000,1.140000,2103.522949,0.000000,0.000000,1.140000,200.879349,1.100000,0.400000,
30.033292,2,1.000000,0.000000,0.000000,0.000000,1.000000,0.000000,0.000000,0.000000,1.140000,2103.564941,0.000000,0.000000,1.140000,200.845825,1.200000,0.300000,
30.073587,2,1.000000,0.000000,0.000000,0.000000,1.000000,0.000000,0.000000,0.000000,1.150000,2103.849121,0.000000,0.000000,1.150000,200.825058,1.300000,0.300000,
30.112233,3,1.000000,0.000000,0.000000,0.000000,1.000000,0.000000,1.000000,1.000000,1.150000,2104.259033,0.000000,0.000000,1.150000,200.803360,1.300000,0.300000,
30.150804,3,1.000000,0.000000,0.000000,0.000000,1.000000,0.000000,1.000000,1.000000,1.150000,2103.687012,0.000000,0.000000,1.150000,200.777969,1.400000,0.200000,
30.194432,3,1.000000,0.000000,0.050000,0.000000,1.000000,0.000000,1.000000,1.000000,1.150000,2103.728027,0.000000,0.000000,1.150000,200.765671,1.500000,0.100000,
30.232325,3,1.000000,0.000000,0.050000,0.000000,1.000000,0.000000,1.000000,1.000000,1.150000,2103.768066,0.000000,0.000000,1.150000,200.763748,1.600000,0.100000,
30.272089,3,1.000000,0.000000,0.050000,0.000000,1.000000,0.000000,1.000000,1.000000,1.150000,2103.808105,0.000000,0.000000,1.150000,200.770462,1.600000,0.100000,
30.311614,3,1.000000,0.000000,0.050000,0.000000,1.000000,0.000000,1.000000,1.000000,1.150000,2103.851074,0.000000,0.000000,1.150000,200.762817,1.500000,0.100000,
30.353678,3,1.000000,0.000000,0.050000,0.000000,1.000000,0.000000,1.000000,1.000000,1.150000,2103.883057,0.000000,0.000000,1.150000,200.783066,1.500000,0.100000,
30.394874,3,1.000000,0.000000,0.100000,0.000000,1.000000,0.000000,1.000000,1.000000,1.140000,2103.924072,0.000000,0.000000,1.140000,200.783661,1.300000,0.100000,
30.437038,3,1.000000,0.000000,0.100000,0.000000,1.000000,0.000000,1.000000,1.000000,1.140000,2103.968018,0.000000,0.000000,1.140000,200.790787,1.200000,0.200000,
30.471893,3,1.000000,0.000000,0.100000,0.000000,1.000000,0.000000,1.000000,1.000000,1.140000,2104.010010,0.000000,0.000000,1.140000,200.797104,1.300000,0.300000,
30.516307,3,1.000000,0.000000,0.150000,0.000000,1.000000,0.000000,1.000000,1.000000,1.140000,2104.041992,0.000000,0.000000,1.140000,200.814423,1.300000,0.300000,
30.553228,3,1.000000,0.000000,0.150000,0.000000,1.000000,0.000000,1.000000,1.000000,1.140000,2104.082031,0.000000,0.000000,1.140000,200.827179,1.000000,0.200000,
30.599558,3,1.000000,0.000000,0.150000,0.000000,1.000000,0.000000,1.000000,1.000000,1.130000,2104.123047,0.000000,0.000000,1.130000,200.854691,0.700000,0.200000,
30.636687,3,1.000000,0.000000,0.150000,0.000000,1.000000,0.000000,1.000000,1.000000,1.130000,2104.163086,0.000000,0.000000,1.130000,200.857071,0.500000,0.300000,
30.672242,3,1.000000,0.000000,0.200000,0.000000,1.000000,0.000000,1.000000,1.000000,1.120000,2104.204102,0.000000,0.000000,1.120000,200.861252,0.500000,0.400000,
30.708790,3,1.000000,0.000000,0.200000,0.000000,1.000000,0.000000,1.000000,1.000000,1.120000,2104.241943,0.000000,0.000000,1.120000,200.873535,0.400000,0.300000,
30.753223,3,1.000000,0.000000,0.200000,0.000000,1.000000,0.000000,1.000000,1.000000,1.120000,2104.283936,0.000000,0.000000,1.120000,200.881485,0.300000,0.300000,
30.794531,3,1.000000,0.000000,0.250000,0.000000,1.000000,0.000000,1.000000,1.000000,1.120000,2104.324951,0.000000,0.000000,1.120000,200.886780,0.100000,0.400000,
30.836176,3,1.000000,0.000000,0.250000,0.000000,1.000000,0.000000,1.000000,1.000000,1.120000,2104.368896,0.000000,0.000000,1.120000,200.902359,-0.200000,0.300000,
30.870566,3,1.000000,0.000000,0.250000,0.000000,1.000000,0.000000,1.000000,1.000000,1.120000,2104.408936,0.000000,0.000000,1.120000,200.924469,-0.800000,0.300000,
30.912059,3,1.000000,0.000000,0.300000,0.000000,1.000000,0.000000,1.000000,1.000000,1.120000,2104.441895,0.000000,0.000000,1.120000,200.928436,-1.400000,0.400000,
30.953669,3,1.000000,0.000000,0.300000,0.000000,1.000000,0.000000,1.000000,1.000000,1.120000,2104.488037,0.000000,0.000000,1.120000,200.947510,-1.600000,0.500000,
30.993757,3,1.000000,0.000000,0.300000,0.000000,1.000000,0.000000,1.000000,1.000000,1.110000,2104.532959,0.000000,0.000000,1.110000,200.944672,-2.000000,0.400000,
31.036951,3,1.000000,0.000000,0.350000,0.000000,1.000000,0.000000,1.000000,1.000000,1.110000,2104.564941,0.000000,0.000000,1.110000,200.952637,-2.800000,0.200000,
31.070588,3,1.000000,0.000000,0.350000,0.000000,1.000000,0.000000,1.000000,1.000000,1.100000,2104.839111,0.000000,0.000000,1.100000,200.978653,-3.400000,0.300000,
31.112965,3,1.000000,0.000000,0.350000,0.000000,1.000000,0.000000,1.000000,1.000000,1.100000,2105.249023,0.000000,0.000000,1.100000,200.984818,-4.100000,0.200000,
31.157282,3,1.000000,0.000000,0.400000,0.000000,1.000000,0.000000,1.000000,1.000000,1.100000,2104.687012,0.000000,0.000000,1.100000,200.988312,-4.800000,0.200000,
31.194445,3,1.000000,0.000000,0.400000,0.000000,1.000000,0.000000,1.000000,1.000000,1.110000,2104.726074,0.000000,0.000000,1.110000,200.988312,-4.800000,0.200000,
31.247258,3,1.000000,0.000000,0.400000,0.000000,1.000000,0.000000,1.000000,1.000000,1.100000,2104.760986,0.000000,0.000000,1.100000,200.998398,-5.700000,0.200000,
31.281439,3,1.000000,0.000000,0.400000,0.000000,1.000000,0.000000,1.000000,1.000000,1.100000,2104.802979,0.000000,0.000000,1.100000,200.998276,-6.400000,0.100000,
31.317016,3,1.000000,0.000000,0.450000,0.000000,1.000000,0.000000,1.000000,1.000000,1.100000,2104.840088,0.000000,0.000000,1.100000,201.007172,-6.700000,0.100000,
31.365318,3,1.000000,0.000000,0.450000,0.000000,1.000000,0.000000,1.000000,1.000000,1.100000,2104.891113,0.000000,0.000000,1.100000,201.024185,-7.400000,0.200000,
31.401472,3,1.000000,0.000000,0.450000,0.000000,1.000000,0.000000,1.000000,1.000000,1.100000,2104.924072,0.000000,0.000000,1.100000,201.021790,-7.700000,0.200000,
31.438462,3,1.000000,0.000000,0.450000,0.000000,1.000000,0.000000,1.000000,1.000000,1.100000,2104.968994,0.000000,0.000000,1.100000,201.036469,-8.300000,0.000000,
31.474065,3,1.000000,0.000000,0.450000,0.000000,1.000000,0.000000,1.000000,1.000000,1.100000,2105.004883,0.000000,0.000000,1.100000,201.054153,-8.800000,-0.000000,
31.522515,3,1.000000,0.000000,0.450000,0.000000,1.000000,0.000000,1.000000,1.000000,1.100000,2105.048096,0.000000,0.000000,1.100000,201.073471,-8.900000,0.000000,
31.563704,3,1.000000,0.000000,0.450000,0.000000,1.000000,0.000000,1.000000,1.000000,1.100000,2105.083984,0.000000,0.000000,1.100000,201.085083,-9.200000,-0.100000,
31.608024,3,1.000000,0.000000,0.450000,0.000000,1.000000,0.000000,1.000000,1.000000,1.090000,2105.128906,0.000000,0.000000,1.090000,201.110336,-9.800000,-0.300000,
31.642035,3,1.000000,0.000000,0.450000,0.000000,1.000000,0.000000,1.000000,1.000000,1.090000,2105.166016,0.000000,0.000000,1.090000,201.138916,-10.400000,-0.200000,
31.679569,3,1.000000,0.000000,0.450000,0.000000,1.000000,0.000000,1.000000,1.000000,1.090000,2105.202881,0.000000,0.000000,1.090000,201.152924,-10.900000,-0.300000,
31.708902,3,1.000000,0.000000,0.450000,0.000000,1.000000,0.000000,1.000000,1.000000,1.090000,2105.250977,0.000000,0.000000,1.090000,201.178421,-11.600000,-0.400000,
31.753266,3,1.000000,0.000000,0.450000,0.000000,1.000000,0.000000,1.000000,1.000000,1.080000,2105.283936,0.000000,0.000000,1.080000,201.202362,-12.000000,-0.500000,
31.796165,3,1.000000,0.000000,0.450000,0.000000,1.000000,0.000000,1.000000,1.000000,1.070000,2105.329102,0.000000,0.000000,1.070000,201.228012,-12.300000,-0.400000,
31.839437,3,1.000000,0.000000,0.450000,0.000000,1.000000,0.000000,1.000000,1.000000,1.070000,2105.375000,0.000000,0.000000,1.070000,201.250549,-12.400000,-0.400000,
31.870280,3,1.000000,0.000000,0.450000,0.000000,1.000000,0.000000,1.000000,1.000000,1.080000,2105.409912,0.000000,0.000000,1.080000,201.287704,-12.400000,-0.400000,
31.914673,3,1.000000,0.000000,0.450000,0.000000,1.000000,0.000000,1.000000,1.000000,1.080000,2105.451904,0.000000,0.000000,1.080000,201.327927,-12.400000,-0.400000,
31.961539,3,1.000000,0.000000,0.450000,0.000000,1.000000,0.000000,1.000000,1.000000,1.080000,2105.483887,0.000000,0.000000,1.080000,201.361984,-12.500000,-0.300000,
31.994896,3,1.000000,0.000000,0.450000,-0.050000,1.000000,0.000000,1.000000,1.000000,1.080000,2105.525879,0.000000,0.000000,1.080000,201.395966,-12.600000,-0.200000,
32.033230,3,1.000000,0.000000,0.450000,-0.050000,1.000000,0.000000,1.000000,1.000000,1.080000,2105.564941,0.000000,0.000000,1.080000,201.428818,-12.600000,-0.000000,
32.079206,3,1.000000,0.000000,0.450000,-0.050000,1.000000,0.000000,1.000000,1.000000,1.080000,2105.888916,0.000000,0.000000,1.080000,201.448196,-12.400000,-0.000000,
32.115500,3,1.000000,0.000000,0.450000,-0.050000,1.000000,0.000000,1.000000,1.000000,1.080000,2106.229004,0.000000,0.000000,1.080000,201.485779,-12.200000,-0.200000,
32.155358,3,1.000000,0.000000,0.450000,-0.100000,1.000000,0.000000,1.000000,1.000000,1.090000,2105.687012,0.000000,0.000000,1.090000,201.507523,-12.100000,-0.200000,
32.193729,3,1.000000,0.000000,0.450000,-0.100000,1.000000,0.000000,1.000000,1.000000,1.080000,2105.729980,0.000000,0.000000,1.080000,201.531891,-12.000000,-0.100000,
32.235197,3,1.000000,0.000000,0.450000,-0.100000,1.000000,0.000000,1.000000,1.000000,1.080000,2105.770996,0.000000,0.000000,1.080000,201.548828,-12.100000,-0.200000,
32.273843,3,1.000000,0.000000,0.450000,-0.100000,1.000000,0.000000,1.000000,1.000000,1.080000,2105.803955,0.000000,0.000000,1.080000,201.553299,-12.200000,-0.100000,
32.315668,3,1.000000,0.000000,0.450000,-0.150000,1.000000,0.000000,1.000000,1.000000,1.080000,2105.847900,0.000000,0.000000,1.080000,201.553253,-12.100000,-0.100000,
32.355011,3,1.000000,0.000000,0.450000,-0.150000,1.000000,0.000000,1.000000,1.000000,1.070000,2105.889893,0.000000,0.000000,1.070000,201.551559,-11.900000,-0.100000,
32.393304,3,1.000000,0.000000,0.450000,-0.150000,1.000000,0.000000,1.000000,1.000000,1.060000,2105.925049,0.000000,0.000000,1.060000,201.554398,-11.700000,-0.200000,
32.432044,3,1.000000,0.000000,0.450000,-0.200000,1.000000,0.000000,1.000000,1.000000,1.060000,2105.969971,0.000000,0.000000,1.060000,201.543335,-11.600000,-0.200000,
32.477344,3,1.000000,0.000000,0.450000,-0.200000,1.000000,0.000000,1.000000,1.000000,1.080000,2106.010010,0.000000,0.000000,1.080000,201.513458,-11.500000,-0.200000,
32.514701,3,1.000000,0.000000,0.450000,-0.200000,1.000000,0.000000,1.000000,1.000000,1.080000,2106.043945,0.000000,0.000000,1.080000,201.498444,-11.300000,0.200000,
32.554647,3,1.000000,0.000000,0.450000,-0.250000,1.000000,0.000000,1.000000,1.000000,1.080000,2106.087891,0.000000,0.000000,1.080000,201.489929,-11.300000,0.700000,
32.594720,3,1.000000,0.000000,0.450000,-0.250000,1.000000,0.000000,1.000000,1.000000,1.080000,2106.131104,0.000000,0.000000,1.080000,201.480209,-11.500000,1.000000,
32.635491,3,1.000000,0.000000,0.450000,-0.250000,1.000000,0.000000,1.000000,1.000000,1.080000,2106.163086,0.000000,0.000000,1.080000,201.451385,-11.600000,1.200000,
32.675883,3,1.000000,0.000000,0.450000,-0.250000,1.000000,0.000000,1.000000,1.000000,1.080000,2106.205078,0.000000,0.000000,1.080000,201.443283,-11.600000,1.700000,
32.713481,3,1.000000,0.000000,0.450000,-0.300000,1.000000,0.000000,1.000000,1.000000,1.080000,2106.252930,0.000000,0.000000,1.080000,201.443283,-11.600000,1.700000,
32.753414,3,1.000000,0.000000,0.450000,-0.300000,1.000000,0.000000,1.000000,1.000000,1.080000,2106.290039,0.000000,0.000000,1.080000,201.454575,-11.400000,2.900000,
32.792158,3,1.000000,0.000000,0.450000,-0.300000,1.000000,0.000000,1.000000,1.000000,1.080000,2106.322998,0.000000,0.000000,1.080000,201.436646,-11.400000,3.400000,
32.831281,3,1.000000,0.000000,0.450000,-0.350000,1.000000,0.000000,1.000000,1.000000,1.080000,2106.364990,0.000000,0.000000,1.080000,201.428391,-11.300000,4.100000,
32.869846,3,1.000000,0.000000,0.450000,-0.350000,1.000000,0.000000,1.000000,1.000000,1.090000,2106.405029,0.000000,0.000000,1.090000,201.694153,-7.900000,4.800000,
32.911031,3,1.000000,0.000000,0.450000,-0.350000,1.000000,0.000000,1.000000,1.000000,1.100000,2106.445068,0.000000,0.000000,1.100000,202.296570,1.600000,4.500000,
32.956156,3,1.000000,0.000000,0.450000,-0.400000,1.000000,0.000000,1.000000,1.000000,1.070000,2106.487061,0.000000,0.000000,1.070000,202.679291,12.700000,2.700000,
32.993434,3,1.000000,0.000000,0.450000,-0.400000,1.000000,0.000000,1.000000,1.000000,1.020000,2106.531006,0.000000,0.000000,1.020000,202.625443,22.000000,0.900000,
33.037599,3,1.000000,0.000000,0.450000,-0.400000,1.000000,0.000000,1.000000,1.000000,0.970000,2106.562012,0.000000,0.000000,0.970000,202.425964,27.900000,0.400000,
33.074177,3,1.000000,0.000000,0.450000,-0.450000,1.000000,0.000000,1.000000,1.000000,1.050000,2106.829102,0.000000,0.000000,1.050000,202.237625,31.900000,0.900000,
33.110920,3,1.000000,0.000000,0.450000,-0.450000,1.000000,0.000000,1.000000,1.000000,1.020000,2107.249023,0.000000,0.000000,1.020000,202.059067,34.700001,1.100000,
33.152782,3,1.000000,0.000000,0.450000,-0.450000,1.000000,0.000000,1.000000,1.000000,1.000000,2106.686035,0.000000,0.000000,1.000000,201.781952,36.599998,0.500000,
33.192808,3,1.000000,0.000000,0.450000,-0.500000,1.000000,0.000000,1.000000,1.000000,1.030000,2106.727051,0.000000,0.000000,1.030000,201.494888,37.599998,-0.400000,
33.236094,3,1.000000,0.000000,0.450000,-0.500000,1.000000,0.000000,1.000000,1.000000,1.040000,2106.770020,0.000000,0.000000,1.040000,201.310287,37.200001,-1.100000,
33.272195,3,1.000000,0.000000,0.450000,-0.500000,1.000000,0.000000,1.000000,1.000000,1.040000,2106.802979,0.000000,0.000000,1.040000,201.169113,35.900002,-1.600000,
33.311527,3,1.000000,0.000000,0.450000,-0.500000,1.000000,0.000000,1.000000,1.000000,1.040000,2106.846924,0.000000,0.000000,1.040000,201.038940,35.500000,-1.900000,
33.352631,3,1.000000,0.000000,0.450000,-0.500000,1.000000,0.000000,1.000000,1.000000,1.030000,2106.885986,0.000000,0.000000,1.030000,200.880173,35.299999,-2.000000,
33.391940,3,1.000000,0.000000,0.450000,-0.500000,1.000000,0.000000,1.000000,1.000000,0.960000,2106.930908,0.000000,0.000000,0.960000,200.826462,33.799999,-1.600000,
33.433253,3,1.000000,0.000000,0.450000,-0.500000,1.000000,0.000000,1.000000,1.000000,0.990000,2106.969971,0.000000,0.000000,0.990000,200.861099,31.100000,-0.900000,
33.473778,3,1.000000,0.000000,0.450000,-0.500000,1.000000,0.000000,1.000000,1.000000,0.900000,2107.002930,0.000000,0.000000,0.900000,200.907425,28.500000,-0.300000,
33.517156,3,1.000000,0.000000,0.450000,-0.450000,1.000000,0.000000,1.000000,1.000000,0.910000,2107.043945,0.000000,0.000000,0.910000,200.883041,27.299999,-0.100000,
33.553015,3,1.000000,0.000000,0.450000,-0.450000,1.000000,0.000000,1.000000,1.000000,0.890000,2107.086914,0.000000,0.000000,0.890000,200.825470,27.600000,-0.100000,
33.591492,3,1.000000,0.000000,0.450000,-0.450000,1.000000,0.000000,1.000000,1.000000,0.790000,2107.127930,0.000000,0.000000,0.790000,200.787582,28.500000,0.000000,
33.640909,3,1.000000,0.000000,0.450000,-0.450000,1.000000,0.000000,1.000000,1.000000,0.780000,2107.170898,0.000000,0.000000,0.780000,200.755600,29.600000,0.200000,
33.672577,3,1.000000,0.000000,0.450000,-0.450000,1.000000,0.000000,1.000000,1.000000,0.710000,2107.204102,0.000000,0.000000,0.710000,200.774567,30.100000,0.400000,
33.711817,3,1.000000,0.000000,0.450000,-0.450000,1.000000,0.000000,1.000000,1.000000,0.710000,2107.243896,0.000000,0.000000,0.710000,200.774567,30.100000,0.400000,
33.750422,3,1.000000,0.000000,0.450000,-0.450000,1.000000,0.000000,1.000000,1.000000,0.720000,2107.284912,0.000000,0.000000,0.720000,200.959503,28.000000,1.800000,
33.792210,3,1.000000,0.000000,0.450000,-0.400000,1.000000,0.000000,1.000000,1.000000,0.690000,2107.324951,0.000000,0.000000,0.690000,201.015701,24.900000,3.100000,
33.833761,3,1.000000,0.000000,0.450000,-0.400000,1.000000,0.000000,1.000000,1.000000,0.710000,2107.370117,0.000000,0.000000,0.710000,200.939865,20.600000,5.100000,
33.876126,3,1.000000,0.000000,0.450000,-0.400000,1.000000,0.000000,1.000000,1.000000,0.620000,2107.408936,0.000000,0.000000,0.620000,200.753723,17.100000,6.700000,
33.911055,3,1.000000,0.000000,0.450000,-0.400000,1.000000,0.000000,1.000000,1.000000,0.620000,2107.441895,0.000000,0.000000,0.620000,200.580124,15.000000,6.800000,
33.954824,3,1.000000,0.000000,0.450000,-0.400000,1.000000,0.000000,1.000000,1.000000,0.630000,2107.485107,0.000000,0.000000,0.630000,200.502563,14.000000,6.100000,
33.993280,3,1.000000,0.000000,0.450000,-0.350000,1.000000,0.000000,1.000000,1.000000,0.560000,2107.525879,0.000000,0.000000,0.560000,200.482483,13.100000,5.600000,
34.029653,3,1.000000,0.000000,0.450000,-0.350000,1.000000,0.000000,1.000000,1.000000,0.570000,2107.569092,0.000000,0.000000,0.570000,200.447372,11.700000,5.800000,
34.070146,3,1.000000,0.000000,0.450000,-0.350000,1.000000,0.000000,1.000000,1.000000,0.560000,2107.858887,0.000000,0.000000,0.560000,200.395309,10.500000,6.100000,
34.112548,3,1.000000,0.000000,0.450000,-0.350000,1.000000,0.000000,1.000000,1.000000,0.540000,2108.279053,0.000000,0.000000,0.540000,200.039551,5.100000,7.400000,
34.157630,3,1.000000,0.000000,0.450000,-0.350000,1.000000,0.000000,1.000000,1.000000,0.530000,2107.689941,0.000000,0.000000,0.530000,199.764984,1.700000,7.300000,
34.189185,3,1.000000,0.000000,0.450000,-0.350000,1.000000,0.000000,1.000000,1.000000,0.420000,2107.731934,0.000000,0.000000,0.420000,199.585266,-0.300000,6.600000,
34.232972,3,1.000000,0.000000,0.450000,-0.300000,1.000000,0.000000,1.000000,1.000000,0.420000,2107.762939,0.000000,0.000000,0.420000,199.557709,-1.100000,6.800000,
34.272323,3,1.000000,0.000000,0.450000,-0.300000,1.000000,0.000000,1.000000,1.000000,0.390000,2107.804932,0.000000,0.000000,0.390000,199.586334,-1.400000,7.500000,
34.314444,3,1.000000,0.000000,0.450000,-0.300000,1.000000,0.000000,1.000000,1.000000,0.390000,2107.843994,0.000000,0.000000,0.390000,199.546143,-1.900000,7.600000,
34.347739,3,1.000000,0.000000,0.450000,-0.300000,1.000000,0.000000,1.000000,1.000000,0.380000,2107.892090,0.000000,0.000000,0.380000,199.457611,-2.500000,7.700000,
34.392070,3,1.000000,0.000000,0.450000,-0.300000,1.000000,0.000000,1.000000,1.000000,0.310000,2107.922119,0.000000,0.000000,0.310000,199.423889,-2.900000,7.900000,
34.432821,3,1.000000,0.000000,0.450000,-0.300000,1.000000,0.000000,1.000000,1.000000,0.310000,2107.965088,0.000000,0.000000,0.310000,199.506302,-2.600000,6.900000,
34.476784,3,1.000000,0.000000,0.450000,-0.300000,1.000000,0.000000,1.000000,1.000000,0.200000,2108.003906,0.000000,0.000000,0.200000,199.223907,3.800000,4.300000,
34.511339,3,1.000000,0.000000,0.450000,-0.300000,1.000000,0.000000,1.000000,1.000000,0.180000,2108.047119,0.000000,0.000000,0.180000,198.745041,19.299999,13.300000,
34.554899,3,1.000000,0.000000,0.450000,-0.300000,1.000000,0.000000,1.000000,1.000000,0.170000,2108.086914,0.000000,0.000000,0.170000,195.405106,25.900000,16.600000,
34.590220,3,1.000000,0.000000,0.450000,-0.300000,1.000000,0.000000,1.000000,1.000000,0.200000,2108.128906,0.000000,0.000000,0.200000,184.623657,22.799999,11.600000,
34.633786,3,1.000000,0.000000,0.450000,-0.300000,1.000000,0.000000,1.000000,1.000000,0.210000,2108.169922,0.000000,0.000000,0.210000,176.581696,14.300000,5.400000,
34.674591,3,1.000000,0.000000,0.450000,-0.300000,1.000000,0.000000,1.000000,1.000000,0.270000,2108.209961,0.000000,0.000000,0.270000,170.696686,6.800000,-0.800000,
34.712262,3,1.000000,0.000000,0.450000,-0.300000,1.000000,0.000000,1.000000,1.000000,0.270000,2108.242920,0.000000,0.000000,0.270000,166.232300,2.400000,-4.900000,
34.752733,3,1.000000,0.000000,0.450000,-0.300000,1.000000,0.000000,1.000000,1.000000,0.260000,2108.285889,0.000000,0.000000,0.260000,163.909760,0.400000,-6.000000,
34.792051,3,1.000000,0.000000,0.450000,-0.300000,1.000000,0.000000,1.000000,1.000000,0.230000,2108.327881,0.000000,0.000000,0.230000,164.226334,-0.200000,-5.400000,
34.833870,3,1.000000,0.000000,0.450000,-0.300000,1.000000,0.000000,1.000000,1.000000,0.230000,2108.367920,0.000000,0.000000,0.230000,166.487244,0.100000,-4.100000,
34.871818,3,1.000000,0.000000,0.450000,-0.300000,1.000000,0.000000,1.000000,1.000000,0.200000,2108.409912,0.000000,0.000000,0.200000,169.594406,4.000000,-0.000000,
34.912206,3,1.000000,0.000000,0.450000,-0.300000,1.000000,0.000000,1.000000,1.000000,0.200000,2108.450928,0.000000,0.000000,0.200000,171.916885,6.600000,-1.200000,
34.954455,3,1.000000,0.000000,0.450000,-0.300000,1.000000,0.000000,1.000000,1.000000,0.200000,2108.489990,0.000000,0.000000,0.200000,175.254181,6.500000,-0.400000,
34.991720,3,1.000000,0.000000,0.450000,-0.300000,1.000000,0.000000,1.000000,1.000000,0.200000,2108.527100,0.000000,0.000000,0.200000,178.266861,3.900000,0.300000,
35.038118,3,1.000000,0.000000,0.450000,-0.300000,1.000000,0.000000,1.000000,1.000000,0.200000,2108.570068,0.000000,0.000000,0.200000,178.266861,3.900000,0.300000,
35.076064,3,1.000000,0.000000,0.450000,-0.300000,1.000000,0.000000,1.000000,1.000000,0.200000,2108.888916,0.000000,0.000000,0.200000,184.015457,-0.200000,-0.400000,
35.112319,3,1.000000,0.000000,0.450000,-0.300000,1.000000,0.000000,1.000000,1.000000,0.200000,2109.218994,0.000000,0.000000,0.200000,186.361176,-0.400000,1.300000,
35.156104,3,1.000000,0.000000,0.450000,-0.300000,1.000000,0.000000,1.000000,1.000000,0.200000,2108.684082,0.000000,0.000000,0.200000,186.973526,-2.000000,2.400000,
35.188279,3,1.000000,0.000000,0.450000,-0.300000,1.000000,0.000000,1.000000,1.000000,0.200000,2108.726074,0.000000,0.000000,0.200000,187.033112,-1.000000,2.300000,
35.235795,3,1.000000,0.000000,0.450000,-0.300000,1.000000,0.000000,1.000000,1.000000,0.200000,2108.767090,0.000000,0.000000,0.200000,188.095016,0.600000,0.600000,
35.280161,3,1.000000,0.000000,0.450000,-0.300000,1.000000,0.000000,1.000000,1.000000,0.200000,2108.809082,0.000000,0.000000,0.200000,189.199966,0.600000,0.200000,
35.313981,3,1.000000,0.000000,0.450000,-0.300000,1.000000,0.000000,1.000000,1.000000,0.200000,2108.852051,0.000000,0.000000,0.200000,189.686981,0.000000,0.200000,
35.356341,3,1.000000,0.000000,0.450000,-0.300000,1.000000,0.000000,1.000000,1.000000,0.200000,2108.884033,0.000000,0.000000,0.200000,189.654312,0.000000,0.500000,
35.394871,3,1.000000,0.000000,0.450000,-0.300000,1.000000,0.000000,1.000000,1.000000,0.200000,2108.927002,0.000000,0.000000,0.200000,189.679703,-0.100000,0.700000,
35.436536,3,1.000000,0.000000,0.450000,-0.300000,1.000000,0.000000,1.000000,1.000000,0.200000,2108.959961,0.000000,0.000000,0.200000,189.720154,0.300000,0.800000,
35.469979,3,1.000000,0.000000,0.450000,-0.300000,1.000000,0.000000,1.000000,1.000000,0.200000,2109.010010,0.000000,0.000000,0.200000,189.788712,0.400000,0.500000,
35.514415,3,1.000000,0.000000,0.450000,-0.300000,1.000000,0.000000,1.000000,1.000000,0.200000,2109.050049,0.000000,0.000000,0.200000,189.765747,0.500000,0.300000,
35.553396,3,1.000000,0.000000,0.450000,-0.300000,1.000000,0.000000,1.000000,1.000000,0.200000,2109.083008,0.000000,0.000000,0.200000,189.791840,0.500000,0.300000,
35.591697,3,1.000000,0.000000,0.450000,-0.300000,1.000000,0.000000,1.000000,1.000000,0.200000,2109.125000,0.000000,0.000000,0.200000,189.763977,0.300000,0.500000,
35.634921,3,1.000000,0.000000,0.450000,-0.300000,1.000000,0.000000,1.000000,1.000000,0.200000,2109.165039,0.000000,0.000000,0.200000,188.310272,0.100000,0.800000,
35.672535,3,1.000000,0.000000,0.450000,-0.300000,1.000000,0.000000,1.000000,1.000000,0.200000,2109.205078,0.000000,0.000000,0.200000,187.786880,-0.100000,1.000000,
35.713251,3,1.000000,0.000000,0.450000,-0.300000,1.000000,0.000000,1.000000,1.000000,0.200000,2109.247070,0.000000,0.000000,0.200000,188.921219,-0.100000,1.000000,
35.750177,3,1.000000,0.000000,0.450000,-0.300000,1.000000,0.000000,1.000000,1.000000,0.200000,2109.291016,0.000000,0.000000,0.200000,189.446671,-0.100000,1.000000,
35.794198,3,1.000000,0.000000,0.450000,-0.300000,1.000000,0.000000,1.000000,1.000000,0.200000,2109.331055,0.000000,0.000000,0.200000,188.785019,-0.100000,1.000000,
35.833281,3,1.000000,0.000000,0.450000,-0.300000,1.000000,0.000000,1.000000,1.000000,0.200000,2109.363037,0.000000,0.000000,0.200000,188.485504,-0.000000,1.000000,
35.873251,3,1.000000,0.000000,0.450000,-0.300000,1.000000,0.000000,1.000000,1.000000,0.200000,2109.403076,0.000000,0.000000,0.200000,188.944000,-0.000000,0.900000,
35.912266,3,1.000000,0.000000,0.450000,-0.300000,1.000000,0.000000,1.000000,1.000000,0.200000,2109.444092,0.000000,0.000000,0.200000,189.097076,-0.100000,1.000000,
35.952469,3,1.000000,0.000000,0.450000,-0.300000,1.000000,0.000000,1.000000,1.000000,0.200000,2109.487061,0.000000,0.000000,0.200000,188.700882,-0.100000,1.000000,
35.995557,3,1.000000,0.000000,0.450000,-0.300000,1.000000,0.000000,1.000000,1.000000,0.200000,2109.528076,0.000000,0.000000,0.200000,188.650299,-0.100000,1.000000,
36.031812,3,1.000000,0.000000,0.450000,-0.300000,1.000000,0.000000,1.000000,1.000000,0.200000,2109.568115,0.000000,0.000000,0.200000,188.906754,-0.100000,0.900000,
36.073178,3,1.000000,0.000000,0.450000,-0.300000,1.000000,0.000000,1.000000,1.000000,0.200000,2109.799072,0.000000,0.000000,0.200000,188.828583,-0.100000,1.000000,
36.111551,3,1.000000,0.000000,0.450000,-0.300000,1.000000,0.000000,1.000000,1.000000,0.200000,2110.249023,0.000000,0.000000,0.200000,188.614059,-0.100000,1.000000,
36.154050,3,1.000000,0.000000,0.450000,-0.300000,1.000000,0.000000,1.000000,1.000000,0.200000,2109.688965,0.000000,0.000000,0.200000,188.697968,-0.100000,1.000000,
36.193241,3,1.000000,0.000000,0.450000,-0.300000,1.000000,0.000000,1.000000,1.000000,0.200000,2109.722900,0.000000,0.000000,0.200000,188.785660,-0.100000,0.900000,
36.231367,3,1.000000,0.000000,0.450000,-0.300000,1.000000,0.000000,1.000000,1.000000,0.200000,2109.766113,0.000000,0.000000,0.200000,188.645798,-0.100000,1.000000,
36.272672,3,1.000000,0.000000,0.450000,-0.300000,1.000000,0.000000,1.000000,1.000000,0.200000,2109.811035,0.000000,0.000000,0.200000,188.588959,-0.100000,1.000000,
36.312689,3,1.000000,0.000000,0.450000,-0.300000,1.000000,0.000000,1.000000,1.000000,0.200000,2109.845947,0.000000,0.000000,0.200000,188.676407,-0.100000,1.000000,
36.353460,3,1.000000,0.000000,0.450000,-0.300000,1.000000,0.000000,1.000000,1.000000,0.200000,2109.885010,0.000000,0.000000,0.200000,188.649887,-0.100000,1.000000,
36.393408,3,1.000000,0.000000,0.450000,-0.300000,1.000000,0.000000,1.000000,1.000000,0.200000,2109.926025,0.000000,0.000000,0.200000,188.559113,-0.100000,0.900000,
36.434570,3,1.000000,0.000000,0.450000,-0.300000,1.000000,0.000000,1.000000,1.000000,0.200000,2109.967041,0.000000,0.000000,0.200000,188.567352,-0.100000,0.900000,
36.470511,3,1.000000,0.000000,0.450000,-0.300000,1.000000,0.000000,1.000000,1.000000,0.200000,2110.006104,0.000000,0.000000,0.200000,188.603760,-0.100000,0.900000,
36.514920,3,1.000000,0.000000,0.450000,-0.300000,1.000000,0.000000,1.000000,1.000000,0.200000,2110.048096,0.000000,0.000000,0.200000,188.546524,-0.100000,0.900000,
36.554466,3,1.000000,0.000000,0.450000,-0.300000,1.000000,0.000000,1.000000,1.000000,0.200000,2110.089111,0.000000,0.000000,0.200000,188.508545,-0.200000,0.900000,
36.591875,3,1.000000,0.000000,0.450000,-0.300000,1.000000,0.000000,1.000000,1.000000,0.200000,2110.124023,0.000000,0.000000,0.200000,188.534897,-0.200000,0.900000,
36.632339,3,1.000000,0.000000,0.450000,-0.300000,1.000000,0.000000,1.000000,1.000000,0.200000,2110.165039,0.000000,0.000000,0.200000,188.522736,-0.200000,0.900000,
36.674131,3,1.000000,0.000000,0.450000,-0.300000,1.000000,0.000000,1.000000,1.000000,0.200000,2110.207031,0.000000,0.000000,0.200000,188.477646,-0.200000,0.900000,
36.713441,3,1.000000,0.000000,0.450000,-0.300000,1.000000,0.000000,1.000000,1.000000,0.200000,2110.249023,0.000000,0.000000,0.200000,188.475250,-0.200000,0.900000,
36.755345,3,1.000000,0.000000,0.450000,-0.300000,1.000000,0.000000,1.000000,1.000000,0.200000,2110.289062,0.000000,0.000000,0.200000,188.484299,-0.200000,0.900000,
36.794896,3,1.000000,0.000000,0.450000,-0.300000,1.000000,0.000000,1.000000,1.000000,0.200000,2110.329102,0.000000,0.000000,0.200000,188.458771,-0.200000,0.900000,
36.835220,3,1.000000,0.000000,0.450000,-0.300000,1.000000,0.000000,1.000000,1.000000,0.200000,2110.368896,0.000000,0.000000,0.200000,188.439056,-0.200000,0.900000,
36.873056,3,1.000000,0.000000,0.450000,-0.300000,1.000000,0.000000,1.000000,1.000000,0.200000,2110.403076,0.000000,0.000000,0.200000,188.445389,-0.200000,0.900000,
36.910080,3,1.000000,0.000000,0.450000,-0.300000,1.000000,0.000000,1.000000,1.000000,0.200000,2110.446045,0.000000,0.000000,0.200000,188.428223,-0.200000,0.900000,
36.954531,3,1.000000,0.000000,0.450000,-0.300000,1.000000,0.000000,1.000000,1.000000,0.200000,2110.483887,0.000000,0.000000,0.200000,188.396606,-0.200000,0.900000,
36.991779,3,1.000000,0.000000,0.450000,-0.300000,1.000000,0.000000,1.000000,1.000000,0.200000,2110.525879,0.000000,0.000000,0.200000,188.390076,-0.200000,0.900000,
37.035228,3,1.000000,0.000000,0.450000,-0.300000,1.000000,0.000000,1.000000,1.000000,0.200000,2110.565918,0.000000,0.000000,0.200000,188.385223,-0.200000,0.900000,
37.075343,3,1.000000,0.000000,0.450000,-0.300000,1.000000,0.000000,1.000000,1.000000,0.200000,2110.858887,0.000000,0.000000,0.200000,188.361923,-0.200000,0.900000,
37.112031,3,1.000000,0.000000,0.450000,-0.300000,1.000000,0.000000,1.000000,1.000000,0.200000,2111.319092,0.000000,0.000000,0.200000,188.340790,-0.200000,0.900000,
37.151094,3,1.000000,0.000000,0.450000,-0.300000,1.000000,0.000000,1.000000,1.000000,0.200000,2110.684082,0.000000,0.000000,0.200000,188.337448,-0.200000,0.900000,
37.191386,3,1.000000,0.000000,0.450000,-0.300000,1.000000,0.000000,1.000000,1.000000,0.200000,2110.727051,0.000000,0.000000,0.200000,188.325699,-0.200000,0.900000,
37.237687,3,1.000000,0.000000,0.450000,-0.300000,1.000000,0.000000,1.000000,1.000000,0.200000,2110.770020,0.000000,0.000000,0.200000,188.303207,-0.200000,0.800000,
37.276891,3,1.000000,0.000000,0.450000,-0.300000,1.000000,0.000000,1.000000,1.000000,0.200000,2110.810059,0.000000,0.000000,0.200000,188.295349,-0.200000,0.800000,
37.311360,3,1.000000,0.000000,0.450000,-0.300000,1.000000,0.000000,1.000000,1.000000,0.200000,2110.852051,0.000000,0.000000,0.200000,188.285675,-0.200000,0.800000,
37.353197,3,1.000000,0.000000,0.450000,-0.300000,1.000000,0.000000,1.000000,1.000000,0.200000,2110.882080,0.000000,0.000000,0.200000,188.264923,-0.300000,0.800000,
37.390488,3,1.000000,0.000000,0.450000,-0.300000,1.000000,0.000000,1.000000,1.000000,0.200000,2110.920898,0.000000,0.000000,0.200000,188.247879,-0.300000,0.800000,
37.431205,3,1.000000,0.000000,0.450000,-0.300000,1.000000,0.000000,1.000000,1.000000,0.200000,2110.967041,0.000000,0.000000,0.200000,188.239380,-0.300000,0.800000,
37.472618,3,1.000000,0.000000,0.450000,-0.300000,1.000000,0.000000,1.000000,1.000000,0.200000,2111.007080,0.000000,0.000000,0.200000,188.224899,-0.300000,0.800000,
37.512800,3,1.000000,0.000000,0.450000,-0.300000,1.000000,0.000000,1.000000,1.000000,0.200000,2111.048096,0.000000,0.000000,0.200000,188.210419,-0.300000,0.800000,
37.554736,3,1.000000,0.000000,0.450000,-0.300000,1.000000,0.000000,1.000000,1.000000,0.200000,2111.089111,0.000000,0.000000,0.200000,188.201797,-0.300000,0.800000,
37.594952,3,1.000000,0.000000,0.450000,-0.300000,1.000000,0.000000,1.000000,1.000000,0.200000,2111.131104,0.000000,0.000000,0.200000,188.188370,-0.300000,0.800000,
37.634169,3,1.000000,0.000000,0.450000,-0.300000,1.000000,0.000000,1.000000,1.000000,0.200000,2111.163086,0.000000,0.000000,0.200000,188.168839,-0.300000,0.800000,
37.670227,3,1.000000,0.000000,0.450000,-0.300000,1.000000,0.000000,1.000000,1.000000,0.200000,2111.207031,0.000000,0.000000,0.200000,188.161316,-0.300000,0.800000,
37.707384,3,1.000000,0.000000,0.450000,-0.300000,1.000000,0.000000,1.000000,1.000000,0.200000,2111.250000,0.000000,0.000000,0.200000,188.150436,-0.300000,0.800000,
37.754172,3,1.000000,0.000000,0.450000,-0.300000,1.000000,0.000000,1.000000,1.000000,0.200000,2111.289062,0.000000,0.000000,0.200000,188.137329,-0.300000,0.800000,
37.792256,3,1.000000,0.000000,0.450000,-0.300000,1.000000,0.000000,1.000000,1.000000,0.200000,2111.322998,0.000000,0.000000,0.200000,188.124435,-0.300000,0.700000,
37.834278,3,1.000000,0.000000,0.450000,-0.300000,1.000000,0.000000,1.000000,1.000000,0.200000,2111.364014,0.000000,0.000000,0.200000,188.110077,-0.300000,0.700000,
37.868720,3,1.000000,0.000000,0.450000,-0.300000,1.000000,0.000000,1.000000,1.000000,0.200000,2111.407959,0.000000,0.000000,0.200000,188.100662,-0.400000,0.700000,
37.913953,3,1.000000,0.000000,0.450000,-0.300000,1.000000,0.000000,1.000000,1.000000,0.200000,2111.447998,0.000000,0.000000,0.200000,188.087997,-0.400000,0.700000,
37.955427,3,1.000000,0.000000,0.450000,-0.300000,1.000000,0.000000,1.000000,1.000000,0.200000,2111.489014,0.000000,0.000000,0.200000,188.075272,-0.400000,0.700000,
37.995332,3,1.000000,0.000000,0.450000,-0.300000,1.000000,0.000000,1.000000,1.000000,0.200000,2111.523926,0.000000,0.000000,0.200000,188.036697,-0.400000,0.700000,
38.033950,3,1.000000,0.000000,0.450000,-0.300000,1.000000,0.000000,1.000000,1.000000,0.200000,2111.570068,0.000000,0.000000,0.200000,188.149719,-0.300000,0.600000,
38.073427,3,1.000000,0.000000,0.450000,-0.300000,1.000000,0.000000,1.000000,1.000000,0.200000,2111.868896,0.000000,0.000000,0.200000,188.392441,-0.100000,0.400000,
38.116413,3,1.000000,0.000000,0.450000,-0.300000,1.000000,0.000000,1.000000,1.000000,0.200000,2112.299072,0.000000,0.000000,0.200000,188.433273,-0.000000,-0.000000,
38.151637,3,1.000000,0.000000,0.450000,-0.300000,1.000000,0.000000,1.000000,1.000000,0.200000,2111.684082,0.000000,0.000000,0.200000,188.446075,0.100000,-0.700000,
38.194186,3,1.000000,0.000000,0.450000,-0.300000,1.000000,0.000000,1.000000,1.000000,0.200000,2111.725098,0.000000,0.000000,0.200000,188.622574,0.000000,-1.600000,
38.232484,3,1.000000,0.000000,0.450000,-0.300000,1.000000,0.000000,1.000000,1.000000,0.200000,2111.768066,0.000000,0.000000,0.200000,189.088852,0.000000,-2.200000,
38.272931,3,1.000000,0.000000,0.450000,-0.300000,1.000000,0.000000,1.000000,1.000000,0.200000,2111.802002,0.000000,0.000000,0.200000,189.668030,-0.100000,-2.300000,
38.309562,3,1.000000,0.000000,0.450000,-0.300000,1.000000,0.000000,1.000000,1.000000,0.200000,2111.843994,0.000000,0.000000,0.200000,190.381180,-0.400000,-2.100000,
38.354424,3,1.000000,0.000000,0.450000,-0.300000,1.000000,0.000000,1.000000,1.000000,0.200000,2111.885010,0.000000,0.000000,0.200000,191.072601,-0.700000,-1.700000,
38.390135,3,1.000000,0.000000,0.450000,-0.300000,1.000000,0.000000,1.000000,1.000000,0.200000,2111.928955,0.000000,0.000000,0.200000,191.853149,-0.700000,-1.300000,
38.433512,3,1.000000,0.000000,0.450000,-0.300000,1.000000,0.000000,1.000000,1.000000,0.200000,2111.971924,0.000000,0.000000,0.200000,192.635376,-0.700000,-1.200000,
38.469714,3,1.000000,0.000000,0.450000,-0.300000,1.000000,0.000000,1.000000,1.000000,0.230000,2112.004883,0.000000,0.000000,0.230000,193.139999,-0.100000,-0.700000,
38.513554,3,1.000000,0.000000,0.450000,-0.300000,1.000000,0.000000,1.000000,1.000000,0.230000,2112.047119,0.000000,0.000000,0.230000,193.386383,1.400000,-0.000000,
38.552348,3,1.000000,0.000000,0.450000,-0.300000,1.000000,0.000000,1.000000,1.000000,0.230000,2112.091064,0.000000,0.000000,0.230000,193.643738,3.800000,1.700000,
38.593835,3,1.000000,0.000000,0.450000,-0.300000,1.000000,0.000000,1.000000,1.000000,0.270000,2112.125000,0.000000,0.000000,0.270000,193.916153,6.000000,4.600000,
38.633917,3,1.000000,0.000000,0.450000,-0.300000,1.000000,0.000000,1.000000,1.000000,0.270000,2112.167969,0.000000,0.000000,0.270000,194.107056,7.500000,6.900000,
38.673081,3,1.000000,0.000000,0.450000,-0.300000,1.000000,0.000000,1.000000,1.000000,0.300000,2112.209961,0.000000,0.000000,0.300000,194.237045,8.600000,8.200000,
38.713017,3,1.000000,0.000000,0.450000,-0.300000,1.000000,0.000000,1.000000,1.000000,0.300000,2112.242920,0.000000,0.000000,0.300000,194.275253,9.200000,8.800000,
38.756868,3,1.000000,0.000000,0.450000,-0.300000,1.000000,0.000000,1.000000,1.000000,0.300000,2112.285889,0.000000,0.000000,0.300000,194.190750,9.400000,9.100000,
38.792138,3,1.000000,0.000000,0.450000,-0.300000,1.000000,0.000000,1.000000,1.000000,0.330000,2112.331055,0.000000,0.000000,0.330000,193.986145,9.300000,8.900000,
38.832577,3,1.000000,0.000000,0.450000,-0.300000,1.000000,0.000000,1.000000,1.000000,0.330000,2112.364014,0.000000,0.000000,0.330000,193.726227,9.300000,8.300000,
38.871185,3,1.000000,0.000000,0.450000,-0.300000,1.000000,0.000000,1.000000,1.000000,0.350000,2112.406982,0.000000,0.000000,0.350000,193.474075,9.100000,7.700000,
38.912137,3,1.000000,0.000000,0.450000,-0.300000,1.000000,0.000000,1.000000,1.000000,0.350000,2112.451904,0.000000,0.000000,0.350000,193.155518,8.800000,7.400000,
38.955872,3,1.000000,0.000000,0.450000,-0.300000,1.000000,0.000000,1.000000,1.000000,0.350000,2112.489990,0.000000,0.000000,0.350000,192.885025,8.300000,7.400000,
38.998323,3,1.000000,0.000000,0.450000,-0.300000,1.000000,0.000000,1.000000,1.000000,0.360000,2112.525879,0.000000,0.000000,0.360000,192.590088,7.500000,7.700000,
39.034816,3,1.000000,0.000000,0.450000,-0.300000,1.000000,0.000000,1.000000,1.000000,0.360000,2112.569092,0.000000,0.000000,0.360000,192.268982,6.300000,8.100000,
39.073519,3,1.000000,0.000000,0.450000,-0.300000,1.000000,0.000000,1.000000,1.000000,0.350000,2112.888916,0.000000,0.000000,0.350000,191.964294,5.400000,8.000000,
39.114146,3,1.000000,0.000000,0.450000,-0.300000,1.000000,0.000000,1.000000,1.000000,0.360000,2113.208984,0.000000,0.000000,0.360000,191.720566,4.900000,7.600000,
39.154198,3,1.000000,0.000000,0.450000,-0.300000,1.000000,0.000000,1.000000,1.000000,0.360000,2112.685059,0.000000,0.000000,0.360000,191.551865,4.800000,7.200000,
39.194259,3,1.000000,0.000000,0.450000,-0.300000,1.000000,0.000000,1.000000,1.000000,0.370000,2112.725098,0.000000,0.000000,0.370000,191.372787,4.700000,6.500000,
39.236153,3,1.000000,0.000000,0.450000,-0.300000,1.000000,0.000000,1.000000,1.000000,0.370000,2112.766113,0.000000,0.000000,0.370000,191.210083,4.500000,5.900000,
39.269178,3,1.000000,0.000000,0.450000,-0.300000,1.000000,0.000000,1.000000,1.000000,0.380000,2112.806885,0.000000,0.000000,0.380000,191.058075,4.400000,5.400000,
39.313329,3,1.000000,0.000000,0.450000,-0.300000,1.000000,0.000000,1.000000,1.000000,0.380000,2112.852051,0.000000,0.000000,0.380000,190.938385,4.700000,4.600000,
39.352412,3,1.000000,0.000000,0.450000,-0.300000,1.000000,0.000000,1.000000,1.000000,0.380000,2112.883057,0.000000,0.000000,0.380000,190.831985,5.200000,3.500000,
39.390896,3,1.000000,0.000000,0.450000,-0.300000,1.000000,0.000000,1.000000,1.000000,0.380000,2112.924072,0.000000,0.000000,0.380000,190.733078,5.600000,2.300000,
39.436564,3,1.000000,0.000000,0.450000,-0.300000,1.000000,0.000000,1.000000,1.000000,0.380000,2112.969971,0.000000,0.000000,0.380000,190.656906,6.100000,1.300000,
39.477425,3,1.000000,0.000000,0.450000,-0.300000,1.000000,0.000000,1.000000,1.000000,0.400000,2113.004883,0.000000,0.000000,0.400000,190.584671,6.800000,0.600000,
39.513820,3,1.000000,0.000000,0.450000,-0.300000,1.000000,0.000000,1.000000,1.000000,0.400000,2113.045898,0.000000,0.000000,0.400000,190.523544,7.500000,0.100000,
39.553668,3,1.000000,0.000000,0.450000,-0.300000,1.000000,0.000000,1.000000,1.000000,0.400000,2113.086914,0.000000,0.000000,0.400000,190.442169,8.100000,-0.200000,
39.589816,3,1.000000,0.000000,0.450000,-0.300000,1.000000,0.000000,1.000000,1.000000,0.420000,2113.128906,0.000000,0.000000,0.420000,190.363419,8.400000,-0.500000,
39.634395,3,1.000000,0.000000,0.450000,-0.300000,1.000000,0.000000,1.000000,1.000000,0.420000,2113.168945,0.000000,0.000000,0.420000,190.282913,8.600000,-0.700000,
39.670055,3,1.000000,0.000000,0.450000,-0.300000,1.000000,0.000000,1.000000,1.000000,0.440000,2113.201904,0.000000,0.000000,0.440000,190.192123,8.100000,-0.900000,
39.713300,3,1.000000,0.000000,0.450000,-0.300000,1.000000,0.000000,1.000000,1.000000,0.440000,2113.243896,0.000000,0.000000,0.440000,190.168121,6.500000,-0.700000,
39.754124,3,1.000000,0.000000,0.450000,-0.300000,1.000000,0.000000,1.000000,1.000000,0.440000,2113.290039,0.000000,0.000000,0.440000,190.149017,4.300000,0.400000,
39.792557,3,1.000000,0.000000,0.450000,-0.300000,1.000000,0.000000,1.000000,1.000000,0.460000,2113.322998,0.000000,0.000000,0.460000,190.081619,2.500000,1.400000,
39.835640,3,1.000000,0.000000,0.450000,-0.300000,1.000000,0.000000,1.000000,1.000000,0.460000,2113.367920,0.000000,0.000000,0.460000,189.934341,1.400000,1.600000,
39.875786,3,1.000000,0.000000,0.450000,-0.300000,1.000000,0.000000,1.000000,1.000000,0.460000,2113.409912,0.000000,0.000000,0.460000,189.793198,1.000000,1.400000,
39.912001,3,1.000000,0.000000,0.450000,-0.300000,1.000000,0.000000,1.000000,1.000000,0.460000,2113.446045,0.000000,0.000000,0.460000,189.660812,1.000000,1.200000,
39.953257,3,1.000000,0.000000,0.450000,-0.300000,1.000000,0.000000,1.000000,1.000000,0.460000,2113.489990,0.000000,0.000000,0.460000,189.530502,1.000000,0.800000,
39.992773,3,1.000000,0.000000,0.450000,-0.300000,1.000000,0.000000,1.000000,1.000000,0.470000,2113.525879,0.000000,0.000000,0.470000,189.418015,0.900000,0.200000,
40.034064,3,1.000000,0.000000,0.450000,-0.300000,1.000000,0.000000,1.000000,1.000000,0.470000,2113.571045,0.000000,0.000000,0.470000,189.297073,0.800000,-0.400000,
40.075755,3,1.000000,0.000000,0.450000,-0.300000,1.000000,0.000000,1.000000,1.000000,0.520000,2113.888916,0.000000,0.000000,0.520000,189.197327,0.800000,-0.600000,
40.113378,3,1.000000,0.000000,0.450000,-0.300000,1.000000,0.000000,1.000000,1.000000,0.520000,2114.218994,0.000000,0.000000,0.520000,189.101486,0.600000,-0.800000,
40.151712,3,1.000000,0.000000,0.450000,-0.300000,1.000000,0.000000,1.000000,1.000000,0.520000,2113.686035,0.000000,0.000000,0.520000,189.036438,0.300000,-0.900000,
40.193051,3,1.000000,0.000000,0.450000,-0.300000,1.000000,0.000000,1.000000,1.000000,0.490000,2113.725098,0.000000,0.000000,0.490000,188.966599,-0.200000,-1.000000,
40.233573,3,1.000000,0.000000,0.450000,-0.300000,1.000000,0.000000,1.000000,1.000000,0.490000,2113.766113,0.000000,0.000000,0.490000,188.923340,-0.800000,-0.900000,
40.272504,3,1.000000,0.000000,0.450000,-0.300000,1.000000,0.000000,1.000000,1.000000,0.500000,2113.806885,0.000000,0.000000,0.500000,188.860703,-1.400000,-0.900000,
40.312890,3,1.000000,0.000000,0.450000,-0.300000,1.000000,0.000000,1.000000,1.000000,0.500000,2113.846924,0.000000,0.000000,0.500000,188.836121,-1.800000,-1.000000,
40.351249,3,1.000000,0.000000,0.450000,-0.300000,1.000000,0.000000,1.000000,1.000000,0.500000,2113.889893,0.000000,0.000000,0.500000,188.786850,-1.800000,-1.100000,
40.393078,3,1.000000,0.000000,0.450000,-0.300000,1.000000,0.000000,1.000000,1.000000,0.500000,2113.919922,0.000000,0.000000,0.500000,188.738174,-1.400000,-1.200000,
40.433373,3,1.000000,0.000000,0.450000,-0.300000,1.000000,0.000000,1.000000,1.000000,0.500000,2113.961914,0.000000,0.000000,0.500000,188.706955,-1.000000,-1.400000,
40.475537,3,1.000000,0.000000,0.450000,-0.300000,1.000000,0.000000,1.000000,1.000000,0.520000,2114.008057,0.000000,0.000000,0.520000,188.690750,-1.000000,-1.800000,
40.514070,3,1.000000,0.000000,0.450000,-0.300000,1.000000,0.000000,1.000000,1.000000,0.520000,2114.041992,0.000000,0.000000,0.520000,188.680771,-1.100000,-2.800000,
40.551545,3,1.000000,0.000000,0.450000,-0.300000,1.000000,0.000000,1.000000,1.000000,0.520000,2114.085938,0.000000,0.000000,0.520000,188.684021,-1.100000,-3.400000,
40.594908,3,1.000000,0.000000,0.450000,-0.300000,1.000000,0.000000,1.000000,1.000000,0.520000,2114.129883,0.000000,0.000000,0.520000,188.708420,-1.100000,-3.700000,
40.631496,3,1.000000,0.000000,0.450000,-0.300000,1.000000,0.000000,1.000000,1.000000,0.520000,2114.170898,0.000000,0.000000,0.520000,188.720016,-1.100000,-3.800000,
40.673367,3,1.000000,0.000000,0.450000,-0.300000,1.000000,0.000000,1.000000,1.000000,0.530000,2114.200928,0.000000,0.000000,0.530000,188.734329,-1.200000,-3.500000,
40.712593,3,1.000000,0.000000,0.450000,-0.300000,1.000000,0.000000,1.000000,1.000000,0.530000,2114.242920,0.000000,0.000000,0.530000,188.752945,-1.200000,-2.800000,
40.752881,3,1.000000,0.000000,0.450000,-0.300000,1.000000,0.000000,1.000000,1.000000,0.530000,2114.284912,0.000000,0.000000,0.530000,188.778290,-1.400000,-2.200000,
40.793184,3,1.000000,0.000000,0.450000,-0.300000,1.000000,0.000000,1.000000,1.000000,0.540000,2114.325928,0.000000,0.000000,0.540000,188.787888,-1.600000,-1.700000,
40.831281,3,1.000000,0.000000,0.450000,-0.300000,1.000000,0.000000,1.000000,1.000000,0.540000,2114.370117,0.000000,0.000000,0.540000,188.801926,-1.700000,-1.400000,
40.876434,3,1.000000,0.000000,0.450000,-0.300000,1.000000,0.000000,1.000000,1.000000,0.550000,2114.414062,0.000000,0.000000,0.550000,188.800446,-1.900000,-1.200000,
40.911820,3,1.000000,0.000000,0.450000,-0.300000,1.000000,0.000000,1.000000,1.000000,0.550000,2114.447021,0.000000,0.000000,0.550000,188.819138,-2.400000,-1.000000,
40.954554,3,1.000000,0.000000,0.450000,-0.300000,1.000000,0.000000,1.000000,1.000000,0.550000,2114.483887,0.000000,0.000000,0.550000,188.851669,-3.000000,-0.700000,
40.994792,3,1.000000,0.000000,0.450000,-0.300000,1.000000,0.000000,1.000000,1.000000,0.550000,2114.523926,0.000000,0.000000,0.550000,188.865921,-3.500000,-0.500000,
41.037336,3,1.000000,0.000000,0.450000,-0.300000,1.000000,0.000000,1.000000,1.000000,0.550000,2114.569092,0.000000,0.000000,0.550000,188.875336,-3.600000,-0.400000,
41.071507,3,1.000000,0.000000,0.450000,-0.300000,1.000000,0.000000,1.000000,1.000000,0.550000,2114.878906,0.000000,0.000000,0.550000,188.865707,-3.800000,-0.500000,
41.110903,3,1.000000,0.000000,0.450000,-0.300000,1.000000,0.000000,1.000000,1.000000,0.550000,2115.299072,0.000000,0.000000,0.550000,188.856400,-3.900000,-0.500000,
41.149082,3,1.000000,0.000000,0.450000,-0.300000,1.000000,0.000000,1.000000,1.000000,0.550000,2114.684082,0.000000,0.000000,0.550000,188.849915,-3.900000,-0.500000,
41.195255,3,1.000000,0.000000,0.450000,-0.300000,1.000000,0.000000,1.000000,1.000000,0.560000,2114.724121,0.000000,0.000000,0.560000,188.844025,-3.900000,-0.500000,
41.234925,3,1.000000,0.000000,0.450000,-0.300000,1.000000,0.000000,1.000000,1.000000,0.560000,2114.764893,0.000000,0.000000,0.560000,188.856796,-4.000000,-0.600000,
41.271011,3,1.000000,0.000000,0.450000,-0.300000,1.000000,0.000000,1.000000,1.000000,0.550000,2114.806885,0.000000,0.000000,0.550000,188.872406,-4.200000,-0.600000,
41.315019,3,1.000000,0.000000,0.450000,-0.300000,1.000000,0.000000,1.000000,1.000000,0.550000,2114.853027,0.000000,0.000000,0.550000,188.892776,-4.500000,-0.600000,
41.356067,3,1.000000,0.000000,0.450000,-0.300000,1.000000,0.000000,1.000000,1.000000,0.550000,2114.885986,0.000000,0.000000,0.550000,188.918015,-4.800000,-0.600000,
41.394198,3,1.000000,0.000000,0.450000,-0.300000,1.000000,0.000000,1.000000,1.000000,0.560000,2114.924072,0.000000,0.000000,0.560000,188.925583,-4.800000,-0.500000,
41.433726,3,1.000000,0.000000,0.450000,-0.300000,1.000000,0.000000,1.000000,1.000000,0.560000,2114.967041,0.000000,0.000000,0.560000,188.932480,-4.700000,-0.500000,
41.475737,3,1.000000,0.000000,0.450000,-0.300000,1.000000,0.000000,1.000000,1.000000,0.560000,2115.007080,0.000000,0.000000,0.560000,188.937454,-4.800000,-0.600000,
41.511586,3,1.000000,0.000000,0.450000,-0.300000,1.000000,0.000000,1.000000,1.000000,0.560000,2115.052002,0.000000,0.000000,0.560000,188.948166,-5.100000,-0.600000,
41.551358,3,1.000000,0.000000,0.450000,-0.300000,1.000000,0.000000,1.000000,1.000000,0.560000,2115.082031,0.000000,0.000000,0.560000,188.956711,-5.300000,-0.500000,
41.596796,3,1.000000,0.000000,0.450000,-0.300000,1.000000,0.000000,1.000000,1.000000,0.570000,2115.132080,0.000000,0.000000,0.570000,188.943542,-5.200000,-0.300000,
41.632057,3,1.000000,0.000000,0.450000,-0.300000,1.000000,0.000000,1.000000,1.000000,0.570000,2115.166992,0.000000,0.000000,0.570000,188.926559,-4.400000,-0.200000,
41.671667,3,1.000000,0.000000,0.450000,-0.300000,1.000000,0.000000,1.000000,1.000000,0.580000,2115.208008,0.000000,0.000000,0.580000,188.896103,-3.200000,-0.100000,
41.712750,3,1.000000,0.000000,0.450000,-0.300000,1.000000,0.000000,1.000000,1.000000,0.580000,2115.251953,0.000000,0.000000,0.580000,188.869324,-1.800000,-0.200000,
41.751559,3,1.000000,0.000000,0.450000,-0.300000,1.000000,0.000000,1.000000,1.000000,0.580000,2115.282959,0.000000,0.000000,0.580000,188.852203,-0.900000,-0.300000,
41.792806,3,1.000000,0.000000,0.450000,-0.300000,1.000000,0.000000,1.000000,1.000000,0.580000,2115.322021,0.000000,0.000000,0.580000,188.869659,-0.300000,-0.200000,
41.835524,3,1.000000,0.000000,0.450000,-0.300000,1.000000,0.000000,1.000000,1.000000,0.580000,2115.365967,0.000000,0.000000,0.580000,188.863541,0.100000,-0.000000,
41.873089,3,1.000000,0.000000,0.450000,-0.300000,1.000000,0.000000,1.000000,1.000000,0.590000,2115.407959,0.000000,0.000000,0.590000,188.857681,0.300000,0.000000,
41.913741,3,1.000000,0.000000,0.450000,-0.300000,1.000000,0.000000,1.000000,1.000000,0.590000,2115.444092,0.000000,0.000000,0.590000,188.843475,0.500000,-0.100000,
41.952695,3,1.000000,0.000000,0.450000,-0.300000,1.000000,0.000000,1.000000,1.000000,0.590000,2115.486084,0.000000,0.000000,0.590000,188.840973,0.600000,-0.100000,
41.993705,3,1.000000,0.000000,0.450000,-0.300000,1.000000,0.000000,1.000000,1.000000,0.590000,2115.520020,0.000000,0.000000,0.590000,188.832153,0.400000,-0.100000,
42.033881,3,1.000000,0.000000,0.450000,-0.300000,1.000000,0.000000,1.000000,1.000000,0.590000,2115.571045,0.000000,0.000000,0.590000,188.906174,0.400000,-0.100000,
42.079633,3,1.000000,0.000000,0.450000,-0.300000,1.000000,0.000000,1.000000,1.000000,0.590000,2115.829102,0.000000,0.000000,0.590000,189.197327,0.600000,-0.200000,
42.114793,3,1.000000,0.000000,0.450000,-0.300000,1.000000,0.000000,1.000000,1.000000,0.590000,2116.279053,0.000000,0.000000,0.590000,189.451691,0.800000,-0.300000,
42.151363,3,1.000000,0.000000,0.450000,-0.300000,1.000000,0.000000,1.000000,1.000000,0.590000,2115.689941,0.000000,0.000000,0.590000,189.779495,0.900000,-0.300000,
42.193859,3,1.000000,0.000000,0.450000,-0.300000,1.000000,0.000000,1.000000,1.000000,0.590000,2115.726074,0.000000,0.000000,0.590000,190.256912,0.800000,-0.300000,
42.234837,3,1.000000,0.000000,0.450000,-0.300000,1.000000,0.000000,1.000000,1.000000,0.590000,2115.767090,0.000000,0.000000,0.590000,190.904266,0.700000,-0.300000,
42.272334,3,1.000000,0.000000,0.450000,-0.300000,1.000000,0.000000,1.000000,1.000000,0.590000,2115.806885,0.000000,0.000000,0.590000,191.735245,0.600000,-0.300000,
42.311773,3,1.000000,0.000000,0.450000,-0.300000,1.000000,0.000000,1.000000,1.000000,0.590000,2115.844971,0.000000,0.000000,0.590000,192.332993,0.600000,-0.300000,
42.351509,3,1.000000,0.000000,0.450000,-0.300000,1.000000,0.000000,1.000000,1.000000,0.590000,2115.887939,0.000000,0.000000,0.590000,194.196594,0.800000,-0.300000,
42.393231,3,1.000000,0.000000,0.450000,-0.300000,1.000000,0.000000,1.000000,1.000000,0.580000,2115.931885,0.000000,0.000000,0.580000,195.384766,0.900000,-0.200000,
42.434500,3,1.000000,0.000000,0.450000,-0.300000,1.000000,0.000000,1.000000,1.000000,0.580000,2115.965088,0.000000,0.000000,0.580000,196.250748,0.800000,-0.100000,
42.475389,3,1.000000,0.000000,0.450000,-0.300000,1.000000,0.000000,1.000000,1.000000,0.580000,2116.007080,0.000000,0.000000,0.580000,196.738754,0.600000,0.200000,
42.514350,3,1.000000,0.000000,0.450000,-0.300000,1.000000,0.000000,1.000000,1.000000,0.580000,2116.049072,0.000000,0.000000,0.580000,196.987549,0.500000,0.400000,
42.558427,3,1.000000,0.000000,0.450000,-0.300000,1.000000,0.000000,1.000000,1.000000,0.580000,2116.091064,0.000000,0.000000,0.580000,197.181015,0.600000,0.400000,
42.594006,3,1.000000,0.000000,0.450000,-0.300000,1.000000,0.000000,1.000000,1.000000,0.580000,2116.123047,0.000000,0.000000,0.580000,197.294617,0.700000,0.300000,
42.632379,3,1.000000,0.000000,0.450000,-0.300000,1.000000,0.000000,1.000000,1.000000,0.580000,2116.166016,0.000000,0.000000,0.580000,197.354675,0.600000,0.200000,
42.673679,3,1.000000,0.000000,0.450000,-0.300000,1.000000,0.000000,1.000000,1.000000,0.570000,2116.205078,0.000000,0.000000,0.570000,197.383316,0.500000,0.200000,
42.716242,3,1.000000,0.000000,0.450000,-0.300000,1.000000,0.000000,1.000000,1.000000,0.570000,2116.248047,0.000000,0.000000,0.570000,197.387329,0.300000,0.300000,
42.756699,3,1.000000,0.000000,0.450000,-0.300000,1.000000,0.000000,1.000000,1.000000,0.570000,2116.289062,0.000000,0.000000,0.570000,197.361450,0.200000,0.200000,
42.791950,3,1.000000,0.000000,0.450000,-0.300000,1.000000,0.000000,1.000000,1.000000,0.580000,2116.333008,0.000000,0.000000,0.580000,197.322540,-0.100000,0.200000,
42.832468,3,1.000000,0.000000,0.450000,-0.300000,1.000000,0.000000,1.000000,1.000000,0.580000,2116.364014,0.000000,0.000000,0.580000,197.269333,-0.500000,0.200000,
42.873109,3,1.000000,0.000000,0.450000,-0.300000,1.000000,0.000000,1.000000,1.000000,0.570000,2116.404053,0.000000,0.000000,0.570000,197.210052,-0.800000,0.200000,
42.912403,3,1.000000,0.000000,0.450000,-0.300000,1.000000,0.000000,1.000000,1.000000,0.570000,2116.450928,0.000000,0.000000,0.570000,197.148178,-0.700000,0.200000,
42.952899,3,1.000000,0.000000,0.450000,-0.300000,1.000000,0.000000,1.000000,1.000000,0.570000,2116.483887,0.000000,0.000000,0.570000,197.071793,-0.600000,0.200000,
42.991946,3,1.000000,0.000000,0.450000,-0.300000,1.000000,0.000000,1.000000,1.000000,0.570000,2116.527100,0.000000,0.000000,0.570000,197.000336,-0.400000,0.200000,
43.032335,3,1.000000,0.000000,0.450000,-0.300000,1.000000,0.000000,1.000000,1.000000,0.570000,2116.569092,0.000000,0.000000,0.570000,196.935684,-0.200000,0.300000,
43.072763,3,1.000000,0.000000,0.450000,-0.300000,1.000000,0.000000,1.000000,1.000000,0.560000,2116.878906,0.000000,0.000000,0.560000,196.861572,0.000000,0.300000,
43.111600,3,1.000000,0.000000,0.450000,-0.300000,1.000000,0.000000,1.000000,1.000000,0.560000,2117.188965,0.000000,0.000000,0.560000,196.807693,0.200000,0.200000,
43.156463,3,1.000000,0.000000,0.450000,-0.300000,1.000000,0.000000,1.000000,1.000000,0.560000,2116.683105,0.000000,0.000000,0.560000,196.769897,0.500000,0.100000,
43.193960,3,1.000000,0.000000,0.450000,-0.300000,1.000000,0.000000,1.000000,1.000000,0.560000,2116.727051,0.000000,0.000000,0.560000,196.880386,0.600000,0.100000,
43.233380,3,1.000000,0.000000,0.450000,-0.300000,1.000000,0.000000,1.000000,1.000000,0.560000,2116.769043,0.000000,0.000000,0.560000,197.086594,0.700000,0.000000,
43.280704,3,1.000000,0.000000,0.450000,-0.300000,1.000000,0.000000,1.000000,1.000000,0.550000,2116.806885,0.000000,0.000000,0.550000,197.535278,0.800000,-0.000000,
43.314095,3,1.000000,0.000000,0.450000,-0.300000,1.000000,0.000000,1.000000,1.000000,0.550000,2116.842041,0.000000,0.000000,0.550000,198.109253,0.800000,-0.100000,
43.354987,3,1.000000,0.000000,0.450000,-0.300000,1.000000,0.000000,1.000000,1.000000,0.550000,2116.883057,0.000000,0.000000,0.550000,198.745285,0.800000,-0.100000,
43.393142,3,1.000000,0.000000,0.450000,-0.300000,1.000000,0.000000,1.000000,1.000000,0.550000,2116.930908,0.000000,0.000000,0.550000,199.361008,0.700000,-0.100000,
43.434709,3,1.000000,0.000000,0.450000,-0.300000,1.000000,0.000000,1.000000,1.000000,0.550000,2116.964111,0.000000,0.000000,0.550000,199.962433,0.600000,0.000000,
43.475834,3,1.000000,0.000000,0.450000,-0.300000,1.000000,0.000000,1.000000,1.000000,0.540000,2117.008057,0.000000,0.000000,0.540000,200.591324,0.500000,0.100000,
43.512602,3,1.000000,0.000000,0.450000,-0.300000,1.000000,0.000000,1.000000,1.000000,0.540000,2117.050049,0.000000,0.000000,0.540000,201.233582,0.600000,0.100000,
43.552258,3,1.000000,0.000000,0.450000,-0.300000,1.000000,0.000000,1.000000,1.000000,0.540000,2117.091064,0.000000,0.000000,0.540000,201.802002,0.800000,0.000000,
43.588375,3,1.000000,0.000000,0.450000,-0.300000,1.000000,0.000000,1.000000,1.000000,0.540000,2117.121094,0.000000,0.000000,0.540000,202.299850,0.900000,0.000000,
43.641584,3,1.000000,0.000000,0.450000,-0.300000,1.000000,0.000000,1.000000,1.000000,0.540000,2117.162109,0.000000,0.000000,0.540000,202.544174,0.900000,0.100000,
43.677395,3,1.000000,0.000000,0.450000,-0.300000,1.000000,0.000000,1.000000,1.000000,0.540000,2117.205078,0.000000,0.000000,0.540000,202.670639,1.100000,0.200000,
43.715593,3,1.000000,0.000000,0.450000,-0.300000,1.000000,0.000000,1.000000,1.000000,0.540000,2117.241943,0.000000,0.000000,0.540000,202.727844,1.500000,0.200000,
43.752741,3,1.000000,0.000000,0.450000,-0.300000,1.000000,0.000000,1.000000,1.000000,0.540000,2117.285889,0.000000,0.000000,0.540000,202.758667,1.800000,0.100000,
43.793535,3,1.000000,0.000000,0.450000,-0.300000,1.000000,0.000000,1.000000,1.000000,0.520000,2117.329102,0.000000,0.000000,0.520000,202.758774,2.000000,0.000000,
43.833955,3,1.000000,0.000000,0.450000,-0.300000,1.000000,0.000000,1.000000,1.000000,0.520000,2117.368896,0.000000,0.000000,0.520000,202.750626,2.100000,0.000000,
43.872333,3,1.000000,0.000000,0.450000,-0.300000,1.000000,0.000000,1.000000,1.000000,0.510000,2117.404053,0.000000,0.000000,0.510000,202.720718,2.200000,-0.000000,
43.915675,3,1.000000,0.000000,0.450000,-0.300000,1.000000,0.000000,1.000000,1.000000,0.510000,2117.449951,0.000000,0.000000,0.510000,202.665527,2.200000,-0.100000,
43.953394,3,1.000000,0.000000,0.450000,-0.300000,1.000000,0.000000,1.000000,1.000000,0.510000,2117.483887,0.000000,0.000000,0.510000,202.605331,2.100000,-0.000000,
43.996015,3,1.000000,0.000000,0.450000,-0.300000,1.000000,0.000000,1.000000,1.000000,0.520000,2117.531982,0.000000,0.000000,0.520000,202.548218,1.900000,0.000000,
44.032423,3,1.000000,0.000000,0.450000,-0.300000,1.000000,0.000000,1.000000,1.000000,0.520000,2117.565918,0.000000,0.000000,0.520000,202.480011,1.800000,-0.000000,
44.077574,3,1.000000,0.000000,0.450000,-0.300000,1.000000,0.000000,1.000000,1.000000,0.520000,2117.878906,0.000000,0.000000,0.520000,202.428772,1.800000,-0.000000,
44.114185,3,1.000000,0.000000,0.450000,-0.300000,1.000000,0.000000,1.000000,1.000000,0.520000,2118.188965,0.000000,0.000000,0.520000,202.372635,1.700000,-0.000000,
44.147624,3,1.000000,0.000000,0.450000,-0.300000,1.000000,0.000000,1.000000,1.000000,0.520000,2117.684082,0.000000,0.000000,0.520000,202.325897,1.700000,-0.000000,
44.192029,3,1.000000,0.000000,0.450000,-0.300000,1.000000,0.000000,1.000000,1.000000,0.500000,2117.725098,0.000000,0.000000,0.500000,202.290390,1.600000,-0.000000,
44.233580,3,1.000000,0.000000,0.450000,-0.300000,1.000000,0.000000,1.000000,1.000000,0.500000,2117.767090,0.000000,0.000000,0.500000,202.250641,1.600000,-0.000000,
44.272027,3,1.000000,0.000000,0.450000,-0.300000,1.000000,0.000000,1.000000,1.000000,0.500000,2117.809082,0.000000,0.000000,0.500000,202.215027,1.500000,0.000000,
44.312223,3,1.000000,0.000000,0.450000,-0.300000,1.000000,0.000000,1.000000,1.000000,0.500000,2117.849121,0.000000,0.000000,0.500000,202.183014,1.400000,0.300000,
44.357826,3,1.000000,0.000000,0.450000,-0.300000,1.000000,0.000000,1.000000,1.000000,0.500000,2117.892090,0.000000,0.000000,0.500000,202.155807,1.400000,0.500000,
44.391617,3,1.000000,0.000000,0.450000,-0.300000,1.000000,0.000000,1.000000,1.000000,0.500000,2117.926025,0.000000,0.000000,0.500000,202.137161,1.300000,0.600000,
44.433149,3,1.000000,0.000000,0.450000,-0.300000,1.000000,0.000000,1.000000,1.000000,0.500000,2117.967041,0.000000,0.000000,0.500000,202.134201,1.200000,0.500000,
44.471622,3,1.000000,0.000000,0.450000,-0.300000,1.000000,0.000000,1.000000,1.000000,0.480000,2118.007080,0.000000,0.000000,0.480000,202.128815,1.000000,0.300000,
44.512864,3,1.000000,0.000000,0.450000,-0.300000,1.000000,0.000000,1.000000,1.000000,0.480000,2118.050049,0.000000,0.000000,0.480000,202.128281,1.000000,0.300000,
44.552229,3,1.000000,0.000000,0.450000,-0.300000,1.000000,0.000000,1.000000,1.000000,0.480000,2118.089111,0.000000,0.000000,0.480000,202.126801,1.100000,0.400000,
44.591096,3,1.000000,0.000000,0.450000,-0.300000,1.000000,0.000000,1.000000,1.000000,0.480000,2118.122070,0.000000,0.000000,0.480000,202.134323,1.200000,0.700000,
44.632746,3,1.000000,0.000000,0.450000,-0.300000,1.000000,0.000000,1.000000,1.000000,0.480000,2118.163086,0.000000,0.000000,0.480000,202.140579,1.500000,1.000000,
44.671666,3,1.000000,0.000000,0.450000,-0.300000,1.000000,0.000000,1.000000,1.000000,0.480000,2118.205078,0.000000,0.000000,0.480000,202.126648,1.700000,1.100000,
44.715542,3,1.000000,0.000000,0.450000,-0.300000,1.000000,0.000000,1.000000,1.000000,0.480000,2118.247070,0.000000,0.000000,0.480000,202.122955,1.800000,1.200000,
44.749482,3,1.000000,0.000000,0.450000,-0.300000,1.000000,0.000000,1.000000,1.000000,0.480000,2118.290039,0.000000,0.000000,0.480000,202.113358,1.900000,1.400000,
44.792520,3,1.000000,0.000000,0.450000,-0.300000,1.000000,0.000000,1.000000,1.000000,0.460000,2118.333008,0.000000,0.000000,0.460000,202.092697,1.800000,1.600000,
44.834811,3,1.000000,0.000000,0.450000,-0.300000,1.000000,0.000000,1.000000,1.000000,0.460000,2118.364990,0.000000,0.000000,0.460000,202.090424,1.800000,1.700000,
44.871283,3,1.000000,0.000000,0.450000,-0.300000,1.000000,0.000000,1.000000,1.000000,0.460000,2118.407959,0.000000,0.000000,0.460000,202.105804,1.700000,2.100000,
44.913666,3,1.000000,0.000000,0.450000,-0.300000,1.000000,0.000000,1.000000,1.000000,0.460000,2118.450928,0.000000,0.000000,0.460000,202.118652,1.700000,2.400000,
44.952774,3,1.000000,0.000000,0.450000,-0.300000,1.000000,0.000000,1.000000,1.000000,0.460000,2118.486084,0.000000,0.000000,0.460000,202.113770,1.600000,2.500000,
44.996414,3,1.000000,0.000000,0.450000,-0.300000,1.000000,0.000000,1.000000,1.000000,0.450000,2118.525879,0.000000,0.000000,0.450000,202.128250,1.400000,2.100000,
45.035758,3,1.000000,0.000000,0.450000,-0.300000,1.000000,0.000000,1.000000,1.000000,0.450000,2118.570068,0.000000,0.000000,0.450000,202.134995,1.400000,1.300000,
45.071362,3,1.000000,0.000000,0.450000,-0.300000,1.000000,0.000000,1.000000,1.000000,0.450000,2118.698975,0.000000,0.000000,0.450000,202.134583,1.500000,0.900000,
45.112713,3,1.000000,0.000000,0.450000,-0.300000,1.000000,0.000000,1.000000,1.000000,0.430000,2119.239014,0.000000,0.000000,0.430000,202.123779,1.900000,0.300000,
45.152630,3,1.000000,0.000000,0.450000,-0.300000,1.000000,0.000000,1.000000,1.000000,0.430000,2118.689941,0.000000,0.000000,0.430000,202.139755,1.900000,0.100000,
45.193485,3,1.000000,0.000000,0.450000,-0.300000,1.000000,0.000000,1.000000,1.000000,0.390000,2118.721924,0.000000,0.000000,0.390000,202.151398,1.900000,0.100000,
45.231146,3,1.000000,0.000000,0.450000,-0.300000,1.000000,0.000000,1.000000,1.000000,0.390000,2118.766113,0.000000,0.000000,0.390000,202.166855,1.800000,-0.200000,
45.272491,3,1.000000,0.000000,0.450000,-0.300000,1.000000,0.000000,1.000000,1.000000,0.370000,2118.806885,0.000000,0.000000,0.370000,202.191849,1.600000,-0.500000,
45.315625,3,1.000000,0.000000,0.450000,-0.300000,1.000000,0.000000,1.000000,1.000000,0.370000,2118.847900,0.000000,0.000000,0.370000,202.226013,1.700000,-0.800000,
45.353838,3,1.000000,0.000000,0.450000,-0.300000,1.000000,0.000000,1.000000,1.000000,0.370000,2118.889893,0.000000,0.000000,0.370000,202.256165,1.600000,-1.300000,
45.390557,3,1.000000,0.000000,0.450000,-0.300000,1.000000,0.000000,1.000000,1.000000,0.370000,2118.933105,0.000000,0.000000,0.370000,202.290283,1.400000,-2.300000,
45.435669,3,1.000000,0.000000,0.450000,-0.300000,1.000000,0.000000,1.000000,1.000000,0.370000,2118.964111,0.000000,0.000000,0.370000,202.376953,1.100000,-3.600000,
45.475986,3,1.000000,0.000000,0.450000,-0.300000,1.000000,0.000000,1.000000,1.000000,0.350000,2119.008057,0.000000,0.000000,0.350000,202.488388,0.800000,-3.800000,
45.512662,3,1.000000,0.000000,0.450000,-0.300000,1.000000,0.000000,1.000000,1.000000,0.350000,2119.042969,0.000000,0.000000,0.350000,202.657394,0.400000,-3.400000,
45.550894,3,1.000000,0.000000,0.450000,-0.300000,1.000000,0.000000,1.000000,1.000000,0.350000,2119.090088,0.000000,0.000000,0.350000,202.755417,0.300000,-2.700000,
45.595571,3,1.000000,0.000000,0.450000,-0.300000,1.000000,0.000000,1.000000,1.000000,0.320000,2119.123047,0.000000,0.000000,0.320000,202.849091,0.300000,-1.800000,
45.632774,3,1.000000,0.000000,0.450000,-0.300000,1.000000,0.000000,1.000000,1.000000,0.320000,2119.169922,0.000000,0.000000,0.320000,202.931625,0.300000,-1.000000,
45.673614,3,1.000000,0.000000,0.450000,-0.300000,1.000000,0.000000,1.000000,1.000000,0.300000,2119.208984,0.000000,0.000000,0.300000,202.990860,0.200000,-0.700000,
45.715734,3,1.000000,0.000000,0.450000,-0.300000,1.000000,0.000000,1.000000,1.000000,0.300000,2119.243896,0.000000,0.000000,0.300000,203.032394,-0.100000,-0.400000,
45.753570,3,1.000000,0.000000,0.450000,-0.300000,1.000000,0.000000,1.000000,1.000000,0.300000,2119.284912,0.000000,0.000000,0.300000,203.053558,-0.500000,-0.200000,
45.791641,3,1.000000,0.000000,0.450000,-0.300000,1.000000,0.000000,1.000000,1.000000,0.290000,2119.324951,0.000000,0.000000,0.290000,203.050034,-0.500000,0.100000,
45.833411,3,1.000000,0.000000,0.450000,-0.300000,1.000000,0.000000,1.000000,1.000000,0.290000,2119.366943,0.000000,0.000000,0.290000,203.039825,-0.100000,0.300000,
45.870902,3,1.000000,0.000000,0.450000,-0.300000,1.000000,0.000000,1.000000,1.000000,0.280000,2119.406982,0.000000,0.000000,0.280000,203.012161,0.500000,0.200000,
45.914081,3,1.000000,0.000000,0.450000,-0.300000,1.000000,0.000000,1.000000,1.000000,0.280000,2119.448975,0.000000,0.000000,0.280000,202.909302,1.100000,-0.200000,
45.959458,3,1.000000,0.000000,0.450000,-0.300000,1.000000,0.000000,1.000000,1.000000,0.280000,2119.481934,0.000000,0.000000,0.280000,202.828568,1.400000,0.000000,
45.996882,3,1.000000,0.000000,0.450000,-0.300000,1.000000,0.000000,1.000000,1.000000,0.260000,2119.524902,0.000000,0.000000,0.260000,202.772903,1.300000,0.700000,
46.032626,3,1.000000,0.000000,0.450000,-0.300000,1.000000,0.000000,1.000000,1.000000,0.260000,2119.569092,0.000000,0.000000,0.260000,202.695328,1.000000,1.200000,
46.071346,3,1.000000,0.000000,0.450000,-0.300000,1.000000,0.000000,1.000000,1.000000,0.250000,2119.908936,0.000000,0.000000,0.250000,202.606598,1.300000,1.600000,
46.113685,3,1.000000,0.000000,0.450000,-0.300000,1.000000,0.000000,1.000000,1.000000,0.250000,2120.239014,0.000000,0.000000,0.250000,202.511383,1.400000,1.400000,
46.151378,3,1.000000,0.000000,0.450000,-0.300000,1.000000,0.000000,1.000000,1.000000,0.250000,2120.559082,0.000000,0.000000,0.250000,202.426514,1.500000,0.700000,
46.194756,3,1.000000,0.000000,0.450000,-0.300000,1.000000,0.000000,1.000000,1.000000,0.230000,2119.730957,0.000000,0.000000,0.230000,202.357391,2.400000,0.200000,
46.245816,3,1.000000,0.000000,0.450000,-0.300000,1.000000,0.000000,1.000000,1.000000,0.230000,2119.763916,0.000000,0.000000,0.230000,202.295609,3.500000,-0.300000,
46.269224,3,1.000000,0.000000,0.450000,-0.300000,1.000000,0.000000,1.000000,1.000000,0.230000,2119.805908,0.000000,0.000000,0.230000,202.273743,4.400000,-0.900000,
46.315823,3,1.000000,0.000000,0.450000,-0.300000,1.000000,0.000000,1.000000,1.000000,0.230000,2119.845947,0.000000,0.000000,0.230000,202.300873,5.600000,-1.300000,
46.352131,3,1.000000,0.000000,0.450000,-0.300000,1.000000,0.000000,1.000000,1.000000,0.230000,2119.887939,0.000000,0.000000,0.230000,202.317841,6.900000,-1.900000,
46.394377,3,1.000000,0.000000,0.450000,-0.300000,1.000000,0.000000,1.000000,1.000000,0.200000,2119.925049,0.000000,0.000000,0.200000,202.353348,8.000000,-2.200000,
46.432915,3,1.000000,0.000000,0.450000,-0.300000,1.000000,0.000000,1.000000,1.000000,0.200000,2119.969971,0.000000,0.000000,0.200000,202.623611,3.300000,-2.200000,
46.470098,3,1.000000,0.000000,0.450000,-0.300000,1.000000,0.000000,1.000000,1.000000,0.200000,2120.000977,0.000000,0.000000,0.200000,202.729691,1.900000,-1.900000,
46.511758,3,1.000000,0.000000,0.450000,-0.300000,1.000000,0.000000,1.000000,1.000000,0.200000,2120.051025,0.000000,0.000000,0.200000,202.376984,2.400000,-2.400000,
46.552461,3,1.000000,0.000000,0.450000,-0.300000,1.000000,0.000000,1.000000,1.000000,0.200000,2120.089111,0.000000,0.000000,0.200000,202.103775,2.700000,-1.800000,
46.593671,3,1.000000,0.000000,0.450000,-0.300000,1.000000,0.000000,1.000000,1.000000,0.200000,2120.132080,0.000000,0.000000,0.200000,201.744583,2.500000,-1.900000,
46.640022,3,1.000000,0.000000,0.450000,-0.300000,1.000000,0.000000,1.000000,1.000000,0.200000,2120.163086,0.000000,0.000000,0.200000,201.652710,2.000000,-1.900000,
46.673758,3,1.000000,0.000000,0.450000,-0.300000,1.000000,0.000000,1.000000,1.000000,0.200000,2120.202881,0.000000,0.000000,0.200000,201.683807,2.500000,-1.900000,
46.711916,3,1.000000,0.000000,0.450000,-0.300000,1.000000,0.000000,1.000000,1.000000,0.200000,2120.248047,0.000000,0.000000,0.200000,201.817795,2.900000,-1.500000,
46.751666,3,1.000000,0.000000,0.450000,-0.300000,1.000000,0.000000,1.000000,1.000000,0.200000,2120.287109,0.000000,0.000000,0.200000,201.806824,3.200000,-1.600000,
46.792730,3,1.000000,0.000000,0.450000,-0.300000,1.000000,0.000000,1.000000,1.000000,0.200000,2120.326904,0.000000,0.000000,0.200000,201.966019,3.000000,-1.400000,
46.833502,3,1.000000,0.000000,0.450000,-0.300000,1.000000,0.000000,1.000000,1.000000,0.200000,2120.370117,0.000000,0.000000,0.200000,202.016357,2.600000,-1.500000,
46.874739,3,1.000000,0.000000,0.450000,-0.300000,1.000000,0.000000,1.000000,1.000000,0.200000,2120.407959,0.000000,0.000000,0.200000,202.078598,2.800000,-1.400000,
46.917857,3,1.000000,0.000000,0.450000,-0.300000,1.000000,0.000000,1.000000,1.000000,0.200000,2120.450928,0.000000,0.000000,0.200000,202.073212,2.900000,-1.500000,
46.952562,3,1.000000,0.000000,0.450000,-0.300000,1.000000,0.000000,1.000000,1.000000,0.200000,2120.489990,0.000000,0.000000,0.200000,202.315659,2.000000,-2.000000,
46.994270,3,1.000000,0.000000,0.450000,-0.300000,1.000000,0.000000,1.000000,1.000000,0.200000,2120.521973,0.000000,0.000000,0.200000,202.509033,0.400000,-2.200000,
47.036128,3,1.000000,0.000000,0.450000,-0.300000,1.000000,0.000000,1.000000,1.000000,0.200000,2120.568115,0.000000,0.000000,0.200000,202.177765,-0.300000,-2.500000,
47.076039,3,1.000000,0.000000,0.450000,-0.300000,1.000000,0.000000,1.000000,1.000000,0.200000,2120.878906,0.000000,0.000000,0.200000,202.081635,-0.400000,-2.400000,
47.113067,3,1.000000,0.000000,0.450000,-0.300000,1.000000,0.000000,1.000000,1.000000,0.200000,2121.208984,0.000000,0.000000,0.200000,202.271088,-0.000000,-2.400000,
47.154842,3,1.000000,0.000000,0.450000,-0.300000,1.000000,0.000000,1.000000,1.000000,0.200000,2120.685059,0.000000,0.000000,0.200000,202.343918,0.400000,-2.300000,
47.194866,3,1.000000,0.000000,0.450000,-0.300000,1.000000,0.000000,1.000000,1.000000,0.200000,2120.728027,0.000000,0.000000,0.200000,202.315613,0.600000,-2.200000,
47.233208,3,1.000000,0.000000,0.450000,-0.300000,1.000000,0.000000,1.000000,1.000000,0.200000,2120.770996,0.000000,0.000000,0.200000,202.223938,0.100000,-2.300000,
47.274584,3,1.000000,0.000000,0.450000,-0.300000,1.000000,0.000000,1.000000,1.000000,0.200000,2120.810059,0.000000,0.000000,0.200000,202.192780,-0.100000,-2.400000,
47.314136,3,1.000000,0.000000,0.450000,-0.300000,1.000000,0.000000,1.000000,1.000000,0.200000,2120.844971,0.000000,0.000000,0.200000,202.247345,0.100000,-2.400000,
47.352929,3,1.000000,0.000000,0.450000,-0.300000,1.000000,0.000000,1.000000,1.000000,0.200000,2120.887939,0.000000,0.000000,0.200000,202.281586,0.400000,-2.300000,
47.391876,3,1.000000,0.000000,0.450000,-0.300000,1.000000,0.000000,1.000000,1.000000,0.200000,2120.927002,0.000000,0.000000,0.200000,202.291138,0.400000,-2.200000,
47.432361,3,1.000000,0.000000,0.450000,-0.300000,1.000000,0.000000,1.000000,1.000000,0.200000,2120.970947,0.000000,0.000000,0.200000,202.241638,0.200000,-2.300000,
47.472443,3,1.000000,0.000000,0.450000,-0.300000,1.000000,0.000000,1.000000,1.000000,0.200000,2121.011963,0.000000,0.000000,0.200000,202.180725,0.100000,-2.400000,
47.518108,3,1.000000,0.000000,0.450000,-0.300000,1.000000,0.000000,1.000000,1.000000,0.200000,2121.041016,0.000000,0.000000,0.200000,202.208496,0.200000,-2.400000,
47.555736,3,1.000000,0.000000,0.450000,-0.300000,1.000000,0.000000,1.000000,1.000000,0.200000,2121.083984,0.000000,0.000000,0.200000,202.262009,0.300000,-2.300000,
47.591837,3,1.000000,0.000000,0.450000,-0.300000,1.000000,0.000000,1.000000,1.000000,0.200000,2121.124023,0.000000,0.000000,0.200000,202.257690,0.300000,-2.300000,
47.632610,3,1.000000,0.000000,0.450000,-0.300000,1.000000,0.000000,1.000000,1.000000,0.200000,2121.168945,0.000000,0.000000,0.200000,202.204193,0.200000,-2.300000,
47.671763,3,1.000000,0.000000,0.450000,-0.300000,1.000000,0.000000,1.000000,1.000000,0.200000,2121.207031,0.000000,0.000000,0.200000,202.171783,0.200000,-2.400000,
47.715477,3,1.000000,0.000000,0.450000,-0.300000,1.000000,0.000000,1.000000,1.000000,0.200000,2121.250000,0.000000,0.000000,0.200000,202.207672,0.200000,-2.300000,
47.753845,3,1.000000,0.000000,0.450000,-0.300000,1.000000,0.000000,1.000000,1.000000,0.200000,2121.284912,0.000000,0.000000,0.200000,202.237183,0.300000,-2.300000,
47.793708,3,1.000000,0.000000,0.450000,-0.300000,1.000000,0.000000,1.000000,1.000000,0.200000,2121.323975,0.000000,0.000000,0.200000,202.211288,0.300000,-2.300000,
47.831005,3,1.000000,0.000000,0.450000,-0.300000,1.000000,0.000000,1.000000,1.000000,0.200000,2121.356934,0.000000,0.000000,0.200000,202.185745,0.300000,-2.300000,
47.871294,3,1.000000,0.000000,0.450000,-0.300000,1.000000,0.000000,1.000000,1.000000,0.200000,2121.409912,0.000000,0.000000,0.200000,202.167603,0.300000,-2.300000,
47.913892,3,1.000000,0.000000,0.450000,-0.300000,1.000000,0.000000,1.000000,1.000000,0.200000,2121.450928,0.000000,0.000000,0.200000,202.196228,0.300000,-2.300000,
47.952176,3,1.000000,0.000000,0.450000,-0.300000,1.000000,0.000000,1.000000,1.000000,0.200000,2121.482910,0.000000,0.000000,0.200000,202.194763,0.300000,-2.200000,
47.996519,3,1.000000,0.000000,0.450000,-0.300000,1.000000,0.000000,1.000000,1.000000,0.200000,2121.533936,0.000000,0.000000,0.200000,202.162750,0.300000,-2.300000,
48.033879,3,1.000000,0.000000,0.450000,-0.300000,1.000000,0.000000,1.000000,1.000000,0.200000,2121.562988,0.000000,0.000000,0.200000,202.149460,0.300000,-2.300000,
48.070678,3,1.000000,0.000000,0.450000,-0.300000,1.000000,0.000000,1.000000,1.000000,0.200000,2121.839111,0.000000,0.000000,0.200000,202.161804,0.300000,-2.200000,
48.114414,3,1.000000,0.000000,0.450000,-0.300000,1.000000,0.000000,1.000000,1.000000,0.200000,2122.229004,0.000000,0.000000,0.200000,202.170364,0.300000,-2.200000,
48.156871,3,1.000000,0.000000,0.450000,-0.300000,1.000000,0.000000,1.000000,1.000000,0.200000,2121.687012,0.000000,0.000000,0.200000,202.156784,0.300000,-2.200000,
48.196404,3,1.000000,0.000000,0.450000,-0.300000,1.000000,0.000000,1.000000,1.000000,0.200000,2121.729980,0.000000,0.000000,0.200000,202.141800,0.300000,-2.200000,
48.232472,3,1.000000,0.000000,0.450000,-0.300000,1.000000,0.000000,1.000000,1.000000,0.200000,2121.764893,0.000000,0.000000,0.200000,202.139282,0.300000,-2.200000,
48.272486,3,1.000000,0.000000,0.450000,-0.300000,1.000000,0.000000,1.000000,1.000000,0.200000,2121.810059,0.000000,0.000000,0.200000,202.142654,0.300000,-2.200000,
48.313327,3,1.000000,0.000000,0.450000,-0.300000,1.000000,0.000000,1.000000,1.000000,0.200000,2121.843018,0.000000,0.000000,0.200000,202.141830,0.300000,-2.200000,
48.351563,3,1.000000,0.000000,0.450000,-0.300000,1.000000,0.000000,1.000000,1.000000,0.200000,2121.888916,0.000000,0.000000,0.200000,202.120819,0.300000,-2.200000,
48.395226,3,1.000000,0.000000,0.450000,-0.300000,1.000000,0.000000,1.000000,1.000000,0.200000,2121.927002,0.000000,0.000000,0.200000,202.115463,0.300000,-2.200000,
48.434477,3,1.000000,0.000000,0.450000,-0.300000,1.000000,0.000000,1.000000,1.000000,0.200000,2121.970947,0.000000,0.000000,0.200000,202.120270,0.300000,-2.200000,
48.470515,3,1.000000,0.000000,0.450000,-0.300000,1.000000,0.000000,1.000000,1.000000,0.200000,2122.003906,0.000000,0.000000,0.200000,202.109879,0.300000,-2.200000,
48.510590,3,1.000000,0.000000,0.450000,-0.300000,1.000000,0.000000,1.000000,1.000000,0.200000,2122.044922,0.000000,0.000000,0.200000,202.101715,0.300000,-2.200000,
48.556510,3,1.000000,0.000000,0.450000,-0.300000,1.000000,0.000000,1.000000,1.000000,0.200000,2122.085938,0.000000,0.000000,0.200000,202.090515,0.300000,-2.200000,
48.591632,3,1.000000,0.000000,0.450000,-0.300000,1.000000,0.000000,1.000000,1.000000,0.200000,2122.129883,0.000000,0.000000,0.200000,202.086380,0.300000,-2.200000,
48.634063,3,1.000000,0.000000,0.450000,-0.300000,1.000000,0.000000,1.000000,1.000000,0.200000,2122.160889,0.000000,0.000000,0.200000,202.090805,0.300000,-2.200000,
48.670778,3,1.000000,0.000000,0.450000,-0.300000,1.000000,0.000000,1.000000,1.000000,0.200000,2122.205078,0.000000,0.000000,0.200000,202.079391,0.300000,-2.200000,
48.713870,3,1.000000,0.000000,0.450000,-0.300000,1.000000,0.000000,1.000000,1.000000,0.200000,2122.249023,0.000000,0.000000,0.200000,202.072632,0.300000,-2.200000,
48.755553,3,1.000000,0.000000,0.450000,-0.300000,1.000000,0.000000,1.000000,1.000000,0.200000,2122.288086,0.000000,0.000000,0.200000,202.065063,0.300000,-2.100000,
48.792422,3,1.000000,0.000000,0.450000,-0.300000,1.000000,0.000000,1.000000,1.000000,0.200000,2122.322021,0.000000,0.000000,0.200000,202.064102,0.400000,-2.100000,
48.832415,3,1.000000,0.000000,0.450000,-0.300000,1.000000,0.000000,1.000000,1.000000,0.200000,2122.364990,0.000000,0.000000,0.200000,202.062363,0.400000,-2.100000,
48.872048,3,1.000000,0.000000,0.450000,-0.300000,1.000000,0.000000,1.000000,1.000000,0.200000,2122.407959,0.000000,0.000000,0.200000,202.053024,0.400000,-2.100000,
48.914420,3,1.000000,0.000000,0.450000,-0.300000,1.000000,0.000000,1.000000,1.000000,0.200000,2122.443115,0.000000,0.000000,0.200000,202.051575,0.400000,-2.100000,
48.956589,3,1.000000,0.000000,0.450000,-0.300000,1.000000,0.000000,1.000000,1.000000,0.200000,2122.489014,0.000000,0.000000,0.200000,202.047333,0.400000,-2.100000,
48.993241,3,1.000000,0.000000,0.450000,-0.300000,1.000000,0.000000,1.000000,1.000000,0.200000,2122.521973,0.000000,0.000000,0.200000,202.042435,0.400000,-2.100000,
49.034762,3,1.000000,0.000000,0.450000,-0.300000,1.000000,0.000000,1.000000,1.000000,0.200000,2122.563965,0.000000,0.000000,0.200000,202.042084,0.400000,-2.100000,
49.075218,3,1.000000,0.000000,0.450000,-0.300000,1.000000,0.000000,1.000000,1.000000,0.200000,2122.858887,0.000000,0.000000,0.200000,202.035065,0.400000,-2.000000,
49.117630,3,1.000000,0.000000,0.450000,-0.300000,1.000000,0.000000,1.000000,1.000000,0.200000,2123.279053,0.000000,0.000000,0.200000,202.040924,0.400000,-2.000000,
49.153570,3,1.000000,0.000000,0.450000,-0.300000,1.000000,0.000000,1.000000,1.000000,0.200000,2122.684082,0.000000,0.000000,0.200000,202.035797,0.400000,-2.000000,
49.195369,3,1.000000,0.000000,0.450000,-0.300000,1.000000,0.000000,1.000000,1.000000,0.200000,2122.727051,0.000000,0.000000,0.200000,202.027130,0.400000,-2.000000,
49.235281,3,1.000000,0.000000,0.450000,-0.300000,1.000000,0.000000,1.000000,1.000000,0.200000,2122.769043,0.000000,0.000000,0.200000,202.027985,0.400000,-2.000000,
49.270913,3,1.000000,0.000000,0.450000,-0.300000,1.000000,0.000000,1.000000,1.000000,0.200000,2122.811035,0.000000,0.000000,0.200000,202.022964,0.400000,-2.000000,
49.317873,3,1.000000,0.000000,0.450000,-0.300000,1.000000,0.000000,1.000000,1.000000,0.200000,2122.843018,0.000000,0.000000,0.200000,202.022461,0.400000,-1.900000,
49.352192,3,1.000000,0.000000,0.450000,-0.300000,1.000000,0.000000,1.000000,1.000000,0.200000,2122.884033,0.000000,0.000000,0.200000,202.027267,0.400000,-1.900000,
49.392019,3,1.000000,0.000000,0.450000,-0.300000,1.000000,0.000000,1.000000,1.000000,0.200000,2122.927002,0.000000,0.000000,0.200000,202.029343,0.400000,-1.900000,
49.432309,3,1.000000,0.000000,0.450000,-0.300000,1.000000,0.000000,1.000000,1.000000,0.200000,2122.969971,0.000000,0.000000,0.200000,202.013519,0.400000,-1.900000,
49.472939,3,1.000000,0.000000,0.450000,-0.300000,1.000000,0.000000,1.000000,1.000000,0.200000,2123.010986,0.000000,0.000000,0.200000,202.016449,0.400000,-1.900000,
49.512049,3,1.000000,0.000000,0.450000,-0.300000,1.000000,0.000000,1.000000,1.000000,0.200000,2123.042969,0.000000,0.000000,0.200000,202.007202,0.400000,-1.900000,
49.553752,3,1.000000,0.000000,0.450000,-0.300000,1.000000,0.000000,1.000000,1.000000,0.200000,2123.083984,0.000000,0.000000,0.200000,202.003036,0.400000,-1.900000,
49.591319,3,1.000000,0.000000,0.450000,-0.300000,1.000000,0.000000,1.000000,1.000000,0.200000,2123.125000,0.000000,0.000000,0.200000,201.999466,0.400000,-1.800000,
49.632364,3,1.000000,0.000000,0.450000,-0.300000,1.000000,0.000000,1.000000,1.000000,0.200000,2123.166016,0.000000,0.000000,0.200000,202.000656,0.400000,-1.800000,
49.676616,3,1.000000,0.000000,0.450000,-0.300000,1.000000,0.000000,1.000000,1.000000,0.200000,2123.208984,0.000000,0.000000,0.200000,201.979782,0.400000,-1.800000,
49.714131,3,1.000000,0.000000,0.450000,-0.300000,1.000000,0.000000,1.000000,1.000000,0.200000,2123.242920,0.000000,0.000000,0.200000,201.998398,0.400000,-1.800000,
49.758728,3,1.000000,0.000000,0.450000,-0.300000,1.000000,0.000000,1.000000,1.000000,0.200000,2123.284912,0.000000,0.000000,0.200000,201.979477,0.400000,-1.800000,
49.793435,3,1.000000,0.000000,0.450000,-0.300000,1.000000,0.000000,1.000000,1.000000,0.200000,2123.320068,0.000000,0.000000,0.200000,201.979797,0.400000,-1.800000,
49.836815,3,1.000000,0.000000,0.450000,-0.300000,1.000000,0.000000,1.000000,1.000000,0.200000,2123.363037,0.000000,0.000000,0.200000,201.983521,0.400000,-1.800000,
49.869462,3,1.000000,0.000000,0.450000,-0.300000,1.000000,0.000000,1.000000,1.000000,0.200000,2123.404053,0.000000,0.000000,0.200000,201.967239,0.400000,-1.800000,
49.916684,3,1.000000,0.000000,0.450000,-0.300000,1.000000,0.000000,1.000000,1.000000,0.200000,2123.445068,0.000000,0.000000,0.200000,201.972763,0.400000,-1.700000,
49.952723,3,1.000000,0.000000,0.450000,-0.300000,1.000000,0.000000,1.000000,1.000000,0.200000,2123.485107,0.000000,0.000000,0.200000,201.965210,0.400000,-1.700000,
49.994929,3,1.000000,0.000000,0.450000,-0.300000,1.000000,0.000000,1.000000,1.000000,0.200000,2123.524902,0.000000,0.000000,0.200000,201.955780,0.400000,-1.700000,
50.035197,3,1.000000,0.000000,0.450000,-0.300000,1.000000,0.000000,1.000000,1.000000,0.200000,2123.560059,0.000000,0.000000,0.200000,201.957184,0.400000,-1.700000,
50.079262,3,1.000000,0.000000,0.450000,-0.300000,1.000000,0.000000,1.000000,1.000000,0.200000,2123.819092,0.000000,0.000000,0.200000,201.946869,0.400000,-1.700000,
