219.600730,1,1.000000,0.000000,0.000000,0.000000,0.000000,0.000000,1.000000,1.000000,0.200000,249.117996,0.000000,0.000000,0.200000,192.842239,0.300000,0.900000,
219.674280,1,1.000000,0.000000,0.000000,0.000000,0.000000,0.000000,1.000000,1.000000,0.200000,249.343002,0.000000,0.000000,0.200000,192.611115,0.300000,0.900000,
219.714657,1,1.000000,0.000000,0.000000,0.000000,0.000000,0.000000,1.000000,1.000000,0.200000,249.406998,0.000000,0.000000,0.200000,192.556778,0.300000,0.900000,
219.753821,1,1.000000,0.000000,0.000000,0.000000,0.000000,0.000000,1.000000,1.000000,0.200000,249.444000,0.000000,0.000000,0.200000,192.523834,0.300000,0.900000,
219.817882,1,1.000000,0.000000,0.000000,0.000000,0.000000,0.000000,1.000000,1.000000,0.200000,249.477997,0.000000,0.000000,0.200000,192.509720,0.300000,0.900000,
219.883371,1,1.000000,0.000000,0.000000,0.000000,0.000000,0.000000,1.000000,1.000000,0.200000,249.585007,0.000000,0.000000,0.200000,192.396744,0.300000,0.900000,
219.911366,1,1.000000,0.000000,0.000000,0.000000,0.000000,0.000000,1.000000,1.000000,0.200000,249.759995,0.000000,0.000000,0.200000,192.379501,0.300000,0.900000,
219.950851,1,1.000000,0.000000,0.000000,0.000000,0.000000,0.000000,1.000000,1.000000,0.200000,250.210007,0.000000,0.000000,0.200000,192.344727,0.300000,0.900000,
219.995818,1,1.000000,0.000000,0.000000,0.000000,0.000000,0.000000,1.000000,1.000000,0.200000,250.520004,0.000000,0.000000,0.200000,192.312485,0.300000,0.900000,
220.028037,1,1.000000,0.000000,0.000000,0.000000,0.000000,0.000000,1.000000,1.000000,0.200000,249.727997,0.000000,0.000000,0.200000,192.271469,0.300000,0.900000,
220.068625,1,1.000000,0.000000,0.000000,0.000000,0.000000,0.000000,1.000000,1.000000,0.200000,249.761993,0.000000,0.000000,0.200000,192.232941,0.300000,0.900000,
220.127819,1,1.000000,0.000000,0.000000,0.000000,0.000000,0.000000,1.000000,1.000000,0.200000,249.806000,0.000000,0.000000,0.200000,192.202911,0.300000,0.900000,
220.149502,1,1.000000,0.000000,0.000000,0.000000,0.000000,0.000000,1.000000,1.000000,0.200000,249.839996,0.000000,0.000000,0.200000,192.181274,0.300000,0.900000,
220.217537,1,1.000000,0.000000,0.000000,0.000000,0.000000,0.000000,1.000000,1.000000,0.200000,249.886993,0.000000,0.000000,0.200000,192.125046,0.300000,0.900000,
220.248576,1,1.000000,0.000000,0.000000,0.000000,0.000000,0.000000,1.000000,1.000000,0.200000,249.929993,0.000000,0.000000,0.200000,192.086639,0.300000,0.900000,
220.277258,1,1.000000,0.000000,0.000000,0.000000,0.000000,0.000000,1.000000,1.000000,0.200000,249.977005,0.000000,0.000000,0.200000,192.044983,0.300000,0.900000,
220.341462,1,1.000000,0.000000,0.000000,0.000000,0.000000,0.000000,1.000000,1.000000,0.200000,250.009995,0.000000,0.000000,0.200000,192.006638,0.300000,0.900000,
220.375171,1,1.000000,0.000000,0.000000,0.000000,0.000000,0.000000,1.000000,1.000000,0.200000,250.065994,0.000000,0.000000,0.200000,191.953339,0.300000,0.900000,
220.431949,1,1.000000,0.000000,0.000000,0.000000,0.000000,0.000000,1.000000,1.000000,0.200000,250.108994,0.000000,0.000000,0.200000,191.906540,0.300000,0.900000,
220.490871,1,1.000000,0.000000,0.000000,0.000000,0.000000,0.000000,1.000000,1.000000,0.200000,250.164001,0.000000,0.000000,0.200000,191.852966,0.300000,0.900000,
220.538136,1,1.000000,0.000000,0.000000,0.000000,0.000000,0.000000,1.000000,1.000000,0.200000,250.214005,0.000000,0.000000,0.200000,191.818069,0.300000,0.900000,
220.565870,1,1.000000,0.000000,0.000000,0.000000,0.000000,0.000000,1.000000,1.000000,0.200000,250.257996,0.000000,0.000000,0.200000,191.791580,0.300000,0.900000,
220.604277,1,1.000000,0.000000,0.000000,0.000000,0.000000,0.000000,1.000000,1.000000,0.200000,250.304001,0.000000,0.000000,0.200000,191.748856,0.300000,0.900000,
220.662892,1,1.000000,0.000000,0.000000,0.000000,0.000000,0.000000,1.000000,1.000000,0.200000,250.341995,0.000000,0.000000,0.200000,191.715485,0.300000,0.900000,
220.691263,1,1.000000,0.000000,0.000000,0.000000,0.000000,0.000000,1.000000,1.000000,0.200000,250.378006,0.000000,0.000000,0.200000,191.675430,0.300000,0.900000,
220.725773,1,1.000000,0.000000,0.000000,0.000000,0.000000,0.000000,1.000000,1.000000,0.200000,250.427002,0.000000,0.000000,0.200000,191.628754,0.300000,0.900000,
220.787850,1,1.000000,0.000000,0.000000,0.000000,0.000000,0.000000,1.000000,1.000000,0.200000,250.464996,0.000000,0.000000,0.200000,191.584824,0.300000,0.900000,
220.835715,1,1.000000,0.000000,0.000000,0.000000,0.000000,0.000000,1.000000,1.000000,0.200000,250.511002,0.000000,0.000000,0.200000,191.552597,0.300000,0.900000,
220.862022,1,1.000000,0.000000,0.000000,0.000000,0.000000,0.000000,1.000000,1.000000,0.200000,250.556000,0.000000,0.000000,0.200000,191.522552,0.300000,0.900000,
220.908019,1,1.000000,0.000000,0.000000,0.000000,0.000000,0.000000,1.000000,1.000000,0.200000,250.889999,0.000000,0.000000,0.200000,191.486008,0.300000,0.900000,
220.984651,1,1.000000,0.000000,0.000000,0.000000,0.000000,0.000000,1.000000,1.000000,0.200000,251.000000,0.000000,0.000000,0.200000,191.449982,0.300000,0.900000,
221.009445,1,1.000000,0.000000,0.000000,0.000000,0.000000,0.000000,1.000000,1.000000,0.200000,250.709000,0.000000,0.000000,0.200000,191.385132,0.300000,0.900000,
221.052504,1,1.000000,0.000000,0.000000,0.000000,0.000000,0.000000,1.000000,1.000000,0.200000,250.750000,0.000000,0.000000,0.200000,191.369904,0.300000,0.900000,
221.096693,1,1.000000,0.000000,0.000000,0.000000,0.000000,0.000000,1.000000,1.000000,0.200000,250.791992,0.000000,0.000000,0.200000,191.308441,0.300000,0.900000,
221.133005,1,1.000000,0.000000,0.000000,0.000000,0.000000,0.000000,1.000000,1.000000,0.200000,250.826996,0.000000,0.000000,0.200000,191.268738,0.300000,0.900000,
221.178320,1,1.000000,0.000000,0.000000,0.000000,0.000000,0.000000,1.000000,1.000000,0.200000,250.869995,0.000000,0.000000,0.200000,191.235809,0.300000,0.900000,
221.225780,1,1.000000,0.000000,0.000000,0.000000,0.000000,0.000000,1.000000,1.000000,0.200000,250.895996,0.000000,0.000000,0.200000,191.221939,0.300000,0.900000,
221.280692,1,1.000000,0.000000,0.000000,0.000000,0.000000,0.000000,1.000000,1.000000,0.200000,250.945007,0.000000,0.000000,0.200000,191.180206,0.300000,0.900000,
221.316566,1,1.000000,0.000000,0.000000,0.000000,0.000000,0.000000,1.000000,1.000000,0.200000,251.001007,0.000000,0.000000,0.200000,191.127853,0.300000,0.900000,
221.373892,1,1.000000,0.000000,0.000000,0.000000,0.000000,0.000000,1.000000,1.000000,0.200000,251.052002,0.000000,0.000000,0.200000,191.082855,0.300000,0.900000,
221.418436,1,1.000000,0.000000,0.000000,0.000000,0.000000,0.000000,1.000000,1.000000,0.200000,251.106003,0.000000,0.000000,0.200000,191.038422,0.300000,0.900000,
221.482592,1,1.000000,0.000000,0.000000,0.000000,0.000000,0.000000,1.000000,1.000000,0.200000,251.143005,0.000000,0.000000,0.200000,191.027878,0.300000,0.900000,
221.508166,1,1.000000,0.000000,0.000000,0.000000,0.000000,0.000000,1.000000,1.000000,0.200000,251.192001,0.000000,0.000000,0.200000,190.973083,0.300000,0.900000,
221.544907,1,1.000000,0.000000,0.000000,0.000000,0.000000,0.000000,1.000000,1.000000,0.200000,251.238007,0.000000,0.000000,0.200000,190.949524,0.300000,0.900000,
221.584880,1,1.000000,0.000000,0.000000,0.000000,0.000000,0.000000,1.000000,1.000000,0.200000,251.281006,0.000000,0.000000,0.200000,190.908447,0.300000,0.900000,
221.624021,1,1.000000,0.000000,0.000000,0.000000,0.000000,0.000000,1.000000,1.000000,0.200000,251.324997,0.000000,0.000000,0.200000,190.873993,0.300000,0.900000,
221.657707,1,1.000000,0.000000,0.000000,0.000000,0.000000,0.000000,1.000000,1.000000,0.200000,251.358994,0.000000,0.000000,0.200000,190.838943,0.300000,0.900000,
221.700985,1,1.000000,0.000000,0.000000,0.000000,0.000000,0.000000,1.000000,1.000000,0.200000,251.401001,0.000000,0.000000,0.200000,190.808426,0.300000,0.900000,
221.741369,1,1.000000,0.000000,0.000000,0.000000,0.000000,0.000000,1.000000,1.000000,0.200000,251.445007,0.000000,0.000000,0.200000,190.777786,0.300000,0.900000,
221.780616,1,1.000000,0.000000,0.000000,0.000000,0.000000,0.000000,1.000000,1.000000,0.200000,251.479004,0.000000,0.000000,0.200000,190.739120,0.300000,0.900000,
221.821472,1,1.000000,0.000000,0.000000,0.000000,0.000000,0.000000,1.000000,1.000000,0.200000,251.524002,0.000000,0.000000,0.200000,190.713242,0.300000,0.900000,
221.862914,1,1.000000,0.000000,0.000000,0.000000,0.000000,0.000000,1.000000,1.000000,0.200000,251.557999,0.000000,0.000000,0.200000,190.667603,0.300000,0.900000,
221.902667,1,1.000000,0.000000,0.000000,0.000000,0.000000,0.000000,1.000000,1.000000,0.200000,252.490005,0.000000,0.000000,0.200000,190.626556,0.300000,0.900000,
221.939959,1,1.000000,0.000000,0.000000,0.000000,0.000000,0.000000,1.000000,1.000000,0.200000,252.119995,0.000000,0.000000,0.200000,190.613770,0.300000,0.900000,
221.981065,1,1.000000,0.000000,0.000000,0.000000,0.000000,0.000000,1.000000,1.000000,0.200000,252.490005,0.000000,0.000000,0.200000,190.594482,0.300000,0.900000,
222.019297,1,1.000000,0.000000,0.000000,0.000000,0.000000,0.000000,1.000000,1.000000,0.200000,251.723007,0.000000,0.000000,0.200000,190.520844,0.300000,0.900000,
222.064402,1,1.000000,0.000000,0.000000,0.000000,0.000000,0.000000,1.000000,1.000000,0.200000,251.755997,0.000000,0.000000,0.200000,190.505524,0.300000,0.900000,
222.100201,1,1.000000,0.000000,0.000000,0.000000,0.000000,0.000000,1.000000,1.000000,0.200000,251.800995,0.000000,0.000000,0.200000,190.454788,0.300000,0.900000,
222.139925,1,1.000000,0.000000,0.000000,0.000000,0.000000,0.000000,1.000000,1.000000,0.200000,251.843002,0.000000,0.000000,0.200000,190.417267,0.300000,0.900000,
222.182979,1,1.000000,0.000000,0.000000,0.000000,0.000000,0.000000,1.000000,1.000000,0.200000,251.884003,0.000000,0.000000,0.200000,190.396210,0.300000,0.900000,
222.221062,1,1.000000,0.000000,0.000000,0.000000,0.000000,0.000000,1.000000,1.000000,0.200000,251.923004,0.000000,0.000000,0.200000,190.364380,0.300000,0.900000,
222.259849,1,1.000000,0.000000,0.000000,0.000000,0.000000,0.000000,1.000000,1.000000,0.200000,251.955002,0.000000,0.000000,0.200000,190.346024,0.300000,0.900000,
222.302170,1,1.000000,0.000000,0.000000,0.000000,0.000000,0.000000,1.000000,1.000000,0.200000,251.998001,0.000000,0.000000,0.200000,190.325775,0.300000,0.900000,
222.340780,1,1.000000,0.000000,0.000000,0.000000,0.000000,0.000000,1.000000,1.000000,0.200000,252.041992,0.000000,0.000000,0.200000,190.287216,0.300000,0.900000,
222.381765,1,1.000000,0.000000,0.000000,0.000000,0.000000,0.000000,1.000000,1.000000,0.200000,252.078995,0.000000,0.000000,0.200000,190.270950,0.300000,0.900000,
222.420252,1,1.000000,0.000000,0.000000,0.000000,0.000000,0.000000,1.000000,1.000000,0.200000,252.121994,0.000000,0.000000,0.200000,190.232285,0.300000,0.900000,
222.462053,1,1.000000,0.000000,0.000000,0.000000,0.000000,0.000000,1.000000,1.000000,0.200000,252.154999,0.000000,0.000000,0.200000,190.216461,0.300000,0.900000,
222.501029,1,1.000000,0.000000,0.000000,0.000000,0.000000,0.000000,1.000000,1.000000,0.200000,252.201996,0.000000,0.000000,0.200000,190.166321,0.300000,0.900000,
222.541212,1,1.000000,0.000000,0.000000,0.000000,0.000000,0.000000,1.000000,1.000000,0.200000,252.237000,0.000000,0.000000,0.200000,190.151672,0.300000,0.900000,
222.580115,1,1.000000,0.000000,0.000000,0.000000,0.000000,0.000000,1.000000,1.000000,0.200000,252.283997,0.000000,0.000000,0.200000,190.098770,0.300000,0.900000,
222.619194,1,1.000000,0.000000,0.000000,0.000000,0.000000,0.000000,1.000000,1.000000,0.200000,252.317001,0.000000,0.000000,0.200000,190.088089,0.300000,0.900000,
222.667452,1,1.000000,0.000000,0.000000,0.000000,0.000000,0.000000,1.000000,1.000000,0.200000,252.362000,0.000000,0.000000,0.200000,190.054337,0.300000,0.900000,
222.699107,1,1.000000,0.000000,0.000000,0.000000,0.000000,0.000000,1.000000,1.000000,0.200000,252.404007,0.000000,0.000000,0.200000,190.017731,0.300000,0.900000,
222.740175,1,1.000000,0.000000,0.000000,0.000000,0.000000,0.000000,1.000000,1.000000,0.200000,252.445007,0.000000,0.000000,0.200000,189.996735,0.300000,1.000000,
222.779812,1,1.000000,0.000000,0.000000,0.000000,0.000000,0.000000,1.000000,1.000000,0.200000,252.472000,0.000000,0.000000,0.200000,189.977524,0.300000,1.000000,
222.821297,1,1.000000,0.000000,0.000000,0.000000,0.000000,0.000000,1.000000,1.000000,0.200000,252.516998,0.000000,0.000000,0.200000,189.937943,0.300000,0.900000,
222.860254,1,1.000000,0.000000,0.000000,0.000000,0.000000,0.000000,1.000000,1.000000,0.200000,252.563004,0.000000,0.000000,0.200000,189.903641,0.300000,0.900000,
222.902084,1,1.000000,0.000000,0.000000,0.000000,0.000000,0.000000,1.000000,1.000000,0.200000,253.089996,0.000000,0.000000,0.200000,189.881638,0.300000,0.900000,
222.942257,1,1.000000,0.000000,0.000000,0.000000,0.000000,0.000000,1.000000,1.000000,0.200000,253.070007,0.000000,0.000000,0.200000,189.845413,0.300000,0.900000,
222.980833,1,1.000000,0.000000,0.000000,0.000000,0.000000,0.000000,1.000000,1.000000,0.200000,253.500000,0.000000,0.000000,0.200000,189.803513,0.300000,0.900000,
223.021410,1,1.000000,0.000000,0.000000,0.000000,0.000000,0.000000,1.000000,1.000000,0.200000,252.723007,0.000000,0.000000,0.200000,189.765854,0.300000,0.900000,
223.060854,1,1.000000,0.000000,0.000000,0.000000,0.000000,0.000000,1.000000,1.000000,0.200000,252.764008,0.000000,0.000000,0.200000,189.743134,0.300000,0.900000,
223.094161,1,1.000000,0.000000,0.000000,0.000000,0.000000,0.000000,1.000000,1.000000,0.200000,252.796997,0.000000,0.000000,0.200000,189.728058,0.300000,0.900000,
223.142328,1,1.000000,0.000000,0.000000,0.000000,0.000000,0.000000,1.000000,1.000000,0.200000,252.837997,0.000000,0.000000,0.200000,189.690430,0.300000,1.000000,
223.180944,1,1.000000,0.000000,0.000000,0.000000,0.000000,0.000000,1.000000,1.000000,0.200000,252.878006,0.000000,0.000000,0.200000,189.650085,0.300000,0.900000,
223.221945,1,1.000000,0.000000,0.000000,0.000000,0.000000,0.000000,1.000000,1.000000,0.200000,252.921997,0.000000,0.000000,0.200000,189.617813,0.300000,0.900000,
223.260885,1,1.000000,0.000000,0.000000,0.000000,0.000000,0.000000,1.000000,1.000000,0.200000,252.955994,0.000000,0.000000,0.200000,189.603745,0.300000,0.900000,
223.300218,1,1.000000,0.000000,0.000000,0.000000,0.000000,0.000000,1.000000,1.000000,0.200000,253.001007,0.000000,0.000000,0.200000,189.558777,0.300000,1.000000,
223.341389,1,1.000000,0.000000,0.000000,0.000000,0.000000,0.000000,1.000000,1.000000,0.200000,253.042999,0.000000,0.000000,0.200000,189.531067,0.300000,1.000000,
223.381974,1,1.000000,0.000000,0.000000,0.000000,0.000000,0.000000,1.000000,1.000000,0.200000,253.076004,0.000000,0.000000,0.200000,189.515427,0.300000,0.900000,
223.419906,1,1.000000,0.000000,0.000000,0.000000,0.000000,0.000000,1.000000,1.000000,0.200000,253.115005,0.000000,0.000000,0.200000,189.486206,0.300000,0.900000,
223.462403,1,1.000000,0.000000,0.000000,0.000000,0.000000,0.000000,1.000000,1.000000,0.200000,253.156006,0.000000,0.000000,0.200000,189.451202,0.300000,0.900000,
223.508133,1,1.000000,0.000000,0.000000,0.000000,0.000000,0.000000,1.000000,1.000000,0.200000,253.199997,0.000000,0.000000,0.200000,189.408096,0.300000,0.900000,
223.541296,1,1.000000,0.000000,0.000000,0.000000,0.000000,0.000000,1.000000,1.000000,0.200000,253.242004,0.000000,0.000000,0.200000,189.374146,0.300000,0.900000,
223.583198,1,1.000000,0.000000,0.000000,0.000000,0.000000,0.000000,1.000000,1.000000,0.200000,253.285995,0.000000,0.000000,0.200000,189.350494,0.300000,0.900000,
223.625616,1,1.000000,0.000000,0.000000,0.000000,0.000000,0.000000,1.000000,1.000000,0.200000,253.317001,0.000000,0.000000,0.200000,189.330017,0.300000,0.900000,
223.661677,1,1.000000,0.000000,0.000000,0.000000,0.000000,0.000000,1.000000,1.000000,0.200000,253.358002,0.000000,0.000000,0.200000,189.309372,0.300000,0.900000,
223.701763,1,1.000000,0.000000,0.000000,0.000000,0.000000,0.000000,1.000000,1.000000,0.200000,253.401001,0.000000,0.000000,0.200000,189.273834,0.300000,0.900000,
223.740966,1,1.000000,0.000000,0.000000,0.000000,0.000000,0.000000,1.000000,1.000000,0.200000,253.434006,0.000000,0.000000,0.200000,189.246536,0.300000,0.900000,
223.781437,1,1.000000,0.000000,0.000000,0.000000,0.000000,0.000000,1.000000,1.000000,0.200000,253.475998,0.000000,0.000000,0.200000,189.233490,0.300000,0.900000,
223.818316,1,1.000000,0.000000,0.000000,0.000000,0.000000,0.000000,1.000000,1.000000,0.200000,253.522995,0.000000,0.000000,0.200000,189.185486,0.300000,0.900000,
223.862730,1,1.000000,0.000000,0.000000,0.000000,0.000000,0.000000,1.000000,1.000000,0.200000,253.557007,0.000000,0.000000,0.200000,189.172455,0.300000,0.900000,
223.905262,1,1.000000,0.000000,0.000000,0.000000,0.000000,0.000000,1.000000,1.000000,0.200000,253.729996,0.000000,0.000000,0.200000,189.137665,0.300000,0.900000,
223.950672,1,1.000000,0.000000,0.000000,0.000000,0.000000,0.000000,1.000000,1.000000,0.200000,254.089996,0.000000,0.000000,0.200000,189.122589,0.300000,0.900000,
223.986265,1,1.000000,0.000000,0.000000,0.000000,0.000000,0.000000,1.000000,1.000000,0.200000,254.460007,0.000000,0.000000,0.200000,189.092438,0.300000,1.000000,
224.024157,1,1.000000,0.000000,0.000000,0.000000,0.000000,0.000000,1.000000,1.000000,0.200000,253.725006,0.000000,0.000000,0.200000,189.071854,0.300000,1.000000,
224.062759,1,1.000000,0.000000,0.000000,0.000000,0.000000,0.000000,1.000000,1.000000,0.200000,253.757996,0.000000,0.000000,0.200000,189.048141,0.300000,0.900000,
224.109972,1,1.000000,0.000000,0.000000,0.000000,0.000000,0.000000,1.000000,1.000000,0.200000,253.800003,0.000000,0.000000,0.200000,189.004074,0.300000,1.000000,
224.145026,1,1.000000,0.000000,0.000000,0.000000,0.000000,0.000000,1.000000,1.000000,0.200000,253.843002,0.000000,0.000000,0.200000,188.980789,0.300000,0.900000,
224.181530,1,1.000000,0.000000,0.000000,0.000000,0.000000,0.000000,1.000000,1.000000,0.200000,253.876007,0.000000,0.000000,0.200000,188.972275,0.300000,0.900000,
224.220153,1,1.000000,0.000000,0.000000,0.000000,0.000000,0.000000,1.000000,1.000000,0.200000,253.916992,0.000000,0.000000,0.200000,188.942398,0.300000,0.900000,
224.261707,1,1.000000,0.000000,0.000000,0.000000,0.000000,0.000000,1.000000,1.000000,0.200000,253.960999,0.000000,0.000000,0.200000,188.898895,0.300000,0.900000,
224.332661,1,1.000000,0.000000,0.000000,0.000000,0.000000,0.000000,1.000000,1.000000,0.200000,254.024994,0.000000,0.000000,0.200000,188.864838,0.300000,1.000000,
224.352888,1,1.000000,0.000000,0.000000,0.000000,0.000000,0.000000,1.000000,1.000000,0.200000,254.048004,0.000000,0.000000,0.200000,188.849823,0.300000,1.000000,
224.389009,1,1.000000,0.000000,0.000000,0.000000,0.000000,0.000000,1.000000,1.000000,0.200000,254.085007,0.000000,0.000000,0.200000,188.817429,0.300000,0.900000,
224.429383,1,1.000000,0.000000,0.000000,0.000000,0.000000,0.000000,1.000000,1.000000,0.200000,254.128998,0.000000,0.000000,0.200000,188.797699,0.300000,1.000000,
224.470874,1,1.000000,0.000000,0.000000,0.000000,0.000000,0.000000,1.000000,1.000000,0.200000,254.173004,0.000000,0.000000,0.200000,188.771454,0.300000,1.000000,
224.509901,1,1.000000,0.000000,0.000000,0.000000,0.000000,0.000000,1.000000,1.000000,0.200000,254.207993,0.000000,0.000000,0.200000,188.742035,0.300000,1.000000,
224.549640,1,1.000000,0.000000,0.000000,0.000000,0.000000,0.000000,1.000000,1.000000,0.200000,254.251007,0.000000,0.000000,0.200000,188.715820,0.300000,1.000000,
224.590419,1,1.000000,0.000000,0.000000,0.000000,0.000000,0.000000,1.000000,1.000000,0.200000,254.292999,0.000000,0.000000,0.200000,188.688416,0.300000,1.000000,
224.631632,1,1.000000,0.000000,0.000000,0.000000,0.000000,0.000000,1.000000,1.000000,0.200000,254.334000,0.000000,0.000000,0.200000,188.661575,0.300000,0.900000,
224.670824,1,1.000000,0.000000,0.000000,0.000000,0.000000,0.000000,1.000000,1.000000,0.200000,254.365997,0.000000,0.000000,0.200000,188.632431,0.300000,1.000000,
224.708945,1,1.000000,0.000000,0.000000,0.000000,0.000000,0.000000,1.000000,1.000000,0.200000,254.404007,0.000000,0.000000,0.200000,188.599930,0.300000,0.900000,
224.750945,1,1.000000,0.000000,0.000000,0.000000,0.000000,0.000000,1.000000,1.000000,0.200000,254.445999,0.000000,0.000000,0.200000,188.581146,0.300000,1.000000,
224.789913,1,1.000000,0.000000,0.000000,0.000000,0.000000,0.000000,1.000000,1.000000,0.200000,254.488998,0.000000,0.000000,0.200000,188.540985,0.300000,0.900000,
224.825763,1,1.000000,0.000000,0.000000,0.000000,0.000000,0.000000,1.000000,1.000000,0.200000,254.531006,0.000000,0.000000,0.200000,188.519424,0.300000,1.000000,
224.871666,1,1.000000,0.000000,0.000000,0.000000,0.000000,0.000000,1.000000,1.000000,0.200000,254.570999,0.000000,0.000000,0.200000,188.492310,0.200000,0.900000,
224.918071,1,1.000000,0.000000,0.000000,0.000000,0.000000,0.000000,1.000000,1.000000,0.200000,254.750000,0.000000,0.000000,0.200000,188.469238,0.200000,1.000000,
224.950788,1,1.000000,0.000000,0.000000,0.000000,0.000000,0.000000,1.000000,1.000000,0.200000,255.210007,0.000000,0.000000,0.200000,188.429184,0.200000,0.900000,
225.000140,1,1.000000,0.000000,0.000000,0.000000,0.000000,0.000000,1.000000,1.000000,0.200000,254.692993,0.000000,0.000000,0.200000,188.418671,0.300000,1.000000,
225.037355,1,1.000000,0.000000,0.000000,0.000000,0.000000,0.000000,1.000000,1.000000,0.200000,254.738007,0.000000,0.000000,0.200000,188.381195,0.200000,0.900000,
225.068858,1,1.000000,0.000000,0.000000,0.000000,0.000000,0.000000,1.000000,1.000000,0.200000,254.770996,0.000000,0.000000,0.200000,188.358078,0.200000,1.000000,
225.110740,1,1.000000,0.000000,0.000000,0.000000,0.000000,0.000000,1.000000,1.000000,0.200000,254.809998,0.000000,0.000000,0.200000,188.336304,0.200000,1.000000,
225.149748,1,1.000000,0.000000,0.000000,0.000000,0.000000,0.000000,1.000000,1.000000,0.200000,254.852997,0.000000,0.000000,0.200000,188.306549,0.200000,1.000000,
225.190810,1,1.000000,0.000000,0.000000,0.000000,0.000000,0.000000,1.000000,1.000000,0.200000,254.893005,0.000000,0.000000,0.200000,188.288315,0.300000,0.900000,
225.229231,1,1.000000,0.000000,0.000000,0.000000,0.000000,0.000000,1.000000,1.000000,0.200000,254.925995,0.000000,0.000000,0.200000,188.264923,0.300000,1.000000,
225.269779,1,1.000000,0.000000,0.000000,0.000000,0.000000,0.000000,1.000000,1.000000,0.200000,254.968994,0.000000,0.000000,0.200000,188.228134,0.200000,0.900000,
225.313919,1,1.000000,0.000000,0.000000,0.000000,0.000000,0.000000,1.000000,1.000000,0.200000,255.007004,0.000000,0.000000,0.200000,188.214020,0.200000,1.000000,
225.352700,1,1.000000,0.000000,0.000000,0.000000,0.000000,0.000000,1.000000,1.000000,0.200000,255.050003,0.000000,0.000000,0.200000,188.192123,0.200000,0.900000,
225.389276,1,1.000000,0.000000,0.000000,0.000000,0.000000,0.000000,1.000000,1.000000,0.200000,255.089005,0.000000,0.000000,0.200000,188.165543,0.200000,0.900000,
225.431386,1,1.000000,0.000000,0.000000,0.000000,0.000000,0.000000,1.000000,1.000000,0.200000,255.134995,0.000000,0.000000,0.200000,188.145126,0.200000,0.900000,
225.468480,1,1.000000,0.000000,0.000000,0.000000,0.000000,0.000000,1.000000,1.000000,0.200000,255.169006,0.000000,0.000000,0.200000,188.131500,0.200000,1.000000,
225.508300,1,1.000000,0.000000,0.000000,0.000000,0.000000,0.000000,1.000000,1.000000,0.200000,255.207001,0.000000,0.000000,0.200000,188.088852,0.200000,0.900000,
225.549255,1,1.000000,0.000000,0.000000,0.000000,0.000000,0.000000,1.000000,1.000000,0.200000,255.248001,0.000000,0.000000,0.200000,188.072388,0.200000,0.900000,
225.590876,1,1.000000,0.000000,0.000000,0.000000,0.000000,0.000000,1.000000,1.000000,0.200000,255.289993,0.000000,0.000000,0.200000,188.050812,0.200000,0.900000,
225.634250,1,1.000000,0.000000,0.000000,0.000000,0.000000,0.000000,1.000000,1.000000,0.200000,255.330002,0.000000,0.000000,0.200000,188.022690,0.200000,1.000000,
225.670175,1,1.000000,0.000000,0.000000,0.000000,0.000000,0.000000,1.000000,1.000000,0.200000,255.375000,0.000000,0.000000,0.200000,188.007370,0.200000,1.000000,
225.710528,1,1.000000,0.000000,0.000000,0.000000,0.000000,0.000000,1.000000,1.000000,0.200000,255.408005,0.000000,0.000000,0.200000,187.989838,0.200000,1.000000,
225.758164,1,1.000000,0.000000,0.000000,0.000000,0.000000,0.000000,1.000000,1.000000,0.200000,255.455002,0.000000,0.000000,0.200000,187.956253,0.200000,1.000000,
225.791396,1,1.000000,0.000000,0.000000,0.000000,0.000000,0.000000,1.000000,1.000000,0.200000,255.490005,0.000000,0.000000,0.200000,187.943802,0.200000,1.000000,
225.836293,1,1.000000,0.000000,0.000000,0.000000,0.000000,0.000000,1.000000,1.000000,0.200000,255.526001,0.000000,0.000000,0.200000,187.919815,0.200000,1.000000,
225.871536,1,1.000000,0.000000,0.000000,0.000000,0.000000,0.000000,1.000000,1.000000,0.200000,255.570999,0.000000,0.000000,0.200000,187.897858,0.200000,1.000000,
225.917682,1,1.000000,0.000000,0.000000,0.000000,0.000000,0.000000,1.000000,1.000000,0.200000,255.830002,0.000000,0.000000,0.200000,187.877686,0.200000,1.000000,
225.949732,1,1.000000,0.000000,0.000000,0.000000,0.000000,0.000000,1.000000,1.000000,0.200000,256.130005,0.000000,0.000000,0.200000,187.858978,0.200000,1.000000,
225.997341,1,1.000000,0.000000,0.000000,0.000000,0.000000,0.000000,1.000000,1.000000,0.200000,255.690994,0.000000,0.000000,0.200000,187.831314,0.200000,1.000000,
226.029602,1,1.000000,0.000000,0.000000,0.000000,0.000000,0.000000,1.000000,1.000000,0.200000,255.733994,0.000000,0.000000,0.200000,187.810043,0.200000,1.000000,
226.073351,1,1.000000,0.000000,0.000000,0.000000,0.000000,0.000000,1.000000,1.000000,0.200000,255.772995,0.000000,0.000000,0.200000,187.786758,0.200000,1.000000,
226.115114,1,1.000000,0.000000,0.000000,0.000000,0.000000,0.000000,1.000000,1.000000,0.200000,255.807999,0.000000,0.000000,0.200000,187.773865,0.200000,1.000000,
226.164467,1,1.000000,0.000000,0.000000,0.000000,0.000000,0.000000,1.000000,1.000000,0.200000,255.854996,0.000000,0.000000,0.200000,187.752457,0.200000,1.000000,
226.192488,1,1.000000,0.000000,0.000000,0.000000,0.000000,0.000000,1.000000,1.000000,0.200000,255.891998,0.000000,0.000000,0.200000,187.726776,0.200000,1.000000,
226.248782,1,1.000000,0.000000,0.000000,0.000000,0.000000,0.000000,1.000000,1.000000,0.200000,255.929001,0.000000,0.000000,0.200000,187.710495,0.200000,1.000000,
226.274457,1,1.000000,0.000000,0.000000,0.000000,0.000000,0.000000,1.000000,1.000000,0.200000,255.968002,0.000000,0.000000,0.200000,187.682266,0.200000,1.000000,
226.308962,1,1.000000,0.000000,0.000000,0.000000,0.000000,0.000000,1.000000,1.000000,0.200000,256.005005,0.000000,0.000000,0.200000,187.656754,0.200000,1.000000,
226.357378,1,1.000000,0.000000,0.000000,0.000000,0.000000,0.000000,1.000000,1.000000,0.200000,256.050995,0.000000,0.000000,0.200000,187.629791,0.200000,1.000000,
226.390931,1,1.000000,0.000000,0.000000,0.000000,0.000000,0.000000,1.000000,1.000000,0.200000,256.093994,0.000000,0.000000,0.200000,187.600677,0.200000,1.000000,
226.433121,1,1.000000,0.000000,0.000000,0.000000,0.000000,0.000000,1.000000,1.000000,0.200000,256.127014,0.000000,0.000000,0.200000,187.573776,0.200000,1.000000,
226.478209,1,1.000000,0.000000,0.000000,0.000000,0.000000,0.000000,1.000000,1.000000,0.200000,256.173004,0.000000,0.000000,0.200000,187.549194,0.200000,0.900000,
226.512959,1,1.000000,0.000000,0.000000,0.000000,0.000000,0.000000,1.000000,1.000000,0.200000,256.209015,0.000000,0.000000,0.200000,187.514374,0.200000,1.000000,
226.551588,1,1.000000,0.000000,0.000000,0.000000,0.000000,0.000000,1.000000,1.000000,0.200000,256.246002,0.000000,0.000000,0.200000,187.492172,0.200000,1.000000,
226.592412,1,1.000000,0.000000,0.000000,0.000000,0.000000,0.000000,1.000000,1.000000,0.200000,256.287994,0.000000,0.000000,0.200000,187.460800,0.200000,1.000000,
226.633775,1,1.000000,0.000000,0.000000,0.000000,0.000000,0.000000,1.000000,1.000000,0.200000,256.333008,0.000000,0.000000,0.200000,187.429474,0.200000,1.000000,
226.675448,1,1.000000,0.000000,0.000000,0.000000,0.000000,0.000000,1.000000,1.000000,0.200000,256.365997,0.000000,0.000000,0.200000,187.406784,0.200000,1.000000,
226.717170,1,1.000000,0.000000,0.000000,0.000000,0.000000,0.000000,1.000000,1.000000,0.200000,256.411011,0.000000,0.000000,0.200000,187.370605,0.200000,1.000000,
226.747421,1,1.000000,0.000000,0.000000,0.000000,0.000000,0.000000,1.000000,1.000000,0.200000,256.454987,0.000000,0.000000,0.200000,187.357666,0.200000,1.000000,
226.792836,1,1.000000,0.000000,0.000000,0.000000,0.000000,0.000000,1.000000,1.000000,0.200000,256.494995,0.000000,0.000000,0.200000,187.328629,0.200000,1.000000,
226.828788,1,1.000000,0.000000,0.000000,0.000000,0.000000,0.000000,1.000000,1.000000,0.200000,256.533997,0.000000,0.000000,0.200000,187.297089,0.200000,1.000000,
226.868887,1,1.000000,0.000000,0.000000,0.000000,0.000000,0.000000,1.000000,1.000000,0.200000,256.570007,0.000000,0.000000,0.200000,187.285355,0.200000,1.000000,
226.909416,1,1.000000,0.000000,0.000000,0.000000,0.000000,0.000000,1.000000,1.000000,0.200000,256.779999,0.000000,0.000000,0.200000,187.256012,0.200000,1.000000,
226.949192,1,1.000000,0.000000,0.000000,0.000000,0.000000,0.000000,1.000000,1.000000,0.200000,257.140015,0.000000,0.000000,0.200000,187.233658,0.200000,1.000000,
226.990412,1,1.000000,0.000000,0.000000,0.000000,0.000000,0.000000,1.000000,1.000000,0.200000,257.559998,0.000000,0.000000,0.200000,187.208923,0.200000,1.000000,
227.030378,1,1.000000,0.000000,0.000000,0.000000,0.000000,0.000000,1.000000,1.000000,0.200000,256.731995,0.000000,0.000000,0.200000,187.193130,0.200000,1.000000,
227.075126,1,1.000000,0.000000,0.000000,0.000000,0.000000,0.000000,1.000000,1.000000,0.200000,256.765991,0.000000,0.000000,0.200000,187.171875,0.200000,1.000000,
227.107339,1,1.000000,0.000000,0.000000,0.000000,0.000000,0.000000,1.000000,1.000000,0.200000,256.811005,0.000000,0.000000,0.200000,187.143799,0.200000,1.000000,
227.151357,1,1.000000,0.000000,0.000000,0.000000,0.000000,0.000000,1.000000,1.000000,0.200000,256.843994,0.000000,0.000000,0.200000,187.120865,0.200000,1.000000,
227.190433,1,1.000000,0.000000,0.000000,0.000000,0.000000,0.000000,1.000000,1.000000,0.200000,256.885986,0.000000,0.000000,0.200000,187.100021,0.200000,1.000000,
227.226332,1,1.000000,0.000000,0.000000,0.000000,0.000000,0.000000,1.000000,1.000000,0.200000,256.928986,0.000000,0.000000,0.200000,187.067535,0.200000,1.000000,
227.270119,1,1.000000,0.000000,0.000000,0.000000,0.000000,0.000000,1.000000,1.000000,0.200000,256.971008,0.000000,0.000000,0.200000,187.054443,0.200000,1.000000,
227.309148,1,1.000000,0.000000,0.000000,0.000000,0.000000,0.000000,1.000000,1.000000,0.200000,257.005005,0.000000,0.000000,0.200000,187.017532,0.200000,0.900000,
227.356355,1,1.000000,0.000000,0.000000,0.000000,0.000000,0.000000,1.000000,1.000000,0.200000,257.044006,0.000000,0.000000,0.200000,186.999329,0.200000,1.000000,
227.391022,1,1.000000,0.000000,0.000000,0.000000,0.000000,0.000000,1.000000,1.000000,0.200000,257.088989,0.000000,0.000000,0.200000,186.974808,0.200000,0.900000,
227.433417,1,1.000000,0.000000,0.000000,0.000000,0.000000,0.000000,1.000000,1.000000,0.200000,257.131989,0.000000,0.000000,0.200000,186.953247,0.200000,1.000000,
227.473420,1,1.000000,0.000000,0.000000,0.000000,0.000000,0.000000,1.000000,1.000000,0.200000,257.178009,0.000000,0.000000,0.200000,186.922455,0.200000,1.000000,
227.507891,1,1.000000,0.000000,0.000000,0.000000,0.000000,0.000000,1.000000,1.000000,0.200000,257.204010,0.000000,0.000000,0.200000,186.911957,0.200000,0.900000,
227.549522,1,1.000000,0.000000,0.000000,0.000000,0.000000,0.000000,1.000000,1.000000,0.200000,257.247009,0.000000,0.000000,0.200000,186.887085,0.200000,1.000000,
227.590919,1,1.000000,0.000000,0.000000,0.000000,0.000000,0.000000,1.000000,1.000000,0.200000,257.290985,0.000000,0.000000,0.200000,186.858826,0.200000,1.000000,
227.629307,1,1.000000,0.000000,0.000000,0.000000,0.000000,0.000000,1.000000,1.000000,0.200000,257.326996,0.000000,0.000000,0.200000,186.845886,0.200000,1.000000,
227.671473,1,1.000000,0.000000,0.000000,0.000000,0.000000,0.000000,1.000000,1.000000,0.200000,257.372009,0.000000,0.000000,0.200000,186.822327,0.200000,1.000000,
227.707319,1,1.000000,0.000000,0.000000,0.000000,0.000000,0.000000,1.000000,1.000000,0.200000,257.407990,0.000000,0.000000,0.200000,186.796753,0.200000,1.000000,
227.748775,1,1.000000,0.000000,0.000000,0.000000,0.000000,0.000000,1.000000,1.000000,0.200000,257.454010,0.000000,0.000000,0.200000,186.770874,0.200000,1.000000,
227.790713,1,1.000000,0.000000,0.000000,0.000000,0.000000,0.000000,1.000000,1.000000,0.200000,257.488007,0.000000,0.000000,0.200000,186.753052,0.200000,1.000000,
227.835626,1,1.000000,0.000000,0.000000,0.000000,0.000000,0.000000,1.000000,1.000000,0.200000,257.523010,0.000000,0.000000,0.200000,186.717224,0.200000,1.000000,
227.880284,1,1.000000,0.000000,0.000000,0.000000,0.000000,0.000000,1.000000,1.000000,0.200000,257.575012,0.000000,0.000000,0.200000,186.696320,0.200000,1.000000,
227.933362,1,1.000000,0.000000,0.000000,0.000000,0.000000,0.000000,1.000000,1.000000,0.200000,257.790009,0.000000,0.000000,0.200000,186.678864,0.200000,1.000000,
227.957283,1,1.000000,0.000000,0.000000,0.000000,0.000000,0.000000,1.000000,1.000000,0.200000,258.209991,0.000000,0.000000,0.200000,186.645126,0.200000,1.000000,
228.009220,1,1.000000,0.000000,0.000000,0.000000,0.000000,0.000000,1.000000,1.000000,0.200000,257.691986,0.000000,0.000000,0.200000,186.625732,0.200000,0.900000,
228.038747,1,1.000000,0.000000,0.000000,0.000000,0.000000,0.000000,1.000000,1.000000,0.200000,257.737000,0.000000,0.000000,0.200000,186.594788,0.200000,0.900000,
228.078383,1,1.000000,0.000000,0.000000,0.000000,0.000000,0.000000,1.000000,1.000000,0.200000,257.769989,0.000000,0.000000,0.200000,186.574600,0.200000,1.000000,
228.116948,1,1.000000,0.000000,0.000000,0.000000,0.000000,0.000000,1.000000,1.000000,0.200000,257.819000,0.000000,0.000000,0.200000,186.551086,0.200000,0.900000,
228.153620,1,1.000000,0.000000,0.000000,0.000000,0.000000,0.000000,1.000000,1.000000,0.200000,257.851990,0.000000,0.000000,0.200000,186.544159,0.200000,0.900000,
228.194062,1,1.000000,0.000000,0.000000,0.000000,0.000000,0.000000,1.000000,1.000000,0.200000,257.897003,0.000000,0.000000,0.200000,186.515778,0.200000,1.000000,
228.231388,1,1.000000,0.000000,0.000000,0.000000,0.000000,0.000000,1.000000,1.000000,0.200000,257.929993,0.000000,0.000000,0.200000,186.503952,0.200000,1.000000,
228.272633,1,1.000000,0.000000,0.000000,0.000000,0.000000,0.000000,1.000000,1.000000,0.200000,257.976013,0.000000,0.000000,0.200000,186.483353,0.200000,1.000000,
228.314032,1,1.000000,0.000000,0.000000,0.000000,0.000000,0.000000,1.000000,1.000000,0.200000,258.010010,0.000000,0.000000,0.200000,186.461411,0.200000,1.000000,
228.352949,1,1.000000,0.000000,0.000000,0.000000,0.000000,0.000000,1.000000,1.000000,0.200000,258.053009,0.000000,0.000000,0.200000,186.445511,0.200000,0.900000,
228.394114,1,1.000000,0.000000,0.000000,0.000000,0.000000,0.000000,1.000000,1.000000,0.200000,258.084991,0.000000,0.000000,0.200000,186.426926,0.200000,1.000000,
228.435666,1,1.000000,0.000000,0.000000,0.000000,0.000000,0.000000,1.000000,1.000000,0.200000,258.134003,0.000000,0.000000,0.200000,186.408905,0.200000,1.000000,
228.474278,1,1.000000,0.000000,0.000000,0.000000,0.000000,0.000000,1.000000,1.000000,0.200000,258.167999,0.000000,0.000000,0.200000,186.390427,0.200000,0.900000,
228.514647,1,1.000000,0.000000,0.000000,0.000000,0.000000,0.000000,1.000000,1.000000,0.200000,258.213013,0.000000,0.000000,0.200000,186.365128,0.200000,0.900000,
228.557660,1,1.000000,0.000000,0.000000,0.000000,0.000000,0.000000,1.000000,1.000000,0.200000,258.248993,0.000000,0.000000,0.200000,186.346222,0.200000,0.900000,
228.591856,1,1.000000,0.000000,0.000000,0.000000,0.000000,0.000000,1.000000,1.000000,0.200000,258.290985,0.000000,0.000000,0.200000,186.321136,0.200000,0.900000,
228.636751,1,1.000000,0.000000,0.000000,0.000000,0.000000,0.000000,1.000000,1.000000,0.200000,258.330994,0.000000,0.000000,0.200000,186.297272,0.200000,0.900000,
228.671953,1,1.000000,0.000000,0.000000,0.000000,0.000000,0.000000,1.000000,1.000000,0.200000,258.373993,0.000000,0.000000,0.200000,186.272049,0.200000,0.900000,
228.712017,1,1.000000,0.000000,0.000000,0.000000,0.000000,0.000000,1.000000,1.000000,0.200000,258.407990,0.000000,0.000000,0.200000,186.247559,0.200000,0.900000,
228.747938,1,1.000000,0.000000,0.000000,0.000000,0.000000,0.000000,1.000000,1.000000,0.200000,258.450989,0.000000,0.000000,0.200000,186.230301,0.200000,0.900000,
228.790968,1,1.000000,0.000000,0.000000,0.000000,0.000000,0.000000,1.000000,1.000000,0.200000,258.493988,0.000000,0.000000,0.200000,186.192795,0.200000,1.000000,
228.833723,1,1.000000,0.000000,0.000000,0.000000,0.000000,0.000000,1.000000,1.000000,0.200000,258.533997,0.000000,0.000000,0.200000,186.167114,0.200000,0.900000,
228.870513,1,1.000000,0.000000,0.000000,0.000000,0.000000,0.000000,1.000000,1.000000,0.200000,258.575989,0.000000,0.000000,0.200000,186.147812,0.200000,0.900000,
228.910734,1,1.000000,0.000000,0.000000,0.000000,0.000000,0.000000,1.000000,1.000000,0.200000,258.839996,0.000000,0.000000,0.200000,186.112473,0.200000,0.900000,
228.956865,1,1.000000,0.000000,0.000000,0.000000,0.000000,0.000000,1.000000,1.000000,0.200000,259.149994,0.000000,0.000000,0.200000,186.080444,0.200000,0.900000,
228.991875,1,1.000000,0.000000,0.000000,0.000000,0.000000,0.000000,1.000000,1.000000,0.200000,258.692993,0.000000,0.000000,0.200000,186.064285,0.200000,0.900000,
229.033436,1,1.000000,0.000000,0.000000,0.000000,0.000000,0.000000,1.000000,1.000000,0.200000,258.735992,0.000000,0.000000,0.200000,186.029236,0.200000,0.900000,
229.074389,1,1.000000,0.000000,0.000000,0.000000,0.000000,0.000000,1.000000,1.000000,0.200000,258.769989,0.000000,0.000000,0.200000,186.006943,0.200000,0.900000,
229.113477,1,1.000000,0.000000,0.000000,0.000000,0.000000,0.000000,1.000000,1.000000,0.200000,258.811005,0.000000,0.000000,0.200000,185.982758,0.200000,0.900000,
229.151455,1,1.000000,0.000000,0.000000,0.000000,0.000000,0.000000,1.000000,1.000000,0.200000,258.847992,0.000000,0.000000,0.200000,185.956711,0.200000,0.900000,
229.194125,1,1.000000,0.000000,0.000000,0.000000,0.000000,0.000000,1.000000,1.000000,0.200000,258.888000,0.000000,0.000000,0.200000,185.935257,0.200000,0.900000,
229.234718,1,1.000000,0.000000,0.000000,0.000000,0.000000,0.000000,1.000000,1.000000,0.200000,258.929993,0.000000,0.000000,0.200000,185.904022,0.200000,0.900000,
229.272310,1,1.000000,0.000000,0.000000,0.000000,0.000000,0.000000,1.000000,1.000000,0.200000,258.972992,0.000000,0.000000,0.200000,185.881927,0.200000,0.900000,
229.310732,1,1.000000,0.000000,0.000000,0.000000,0.000000,0.000000,1.000000,1.000000,0.200000,259.007996,0.000000,0.000000,0.200000,185.854645,0.200000,0.900000,
229.357867,1,1.000000,0.000000,0.000000,0.000000,0.000000,0.000000,1.000000,1.000000,0.200000,259.049988,0.000000,0.000000,0.200000,185.823288,0.200000,0.900000,
229.394845,1,1.000000,0.000000,0.000000,0.000000,0.000000,0.000000,1.000000,1.000000,0.200000,259.091003,0.000000,0.000000,0.200000,185.796417,0.200000,0.900000,
229.430395,1,1.000000,0.000000,0.000000,0.000000,0.000000,0.000000,1.000000,1.000000,0.200000,259.135010,0.000000,0.000000,0.200000,185.771118,0.200000,0.900000,
229.474751,1,1.000000,0.000000,0.000000,0.000000,0.000000,0.000000,1.000000,1.000000,0.200000,259.174011,0.000000,0.000000,0.200000,185.742508,0.200000,0.900000,
229.513462,1,1.000000,0.000000,0.000000,0.000000,0.000000,0.000000,1.000000,1.000000,0.200000,259.208008,0.000000,0.000000,0.200000,185.714096,0.200000,0.900000,
229.553145,1,1.000000,0.000000,0.000000,0.000000,0.000000,0.000000,1.000000,1.000000,0.200000,259.250000,0.000000,0.000000,0.200000,185.690475,0.200000,0.900000,
229.590268,1,1.000000,0.000000,0.000000,0.000000,0.000000,0.000000,1.000000,1.000000,0.200000,259.291992,0.000000,0.000000,0.200000,185.672012,0.200000,0.900000,
229.635519,1,1.000000,0.000000,0.000000,0.000000,0.000000,0.000000,1.000000,1.000000,0.200000,259.329010,0.000000,0.000000,0.200000,185.656693,0.200000,0.900000,
229.674071,1,1.000000,0.000000,0.000000,0.000000,0.000000,0.000000,1.000000,1.000000,0.200000,259.372009,0.000000,0.000000,0.200000,185.633499,0.200000,0.900000,
229.711596,1,1.000000,0.000000,0.000000,0.000000,0.000000,0.000000,1.000000,1.000000,0.200000,259.415009,0.000000,0.000000,0.200000,185.618546,0.200000,0.900000,
229.751093,1,1.000000,0.000000,0.000000,0.000000,0.000000,0.000000,1.000000,1.000000,0.200000,259.457001,0.000000,0.000000,0.200000,185.595901,0.200000,0.900000,
229.791171,1,1.000000,0.000000,0.000000,0.000000,0.000000,0.000000,1.000000,1.000000,0.200000,259.496002,0.000000,0.000000,0.200000,185.579941,0.200000,1.000000,
229.832973,1,1.000000,0.000000,0.000000,0.000000,0.000000,0.000000,1.000000,1.000000,0.200000,259.528992,0.000000,0.000000,0.200000,185.552536,0.200000,0.900000,
229.881355,1,1.000000,0.000000,0.000000,0.000000,0.000000,0.000000,1.000000,1.000000,0.200000,259.572998,0.000000,0.000000,0.200000,185.537598,0.200000,0.900000,
229.913480,1,1.000000,0.000000,0.000000,0.000000,0.000000,0.000000,1.000000,1.000000,0.200000,259.869995,0.000000,0.000000,0.200000,185.519379,0.200000,0.900000,
229.953802,1,1.000000,0.000000,0.000000,0.000000,0.000000,0.000000,1.000000,1.000000,0.200000,260.200012,0.000000,0.000000,0.200000,185.499237,0.200000,0.900000,
229.991913,1,1.000000,0.000000,0.000000,0.000000,0.000000,0.000000,1.000000,1.000000,0.200000,259.691010,0.000000,0.000000,0.200000,185.476364,0.200000,0.900000,
230.029766,1,1.000000,0.000000,0.000000,0.000000,0.000000,0.000000,1.000000,1.000000,0.200000,259.733002,0.000000,0.000000,0.200000,185.457352,0.200000,1.000000,
230.066125,1,1.000000,0.000000,0.000000,0.000000,0.000000,0.000000,1.000000,1.000000,0.200000,259.774994,0.000000,0.000000,0.200000,185.431000,0.200000,0.900000,
230.109099,1,1.000000,0.000000,0.000000,0.000000,0.000000,0.000000,1.000000,1.000000,0.200000,259.808990,0.000000,0.000000,0.200000,185.414276,0.200000,0.900000,
230.153845,1,1.000000,0.000000,0.000000,0.000000,0.000000,0.000000,1.000000,1.000000,0.200000,259.850006,0.000000,0.000000,0.200000,185.408157,0.200000,0.900000,
230.191417,1,1.000000,0.000000,0.000000,0.000000,0.000000,0.000000,1.000000,1.000000,0.200000,259.893005,0.000000,0.000000,0.200000,185.377213,0.200000,1.000000,
230.232842,1,1.000000,0.000000,0.000000,0.000000,0.000000,0.000000,1.000000,1.000000,0.200000,259.936005,0.000000,0.000000,0.200000,185.353958,0.200000,1.000000,
230.273636,1,1.000000,0.000000,0.000000,0.000000,0.000000,0.000000,1.000000,1.000000,0.200000,259.970001,0.000000,0.000000,0.200000,185.339615,0.200000,0.900000,
230.321092,1,1.000000,0.000000,0.000000,0.000000,0.000000,0.000000,1.000000,1.000000,0.200000,260.010986,0.000000,0.000000,0.200000,185.319153,0.200000,0.900000,
230.353941,1,1.000000,0.000000,0.000000,0.000000,0.000000,0.000000,1.000000,1.000000,0.200000,260.056000,0.000000,0.000000,0.200000,185.296158,0.200000,0.900000,
230.403554,1,1.000000,0.000000,0.000000,0.000000,0.000000,0.000000,1.000000,1.000000,0.200000,260.096008,0.000000,0.000000,0.200000,185.281952,0.200000,0.900000,
230.439006,1,1.000000,0.000000,0.000000,0.000000,0.000000,0.000000,1.000000,1.000000,0.200000,260.130005,0.000000,0.000000,0.200000,185.268875,0.200000,0.900000,
230.469405,1,1.000000,0.000000,0.000000,0.000000,0.000000,0.000000,1.000000,1.000000,0.200000,260.170990,0.000000,0.000000,0.200000,185.241516,0.200000,0.900000,
230.511528,1,1.000000,0.000000,0.000000,0.000000,0.000000,0.000000,1.000000,1.000000,0.200000,260.210999,0.000000,0.000000,0.200000,185.216934,0.200000,1.000000,
230.553482,1,1.000000,0.000000,0.000000,0.000000,0.000000,0.000000,1.000000,1.000000,0.200000,260.252014,0.000000,0.000000,0.200000,185.192566,0.200000,1.000000,
230.595089,1,1.000000,0.000000,0.000000,0.000000,0.000000,0.000000,1.000000,1.000000,0.200000,260.295013,0.000000,0.000000,0.200000,185.176468,0.200000,1.000000,
230.637901,1,1.000000,0.000000,0.000000,0.000000,0.000000,0.000000,1.000000,1.000000,0.200000,260.338989,0.000000,0.000000,0.200000,185.139603,0.200000,0.900000,
230.673697,1,1.000000,0.000000,0.000000,0.000000,0.000000,0.000000,1.000000,1.000000,0.200000,260.372986,0.000000,0.000000,0.200000,185.126755,0.200000,1.000000,
230.720860,1,1.000000,0.000000,0.000000,0.000000,0.000000,0.000000,1.000000,1.000000,0.200000,260.416992,0.000000,0.000000,0.200000,185.108902,0.200000,1.000000,
230.762304,1,1.000000,0.000000,0.000000,0.000000,0.000000,0.000000,1.000000,1.000000,0.200000,260.455994,0.000000,0.000000,0.200000,185.079132,0.200000,1.000000,
230.795102,1,1.000000,0.000000,0.000000,0.000000,0.000000,0.000000,1.000000,1.000000,0.200000,260.498993,0.000000,0.000000,0.200000,185.055069,0.200000,0.900000,
230.831905,1,1.000000,0.000000,0.000000,0.000000,0.000000,0.000000,1.000000,1.000000,0.200000,260.531006,0.000000,0.000000,0.200000,185.044266,0.200000,0.900000,
230.873227,1,1.000000,0.000000,0.000000,0.000000,0.000000,0.000000,1.000000,1.000000,0.200000,260.572998,0.000000,0.000000,0.200000,185.005768,0.200000,1.000000,
230.912976,1,1.000000,0.000000,0.000000,0.000000,0.000000,0.000000,1.000000,1.000000,0.200000,260.790009,0.000000,0.000000,0.200000,184.992783,0.200000,1.000000,
230.950859,1,1.000000,0.000000,0.000000,0.000000,0.000000,0.000000,1.000000,1.000000,0.200000,261.170013,0.000000,0.000000,0.200000,184.967819,0.200000,0.900000,
230.990874,1,1.000000,0.000000,0.000000,0.000000,0.000000,0.000000,1.000000,1.000000,0.200000,260.694000,0.000000,0.000000,0.200000,184.944885,0.200000,0.900000,
231.032956,1,1.000000,0.000000,0.000000,0.000000,0.000000,0.000000,1.000000,1.000000,0.200000,260.727997,0.000000,0.000000,0.200000,184.931351,0.200000,1.000000,
231.073156,1,1.000000,0.000000,0.000000,0.000000,0.000000,0.000000,1.000000,1.000000,0.200000,260.777008,0.000000,0.000000,0.200000,184.908997,0.200000,1.000000,
231.113658,1,1.000000,0.000000,0.000000,0.000000,0.000000,0.000000,1.000000,1.000000,0.200000,260.811005,0.000000,0.000000,0.200000,184.894638,0.200000,1.000000,
231.159488,1,1.000000,0.000000,0.000000,0.000000,0.000000,0.000000,1.000000,1.000000,0.200000,260.846985,0.000000,0.000000,0.200000,184.882843,0.200000,0.900000,
231.194123,1,1.000000,0.000000,0.000000,0.000000,0.000000,0.000000,1.000000,1.000000,0.200000,260.894012,0.000000,0.000000,0.200000,184.863937,0.200000,1.000000,
231.231837,1,1.000000,0.000000,0.000000,0.000000,0.000000,0.000000,1.000000,1.000000,0.200000,260.928986,0.000000,0.000000,0.200000,184.843140,0.200000,1.000000,
231.277952,1,1.000000,0.000000,0.000000,0.000000,0.000000,0.000000,1.000000,1.000000,0.200000,260.975006,0.000000,0.000000,0.200000,184.826385,0.200000,1.000000,
231.314852,1,1.000000,0.000000,0.000000,0.000000,0.000000,0.000000,1.000000,1.000000,0.200000,261.010010,0.000000,0.000000,0.200000,184.813675,0.200000,0.900000,
231.359011,1,1.000000,0.000000,0.000000,0.000000,0.000000,0.000000,1.000000,1.000000,0.200000,261.046997,0.000000,0.000000,0.200000,184.799103,0.200000,0.900000,
231.400386,1,1.000000,0.000000,0.000000,0.000000,0.000000,0.000000,1.000000,1.000000,0.200000,261.093994,0.000000,0.000000,0.200000,184.770569,0.200000,1.000000,
231.436247,1,1.000000,0.000000,0.000000,0.000000,0.000000,0.000000,1.000000,1.000000,0.200000,261.130005,0.000000,0.000000,0.200000,184.761902,0.200000,1.000000,
231.476148,1,1.000000,0.000000,0.000000,0.000000,0.000000,0.000000,1.000000,1.000000,0.200000,261.158997,0.000000,0.000000,0.200000,184.751266,0.200000,1.000000,
231.549937,1,1.000000,0.000000,0.000000,0.000000,0.000000,0.000000,1.000000,1.000000,0.200000,261.217987,0.000000,0.000000,0.200000,184.719330,0.200000,1.000000,
231.573090,1,1.000000,0.000000,0.000000,0.000000,0.000000,0.000000,1.000000,1.000000,0.200000,261.263000,0.000000,0.000000,0.200000,184.680527,0.200000,1.000000,
231.619873,1,1.000000,0.000000,0.000000,0.000000,0.000000,0.000000,1.000000,1.000000,0.200000,261.307007,0.000000,0.000000,0.200000,184.661102,0.200000,1.000000,
231.656817,1,1.000000,0.000000,0.000000,0.000000,0.000000,0.000000,1.000000,1.000000,0.200000,261.341003,0.000000,0.000000,0.200000,184.648987,0.200000,0.900000,
231.710776,1,1.000000,0.000000,0.000000,0.000000,0.000000,0.000000,1.000000,1.000000,0.200000,261.391998,0.000000,0.000000,0.200000,184.614731,0.200000,1.000000,
231.745534,1,1.000000,0.000000,0.000000,0.000000,0.000000,0.000000,1.000000,1.000000,0.200000,261.424988,0.000000,0.000000,0.200000,184.599152,0.200000,1.000000,
231.778718,1,1.000000,0.000000,0.000000,0.000000,0.000000,0.000000,1.000000,1.000000,0.200000,261.471008,0.000000,0.000000,0.200000,184.579086,0.200000,1.000000,
231.816134,1,1.000000,0.000000,0.000000,0.000000,0.000000,0.000000,1.000000,1.000000,0.200000,261.513000,0.000000,0.000000,0.200000,184.557999,0.200000,1.000000,
231.862193,1,1.000000,0.000000,0.000000,0.000000,0.000000,0.000000,1.000000,1.000000,0.200000,261.548004,0.000000,0.000000,0.200000,184.550735,0.200000,1.000000,
231.903687,1,1.000000,0.000000,0.000000,0.000000,0.000000,0.000000,1.000000,1.000000,0.200000,261.585999,0.000000,0.000000,0.200000,184.530624,0.200000,1.000000,
231.926031,1,1.000000,0.000000,0.000000,0.000000,0.000000,0.000000,1.000000,1.000000,0.200000,262.019989,0.000000,0.000000,0.200000,184.512985,0.200000,1.000000,
231.975084,1,1.000000,0.000000,0.000000,0.000000,0.000000,0.000000,1.000000,1.000000,0.200000,262.350006,0.000000,0.000000,0.200000,184.505798,0.200000,1.000000,
232.035153,1,1.000000,0.000000,0.000000,0.000000,0.000000,0.000000,1.000000,1.000000,0.200000,261.713013,0.000000,0.000000,0.200000,184.486343,0.200000,1.000000,
232.051385,1,1.000000,0.000000,0.000000,0.000000,0.000000,0.000000,1.000000,1.000000,0.200000,261.748993,0.000000,0.000000,0.200000,184.479218,0.200000,1.000000,
232.093918,1,1.000000,0.000000,0.000000,0.000000,0.000000,0.000000,1.000000,1.000000,0.200000,261.792999,0.000000,0.000000,0.200000,184.467346,0.200000,1.000000,
232.138271,1,1.000000,0.000000,0.000000,0.000000,0.000000,0.000000,1.000000,1.000000,0.200000,261.816986,0.000000,0.000000,0.200000,184.456757,0.200000,1.000000,
232.176960,1,1.000000,0.000000,0.000000,0.000000,0.000000,0.000000,1.000000,1.000000,0.200000,261.873993,0.000000,0.000000,0.200000,184.439423,0.200000,1.000000,
232.224369,1,1.000000,0.000000,0.000000,0.000000,0.000000,0.000000,1.000000,1.000000,0.200000,261.911987,0.000000,0.000000,0.200000,184.429031,0.200000,1.000000,
232.261638,1,1.000000,0.000000,0.000000,0.000000,0.000000,0.000000,1.000000,1.000000,0.200000,261.959015,0.000000,0.000000,0.200000,184.414139,0.200000,1.000000,
232.297300,1,1.000000,0.000000,0.000000,0.000000,0.000000,0.000000,1.000000,1.000000,0.200000,261.992004,0.000000,0.000000,0.200000,184.407852,0.200000,1.000000,
232.330145,1,1.000000,0.000000,0.000000,0.000000,0.000000,0.000000,1.000000,1.000000,0.200000,262.033997,0.000000,0.000000,0.200000,184.387390,0.200000,1.000000,
232.371522,1,1.000000,0.000000,0.000000,0.000000,0.000000,0.000000,1.000000,1.000000,0.200000,262.075989,0.000000,0.000000,0.200000,184.378891,0.200000,1.000000,
232.416810,1,1.000000,0.000000,0.000000,0.000000,0.000000,0.000000,1.000000,1.000000,0.200000,262.109985,0.000000,0.000000,0.200000,184.365204,0.200000,1.000000,
232.463849,1,1.000000,0.000000,0.000000,0.000000,0.000000,0.000000,1.000000,1.000000,0.200000,262.148987,0.000000,0.000000,0.200000,184.343094,0.200000,1.000000,
232.495024,1,1.000000,0.000000,0.000000,0.000000,0.000000,0.000000,1.000000,1.000000,0.200000,262.186005,0.000000,0.000000,0.200000,184.331940,0.200000,1.000000,
232.539040,1,1.000000,0.000000,0.000000,0.000000,0.000000,0.000000,1.000000,1.000000,0.200000,262.237000,0.000000,0.000000,0.200000,184.315567,0.200000,1.000000,
232.576747,1,1.000000,0.000000,0.000000,0.000000,0.000000,0.000000,1.000000,1.000000,0.200000,262.273010,0.000000,0.000000,0.200000,184.292786,0.200000,1.000000,
232.617746,1,1.000000,0.000000,0.000000,0.000000,0.000000,0.000000,1.000000,1.000000,0.200000,262.308990,0.000000,0.000000,0.200000,184.291550,0.200000,1.000000,
232.654825,1,1.000000,0.000000,0.000000,0.000000,0.000000,0.000000,1.000000,1.000000,0.200000,262.347992,0.000000,0.000000,0.200000,184.265656,0.200000,1.000000,
232.695527,1,1.000000,0.000000,0.000000,0.000000,0.000000,0.000000,1.000000,1.000000,0.200000,262.394012,0.000000,0.000000,0.200000,184.248947,0.200000,1.000000,
232.731592,1,1.000000,0.000000,0.000000,0.000000,0.000000,0.000000,1.000000,1.000000,0.200000,262.431000,0.000000,0.000000,0.200000,184.242050,0.200000,1.000000,
232.780606,1,1.000000,0.000000,0.000000,0.000000,0.000000,0.000000,1.000000,1.000000,0.200000,262.475006,0.000000,0.000000,0.200000,184.224030,0.200000,1.000000,
232.820976,1,1.000000,0.000000,0.000000,0.000000,0.000000,0.000000,1.000000,1.000000,0.200000,262.509003,0.000000,0.000000,0.200000,184.206085,0.200000,1.000000,
232.855637,1,1.000000,0.000000,0.000000,0.000000,0.000000,0.000000,1.000000,1.000000,0.200000,262.545990,0.000000,0.000000,0.200000,184.194473,0.200000,1.000000,
232.897307,1,1.000000,0.000000,0.000000,0.000000,0.000000,0.000000,1.000000,1.000000,0.200000,262.588989,0.000000,0.000000,0.200000,184.186005,0.200000,1.000000,
232.939043,1,1.000000,0.000000,0.000000,0.000000,0.000000,0.000000,1.000000,1.000000,0.200000,263.000000,0.000000,0.000000,0.200000,184.166534,0.200000,1.000000,
232.974377,1,1.000000,0.000000,0.000000,0.000000,0.000000,0.000000,1.000000,1.000000,0.200000,263.369995,0.000000,0.000000,0.200000,184.151321,0.200000,1.000000,
233.028384,1,1.000000,0.000000,0.000000,0.000000,0.000000,0.000000,1.000000,1.000000,0.200000,262.707001,0.000000,0.000000,0.200000,184.140762,0.200000,1.000000,
233.060392,1,1.000000,0.000000,0.000000,0.000000,0.000000,0.000000,1.000000,1.000000,0.200000,262.753998,0.000000,0.000000,0.200000,184.119858,0.200000,1.000000,
233.108411,1,1.000000,0.000000,0.000000,0.000000,0.000000,0.000000,1.000000,1.000000,0.200000,262.790009,0.000000,0.000000,0.200000,184.106735,0.200000,1.000000,
233.155219,1,1.000000,0.000000,0.000000,0.000000,0.000000,0.000000,1.000000,1.000000,0.200000,262.824005,0.000000,0.000000,0.200000,184.087601,0.200000,1.000000,
233.193632,1,1.000000,0.000000,0.000000,0.000000,0.000000,0.000000,1.000000,1.000000,0.200000,262.875000,0.000000,0.000000,0.200000,184.065689,0.200000,1.000000,
233.244709,1,1.000000,0.000000,0.000000,0.000000,0.000000,0.000000,1.000000,1.000000,0.200000,262.915009,0.000000,0.000000,0.200000,184.054092,0.200000,1.000000,
233.284687,1,1.000000,0.000000,0.000000,0.000000,0.000000,0.000000,1.000000,1.000000,0.200000,262.953003,0.000000,0.000000,0.200000,184.037262,0.200000,1.000000,
233.379366,1,1.000000,0.000000,0.000000,0.000000,0.000000,0.000000,1.000000,1.000000,0.200000,263.006989,0.000000,0.000000,0.200000,184.006973,0.200000,1.000000,
233.417144,1,1.000000,0.000000,0.000000,0.000000,0.000000,0.000000,1.000000,1.000000,0.200000,263.102997,0.000000,0.000000,0.200000,183.973999,0.200000,1.000000,
233.448488,1,1.000000,0.000000,0.000000,0.000000,0.000000,0.000000,1.000000,1.000000,0.200000,263.131012,0.000000,0.000000,0.200000,183.956131,0.200000,1.000000,
233.511460,1,1.000000,0.000000,0.000000,0.000000,0.000000,0.000000,1.000000,1.000000,0.200000,263.190002,0.000000,0.000000,0.200000,183.927185,0.200000,1.000000,
233.543332,1,1.000000,0.000000,0.000000,0.000000,0.000000,0.000000,1.000000,1.000000,0.200000,263.223999,0.000000,0.000000,0.200000,183.918350,0.200000,1.000000,
233.618565,1,1.000000,0.000000,0.000000,0.000000,0.000000,0.000000,1.000000,1.000000,0.200000,263.273987,0.000000,0.000000,0.200000,183.900452,0.200000,1.000000,
233.659020,1,1.000000,0.000000,0.000000,0.000000,0.000000,0.000000,1.000000,1.000000,0.200000,263.339996,0.000000,0.000000,0.200000,183.873123,0.200000,1.000000,
233.685054,1,1.000000,0.000000,0.000000,0.000000,0.000000,0.000000,1.000000,1.000000,0.200000,263.377991,0.000000,0.000000,0.200000,183.861710,0.200000,1.000000,
233.718979,1,1.000000,0.000000,0.000000,0.000000,0.000000,0.000000,1.000000,1.000000,0.200000,263.411987,0.000000,0.000000,0.200000,183.850937,0.200000,1.000000,
233.765880,1,1.000000,0.000000,0.000000,0.000000,0.000000,0.000000,1.000000,1.000000,0.200000,263.459991,0.000000,0.000000,0.200000,183.837372,0.200000,1.000000,
233.802133,1,1.000000,0.000000,0.000000,0.000000,0.000000,0.000000,1.000000,1.000000,0.200000,263.497009,0.000000,0.000000,0.200000,183.832611,0.200000,1.000000,
233.861683,1,1.000000,0.000000,0.000000,0.000000,0.000000,0.000000,1.000000,1.000000,0.200000,263.545013,0.000000,0.000000,0.200000,183.806046,0.200000,1.000000,
233.880884,1,1.000000,0.000000,0.000000,0.000000,0.000000,0.000000,1.000000,1.000000,0.200000,263.579010,0.000000,0.000000,0.200000,183.796646,0.200000,1.000000,
233.929195,1,1.000000,0.000000,0.000000,0.000000,0.000000,0.000000,1.000000,1.000000,0.200000,263.829987,0.000000,0.000000,0.200000,183.804306,0.200000,1.000000,
233.968514,1,1.000000,0.000000,0.000000,0.000000,0.000000,0.000000,1.000000,1.000000,0.200000,264.320007,0.000000,0.000000,0.200000,183.773529,0.200000,1.000000,
234.004779,1,1.000000,0.000000,0.000000,0.000000,0.000000,0.000000,1.000000,1.000000,0.200000,264.440002,0.000000,0.000000,0.200000,183.773529,0.200000,1.000000,
234.045611,1,1.000000,0.000000,0.000000,0.000000,0.000000,0.000000,1.000000,1.000000,0.200000,263.742004,0.000000,0.000000,0.200000,183.748398,0.200000,1.000000,
234.084984,1,1.000000,0.000000,0.000000,0.000000,0.000000,0.000000,1.000000,1.000000,0.200000,263.779999,0.000000,0.000000,0.200000,183.740341,0.200000,1.000000,
234.130074,1,1.000000,0.000000,0.000000,0.000000,0.000000,0.000000,1.000000,1.000000,0.200000,263.819000,0.000000,0.000000,0.200000,183.721588,0.200000,1.000000,
234.176310,1,1.000000,0.000000,0.000000,0.000000,0.000000,0.000000,1.000000,1.000000,0.200000,263.855011,0.000000,0.000000,0.200000,183.712479,0.200000,1.000000,
234.205368,1,1.000000,0.000000,0.000000,0.000000,0.000000,0.000000,1.000000,1.000000,0.200000,263.894012,0.000000,0.000000,0.200000,183.686279,0.200000,1.000000,
234.246032,1,1.000000,0.000000,0.000000,0.000000,0.000000,0.000000,1.000000,1.000000,0.200000,263.941986,0.000000,0.000000,0.200000,183.675018,0.200000,1.000000,
234.292413,1,1.000000,0.000000,0.000000,0.000000,0.000000,0.000000,1.000000,1.000000,0.200000,263.977997,0.000000,0.000000,0.200000,183.659470,0.200000,1.000000,
234.332651,1,1.000000,0.000000,0.000000,0.000000,0.000000,0.000000,1.000000,1.000000,0.200000,264.024994,0.000000,0.000000,0.200000,183.639603,0.200000,1.000000,
234.365528,1,1.000000,0.000000,0.000000,0.000000,0.000000,0.000000,1.000000,1.000000,0.200000,264.046997,0.000000,0.000000,0.200000,183.630188,0.200000,1.000000,
234.421769,1,1.000000,0.000000,0.000000,0.000000,0.000000,0.000000,1.000000,1.000000,0.200000,264.105011,0.000000,0.000000,0.200000,183.600693,0.200000,1.000000,
234.454785,1,1.000000,0.000000,0.000000,0.000000,0.000000,0.000000,1.000000,1.000000,0.200000,264.154999,0.000000,0.000000,0.200000,183.579926,0.200000,1.000000,
234.511328,1,1.000000,0.000000,0.000000,0.000000,0.000000,0.000000,1.000000,1.000000,0.200000,264.188995,0.000000,0.000000,0.200000,183.554871,0.200000,1.000000,
234.540672,1,1.000000,0.000000,0.000000,0.000000,0.000000,0.000000,1.000000,1.000000,0.200000,264.235992,0.000000,0.000000,0.200000,183.547043,0.200000,1.000000,
234.578443,1,1.000000,0.000000,0.000000,0.000000,0.000000,0.000000,1.000000,1.000000,0.200000,264.274994,0.000000,0.000000,0.200000,183.526871,0.200000,1.000000,
234.622842,1,1.000000,0.000000,0.000000,0.000000,0.000000,0.000000,1.000000,1.000000,0.200000,264.308014,0.000000,0.000000,0.200000,183.500565,0.200000,1.000000,
234.659130,1,1.000000,0.000000,0.000000,0.000000,0.000000,0.000000,1.000000,1.000000,0.200000,264.351013,0.000000,0.000000,0.200000,183.481049,0.200000,1.000000,
234.701654,1,1.000000,0.000000,0.000000,0.000000,0.000000,0.000000,1.000000,1.000000,0.200000,264.397003,0.000000,0.000000,0.200000,183.474701,0.200000,1.000000,
234.738725,1,1.000000,0.000000,0.000000,0.000000,0.000000,0.000000,1.000000,1.000000,0.200000,264.429993,0.000000,0.000000,0.200000,183.459473,0.200000,1.000000,
234.772962,1,1.000000,0.000000,0.000000,0.000000,0.000000,0.000000,1.000000,1.000000,0.200000,264.466003,0.000000,0.000000,0.200000,183.440414,0.200000,1.000000,
234.814125,1,1.000000,0.000000,0.000000,0.000000,0.000000,0.000000,1.000000,1.000000,0.200000,264.509003,0.000000,0.000000,0.200000,183.425598,0.200000,1.000000,
234.852656,1,1.000000,0.000000,0.000000,0.000000,0.000000,0.000000,1.000000,1.000000,0.200000,264.552002,0.000000,0.000000,0.200000,183.419449,0.200000,1.000000,
234.892407,1,1.000000,0.000000,0.000000,0.000000,0.000000,0.000000,1.000000,1.000000,0.200000,264.890015,0.000000,0.000000,0.200000,183.402328,0.200000,1.000000,
234.930173,1,1.000000,0.000000,0.000000,0.000000,0.000000,0.000000,1.000000,1.000000,0.200000,265.040009,0.000000,0.000000,0.200000,183.375931,0.200000,1.000000,
234.974169,1,1.000000,0.000000,0.000000,0.000000,0.000000,0.000000,1.000000,1.000000,0.200000,265.420013,0.000000,0.000000,0.200000,183.367920,0.200000,1.000000,
235.014090,1,1.000000,0.000000,0.000000,0.000000,0.000000,0.000000,1.000000,1.000000,0.200000,264.713013,0.000000,0.000000,0.200000,183.351120,0.200000,1.000000,
235.054200,1,1.000000,0.000000,0.000000,0.000000,0.000000,0.000000,1.000000,1.000000,0.200000,264.748993,0.000000,0.000000,0.200000,183.329483,0.200000,1.000000,
235.092101,1,1.000000,0.000000,0.000000,0.000000,0.000000,0.000000,1.000000,1.000000,0.200000,264.790009,0.000000,0.000000,0.200000,183.325348,0.200000,1.000000,
235.132776,1,1.000000,0.000000,0.000000,0.000000,0.000000,0.000000,1.000000,1.000000,0.200000,264.830994,0.000000,0.000000,0.200000,183.309204,0.200000,1.000000,
235.172499,1,1.000000,0.000000,0.000000,0.000000,0.000000,0.000000,1.000000,1.000000,0.200000,264.869995,0.000000,0.000000,0.200000,183.298370,0.200000,1.000000,
235.214188,1,1.000000,0.000000,0.000000,0.000000,0.000000,0.000000,1.000000,1.000000,0.200000,264.914001,0.000000,0.000000,0.200000,183.285950,0.200000,1.000000,
235.254174,1,1.000000,0.000000,0.000000,0.000000,0.000000,0.000000,1.000000,1.000000,0.200000,264.953003,0.000000,0.000000,0.200000,183.274612,0.200000,1.000000,
235.295077,1,1.000000,0.000000,0.000000,0.000000,0.000000,0.000000,1.000000,1.000000,0.200000,264.994995,0.000000,0.000000,0.200000,183.258484,0.200000,1.000000,
235.334437,1,1.000000,0.000000,0.000000,0.000000,0.000000,0.000000,1.000000,1.000000,0.200000,265.036987,0.000000,0.000000,0.200000,183.248260,0.200000,1.000000,
235.372193,1,1.000000,0.000000,0.000000,0.000000,0.000000,0.000000,1.000000,1.000000,0.200000,265.076996,0.000000,0.000000,0.200000,183.239426,0.200000,1.000000,
235.412499,1,1.000000,0.000000,0.000000,0.000000,0.000000,0.000000,1.000000,1.000000,0.200000,265.108002,0.000000,0.000000,0.200000,183.227676,0.200000,1.000000,
235.454893,1,1.000000,0.000000,0.000000,0.000000,0.000000,0.000000,1.000000,1.000000,0.200000,265.148010,0.000000,0.000000,0.200000,183.213104,0.200000,1.000000,
235.493113,1,1.000000,0.000000,0.000000,0.000000,0.000000,0.000000,1.000000,1.000000,0.200000,265.190002,0.000000,0.000000,0.200000,183.210526,0.200000,1.000000,
235.536507,1,1.000000,0.000000,0.000000,0.000000,0.000000,0.000000,1.000000,1.000000,0.200000,265.231995,0.000000,0.000000,0.200000,183.190063,0.200000,1.000000,
235.571423,1,1.000000,0.000000,0.000000,0.000000,0.000000,0.000000,1.000000,1.000000,0.200000,265.273987,0.000000,0.000000,0.200000,183.179947,0.200000,1.000000,
235.614100,1,1.000000,0.000000,0.000000,0.000000,0.000000,0.000000,1.000000,1.000000,0.200000,265.316010,0.000000,0.000000,0.200000,183.160370,0.200000,1.000000,
235.656626,1,1.000000,0.000000,0.000000,0.000000,0.000000,0.000000,1.000000,1.000000,0.200000,265.355988,0.000000,0.000000,0.200000,183.141556,0.200000,1.000000,
235.692992,1,1.000000,0.000000,0.000000,0.000000,0.000000,0.000000,1.000000,1.000000,0.200000,265.386993,0.000000,0.000000,0.200000,183.118881,0.200000,1.000000,
235.732547,1,1.000000,0.000000,0.000000,0.000000,0.000000,0.000000,1.000000,1.000000,0.200000,265.428009,0.000000,0.000000,0.200000,183.112503,0.200000,1.000000,
235.771055,1,1.000000,0.000000,0.000000,0.000000,0.000000,0.000000,1.000000,1.000000,0.200000,265.467987,0.000000,0.000000,0.200000,183.096771,0.200000,1.000000,
235.813828,1,1.000000,0.000000,0.000000,0.000000,0.000000,0.000000,1.000000,1.000000,0.200000,265.507996,0.000000,0.000000,0.200000,183.072983,0.200000,1.000000,
235.855847,1,1.000000,0.000000,0.000000,0.000000,0.000000,0.000000,1.000000,1.000000,0.200000,265.549988,0.000000,0.000000,0.200000,183.055405,0.200000,1.000000,
235.894834,1,1.000000,0.000000,0.000000,0.000000,0.000000,0.000000,1.000000,1.000000,0.200000,265.890015,0.000000,0.000000,0.200000,183.039047,0.200000,1.000000,
235.938759,1,1.000000,0.000000,0.000000,0.000000,0.000000,0.000000,1.000000,1.000000,0.200000,265.959991,0.000000,0.000000,0.200000,183.008926,0.200000,1.000000,
235.977967,1,1.000000,0.000000,0.000000,0.000000,0.000000,0.000000,1.000000,1.000000,0.200000,266.500000,0.000000,0.000000,0.200000,183.000320,0.200000,1.000000,
236.013401,1,1.000000,0.000000,0.000000,0.000000,0.000000,0.000000,1.000000,1.000000,0.200000,265.710999,0.000000,0.000000,0.200000,182.981522,0.200000,1.000000,
236.058126,1,1.000000,0.000000,0.000000,0.000000,0.000000,0.000000,1.000000,1.000000,0.200000,265.753998,0.000000,0.000000,0.200000,182.956207,0.200000,1.000000,
236.091912,1,1.000000,0.000000,0.000000,0.000000,0.000000,0.000000,1.000000,1.000000,0.200000,265.786987,0.000000,0.000000,0.200000,182.951004,0.200000,1.000000,
236.137069,1,1.000000,0.000000,0.000000,0.000000,0.000000,0.000000,1.000000,1.000000,0.200000,265.830994,0.000000,0.000000,0.200000,182.929276,0.200000,1.000000,
236.173696,1,1.000000,0.000000,0.000000,0.000000,0.000000,0.000000,1.000000,1.000000,0.200000,265.872009,0.000000,0.000000,0.200000,182.917816,0.200000,1.000000,
236.215093,1,1.000000,0.000000,0.000000,0.000000,0.000000,0.000000,1.000000,1.000000,0.200000,265.912994,0.000000,0.000000,0.200000,182.905273,0.200000,1.000000,
236.253253,1,1.000000,0.000000,0.000000,0.000000,0.000000,0.000000,1.000000,1.000000,0.200000,265.953003,0.000000,0.000000,0.200000,182.888199,0.200000,1.000000,
236.300179,1,1.000000,0.000000,0.000000,0.000000,0.000000,0.000000,1.000000,1.000000,0.200000,265.994995,0.000000,0.000000,0.200000,182.870010,0.200000,1.000000,
236.330553,1,1.000000,0.000000,0.000000,0.000000,0.000000,0.000000,1.000000,1.000000,0.200000,266.036011,0.000000,0.000000,0.200000,182.865189,0.200000,1.000000,
236.371562,1,1.000000,0.000000,0.000000,0.000000,0.000000,0.000000,1.000000,1.000000,0.200000,266.075012,0.000000,0.000000,0.200000,182.857956,0.200000,1.000000,
236.413913,1,1.000000,0.000000,0.000000,0.000000,0.000000,0.000000,1.000000,1.000000,0.200000,266.117004,0.000000,0.000000,0.200000,182.839996,0.200000,1.000000,
236.452722,1,1.000000,0.000000,0.000000,0.000000,0.000000,0.000000,1.000000,1.000000,0.200000,266.144989,0.000000,0.000000,0.200000,182.837524,0.200000,1.000000,
236.493439,1,1.000000,0.000000,0.000000,0.000000,0.000000,0.000000,1.000000,1.000000,0.200000,266.191010,0.000000,0.000000,0.200000,182.826920,0.200000,1.000000,
236.536312,1,1.000000,0.000000,0.000000,0.000000,0.000000,0.000000,1.000000,1.000000,0.200000,266.225006,0.000000,0.000000,0.200000,182.811035,0.200000,1.000000,
236.574778,1,1.000000,0.000000,0.000000,0.000000,0.000000,0.000000,1.000000,1.000000,0.200000,266.268005,0.000000,0.000000,0.200000,182.792480,0.200000,1.000000,
236.614109,1,1.000000,0.000000,0.000000,0.000000,0.000000,0.000000,1.000000,1.000000,0.200000,266.312012,0.000000,0.000000,0.200000,182.788925,0.200000,1.000000,
236.651312,1,1.000000,0.000000,0.000000,0.000000,0.000000,0.000000,1.000000,1.000000,0.200000,266.350006,0.000000,0.000000,0.200000,182.781708,0.200000,1.000000,
236.694339,1,1.000000,0.000000,0.000000,0.000000,0.000000,0.000000,1.000000,1.000000,0.200000,266.397003,0.000000,0.000000,0.200000,182.766098,0.200000,1.000000,
236.733918,1,1.000000,0.000000,0.000000,0.000000,0.000000,0.000000,1.000000,1.000000,0.200000,266.428986,0.000000,0.000000,0.200000,182.751160,0.200000,1.000000,
236.774640,1,1.000000,0.000000,0.000000,0.000000,0.000000,0.000000,1.000000,1.000000,0.200000,266.471008,0.000000,0.000000,0.200000,182.754456,0.200000,1.000000,
236.815752,1,1.000000,0.000000,0.000000,0.000000,0.000000,0.000000,1.000000,1.000000,0.200000,266.514008,0.000000,0.000000,0.200000,182.740753,0.200000,1.000000,
236.851136,1,1.000000,0.000000,0.000000,0.000000,0.000000,0.000000,1.000000,1.000000,0.200000,266.553009,0.000000,0.000000,0.200000,182.730942,0.200000,1.000000,
236.896603,1,1.000000,0.000000,0.000000,0.000000,0.000000,0.000000,1.000000,1.000000,0.200000,267.190002,0.000000,0.000000,0.200000,182.722275,0.200000,1.000000,
236.929044,1,1.000000,0.000000,0.000000,0.000000,0.000000,0.000000,1.000000,1.000000,0.200000,267.029999,0.000000,0.000000,0.200000,182.717407,0.200000,1.000000,
236.975570,1,1.000000,0.000000,0.000000,0.000000,0.000000,0.000000,1.000000,1.000000,0.200000,267.459991,0.000000,0.000000,0.200000,182.697968,0.200000,1.000000,
237.015581,1,1.000000,0.000000,0.000000,0.000000,0.000000,0.000000,1.000000,1.000000,0.200000,266.716003,0.000000,0.000000,0.200000,182.691360,0.200000,1.000000,
237.053024,1,1.000000,0.000000,0.000000,0.000000,0.000000,0.000000,1.000000,1.000000,0.200000,266.751007,0.000000,0.000000,0.200000,182.678558,0.200000,1.000000,
237.094993,1,1.000000,0.000000,0.000000,0.000000,0.000000,0.000000,1.000000,1.000000,0.200000,266.786011,0.000000,0.000000,0.200000,182.666122,0.200000,1.000000,
237.131082,1,1.000000,0.000000,0.000000,0.000000,0.000000,0.000000,1.000000,1.000000,0.200000,266.829010,0.000000,0.000000,0.200000,182.657944,0.200000,1.000000,
237.168529,1,1.000000,0.000000,0.000000,0.000000,0.000000,0.000000,1.000000,1.000000,0.200000,266.868011,0.000000,0.000000,0.200000,182.650803,0.200000,1.000000,
237.215056,1,1.000000,0.000000,0.000000,0.000000,0.000000,0.000000,1.000000,1.000000,0.200000,266.912994,0.000000,0.000000,0.200000,182.637054,0.200000,1.000000,
237.257150,1,1.000000,0.000000,0.000000,0.000000,0.000000,0.000000,1.000000,1.000000,0.200000,266.955994,0.000000,0.000000,0.200000,182.623260,0.200000,1.000000,
237.294581,1,1.000000,0.000000,0.000000,0.000000,0.000000,0.000000,1.000000,1.000000,0.200000,266.990997,0.000000,0.000000,0.200000,182.614853,0.200000,1.000000,
237.330958,1,1.000000,0.000000,0.000000,0.000000,0.000000,0.000000,1.000000,1.000000,0.200000,267.029999,0.000000,0.000000,0.200000,182.598938,0.200000,1.000000,
237.372531,1,1.000000,0.000000,0.000000,0.000000,0.000000,0.000000,1.000000,1.000000,0.200000,267.074005,0.000000,0.000000,0.200000,182.587418,0.200000,1.000000,
237.413134,1,1.000000,0.000000,0.000000,0.000000,0.000000,0.000000,1.000000,1.000000,0.200000,267.114014,0.000000,0.000000,0.200000,182.576889,0.200000,1.000000,
237.453126,1,1.000000,0.000000,0.000000,0.000000,0.000000,0.000000,1.000000,1.000000,0.200000,267.156006,0.000000,0.000000,0.200000,182.566605,0.200000,1.000000,
