191.537791,1,1.000000,0.000000,8.000000,-9.000000,1.000000,0.000000,1.000000,1.000000,0.200000,194.274002,0.000000,0.000000,0.200000,162.005081,-5.000000,-7.400000,
191.549035,1,1.000000,0.000000,8.000000,-9.000000,1.000000,0.000000,1.000000,1.000000,0.200000,194.294006,0.000000,0.000000,0.200000,162.004593,-5.000000,-7.400000,
191.588089,1,1.000000,0.000000,8.000000,-9.000000,1.000000,0.000000,1.000000,1.000000,0.200000,194.324997,0.000000,0.000000,0.200000,161.997238,-5.000000,-7.400000,
191.626046,1,1.000000,0.000000,8.000000,-9.000000,1.000000,0.000000,1.000000,1.000000,0.200000,194.365005,0.000000,0.000000,0.200000,161.989517,-5.000000,-7.400000,
191.666485,1,1.000000,0.000000,8.000000,-9.000000,1.000000,0.000000,1.000000,1.000000,0.200000,194.406998,0.000000,0.000000,0.200000,161.986298,-5.000000,-7.400000,
191.706486,1,1.000000,0.000000,8.000000,-9.000000,1.000000,0.000000,1.000000,1.000000,0.200000,194.445007,0.000000,0.000000,0.200000,161.982040,-5.000000,-7.400000,
191.746850,1,1.000000,0.000000,8.000000,-9.000000,1.000000,0.000000,1.000000,1.000000,0.200000,194.485992,0.000000,0.000000,0.200000,161.974579,-5.000000,-7.400000,
191.787378,1,1.000000,0.000000,8.000000,-9.000000,1.000000,0.000000,1.000000,1.000000,0.200000,194.526993,0.000000,0.000000,0.200000,161.971542,-5.000000,-7.400000,
191.826242,1,1.000000,0.000000,8.000000,-9.000000,1.000000,0.000000,1.000000,1.000000,0.200000,194.565994,0.000000,0.000000,0.200000,161.966248,-5.000000,-7.400000,
191.866310,1,1.000000,0.000000,8.000000,-9.000000,1.000000,0.000000,1.000000,1.000000,0.200000,194.613007,0.000000,0.000000,0.200000,161.959763,-5.000000,-7.400000,
191.906007,1,1.000000,0.000000,8.000000,-9.000000,1.000000,0.000000,1.000000,1.000000,0.200000,194.643005,0.000000,0.000000,0.200000,161.931854,-5.000000,-7.400000,
191.946525,1,1.000000,0.000000,8.000000,-9.000000,1.000000,0.000000,1.000000,1.000000,0.200000,194.682999,0.000000,0.000000,0.200000,161.923492,-4.900000,-7.500000,
191.987382,1,1.000000,0.000000,8.000000,-9.000000,1.000000,0.000000,1.000000,1.000000,0.200000,194.725006,0.000000,0.000000,0.200000,161.928116,-4.600000,-7.500000,
192.025960,1,1.000000,0.000000,8.000000,-9.000000,1.000000,0.000000,1.000000,1.000000,0.200000,194.761993,0.000000,0.000000,0.200000,161.750351,-4.100000,-7.100000,
192.066001,1,1.000000,0.000000,8.000000,-9.000000,1.000000,0.000000,1.000000,1.000000,0.200000,194.802994,0.000000,0.000000,0.200000,161.547928,-2.000000,-6.100000,
192.106848,1,1.000000,0.000000,8.000000,-9.000000,1.000000,0.000000,1.000000,1.000000,0.200000,194.843002,0.000000,0.000000,0.200000,161.281250,-0.100000,-6.200000,
192.146123,1,1.000000,0.000000,8.000000,-9.000000,1.000000,0.000000,1.000000,1.000000,0.200000,194.884003,0.000000,0.000000,0.200000,160.971176,1.500000,-6.400000,
192.187056,1,1.000000,0.000000,8.000000,-9.000000,1.000000,0.000000,1.000000,1.000000,0.200000,194.925995,0.000000,0.000000,0.200000,160.616669,2.800000,-5.800000,
192.227000,1,1.000000,0.000000,8.000000,-9.000000,1.000000,0.000000,1.000000,1.000000,0.230000,194.962006,0.000000,0.000000,0.230000,160.418839,3.600000,-5.200000,
192.265991,1,1.000000,0.000000,8.000000,-9.000000,1.000000,0.000000,1.000000,1.000000,0.230000,195.003006,0.000000,0.000000,0.230000,160.354080,4.000000,-4.900000,
192.306296,1,1.000000,0.000000,8.000000,-9.000000,1.000000,0.000000,1.000000,1.000000,0.250000,195.042999,0.000000,0.000000,0.250000,160.421921,3.700000,-4.100000,
192.346418,1,1.000000,0.000000,8.000000,-9.000000,1.000000,0.000000,1.000000,1.000000,0.250000,195.082993,0.000000,0.000000,0.250000,160.583115,2.500000,-3.100000,
192.386935,1,1.000000,0.000000,8.000000,-9.000000,1.000000,0.000000,1.000000,1.000000,0.250000,195.123993,0.000000,0.000000,0.250000,160.854660,1.400000,-2.400000,
192.426626,1,1.000000,0.000000,8.000000,-9.000000,1.000000,0.000000,1.000000,1.000000,0.230000,195.162994,0.000000,0.000000,0.230000,161.148026,0.800000,-1.900000,
192.466916,1,1.000000,0.000000,8.000000,-9.000000,1.000000,0.000000,1.000000,1.000000,0.230000,195.574997,0.000000,0.000000,0.230000,161.424942,0.400000,-1.700000,
192.506990,1,1.000000,0.000000,8.000000,-9.000000,1.000000,0.000000,1.000000,1.000000,0.250000,195.964996,0.000000,0.000000,0.250000,161.642319,-0.200000,-1.300000,
192.545991,1,1.000000,0.000000,8.000000,-9.000000,1.000000,0.000000,1.000000,1.000000,0.250000,195.285004,0.000000,0.000000,0.250000,161.835373,-0.800000,-0.800000,
192.586695,1,1.000000,0.000000,8.000000,-9.000000,1.000000,0.000000,1.000000,1.000000,0.250000,195.326004,0.000000,0.000000,0.250000,162.067917,-1.600000,-0.400000,
192.625984,1,1.000000,0.000000,8.000000,-9.000000,1.000000,0.000000,1.000000,1.000000,0.290000,195.365005,0.000000,0.000000,0.290000,162.303726,-2.000000,-0.000000,
192.665617,1,1.000000,0.000000,8.000000,-9.000000,1.000000,0.000000,1.000000,1.000000,0.290000,195.406006,0.000000,0.000000,0.290000,162.487091,-2.400000,0.300000,
192.706322,1,1.000000,0.000000,8.000000,-9.000000,1.000000,0.000000,1.000000,1.000000,0.330000,195.445007,0.000000,0.000000,0.330000,162.695404,-2.800000,0.500000,
192.745747,1,1.000000,0.000000,8.000000,-9.000000,1.000000,0.000000,1.000000,1.000000,0.330000,195.487000,0.000000,0.000000,0.330000,162.864929,-3.100000,0.600000,
192.786891,1,1.000000,0.000000,8.000000,-9.000000,1.000000,0.000000,1.000000,1.000000,0.330000,195.526993,0.000000,0.000000,0.330000,163.022873,-3.400000,0.700000,
192.825773,1,1.000000,0.000000,8.000000,-9.000000,1.000000,0.000000,1.000000,1.000000,0.370000,195.567001,0.000000,0.000000,0.370000,163.132401,-3.800000,0.800000,
192.866424,1,1.000000,0.000000,8.000000,-9.000000,1.000000,0.000000,1.000000,1.000000,0.370000,195.606995,0.000000,0.000000,0.370000,163.242249,-4.200000,0.800000,
192.906082,1,1.000000,0.000000,8.000000,-9.000000,1.000000,0.000000,1.000000,1.000000,0.400000,195.645996,0.000000,0.000000,0.400000,163.314972,-4.400000,0.900000,
192.945977,1,1.000000,0.000000,8.000000,-9.000000,1.000000,0.000000,1.000000,1.000000,0.400000,195.684998,0.000000,0.000000,0.400000,163.373474,-4.600000,1.000000,
192.987041,1,1.000000,0.000000,8.000000,-9.000000,1.000000,0.000000,1.000000,1.000000,0.410000,195.725998,0.000000,0.000000,0.410000,163.411377,-4.800000,1.000000,
193.025856,1,1.000000,0.000000,8.000000,-9.000000,1.000000,0.000000,1.000000,1.000000,0.510000,195.764999,0.000000,0.000000,0.510000,163.439331,-4.900000,1.000000,
193.066076,1,1.000000,0.000000,8.000000,-9.000000,1.000000,0.000000,1.000000,1.000000,0.510000,195.807007,0.000000,0.000000,0.510000,163.429840,-5.000000,0.900000,
193.106535,1,1.000000,0.000000,8.000000,-9.000000,1.000000,0.000000,1.000000,1.000000,0.520000,195.847000,0.000000,0.000000,0.520000,163.410278,-5.100000,0.800000,
193.146421,1,1.000000,0.000000,8.000000,-9.000000,1.000000,0.000000,1.000000,1.000000,0.520000,195.886993,0.000000,0.000000,0.520000,163.378738,-5.200000,0.800000,
193.186480,1,1.000000,0.000000,8.000000,-9.000000,1.000000,0.000000,1.000000,1.000000,0.520000,195.925995,0.000000,0.000000,0.520000,163.326904,-5.300000,0.700000,
193.225856,1,1.000000,0.000000,8.000000,-9.000000,1.000000,0.000000,1.000000,1.000000,0.520000,195.964996,0.000000,0.000000,0.520000,163.288498,-5.400000,0.600000,
193.266413,1,1.000000,0.000000,8.000000,-9.000000,1.000000,0.000000,1.000000,1.000000,0.520000,196.007004,0.000000,0.000000,0.520000,163.209457,-5.600000,0.500000,
193.305736,1,1.000000,0.000000,8.000000,-9.000000,1.000000,0.000000,1.000000,1.000000,0.550000,196.046005,0.000000,0.000000,0.550000,163.118912,-5.900000,0.500000,
193.346647,1,1.000000,0.000000,8.000000,-9.000000,1.000000,0.000000,1.000000,1.000000,0.550000,196.087006,0.000000,0.000000,0.550000,163.051987,-6.100000,0.500000,
193.387237,1,1.000000,0.000000,8.000000,-9.000000,1.000000,0.000000,1.000000,1.000000,0.550000,196.126007,0.000000,0.000000,0.550000,162.987717,-6.300000,0.500000,
193.425656,1,1.000000,0.000000,8.000000,-9.000000,1.000000,0.000000,1.000000,1.000000,0.580000,196.264999,0.000000,0.000000,0.580000,162.904633,-6.400000,0.400000,
193.466433,1,1.000000,0.000000,8.000000,-9.000000,1.000000,0.000000,1.000000,1.000000,0.580000,196.585007,0.000000,0.000000,0.580000,162.832687,-6.500000,0.500000,
193.506405,1,1.000000,0.000000,8.000000,-9.000000,1.000000,0.000000,1.000000,1.000000,0.610000,196.975006,0.000000,0.000000,0.610000,162.776581,-6.500000,0.500000,
193.546332,1,1.000000,0.000000,8.000000,-9.000000,1.000000,0.000000,1.000000,1.000000,0.610000,196.285995,0.000000,0.000000,0.610000,162.745850,-6.400000,0.400000,
193.586769,1,1.000000,0.000000,8.000000,-9.000000,1.000000,0.000000,1.000000,1.000000,0.610000,196.326004,0.000000,0.000000,0.610000,162.703796,-6.300000,0.400000,
193.625892,1,1.000000,0.000000,8.000000,-9.000000,1.000000,0.000000,1.000000,1.000000,0.630000,196.365997,0.000000,0.000000,0.630000,162.667831,-6.200000,0.300000,
193.666479,1,1.000000,0.000000,8.000000,-9.000000,1.000000,0.000000,1.000000,1.000000,0.630000,196.406998,0.000000,0.000000,0.630000,162.620300,-6.200000,0.300000,
193.706176,1,1.000000,0.000000,8.000000,-9.000000,1.000000,0.000000,1.000000,1.000000,0.650000,196.445999,0.000000,0.000000,0.650000,162.591324,-6.200000,0.300000,
193.745832,1,1.000000,0.000000,8.000000,-9.000000,1.000000,0.000000,1.000000,1.000000,0.650000,196.487000,0.000000,0.000000,0.650000,162.563049,-6.200000,0.200000,
193.786786,1,1.000000,0.000000,8.000000,-9.000000,1.000000,0.000000,1.000000,1.000000,0.650000,196.528000,0.000000,0.000000,0.650000,162.582596,-6.500000,0.200000,
193.826199,1,1.000000,0.000000,8.000000,-9.000000,1.000000,0.000000,1.000000,1.000000,0.660000,196.574005,0.000000,0.000000,0.660000,162.756317,-6.300000,-0.800000,
193.866919,1,1.000000,0.000000,8.000000,-9.000000,1.000000,0.000000,1.000000,1.000000,0.660000,196.612000,0.000000,0.000000,0.660000,162.874268,-5.300000,-3.000000,
193.907128,1,1.000000,0.000000,8.000000,-9.000000,1.000000,0.000000,1.000000,1.000000,0.650000,196.645004,0.000000,0.000000,0.650000,162.898499,-4.100000,-5.900000,
193.945814,1,1.000000,0.000000,8.000000,-9.000000,1.000000,0.000000,1.000000,1.000000,0.650000,196.684998,0.000000,0.000000,0.650000,162.841995,-3.200000,-9.000000,
193.987576,1,1.000000,0.000000,8.000000,-9.000000,1.000000,0.000000,1.000000,1.000000,0.650000,196.725006,0.000000,0.000000,0.650000,162.702942,-2.500000,-12.300000,
194.025829,1,1.000000,0.000000,8.000000,-9.000000,1.000000,0.000000,1.000000,1.000000,0.650000,196.764999,0.000000,0.000000,0.650000,162.550797,-2.000000,-14.900000,
194.065790,1,1.000000,0.000000,8.000000,-9.000000,1.000000,0.000000,1.000000,1.000000,0.640000,196.804001,0.000000,0.000000,0.640000,162.368851,-1.600000,-17.100000,
194.106264,1,1.000000,0.000000,8.000000,-9.000000,1.000000,0.000000,1.000000,1.000000,0.640000,196.843994,0.000000,0.000000,0.640000,162.148804,-1.700000,-18.299999,
194.146119,1,1.000000,0.000000,8.000000,-9.000000,1.000000,0.000000,1.000000,1.000000,0.640000,196.886002,0.000000,0.000000,0.640000,162.074493,-2.400000,-17.700001,
194.186476,1,1.000000,0.000000,8.000000,-9.000000,1.000000,0.000000,1.000000,1.000000,0.640000,196.927002,0.000000,0.000000,0.640000,162.086166,-3.200000,-15.700000,
194.226253,1,1.000000,0.000000,8.000000,-9.000000,1.000000,0.000000,1.000000,1.000000,0.630000,196.966003,0.000000,0.000000,0.630000,162.080948,-3.000000,-14.100000,
194.265949,1,1.000000,0.000000,8.000000,-9.000000,1.000000,0.000000,1.000000,1.000000,0.630000,197.005005,0.000000,0.000000,0.630000,161.920151,-2.300000,-14.300000,
194.305696,1,1.000000,0.000000,8.000000,-9.000000,1.000000,0.000000,1.000000,1.000000,0.600000,197.044998,0.000000,0.000000,0.600000,161.687805,-1.900000,-14.900000,
194.345845,1,1.000000,0.000000,8.000000,-9.000000,1.000000,0.000000,1.000000,1.000000,0.600000,197.084000,0.000000,0.000000,0.600000,161.534317,-1.600000,-15.500000,
194.386813,1,1.000000,0.000000,8.000000,-9.000000,1.000000,0.000000,1.000000,1.000000,0.590000,197.126007,0.000000,0.000000,0.590000,161.454666,-1.300000,-16.500000,
194.425841,1,1.000000,0.000000,8.000000,-9.000000,1.000000,0.000000,1.000000,1.000000,0.560000,197.164001,0.000000,0.000000,0.560000,161.357666,-0.900000,-18.000000,
194.465851,1,1.000000,0.000000,8.000000,-9.000000,1.000000,0.000000,1.000000,1.000000,0.560000,197.565002,0.000000,0.000000,0.560000,161.294785,-0.800000,-18.900000,
194.505805,1,1.000000,0.000000,8.000000,-9.000000,1.000000,0.000000,1.000000,1.000000,0.530000,197.955002,0.000000,0.000000,0.530000,161.206802,-0.600000,-21.000000,
194.545911,1,1.000000,0.000000,8.000000,-9.000000,1.000000,0.000000,1.000000,1.000000,0.530000,197.287003,0.000000,0.000000,0.530000,161.150848,-0.400000,-22.600000,
194.586461,1,1.000000,0.000000,8.000000,-9.000000,1.000000,0.000000,1.000000,1.000000,0.520000,197.328003,0.000000,0.000000,0.520000,161.063232,-0.200000,-24.600000,
194.626062,1,1.000000,0.000000,8.000000,-9.000000,1.000000,0.000000,1.000000,1.000000,0.480000,197.367004,0.000000,0.000000,0.480000,160.973587,-0.000000,-26.400000,
194.666381,1,1.000000,0.000000,8.000000,-9.000000,1.000000,0.000000,1.000000,1.000000,0.480000,197.408005,0.000000,0.000000,0.480000,160.804993,-0.100000,-27.600000,
194.705909,1,1.000000,0.000000,8.000000,-9.000000,1.000000,0.000000,1.000000,1.000000,0.470000,197.449005,0.000000,0.000000,0.470000,160.562698,-0.100000,-28.600000,
194.746092,1,1.000000,0.000000,8.000000,-9.000000,1.000000,0.000000,1.000000,1.000000,0.460000,197.490005,0.000000,0.000000,0.460000,160.231110,0.000000,-29.500000,
194.786793,1,1.000000,0.000000,8.000000,-9.000000,1.000000,0.000000,1.000000,1.000000,0.460000,197.529999,0.000000,0.000000,0.460000,159.901337,-0.000000,-30.000000,
194.826241,1,1.000000,0.000000,8.000000,-9.000000,1.000000,0.000000,1.000000,1.000000,0.470000,197.567993,0.000000,0.000000,0.470000,159.593842,-0.200000,-30.500000,
194.866014,1,1.000000,0.000000,8.000000,-9.000000,1.000000,0.000000,1.000000,1.000000,0.460000,197.608002,0.000000,0.000000,0.460000,159.407791,-0.300000,-30.799999,
194.905957,1,1.000000,0.000000,8.000000,-9.000000,1.000000,0.000000,1.000000,1.000000,0.440000,197.647995,0.000000,0.000000,0.440000,159.308777,-0.500000,-31.100000,
194.946069,1,1.000000,0.000000,8.000000,-9.000000,1.000000,0.000000,1.000000,1.000000,0.440000,197.688995,0.000000,0.000000,0.440000,159.344391,-0.900000,-31.299999,
194.986815,1,1.000000,0.000000,8.000000,-9.000000,1.000000,0.000000,1.000000,1.000000,0.430000,197.727005,0.000000,0.000000,0.430000,159.381897,-1.500000,-31.200001,
195.026140,1,1.000000,0.000000,8.000000,-9.000000,1.000000,0.000000,1.000000,1.000000,0.420000,197.768005,0.000000,0.000000,0.420000,159.485382,-2.800000,-30.200001,
195.066279,1,1.000000,0.000000,8.000000,-9.000000,1.000000,0.000000,1.000000,1.000000,0.430000,197.807999,0.000000,0.000000,0.430000,159.851517,-4.900000,-27.100000,
195.105840,1,1.000000,0.000000,8.000000,-9.000000,1.000000,0.000000,1.000000,1.000000,0.430000,197.847000,0.000000,0.000000,0.430000,160.343460,-7.200000,-22.200001,
195.146237,1,1.000000,0.000000,8.000000,-9.000000,1.000000,0.000000,1.000000,1.000000,0.440000,197.889008,0.000000,0.000000,0.440000,160.789627,-9.100000,-17.000000,
195.187050,1,1.000000,0.000000,8.000000,-9.000000,1.000000,0.000000,1.000000,1.000000,0.450000,197.932999,0.000000,0.000000,0.450000,160.952759,-10.000000,-13.400000,
195.226254,1,1.000000,0.000000,8.000000,-9.000000,1.000000,0.000000,1.000000,1.000000,0.400000,197.964005,0.000000,0.000000,0.400000,160.952179,-11.200000,-10.900000,
195.266301,1,1.000000,0.000000,8.000000,-9.000000,1.000000,0.000000,1.000000,1.000000,0.400000,198.003006,0.000000,0.000000,0.400000,160.965729,-13.500000,-8.900000,
195.306871,1,1.000000,0.000000,8.000000,-9.000000,1.000000,0.000000,1.000000,1.000000,0.360000,198.044998,0.000000,0.000000,0.360000,161.048355,-16.799999,-7.000000,
195.346589,1,1.000000,0.000000,8.000000,-9.000000,1.000000,0.000000,1.000000,1.000000,0.360000,198.082993,0.000000,0.000000,0.360000,161.172638,-20.200001,-5.300000,
195.386621,1,1.000000,0.000000,8.000000,-9.000000,1.000000,0.000000,1.000000,1.000000,0.350000,198.125000,0.000000,0.000000,0.350000,161.300659,-22.400000,-4.000000,
195.426544,1,1.000000,0.000000,8.000000,-9.000000,1.000000,0.000000,1.000000,1.000000,0.330000,198.162003,0.000000,0.000000,0.330000,161.244904,-23.900000,-2.700000,
195.466689,1,1.000000,0.000000,8.000000,-9.000000,1.000000,0.000000,1.000000,1.000000,0.330000,198.554993,0.000000,0.000000,0.330000,161.170151,-25.200001,-1.500000,
195.505736,1,1.000000,0.000000,8.000000,-9.000000,1.000000,0.000000,1.000000,1.000000,0.310000,198.945007,0.000000,0.000000,0.310000,161.103378,-26.200001,-0.400000,
195.546730,1,1.000000,0.000000,8.000000,-9.000000,1.000000,0.000000,1.000000,1.000000,0.300000,198.283005,0.000000,0.000000,0.300000,161.001236,-27.200001,0.900000,
195.586800,1,1.000000,0.000000,8.000000,-9.000000,1.000000,0.000000,1.000000,1.000000,0.300000,198.324005,0.000000,0.000000,0.300000,160.870148,-28.200001,1.800000,
195.626053,1,1.000000,0.000000,8.000000,-9.000000,1.000000,0.000000,1.000000,1.000000,0.270000,198.362000,0.000000,0.000000,0.270000,160.686569,-29.000000,2.400000,
195.666078,1,1.000000,0.000000,8.000000,-9.000000,1.000000,0.000000,1.000000,1.000000,0.270000,198.404999,0.000000,0.000000,0.270000,160.537766,-29.200001,2.900000,
195.706812,1,1.000000,0.000000,8.000000,-9.000000,1.000000,0.000000,1.000000,1.000000,0.250000,198.442993,0.000000,0.000000,0.250000,160.517975,-27.900000,3.800000,
195.746735,1,1.000000,0.000000,8.000000,-9.000000,1.000000,0.000000,1.000000,1.000000,0.260000,198.483002,0.000000,0.000000,0.260000,160.798599,-23.700001,4.800000,
195.786691,1,1.000000,0.000000,8.000000,-9.000000,1.000000,0.000000,1.000000,1.000000,0.270000,198.524994,0.000000,0.000000,0.270000,161.028458,-18.299999,4.400000,
195.826443,1,1.000000,0.000000,8.000000,-9.000000,1.000000,0.000000,1.000000,1.000000,0.210000,198.561996,0.000000,0.000000,0.210000,160.743958,-14.400000,3.500000,
195.866053,1,1.000000,0.000000,8.000000,-9.000000,1.000000,0.000000,1.000000,1.000000,0.210000,198.602997,0.000000,0.000000,0.210000,160.903000,-12.100000,1.900000,
195.905865,1,1.000000,0.000000,8.000000,-9.000000,1.000000,0.000000,1.000000,1.000000,0.190000,198.643997,0.000000,0.000000,0.190000,171.536774,-17.299999,-13.300000,
195.946613,1,1.000000,0.000000,8.000000,-9.000000,1.000000,0.000000,1.000000,1.000000,0.170000,198.682999,0.000000,0.000000,0.170000,189.240005,-24.200001,-23.000000,
195.986403,1,1.000000,0.000000,8.000000,-9.000000,1.000000,0.000000,1.000000,1.000000,0.170000,198.725006,0.000000,0.000000,0.170000,201.568848,-22.100000,-21.100000,
196.026214,1,1.000000,0.000000,8.000000,-9.000000,1.000000,0.000000,1.000000,1.000000,0.190000,198.764008,0.000000,0.000000,0.190000,210.439728,-12.500000,-18.100000,
196.065877,1,1.000000,0.000000,8.000000,-9.000000,1.000000,0.000000,1.000000,1.000000,0.190000,198.804001,0.000000,0.000000,0.190000,217.922455,-3.500000,-19.100000,
196.106530,1,1.000000,0.000000,8.000000,-9.000000,1.000000,0.000000,1.000000,1.000000,0.220000,198.843994,0.000000,0.000000,0.220000,224.687134,2.900000,-20.500000,
196.145785,1,1.000000,0.000000,8.000000,-9.000000,1.000000,0.000000,1.000000,1.000000,0.220000,198.882996,0.000000,0.000000,0.220000,231.416260,8.200000,-18.100000,
196.186727,1,1.000000,0.000000,8.000000,-9.000000,1.000000,0.000000,1.000000,1.000000,0.220000,198.927002,0.000000,0.000000,0.220000,235.351486,11.000000,-14.100000,
196.226006,1,1.000000,0.000000,8.000000,-9.000000,1.000000,0.000000,1.000000,1.000000,0.220000,198.966003,0.000000,0.000000,0.220000,237.145035,11.700000,-11.100000,
196.265682,1,1.000000,0.000000,8.000000,-9.000000,1.000000,0.000000,1.000000,1.000000,0.220000,199.005997,0.000000,0.000000,0.220000,235.229843,9.800000,-9.800000,
196.306252,1,1.000000,0.000000,8.000000,-9.000000,1.000000,0.000000,1.000000,1.000000,0.200000,199.044998,0.000000,0.000000,0.200000,227.036270,6.700000,-10.500000,
196.346361,1,1.000000,0.000000,8.000000,-9.000000,1.000000,0.000000,1.000000,1.000000,0.200000,199.084000,0.000000,0.000000,0.200000,219.337601,7.000000,-8.700000,
196.386377,1,1.000000,0.000000,8.000000,-9.000000,1.000000,0.000000,1.000000,1.000000,0.200000,199.126007,0.000000,0.000000,0.200000,212.399918,6.700000,-8.300000,
196.426256,1,1.000000,0.000000,8.000000,-9.000000,1.000000,0.000000,1.000000,1.000000,0.200000,199.164001,0.000000,0.000000,0.200000,207.056793,6.000000,-4.300000,
196.465691,1,1.000000,0.000000,8.000000,-9.000000,1.000000,0.000000,1.000000,1.000000,0.200000,199.595001,0.000000,0.000000,0.200000,202.658356,2.000000,-5.100000,
196.506286,1,1.000000,0.000000,8.000000,-9.000000,1.000000,0.000000,1.000000,1.000000,0.200000,199.985001,0.000000,0.000000,0.200000,198.108047,-1.400000,-4.300000,
196.545836,1,1.000000,0.000000,8.000000,-9.000000,1.000000,0.000000,1.000000,1.000000,0.200000,199.292007,0.000000,0.000000,0.200000,194.505844,-6.000000,-6.200000,
196.587447,1,1.000000,0.000000,8.000000,-9.000000,1.000000,0.000000,1.000000,1.000000,0.200000,199.328995,0.000000,0.000000,0.200000,192.621704,-5.600000,-6.800000,
196.626110,1,1.000000,0.000000,8.000000,-9.000000,1.000000,0.000000,1.000000,1.000000,0.200000,199.371994,0.000000,0.000000,0.200000,192.775192,-5.400000,-6.200000,
196.666287,1,1.000000,0.000000,8.000000,-9.000000,1.000000,0.000000,1.000000,1.000000,0.200000,199.410995,0.000000,0.000000,0.200000,193.186020,-4.900000,-3.700000,
196.706060,1,1.000000,0.000000,8.000000,-9.000000,1.000000,0.000000,1.000000,1.000000,0.200000,199.449997,0.000000,0.000000,0.200000,195.659271,-3.800000,-4.100000,
196.746835,1,1.000000,0.000000,8.000000,-9.000000,1.000000,0.000000,1.000000,1.000000,0.200000,199.490997,0.000000,0.000000,0.200000,196.497437,-4.300000,-6.300000,
196.787044,1,1.000000,0.000000,8.000000,-9.000000,1.000000,0.000000,1.000000,1.000000,0.200000,199.529999,0.000000,0.000000,0.200000,195.588196,-4.400000,-8.000000,
196.826843,1,1.000000,0.000000,8.000000,-9.000000,1.000000,0.000000,1.000000,1.000000,0.200000,199.572006,0.000000,0.000000,0.200000,195.191910,-5.600000,-8.800000,
196.866257,1,1.000000,0.000000,8.000000,-9.000000,1.000000,0.000000,1.000000,1.000000,0.200000,199.608994,0.000000,0.000000,0.200000,195.722549,-5.900000,-8.200000,
196.906396,1,1.000000,0.000000,8.000000,-9.000000,1.000000,0.000000,1.000000,1.000000,0.200000,199.649002,0.000000,0.000000,0.200000,195.692886,-5.500000,-7.200000,
196.946778,1,1.000000,0.000000,8.000000,-9.000000,1.000000,0.000000,1.000000,1.000000,0.200000,199.690994,0.000000,0.000000,0.200000,195.231003,-4.700000,-7.000000,
196.987090,1,1.000000,0.000000,8.000000,-9.000000,1.000000,0.000000,1.000000,1.000000,0.200000,199.729004,0.000000,0.000000,0.200000,195.424271,-4.600000,-7.400000,
197.026719,1,1.000000,0.000000,8.000000,-9.000000,1.000000,0.000000,1.000000,1.000000,0.200000,199.772003,0.000000,0.000000,0.200000,195.845932,-5.000000,-7.700000,
197.066797,1,1.000000,0.000000,8.000000,-9.000000,1.000000,0.000000,1.000000,1.000000,0.200000,199.811996,0.000000,0.000000,0.200000,195.697311,-5.400000,-7.700000,
197.107061,1,1.000000,0.000000,8.000000,-9.000000,1.000000,0.000000,1.000000,1.000000,0.200000,199.841995,0.000000,0.000000,0.200000,195.429245,-5.400000,-7.500000,
197.146199,1,1.000000,0.000000,8.000000,-9.000000,1.000000,0.000000,1.000000,1.000000,0.200000,199.893997,0.000000,0.000000,0.200000,195.597855,-5.000000,-7.400000,
197.187184,1,1.000000,0.000000,8.000000,-9.000000,1.000000,0.000000,1.000000,1.000000,0.200000,199.932999,0.000000,0.000000,0.200000,195.726456,-4.800000,-7.400000,
197.226005,1,1.000000,0.000000,8.000000,-9.000000,1.000000,0.000000,1.000000,1.000000,0.200000,199.966003,0.000000,0.000000,0.200000,195.634689,-4.900000,-7.500000,
197.266023,1,1.000000,0.000000,8.000000,-9.000000,1.000000,0.000000,1.000000,1.000000,0.200000,200.009003,0.000000,0.000000,0.200000,195.631699,-5.200000,-7.500000,
197.306100,1,1.000000,0.000000,8.000000,-9.000000,1.000000,0.000000,1.000000,1.000000,0.200000,200.048004,0.000000,0.000000,0.200000,195.682449,-5.300000,-7.500000,
197.346004,1,1.000000,0.000000,8.000000,-9.000000,1.000000,0.000000,1.000000,1.000000,0.200000,200.089005,0.000000,0.000000,0.200000,195.663559,-5.100000,-7.500000,
197.387604,1,1.000000,0.000000,8.000000,-9.000000,1.000000,0.000000,1.000000,1.000000,0.200000,200.128998,0.000000,0.000000,0.200000,195.681992,-4.900000,-7.400000,
197.426461,1,1.000000,0.000000,8.000000,-9.000000,1.000000,0.000000,1.000000,1.000000,0.200000,200.464996,0.000000,0.000000,0.200000,195.716095,-5.000000,-7.400000,
197.466486,1,1.000000,0.000000,8.000000,-9.000000,1.000000,0.000000,1.000000,1.000000,0.200000,200.604996,0.000000,0.000000,0.200000,195.686386,-5.100000,-7.400000,
197.506024,1,1.000000,0.000000,8.000000,-9.000000,1.000000,0.000000,1.000000,1.000000,0.200000,200.994995,0.000000,0.000000,0.200000,195.690979,-5.100000,-7.500000,
197.546200,1,1.000000,0.000000,8.000000,-9.000000,1.000000,0.000000,1.000000,1.000000,0.200000,200.287994,0.000000,0.000000,0.200000,195.745087,-5.000000,-7.500000,
197.587871,1,1.000000,0.000000,8.000000,-9.000000,1.000000,0.000000,1.000000,1.000000,0.200000,200.328003,0.000000,0.000000,0.200000,195.747086,-5.000000,-7.400000,
197.625871,1,1.000000,0.000000,8.000000,-9.000000,1.000000,0.000000,1.000000,1.000000,0.200000,200.367996,0.000000,0.000000,0.200000,195.750153,-5.000000,-7.400000,
197.666354,1,1.000000,0.000000,8.000000,-9.000000,1.000000,0.000000,1.000000,1.000000,0.200000,200.410995,0.000000,0.000000,0.200000,195.818359,-5.100000,-7.400000,
197.706319,1,1.000000,0.000000,8.000000,-9.000000,1.000000,0.000000,1.000000,1.000000,0.200000,200.449005,0.000000,0.000000,0.200000,195.920975,-5.100000,-7.500000,
197.746392,1,1.000000,0.000000,8.000000,-9.000000,1.000000,0.000000,1.000000,1.000000,0.200000,200.492004,0.000000,0.000000,0.200000,195.994720,-5.100000,-7.500000,
197.787361,1,1.000000,0.000000,8.000000,-9.000000,1.000000,0.000000,1.000000,1.000000,0.200000,200.531006,0.000000,0.000000,0.200000,196.116425,-5.000000,-7.500000,
197.826088,1,1.000000,0.000000,8.000000,-9.000000,1.000000,0.000000,1.000000,1.000000,0.200000,200.572006,0.000000,0.000000,0.200000,196.248413,-5.100000,-7.500000,
197.866367,1,1.000000,0.000000,8.000000,-9.000000,1.000000,0.000000,1.000000,1.000000,0.200000,200.612000,0.000000,0.000000,0.200000,196.395554,-5.100000,-7.600000,
197.906725,1,1.000000,0.000000,8.000000,-9.000000,1.000000,0.000000,1.000000,1.000000,0.200000,200.653000,0.000000,0.000000,0.200000,196.546066,-5.100000,-7.600000,
197.946188,1,1.000000,0.000000,8.000000,-9.000000,1.000000,0.000000,1.000000,1.000000,0.200000,200.694000,0.000000,0.000000,0.200000,196.707123,-5.100000,-7.600000,
197.987818,1,1.000000,0.000000,8.000000,-9.000000,1.000000,0.000000,1.000000,1.000000,0.200000,200.731995,0.000000,0.000000,0.200000,196.862488,-5.100000,-7.600000,
198.026233,1,1.000000,0.000000,8.000000,-9.000000,1.000000,0.000000,1.000000,1.000000,0.200000,200.761993,0.000000,0.000000,0.200000,197.040695,-5.100000,-7.600000,
198.066286,1,1.000000,0.000000,8.000000,-9.000000,1.000000,0.000000,1.000000,1.000000,0.200000,200.804001,0.000000,0.000000,0.200000,197.224030,-5.100000,-7.600000,
198.106141,1,1.000000,0.000000,8.000000,-9.000000,1.000000,0.000000,1.000000,1.000000,0.200000,200.843002,0.000000,0.000000,0.200000,197.400253,-5.100000,-7.600000,
198.145921,1,1.000000,0.000000,8.000000,-9.000000,1.000000,0.000000,1.000000,1.000000,0.200000,200.882004,0.000000,0.000000,0.200000,197.560593,-5.100000,-7.600000,
198.187158,1,1.000000,0.000000,8.000000,-9.000000,1.000000,0.000000,1.000000,1.000000,0.200000,200.932007,0.000000,0.000000,0.200000,197.737595,-5.100000,-7.600000,
198.226385,1,1.000000,0.000000,8.000000,-9.000000,1.000000,0.000000,1.000000,1.000000,0.200000,200.964996,0.000000,0.000000,0.200000,197.938736,-5.100000,-7.600000,
198.266423,1,1.000000,0.000000,8.000000,-9.000000,1.000000,0.000000,1.000000,1.000000,0.200000,201.005997,0.000000,0.000000,0.200000,198.106064,-5.100000,-7.600000,
198.306022,1,1.000000,0.000000,8.000000,-9.000000,1.000000,0.000000,1.000000,1.000000,0.200000,201.044006,0.000000,0.000000,0.200000,198.298431,-5.100000,-7.500000,
198.345875,1,1.000000,0.000000,8.000000,-9.000000,1.000000,0.000000,1.000000,1.000000,0.200000,201.084000,0.000000,0.000000,0.200000,198.473755,-5.100000,-7.500000,
198.387230,1,1.000000,0.000000,8.000000,-9.000000,1.000000,0.000000,1.000000,1.000000,0.200000,201.125000,0.000000,0.000000,0.200000,198.561874,-5.100000,-7.500000,
198.426335,1,1.000000,0.000000,8.000000,-9.000000,1.000000,0.000000,1.000000,1.000000,0.200000,201.264999,0.000000,0.000000,0.200000,198.821899,-5.100000,-7.500000,
198.466596,1,1.000000,0.000000,8.000000,-9.000000,1.000000,0.000000,1.000000,1.000000,0.200000,201.595001,0.000000,0.000000,0.200000,198.977081,-5.100000,-7.500000,
198.506304,1,1.000000,0.000000,8.000000,-9.000000,1.000000,0.000000,1.000000,1.000000,0.200000,201.964996,0.000000,0.000000,0.200000,199.145966,-5.100000,-7.500000,
198.546124,1,1.000000,0.000000,8.000000,-9.000000,1.000000,0.000000,1.000000,1.000000,0.200000,201.285995,0.000000,0.000000,0.200000,199.314972,-5.100000,-7.500000,
198.586667,1,1.000000,0.000000,8.000000,-9.000000,1.000000,0.000000,1.000000,1.000000,0.200000,201.326004,0.000000,0.000000,0.200000,199.509186,-5.100000,-7.400000,
198.625739,1,1.000000,0.000000,8.000000,-9.000000,1.000000,0.000000,1.000000,1.000000,0.200000,201.365997,0.000000,0.000000,0.200000,199.664215,-5.100000,-7.400000,
198.666386,1,1.000000,0.000000,8.000000,-9.000000,1.000000,0.000000,1.000000,1.000000,0.200000,201.406006,0.000000,0.000000,0.200000,199.837601,-5.100000,-7.400000,
198.706299,1,1.000000,0.000000,8.000000,-9.000000,1.000000,0.000000,1.000000,1.000000,0.200000,201.447998,0.000000,0.000000,0.200000,200.015121,-5.100000,-7.400000,
198.746089,1,1.000000,0.000000,8.000000,-9.000000,1.000000,0.000000,1.000000,1.000000,0.200000,201.488998,0.000000,0.000000,0.200000,200.186981,-5.000000,-7.400000,
198.786885,1,1.000000,0.000000,8.000000,-9.000000,1.000000,0.000000,1.000000,1.000000,0.200000,201.526001,0.000000,0.000000,0.200000,200.338989,-5.000000,-7.400000,
198.825847,1,1.000000,0.000000,8.000000,-9.000000,1.000000,0.000000,1.000000,1.000000,0.200000,201.565994,0.000000,0.000000,0.200000,200.528992,-5.000000,-7.400000,
198.866238,1,1.000000,0.000000,8.000000,-9.000000,1.000000,0.000000,1.000000,1.000000,0.200000,201.610001,0.000000,0.000000,0.200000,200.699814,-5.000000,-7.400000,
198.906167,1,1.000000,0.000000,8.000000,-9.000000,1.000000,0.000000,1.000000,1.000000,0.200000,201.649002,0.000000,0.000000,0.200000,200.852097,-5.000000,-7.400000,
198.946323,1,1.000000,0.000000,8.000000,-9.000000,1.000000,0.000000,1.000000,1.000000,0.200000,201.688004,0.000000,0.000000,0.200000,201.038803,-5.000000,-7.400000,
198.987326,1,1.000000,0.000000,8.000000,-9.000000,1.000000,0.000000,1.000000,1.000000,0.200000,201.727005,0.000000,0.000000,0.200000,201.192154,-5.000000,-7.300000,
199.025996,1,1.000000,0.000000,8.000000,-9.000000,1.000000,0.000000,1.000000,1.000000,0.200000,201.768005,0.000000,0.000000,0.200000,201.362961,-5.000000,-7.300000,
199.066288,1,1.000000,0.000000,8.000000,-9.000000,1.000000,0.000000,1.000000,1.000000,0.200000,201.809006,0.000000,0.000000,0.200000,201.534943,-5.000000,-7.300000,
199.105976,1,1.000000,0.000000,8.000000,-9.000000,1.000000,0.000000,1.000000,1.000000,0.200000,201.848999,0.000000,0.000000,0.200000,201.704987,-5.000000,-7.300000,
199.145735,1,1.000000,0.000000,8.000000,-9.000000,1.000000,0.000000,1.000000,1.000000,0.200000,201.888000,0.000000,0.000000,0.200000,201.879745,-5.000000,-7.300000,
199.186959,1,1.000000,0.000000,8.000000,-9.000000,1.000000,0.000000,1.000000,1.000000,0.200000,201.927002,0.000000,0.000000,0.200000,202.052719,-5.000000,-7.300000,
199.226355,1,1.000000,0.000000,8.000000,-9.000000,1.000000,0.000000,1.000000,1.000000,0.200000,201.966995,0.000000,0.000000,0.200000,202.231537,-5.000000,-7.300000,
199.266656,1,1.000000,0.000000,8.000000,-9.000000,1.000000,0.000000,1.000000,1.000000,0.200000,202.009995,0.000000,0.000000,0.200000,202.403534,-5.000000,-7.300000,
199.306747,1,1.000000,0.000000,8.000000,-9.000000,1.000000,0.000000,1.000000,1.000000,0.200000,202.048996,0.000000,0.000000,0.200000,202.580215,-5.000000,-7.300000,
199.346693,1,1.000000,0.000000,8.000000,-9.000000,1.000000,0.000000,1.000000,1.000000,0.200000,202.089996,0.000000,0.000000,0.200000,202.736984,-5.000000,-7.300000,
199.386904,1,1.000000,0.000000,8.000000,-9.000000,1.000000,0.000000,1.000000,1.000000,0.200000,202.130997,0.000000,0.000000,0.200000,202.921783,-5.000000,-7.300000,
199.426002,1,1.000000,0.000000,8.000000,-9.000000,1.000000,0.000000,1.000000,1.000000,0.200000,202.664993,0.000000,0.000000,0.200000,203.091690,-5.000000,-7.200000,
199.466709,1,1.000000,0.000000,8.000000,-9.000000,1.000000,0.000000,1.000000,1.000000,0.200000,202.615005,0.000000,0.000000,0.200000,203.250320,-5.000000,-7.200000,
199.505957,1,1.000000,0.000000,8.000000,-9.000000,1.000000,0.000000,1.000000,1.000000,0.200000,203.024994,0.000000,0.000000,0.200000,203.437592,-5.000000,-7.200000,
199.545822,1,1.000000,0.000000,8.000000,-9.000000,1.000000,0.000000,1.000000,1.000000,0.200000,202.291000,0.000000,0.000000,0.200000,203.608963,-4.900000,-7.200000,
199.586739,1,1.000000,0.000000,8.000000,-9.000000,1.000000,0.000000,1.000000,1.000000,0.200000,202.330994,0.000000,0.000000,0.200000,203.765533,-4.900000,-7.200000,
199.626003,1,1.000000,0.000000,8.000000,-9.000000,1.000000,0.000000,1.000000,1.000000,0.200000,202.371994,0.000000,0.000000,0.200000,203.934570,-4.900000,-7.200000,
199.666328,1,1.000000,0.000000,8.000000,-9.000000,1.000000,0.000000,1.000000,1.000000,0.200000,202.410995,0.000000,0.000000,0.200000,204.102295,-4.900000,-7.200000,
199.706149,1,1.000000,0.000000,8.000000,-9.000000,1.000000,0.000000,1.000000,1.000000,0.200000,202.451004,0.000000,0.000000,0.200000,204.276031,-4.900000,-7.200000,
199.745870,1,1.000000,0.000000,8.000000,-9.000000,1.000000,0.000000,1.000000,1.000000,0.200000,202.490997,0.000000,0.000000,0.200000,204.445801,-4.900000,-7.200000,
199.787379,1,1.000000,0.000000,8.000000,-9.000000,1.000000,0.000000,1.000000,1.000000,0.200000,202.531006,0.000000,0.000000,0.200000,204.615295,-4.900000,-7.200000,
199.826052,1,1.000000,0.000000,8.000000,-9.000000,1.000000,0.000000,1.000000,1.000000,0.200000,202.572006,0.000000,0.000000,0.200000,204.791306,-4.900000,-7.200000,
199.866276,1,1.000000,0.000000,8.000000,-9.000000,1.000000,0.000000,1.000000,1.000000,0.200000,202.610992,0.000000,0.000000,0.200000,204.964417,-4.900000,-7.200000,
199.906684,1,1.000000,0.000000,8.000000,-9.000000,1.000000,0.000000,1.000000,1.000000,0.200000,202.651001,0.000000,0.000000,0.200000,205.134567,-4.900000,-7.200000,
199.945696,1,1.000000,0.000000,8.000000,-9.000000,1.000000,0.000000,1.000000,1.000000,0.200000,202.690994,0.000000,0.000000,0.200000,205.297272,-4.900000,-7.200000,
199.986852,1,1.000000,0.000000,8.000000,-9.000000,1.000000,0.000000,1.000000,1.000000,0.200000,202.731003,0.000000,0.000000,0.200000,205.488098,-4.900000,-7.200000,
200.025799,1,1.000000,0.000000,8.000000,-9.000000,1.000000,0.000000,1.000000,1.000000,0.200000,202.772003,0.000000,0.000000,0.200000,205.641953,-4.900000,-7.200000,
200.065876,1,1.000000,0.000000,8.000000,-9.000000,1.000000,0.000000,1.000000,1.000000,0.200000,202.813004,0.000000,0.000000,0.200000,205.816422,-4.900000,-7.200000,
200.106524,1,1.000000,0.000000,8.000000,-9.000000,1.000000,0.000000,1.000000,1.000000,0.200000,202.852005,0.000000,0.000000,0.200000,206.000305,-4.900000,-7.200000,
200.146498,1,1.000000,0.000000,8.000000,-9.000000,1.000000,0.000000,1.000000,1.000000,0.200000,202.893005,0.000000,0.000000,0.200000,206.151169,-4.900000,-7.200000,
200.187401,1,1.000000,0.000000,8.000000,-9.000000,1.000000,0.000000,1.000000,1.000000,0.200000,202.932007,0.000000,0.000000,0.200000,206.320526,-4.900000,-7.200000,
200.226584,1,1.000000,0.000000,8.000000,-9.000000,1.000000,0.000000,1.000000,1.000000,0.200000,202.962006,0.000000,0.000000,0.200000,206.487473,-4.900000,-7.200000,
200.266823,1,1.000000,0.000000,8.000000,-9.000000,1.000000,0.000000,1.000000,1.000000,0.200000,203.013000,0.000000,0.000000,0.200000,206.660416,-4.900000,-7.200000,
200.306408,1,1.000000,0.000000,8.000000,-9.000000,1.000000,0.000000,1.000000,1.000000,0.200000,203.042999,0.000000,0.000000,0.200000,206.830093,-4.900000,-7.200000,
200.346729,1,1.000000,0.000000,8.000000,-9.000000,1.000000,0.000000,1.000000,1.000000,0.200000,203.082001,0.000000,0.000000,0.200000,206.998978,-4.900000,-7.200000,
200.387247,1,1.000000,0.000000,8.000000,-9.000000,1.000000,0.000000,1.000000,1.000000,0.200000,203.123993,0.000000,0.000000,0.200000,207.155991,-4.900000,-7.200000,
200.426371,1,1.000000,0.000000,8.000000,-9.000000,1.000000,0.000000,1.000000,1.000000,0.200000,203.964996,0.000000,0.000000,0.200000,207.343689,-4.900000,-7.200000,
200.466226,1,1.000000,0.000000,8.000000,-9.000000,1.000000,0.000000,1.000000,1.000000,0.200000,203.535004,0.000000,0.000000,0.200000,207.512253,-4.900000,-7.200000,
200.506223,1,1.000000,0.000000,8.000000,-9.000000,1.000000,0.000000,1.000000,1.000000,0.200000,203.964996,0.000000,0.000000,0.200000,207.683746,-4.900000,-7.200000,
200.546229,1,1.000000,0.000000,8.000000,-9.000000,1.000000,0.000000,1.000000,1.000000,0.200000,203.287994,0.000000,0.000000,0.200000,207.849274,-4.900000,-7.200000,
200.586595,1,1.000000,0.000000,8.000000,-9.000000,1.000000,0.000000,1.000000,1.000000,0.200000,203.326996,0.000000,0.000000,0.200000,208.017258,-4.900000,-7.100000,
200.625877,1,1.000000,0.000000,8.000000,-9.000000,1.000000,0.000000,1.000000,1.000000,0.200000,203.365997,0.000000,0.000000,0.200000,208.190247,-4.900000,-7.100000,
200.666604,1,1.000000,0.000000,8.000000,-9.000000,1.000000,0.000000,1.000000,1.000000,0.200000,203.406006,0.000000,0.000000,0.200000,208.360092,-5.000000,-7.100000,
200.706380,1,1.000000,0.000000,8.000000,-9.000000,1.000000,0.000000,1.000000,1.000000,0.200000,203.445007,0.000000,0.000000,0.200000,208.513245,-4.900000,-7.100000,
200.745811,1,1.000000,0.000000,8.000000,-9.000000,1.000000,0.000000,1.000000,1.000000,0.200000,203.485001,0.000000,0.000000,0.200000,208.685638,-4.900000,-7.100000,
200.786563,1,1.000000,0.000000,8.000000,-9.000000,1.000000,0.000000,1.000000,1.000000,0.200000,203.526001,0.000000,0.000000,0.200000,208.858398,-5.000000,-7.100000,
200.826223,1,1.000000,0.000000,8.000000,-9.000000,1.000000,0.000000,1.000000,1.000000,0.200000,203.565002,0.000000,0.000000,0.200000,209.035065,-5.000000,-7.100000,
200.865662,1,1.000000,0.000000,8.000000,-9.000000,1.000000,0.000000,1.000000,1.000000,0.200000,203.608002,0.000000,0.000000,0.200000,209.206833,-5.000000,-7.100000,
200.906186,1,1.000000,0.000000,8.000000,-9.000000,1.000000,0.000000,1.000000,1.000000,0.200000,203.645996,0.000000,0.000000,0.200000,209.378250,-5.000000,-7.100000,
200.945753,1,1.000000,0.000000,8.000000,-9.000000,1.000000,0.000000,1.000000,1.000000,0.200000,203.688004,0.000000,0.000000,0.200000,209.548386,-5.000000,-7.100000,
200.986816,1,1.000000,0.000000,8.000000,-9.000000,1.000000,0.000000,1.000000,1.000000,0.200000,203.727005,0.000000,0.000000,0.200000,209.716660,-5.000000,-7.100000,
201.026083,1,1.000000,0.000000,8.000000,-9.000000,1.000000,0.000000,1.000000,1.000000,0.200000,203.766006,0.000000,0.000000,0.200000,209.884277,-5.000000,-7.100000,
201.065910,1,1.000000,0.000000,8.000000,-9.000000,1.000000,0.000000,1.000000,1.000000,0.200000,203.806000,0.000000,0.000000,0.200000,210.056290,-5.000000,-7.100000,
201.106022,1,1.000000,0.000000,8.000000,-9.000000,1.000000,0.000000,1.000000,1.000000,0.200000,203.847000,0.000000,0.000000,0.200000,210.222488,-5.000000,-7.100000,
201.145937,1,1.000000,0.000000,8.000000,-9.000000,1.000000,0.000000,1.000000,1.000000,0.200000,203.886993,0.000000,0.000000,0.200000,210.372787,-5.000000,-7.100000,
201.187044,1,1.000000,0.000000,8.000000,-9.000000,1.000000,0.000000,1.000000,1.000000,0.200000,203.927002,0.000000,0.000000,0.200000,210.458206,-5.000000,-7.100000,
201.225875,1,1.000000,0.000000,8.000000,-9.000000,1.000000,0.000000,1.000000,1.000000,0.200000,203.966995,0.000000,0.000000,0.200000,210.707382,-5.000000,-7.100000,
201.265829,1,1.000000,0.000000,8.000000,-9.000000,1.000000,0.000000,1.000000,1.000000,0.200000,204.009995,0.000000,0.000000,0.200000,210.879364,-5.000000,-7.100000,
201.306491,1,1.000000,0.000000,8.000000,-9.000000,1.000000,0.000000,1.000000,1.000000,0.200000,204.048004,0.000000,0.000000,0.200000,211.050812,-5.000000,-7.100000,
201.346101,1,1.000000,0.000000,8.000000,-9.000000,1.000000,0.000000,1.000000,1.000000,0.200000,204.089005,0.000000,0.000000,0.200000,211.222137,-5.000000,-7.100000,
201.386900,1,1.000000,0.000000,8.000000,-9.000000,1.000000,0.000000,1.000000,1.000000,0.200000,204.128006,0.000000,0.000000,0.200000,211.396362,-5.000000,-7.100000,
201.425945,1,1.000000,0.000000,8.000000,-9.000000,1.000000,0.000000,1.000000,1.000000,0.200000,204.365005,0.000000,0.000000,0.200000,211.571625,-5.000000,-7.100000,
201.466064,1,1.000000,0.000000,8.000000,-9.000000,1.000000,0.000000,1.000000,1.000000,0.200000,204.595001,0.000000,0.000000,0.200000,211.743820,-5.000000,-7.100000,
201.506142,1,1.000000,0.000000,8.000000,-9.000000,1.000000,0.000000,1.000000,1.000000,0.200000,204.994995,0.000000,0.000000,0.200000,211.919128,-5.000000,-7.100000,
201.546461,1,1.000000,0.000000,8.000000,-9.000000,1.000000,0.000000,1.000000,1.000000,0.200000,204.289001,0.000000,0.000000,0.200000,212.076782,-5.000000,-7.100000,
201.586705,1,1.000000,0.000000,8.000000,-9.000000,1.000000,0.000000,1.000000,1.000000,0.200000,204.326996,0.000000,0.000000,0.200000,212.247040,-5.000000,-7.100000,
201.626681,1,1.000000,0.000000,8.000000,-9.000000,1.000000,0.000000,1.000000,1.000000,0.200000,204.367996,0.000000,0.000000,0.200000,212.436600,-5.000000,-7.100000,
201.665802,1,1.000000,0.000000,8.000000,-9.000000,1.000000,0.000000,1.000000,1.000000,0.200000,204.408005,0.000000,0.000000,0.200000,212.604675,-5.000000,-7.100000,
201.706305,1,1.000000,0.000000,8.000000,-9.000000,1.000000,0.000000,1.000000,1.000000,0.200000,204.447998,0.000000,0.000000,0.200000,212.774139,-5.000000,-7.100000,
201.746648,1,1.000000,0.000000,8.000000,-9.000000,1.000000,0.000000,1.000000,1.000000,0.200000,204.488007,0.000000,0.000000,0.200000,212.942703,-5.000000,-7.100000,
201.786950,1,1.000000,0.000000,8.000000,-9.000000,1.000000,0.000000,1.000000,1.000000,0.200000,204.526993,0.000000,0.000000,0.200000,213.109360,-5.000000,-7.100000,
201.826225,1,1.000000,0.000000,8.000000,-9.000000,1.000000,0.000000,1.000000,1.000000,0.200000,204.567993,0.000000,0.000000,0.200000,213.261200,-5.000000,-7.100000,
201.866022,1,1.000000,0.000000,8.000000,-9.000000,1.000000,0.000000,1.000000,1.000000,0.200000,204.608994,0.000000,0.000000,0.200000,213.428482,-5.000000,-7.100000,
201.906038,1,1.000000,0.000000,8.000000,-9.000000,1.000000,0.000000,1.000000,1.000000,0.200000,204.647995,0.000000,0.000000,0.200000,213.593292,-5.000000,-7.100000,
201.946238,1,1.000000,0.000000,8.000000,-9.000000,1.000000,0.000000,1.000000,1.000000,0.200000,204.688995,0.000000,0.000000,0.200000,213.760880,-5.000000,-7.100000,
201.986613,1,1.000000,0.000000,8.000000,-9.000000,1.000000,0.000000,1.000000,1.000000,0.200000,204.727997,0.000000,0.000000,0.200000,213.926620,-5.000000,-7.100000,
202.026532,1,1.000000,0.000000,8.000000,-9.000000,1.000000,0.000000,1.000000,1.000000,0.200000,204.770004,0.000000,0.000000,0.200000,214.094299,-5.000000,-7.100000,
202.066096,1,1.000000,0.000000,8.000000,-9.000000,1.000000,0.000000,1.000000,1.000000,0.200000,204.809006,0.000000,0.000000,0.200000,214.269211,-5.000000,-7.100000,
202.106618,1,1.000000,0.000000,8.000000,-9.000000,1.000000,0.000000,1.000000,1.000000,0.200000,204.850006,0.000000,0.000000,0.200000,214.439941,-5.000000,-7.100000,
202.146423,1,1.000000,0.000000,8.000000,-9.000000,1.000000,0.000000,1.000000,1.000000,0.200000,204.891006,0.000000,0.000000,0.200000,214.589203,-5.000000,-7.100000,
202.187210,1,1.000000,0.000000,8.000000,-9.000000,1.000000,0.000000,1.000000,1.000000,0.200000,204.931000,0.000000,0.000000,0.200000,214.781189,-5.000000,-7.100000,
202.227133,1,1.000000,0.000000,8.000000,-9.000000,1.000000,0.000000,1.000000,1.000000,0.200000,204.970001,0.000000,0.000000,0.200000,214.947601,-5.000000,-7.100000,
202.266736,1,1.000000,0.000000,8.000000,-9.000000,1.000000,0.000000,1.000000,1.000000,0.200000,205.009003,0.000000,0.000000,0.200000,215.107574,-5.000000,-7.100000,
202.306693,1,1.000000,0.000000,8.000000,-9.000000,1.000000,0.000000,1.000000,1.000000,0.200000,205.048996,0.000000,0.000000,0.200000,215.274872,-5.000000,-7.100000,
202.346945,1,1.000000,0.000000,8.000000,-9.000000,1.000000,0.000000,1.000000,1.000000,0.200000,205.089996,0.000000,0.000000,0.200000,215.441849,-5.000000,-7.100000,
202.387133,1,1.000000,0.000000,8.000000,-9.000000,1.000000,0.000000,1.000000,1.000000,0.200000,205.128998,0.000000,0.000000,0.200000,215.591003,-5.000000,-7.100000,
202.426898,1,1.000000,0.000000,8.000000,-9.000000,1.000000,0.000000,1.000000,1.000000,0.200000,205.664993,0.000000,0.000000,0.200000,215.675705,-5.000000,-7.100000,
202.466823,1,1.000000,0.000000,8.000000,-9.000000,1.000000,0.000000,1.000000,1.000000,0.200000,205.615005,0.000000,0.000000,0.200000,215.933960,-5.000000,-7.000000,
202.506664,1,1.000000,0.000000,8.000000,-9.000000,1.000000,0.000000,1.000000,1.000000,0.200000,206.005005,0.000000,0.000000,0.200000,215.933960,-5.000000,-7.000000,
202.546320,1,1.000000,0.000000,8.000000,-9.000000,1.000000,0.000000,1.000000,1.000000,0.200000,205.291000,0.000000,0.000000,0.200000,216.267059,-5.000000,-7.000000,
202.587626,1,1.000000,0.000000,8.000000,-9.000000,1.000000,0.000000,1.000000,1.000000,0.200000,205.328995,0.000000,0.000000,0.200000,216.431244,-5.000000,-7.000000,
202.626553,1,1.000000,0.000000,8.000000,-9.000000,1.000000,0.000000,1.000000,1.000000,0.200000,205.369003,0.000000,0.000000,0.200000,216.601746,-5.000000,-7.000000,
202.666590,1,1.000000,0.000000,8.000000,-9.000000,1.000000,0.000000,1.000000,1.000000,0.200000,205.410004,0.000000,0.000000,0.200000,216.769516,-5.000000,-7.000000,
202.706686,1,1.000000,0.000000,8.000000,-9.000000,1.000000,0.000000,1.000000,1.000000,0.200000,205.449005,0.000000,0.000000,0.200000,216.939133,-5.000000,-7.000000,
202.746531,1,1.000000,0.000000,8.000000,-9.000000,1.000000,0.000000,1.000000,1.000000,0.200000,205.490005,0.000000,0.000000,0.200000,217.106781,-5.000000,-7.000000,
202.787889,1,1.000000,0.000000,8.000000,-9.000000,1.000000,0.000000,1.000000,1.000000,0.200000,205.531006,0.000000,0.000000,0.200000,217.261505,-5.000000,-7.000000,
202.827352,1,1.000000,0.000000,8.000000,-9.000000,1.000000,0.000000,1.000000,1.000000,0.200000,205.572006,0.000000,0.000000,0.200000,217.433838,-5.000000,-7.000000,
202.867512,1,1.000000,0.000000,8.000000,-9.000000,1.000000,0.000000,1.000000,1.000000,0.200000,205.612000,0.000000,0.000000,0.200000,217.614578,-5.000000,-7.000000,
202.907187,1,1.000000,0.000000,8.000000,-9.000000,1.000000,0.000000,1.000000,1.000000,0.200000,205.653000,0.000000,0.000000,0.200000,217.768234,-5.000000,-7.000000,
202.946998,1,1.000000,0.000000,8.000000,-9.000000,1.000000,0.000000,1.000000,1.000000,0.200000,205.682999,0.000000,0.000000,0.200000,217.936096,-5.000000,-7.000000,
202.987099,1,1.000000,0.000000,8.000000,-9.000000,1.000000,0.000000,1.000000,1.000000,0.200000,205.725006,0.000000,0.000000,0.200000,218.098755,-5.000000,-7.000000,
203.026373,1,1.000000,0.000000,8.000000,-9.000000,1.000000,0.000000,1.000000,1.000000,0.200000,205.764008,0.000000,0.000000,0.200000,218.264465,-5.000000,-7.000000,
203.066473,1,1.000000,0.000000,8.000000,-9.000000,1.000000,0.000000,1.000000,1.000000,0.200000,205.807999,0.000000,0.000000,0.200000,218.433395,-5.000000,-7.000000,
203.106303,1,1.000000,0.000000,8.000000,-9.000000,1.000000,0.000000,1.000000,1.000000,0.200000,205.852005,0.000000,0.000000,0.200000,218.600754,-5.000000,-7.000000,
203.146839,1,1.000000,0.000000,8.000000,-9.000000,1.000000,0.000000,1.000000,1.000000,0.200000,205.893005,0.000000,0.000000,0.200000,218.750320,-5.000000,-7.000000,
203.187444,1,1.000000,0.000000,8.000000,-9.000000,1.000000,0.000000,1.000000,1.000000,0.200000,205.932999,0.000000,0.000000,0.200000,218.984100,-5.000000,-7.000000,
203.226824,1,1.000000,0.000000,8.000000,-9.000000,1.000000,0.000000,1.000000,1.000000,0.200000,205.966995,0.000000,0.000000,0.200000,219.049210,-5.000000,-7.000000,
203.266784,1,1.000000,0.000000,8.000000,-9.000000,1.000000,0.000000,1.000000,1.000000,0.200000,206.007996,0.000000,0.000000,0.200000,219.211823,-5.000000,-7.000000,
203.306701,1,1.000000,0.000000,8.000000,-9.000000,1.000000,0.000000,1.000000,1.000000,0.200000,206.052002,0.000000,0.000000,0.200000,219.395493,-5.000000,-7.000000,
203.346643,1,1.000000,0.000000,8.000000,-9.000000,1.000000,0.000000,1.000000,1.000000,0.200000,206.087997,0.000000,0.000000,0.200000,219.539871,-5.000000,-7.000000,
203.390710,1,1.000000,0.000000,8.000000,-9.000000,1.000000,0.000000,1.000000,1.000000,0.200000,206.128998,0.000000,0.000000,0.200000,219.703659,-5.000000,-7.000000,
203.426936,1,1.000000,0.000000,8.000000,-9.000000,1.000000,0.000000,1.000000,1.000000,0.200000,206.565002,0.000000,0.000000,0.200000,219.884583,-5.000000,-7.000000,
203.467350,1,1.000000,0.000000,8.000000,-9.000000,1.000000,0.000000,1.000000,1.000000,0.200000,206.625000,0.000000,0.000000,0.200000,220.045959,-5.000000,-7.000000,
203.507885,1,1.000000,0.000000,8.000000,-9.000000,1.000000,0.000000,1.000000,1.000000,0.200000,207.035004,0.000000,0.000000,0.200000,220.276825,-5.000000,-7.000000,
203.546820,1,1.000000,0.000000,8.000000,-9.000000,1.000000,0.000000,1.000000,1.000000,0.200000,206.292007,0.000000,0.000000,0.200000,220.442917,-5.000000,-7.000000,
203.587236,1,1.000000,0.000000,8.000000,-9.000000,1.000000,0.000000,1.000000,1.000000,0.200000,206.324997,0.000000,0.000000,0.200000,220.525406,-5.000000,-7.000000,
203.626723,1,1.000000,0.000000,8.000000,-9.000000,1.000000,0.000000,1.000000,1.000000,0.200000,206.365997,0.000000,0.000000,0.200000,220.693253,-5.000000,-7.000000,
203.667027,1,1.000000,0.000000,8.000000,-9.000000,1.000000,0.000000,1.000000,1.000000,0.200000,206.406006,0.000000,0.000000,0.200000,220.859039,-5.000000,-7.000000,
203.706872,1,1.000000,0.000000,8.000000,-9.000000,1.000000,0.000000,1.000000,1.000000,0.200000,206.447006,0.000000,0.000000,0.200000,221.022125,-5.000000,-7.000000,
203.746418,1,1.000000,0.000000,8.000000,-9.000000,1.000000,0.000000,1.000000,1.000000,0.200000,206.487000,0.000000,0.000000,0.200000,221.187027,-5.000000,-7.000000,
203.787689,1,1.000000,0.000000,8.000000,-9.000000,1.000000,0.000000,1.000000,1.000000,0.200000,206.529999,0.000000,0.000000,0.200000,221.416153,-5.000000,-7.000000,
203.828216,1,1.000000,0.000000,8.000000,-9.000000,1.000000,0.000000,1.000000,1.000000,0.200000,206.572006,0.000000,0.000000,0.200000,221.512161,-5.000000,-7.000000,
203.866872,1,1.000000,0.000000,8.000000,-9.000000,1.000000,0.000000,1.000000,1.000000,0.200000,206.612000,0.000000,0.000000,0.200000,221.760513,-5.000000,-7.000000,
203.906357,1,1.000000,0.000000,8.000000,-9.000000,1.000000,0.000000,1.000000,1.000000,0.200000,206.651993,0.000000,0.000000,0.200000,221.921722,-5.000000,-7.000000,
203.946523,1,1.000000,0.000000,8.000000,-9.000000,1.000000,0.000000,1.000000,1.000000,0.200000,206.694000,0.000000,0.000000,0.200000,222.083939,-5.000000,-7.000000,
203.987163,1,1.000000,0.000000,8.000000,-9.000000,1.000000,0.000000,1.000000,1.000000,0.200000,206.731995,0.000000,0.000000,0.200000,222.166199,-5.000000,-7.000000,
204.026805,1,1.000000,0.000000,8.000000,-9.000000,1.000000,0.000000,1.000000,1.000000,0.200000,206.772995,0.000000,0.000000,0.200000,222.388992,-5.000000,-7.000000,
204.067104,1,1.000000,0.000000,8.000000,-9.000000,1.000000,0.000000,1.000000,1.000000,0.200000,206.804001,0.000000,0.000000,0.200000,222.469910,-5.000000,-7.000000,
204.106679,1,1.000000,0.000000,8.000000,-9.000000,1.000000,0.000000,1.000000,1.000000,0.200000,206.850006,0.000000,0.000000,0.200000,222.630844,-5.000000,-7.000000,
204.145970,1,1.000000,0.000000,8.000000,-9.000000,1.000000,0.000000,1.000000,1.000000,0.200000,206.886002,0.000000,0.000000,0.200000,222.791122,-5.000000,-7.000000,
204.189744,1,1.000000,0.000000,8.000000,-9.000000,1.000000,0.000000,1.000000,1.000000,0.200000,206.927994,0.000000,0.000000,0.200000,222.951767,-5.000000,-7.000000,
204.226588,1,1.000000,0.000000,8.000000,-9.000000,1.000000,0.000000,1.000000,1.000000,0.200000,206.968002,0.000000,0.000000,0.200000,223.108566,-5.000000,-7.000000,
204.266406,1,1.000000,0.000000,8.000000,-9.000000,1.000000,0.000000,1.000000,1.000000,0.200000,207.011002,0.000000,0.000000,0.200000,223.266403,-5.000000,-7.000000,
204.307463,1,1.000000,0.000000,8.000000,-9.000000,1.000000,0.000000,1.000000,1.000000,0.200000,207.048996,0.000000,0.000000,0.200000,223.427322,-5.000000,-7.000000,
204.346848,1,1.000000,0.000000,8.000000,-9.000000,1.000000,0.000000,1.000000,1.000000,0.200000,207.091995,0.000000,0.000000,0.200000,223.665115,-5.000000,-7.000000,
204.387681,1,1.000000,0.000000,8.000000,-9.000000,1.000000,0.000000,1.000000,1.000000,0.200000,207.132004,0.000000,0.000000,0.200000,223.823929,-5.000000,-7.000000,
204.426610,1,1.000000,0.000000,8.000000,-9.000000,1.000000,0.000000,1.000000,1.000000,0.200000,207.764999,0.000000,0.000000,0.200000,223.980042,-5.000000,-7.000000,
204.466173,1,1.000000,0.000000,8.000000,-9.000000,1.000000,0.000000,1.000000,1.000000,0.200000,207.625000,0.000000,0.000000,0.200000,224.123215,-5.000000,-7.000000,
204.506066,1,1.000000,0.000000,8.000000,-9.000000,1.000000,0.000000,1.000000,1.000000,0.200000,208.014999,0.000000,0.000000,0.200000,224.216736,-5.000000,-7.000000,
204.546524,1,1.000000,0.000000,8.000000,-9.000000,1.000000,0.000000,1.000000,1.000000,0.200000,207.294006,0.000000,0.000000,0.200000,224.449783,-5.000000,-7.000000,
204.587436,1,1.000000,0.000000,8.000000,-9.000000,1.000000,0.000000,1.000000,1.000000,0.200000,207.324005,0.000000,0.000000,0.200000,224.525131,-5.000000,-7.000000,
204.626444,1,1.000000,0.000000,8.000000,-9.000000,1.000000,0.000000,1.000000,1.000000,0.200000,207.362000,0.000000,0.000000,0.200000,224.666626,-5.000000,-7.000000,
204.666390,1,1.000000,0.000000,8.000000,-9.000000,1.000000,0.000000,1.000000,1.000000,0.200000,207.403000,0.000000,0.000000,0.200000,224.822845,-5.000000,-7.000000,
204.706926,1,1.000000,0.000000,8.000000,-9.000000,1.000000,0.000000,1.000000,1.000000,0.200000,207.445999,0.000000,0.000000,0.200000,224.978226,-5.000000,-7.000000,
204.746315,1,1.000000,0.000000,8.000000,-9.000000,1.000000,0.000000,1.000000,1.000000,0.200000,207.483002,0.000000,0.000000,0.200000,225.136948,-5.000000,-7.000000,
204.787049,1,1.000000,0.000000,8.000000,-9.000000,1.000000,0.000000,1.000000,1.000000,0.200000,207.524002,0.000000,0.000000,0.200000,225.296463,-5.000000,-7.000000,
204.826840,1,1.000000,0.000000,8.000000,-9.000000,1.000000,0.000000,1.000000,1.000000,0.200000,207.565002,0.000000,0.000000,0.200000,225.454681,-5.000000,-7.000000,
204.865955,1,1.000000,0.000000,8.000000,-9.000000,1.000000,0.000000,1.000000,1.000000,0.200000,207.608002,0.000000,0.000000,0.200000,225.615463,-5.000000,-7.000000,
204.906070,1,1.000000,0.000000,8.000000,-9.000000,1.000000,0.000000,1.000000,1.000000,0.200000,207.645004,0.000000,0.000000,0.200000,225.776764,-5.000000,-7.000000,
204.946154,1,1.000000,0.000000,8.000000,-9.000000,1.000000,0.000000,1.000000,1.000000,0.200000,207.684998,0.000000,0.000000,0.200000,225.933060,-5.000000,-7.000000,
204.986599,1,1.000000,0.000000,8.000000,-9.000000,1.000000,0.000000,1.000000,1.000000,0.200000,207.727005,0.000000,0.000000,0.200000,226.091446,-5.000000,-7.000000,
205.025792,1,1.000000,0.000000,8.000000,-9.000000,1.000000,0.000000,1.000000,1.000000,0.200000,207.764008,0.000000,0.000000,0.200000,226.246231,-5.000000,-7.000000,
205.065678,1,1.000000,0.000000,8.000000,-9.000000,1.000000,0.000000,1.000000,1.000000,0.200000,207.806000,0.000000,0.000000,0.200000,226.403397,-5.000000,-7.000000,
205.106451,1,1.000000,0.000000,8.000000,-9.000000,1.000000,0.000000,1.000000,1.000000,0.200000,207.845993,0.000000,0.000000,0.200000,226.543640,-5.000000,-7.000000,
205.145908,1,1.000000,0.000000,8.000000,-9.000000,1.000000,0.000000,1.000000,1.000000,0.200000,207.886002,0.000000,0.000000,0.200000,226.714264,-5.000000,-7.000000,
205.186624,1,1.000000,0.000000,8.000000,-9.000000,1.000000,0.000000,1.000000,1.000000,0.200000,207.927002,0.000000,0.000000,0.200000,226.871918,-5.000000,-7.000000,
205.225787,1,1.000000,0.000000,8.000000,-9.000000,1.000000,0.000000,1.000000,1.000000,0.200000,207.968002,0.000000,0.000000,0.200000,227.015274,-5.000000,-7.000000,
205.266023,1,1.000000,0.000000,8.000000,-9.000000,1.000000,0.000000,1.000000,1.000000,0.200000,208.007996,0.000000,0.000000,0.200000,227.168808,-5.000000,-7.000000,
205.306398,1,1.000000,0.000000,8.000000,-9.000000,1.000000,0.000000,1.000000,1.000000,0.200000,208.048004,0.000000,0.000000,0.200000,227.323624,-5.000000,-7.000000,
205.345725,1,1.000000,0.000000,8.000000,-9.000000,1.000000,0.000000,1.000000,1.000000,0.200000,208.085999,0.000000,0.000000,0.200000,227.476349,-5.000000,-7.000000,
205.386495,1,1.000000,0.000000,8.000000,-9.000000,1.000000,0.000000,1.000000,1.000000,0.200000,208.126999,0.000000,0.000000,0.200000,227.627319,-5.000000,-7.000000,
205.426430,1,1.000000,0.000000,8.000000,-9.000000,1.000000,0.000000,1.000000,1.000000,0.200000,208.264999,0.000000,0.000000,0.200000,227.785339,-5.000000,-7.000000,
205.466073,1,1.000000,0.000000,8.000000,-9.000000,1.000000,0.000000,1.000000,1.000000,0.200000,208.615005,0.000000,0.000000,0.200000,227.926178,-5.000000,-7.000000,
205.506938,1,1.000000,0.000000,8.000000,-9.000000,1.000000,0.000000,1.000000,1.000000,0.200000,208.994995,0.000000,0.000000,0.200000,228.094910,-5.000000,-7.000000,
205.545828,1,1.000000,0.000000,8.000000,-9.000000,1.000000,0.000000,1.000000,1.000000,0.200000,208.287003,0.000000,0.000000,0.200000,228.251312,-5.000000,-7.000000,
205.587033,1,1.000000,0.000000,8.000000,-9.000000,1.000000,0.000000,1.000000,1.000000,0.200000,208.328003,0.000000,0.000000,0.200000,228.403778,-5.000000,-7.000000,
205.626298,1,1.000000,0.000000,8.000000,-9.000000,1.000000,0.000000,1.000000,1.000000,0.200000,208.371002,0.000000,0.000000,0.200000,228.554535,-5.000000,-7.000000,
205.666293,1,1.000000,0.000000,8.000000,-9.000000,1.000000,0.000000,1.000000,1.000000,0.200000,208.408997,0.000000,0.000000,0.200000,228.764862,-5.000000,-7.000000,
205.706816,1,1.000000,0.000000,8.000000,-9.000000,1.000000,0.000000,1.000000,1.000000,0.200000,208.451004,0.000000,0.000000,0.200000,228.912720,-5.000000,-7.000000,
205.746166,1,1.000000,0.000000,8.000000,-9.000000,1.000000,0.000000,1.000000,1.000000,0.200000,208.492996,0.000000,0.000000,0.200000,229.065338,-5.000000,-7.000000,
205.787110,1,1.000000,0.000000,8.000000,-9.000000,1.000000,0.000000,1.000000,1.000000,0.200000,208.531006,0.000000,0.000000,0.200000,229.215454,-5.000000,-7.000000,
205.826751,1,1.000000,0.000000,8.000000,-9.000000,1.000000,0.000000,1.000000,1.000000,0.200000,208.572006,0.000000,0.000000,0.200000,229.366058,-5.000000,-7.000000,
205.866065,1,1.000000,0.000000,8.000000,-9.000000,1.000000,0.000000,1.000000,1.000000,0.200000,208.610001,0.000000,0.000000,0.200000,229.518143,-5.000000,-7.000000,
205.906019,1,1.000000,0.000000,8.000000,-9.000000,1.000000,0.000000,1.000000,1.000000,0.200000,208.649994,0.000000,0.000000,0.200000,229.667038,-5.000000,-7.000000,
205.946564,1,1.000000,0.000000,8.000000,-9.000000,1.000000,0.000000,1.000000,1.000000,0.200000,208.692001,0.000000,0.000000,0.200000,229.816025,-5.000000,-7.000000,
205.987465,1,1.000000,0.000000,8.000000,-9.000000,1.000000,0.000000,1.000000,1.000000,0.200000,208.731003,0.000000,0.000000,0.200000,229.947678,-5.000000,-7.000000,
206.026677,1,1.000000,0.000000,8.000000,-9.000000,1.000000,0.000000,1.000000,1.000000,0.200000,208.772003,0.000000,0.000000,0.200000,230.107468,-5.000000,-7.000000,
206.065763,1,1.000000,0.000000,8.000000,-9.000000,1.000000,0.000000,1.000000,1.000000,0.200000,208.813004,0.000000,0.000000,0.200000,230.252960,-5.000000,-7.000000,
206.106225,1,1.000000,0.000000,8.000000,-9.000000,1.000000,0.000000,1.000000,1.000000,0.200000,208.852005,0.000000,0.000000,0.200000,230.397659,-5.000000,-7.000000,
206.146087,1,1.000000,0.000000,8.000000,-9.000000,1.000000,0.000000,1.000000,1.000000,0.200000,208.891998,0.000000,0.000000,0.200000,230.540833,-5.000000,-7.000000,
206.187266,1,1.000000,0.000000,8.000000,-9.000000,1.000000,0.000000,1.000000,1.000000,0.200000,208.931000,0.000000,0.000000,0.200000,230.685287,-5.000000,-7.000000,
206.226569,1,1.000000,0.000000,8.000000,-9.000000,1.000000,0.000000,1.000000,1.000000,0.200000,208.973007,0.000000,0.000000,0.200000,230.828964,-5.000000,-7.000000,
206.266041,1,1.000000,0.000000,8.000000,-9.000000,1.000000,0.000000,1.000000,1.000000,0.200000,209.011002,0.000000,0.000000,0.200000,230.955750,-5.000000,-7.000000,
206.306685,1,1.000000,0.000000,8.000000,-9.000000,1.000000,0.000000,1.000000,1.000000,0.200000,209.052002,0.000000,0.000000,0.200000,231.099838,-5.000000,-7.000000,
206.346234,1,1.000000,0.000000,8.000000,-9.000000,1.000000,0.000000,1.000000,1.000000,0.200000,209.091995,0.000000,0.000000,0.200000,231.242432,-5.000000,-7.000000,
206.388106,1,1.000000,0.000000,8.000000,-9.000000,1.000000,0.000000,1.000000,1.000000,0.200000,209.132004,0.000000,0.000000,0.200000,231.387878,-5.000000,-7.000000,
206.427200,1,1.000000,0.000000,8.000000,-9.000000,1.000000,0.000000,1.000000,1.000000,0.200000,209.964996,0.000000,0.000000,0.200000,231.459610,-5.000000,-7.000000,
206.466826,1,1.000000,0.000000,8.000000,-9.000000,1.000000,0.000000,1.000000,1.000000,0.200000,209.625000,0.000000,0.000000,0.200000,231.673523,-5.000000,-7.000000,
206.507029,1,1.000000,0.000000,8.000000,-9.000000,1.000000,0.000000,1.000000,1.000000,0.200000,210.035004,0.000000,0.000000,0.200000,231.802124,-5.000000,-7.000000,
206.546764,1,1.000000,0.000000,8.000000,-9.000000,1.000000,0.000000,1.000000,1.000000,0.200000,209.292007,0.000000,0.000000,0.200000,231.946304,-5.000000,-7.000000,
206.587683,1,1.000000,0.000000,8.000000,-9.000000,1.000000,0.000000,1.000000,1.000000,0.200000,209.322998,0.000000,0.000000,0.200000,232.018646,-5.000000,-7.000000,
206.626252,1,1.000000,0.000000,8.000000,-9.000000,1.000000,0.000000,1.000000,1.000000,0.200000,209.363007,0.000000,0.000000,0.200000,232.178543,-5.000000,-7.000000,
206.666462,1,1.000000,0.000000,8.000000,-9.000000,1.000000,0.000000,1.000000,1.000000,0.200000,209.403000,0.000000,0.000000,0.200000,232.306656,-5.000000,-7.000000,
206.706545,1,1.000000,0.000000,8.000000,-9.000000,1.000000,0.000000,1.000000,1.000000,0.200000,209.442993,0.000000,0.000000,0.200000,232.463379,-5.000000,-7.000000,
206.746556,1,1.000000,0.000000,8.000000,-9.000000,1.000000,0.000000,1.000000,1.000000,0.200000,209.483994,0.000000,0.000000,0.200000,232.606598,-5.000000,-7.000000,
206.787235,1,1.000000,0.000000,8.000000,-9.000000,1.000000,0.000000,1.000000,1.000000,0.200000,209.522995,0.000000,0.000000,0.200000,232.749512,-5.000000,-7.000000,
206.826236,1,1.000000,0.000000,8.000000,-9.000000,1.000000,0.000000,1.000000,1.000000,0.200000,209.563995,0.000000,0.000000,0.200000,232.890381,-5.000000,-7.000000,
206.866288,1,1.000000,0.000000,8.000000,-9.000000,1.000000,0.000000,1.000000,1.000000,0.200000,209.602005,0.000000,0.000000,0.200000,233.018127,-5.000000,-7.000000,
206.906186,1,1.000000,0.000000,8.000000,-9.000000,1.000000,0.000000,1.000000,1.000000,0.200000,209.643005,0.000000,0.000000,0.200000,233.158127,-5.000000,-7.000000,
206.946313,1,1.000000,0.000000,8.000000,-9.000000,1.000000,0.000000,1.000000,1.000000,0.200000,209.682999,0.000000,0.000000,0.200000,233.297562,-5.000000,-7.000000,
206.987253,1,1.000000,0.000000,8.000000,-9.000000,1.000000,0.000000,1.000000,1.000000,0.200000,209.725006,0.000000,0.000000,0.200000,233.439880,-5.000000,-7.000000,
207.026430,1,1.000000,0.000000,8.000000,-9.000000,1.000000,0.000000,1.000000,1.000000,0.200000,209.763000,0.000000,0.000000,0.200000,233.581589,-5.000000,-7.000000,
207.066510,1,1.000000,0.000000,8.000000,-9.000000,1.000000,0.000000,1.000000,1.000000,0.200000,209.802994,0.000000,0.000000,0.200000,233.720718,-5.000000,-7.000000,
207.106484,1,1.000000,0.000000,8.000000,-9.000000,1.000000,0.000000,1.000000,1.000000,0.200000,209.843994,0.000000,0.000000,0.200000,233.863388,-5.000000,-7.000000,
207.146013,1,1.000000,0.000000,8.000000,-9.000000,1.000000,0.000000,1.000000,1.000000,0.200000,209.882996,0.000000,0.000000,0.200000,234.002960,-5.000000,-7.000000,
207.187045,1,1.000000,0.000000,8.000000,-9.000000,1.000000,0.000000,1.000000,1.000000,0.200000,209.923996,0.000000,0.000000,0.200000,234.143921,-5.000000,-7.000000,
207.226225,1,1.000000,0.000000,8.000000,-9.000000,1.000000,0.000000,1.000000,1.000000,0.200000,209.962997,0.000000,0.000000,0.200000,234.282852,-5.000000,-7.000000,
207.266233,1,1.000000,0.000000,8.000000,-9.000000,1.000000,0.000000,1.000000,1.000000,0.200000,210.003998,0.000000,0.000000,0.200000,234.419876,-5.000000,-7.000000,
207.305958,1,1.000000,0.000000,8.000000,-9.000000,1.000000,0.000000,1.000000,1.000000,0.200000,210.044006,0.000000,0.000000,0.200000,234.559174,-5.000000,-7.000000,
207.346019,1,1.000000,0.000000,8.000000,-9.000000,1.000000,0.000000,1.000000,1.000000,0.200000,210.082993,0.000000,0.000000,0.200000,234.697708,-5.000000,-7.000000,
207.386792,1,1.000000,0.000000,8.000000,-9.000000,1.000000,0.000000,1.000000,1.000000,0.200000,210.123993,0.000000,0.000000,0.200000,234.822937,-5.000000,-7.000000,
207.436960,1,1.000000,0.000000,8.000000,-9.000000,1.000000,0.000000,1.000000,1.000000,0.200000,210.274994,0.000000,0.000000,0.200000,235.035538,-5.000000,-7.000000,
207.465693,1,1.000000,0.000000,8.000000,-9.000000,1.000000,0.000000,1.000000,1.000000,0.200000,210.595001,0.000000,0.000000,0.200000,235.105865,-5.000000,-7.000000,
207.507183,1,1.000000,0.000000,8.000000,-9.000000,1.000000,0.000000,1.000000,1.000000,0.200000,210.985001,0.000000,0.000000,0.200000,235.245514,-5.000000,-7.000000,
207.546816,1,1.000000,0.000000,8.000000,-9.000000,1.000000,0.000000,1.000000,1.000000,0.200000,210.287003,0.000000,0.000000,0.200000,235.387848,-5.000000,-7.000000,
207.586854,1,1.000000,0.000000,8.000000,-9.000000,1.000000,0.000000,1.000000,1.000000,0.200000,210.326996,0.000000,0.000000,0.200000,235.529053,-5.000000,-7.000000,
207.626213,1,1.000000,0.000000,8.000000,-9.000000,1.000000,0.000000,1.000000,1.000000,0.200000,210.367004,0.000000,0.000000,0.200000,235.668106,-5.000000,-7.000000,
207.665765,1,1.000000,0.000000,8.000000,-9.000000,1.000000,0.000000,1.000000,1.000000,0.200000,210.408005,0.000000,0.000000,0.200000,235.791290,-5.000000,-7.000000,
207.706315,1,1.000000,0.000000,8.000000,-9.000000,1.000000,0.000000,1.000000,1.000000,0.200000,210.447006,0.000000,0.000000,0.200000,235.947647,-5.000000,-7.000000,
207.745646,1,1.000000,0.000000,8.000000,-9.000000,1.000000,0.000000,1.000000,1.000000,0.200000,210.485992,0.000000,0.000000,0.200000,236.075226,-5.000000,-7.000000,
207.786079,1,1.000000,0.000000,8.000000,-9.000000,1.000000,0.000000,1.000000,1.000000,0.200000,210.526001,0.000000,0.000000,0.200000,236.224518,-5.000000,-7.000000,
207.825547,1,1.000000,0.000000,8.000000,-9.000000,1.000000,0.000000,1.000000,1.000000,0.200000,210.565994,0.000000,0.000000,0.200000,236.364746,-5.000000,-7.000000,
207.865752,1,1.000000,0.000000,8.000000,-9.000000,1.000000,0.000000,1.000000,1.000000,0.200000,210.606995,0.000000,0.000000,0.200000,236.503845,-5.000000,-7.000000,
207.905729,1,1.000000,0.000000,8.000000,-9.000000,1.000000,0.000000,1.000000,1.000000,0.200000,210.645996,0.000000,0.000000,0.200000,236.626373,-5.000000,-7.000000,
207.945482,1,1.000000,0.000000,8.000000,-9.000000,1.000000,0.000000,1.000000,1.000000,0.200000,210.686005,0.000000,0.000000,0.200000,236.777451,-5.000000,-7.000000,
207.985888,1,1.000000,0.000000,8.000000,-9.000000,1.000000,0.000000,1.000000,1.000000,0.200000,210.725998,0.000000,0.000000,0.200000,236.968369,-5.000000,-7.000000,
208.025525,1,1.000000,0.000000,8.000000,-9.000000,1.000000,0.000000,1.000000,1.000000,0.200000,210.766006,0.000000,0.000000,0.200000,237.033463,-5.000000,-7.000000,
208.065729,1,1.000000,0.000000,8.000000,-9.000000,1.000000,0.000000,1.000000,1.000000,0.200000,210.807007,0.000000,0.000000,0.200000,237.169357,-5.000000,-7.000000,
208.105734,1,1.000000,0.000000,8.000000,-9.000000,1.000000,0.000000,1.000000,1.000000,0.200000,210.845993,0.000000,0.000000,0.200000,237.309143,-5.000000,-7.000000,
208.145462,1,1.000000,0.000000,8.000000,-9.000000,1.000000,0.000000,1.000000,1.000000,0.200000,210.886002,0.000000,0.000000,0.200000,237.458817,-5.000000,-7.000000,
208.185992,1,1.000000,0.000000,8.000000,-9.000000,1.000000,0.000000,1.000000,1.000000,0.200000,210.925995,0.000000,0.000000,0.200000,237.581955,-5.000000,-7.000000,
208.225475,1,1.000000,0.000000,8.000000,-9.000000,1.000000,0.000000,1.000000,1.000000,0.200000,210.966003,0.000000,0.000000,0.200000,237.704422,-5.000000,-7.000000,
208.265675,1,1.000000,0.000000,8.000000,-9.000000,1.000000,0.000000,1.000000,1.000000,0.200000,211.007004,0.000000,0.000000,0.200000,237.839996,-5.000000,-7.000000,
208.305758,1,1.000000,0.000000,8.000000,-9.000000,1.000000,0.000000,1.000000,1.000000,0.200000,211.046005,0.000000,0.000000,0.200000,237.977371,-5.000000,-7.000000,
208.345642,1,1.000000,0.000000,8.000000,-9.000000,1.000000,0.000000,1.000000,1.000000,0.200000,211.085999,0.000000,0.000000,0.200000,238.112579,-5.000000,-7.000000,
208.386070,1,1.000000,0.000000,8.000000,-9.000000,1.000000,0.000000,1.000000,1.000000,0.200000,211.126007,0.000000,0.000000,0.200000,238.259903,-5.000000,-7.000000,
208.425504,1,1.000000,0.000000,8.000000,-9.000000,1.000000,0.000000,1.000000,1.000000,0.200000,211.264999,0.000000,0.000000,0.200000,238.379822,-5.000000,-7.000000,
208.465633,1,1.000000,0.000000,8.000000,-9.000000,1.000000,0.000000,1.000000,1.000000,0.200000,211.585007,0.000000,0.000000,0.200000,238.513687,-5.000000,-7.000000,
208.505784,1,1.000000,0.000000,8.000000,-9.000000,1.000000,0.000000,1.000000,1.000000,0.200000,211.975006,0.000000,0.000000,0.200000,238.658676,-5.000000,-7.000000,
208.545502,1,1.000000,0.000000,8.000000,-9.000000,1.000000,0.000000,1.000000,1.000000,0.200000,211.285995,0.000000,0.000000,0.200000,238.794922,-5.000000,-7.000000,
208.586537,1,1.000000,0.000000,8.000000,-9.000000,1.000000,0.000000,1.000000,1.000000,0.200000,211.326996,0.000000,0.000000,0.200000,238.918167,-5.000000,-7.000000,
208.625577,1,1.000000,0.000000,8.000000,-9.000000,1.000000,0.000000,1.000000,1.000000,0.200000,211.365997,0.000000,0.000000,0.200000,239.050735,-5.000000,-7.000000,
208.666005,1,1.000000,0.000000,8.000000,-9.000000,1.000000,0.000000,1.000000,1.000000,0.200000,211.406998,0.000000,0.000000,0.200000,239.184860,-4.900000,-7.000000,
208.705584,1,1.000000,0.000000,8.000000,-9.000000,1.000000,0.000000,1.000000,1.000000,0.200000,211.445999,0.000000,0.000000,0.200000,239.316986,-4.900000,-6.900000,
208.745668,1,1.000000,0.000000,8.000000,-9.000000,1.000000,0.000000,1.000000,1.000000,0.200000,211.485992,0.000000,0.000000,0.200000,239.451279,-4.900000,-6.900000,
208.786433,1,1.000000,0.000000,8.000000,-9.000000,1.000000,0.000000,1.000000,1.000000,0.200000,211.526001,0.000000,0.000000,0.200000,239.573334,-4.900000,-6.900000,
208.825504,1,1.000000,0.000000,8.000000,-9.000000,1.000000,0.000000,1.000000,1.000000,0.200000,211.565994,0.000000,0.000000,0.200000,239.718292,-4.900000,-6.900000,
208.865561,1,1.000000,0.000000,8.000000,-9.000000,1.000000,0.000000,1.000000,1.000000,0.200000,211.606995,0.000000,0.000000,0.200000,239.849960,-4.900000,-6.900000,
208.905471,1,1.000000,0.000000,8.000000,-9.000000,1.000000,0.000000,1.000000,1.000000,0.200000,211.645996,0.000000,0.000000,0.200000,239.981644,-4.900000,-6.900000,
208.945361,1,1.000000,0.000000,8.000000,-9.000000,1.000000,0.000000,1.000000,1.000000,0.200000,211.686005,0.000000,0.000000,0.200000,240.110565,-4.900000,-6.900000,
208.986342,1,1.000000,0.000000,8.000000,-9.000000,1.000000,0.000000,1.000000,1.000000,0.200000,211.725998,0.000000,0.000000,0.200000,240.242142,-4.900000,-6.900000,
209.025965,1,1.000000,0.000000,8.000000,-9.000000,1.000000,0.000000,1.000000,1.000000,0.200000,211.766006,0.000000,0.000000,0.200000,240.372406,-4.900000,-6.900000,
209.065473,1,1.000000,0.000000,8.000000,-9.000000,1.000000,0.000000,1.000000,1.000000,0.200000,211.807007,0.000000,0.000000,0.200000,240.490601,-4.900000,-6.900000,
209.105545,1,1.000000,0.000000,8.000000,-9.000000,1.000000,0.000000,1.000000,1.000000,0.200000,211.845993,0.000000,0.000000,0.200000,240.622269,-4.900000,-6.900000,
209.145519,1,1.000000,0.000000,8.000000,-9.000000,1.000000,0.000000,1.000000,1.000000,0.200000,211.888000,0.000000,0.000000,0.200000,240.764267,-4.900000,-6.900000,
209.186049,1,1.000000,0.000000,8.000000,-9.000000,1.000000,0.000000,1.000000,1.000000,0.200000,211.925995,0.000000,0.000000,0.200000,240.877838,-4.900000,-6.900000,
209.225578,1,1.000000,0.000000,8.000000,-9.000000,1.000000,0.000000,1.000000,1.000000,0.200000,211.966003,0.000000,0.000000,0.200000,241.007202,-4.900000,-6.900000,
209.265507,1,1.000000,0.000000,8.000000,-9.000000,1.000000,0.000000,1.000000,1.000000,0.200000,212.007004,0.000000,0.000000,0.200000,241.135025,-4.900000,-6.900000,
209.305641,1,1.000000,0.000000,8.000000,-9.000000,1.000000,0.000000,1.000000,1.000000,0.200000,212.046997,0.000000,0.000000,0.200000,241.250122,-4.900000,-6.900000,
209.345626,1,1.000000,0.000000,8.000000,-9.000000,1.000000,0.000000,1.000000,1.000000,0.200000,212.085999,0.000000,0.000000,0.200000,241.391815,-4.900000,-6.900000,
209.385830,1,1.000000,0.000000,8.000000,-9.000000,1.000000,0.000000,1.000000,1.000000,0.200000,212.126999,0.000000,0.000000,0.200000,241.518295,-4.900000,-6.900000,
209.425399,1,1.000000,0.000000,8.000000,-9.000000,1.000000,0.000000,1.000000,1.000000,0.200000,212.264999,0.000000,0.000000,0.200000,241.647980,-4.900000,-6.900000,
209.467725,1,1.000000,0.000000,8.000000,-9.000000,1.000000,0.000000,1.000000,1.000000,0.200000,212.595001,0.000000,0.000000,0.200000,241.759842,-4.900000,-6.900000,
209.506167,1,1.000000,0.000000,8.000000,-9.000000,1.000000,0.000000,1.000000,1.000000,0.200000,212.975006,0.000000,0.000000,0.200000,241.898331,-4.900000,-6.900000,
209.545967,1,1.000000,0.000000,8.000000,-9.000000,1.000000,0.000000,1.000000,1.000000,0.200000,212.285995,0.000000,0.000000,0.200000,242.027863,-4.900000,-6.900000,
209.586491,1,1.000000,0.000000,8.000000,-9.000000,1.000000,0.000000,1.000000,1.000000,0.200000,212.326996,0.000000,0.000000,0.200000,242.205872,-4.900000,-6.900000,
209.626166,1,1.000000,0.000000,8.000000,-9.000000,1.000000,0.000000,1.000000,1.000000,0.200000,212.367004,0.000000,0.000000,0.200000,242.271378,-4.900000,-6.900000,
209.666150,1,1.000000,0.000000,8.000000,-9.000000,1.000000,0.000000,1.000000,1.000000,0.200000,212.408997,0.000000,0.000000,0.200000,242.396988,-4.900000,-6.900000,
209.705734,1,1.000000,0.000000,8.000000,-9.000000,1.000000,0.000000,1.000000,1.000000,0.200000,212.445999,0.000000,0.000000,0.200000,242.523010,-4.900000,-6.900000,
209.745410,1,1.000000,0.000000,8.000000,-9.000000,1.000000,0.000000,1.000000,1.000000,0.200000,212.487000,0.000000,0.000000,0.200000,242.663513,-4.900000,-6.900000,
209.786328,1,1.000000,0.000000,8.000000,-9.000000,1.000000,0.000000,1.000000,1.000000,0.200000,212.526993,0.000000,0.000000,0.200000,242.778748,-4.900000,-6.900000,
209.825673,1,1.000000,0.000000,8.000000,-9.000000,1.000000,0.000000,1.000000,1.000000,0.200000,212.567001,0.000000,0.000000,0.200000,242.906906,-4.900000,-6.900000,
209.865602,1,1.000000,0.000000,8.000000,-9.000000,1.000000,0.000000,1.000000,1.000000,0.200000,212.608994,0.000000,0.000000,0.200000,243.034958,-4.900000,-6.900000,
209.906469,1,1.000000,0.000000,8.000000,-9.000000,1.000000,0.000000,1.000000,1.000000,0.200000,212.647003,0.000000,0.000000,0.200000,243.163452,-4.900000,-6.900000,
209.955194,1,1.000000,0.000000,8.000000,-9.000000,1.000000,0.000000,1.000000,1.000000,0.200000,212.694000,0.000000,0.000000,0.200000,243.339493,-4.900000,-6.900000,
209.986505,1,1.000000,0.000000,8.000000,-9.000000,1.000000,0.000000,1.000000,1.000000,0.200000,212.731003,0.000000,0.000000,0.200000,243.481400,-4.900000,-6.900000,
210.025933,1,1.000000,0.000000,8.000000,-9.000000,1.000000,0.000000,1.000000,1.000000,0.200000,212.770996,0.000000,0.000000,0.200000,243.608231,-4.900000,-6.900000,
210.065723,1,1.000000,0.000000,8.000000,-9.000000,1.000000,0.000000,1.000000,1.000000,0.200000,212.811005,0.000000,0.000000,0.200000,243.733887,-4.900000,-6.900000,
210.105914,1,1.000000,0.000000,8.000000,-9.000000,1.000000,0.000000,1.000000,1.000000,0.200000,212.850006,0.000000,0.000000,0.200000,243.862213,-4.800000,-6.900000,
210.145683,1,1.000000,0.000000,8.000000,-9.000000,1.000000,0.000000,1.000000,1.000000,0.200000,212.891006,0.000000,0.000000,0.200000,243.974442,-4.800000,-6.900000,
210.186364,1,1.000000,0.000000,8.000000,-9.000000,1.000000,0.000000,1.000000,1.000000,0.200000,212.929993,0.000000,0.000000,0.200000,244.101135,-4.800000,-6.900000,
210.225629,1,1.000000,0.000000,8.000000,-9.000000,1.000000,0.000000,1.000000,1.000000,0.200000,212.970993,0.000000,0.000000,0.200000,244.228775,-4.800000,-6.900000,
210.265599,1,1.000000,0.000000,8.000000,-9.000000,1.000000,0.000000,1.000000,1.000000,0.200000,213.011002,0.000000,0.000000,0.200000,244.353439,-4.800000,-6.900000,
210.305948,1,1.000000,0.000000,8.000000,-9.000000,1.000000,0.000000,1.000000,1.000000,0.200000,213.050003,0.000000,0.000000,0.200000,244.415283,-4.800000,-6.900000,
210.345631,1,1.000000,0.000000,8.000000,-9.000000,1.000000,0.000000,1.000000,1.000000,0.200000,213.091003,0.000000,0.000000,0.200000,244.542618,-4.800000,-6.900000,
210.386565,1,1.000000,0.000000,8.000000,-9.000000,1.000000,0.000000,1.000000,1.000000,0.200000,213.130005,0.000000,0.000000,0.200000,244.718155,-4.800000,-6.900000,
210.425893,1,1.000000,0.000000,8.000000,-9.000000,1.000000,0.000000,1.000000,1.000000,0.200000,213.764999,0.000000,0.000000,0.200000,244.856216,-4.800000,-6.900000,
210.465705,1,1.000000,0.000000,8.000000,-9.000000,1.000000,0.000000,1.000000,1.000000,0.200000,213.625000,0.000000,0.000000,0.200000,244.983170,-4.800000,-6.900000,
210.505931,1,1.000000,0.000000,8.000000,-9.000000,1.000000,0.000000,1.000000,1.000000,0.200000,214.014999,0.000000,0.000000,0.200000,245.107819,-4.800000,-6.900000,
210.545638,1,1.000000,0.000000,8.000000,-9.000000,1.000000,0.000000,1.000000,1.000000,0.200000,213.291000,0.000000,0.000000,0.200000,245.221664,-4.800000,-6.900000,
210.586328,1,1.000000,0.000000,8.000000,-9.000000,1.000000,0.000000,1.000000,1.000000,0.200000,213.330002,0.000000,0.000000,0.200000,245.359940,-4.800000,-6.900000,
210.625807,1,1.000000,0.000000,8.000000,-9.000000,1.000000,0.000000,1.000000,1.000000,0.200000,213.371994,0.000000,0.000000,0.200000,245.470306,-4.800000,-6.900000,
210.665613,1,1.000000,0.000000,8.000000,-9.000000,1.000000,0.000000,1.000000,1.000000,0.200000,213.410995,0.000000,0.000000,0.200000,245.594803,-4.800000,-6.800000,
210.705787,1,1.000000,0.000000,8.000000,-9.000000,1.000000,0.000000,1.000000,1.000000,0.200000,213.449997,0.000000,0.000000,0.200000,245.731842,-4.800000,-6.800000,
210.745552,1,1.000000,0.000000,8.000000,-9.000000,1.000000,0.000000,1.000000,1.000000,0.200000,213.490997,0.000000,0.000000,0.200000,245.846680,-4.800000,-6.800000,
210.786419,1,1.000000,0.000000,8.000000,-9.000000,1.000000,0.000000,1.000000,1.000000,0.200000,213.529999,0.000000,0.000000,0.200000,245.971405,-4.800000,-6.800000,
210.825881,1,1.000000,0.000000,8.000000,-9.000000,1.000000,0.000000,1.000000,1.000000,0.200000,213.570999,0.000000,0.000000,0.200000,246.093491,-4.800000,-6.800000,
210.865621,1,1.000000,0.000000,8.000000,-9.000000,1.000000,0.000000,1.000000,1.000000,0.200000,213.610001,0.000000,0.000000,0.200000,246.218124,-4.800000,-6.800000,
210.905660,1,1.000000,0.000000,8.000000,-9.000000,1.000000,0.000000,1.000000,1.000000,0.200000,213.651001,0.000000,0.000000,0.200000,246.339371,-4.800000,-6.800000,
210.947824,1,1.000000,0.000000,8.000000,-9.000000,1.000000,0.000000,1.000000,1.000000,0.200000,213.695007,0.000000,0.000000,0.200000,246.402359,-4.800000,-6.800000,
210.989861,1,1.000000,0.000000,8.000000,-9.000000,1.000000,0.000000,1.000000,1.000000,0.200000,213.723999,0.000000,0.000000,0.200000,246.525208,-4.800000,-6.800000,
211.025621,1,1.000000,0.000000,8.000000,-9.000000,1.000000,0.000000,1.000000,1.000000,0.200000,213.766006,0.000000,0.000000,0.200000,246.649048,-4.800000,-6.800000,
211.065617,1,1.000000,0.000000,8.000000,-9.000000,1.000000,0.000000,1.000000,1.000000,0.200000,213.804001,0.000000,0.000000,0.200000,246.759048,-4.800000,-6.800000,
211.105732,1,1.000000,0.000000,8.000000,-9.000000,1.000000,0.000000,1.000000,1.000000,0.200000,213.843002,0.000000,0.000000,0.200000,246.895264,-4.800000,-6.800000,
211.145466,1,1.000000,0.000000,8.000000,-9.000000,1.000000,0.000000,1.000000,1.000000,0.200000,213.882996,0.000000,0.000000,0.200000,247.006638,-4.800000,-6.800000,
211.186208,1,1.000000,0.000000,8.000000,-9.000000,1.000000,0.000000,1.000000,1.000000,0.200000,213.923996,0.000000,0.000000,0.200000,247.140182,-4.800000,-6.800000,
211.225630,1,1.000000,0.000000,8.000000,-9.000000,1.000000,0.000000,1.000000,1.000000,0.200000,213.962997,0.000000,0.000000,0.200000,247.265060,-4.800000,-6.800000,
211.265411,1,1.000000,0.000000,8.000000,-9.000000,1.000000,0.000000,1.000000,1.000000,0.200000,214.003006,0.000000,0.000000,0.200000,247.387726,-4.800000,-6.800000,
211.305827,1,1.000000,0.000000,8.000000,-9.000000,1.000000,0.000000,1.000000,1.000000,0.200000,214.042999,0.000000,0.000000,0.200000,247.495789,-4.800000,-6.800000,
211.345398,1,1.000000,0.000000,8.000000,-9.000000,1.000000,0.000000,1.000000,1.000000,0.200000,214.082993,0.000000,0.000000,0.200000,247.633392,-4.800000,-6.800000,
211.386238,1,1.000000,0.000000,8.000000,-9.000000,1.000000,0.000000,1.000000,1.000000,0.200000,214.123001,0.000000,0.000000,0.200000,247.743027,-4.800000,-6.800000,
211.425649,1,1.000000,0.000000,8.000000,-9.000000,1.000000,0.000000,1.000000,1.000000,0.200000,214.162994,0.000000,0.000000,0.200000,247.865463,-4.800000,-6.800000,
211.465474,1,1.000000,0.000000,8.000000,-9.000000,1.000000,0.000000,1.000000,1.000000,0.200000,214.544998,0.000000,0.000000,0.200000,247.988113,-4.800000,-6.800000,
211.505485,1,1.000000,0.000000,8.000000,-9.000000,1.000000,0.000000,1.000000,1.000000,0.200000,214.975006,0.000000,0.000000,0.200000,248.108063,-4.700000,-6.800000,
211.545323,1,1.000000,0.000000,8.000000,-9.000000,1.000000,0.000000,1.000000,1.000000,0.200000,214.281998,0.000000,0.000000,0.200000,248.230438,-4.700000,-6.800000,
211.585924,1,1.000000,0.000000,8.000000,-9.000000,1.000000,0.000000,1.000000,1.000000,0.200000,214.322998,0.000000,0.000000,0.200000,248.350418,-4.700000,-6.800000,
211.625407,1,1.000000,0.000000,8.000000,-9.000000,1.000000,0.000000,1.000000,1.000000,0.200000,214.363007,0.000000,0.000000,0.200000,248.469162,-4.700000,-6.800000,
211.665576,1,1.000000,0.000000,8.000000,-9.000000,1.000000,0.000000,1.000000,1.000000,0.200000,214.403000,0.000000,0.000000,0.200000,248.589249,-4.700000,-6.800000,
211.705791,1,1.000000,0.000000,8.000000,-9.000000,1.000000,0.000000,1.000000,1.000000,0.200000,214.442993,0.000000,0.000000,0.200000,248.708298,-4.700000,-6.800000,
211.745547,1,1.000000,0.000000,8.000000,-9.000000,1.000000,0.000000,1.000000,1.000000,0.200000,214.483002,0.000000,0.000000,0.200000,248.814407,-4.700000,-6.800000,
211.786039,1,1.000000,0.000000,8.000000,-9.000000,1.000000,0.000000,1.000000,1.000000,0.200000,214.524002,0.000000,0.000000,0.200000,248.946732,-4.700000,-6.800000,
211.825388,1,1.000000,0.000000,8.000000,-9.000000,1.000000,0.000000,1.000000,1.000000,0.200000,214.563004,0.000000,0.000000,0.200000,249.064133,-4.700000,-6.800000,
211.865506,1,1.000000,0.000000,8.000000,-9.000000,1.000000,0.000000,1.000000,1.000000,0.200000,214.604004,0.000000,0.000000,0.200000,249.168961,-4.700000,-6.800000,
211.905729,1,1.000000,0.000000,8.000000,-9.000000,1.000000,0.000000,1.000000,1.000000,0.200000,214.643005,0.000000,0.000000,0.200000,249.289032,-4.700000,-6.800000,
211.945654,1,1.000000,0.000000,8.000000,-9.000000,1.000000,0.000000,1.000000,1.000000,0.200000,214.682999,0.000000,0.000000,0.200000,249.417130,-4.700000,-6.800000,
211.985946,1,1.000000,0.000000,8.000000,-9.000000,1.000000,0.000000,1.000000,1.000000,0.200000,214.723999,0.000000,0.000000,0.200000,249.525864,-4.700000,-6.800000,
212.025407,1,1.000000,0.000000,8.000000,-9.000000,1.000000,0.000000,1.000000,1.000000,0.200000,214.763000,0.000000,0.000000,0.200000,249.642471,-4.700000,-6.800000,
212.065524,1,1.000000,0.000000,8.000000,-9.000000,1.000000,0.000000,1.000000,1.000000,0.200000,214.802994,0.000000,0.000000,0.200000,249.757599,-4.700000,-6.800000,
212.105505,1,1.000000,0.000000,8.000000,-9.000000,1.000000,0.000000,1.000000,1.000000,0.200000,214.843002,0.000000,0.000000,0.200000,249.875748,-4.700000,-6.800000,
212.145548,1,1.000000,0.000000,8.000000,-9.000000,1.000000,0.000000,1.000000,1.000000,0.200000,214.882996,0.000000,0.000000,0.200000,249.993286,-4.700000,-6.700000,
212.185856,1,1.000000,0.000000,8.000000,-9.000000,1.000000,0.000000,1.000000,1.000000,0.200000,214.923996,0.000000,0.000000,0.200000,250.098511,-4.700000,-6.700000,
212.225776,1,1.000000,0.000000,8.000000,-9.000000,1.000000,0.000000,1.000000,1.000000,0.200000,214.962997,0.000000,0.000000,0.200000,250.217209,-4.700000,-6.700000,
212.265412,1,1.000000,0.000000,8.000000,-9.000000,1.000000,0.000000,1.000000,1.000000,0.200000,215.003998,0.000000,0.000000,0.200000,250.334686,-4.700000,-6.700000,
212.305688,1,1.000000,0.000000,8.000000,-9.000000,1.000000,0.000000,1.000000,1.000000,0.200000,215.042999,0.000000,0.000000,0.200000,250.463638,-4.700000,-6.700000,
212.345524,1,1.000000,0.000000,8.000000,-9.000000,1.000000,0.000000,1.000000,1.000000,0.200000,215.082993,0.000000,0.000000,0.200000,250.580002,-4.700000,-6.700000,
212.385654,1,1.000000,0.000000,8.000000,-9.000000,1.000000,0.000000,1.000000,1.000000,0.200000,215.123993,0.000000,0.000000,0.200000,250.682098,-4.700000,-6.700000,
212.425430,1,1.000000,0.000000,8.000000,-9.000000,1.000000,0.000000,1.000000,1.000000,0.200000,215.162994,0.000000,0.000000,0.200000,250.799515,-4.700000,-6.700000,
212.465459,1,1.000000,0.000000,8.000000,-9.000000,1.000000,0.000000,1.000000,1.000000,0.200000,215.554993,0.000000,0.000000,0.200000,250.916214,-4.700000,-6.700000,
212.506371,1,1.000000,0.000000,8.000000,-9.000000,1.000000,0.000000,1.000000,1.000000,0.200000,215.964996,0.000000,0.000000,0.200000,251.033585,-4.700000,-6.700000,
212.545325,1,1.000000,0.000000,8.000000,-9.000000,1.000000,0.000000,1.000000,1.000000,0.200000,215.283005,0.000000,0.000000,0.200000,251.150513,-4.700000,-6.700000,
212.585851,1,1.000000,0.000000,8.000000,-9.000000,1.000000,0.000000,1.000000,1.000000,0.200000,215.324997,0.000000,0.000000,0.200000,251.265106,-4.700000,-6.700000,
212.625567,1,1.000000,0.000000,8.000000,-9.000000,1.000000,0.000000,1.000000,1.000000,0.200000,215.363998,0.000000,0.000000,0.200000,251.378525,-4.700000,-6.700000,
212.665412,1,1.000000,0.000000,8.000000,-9.000000,1.000000,0.000000,1.000000,1.000000,0.200000,215.403000,0.000000,0.000000,0.200000,251.484467,-4.700000,-6.700000,
212.705560,1,1.000000,0.000000,8.000000,-9.000000,1.000000,0.000000,1.000000,1.000000,0.200000,215.442993,0.000000,0.000000,0.200000,251.600769,-4.700000,-6.700000,
212.745714,1,1.000000,0.000000,8.000000,-9.000000,1.000000,0.000000,1.000000,1.000000,0.200000,215.483002,0.000000,0.000000,0.200000,251.721588,-4.700000,-6.700000,
212.786333,1,1.000000,0.000000,8.000000,-9.000000,1.000000,0.000000,1.000000,1.000000,0.200000,215.524002,0.000000,0.000000,0.200000,251.836380,-4.700000,-6.700000,
212.825697,1,1.000000,0.000000,8.000000,-9.000000,1.000000,0.000000,1.000000,1.000000,0.200000,215.563004,0.000000,0.000000,0.200000,251.948105,-4.700000,-6.700000,
212.865489,1,1.000000,0.000000,8.000000,-9.000000,1.000000,0.000000,1.000000,1.000000,0.200000,215.604004,0.000000,0.000000,0.200000,252.047653,-4.700000,-6.700000,
212.905443,1,1.000000,0.000000,8.000000,-9.000000,1.000000,0.000000,1.000000,1.000000,0.200000,215.643005,0.000000,0.000000,0.200000,252.171722,-4.700000,-6.700000,
212.945539,1,1.000000,0.000000,8.000000,-9.000000,1.000000,0.000000,1.000000,1.000000,0.200000,215.682999,0.000000,0.000000,0.200000,252.282410,-4.700000,-6.700000,
212.986184,1,1.000000,0.000000,8.000000,-9.000000,1.000000,0.000000,1.000000,1.000000,0.200000,215.723999,0.000000,0.000000,0.200000,252.383713,-4.700000,-6.700000,
213.025466,1,1.000000,0.000000,8.000000,-9.000000,1.000000,0.000000,1.000000,1.000000,0.200000,215.763000,0.000000,0.000000,0.200000,252.496292,-4.700000,-6.700000,
213.065324,1,1.000000,0.000000,8.000000,-9.000000,1.000000,0.000000,1.000000,1.000000,0.200000,215.802994,0.000000,0.000000,0.200000,252.608719,-4.700000,-6.700000,
213.105704,1,1.000000,0.000000,8.000000,-9.000000,1.000000,0.000000,1.000000,1.000000,0.200000,215.843002,0.000000,0.000000,0.200000,252.719971,-4.700000,-6.700000,
213.145716,1,1.000000,0.000000,8.000000,-9.000000,1.000000,0.000000,1.000000,1.000000,0.200000,215.882996,0.000000,0.000000,0.200000,252.843109,-4.700000,-6.700000,
213.186322,1,1.000000,0.000000,8.000000,-9.000000,1.000000,0.000000,1.000000,1.000000,0.200000,215.923996,0.000000,0.000000,0.200000,252.939529,-4.600000,-6.700000,
213.225730,1,1.000000,0.000000,8.000000,-9.000000,1.000000,0.000000,1.000000,1.000000,0.200000,215.962006,0.000000,0.000000,0.200000,253.054749,-4.600000,-6.700000,
213.265475,1,1.000000,0.000000,8.000000,-9.000000,1.000000,0.000000,1.000000,1.000000,0.200000,216.003006,0.000000,0.000000,0.200000,253.167770,-4.600000,-6.700000,
213.305692,1,1.000000,0.000000,8.000000,-9.000000,1.000000,0.000000,1.000000,1.000000,0.200000,216.042999,0.000000,0.000000,0.200000,253.281433,-4.600000,-6.700000,
213.345577,1,1.000000,0.000000,8.000000,-9.000000,1.000000,0.000000,1.000000,1.000000,0.200000,216.084000,0.000000,0.000000,0.200000,253.382339,-4.600000,-6.700000,
213.386319,1,1.000000,0.000000,8.000000,-9.000000,1.000000,0.000000,1.000000,1.000000,0.200000,216.123993,0.000000,0.000000,0.200000,253.505295,-4.600000,-6.700000,
213.425715,1,1.000000,0.000000,8.000000,-9.000000,1.000000,0.000000,1.000000,1.000000,0.200000,216.162994,0.000000,0.000000,0.200000,253.617432,-4.600000,-6.700000,
213.465624,1,1.000000,0.000000,8.000000,-9.000000,1.000000,0.000000,1.000000,1.000000,0.200000,216.544998,0.000000,0.000000,0.200000,253.730164,-4.600000,-6.600000,
213.505493,1,1.000000,0.000000,8.000000,-9.000000,1.000000,0.000000,1.000000,1.000000,0.200000,216.955002,0.000000,0.000000,0.200000,253.829575,-4.600000,-6.600000,
213.545446,1,1.000000,0.000000,8.000000,-9.000000,1.000000,0.000000,1.000000,1.000000,0.200000,216.283997,0.000000,0.000000,0.200000,253.940536,-4.600000,-6.600000,
213.586476,1,1.000000,0.000000,8.000000,-9.000000,1.000000,0.000000,1.000000,1.000000,0.200000,216.324005,0.000000,0.000000,0.200000,254.056427,-4.600000,-6.600000,
213.625700,1,1.000000,0.000000,8.000000,-9.000000,1.000000,0.000000,1.000000,1.000000,0.200000,216.363007,0.000000,0.000000,0.200000,254.163040,-4.600000,-6.600000,
213.665390,1,1.000000,0.000000,8.000000,-9.000000,1.000000,0.000000,1.000000,1.000000,0.200000,216.403000,0.000000,0.000000,0.200000,254.272919,-4.600000,-6.600000,
