791.912543,1,1.500000,0.000000,0.000000,0.000000,1.000000,0.000000,0.000000,0.000000,0.200000,910.935974,0.000000,0.000000,0.200000,106.542946,1.400000,-1.000000,0.000000,-10000.000000,-10000.000000,-10000.000000
791.954206,1,1.500000,0.000000,0.000000,0.000000,1.000000,0.000000,0.000000,0.000000,0.200000,911.000000,0.000000,0.000000,0.200000,106.542946,1.400000,-1.000000,0.000000,-10000.000000,-10000.000000,-10000.000000
791.987252,1,1.500000,0.000000,0.000000,0.000000,1.000000,0.000000,0.000000,0.000000,0.200000,911.031006,0.000000,0.000000,0.200000,106.542946,1.400000,-1.000000,0.000000,-10000.000000,-10000.000000,-10000.000000
792.018445,1,1.500000,0.000000,0.000000,0.000000,1.000000,0.000000,0.000000,0.000000,0.200000,911.070007,0.000000,0.000000,0.200000,106.542946,1.400000,-1.000000,0.000000,-10000.000000,-10000.000000,-10000.000000
792.058515,1,1.500000,0.000000,0.000000,0.000000,1.000000,0.000000,0.000000,0.000000,0.200000,911.109009,0.000000,0.000000,0.200000,106.498016,1.400000,-1.000000,0.000000,-10000.000000,-10000.000000,-10000.000000
792.099262,1,1.500000,0.000000,0.000000,0.000000,1.000000,0.000000,0.000000,0.000000,0.200000,911.151001,0.000000,0.000000,0.200000,106.452835,1.400000,-1.000000,0.000000,-10000.000000,-10000.000000,-10000.000000
792.138293,1,1.500000,0.000000,0.000000,0.000000,1.000000,0.000000,0.000000,0.000000,0.200000,911.190002,0.000000,0.000000,0.200000,106.451996,1.400000,-1.000000,0.000000,-10000.000000,-10000.000000,-10000.000000
792.181445,1,1.500000,0.000000,0.000000,0.000000,1.000000,0.000000,0.000000,0.000000,0.200000,911.231018,0.000000,0.000000,0.200000,106.427895,1.400000,-1.000000,0.000000,-10000.000000,-10000.000000,-10000.000000
792.219071,1,1.500000,0.000000,0.000000,0.000000,1.000000,0.000000,0.000000,0.000000,0.200000,911.270996,0.000000,0.000000,0.200000,106.406845,1.300000,-1.000000,0.000000,-10000.000000,-10000.000000,-10000.000000
792.259835,1,1.500000,0.000000,0.000000,0.000000,1.000000,0.000000,0.000000,0.000000,0.200000,911.315002,0.000000,0.000000,0.200000,106.352005,1.400000,-1.000000,0.000000,-10000.000000,-10000.000000,-10000.000000
792.298571,1,1.500000,0.000000,0.000000,0.000000,1.000000,0.000000,0.000000,0.000000,0.200000,911.453979,0.000000,0.000000,0.200000,106.212708,1.400000,-1.000000,0.000000,-10000.000000,-10000.000000,-10000.000000
792.338055,1,1.500000,0.000000,0.000000,0.000000,1.000000,0.000000,0.000000,0.000000,0.200000,911.854004,0.000000,0.000000,0.200000,106.122284,1.400000,-0.900000,0.000000,-10000.000000,-10000.000000,-10000.000000
792.381932,1,1.500000,0.000000,0.000000,0.000000,1.000000,0.000000,0.000000,0.000000,0.200000,912.244019,0.000000,0.000000,0.200000,106.054085,1.400000,-0.500000,0.000000,-10000.000000,-10000.000000,-10000.000000
792.417577,1,1.500000,0.000000,0.000000,0.000000,1.000000,0.000000,0.000000,0.000000,0.200000,911.473999,0.000000,0.000000,0.200000,106.054085,1.400000,-0.500000,0.000000,-10000.000000,-10000.000000,-10000.000000
792.458497,1,1.500000,0.000000,0.000000,0.000000,1.000000,0.000000,0.000000,0.000000,0.200000,911.513977,0.000000,0.000000,0.200000,106.054085,1.400000,-0.500000,0.000000,-10000.000000,-10000.000000,-10000.000000
792.498729,1,1.500000,0.000000,0.000000,0.000000,1.000000,0.000000,0.000000,0.000000,0.200000,911.554016,0.000000,0.000000,0.200000,106.054085,1.400000,-0.500000,0.000000,-10000.000000,-10000.000000,-10000.000000
792.538836,1,1.500000,0.000000,0.000000,0.000000,1.000000,0.000000,0.000000,0.000000,0.200000,911.593994,0.000000,0.000000,0.200000,106.054085,1.400000,-0.500000,0.000000,-10000.000000,-10000.000000,-10000.000000
792.580614,1,1.500000,0.000000,0.000000,0.000000,1.000000,0.000000,0.000000,0.000000,0.200000,911.633972,0.000000,0.000000,0.200000,106.054085,1.400000,-0.500000,0.000000,-10000.000000,-10000.000000,-10000.000000
792.619107,1,1.500000,0.000000,0.000000,0.000000,1.000000,0.000000,0.000000,0.000000,0.200000,911.674011,0.000000,0.000000,0.200000,106.054085,1.400000,-0.500000,0.000000,-10000.000000,-10000.000000,-10000.000000
792.657586,1,1.500000,0.000000,0.000000,0.000000,1.000000,0.000000,0.000000,0.000000,0.220000,911.715027,0.000000,0.000000,0.220000,106.054085,1.400000,-0.500000,0.000000,-10000.000000,-10000.000000,-10000.000000
792.698219,1,1.500000,0.000000,0.000000,0.000000,1.000000,0.000000,0.000000,0.000000,0.220000,911.755005,0.000000,0.000000,0.220000,106.054085,1.400000,-0.500000,0.000000,-10000.000000,-10000.000000,-10000.000000
792.743133,1,1.500000,0.000000,0.000000,0.000000,1.000000,0.000000,0.000000,0.000000,0.230000,911.794006,0.000000,0.000000,0.230000,106.054085,1.400000,-0.500000,0.000000,-10000.000000,-10000.000000,-10000.000000
792.779596,1,1.500000,0.000000,0.000000,0.000000,1.000000,0.000000,0.000000,0.000000,0.230000,911.835022,0.000000,0.000000,0.230000,106.054085,1.400000,-0.500000,0.000000,-10000.000000,-10000.000000,-10000.000000
792.817315,1,1.500000,0.000000,0.000000,0.000000,1.000000,0.000000,0.000000,0.000000,0.230000,911.874023,0.000000,0.000000,0.230000,106.054085,1.400000,-0.500000,0.000000,-10000.000000,-10000.000000,-10000.000000
792.859744,1,1.500000,0.000000,0.000000,0.000000,1.000000,0.000000,0.000000,0.000000,0.270000,911.914978,0.000000,0.000000,0.270000,106.054085,1.400000,-0.500000,0.000000,-10000.000000,-10000.000000,-10000.000000
792.898298,1,1.500000,0.000000,0.000000,0.000000,1.000000,0.000000,0.000000,0.000000,0.270000,911.956970,0.000000,0.000000,0.270000,106.054085,1.400000,-0.500000,0.000000,-10000.000000,-10000.000000,-10000.000000
792.939380,1,1.500000,0.000000,0.000000,0.000000,1.000000,0.000000,0.000000,0.000000,0.290000,911.994019,0.000000,0.000000,0.290000,106.054085,1.400000,-0.500000,0.000000,-10000.000000,-10000.000000,-10000.000000
792.979215,1,1.500000,0.000000,0.000000,0.000000,1.000000,0.000000,0.000000,0.000000,0.290000,912.034973,0.000000,0.000000,0.290000,106.054085,1.400000,-0.500000,0.000000,-10000.000000,-10000.000000,-10000.000000
793.017248,1,1.500000,0.000000,0.000000,0.000000,1.000000,0.000000,0.000000,0.000000,0.290000,912.073975,0.000000,0.000000,0.290000,106.054085,1.400000,-0.500000,0.000000,-10000.000000,-10000.000000,-10000.000000
793.057321,1,1.500000,0.000000,0.000000,0.000000,1.000000,0.000000,0.000000,0.000000,0.320000,912.114990,0.000000,0.000000,0.320000,106.054085,1.400000,-0.500000,0.000000,-10000.000000,-10000.000000,-10000.000000
793.101452,1,1.500000,0.000000,0.000000,0.000000,1.000000,0.000000,0.000000,0.000000,0.320000,912.155029,0.000000,0.000000,0.320000,106.054085,1.400000,-0.500000,0.000000,-10000.000000,-10000.000000,-10000.000000
793.138522,1,1.500000,0.000000,0.000000,0.000000,1.000000,0.000000,0.000000,0.000000,0.400000,912.193970,0.000000,0.000000,0.400000,106.054085,1.400000,-0.500000,0.000000,-10000.000000,-10000.000000,-10000.000000
793.179404,1,1.500000,0.000000,0.000000,0.000000,1.000000,0.000000,0.000000,0.000000,0.400000,912.234009,0.000000,0.000000,0.400000,106.054085,1.400000,-0.500000,0.000000,-10000.000000,-10000.000000,-10000.000000
793.217193,1,1.500000,0.000000,0.000000,0.000000,1.000000,0.000000,0.000000,0.000000,0.400000,912.273987,0.000000,0.000000,0.400000,106.054085,1.400000,-0.500000,0.000000,-34.000000,-10000.000000,-10000.000000
793.258590,1,1.500000,0.000000,0.000000,0.000000,1.000000,0.000000,0.000000,0.000000,0.400000,912.317017,0.000000,0.000000,0.400000,106.054085,1.400000,-0.500000,0.000000,-10000.000000,-10000.000000,-10000.000000
793.299667,1,1.500000,0.000000,0.000000,0.000000,1.000000,0.000000,0.000000,0.000000,0.400000,912.453979,0.000000,0.000000,0.400000,106.054085,1.400000,-0.500000,0.000000,-10000.000000,-10000.000000,-10000.000000
793.338427,1,1.500000,0.000000,0.000000,0.000000,1.000000,0.000000,0.000000,0.000000,0.400000,912.854004,0.000000,0.000000,0.400000,106.054085,1.400000,-0.500000,0.000000,-10000.000000,-10000.000000,-10000.000000
793.379546,1,1.500000,0.000000,0.000000,0.000000,1.000000,0.000000,0.000000,0.000000,0.400000,913.254028,0.000000,0.000000,0.400000,106.054085,1.400000,-0.500000,0.000000,-10000.000000,-10000.000000,-10000.000000
793.418262,1,1.500000,0.000000,0.000000,0.000000,1.000000,0.000000,0.000000,0.000000,0.400000,912.474976,0.000000,0.000000,0.400000,106.054085,1.400000,-0.500000,0.000000,-10000.000000,-10000.000000,-10000.000000
793.458060,1,1.500000,0.000000,0.000000,0.000000,1.000000,0.000000,0.000000,0.000000,0.360000,912.515991,0.000000,0.000000,0.360000,106.054085,1.400000,-0.500000,0.000000,-10000.000000,-10000.000000,-10000.000000
793.498060,1,1.500000,0.000000,0.000000,0.000000,1.000000,0.000000,0.000000,0.000000,0.360000,912.554993,0.000000,0.000000,0.360000,106.054085,1.400000,-0.500000,0.000000,-10000.000000,-10000.000000,-10000.000000
793.538002,1,1.500000,0.000000,0.000000,0.000000,1.000000,0.000000,0.000000,0.000000,0.460000,912.594971,0.000000,0.000000,0.460000,106.054085,1.400000,-0.500000,0.000000,-10000.000000,-10000.000000,-10000.000000
793.578730,1,1.500000,0.000000,0.000000,0.000000,1.000000,0.000000,0.000000,0.000000,0.460000,912.635986,0.000000,0.000000,0.460000,106.054085,1.400000,-0.500000,0.000000,-10000.000000,-10000.000000,-10000.000000
793.618732,1,1.500000,0.000000,0.000000,0.000000,1.000000,0.000000,0.000000,0.000000,0.460000,912.674988,0.000000,0.000000,0.460000,106.054085,1.400000,-0.500000,0.000000,-10000.000000,-10000.000000,-10000.000000
793.657701,1,1.500000,0.000000,0.000000,0.000000,1.000000,0.000000,0.000000,0.000000,0.480000,912.718018,0.000000,0.000000,0.480000,106.054085,1.400000,-0.500000,0.000000,-10000.000000,-10000.000000,-10000.000000
793.697995,1,1.500000,0.000000,0.000000,0.000000,1.000000,0.000000,0.000000,0.000000,0.480000,912.755005,0.000000,0.000000,0.480000,106.054085,1.400000,-0.500000,0.000000,-10000.000000,-10000.000000,-10000.000000
793.737983,1,1.500000,0.000000,0.000000,0.000000,1.000000,0.000000,0.000000,0.000000,0.520000,912.797974,0.000000,0.000000,0.520000,106.054085,1.400000,-0.500000,0.000000,-10000.000000,-10000.000000,-10000.000000
793.779693,1,1.500000,0.000000,0.000000,0.000000,1.000000,0.000000,0.000000,0.000000,0.520000,912.835999,0.000000,0.000000,0.520000,106.054085,1.400000,-0.500000,0.000000,-10000.000000,-10000.000000,-10000.000000
793.817846,1,1.500000,0.000000,0.000000,0.000000,1.000000,0.000000,0.000000,0.000000,0.520000,912.875000,0.000000,0.000000,0.520000,106.054085,1.400000,-0.500000,0.000000,-10000.000000,-10000.000000,-10000.000000
793.857821,1,1.500000,0.000000,0.000000,0.000000,1.000000,0.000000,0.000000,0.000000,0.550000,912.919006,0.000000,0.000000,0.550000,106.054085,1.400000,-0.500000,0.000000,-10000.000000,-10000.000000,-10000.000000
793.898444,1,1.500000,0.000000,0.000000,0.000000,1.000000,0.000000,0.000000,0.000000,0.550000,912.955994,0.000000,0.000000,0.550000,106.054085,1.400000,-0.500000,0.000000,-10000.000000,-10000.000000,-10000.000000
793.938071,1,1.500000,0.000000,0.000000,0.000000,1.000000,0.000000,0.000000,0.000000,0.560000,912.997986,0.000000,0.000000,0.560000,106.054085,1.400000,-0.500000,0.000000,-10000.000000,-10000.000000,-10000.000000
793.979123,1,1.500000,0.000000,0.000000,0.000000,1.000000,0.000000,0.000000,0.000000,0.560000,913.036987,0.000000,0.000000,0.560000,106.054085,1.400000,-0.500000,0.000000,-10000.000000,-10000.000000,-10000.000000
794.019163,1,1.500000,0.000000,0.000000,0.000000,1.000000,0.000000,0.000000,0.000000,0.560000,913.077026,0.000000,0.000000,0.560000,108.587868,1.500000,-0.600000,0.000000,-10000.000000,-10000.000000,-10000.000000
794.059886,1,1.500000,0.000000,0.000000,0.000000,1.000000,0.000000,0.000000,0.000000,0.590000,913.117981,0.000000,0.000000,0.590000,108.634827,1.600000,-0.600000,0.000000,-10000.000000,-10000.000000,-10000.000000
794.098526,1,1.500000,0.000000,0.000000,0.000000,1.000000,0.000000,0.000000,0.000000,0.590000,913.153992,0.000000,0.000000,0.590000,108.663551,1.500000,-0.600000,0.000000,-10000.000000,-10000.000000,-10000.000000
794.139011,1,1.500000,0.000000,0.000000,0.000000,1.000000,0.000000,0.000000,0.000000,0.610000,913.190002,0.000000,0.000000,0.610000,108.670204,1.400000,-0.500000,0.000000,-10000.000000,-10000.000000,-10000.000000
794.180577,1,1.500000,0.000000,0.000000,0.000000,1.000000,0.000000,0.000000,0.000000,0.610000,913.231018,0.000000,0.000000,0.610000,108.724579,1.300000,-0.600000,0.000000,-10000.000000,-10000.000000,-10000.000000
794.217511,1,1.500000,0.000000,0.000000,0.000000,1.000000,0.000000,0.000000,0.000000,0.610000,913.270996,0.000000,0.000000,0.610000,108.769058,1.400000,-0.600000,0.000000,-10000.000000,-10000.000000,-10000.000000
794.259613,1,1.500000,0.000000,0.000000,0.000000,1.000000,0.000000,0.000000,0.000000,0.650000,913.310974,0.000000,0.000000,0.650000,108.793961,1.400000,-0.600000,0.000000,-10000.000000,-10000.000000,-10000.000000
794.299739,1,1.500000,0.000000,0.000000,0.000000,1.000000,0.000000,0.000000,0.000000,0.650000,914.244019,0.000000,0.000000,0.650000,108.801247,1.500000,-0.600000,0.000000,-10000.000000,-10000.000000,-10000.000000
794.339384,1,1.500000,0.000000,0.000000,0.000000,1.000000,0.000000,0.000000,0.000000,0.680000,913.823975,0.000000,0.000000,0.680000,108.848663,1.600000,-0.700000,0.000000,-10000.000000,-10000.000000,-10000.000000
794.380847,1,1.500000,0.000000,0.000000,0.000000,1.000000,0.000000,0.000000,0.000000,0.680000,914.234009,0.000000,0.000000,0.680000,108.880280,1.700000,-0.700000,0.000000,-10000.000000,-10000.000000,-10000.000000
794.417691,1,1.500000,0.000000,0.000000,0.000000,1.000000,0.000000,0.000000,0.000000,0.680000,913.473022,0.000000,0.000000,0.680000,108.927917,1.600000,-0.700000,0.000000,-10000.000000,-10000.000000,-10000.000000
794.457782,1,1.500000,0.000000,0.000000,0.000000,1.000000,0.000000,0.000000,0.000000,0.730000,913.512024,0.000000,0.000000,0.730000,108.965393,1.400000,-0.600000,0.000000,-10000.000000,-10000.000000,-10000.000000
794.500462,1,1.500000,0.000000,0.000000,0.000000,1.000000,0.000000,0.000000,0.000000,0.730000,913.552002,0.000000,0.000000,0.730000,108.982697,1.400000,-0.600000,0.000000,-10000.000000,-10000.000000,-10000.000000
794.538108,1,1.500000,0.000000,0.000000,0.000000,1.000000,0.000000,0.000000,0.000000,0.740000,913.593994,0.000000,0.000000,0.740000,108.982697,1.400000,-0.600000,0.000000,-10000.000000,-10000.000000,-10000.000000
794.578269,1,1.500000,0.000000,0.000000,0.000000,1.000000,0.000000,0.000000,0.000000,0.800000,913.635010,0.000000,0.000000,0.800000,109.144890,1.100000,-0.600000,0.000000,-10000.000000,-10000.000000,-10000.000000
794.617199,1,1.500000,0.000000,0.000000,0.000000,1.000000,0.000000,0.000000,0.000000,0.800000,913.674011,0.000000,0.000000,0.800000,109.200882,1.100000,-0.600000,0.000000,-10000.000000,-10000.000000,-10000.000000
794.657657,1,1.500000,0.000000,0.000000,0.000000,1.000000,0.000000,0.000000,0.000000,0.840000,913.716003,0.000000,0.000000,0.840000,109.200882,1.100000,-0.600000,0.000000,-10000.000000,-10000.000000,-10000.000000
794.699253,1,1.500000,0.000000,0.000000,0.000000,1.000000,0.000000,0.000000,0.000000,0.840000,913.752991,0.000000,0.000000,0.840000,109.200882,1.100000,-0.600000,0.000000,-10000.000000,-10000.000000,-10000.000000
794.738879,1,1.500000,0.000000,0.000000,0.000000,1.000000,0.000000,0.000000,0.000000,0.880000,913.794006,0.000000,0.000000,0.880000,109.200882,1.100000,-0.600000,0.000000,-10000.000000,-10000.000000,-10000.000000
794.780073,1,1.500000,0.000000,0.000000,0.000000,1.000000,0.000000,0.000000,0.000000,0.880000,913.833984,0.000000,0.000000,0.880000,109.200882,1.100000,-0.600000,0.000000,-10000.000000,-10000.000000,-10000.000000
794.817105,1,1.500000,0.000000,0.000000,0.000000,1.000000,0.000000,0.000000,0.000000,0.880000,913.874023,0.000000,0.000000,0.880000,109.200882,1.100000,-0.600000,0.000000,-10000.000000,-10000.000000,-10000.000000
794.857687,1,1.500000,0.000000,0.000000,0.000000,1.000000,0.000000,0.000000,0.000000,0.930000,913.914978,0.000000,0.000000,0.930000,109.200882,1.100000,-0.600000,0.000000,-10000.000000,-10000.000000,-10000.000000
794.898370,1,1.500000,0.000000,0.000000,0.000000,1.000000,0.000000,0.000000,0.000000,0.930000,913.953979,0.000000,0.000000,0.930000,109.461258,1.500000,-0.900000,0.000000,-10000.000000,-10000.000000,-10000.000000
794.937413,1,1.500000,0.000000,0.000000,0.000000,1.000000,0.000000,0.000000,0.000000,0.930000,913.994019,0.000000,0.000000,0.930000,109.497910,1.700000,-1.000000,0.000000,-10000.000000,-10000.000000,-10000.000000
794.980593,1,1.500000,0.000000,0.000000,0.000000,1.000000,0.000000,0.000000,0.000000,0.930000,914.033997,0.000000,0.000000,0.930000,109.555885,1.800000,-1.000000,0.000000,-10000.000000,-10000.000000,-10000.000000
795.017868,1,1.500000,0.000000,0.000000,0.000000,1.000000,0.000000,0.000000,0.000000,0.930000,914.075012,0.000000,0.000000,0.930000,109.582214,1.800000,-1.100000,0.000000,-10000.000000,-10000.000000,-10000.000000
795.061018,1,1.500000,0.000000,0.000000,0.000000,1.000000,0.000000,0.000000,0.000000,0.930000,914.114014,0.000000,0.000000,0.930000,109.571541,1.800000,-1.100000,0.000000,-10000.000000,-10000.000000,-10000.000000
795.101271,1,1.500000,0.000000,0.000000,0.000000,1.000000,0.000000,0.000000,0.000000,0.930000,914.155029,0.000000,0.000000,0.930000,109.593170,1.700000,-1.100000,0.000000,-10000.000000,-10000.000000,-10000.000000
795.139398,1,1.500000,0.000000,0.000000,0.000000,1.000000,0.000000,0.000000,0.000000,0.940000,914.197021,0.000000,0.000000,0.940000,109.593170,1.700000,-1.100000,0.000000,-10000.000000,-10000.000000,-10000.000000
795.179420,1,1.500000,0.000000,0.000000,0.000000,1.000000,0.000000,0.000000,0.000000,1.060000,914.236023,0.000000,0.000000,1.060000,109.651604,1.500000,-1.100000,0.000000,-10000.000000,-10000.000000,-10000.000000
795.217551,1,1.500000,0.000000,0.000000,0.000000,1.000000,0.000000,0.000000,0.000000,1.060000,914.276001,0.000000,0.000000,1.060000,109.651604,1.500000,-1.100000,0.000000,-10000.000000,-10000.000000,-10000.000000
795.258155,1,1.500000,0.000000,0.000000,0.000000,1.000000,0.000000,0.000000,0.000000,1.120000,914.317993,0.000000,0.000000,1.120000,109.745033,1.700000,-1.100000,0.000000,-10000.000000,-10000.000000,-10000.000000
795.303526,1,1.500000,0.000000,0.000000,0.000000,1.000000,0.000000,0.000000,0.000000,1.120000,914.494019,0.000000,0.000000,1.120000,109.780273,1.800000,-1.100000,1.000000,-175.000000,148.000000,99.150253
795.340730,1,1.500000,0.000000,0.000000,0.000000,1.000000,0.000000,0.000000,0.000000,1.150000,914.874023,0.000000,0.000000,1.150000,109.812141,1.900000,-1.100000,1.000000,-174.000000,149.000000,99.019325
795.383068,1,1.500000,0.000000,0.000000,0.000000,1.000000,0.000000,0.000000,0.000000,1.150000,915.273987,0.000000,0.000000,1.150000,109.812141,1.900000,-1.100000,1.000000,-174.000000,149.000000,99.019325
795.417260,1,1.500000,0.000000,0.000000,0.000000,1.000000,0.000000,0.000000,0.000000,1.150000,914.476013,0.000000,0.000000,1.150000,109.812141,1.900000,-1.100000,1.000000,-174.000000,149.000000,99.019325
795.458801,1,1.500000,0.000000,0.000000,0.000000,1.000000,0.000000,0.000000,0.000000,1.150000,914.518982,0.000000,0.000000,1.150000,109.812141,1.900000,-1.100000,1.000000,-173.000000,149.000000,99.727577
795.500684,1,1.500000,0.000000,0.000000,0.000000,1.000000,0.000000,0.000000,0.000000,1.150000,914.551025,0.000000,0.000000,1.150000,109.812141,1.900000,-1.100000,1.000000,-173.000000,149.000000,99.727577
795.538580,1,1.500000,0.000000,0.000000,0.000000,1.000000,0.000000,0.000000,0.000000,1.150000,914.588989,0.000000,0.000000,1.150000,109.812141,1.900000,-1.100000,1.000000,-173.000000,149.000000,99.727577
795.579449,1,1.500000,0.000000,0.000000,0.000000,1.000000,0.000000,0.000000,0.000000,1.150000,914.630981,0.000000,0.000000,1.150000,109.812141,1.900000,-1.100000,1.000000,-173.000000,149.000000,99.727577
795.618230,1,1.500000,0.000000,0.000000,0.000000,1.000000,0.000000,0.000000,0.000000,1.150000,914.671997,0.000000,0.000000,1.150000,109.812141,1.900000,-1.100000,1.000000,-173.000000,149.000000,99.727577
795.659473,1,1.500000,0.000000,0.000000,0.000000,1.000000,0.000000,0.000000,0.000000,1.150000,914.710022,0.000000,0.000000,1.150000,109.812141,1.900000,-1.100000,1.000000,-173.000000,149.000000,99.727577
795.700441,1,1.500000,0.000000,0.000000,0.000000,1.000000,0.000000,0.000000,0.000000,1.150000,914.752014,0.000000,0.000000,1.150000,109.812141,1.900000,-1.100000,1.000000,-173.000000,149.000000,99.727577
795.739604,1,1.500000,0.000000,0.000000,0.000000,1.000000,0.000000,0.000000,0.000000,1.150000,914.791016,0.000000,0.000000,1.150000,109.812141,1.900000,-1.100000,1.000000,-173.000000,149.000000,99.727577
795.779288,1,1.500000,0.000000,0.000000,0.000000,1.000000,0.000000,0.000000,0.000000,1.160000,914.833008,0.000000,0.000000,1.160000,109.841553,1.900000,-1.100000,1.000000,-173.000000,149.000000,99.727577
795.817810,1,1.500000,0.000000,0.000000,0.000000,1.000000,0.000000,0.000000,0.000000,1.340000,914.872009,0.000000,0.000000,1.340000,110.111755,1.600000,-0.700000,1.000000,-173.000000,149.000000,99.727577
795.859090,1,1.500000,0.000000,0.000000,0.000000,1.000000,0.000000,0.000000,0.000000,1.390000,914.911987,0.000000,0.000000,1.390000,110.126015,1.400000,-0.700000,1.000000,-173.000000,149.000000,99.727577
795.900350,1,1.500000,0.000000,0.000000,0.000000,1.000000,0.000000,0.000000,0.000000,1.390000,914.953003,0.000000,0.000000,1.390000,110.132729,1.400000,-0.700000,1.000000,-173.000000,149.000000,99.727577
795.939767,1,1.500000,0.000000,0.000000,0.000000,1.000000,0.000000,0.000000,0.000000,1.450000,914.992004,0.000000,0.000000,1.450000,110.134735,1.400000,-0.700000,1.000000,-173.000000,149.000000,99.727577
795.979927,2,2.000000,95.000000,0.000000,0.000000,1.000000,1.000000,1.000000,1.000000,1.450000,915.033997,0.000000,0.000000,1.450000,110.158775,1.500000,-0.900000,1.000000,-173.000000,149.000000,99.727577
796.030206,2,2.000000,93.614891,-0.014618,0.016984,1.000000,1.000000,1.000000,1.000000,1.450000,915.075012,0.000000,0.000000,1.450000,110.173065,1.500000,-0.900000,1.000000,-173.000000,149.000000,99.727577
796.065130,2,2.000000,93.877594,-0.026036,0.030275,1.000000,1.000000,1.000000,1.000000,1.510000,915.117981,0.000000,0.000000,1.510000,110.172783,1.400000,-0.900000,1.000000,-173.000000,149.000000,99.727577
796.100601,2,2.000000,94.153381,-0.034914,0.040624,1.000000,1.000000,1.000000,1.000000,1.510000,915.151001,0.000000,0.000000,1.510000,110.185265,1.300000,-0.900000,1.000000,-173.000000,149.000000,99.137154
796.139677,2,2.000000,94.425476,-0.041870,0.048532,1.000000,1.000000,1.000000,1.000000,1.540000,915.189026,0.000000,0.000000,1.540000,110.200569,1.200000,-0.900000,1.000000,-172.000000,150.000000,98.972626
796.181818,2,2.000000,94.666977,-0.046904,0.054303,1.000000,1.000000,1.000000,1.000000,1.540000,915.231995,0.000000,0.000000,1.540000,110.253700,1.200000,-0.900000,1.000000,-169.000000,147.000000,99.549133
796.221148,2,2.000000,94.899193,-0.050708,0.058675,1.000000,1.000000,1.000000,1.000000,1.540000,915.271973,0.000000,0.000000,1.540000,110.253700,1.200000,-0.900000,1.000000,-169.000000,147.000000,99.549133
796.260161,2,2.000000,95.112846,-0.053145,0.061939,1.000000,1.000000,1.000000,1.000000,1.600000,915.310974,0.000000,0.000000,1.600000,110.003448,1.000000,-0.600000,1.000000,-169.000000,143.000000,99.549133
796.300218,2,2.000000,95.317970,-0.054898,0.063439,1.000000,1.000000,1.000000,1.000000,1.600000,916.244019,0.000000,0.000000,1.600000,109.231461,0.900000,-0.400000,1.000000,-160.000000,143.000000,98.785301
796.340884,2,2.000000,95.486870,-0.056015,0.064436,1.000000,1.000000,1.000000,1.000000,1.660000,915.823975,0.000000,0.000000,1.660000,108.573929,1.100000,-0.600000,1.000000,-160.000000,142.000000,98.864624
796.381713,2,2.000000,95.649277,-0.056728,0.065041,1.000000,1.000000,1.000000,1.000000,1.660000,916.223999,0.000000,0.000000,1.660000,108.573929,1.100000,-0.600000,1.000000,-160.000000,142.000000,98.864624
796.420026,2,2.000000,95.792664,-0.057030,0.065141,1.000000,1.000000,1.000000,1.000000,1.660000,915.473999,0.000000,0.000000,1.660000,108.573929,1.100000,-0.600000,1.000000,-158.000000,141.000000,99.196655
796.462180,2,2.000000,95.947861,-0.056911,0.064948,1.000000,1.000000,1.000000,1.000000,1.720000,915.515015,0.000000,0.000000,1.720000,108.573929,1.100000,-0.600000,1.000000,-157.000000,139.000000,98.746162
796.500244,2,2.000000,96.097092,-0.056664,0.064627,1.000000,1.000000,1.000000,1.000000,1.720000,915.557007,0.000000,0.000000,1.720000,108.573929,1.100000,-0.600000,1.000000,-157.000000,139.000000,98.746162
796.540103,2,2.000000,96.240578,-0.056318,0.064210,1.000000,1.000000,1.000000,1.000000,1.800000,915.598022,0.000000,0.000000,1.800000,108.573929,1.100000,-0.600000,1.000000,-157.000000,139.000000,98.746162
796.583077,2,2.000000,96.493095,-0.055702,0.064413,1.000000,1.000000,1.000000,1.000000,1.800000,915.638977,0.000000,0.000000,1.800000,108.573929,1.100000,-0.600000,1.000000,-164.000000,137.000000,95.767891
796.620087,2,2.000000,96.496590,-0.054877,0.064714,1.000000,1.000000,1.000000,1.000000,1.800000,915.677002,0.000000,0.000000,1.800000,101.778366,2.500000,-2.100000,1.000000,-167.000000,135.000000,95.194427
796.660989,2,2.000000,96.499947,-0.054090,0.064800,1.000000,1.000000,1.000000,1.000000,1.800000,915.718018,0.000000,0.000000,1.800000,101.778366,2.500000,-2.100000,1.000000,-167.000000,135.000000,95.194427
796.701865,2,2.000000,96.496330,-0.053239,0.065212,1.000000,1.000000,1.000000,1.000000,1.800000,915.757019,0.000000,0.000000,1.800000,99.326820,3.000000,-2.400000,1.000000,-172.000000,134.000000,92.920723
796.740158,2,2.000000,96.477104,-0.052342,0.065983,1.000000,1.000000,1.000000,1.000000,1.800000,915.797974,0.000000,0.000000,1.800000,98.382431,2.900000,-2.400000,1.000000,-178.000000,133.000000,92.385941
796.782221,2,2.000000,96.444084,-0.051512,0.066447,1.000000,1.000000,1.000000,1.000000,1.800000,915.836975,0.000000,0.000000,1.800000,98.004517,2.900000,-2.400000,1.000000,-178.000000,133.000000,92.385941
796.821856,2,2.000000,96.412331,-0.050740,0.066672,1.000000,1.000000,1.000000,1.000000,1.800000,915.877014,0.000000,0.000000,1.800000,98.004517,2.900000,-2.400000,1.000000,-178.000000,133.000000,92.385941
796.861565,2,2.000000,96.339767,-0.049921,0.066908,1.000000,1.000000,1.000000,1.000000,2.140000,915.919983,0.000000,0.000000,2.140000,95.731834,3.000000,-2.500000,1.000000,-180.000000,132.000000,91.206047
796.901140,2,2.000000,96.257370,-0.049167,0.066959,1.000000,1.000000,1.000000,1.000000,2.140000,915.947998,0.000000,0.000000,2.140000,95.403465,2.900000,-2.600000,1.000000,-180.000000,132.000000,91.206047
796.941460,2,2.000000,96.206963,-0.048075,0.067459,1.000000,1.000000,1.000000,1.000000,2.210000,915.997986,0.000000,0.000000,2.210000,94.946861,2.900000,-2.700000,1.000000,-186.000000,128.000000,90.000000
796.982332,2,2.000000,96.158501,-0.046328,0.067726,1.000000,1.000000,1.000000,1.000000,2.210000,916.036011,0.000000,0.000000,2.210000,94.946861,2.900000,-2.700000,1.000000,-186.000000,120.000000,90.000000
797.019461,2,2.000000,96.249733,-0.044858,0.068206,1.000000,1.000000,1.000000,1.000000,2.220000,916.077026,0.000000,0.000000,2.220000,93.982452,3.000000,-2.800000,1.000000,-190.000000,120.000000,85.451958
797.060185,2,2.000000,96.332161,-0.043614,0.068461,1.000000,1.000000,1.000000,1.000000,2.280000,916.117981,0.000000,0.000000,2.280000,93.844872,3.000000,-2.800000,1.000000,-190.000000,120.000000,85.451958
797.101222,2,2.000000,96.429802,-0.042355,0.068641,1.000000,1.000000,1.000000,1.000000,2.280000,916.148987,0.000000,0.000000,2.280000,93.617043,2.900000,-2.700000,1.000000,-191.000000,118.000000,84.746201
797.140564,2,2.000000,96.580315,-0.040894,0.068765,1.000000,1.000000,1.000000,1.000000,2.290000,916.187988,0.000000,0.000000,2.290000,93.473167,2.600000,-2.500000,1.000000,-192.000000,114.000000,83.130005
797.181303,2,2.000000,96.772797,-0.039377,0.068749,1.000000,1.000000,1.000000,1.000000,2.360000,916.237000,0.000000,0.000000,2.360000,93.358269,2.300000,-2.000000,1.000000,-192.000000,111.000000,81.773277
797.219659,2,2.000000,96.952202,-0.038118,0.068626,1.000000,1.000000,1.000000,1.000000,2.360000,916.270996,0.000000,0.000000,2.360000,93.210632,1.800000,-1.500000,1.000000,-192.000000,111.000000,81.773277
797.260734,2,2.000000,97.070457,-0.036968,0.068422,1.000000,1.000000,1.000000,1.000000,2.380000,916.312012,0.000000,0.000000,2.380000,93.073883,1.500000,-1.300000,1.000000,-192.000000,110.000000,83.047043
797.300160,2,2.000000,97.219688,-0.035812,0.067961,1.000000,1.000000,1.000000,1.000000,2.380000,917.143982,0.000000,0.000000,2.380000,92.923248,1.500000,-1.300000,1.000000,-190.000000,108.000000,81.972763
797.340377,2,2.000000,97.359642,-0.034852,0.067499,1.000000,1.000000,1.000000,1.000000,2.380000,916.843994,0.000000,0.000000,2.380000,92.831207,1.600000,-1.500000,1.000000,-190.000000,108.000000,81.972763
797.382372,2,2.000000,97.494217,-0.034050,0.067038,1.000000,1.000000,1.000000,1.000000,2.390000,917.263977,0.000000,0.000000,2.390000,92.831207,1.600000,-1.500000,1.000000,-190.000000,108.000000,81.972763
797.419573,2,2.000000,97.574623,-0.032591,0.065895,1.000000,1.000000,1.000000,1.000000,2.390000,916.476013,0.000000,0.000000,2.390000,92.831207,1.600000,-1.500000,1.000000,-183.000000,100.000000,83.246429
797.459458,2,2.000000,97.737289,-0.031406,0.064910,1.000000,1.000000,1.000000,1.000000,2.330000,916.515991,0.000000,0.000000,2.330000,92.831207,1.600000,-1.500000,1.000000,-183.000000,100.000000,81.027374
797.502415,2,2.000000,97.893700,-0.030442,0.064054,1.000000,1.000000,1.000000,1.000000,2.330000,916.554993,0.000000,0.000000,2.330000,92.831207,1.600000,-1.500000,1.000000,-183.000000,100.000000,81.027374
797.538558,2,2.000000,98.044090,-0.029655,0.063303,1.000000,1.000000,1.000000,1.000000,2.330000,916.596985,0.000000,0.000000,2.330000,92.831207,1.600000,-1.500000,1.000000,-183.000000,100.000000,81.027374
797.581834,2,2.000000,98.188698,-0.029010,0.062639,1.000000,1.000000,1.000000,1.000000,2.330000,916.635986,0.000000,0.000000,2.330000,92.831207,1.600000,-1.500000,1.000000,-183.000000,100.000000,81.027374
797.620909,2,2.000000,98.327744,-0.028480,0.062047,1.000000,1.000000,1.000000,1.000000,2.330000,916.677979,0.000000,0.000000,2.330000,92.831207,1.600000,-1.500000,1.000000,-183.000000,100.000000,81.027374
797.662588,2,2.000000,98.522263,-0.028043,0.061515,1.000000,1.000000,1.000000,1.000000,2.260000,916.718994,0.000000,0.000000,2.260000,94.412735,2.100000,-2.400000,1.000000,-183.000000,100.000000,81.027374
797.701086,2,2.000000,98.717110,-0.027680,0.061033,1.000000,1.000000,1.000000,1.000000,2.260000,916.750000,0.000000,0.000000,2.260000,94.615494,2.100000,-2.300000,1.000000,-183.000000,100.000000,81.027374
797.739364,2,2.000000,98.921898,-0.027377,0.060593,1.000000,1.000000,1.000000,1.000000,2.260000,916.789001,0.000000,0.000000,2.260000,95.069023,2.100000,-2.300000,1.000000,-183.000000,100.000000,81.027374
797.781027,2,2.000000,99.118813,-0.027122,0.060189,1.000000,1.000000,1.000000,1.000000,2.260000,916.830017,0.000000,0.000000,2.260000,95.069023,2.100000,-2.300000,1.000000,-183.000000,100.000000,81.027374
797.818489,2,2.000000,99.344070,-0.026907,0.059816,1.000000,1.000000,1.000000,1.000000,2.260000,916.869995,0.000000,0.000000,2.260000,96.002907,2.100000,-2.300000,1.000000,-183.000000,100.000000,81.027374
797.861265,2,2.000000,99.579163,-0.026724,0.059470,1.000000,1.000000,1.000000,1.000000,2.020000,916.913025,0.000000,0.000000,2.020000,96.483742,2.200000,-2.300000,1.000000,-183.000000,100.000000,81.027374
797.900923,2,2.000000,99.825508,-0.026568,0.059146,1.000000,1.000000,1.000000,1.000000,2.020000,916.955017,0.000000,0.000000,2.020000,97.011627,2.300000,-2.300000,1.000000,-183.000000,100.000000,81.027374
797.940183,2,2.000000,100.053673,-0.026431,0.059138,1.000000,1.000000,1.000000,1.000000,1.940000,916.994019,0.000000,0.000000,1.940000,97.011627,2.300000,-2.300000,1.000000,-186.000000,100.000000,81.253838
797.980967,2,2.000000,100.316475,-0.026312,0.059085,1.000000,1.000000,1.000000,1.000000,1.940000,917.034973,0.000000,0.000000,1.940000,98.140495,2.300000,-2.400000,1.000000,-186.000000,100.000000,81.253838
798.019446,2,2.000000,100.569481,-0.026697,0.059586,1.000000,1.000000,1.000000,1.000000,1.940000,917.075989,0.000000,0.000000,1.940000,98.364052,2.400000,-2.400000,1.000000,-192.000000,105.000000,81.469231
798.060949,2,2.000000,100.828629,-0.026987,0.059933,1.000000,1.000000,1.000000,1.000000,1.890000,917.117004,0.000000,0.000000,1.890000,98.776642,2.500000,-2.500000,1.000000,-192.000000,105.000000,81.469231
798.102236,2,2.000000,104.204193,-0.035992,0.016515,1.000000,1.000000,1.000000,1.000000,1.890000,917.155029,0.000000,0.000000,1.890000,99.423576,2.400000,-2.700000,1.000000,251.000000,193.000000,0.830315
798.139999,2,2.000000,107.464828,-0.043169,-0.017637,1.000000,1.000000,1.000000,1.000000,1.820000,917.195007,0.000000,0.000000,1.820000,99.810974,2.500000,-2.900000,1.000000,251.000000,193.000000,0.830315
798.182412,2,2.000000,107.184723,-0.044121,0.001989,1.000000,1.000000,1.000000,1.000000,1.810000,917.236023,0.000000,0.000000,1.810000,100.182175,2.800000,-3.200000,1.000000,-220.000000,146.000000,90.000000
798.219180,2,2.000000,110.236931,-0.049561,-0.029632,1.000000,1.000000,1.000000,1.000000,1.810000,917.276978,0.000000,0.000000,1.810000,100.487427,3.000000,-3.500000,1.000000,259.000000,193.000000,3.945186
798.261799,2,2.000000,109.815315,-0.050897,-0.006217,1.000000,1.000000,1.000000,1.000000,1.730000,917.317993,0.000000,0.000000,1.730000,100.725174,3.100000,-3.700000,1.000000,-230.000000,164.000000,91.450218
798.301137,2,2.000000,109.414825,-0.051853,0.012334,1.000000,1.000000,1.000000,1.000000,1.730000,917.463989,0.000000,0.000000,1.730000,100.852776,2.900000,-3.300000,1.000000,-230.000000,164.000000,91.450218
798.339042,2,2.000000,109.035721,-0.052511,0.027001,1.000000,1.000000,1.000000,1.000000,1.740000,917.864014,0.000000,0.000000,1.740000,101.008324,2.700000,-2.600000,1.000000,-230.000000,164.000000,91.450218
798.381954,2,2.000000,108.650703,-0.053820,0.039058,1.000000,1.000000,1.000000,1.000000,1.740000,918.294006,0.000000,0.000000,1.740000,101.315804,1.300000,-0.800000,1.000000,-235.000000,173.000000,92.290611
798.419728,2,2.000000,108.282501,-0.055147,0.048926,1.000000,1.000000,1.000000,1.000000,1.740000,917.468994,0.000000,0.000000,1.740000,101.345421,1.300000,-0.600000,1.000000,-239.000000,177.000000,92.267952
798.461355,2,2.000000,107.928276,-0.056092,0.056650,1.000000,1.000000,1.000000,1.000000,1.740000,917.507996,0.000000,0.000000,1.740000,101.340652,1.400000,-0.600000,1.000000,-239.000000,177.000000,92.267952
798.500892,2,2.000000,107.587677,-0.056738,0.062665,1.000000,1.000000,1.000000,1.000000,1.740000,917.549011,0.000000,0.000000,1.740000,101.340652,1.400000,-0.600000,1.000000,-239.000000,177.000000,92.267952
798.539392,2,2.000000,107.260178,-0.057149,0.067320,1.000000,1.000000,1.000000,1.000000,1.740000,917.588013,0.000000,0.000000,1.740000,101.340652,1.400000,-0.600000,1.000000,-239.000000,177.000000,92.267952
798.581472,2,2.000000,106.945274,-0.057376,0.070893,1.000000,1.000000,1.000000,1.000000,1.740000,917.630981,0.000000,0.000000,1.740000,101.340652,1.400000,-0.600000,1.000000,-239.000000,177.000000,92.267952
798.620303,2,2.000000,106.642479,-0.057460,0.073606,1.000000,1.000000,1.000000,1.000000,1.740000,917.669006,0.000000,0.000000,1.740000,101.340652,1.400000,-0.600000,1.000000,-239.000000,177.000000,92.267952
798.659711,2,2.000000,106.351334,-0.057434,0.075638,1.000000,1.000000,1.000000,1.000000,1.740000,917.710999,0.000000,0.000000,1.740000,101.340652,1.400000,-0.600000,1.000000,-239.000000,177.000000,92.267952
798.700478,2,2.000000,106.071381,-0.057323,0.077129,1.000000,1.000000,1.000000,1.000000,1.740000,917.750977,0.000000,0.000000,1.740000,101.340652,1.400000,-0.600000,1.000000,-239.000000,177.000000,92.267952
798.739720,2,2.000000,105.802200,-0.057149,0.078193,1.000000,1.000000,1.000000,1.000000,1.740000,917.791016,0.000000,0.000000,1.740000,101.340652,1.400000,-0.600000,1.000000,-239.000000,177.000000,92.267952
798.781992,2,2.000000,105.543373,-0.056927,0.078920,1.000000,1.000000,1.000000,1.000000,1.740000,917.830017,0.000000,0.000000,1.740000,101.340652,1.400000,-0.600000,1.000000,-239.000000,177.000000,92.267952
798.819668,2,2.000000,105.194893,-0.056771,0.078596,1.000000,1.000000,1.000000,1.000000,1.420000,917.870972,0.000000,0.000000,1.420000,101.619301,2.000000,-1.300000,1.000000,-231.000000,178.000000,95.136375
798.860850,2,2.000000,104.839874,-0.056178,0.077743,1.000000,1.000000,1.000000,1.000000,1.340000,917.911011,0.000000,0.000000,1.340000,101.675095,1.800000,-1.900000,1.000000,-226.000000,174.000000,95.710594
798.902425,2,2.000000,104.498329,-0.055640,0.076970,1.000000,1.000000,1.000000,1.000000,1.340000,917.955017,0.000000,0.000000,1.340000,101.670372,2.000000,-3.600000,1.000000,-226.000000,174.000000,95.710594
798.942770,2,2.000000,104.238564,-0.054951,0.075971,1.000000,1.000000,1.000000,1.000000,1.290000,917.992004,0.000000,0.000000,1.290000,101.670372,2.000000,-3.600000,1.000000,-223.000000,172.000000,93.925911
798.983525,2,2.000000,104.238564,-0.052874,0.073237,1.000000,1.000000,1.000000,1.000000,1.290000,918.033997,0.000000,0.000000,1.290000,101.670372,2.000000,-3.600000,0.000000,-10000.000000,-10000.000000,-10000.000000
799.018964,2,2.000000,104.238564,-0.050878,0.070605,1.000000,1.000000,1.000000,1.000000,1.260000,918.072998,0.000000,0.000000,1.260000,101.461136,4.400000,-10.600000,0.000000,-10000.000000,-10000.000000,-10000.000000
799.060986,2,2.000000,104.238564,-0.048959,0.068073,1.000000,1.000000,1.000000,1.000000,1.260000,918.116028,0.000000,0.000000,1.260000,101.461136,4.400000,-10.600000,0.000000,-10000.000000,-10000.000000,-10000.000000
799.100571,2,2.000000,104.238564,-0.047116,0.065636,1.000000,1.000000,1.000000,1.000000,1.210000,918.155029,0.000000,0.000000,1.210000,101.461136,4.400000,-10.600000,0.000000,-10000.000000,-10000.000000,-10000.000000
799.140672,2,2.000000,104.238564,-0.045344,0.063290,1.000000,1.000000,1.000000,1.000000,1.210000,918.197021,0.000000,0.000000,1.210000,101.461136,4.400000,-10.600000,0.000000,-10000.000000,-10000.000000,-10000.000000
799.181374,2,2.000000,104.238564,-0.043641,0.061031,1.000000,1.000000,1.000000,1.000000,1.210000,918.236023,0.000000,0.000000,1.210000,101.461136,4.400000,-10.600000,0.000000,-10000.000000,-10000.000000,-10000.000000
799.218827,2,2.000000,104.238564,-0.042005,0.058857,1.000000,1.000000,1.000000,1.000000,1.210000,918.276978,0.000000,0.000000,1.210000,101.461136,4.400000,-10.600000,0.000000,-10000.000000,-10000.000000,-10000.000000
799.261088,2,2.000000,104.238564,-0.040431,0.056765,1.000000,1.000000,1.000000,1.000000,1.180000,918.317017,0.000000,0.000000,1.180000,100.902412,12.600000,-9.700000,0.000000,-10000.000000,-10000.000000,-10000.000000
799.301428,2,2.000000,104.238564,-0.038919,0.054750,1.000000,1.000000,1.000000,1.000000,1.200000,918.473999,0.000000,0.000000,1.200000,101.571404,11.200000,-5.300000,0.000000,-10000.000000,-10000.000000,-10000.000000
799.339422,2,2.000000,104.238564,-0.037466,0.052810,1.000000,1.000000,1.000000,1.000000,1.200000,918.864014,0.000000,0.000000,1.200000,101.571404,11.200000,-5.300000,0.000000,-10000.000000,-10000.000000,-10000.000000
799.379764,2,2.000000,104.238564,-0.036068,0.050943,1.000000,1.000000,1.000000,1.000000,1.200000,919.283997,0.000000,0.000000,1.200000,101.571404,11.200000,-5.300000,0.000000,-10000.000000,-10000.000000,-10000.000000
799.419130,2,2.000000,104.238564,-0.034725,0.049145,1.000000,1.000000,1.000000,1.000000,1.200000,918.468018,0.000000,0.000000,1.200000,101.571404,11.200000,-5.300000,0.000000,-10000.000000,-10000.000000,-10000.000000
799.463589,2,2.000000,104.238564,-0.033434,0.047413,1.000000,1.000000,1.000000,1.000000,1.200000,918.507996,0.000000,0.000000,1.200000,101.571404,11.200000,-5.300000,0.000000,-10000.000000,-10000.000000,-10000.000000
799.502999,2,2.000000,104.238564,-0.032192,0.045746,1.000000,1.000000,1.000000,1.000000,1.200000,918.551025,0.000000,0.000000,1.200000,101.571404,11.200000,-5.300000,0.000000,-10000.000000,-10000.000000,-10000.000000
799.541216,2,2.000000,104.238564,-0.030998,0.044140,1.000000,1.000000,1.000000,1.000000,0.800000,918.590027,0.000000,0.000000,0.800000,103.423981,2.400000,0.300000,0.000000,-10000.000000,-10000.000000,-10000.000000
799.581043,2,2.000000,104.238564,-0.029851,0.042594,1.000000,1.000000,1.000000,1.000000,0.800000,918.632019,0.000000,0.000000,0.800000,103.587395,1.500000,0.600000,0.000000,-10000.000000,-10000.000000,-10000.000000
799.620445,2,2.000000,104.238564,-0.028747,0.041105,1.000000,1.000000,1.000000,1.000000,0.800000,918.671997,0.000000,0.000000,0.800000,103.638405,1.100000,0.700000,0.000000,-10000.000000,-10000.000000,-10000.000000
799.661014,2,2.000000,104.238564,-0.027686,0.039671,1.000000,1.000000,1.000000,1.000000,0.800000,918.710999,0.000000,0.000000,0.800000,103.638405,1.100000,0.700000,0.000000,-10000.000000,-10000.000000,-10000.000000
799.700432,2,2.000000,104.238564,-0.026665,0.038289,1.000000,1.000000,1.000000,1.000000,0.800000,918.752014,0.000000,0.000000,0.800000,103.638405,1.100000,0.700000,0.000000,-10000.000000,-10000.000000,-10000.000000
799.738911,2,2.000000,104.238564,-0.025684,0.036959,1.000000,1.000000,1.000000,1.000000,0.800000,918.791016,0.000000,0.000000,0.800000,103.638405,1.100000,0.700000,0.000000,-10000.000000,-10000.000000,-10000.000000
799.781221,2,2.000000,104.238564,-0.024740,0.035677,1.000000,1.000000,1.000000,1.000000,0.800000,918.833008,0.000000,0.000000,0.800000,103.638405,1.100000,0.700000,0.000000,-10000.000000,-10000.000000,-10000.000000
799.819166,2,2.000000,104.238564,-0.023832,0.034442,1.000000,1.000000,1.000000,1.000000,0.800000,918.875000,0.000000,0.000000,0.800000,103.638405,1.100000,0.700000,0.000000,-10000.000000,-10000.000000,-10000.000000
799.860753,2,2.000000,104.238564,-0.022959,0.033252,1.000000,1.000000,1.000000,1.000000,0.800000,918.914978,0.000000,0.000000,0.800000,103.638405,1.100000,0.700000,0.000000,-10000.000000,-10000.000000,-10000.000000
799.900004,2,2.000000,104.238564,-0.022120,0.032106,1.000000,1.000000,1.000000,1.000000,0.800000,918.953003,0.000000,0.000000,0.800000,103.638405,1.100000,0.700000,0.000000,-10000.000000,-10000.000000,-10000.000000
799.939011,2,2.000000,104.238564,-0.021312,0.031002,1.000000,1.000000,1.000000,1.000000,0.790000,918.997009,0.000000,0.000000,0.790000,104.046600,-1.400000,0.300000,0.000000,-10000.000000,-10000.000000,-10000.000000
799.980479,2,2.000000,104.238564,-0.020535,0.029938,1.000000,1.000000,1.000000,1.000000,0.790000,919.036987,0.000000,0.000000,0.790000,104.046600,-1.400000,0.300000,0.000000,-10000.000000,-10000.000000,-10000.000000
800.019232,2,2.000000,104.238564,-0.019788,0.028913,1.000000,1.000000,1.000000,1.000000,0.790000,919.077026,0.000000,0.000000,0.790000,104.080254,-1.800000,-0.200000,0.000000,-10000.000000,-10000.000000,-10000.000000
800.060874,2,2.000000,104.238564,-0.019069,0.027925,1.000000,1.000000,1.000000,1.000000,0.790000,919.117981,0.000000,0.000000,0.790000,104.110123,-1.700000,-0.300000,0.000000,-10000.000000,-10000.000000,-10000.000000
800.103117,2,2.000000,104.238564,-0.018377,0.026973,1.000000,1.000000,1.000000,1.000000,0.790000,919.158020,0.000000,0.000000,0.790000,104.139153,-1.400000,-0.300000,0.000000,-10000.000000,-10000.000000,-10000.000000
800.139602,2,2.000000,104.238564,-0.017712,0.026055,1.000000,1.000000,1.000000,1.000000,0.790000,919.197021,0.000000,0.000000,0.790000,104.175827,-1.100000,-0.400000,0.000000,-10000.000000,-10000.000000,-10000.000000
800.183461,2,2.000000,104.238564,-0.017072,0.025171,1.000000,1.000000,1.000000,1.000000,0.790000,919.237000,0.000000,0.000000,0.790000,104.217796,-0.900000,-0.400000,0.000000,-10000.000000,-10000.000000,-10000.000000
800.220303,2,2.000000,104.238564,-0.016456,0.024318,1.000000,1.000000,1.000000,1.000000,0.790000,919.268005,0.000000,0.000000,0.790000,104.235878,-0.800000,-0.400000,0.000000,-10000.000000,0.000000,-10000.000000
800.261065,2,2.000000,104.238564,-0.015863,0.023497,1.000000,1.000000,1.000000,1.000000,0.790000,919.310974,0.000000,0.000000,0.790000,104.269302,-0.600000,-0.400000,0.000000,-10000.000000,-10000.000000,-10000.000000
800.300747,2,2.000000,104.238564,-0.015292,0.022705,1.000000,1.000000,1.000000,1.000000,0.790000,920.244019,0.000000,0.000000,0.790000,104.317688,-0.400000,-0.300000,0.000000,-10000.000000,-10000.000000,-10000.000000
800.339986,2,2.000000,104.238564,-0.014744,0.021941,1.000000,1.000000,1.000000,1.000000,0.690000,919.823975,0.000000,0.000000,0.690000,104.373650,-0.000000,-0.300000,0.000000,-10000.000000,-10000.000000,-10000.000000
800.382102,2,2.000000,104.238564,-0.014215,0.021205,1.000000,1.000000,1.000000,1.000000,0.690000,920.213989,0.000000,0.000000,0.690000,104.447212,0.300000,-0.400000,0.000000,-10000.000000,-10000.000000,-10000.000000
800.418902,2,2.000000,104.238564,-0.013707,0.020495,1.000000,1.000000,1.000000,1.000000,0.690000,919.471008,0.000000,0.000000,0.690000,104.496223,0.600000,-0.400000,0.000000,-10000.000000,-10000.000000,-10000.000000
800.461049,2,2.000000,104.238564,-0.013218,0.019811,1.000000,1.000000,1.000000,1.000000,0.690000,919.510986,0.000000,0.000000,0.690000,104.496223,0.600000,-0.400000,0.000000,-10000.000000,-10000.000000,-10000.000000
800.503066,2,2.000000,104.238564,-0.012747,0.019151,1.000000,1.000000,1.000000,1.000000,0.690000,919.552979,0.000000,0.000000,0.690000,104.570908,1.100000,-0.400000,0.000000,-10000.000000,-10000.000000,-10000.000000
800.541974,2,2.000000,104.238564,-0.012294,0.018514,1.000000,1.000000,1.000000,1.000000,0.690000,919.593018,0.000000,0.000000,0.690000,104.626389,1.500000,-0.400000,0.000000,-10000.000000,-10000.000000,-10000.000000
800.582587,2,2.000000,104.238564,-0.011857,0.017900,1.000000,1.000000,1.000000,1.000000,0.690000,919.635010,0.000000,0.000000,0.690000,104.656593,2.000000,-0.400000,0.000000,-10000.000000,-10000.000000,-10000.000000
800.619736,2,2.000000,104.238564,-0.011437,0.017308,1.000000,1.000000,1.000000,1.000000,0.690000,919.674988,0.000000,0.000000,0.690000,104.656593,2.000000,-0.400000,0.000000,-10000.000000,-10000.000000,-10000.000000
800.661093,2,2.000000,104.238564,-0.011033,0.016738,1.000000,1.000000,1.000000,1.000000,0.690000,919.718994,0.000000,0.000000,0.690000,104.749443,2.700000,-0.500000,0.000000,-10000.000000,-10000.000000,-10000.000000
800.702885,2,2.000000,104.238564,-0.010644,0.016187,1.000000,1.000000,1.000000,1.000000,0.690000,919.757019,0.000000,0.000000,0.690000,104.775948,2.700000,-0.500000,0.000000,-10000.000000,-10000.000000,-10000.000000
800.752488,2,2.000000,104.238564,-0.010269,0.015656,1.000000,1.000000,1.000000,1.000000,0.680000,919.791992,0.000000,0.000000,0.680000,104.777184,2.600000,-0.600000,0.000000,-10000.000000,-10000.000000,-10000.000000
800.785978,2,2.000000,104.238564,-0.009908,0.015143,1.000000,1.000000,1.000000,1.000000,0.600000,919.833008,0.000000,0.000000,0.600000,104.818115,2.200000,-0.500000,0.000000,-10000.000000,-10000.000000,-10000.000000
800.825737,2,2.000000,104.238564,-0.009560,0.014649,1.000000,1.000000,1.000000,1.000000,0.600000,919.875977,0.000000,0.000000,0.600000,104.856018,1.900000,-0.500000,0.000000,-10000.000000,-10000.000000,-10000.000000
800.865084,2,2.000000,104.238564,-0.009226,0.014172,1.000000,1.000000,1.000000,1.000000,0.560000,919.918030,0.000000,0.000000,0.560000,104.871056,1.800000,-0.500000,0.000000,-10000.000000,-10000.000000,-10000.000000
800.907569,2,2.000000,104.238564,-0.008903,0.013711,1.000000,1.000000,1.000000,1.000000,0.560000,919.952026,0.000000,0.000000,0.560000,104.880264,1.900000,-0.500000,0.000000,-10000.000000,-10000.000000,-10000.000000
800.945591,2,2.000000,104.238564,-0.008593,0.013267,1.000000,1.000000,1.000000,1.000000,0.540000,919.999023,0.000000,0.000000,0.540000,104.885994,1.900000,-0.600000,0.000000,-10000.000000,-10000.000000,-10000.000000
800.986528,2,2.000000,104.238564,-0.008294,0.012839,1.000000,1.000000,1.000000,1.000000,0.540000,920.036011,0.000000,0.000000,0.540000,104.871368,1.900000,-0.600000,0.000000,-10000.000000,-10000.000000,-10000.000000
801.024613,2,2.000000,104.238564,-0.008006,0.012425,1.000000,1.000000,1.000000,1.000000,0.540000,920.072021,0.000000,0.000000,0.540000,104.883102,1.700000,-0.600000,0.000000,-10000.000000,-10000.000000,-10000.000000
801.067130,2,2.000000,104.238564,-0.007729,0.012026,1.000000,1.000000,1.000000,1.000000,0.490000,920.109985,0.000000,0.000000,0.490000,104.905525,1.700000,-0.700000,0.000000,-10000.000000,-10000.000000,-10000.000000
801.105990,2,2.000000,104.238564,-0.007462,0.011640,1.000000,1.000000,1.000000,1.000000,0.490000,920.148010,0.000000,0.000000,0.490000,104.898834,1.700000,-0.700000,0.000000,-10000.000000,-10000.000000,-10000.000000
801.142015,2,2.000000,104.238564,-0.007205,0.011268,1.000000,1.000000,1.000000,1.000000,0.490000,920.193970,0.000000,0.000000,0.490000,104.911583,1.800000,-0.800000,0.000000,-10000.000000,-10000.000000,-10000.000000
801.185231,2,2.000000,104.238564,-0.006957,0.010909,1.000000,1.000000,1.000000,1.000000,0.540000,920.229980,0.000000,0.000000,0.540000,104.911583,1.800000,-0.800000,0.000000,-10000.000000,-10000.000000,-10000.000000
801.222900,2,2.000000,104.238564,-0.006718,0.010562,1.000000,1.000000,1.000000,1.000000,0.540000,920.273010,0.000000,0.000000,0.540000,104.937851,1.600000,-0.600000,0.000000,-10000.000000,-10000.000000,-10000.000000
801.266753,2,2.000000,104.238564,-0.006488,0.010228,1.000000,1.000000,1.000000,1.000000,0.500000,920.318970,0.000000,0.000000,0.500000,104.946365,2.100000,-0.500000,0.000000,-10000.000000,-10000.000000,-10000.000000
801.319313,2,2.000000,104.238564,-0.006266,0.009904,1.000000,1.000000,1.000000,1.000000,0.500000,920.463989,0.000000,0.000000,0.500000,104.946365,2.100000,-0.500000,0.000000,-10000.000000,-10000.000000,-10000.000000
801.345800,2,2.000000,104.238564,-0.006053,0.009592,1.000000,1.000000,1.000000,1.000000,0.500000,920.833984,0.000000,0.000000,0.500000,104.946365,2.100000,-0.500000,0.000000,-10000.000000,-10000.000000,-10000.000000
801.385277,2,2.000000,104.238564,-0.005847,0.009291,1.000000,1.000000,1.000000,1.000000,0.470000,921.244019,0.000000,0.000000,0.470000,104.921532,4.400000,-1.400000,0.000000,-10000.000000,-10000.000000,-10000.000000
801.425100,2,2.000000,104.238564,-0.005648,0.009000,1.000000,1.000000,1.000000,1.000000,0.470000,920.468994,0.000000,0.000000,0.470000,104.918457,5.300000,-1.700000,0.000000,-10000.000000,-10000.000000,-10000.000000
801.464719,2,2.000000,104.238564,-0.005457,0.008718,1.000000,1.000000,1.000000,1.000000,0.440000,920.510986,0.000000,0.000000,0.440000,104.902046,6.000000,-1.900000,0.000000,-10000.000000,-10000.000000,-10000.000000
801.504891,2,2.000000,104.238564,-0.005273,0.008447,1.000000,1.000000,1.000000,1.000000,0.440000,920.554993,0.000000,0.000000,0.440000,104.830902,6.300000,-2.200000,0.000000,-10000.000000,-10000.000000,-10000.000000
801.544637,2,2.000000,104.238564,-0.005095,0.008184,1.000000,1.000000,1.000000,1.000000,0.400000,920.593994,0.000000,0.000000,0.400000,104.806480,6.300000,-2.300000,0.000000,-10000.000000,-10000.000000,-10000.000000
801.586292,2,2.000000,104.238564,-0.004924,0.007931,1.000000,1.000000,1.000000,1.000000,0.400000,920.635986,0.000000,0.000000,0.400000,104.806480,6.300000,-2.300000,0.000000,-10000.000000,-10000.000000,-10000.000000
801.624089,2,2.000000,104.238564,-0.004759,0.007686,1.000000,1.000000,1.000000,1.000000,0.400000,920.676025,0.000000,0.000000,0.400000,104.779068,4.400000,-1.500000,0.000000,-10000.000000,-10000.000000,-10000.000000
801.664913,2,2.000000,104.238564,-0.004600,0.007449,1.000000,1.000000,1.000000,1.000000,0.380000,920.708984,0.000000,0.000000,0.380000,104.811028,3.900000,-1.400000,0.000000,-10000.000000,-10000.000000,-10000.000000
801.703077,2,2.000000,104.238564,-0.004446,0.007220,1.000000,1.000000,1.000000,1.000000,0.380000,920.752014,0.000000,0.000000,0.380000,104.804764,3.400000,-1.400000,0.000000,-10000.000000,-10000.000000,-10000.000000
801.738856,2,2.000000,104.238564,-0.004298,0.006999,1.000000,1.000000,1.000000,1.000000,0.380000,920.791016,0.000000,0.000000,0.380000,104.783974,3.300000,-1.400000,0.000000,-10000.000000,-10000.000000,-10000.000000
801.783289,2,2.000000,104.238564,-0.004155,0.006786,1.000000,1.000000,1.000000,1.000000,0.380000,920.831970,0.000000,0.000000,0.380000,104.783974,3.300000,-1.400000,0.000000,-10000.000000,-10000.000000,-10000.000000
801.821329,2,2.000000,104.238564,-0.004018,0.006579,1.000000,1.000000,1.000000,1.000000,0.380000,920.875977,0.000000,0.000000,0.380000,104.668884,2.900000,-1.600000,0.000000,-10000.000000,-10000.000000,-10000.000000
801.862188,2,2.000000,104.238564,-0.003885,0.006380,1.000000,1.000000,1.000000,1.000000,0.380000,920.906006,0.000000,0.000000,0.380000,104.681129,2.600000,-2.000000,0.000000,-10000.000000,-10000.000000,-10000.000000
801.901602,2,2.000000,104.238564,-0.003757,0.006187,1.000000,1.000000,1.000000,1.000000,0.380000,920.952026,0.000000,0.000000,0.380000,104.681129,2.600000,-2.000000,0.000000,-10000.000000,-10000.000000,-10000.000000
801.939807,2,2.000000,104.238564,-0.003634,0.006000,1.000000,1.000000,1.000000,1.000000,0.380000,920.991028,0.000000,0.000000,0.380000,104.745308,1.800000,-2.100000,0.000000,-10000.000000,-10000.000000,-10000.000000
801.981093,2,2.000000,104.238564,-0.003515,0.005820,1.000000,1.000000,1.000000,1.000000,0.330000,921.034973,0.000000,0.000000,0.330000,104.704941,1.400000,-2.000000,0.000000,-10000.000000,-10000.000000,-10000.000000
802.019584,2,2.000000,104.238564,-0.003400,0.005645,1.000000,1.000000,1.000000,1.000000,0.330000,921.075989,0.000000,0.000000,0.330000,104.704941,1.400000,-2.000000,0.000000,-10000.000000,-10000.000000,-10000.000000
802.061825,2,2.000000,104.238564,-0.003289,0.005477,1.000000,1.000000,1.000000,1.000000,0.200000,921.114990,0.000000,0.000000,0.200000,104.400993,0.200000,-1.500000,0.000000,-10000.000000,-10000.000000,-10000.000000
802.102507,2,2.000000,104.238564,-0.003182,0.005314,1.000000,1.000000,1.000000,1.000000,0.200000,921.155029,0.000000,0.000000,0.200000,104.250305,-1.400000,-1.200000,0.000000,-10000.000000,-10000.000000,-10000.000000
802.141322,2,2.000000,104.238564,-0.003079,0.005156,1.000000,1.000000,1.000000,1.000000,0.200000,921.197021,0.000000,0.000000,0.200000,104.107635,-2.200000,-0.900000,0.000000,-10000.000000,-10000.000000,-10000.000000
802.181784,2,2.000000,104.238564,-0.002979,0.005003,1.000000,1.000000,1.000000,1.000000,0.200000,921.236023,0.000000,0.000000,0.200000,104.010391,-2.600000,-0.700000,0.000000,-10000.000000,-10000.000000,-10000.000000
802.219729,2,2.000000,104.238564,-0.002883,0.004856,1.000000,1.000000,1.000000,1.000000,0.200000,921.276978,0.000000,0.000000,0.200000,103.938751,-2.900000,-0.600000,0.000000,-10000.000000,-10000.000000,-10000.000000
802.261444,2,2.000000,104.238564,-0.002791,0.004713,1.000000,1.000000,1.000000,1.000000,0.200000,921.315979,0.000000,0.000000,0.200000,103.938751,-2.900000,-0.600000,0.000000,-10000.000000,-10000.000000,-10000.000000
802.300528,2,2.000000,104.238564,-0.002701,0.004575,1.000000,1.000000,1.000000,1.000000,0.200000,921.463989,0.000000,0.000000,0.200000,103.665565,-2.600000,-0.100000,0.000000,-10000.000000,-10000.000000,-10000.000000
802.339718,2,2.000000,104.238564,-0.002615,0.004441,1.000000,1.000000,1.000000,1.000000,0.200000,921.883972,0.000000,0.000000,0.200000,103.640335,-2.500000,-0.200000,0.000000,-10000.000000,-10000.000000,-10000.000000
802.380742,2,2.000000,104.238564,-0.002531,0.004312,1.000000,1.000000,1.000000,1.000000,0.200000,922.263977,0.000000,0.000000,0.200000,103.599022,-1.400000,-0.800000,0.000000,-10000.000000,-10000.000000,-10000.000000
802.423419,2,2.000000,104.238564,-0.002451,0.004186,1.000000,1.000000,1.000000,1.000000,0.200000,921.476990,0.000000,0.000000,0.200000,103.587097,1.100000,-2.200000,0.000000,-10000.000000,-10000.000000,-10000.000000
802.463292,2,2.000000,104.238564,-0.002373,0.004065,1.000000,1.000000,1.000000,1.000000,0.220000,921.518005,0.000000,0.000000,0.220000,103.414284,-0.700000,-1.200000,0.000000,-10000.000000,-10000.000000,-10000.000000
802.500841,2,2.000000,104.238564,-0.002298,0.003948,1.000000,1.000000,1.000000,1.000000,0.220000,921.549011,0.000000,0.000000,0.220000,103.415215,-0.300000,-1.600000,0.000000,-10000.000000,-10000.000000,-10000.000000
802.539507,2,2.000000,104.238564,-0.002226,0.003834,1.000000,1.000000,1.000000,1.000000,0.220000,921.591980,0.000000,0.000000,0.220000,103.324165,0.700000,-1.300000,0.000000,-10000.000000,-10000.000000,-10000.000000
802.581335,2,2.000000,104.238564,-0.002156,0.003724,1.000000,1.000000,1.000000,1.000000,0.200000,921.635010,0.000000,0.000000,0.200000,103.324707,1.200000,-1.900000,0.000000,-10000.000000,-10000.000000,-10000.000000
802.620403,2,2.000000,104.238564,-0.002088,0.003618,1.000000,1.000000,1.000000,1.000000,0.200000,921.676025,0.000000,0.000000,0.200000,103.249985,0.600000,-1.100000,0.000000,-10000.000000,-10000.000000,-10000.000000
802.660697,2,2.000000,104.238564,-0.002023,0.003515,1.000000,1.000000,1.000000,1.000000,0.200000,921.716980,0.000000,0.000000,0.200000,103.151787,1.000000,-1.600000,0.000000,-10000.000000,-10000.000000,-10000.000000
802.703752,2,2.000000,104.238564,-0.001960,0.003415,1.000000,1.000000,1.000000,1.000000,0.200000,921.755981,0.000000,0.000000,0.200000,103.205635,0.700000,-1.600000,0.000000,-10000.000000,-10000.000000,-10000.000000
802.742650,2,2.000000,104.238564,-0.001899,0.003318,1.000000,1.000000,1.000000,1.000000,0.200000,921.788025,0.000000,0.000000,0.200000,103.331985,0.700000,-1.300000,0.000000,-10000.000000,-10000.000000,-10000.000000
802.781337,2,2.000000,104.238564,-0.001840,0.003224,1.000000,1.000000,1.000000,1.000000,0.200000,921.827026,0.000000,0.000000,0.200000,103.411003,0.400000,-1.000000,0.000000,-10000.000000,-10000.000000,-10000.000000
802.820315,2,2.000000,104.238564,-0.001783,0.003134,1.000000,1.000000,1.000000,1.000000,0.200000,921.869019,0.000000,0.000000,0.200000,103.496872,0.000000,-0.800000,0.000000,-10000.000000,-10000.000000,-10000.000000
802.861622,2,2.000000,104.238564,-0.001729,0.003046,1.000000,1.000000,1.000000,1.000000,0.200000,921.906982,0.000000,0.000000,0.200000,103.496872,0.000000,-0.800000,0.000000,-10000.000000,-10000.000000,-10000.000000
802.900382,2,2.000000,104.238564,-0.001676,0.002961,1.000000,1.000000,1.000000,1.000000,0.200000,921.947998,0.000000,0.000000,0.200000,103.496872,0.000000,-0.800000,0.000000,-10000.000000,-10000.000000,-10000.000000
802.940524,2,2.000000,104.238564,-0.001624,0.002878,1.000000,1.000000,1.000000,1.000000,0.200000,921.989990,0.000000,0.000000,0.200000,103.496872,0.000000,-0.800000,0.000000,-10000.000000,-10000.000000,-10000.000000
802.983240,2,2.000000,104.238564,-0.001575,0.002798,1.000000,1.000000,1.000000,1.000000,0.200000,922.030029,0.000000,0.000000,0.200000,103.496872,0.000000,-0.800000,0.000000,-10000.000000,-10000.000000,-10000.000000
803.021701,2,2.000000,104.238564,-0.001527,0.002721,1.000000,1.000000,1.000000,1.000000,0.200000,922.072998,0.000000,0.000000,0.200000,103.981926,-0.200000,0.500000,0.000000,-10000.000000,-10000.000000,-10000.000000
803.061572,2,2.000000,104.238564,-0.001481,0.002646,1.000000,1.000000,1.000000,1.000000,0.200000,922.112000,0.000000,0.000000,0.200000,104.071327,-0.200000,0.500000,0.000000,-10000.000000,-10000.000000,-10000.000000
803.102093,2,2.000000,104.238564,-0.001436,0.002573,1.000000,1.000000,1.000000,1.000000,0.200000,922.155029,0.000000,0.000000,0.200000,104.189018,1.100000,-1.600000,0.000000,-10000.000000,-10000.000000,-10000.000000
803.141828,2,2.000000,104.238564,-0.001393,0.002502,1.000000,1.000000,1.000000,1.000000,0.200000,922.197021,0.000000,0.000000,0.200000,104.189018,1.100000,-1.600000,0.000000,-10000.000000,-10000.000000,-10000.000000
803.185066,2,2.000000,104.238564,-0.001351,0.002434,1.000000,1.000000,1.000000,1.000000,0.200000,922.234009,0.000000,0.000000,0.200000,104.596939,1.000000,-1.500000,0.000000,-10000.000000,-10000.000000,-10000.000000
803.223481,2,2.000000,104.238564,-0.001310,0.002368,1.000000,1.000000,1.000000,1.000000,0.200000,922.278992,0.000000,0.000000,0.200000,104.753723,0.700000,-1.600000,0.000000,-10000.000000,-10000.000000,-10000.000000
803.262513,2,2.000000,104.238564,-0.001271,0.002303,1.000000,1.000000,1.000000,1.000000,0.200000,922.309021,0.000000,0.000000,0.200000,104.753723,0.700000,-1.600000,0.000000,-10000.000000,-10000.000000,-10000.000000
803.300610,2,2.000000,104.238564,-0.001233,0.002241,1.000000,1.000000,1.000000,1.000000,0.200000,923.244019,0.000000,0.000000,0.200000,104.920616,1.200000,-1.300000,0.000000,-10000.000000,-10000.000000,-10000.000000
803.339428,2,2.000000,104.238564,-0.001197,0.002180,1.000000,1.000000,1.000000,1.000000,0.200000,922.833984,0.000000,0.000000,0.200000,104.806816,1.200000,-1.300000,0.000000,-10000.000000,-10000.000000,-10000.000000
803.381830,2,2.000000,104.238564,-0.001161,0.002122,1.000000,1.000000,1.000000,1.000000,0.200000,923.254028,0.000000,0.000000,0.200000,104.727203,1.000000,-1.300000,0.000000,-10000.000000,-10000.000000,-10000.000000
803.422852,2,2.000000,104.238564,-0.001127,0.002065,1.000000,1.000000,1.000000,1.000000,0.200000,922.473022,0.000000,0.000000,0.200000,104.688332,1.100000,-1.400000,0.000000,-10000.000000,-10000.000000,-10000.000000
803.464101,2,2.000000,104.238564,-0.001094,0.002009,1.000000,1.000000,1.000000,1.000000,0.200000,922.515015,0.000000,0.000000,0.200000,104.679756,1.000000,-1.400000,0.000000,-10000.000000,-10000.000000,-10000.000000
803.504315,2,2.000000,104.238564,-0.001062,0.001956,1.000000,1.000000,1.000000,1.000000,0.200000,922.557007,0.000000,0.000000,0.200000,104.679756,1.000000,-1.400000,0.000000,-10000.000000,-10000.000000,-10000.000000
803.543003,2,2.000000,104.238564,-0.001031,0.001904,1.000000,1.000000,1.000000,1.000000,0.200000,922.588989,0.000000,0.000000,0.200000,104.591324,1.000000,-1.400000,0.000000,-10000.000000,-10000.000000,-10000.000000
803.582504,2,2.000000,104.238564,-0.001001,0.001853,1.000000,1.000000,1.000000,1.000000,0.200000,922.632996,0.000000,0.000000,0.200000,104.568420,1.000000,-1.400000,0.000000,-10000.000000,-10000.000000,-10000.000000
803.620630,2,2.000000,104.238564,-0.000972,0.001805,1.000000,1.000000,1.000000,1.000000,0.200000,922.671997,0.000000,0.000000,0.200000,104.568420,1.000000,-1.400000,0.000000,-10000.000000,-10000.000000,-10000.000000
803.658682,2,2.000000,104.238564,-0.000944,0.001757,1.000000,1.000000,1.000000,1.000000,0.200000,922.711975,0.000000,0.000000,0.200000,104.510887,1.000000,-1.400000,0.000000,-10000.000000,-10000.000000,-10000.000000
803.700550,2,2.000000,104.238564,-0.000917,0.001711,1.000000,1.000000,1.000000,1.000000,0.200000,922.752014,0.000000,0.000000,0.200000,104.510887,1.000000,-1.400000,0.000000,-10000.000000,-10000.000000,-10000.000000
803.739026,2,2.000000,104.238564,-0.000890,0.001666,1.000000,1.000000,1.000000,1.000000,0.200000,922.791016,0.000000,0.000000,0.200000,104.439690,1.000000,-1.400000,0.000000,-10000.000000,-10000.000000,-10000.000000
803.781540,2,2.000000,104.238564,-0.000865,0.001623,1.000000,1.000000,1.000000,1.000000,0.200000,922.835022,0.000000,0.000000,0.200000,104.408875,1.000000,-1.300000,0.000000,-10000.000000,-10000.000000,-10000.000000
803.819555,2,2.000000,104.238564,-0.000840,0.001580,1.000000,1.000000,1.000000,1.000000,0.200000,922.875000,0.000000,0.000000,0.200000,104.402275,1.000000,-1.400000,0.000000,-10000.000000,-10000.000000,-10000.000000
803.859918,2,2.000000,104.238564,-0.000816,0.001539,1.000000,1.000000,1.000000,1.000000,0.200000,922.916016,0.000000,0.000000,0.200000,104.402275,1.000000,-1.400000,0.000000,-10000.000000,-10000.000000,-10000.000000
803.901019,2,2.000000,104.238564,-0.000793,0.001500,1.000000,1.000000,1.000000,1.000000,0.200000,922.955017,0.000000,0.000000,0.200000,104.402275,1.000000,-1.400000,0.000000,-10000.000000,-10000.000000,-10000.000000
803.939490,2,2.000000,104.238564,-0.000771,0.001461,1.000000,1.000000,1.000000,1.000000,0.200000,922.994995,0.000000,0.000000,0.200000,104.402275,1.000000,-1.400000,0.000000,-10000.000000,-10000.000000,-10000.000000
803.982405,2,2.000000,104.238564,-0.000749,0.001423,1.000000,1.000000,1.000000,1.000000,0.200000,923.036011,0.000000,0.000000,0.200000,104.402275,1.000000,-1.400000,0.000000,-10000.000000,-10000.000000,-10000.000000
804.019167,2,2.000000,104.238564,-0.000728,0.001387,1.000000,1.000000,1.000000,1.000000,0.200000,923.075012,0.000000,0.000000,0.200000,104.402275,1.000000,-1.400000,0.000000,-10000.000000,-10000.000000,-10000.000000
804.058708,2,2.000000,104.238564,-0.000708,0.001351,1.000000,1.000000,1.000000,1.000000,0.200000,923.116028,0.000000,0.000000,0.200000,104.076134,1.000000,-1.300000,0.000000,-10000.000000,-10000.000000,-10000.000000
804.102185,2,2.000000,104.238564,-0.000688,0.001317,1.000000,1.000000,1.000000,1.000000,0.200000,923.158020,0.000000,0.000000,0.200000,104.070503,0.900000,-1.400000,0.000000,-10000.000000,-10000.000000,-10000.000000
804.141655,2,2.000000,104.238564,-0.000669,0.001284,1.000000,1.000000,1.000000,1.000000,0.200000,923.195007,0.000000,0.000000,0.200000,104.070503,0.900000,-1.400000,0.000000,-10000.000000,-10000.000000,-10000.000000
804.183375,2,2.000000,104.238564,-0.000650,0.001251,1.000000,1.000000,1.000000,1.000000,0.200000,923.237000,0.000000,0.000000,0.200000,104.033859,1.000000,-1.200000,0.000000,-10000.000000,-10000.000000,-10000.000000
804.221933,2,2.000000,104.238564,-0.000632,0.001219,1.000000,1.000000,1.000000,1.000000,0.200000,923.276978,0.000000,0.000000,0.200000,104.054146,0.900000,-1.300000,0.000000,-10000.000000,-10000.000000,-10000.000000
804.262167,2,2.000000,104.238564,-0.000615,0.001189,1.000000,1.000000,1.000000,1.000000,0.200000,923.307983,0.000000,0.000000,0.200000,104.054146,0.900000,-1.300000,0.000000,-10000.000000,-10000.000000,-10000.000000
804.302894,2,2.000000,104.238564,-0.000598,0.001159,1.000000,1.000000,1.000000,1.000000,0.200000,923.843994,0.000000,0.000000,0.200000,103.985062,0.900000,-1.300000,0.000000,-10000.000000,-10000.000000,-10000.000000
804.339151,2,2.000000,104.238564,-0.000582,0.001130,1.000000,1.000000,1.000000,1.000000,0.200000,923.794006,0.000000,0.000000,0.200000,103.950653,0.900000,-1.200000,0.000000,-10000.000000,-10000.000000,-10000.000000
804.380711,2,2.000000,104.238564,-0.000566,0.001102,1.000000,1.000000,1.000000,1.000000,0.200000,924.213989,0.000000,0.000000,0.200000,103.924606,0.900000,-1.100000,0.000000,-10000.000000,-10000.000000,-10000.000000
804.420787,2,2.000000,104.238564,-0.000550,0.001074,1.000000,1.000000,1.000000,1.000000,0.200000,923.471985,0.000000,0.000000,0.200000,103.918633,0.900000,-1.200000,0.000000,-10000.000000,-10000.000000,-10000.000000
804.468759,2,2.000000,104.238564,-0.000535,0.001048,1.000000,1.000000,1.000000,1.000000,0.200000,923.510986,0.000000,0.000000,0.200000,103.908493,0.900000,-1.200000,0.000000,-10000.000000,-10000.000000,-10000.000000
804.500968,2,2.000000,104.238564,-0.000521,0.001022,1.000000,1.000000,1.000000,1.000000,0.200000,923.556030,0.000000,0.000000,0.200000,103.886597,0.900000,-1.200000,0.000000,-10000.000000,-10000.000000,-10000.000000
804.540371,2,2.000000,104.238564,-0.000507,0.000996,1.000000,1.000000,1.000000,1.000000,0.200000,923.590027,0.000000,0.000000,0.200000,103.864738,0.900000,-1.100000,0.000000,-10000.000000,-10000.000000,-10000.000000
804.582190,2,2.000000,104.238564,-0.000493,0.000972,1.000000,1.000000,1.000000,1.000000,0.200000,923.630981,0.000000,0.000000,0.200000,103.841057,0.900000,-1.100000,0.000000,-10000.000000,-10000.000000,-10000.000000
804.619494,2,2.000000,104.238564,-0.000480,0.000948,1.000000,1.000000,1.000000,1.000000,0.200000,923.671021,0.000000,0.000000,0.200000,103.797203,1.000000,-1.100000,0.000000,-10000.000000,-10000.000000,-10000.000000
804.663357,2,2.000000,104.238564,-0.000467,0.000925,1.000000,1.000000,1.000000,1.000000,0.200000,923.710022,0.000000,0.000000,0.200000,103.792358,0.900000,-1.100000,0.000000,-10000.000000,-10000.000000,-10000.000000
