8.465350,1,0.300000,0.000000,0.000000,0.000000,1.000000,0.000000,0.000000,0.000000,0.220000,1032.129028,0.000000,0.000000,0.220000,256.599731,3.000000,5.800000,
8.473237,2,1.000000,0.000000,0.000000,0.000000,1.000000,0.000000,0.000000,0.000000,0.220000,1032.140015,0.000000,0.000000,0.220000,256.594879,3.000000,5.800000,
8.514072,2,1.000000,0.000000,0.000000,0.000000,1.000000,0.000000,0.000000,0.000000,0.220000,1032.177979,0.000000,0.000000,0.220000,256.591583,3.000000,5.800000,
8.552891,2,1.000000,0.000000,0.000000,0.000000,1.000000,0.000000,0.000000,0.000000,0.220000,1032.218018,0.000000,0.000000,0.220000,256.574524,3.000000,5.800000,
8.593053,2,1.000000,0.000000,0.000000,0.000000,1.000000,0.000000,0.000000,0.000000,0.220000,1032.260010,0.000000,0.000000,0.220000,256.561340,3.000000,5.800000,
8.632939,2,1.000000,0.000000,0.000000,0.000000,1.000000,0.000000,0.000000,0.000000,0.220000,1032.298950,0.000000,0.000000,0.220000,256.548828,3.000000,5.800000,
8.673101,2,1.000000,0.000000,0.000000,0.000000,1.000000,0.000000,0.000000,0.000000,0.220000,1032.338989,0.000000,0.000000,0.220000,256.542633,3.000000,5.800000,
8.714228,2,1.000000,0.000000,0.000000,0.000000,1.000000,0.000000,0.000000,0.000000,0.220000,1032.379028,0.000000,0.000000,0.220000,256.535889,3.000000,5.800000,
8.752831,2,1.000000,0.000000,0.000000,0.000000,1.000000,0.000000,0.000000,0.000000,0.220000,1032.417969,0.000000,0.000000,0.220000,256.496399,3.000000,5.800000,
8.793513,2,1.000000,0.000000,0.000000,0.000000,1.000000,0.000000,0.000000,0.000000,0.230000,1032.459961,0.000000,0.000000,0.230000,256.510162,3.100000,5.700000,
8.833350,2,1.000000,0.000000,0.000000,0.000000,1.000000,0.000000,0.000000,0.000000,0.230000,1032.500000,0.000000,0.000000,0.230000,256.637573,3.000000,5.200000,
8.873635,2,1.000000,0.000000,0.000000,0.000000,1.000000,0.000000,0.000000,0.000000,0.260000,1032.541992,0.000000,0.000000,0.260000,256.495087,3.000000,4.300000,
8.913917,2,1.000000,0.000000,0.000000,0.000000,1.000000,0.000000,0.000000,0.000000,0.260000,1032.670044,0.000000,0.000000,0.260000,256.261627,2.800000,3.200000,
8.952795,2,1.000000,0.000000,0.000000,0.000000,1.000000,0.000000,0.000000,0.000000,0.260000,1033.060059,0.000000,0.000000,0.260000,256.239746,2.600000,1.500000,
8.993561,2,1.000000,0.000000,0.000000,0.000000,1.000000,0.000000,0.000000,0.000000,0.240000,1033.479980,0.000000,0.000000,0.240000,256.122711,2.200000,0.300000,
9.034072,2,1.000000,0.000000,0.000000,0.000000,1.000000,0.000000,0.000000,0.000000,0.240000,1032.698975,0.000000,0.000000,0.240000,255.677780,2.500000,-0.800000,
9.073895,2,1.000000,0.000000,0.000000,0.000000,1.000000,0.000000,0.000000,0.000000,0.220000,1032.741943,0.000000,0.000000,0.220000,254.961258,3.000000,-1.900000,
9.114000,2,1.000000,0.000000,0.000000,0.000000,1.000000,0.000000,0.000000,0.000000,0.220000,1032.780029,0.000000,0.000000,0.220000,254.344086,3.000000,-2.700000,
9.153040,2,1.000000,0.000000,0.000000,0.000000,1.000000,0.000000,0.000000,0.000000,0.220000,1032.821045,0.000000,0.000000,0.220000,253.827072,3.300000,-2.800000,
9.193888,2,1.000000,0.000000,0.000000,0.000000,1.000000,0.000000,0.000000,0.000000,0.310000,1032.860962,0.000000,0.000000,0.310000,253.589905,3.800000,-3.100000,
9.233898,2,1.000000,0.000000,0.000000,0.000000,1.000000,0.000000,0.000000,0.000000,0.310000,1032.901001,0.000000,0.000000,0.310000,253.582031,4.100000,-3.300000,
9.273719,2,1.000000,0.000000,0.000000,0.000000,1.000000,0.000000,0.000000,0.000000,0.310000,1032.942017,0.000000,0.000000,0.310000,253.796356,4.200000,-3.700000,
9.314445,2,1.000000,0.000000,0.000000,0.000000,1.000000,0.000000,0.000000,0.000000,0.340000,1032.980957,0.000000,0.000000,0.340000,253.986771,4.100000,-3.600000,
9.353120,2,1.000000,0.000000,0.000000,0.000000,1.000000,0.000000,0.000000,0.000000,0.340000,1033.021973,0.000000,0.000000,0.340000,254.290771,3.900000,-3.000000,
9.393958,2,1.000000,0.000000,0.000000,0.000000,1.000000,0.000000,0.000000,0.000000,0.350000,1033.062012,0.000000,0.000000,0.350000,254.557388,4.100000,-2.000000,
9.433349,2,1.000000,0.000000,0.000000,0.000000,1.000000,0.000000,0.000000,0.000000,0.350000,1033.100952,0.000000,0.000000,0.350000,254.879898,4.600000,1.800000,
9.473969,2,1.000000,0.000000,0.000000,0.000000,1.000000,0.000000,0.000000,0.000000,0.340000,1033.142944,0.000000,0.000000,0.340000,255.326736,4.500000,5.600000,
9.514441,2,1.000000,0.000000,0.000000,0.000000,1.000000,0.000000,0.000000,0.000000,0.340000,1033.182983,0.000000,0.000000,0.340000,255.884705,3.900000,6.900000,
9.553523,2,1.000000,0.000000,0.000000,0.000000,1.000000,0.000000,0.000000,0.000000,0.340000,1033.223999,0.000000,0.000000,0.340000,256.345795,3.400000,6.800000,
9.594029,2,1.000000,0.000000,0.000000,0.000000,1.000000,0.000000,0.000000,0.000000,0.320000,1033.264038,0.000000,0.000000,0.320000,256.682953,3.000000,7.900000,
9.632994,2,1.000000,0.000000,0.000000,0.000000,1.000000,0.000000,0.000000,0.000000,0.320000,1033.303955,0.000000,0.000000,0.320000,257.051392,3.000000,8.900000,
9.672885,2,1.000000,0.000000,0.000000,0.000000,1.000000,0.000000,0.000000,0.000000,0.340000,1033.343994,0.000000,0.000000,0.340000,257.388397,2.700000,8.800000,
9.713877,2,1.000000,0.000000,0.000000,0.000000,1.000000,0.000000,0.000000,0.000000,0.340000,1033.384033,0.000000,0.000000,0.340000,257.631470,2.300000,8.600000,
9.753228,2,1.000000,0.000000,0.000000,0.000000,1.000000,0.000000,0.000000,0.000000,0.340000,1033.426025,0.000000,0.000000,0.340000,257.785980,2.400000,8.900000,
9.793754,2,1.000000,0.000000,0.000000,0.000000,1.000000,0.000000,0.000000,0.000000,0.310000,1033.463989,0.000000,0.000000,0.310000,257.952271,2.600000,9.000000,
9.833288,2,1.000000,0.000000,0.000000,0.000000,1.000000,0.000000,0.000000,0.000000,0.310000,1033.494995,0.000000,0.000000,0.310000,258.067688,2.600000,7.800000,
9.873089,2,1.000000,0.000000,0.000000,0.000000,1.000000,0.000000,0.000000,0.000000,0.310000,1033.534058,0.000000,0.000000,0.310000,258.111053,2.800000,6.500000,
9.914328,2,1.000000,0.000000,0.000000,0.000000,1.000000,0.000000,0.000000,0.000000,0.320000,1034.270020,0.000000,0.000000,0.320000,258.110535,2.800000,5.400000,
9.953499,2,1.000000,0.000000,0.000000,0.000000,1.000000,0.000000,0.000000,0.000000,0.320000,1034.010010,0.000000,0.000000,0.320000,258.035248,2.800000,5.000000,
9.993860,2,1.000000,0.000000,0.000000,0.000000,1.000000,0.000000,0.000000,0.000000,0.330000,1034.439941,0.000000,0.000000,0.330000,257.942932,2.900000,4.600000,
10.032892,2,1.000000,0.000000,0.000000,0.000000,1.000000,0.000000,0.000000,0.000000,0.330000,1033.696045,0.000000,0.000000,0.330000,257.884613,3.100000,4.000000,
10.073006,2,1.000000,0.000000,0.000000,0.000000,1.000000,0.000000,0.000000,0.000000,0.330000,1033.734985,0.000000,0.000000,0.330000,257.862762,3.000000,3.300000,
10.113876,2,1.000000,0.000000,0.000000,0.000000,1.000000,0.000000,0.000000,0.000000,0.340000,1033.776978,0.000000,0.000000,0.340000,257.853516,2.700000,3.200000,
10.153233,2,1.000000,0.000000,0.000000,0.000000,1.000000,0.000000,0.000000,0.000000,0.340000,1033.816040,0.000000,0.000000,0.340000,257.819550,2.400000,3.600000,
10.193717,2,1.000000,0.000000,0.000000,0.000000,1.000000,0.000000,0.000000,0.000000,0.350000,1033.857056,0.000000,0.000000,0.350000,257.788544,2.300000,3.600000,
10.232968,2,1.000000,0.000000,0.000000,0.000000,1.000000,0.000000,0.000000,0.000000,0.350000,1033.895996,0.000000,0.000000,0.350000,257.779602,2.400000,3.600000,
10.273322,2,1.000000,0.000000,0.000000,0.000000,1.000000,0.000000,0.000000,0.000000,0.350000,1033.937012,0.000000,0.000000,0.350000,257.794952,2.500000,3.800000,
10.313833,2,1.000000,0.000000,0.000000,0.000000,1.000000,0.000000,0.000000,0.000000,0.340000,1033.977051,0.000000,0.000000,0.340000,257.831329,2.600000,3.700000,
10.353373,2,1.000000,0.000000,0.000000,0.000000,1.000000,0.000000,0.000000,0.000000,0.340000,1034.015991,0.000000,0.000000,0.340000,257.809052,2.600000,3.600000,
10.393688,2,1.000000,0.000000,0.000000,0.000000,1.000000,0.000000,0.000000,0.000000,0.340000,1034.057983,0.000000,0.000000,0.340000,257.743164,2.500000,3.600000,
10.432732,2,1.000000,0.000000,0.000000,0.000000,1.000000,0.000000,0.000000,0.000000,0.340000,1034.098022,0.000000,0.000000,0.340000,257.688354,2.700000,3.900000,
10.473275,2,1.000000,0.000000,0.000000,0.000000,1.000000,0.000000,0.000000,0.000000,0.350000,1034.136963,0.000000,0.000000,0.350000,257.668213,2.900000,3.900000,
10.513461,2,1.000000,0.000000,0.000000,0.000000,1.000000,0.000000,0.000000,0.000000,0.350000,1034.177979,0.000000,0.000000,0.350000,257.656586,2.900000,3.400000,
10.553814,2,1.000000,0.000000,0.000000,0.000000,1.000000,0.000000,0.000000,0.000000,0.350000,1034.218994,0.000000,0.000000,0.350000,257.599060,2.800000,3.000000,
10.593298,2,1.000000,0.000000,0.000000,0.000000,1.000000,0.000000,0.000000,0.000000,0.360000,1034.258057,0.000000,0.000000,0.360000,257.439056,3.100000,3.400000,
10.632921,2,1.000000,0.000000,0.000000,0.000000,1.000000,0.000000,0.000000,0.000000,0.360000,1034.297974,0.000000,0.000000,0.360000,257.281799,4.100000,4.200000,
10.673235,2,1.000000,0.000000,0.000000,0.000000,1.000000,0.000000,0.000000,0.000000,0.400000,1034.337036,0.000000,0.000000,0.400000,257.262512,5.200000,4.500000,
10.713483,2,1.000000,0.000000,0.000000,0.000000,1.000000,0.000000,0.000000,0.000000,0.400000,1034.378052,0.000000,0.000000,0.400000,257.299927,5.200000,3.600000,
10.752531,2,1.000000,0.000000,0.000000,0.000000,1.000000,0.000000,0.000000,0.000000,0.400000,1034.416992,0.000000,0.000000,0.400000,257.219940,4.900000,3.700000,
10.792961,2,1.000000,0.000000,0.000000,0.000000,1.000000,0.000000,0.000000,0.000000,0.330000,1034.458984,0.000000,0.000000,0.330000,257.119598,5.200000,4.500000,
10.832985,2,1.000000,0.000000,0.000000,0.000000,1.000000,0.000000,0.000000,0.000000,0.330000,1034.499023,0.000000,0.000000,0.330000,257.101349,5.400000,4.700000,
10.873943,2,1.000000,0.000000,0.000000,0.000000,1.000000,0.000000,0.000000,0.000000,0.340000,1034.541016,0.000000,0.000000,0.340000,257.089172,5.300000,4.100000,
10.914691,2,1.000000,0.000000,0.000000,0.000000,1.000000,0.000000,0.000000,0.000000,0.340000,1035.469971,0.000000,0.000000,0.340000,257.044830,4.900000,4.100000,
10.952710,2,1.000000,0.000000,0.000000,0.000000,1.000000,0.000000,0.000000,0.000000,0.340000,1035.050049,0.000000,0.000000,0.340000,257.002838,4.800000,4.500000,
10.993326,2,1.000000,0.000000,0.000000,0.000000,1.000000,0.000000,0.000000,0.000000,0.350000,1035.469971,0.000000,0.000000,0.350000,257.017242,4.900000,4.400000,
11.033428,2,1.000000,0.000000,0.000000,0.000000,1.000000,0.000000,0.000000,0.000000,0.350000,1034.698975,0.000000,0.000000,0.350000,256.988495,4.900000,4.000000,
11.073534,2,1.000000,0.000000,0.000000,0.000000,1.000000,0.000000,0.000000,0.000000,0.350000,1034.739014,0.000000,0.000000,0.350000,256.925903,4.700000,4.200000,
11.114206,2,1.000000,0.000000,0.000000,0.000000,1.000000,0.000000,0.000000,0.000000,0.400000,1034.777954,0.000000,0.000000,0.400000,256.898163,4.900000,4.600000,
11.153215,2,1.000000,0.000000,0.000000,0.000000,1.000000,0.000000,0.000000,0.000000,0.400000,1034.818970,0.000000,0.000000,0.400000,256.888123,5.200000,4.700000,
11.193697,2,1.000000,0.000000,0.000000,0.000000,1.000000,0.000000,0.000000,0.000000,0.370000,1034.859985,0.000000,0.000000,0.370000,256.830505,5.100000,4.400000,
11.232653,2,1.000000,0.000000,0.000000,0.000000,1.000000,0.000000,0.000000,0.000000,0.370000,1034.897949,0.000000,0.000000,0.370000,256.728790,5.100000,4.200000,
11.273063,2,1.000000,0.000000,0.000000,0.000000,1.000000,0.000000,0.000000,0.000000,0.370000,1034.941040,0.000000,0.000000,0.370000,256.626648,5.100000,3.700000,
11.313611,2,1.000000,0.000000,0.000000,0.000000,1.000000,0.000000,0.000000,0.000000,0.370000,1034.978027,0.000000,0.000000,0.370000,256.565979,5.100000,3.600000,
11.352799,2,1.000000,0.000000,0.000000,0.000000,1.000000,0.000000,0.000000,0.000000,0.370000,1035.017944,0.000000,0.000000,0.370000,256.507935,5.000000,4.400000,
11.393485,2,1.000000,0.000000,0.000000,0.000000,1.000000,0.000000,0.000000,0.000000,0.350000,1035.060059,0.000000,0.000000,0.350000,256.516968,4.800000,4.800000,
11.432746,2,1.000000,0.000000,0.000000,0.000000,1.000000,0.000000,0.000000,0.000000,0.350000,1035.099976,0.000000,0.000000,0.350000,256.527832,4.600000,4.500000,
11.473197,2,1.000000,0.000000,0.000000,0.000000,1.000000,0.000000,0.000000,0.000000,0.350000,1035.140991,0.000000,0.000000,0.350000,256.518982,4.600000,3.900000,
11.514011,2,1.000000,0.000000,0.000000,0.000000,1.000000,0.000000,0.000000,0.000000,0.350000,1035.178955,0.000000,0.000000,0.350000,256.529419,4.400000,3.800000,
11.552610,2,1.000000,0.000000,0.000000,0.000000,1.000000,0.000000,0.000000,0.000000,0.350000,1035.218018,0.000000,0.000000,0.350000,256.567627,4.200000,4.100000,
11.593605,2,1.000000,0.000000,0.000000,0.000000,1.000000,0.000000,0.000000,0.000000,0.380000,1035.259033,0.000000,0.000000,0.380000,256.626678,4.200000,4.100000,
11.632830,2,1.000000,0.000000,0.000000,0.000000,1.000000,0.000000,0.000000,0.000000,0.380000,1035.300049,0.000000,0.000000,0.380000,256.683716,4.300000,3.900000,
11.673608,2,1.000000,0.000000,0.000000,0.000000,1.000000,0.000000,0.000000,0.000000,0.340000,1035.342041,0.000000,0.000000,0.340000,256.722412,4.100000,3.300000,
11.714475,2,1.000000,0.000000,0.000000,0.000000,1.000000,0.000000,0.000000,0.000000,0.340000,1035.379028,0.000000,0.000000,0.340000,256.735901,3.800000,3.100000,
11.752750,2,1.000000,0.000000,0.000000,0.000000,1.000000,0.000000,0.000000,0.000000,0.340000,1035.418945,0.000000,0.000000,0.340000,256.732025,3.800000,3.800000,
11.793579,2,1.000000,0.000000,0.000000,0.000000,1.000000,0.000000,0.000000,0.000000,0.370000,1035.461060,0.000000,0.000000,0.370000,256.749664,4.000000,4.500000,
11.833469,2,1.000000,0.000000,0.000000,0.000000,1.000000,0.000000,0.000000,0.000000,0.370000,1035.500977,0.000000,0.000000,0.370000,256.773041,3.900000,4.300000,
11.873872,2,1.000000,0.000000,0.000000,0.000000,1.000000,0.000000,0.000000,0.000000,0.370000,1035.542969,0.000000,0.000000,0.370000,256.769806,3.500000,3.400000,
11.914735,2,1.000000,0.000000,0.000000,0.000000,1.000000,0.000000,0.000000,0.000000,0.370000,1035.689941,0.000000,0.000000,0.370000,256.673981,3.300000,3.400000,
11.953504,2,1.000000,0.000000,0.000000,0.000000,1.000000,0.000000,0.000000,0.000000,0.370000,1036.069946,0.000000,0.000000,0.370000,256.592163,3.500000,4.000000,
11.993151,2,1.000000,0.000000,0.000000,0.000000,1.000000,0.000000,0.000000,0.000000,0.390000,1036.479980,0.000000,0.000000,0.390000,256.541534,3.800000,4.600000,
12.033183,2,1.000000,0.000000,0.000000,0.000000,1.000000,0.000000,0.000000,0.000000,0.390000,1035.699951,0.000000,0.000000,0.390000,256.560852,3.800000,4.300000,
12.073468,2,1.000000,0.000000,0.000000,0.000000,1.000000,0.000000,0.000000,0.000000,0.360000,1035.741943,0.000000,0.000000,0.360000,256.587402,3.500000,3.900000,
12.113959,2,1.000000,0.000000,0.000000,0.000000,1.000000,0.000000,0.000000,0.000000,0.360000,1035.780029,0.000000,0.000000,0.360000,256.591034,3.300000,3.800000,
12.153095,2,1.000000,0.000000,0.000000,0.000000,1.000000,0.000000,0.000000,0.000000,0.360000,1035.819946,0.000000,0.000000,0.360000,256.603027,3.300000,3.900000,
12.193054,2,1.000000,0.000000,0.000000,0.000000,1.000000,0.000000,0.000000,0.000000,0.410000,1035.862061,0.000000,0.000000,0.410000,256.630829,3.700000,4.100000,
12.233468,2,1.000000,0.000000,0.000000,0.000000,1.000000,0.000000,0.000000,0.000000,0.410000,1035.900024,0.000000,0.000000,0.410000,256.669006,3.800000,3.800000,
12.273609,2,1.000000,0.000000,0.000000,0.000000,1.000000,0.000000,0.000000,0.000000,0.350000,1035.942017,0.000000,0.000000,0.350000,256.682587,3.800000,3.600000,
12.313589,2,1.000000,0.000000,0.000000,0.000000,1.000000,0.000000,0.000000,0.000000,0.350000,1035.979980,0.000000,0.000000,0.350000,256.682587,3.800000,3.600000,
12.352956,2,1.000000,0.000000,0.000000,0.000000,1.000000,0.000000,0.000000,0.000000,0.350000,1036.020020,0.000000,0.000000,0.350000,256.603851,3.300000,3.600000,
12.393268,2,1.000000,0.000000,0.000000,0.000000,1.000000,0.000000,0.000000,0.000000,0.370000,1036.062012,0.000000,0.000000,0.370000,256.546021,3.300000,3.800000,
12.433709,2,1.000000,0.000000,0.000000,0.000000,1.000000,0.000000,0.000000,0.000000,0.370000,1036.099976,0.000000,0.000000,0.370000,256.510193,3.500000,3.800000,
12.473183,2,1.000000,0.000000,0.000000,0.000000,1.000000,0.000000,0.000000,0.000000,0.370000,1036.141968,0.000000,0.000000,0.370000,256.488342,3.600000,3.700000,
12.513912,2,1.000000,0.000000,0.000000,0.000000,1.000000,0.000000,0.000000,0.000000,0.370000,1036.180054,0.000000,0.000000,0.370000,256.471191,3.600000,3.800000,
12.552622,2,1.000000,0.000000,0.000000,0.000000,1.000000,0.000000,0.000000,0.000000,0.370000,1036.220947,0.000000,0.000000,0.370000,256.477844,3.600000,3.500000,
12.594824,2,1.000000,0.000000,0.000000,0.000000,1.000000,0.000000,0.000000,0.000000,0.380000,1036.261963,0.000000,0.000000,0.380000,256.461945,3.300000,3.100000,
12.633132,2,1.000000,0.000000,0.000000,0.000000,1.000000,0.000000,0.000000,0.000000,0.380000,1036.302979,0.000000,0.000000,0.380000,256.419220,3.100000,3.200000,
12.673694,2,1.000000,0.000000,0.000000,0.000000,1.000000,0.000000,0.000000,0.000000,0.410000,1036.342041,0.000000,0.000000,0.410000,256.380981,3.200000,4.000000,
12.713478,2,1.000000,0.000000,0.000000,0.000000,1.000000,0.000000,0.000000,0.000000,0.410000,1036.380005,0.000000,0.000000,0.410000,256.408661,3.500000,4.400000,
12.753137,2,1.000000,0.000000,0.000000,0.000000,1.000000,0.000000,0.000000,0.000000,0.410000,1036.421997,0.000000,0.000000,0.410000,256.486786,3.700000,3.800000,
12.792873,2,1.000000,0.000000,0.000000,0.000000,1.000000,0.000000,0.000000,0.000000,0.340000,1036.461060,0.000000,0.000000,0.340000,256.574707,3.600000,3.200000,
12.833319,2,1.000000,0.000000,0.000000,0.000000,1.000000,0.000000,0.000000,0.000000,0.340000,1036.500977,0.000000,0.000000,0.340000,256.639343,3.500000,3.100000,
12.873207,2,1.000000,0.000000,0.000000,0.000000,1.000000,0.000000,0.000000,0.000000,0.420000,1036.541992,0.000000,0.000000,0.420000,256.634705,3.500000,3.200000,
12.913654,2,1.000000,0.000000,0.000000,0.000000,1.000000,0.000000,0.000000,0.000000,0.420000,1036.670044,0.000000,0.000000,0.420000,256.616272,3.600000,3.400000,
12.953828,2,1.000000,0.000000,0.000000,0.000000,1.000000,0.000000,0.000000,0.000000,0.420000,1037.099976,0.000000,0.000000,0.420000,256.625458,3.500000,3.500000,
12.993202,2,1.000000,0.000000,0.000000,0.000000,1.000000,0.000000,0.000000,0.000000,0.380000,1037.479980,0.000000,0.000000,0.380000,256.631439,3.300000,3.400000,
13.033239,2,1.000000,0.000000,0.000000,0.000000,1.000000,0.000000,0.000000,0.000000,0.380000,1036.699951,0.000000,0.000000,0.380000,256.625885,3.300000,3.400000,
13.073539,2,1.000000,0.000000,0.000000,0.000000,1.000000,0.000000,0.000000,0.000000,0.420000,1036.741943,0.000000,0.000000,0.420000,256.625885,3.300000,3.400000,
13.114182,2,1.000000,0.000000,0.000000,0.000000,1.000000,0.000000,0.000000,0.000000,0.420000,1036.780029,0.000000,0.000000,0.420000,256.673553,3.600000,3.400000,
13.153182,2,1.000000,0.000000,0.000000,0.000000,1.000000,0.000000,0.000000,0.000000,0.420000,1036.822021,0.000000,0.000000,0.420000,256.689362,3.600000,2.800000,
13.193242,2,1.000000,0.000000,0.000000,0.000000,1.000000,0.000000,0.000000,0.000000,0.460000,1036.860962,0.000000,0.000000,0.460000,256.676208,3.700000,2.700000,
13.233493,2,1.000000,0.000000,0.000000,0.000000,1.000000,0.000000,0.000000,0.000000,0.460000,1036.900024,0.000000,0.000000,0.460000,256.662048,3.800000,3.300000,
13.273248,2,1.000000,0.000000,0.000000,0.000000,1.000000,0.000000,0.000000,0.000000,0.380000,1036.942017,0.000000,0.000000,0.380000,256.725037,3.700000,3.200000,
13.314385,2,1.000000,0.000000,0.000000,0.000000,1.000000,0.000000,0.000000,0.000000,0.380000,1036.980957,0.000000,0.000000,0.380000,256.787567,3.300000,2.600000,
13.353693,2,1.000000,0.000000,0.000000,0.000000,1.000000,0.000000,0.000000,0.000000,0.380000,1037.020996,0.000000,0.000000,0.380000,256.746246,3.300000,2.600000,
13.393214,2,1.000000,0.000000,0.000000,0.000000,1.000000,0.000000,0.000000,0.000000,0.370000,1037.061035,0.000000,0.000000,0.370000,256.697510,3.700000,3.100000,
13.433295,2,1.000000,0.000000,0.000000,0.000000,1.000000,0.000000,0.000000,0.000000,0.370000,1037.100952,0.000000,0.000000,0.370000,256.733551,3.700000,3.100000,
13.473224,2,1.000000,0.000000,0.000000,0.000000,1.000000,0.000000,0.000000,0.000000,0.390000,1037.141968,0.000000,0.000000,0.390000,256.790649,3.400000,2.800000,
13.514136,2,1.000000,0.000000,0.000000,0.000000,1.000000,0.000000,0.000000,0.000000,0.390000,1037.182983,0.000000,0.000000,0.390000,256.787689,3.300000,2.800000,
13.553327,2,1.000000,0.000000,0.000000,0.000000,1.000000,0.000000,0.000000,0.000000,0.390000,1037.223022,0.000000,0.000000,0.390000,256.794403,3.400000,3.000000,
13.594105,2,1.000000,0.000000,0.000000,0.000000,1.000000,0.000000,0.000000,0.000000,0.410000,1037.260986,0.000000,0.000000,0.410000,256.863892,3.500000,2.600000,
13.632830,2,1.000000,0.000000,0.000000,0.000000,1.000000,0.000000,0.000000,0.000000,0.410000,1037.295044,0.000000,0.000000,0.410000,256.895752,3.500000,2.400000,
13.673447,2,1.000000,0.000000,0.000000,0.000000,1.000000,0.000000,0.000000,0.000000,0.410000,1037.334961,0.000000,0.000000,0.410000,256.956940,3.300000,2.200000,
13.714178,2,1.000000,0.000000,0.000000,0.000000,1.000000,0.000000,0.000000,0.000000,0.420000,1037.375977,0.000000,0.000000,0.420000,256.993408,3.200000,2.600000,
13.754026,2,1.000000,0.000000,0.000000,0.000000,1.000000,0.000000,0.000000,0.000000,0.420000,1037.413940,0.000000,0.000000,0.420000,256.967072,3.500000,3.000000,
13.793334,2,1.000000,0.000000,0.000000,0.000000,1.000000,0.000000,0.000000,0.000000,0.350000,1037.456055,0.000000,0.000000,0.350000,256.957397,3.700000,3.000000,
13.832910,2,1.000000,0.000000,0.000000,0.000000,1.000000,0.000000,0.000000,0.000000,0.350000,1037.494995,0.000000,0.000000,0.350000,256.959015,3.700000,2.900000,
13.872909,2,1.000000,0.000000,0.000000,0.000000,1.000000,0.000000,0.000000,0.000000,0.360000,1037.536011,0.000000,0.000000,0.360000,256.987061,3.600000,3.100000,
13.913851,2,1.000000,0.000000,0.000000,0.000000,1.000000,0.000000,0.000000,0.000000,0.440000,1038.270020,0.000000,0.000000,0.440000,257.047638,3.800000,3.300000,
13.953389,2,1.000000,0.000000,0.000000,0.000000,1.000000,0.000000,0.000000,0.000000,0.440000,1038.010010,0.000000,0.000000,0.440000,257.171906,4.000000,3.300000,
13.993081,2,1.000000,0.000000,0.000000,0.000000,1.000000,0.000000,0.000000,0.000000,0.440000,1038.430054,0.000000,0.000000,0.440000,257.290131,4.000000,3.000000,
14.033716,2,1.000000,0.000000,0.000000,0.000000,1.000000,0.000000,0.000000,0.000000,0.440000,1037.694946,0.000000,0.000000,0.440000,257.368500,4.000000,2.800000,
14.073564,2,1.000000,0.000000,0.000000,0.000000,1.000000,0.000000,0.000000,0.000000,0.440000,1037.734985,0.000000,0.000000,0.440000,257.433289,4.000000,3.000000,
14.113708,2,1.000000,0.000000,0.000000,0.000000,1.000000,0.000000,0.000000,0.000000,0.440000,1037.777954,0.000000,0.000000,0.440000,257.491119,4.000000,3.300000,
14.154946,2,1.000000,0.000000,0.000000,0.000000,1.000000,0.000000,0.000000,0.000000,0.440000,1037.814941,0.000000,0.000000,0.440000,257.504578,3.900000,3.500000,
14.193453,2,1.000000,0.000000,0.000000,0.000000,1.000000,0.000000,0.000000,0.000000,0.340000,1037.858032,0.000000,0.000000,0.340000,257.523682,3.600000,3.500000,
14.232840,2,1.000000,0.000000,0.000000,0.000000,1.000000,0.000000,0.000000,0.000000,0.340000,1037.895996,0.000000,0.000000,0.340000,257.522675,3.700000,3.500000,
14.273455,2,1.000000,0.000000,0.000000,0.000000,1.000000,0.000000,0.000000,0.000000,0.350000,1037.937012,0.000000,0.000000,0.350000,257.526276,3.800000,3.600000,
14.314141,2,1.000000,0.000000,0.000000,0.000000,1.000000,0.000000,0.000000,0.000000,0.430000,1037.977051,0.000000,0.000000,0.430000,257.608307,4.300000,4.100000,
14.353611,2,1.000000,0.000000,0.000000,0.000000,1.000000,0.000000,0.000000,0.000000,0.430000,1038.015015,0.000000,0.000000,0.430000,257.705566,4.500000,4.200000,
14.392968,2,1.000000,0.000000,0.000000,0.000000,1.000000,0.000000,0.000000,0.000000,0.390000,1038.057983,0.000000,0.000000,0.390000,257.809052,4.400000,4.200000,
14.433081,2,1.000000,0.000000,0.000000,0.000000,1.000000,0.000000,0.000000,0.000000,0.390000,1038.095947,0.000000,0.000000,0.390000,257.870544,4.000000,4.400000,
14.474820,2,1.000000,0.000000,0.000000,0.000000,1.000000,0.000000,0.000000,0.000000,0.390000,1038.136963,0.000000,0.000000,0.390000,257.888123,3.700000,4.500000,
14.515438,2,1.000000,0.000000,0.000000,0.000000,1.000000,0.000000,0.000000,0.000000,0.390000,1038.178955,0.000000,0.000000,0.390000,257.889801,4.000000,4.500000,
14.552945,2,1.000000,0.000000,0.000000,0.000000,1.000000,0.000000,0.000000,0.000000,0.390000,1038.215942,0.000000,0.000000,0.390000,257.896515,4.200000,4.500000,
14.593224,2,1.000000,0.000000,0.000000,0.000000,1.000000,0.000000,0.000000,0.000000,0.450000,1038.258057,0.000000,0.000000,0.450000,257.926361,4.400000,4.400000,
14.633666,2,1.000000,0.000000,0.000000,0.000000,1.000000,0.000000,0.000000,0.000000,0.450000,1038.296021,0.000000,0.000000,0.450000,257.899292,4.000000,4.100000,
14.673123,2,1.000000,0.000000,0.000000,0.000000,1.000000,0.000000,0.000000,0.000000,0.370000,1038.338013,0.000000,0.000000,0.370000,257.819489,3.600000,4.100000,
14.714549,2,1.000000,0.000000,0.000000,0.000000,1.000000,0.000000,0.000000,0.000000,0.370000,1038.380005,0.000000,0.000000,0.370000,257.696320,3.500000,4.100000,
14.752850,2,1.000000,0.000000,0.000000,0.000000,1.000000,0.000000,0.000000,0.000000,0.370000,1038.417969,0.000000,0.000000,0.370000,257.536407,3.700000,4.400000,
14.793430,2,1.000000,0.000000,0.000000,0.000000,1.000000,0.000000,0.000000,0.000000,0.430000,1038.459961,0.000000,0.000000,0.430000,257.399414,4.000000,4.700000,
14.833590,2,1.000000,0.000000,0.000000,0.000000,1.000000,0.000000,0.000000,0.000000,0.430000,1038.498047,0.000000,0.000000,0.430000,257.258636,4.300000,4.700000,
14.873280,2,1.000000,0.000000,0.000000,0.000000,1.000000,0.000000,0.000000,0.000000,0.380000,1038.537964,0.000000,0.000000,0.380000,257.144104,4.300000,4.700000,
14.913874,2,1.000000,0.000000,0.000000,0.000000,1.000000,0.000000,0.000000,0.000000,0.380000,1039.369995,0.000000,0.000000,0.380000,256.992126,4.000000,4.400000,
14.952836,2,1.000000,0.000000,0.000000,0.000000,1.000000,0.000000,0.000000,0.000000,0.380000,1039.050049,0.000000,0.000000,0.380000,256.842926,3.900000,4.400000,
14.993067,2,1.000000,0.000000,0.000000,0.000000,1.000000,0.000000,0.000000,0.000000,0.450000,1039.469971,0.000000,0.000000,0.450000,256.688385,4.100000,4.500000,
15.033400,2,1.000000,0.000000,0.000000,0.000000,1.000000,0.000000,0.000000,0.000000,0.450000,1038.697998,0.000000,0.000000,0.450000,256.594055,4.500000,4.600000,
15.072735,2,1.000000,0.000000,0.000000,0.000000,1.000000,0.000000,0.000000,0.000000,0.460000,1038.738037,0.000000,0.000000,0.460000,256.545715,4.400000,4.800000,
15.113730,2,1.000000,0.000000,0.000000,0.000000,1.000000,0.000000,0.000000,0.000000,0.460000,1038.779053,0.000000,0.000000,0.460000,256.512817,4.100000,4.700000,
15.152612,2,1.000000,0.000000,0.000000,0.000000,1.000000,0.000000,0.000000,0.000000,0.460000,1038.817993,0.000000,0.000000,0.460000,256.465210,4.100000,4.400000,
15.192934,2,1.000000,0.000000,0.000000,0.000000,1.000000,0.000000,0.000000,0.000000,0.460000,1038.859985,0.000000,0.000000,0.460000,256.407837,4.100000,4.400000,
15.233570,2,1.000000,0.000000,0.000000,0.000000,1.000000,0.000000,0.000000,0.000000,0.460000,1038.897949,0.000000,0.000000,0.460000,256.352753,4.200000,4.300000,
15.273227,2,1.000000,0.000000,0.000000,0.000000,1.000000,0.000000,0.000000,0.000000,0.460000,1038.938965,0.000000,0.000000,0.460000,256.286530,4.700000,4.500000,
15.313736,2,1.000000,0.000000,0.000000,0.000000,1.000000,0.000000,0.000000,0.000000,0.490000,1038.979004,0.000000,0.000000,0.490000,256.272491,5.000000,4.600000,
15.353274,2,1.000000,0.000000,0.000000,0.000000,1.000000,0.000000,0.000000,0.000000,0.490000,1039.017944,0.000000,0.000000,0.490000,256.269440,4.800000,4.400000,
15.393181,2,1.000000,0.000000,0.000000,0.000000,1.000000,0.000000,0.000000,0.000000,0.510000,1039.060059,0.000000,0.000000,0.510000,256.236450,4.500000,4.200000,
15.432962,2,1.000000,0.000000,0.000000,0.000000,1.000000,0.000000,0.000000,0.000000,0.510000,1039.098022,0.000000,0.000000,0.510000,256.188690,4.600000,4.400000,
15.473104,2,1.000000,0.000000,0.000000,0.000000,1.000000,0.000000,0.000000,0.000000,0.500000,1039.139038,0.000000,0.000000,0.500000,256.180145,4.800000,4.500000,
15.513535,2,1.000000,0.000000,0.000000,0.000000,1.000000,0.000000,0.000000,0.000000,0.500000,1039.178955,0.000000,0.000000,0.500000,256.178680,4.600000,4.100000,
15.552793,2,1.000000,0.000000,0.000000,0.000000,1.000000,0.000000,0.000000,0.000000,0.500000,1039.219971,0.000000,0.000000,0.500000,256.188171,4.300000,3.500000,
15.592657,2,1.000000,0.000000,0.000000,0.000000,1.000000,0.000000,0.000000,0.000000,0.500000,1039.260010,0.000000,0.000000,0.500000,256.166290,4.200000,3.300000,
15.634211,2,1.000000,0.000000,0.000000,0.000000,1.000000,0.000000,0.000000,0.000000,0.500000,1039.301025,0.000000,0.000000,0.500000,256.147919,4.300000,3.300000,
15.673854,2,1.000000,0.000000,0.000000,0.000000,1.000000,0.000000,0.000000,0.000000,0.510000,1039.342041,0.000000,0.000000,0.510000,256.167786,4.400000,3.200000,
15.714874,2,1.000000,0.000000,0.000000,0.000000,1.000000,0.000000,0.000000,0.000000,0.510000,1039.380981,0.000000,0.000000,0.510000,256.199554,4.400000,2.800000,
15.752981,2,1.000000,0.000000,0.000000,0.000000,1.000000,0.000000,0.000000,0.000000,0.510000,1039.423950,0.000000,0.000000,0.510000,256.230469,4.300000,2.600000,
15.793577,2,1.000000,0.000000,0.000000,0.000000,1.000000,0.000000,0.000000,0.000000,0.500000,1039.462036,0.000000,0.000000,0.500000,256.271698,4.200000,2.600000,
15.833885,2,1.000000,0.000000,0.000000,0.000000,1.000000,0.000000,0.000000,0.000000,0.500000,1039.501953,0.000000,0.000000,0.500000,256.297882,4.300000,2.500000,
15.873848,2,1.000000,0.000000,0.000000,0.000000,1.000000,0.000000,0.000000,0.000000,0.530000,1039.541992,0.000000,0.000000,0.530000,256.308990,4.400000,2.500000,
15.914592,2,1.000000,0.000000,0.000000,0.000000,1.000000,0.000000,0.000000,0.000000,0.530000,1039.699951,0.000000,0.000000,0.530000,256.337372,4.400000,2.400000,
15.953453,2,1.000000,0.000000,0.000000,0.000000,1.000000,0.000000,0.000000,0.000000,0.530000,1040.109985,0.000000,0.000000,0.530000,256.391632,4.400000,2.300000,
15.992863,2,1.000000,0.000000,0.000000,0.000000,1.000000,0.000000,0.000000,0.000000,0.500000,1040.489990,0.000000,0.000000,0.500000,256.451050,4.300000,2.200000,
16.032998,2,1.000000,0.000000,0.000000,0.000000,1.000000,0.000000,0.000000,0.000000,0.500000,1039.702026,0.000000,0.000000,0.500000,256.501160,4.300000,2.200000,
16.073110,2,1.000000,0.000000,0.000000,0.000000,1.000000,0.000000,0.000000,0.000000,0.510000,1039.743042,0.000000,0.000000,0.510000,256.513397,4.300000,2.200000,
16.114234,2,1.000000,0.000000,0.000000,0.000000,1.000000,0.000000,0.000000,0.000000,0.510000,1039.782959,0.000000,0.000000,0.510000,256.515228,4.300000,2.200000,
16.153102,2,1.000000,0.000000,0.000000,0.000000,1.000000,0.000000,0.000000,0.000000,0.510000,1039.823975,0.000000,0.000000,0.510000,256.511414,4.300000,2.400000,
16.193157,2,1.000000,0.000000,0.000000,0.000000,1.000000,0.000000,0.000000,0.000000,0.500000,1039.860962,0.000000,0.000000,0.500000,256.471222,4.500000,2.400000,
16.234180,2,1.000000,0.000000,0.000000,0.000000,1.000000,0.000000,0.000000,0.000000,0.500000,1039.901978,0.000000,0.000000,0.500000,256.460938,4.700000,2.400000,
16.273035,2,1.000000,0.000000,0.000000,0.000000,1.000000,0.000000,0.000000,0.000000,0.550000,1039.944946,0.000000,0.000000,0.550000,256.457581,4.700000,2.400000,
16.313857,2,1.000000,0.000000,0.000000,0.000000,1.000000,0.000000,0.000000,0.000000,0.550000,1039.982056,0.000000,0.000000,0.550000,256.467072,4.700000,2.200000,
16.352983,2,1.000000,0.000000,0.000000,0.000000,1.000000,0.000000,0.000000,0.000000,0.550000,1040.024048,0.000000,0.000000,0.550000,256.463074,4.700000,2.100000,
16.394004,2,1.000000,0.000000,0.000000,0.000000,1.000000,0.000000,0.000000,0.000000,0.530000,1040.062012,0.000000,0.000000,0.530000,256.454865,4.600000,2.100000,
16.433027,2,1.000000,0.000000,0.000000,0.000000,1.000000,0.000000,0.000000,0.000000,0.530000,1040.102051,0.000000,0.000000,0.530000,256.446014,4.500000,2.000000,
16.472918,2,1.000000,0.000000,0.000000,0.000000,1.000000,0.000000,0.000000,0.000000,0.540000,1040.142944,0.000000,0.000000,0.540000,256.424347,4.400000,2.100000,
16.513980,2,1.000000,0.000000,0.000000,0.000000,1.000000,0.000000,0.000000,0.000000,0.540000,1040.182007,0.000000,0.000000,0.540000,256.420898,4.100000,2.300000,
16.553279,2,1.000000,0.000000,0.000000,0.000000,1.000000,0.000000,0.000000,0.000000,0.540000,1040.223022,0.000000,0.000000,0.540000,256.402588,3.700000,2.900000,
16.592824,2,1.000000,0.000000,0.000000,0.000000,1.000000,0.000000,0.000000,0.000000,0.550000,1040.261963,0.000000,0.000000,0.550000,256.398926,3.300000,3.500000,
16.632904,2,1.000000,0.000000,0.000000,0.000000,1.000000,0.000000,0.000000,0.000000,0.550000,1040.303955,0.000000,0.000000,0.550000,256.394196,3.000000,3.700000,
16.672794,2,1.000000,0.000000,0.000000,0.000000,1.000000,0.000000,0.000000,0.000000,0.560000,1040.344971,0.000000,0.000000,0.560000,256.395935,2.900000,3.700000,
16.714106,2,1.000000,0.000000,0.000000,0.000000,1.000000,0.000000,0.000000,0.000000,0.560000,1040.384033,0.000000,0.000000,0.560000,256.377197,2.800000,3.800000,
16.753338,2,1.000000,0.000000,0.000000,0.000000,1.000000,0.000000,0.000000,0.000000,0.560000,1040.425049,0.000000,0.000000,0.560000,256.343445,2.900000,3.900000,
16.793294,2,1.000000,0.000000,0.000000,0.000000,1.000000,0.000000,0.000000,0.000000,0.570000,1040.463013,0.000000,0.000000,0.570000,256.300446,3.000000,4.000000,
16.832949,2,1.000000,0.000000,0.000000,0.000000,1.000000,0.000000,0.000000,0.000000,0.570000,1040.506958,0.000000,0.000000,0.570000,256.268982,3.100000,4.200000,
16.873127,2,1.000000,0.000000,0.000000,0.000000,1.000000,0.000000,0.000000,0.000000,0.600000,1040.543945,0.000000,0.000000,0.600000,256.220520,3.200000,4.400000,
16.913970,2,1.000000,0.000000,0.000000,0.000000,1.000000,0.000000,0.000000,0.000000,0.600000,1041.069946,0.000000,0.000000,0.600000,256.193848,3.300000,4.400000,
16.953459,2,1.000000,0.000000,0.000000,0.000000,1.000000,0.000000,0.000000,0.000000,0.600000,1041.130005,0.000000,0.000000,0.600000,256.192596,3.500000,4.500000,
16.993323,2,1.000000,0.000000,0.000000,0.000000,1.000000,0.000000,0.000000,0.000000,0.590000,1041.510010,0.000000,0.000000,0.590000,256.175110,3.500000,4.500000,
17.033077,2,1.000000,0.000000,0.000000,0.000000,1.000000,0.000000,0.000000,0.000000,0.590000,1040.706055,0.000000,0.000000,0.590000,256.161407,3.400000,4.700000,
17.073659,2,1.000000,0.000000,0.000000,0.000000,1.000000,0.000000,0.000000,0.000000,0.580000,1040.744995,0.000000,0.000000,0.580000,256.141937,3.400000,4.800000,
17.113986,2,1.000000,0.000000,0.000000,0.000000,1.000000,0.000000,0.000000,0.000000,0.580000,1040.776001,0.000000,0.000000,0.580000,256.109222,3.500000,4.900000,
17.153048,2,1.000000,0.000000,0.000000,0.000000,1.000000,0.000000,0.000000,0.000000,0.580000,1040.824951,0.000000,0.000000,0.580000,256.072021,3.500000,5.000000,
17.193306,2,1.000000,0.000000,0.000000,0.000000,1.000000,0.000000,0.000000,0.000000,0.580000,1040.864014,0.000000,0.000000,0.580000,256.061646,3.500000,5.100000,
17.233657,2,1.000000,0.000000,0.000000,0.000000,1.000000,0.000000,0.000000,0.000000,0.580000,1040.894043,0.000000,0.000000,0.580000,256.065460,3.700000,5.200000,
17.273099,2,1.000000,0.000000,0.000000,0.000000,1.000000,0.000000,0.000000,0.000000,0.580000,1040.935059,0.000000,0.000000,0.580000,256.118805,3.800000,5.000000,
17.313848,2,1.000000,0.000000,0.000000,0.000000,1.000000,0.000000,0.000000,0.000000,0.580000,1040.977051,0.000000,0.000000,0.580000,256.184814,3.800000,4.800000,
17.353626,2,1.000000,0.000000,0.000000,0.000000,1.000000,0.000000,0.000000,0.000000,0.580000,1041.015991,0.000000,0.000000,0.580000,256.254181,3.700000,4.700000,
17.393190,2,1.000000,0.000000,0.000000,0.000000,1.000000,0.000000,0.000000,0.000000,0.590000,1041.057007,0.000000,0.000000,0.590000,256.316956,3.500000,4.700000,
17.433811,2,1.000000,0.000000,0.000000,0.000000,1.000000,0.000000,0.000000,0.000000,0.590000,1041.095947,0.000000,0.000000,0.590000,256.367279,3.600000,4.700000,
17.473947,2,1.000000,0.000000,0.000000,0.000000,1.000000,0.000000,0.000000,0.000000,0.590000,1041.135010,0.000000,0.000000,0.590000,256.416138,4.100000,4.800000,
17.514619,2,1.000000,0.000000,0.000000,0.000000,1.000000,0.000000,0.000000,0.000000,0.610000,1041.177002,0.000000,0.000000,0.610000,256.469513,4.600000,4.900000,
17.552997,2,1.000000,0.000000,0.000000,0.000000,1.000000,0.000000,0.000000,0.000000,0.610000,1041.214966,0.000000,0.000000,0.610000,256.522430,5.000000,5.000000,
17.592805,2,1.000000,0.000000,0.000000,0.000000,1.000000,0.000000,0.000000,0.000000,0.620000,1041.258057,0.000000,0.000000,0.620000,256.571625,5.000000,5.000000,
17.633629,2,1.000000,0.000000,0.000000,0.000000,1.000000,0.000000,0.000000,0.000000,0.620000,1041.297974,0.000000,0.000000,0.620000,256.618988,5.000000,5.100000,
17.673340,2,1.000000,0.000000,0.000000,0.000000,1.000000,0.000000,0.000000,0.000000,0.610000,1041.338013,0.000000,0.000000,0.610000,256.654785,5.000000,5.100000,
17.713521,2,1.000000,0.000000,0.000000,0.000000,1.000000,0.000000,0.000000,0.000000,0.600000,1041.379028,0.000000,0.000000,0.600000,256.676941,5.000000,5.100000,
17.752774,2,1.000000,0.000000,0.000000,0.000000,1.000000,0.000000,0.000000,0.000000,0.600000,1041.417969,0.000000,0.000000,0.600000,256.691956,5.000000,5.100000,
17.792956,2,1.000000,0.000000,0.000000,0.000000,1.000000,0.000000,0.000000,0.000000,0.620000,1041.458984,0.000000,0.000000,0.620000,256.705017,5.100000,5.100000,
17.833141,2,1.000000,0.000000,0.000000,0.000000,1.000000,0.000000,0.000000,0.000000,0.620000,1041.496948,0.000000,0.000000,0.620000,256.700897,5.200000,5.100000,
17.872692,2,1.000000,0.000000,0.000000,0.000000,1.000000,0.000000,0.000000,0.000000,0.610000,1041.537964,0.000000,0.000000,0.610000,256.698090,5.200000,5.100000,
17.914088,2,1.000000,0.000000,0.000000,0.000000,1.000000,0.000000,0.000000,0.000000,0.580000,1042.369995,0.000000,0.000000,0.580000,256.645599,5.300000,5.300000,
17.953447,2,1.000000,0.000000,0.000000,0.000000,1.000000,0.000000,0.000000,0.000000,0.570000,1042.050049,0.000000,0.000000,0.570000,256.586700,5.300000,5.400000,
17.993444,2,1.000000,0.000000,0.000000,0.000000,1.000000,0.000000,0.000000,0.000000,0.620000,1042.469971,0.000000,0.000000,0.620000,256.507996,5.200000,5.500000,
18.033805,2,1.000000,0.000000,0.000000,0.000000,1.000000,0.000000,0.000000,0.000000,0.620000,1041.697998,0.000000,0.000000,0.620000,256.427063,5.100000,5.500000,
18.072589,2,1.000000,0.000000,0.000000,0.000000,1.000000,0.000000,0.000000,0.000000,0.600000,1041.738037,0.000000,0.000000,0.600000,256.347504,5.100000,5.500000,
18.113829,2,1.000000,0.000000,0.000000,0.000000,1.000000,0.000000,0.000000,0.000000,0.600000,1041.777954,0.000000,0.000000,0.600000,256.263763,5.100000,5.600000,
18.152983,2,1.000000,0.000000,0.000000,0.000000,1.000000,0.000000,0.000000,0.000000,0.600000,1041.817993,0.000000,0.000000,0.600000,256.197418,5.000000,5.600000,
18.193015,2,1.000000,0.000000,0.000000,0.000000,1.000000,0.000000,0.000000,0.000000,0.620000,1041.860962,0.000000,0.000000,0.620000,256.164368,5.000000,5.600000,
18.233703,2,1.000000,0.000000,0.000000,0.000000,1.000000,0.000000,0.000000,0.000000,0.620000,1041.900024,0.000000,0.000000,0.620000,256.078461,4.800000,5.500000,
18.272860,2,1.000000,0.000000,0.000000,0.000000,1.000000,0.000000,0.000000,0.000000,0.600000,1041.938965,0.000000,0.000000,0.600000,256.045288,4.700000,5.500000,
18.314197,2,1.000000,0.000000,0.000000,0.000000,1.000000,0.000000,0.000000,0.000000,0.600000,1041.979980,0.000000,0.000000,0.600000,256.053284,4.600000,5.400000,
18.352716,2,1.000000,0.000000,0.000000,0.000000,1.000000,0.000000,0.000000,0.000000,0.600000,1042.020020,0.000000,0.000000,0.600000,256.081818,4.600000,5.300000,
18.392951,2,1.000000,0.000000,0.000000,0.000000,1.000000,0.000000,0.000000,0.000000,0.650000,1042.060059,0.000000,0.000000,0.650000,256.134430,4.600000,5.100000,
18.432712,2,1.000000,0.000000,0.000000,0.000000,1.000000,0.000000,0.000000,0.000000,0.650000,1042.100952,0.000000,0.000000,0.650000,256.208954,4.600000,4.900000,
18.472984,2,1.000000,0.000000,0.000000,0.000000,1.000000,0.000000,0.000000,0.000000,0.620000,1042.140015,0.000000,0.000000,0.620000,256.290253,4.300000,4.700000,
18.514442,2,1.000000,0.000000,0.000000,0.000000,1.000000,0.000000,0.000000,0.000000,0.620000,1042.181030,0.000000,0.000000,0.620000,256.368744,4.000000,4.300000,
18.552691,2,1.000000,0.000000,0.000000,0.000000,1.000000,0.000000,0.000000,0.000000,0.620000,1042.219971,0.000000,0.000000,0.620000,256.420227,3.800000,4.300000,
18.593096,2,1.000000,0.000000,0.000000,0.000000,1.000000,0.000000,0.000000,0.000000,0.650000,1042.260986,0.000000,0.000000,0.650000,256.493683,3.900000,4.300000,
18.632887,2,1.000000,0.000000,0.000000,0.000000,1.000000,0.000000,0.000000,0.000000,0.650000,1042.300049,0.000000,0.000000,0.650000,256.560455,3.900000,4.200000,
18.673365,2,1.000000,0.000000,0.000000,0.000000,1.000000,0.000000,0.000000,0.000000,0.680000,1042.340942,0.000000,0.000000,0.680000,256.583923,3.900000,4.200000,
18.713968,2,1.000000,0.000000,0.000000,0.000000,1.000000,0.000000,0.000000,0.000000,0.680000,1042.380981,0.000000,0.000000,0.680000,256.580841,3.900000,4.400000,
18.752894,2,1.000000,0.000000,0.000000,0.000000,1.000000,0.000000,0.000000,0.000000,0.680000,1042.421021,0.000000,0.000000,0.680000,256.551880,3.900000,4.500000,
18.793095,2,1.000000,0.000000,0.000000,0.000000,1.000000,0.000000,0.000000,0.000000,0.660000,1042.461060,0.000000,0.000000,0.660000,256.503723,3.800000,4.500000,
18.833297,2,1.000000,0.000000,0.000000,0.000000,1.000000,0.000000,0.000000,0.000000,0.660000,1042.500000,0.000000,0.000000,0.660000,256.464508,3.600000,4.500000,
18.873372,2,1.000000,0.000000,0.000000,0.000000,1.000000,0.000000,0.000000,0.000000,0.680000,1042.541016,0.000000,0.000000,0.680000,256.445465,3.400000,4.400000,
18.914302,2,1.000000,0.000000,0.000000,0.000000,1.000000,0.000000,0.000000,0.000000,0.680000,1042.680054,0.000000,0.000000,0.680000,256.425110,3.400000,4.300000,
18.953394,2,1.000000,0.000000,0.000000,0.000000,1.000000,0.000000,0.000000,0.000000,0.680000,1043.119995,0.000000,0.000000,0.680000,256.433624,3.400000,4.100000,
18.993718,2,1.000000,0.000000,0.000000,0.000000,1.000000,0.000000,0.000000,0.000000,0.640000,1043.489990,0.000000,0.000000,0.640000,256.459351,3.500000,3.900000,
19.032998,2,1.000000,0.000000,0.000000,0.000000,1.000000,0.000000,0.000000,0.000000,0.640000,1042.703979,0.000000,0.000000,0.640000,256.468231,3.500000,3.700000,
19.073098,2,1.000000,0.000000,0.000000,0.000000,1.000000,0.000000,0.000000,0.000000,0.670000,1042.744995,0.000000,0.000000,0.670000,256.457489,3.400000,3.500000,
19.114108,2,1.000000,0.000000,0.000000,0.000000,1.000000,0.000000,0.000000,0.000000,0.670000,1042.784058,0.000000,0.000000,0.670000,256.435059,3.400000,3.500000,
19.152665,2,1.000000,0.000000,0.000000,0.000000,1.000000,0.000000,0.000000,0.000000,0.670000,1042.824951,0.000000,0.000000,0.670000,256.397339,3.300000,3.400000,
19.193129,2,1.000000,0.000000,0.000000,0.000000,1.000000,0.000000,0.000000,0.000000,0.670000,1042.863037,0.000000,0.000000,0.670000,256.365753,3.200000,3.400000,
19.233371,2,1.000000,0.000000,0.000000,0.000000,1.000000,0.000000,0.000000,0.000000,0.670000,1042.902954,0.000000,0.000000,0.670000,256.340302,3.000000,3.400000,
19.272769,2,1.000000,0.000000,0.000000,0.000000,1.000000,0.000000,0.000000,0.000000,0.690000,1042.943970,0.000000,0.000000,0.690000,256.309967,2.900000,3.300000,
19.313668,2,1.000000,0.000000,0.000000,0.000000,1.000000,0.000000,0.000000,0.000000,0.690000,1042.983032,0.000000,0.000000,0.690000,256.279266,2.900000,3.200000,
19.352785,2,1.000000,0.000000,0.000000,0.000000,1.000000,0.000000,0.000000,0.000000,0.690000,1043.025024,0.000000,0.000000,0.690000,256.248840,2.900000,3.100000,
19.393236,2,1.000000,0.000000,0.000000,0.000000,1.000000,0.000000,0.000000,0.000000,0.690000,1043.062988,0.000000,0.000000,0.690000,256.217651,3.000000,2.900000,
19.433706,2,1.000000,0.000000,0.000000,0.000000,1.000000,0.000000,0.000000,0.000000,0.690000,1043.103027,0.000000,0.000000,0.690000,256.189606,3.200000,2.900000,
19.472694,2,1.000000,0.000000,0.000000,0.000000,1.000000,0.000000,0.000000,0.000000,0.690000,1043.145020,0.000000,0.000000,0.690000,256.159088,3.300000,3.000000,
19.514110,2,1.000000,0.000000,0.000000,0.000000,1.000000,0.000000,0.000000,0.000000,0.690000,1043.175049,0.000000,0.000000,0.690000,256.133392,3.300000,3.000000,
19.552968,2,1.000000,0.000000,0.000000,0.000000,1.000000,0.000000,0.000000,0.000000,0.690000,1043.214966,0.000000,0.000000,0.690000,256.061646,3.400000,3.100000,
19.593230,2,1.000000,0.000000,0.000000,0.000000,1.000000,0.000000,0.000000,0.000000,0.700000,1043.254028,0.000000,0.000000,0.700000,255.972092,3.300000,3.300000,
19.633195,2,1.000000,0.000000,0.000000,0.000000,1.000000,0.000000,0.000000,0.000000,0.700000,1043.295044,0.000000,0.000000,0.700000,255.931366,3.200000,3.400000,
19.673748,2,1.000000,0.000000,0.000000,0.000000,1.000000,0.000000,0.000000,0.000000,0.700000,1043.344971,0.000000,0.000000,0.700000,255.911331,3.100000,3.300000,
19.714718,2,1.000000,0.000000,0.000000,0.000000,1.000000,0.000000,0.000000,0.000000,0.700000,1043.375000,0.000000,0.000000,0.700000,255.894928,3.000000,3.300000,
19.753074,2,1.000000,0.000000,0.000000,0.000000,1.000000,0.000000,0.000000,0.000000,0.700000,1043.413940,0.000000,0.000000,0.700000,255.878448,3.100000,3.300000,
19.793241,2,1.000000,0.000000,0.000000,0.000000,1.000000,0.000000,0.000000,0.000000,0.710000,1043.453979,0.000000,0.000000,0.710000,255.833832,3.400000,3.500000,
19.833339,2,1.000000,0.000000,0.000000,0.000000,1.000000,0.000000,0.000000,0.000000,0.710000,1043.494995,0.000000,0.000000,0.710000,255.810562,3.700000,3.600000,
19.873539,2,1.000000,0.000000,0.000000,0.000000,1.000000,0.000000,0.000000,0.000000,0.710000,1043.534058,0.000000,0.000000,0.710000,255.780182,4.000000,3.700000,
19.914138,2,1.000000,0.000000,0.000000,0.000000,1.000000,0.000000,0.000000,0.000000,0.720000,1044.069946,0.000000,0.000000,0.720000,255.770950,4.000000,3.700000,
19.952982,2,1.000000,0.000000,0.000000,0.000000,1.000000,0.000000,0.000000,0.000000,0.720000,1044.030029,0.000000,0.000000,0.720000,255.767914,3.900000,3.700000,
19.993723,2,1.000000,0.000000,0.000000,0.000000,1.000000,0.000000,0.000000,0.000000,0.730000,1044.430054,0.000000,0.000000,0.730000,255.772461,4.000000,3.700000,
20.032958,2,1.000000,0.000000,0.000000,0.000000,1.000000,0.000000,0.000000,0.000000,0.730000,1043.696045,0.000000,0.000000,0.730000,255.742767,4.100000,3.700000,
20.073335,2,1.000000,0.000000,0.000000,0.000000,1.000000,0.000000,0.000000,0.000000,0.730000,1043.735962,0.000000,0.000000,0.730000,255.699203,4.100000,3.700000,
20.114296,2,1.000000,0.000000,0.000000,0.000000,1.000000,0.000000,0.000000,0.000000,0.740000,1043.776001,0.000000,0.000000,0.740000,255.652618,4.100000,3.900000,
20.153446,2,1.000000,0.000000,0.000000,0.000000,1.000000,0.000000,0.000000,0.000000,0.740000,1043.816040,0.000000,0.000000,0.740000,255.604446,4.200000,4.000000,
20.192937,2,1.000000,0.000000,0.000000,0.000000,1.000000,0.000000,0.000000,0.000000,0.750000,1043.857056,0.000000,0.000000,0.750000,255.548370,4.300000,4.000000,
20.233240,2,1.000000,0.000000,0.000000,0.000000,1.000000,0.000000,0.000000,0.000000,0.750000,1043.897949,0.000000,0.000000,0.750000,255.507675,4.400000,4.000000,
20.272880,2,1.000000,0.000000,0.000000,0.000000,1.000000,0.000000,0.000000,0.000000,0.750000,1043.937988,0.000000,0.000000,0.750000,255.466171,4.400000,4.000000,
20.314993,2,1.000000,0.000000,0.000000,0.000000,1.000000,0.000000,0.000000,0.000000,0.760000,1043.978027,0.000000,0.000000,0.760000,255.455078,4.600000,3.900000,
20.353170,2,1.000000,0.000000,0.000000,0.000000,1.000000,0.000000,0.000000,0.000000,0.760000,1044.016968,0.000000,0.000000,0.760000,255.467041,4.700000,3.700000,
20.393080,2,1.000000,0.000000,0.000000,0.000000,1.000000,0.000000,0.000000,0.000000,0.760000,1044.058960,0.000000,0.000000,0.760000,255.500046,4.800000,3.500000,
20.433231,2,1.000000,0.000000,0.000000,0.000000,1.000000,0.000000,0.000000,0.000000,0.760000,1044.097046,0.000000,0.000000,0.760000,255.541702,5.000000,3.400000,
20.472743,2,1.000000,0.000000,0.000000,0.000000,1.000000,0.000000,0.000000,0.000000,0.760000,1044.137939,0.000000,0.000000,0.760000,255.576401,5.100000,3.400000,
20.514041,2,1.000000,0.000000,0.000000,0.000000,1.000000,0.000000,0.000000,0.000000,0.780000,1044.180054,0.000000,0.000000,0.780000,255.611893,5.200000,3.500000,
20.553069,2,1.000000,0.000000,0.000000,0.000000,1.000000,0.000000,0.000000,0.000000,0.780000,1044.218018,0.000000,0.000000,0.780000,255.627213,5.300000,3.600000,
20.592682,2,1.000000,0.000000,0.000000,0.000000,1.000000,0.000000,0.000000,0.000000,0.770000,1044.260010,0.000000,0.000000,0.770000,255.641571,5.300000,3.800000,
20.632833,2,1.000000,0.000000,0.000000,0.000000,1.000000,0.000000,0.000000,0.000000,0.770000,1044.297974,0.000000,0.000000,0.770000,255.637314,5.300000,3.900000,
20.672857,2,1.000000,0.000000,0.000000,0.000000,1.000000,0.000000,0.000000,0.000000,0.790000,1044.338013,0.000000,0.000000,0.790000,255.650970,5.300000,3.900000,
20.714797,2,1.000000,0.000000,0.000000,0.000000,1.000000,0.000000,0.000000,0.000000,0.790000,1044.378052,0.000000,0.000000,0.790000,255.657852,5.200000,3.900000,
20.753202,2,1.000000,0.000000,0.000000,0.000000,1.000000,0.000000,0.000000,0.000000,0.790000,1044.417969,0.000000,0.000000,0.790000,255.663010,5.100000,4.000000,
20.792991,2,1.000000,0.000000,0.000000,0.000000,1.000000,0.000000,0.000000,0.000000,0.800000,1044.459961,0.000000,0.000000,0.800000,255.642899,5.000000,4.000000,
20.833210,2,1.000000,0.000000,0.000000,0.000000,1.000000,0.000000,0.000000,0.000000,0.800000,1044.498047,0.000000,0.000000,0.800000,255.642151,5.000000,4.000000,
20.873121,2,1.000000,0.000000,0.000000,0.000000,1.000000,0.000000,0.000000,0.000000,0.830000,1044.537964,0.000000,0.000000,0.830000,255.663330,4.900000,3.900000,
20.914649,2,1.000000,0.000000,0.000000,0.000000,1.000000,0.000000,0.000000,0.000000,0.830000,1044.670044,0.000000,0.000000,0.830000,255.717087,4.800000,3.800000,
20.985135,2,1.000000,0.000000,0.000000,0.000000,1.000000,0.000000,0.000000,0.000000,0.830000,1044.979980,0.000000,0.000000,0.830000,255.751541,4.700000,3.700000,
20.996771,2,1.000000,0.000000,0.000000,0.000000,1.000000,0.000000,0.000000,0.000000,0.830000,1045.050049,0.000000,0.000000,0.830000,255.782074,4.700000,3.600000,
21.036469,2,1.000000,0.000000,0.000000,0.000000,1.000000,0.000000,0.000000,0.000000,0.830000,1044.698975,0.000000,0.000000,0.830000,255.877960,4.800000,3.500000,
21.073754,2,1.000000,0.000000,0.000000,0.000000,1.000000,0.000000,0.000000,0.000000,0.830000,1044.743042,0.000000,0.000000,0.830000,255.941376,4.900000,3.500000,
21.113804,2,1.000000,0.000000,0.000000,0.000000,1.000000,0.000000,0.000000,0.000000,0.860000,1044.776001,0.000000,0.000000,0.860000,256.021149,5.000000,3.400000,
21.153276,2,1.000000,0.000000,0.000000,0.000000,1.000000,0.000000,0.000000,0.000000,0.860000,1044.826050,0.000000,0.000000,0.860000,256.066742,5.100000,3.400000,
21.193166,2,1.000000,0.000000,0.000000,0.000000,1.000000,0.000000,0.000000,0.000000,0.860000,1044.864990,0.000000,0.000000,0.860000,256.104004,5.200000,3.400000,
21.232913,2,1.000000,0.000000,0.000000,0.000000,1.000000,0.000000,0.000000,0.000000,0.860000,1044.895020,0.000000,0.000000,0.860000,256.113617,5.200000,3.500000,
21.272999,2,1.000000,0.000000,0.000000,0.000000,1.000000,0.000000,0.000000,0.000000,0.870000,1044.935059,0.000000,0.000000,0.870000,256.113617,5.200000,3.500000,
21.314027,2,1.000000,0.000000,0.000000,0.000000,1.000000,0.000000,0.000000,0.000000,0.890000,1044.975952,0.000000,0.000000,0.890000,256.029510,5.200000,3.800000,
21.353177,2,1.000000,0.000000,0.000000,0.000000,1.000000,0.000000,0.000000,0.000000,0.890000,1045.015015,0.000000,0.000000,0.890000,255.987488,5.100000,3.900000,
21.393081,2,1.000000,0.000000,0.000000,0.000000,1.000000,0.000000,0.000000,0.000000,0.890000,1045.057007,0.000000,0.000000,0.890000,255.961975,5.000000,3.800000,
21.433385,2,1.000000,0.000000,0.000000,0.000000,1.000000,0.000000,0.000000,0.000000,0.890000,1045.094971,0.000000,0.000000,0.890000,255.950760,4.900000,3.600000,
21.472574,2,1.000000,0.000000,0.000000,0.000000,1.000000,0.000000,0.000000,0.000000,0.900000,1045.135010,0.000000,0.000000,0.900000,255.950760,4.900000,3.600000,
21.513556,2,1.000000,0.000000,0.000000,0.000000,1.000000,0.000000,0.000000,0.000000,0.910000,1045.177002,0.000000,0.000000,0.910000,255.950760,4.900000,3.600000,
21.553526,2,1.000000,0.000000,0.000000,0.000000,1.000000,0.000000,0.000000,0.000000,0.910000,1045.214966,0.000000,0.000000,0.910000,255.862259,5.100000,3.800000,
21.593309,2,1.000000,0.000000,0.000000,0.000000,1.000000,0.000000,0.000000,0.000000,0.930000,1045.256958,0.000000,0.000000,0.930000,255.809189,5.100000,3.900000,
21.632581,2,1.000000,0.000000,0.000000,0.000000,1.000000,0.000000,0.000000,0.000000,0.930000,1045.296997,0.000000,0.000000,0.930000,255.789322,4.900000,3.800000,
21.672578,2,1.000000,0.000000,0.000000,0.000000,1.000000,0.000000,0.000000,0.000000,0.940000,1045.338013,0.000000,0.000000,0.940000,255.782333,4.800000,3.700000,
21.715240,2,1.000000,0.000000,0.000000,0.000000,1.000000,0.000000,0.000000,0.000000,0.950000,1045.378052,0.000000,0.000000,0.950000,255.774933,4.800000,3.500000,
21.752941,2,1.000000,0.000000,0.000000,0.000000,1.000000,0.000000,0.000000,0.000000,0.950000,1045.420044,0.000000,0.000000,0.950000,255.756104,4.900000,3.500000,
21.794074,2,1.000000,0.000000,0.000000,0.000000,1.000000,0.000000,0.000000,0.000000,0.970000,1045.462036,0.000000,0.000000,0.970000,255.733231,5.000000,3.700000,
21.833193,2,1.000000,0.000000,0.000000,0.000000,1.000000,0.000000,0.000000,0.000000,0.970000,1045.500000,0.000000,0.000000,0.970000,255.684708,4.900000,3.900000,
21.873683,2,1.000000,0.000000,0.000000,0.000000,1.000000,0.000000,0.000000,0.000000,0.990000,1045.543945,0.000000,0.000000,0.990000,255.684128,4.600000,4.000000,
21.914689,2,1.000000,0.000000,0.000000,0.000000,1.000000,0.000000,0.000000,0.000000,0.990000,1045.689941,0.000000,0.000000,0.990000,255.697113,4.400000,3.900000,
21.952997,2,1.000000,0.000000,0.000000,0.000000,1.000000,0.000000,0.000000,0.000000,0.990000,1046.089966,0.000000,0.000000,0.990000,255.715942,4.300000,3.800000,
21.993107,3,1.000000,290.000000,0.000000,0.000000,1.000000,1.000000,0.000000,0.000000,1.000000,1046.489990,0.000000,0.000000,1.000000,255.713913,4.500000,3.900000,
22.033429,3,1.000000,290.000000,0.000000,0.000000,1.000000,1.000000,0.000000,0.000000,1.000000,1045.703003,0.000000,0.000000,1.000000,255.714432,4.600000,4.100000,
22.073100,3,1.000000,290.000000,0.000000,0.000000,1.000000,1.000000,0.000000,0.000000,1.010000,1045.743042,0.000000,0.000000,1.010000,255.700455,4.600000,4.300000,
22.113534,3,1.000000,290.000000,0.000000,0.000000,1.000000,1.000000,0.000000,0.000000,1.010000,1045.781982,0.000000,0.000000,1.010000,255.712448,4.400000,4.300000,
22.152585,3,1.000000,290.000000,0.000000,0.000000,1.000000,1.000000,0.000000,0.000000,1.010000,1045.822021,0.000000,0.000000,1.010000,255.717560,4.200000,4.300000,
22.192679,3,1.000000,290.000000,0.000000,0.000000,1.000000,1.000000,0.000000,0.000000,1.050000,1045.864014,0.000000,0.000000,1.050000,255.728500,4.100000,4.200000,
22.232955,3,1.000000,290.000000,0.000000,0.000000,1.000000,1.000000,0.000000,0.000000,1.050000,1045.902954,0.000000,0.000000,1.050000,255.758530,4.100000,4.200000,
22.272576,3,1.000000,290.000000,0.000000,0.000000,1.000000,1.000000,0.000000,0.000000,1.060000,1045.946045,0.000000,0.000000,1.060000,255.811035,4.100000,4.100000,
22.313402,3,1.000000,290.000000,0.000000,0.000000,1.000000,1.000000,0.000000,0.000000,1.060000,1045.974976,0.000000,0.000000,1.060000,255.869965,4.200000,4.000000,
22.352837,3,1.000000,290.000000,0.000000,0.000000,1.000000,1.000000,0.000000,0.000000,1.060000,1046.025024,0.000000,0.000000,1.060000,255.918152,4.300000,4.000000,
22.393138,3,1.000000,290.000000,0.000000,0.000000,1.000000,1.000000,0.000000,0.000000,1.060000,1046.053955,0.000000,0.000000,1.060000,255.942856,4.400000,4.100000,
22.432698,3,1.000000,290.000000,0.000000,0.000000,1.000000,1.000000,0.000000,0.000000,1.060000,1046.104004,0.000000,0.000000,1.060000,255.933182,4.500000,4.300000,
22.473398,3,1.000000,290.000000,0.000000,0.000000,1.000000,1.000000,0.000000,0.000000,1.060000,1046.145996,0.000000,0.000000,1.060000,255.895889,4.500000,4.400000,
22.513322,3,1.000000,290.000000,0.000000,0.000000,1.000000,1.000000,0.000000,0.000000,1.060000,1046.175049,0.000000,0.000000,1.060000,255.895889,4.500000,4.400000,
22.552906,3,1.000000,290.000000,0.000000,0.000000,1.000000,1.000000,0.000000,0.000000,1.060000,1046.215942,0.000000,0.000000,1.060000,255.788391,4.300000,4.600000,
22.593115,3,1.000000,290.000000,0.000000,0.000000,1.000000,1.000000,0.000000,0.000000,1.110000,1046.255005,0.000000,0.000000,1.110000,255.767670,4.200000,4.600000,
22.632317,3,1.000000,290.000000,0.000000,0.000000,1.000000,1.000000,0.000000,0.000000,1.110000,1046.295044,0.000000,0.000000,1.110000,255.786224,4.100000,4.500000,
22.673196,3,1.000000,290.000000,0.000000,0.000000,1.000000,1.000000,0.000000,0.000000,1.110000,1046.334961,0.000000,0.000000,1.110000,255.802094,4.100000,4.400000,
22.713283,3,1.000000,290.000000,0.000000,0.000000,1.000000,1.000000,0.000000,0.000000,1.080000,1046.375977,0.000000,0.000000,1.080000,255.800034,4.300000,4.400000,
22.752640,3,1.000000,290.000000,0.000000,0.000000,1.000000,1.000000,0.000000,0.000000,1.080000,1046.415039,0.000000,0.000000,1.080000,255.793808,4.400000,4.500000,
22.793007,3,1.000000,290.000000,0.000000,0.000000,1.000000,1.000000,0.000000,0.000000,1.130000,1046.454956,0.000000,0.000000,1.130000,255.787598,4.400000,4.700000,
22.833084,3,1.000000,290.000000,0.000000,0.000000,1.000000,1.000000,0.000000,0.000000,1.130000,1046.494995,0.000000,0.000000,1.130000,255.837662,4.300000,4.500000,
22.873458,3,1.000000,290.000000,0.000000,0.000000,1.000000,1.000000,0.000000,0.000000,1.130000,1046.534058,0.000000,0.000000,1.130000,255.858002,4.300000,4.300000,
22.913310,3,1.000000,290.000000,0.000000,0.000000,1.000000,1.000000,0.000000,0.000000,1.110000,1047.170044,0.000000,0.000000,1.110000,255.830032,4.400000,4.400000,
22.953068,3,1.000000,290.000000,0.000000,0.000000,1.000000,1.000000,0.000000,0.000000,1.110000,1047.020020,0.000000,0.000000,1.110000,255.852249,4.400000,4.600000,
22.993100,3,1.000000,290.000000,0.000000,0.000000,1.000000,1.000000,0.000000,0.000000,1.130000,1047.410034,0.000000,0.000000,1.130000,255.910416,4.400000,4.400000,
23.032406,3,1.000000,290.000000,0.000000,0.000000,1.000000,1.000000,0.000000,0.000000,1.130000,1046.694946,0.000000,0.000000,1.130000,255.946838,4.400000,4.200000,
23.072965,3,1.000000,290.000000,0.000000,0.000000,1.000000,1.000000,0.000000,0.000000,1.130000,1046.734985,0.000000,0.000000,1.130000,255.973038,4.500000,4.100000,
23.114273,3,1.000000,290.000000,0.000000,0.000000,1.000000,1.000000,0.000000,0.000000,1.110000,1046.779053,0.000000,0.000000,1.110000,255.949387,4.600000,4.500000,
23.153313,3,1.000000,290.000000,0.000000,0.000000,1.000000,1.000000,0.000000,0.000000,1.110000,1046.826050,0.000000,0.000000,1.110000,255.938156,4.700000,4.700000,
23.192697,3,1.000000,290.000000,0.000000,0.000000,1.000000,1.000000,0.000000,0.000000,1.190000,1046.859985,0.000000,0.000000,1.190000,255.937775,4.600000,4.600000,
23.233132,3,1.000000,290.000000,0.000000,0.000000,1.000000,1.000000,0.000000,0.000000,1.190000,1046.904053,0.000000,0.000000,1.190000,255.951965,4.400000,4.500000,
23.272973,3,1.000000,290.000000,0.000000,0.000000,1.000000,1.000000,0.000000,0.000000,1.190000,1046.937012,0.000000,0.000000,1.190000,255.975098,4.300000,4.400000,
23.313577,3,1.000000,290.000000,0.000000,0.000000,1.000000,1.000000,0.000000,0.000000,1.160000,1046.974976,0.000000,0.000000,1.160000,256.012085,4.400000,4.300000,
23.352549,3,1.000000,290.000000,0.000000,0.000000,1.000000,1.000000,0.000000,0.000000,1.160000,1047.014038,0.000000,0.000000,1.160000,256.057465,4.500000,4.300000,
23.392920,3,1.000000,290.000000,0.000000,0.000000,1.000000,1.000000,0.000000,0.000000,1.220000,1047.055054,0.000000,0.000000,1.220000,256.116760,4.600000,4.200000,
23.432976,3,1.000000,290.000000,0.000000,0.000000,1.000000,1.000000,0.000000,0.000000,1.220000,1047.093994,0.000000,0.000000,1.220000,256.166016,4.700000,4.200000,
23.473100,3,1.000000,290.000000,0.000000,0.000000,1.000000,1.000000,0.000000,0.000000,1.210000,1047.135010,0.000000,0.000000,1.210000,256.183289,4.800000,4.200000,
23.513497,3,1.000000,290.000000,0.000000,0.000000,1.000000,1.000000,0.000000,0.000000,1.130000,1047.176025,0.000000,0.000000,1.130000,256.194550,4.900000,4.400000,
23.552550,3,1.000000,290.000000,0.000000,0.000000,1.000000,1.000000,0.000000,0.000000,1.130000,1047.215942,0.000000,0.000000,1.130000,256.211884,4.900000,4.400000,
23.592729,3,1.000000,290.000000,0.000000,0.000000,1.000000,1.000000,0.000000,0.000000,1.180000,1047.258057,0.000000,0.000000,1.180000,256.196289,4.900000,4.500000,
23.632794,3,1.000000,290.000000,0.000000,0.000000,1.000000,1.000000,0.000000,0.000000,1.180000,1047.296997,0.000000,0.000000,1.180000,256.126373,5.500000,5.200000,
23.672672,3,1.000000,290.000000,0.000000,0.000000,1.000000,1.000000,0.000000,0.000000,1.170000,1047.336060,0.000000,0.000000,1.170000,256.114502,5.800000,5.400000,
23.714058,3,1.000000,290.000000,0.000000,0.000000,1.000000,1.000000,0.000000,0.000000,1.140000,1047.376953,0.000000,0.000000,1.140000,256.082855,6.300000,5.900000,
23.752260,3,1.000000,290.000000,0.000000,0.000000,1.000000,1.000000,0.000000,0.000000,1.140000,1047.416016,0.000000,0.000000,1.140000,256.075714,6.100000,6.000000,
23.792785,3,1.000000,290.000000,0.000000,0.000000,1.000000,1.000000,0.000000,0.000000,1.210000,1047.456055,0.000000,0.000000,1.210000,256.085938,5.900000,6.000000,
23.832601,3,1.000000,290.000000,0.000000,0.000000,1.000000,1.000000,0.000000,0.000000,1.210000,1047.495972,0.000000,0.000000,1.210000,256.102722,5.900000,5.900000,
23.872527,3,1.000000,290.000000,0.000000,0.000000,1.000000,1.000000,0.000000,0.000000,1.190000,1047.536011,0.000000,0.000000,1.190000,256.106140,6.100000,6.000000,
23.914039,3,1.000000,290.000000,0.000000,0.000000,1.000000,1.000000,0.000000,0.000000,1.190000,1048.170044,0.000000,0.000000,1.190000,256.095428,6.300000,6.200000,
23.952218,3,1.000000,290.000000,0.000000,0.000000,1.000000,1.000000,0.000000,0.000000,1.190000,1048.040039,0.000000,0.000000,1.190000,256.077881,6.400000,6.300000,
23.992770,3,1.000000,290.000000,0.000000,0.000000,1.000000,1.000000,0.000000,0.000000,1.180000,1048.439941,0.000000,0.000000,1.180000,256.057800,6.400000,6.300000,
24.032454,3,1.000000,290.000000,0.000000,0.000000,1.000000,1.000000,0.000000,0.000000,1.180000,1047.696045,0.000000,0.000000,1.180000,256.027466,6.300000,6.300000,
24.072268,3,1.000000,290.000000,0.000000,0.000000,1.000000,1.000000,0.000000,0.000000,1.180000,1047.735962,0.000000,0.000000,1.180000,256.017456,6.300000,6.200000,
24.113967,3,1.000000,290.000000,0.000000,0.000000,1.000000,1.000000,0.000000,0.000000,1.240000,1047.776978,0.000000,0.000000,1.240000,256.011017,6.300000,6.100000,
24.152751,3,1.000000,290.000000,0.000000,0.000000,1.000000,1.000000,0.000000,0.000000,1.240000,1047.816040,0.000000,0.000000,1.240000,256.012360,6.300000,6.100000,
24.192652,3,1.000000,290.000000,0.000000,0.000000,1.000000,1.000000,0.000000,0.000000,1.260000,1047.855957,0.000000,0.000000,1.260000,256.028870,6.300000,6.000000,
24.233023,3,1.000000,290.000000,0.000000,0.000000,1.000000,1.000000,0.000000,0.000000,1.260000,1047.895020,0.000000,0.000000,1.260000,256.032471,6.100000,6.000000,
24.272864,3,1.000000,290.000000,0.000000,0.000000,1.000000,1.000000,0.000000,0.000000,1.250000,1047.936035,0.000000,0.000000,1.250000,256.031128,5.700000,6.100000,
24.313960,3,1.000000,290.000000,0.000000,0.000000,1.000000,1.000000,0.000000,0.000000,1.240000,1047.977051,0.000000,0.000000,1.240000,256.001312,5.200000,6.300000,
24.352310,3,1.000000,290.000000,0.000000,0.000000,1.000000,1.000000,0.000000,0.000000,1.240000,1048.015991,0.000000,0.000000,1.240000,255.954727,4.700000,6.500000,
24.392856,3,1.000000,290.000000,0.000000,0.000000,1.000000,1.000000,0.000000,0.000000,1.290000,1048.057007,0.000000,0.000000,1.290000,255.894241,4.400000,6.800000,
24.432840,3,1.000000,290.000000,0.000000,0.000000,1.000000,1.000000,0.000000,0.000000,1.290000,1048.097046,0.000000,0.000000,1.290000,255.822586,4.100000,7.100000,
24.472420,3,1.000000,290.000000,0.000000,0.000000,1.000000,1.000000,0.000000,0.000000,1.280000,1048.136963,0.000000,0.000000,1.280000,255.753525,3.800000,7.400000,
24.513607,3,1.000000,290.000000,0.000000,0.000000,1.000000,1.000000,0.000000,0.000000,1.220000,1048.177002,0.000000,0.000000,1.220000,255.703400,3.700000,7.500000,
24.552795,3,1.000000,290.000000,0.000000,0.000000,1.000000,1.000000,0.000000,0.000000,1.220000,1048.218018,0.000000,0.000000,1.220000,255.668198,3.600000,7.600000,
24.592800,3,1.000000,290.000000,0.000000,0.000000,1.000000,1.000000,0.000000,0.000000,1.250000,1048.258057,0.000000,0.000000,1.250000,255.645828,3.600000,7.700000,
24.632307,3,1.000000,290.000000,0.000000,0.000000,1.000000,1.000000,0.000000,0.000000,1.250000,1048.297974,0.000000,0.000000,1.250000,255.608627,3.700000,7.700000,
24.672282,3,1.000000,290.000000,0.000000,0.000000,1.000000,1.000000,0.000000,0.000000,1.280000,1048.337036,0.000000,0.000000,1.280000,255.578781,3.700000,7.700000,
24.713130,3,1.000000,290.000000,0.000000,0.000000,1.000000,1.000000,0.000000,0.000000,1.280000,1048.379028,0.000000,0.000000,1.280000,255.554916,3.700000,7.600000,
24.752163,3,1.000000,290.000000,0.000000,0.000000,1.000000,1.000000,0.000000,0.000000,1.280000,1048.416992,0.000000,0.000000,1.280000,255.524490,3.600000,7.600000,
24.793840,3,1.000000,290.000000,0.000000,0.000000,1.000000,1.000000,0.000000,0.000000,1.220000,1048.458008,0.000000,0.000000,1.220000,255.497818,3.500000,7.700000,
24.832505,3,1.000000,290.000000,0.000000,0.000000,1.000000,1.000000,0.000000,0.000000,1.220000,1048.496948,0.000000,0.000000,1.220000,255.473755,3.500000,7.700000,
24.872718,3,1.000000,290.000000,0.000000,0.000000,1.000000,1.000000,0.000000,0.000000,1.190000,1048.536987,0.000000,0.000000,1.190000,255.447906,3.400000,7.600000,
24.912895,3,1.000000,290.000000,0.000000,0.000000,1.000000,1.000000,0.000000,0.000000,1.190000,1048.670044,0.000000,0.000000,1.190000,255.424011,3.300000,7.600000,
24.952989,3,1.000000,290.000000,0.000000,0.000000,1.000000,1.000000,0.000000,0.000000,1.190000,1049.040039,0.000000,0.000000,1.190000,255.408508,3.300000,7.600000,
24.992578,3,1.000000,290.000000,0.000000,0.000000,1.000000,1.000000,0.000000,0.000000,1.200000,1049.459961,0.000000,0.000000,1.200000,255.398346,3.500000,7.500000,
25.032816,3,1.000000,290.000000,0.000000,0.000000,1.000000,1.000000,0.000000,0.000000,1.200000,1048.697021,0.000000,0.000000,1.200000,255.402100,3.700000,7.400000,
25.072570,3,1.000000,290.000000,0.000000,0.000000,1.000000,1.000000,0.000000,0.000000,1.260000,1048.737061,0.000000,0.000000,1.260000,255.426270,4.200000,7.000000,
25.113402,3,1.000000,290.000000,0.000000,0.000000,1.000000,1.000000,0.000000,0.000000,1.260000,1048.777954,0.000000,0.000000,1.260000,255.436157,4.500000,6.900000,
25.152709,3,1.000000,290.000000,0.000000,0.000000,1.000000,1.000000,0.000000,0.000000,1.260000,1048.817017,0.000000,0.000000,1.260000,255.449982,4.600000,6.900000,
25.192450,3,1.000000,290.000000,0.000000,0.000000,1.000000,1.000000,0.000000,0.000000,1.260000,1048.858032,0.000000,0.000000,1.260000,255.459763,4.700000,6.700000,
25.232856,3,1.000000,290.000000,0.000000,0.000000,1.000000,1.000000,0.000000,0.000000,1.250000,1048.896973,0.000000,0.000000,1.250000,255.490738,4.700000,6.600000,
25.272429,3,1.000000,290.000000,0.000000,0.000000,1.000000,1.000000,0.000000,0.000000,1.230000,1048.937988,0.000000,0.000000,1.230000,255.505234,4.600000,6.500000,
25.313937,3,1.000000,290.000000,0.000000,0.000000,1.000000,1.000000,0.000000,0.000000,1.230000,1048.978027,0.000000,0.000000,1.230000,255.505234,4.600000,6.500000,
25.352828,3,1.000000,290.000000,0.000000,0.000000,1.000000,1.000000,0.000000,0.000000,1.230000,1049.016968,0.000000,0.000000,1.230000,255.505234,4.600000,6.500000,
25.392735,3,1.000000,290.000000,0.000000,0.000000,1.000000,1.000000,0.000000,0.000000,1.230000,1049.057983,0.000000,0.000000,1.230000,255.505234,4.600000,6.500000,
25.432891,3,1.000000,290.000000,0.000000,0.000000,1.000000,1.000000,0.000000,0.000000,1.230000,1049.098022,0.000000,0.000000,1.230000,255.686325,4.900000,5.700000,
25.472246,3,1.000000,290.000000,0.000000,0.000000,1.000000,1.000000,0.000000,0.000000,1.280000,1049.136963,0.000000,0.000000,1.280000,255.721054,4.900000,5.600000,
25.514017,3,1.000000,290.000000,0.000000,0.000000,1.000000,1.000000,0.000000,0.000000,1.280000,1049.177979,0.000000,0.000000,1.280000,255.737961,5.000000,5.600000,
25.552324,3,1.000000,290.000000,0.000000,0.000000,1.000000,1.000000,0.000000,0.000000,1.280000,1049.217041,0.000000,0.000000,1.280000,255.735519,5.100000,5.600000,
25.592403,3,1.000000,290.000000,0.000000,0.000000,1.000000,1.000000,0.000000,0.000000,1.260000,1049.258057,0.000000,0.000000,1.260000,255.717606,5.100000,5.700000,
25.632306,3,1.000000,290.000000,0.000000,0.000000,1.000000,1.000000,0.000000,0.000000,1.260000,1049.296997,0.000000,0.000000,1.260000,255.706329,5.100000,5.800000,
25.672435,3,1.000000,290.000000,0.000000,0.000000,1.000000,1.000000,0.000000,0.000000,1.260000,1049.338989,0.000000,0.000000,1.260000,255.706329,5.100000,5.800000,
25.713177,3,1.000000,290.000000,0.000000,0.000000,1.000000,1.000000,0.000000,0.000000,1.260000,1049.379028,0.000000,0.000000,1.260000,255.706329,5.100000,5.800000,
25.752827,3,1.000000,290.000000,0.000000,0.000000,1.000000,1.000000,0.000000,0.000000,1.260000,1049.418945,0.000000,0.000000,1.260000,255.706329,5.100000,5.800000,
25.792623,3,1.000000,290.000000,0.000000,0.000000,1.000000,1.000000,0.000000,0.000000,1.260000,1049.458008,0.000000,0.000000,1.260000,255.510468,4.000000,6.100000,
25.832458,3,1.000000,290.000000,0.000000,0.000000,1.000000,1.000000,0.000000,0.000000,1.260000,1049.498047,0.000000,0.000000,1.260000,255.490799,3.800000,6.100000,
25.872292,3,1.000000,290.000000,0.000000,0.000000,1.000000,1.000000,0.000000,0.000000,1.260000,1049.537964,0.000000,0.000000,1.260000,255.484055,3.800000,6.100000,
25.913539,3,1.000000,290.000000,0.000000,0.000000,1.000000,1.000000,0.000000,0.000000,1.290000,1050.369995,0.000000,0.000000,1.290000,255.508774,3.600000,6.100000,
25.952738,3,1.000000,290.000000,0.000000,0.000000,1.000000,1.000000,0.000000,0.000000,1.290000,1050.040039,0.000000,0.000000,1.290000,255.536133,3.600000,6.100000,
25.992664,3,1.000000,290.000000,0.000000,0.000000,1.000000,1.000000,0.000000,0.000000,1.290000,1050.449951,0.000000,0.000000,1.290000,255.536133,3.600000,6.100000,
26.032180,3,1.000000,290.000000,0.000000,0.000000,1.000000,1.000000,0.000000,0.000000,1.290000,1049.697021,0.000000,0.000000,1.290000,255.536133,3.600000,6.100000,
26.072708,3,1.000000,290.000000,0.000000,0.000000,1.000000,1.000000,0.000000,0.000000,1.290000,1049.737061,0.000000,0.000000,1.290000,255.536133,3.600000,6.100000,
26.113521,3,1.000000,290.000000,0.000000,0.000000,1.000000,1.000000,0.000000,0.000000,1.210000,1049.777954,0.000000,0.000000,1.210000,255.693314,3.800000,6.100000,
26.152898,3,1.000000,290.000000,0.000000,0.000000,1.000000,1.000000,0.000000,0.000000,1.210000,1049.817017,0.000000,0.000000,1.210000,255.728455,3.800000,6.000000,
26.192452,3,1.000000,290.000000,0.000000,0.000000,1.000000,1.000000,0.000000,0.000000,1.240000,1049.859985,0.000000,0.000000,1.240000,255.757706,3.700000,6.000000,
26.232830,3,1.000000,290.000000,0.000000,0.000000,1.000000,1.000000,0.000000,0.000000,1.240000,1049.896973,0.000000,0.000000,1.240000,255.777390,3.700000,6.000000,
26.272565,3,1.000000,290.000000,0.000000,0.000000,1.000000,1.000000,0.000000,0.000000,1.240000,1049.937988,0.000000,0.000000,1.240000,255.803802,3.700000,5.900000,
26.313413,3,1.000000,290.000000,0.000000,0.000000,1.000000,1.000000,0.000000,0.000000,1.230000,1049.978027,0.000000,0.000000,1.230000,255.813965,3.600000,5.900000,
26.352376,3,1.000000,290.000000,0.000000,0.000000,1.000000,1.000000,0.000000,0.000000,1.230000,1050.017944,0.000000,0.000000,1.230000,255.813965,3.600000,5.900000,
26.392591,3,1.000000,290.000000,0.000000,0.000000,1.000000,1.000000,0.000000,0.000000,1.230000,1050.060059,0.000000,0.000000,1.230000,255.813965,3.600000,5.900000,
26.433015,3,1.000000,290.000000,0.000000,0.000000,1.000000,1.000000,0.000000,0.000000,1.230000,1050.097046,0.000000,0.000000,1.230000,255.923813,3.300000,5.900000,
26.472371,3,1.000000,290.000000,0.000000,0.000000,1.000000,1.000000,0.000000,0.000000,1.300000,1050.137939,0.000000,0.000000,1.300000,255.941254,3.300000,6.000000,
26.513587,3,1.000000,290.000000,0.000000,0.000000,1.000000,1.000000,0.000000,0.000000,1.300000,1050.177002,0.000000,0.000000,1.300000,255.974106,3.300000,6.000000,
26.552263,3,1.000000,290.000000,0.000000,0.000000,1.000000,1.000000,0.000000,0.000000,1.300000,1050.218018,0.000000,0.000000,1.300000,256.003998,3.300000,6.000000,
26.592721,3,1.000000,290.000000,0.000000,0.000000,1.000000,1.000000,0.000000,0.000000,1.230000,1050.258057,0.000000,0.000000,1.230000,256.012238,3.400000,6.000000,
26.632827,3,1.000000,290.000000,0.000000,0.000000,1.000000,1.000000,0.000000,0.000000,1.230000,1050.296997,0.000000,0.000000,1.230000,256.012970,3.400000,6.100000,
26.672243,3,1.000000,290.000000,0.000000,0.000000,1.000000,1.000000,0.000000,0.000000,1.230000,1050.337036,0.000000,0.000000,1.230000,256.012970,3.400000,6.100000,
26.713259,3,1.000000,290.000000,0.000000,0.000000,1.000000,1.000000,0.000000,0.000000,1.230000,1050.378052,0.000000,0.000000,1.230000,256.012970,3.400000,6.100000,
26.752505,3,1.000000,290.000000,0.000000,0.000000,1.000000,1.000000,0.000000,0.000000,1.230000,1050.416992,0.000000,0.000000,1.230000,256.012970,3.400000,6.100000,
26.792662,3,1.000000,290.000000,0.000000,0.000000,1.000000,1.000000,0.000000,0.000000,1.310000,1050.458984,0.000000,0.000000,1.310000,255.906296,3.200000,6.500000,
26.832331,3,1.000000,290.000000,0.000000,0.000000,1.000000,1.000000,0.000000,0.000000,1.310000,1050.496948,0.000000,0.000000,1.310000,255.883728,3.000000,6.500000,
26.872382,3,1.000000,290.000000,0.000000,0.000000,1.000000,1.000000,0.000000,0.000000,1.310000,1050.536987,0.000000,0.000000,1.310000,255.878784,3.000000,6.400000,
26.913462,3,1.000000,290.000000,0.000000,0.000000,1.000000,1.000000,0.000000,0.000000,1.310000,1051.270020,0.000000,0.000000,1.310000,255.899704,2.900000,6.300000,
26.952300,3,1.000000,290.000000,0.000000,0.000000,1.000000,1.000000,0.000000,0.000000,1.310000,1051.040039,0.000000,0.000000,1.310000,255.946442,3.000000,6.100000,
26.992787,3,1.000000,290.000000,0.000000,0.000000,1.000000,1.000000,0.000000,0.000000,1.310000,1051.449951,0.000000,0.000000,1.310000,255.946442,3.000000,6.100000,
27.032347,3,1.000000,290.000000,0.000000,0.000000,1.000000,1.000000,0.000000,0.000000,1.310000,1050.697021,0.000000,0.000000,1.310000,255.946442,3.000000,6.100000,
27.072197,3,1.000000,290.000000,0.000000,0.000000,1.000000,1.000000,0.000000,0.000000,1.310000,1050.738037,0.000000,0.000000,1.310000,255.946442,3.000000,6.100000,
27.113783,3,1.000000,290.000000,0.000000,0.000000,1.000000,1.000000,0.000000,0.000000,1.310000,1050.779053,0.000000,0.000000,1.310000,256.018616,2.900000,6.300000,
27.152328,3,1.000000,290.000000,0.000000,0.000000,1.000000,1.000000,0.000000,0.000000,1.310000,1050.818970,0.000000,0.000000,1.310000,255.993378,2.700000,6.300000,
27.192787,3,1.000000,290.000000,0.000000,0.000000,1.000000,1.000000,0.000000,0.000000,1.310000,1050.860962,0.000000,0.000000,1.310000,255.959290,2.600000,6.300000,
27.232543,3,1.000000,290.000000,0.000000,0.000000,1.000000,1.000000,0.000000,0.000000,1.310000,1050.899048,0.000000,0.000000,1.310000,255.927872,2.500000,6.400000,
27.272303,3,1.000000,290.000000,0.000000,0.000000,1.000000,1.000000,0.000000,0.000000,1.290000,1050.939941,0.000000,0.000000,1.290000,255.896225,2.400000,6.300000,
27.314071,3,1.000000,290.000000,0.000000,0.000000,1.000000,1.000000,0.000000,0.000000,1.290000,1050.979004,0.000000,0.000000,1.290000,255.888000,2.400000,6.300000,
27.352850,3,1.000000,290.000000,0.000000,0.000000,1.000000,1.000000,0.000000,0.000000,1.290000,1051.019043,0.000000,0.000000,1.290000,255.888000,2.400000,6.300000,
27.392642,3,1.000000,290.000000,0.000000,0.000000,1.000000,1.000000,0.000000,0.000000,1.290000,1051.062012,0.000000,0.000000,1.290000,255.888000,2.400000,6.300000,
27.432775,3,1.000000,290.000000,0.000000,0.000000,1.000000,1.000000,0.000000,0.000000,1.300000,1051.098999,0.000000,0.000000,1.300000,255.990967,2.300000,6.100000,
27.472429,3,1.000000,290.000000,0.000000,0.000000,1.000000,1.000000,0.000000,0.000000,1.330000,1051.140015,0.000000,0.000000,1.330000,256.060059,2.400000,6.000000,
27.512821,3,1.000000,290.000000,0.000000,0.000000,1.000000,1.000000,0.000000,0.000000,1.320000,1051.178955,0.000000,0.000000,1.320000,256.133240,2.400000,6.000000,
27.552271,3,1.000000,290.000000,0.000000,0.000000,1.000000,1.000000,0.000000,0.000000,1.320000,1051.218994,0.000000,0.000000,1.320000,256.204773,2.700000,5.800000,
27.593023,3,1.000000,290.000000,0.000000,0.000000,1.000000,1.000000,0.000000,0.000000,1.340000,1051.260986,0.000000,0.000000,1.340000,256.274628,3.200000,5.600000,
27.633050,3,1.000000,290.000000,0.000000,0.000000,1.000000,1.000000,0.000000,0.000000,1.340000,1051.298950,0.000000,0.000000,1.340000,256.341278,3.900000,5.400000,
27.672452,3,1.000000,290.000000,0.000000,0.000000,1.000000,1.000000,0.000000,0.000000,1.340000,1051.339966,0.000000,0.000000,1.340000,256.341278,3.900000,5.400000,
27.713431,3,1.000000,290.000000,0.000000,0.000000,1.000000,1.000000,0.000000,0.000000,1.340000,1051.379028,0.000000,0.000000,1.340000,256.341278,3.900000,5.400000,
27.752417,3,1.000000,290.000000,0.000000,0.000000,1.000000,1.000000,0.000000,0.000000,1.340000,1051.420044,0.000000,0.000000,1.340000,256.341278,3.900000,5.400000,
27.792946,3,1.000000,290.000000,0.000000,0.000000,1.000000,1.000000,0.000000,0.000000,1.340000,1051.461060,0.000000,0.000000,1.340000,256.480591,4.400000,5.600000,
27.832839,3,1.000000,290.000000,0.000000,0.000000,1.000000,1.000000,0.000000,0.000000,1.340000,1051.499023,0.000000,0.000000,1.340000,256.476318,4.500000,5.700000,
27.872353,3,1.000000,290.000000,0.000000,0.000000,1.000000,1.000000,0.000000,0.000000,1.350000,1051.540039,0.000000,0.000000,1.350000,256.467438,4.600000,5.700000,
27.914137,3,1.000000,290.000000,0.000000,0.000000,1.000000,1.000000,0.000000,0.000000,1.350000,1051.670044,0.000000,0.000000,1.350000,256.444672,4.600000,5.700000,
27.953016,3,1.000000,290.000000,0.000000,0.000000,1.000000,1.000000,0.000000,0.000000,1.350000,1052.069946,0.000000,0.000000,1.350000,256.428192,4.500000,5.700000,
27.992800,3,1.000000,290.000000,0.000000,0.000000,1.000000,1.000000,0.000000,0.000000,1.330000,1052.479980,0.000000,0.000000,1.330000,256.438690,4.300000,5.600000,
28.032421,3,1.000000,290.000000,0.000000,0.000000,1.000000,1.000000,0.000000,0.000000,1.330000,1051.698975,0.000000,0.000000,1.330000,256.438690,4.300000,5.600000,
28.072283,3,1.000000,290.000000,0.000000,0.000000,1.000000,1.000000,0.000000,0.000000,1.330000,1051.739990,0.000000,0.000000,1.330000,256.438690,4.300000,5.600000,
28.112928,3,1.000000,290.000000,0.000000,0.000000,1.000000,1.000000,0.000000,0.000000,1.330000,1051.781006,0.000000,0.000000,1.330000,256.438690,4.300000,5.600000,
28.152924,3,1.000000,290.000000,0.000000,0.000000,1.000000,1.000000,0.000000,0.000000,1.360000,1051.818970,0.000000,0.000000,1.360000,256.441254,4.400000,5.500000,
28.193725,3,1.000000,290.000000,0.000000,0.000000,1.000000,1.000000,0.000000,0.000000,1.350000,1051.860962,0.000000,0.000000,1.350000,256.410919,4.400000,5.700000,
28.232886,3,1.000000,290.000000,0.000000,0.000000,1.000000,1.000000,0.000000,0.000000,1.350000,1051.899048,0.000000,0.000000,1.350000,256.420227,4.300000,5.900000,
28.272237,3,1.000000,290.000000,0.000000,0.000000,1.000000,1.000000,0.000000,0.000000,1.350000,1051.939941,0.000000,0.000000,1.350000,256.467224,4.200000,5.700000,
28.313726,3,1.000000,290.000000,0.000000,0.000000,1.000000,1.000000,0.000000,0.000000,1.350000,1051.979980,0.000000,0.000000,1.350000,256.509399,4.300000,5.600000,
28.352339,3,1.000000,290.000000,0.000000,0.000000,1.000000,1.000000,0.000000,0.000000,1.350000,1052.020996,0.000000,0.000000,1.350000,256.513916,4.400000,5.600000,
28.393230,3,1.000000,290.000000,0.000000,0.000000,1.000000,1.000000,0.000000,0.000000,1.350000,1052.062012,0.000000,0.000000,1.350000,256.513916,4.400000,5.600000,
28.433138,3,1.000000,290.000000,0.000000,0.000000,1.000000,1.000000,0.000000,0.000000,1.350000,1052.103027,0.000000,0.000000,1.350000,256.513916,4.400000,5.600000,
28.472550,3,1.000000,290.000000,0.000000,0.000000,1.000000,1.000000,0.000000,0.000000,1.350000,1052.140991,0.000000,0.000000,1.350000,256.513916,4.400000,5.600000,
28.513801,3,1.000000,290.000000,0.000000,0.000000,1.000000,1.000000,0.000000,0.000000,1.350000,1052.182007,0.000000,0.000000,1.350000,256.564941,4.200000,5.500000,
28.552434,3,1.000000,290.000000,0.000000,0.000000,1.000000,1.000000,0.000000,0.000000,1.350000,1052.219971,0.000000,0.000000,1.350000,256.602325,4.200000,5.500000,
28.592727,3,1.000000,290.000000,0.000000,0.000000,1.000000,1.000000,0.000000,0.000000,1.350000,1052.260986,0.000000,0.000000,1.350000,256.632111,4.300000,5.500000,
28.632401,3,1.000000,290.000000,0.000000,0.000000,1.000000,1.000000,0.000000,0.000000,1.350000,1052.302002,0.000000,0.000000,1.350000,256.702820,4.400000,5.400000,
28.673381,3,1.000000,290.000000,0.000000,0.000000,1.000000,1.000000,0.000000,0.000000,1.350000,1052.343018,0.000000,0.000000,1.350000,256.736115,4.400000,5.300000,
28.714292,3,1.000000,290.000000,0.000000,0.000000,1.000000,1.000000,0.000000,0.000000,1.350000,1052.380981,0.000000,0.000000,1.350000,256.736115,4.400000,5.300000,
28.752685,3,1.000000,290.000000,0.000000,0.000000,1.000000,1.000000,0.000000,0.000000,1.350000,1052.421997,0.000000,0.000000,1.350000,256.736115,4.400000,5.300000,
28.793167,3,1.000000,290.000000,0.000000,0.000000,1.000000,1.000000,0.000000,0.000000,1.350000,1052.462036,0.000000,0.000000,1.350000,256.736115,4.400000,5.300000,
28.832900,3,1.000000,290.000000,0.000000,0.000000,1.000000,1.000000,0.000000,0.000000,1.330000,1052.500977,0.000000,0.000000,1.330000,256.615082,4.600000,5.600000,
28.872386,3,1.000000,290.000000,0.000000,0.000000,1.000000,1.000000,0.000000,0.000000,1.340000,1052.542969,0.000000,0.000000,1.340000,256.551544,4.700000,5.700000,
28.914317,3,1.000000,290.000000,0.000000,0.000000,1.000000,1.000000,0.000000,0.000000,1.340000,1052.689941,0.000000,0.000000,1.340000,256.494629,4.800000,5.800000,
28.952840,3,1.000000,290.000000,0.000000,0.000000,1.000000,1.000000,0.000000,0.000000,1.340000,1053.079956,0.000000,0.000000,1.340000,256.463440,4.700000,5.800000,
28.993124,3,1.000000,290.000000,0.000000,0.000000,1.000000,1.000000,0.000000,0.000000,1.340000,1053.380005,0.000000,0.000000,1.340000,256.465118,4.600000,5.700000,
29.032704,3,1.000000,290.000000,0.000000,0.000000,1.000000,1.000000,0.000000,0.000000,1.340000,1052.702026,0.000000,0.000000,1.340000,256.471039,4.500000,5.500000,
29.072318,3,1.000000,290.000000,0.000000,0.000000,1.000000,1.000000,0.000000,0.000000,1.340000,1052.744019,0.000000,0.000000,1.340000,256.471039,4.500000,5.500000,
29.112949,3,1.000000,290.000000,0.000000,0.000000,1.000000,1.000000,0.000000,0.000000,1.340000,1052.782959,0.000000,0.000000,1.340000,256.471039,4.500000,5.500000,
29.152885,3,1.000000,290.000000,0.000000,0.000000,1.000000,1.000000,0.000000,0.000000,1.340000,1052.822021,0.000000,0.000000,1.340000,256.471039,4.500000,5.500000,
29.192585,3,1.000000,290.000000,0.000000,0.000000,1.000000,1.000000,0.000000,0.000000,1.340000,1052.864014,0.000000,0.000000,1.340000,256.472870,4.500000,5.600000,
29.232673,3,1.000000,290.000000,0.000000,0.000000,1.000000,1.000000,0.000000,0.000000,1.360000,1052.904053,0.000000,0.000000,1.360000,256.510468,4.400000,5.500000,
29.272444,3,1.000000,290.000000,0.000000,0.000000,1.000000,1.000000,0.000000,0.000000,1.340000,1052.942993,0.000000,0.000000,1.340000,256.541077,4.500000,5.500000,
29.313419,3,1.000000,290.000000,0.000000,0.000000,1.000000,1.000000,0.000000,0.000000,1.340000,1052.982056,0.000000,0.000000,1.340000,256.567230,4.600000,5.600000,
29.352465,3,1.000000,290.000000,0.000000,0.000000,1.000000,1.000000,0.000000,0.000000,1.340000,1053.022949,0.000000,0.000000,1.340000,256.580383,4.600000,5.600000,
29.392990,3,1.000000,290.000000,0.000000,0.000000,1.000000,1.000000,0.000000,0.000000,1.340000,1053.062012,0.000000,0.000000,1.340000,256.578064,4.700000,5.600000,
29.432761,3,1.000000,290.000000,0.000000,0.000000,1.000000,1.000000,0.000000,0.000000,1.340000,1053.102051,0.000000,0.000000,1.340000,256.578064,4.700000,5.600000,
29.472926,3,1.000000,290.000000,0.000000,0.000000,1.000000,1.000000,0.000000,0.000000,1.340000,1053.144043,0.000000,0.000000,1.340000,256.578064,4.700000,5.600000,
29.514122,3,1.000000,290.000000,0.000000,0.000000,1.000000,1.000000,0.000000,0.000000,1.340000,1053.182007,0.000000,0.000000,1.340000,256.578064,4.700000,5.600000,
29.552361,3,1.000000,290.000000,0.000000,0.000000,1.000000,1.000000,0.000000,0.000000,1.340000,1053.223022,0.000000,0.000000,1.340000,256.578064,4.700000,5.600000,
29.592982,3,1.000000,290.000000,0.000000,0.000000,1.000000,1.000000,0.000000,0.000000,1.350000,1053.261963,0.000000,0.000000,1.350000,256.546906,4.700000,5.800000,
29.633373,3,1.000000,290.000000,0.000000,0.000000,1.000000,1.000000,0.000000,0.000000,1.350000,1053.302002,0.000000,0.000000,1.350000,256.511139,4.800000,5.900000,
29.672809,3,1.000000,290.000000,0.000000,0.000000,1.000000,1.000000,0.000000,0.000000,1.360000,1053.344971,0.000000,0.000000,1.360000,256.469849,4.800000,6.000000,
29.713772,3,1.000000,290.000000,0.000000,0.000000,1.000000,1.000000,0.000000,0.000000,1.360000,1053.383057,0.000000,0.000000,1.360000,256.415436,4.700000,6.000000,
29.752382,3,1.000000,290.000000,0.000000,0.000000,1.000000,1.000000,0.000000,0.000000,1.360000,1053.423950,0.000000,0.000000,1.360000,256.369141,4.500000,6.000000,
29.792608,3,1.000000,290.000000,0.000000,0.000000,1.000000,1.000000,0.000000,0.000000,1.360000,1053.456055,0.000000,0.000000,1.360000,256.335205,4.500000,6.100000,
29.832663,3,1.000000,290.000000,0.000000,0.000000,1.000000,1.000000,0.000000,0.000000,1.360000,1053.495972,0.000000,0.000000,1.360000,256.335205,4.500000,6.100000,
29.872329,3,1.000000,290.000000,0.000000,0.000000,1.000000,1.000000,0.000000,0.000000,1.360000,1053.535034,0.000000,0.000000,1.360000,256.335205,4.500000,6.100000,
29.913263,3,1.000000,290.000000,0.000000,0.000000,1.000000,1.000000,0.000000,0.000000,1.360000,1054.170044,0.000000,0.000000,1.360000,256.335205,4.500000,6.100000,
29.952464,3,1.000000,290.000000,0.000000,0.000000,1.000000,1.000000,0.000000,0.000000,1.360000,1054.040039,0.000000,0.000000,1.360000,256.335205,4.500000,6.100000,
29.992520,3,1.000000,290.000000,0.000000,0.000000,1.000000,1.000000,0.000000,0.000000,1.360000,1054.439941,0.000000,0.000000,1.360000,256.070526,4.200000,6.300000,
30.032148,3,1.000000,290.000000,0.000000,0.000000,1.000000,1.000000,0.000000,0.000000,1.360000,1053.697021,0.000000,0.000000,1.360000,256.041107,4.200000,6.400000,
30.072629,3,1.000000,290.000000,0.000000,0.000000,1.000000,1.000000,0.000000,0.000000,1.370000,1053.737061,0.000000,0.000000,1.370000,256.021637,4.200000,6.400000,
30.113493,3,1.000000,290.000000,0.000000,0.000000,1.000000,1.000000,0.000000,0.000000,1.370000,1053.776978,0.000000,0.000000,1.370000,255.994507,4.300000,6.500000,
30.152195,3,1.000000,290.000000,0.000000,0.000000,1.000000,1.000000,0.000000,0.000000,1.370000,1053.817017,0.000000,0.000000,1.370000,255.986191,4.300000,6.500000,
30.193199,3,1.000000,290.000000,0.000000,0.000000,1.000000,1.000000,0.000000,0.000000,1.350000,1053.858032,0.000000,0.000000,1.350000,255.966019,4.300000,6.500000,
30.233105,3,1.000000,290.000000,0.000000,0.000000,1.000000,1.000000,0.000000,0.000000,1.350000,1053.899048,0.000000,0.000000,1.350000,255.938568,4.300000,6.500000,
30.273097,3,1.000000,290.000000,0.000000,0.000000,1.000000,1.000000,0.000000,0.000000,1.380000,1053.939941,0.000000,0.000000,1.380000,255.912033,4.200000,6.500000,
30.312876,3,1.000000,290.000000,0.000000,0.000000,1.000000,1.000000,0.000000,0.000000,1.380000,1053.978027,0.000000,0.000000,1.380000,255.889069,4.100000,6.400000,
30.352281,3,1.000000,290.000000,0.000000,0.000000,1.000000,1.000000,0.000000,0.000000,1.380000,1054.017944,0.000000,0.000000,1.380000,255.859497,4.100000,6.400000,
30.392791,3,1.000000,290.000000,0.000000,0.000000,1.000000,1.000000,0.000000,0.000000,1.370000,1054.058960,0.000000,0.000000,1.370000,255.850189,4.000000,6.400000,
30.432485,3,1.000000,290.000000,0.000000,0.000000,1.000000,1.000000,0.000000,0.000000,1.370000,1054.098022,0.000000,0.000000,1.370000,255.848877,4.000000,6.300000,
30.472705,3,1.000000,290.000000,0.000000,0.000000,1.000000,1.000000,0.000000,0.000000,1.380000,1054.137939,0.000000,0.000000,1.380000,255.880539,4.000000,6.200000,
30.513082,3,1.000000,290.000000,0.000000,0.000000,1.000000,1.000000,0.000000,0.000000,1.380000,1054.178955,0.000000,0.000000,1.380000,255.924332,4.100000,6.100000,
30.552869,3,1.000000,290.000000,0.000000,0.000000,1.000000,1.000000,0.000000,0.000000,1.380000,1054.218018,0.000000,0.000000,1.380000,255.981720,4.100000,6.000000,
30.592750,3,1.000000,290.000000,0.000000,0.000000,1.000000,1.000000,0.000000,0.000000,1.370000,1054.259033,0.000000,0.000000,1.370000,256.020416,4.100000,6.000000,
30.633151,3,1.000000,290.000000,0.000000,0.000000,1.000000,1.000000,0.000000,0.000000,1.370000,1054.300049,0.000000,0.000000,1.370000,256.093414,4.100000,6.100000,
30.672593,3,1.000000,290.000000,0.000000,0.000000,1.000000,1.000000,0.000000,0.000000,1.360000,1054.340942,0.000000,0.000000,1.360000,256.149231,4.100000,6.200000,
30.712903,3,1.000000,290.000000,0.000000,0.000000,1.000000,1.000000,0.000000,0.000000,1.360000,1054.380981,0.000000,0.000000,1.360000,256.185272,4.100000,6.200000,
30.752694,3,1.000000,290.000000,0.000000,0.000000,1.000000,1.000000,0.000000,0.000000,1.360000,1054.418945,0.000000,0.000000,1.360000,256.219757,4.100000,6.200000,
30.792562,3,1.000000,290.000000,0.000000,0.000000,1.000000,1.000000,0.000000,0.000000,1.380000,1054.462036,0.000000,0.000000,1.380000,256.252228,4.000000,6.300000,
30.833518,3,1.000000,290.000000,0.000000,0.000000,1.000000,1.000000,0.000000,0.000000,1.380000,1054.500977,0.000000,0.000000,1.380000,256.284058,3.900000,6.400000,
30.872849,3,1.000000,290.000000,0.000000,0.000000,1.000000,1.000000,0.000000,0.000000,1.380000,1054.541992,0.000000,0.000000,1.380000,256.322174,3.800000,6.500000,
30.913543,3,1.000000,290.000000,0.000000,0.000000,1.000000,1.000000,0.000000,0.000000,1.380000,1054.680054,0.000000,0.000000,1.380000,256.353088,3.700000,6.600000,
30.953213,3,1.000000,290.000000,0.000000,0.000000,1.000000,1.000000,0.000000,0.000000,1.380000,1055.089966,0.000000,0.000000,1.380000,256.387207,3.700000,6.700000,
30.992355,3,1.000000,290.000000,0.000000,0.000000,1.000000,1.000000,0.000000,0.000000,1.380000,1055.489990,0.000000,0.000000,1.380000,256.427338,3.700000,6.700000,
31.032526,3,1.000000,290.000000,0.000000,0.000000,1.000000,1.000000,0.000000,0.000000,1.380000,1054.699951,0.000000,0.000000,1.380000,256.467743,3.700000,6.700000,
31.072552,3,1.000000,290.000000,0.000000,0.000000,1.000000,1.000000,0.000000,0.000000,1.380000,1054.740967,0.000000,0.000000,1.380000,256.507874,3.600000,6.800000,
31.113563,3,1.000000,290.000000,0.000000,0.000000,1.000000,1.000000,0.000000,0.000000,1.390000,1054.780029,0.000000,0.000000,1.390000,256.547821,3.600000,6.800000,
31.152869,3,1.000000,290.000000,0.000000,0.000000,1.000000,1.000000,0.000000,0.000000,1.390000,1054.822998,0.000000,0.000000,1.390000,256.590637,3.600000,6.800000,
31.192657,3,1.000000,290.000000,0.000000,0.000000,1.000000,1.000000,0.000000,0.000000,1.370000,1054.860962,0.000000,0.000000,1.370000,256.636780,3.600000,6.800000,
31.233080,3,1.000000,290.000000,0.000000,0.000000,1.000000,1.000000,0.000000,0.000000,1.370000,1054.901001,0.000000,0.000000,1.370000,256.692108,3.600000,6.800000,
31.273169,3,1.000000,290.000000,0.000000,0.000000,1.000000,1.000000,0.000000,0.000000,1.380000,1054.942993,0.000000,0.000000,1.380000,256.734955,3.700000,6.700000,
31.313576,3,1.000000,290.000000,0.000000,0.000000,1.000000,1.000000,0.000000,0.000000,1.380000,1054.980957,0.000000,0.000000,1.380000,256.765961,3.700000,6.700000,
31.352904,3,1.000000,290.000000,0.000000,0.000000,1.000000,1.000000,0.000000,0.000000,1.380000,1055.020996,0.000000,0.000000,1.380000,256.786224,3.700000,6.700000,
31.393273,3,1.000000,290.000000,0.000000,0.000000,1.000000,1.000000,0.000000,0.000000,1.400000,1055.062988,0.000000,0.000000,1.400000,256.789703,3.600000,6.700000,
31.433112,3,1.000000,290.000000,0.000000,0.000000,1.000000,1.000000,0.000000,0.000000,1.400000,1055.104004,0.000000,0.000000,1.400000,256.778076,3.600000,6.600000,
31.473341,3,1.000000,290.000000,0.000000,0.000000,1.000000,1.000000,0.000000,0.000000,1.400000,1055.144043,0.000000,0.000000,1.400000,256.763123,3.500000,6.700000,
31.513075,3,1.000000,290.000000,0.000000,0.000000,1.000000,1.000000,0.000000,0.000000,1.400000,1055.182007,0.000000,0.000000,1.400000,256.761536,3.600000,6.700000,
31.552959,3,1.000000,290.000000,0.000000,0.000000,1.000000,1.000000,0.000000,0.000000,1.400000,1055.224976,0.000000,0.000000,1.400000,256.760559,3.600000,6.700000,
31.592906,3,1.000000,290.000000,0.000000,0.000000,1.000000,1.000000,0.000000,0.000000,1.400000,1055.264038,0.000000,0.000000,1.400000,256.750244,3.700000,6.600000,
31.633117,3,1.000000,290.000000,0.000000,0.000000,1.000000,1.000000,0.000000,0.000000,1.400000,1055.302979,0.000000,0.000000,1.400000,256.730591,3.700000,6.700000,
31.672345,3,1.000000,290.000000,0.000000,0.000000,1.000000,1.000000,0.000000,0.000000,1.410000,1055.343994,0.000000,0.000000,1.410000,256.707520,3.800000,6.800000,
31.713229,3,1.000000,290.000000,0.000000,0.000000,1.000000,1.000000,0.000000,0.000000,1.410000,1055.381958,0.000000,0.000000,1.410000,256.668427,3.800000,6.800000,
31.753218,3,1.000000,290.000000,0.000000,0.000000,1.000000,1.000000,0.000000,0.000000,1.410000,1055.423950,0.000000,0.000000,1.410000,256.639648,3.800000,6.800000,
31.792791,3,1.000000,290.000000,0.000000,0.000000,1.000000,1.000000,0.000000,0.000000,1.410000,1055.463013,0.000000,0.000000,1.410000,256.587524,3.700000,6.800000,
31.832313,3,1.000000,290.000000,0.000000,0.000000,1.000000,1.000000,0.000000,0.000000,1.410000,1055.501953,0.000000,0.000000,1.410000,256.532104,3.600000,6.800000,
31.873160,3,1.000000,290.000000,0.000000,0.000000,1.000000,1.000000,0.000000,0.000000,1.420000,1055.543945,0.000000,0.000000,1.420000,256.468964,3.600000,6.900000,
31.913570,3,1.000000,290.000000,0.000000,0.000000,1.000000,1.000000,0.000000,0.000000,1.420000,1055.689941,0.000000,0.000000,1.420000,256.411224,3.500000,6.900000,
31.953142,3,1.000000,290.000000,0.000000,0.000000,1.000000,1.000000,0.000000,0.000000,1.420000,1056.109985,0.000000,0.000000,1.420000,256.354675,3.500000,6.900000,
31.993191,3,1.000000,290.000000,0.000000,0.000000,1.000000,1.000000,0.000000,0.000000,1.410000,1056.500000,0.000000,0.000000,1.410000,256.287811,3.500000,7.000000,
32.032630,4,0.200000,0.000000,0.000000,0.000000,1.000000,0.000000,0.000000,0.000000,1.410000,1055.702026,0.000000,0.000000,1.410000,256.223755,3.500000,7.000000,
32.073982,4,0.200000,0.000000,0.000000,0.000000,1.000000,0.000000,0.000000,0.000000,1.410000,1055.744019,0.000000,0.000000,1.410000,256.177338,3.600000,7.100000,
32.113396,5,0.200000,0.000000,0.000000,0.000000,1.000000,0.000000,0.000000,0.000000,1.410000,1055.785034,0.000000,0.000000,1.410000,256.122284,3.500000,7.100000,
