11.981196,1,1.000000,0.000000,-0.120000,-0.120000,0.000000,0.000000,1.000000,1.000000,2.150000,1066.489014,0.000000,0.000000,2.150000,211.700928,0.300000,-0.800000,
12.006398,1,1.000000,0.000000,-0.120000,-0.120000,0.000000,0.000000,1.000000,1.000000,2.150000,1066.510010,0.000000,0.000000,2.150000,211.677124,0.200000,-0.800000,
12.047557,1,1.000000,0.000000,-0.120000,-0.120000,0.000000,0.000000,1.000000,1.000000,2.150000,1066.555054,0.000000,0.000000,2.150000,211.713623,0.200000,-0.800000,
12.085435,1,1.000000,0.000000,-0.120000,-0.120000,0.000000,0.000000,1.000000,1.000000,2.150000,1066.599976,0.000000,0.000000,2.150000,211.706970,0.100000,-0.800000,
12.128148,1,1.000000,0.000000,-0.120000,-0.120000,0.000000,0.000000,1.000000,1.000000,2.170000,1066.635010,0.000000,0.000000,2.170000,211.691452,-0.000000,-0.800000,
12.168209,1,1.000000,0.000000,-0.120000,-0.120000,0.000000,0.000000,1.000000,1.000000,2.170000,1066.676025,0.000000,0.000000,2.170000,211.696014,-0.100000,-0.700000,
12.207604,1,1.000000,0.000000,-0.120000,-0.120000,0.000000,0.000000,1.000000,1.000000,2.170000,1066.713989,0.000000,0.000000,2.170000,211.708557,-0.000000,-0.700000,
12.248291,1,1.000000,0.000000,-0.120000,-0.120000,0.000000,0.000000,1.000000,1.000000,2.200000,1066.751953,0.000000,0.000000,2.200000,211.720016,0.200000,-0.600000,
12.286102,1,1.000000,0.000000,-0.120000,-0.120000,0.000000,0.000000,1.000000,1.000000,2.200000,1066.796997,0.000000,0.000000,2.200000,211.726868,0.500000,-0.700000,
12.324831,1,1.000000,0.000000,-0.120000,-0.120000,0.000000,0.000000,1.000000,1.000000,2.200000,1066.833008,0.000000,0.000000,2.200000,211.726868,0.500000,-0.700000,
12.366742,1,1.000000,0.000000,-0.120000,-0.120000,0.000000,0.000000,1.000000,1.000000,2.190000,1066.871948,0.000000,0.000000,2.190000,211.731750,0.800000,-0.700000,
12.405330,1,1.000000,0.000000,-0.120000,-0.120000,0.000000,0.000000,1.000000,1.000000,2.190000,1066.920044,0.000000,0.000000,2.190000,211.745316,0.900000,-0.800000,
12.444559,1,1.000000,0.000000,-0.120000,-0.120000,0.000000,0.000000,1.000000,1.000000,2.250000,1066.956055,0.000000,0.000000,2.250000,211.746857,1.000000,-0.800000,
12.485987,1,1.000000,0.000000,-0.120000,-0.120000,0.000000,0.000000,1.000000,1.000000,2.250000,1066.990967,0.000000,0.000000,2.250000,211.746002,1.100000,-0.800000,
12.528287,1,1.000000,0.000000,-0.120000,-0.120000,0.000000,0.000000,1.000000,1.000000,2.270000,1067.036987,0.000000,0.000000,2.270000,211.735199,1.100000,-0.800000,
12.565486,1,1.000000,0.000000,-0.120000,-0.120000,0.000000,0.000000,1.000000,1.000000,2.270000,1067.073975,0.000000,0.000000,2.270000,211.732056,1.100000,-0.800000,
12.605054,1,1.000000,0.000000,-0.120000,-0.120000,0.000000,0.000000,1.000000,1.000000,2.270000,1067.112061,0.000000,0.000000,2.270000,211.748245,1.100000,-0.800000,
12.644365,1,1.000000,0.000000,-0.120000,-0.120000,0.000000,0.000000,1.000000,1.000000,2.270000,1067.156982,0.000000,0.000000,2.270000,211.773132,1.000000,-0.800000,
12.688646,1,1.000000,0.000000,-0.120000,-0.120000,0.000000,0.000000,1.000000,1.000000,2.270000,1067.189941,0.000000,0.000000,2.270000,211.748795,1.000000,-0.800000,
12.730368,1,1.000000,0.000000,-0.120000,-0.120000,0.000000,0.000000,1.000000,1.000000,2.270000,1067.235962,0.000000,0.000000,2.270000,211.745956,0.900000,-0.800000,
12.769798,1,1.000000,0.000000,-0.120000,-0.120000,0.000000,0.000000,1.000000,1.000000,2.270000,1067.274048,0.000000,0.000000,2.270000,211.724762,0.800000,-0.800000,
12.806401,1,1.000000,0.000000,-0.120000,-0.120000,0.000000,0.000000,1.000000,1.000000,2.270000,1067.318970,0.000000,0.000000,2.270000,211.724030,0.800000,-0.700000,
12.846184,1,1.000000,0.000000,-0.120000,-0.120000,0.000000,0.000000,1.000000,1.000000,2.280000,1067.473999,0.000000,0.000000,2.280000,211.730301,0.800000,-0.700000,
12.886652,1,1.000000,0.000000,-0.120000,-0.120000,0.000000,0.000000,1.000000,1.000000,2.280000,1067.823975,0.000000,0.000000,2.280000,211.704742,0.800000,-0.700000,
12.926573,1,1.000000,0.000000,-0.120000,-0.120000,0.000000,0.000000,1.000000,1.000000,2.280000,1068.274048,0.000000,0.000000,2.280000,211.689316,0.800000,-0.700000,
12.963548,1,1.000000,0.000000,-0.120000,-0.120000,0.000000,0.000000,1.000000,1.000000,2.280000,1067.474976,0.000000,0.000000,2.280000,211.676987,0.700000,-0.700000,
13.005232,1,1.000000,0.000000,-0.120000,-0.120000,0.000000,0.000000,1.000000,1.000000,2.280000,1067.516968,0.000000,0.000000,2.280000,211.642960,0.600000,-0.700000,
13.045702,1,1.000000,0.000000,-0.120000,-0.120000,0.000000,0.000000,1.000000,1.000000,2.290000,1067.552979,0.000000,0.000000,2.290000,211.634216,0.600000,-0.700000,
13.084989,1,1.000000,0.000000,-0.120000,-0.120000,0.000000,0.000000,1.000000,1.000000,2.290000,1067.598022,0.000000,0.000000,2.290000,211.618256,0.600000,-0.600000,
13.119971,1,1.000000,0.000000,-0.120000,-0.120000,0.000000,0.000000,1.000000,1.000000,2.290000,1067.634033,0.000000,0.000000,2.290000,211.620270,0.700000,-0.700000,
13.165974,1,1.000000,0.000000,-0.120000,-0.120000,0.000000,0.000000,1.000000,1.000000,2.300000,1067.676025,0.000000,0.000000,2.300000,211.580887,0.800000,-0.700000,
13.205208,1,1.000000,0.000000,-0.120000,-0.120000,0.000000,0.000000,1.000000,1.000000,2.300000,1067.714966,0.000000,0.000000,2.300000,211.582428,0.800000,-0.700000,
13.246115,1,1.000000,0.000000,-0.120000,-0.120000,0.000000,0.000000,1.000000,1.000000,2.300000,1067.751953,0.000000,0.000000,2.300000,211.584473,0.900000,-0.700000,
13.285820,1,1.000000,0.000000,-0.120000,-0.120000,0.000000,0.000000,1.000000,1.000000,2.300000,1067.797974,0.000000,0.000000,2.300000,211.583313,0.900000,-0.700000,
13.325291,1,1.000000,0.000000,-0.120000,-0.120000,0.000000,0.000000,1.000000,1.000000,2.300000,1067.837036,0.000000,0.000000,2.300000,211.570633,0.900000,-0.700000,
13.366934,1,1.000000,0.000000,-0.120000,-0.120000,0.000000,0.000000,1.000000,1.000000,2.300000,1067.875977,0.000000,0.000000,2.300000,211.565979,1.000000,-0.700000,
13.407383,1,1.000000,0.000000,-0.120000,-0.120000,0.000000,0.000000,1.000000,1.000000,2.300000,1067.916992,0.000000,0.000000,2.300000,211.538971,1.000000,-0.800000,
13.445797,1,1.000000,0.000000,-0.120000,-0.120000,0.000000,0.000000,1.000000,1.000000,2.310000,1067.954956,0.000000,0.000000,2.310000,211.546494,0.900000,-0.800000,
13.485708,1,1.000000,0.000000,-0.120000,-0.120000,0.000000,0.000000,1.000000,1.000000,2.310000,1067.994019,0.000000,0.000000,2.310000,211.544266,0.800000,-0.800000,
13.528315,1,1.000000,0.000000,-0.120000,-0.120000,0.000000,0.000000,1.000000,1.000000,2.310000,1068.034058,0.000000,0.000000,2.310000,211.555283,0.700000,-0.800000,
13.566612,1,1.000000,0.000000,-0.120000,-0.120000,0.000000,0.000000,1.000000,1.000000,2.280000,1068.079956,0.000000,0.000000,2.280000,211.555313,0.600000,-0.800000,
13.607256,1,1.000000,0.000000,-0.120000,-0.120000,0.000000,0.000000,1.000000,1.000000,2.280000,1068.114990,0.000000,0.000000,2.280000,211.557877,0.600000,-0.800000,
13.648874,1,1.000000,0.000000,-0.120000,-0.120000,0.000000,0.000000,1.000000,1.000000,2.270000,1068.151978,0.000000,0.000000,2.270000,211.542496,0.500000,-0.800000,
13.692556,1,1.000000,0.000000,-0.120000,-0.120000,0.000000,0.000000,1.000000,1.000000,2.270000,1068.197998,0.000000,0.000000,2.270000,211.532242,0.500000,-0.900000,
13.730049,1,1.000000,0.000000,-0.120000,-0.120000,0.000000,0.000000,1.000000,1.000000,2.270000,1068.241943,0.000000,0.000000,2.270000,211.514999,0.400000,-0.800000,
13.768656,1,1.000000,0.000000,-0.120000,-0.120000,0.000000,0.000000,1.000000,1.000000,2.280000,1068.276978,0.000000,0.000000,2.280000,211.495392,0.400000,-0.800000,
13.807451,1,1.000000,0.000000,-0.120000,-0.120000,0.000000,0.000000,1.000000,1.000000,2.280000,1068.313965,0.000000,0.000000,2.280000,211.486267,0.500000,-0.700000,
13.848140,1,1.000000,0.000000,-0.120000,-0.120000,0.000000,0.000000,1.000000,1.000000,2.290000,1068.473999,0.000000,0.000000,2.290000,211.475067,0.600000,-0.700000,
13.887778,1,1.000000,0.000000,-0.120000,-0.120000,0.000000,0.000000,1.000000,1.000000,2.290000,1068.843994,0.000000,0.000000,2.290000,211.483658,0.700000,-0.800000,
13.925791,1,1.000000,0.000000,-0.120000,-0.120000,0.000000,0.000000,1.000000,1.000000,2.270000,1069.293945,0.000000,0.000000,2.270000,211.475739,0.900000,-0.800000,
13.968413,1,1.000000,0.000000,-0.120000,-0.120000,0.000000,0.000000,1.000000,1.000000,2.270000,1068.474976,0.000000,0.000000,2.270000,211.477051,1.000000,-0.800000,
14.007091,1,1.000000,0.000000,-0.120000,-0.120000,0.000000,0.000000,1.000000,1.000000,2.270000,1068.517944,0.000000,0.000000,2.270000,211.481674,1.000000,-0.800000,
14.047706,1,1.000000,0.000000,-0.120000,-0.120000,0.000000,0.000000,1.000000,1.000000,2.290000,1068.553955,0.000000,0.000000,2.290000,211.486649,1.000000,-0.800000,
14.086314,1,1.000000,0.000000,-0.120000,-0.120000,0.000000,0.000000,1.000000,1.000000,2.290000,1068.598022,0.000000,0.000000,2.290000,211.505615,0.900000,-0.800000,
14.126163,1,1.000000,0.000000,-0.120000,-0.120000,0.000000,0.000000,1.000000,1.000000,2.290000,1068.633057,0.000000,0.000000,2.290000,211.502335,0.700000,-0.800000,
14.167369,1,1.000000,0.000000,-0.120000,-0.120000,0.000000,0.000000,1.000000,1.000000,2.290000,1068.676025,0.000000,0.000000,2.290000,211.506271,0.600000,-0.700000,
14.210092,1,1.000000,0.000000,-0.120000,-0.120000,0.000000,0.000000,1.000000,1.000000,2.290000,1068.718994,0.000000,0.000000,2.290000,211.525986,0.500000,-0.700000,
14.246420,1,1.000000,0.000000,-0.120000,-0.120000,0.000000,0.000000,1.000000,1.000000,2.290000,1068.756958,0.000000,0.000000,2.290000,211.510071,0.600000,-0.700000,
14.285775,1,1.000000,0.000000,-0.120000,-0.120000,0.000000,0.000000,1.000000,1.000000,2.290000,1068.798950,0.000000,0.000000,2.290000,211.509109,0.700000,-0.700000,
14.322079,1,1.000000,0.000000,-0.120000,-0.120000,0.000000,0.000000,1.000000,1.000000,2.290000,1068.833984,0.000000,0.000000,2.290000,211.523483,0.800000,-0.800000,
14.370923,1,1.000000,0.000000,-0.120000,-0.120000,0.000000,0.000000,1.000000,1.000000,2.290000,1068.866943,0.000000,0.000000,2.290000,211.537872,0.800000,-0.800000,
14.410921,1,1.000000,0.000000,-0.120000,-0.120000,0.000000,0.000000,1.000000,1.000000,2.290000,1068.916992,0.000000,0.000000,2.290000,211.579514,0.900000,-0.800000,
14.449654,1,1.000000,0.000000,-0.120000,-0.120000,0.000000,0.000000,1.000000,1.000000,2.270000,1068.957031,0.000000,0.000000,2.270000,212.656860,1.100000,-0.800000,
14.491619,1,1.000000,0.000000,-0.120000,-0.120000,0.000000,0.000000,1.000000,1.000000,2.270000,1068.995972,0.000000,0.000000,2.270000,213.942169,1.600000,-0.200000,
14.532122,1,1.000000,0.000000,-0.120000,-0.120000,0.000000,0.000000,1.000000,1.000000,2.270000,1069.038940,0.000000,0.000000,2.270000,214.168030,2.100000,0.800000,
14.571097,1,1.000000,0.000000,-0.120000,-0.120000,0.000000,0.000000,1.000000,1.000000,2.280000,1069.072021,0.000000,0.000000,2.280000,214.265518,2.400000,1.000000,
14.607517,1,1.000000,0.000000,-0.120000,-0.120000,0.000000,0.000000,1.000000,1.000000,2.280000,1069.116943,0.000000,0.000000,2.280000,214.615295,3.500000,1.100000,
14.645686,1,1.000000,0.000000,-0.120000,-0.120000,0.000000,0.000000,1.000000,1.000000,2.230000,1069.154053,0.000000,0.000000,2.230000,214.781448,3.900000,1.200000,
14.685609,1,1.000000,0.000000,-0.120000,-0.120000,0.000000,0.000000,1.000000,1.000000,2.230000,1069.192017,0.000000,0.000000,2.230000,214.934753,4.100000,1.100000,
14.728339,1,1.000000,0.000000,-0.120000,-0.120000,0.000000,0.000000,1.000000,1.000000,2.230000,1069.235962,0.000000,0.000000,2.230000,215.060638,4.200000,1.200000,
14.768634,1,1.000000,0.000000,-0.120000,-0.120000,0.000000,0.000000,1.000000,1.000000,2.230000,1069.280029,0.000000,0.000000,2.230000,215.192368,4.300000,1.300000,
14.808764,1,1.000000,0.000000,-0.120000,-0.120000,0.000000,0.000000,1.000000,1.000000,2.230000,1069.316040,0.000000,0.000000,2.230000,215.229355,4.300000,1.300000,
14.848029,1,1.000000,0.000000,-0.120000,-0.120000,0.000000,0.000000,1.000000,1.000000,2.210000,1069.443970,0.000000,0.000000,2.210000,215.290329,4.200000,1.400000,
14.885615,1,1.000000,0.000000,-0.120000,-0.120000,0.000000,0.000000,1.000000,1.000000,2.210000,1069.884033,0.000000,0.000000,2.210000,215.381943,4.200000,1.300000,
14.926430,1,1.000000,0.000000,-0.120000,-0.120000,0.000000,0.000000,1.000000,1.000000,2.210000,1070.274048,0.000000,0.000000,2.210000,215.406998,4.200000,1.300000,
14.965962,1,1.000000,0.000000,-0.120000,-0.120000,0.000000,0.000000,1.000000,1.000000,2.200000,1069.475952,0.000000,0.000000,2.200000,215.441177,4.200000,1.300000,
15.006115,1,1.000000,0.000000,-0.120000,-0.120000,0.000000,0.000000,1.000000,1.000000,2.200000,1069.512939,0.000000,0.000000,2.200000,215.503799,4.300000,1.200000,
15.045257,1,1.000000,0.000000,-0.120000,-0.120000,0.000000,0.000000,1.000000,1.000000,2.200000,1069.557983,0.000000,0.000000,2.200000,215.529480,4.400000,1.200000,
15.085338,1,1.000000,0.000000,-0.120000,-0.120000,0.000000,0.000000,1.000000,1.000000,2.200000,1069.590942,0.000000,0.000000,2.200000,215.548065,4.500000,1.100000,
15.125214,1,1.000000,0.000000,-0.120000,-0.120000,0.000000,0.000000,1.000000,1.000000,2.200000,1069.636963,0.000000,0.000000,2.200000,215.559494,4.600000,1.100000,
15.168554,1,1.000000,0.000000,-0.120000,-0.120000,0.000000,0.000000,1.000000,1.000000,2.200000,1069.672974,0.000000,0.000000,2.200000,215.580658,4.700000,1.100000,
15.206860,1,1.000000,0.000000,-0.120000,-0.120000,0.000000,0.000000,1.000000,1.000000,2.200000,1069.718018,0.000000,0.000000,2.200000,215.571915,4.800000,1.100000,
15.246306,1,1.000000,0.000000,-0.120000,-0.120000,0.000000,0.000000,1.000000,1.000000,2.190000,1069.759033,0.000000,0.000000,2.190000,215.575119,4.800000,1.200000,
15.286782,1,1.000000,0.000000,-0.120000,-0.120000,0.000000,0.000000,1.000000,1.000000,2.190000,1069.796021,0.000000,0.000000,2.190000,215.582581,4.800000,1.200000,
15.329664,1,1.000000,0.000000,-0.120000,-0.120000,0.000000,0.000000,1.000000,1.000000,2.190000,1069.833984,0.000000,0.000000,2.190000,215.575806,4.800000,1.200000,
15.369850,1,1.000000,0.000000,-0.120000,-0.120000,0.000000,0.000000,1.000000,1.000000,2.200000,1069.876953,0.000000,0.000000,2.200000,215.572189,4.800000,1.200000,
15.406280,1,1.000000,0.000000,-0.120000,-0.120000,0.000000,0.000000,1.000000,1.000000,2.200000,1069.916992,0.000000,0.000000,2.200000,215.550369,4.700000,1.100000,
15.445034,1,1.000000,0.000000,-0.120000,-0.120000,0.000000,0.000000,1.000000,1.000000,2.190000,1069.953003,0.000000,0.000000,2.190000,215.513168,4.800000,1.200000,
15.483568,1,1.000000,0.000000,-0.120000,-0.120000,0.000000,0.000000,1.000000,1.000000,2.190000,1069.995972,0.000000,0.000000,2.190000,215.520599,4.800000,1.100000,
15.526156,1,1.000000,0.000000,-0.120000,-0.120000,0.000000,0.000000,1.000000,1.000000,2.190000,1070.036987,0.000000,0.000000,2.190000,215.513794,4.700000,1.100000,
15.566207,1,1.000000,0.000000,-0.120000,-0.120000,0.000000,0.000000,1.000000,1.000000,2.190000,1070.073975,0.000000,0.000000,2.190000,215.519012,4.600000,1.100000,
15.605502,1,1.000000,0.000000,-0.120000,-0.120000,0.000000,0.000000,1.000000,1.000000,2.190000,1070.119019,0.000000,0.000000,2.190000,215.479935,4.500000,1.100000,
15.646543,1,1.000000,0.000000,-0.120000,-0.120000,0.000000,0.000000,1.000000,1.000000,2.180000,1070.154053,0.000000,0.000000,2.180000,215.490723,4.400000,1.100000,
15.687204,1,1.000000,0.000000,-0.120000,-0.120000,0.000000,0.000000,1.000000,1.000000,2.180000,1070.197998,0.000000,0.000000,2.180000,215.479584,4.400000,1.100000,
15.725961,1,1.000000,0.000000,-0.120000,-0.120000,0.000000,0.000000,1.000000,1.000000,2.180000,1070.234009,0.000000,0.000000,2.180000,215.466827,4.300000,1.100000,
15.762603,1,1.000000,0.000000,-0.120000,-0.120000,0.000000,0.000000,1.000000,1.000000,2.190000,1070.277954,0.000000,0.000000,2.190000,215.441605,4.200000,1.100000,
15.809583,1,1.000000,0.000000,-0.120000,-0.120000,0.000000,0.000000,1.000000,1.000000,2.190000,1070.308960,0.000000,0.000000,2.190000,215.451569,4.200000,1.100000,
15.849889,1,1.000000,0.000000,-0.120000,-0.120000,0.000000,0.000000,1.000000,1.000000,2.190000,1071.144043,0.000000,0.000000,2.190000,215.438461,4.200000,1.100000,
15.886355,1,1.000000,0.000000,-0.120000,-0.120000,0.000000,0.000000,1.000000,1.000000,2.190000,1070.894043,0.000000,0.000000,2.190000,215.452026,4.200000,1.200000,
15.922238,1,1.000000,0.000000,-0.120000,-0.120000,0.000000,0.000000,1.000000,1.000000,2.190000,1071.244019,0.000000,0.000000,2.190000,215.436356,4.200000,1.200000,
15.965017,1,1.000000,0.000000,-0.120000,-0.120000,0.000000,0.000000,1.000000,1.000000,2.180000,1070.473999,0.000000,0.000000,2.180000,215.421860,4.200000,1.100000,
16.006124,1,1.000000,0.000000,-0.120000,-0.120000,0.000000,0.000000,1.000000,1.000000,2.180000,1070.517944,0.000000,0.000000,2.180000,215.418060,4.200000,1.200000,
16.047512,1,1.000000,0.000000,-0.120000,-0.120000,0.000000,0.000000,1.000000,1.000000,2.180000,1070.553955,0.000000,0.000000,2.180000,215.381027,4.100000,1.200000,
16.086126,1,1.000000,0.000000,-0.120000,-0.120000,0.000000,0.000000,1.000000,1.000000,2.180000,1070.593018,0.000000,0.000000,2.180000,215.366776,3.900000,1.400000,
16.128855,1,1.000000,0.000000,-0.120000,-0.120000,0.000000,0.000000,1.000000,1.000000,2.190000,1070.631958,0.000000,0.000000,2.190000,215.351395,3.700000,1.400000,
16.166601,1,1.000000,0.000000,-0.120000,-0.120000,0.000000,0.000000,1.000000,1.000000,2.190000,1070.672974,0.000000,0.000000,2.190000,215.323318,3.700000,1.400000,
16.205532,1,1.000000,0.000000,-0.120000,-0.120000,0.000000,0.000000,1.000000,1.000000,2.200000,1070.713013,0.000000,0.000000,2.200000,215.310959,3.600000,1.300000,
16.245427,1,1.000000,0.000000,-0.120000,-0.120000,0.000000,0.000000,1.000000,1.000000,2.200000,1070.754028,0.000000,0.000000,2.200000,215.273804,3.300000,1.000000,
16.287391,1,1.000000,0.000000,-0.120000,-0.120000,0.000000,0.000000,1.000000,1.000000,2.200000,1070.798950,0.000000,0.000000,2.200000,215.244461,0.700000,-1.000000,
16.327960,1,1.000000,0.000000,-0.120000,-0.120000,0.000000,0.000000,1.000000,1.000000,2.160000,1070.833984,0.000000,0.000000,2.160000,215.495560,-4.800000,-4.800000,
16.366995,1,1.000000,0.000000,-0.120000,-0.120000,0.000000,0.000000,1.000000,1.000000,1.890000,1070.875977,0.000000,0.000000,1.890000,216.013840,-9.800000,-7.500000,
16.405561,1,1.000000,0.000000,-0.120000,-0.120000,0.000000,0.000000,1.000000,1.000000,1.850000,1070.913940,0.000000,0.000000,1.850000,216.603012,-13.800000,-9.800000,
16.447305,1,1.000000,0.000000,-0.120000,-0.120000,0.000000,0.000000,1.000000,1.000000,1.910000,1070.958984,0.000000,0.000000,1.910000,217.664230,-19.200001,-13.300000,
16.485257,1,1.000000,0.000000,-0.120000,-0.120000,0.000000,0.000000,1.000000,1.000000,1.880000,1070.994019,0.000000,0.000000,1.880000,218.113358,-21.000000,-14.300000,
16.526790,1,1.000000,0.000000,-0.120000,-0.120000,0.000000,0.000000,1.000000,1.000000,1.840000,1071.038940,0.000000,0.000000,1.840000,218.935043,-23.900000,-15.900000,
16.565813,1,1.000000,0.000000,-0.120000,-0.120000,0.000000,0.000000,1.000000,1.000000,1.930000,1071.076050,0.000000,0.000000,1.930000,219.518982,-25.700001,-16.900000,
16.606146,1,1.000000,0.000000,-0.120000,-0.120000,0.000000,0.000000,1.000000,1.000000,1.920000,1071.114990,0.000000,0.000000,1.920000,219.795395,-26.200001,-17.500000,
16.648619,1,1.000000,0.000000,-0.120000,-0.120000,0.000000,0.000000,1.000000,1.000000,2.040000,1071.151978,0.000000,0.000000,2.040000,219.520218,-24.799999,-17.400000,
16.689926,1,1.000000,0.000000,-0.120000,-0.120000,0.000000,0.000000,1.000000,1.000000,2.120000,1071.196045,0.000000,0.000000,2.120000,218.482635,-20.900000,-16.400000,
16.723618,1,1.000000,0.000000,-0.120000,-0.120000,0.000000,0.000000,1.000000,1.000000,2.150000,1071.234985,0.000000,0.000000,2.150000,217.994766,-18.900000,-15.800000,
16.768668,1,1.000000,0.000000,-0.120000,-0.120000,0.000000,0.000000,1.000000,1.000000,2.210000,1071.280029,0.000000,0.000000,2.210000,216.341980,-11.700000,-12.500000,
16.805420,1,1.000000,0.000000,-0.120000,-0.120000,0.000000,0.000000,1.000000,1.000000,2.260000,1071.316040,0.000000,0.000000,2.260000,215.603638,-7.400000,-9.900000,
16.845536,1,1.000000,0.000000,-0.120000,-0.120000,0.000000,0.000000,1.000000,1.000000,2.090000,1071.453979,0.000000,0.000000,2.090000,215.222443,-4.300000,-7.700000,
16.884593,1,1.000000,0.000000,-0.120000,-0.120000,0.000000,0.000000,1.000000,1.000000,2.100000,1071.904053,0.000000,0.000000,2.100000,215.068344,-1.600000,-5.400000,
16.925024,1,1.000000,0.000000,-0.120000,-0.120000,0.000000,0.000000,1.000000,1.000000,2.110000,1072.264038,0.000000,0.000000,2.110000,215.034576,-0.900000,-4.700000,
16.969303,1,1.000000,0.000000,-0.120000,-0.120000,0.000000,0.000000,1.000000,1.000000,2.180000,1071.478027,0.000000,0.000000,2.180000,215.074478,0.300000,-3.300000,
17.010751,1,1.000000,0.000000,-0.120000,-0.120000,0.000000,0.000000,1.000000,1.000000,2.180000,1071.517944,0.000000,0.000000,2.180000,215.122635,1.000000,-2.500000,
17.048866,1,1.000000,0.000000,-0.120000,-0.120000,0.000000,0.000000,1.000000,1.000000,2.180000,1071.557983,0.000000,0.000000,2.180000,215.166473,1.300000,-1.700000,
17.088287,1,1.000000,0.000000,-0.120000,-0.120000,0.000000,0.000000,1.000000,1.000000,2.180000,1071.598022,0.000000,0.000000,2.180000,215.266037,1.300000,-1.100000,
17.126258,1,1.000000,0.000000,-0.120000,-0.120000,0.000000,0.000000,1.000000,1.000000,2.180000,1071.635010,0.000000,0.000000,2.180000,215.353104,1.200000,-0.700000,
17.161843,1,1.000000,0.000000,-0.120000,-0.120000,0.000000,0.000000,1.000000,1.000000,2.200000,1071.680054,0.000000,0.000000,2.200000,215.422104,1.200000,-0.500000,
17.205265,1,1.000000,0.000000,-0.120000,-0.120000,0.000000,0.000000,1.000000,1.000000,2.200000,1071.711060,0.000000,0.000000,2.200000,215.478516,1.400000,-0.400000,
17.248322,1,1.000000,0.000000,-0.120000,-0.120000,0.000000,0.000000,1.000000,1.000000,2.210000,1071.758057,0.000000,0.000000,2.210000,215.552383,1.600000,-0.100000,
17.285199,1,1.000000,0.000000,-0.120000,-0.120000,0.000000,0.000000,1.000000,1.000000,2.210000,1071.796997,0.000000,0.000000,2.210000,215.573639,1.600000,-0.000000,
17.324346,1,1.000000,0.000000,-0.120000,-0.120000,0.000000,0.000000,1.000000,1.000000,2.210000,1071.833008,0.000000,0.000000,2.210000,215.608002,1.600000,0.000000,
17.373971,1,1.000000,0.000000,-0.120000,-0.120000,0.000000,0.000000,1.000000,1.000000,2.240000,1071.869995,0.000000,0.000000,2.240000,215.651672,1.600000,0.100000,
17.413641,1,1.000000,0.000000,-0.120000,-0.120000,0.000000,0.000000,1.000000,1.000000,2.240000,1071.912964,0.000000,0.000000,2.240000,215.670074,1.500000,0.200000,
17.450523,1,1.000000,0.000000,-0.120000,-0.120000,0.000000,0.000000,1.000000,1.000000,2.250000,1071.958984,0.000000,0.000000,2.250000,215.684921,1.400000,0.200000,
17.489770,1,1.000000,0.000000,-0.120000,-0.120000,0.000000,0.000000,1.000000,1.000000,2.250000,1072.000000,0.000000,0.000000,2.250000,215.688477,1.100000,0.300000,
17.531226,1,1.000000,0.000000,-0.120000,-0.120000,0.000000,0.000000,1.000000,1.000000,2.250000,1072.041016,0.000000,0.000000,2.250000,215.680862,0.800000,0.700000,
17.570246,1,1.000000,0.000000,-0.120000,-0.120000,0.000000,0.000000,1.000000,1.000000,2.270000,1072.071045,0.000000,0.000000,2.270000,215.698013,0.700000,1.200000,
17.607856,1,1.000000,0.000000,-0.120000,-0.120000,0.000000,0.000000,1.000000,1.000000,2.270000,1072.113037,0.000000,0.000000,2.270000,215.693542,0.600000,2.500000,
17.646767,1,1.000000,0.000000,-0.120000,-0.120000,0.000000,0.000000,1.000000,1.000000,2.270000,1072.152954,0.000000,0.000000,2.270000,215.711349,0.500000,3.800000,
17.685273,1,1.000000,0.000000,-0.120000,-0.120000,0.000000,0.000000,1.000000,1.000000,2.270000,1072.199951,0.000000,0.000000,2.270000,215.719681,0.500000,5.100000,
17.726811,1,1.000000,0.000000,-0.120000,-0.120000,0.000000,0.000000,1.000000,1.000000,2.270000,1072.233032,0.000000,0.000000,2.270000,215.745529,0.500000,6.100000,
17.766934,1,1.000000,0.000000,-0.120000,-0.120000,0.000000,0.000000,1.000000,1.000000,2.300000,1072.271973,0.000000,0.000000,2.300000,215.755524,0.500000,6.500000,
17.807309,1,1.000000,0.000000,-0.120000,-0.120000,0.000000,0.000000,1.000000,1.000000,2.290000,1072.318970,0.000000,0.000000,2.290000,215.742111,0.500000,6.900000,
17.847386,1,1.000000,0.000000,-0.120000,-0.120000,0.000000,0.000000,1.000000,1.000000,2.320000,1072.463989,0.000000,0.000000,2.320000,215.721146,0.400000,7.000000,
17.887573,1,1.000000,0.000000,-0.120000,-0.120000,0.000000,0.000000,1.000000,1.000000,2.320000,1072.884033,0.000000,0.000000,2.320000,215.712570,0.200000,7.100000,
17.929100,1,1.000000,0.000000,-0.120000,-0.120000,0.000000,0.000000,1.000000,1.000000,2.320000,1073.223999,0.000000,0.000000,2.320000,215.635162,0.000000,7.100000,
17.965472,1,1.000000,0.000000,-0.120000,-0.120000,0.000000,0.000000,1.000000,1.000000,2.340000,1072.478027,0.000000,0.000000,2.340000,215.606598,-0.200000,6.900000,
18.007299,1,1.000000,0.000000,-0.120000,-0.120000,0.000000,0.000000,1.000000,1.000000,2.340000,1072.520020,0.000000,0.000000,2.340000,215.564590,-0.300000,6.500000,
18.045736,1,1.000000,0.000000,-0.120000,-0.120000,0.000000,0.000000,1.000000,1.000000,2.350000,1072.553955,0.000000,0.000000,2.350000,215.557907,-0.300000,6.300000,
18.085651,1,1.000000,0.000000,-0.120000,-0.120000,0.000000,0.000000,1.000000,1.000000,2.350000,1072.598022,0.000000,0.000000,2.350000,215.574081,-0.200000,5.800000,
18.126105,1,1.000000,0.000000,-0.120000,-0.120000,0.000000,0.000000,1.000000,1.000000,2.350000,1072.633057,0.000000,0.000000,2.350000,215.574081,-0.200000,5.800000,
18.169231,1,1.000000,0.000000,-0.120000,-0.120000,0.000000,0.000000,1.000000,1.000000,2.350000,1072.677002,0.000000,0.000000,2.350000,215.574081,-0.200000,5.800000,
18.208507,1,1.000000,0.000000,-0.120000,-0.120000,0.000000,0.000000,1.000000,1.000000,2.360000,1072.717041,0.000000,0.000000,2.360000,215.592056,0.300000,2.900000,
18.247693,1,1.000000,0.000000,-0.120000,-0.120000,0.000000,0.000000,1.000000,1.000000,2.340000,1072.755005,0.000000,0.000000,2.340000,215.618057,0.700000,1.800000,
18.288436,1,1.000000,0.000000,-0.120000,-0.120000,0.000000,0.000000,1.000000,1.000000,2.340000,1072.800049,0.000000,0.000000,2.340000,215.615219,1.200000,0.700000,
18.328805,1,1.000000,0.000000,-0.120000,-0.120000,0.000000,0.000000,1.000000,1.000000,2.340000,1072.832031,0.000000,0.000000,2.340000,215.599197,1.200000,0.400000,
18.367627,1,1.000000,0.000000,-0.120000,-0.120000,0.000000,0.000000,1.000000,1.000000,2.350000,1072.869995,0.000000,0.000000,2.350000,215.595993,1.300000,-0.000000,
18.404678,1,1.000000,0.000000,-0.120000,-0.120000,0.000000,0.000000,1.000000,1.000000,2.350000,1072.915039,0.000000,0.000000,2.350000,215.579041,1.300000,-0.400000,
18.444241,1,1.000000,0.000000,-0.120000,-0.120000,0.000000,0.000000,1.000000,1.000000,2.210000,1072.952026,0.000000,0.000000,2.210000,215.590607,1.500000,-0.600000,
18.488185,1,1.000000,0.000000,-0.120000,-0.120000,0.000000,0.000000,1.000000,1.000000,2.210000,1072.993042,0.000000,0.000000,2.210000,215.594940,1.600000,-0.800000,
18.527769,1,1.000000,0.000000,-0.120000,-0.120000,0.000000,0.000000,1.000000,1.000000,2.270000,1073.037964,0.000000,0.000000,2.270000,215.569138,1.400000,-0.800000,
18.568100,1,1.000000,0.000000,-0.120000,-0.120000,0.000000,0.000000,1.000000,1.000000,2.270000,1073.073975,0.000000,0.000000,2.270000,215.563461,1.300000,-0.800000,
18.605403,1,1.000000,0.000000,-0.120000,-0.120000,0.000000,0.000000,1.000000,1.000000,2.270000,1073.118042,0.000000,0.000000,2.270000,215.557327,1.100000,-0.900000,
18.645670,1,1.000000,0.000000,-0.120000,-0.120000,0.000000,0.000000,1.000000,1.000000,2.220000,1073.154053,0.000000,0.000000,2.220000,215.570679,1.000000,-1.000000,
18.686854,1,1.000000,0.000000,-0.120000,-0.120000,0.000000,0.000000,1.000000,1.000000,2.220000,1073.192017,0.000000,0.000000,2.220000,215.566879,1.000000,-1.100000,
18.726615,1,1.000000,0.000000,-0.120000,-0.120000,0.000000,0.000000,1.000000,1.000000,2.330000,1073.237061,0.000000,0.000000,2.330000,215.574600,1.000000,-1.200000,
18.769236,1,1.000000,0.000000,-0.120000,-0.120000,0.000000,0.000000,1.000000,1.000000,2.330000,1073.271973,0.000000,0.000000,2.330000,215.571289,1.100000,-1.300000,
18.808966,1,1.000000,0.000000,-0.120000,-0.120000,0.000000,0.000000,1.000000,1.000000,2.330000,1073.318970,0.000000,0.000000,2.330000,215.553391,1.200000,-1.300000,
18.846532,1,1.000000,0.000000,-0.120000,-0.120000,0.000000,0.000000,1.000000,1.000000,2.270000,1073.453979,0.000000,0.000000,2.270000,215.566345,1.300000,-1.300000,
18.884741,1,1.000000,0.000000,-0.120000,-0.120000,0.000000,0.000000,1.000000,1.000000,2.270000,1073.884033,0.000000,0.000000,2.270000,215.534149,1.400000,-1.200000,
18.927576,1,1.000000,0.000000,-0.120000,-0.120000,0.000000,0.000000,1.000000,1.000000,2.270000,1074.234009,0.000000,0.000000,2.270000,215.512222,1.300000,-1.100000,
18.963857,1,1.000000,0.000000,-0.120000,-0.120000,0.000000,0.000000,1.000000,1.000000,2.260000,1073.479980,0.000000,0.000000,2.260000,215.501511,1.200000,-1.000000,
19.005097,1,1.000000,0.000000,-0.120000,-0.120000,0.000000,0.000000,1.000000,1.000000,2.260000,1073.512939,0.000000,0.000000,2.260000,215.504807,1.100000,-1.000000,
19.044098,1,1.000000,0.000000,-0.120000,-0.120000,0.000000,0.000000,1.000000,1.000000,2.250000,1073.557007,0.000000,0.000000,2.250000,215.493088,1.000000,-0.900000,
19.088099,1,1.000000,0.000000,-0.120000,-0.120000,0.000000,0.000000,1.000000,1.000000,2.250000,1073.593018,0.000000,0.000000,2.250000,215.478561,0.900000,-0.800000,
19.127022,1,1.000000,0.000000,-0.120000,-0.120000,0.000000,0.000000,1.000000,1.000000,2.250000,1073.631958,0.000000,0.000000,2.250000,215.454819,0.800000,-0.800000,
19.167375,1,1.000000,0.000000,-0.120000,-0.120000,0.000000,0.000000,1.000000,1.000000,2.270000,1073.677979,0.000000,0.000000,2.270000,215.442276,0.800000,-0.700000,
19.205913,1,1.000000,0.000000,-0.120000,-0.120000,0.000000,0.000000,1.000000,1.000000,2.270000,1073.714966,0.000000,0.000000,2.270000,215.476364,0.900000,-0.700000,
19.246163,1,1.000000,0.000000,-0.120000,-0.120000,0.000000,0.000000,1.000000,1.000000,2.270000,1073.758057,0.000000,0.000000,2.270000,215.475449,1.000000,-0.800000,
19.285776,1,1.000000,0.000000,-0.120000,-0.120000,0.000000,0.000000,1.000000,1.000000,2.270000,1073.793945,0.000000,0.000000,2.270000,215.471283,1.100000,-0.800000,
19.324839,1,1.000000,0.000000,-0.120000,-0.120000,0.000000,0.000000,1.000000,1.000000,2.270000,1073.833984,0.000000,0.000000,2.270000,215.467758,1.200000,-0.900000,
19.366316,1,1.000000,0.000000,-0.120000,-0.120000,0.000000,0.000000,1.000000,1.000000,2.290000,1073.876953,0.000000,0.000000,2.290000,215.482025,1.400000,-0.800000,
19.408203,1,1.000000,0.000000,-0.120000,-0.120000,0.000000,0.000000,1.000000,1.000000,2.290000,1073.913940,0.000000,0.000000,2.290000,215.503357,1.800000,-0.400000,
19.449324,1,1.000000,0.000000,-0.120000,-0.120000,0.000000,0.000000,1.000000,1.000000,2.220000,1073.953979,0.000000,0.000000,2.220000,215.505722,2.800000,0.200000,
19.486444,1,1.000000,0.000000,-0.120000,-0.120000,0.000000,0.000000,1.000000,1.000000,2.220000,1073.991943,0.000000,0.000000,2.220000,215.535995,3.700000,0.500000,
19.525743,1,1.000000,0.000000,-0.120000,-0.120000,0.000000,0.000000,1.000000,1.000000,2.250000,1074.036011,0.000000,0.000000,2.250000,215.527222,4.100000,0.800000,
19.568667,1,1.000000,0.000000,-0.120000,-0.120000,0.000000,0.000000,1.000000,1.000000,2.250000,1074.078003,0.000000,0.000000,2.250000,215.531448,4.600000,1.000000,
19.605380,1,1.000000,0.000000,-0.120000,-0.120000,0.000000,0.000000,1.000000,1.000000,2.250000,1074.119019,0.000000,0.000000,2.250000,215.548248,4.800000,1.100000,
19.647212,1,1.000000,0.000000,-0.120000,-0.120000,0.000000,0.000000,1.000000,1.000000,2.250000,1074.154053,0.000000,0.000000,2.250000,215.559906,4.800000,1.200000,
19.685271,1,1.000000,0.000000,-0.120000,-0.120000,0.000000,0.000000,1.000000,1.000000,2.250000,1074.197998,0.000000,0.000000,2.250000,215.548386,4.900000,1.300000,
19.726775,1,1.000000,0.000000,-0.120000,-0.120000,0.000000,0.000000,1.000000,1.000000,2.240000,1074.233032,0.000000,0.000000,2.240000,215.541855,4.800000,1.300000,
19.766333,1,1.000000,0.000000,-0.120000,-0.120000,0.000000,0.000000,1.000000,1.000000,2.110000,1074.271973,0.000000,0.000000,2.110000,215.564743,4.700000,1.300000,
19.807224,1,1.000000,0.000000,-0.120000,-0.120000,0.000000,0.000000,1.000000,1.000000,2.110000,1074.312012,0.000000,0.000000,2.110000,215.567520,4.600000,1.200000,
19.847806,1,1.000000,0.000000,-0.120000,-0.120000,0.000000,0.000000,1.000000,1.000000,2.230000,1074.463989,0.000000,0.000000,2.230000,215.594193,4.600000,1.200000,
19.885351,1,1.000000,0.000000,-0.120000,-0.120000,0.000000,0.000000,1.000000,1.000000,2.230000,1074.843994,0.000000,0.000000,2.230000,215.592529,4.600000,1.200000,
19.928118,1,1.000000,0.000000,-0.120000,-0.120000,0.000000,0.000000,1.000000,1.000000,2.220000,1075.223999,0.000000,0.000000,2.220000,215.605591,4.600000,1.200000,
19.966589,1,1.000000,0.000000,-0.120000,-0.120000,0.000000,0.000000,1.000000,1.000000,2.100000,1074.480957,0.000000,0.000000,2.100000,215.633362,4.600000,1.200000,
20.006472,1,1.000000,0.000000,-0.120000,-0.120000,0.000000,0.000000,1.000000,1.000000,2.100000,1074.520996,0.000000,0.000000,2.100000,215.650238,4.600000,1.200000,
20.047755,1,1.000000,0.000000,-0.120000,-0.120000,0.000000,0.000000,1.000000,1.000000,2.180000,1074.552002,0.000000,0.000000,2.180000,215.612961,4.700000,1.200000,
20.088176,1,1.000000,0.000000,-0.120000,-0.120000,0.000000,0.000000,1.000000,1.000000,2.180000,1074.597046,0.000000,0.000000,2.180000,215.607285,4.700000,1.200000,
20.126112,1,1.000000,0.000000,-0.120000,-0.120000,0.000000,0.000000,1.000000,1.000000,2.180000,1074.633057,0.000000,0.000000,2.180000,215.621002,4.600000,1.300000,
20.169081,1,1.000000,0.000000,-0.120000,-0.120000,0.000000,0.000000,1.000000,1.000000,2.170000,1074.676025,0.000000,0.000000,2.170000,215.609024,4.500000,1.300000,
20.206200,1,1.000000,0.000000,-0.120000,-0.120000,0.000000,0.000000,1.000000,1.000000,2.170000,1074.712036,0.000000,0.000000,2.170000,215.621002,4.300000,1.400000,
20.245341,1,1.000000,0.000000,-0.120000,-0.120000,0.000000,0.000000,1.000000,1.000000,2.130000,1074.758057,0.000000,0.000000,2.130000,215.611359,4.100000,1.400000,
20.286357,1,1.000000,0.000000,-0.120000,-0.120000,0.000000,0.000000,1.000000,1.000000,2.130000,1074.791016,0.000000,0.000000,2.130000,215.634567,3.900000,1.400000,
20.326276,1,1.000000,0.000000,-0.120000,-0.120000,0.000000,0.000000,1.000000,1.000000,2.120000,1074.836060,0.000000,0.000000,2.120000,215.640198,3.900000,1.300000,
20.370884,1,1.000000,0.000000,-0.120000,-0.120000,0.000000,0.000000,1.000000,1.000000,2.120000,1074.869995,0.000000,0.000000,2.120000,215.629501,3.900000,1.300000,
20.408381,1,1.000000,0.000000,-0.120000,-0.120000,0.000000,0.000000,1.000000,1.000000,2.120000,1074.915039,0.000000,0.000000,2.120000,215.643448,3.900000,1.300000,
20.450228,1,1.000000,0.000000,-0.120000,-0.120000,0.000000,0.000000,1.000000,1.000000,2.110000,1074.952026,0.000000,0.000000,2.110000,215.610077,3.900000,1.200000,
20.490697,1,1.000000,0.000000,-0.120000,-0.120000,0.000000,0.000000,1.000000,1.000000,2.110000,1075.000000,0.000000,0.000000,2.110000,215.613892,4.000000,1.200000,
20.532638,1,1.000000,0.000000,-0.120000,-0.120000,0.000000,0.000000,1.000000,1.000000,2.110000,1075.036987,0.000000,0.000000,2.110000,215.592316,4.000000,1.100000,
20.569602,1,1.000000,0.000000,-0.120000,-0.120000,0.000000,0.000000,1.000000,1.000000,2.100000,1075.078003,0.000000,0.000000,2.100000,215.568176,3.500000,0.800000,
20.606320,1,1.000000,0.000000,-0.120000,-0.120000,0.000000,0.000000,1.000000,1.000000,2.100000,1075.116943,0.000000,0.000000,2.100000,215.552979,2.500000,0.200000,
20.645895,1,1.000000,0.000000,-0.120000,-0.120000,0.000000,0.000000,1.000000,1.000000,2.070000,1075.157959,0.000000,0.000000,2.070000,215.545090,1.600000,-0.200000,
20.685035,1,1.000000,0.000000,-0.120000,-0.120000,0.000000,0.000000,1.000000,1.000000,2.070000,1075.192993,0.000000,0.000000,2.070000,215.523743,1.200000,-0.500000,
20.723882,1,1.000000,0.000000,-0.120000,-0.120000,0.000000,0.000000,1.000000,1.000000,2.060000,1075.238037,0.000000,0.000000,2.060000,215.514740,0.900000,-0.700000,
20.765464,1,1.000000,0.000000,-0.120000,-0.120000,0.000000,0.000000,1.000000,1.000000,2.060000,1075.270996,0.000000,0.000000,2.060000,215.497726,0.700000,-0.800000,
20.805977,1,1.000000,0.000000,-0.120000,-0.120000,0.000000,0.000000,1.000000,1.000000,2.060000,1075.319946,0.000000,0.000000,2.060000,215.457748,0.600000,-0.900000,
20.844778,1,1.000000,0.000000,-0.120000,-0.120000,0.000000,0.000000,1.000000,1.000000,2.040000,1075.443970,0.000000,0.000000,2.040000,215.455612,0.600000,-0.900000,
20.886062,1,1.000000,0.000000,-0.120000,-0.120000,0.000000,0.000000,1.000000,1.000000,2.040000,1075.823975,0.000000,0.000000,2.040000,215.436996,0.500000,-0.900000,
20.925564,1,1.000000,0.000000,-0.120000,-0.120000,0.000000,0.000000,1.000000,1.000000,2.020000,1076.264038,0.000000,0.000000,2.020000,215.440887,0.400000,-1.000000,
20.969929,1,1.000000,0.000000,-0.120000,-0.120000,0.000000,0.000000,1.000000,1.000000,2.020000,1075.472046,0.000000,0.000000,2.020000,215.428375,0.400000,-1.000000,
21.007186,1,1.000000,0.000000,-0.120000,-0.120000,0.000000,0.000000,1.000000,1.000000,2.020000,1075.517944,0.000000,0.000000,2.020000,215.458176,0.300000,-1.100000,
21.044939,1,1.000000,0.000000,-0.120000,-0.120000,0.000000,0.000000,1.000000,1.000000,2.000000,1075.558960,0.000000,0.000000,2.000000,215.462234,0.300000,-1.100000,
21.086956,1,1.000000,0.000000,-0.120000,-0.120000,0.000000,0.000000,1.000000,1.000000,2.000000,1075.599976,0.000000,0.000000,2.000000,215.475143,0.200000,-1.300000,
21.126635,1,1.000000,0.000000,-0.120000,-0.120000,0.000000,0.000000,1.000000,1.000000,1.990000,1075.637939,0.000000,0.000000,1.990000,215.508743,-0.100000,-1.800000,
21.167685,1,1.000000,0.000000,-0.120000,-0.120000,0.000000,0.000000,1.000000,1.000000,1.990000,1075.677002,0.000000,0.000000,1.990000,215.528656,-1.400000,-2.500000,
21.209874,1,1.000000,0.000000,-0.120000,-0.120000,0.000000,0.000000,1.000000,1.000000,1.980000,1075.717041,0.000000,0.000000,1.980000,215.637512,-3.700000,-3.400000,
21.245054,1,1.000000,0.000000,-0.120000,-0.120000,0.000000,0.000000,1.000000,1.000000,1.950000,1075.753052,0.000000,0.000000,1.950000,215.808090,-6.100000,-4.800000,
21.286352,1,1.000000,0.000000,-0.120000,-0.120000,0.000000,0.000000,1.000000,1.000000,1.940000,1075.792969,0.000000,0.000000,1.940000,215.985199,-8.100000,-6.200000,
21.327791,1,1.000000,0.000000,-0.120000,-0.120000,0.000000,0.000000,1.000000,1.000000,1.880000,1075.839966,0.000000,0.000000,1.880000,216.229065,-9.900000,-7.700000,
21.367736,1,1.000000,0.000000,-0.120000,-0.120000,0.000000,0.000000,1.000000,1.000000,1.880000,1075.876953,0.000000,0.000000,1.880000,216.330093,-10.600000,-8.600000,
21.405525,1,1.000000,0.000000,-0.120000,-0.120000,0.000000,0.000000,1.000000,1.000000,1.870000,1075.912964,0.000000,0.000000,1.870000,216.353546,-10.800000,-8.900000,
21.445004,1,1.000000,0.000000,-0.120000,-0.120000,0.000000,0.000000,1.000000,1.000000,1.810000,1075.957031,0.000000,0.000000,1.810000,216.408752,-11.000000,-9.200000,
21.485175,1,1.000000,0.000000,-0.120000,-0.120000,0.000000,0.000000,1.000000,1.000000,1.810000,1075.993042,0.000000,0.000000,1.810000,216.407867,-11.100000,-9.100000,
21.525159,1,1.000000,0.000000,-0.120000,-0.120000,0.000000,0.000000,1.000000,1.000000,1.820000,1076.031982,0.000000,0.000000,1.820000,216.376953,-10.800000,-8.500000,
21.569489,1,1.000000,0.000000,-0.120000,-0.120000,0.000000,0.000000,1.000000,1.000000,1.820000,1076.077026,0.000000,0.000000,1.820000,216.276596,-10.000000,-7.600000,
21.605413,1,1.000000,0.000000,-0.120000,-0.120000,0.000000,0.000000,1.000000,1.000000,1.830000,1076.118042,0.000000,0.000000,1.830000,216.119278,-8.500000,-6.600000,
21.646836,1,1.000000,0.000000,-0.120000,-0.120000,0.000000,0.000000,1.000000,1.000000,1.830000,1076.152954,0.000000,0.000000,1.830000,215.950958,-6.700000,-5.400000,
21.686647,1,1.000000,0.000000,-0.120000,-0.120000,0.000000,0.000000,1.000000,1.000000,1.840000,1076.193970,0.000000,0.000000,1.840000,215.809372,-5.100000,-4.300000,
21.725391,1,1.000000,0.000000,-0.120000,-0.120000,0.000000,0.000000,1.000000,1.000000,1.850000,1076.232056,0.000000,0.000000,1.850000,215.711441,-3.600000,-3.500000,
21.765613,1,1.000000,0.000000,-0.120000,-0.120000,0.000000,0.000000,1.000000,1.000000,1.920000,1076.275024,0.000000,0.000000,1.920000,215.627838,-2.400000,-2.900000,
21.804219,1,1.000000,0.000000,-0.120000,-0.120000,0.000000,0.000000,1.000000,1.000000,1.920000,1076.313965,0.000000,0.000000,1.920000,215.602783,-1.900000,-2.600000,
21.844554,1,1.000000,0.000000,-0.120000,-0.120000,0.000000,0.000000,1.000000,1.000000,1.900000,1076.484009,0.000000,0.000000,1.900000,215.568863,-0.800000,-2.000000,
21.886459,1,1.000000,0.000000,-0.120000,-0.120000,0.000000,0.000000,1.000000,1.000000,1.900000,1076.833984,0.000000,0.000000,1.900000,215.578491,-0.200000,-1.600000,
21.928407,1,1.000000,0.000000,-0.120000,-0.120000,0.000000,0.000000,1.000000,1.000000,1.880000,1077.274048,0.000000,0.000000,1.880000,215.611481,0.400000,-1.100000,
21.966525,1,1.000000,0.000000,-0.120000,-0.120000,0.000000,0.000000,1.000000,1.000000,1.880000,1076.475952,0.000000,0.000000,1.880000,215.634644,0.600000,-1.000000,
22.009116,1,1.000000,0.000000,-0.120000,-0.120000,0.000000,0.000000,1.000000,1.000000,1.880000,1076.511963,0.000000,0.000000,1.880000,215.660049,0.900000,-0.800000,
22.049123,1,1.000000,0.000000,-0.120000,-0.120000,0.000000,0.000000,1.000000,1.000000,1.890000,1076.558960,0.000000,0.000000,1.890000,215.702484,1.200000,-0.700000,
22.086360,1,1.000000,0.000000,-0.120000,-0.120000,0.000000,0.000000,1.000000,1.000000,1.890000,1076.598022,0.000000,0.000000,1.890000,215.728546,1.400000,-0.500000,
22.128804,1,1.000000,0.000000,-0.120000,-0.120000,0.000000,0.000000,1.000000,1.000000,1.890000,1076.635010,0.000000,0.000000,1.890000,215.753983,1.500000,-0.500000,
22.168840,1,1.000000,0.000000,-0.120000,-0.120000,0.000000,0.000000,1.000000,1.000000,1.880000,1076.671997,0.000000,0.000000,1.880000,215.768631,1.600000,-0.400000,
22.208748,1,1.000000,0.000000,-0.120000,-0.120000,0.000000,0.000000,1.000000,1.000000,1.880000,1076.717041,0.000000,0.000000,1.880000,215.773514,1.600000,-0.300000,
22.238559,1,1.000000,0.000000,-0.120000,-0.120000,0.000000,0.000000,1.000000,1.000000,1.880000,1076.751953,0.000000,0.000000,1.880000,215.770691,1.700000,-0.300000,
22.287247,1,1.000000,0.000000,-0.120000,-0.120000,0.000000,0.000000,1.000000,1.000000,1.880000,1076.791016,0.000000,0.000000,1.880000,215.753174,1.600000,-0.300000,
22.325407,1,1.000000,0.000000,-0.120000,-0.120000,0.000000,0.000000,1.000000,1.000000,1.880000,1076.838989,0.000000,0.000000,1.880000,215.759003,1.500000,-0.300000,
22.366412,1,1.000000,0.000000,-0.120000,-0.120000,0.000000,0.000000,1.000000,1.000000,1.890000,1076.875000,0.000000,0.000000,1.890000,215.748596,1.300000,-0.300000,
22.406045,1,1.000000,0.000000,-0.120000,-0.120000,0.000000,0.000000,1.000000,1.000000,1.890000,1076.917969,0.000000,0.000000,1.890000,215.738159,0.900000,-0.300000,
22.446316,1,1.000000,0.000000,-0.120000,-0.120000,0.000000,0.000000,1.000000,1.000000,1.880000,1076.953003,0.000000,0.000000,1.880000,215.716690,0.800000,-0.300000,
22.488751,1,1.000000,0.000000,-0.120000,-0.120000,0.000000,0.000000,1.000000,1.000000,1.880000,1076.998047,0.000000,0.000000,1.880000,215.701843,0.600000,-0.200000,
22.528953,1,1.000000,0.000000,-0.120000,-0.120000,0.000000,0.000000,1.000000,1.000000,1.880000,1077.036987,0.000000,0.000000,1.880000,215.684784,0.600000,-0.300000,
22.568038,1,1.000000,0.000000,-0.120000,-0.120000,0.000000,0.000000,1.000000,1.000000,1.870000,1077.072998,0.000000,0.000000,1.870000,215.703156,0.400000,-0.200000,
22.609814,1,1.000000,0.000000,-0.120000,-0.120000,0.000000,0.000000,1.000000,1.000000,1.870000,1077.114990,0.000000,0.000000,1.870000,215.677826,0.200000,-0.200000,
22.648341,1,1.000000,0.000000,-0.120000,-0.120000,0.000000,0.000000,1.000000,1.000000,1.880000,1077.152954,0.000000,0.000000,1.880000,215.664734,-0.800000,-0.100000,
22.686188,1,1.000000,0.000000,-0.120000,-0.120000,0.000000,0.000000,1.000000,1.000000,1.880000,1077.196045,0.000000,0.000000,1.880000,215.646866,-2.100000,-0.100000,
22.728198,1,1.000000,0.000000,-0.120000,-0.120000,0.000000,0.000000,1.000000,1.000000,1.860000,1077.239014,0.000000,0.000000,1.860000,215.652435,-3.200000,-0.100000,
22.768240,1,1.000000,0.000000,-0.120000,-0.120000,0.000000,0.000000,1.000000,1.000000,1.850000,1077.275024,0.000000,0.000000,1.850000,215.636230,-4.300000,-0.100000,
22.806589,1,1.000000,0.000000,-0.120000,-0.120000,0.000000,0.000000,1.000000,1.000000,1.850000,1077.319946,0.000000,0.000000,1.850000,215.637344,-6.200000,-0.100000,
22.845942,1,1.000000,0.000000,-0.120000,-0.120000,0.000000,0.000000,1.000000,1.000000,1.860000,1078.244019,0.000000,0.000000,1.860000,215.626526,-6.800000,-0.100000,
22.888380,1,1.000000,0.000000,-0.120000,-0.120000,0.000000,0.000000,1.000000,1.000000,1.850000,1077.874023,0.000000,0.000000,1.850000,215.636734,-7.900000,-0.100000,
22.925775,1,1.000000,0.000000,-0.120000,-0.120000,0.000000,0.000000,1.000000,1.000000,1.850000,1078.254028,0.000000,0.000000,1.850000,215.629883,-8.800000,-0.100000,
22.970304,1,1.000000,0.000000,-0.120000,-0.120000,0.000000,0.000000,1.000000,1.000000,1.850000,1077.479980,0.000000,0.000000,1.850000,215.646606,-9.300000,-0.100000,
23.005821,1,1.000000,0.000000,-0.120000,-0.120000,0.000000,0.000000,1.000000,1.000000,1.850000,1077.516968,0.000000,0.000000,1.850000,215.656219,-9.300000,-0.200000,
23.049054,1,1.000000,0.000000,-0.120000,-0.120000,0.000000,0.000000,1.000000,1.000000,1.850000,1077.552979,0.000000,0.000000,1.850000,215.679443,-8.900000,-0.200000,
23.086785,1,1.000000,0.000000,-0.120000,-0.120000,0.000000,0.000000,1.000000,1.000000,1.860000,1077.599976,0.000000,0.000000,1.860000,215.663986,-7.100000,-0.300000,
23.125825,1,1.000000,0.000000,-0.120000,-0.120000,0.000000,0.000000,1.000000,1.000000,1.860000,1077.640015,0.000000,0.000000,1.860000,215.656784,-6.100000,-0.300000,
23.165345,1,1.000000,0.000000,-0.120000,-0.120000,0.000000,0.000000,1.000000,1.000000,1.860000,1077.668945,0.000000,0.000000,1.860000,215.666489,-4.900000,-0.400000,
23.207880,1,1.000000,0.000000,-0.120000,-0.120000,0.000000,0.000000,1.000000,1.000000,1.870000,1077.711060,0.000000,0.000000,1.870000,215.639709,-2.200000,-0.400000,
23.248826,1,1.000000,0.000000,-0.120000,-0.120000,0.000000,0.000000,1.000000,1.000000,1.890000,1077.746948,0.000000,0.000000,1.890000,215.612549,-1.200000,-0.500000,
23.287877,1,1.000000,0.000000,-0.120000,-0.120000,0.000000,0.000000,1.000000,1.000000,1.890000,1077.791016,0.000000,0.000000,1.890000,215.609344,-0.200000,-0.500000,
23.328927,1,1.000000,0.000000,-0.120000,-0.120000,0.000000,0.000000,1.000000,1.000000,1.890000,1077.831055,0.000000,0.000000,1.890000,215.597137,0.500000,-0.500000,
23.367274,1,1.000000,0.000000,-0.120000,-0.120000,0.000000,0.000000,1.000000,1.000000,1.870000,1077.880981,0.000000,0.000000,1.870000,215.584961,1.000000,-0.300000,
23.409932,1,1.000000,0.000000,-0.120000,-0.120000,0.000000,0.000000,1.000000,1.000000,1.870000,1077.917969,0.000000,0.000000,1.870000,215.590576,1.300000,-0.200000,
23.446257,1,1.000000,0.000000,-0.120000,-0.120000,0.000000,0.000000,1.000000,1.000000,1.870000,1077.957031,0.000000,0.000000,1.870000,215.563217,1.400000,-0.200000,
23.485849,1,1.000000,0.000000,-0.120000,-0.120000,0.000000,0.000000,1.000000,1.000000,1.870000,1077.993042,0.000000,0.000000,1.870000,215.580811,1.500000,-0.100000,
23.528102,1,1.000000,0.000000,-0.120000,-0.120000,0.000000,0.000000,1.000000,1.000000,1.870000,1078.038940,0.000000,0.000000,1.870000,215.560226,1.500000,-0.100000,
23.569745,1,1.000000,0.000000,-0.120000,-0.120000,0.000000,0.000000,1.000000,1.000000,1.860000,1078.074951,0.000000,0.000000,1.860000,215.559555,1.700000,-0.100000,
23.606214,1,1.000000,0.000000,-0.120000,-0.120000,0.000000,0.000000,1.000000,1.000000,1.860000,1078.113037,0.000000,0.000000,1.860000,215.545029,1.800000,-0.100000,
23.645698,1,1.000000,0.000000,-0.120000,-0.120000,0.000000,0.000000,1.000000,1.000000,1.860000,1078.157959,0.000000,0.000000,1.860000,215.552902,2.000000,0.000000,
23.688291,1,1.000000,0.000000,-0.120000,-0.120000,0.000000,0.000000,1.000000,1.000000,1.860000,1078.191040,0.000000,0.000000,1.860000,215.559311,2.100000,0.000000,
23.727783,1,1.000000,0.000000,-0.120000,-0.120000,0.000000,0.000000,1.000000,1.000000,1.860000,1078.232056,0.000000,0.000000,1.860000,215.555389,2.300000,0.000000,
23.765028,1,1.000000,0.000000,-0.120000,-0.120000,0.000000,0.000000,1.000000,1.000000,1.870000,1078.280029,0.000000,0.000000,1.870000,215.590775,2.700000,0.000000,
23.804958,1,1.000000,0.000000,-0.120000,-0.120000,0.000000,0.000000,1.000000,1.000000,1.870000,1078.319946,0.000000,0.000000,1.870000,215.604767,2.900000,-0.100000,
23.846346,1,1.000000,0.000000,-0.120000,-0.120000,0.000000,0.000000,1.000000,1.000000,1.880000,1078.494019,0.000000,0.000000,1.880000,215.615295,3.100000,-0.200000,
23.887386,1,1.000000,0.000000,-0.120000,-0.120000,0.000000,0.000000,1.000000,1.000000,1.880000,1078.904053,0.000000,0.000000,1.880000,215.619980,3.200000,-0.300000,
23.926795,1,1.000000,0.000000,-0.120000,-0.120000,0.000000,0.000000,1.000000,1.000000,1.880000,1079.254028,0.000000,0.000000,1.880000,215.629517,3.100000,-0.500000,
23.965633,1,1.000000,0.000000,-0.120000,-0.120000,0.000000,0.000000,1.000000,1.000000,1.860000,1078.482056,0.000000,0.000000,1.860000,215.630585,2.800000,-0.600000,
24.006393,1,1.000000,0.000000,-0.120000,-0.120000,0.000000,0.000000,1.000000,1.000000,1.860000,1078.515015,0.000000,0.000000,1.860000,215.628448,2.500000,-0.600000,
24.046684,1,1.000000,0.000000,-0.120000,-0.120000,0.000000,0.000000,1.000000,1.000000,1.870000,1078.552002,0.000000,0.000000,1.870000,215.611938,2.200000,-0.700000,
24.087645,1,1.000000,0.000000,-0.120000,-0.120000,0.000000,0.000000,1.000000,1.000000,1.870000,1078.597046,0.000000,0.000000,1.870000,215.636856,1.900000,-0.600000,
24.127935,1,1.000000,0.000000,-0.120000,-0.120000,0.000000,0.000000,1.000000,1.000000,1.870000,1078.635010,0.000000,0.000000,1.870000,215.636322,1.700000,-0.600000,
24.169987,1,1.000000,0.000000,-0.120000,-0.120000,0.000000,0.000000,1.000000,1.000000,1.870000,1078.672974,0.000000,0.000000,1.870000,215.646561,1.500000,-0.700000,
24.206942,1,1.000000,0.000000,-0.120000,-0.120000,0.000000,0.000000,1.000000,1.000000,1.870000,1078.712036,0.000000,0.000000,1.870000,215.645370,1.300000,-0.700000,
24.244957,1,1.000000,0.000000,-0.120000,-0.120000,0.000000,0.000000,1.000000,1.000000,1.870000,1078.758057,0.000000,0.000000,1.870000,215.637589,1.100000,-0.700000,
24.285166,1,1.000000,0.000000,-0.120000,-0.120000,0.000000,0.000000,1.000000,1.000000,1.870000,1078.791992,0.000000,0.000000,1.870000,215.659531,1.100000,-0.700000,
24.327634,1,1.000000,0.000000,-0.120000,-0.120000,0.000000,0.000000,1.000000,1.000000,1.830000,1078.836060,0.000000,0.000000,1.830000,215.642548,1.100000,-0.700000,
24.366124,1,1.000000,0.000000,-0.120000,-0.120000,0.000000,0.000000,1.000000,1.000000,1.830000,1078.873047,0.000000,0.000000,1.830000,215.626236,1.300000,-0.700000,
24.407139,1,1.000000,0.000000,-0.120000,-0.120000,0.000000,0.000000,1.000000,1.000000,1.830000,1078.911011,0.000000,0.000000,1.830000,215.601364,1.600000,-0.700000,
24.446894,1,1.000000,0.000000,-0.120000,-0.120000,0.000000,0.000000,1.000000,1.000000,1.820000,1078.951050,0.000000,0.000000,1.820000,215.557770,2.000000,-0.700000,
24.484635,1,1.000000,0.000000,-0.120000,-0.120000,0.000000,0.000000,1.000000,1.000000,1.820000,1078.991943,0.000000,0.000000,1.820000,215.561111,2.600000,-0.600000,
24.524730,1,1.000000,0.000000,-0.120000,-0.120000,0.000000,0.000000,1.000000,1.000000,1.820000,1079.031982,0.000000,0.000000,1.820000,215.530136,3.200000,-0.500000,
24.564605,1,1.000000,0.000000,-0.120000,-0.120000,0.000000,0.000000,1.000000,1.000000,1.800000,1079.079956,0.000000,0.000000,1.800000,215.495361,3.500000,-0.400000,
24.605678,1,1.000000,0.000000,-0.120000,-0.120000,0.000000,0.000000,1.000000,1.000000,1.800000,1079.116943,0.000000,0.000000,1.800000,215.508560,3.500000,-0.400000,
24.645776,1,1.000000,0.000000,-0.120000,-0.120000,0.000000,0.000000,1.000000,1.000000,1.770000,1079.152954,0.000000,0.000000,1.770000,215.520157,3.400000,-0.600000,
24.683839,1,1.000000,0.000000,-0.120000,-0.120000,0.000000,0.000000,1.000000,1.000000,1.770000,1079.197021,0.000000,0.000000,1.770000,215.540253,3.400000,-0.600000,
24.727031,1,1.000000,0.000000,-0.120000,-0.120000,0.000000,0.000000,1.000000,1.000000,1.770000,1079.235962,0.000000,0.000000,1.770000,215.534760,3.400000,-0.700000,
24.765393,1,1.000000,0.000000,-0.120000,-0.120000,0.000000,0.000000,1.000000,1.000000,1.780000,1079.274048,0.000000,0.000000,1.780000,215.548065,3.500000,-0.800000,
24.805282,1,1.000000,0.000000,-0.120000,-0.120000,0.000000,0.000000,1.000000,1.000000,1.780000,1079.312988,0.000000,0.000000,1.780000,215.546158,3.500000,-0.800000,
24.846303,1,1.000000,0.000000,-0.120000,-0.120000,0.000000,0.000000,1.000000,1.000000,1.770000,1080.244019,0.000000,0.000000,1.770000,215.550522,3.400000,-0.700000,
24.887075,1,1.000000,0.000000,-0.120000,-0.120000,0.000000,0.000000,1.000000,1.000000,1.770000,1079.864014,0.000000,0.000000,1.770000,215.530319,3.100000,-0.700000,
24.928357,1,1.000000,0.000000,-0.120000,-0.120000,0.000000,0.000000,1.000000,1.000000,1.770000,1080.254028,0.000000,0.000000,1.770000,215.530792,2.600000,-0.700000,
24.966790,1,1.000000,0.000000,-0.120000,-0.120000,0.000000,0.000000,1.000000,1.000000,1.750000,1079.479004,0.000000,0.000000,1.750000,215.537186,1.800000,-0.600000,
25.008896,1,1.000000,0.000000,-0.120000,-0.120000,0.000000,0.000000,1.000000,1.000000,1.750000,1079.515015,0.000000,0.000000,1.750000,215.559052,1.300000,-0.500000,
25.045731,1,1.000000,0.000000,-0.120000,-0.120000,0.000000,0.000000,1.000000,1.000000,1.730000,1079.553955,0.000000,0.000000,1.730000,215.580002,1.200000,-0.400000,
25.089066,1,1.000000,0.000000,-0.120000,-0.120000,0.000000,0.000000,1.000000,1.000000,1.730000,1079.594971,0.000000,0.000000,1.730000,215.606934,2.000000,0.000000,
25.128105,1,1.000000,0.000000,-0.120000,-0.120000,0.000000,0.000000,1.000000,1.000000,1.730000,1079.633057,0.000000,0.000000,1.730000,215.589188,2.700000,0.400000,
25.167196,1,1.000000,0.000000,-0.120000,-0.120000,0.000000,0.000000,1.000000,1.000000,1.740000,1079.676025,0.000000,0.000000,1.740000,215.618530,3.700000,0.900000,
25.211768,1,1.000000,0.000000,-0.120000,-0.120000,0.000000,0.000000,1.000000,1.000000,1.740000,1079.711060,0.000000,0.000000,1.740000,215.605316,3.900000,1.000000,
25.246682,1,1.000000,0.000000,-0.120000,-0.120000,0.000000,0.000000,1.000000,1.000000,1.710000,1079.759033,0.000000,0.000000,1.710000,215.619415,4.200000,1.200000,
25.286576,1,1.000000,0.000000,-0.120000,-0.120000,0.000000,0.000000,1.000000,1.000000,1.700000,1079.791992,0.000000,0.000000,1.700000,215.625626,4.400000,1.300000,
25.327265,1,1.000000,0.000000,-0.120000,-0.120000,0.000000,0.000000,1.000000,1.000000,1.690000,1079.838013,0.000000,0.000000,1.690000,215.597977,4.500000,1.500000,
25.365756,1,1.000000,0.000000,-0.120000,-0.120000,0.000000,0.000000,1.000000,1.000000,1.690000,1079.873047,0.000000,0.000000,1.690000,215.621643,4.500000,1.500000,
25.407531,1,1.000000,0.000000,-0.120000,-0.120000,0.000000,0.000000,1.000000,1.000000,1.690000,1079.921021,0.000000,0.000000,1.690000,215.962036,4.400000,1.600000,
25.444861,1,1.000000,0.000000,-0.120000,-0.120000,0.000000,0.000000,1.000000,1.000000,1.680000,1079.954956,0.000000,0.000000,1.680000,216.760437,4.400000,1.800000,
25.485538,1,1.000000,0.000000,-0.120000,-0.120000,0.000000,0.000000,1.000000,1.000000,1.680000,1080.000000,0.000000,0.000000,1.680000,218.051193,6.200000,3.700000,
25.529712,1,1.000000,0.000000,-0.120000,-0.120000,0.000000,0.000000,1.000000,1.000000,1.660000,1080.036011,0.000000,0.000000,1.660000,218.393250,8.400000,6.100000,
25.560927,1,1.000000,0.000000,-0.120000,-0.120000,0.000000,0.000000,1.000000,1.000000,1.670000,1080.072998,0.000000,0.000000,1.670000,218.587280,7.100000,4.100000,
25.606064,1,1.000000,0.000000,-0.120000,-0.120000,0.000000,0.000000,1.000000,1.000000,1.680000,1080.118042,0.000000,0.000000,1.680000,218.758759,6.100000,3.400000,
25.645796,1,1.000000,0.000000,-0.120000,-0.120000,0.000000,0.000000,1.000000,1.000000,1.660000,1080.156006,0.000000,0.000000,1.660000,218.958328,5.800000,3.200000,
25.685784,1,1.000000,0.000000,-0.120000,-0.120000,0.000000,0.000000,1.000000,1.000000,1.660000,1080.197021,0.000000,0.000000,1.660000,219.060013,5.500000,2.400000,
25.726139,1,1.000000,0.000000,-0.120000,-0.120000,0.000000,0.000000,1.000000,1.000000,1.660000,1080.237061,0.000000,0.000000,1.660000,219.158432,5.100000,1.900000,
25.765889,1,1.000000,0.000000,-0.120000,-0.120000,0.000000,0.000000,1.000000,1.000000,1.640000,1080.276001,0.000000,0.000000,1.640000,219.238739,4.800000,1.700000,
25.804372,1,1.000000,0.000000,-0.120000,-0.120000,0.000000,0.000000,1.000000,1.000000,1.640000,1080.317017,0.000000,0.000000,1.640000,219.288345,4.600000,1.500000,
25.844660,1,1.000000,0.000000,-0.120000,-0.120000,0.000000,0.000000,1.000000,1.000000,1.620000,1081.144043,0.000000,0.000000,1.620000,219.336823,4.400000,1.400000,
25.886662,1,1.000000,0.000000,-0.120000,-0.120000,0.000000,0.000000,1.000000,1.000000,1.630000,1080.813965,0.000000,0.000000,1.630000,219.398315,4.200000,1.400000,
25.926573,1,1.000000,0.000000,-0.120000,-0.120000,0.000000,0.000000,1.000000,1.000000,1.620000,1081.274048,0.000000,0.000000,1.620000,219.419113,4.000000,1.300000,
25.964248,1,1.000000,0.000000,-0.120000,-0.120000,0.000000,0.000000,1.000000,1.000000,1.620000,1080.472046,0.000000,0.000000,1.620000,219.473724,4.000000,1.200000,
26.005967,1,1.000000,0.000000,-0.120000,-0.120000,0.000000,0.000000,1.000000,1.000000,1.620000,1080.510986,0.000000,0.000000,1.620000,219.523666,4.100000,1.100000,
26.046830,1,1.000000,0.000000,-0.120000,-0.120000,0.000000,0.000000,1.000000,1.000000,1.620000,1080.556030,0.000000,0.000000,1.620000,219.534164,4.200000,1.000000,
26.085538,1,1.000000,0.000000,-0.120000,-0.120000,0.000000,0.000000,1.000000,1.000000,1.620000,1080.592041,0.000000,0.000000,1.620000,219.562164,4.300000,1.000000,
26.124695,1,1.000000,0.000000,-0.120000,-0.120000,0.000000,0.000000,1.000000,1.000000,1.610000,1080.637939,0.000000,0.000000,1.610000,219.572174,4.400000,1.000000,
26.165823,1,1.000000,0.000000,-0.120000,-0.120000,0.000000,0.000000,1.000000,1.000000,1.600000,1080.675049,0.000000,0.000000,1.600000,219.574020,4.300000,1.000000,
26.207910,1,1.000000,0.000000,-0.120000,-0.120000,0.000000,0.000000,1.000000,1.000000,1.600000,1080.717041,0.000000,0.000000,1.600000,219.582718,4.200000,1.000000,
26.246039,1,1.000000,0.000000,-0.120000,-0.120000,0.000000,0.000000,1.000000,1.000000,1.600000,1080.755981,0.000000,0.000000,1.600000,219.574753,4.100000,1.000000,
26.287792,1,1.000000,0.000000,-0.120000,-0.120000,0.000000,0.000000,1.000000,1.000000,1.600000,1080.797974,0.000000,0.000000,1.600000,219.560593,4.000000,1.100000,
26.324487,1,1.000000,0.000000,-0.120000,-0.120000,0.000000,0.000000,1.000000,1.000000,1.570000,1080.838013,0.000000,0.000000,1.570000,219.559387,3.900000,1.100000,
26.370645,1,1.000000,0.000000,-0.120000,-0.120000,0.000000,0.000000,1.000000,1.000000,1.570000,1080.875000,0.000000,0.000000,1.570000,219.510986,3.800000,1.200000,
26.407494,1,1.000000,0.000000,-0.120000,-0.120000,0.000000,0.000000,1.000000,1.000000,1.570000,1080.906982,0.000000,0.000000,1.570000,219.510986,3.800000,1.200000,
26.445445,1,1.000000,0.000000,-0.120000,-0.120000,0.000000,0.000000,1.000000,1.000000,1.570000,1080.953003,0.000000,0.000000,1.570000,219.518250,3.600000,1.100000,
26.489235,1,1.000000,0.000000,-0.120000,-0.120000,0.000000,0.000000,1.000000,1.000000,1.590000,1080.994019,0.000000,0.000000,1.590000,219.505585,3.600000,1.100000,
26.527931,1,1.000000,0.000000,-0.120000,-0.120000,0.000000,0.000000,1.000000,1.000000,1.570000,1081.038940,0.000000,0.000000,1.570000,219.534012,3.600000,1.100000,
26.566420,1,1.000000,0.000000,-0.120000,-0.120000,0.000000,0.000000,1.000000,1.000000,1.570000,1081.074951,0.000000,0.000000,1.570000,219.526886,3.700000,1.000000,
26.605937,1,1.000000,0.000000,-0.120000,-0.120000,0.000000,0.000000,1.000000,1.000000,1.570000,1081.119995,0.000000,0.000000,1.570000,219.536835,3.500000,0.800000,
26.646764,1,1.000000,0.000000,-0.120000,-0.120000,0.000000,0.000000,1.000000,1.000000,1.560000,1081.155029,0.000000,0.000000,1.560000,219.535507,2.600000,0.200000,
26.685743,1,1.000000,0.000000,-0.120000,-0.120000,0.000000,0.000000,1.000000,1.000000,1.540000,1081.198975,0.000000,0.000000,1.540000,219.905731,-8.200000,-5.000000,
26.725222,1,1.000000,0.000000,-0.120000,-0.120000,0.000000,0.000000,1.000000,1.000000,1.500000,1081.233032,0.000000,0.000000,1.500000,220.315765,-12.500000,-6.600000,
26.764559,1,1.000000,0.000000,-0.120000,-0.120000,0.000000,0.000000,1.000000,1.000000,1.430000,1081.277954,0.000000,0.000000,1.430000,221.520218,-20.400000,-10.100000,
26.805259,1,1.000000,0.000000,-0.120000,-0.120000,0.000000,0.000000,1.000000,1.000000,1.410000,1081.314941,0.000000,0.000000,1.410000,221.788651,-21.600000,-11.400000,
26.845830,1,1.000000,0.000000,-0.120000,-0.120000,0.000000,0.000000,1.000000,1.000000,1.380000,1082.244019,0.000000,0.000000,1.380000,221.944992,-22.100000,-12.400000,
26.885154,1,1.000000,0.000000,-0.120000,-0.120000,0.000000,0.000000,1.000000,1.000000,1.380000,1081.864014,0.000000,0.000000,1.380000,221.944992,-22.100000,-12.400000,
26.927072,1,1.000000,0.000000,-0.120000,-0.120000,0.000000,0.000000,1.000000,1.000000,1.400000,1082.274048,0.000000,0.000000,1.400000,222.263336,-22.000000,-16.100000,
26.966745,1,1.000000,0.000000,-0.120000,-0.120000,0.000000,0.000000,1.000000,1.000000,1.400000,1081.473022,0.000000,0.000000,1.400000,222.263336,-22.000000,-16.100000,
27.005708,1,1.000000,0.000000,-0.120000,-0.120000,0.000000,0.000000,1.000000,1.000000,1.400000,1081.517944,0.000000,0.000000,1.400000,222.243988,-21.000000,-17.100000,
27.045840,1,1.000000,0.000000,-0.120000,-0.120000,0.000000,0.000000,1.000000,1.000000,1.410000,1081.553955,0.000000,0.000000,1.410000,221.957825,-19.700001,-15.900000,
27.085194,1,1.000000,0.000000,-0.120000,-0.120000,0.000000,0.000000,1.000000,1.000000,1.450000,1081.594971,0.000000,0.000000,1.450000,221.414886,-17.500000,-13.500000,
27.129021,1,1.000000,0.000000,-0.120000,-0.120000,0.000000,0.000000,1.000000,1.000000,1.420000,1081.637939,0.000000,0.000000,1.420000,220.547577,-12.600000,-8.200000,
27.163371,1,1.000000,0.000000,-0.120000,-0.120000,0.000000,0.000000,1.000000,1.000000,1.440000,1081.675049,0.000000,0.000000,1.440000,220.308762,-10.300000,-6.500000,
27.205916,1,1.000000,0.000000,-0.120000,-0.120000,0.000000,0.000000,1.000000,1.000000,1.450000,1081.718018,0.000000,0.000000,1.450000,220.003067,-7.000000,-4.700000,
27.245845,1,1.000000,0.000000,-0.120000,-0.120000,0.000000,0.000000,1.000000,1.000000,1.460000,1081.754028,0.000000,0.000000,1.460000,219.835434,-3.900000,-3.200000,
27.285695,1,1.000000,0.000000,-0.120000,-0.120000,0.000000,0.000000,1.000000,1.000000,1.470000,1081.791016,0.000000,0.000000,1.470000,219.763046,-1.700000,-2.300000,
27.327024,1,1.000000,0.000000,-0.120000,-0.120000,0.000000,0.000000,1.000000,1.000000,1.470000,1081.839966,0.000000,0.000000,1.470000,219.743607,0.200000,-1.400000,
27.365888,1,1.000000,0.000000,-0.120000,-0.120000,0.000000,0.000000,1.000000,1.000000,1.470000,1081.880005,0.000000,0.000000,1.470000,219.756302,1.000000,-0.900000,
27.405381,1,1.000000,0.000000,-0.120000,-0.120000,0.000000,0.000000,1.000000,1.000000,1.470000,1081.918945,0.000000,0.000000,1.470000,219.763245,1.300000,-0.600000,
27.446425,1,1.000000,0.000000,-0.120000,-0.120000,0.000000,0.000000,1.000000,1.000000,1.460000,1081.958984,0.000000,0.000000,1.460000,219.789246,1.900000,-0.200000,
27.487167,1,1.000000,0.000000,-0.120000,-0.120000,0.000000,0.000000,1.000000,1.000000,1.460000,1081.999023,0.000000,0.000000,1.460000,219.787857,2.200000,-0.100000,
27.527466,1,1.000000,0.000000,-0.120000,-0.120000,0.000000,0.000000,1.000000,1.000000,1.460000,1082.037964,0.000000,0.000000,1.460000,219.787857,2.200000,-0.100000,
27.566498,1,1.000000,0.000000,-0.120000,-0.120000,0.000000,0.000000,1.000000,1.000000,1.460000,1082.072998,0.000000,0.000000,1.460000,219.787857,2.200000,-0.100000,
27.607855,1,1.000000,0.000000,-0.120000,-0.120000,0.000000,0.000000,1.000000,1.000000,1.450000,1082.116943,0.000000,0.000000,1.450000,219.854980,5.100000,0.200000,
27.648638,1,1.000000,0.000000,-0.120000,-0.120000,0.000000,0.000000,1.000000,1.000000,1.450000,1082.154053,0.000000,0.000000,1.450000,219.853989,6.100000,0.300000,
27.688317,1,1.000000,0.000000,-0.120000,-0.120000,0.000000,0.000000,1.000000,1.000000,1.450000,1082.192017,0.000000,0.000000,1.450000,219.870636,7.200000,0.200000,
27.728554,1,1.000000,0.000000,-0.120000,-0.120000,0.000000,0.000000,1.000000,1.000000,1.440000,1082.238037,0.000000,0.000000,1.440000,219.855667,8.000000,0.100000,
27.768087,1,1.000000,0.000000,-0.120000,-0.120000,0.000000,0.000000,1.000000,1.000000,1.430000,1082.275024,0.000000,0.000000,1.430000,219.819763,8.500000,0.100000,
27.808923,1,1.000000,0.000000,-0.120000,-0.120000,0.000000,0.000000,1.000000,1.000000,1.430000,1082.317017,0.000000,0.000000,1.430000,219.792587,8.600000,0.100000,
27.844404,1,1.000000,0.000000,-0.120000,-0.120000,0.000000,0.000000,1.000000,1.000000,1.400000,1082.494019,0.000000,0.000000,1.400000,219.763901,8.500000,0.100000,
27.885799,1,1.000000,0.000000,-0.120000,-0.120000,0.000000,0.000000,1.000000,1.000000,1.400000,1082.904053,0.000000,0.000000,1.400000,219.763901,8.500000,0.100000,
27.924093,1,1.000000,0.000000,-0.120000,-0.120000,0.000000,0.000000,1.000000,1.000000,1.350000,1083.293945,0.000000,0.000000,1.350000,219.763901,8.500000,0.100000,
27.966337,1,1.000000,0.000000,-0.120000,-0.120000,0.000000,0.000000,1.000000,1.000000,1.350000,1082.479004,0.000000,0.000000,1.350000,219.763901,8.500000,0.100000,
28.004741,1,1.000000,0.000000,-0.120000,-0.120000,0.000000,0.000000,1.000000,1.000000,1.350000,1082.515015,0.000000,0.000000,1.350000,219.763901,8.500000,0.100000,
28.044717,1,1.000000,0.000000,-0.120000,-0.120000,0.000000,0.000000,1.000000,1.000000,1.300000,1082.555054,0.000000,0.000000,1.300000,219.637955,7.100000,-0.200000,
28.087963,1,1.000000,0.000000,-0.120000,-0.120000,0.000000,0.000000,1.000000,1.000000,1.300000,1082.599976,0.000000,0.000000,1.300000,219.645813,6.200000,-0.400000,
28.129257,1,1.000000,0.000000,-0.120000,-0.120000,0.000000,0.000000,1.000000,1.000000,1.300000,1082.636963,0.000000,0.000000,1.300000,219.662964,5.200000,-0.400000,
28.165388,1,1.000000,0.000000,-0.120000,-0.120000,0.000000,0.000000,1.000000,1.000000,1.270000,1082.675049,0.000000,0.000000,1.270000,219.655838,4.500000,-0.400000,
28.205870,1,1.000000,0.000000,-0.120000,-0.120000,0.000000,0.000000,1.000000,1.000000,1.270000,1082.711060,0.000000,0.000000,1.270000,219.702316,3.000000,-0.400000,
28.248925,1,1.000000,0.000000,-0.120000,-0.120000,0.000000,0.000000,1.000000,1.000000,1.190000,1082.755005,0.000000,0.000000,1.190000,219.743713,1.900000,-0.500000,
28.288613,1,1.000000,0.000000,-0.120000,-0.120000,0.000000,0.000000,1.000000,1.000000,1.190000,1082.793945,0.000000,0.000000,1.190000,219.763062,1.200000,-0.500000,
28.329594,1,1.000000,0.000000,-0.120000,-0.120000,0.000000,0.000000,1.000000,1.000000,1.180000,1082.833008,0.000000,0.000000,1.180000,219.762878,0.700000,-0.600000,
28.368059,1,1.000000,0.000000,-0.120000,-0.120000,0.000000,0.000000,1.000000,1.000000,1.080000,1082.880981,0.000000,0.000000,1.080000,219.784927,0.200000,-0.600000,
28.404908,1,1.000000,0.000000,-0.120000,-0.120000,0.000000,0.000000,1.000000,1.000000,1.080000,1082.917969,0.000000,0.000000,1.080000,219.805237,-0.000000,-0.700000,
28.445926,1,1.000000,0.000000,-0.120000,-0.120000,0.000000,0.000000,1.000000,1.000000,0.980000,1082.958008,0.000000,0.000000,0.980000,219.823547,-0.500000,-0.700000,
28.487215,1,1.000000,0.000000,-0.120000,-0.120000,0.000000,0.000000,1.000000,1.000000,0.980000,1082.990967,0.000000,0.000000,0.980000,219.823776,-0.800000,-0.700000,
28.524519,1,1.000000,0.000000,-0.120000,-0.120000,0.000000,0.000000,1.000000,1.000000,0.900000,1083.037964,0.000000,0.000000,0.900000,219.857910,-2.200000,-0.800000,
28.567339,1,1.000000,0.000000,-0.120000,-0.120000,0.000000,0.000000,1.000000,1.000000,0.900000,1083.074951,0.000000,0.000000,0.900000,219.853531,-2.800000,-0.700000,
28.606345,1,1.000000,0.000000,-0.120000,-0.120000,0.000000,0.000000,1.000000,1.000000,0.900000,1083.110962,0.000000,0.000000,0.900000,219.863388,-3.800000,-0.600000,
28.646659,1,1.000000,0.000000,-0.120000,-0.120000,0.000000,0.000000,1.000000,1.000000,0.810000,1083.155029,0.000000,0.000000,0.810000,219.888916,-4.600000,-0.500000,
28.683487,1,1.000000,0.000000,-0.120000,-0.120000,0.000000,0.000000,1.000000,1.000000,0.810000,1083.201050,0.000000,0.000000,0.810000,219.911118,-5.000000,-0.500000,
28.724535,1,1.000000,0.000000,-0.120000,-0.120000,0.000000,0.000000,1.000000,1.000000,0.800000,1083.237061,0.000000,0.000000,0.800000,219.935089,-4.900000,-0.500000,
28.764058,1,1.000000,0.000000,-0.120000,-0.120000,0.000000,0.000000,1.000000,1.000000,0.760000,1083.275024,0.000000,0.000000,0.760000,219.954941,-4.700000,-0.600000,
28.807633,1,1.000000,0.000000,-0.120000,-0.120000,0.000000,0.000000,1.000000,1.000000,0.760000,1083.312012,0.000000,0.000000,0.760000,219.954788,-4.500000,-0.700000,
28.846973,1,1.000000,0.000000,-0.120000,-0.120000,0.000000,0.000000,1.000000,1.000000,0.690000,1083.463989,0.000000,0.000000,0.690000,219.951340,-4.500000,-0.700000,
28.887710,1,1.000000,0.000000,-0.120000,-0.120000,0.000000,0.000000,1.000000,1.000000,0.690000,1083.904053,0.000000,0.000000,0.690000,219.933746,-4.600000,-0.700000,
28.928236,1,1.000000,0.000000,-0.120000,-0.120000,0.000000,0.000000,1.000000,1.000000,0.680000,1084.254028,0.000000,0.000000,0.680000,219.953033,-4.700000,-0.600000,
28.967667,1,1.000000,0.000000,-0.120000,-0.120000,0.000000,0.000000,1.000000,1.000000,0.610000,1083.475952,0.000000,0.000000,0.610000,219.958847,-4.900000,-0.600000,
29.003803,1,1.000000,0.000000,-0.120000,-0.120000,0.000000,0.000000,1.000000,1.000000,0.610000,1083.519043,0.000000,0.000000,0.610000,219.947083,-5.400000,-0.600000,
29.044439,1,1.000000,0.000000,-0.120000,-0.120000,0.000000,0.000000,1.000000,1.000000,0.540000,1083.552979,0.000000,0.000000,0.540000,219.940933,-5.800000,-0.500000,
29.085798,1,1.000000,0.000000,-0.120000,-0.120000,0.000000,0.000000,1.000000,1.000000,0.540000,1083.597046,0.000000,0.000000,0.540000,219.944992,-6.600000,-0.400000,
29.128765,1,1.000000,0.000000,-0.120000,-0.120000,0.000000,0.000000,1.000000,1.000000,0.520000,1083.633057,0.000000,0.000000,0.520000,219.949814,-6.900000,-0.400000,
29.166025,1,1.000000,0.000000,-0.120000,-0.120000,0.000000,0.000000,1.000000,1.000000,0.350000,1083.676025,0.000000,0.000000,0.350000,219.936005,-7.400000,-0.300000,
29.202120,1,1.000000,0.000000,-0.120000,-0.120000,0.000000,0.000000,1.000000,1.000000,0.350000,1083.713013,0.000000,0.000000,0.350000,219.924179,-8.000000,-0.200000,
29.246315,1,1.000000,0.000000,-0.120000,-0.120000,0.000000,0.000000,1.000000,1.000000,0.380000,1083.753052,0.000000,0.000000,0.380000,219.906845,-8.700000,-0.100000,
29.287926,1,1.000000,0.000000,-0.120000,-0.120000,0.000000,0.000000,1.000000,1.000000,0.370000,1083.800049,0.000000,0.000000,0.370000,219.883942,-9.600000,-0.100000,
29.326756,1,1.000000,0.000000,-0.120000,-0.120000,0.000000,0.000000,1.000000,1.000000,0.370000,1083.836060,0.000000,0.000000,0.370000,219.847031,-10.800000,-0.100000,
29.364392,1,1.000000,0.000000,-0.120000,-0.120000,0.000000,0.000000,1.000000,1.000000,0.290000,1083.874023,0.000000,0.000000,0.290000,219.841217,-11.700000,-0.000000,
29.409418,1,1.000000,0.000000,-0.120000,-0.120000,0.000000,0.000000,1.000000,1.000000,0.290000,1083.916016,0.000000,0.000000,0.290000,219.847137,-12.600000,0.100000,
29.445743,1,1.000000,0.000000,-0.120000,-0.120000,0.000000,0.000000,1.000000,1.000000,0.210000,1083.953979,0.000000,0.000000,0.210000,219.857025,-12.900000,-0.000000,
29.485589,1,1.000000,0.000000,-0.120000,-0.120000,0.000000,0.000000,1.000000,1.000000,0.220000,1084.000977,0.000000,0.000000,0.220000,219.862503,-12.000000,-0.500000,
29.527912,1,1.000000,0.000000,-0.120000,-0.120000,0.000000,0.000000,1.000000,1.000000,0.230000,1084.036011,0.000000,0.000000,0.230000,219.850113,-10.800000,-0.400000,
29.560729,1,1.000000,0.000000,-0.120000,-0.120000,0.000000,0.000000,1.000000,1.000000,0.320000,1084.072998,0.000000,0.000000,0.320000,219.722214,-8.000000,-0.000000,
29.604850,1,1.000000,0.000000,-0.120000,-0.120000,0.000000,0.000000,1.000000,1.000000,0.320000,1084.114990,0.000000,0.000000,0.320000,220.251480,-4.800000,-1.700000,
29.641823,1,1.000000,0.000000,-0.120000,-0.120000,0.000000,0.000000,1.000000,1.000000,0.200000,1084.151978,0.000000,0.000000,0.200000,221.718735,-9.800000,-1.500000,
29.686855,1,1.000000,0.000000,-0.120000,-0.120000,0.000000,0.000000,1.000000,1.000000,0.200000,1084.192993,0.000000,0.000000,0.200000,223.113144,-12.300000,2.500000,
29.727665,1,1.000000,0.000000,-0.120000,-0.120000,0.000000,0.000000,1.000000,1.000000,0.200000,1084.239014,0.000000,0.000000,0.200000,224.409668,-11.500000,4.200000,
29.766694,1,1.000000,0.000000,-0.120000,-0.120000,0.000000,0.000000,1.000000,1.000000,0.200000,1084.276978,0.000000,0.000000,0.200000,224.193497,-9.200000,3.800000,
29.805793,1,1.000000,0.000000,-0.120000,-0.120000,0.000000,0.000000,1.000000,1.000000,0.200000,1084.316040,0.000000,0.000000,0.200000,224.095413,-7.700000,3.200000,
29.845465,1,1.000000,0.000000,-0.120000,-0.120000,0.000000,0.000000,1.000000,1.000000,0.200000,1085.244019,0.000000,0.000000,0.200000,225.100311,-4.100000,-1.000000,
29.884587,1,1.000000,0.000000,-0.120000,-0.120000,0.000000,0.000000,1.000000,1.000000,0.200000,1084.874023,0.000000,0.000000,0.200000,231.555832,-7.800000,1.300000,
29.928810,1,1.000000,0.000000,-0.120000,-0.120000,0.000000,0.000000,1.000000,1.000000,0.200000,1085.244019,0.000000,0.000000,0.200000,234.536957,-8.400000,1.600000,
29.968622,1,1.000000,0.000000,-0.120000,-0.120000,0.000000,0.000000,1.000000,1.000000,0.250000,1084.477051,0.000000,0.000000,0.250000,241.647659,-7.600000,0.500000,
30.008896,1,1.000000,0.000000,-0.120000,-0.120000,0.000000,0.000000,1.000000,1.000000,0.250000,1084.512939,0.000000,0.000000,0.250000,244.231079,-6.300000,-1.400000,
30.049195,1,1.000000,0.000000,-0.120000,-0.120000,0.000000,0.000000,1.000000,1.000000,0.200000,1084.557007,0.000000,0.000000,0.200000,251.125992,-2.300000,-3.100000,
30.088785,1,1.000000,0.000000,-0.120000,-0.120000,0.000000,0.000000,1.000000,1.000000,0.200000,1084.598022,0.000000,0.000000,0.200000,255.367218,-1.000000,-3.300000,
30.126082,1,1.000000,0.000000,-0.120000,-0.120000,0.000000,0.000000,1.000000,1.000000,0.200000,1084.635986,0.000000,0.000000,0.200000,256.300507,0.400000,-2.300000,
30.166739,1,1.000000,0.000000,-0.120000,-0.120000,0.000000,0.000000,1.000000,1.000000,0.200000,1084.677979,0.000000,0.000000,0.200000,254.928574,0.600000,-2.300000,
30.208045,1,1.000000,0.000000,-0.120000,-0.120000,0.000000,0.000000,1.000000,1.000000,0.200000,1084.714966,0.000000,0.000000,0.200000,253.342026,-0.100000,-2.400000,
30.247589,1,1.000000,0.000000,-0.120000,-0.120000,0.000000,0.000000,1.000000,1.000000,0.200000,1084.754028,0.000000,0.000000,0.200000,253.899399,-0.800000,-2.200000,
30.283813,1,1.000000,0.000000,-0.120000,-0.120000,0.000000,0.000000,1.000000,1.000000,0.200000,1084.800049,0.000000,0.000000,0.200000,256.092438,-0.700000,-2.000000,
30.323137,1,1.000000,0.000000,-0.120000,-0.120000,0.000000,0.000000,1.000000,1.000000,0.200000,1084.833984,0.000000,0.000000,0.200000,255.993317,-0.500000,-2.200000,
30.368822,1,1.000000,0.000000,-0.120000,-0.120000,0.000000,0.000000,1.000000,1.000000,0.200000,1084.875977,0.000000,0.000000,0.200000,254.277161,-0.200000,-2.300000,
30.407954,1,1.000000,0.000000,-0.120000,-0.120000,0.000000,0.000000,1.000000,1.000000,0.200000,1084.916016,0.000000,0.000000,0.200000,253.954590,-0.200000,-2.200000,
30.445591,1,1.000000,0.000000,-0.120000,-0.120000,0.000000,0.000000,1.000000,1.000000,0.200000,1084.953003,0.000000,0.000000,0.200000,254.365189,-0.300000,-2.000000,
30.480107,1,1.000000,0.000000,-0.120000,-0.120000,0.000000,0.000000,1.000000,1.000000,0.200000,1084.996948,0.000000,0.000000,0.200000,255.078079,-0.500000,-2.000000,
30.518399,1,1.000000,0.000000,-0.120000,-0.120000,0.000000,0.000000,1.000000,1.000000,0.200000,1085.040039,0.000000,0.000000,0.200000,255.078079,-0.500000,-2.000000,
30.556147,1,1.000000,0.000000,-0.120000,-0.120000,0.000000,0.000000,1.000000,1.000000,0.200000,1085.071045,0.000000,0.000000,0.200000,254.861862,-0.400000,-2.300000,
30.598840,1,1.000000,0.000000,-0.120000,-0.120000,0.000000,0.000000,1.000000,1.000000,0.200000,1085.109985,0.000000,0.000000,0.200000,254.756256,-0.300000,-2.200000,
30.646828,1,1.000000,0.000000,-0.120000,-0.120000,0.000000,0.000000,1.000000,1.000000,0.200000,1085.150024,0.000000,0.000000,0.200000,254.789062,-0.300000,-2.000000,
30.686909,1,1.000000,0.000000,-0.120000,-0.120000,0.000000,0.000000,1.000000,1.000000,0.200000,1085.196045,0.000000,0.000000,0.200000,254.783997,-0.400000,-2.100000,
30.729615,1,1.000000,0.000000,-0.120000,-0.120000,0.000000,0.000000,1.000000,1.000000,0.200000,1085.234985,0.000000,0.000000,0.200000,254.795242,-0.500000,-2.200000,
30.768264,1,1.000000,0.000000,-0.120000,-0.120000,0.000000,0.000000,1.000000,1.000000,0.200000,1085.272949,0.000000,0.000000,0.200000,254.860489,-0.400000,-2.200000,
30.809820,1,1.000000,0.000000,-0.120000,-0.120000,0.000000,0.000000,1.000000,1.000000,0.200000,1085.317993,0.000000,0.000000,0.200000,254.797531,-0.300000,-2.100000,
30.848539,1,1.000000,0.000000,-0.120000,-0.120000,0.000000,0.000000,1.000000,1.000000,0.200000,1085.484009,0.000000,0.000000,0.200000,254.748718,-0.400000,-2.100000,
30.886374,1,1.000000,0.000000,-0.120000,-0.120000,0.000000,0.000000,1.000000,1.000000,0.200000,1085.884033,0.000000,0.000000,0.200000,254.772583,-0.400000,-2.100000,
30.927916,1,1.000000,0.000000,-0.120000,-0.120000,0.000000,0.000000,1.000000,1.000000,0.200000,1086.264038,0.000000,0.000000,0.200000,254.831070,-0.400000,-2.200000,
30.969423,1,1.000000,0.000000,-0.120000,-0.120000,0.000000,0.000000,1.000000,1.000000,0.200000,1085.475952,0.000000,0.000000,0.200000,254.806396,-0.400000,-2.100000,
31.007553,1,1.000000,0.000000,-0.120000,-0.120000,0.000000,0.000000,1.000000,1.000000,0.200000,1085.515991,0.000000,0.000000,0.200000,254.786453,-0.400000,-2.100000,
31.048775,1,1.000000,0.000000,-0.120000,-0.120000,0.000000,0.000000,1.000000,1.000000,0.200000,1085.557007,0.000000,0.000000,0.200000,254.783615,-0.400000,-2.100000,
31.089519,1,1.000000,0.000000,-0.120000,-0.120000,0.000000,0.000000,1.000000,1.000000,0.200000,1085.595947,0.000000,0.000000,0.200000,254.804153,-0.400000,-2.100000,
31.128881,1,1.000000,0.000000,-0.120000,-0.120000,0.000000,0.000000,1.000000,1.000000,0.200000,1085.635010,0.000000,0.000000,0.200000,254.792145,-0.400000,-2.100000,
31.169277,1,1.000000,0.000000,-0.120000,-0.120000,0.000000,0.000000,1.000000,1.000000,0.200000,1085.671997,0.000000,0.000000,0.200000,254.747650,-0.400000,-2.100000,
