12.421403,1,1.000000,0.000000,0.000000,0.000000,1.000000,0.000000,0.000000,0.000000,0.200000,510.575989,0.000000,0.000000,0.200000,207.750900,1.000000,0.300000,
12.481091,1,1.000000,0.000000,0.000000,0.000000,1.000000,0.000000,0.000000,0.000000,0.200000,510.654999,0.000000,0.000000,0.200000,207.750610,1.000000,0.300000,
12.498698,1,1.000000,0.000000,0.000000,0.000000,1.000000,0.000000,0.000000,0.000000,0.200000,510.675995,0.000000,0.000000,0.200000,207.748688,1.000000,0.300000,
12.540724,1,1.000000,0.000000,0.000000,0.000000,1.000000,0.000000,0.000000,0.000000,0.200000,510.713989,0.000000,0.000000,0.200000,207.749420,1.000000,0.300000,
12.578641,1,1.000000,0.000000,0.000000,0.000000,1.000000,0.000000,0.000000,0.000000,0.200000,510.760986,0.000000,0.000000,0.200000,207.751129,1.000000,0.300000,
12.616737,1,1.000000,0.000000,0.000000,0.000000,1.000000,0.000000,0.000000,0.000000,0.200000,510.791992,0.000000,0.000000,0.200000,207.748962,1.000000,0.300000,
12.658696,1,1.000000,0.000000,0.000000,0.000000,1.000000,0.000000,0.000000,0.000000,0.200000,510.833008,0.000000,0.000000,0.200000,207.745041,1.000000,0.300000,
12.701388,1,1.000000,0.000000,0.000000,0.000000,1.000000,0.000000,0.000000,0.000000,0.200000,510.875000,0.000000,0.000000,0.200000,207.745499,1.000000,0.300000,
12.738975,1,1.000000,0.000000,0.000000,0.000000,1.000000,0.000000,0.000000,0.000000,0.200000,510.920013,0.000000,0.000000,0.200000,207.748703,1.000000,0.300000,
12.779148,1,1.000000,0.000000,0.000000,0.000000,1.000000,0.000000,0.000000,0.000000,0.200000,510.951996,0.000000,0.000000,0.200000,207.713089,1.000000,0.300000,
12.822477,1,1.000000,0.000000,0.000000,0.000000,1.000000,0.000000,0.000000,0.000000,0.200000,510.993011,0.000000,0.000000,0.200000,207.732773,1.000000,0.200000,
12.862193,1,1.000000,0.000000,0.000000,0.000000,1.000000,0.000000,0.000000,0.000000,0.200000,511.040009,0.000000,0.000000,0.200000,207.958878,1.100000,0.000000,
12.904825,1,1.000000,0.000000,0.000000,0.000000,1.000000,0.000000,0.000000,0.000000,0.200000,511.080994,0.000000,0.000000,0.200000,208.083267,1.100000,-0.700000,
12.942590,1,1.000000,0.000000,0.000000,0.000000,1.000000,0.000000,0.000000,0.000000,0.200000,511.114014,0.000000,0.000000,0.200000,208.214233,1.100000,-2.400000,
12.982422,1,1.000000,0.000000,0.000000,0.000000,1.000000,0.000000,0.000000,0.000000,0.200000,511.157013,0.000000,0.000000,0.200000,208.363708,1.400000,-3.300000,
13.068329,1,1.000000,0.000000,0.000000,0.000000,1.000000,0.000000,0.000000,0.000000,0.200000,511.243988,0.000000,0.000000,0.200000,208.807220,1.900000,-3.400000,
13.085963,1,1.000000,0.000000,0.000000,0.000000,1.000000,0.000000,0.000000,0.000000,0.200000,511.266998,0.000000,0.000000,0.200000,208.956055,1.700000,-3.700000,
13.182173,1,1.000000,0.000000,0.000000,0.000000,1.000000,0.000000,0.000000,0.000000,0.200000,511.360992,0.000000,0.000000,0.200000,209.697723,1.100000,-2.500000,
13.202312,1,1.000000,0.000000,0.000000,0.000000,1.000000,0.000000,0.000000,0.000000,0.200000,511.372986,0.000000,0.000000,0.200000,209.697723,1.100000,-2.500000,
13.238420,1,1.000000,0.000000,0.000000,0.000000,1.000000,0.000000,0.000000,0.000000,0.250000,511.411011,0.000000,0.000000,0.250000,209.771194,2.000000,-2.400000,
13.280968,1,1.000000,0.000000,0.000000,0.000000,1.000000,0.000000,0.000000,0.000000,0.250000,511.597992,0.000000,0.000000,0.250000,209.776337,2.400000,-2.600000,
13.320349,1,1.000000,0.000000,0.000000,0.000000,1.000000,0.000000,0.000000,0.000000,0.290000,511.928009,0.000000,0.000000,0.290000,209.758423,2.500000,-2.700000,
13.362744,1,1.000000,0.000000,0.000000,0.000000,1.000000,0.000000,0.000000,0.000000,0.290000,512.348022,0.000000,0.000000,0.290000,209.774658,2.500000,-2.400000,
13.400453,1,1.000000,0.000000,0.000000,0.000000,1.000000,0.000000,0.000000,0.000000,0.290000,511.580994,0.000000,0.000000,0.290000,209.759766,2.400000,-2.300000,
13.442190,1,1.000000,0.000000,0.000000,0.000000,1.000000,0.000000,0.000000,0.000000,0.330000,511.615997,0.000000,0.000000,0.330000,209.683395,2.300000,-2.200000,
13.480189,1,1.000000,0.000000,0.000000,0.000000,1.000000,0.000000,0.000000,0.000000,0.330000,511.652008,0.000000,0.000000,0.330000,209.558273,2.500000,-2.200000,
13.524234,1,1.000000,0.000000,0.000000,0.000000,1.000000,0.000000,0.000000,0.000000,0.370000,511.703003,0.000000,0.000000,0.370000,209.425720,2.600000,-2.200000,
13.574492,1,1.000000,0.000000,0.000000,0.000000,1.000000,0.000000,0.000000,0.000000,0.370000,511.743011,0.000000,0.000000,0.370000,209.314346,2.500000,-2.200000,
13.605939,1,1.000000,0.000000,0.000000,0.000000,1.000000,0.000000,0.000000,0.000000,0.370000,511.778015,0.000000,0.000000,0.370000,209.163300,2.500000,-2.100000,
13.659375,1,1.000000,0.000000,0.000000,0.000000,1.000000,0.000000,0.000000,0.000000,0.380000,511.816986,0.000000,0.000000,0.380000,209.008972,2.700000,-2.200000,
13.683362,1,1.000000,0.000000,0.000000,0.000000,1.000000,0.000000,0.000000,0.000000,0.380000,511.851013,0.000000,0.000000,0.380000,208.873505,2.600000,-2.300000,
13.723529,1,1.000000,0.000000,0.000000,0.000000,1.000000,0.000000,0.000000,0.000000,0.420000,511.903015,0.000000,0.000000,0.420000,208.762314,2.500000,-2.200000,
13.764843,1,1.000000,0.000000,0.000000,0.000000,1.000000,0.000000,0.000000,0.000000,0.420000,511.937012,0.000000,0.000000,0.420000,208.625244,2.600000,-2.200000,
13.796732,1,1.000000,0.000000,0.000000,0.000000,1.000000,0.000000,0.000000,0.000000,0.420000,511.971985,0.000000,0.000000,0.420000,208.565125,2.700000,-2.200000,
13.841019,1,1.000000,0.000000,0.000000,0.000000,1.000000,0.000000,0.000000,0.000000,0.470000,512.013977,0.000000,0.000000,0.470000,208.406204,2.600000,-2.200000,
13.880007,1,1.000000,0.000000,0.000000,0.000000,1.000000,0.000000,0.000000,0.000000,0.470000,512.052979,0.000000,0.000000,0.470000,208.310028,2.600000,-2.100000,
13.919856,1,1.000000,0.000000,0.000000,0.000000,1.000000,0.000000,0.000000,0.000000,0.470000,512.096008,0.000000,0.000000,0.470000,208.246414,2.400000,-2.100000,
13.959491,1,1.000000,0.000000,0.000000,0.000000,1.000000,0.000000,0.000000,0.000000,0.470000,512.138977,0.000000,0.000000,0.470000,208.170898,2.400000,-2.100000,
13.995610,1,1.000000,0.000000,0.000000,0.000000,1.000000,0.000000,0.000000,0.000000,0.480000,512.181030,0.000000,0.000000,0.480000,208.100861,2.500000,-2.000000,
14.041937,1,1.000000,0.000000,0.000000,0.000000,1.000000,0.000000,0.000000,0.000000,0.530000,512.221985,0.000000,0.000000,0.530000,208.028275,2.400000,-2.000000,
14.080150,1,1.000000,0.000000,0.000000,0.000000,1.000000,0.000000,0.000000,0.000000,0.530000,512.262024,0.000000,0.000000,0.530000,208.003021,2.200000,-2.000000,
14.120194,1,1.000000,0.000000,0.000000,0.000000,1.000000,0.000000,0.000000,0.000000,0.560000,512.296021,0.000000,0.000000,0.560000,207.954681,2.200000,-1.900000,
14.158411,1,1.000000,0.000000,0.000000,0.000000,1.000000,0.000000,0.000000,0.000000,0.560000,512.341980,0.000000,0.000000,0.560000,207.919891,2.300000,-1.900000,
14.198915,1,1.000000,0.000000,0.000000,0.000000,1.000000,0.000000,0.000000,0.000000,0.560000,512.377991,0.000000,0.000000,0.560000,207.884796,2.200000,-1.900000,
14.241528,1,1.000000,0.000000,0.000000,0.000000,1.000000,0.000000,0.000000,0.000000,0.610000,512.422974,0.000000,0.000000,0.610000,207.878128,2.100000,-1.800000,
14.276102,1,1.000000,0.000000,0.000000,0.000000,1.000000,0.000000,0.000000,0.000000,0.610000,513.348022,0.000000,0.000000,0.610000,207.867508,1.900000,-1.800000,
14.322660,1,1.000000,0.000000,0.000000,0.000000,1.000000,0.000000,0.000000,0.000000,0.630000,512.958008,0.000000,0.000000,0.630000,207.839127,1.900000,-1.700000,
14.362774,1,1.000000,0.000000,0.000000,0.000000,1.000000,0.000000,0.000000,0.000000,0.630000,513.388000,0.000000,0.000000,0.630000,207.813538,2.000000,-1.700000,
14.401097,1,1.000000,0.000000,0.000000,0.000000,1.000000,0.000000,0.000000,0.000000,0.630000,512.573975,0.000000,0.000000,0.630000,207.785126,2.100000,-1.800000,
14.441069,1,1.000000,0.000000,0.000000,0.000000,1.000000,0.000000,0.000000,0.000000,0.660000,512.617981,0.000000,0.000000,0.660000,207.784988,2.000000,-1.700000,
14.479095,1,1.000000,0.000000,0.000000,0.000000,1.000000,0.000000,0.000000,0.000000,0.660000,512.658997,0.000000,0.000000,0.660000,207.798508,1.800000,-1.600000,
14.519256,1,1.000000,0.000000,0.000000,0.000000,1.000000,0.000000,0.000000,0.000000,0.670000,512.700989,0.000000,0.000000,0.670000,207.790329,1.700000,-1.500000,
14.559444,1,1.000000,0.000000,0.000000,0.000000,1.000000,0.000000,0.000000,0.000000,0.670000,512.739990,0.000000,0.000000,0.670000,207.769058,1.900000,-1.500000,
14.603024,1,1.000000,0.000000,0.000000,0.000000,1.000000,0.000000,0.000000,0.000000,0.670000,512.776978,0.000000,0.000000,0.670000,207.753510,2.000000,-1.600000,
14.640512,1,1.000000,0.000000,0.000000,0.000000,1.000000,0.000000,0.000000,0.000000,0.710000,512.814026,0.000000,0.000000,0.710000,207.745560,1.900000,-1.500000,
14.678425,1,1.000000,0.000000,0.000000,0.000000,1.000000,0.000000,0.000000,0.000000,0.710000,512.859985,0.000000,0.000000,0.710000,207.754166,1.600000,-1.500000,
14.721063,1,1.000000,0.000000,0.000000,0.000000,1.000000,0.000000,0.000000,0.000000,0.740000,512.893982,0.000000,0.000000,0.740000,207.748779,1.600000,-1.400000,
14.760476,1,1.000000,0.000000,0.000000,0.000000,1.000000,0.000000,0.000000,0.000000,0.740000,512.934998,0.000000,0.000000,0.740000,207.739914,1.800000,-1.400000,
14.797808,1,1.000000,0.000000,0.000000,0.000000,1.000000,0.000000,0.000000,0.000000,0.740000,512.976990,0.000000,0.000000,0.740000,207.724030,2.000000,-1.500000,
14.840188,1,1.000000,0.000000,0.000000,0.000000,1.000000,0.000000,0.000000,0.000000,0.780000,513.018005,0.000000,0.000000,0.780000,207.711243,1.900000,-1.400000,
14.877208,1,1.000000,0.000000,0.000000,0.000000,1.000000,0.000000,0.000000,0.000000,0.780000,513.060974,0.000000,0.000000,0.780000,207.712830,1.800000,-1.400000,
14.920578,1,1.000000,0.000000,0.000000,0.000000,1.000000,0.000000,0.000000,0.000000,0.820000,513.101990,0.000000,0.000000,0.820000,207.712875,1.800000,-1.400000,
14.959818,1,1.000000,0.000000,0.000000,0.000000,1.000000,0.000000,0.000000,0.000000,0.820000,513.142029,0.000000,0.000000,0.820000,207.704285,1.900000,-1.400000,
15.000600,1,1.000000,0.000000,0.000000,0.000000,1.000000,0.000000,0.000000,0.000000,0.860000,513.184021,0.000000,0.000000,0.860000,207.686554,1.900000,-1.400000,
15.040383,1,1.000000,0.000000,0.000000,0.000000,1.000000,0.000000,0.000000,0.000000,0.860000,513.215027,0.000000,0.000000,0.860000,207.693314,1.800000,-1.300000,
15.078982,1,1.000000,0.000000,0.000000,0.000000,1.000000,0.000000,0.000000,0.000000,0.860000,513.257996,0.000000,0.000000,0.860000,207.702072,1.700000,-1.300000,
15.118052,1,1.000000,0.000000,0.000000,0.000000,1.000000,0.000000,0.000000,0.000000,0.920000,513.302002,0.000000,0.000000,0.920000,207.681183,1.800000,-1.300000,
15.163056,2,1.000000,0.000000,0.000000,0.000000,1.000000,0.000000,1.000000,1.000000,0.920000,513.341003,0.000000,0.000000,0.920000,207.671829,1.900000,-1.300000,
15.224716,2,1.000000,0.000000,-0.300000,-0.300000,1.000000,0.000000,1.000000,1.000000,0.920000,513.377014,0.000000,0.000000,0.920000,207.665573,1.800000,-1.300000,
15.245173,2,1.000000,0.000000,-0.300000,-0.300000,1.000000,0.000000,1.000000,1.000000,0.960000,513.421021,0.000000,0.000000,0.960000,207.658813,1.700000,-1.300000,
15.284663,2,1.000000,0.000000,-0.300000,-0.300000,1.000000,0.000000,1.000000,1.000000,0.960000,513.747986,0.000000,0.000000,0.960000,207.658813,1.700000,-1.300000,
15.322506,2,1.000000,0.000000,-0.300000,-0.300000,1.000000,0.000000,1.000000,1.000000,1.020000,513.918030,0.000000,0.000000,1.020000,207.618729,1.900000,-1.200000,
15.370011,2,1.000000,0.000000,-0.300000,-0.300000,1.000000,0.000000,1.000000,1.000000,1.020000,514.377991,0.000000,0.000000,1.020000,207.604782,1.800000,-1.200000,
15.400966,2,1.000000,0.000000,-0.300000,-0.300000,1.000000,0.000000,1.000000,1.000000,1.020000,513.578979,0.000000,0.000000,1.020000,207.613235,1.600000,-1.200000,
15.440306,2,1.000000,0.000000,-0.300000,-0.300000,1.000000,0.000000,1.000000,1.000000,1.070000,513.614990,0.000000,0.000000,1.070000,207.611389,1.700000,-1.100000,
15.481253,2,1.000000,0.000000,-0.300000,-0.300000,1.000000,0.000000,1.000000,1.000000,1.070000,513.656006,0.000000,0.000000,1.070000,207.600510,1.800000,-1.100000,
15.521093,2,1.000000,0.000000,-0.300000,-0.300000,1.000000,0.000000,1.000000,1.000000,1.110000,513.702026,0.000000,0.000000,1.110000,207.600342,1.900000,-1.000000,
15.557770,2,1.000000,0.000000,-0.300000,-0.300000,1.000000,0.000000,1.000000,1.000000,1.110000,513.739014,0.000000,0.000000,1.110000,207.629730,3.200000,1.100000,
15.603048,2,1.000000,0.000000,-0.300000,-0.300000,1.000000,0.000000,1.000000,1.000000,1.160000,513.781982,0.000000,0.000000,1.160000,207.809067,6.600000,5.200000,
15.639691,2,1.000000,0.000000,-0.300000,-0.300000,1.000000,0.000000,1.000000,1.000000,1.150000,513.817017,0.000000,0.000000,1.150000,207.969849,9.600000,7.000000,
15.680435,2,1.000000,0.000000,-0.300000,-0.300000,1.000000,0.000000,1.000000,1.000000,1.140000,513.857971,0.000000,0.000000,1.140000,207.948639,11.000000,7.000000,
15.724204,2,1.000000,0.000000,-0.300000,-0.300000,1.000000,0.000000,1.000000,1.000000,1.180000,513.900024,0.000000,0.000000,1.180000,207.923615,11.500000,7.700000,
15.761936,2,1.000000,0.000000,-0.300000,-0.300000,1.000000,0.000000,1.000000,1.000000,1.180000,513.940002,0.000000,0.000000,1.180000,207.891663,12.000000,8.800000,
15.802544,2,1.000000,0.000000,-0.300000,-0.300000,1.000000,0.000000,1.000000,1.000000,1.230000,513.981995,0.000000,0.000000,1.230000,207.790268,12.200000,9.000000,
15.846779,2,1.000000,0.000000,-0.300000,-0.300000,1.000000,0.000000,1.000000,1.000000,1.220000,514.023010,0.000000,0.000000,1.220000,207.722778,12.400000,9.100000,
15.883654,2,1.000000,0.000000,-0.300000,-0.300000,1.000000,0.000000,1.000000,1.000000,1.220000,514.057007,0.000000,0.000000,1.220000,207.687302,12.700000,9.200000,
15.923733,2,1.000000,0.000000,-0.300000,-0.300000,1.000000,0.000000,1.000000,1.000000,1.220000,514.098022,0.000000,0.000000,1.220000,207.650040,12.900000,9.300000,
15.962342,2,1.000000,0.000000,-0.300000,-0.300000,1.000000,0.000000,1.000000,1.000000,1.220000,514.142029,0.000000,0.000000,1.220000,207.596313,12.900000,9.200000,
16.002673,2,1.000000,0.000000,-0.300000,-0.300000,1.000000,0.000000,1.000000,1.000000,1.220000,514.177002,0.000000,0.000000,1.220000,207.536469,12.800000,9.200000,
16.050685,2,1.000000,0.000000,-0.300000,-0.300000,1.000000,0.000000,1.000000,1.000000,1.230000,514.219971,0.000000,0.000000,1.230000,207.471039,12.600000,9.300000,
16.081454,2,1.000000,0.000000,-0.300000,-0.300000,1.000000,0.000000,1.000000,1.000000,1.230000,514.263000,0.000000,0.000000,1.230000,207.399673,12.300000,9.200000,
16.122070,2,1.000000,0.000000,-0.300000,-0.300000,1.000000,0.000000,1.000000,1.000000,1.220000,514.296021,0.000000,0.000000,1.220000,207.376434,12.300000,9.200000,
16.159414,2,1.000000,0.000000,-0.300000,-0.300000,1.000000,0.000000,1.000000,1.000000,1.220000,514.338989,0.000000,0.000000,1.220000,207.365219,12.400000,9.100000,
16.202447,2,1.000000,0.000000,-0.300000,-0.300000,1.000000,0.000000,1.000000,1.000000,1.230000,514.382996,0.000000,0.000000,1.230000,207.377075,12.500000,9.000000,
16.250785,2,1.000000,0.000000,-0.300000,-0.300000,1.000000,0.000000,1.000000,1.000000,1.230000,514.416016,0.000000,0.000000,1.230000,207.353989,12.500000,9.000000,
16.287029,2,1.000000,0.000000,-0.300000,-0.300000,1.000000,0.000000,1.000000,1.000000,1.240000,514.557983,0.000000,0.000000,1.240000,207.323151,12.300000,9.000000,
16.321509,2,1.000000,0.000000,-0.300000,-0.300000,1.000000,0.000000,1.000000,1.000000,1.240000,514.978027,0.000000,0.000000,1.240000,207.277893,12.100000,9.000000,
16.363061,2,1.000000,0.000000,-0.300000,-0.300000,1.000000,0.000000,1.000000,1.000000,1.240000,515.317993,0.000000,0.000000,1.240000,207.257339,12.000000,8.900000,
16.405379,2,1.000000,0.000000,-0.300000,-0.300000,1.000000,0.000000,1.000000,1.000000,1.240000,514.577026,0.000000,0.000000,1.240000,207.246979,12.000000,8.800000,
16.444143,2,1.000000,0.000000,-0.300000,-0.300000,1.000000,0.000000,1.000000,1.000000,1.240000,514.620972,0.000000,0.000000,1.240000,207.253189,12.100000,8.700000,
16.479891,2,1.000000,0.000000,-0.300000,-0.300000,1.000000,0.000000,1.000000,1.000000,1.240000,514.656006,0.000000,0.000000,1.240000,207.216782,12.100000,8.600000,
16.523566,2,1.000000,0.000000,-0.300000,-0.300000,1.000000,0.000000,1.000000,1.000000,1.250000,514.697998,0.000000,0.000000,1.250000,207.162506,11.800000,8.600000,
16.563763,2,1.000000,0.000000,-0.300000,-0.300000,1.000000,0.000000,1.000000,1.000000,1.250000,514.742004,0.000000,0.000000,1.250000,207.134689,11.700000,8.600000,
16.601349,2,1.000000,0.000000,-0.300000,-0.300000,1.000000,0.000000,1.000000,1.000000,1.250000,514.773987,0.000000,0.000000,1.250000,207.104050,11.800000,8.500000,
16.642084,2,1.000000,0.000000,-0.300000,-0.300000,1.000000,0.000000,1.000000,1.000000,1.230000,514.820007,0.000000,0.000000,1.230000,207.089401,11.900000,8.400000,
16.679276,2,1.000000,0.000000,-0.300000,-0.300000,1.000000,0.000000,1.000000,1.000000,1.230000,514.857971,0.000000,0.000000,1.230000,207.045929,12.000000,8.300000,
16.722062,2,1.000000,0.000000,-0.300000,-0.300000,1.000000,0.000000,1.000000,1.000000,1.230000,514.900024,0.000000,0.000000,1.230000,206.989502,11.900000,8.300000,
16.759489,2,1.000000,0.000000,-0.300000,-0.300000,1.000000,0.000000,1.000000,1.000000,1.230000,514.937988,0.000000,0.000000,1.230000,206.937729,11.700000,8.400000,
16.801763,2,1.000000,0.000000,-0.300000,-0.300000,1.000000,0.000000,1.000000,1.000000,1.230000,514.978027,0.000000,0.000000,1.230000,206.887955,11.500000,8.300000,
16.842019,2,1.000000,0.000000,-0.300000,-0.300000,1.000000,0.000000,1.000000,1.000000,1.230000,515.023987,0.000000,0.000000,1.230000,206.865234,11.400000,8.200000,
16.877086,2,1.000000,0.000000,-0.300000,-0.300000,1.000000,0.000000,1.000000,1.000000,1.230000,515.054993,0.000000,0.000000,1.230000,206.870239,11.600000,8.200000,
16.925133,2,1.000000,0.000000,-0.300000,-0.300000,1.000000,0.000000,1.000000,1.000000,1.210000,515.098999,0.000000,0.000000,1.210000,206.881973,11.600000,8.200000,
16.961780,2,1.000000,0.000000,-0.300000,-0.300000,1.000000,0.000000,1.000000,1.000000,1.220000,515.140991,0.000000,0.000000,1.220000,206.795929,10.200000,7.000000,
17.004059,2,1.000000,0.000000,-0.300000,-0.300000,1.000000,0.000000,1.000000,1.000000,1.220000,515.184021,0.000000,0.000000,1.220000,206.187195,4.100000,2.200000,
17.049085,2,1.000000,0.000000,-0.300000,-0.300000,1.000000,0.000000,1.000000,1.000000,1.220000,515.218994,0.000000,0.000000,1.220000,206.119614,-1.700000,-1.900000,
17.084718,2,1.000000,0.000000,-0.300000,-0.300000,1.000000,0.000000,1.000000,1.000000,1.220000,515.262024,0.000000,0.000000,1.220000,206.119614,-1.700000,-1.900000,
17.122684,2,1.000000,0.000000,-0.300000,-0.300000,1.000000,0.000000,1.000000,1.000000,1.140000,515.296021,0.000000,0.000000,1.140000,207.162872,-14.800000,-8.900000,
17.161184,2,1.000000,0.000000,-0.300000,-0.300000,1.000000,0.000000,1.000000,1.000000,1.120000,515.338989,0.000000,0.000000,1.120000,207.243393,-16.799999,-11.800000,
17.202710,2,1.000000,0.000000,-0.300000,-0.300000,1.000000,0.000000,1.000000,1.000000,1.110000,515.382996,0.000000,0.000000,1.110000,207.631516,-19.700001,-14.900000,
17.240759,2,1.000000,0.000000,-0.300000,-0.300000,1.000000,0.000000,1.000000,1.000000,1.080000,515.424011,0.000000,0.000000,1.080000,208.259064,-23.100000,-16.500000,
17.278942,2,1.000000,0.000000,-0.300000,-0.300000,1.000000,0.000000,1.000000,1.000000,1.050000,516.247986,0.000000,0.000000,1.050000,208.934479,-26.500000,-16.700001,
17.322268,2,1.000000,0.000000,-0.300000,-0.300000,1.000000,0.000000,1.000000,1.000000,1.030000,515.918030,0.000000,0.000000,1.030000,209.341156,-28.700001,-16.500000,
17.361299,2,1.000000,0.000000,-0.300000,-0.300000,1.000000,0.000000,1.000000,1.000000,1.030000,516.388000,0.000000,0.000000,1.030000,209.299377,-29.400000,-16.400000,
17.403566,2,1.000000,0.000000,-0.300000,-0.300000,1.000000,0.000000,1.000000,1.000000,1.040000,515.578979,0.000000,0.000000,1.040000,208.853317,-28.400000,-15.500000,
17.446349,2,1.000000,0.000000,-0.300000,-0.300000,1.000000,0.000000,1.000000,1.000000,1.040000,515.617004,0.000000,0.000000,1.040000,208.319702,-26.400000,-14.000000,
17.479949,2,1.000000,0.000000,-0.300000,-0.300000,1.000000,0.000000,1.000000,1.000000,1.040000,515.659973,0.000000,0.000000,1.040000,208.319702,-26.400000,-14.000000,
17.526390,2,1.000000,0.000000,-0.300000,-0.300000,1.000000,0.000000,1.000000,1.000000,1.040000,515.700989,0.000000,0.000000,1.040000,208.319702,-26.400000,-14.000000,
17.560514,2,1.000000,0.000000,-0.300000,-0.300000,1.000000,0.000000,1.000000,1.000000,1.040000,515.737000,0.000000,0.000000,1.040000,208.319702,-26.400000,-14.000000,
17.602717,2,1.000000,0.000000,-0.300000,-0.300000,1.000000,0.000000,1.000000,1.000000,1.040000,515.778992,0.000000,0.000000,1.040000,208.319702,-26.400000,-14.000000,
17.640592,2,1.000000,0.000000,-0.300000,-0.300000,1.000000,0.000000,1.000000,1.000000,1.040000,515.820007,0.000000,0.000000,1.040000,208.319702,-26.400000,-14.000000,
17.678343,2,1.000000,0.000000,-0.300000,-0.300000,1.000000,0.000000,1.000000,1.000000,1.040000,515.857971,0.000000,0.000000,1.040000,208.319702,-26.400000,-14.000000,
17.720445,2,1.000000,0.000000,-0.300000,-0.300000,1.000000,0.000000,1.000000,1.000000,1.040000,515.898987,0.000000,0.000000,1.040000,208.319702,-26.400000,-14.000000,
17.763571,2,1.000000,0.000000,-0.300000,-0.300000,1.000000,0.000000,1.000000,1.000000,0.810000,515.940979,0.000000,0.000000,0.810000,206.736588,-1.900000,-0.600000,
17.800334,2,1.000000,0.000000,-0.300000,-0.300000,1.000000,0.000000,1.000000,1.000000,0.750000,515.984009,0.000000,0.000000,0.750000,206.869598,-0.400000,0.200000,
17.841911,2,1.000000,0.000000,-0.300000,-0.300000,1.000000,0.000000,1.000000,1.000000,0.750000,516.017029,0.000000,0.000000,0.750000,206.975128,-0.100000,0.500000,
17.880164,2,1.000000,0.000000,-0.300000,-0.300000,1.000000,0.000000,1.000000,1.000000,0.750000,516.059998,0.000000,0.000000,0.750000,207.094910,-0.400000,0.800000,
17.920416,2,1.000000,0.000000,-0.300000,-0.300000,1.000000,0.000000,1.000000,1.000000,0.690000,516.101013,0.000000,0.000000,0.690000,207.215317,-1.900000,1.300000,
17.962546,2,1.000000,0.000000,-0.300000,-0.300000,1.000000,0.000000,1.000000,1.000000,0.690000,516.143005,0.000000,0.000000,0.690000,207.330292,-3.800000,1.700000,
18.003260,2,1.000000,0.000000,-0.300000,-0.300000,1.000000,0.000000,1.000000,1.000000,0.680000,516.177002,0.000000,0.000000,0.680000,207.445221,-4.700000,2.100000,
18.042004,2,1.000000,0.000000,-0.300000,-0.300000,1.000000,0.000000,1.000000,1.000000,0.640000,516.224976,0.000000,0.000000,0.640000,207.535828,-4.100000,2.400000,
18.081761,2,1.000000,0.000000,-0.300000,-0.300000,1.000000,0.000000,1.000000,1.000000,0.640000,516.258972,0.000000,0.000000,0.640000,207.640106,-2.100000,2.100000,
18.121250,2,1.000000,0.000000,-0.300000,-0.300000,1.000000,0.000000,1.000000,1.000000,0.580000,516.294006,0.000000,0.000000,0.580000,207.699387,-0.000000,1.700000,
18.160204,2,1.000000,0.000000,-0.300000,-0.300000,1.000000,0.000000,1.000000,1.000000,0.580000,516.340027,0.000000,0.000000,0.580000,207.775528,1.700000,1.700000,
18.202245,2,1.000000,0.000000,-0.300000,-0.300000,1.000000,0.000000,1.000000,1.000000,0.580000,516.377014,0.000000,0.000000,0.580000,207.827240,2.900000,1.800000,
18.241451,2,1.000000,0.000000,-0.300000,-0.300000,1.000000,0.000000,1.000000,1.000000,0.520000,516.419006,0.000000,0.000000,0.520000,207.855286,3.700000,1.800000,
18.280201,2,1.000000,0.000000,-0.300000,-0.300000,1.000000,0.000000,1.000000,1.000000,0.520000,516.547974,0.000000,0.000000,0.520000,207.912186,6.900000,2.300000,
18.323657,2,1.000000,0.000000,-0.300000,-0.300000,1.000000,0.000000,1.000000,1.000000,0.480000,516.968018,0.000000,0.000000,0.480000,207.979630,8.700000,3.000000,
18.361866,2,1.000000,0.000000,-0.300000,-0.300000,1.000000,0.000000,1.000000,1.000000,0.480000,517.398010,0.000000,0.000000,0.480000,208.005753,9.100000,3.700000,
18.400782,2,1.000000,0.000000,-0.300000,-0.300000,1.000000,0.000000,1.000000,1.000000,0.480000,516.575989,0.000000,0.000000,0.480000,208.044586,8.200000,5.300000,
18.446228,2,1.000000,0.000000,-0.300000,-0.300000,1.000000,0.000000,1.000000,1.000000,0.450000,516.617981,0.000000,0.000000,0.450000,208.031860,7.000000,6.900000,
18.484380,2,1.000000,0.000000,-0.300000,-0.300000,1.000000,0.000000,1.000000,1.000000,0.450000,516.659973,0.000000,0.000000,0.450000,207.971909,5.900000,7.900000,
18.521946,2,1.000000,0.000000,-0.300000,-0.300000,1.000000,0.000000,1.000000,1.000000,0.360000,516.703003,0.000000,0.000000,0.360000,207.975006,5.500000,8.100000,
18.559013,2,1.000000,0.000000,-0.300000,-0.300000,1.000000,0.000000,1.000000,1.000000,0.360000,516.734009,0.000000,0.000000,0.360000,208.014008,5.600000,7.800000,
18.599208,2,1.000000,0.000000,-0.300000,-0.300000,1.000000,0.000000,1.000000,1.000000,0.360000,516.776001,0.000000,0.000000,0.360000,208.061798,5.500000,5.800000,
18.644339,2,1.000000,0.000000,-0.300000,-0.300000,1.000000,0.000000,1.000000,1.000000,0.310000,516.817017,0.000000,0.000000,0.310000,208.106888,5.900000,2.900000,
18.682053,2,1.000000,0.000000,-0.300000,-0.300000,1.000000,0.000000,1.000000,1.000000,0.310000,516.861023,0.000000,0.000000,0.310000,208.172592,7.100000,0.700000,
18.722127,2,1.000000,0.000000,-0.300000,-0.300000,1.000000,0.000000,1.000000,1.000000,0.200000,516.893982,0.000000,0.000000,0.200000,208.197784,7.400000,0.300000,
18.759357,2,1.000000,0.000000,-0.300000,-0.300000,1.000000,0.000000,1.000000,1.000000,0.200000,516.937988,0.000000,0.000000,0.200000,208.545883,0.000000,1.100000,
18.799495,2,1.000000,0.000000,-0.300000,-0.300000,1.000000,0.000000,1.000000,1.000000,0.200000,516.982971,0.000000,0.000000,0.200000,208.930466,-0.900000,2.200000,
18.842121,2,1.000000,0.000000,-0.300000,-0.300000,1.000000,0.000000,1.000000,1.000000,0.200000,517.015015,0.000000,0.000000,0.200000,209.327881,4.200000,2.800000,
18.881817,2,1.000000,0.000000,-0.300000,-0.300000,1.000000,0.000000,1.000000,1.000000,0.200000,517.056030,0.000000,0.000000,0.200000,209.369278,7.000000,1.100000,
18.921064,2,1.000000,0.000000,-0.300000,-0.300000,1.000000,0.000000,1.000000,1.000000,0.220000,517.098022,0.000000,0.000000,0.220000,209.248047,8.600000,-0.400000,
18.968458,2,1.000000,0.000000,-0.300000,-0.300000,1.000000,0.000000,1.000000,1.000000,0.220000,517.140015,0.000000,0.000000,0.220000,209.183609,9.300000,-0.300000,
19.002402,2,1.000000,0.000000,-0.300000,-0.300000,1.000000,0.000000,1.000000,1.000000,0.230000,517.179993,0.000000,0.000000,0.230000,209.113464,9.400000,-0.200000,
19.040166,2,1.000000,0.000000,-0.300000,-0.300000,1.000000,0.000000,1.000000,1.000000,0.230000,517.221985,0.000000,0.000000,0.230000,209.089310,3.500000,0.900000,
19.082944,2,1.000000,0.000000,-0.300000,-0.300000,1.000000,0.000000,1.000000,1.000000,0.230000,517.252991,0.000000,0.000000,0.230000,209.031952,1.500000,0.700000,
19.123129,2,1.000000,0.000000,-0.300000,-0.300000,1.000000,0.000000,1.000000,1.000000,0.220000,517.296997,0.000000,0.000000,0.220000,209.135101,2.200000,1.200000,
19.160523,2,1.000000,0.000000,-0.300000,-0.300000,1.000000,0.000000,1.000000,1.000000,0.220000,517.333008,0.000000,0.000000,0.220000,209.199280,1.800000,0.300000,
19.201487,2,1.000000,0.000000,-0.300000,-0.300000,1.000000,0.000000,1.000000,1.000000,0.220000,517.377991,0.000000,0.000000,0.220000,209.213425,1.600000,0.700000,
19.241958,2,1.000000,0.000000,-0.300000,-0.300000,1.000000,0.000000,1.000000,1.000000,0.200000,517.419983,0.000000,0.000000,0.200000,209.282455,0.400000,0.400000,
19.282172,2,1.000000,0.000000,-0.300000,-0.300000,1.000000,0.000000,1.000000,1.000000,0.200000,517.557983,0.000000,0.000000,0.200000,209.321533,1.000000,0.700000,
19.320682,2,1.000000,0.000000,-0.300000,-0.300000,1.000000,0.000000,1.000000,1.000000,0.200000,517.978027,0.000000,0.000000,0.200000,209.403122,1.100000,0.500000,
19.363623,2,1.000000,0.000000,-0.300000,-0.300000,1.000000,0.000000,1.000000,1.000000,0.200000,518.377991,0.000000,0.000000,0.200000,209.462158,1.700000,0.700000,
19.404482,2,1.000000,0.000000,-0.300000,-0.300000,1.000000,0.000000,1.000000,1.000000,0.220000,517.583984,0.000000,0.000000,0.220000,209.526428,1.500000,0.600000,
19.439909,2,1.000000,0.000000,-0.300000,-0.300000,1.000000,0.000000,1.000000,1.000000,0.220000,517.617981,0.000000,0.000000,0.220000,209.576797,1.100000,0.500000,
19.479603,2,1.000000,0.000000,-0.300000,-0.300000,1.000000,0.000000,1.000000,1.000000,0.220000,517.656006,0.000000,0.000000,0.220000,209.688416,0.900000,0.500000,
19.521662,2,1.000000,0.000000,-0.300000,-0.300000,1.000000,0.000000,1.000000,1.000000,0.200000,517.702026,0.000000,0.000000,0.200000,209.801422,0.700000,0.500000,
19.558938,2,1.000000,0.000000,-0.300000,-0.300000,1.000000,0.000000,1.000000,1.000000,0.200000,517.742004,0.000000,0.000000,0.200000,210.367691,0.900000,0.400000,
19.602448,2,1.000000,0.000000,-0.300000,-0.300000,1.000000,0.000000,1.000000,1.000000,0.200000,517.781982,0.000000,0.000000,0.200000,210.578232,0.900000,0.400000,
19.643233,2,1.000000,0.000000,-0.300000,-0.300000,1.000000,0.000000,1.000000,1.000000,0.200000,517.820984,0.000000,0.000000,0.200000,210.193420,0.900000,0.400000,
19.678436,2,1.000000,0.000000,-0.300000,-0.300000,1.000000,0.000000,1.000000,1.000000,0.200000,517.862976,0.000000,0.000000,0.200000,210.101257,0.700000,0.400000,
19.722505,2,1.000000,0.000000,-0.300000,-0.300000,1.000000,0.000000,1.000000,1.000000,0.200000,517.903015,0.000000,0.000000,0.200000,210.469177,0.600000,0.400000,
19.758951,2,1.000000,0.000000,-0.300000,-0.300000,1.000000,0.000000,1.000000,1.000000,0.200000,517.934998,0.000000,0.000000,0.200000,210.633652,0.600000,0.300000,
19.802556,2,1.000000,0.000000,-0.300000,-0.300000,1.000000,0.000000,1.000000,1.000000,0.200000,517.984009,0.000000,0.000000,0.200000,210.513199,0.700000,0.400000,
19.846884,2,1.000000,0.000000,-0.300000,-0.300000,1.000000,0.000000,1.000000,1.000000,0.200000,518.015015,0.000000,0.000000,0.200000,210.513199,0.700000,0.400000,
19.886630,2,1.000000,0.000000,-0.300000,-0.300000,1.000000,0.000000,1.000000,1.000000,0.200000,518.057007,0.000000,0.000000,0.200000,210.748779,0.700000,0.400000,
19.928996,2,1.000000,0.000000,-0.300000,-0.300000,1.000000,0.000000,1.000000,1.000000,0.200000,518.101013,0.000000,0.000000,0.200000,210.861923,0.600000,0.300000,
19.967063,2,1.000000,0.000000,-0.300000,-0.300000,1.000000,0.000000,1.000000,1.000000,0.200000,518.142029,0.000000,0.000000,0.200000,210.820312,0.600000,0.300000,
20.005054,2,1.000000,0.000000,-0.300000,-0.300000,1.000000,0.000000,1.000000,1.000000,0.200000,518.176025,0.000000,0.000000,0.200000,210.890091,0.700000,0.300000,
20.044653,2,1.000000,0.000000,-0.300000,-0.300000,1.000000,0.000000,1.000000,1.000000,0.200000,518.218018,0.000000,0.000000,0.200000,211.052902,0.700000,0.300000,
20.078824,2,1.000000,0.000000,-0.300000,-0.300000,1.000000,0.000000,1.000000,1.000000,0.200000,518.263977,0.000000,0.000000,0.200000,211.115829,0.700000,0.300000,
20.120613,2,1.000000,0.000000,-0.300000,-0.300000,1.000000,0.000000,1.000000,1.000000,0.200000,518.294006,0.000000,0.000000,0.200000,211.129379,0.600000,0.300000,
20.161824,2,1.000000,0.000000,-0.300000,-0.300000,1.000000,0.000000,1.000000,1.000000,0.200000,518.335999,0.000000,0.000000,0.200000,211.231400,0.600000,0.300000,
20.201541,2,1.000000,0.000000,-0.300000,-0.300000,1.000000,0.000000,1.000000,1.000000,0.200000,518.377014,0.000000,0.000000,0.200000,211.350403,0.600000,0.300000,
20.242060,2,1.000000,0.000000,-0.300000,-0.300000,1.000000,0.000000,1.000000,1.000000,0.200000,518.416992,0.000000,0.000000,0.200000,211.400406,0.600000,0.300000,
20.283599,2,1.000000,0.000000,-0.300000,-0.300000,1.000000,0.000000,1.000000,1.000000,0.200000,518.557983,0.000000,0.000000,0.200000,211.448029,0.700000,0.300000,
20.321147,2,1.000000,0.000000,-0.300000,-0.300000,1.000000,0.000000,1.000000,1.000000,0.200000,518.987976,0.000000,0.000000,0.200000,211.551453,0.600000,0.300000,
20.361345,2,1.000000,0.000000,-0.300000,-0.300000,1.000000,0.000000,1.000000,1.000000,0.200000,519.317993,0.000000,0.000000,0.200000,211.635620,0.600000,0.300000,
20.404152,2,1.000000,0.000000,-0.300000,-0.300000,1.000000,0.000000,1.000000,1.000000,0.200000,518.578003,0.000000,0.000000,0.200000,211.693832,0.600000,0.300000,
20.446159,2,1.000000,0.000000,-0.300000,-0.300000,1.000000,0.000000,1.000000,1.000000,0.200000,518.620972,0.000000,0.000000,0.200000,211.750427,0.600000,0.300000,
20.488983,2,1.000000,0.000000,-0.300000,-0.300000,1.000000,0.000000,1.000000,1.000000,0.200000,518.655029,0.000000,0.000000,0.200000,211.847839,0.600000,0.300000,
20.521936,2,1.000000,0.000000,-0.300000,-0.300000,1.000000,0.000000,1.000000,1.000000,0.200000,518.695007,0.000000,0.000000,0.200000,211.930115,0.600000,0.300000,
20.561699,2,1.000000,0.000000,-0.300000,-0.300000,1.000000,0.000000,1.000000,1.000000,0.200000,518.742004,0.000000,0.000000,0.200000,211.983017,0.600000,0.300000,
20.600742,2,1.000000,0.000000,-0.300000,-0.300000,1.000000,0.000000,1.000000,1.000000,0.200000,518.776001,0.000000,0.000000,0.200000,212.062210,0.600000,0.300000,
20.641277,2,1.000000,0.000000,-0.300000,-0.300000,1.000000,0.000000,1.000000,1.000000,0.200000,518.818970,0.000000,0.000000,0.200000,212.153748,0.600000,0.300000,
20.678095,2,1.000000,0.000000,-0.300000,-0.300000,1.000000,0.000000,1.000000,1.000000,0.200000,518.864990,0.000000,0.000000,0.200000,212.181641,0.600000,0.300000,
20.721341,2,1.000000,0.000000,-0.300000,-0.300000,1.000000,0.000000,1.000000,1.000000,0.200000,518.895020,0.000000,0.000000,0.200000,212.134995,0.700000,0.200000,
20.764704,2,1.000000,0.000000,-0.300000,-0.300000,1.000000,0.000000,1.000000,1.000000,0.200000,518.939026,0.000000,0.000000,0.200000,212.198547,0.600000,0.000000,
20.800715,2,1.000000,0.000000,-0.300000,-0.300000,1.000000,0.000000,1.000000,1.000000,0.210000,518.981995,0.000000,0.000000,0.210000,212.279877,0.500000,-0.500000,
20.845369,2,1.000000,0.000000,-0.300000,-0.300000,1.000000,0.000000,1.000000,1.000000,0.210000,519.015991,0.000000,0.000000,0.210000,212.322449,0.800000,-1.300000,
20.883114,2,1.000000,0.000000,-0.300000,-0.300000,1.000000,0.000000,1.000000,1.000000,0.210000,519.056030,0.000000,0.000000,0.210000,212.302521,1.200000,-1.800000,
20.924308,2,1.000000,0.000000,-0.300000,-0.300000,1.000000,0.000000,1.000000,1.000000,0.220000,519.099976,0.000000,0.000000,0.220000,212.300064,1.300000,-1.500000,
20.966150,2,1.000000,0.000000,-0.300000,-0.300000,1.000000,0.000000,1.000000,1.000000,0.220000,519.133972,0.000000,0.000000,0.220000,212.279327,1.300000,-1.300000,
21.003405,2,1.000000,0.000000,-0.300000,-0.300000,1.000000,0.000000,1.000000,1.000000,0.220000,519.177002,0.000000,0.000000,0.220000,212.195648,1.200000,-1.600000,
21.043060,2,1.000000,0.000000,-0.300000,-0.300000,1.000000,0.000000,1.000000,1.000000,0.200000,519.221985,0.000000,0.000000,0.200000,212.190918,1.300000,-1.300000,
21.082790,2,1.000000,0.000000,-0.300000,-0.300000,1.000000,0.000000,1.000000,1.000000,0.200000,519.263977,0.000000,0.000000,0.200000,212.164932,1.400000,-0.700000,
21.123149,2,1.000000,0.000000,-0.300000,-0.300000,1.000000,0.000000,1.000000,1.000000,0.200000,519.296021,0.000000,0.000000,0.200000,212.188980,1.400000,-0.500000,
21.165534,2,1.000000,0.000000,-0.300000,-0.300000,1.000000,0.000000,1.000000,1.000000,0.200000,519.338989,0.000000,0.000000,0.200000,212.196060,1.300000,-0.100000,
21.200311,2,1.000000,0.000000,-0.300000,-0.300000,1.000000,0.000000,1.000000,1.000000,0.200000,519.382019,0.000000,0.000000,0.200000,212.282944,1.600000,1.200000,
21.242765,2,1.000000,0.000000,-0.300000,-0.300000,1.000000,0.000000,1.000000,1.000000,0.240000,519.422974,0.000000,0.000000,0.240000,212.387436,2.100000,2.500000,
21.281390,2,1.000000,0.000000,-0.300000,-0.300000,1.000000,0.000000,1.000000,1.000000,0.240000,519.598022,0.000000,0.000000,0.240000,212.432037,2.600000,3.600000,
21.323616,2,1.000000,0.000000,-0.300000,-0.300000,1.000000,0.000000,1.000000,1.000000,0.290000,519.927979,0.000000,0.000000,0.290000,212.435944,2.500000,4.500000,
21.364764,2,1.000000,0.000000,-0.300000,-0.300000,1.000000,0.000000,1.000000,1.000000,0.290000,520.357971,0.000000,0.000000,0.290000,212.402023,2.300000,4.900000,
21.402617,2,1.000000,0.000000,-0.300000,-0.300000,1.000000,0.000000,1.000000,1.000000,0.290000,519.581970,0.000000,0.000000,0.290000,212.370956,2.200000,5.000000,
21.443993,2,1.000000,0.000000,-0.300000,-0.300000,1.000000,0.000000,1.000000,1.000000,0.320000,519.622009,0.000000,0.000000,0.320000,212.309357,2.100000,4.400000,
21.478820,2,1.000000,0.000000,-0.300000,-0.300000,1.000000,0.000000,1.000000,1.000000,0.320000,519.656006,0.000000,0.000000,0.320000,212.228516,2.200000,3.200000,
21.520505,2,1.000000,0.000000,-0.300000,-0.300000,1.000000,0.000000,1.000000,1.000000,0.360000,519.703979,0.000000,0.000000,0.360000,212.163834,2.200000,1.700000,
21.560785,2,1.000000,0.000000,-0.300000,-0.300000,1.000000,0.000000,1.000000,1.000000,0.360000,519.737000,0.000000,0.000000,0.360000,212.111313,2.200000,0.900000,
21.599873,2,1.000000,0.000000,-0.300000,-0.300000,1.000000,0.000000,1.000000,1.000000,0.360000,519.781982,0.000000,0.000000,0.360000,212.068771,2.200000,0.500000,
21.637697,2,1.000000,0.000000,-0.300000,-0.300000,1.000000,0.000000,1.000000,1.000000,0.390000,519.814026,0.000000,0.000000,0.390000,212.134262,2.300000,0.100000,
21.683818,2,1.000000,0.000000,-0.300000,-0.300000,1.000000,0.000000,1.000000,1.000000,0.390000,519.856995,0.000000,0.000000,0.390000,212.691742,2.500000,-0.600000,
21.720678,2,1.000000,0.000000,-0.300000,-0.300000,1.000000,0.000000,1.000000,1.000000,0.390000,519.898987,0.000000,0.000000,0.390000,213.611801,2.600000,-0.900000,
21.761650,2,1.000000,0.000000,-0.300000,-0.300000,1.000000,0.000000,1.000000,1.000000,0.390000,519.937988,0.000000,0.000000,0.390000,214.739868,2.800000,-0.900000,
21.799620,2,1.000000,0.000000,-0.300000,-0.300000,1.000000,0.000000,1.000000,1.000000,0.390000,519.981018,0.000000,0.000000,0.390000,215.795044,2.900000,-1.100000,
21.842968,2,1.000000,0.000000,-0.300000,-0.300000,1.000000,0.000000,1.000000,1.000000,0.410000,520.020020,0.000000,0.000000,0.410000,217.210770,2.700000,-1.300000,
21.880170,2,1.000000,0.000000,-0.300000,-0.300000,1.000000,0.000000,1.000000,1.000000,0.410000,520.064026,0.000000,0.000000,0.410000,218.599762,2.800000,-1.300000,
21.924631,2,1.000000,0.000000,-0.300000,-0.300000,1.000000,0.000000,1.000000,1.000000,0.400000,520.093994,0.000000,0.000000,0.400000,220.044022,2.900000,-1.400000,
21.960885,2,1.000000,0.000000,-0.300000,-0.300000,1.000000,0.000000,1.000000,1.000000,0.400000,520.138977,0.000000,0.000000,0.400000,221.415817,2.800000,-1.500000,
22.003240,2,1.000000,0.000000,-0.300000,-0.300000,1.000000,0.000000,1.000000,1.000000,0.390000,520.182007,0.000000,0.000000,0.390000,223.001251,2.700000,-1.500000,
22.040923,2,1.000000,0.000000,-0.300000,-0.300000,1.000000,0.000000,1.000000,1.000000,0.390000,520.223022,0.000000,0.000000,0.390000,224.289703,2.500000,-1.400000,
22.081608,2,1.000000,0.000000,-0.300000,-0.300000,1.000000,0.000000,1.000000,1.000000,0.390000,520.265015,0.000000,0.000000,0.390000,224.870178,2.200000,-1.000000,
22.123144,2,1.000000,0.000000,-0.300000,-0.300000,1.000000,0.000000,1.000000,1.000000,0.390000,520.297974,0.000000,0.000000,0.390000,225.094894,1.900000,-0.800000,
22.164169,2,1.000000,0.000000,-0.300000,-0.300000,1.000000,0.000000,1.000000,1.000000,0.390000,520.338013,0.000000,0.000000,0.390000,225.245956,1.900000,-0.900000,
22.202440,2,1.000000,0.000000,-0.300000,-0.300000,1.000000,0.000000,1.000000,1.000000,0.390000,520.382996,0.000000,0.000000,0.390000,225.291901,2.000000,-1.000000,
22.244139,2,1.000000,0.000000,-0.300000,-0.300000,1.000000,0.000000,1.000000,1.000000,0.390000,520.414978,0.000000,0.000000,0.390000,225.302628,2.200000,-0.600000,
22.285241,2,1.000000,0.000000,-0.300000,-0.300000,1.000000,0.000000,1.000000,1.000000,0.390000,521.348022,0.000000,0.000000,0.390000,225.288589,2.200000,0.400000,
22.322151,2,1.000000,0.000000,-0.300000,-0.300000,1.000000,0.000000,1.000000,1.000000,0.390000,521.007996,0.000000,0.000000,0.390000,225.288589,2.200000,0.400000,
22.362880,2,1.000000,0.000000,-0.300000,-0.300000,1.000000,0.000000,1.000000,1.000000,0.390000,521.317993,0.000000,0.000000,0.390000,225.288589,2.200000,0.400000,
22.401891,2,1.000000,0.000000,-0.300000,-0.300000,1.000000,0.000000,1.000000,1.000000,0.430000,520.578979,0.000000,0.000000,0.430000,225.082840,2.100000,3.600000,
22.448451,2,1.000000,0.000000,-0.300000,-0.300000,1.000000,0.000000,1.000000,1.000000,0.430000,520.614990,0.000000,0.000000,0.430000,225.007828,2.100000,4.800000,
22.481725,2,1.000000,0.000000,-0.300000,-0.300000,1.000000,0.000000,1.000000,1.000000,0.430000,520.656982,0.000000,0.000000,0.430000,224.883026,2.100000,5.700000,
22.521142,2,1.000000,0.000000,-0.300000,-0.300000,1.000000,0.000000,1.000000,1.000000,0.450000,520.698975,0.000000,0.000000,0.450000,224.734726,2.100000,5.900000,
22.561863,2,1.000000,0.000000,-0.300000,-0.300000,1.000000,0.000000,1.000000,1.000000,0.450000,520.737000,0.000000,0.000000,0.450000,224.609589,2.100000,5.800000,
22.604003,2,1.000000,0.000000,-0.300000,-0.300000,1.000000,0.000000,1.000000,1.000000,0.450000,520.783997,0.000000,0.000000,0.450000,224.609589,2.100000,5.800000,
22.643082,2,1.000000,0.000000,-0.300000,-0.300000,1.000000,0.000000,1.000000,1.000000,0.450000,520.822998,0.000000,0.000000,0.450000,224.609589,2.100000,5.800000,
22.679282,2,1.000000,0.000000,-0.300000,-0.300000,1.000000,0.000000,1.000000,1.000000,0.450000,520.862976,0.000000,0.000000,0.450000,224.609589,2.100000,5.800000,
22.721333,2,1.000000,0.000000,-0.300000,-0.300000,1.000000,0.000000,1.000000,1.000000,0.450000,520.893982,0.000000,0.000000,0.450000,224.537857,2.100000,5.800000,
22.761885,2,1.000000,0.000000,-0.300000,-0.300000,1.000000,0.000000,1.000000,1.000000,0.480000,520.937012,0.000000,0.000000,0.480000,223.967941,2.000000,2.700000,
22.802527,2,1.000000,0.000000,-0.300000,-0.300000,1.000000,0.000000,1.000000,1.000000,0.480000,520.976013,0.000000,0.000000,0.480000,223.916763,2.000000,2.300000,
22.845696,2,1.000000,0.000000,-0.300000,-0.300000,1.000000,0.000000,1.000000,1.000000,0.480000,521.018982,0.000000,0.000000,0.480000,223.796127,1.900000,1.400000,
22.878734,2,1.000000,0.000000,-0.300000,-0.300000,1.000000,0.000000,1.000000,1.000000,0.480000,521.064026,0.000000,0.000000,0.480000,223.736877,2.000000,1.000000,
22.921726,2,1.000000,0.000000,-0.300000,-0.300000,1.000000,0.000000,1.000000,1.000000,0.480000,521.093994,0.000000,0.000000,0.480000,223.690704,2.000000,1.000000,
22.964746,2,1.000000,0.000000,-0.300000,-0.300000,1.000000,0.000000,1.000000,1.000000,0.480000,521.135010,0.000000,0.000000,0.480000,223.690704,2.000000,1.000000,
22.997738,2,1.000000,0.000000,-0.300000,-0.300000,1.000000,0.000000,1.000000,1.000000,0.480000,521.177002,0.000000,0.000000,0.480000,223.690704,2.000000,1.000000,
23.040970,2,1.000000,0.000000,-0.300000,-0.300000,1.000000,0.000000,1.000000,1.000000,0.480000,521.218018,0.000000,0.000000,0.480000,223.690704,2.000000,1.000000,
23.078600,2,1.000000,0.000000,-0.300000,-0.300000,1.000000,0.000000,1.000000,1.000000,0.480000,521.257996,0.000000,0.000000,0.480000,223.598679,1.800000,-0.200000,
23.122634,2,1.000000,0.000000,-0.300000,-0.300000,1.000000,0.000000,1.000000,1.000000,0.490000,521.302002,0.000000,0.000000,0.490000,223.817474,1.900000,-0.400000,
23.163545,2,1.000000,0.000000,-0.300000,-0.300000,1.000000,0.000000,1.000000,1.000000,0.490000,521.336975,0.000000,0.000000,0.490000,224.103897,2.000000,-0.600000,
23.202885,2,1.000000,0.000000,-0.300000,-0.300000,1.000000,0.000000,1.000000,1.000000,0.490000,521.382019,0.000000,0.000000,0.490000,224.284821,1.800000,-0.700000,
23.243763,2,1.000000,0.000000,-0.300000,-0.300000,1.000000,0.000000,1.000000,1.000000,0.520000,521.421997,0.000000,0.000000,0.520000,224.488983,1.800000,-0.700000,
23.280470,2,1.000000,0.000000,-0.300000,-0.300000,1.000000,0.000000,1.000000,1.000000,0.520000,521.547974,0.000000,0.000000,0.520000,224.727509,1.900000,-0.800000,
23.320737,2,1.000000,0.000000,-0.300000,-0.300000,1.000000,0.000000,1.000000,1.000000,0.520000,521.947998,0.000000,0.000000,0.520000,224.727509,1.900000,-0.800000,
23.360619,2,1.000000,0.000000,-0.300000,-0.300000,1.000000,0.000000,1.000000,1.000000,0.520000,522.348022,0.000000,0.000000,0.520000,224.727509,1.900000,-0.800000,
23.401509,2,1.000000,0.000000,-0.300000,-0.300000,1.000000,0.000000,1.000000,1.000000,0.520000,521.578979,0.000000,0.000000,0.520000,224.727509,1.900000,-0.800000,
23.443181,2,1.000000,0.000000,-0.300000,-0.300000,1.000000,0.000000,1.000000,1.000000,0.520000,521.622009,0.000000,0.000000,0.520000,228.688080,2.300000,-1.200000,
23.485461,2,1.000000,0.000000,-0.300000,-0.300000,1.000000,0.000000,1.000000,1.000000,0.500000,521.653992,0.000000,0.000000,0.500000,230.126007,2.300000,-1.200000,
23.524055,2,1.000000,0.000000,-0.300000,-0.300000,1.000000,0.000000,1.000000,1.000000,0.490000,521.698975,0.000000,0.000000,0.490000,231.655762,2.100000,-1.100000,
23.566329,2,1.000000,0.000000,-0.300000,-0.300000,1.000000,0.000000,1.000000,1.000000,0.490000,521.739990,0.000000,0.000000,0.490000,233.106903,2.100000,-1.100000,
23.602098,2,1.000000,0.000000,-0.300000,-0.300000,1.000000,0.000000,1.000000,1.000000,0.490000,521.783997,0.000000,0.000000,0.490000,234.757523,2.200000,-1.000000,
23.642886,2,1.000000,0.000000,-0.300000,-0.300000,1.000000,0.000000,1.000000,1.000000,0.490000,521.822998,0.000000,0.000000,0.490000,235.397644,2.100000,-1.000000,
23.681822,2,1.000000,0.000000,-0.300000,-0.300000,1.000000,0.000000,1.000000,1.000000,0.490000,521.856018,0.000000,0.000000,0.490000,235.397644,2.100000,-1.000000,
23.723318,2,1.000000,0.000000,-0.300000,-0.300000,1.000000,0.000000,1.000000,1.000000,0.490000,521.890991,0.000000,0.000000,0.490000,235.397644,2.100000,-1.000000,
23.758955,2,1.000000,0.000000,-0.300000,-0.300000,1.000000,0.000000,1.000000,1.000000,0.490000,521.942017,0.000000,0.000000,0.490000,235.397644,2.100000,-1.000000,
23.805257,2,1.000000,0.000000,-0.300000,-0.300000,1.000000,0.000000,1.000000,1.000000,0.490000,521.971985,0.000000,0.000000,0.490000,237.164078,1.600000,-0.300000,
23.839146,2,1.000000,0.000000,-0.300000,-0.300000,1.000000,0.000000,1.000000,1.000000,0.490000,522.021973,0.000000,0.000000,0.490000,237.177277,1.600000,-0.300000,
23.883588,2,1.000000,0.000000,-0.300000,-0.300000,1.000000,0.000000,1.000000,1.000000,0.490000,522.062012,0.000000,0.000000,0.490000,237.199905,1.400000,0.100000,
23.921954,2,1.000000,0.000000,-0.300000,-0.300000,1.000000,0.000000,1.000000,1.000000,0.500000,522.104004,0.000000,0.000000,0.500000,237.158981,1.300000,0.200000,
23.963377,2,1.000000,0.000000,-0.300000,-0.300000,1.000000,0.000000,1.000000,1.000000,0.500000,522.137024,0.000000,0.000000,0.500000,237.082413,1.400000,0.300000,
23.999199,2,1.000000,0.000000,-0.300000,-0.300000,1.000000,0.000000,1.000000,1.000000,0.500000,522.177002,0.000000,0.000000,0.500000,237.044342,1.500000,0.400000,
24.039710,2,1.000000,0.000000,-0.300000,-0.300000,1.000000,0.000000,1.000000,1.000000,0.500000,522.219971,0.000000,0.000000,0.500000,237.044342,1.500000,0.400000,
24.077564,2,1.000000,0.000000,-0.300000,-0.300000,1.000000,0.000000,1.000000,1.000000,0.500000,522.257996,0.000000,0.000000,0.500000,237.044342,1.500000,0.400000,
24.120227,2,1.000000,0.000000,-0.300000,-0.300000,1.000000,0.000000,1.000000,1.000000,0.500000,522.299011,0.000000,0.000000,0.500000,237.044342,1.500000,0.400000,
24.160548,2,1.000000,0.000000,-0.300000,-0.300000,1.000000,0.000000,1.000000,1.000000,0.500000,522.341980,0.000000,0.000000,0.500000,236.636612,1.800000,1.700000,
24.204540,2,1.000000,0.000000,-0.300000,-0.300000,1.000000,0.000000,1.000000,1.000000,0.500000,522.375977,0.000000,0.000000,0.500000,236.600891,2.000000,2.700000,
24.241458,2,1.000000,0.000000,-0.300000,-0.300000,1.000000,0.000000,1.000000,1.000000,0.500000,522.421021,0.000000,0.000000,0.500000,236.561569,2.100000,3.400000,
24.281374,2,1.000000,0.000000,-0.300000,-0.300000,1.000000,0.000000,1.000000,1.000000,0.500000,522.598022,0.000000,0.000000,0.500000,236.525513,1.900000,3.700000,
24.324254,2,1.000000,0.000000,-0.300000,-0.300000,1.000000,0.000000,1.000000,1.000000,0.500000,522.927979,0.000000,0.000000,0.500000,236.496811,1.700000,4.000000,
24.361236,2,1.000000,0.000000,-0.300000,-0.300000,1.000000,0.000000,1.000000,1.000000,0.500000,523.357971,0.000000,0.000000,0.500000,236.491135,1.700000,4.200000,
24.403117,2,1.000000,0.000000,-0.300000,-0.300000,1.000000,0.000000,1.000000,1.000000,0.500000,522.580017,0.000000,0.000000,0.500000,236.491135,1.700000,4.200000,
24.442257,2,1.000000,0.000000,-0.300000,-0.300000,1.000000,0.000000,1.000000,1.000000,0.500000,522.622009,0.000000,0.000000,0.500000,236.491135,1.700000,4.200000,
24.482109,2,1.000000,0.000000,-0.300000,-0.300000,1.000000,0.000000,1.000000,1.000000,0.500000,522.661011,0.000000,0.000000,0.500000,236.491135,1.700000,4.200000,
24.522802,2,1.000000,0.000000,-0.300000,-0.300000,1.000000,0.000000,1.000000,1.000000,0.490000,522.692993,0.000000,0.000000,0.490000,235.080795,1.400000,4.000000,
24.561387,2,1.000000,0.000000,-0.300000,-0.300000,1.000000,0.000000,1.000000,1.000000,0.490000,522.737000,0.000000,0.000000,0.490000,233.547760,1.100000,4.200000,
24.602729,2,1.000000,0.000000,-0.300000,-0.300000,1.000000,0.000000,1.000000,1.000000,0.490000,522.778015,0.000000,0.000000,0.490000,233.003342,1.200000,4.000000,
24.642463,2,1.000000,0.000000,-0.300000,-0.300000,1.000000,0.000000,1.000000,1.000000,0.490000,522.820007,0.000000,0.000000,0.490000,232.617310,1.700000,3.500000,
24.685071,2,1.000000,0.000000,-0.300000,-0.300000,1.000000,0.000000,1.000000,1.000000,0.490000,522.854980,0.000000,0.000000,0.490000,232.397079,1.800000,3.200000,
24.729412,2,1.000000,0.000000,-0.300000,-0.300000,1.000000,0.000000,1.000000,1.000000,0.500000,522.898010,0.000000,0.000000,0.500000,232.313736,1.800000,3.200000,
24.760672,2,1.000000,0.000000,-0.300000,-0.300000,1.000000,0.000000,1.000000,1.000000,0.500000,522.942017,0.000000,0.000000,0.500000,232.313736,1.800000,3.200000,
24.797611,2,1.000000,0.000000,-0.300000,-0.300000,1.000000,0.000000,1.000000,1.000000,0.500000,522.984009,0.000000,0.000000,0.500000,232.313736,1.800000,3.200000,
24.849321,2,1.000000,0.000000,-0.300000,-0.300000,1.000000,0.000000,1.000000,1.000000,0.500000,523.015991,0.000000,0.000000,0.500000,232.313736,1.800000,3.200000,
24.879085,2,1.000000,0.000000,-0.300000,-0.300000,1.000000,0.000000,1.000000,1.000000,0.460000,523.056030,0.000000,0.000000,0.460000,231.966858,1.900000,2.100000,
24.920875,2,1.000000,0.000000,-0.300000,-0.300000,1.000000,0.000000,1.000000,1.000000,0.460000,523.098022,0.000000,0.000000,0.460000,231.961990,2.000000,1.500000,
24.961675,2,1.000000,0.000000,-0.300000,-0.300000,1.000000,0.000000,1.000000,1.000000,0.460000,523.140015,0.000000,0.000000,0.460000,231.976791,2.000000,0.900000,
25.004367,2,1.000000,0.000000,-0.300000,-0.300000,1.000000,0.000000,1.000000,1.000000,0.460000,523.174011,0.000000,0.000000,0.460000,232.005203,2.000000,0.600000,
25.041506,2,1.000000,0.000000,-0.300000,-0.300000,1.000000,0.000000,1.000000,1.000000,0.460000,523.218994,0.000000,0.000000,0.460000,232.034119,2.000000,0.300000,
25.082874,2,1.000000,0.000000,-0.300000,-0.300000,1.000000,0.000000,1.000000,1.000000,0.460000,523.257019,0.000000,0.000000,0.460000,232.049988,1.900000,0.300000,
25.123287,2,1.000000,0.000000,-0.300000,-0.300000,1.000000,0.000000,1.000000,1.000000,0.460000,523.299011,0.000000,0.000000,0.460000,232.049988,1.900000,0.300000,
25.162375,2,1.000000,0.000000,-0.300000,-0.300000,1.000000,0.000000,1.000000,1.000000,0.460000,523.340027,0.000000,0.000000,0.460000,232.049988,1.900000,0.300000,
25.201443,2,1.000000,0.000000,-0.300000,-0.300000,1.000000,0.000000,1.000000,1.000000,0.460000,523.382996,0.000000,0.000000,0.460000,232.049988,1.900000,0.300000,
25.243456,2,1.000000,0.000000,-0.300000,-0.300000,1.000000,0.000000,1.000000,1.000000,0.460000,523.406982,0.000000,0.000000,0.460000,232.225250,0.700000,-0.500000,
25.280667,2,1.000000,0.000000,-0.300000,-0.300000,1.000000,0.000000,1.000000,1.000000,0.460000,523.557983,0.000000,0.000000,0.460000,232.288147,0.600000,-0.600000,
25.319721,2,1.000000,0.000000,-0.300000,-0.300000,1.000000,0.000000,1.000000,1.000000,0.460000,523.997986,0.000000,0.000000,0.460000,232.326492,0.500000,-0.600000,
25.362533,2,1.000000,0.000000,-0.300000,-0.300000,1.000000,0.000000,1.000000,1.000000,0.460000,524.317993,0.000000,0.000000,0.460000,232.372711,0.300000,-0.600000,
25.403818,2,1.000000,0.000000,-0.300000,-0.300000,1.000000,0.000000,1.000000,1.000000,0.460000,523.575012,0.000000,0.000000,0.460000,232.399872,0.200000,-0.600000,
25.447407,2,1.000000,0.000000,-0.300000,-0.300000,1.000000,0.000000,1.000000,1.000000,0.450000,523.620972,0.000000,0.000000,0.450000,232.415359,0.200000,-0.600000,
25.485714,2,1.000000,0.000000,-0.300000,-0.300000,1.000000,0.000000,1.000000,1.000000,0.450000,523.656982,0.000000,0.000000,0.450000,232.415359,0.200000,-0.600000,
25.527943,2,1.000000,0.000000,-0.300000,-0.300000,1.000000,0.000000,1.000000,1.000000,0.450000,523.695007,0.000000,0.000000,0.450000,232.415359,0.200000,-0.600000,
25.566833,2,1.000000,0.000000,-0.300000,-0.300000,1.000000,0.000000,1.000000,1.000000,0.450000,523.739990,0.000000,0.000000,0.450000,232.415359,0.200000,-0.600000,
25.611916,2,1.000000,0.000000,-0.300000,-0.300000,1.000000,0.000000,1.000000,1.000000,0.450000,523.783020,0.000000,0.000000,0.450000,232.501251,0.700000,1.000000,
25.641867,2,1.000000,0.000000,-0.300000,-0.300000,1.000000,0.000000,1.000000,1.000000,0.450000,523.817017,0.000000,0.000000,0.450000,232.530441,1.000000,1.400000,
25.688509,2,1.000000,0.000000,-0.300000,-0.300000,1.000000,0.000000,1.000000,1.000000,0.450000,523.859009,0.000000,0.000000,0.450000,232.535828,1.400000,1.800000,
25.726414,2,1.000000,0.000000,-0.300000,-0.300000,1.000000,0.000000,1.000000,1.000000,0.450000,523.893005,0.000000,0.000000,0.450000,232.554443,1.700000,2.000000,
25.761756,2,1.000000,0.000000,-0.300000,-0.300000,1.000000,0.000000,1.000000,1.000000,0.450000,523.940979,0.000000,0.000000,0.450000,232.560684,1.800000,2.200000,
25.800942,2,1.000000,0.000000,-0.300000,-0.300000,1.000000,0.000000,1.000000,1.000000,0.450000,523.976990,0.000000,0.000000,0.450000,232.549362,1.900000,2.300000,
25.847642,2,1.000000,0.000000,-0.300000,-0.300000,1.000000,0.000000,1.000000,1.000000,0.450000,524.013977,0.000000,0.000000,0.450000,232.549362,1.900000,2.300000,
25.881507,2,1.000000,0.000000,-0.300000,-0.300000,1.000000,0.000000,1.000000,1.000000,0.450000,524.052979,0.000000,0.000000,0.450000,232.549362,1.900000,2.300000,
25.921660,2,1.000000,0.000000,-0.300000,-0.300000,1.000000,0.000000,1.000000,1.000000,0.450000,524.098999,0.000000,0.000000,0.450000,232.549362,1.900000,2.300000,
25.963436,2,1.000000,0.000000,-0.300000,-0.300000,1.000000,0.000000,1.000000,1.000000,0.450000,524.142029,0.000000,0.000000,0.450000,232.519562,1.300000,3.800000,
26.005175,2,1.000000,0.000000,-0.300000,-0.300000,1.000000,0.000000,1.000000,1.000000,0.440000,524.184998,0.000000,0.000000,0.440000,232.495407,1.100000,3.700000,
26.038706,2,1.000000,0.000000,-0.300000,-0.300000,1.000000,0.000000,1.000000,1.000000,0.440000,524.218018,0.000000,0.000000,0.440000,232.489670,0.900000,3.200000,
26.082014,2,1.000000,0.000000,-0.300000,-0.300000,1.000000,0.000000,1.000000,1.000000,0.440000,524.258972,0.000000,0.000000,0.440000,232.489899,1.000000,2.800000,
26.125786,2,1.000000,0.000000,-0.300000,-0.300000,1.000000,0.000000,1.000000,1.000000,0.440000,524.304016,0.000000,0.000000,0.440000,232.491714,1.100000,2.400000,
26.163052,2,1.000000,0.000000,-0.300000,-0.300000,1.000000,0.000000,1.000000,1.000000,0.440000,524.336975,0.000000,0.000000,0.440000,232.491333,1.200000,2.200000,
26.203823,2,1.000000,0.000000,-0.300000,-0.300000,1.000000,0.000000,1.000000,1.000000,0.440000,524.377014,0.000000,0.000000,0.440000,232.491333,1.200000,2.200000,
26.238386,2,1.000000,0.000000,-0.300000,-0.300000,1.000000,0.000000,1.000000,1.000000,0.440000,524.419006,0.000000,0.000000,0.440000,232.491333,1.200000,2.200000,
26.281104,2,1.000000,0.000000,-0.300000,-0.300000,1.000000,0.000000,1.000000,1.000000,0.440000,524.588013,0.000000,0.000000,0.440000,232.491333,1.200000,2.200000,
26.327639,2,1.000000,0.000000,-0.300000,-0.300000,1.000000,0.000000,1.000000,1.000000,0.430000,524.997986,0.000000,0.000000,0.430000,232.441742,0.800000,1.000000,
26.368539,2,1.000000,0.000000,-0.300000,-0.300000,1.000000,0.000000,1.000000,1.000000,0.430000,525.328003,0.000000,0.000000,0.430000,232.438171,1.100000,0.600000,
26.400572,2,1.000000,0.000000,-0.300000,-0.300000,1.000000,0.000000,1.000000,1.000000,0.430000,524.575989,0.000000,0.000000,0.430000,232.431000,1.200000,0.300000,
26.448205,2,1.000000,0.000000,-0.300000,-0.300000,1.000000,0.000000,1.000000,1.000000,0.430000,524.624023,0.000000,0.000000,0.430000,232.417740,1.200000,0.100000,
26.481010,2,1.000000,0.000000,-0.300000,-0.300000,1.000000,0.000000,1.000000,1.000000,0.430000,524.656006,0.000000,0.000000,0.430000,232.417908,1.200000,-0.000000,
26.525502,2,1.000000,0.000000,-0.300000,-0.300000,1.000000,0.000000,1.000000,1.000000,0.430000,524.700012,0.000000,0.000000,0.430000,232.428696,1.200000,-0.100000,
26.566819,2,1.000000,0.000000,-0.300000,-0.300000,1.000000,0.000000,1.000000,1.000000,0.430000,524.742004,0.000000,0.000000,0.430000,232.428696,1.200000,-0.100000,
26.605266,2,1.000000,0.000000,-0.300000,-0.300000,1.000000,0.000000,1.000000,1.000000,0.430000,524.775024,0.000000,0.000000,0.430000,232.428696,1.200000,-0.100000,
26.646423,2,1.000000,0.000000,-0.300000,-0.300000,1.000000,0.000000,1.000000,1.000000,0.430000,524.820007,0.000000,0.000000,0.430000,232.428696,1.200000,-0.100000,
26.683072,2,1.000000,0.000000,-0.300000,-0.300000,1.000000,0.000000,1.000000,1.000000,0.430000,524.864014,0.000000,0.000000,0.430000,232.428696,1.200000,-0.100000,
26.724819,2,1.000000,0.000000,-0.300000,-0.300000,1.000000,0.000000,1.000000,1.000000,0.420000,524.893982,0.000000,0.000000,0.420000,232.470093,1.800000,-0.300000,
26.760192,2,1.000000,0.000000,-0.300000,-0.300000,1.000000,0.000000,1.000000,1.000000,0.420000,524.942993,0.000000,0.000000,0.420000,232.470169,1.600000,-0.200000,
26.802043,2,1.000000,0.000000,-0.300000,-0.300000,1.000000,0.000000,1.000000,1.000000,0.420000,524.982971,0.000000,0.000000,0.420000,232.473419,1.500000,0.000000,
26.844212,2,1.000000,0.000000,-0.300000,-0.300000,1.000000,0.000000,1.000000,1.000000,0.420000,525.015991,0.000000,0.000000,0.420000,232.370667,1.500000,0.200000,
26.881032,2,1.000000,0.000000,-0.300000,-0.300000,1.000000,0.000000,1.000000,1.000000,0.420000,525.059021,0.000000,0.000000,0.420000,232.335419,1.700000,0.000000,
26.922985,2,1.000000,0.000000,-0.300000,-0.300000,1.000000,0.000000,1.000000,1.000000,0.420000,525.101013,0.000000,0.000000,0.420000,232.312332,1.700000,-0.100000,
26.963020,2,1.000000,0.000000,-0.300000,-0.300000,1.000000,0.000000,1.000000,1.000000,0.420000,525.143982,0.000000,0.000000,0.420000,232.312332,1.700000,-0.100000,
26.999841,2,1.000000,0.000000,-0.300000,-0.300000,1.000000,0.000000,1.000000,1.000000,0.420000,525.177979,0.000000,0.000000,0.420000,232.312332,1.700000,-0.100000,
27.039895,2,1.000000,0.000000,-0.300000,-0.300000,1.000000,0.000000,1.000000,1.000000,0.420000,525.218018,0.000000,0.000000,0.420000,232.312332,1.700000,-0.100000,
27.079937,2,1.000000,0.000000,-0.300000,-0.300000,1.000000,0.000000,1.000000,1.000000,0.420000,525.258972,0.000000,0.000000,0.420000,232.312332,1.700000,-0.100000,
27.122190,2,1.000000,0.000000,-0.300000,-0.300000,1.000000,0.000000,1.000000,1.000000,0.390000,525.296021,0.000000,0.000000,0.390000,231.717667,1.400000,-0.200000,
27.165366,2,1.000000,0.000000,-0.300000,-0.300000,1.000000,0.000000,1.000000,1.000000,0.390000,525.338989,0.000000,0.000000,0.390000,230.959015,1.500000,-0.100000,
27.201640,2,1.000000,0.000000,-0.300000,-0.300000,1.000000,0.000000,1.000000,1.000000,0.380000,525.374023,0.000000,0.000000,0.380000,230.101852,1.500000,0.000000,
27.240483,2,1.000000,0.000000,-0.300000,-0.300000,1.000000,0.000000,1.000000,1.000000,0.290000,525.418030,0.000000,0.000000,0.290000,229.334946,1.600000,0.100000,
27.281396,2,1.000000,0.000000,-0.300000,-0.300000,1.000000,0.000000,1.000000,1.000000,0.290000,526.348022,0.000000,0.000000,0.290000,228.573486,1.800000,0.000000,
27.329710,2,1.000000,0.000000,-0.300000,-0.300000,1.000000,0.000000,1.000000,1.000000,0.230000,525.978027,0.000000,0.000000,0.230000,228.182175,1.800000,0.100000,
27.361441,2,1.000000,0.000000,-0.300000,-0.300000,1.000000,0.000000,1.000000,1.000000,0.230000,526.338013,0.000000,0.000000,0.230000,228.182175,1.800000,0.100000,
27.402569,2,1.000000,0.000000,-0.300000,-0.300000,1.000000,0.000000,1.000000,1.000000,0.230000,525.583008,0.000000,0.000000,0.230000,228.182175,1.800000,0.100000,
27.440559,2,1.000000,0.000000,-0.300000,-0.300000,1.000000,0.000000,1.000000,1.000000,0.230000,525.617981,0.000000,0.000000,0.230000,228.182175,1.800000,0.100000,
27.479687,2,1.000000,0.000000,-0.300000,-0.300000,1.000000,0.000000,1.000000,1.000000,0.230000,525.661011,0.000000,0.000000,0.230000,228.182175,1.800000,0.100000,
27.524991,2,1.000000,0.000000,-0.300000,-0.300000,1.000000,0.000000,1.000000,1.000000,0.360000,525.693970,0.000000,0.000000,0.360000,224.979034,2.200000,-0.100000,
27.559243,2,1.000000,0.000000,-0.300000,-0.300000,1.000000,0.000000,1.000000,1.000000,0.310000,525.739014,0.000000,0.000000,0.310000,224.836197,2.200000,-0.400000,
27.599627,2,1.000000,0.000000,-0.300000,-0.300000,1.000000,0.000000,1.000000,1.000000,0.330000,525.783020,0.000000,0.000000,0.330000,224.763245,2.100000,-0.400000,
27.641883,2,1.000000,0.000000,-0.300000,-0.300000,1.000000,0.000000,1.000000,1.000000,0.330000,525.822021,0.000000,0.000000,0.330000,224.744614,2.000000,-0.400000,
27.683098,2,1.000000,0.000000,-0.300000,-0.300000,1.000000,0.000000,1.000000,1.000000,0.330000,525.862976,0.000000,0.000000,0.330000,224.754089,2.100000,-0.500000,
27.721287,2,1.000000,0.000000,-0.300000,-0.300000,1.000000,0.000000,1.000000,1.000000,0.410000,525.896973,0.000000,0.000000,0.410000,224.812836,2.100000,-0.500000,
27.758489,2,1.000000,0.000000,-0.300000,-0.300000,1.000000,0.000000,1.000000,1.000000,0.410000,525.932007,0.000000,0.000000,0.410000,224.868347,2.100000,-0.400000,
27.801561,2,1.000000,0.000000,-0.300000,-0.300000,1.000000,0.000000,1.000000,1.000000,0.410000,525.978027,0.000000,0.000000,0.410000,224.936752,2.400000,-0.400000,
27.842982,2,1.000000,0.000000,-0.300000,-0.300000,1.000000,0.000000,1.000000,1.000000,0.390000,526.021973,0.000000,0.000000,0.390000,225.016083,2.700000,-0.500000,
27.877712,2,1.000000,0.000000,-0.300000,-0.300000,1.000000,0.000000,1.000000,1.000000,0.390000,526.057983,0.000000,0.000000,0.390000,225.088379,3.100000,-0.600000,
27.922405,2,1.000000,0.000000,-0.300000,-0.300000,1.000000,0.000000,1.000000,1.000000,0.390000,526.098022,0.000000,0.000000,0.390000,225.175308,3.800000,-0.500000,
27.958004,2,1.000000,0.000000,-0.300000,-0.300000,1.000000,0.000000,1.000000,1.000000,0.390000,526.142029,0.000000,0.000000,0.390000,225.242508,5.000000,-0.400000,
28.008175,2,1.000000,0.000000,-0.300000,-0.300000,1.000000,0.000000,1.000000,1.000000,0.400000,526.184021,0.000000,0.000000,0.400000,225.297791,6.700000,-0.400000,
28.042921,2,1.000000,0.000000,-0.300000,-0.300000,1.000000,0.000000,1.000000,1.000000,0.400000,526.218018,0.000000,0.000000,0.400000,225.341751,8.200000,-0.400000,
28.079716,2,1.000000,0.000000,-0.300000,-0.300000,1.000000,0.000000,1.000000,1.000000,0.400000,526.257996,0.000000,0.000000,0.400000,225.364227,8.900000,-0.600000,
28.118965,2,1.000000,0.000000,-0.300000,-0.300000,1.000000,0.000000,1.000000,1.000000,0.410000,526.301025,0.000000,0.000000,0.410000,225.395370,9.300000,-0.700000,
28.173249,2,1.000000,0.000000,-0.300000,-0.300000,1.000000,0.000000,1.000000,1.000000,0.410000,526.331970,0.000000,0.000000,0.410000,225.433868,9.500000,-0.600000,
28.198337,2,1.000000,0.000000,-0.300000,-0.300000,1.000000,0.000000,1.000000,1.000000,0.410000,526.380981,0.000000,0.000000,0.410000,225.455582,9.600000,-0.400000,
28.240996,2,1.000000,0.000000,-0.300000,-0.300000,1.000000,0.000000,1.000000,1.000000,0.390000,526.421997,0.000000,0.000000,0.390000,225.475403,9.500000,-0.400000,
28.273959,2,1.000000,0.000000,-0.300000,-0.300000,1.000000,0.000000,1.000000,1.000000,0.390000,526.578003,0.000000,0.000000,0.390000,225.468246,9.400000,-0.400000,
28.320924,2,1.000000,0.000000,-0.300000,-0.300000,1.000000,0.000000,1.000000,1.000000,0.430000,526.978027,0.000000,0.000000,0.430000,225.447083,8.700000,-0.500000,
28.356649,2,1.000000,0.000000,-0.300000,-0.300000,1.000000,0.000000,1.000000,1.000000,0.430000,527.377991,0.000000,0.000000,0.430000,225.432678,7.100000,-0.500000,
28.402106,2,1.000000,0.000000,-0.300000,-0.300000,1.000000,0.000000,1.000000,1.000000,0.440000,526.583008,0.000000,0.000000,0.440000,225.455933,4.800000,-0.300000,
28.440291,2,1.000000,0.000000,-0.300000,-0.300000,1.000000,0.000000,1.000000,1.000000,0.440000,526.620972,0.000000,0.000000,0.440000,225.469864,3.000000,-0.000000,
28.481908,2,1.000000,0.000000,-0.300000,-0.300000,1.000000,0.000000,1.000000,1.000000,0.440000,526.653015,0.000000,0.000000,0.440000,225.420227,2.300000,0.100000,
28.519925,2,1.000000,0.000000,-0.300000,-0.300000,1.000000,0.000000,1.000000,1.000000,0.250000,526.703003,0.000000,0.000000,0.250000,225.369659,2.000000,-0.100000,
28.559527,2,1.000000,0.000000,-0.300000,-0.300000,1.000000,0.000000,1.000000,1.000000,0.250000,526.734009,0.000000,0.000000,0.250000,225.316360,1.800000,-0.200000,
28.599798,2,1.000000,0.000000,-0.300000,-0.300000,1.000000,0.000000,1.000000,1.000000,0.200000,526.773010,0.000000,0.000000,0.200000,225.302719,1.400000,-0.200000,
28.637856,2,1.000000,0.000000,-0.300000,-0.300000,1.000000,0.000000,1.000000,1.000000,0.200000,526.815002,0.000000,0.000000,0.200000,225.300903,1.300000,-0.100000,
28.675988,2,1.000000,0.000000,-0.300000,-0.300000,1.000000,0.000000,1.000000,1.000000,0.200000,526.866028,0.000000,0.000000,0.200000,225.264359,1.300000,-0.200000,
28.717319,2,1.000000,0.000000,-0.300000,-0.300000,1.000000,0.000000,1.000000,1.000000,0.340000,526.893982,0.000000,0.000000,0.340000,225.237762,1.100000,-0.200000,
28.758297,2,1.000000,0.000000,-0.300000,-0.300000,1.000000,0.000000,1.000000,1.000000,0.340000,526.940979,0.000000,0.000000,0.340000,225.232040,1.000000,-0.200000,
