454.784083,1,1.000000,0.000000,0.000000,0.000000,1.000000,0.000000,0.000000,0.000000,0.200000,1778.129028,0.000000,0.000000,0.200000,211.302765,-0.100000,-0.400000,
454.803813,1,1.000000,0.000000,0.000000,0.000000,1.000000,0.000000,0.000000,0.000000,0.200000,1778.328979,0.000000,0.000000,0.200000,211.303177,-0.100000,-0.400000,
454.848463,1,1.000000,0.000000,0.000000,0.000000,1.000000,0.000000,0.000000,0.000000,0.200000,1777.693970,0.000000,0.000000,0.200000,211.309830,-0.100000,-0.400000,
454.886911,1,1.000000,0.000000,0.000000,0.000000,1.000000,0.000000,0.000000,0.000000,0.200000,1777.737061,0.000000,0.000000,0.200000,211.309891,-0.100000,-0.400000,
454.928670,1,1.000000,0.000000,0.000000,0.000000,1.000000,0.000000,0.000000,0.000000,0.200000,1777.770020,0.000000,0.000000,0.200000,211.310257,-0.100000,-0.400000,
454.967767,1,1.000000,0.000000,0.000000,0.000000,1.000000,0.000000,0.000000,0.000000,0.200000,1777.816040,0.000000,0.000000,0.200000,211.314423,-0.100000,-0.400000,
455.003871,1,1.000000,0.000000,0.000000,0.000000,1.000000,0.000000,0.000000,0.000000,0.200000,1777.858032,0.000000,0.000000,0.200000,211.316223,-0.100000,-0.400000,
455.041651,1,1.000000,0.000000,0.000000,0.000000,1.000000,0.000000,0.000000,0.000000,0.200000,1777.890991,0.000000,0.000000,0.200000,211.319443,-0.100000,-0.400000,
455.086395,1,1.000000,0.000000,0.000000,0.000000,1.000000,0.000000,0.000000,0.000000,0.200000,1777.928955,0.000000,0.000000,0.200000,211.321854,-0.100000,-0.400000,
455.124958,1,1.000000,0.000000,0.000000,0.000000,1.000000,0.000000,0.000000,0.000000,0.200000,1777.970947,0.000000,0.000000,0.200000,211.306519,-0.100000,-0.400000,
455.164168,1,1.000000,0.000000,0.000000,0.000000,1.000000,0.000000,0.000000,0.000000,0.200000,1778.015015,0.000000,0.000000,0.200000,211.331573,-0.100000,-0.500000,
455.205175,1,1.000000,0.000000,0.000000,0.000000,1.000000,0.000000,0.000000,0.000000,0.200000,1778.055054,0.000000,0.000000,0.200000,211.331573,-0.100000,-0.500000,
455.245927,1,1.000000,0.000000,0.000000,0.000000,1.000000,0.000000,0.000000,0.000000,0.200000,1778.098022,0.000000,0.000000,0.200000,211.604843,0.000000,-1.300000,
455.286855,1,1.000000,0.000000,0.000000,0.000000,1.000000,0.000000,0.000000,0.000000,0.200000,1778.131958,0.000000,0.000000,0.200000,211.689484,0.400000,-2.400000,
455.326894,1,1.000000,0.000000,0.000000,0.000000,1.000000,0.000000,0.000000,0.000000,0.200000,1778.171021,0.000000,0.000000,0.200000,211.731415,0.700000,-2.800000,
455.365936,1,1.000000,0.000000,0.000000,0.000000,1.000000,0.000000,0.000000,0.000000,0.200000,1778.209961,0.000000,0.000000,0.200000,211.955383,1.100000,-3.000000,
455.402666,1,1.000000,0.000000,0.000000,0.000000,1.000000,0.000000,0.000000,0.000000,0.200000,1778.255005,0.000000,0.000000,0.200000,212.181931,0.900000,-3.100000,
455.445275,1,1.000000,0.000000,0.000000,0.000000,1.000000,0.000000,0.000000,0.000000,0.200000,1778.291016,0.000000,0.000000,0.200000,212.261627,0.900000,-3.000000,
455.484550,1,1.000000,0.000000,0.000000,0.000000,1.000000,0.000000,0.000000,0.000000,0.240000,1778.333008,0.000000,0.000000,0.240000,212.586655,1.200000,-2.900000,
455.526487,1,1.000000,0.000000,0.000000,0.000000,1.000000,0.000000,0.000000,0.000000,0.240000,1778.378052,0.000000,0.000000,0.240000,212.740860,1.400000,-2.600000,
455.566422,1,1.000000,0.000000,0.000000,0.000000,1.000000,0.000000,0.000000,0.000000,0.200000,1778.416992,0.000000,0.000000,0.200000,212.841278,1.900000,-2.500000,
455.604860,1,1.000000,0.000000,0.000000,0.000000,1.000000,0.000000,0.000000,0.000000,0.200000,1778.456055,0.000000,0.000000,0.200000,212.874359,2.700000,-2.800000,
455.643977,1,1.000000,0.000000,0.000000,0.000000,1.000000,0.000000,0.000000,0.000000,0.200000,1778.489990,0.000000,0.000000,0.200000,212.902466,3.100000,-3.000000,
455.687039,1,1.000000,0.000000,0.000000,0.000000,1.000000,0.000000,0.000000,0.000000,0.300000,1778.531982,0.000000,0.000000,0.300000,212.986176,3.700000,-3.100000,
455.726734,1,1.000000,0.000000,0.000000,0.000000,1.000000,0.000000,0.000000,0.000000,0.300000,1778.571045,0.000000,0.000000,0.300000,213.047501,3.700000,-3.100000,
455.765125,1,1.000000,0.000000,0.000000,0.000000,1.000000,0.000000,0.000000,0.000000,0.230000,1778.928955,0.000000,0.000000,0.230000,213.068710,3.800000,-3.000000,
455.803171,1,1.000000,0.000000,0.000000,0.000000,1.000000,0.000000,0.000000,0.000000,0.230000,1779.328979,0.000000,0.000000,0.230000,213.060974,4.100000,-2.800000,
455.844272,1,1.000000,0.000000,0.000000,0.000000,1.000000,0.000000,0.000000,0.000000,0.230000,1778.694946,0.000000,0.000000,0.230000,213.019867,4.100000,-2.900000,
455.884537,1,1.000000,0.000000,0.000000,0.000000,1.000000,0.000000,0.000000,0.000000,0.270000,1778.728027,0.000000,0.000000,0.270000,212.997025,4.000000,-2.800000,
455.930708,1,1.000000,0.000000,0.000000,0.000000,1.000000,0.000000,0.000000,0.000000,0.270000,1778.770996,0.000000,0.000000,0.270000,212.913223,4.200000,-2.600000,
455.965082,1,1.000000,0.000000,0.000000,0.000000,1.000000,0.000000,0.000000,0.000000,0.410000,1778.817017,0.000000,0.000000,0.410000,212.829758,4.100000,-2.700000,
456.007048,1,1.000000,0.000000,0.000000,0.000000,1.000000,0.000000,0.000000,0.000000,0.410000,1778.855957,0.000000,0.000000,0.410000,212.739792,3.900000,-2.700000,
456.044678,1,1.000000,0.000000,0.000000,0.000000,1.000000,0.000000,0.000000,0.000000,0.410000,1778.891968,0.000000,0.000000,0.410000,212.692902,3.900000,-2.700000,
456.085480,1,1.000000,0.000000,0.000000,0.000000,1.000000,0.000000,0.000000,0.000000,0.410000,1778.933960,0.000000,0.000000,0.410000,212.530746,4.000000,-2.600000,
456.126296,1,1.000000,0.000000,0.000000,0.000000,1.000000,0.000000,0.000000,0.000000,0.410000,1778.975952,0.000000,0.000000,0.410000,212.444641,3.800000,-2.600000,
456.167146,1,1.000000,0.000000,0.000000,0.000000,1.000000,0.000000,0.000000,0.000000,0.430000,1779.006958,0.000000,0.000000,0.430000,212.396896,3.800000,-2.600000,
456.203933,1,1.000000,0.000000,0.000000,0.000000,1.000000,0.000000,0.000000,0.000000,0.430000,1779.057007,0.000000,0.000000,0.430000,212.224075,3.700000,-2.300000,
456.244594,1,1.000000,0.000000,0.000000,0.000000,1.000000,0.000000,0.000000,0.000000,0.430000,1779.088013,0.000000,0.000000,0.430000,212.122879,3.600000,-2.400000,
456.284275,1,1.000000,0.000000,0.000000,0.000000,1.000000,0.000000,0.000000,0.000000,0.460000,1779.130981,0.000000,0.000000,0.460000,212.023010,3.600000,-2.400000,
456.321968,1,1.000000,0.000000,0.000000,0.000000,1.000000,0.000000,0.000000,0.000000,0.460000,1779.172974,0.000000,0.000000,0.460000,211.920746,3.500000,-2.300000,
456.363956,1,1.000000,0.000000,0.000000,0.000000,1.000000,0.000000,0.000000,0.000000,0.430000,1779.213013,0.000000,0.000000,0.430000,211.839386,3.400000,-2.300000,
456.404058,1,1.000000,0.000000,0.000000,0.000000,1.000000,0.000000,0.000000,0.000000,0.430000,1779.253052,0.000000,0.000000,0.430000,211.750305,3.300000,-2.300000,
456.446878,1,1.000000,0.000000,0.000000,0.000000,1.000000,0.000000,0.000000,0.000000,0.430000,1779.296021,0.000000,0.000000,0.430000,211.687744,3.300000,-2.300000,
456.484020,1,1.000000,0.000000,0.000000,0.000000,1.000000,0.000000,0.000000,0.000000,0.480000,1779.339966,0.000000,0.000000,0.480000,211.635513,3.300000,-2.200000,
456.525809,1,1.000000,0.000000,0.000000,0.000000,1.000000,0.000000,0.000000,0.000000,0.480000,1779.369995,0.000000,0.000000,0.480000,211.601486,3.300000,-2.200000,
456.563099,1,1.000000,0.000000,0.000000,0.000000,1.000000,0.000000,0.000000,0.000000,0.500000,1779.411011,0.000000,0.000000,0.500000,211.535645,3.200000,-2.200000,
456.602514,1,1.000000,0.000000,0.000000,0.000000,1.000000,0.000000,0.000000,0.000000,0.500000,1779.456055,0.000000,0.000000,0.500000,211.494934,3.200000,-2.100000,
456.646439,1,1.000000,0.000000,0.000000,0.000000,1.000000,0.000000,0.000000,0.000000,0.500000,1779.489014,0.000000,0.000000,0.500000,211.473358,3.200000,-2.100000,
456.684795,1,1.000000,0.000000,0.000000,0.000000,1.000000,0.000000,0.000000,0.000000,0.560000,1779.536011,0.000000,0.000000,0.560000,211.427414,3.100000,-2.200000,
456.727184,1,1.000000,0.000000,0.000000,0.000000,1.000000,0.000000,0.000000,0.000000,0.560000,1779.576050,0.000000,0.000000,0.560000,211.394409,3.200000,-2.200000,
456.766497,1,1.000000,0.000000,0.000000,0.000000,1.000000,0.000000,0.000000,0.000000,0.590000,1779.899048,0.000000,0.000000,0.590000,211.385010,3.200000,-2.200000,
456.804769,1,1.000000,0.000000,0.000000,0.000000,1.000000,0.000000,0.000000,0.000000,0.590000,1780.359009,0.000000,0.000000,0.590000,211.356979,3.200000,-2.100000,
456.845531,1,1.000000,0.000000,0.000000,0.000000,1.000000,0.000000,0.000000,0.000000,0.590000,1779.693970,0.000000,0.000000,0.590000,211.317688,3.100000,-2.100000,
456.885559,1,1.000000,0.000000,0.000000,0.000000,1.000000,0.000000,0.000000,0.000000,0.610000,1779.737061,0.000000,0.000000,0.610000,211.304214,3.100000,-2.100000,
456.925180,1,1.000000,0.000000,0.000000,0.000000,1.000000,0.000000,0.000000,0.000000,0.610000,1779.770020,0.000000,0.000000,0.610000,211.290466,3.100000,-2.100000,
456.966265,1,1.000000,0.000000,0.000000,0.000000,1.000000,0.000000,0.000000,0.000000,0.630000,1779.812012,0.000000,0.000000,0.630000,211.267853,3.100000,-2.100000,
457.003187,1,1.000000,0.000000,0.000000,0.000000,1.000000,0.000000,0.000000,0.000000,0.630000,1779.852051,0.000000,0.000000,0.630000,211.263412,3.000000,-2.000000,
457.045943,1,1.000000,0.000000,0.000000,0.000000,1.000000,0.000000,0.000000,0.000000,0.630000,1779.895996,0.000000,0.000000,0.630000,211.256958,3.000000,-2.000000,
457.081865,1,1.000000,0.000000,0.000000,0.000000,1.000000,0.000000,0.000000,0.000000,0.660000,1779.937012,0.000000,0.000000,0.660000,211.252808,3.000000,-1.900000,
457.129809,1,1.000000,0.000000,0.000000,0.000000,1.000000,0.000000,0.000000,0.000000,0.660000,1779.979004,0.000000,0.000000,0.660000,211.245132,3.000000,-1.900000,
457.168134,1,1.000000,0.000000,0.000000,0.000000,1.000000,0.000000,0.000000,0.000000,0.680000,1780.010986,0.000000,0.000000,0.680000,211.245117,3.000000,-1.900000,
457.206809,1,1.000000,0.000000,0.000000,0.000000,1.000000,0.000000,0.000000,0.000000,0.680000,1780.052979,0.000000,0.000000,0.680000,211.233398,3.000000,-1.900000,
457.243914,1,1.000000,0.000000,0.000000,0.000000,1.000000,0.000000,0.000000,0.000000,0.680000,1780.098022,0.000000,0.000000,0.680000,211.238037,3.000000,-1.800000,
457.288591,1,1.000000,0.000000,0.000000,0.000000,1.000000,0.000000,0.000000,0.000000,0.700000,1780.136963,0.000000,0.000000,0.700000,211.226776,2.900000,-1.800000,
457.326063,1,1.000000,0.000000,0.000000,0.000000,1.000000,0.000000,0.000000,0.000000,0.700000,1780.167969,0.000000,0.000000,0.700000,211.231369,2.800000,-1.900000,
457.367028,1,1.000000,0.000000,0.000000,0.000000,1.000000,0.000000,0.000000,0.000000,0.730000,1780.213013,0.000000,0.000000,0.730000,211.232635,2.900000,-1.800000,
457.403371,1,1.000000,0.000000,0.000000,0.000000,1.000000,0.000000,0.000000,0.000000,0.730000,1780.254028,0.000000,0.000000,0.730000,211.229858,3.000000,-1.800000,
457.445121,1,1.000000,0.000000,0.000000,0.000000,1.000000,0.000000,0.000000,0.000000,0.730000,1780.297974,0.000000,0.000000,0.730000,211.216812,2.900000,-1.800000,
457.483570,1,1.000000,0.000000,0.000000,0.000000,1.000000,0.000000,0.000000,0.000000,0.760000,1780.328003,0.000000,0.000000,0.760000,211.211197,2.900000,-1.700000,
457.525347,1,1.000000,0.000000,0.000000,0.000000,1.000000,0.000000,0.000000,0.000000,0.760000,1780.368042,0.000000,0.000000,0.760000,211.202164,2.900000,-1.700000,
457.564026,1,1.000000,0.000000,0.000000,0.000000,1.000000,0.000000,0.000000,0.000000,0.790000,1780.411987,0.000000,0.000000,0.790000,211.204346,2.900000,-1.700000,
457.603672,1,1.000000,0.000000,0.000000,0.000000,1.000000,0.000000,0.000000,0.000000,0.790000,1780.451050,0.000000,0.000000,0.790000,211.207031,2.900000,-1.600000,
457.644979,1,1.000000,0.000000,0.000000,0.000000,1.000000,0.000000,0.000000,0.000000,0.790000,1780.499023,0.000000,0.000000,0.790000,211.197311,2.800000,-1.600000,
457.685231,1,1.000000,0.000000,0.000000,0.000000,1.000000,0.000000,0.000000,0.000000,0.820000,1780.531006,0.000000,0.000000,0.820000,211.201126,2.800000,-1.600000,
457.726101,1,1.000000,0.000000,0.000000,0.000000,1.000000,0.000000,0.000000,0.000000,0.820000,1780.574951,0.000000,0.000000,0.820000,211.194916,2.900000,-1.600000,
457.768813,1,1.000000,0.000000,0.000000,0.000000,1.000000,0.000000,0.000000,0.000000,0.860000,1780.928955,0.000000,0.000000,0.860000,211.198853,2.800000,-1.500000,
457.806566,1,1.000000,0.000000,0.000000,0.000000,1.000000,0.000000,0.000000,0.000000,0.860000,1781.338989,0.000000,0.000000,0.860000,211.198349,2.800000,-1.500000,
457.843913,1,1.000000,0.000000,0.000000,0.000000,1.000000,0.000000,0.000000,0.000000,0.860000,1780.697998,0.000000,0.000000,0.860000,211.187729,2.800000,-1.500000,
457.886041,1,1.000000,0.000000,0.000000,0.000000,1.000000,0.000000,0.000000,0.000000,0.890000,1780.729980,0.000000,0.000000,0.890000,211.178482,2.800000,-1.500000,
457.925579,1,1.000000,0.000000,0.000000,0.000000,1.000000,0.000000,0.000000,0.000000,0.890000,1780.772949,0.000000,0.000000,0.890000,211.167465,2.800000,-1.500000,
457.965086,1,1.000000,0.000000,0.000000,0.000000,1.000000,0.000000,0.000000,0.000000,0.940000,1780.817993,0.000000,0.000000,0.940000,211.161850,2.700000,-1.500000,
458.004562,2,1.000000,0.000000,0.000000,0.000000,1.000000,0.000000,0.000000,0.000000,0.940000,1780.850952,0.000000,0.000000,0.940000,211.168213,2.700000,-1.400000,
458.046201,2,1.000000,0.000000,0.000000,0.000000,1.000000,0.000000,0.000000,0.000000,0.940000,1780.889038,0.000000,0.000000,0.940000,211.158615,2.800000,-1.400000,
458.088663,2,1.000000,0.000000,0.000000,0.000000,1.000000,0.000000,0.000000,0.000000,0.980000,1780.937988,0.000000,0.000000,0.980000,211.147659,2.800000,-1.400000,
458.127315,2,1.000000,0.000000,0.000000,0.000000,1.000000,0.000000,0.000000,0.000000,0.980000,1780.974976,0.000000,0.000000,0.980000,211.134689,2.800000,-1.400000,
458.163649,2,1.000000,0.000000,0.000000,0.000000,1.000000,0.000000,0.000000,0.000000,1.030000,1781.008057,0.000000,0.000000,1.030000,211.135529,2.800000,-1.300000,
458.203907,2,1.000000,0.000000,0.000000,0.000000,1.000000,0.000000,0.000000,0.000000,1.030000,1781.052979,0.000000,0.000000,1.030000,211.123322,2.800000,-1.400000,
458.244414,2,1.000000,0.000000,0.000000,0.000000,1.000000,0.000000,0.000000,0.000000,1.030000,1781.097046,0.000000,0.000000,1.030000,211.118347,2.800000,-1.300000,
458.289583,2,1.000000,0.000000,0.000000,0.000000,1.000000,0.000000,0.000000,0.000000,1.070000,1781.136963,0.000000,0.000000,1.070000,211.119553,2.700000,-1.300000,
458.328375,2,1.000000,0.000000,0.000000,0.000000,1.000000,0.000000,0.000000,0.000000,1.070000,1781.172974,0.000000,0.000000,1.070000,211.114197,2.700000,-1.300000,
458.368420,2,1.000000,0.000000,0.000000,0.000000,1.000000,0.000000,0.000000,0.000000,1.120000,1781.215942,0.000000,0.000000,1.120000,211.126068,2.700000,-1.300000,
458.406964,2,1.000000,0.000000,0.000000,0.000000,1.000000,0.000000,0.000000,0.000000,1.120000,1781.250000,0.000000,0.000000,1.120000,211.152466,2.700000,-1.200000,
458.448967,2,1.000000,0.000000,0.000000,0.000000,1.000000,0.000000,0.000000,0.000000,1.120000,1781.295044,0.000000,0.000000,1.120000,211.197159,2.400000,-0.100000,
458.481883,2,1.000000,0.000000,0.000000,0.000000,1.000000,0.000000,0.000000,0.000000,1.140000,1781.331055,0.000000,0.000000,1.140000,211.234619,2.200000,1.600000,
458.527442,2,1.000000,0.000000,0.000000,0.000000,1.000000,0.000000,0.000000,0.000000,1.120000,1781.370972,0.000000,0.000000,1.120000,211.340286,1.500000,10.400000,
458.564808,2,1.000000,0.000000,0.000000,0.000000,1.000000,0.000000,0.000000,0.000000,1.130000,1781.412964,0.000000,0.000000,1.130000,211.173981,0.600000,14.300000,
458.603485,2,1.000000,0.000000,0.000000,0.000000,1.000000,0.000000,0.000000,0.000000,1.120000,1781.453003,0.000000,0.000000,1.120000,211.023254,0.200000,16.100000,
458.645397,2,1.000000,0.000000,0.000000,0.000000,1.000000,0.000000,0.000000,0.000000,1.120000,1781.495972,0.000000,0.000000,1.120000,210.983505,0.300000,17.500000,
458.688288,2,1.000000,0.000000,0.000000,0.000000,1.000000,0.000000,0.000000,0.000000,1.160000,1781.536987,0.000000,0.000000,1.160000,210.938873,0.300000,18.400000,
458.730718,2,1.000000,0.000000,0.000000,0.000000,1.000000,0.000000,0.000000,0.000000,1.160000,1781.578979,0.000000,0.000000,1.160000,210.875412,0.200000,18.600000,
458.765108,2,1.000000,0.000000,0.000000,0.000000,1.000000,0.000000,0.000000,0.000000,1.160000,1781.889038,0.000000,0.000000,1.160000,210.825531,0.200000,18.700001,
458.809155,3,1.000000,0.000000,0.000000,0.000000,1.000000,0.000000,1.000000,1.000000,1.160000,1782.288940,0.000000,0.000000,1.160000,210.779907,0.100000,18.600000,
458.857383,3,1.000000,0.000000,0.000000,0.000000,1.000000,0.000000,1.000000,1.000000,1.160000,1781.692017,0.000000,0.000000,1.160000,210.746719,0.000000,17.799999,
458.891143,3,1.000000,0.000000,0.000000,0.000000,1.000000,0.000000,1.000000,1.000000,1.130000,1781.734985,0.000000,0.000000,1.130000,210.734406,0.100000,16.900000,
458.927556,3,1.000000,0.000000,0.000000,0.000000,1.000000,0.000000,1.000000,1.000000,1.140000,1781.777954,0.000000,0.000000,1.140000,210.796249,0.500000,15.600000,
458.970319,3,1.000000,0.000000,0.000000,0.000000,1.000000,0.000000,1.000000,1.000000,1.080000,1781.810059,0.000000,0.000000,1.080000,210.846115,0.700000,14.800000,
459.014267,3,1.000000,0.000000,0.000000,0.000000,1.000000,0.000000,1.000000,1.000000,1.090000,1781.852051,0.000000,0.000000,1.090000,210.901505,0.900000,13.800000,
459.047171,3,1.000000,0.000000,0.000000,0.000000,1.000000,0.000000,1.000000,1.000000,1.080000,1781.895020,0.000000,0.000000,1.080000,210.883163,0.600000,13.100000,
459.089400,3,1.000000,0.000000,0.000000,0.000000,1.000000,0.000000,1.000000,1.000000,1.030000,1781.935059,0.000000,0.000000,1.030000,210.867798,0.400000,12.200000,
459.132156,3,1.000000,0.000000,0.000000,0.000000,1.000000,0.000000,1.000000,1.000000,1.030000,1781.969971,0.000000,0.000000,1.030000,210.862686,0.200000,10.500000,
459.170849,3,1.000000,0.000000,0.000000,0.000000,1.000000,0.000000,1.000000,1.000000,0.980000,1782.016968,0.000000,0.000000,0.980000,210.893005,0.200000,8.500000,
459.212596,3,1.000000,0.000000,0.000000,0.000000,1.000000,0.000000,1.000000,1.000000,0.980000,1782.058960,0.000000,0.000000,0.980000,210.907883,0.200000,6.700000,
459.246231,3,1.000000,0.000000,0.000000,0.000000,1.000000,0.000000,1.000000,1.000000,0.980000,1782.090942,0.000000,0.000000,0.980000,210.928345,0.200000,4.300000,
459.286980,3,1.000000,0.000000,0.000000,0.000000,1.000000,0.000000,1.000000,1.000000,0.910000,1782.135010,0.000000,0.000000,0.910000,210.964905,0.500000,2.200000,
459.323772,3,1.000000,0.000000,0.000000,0.000000,1.000000,0.000000,1.000000,1.000000,0.910000,1782.167969,0.000000,0.000000,0.910000,210.978363,0.700000,1.400000,
459.367039,3,1.000000,0.000000,0.000000,0.000000,1.000000,0.000000,1.000000,1.000000,0.840000,1782.208984,0.000000,0.000000,0.840000,210.993576,0.900000,0.200000,
459.402367,3,1.000000,0.000000,0.000000,0.000000,1.000000,0.000000,1.000000,1.000000,0.840000,1782.253052,0.000000,0.000000,0.840000,211.044479,1.200000,-0.700000,
459.449626,3,1.000000,0.000000,0.000000,0.000000,1.000000,0.000000,1.000000,1.000000,0.840000,1782.290039,0.000000,0.000000,0.840000,211.047928,1.300000,-1.000000,
459.486920,3,1.000000,0.000000,0.000000,0.000000,1.000000,0.000000,1.000000,1.000000,0.780000,1782.333984,0.000000,0.000000,0.780000,211.048508,1.500000,-1.400000,
459.526498,3,1.000000,0.000000,0.000000,0.000000,1.000000,0.000000,1.000000,1.000000,0.780000,1782.374023,0.000000,0.000000,0.780000,211.068436,1.900000,-1.900000,
459.564966,3,1.000000,0.000000,0.000000,0.000000,1.000000,0.000000,1.000000,1.000000,0.730000,1782.409058,0.000000,0.000000,0.730000,211.069748,2.200000,-2.100000,
459.607726,3,1.000000,0.000000,0.000000,0.000000,1.000000,0.000000,1.000000,1.000000,0.730000,1782.453003,0.000000,0.000000,0.730000,211.086227,2.300000,-2.300000,
459.649309,3,1.000000,0.000000,0.000000,0.000000,1.000000,0.000000,1.000000,1.000000,0.720000,1782.496948,0.000000,0.000000,0.720000,211.100342,2.200000,-2.400000,
459.689607,3,1.000000,0.000000,0.000000,0.000000,1.000000,0.000000,1.000000,1.000000,0.670000,1782.529053,0.000000,0.000000,0.670000,211.114105,1.900000,-2.400000,
459.725596,3,1.000000,0.000000,0.000000,0.000000,1.000000,0.000000,1.000000,1.000000,0.670000,1782.573975,0.000000,0.000000,0.670000,211.162415,0.800000,-2.100000,
459.766879,3,1.000000,0.000000,0.000000,0.000000,1.000000,0.000000,1.000000,1.000000,0.610000,1782.938965,0.000000,0.000000,0.610000,211.169403,0.200000,-1.800000,
459.806590,3,1.000000,0.000000,0.000000,0.000000,1.000000,0.000000,1.000000,1.000000,0.610000,1783.338989,0.000000,0.000000,0.610000,211.158295,-0.500000,-1.900000,
459.844262,3,1.000000,0.000000,0.000000,0.000000,1.000000,0.000000,1.000000,1.000000,0.610000,1782.692017,0.000000,0.000000,0.610000,211.163986,-1.300000,-2.000000,
459.889265,3,1.000000,0.000000,0.000000,0.000000,1.000000,0.000000,1.000000,1.000000,0.570000,1782.733032,0.000000,0.000000,0.570000,211.155334,-1.400000,-1.900000,
459.933797,3,1.000000,0.000000,0.000000,0.000000,1.000000,0.000000,1.000000,1.000000,0.570000,1782.779053,0.000000,0.000000,0.570000,211.112961,-1.000000,-1.800000,
459.968273,3,1.000000,0.000000,0.000000,0.000000,1.000000,0.000000,1.000000,1.000000,0.500000,1782.810059,0.000000,0.000000,0.500000,211.057358,-0.300000,-1.800000,
460.009181,3,1.000000,0.000000,0.000000,0.000000,1.000000,0.000000,1.000000,1.000000,0.500000,1782.853027,0.000000,0.000000,0.500000,211.011856,0.300000,-1.900000,
460.047058,3,1.000000,0.000000,0.000000,0.000000,1.000000,0.000000,1.000000,1.000000,0.490000,1782.897949,0.000000,0.000000,0.490000,210.985123,0.600000,-1.800000,
460.087640,3,1.000000,0.000000,0.000000,0.000000,1.000000,0.000000,1.000000,1.000000,0.440000,1782.931030,0.000000,0.000000,0.440000,210.991013,0.700000,-1.600000,
460.122522,3,1.000000,0.000000,0.000000,0.000000,1.000000,0.000000,1.000000,1.000000,0.440000,1782.972046,0.000000,0.000000,0.440000,211.025543,1.000000,-1.600000,
460.167670,3,1.000000,0.000000,0.000000,0.000000,1.000000,0.000000,1.000000,1.000000,0.360000,1783.014038,0.000000,0.000000,0.360000,211.080093,1.200000,-1.600000,
460.207324,3,1.000000,0.000000,0.000000,0.000000,1.000000,0.000000,1.000000,1.000000,0.360000,1783.057007,0.000000,0.000000,0.360000,211.170853,1.500000,-1.700000,
460.244974,3,1.000000,0.000000,0.000000,0.000000,1.000000,0.000000,1.000000,1.000000,0.350000,1783.088989,0.000000,0.000000,0.350000,211.225189,1.500000,-1.800000,
460.286372,3,1.000000,0.000000,0.000000,0.000000,1.000000,0.000000,1.000000,1.000000,0.300000,1783.129028,0.000000,0.000000,0.300000,211.382751,1.500000,-1.700000,
460.327532,3,1.000000,0.000000,0.000000,0.000000,1.000000,0.000000,1.000000,1.000000,0.300000,1783.176025,0.000000,0.000000,0.300000,211.577026,0.700000,-1.900000,
460.366365,3,1.000000,0.000000,0.000000,0.000000,1.000000,0.000000,1.000000,1.000000,0.200000,1783.218018,0.000000,0.000000,0.200000,211.627136,0.600000,-2.100000,
460.408508,3,1.000000,0.000000,0.000000,0.000000,1.000000,0.000000,1.000000,1.000000,0.200000,1783.256958,0.000000,0.000000,0.200000,212.370712,0.000000,2.400000,
460.448059,3,1.000000,0.000000,0.000000,0.000000,1.000000,0.000000,1.000000,1.000000,0.200000,1783.290039,0.000000,0.000000,0.200000,213.053864,0.000000,3.800000,
460.486133,3,1.000000,0.000000,0.000000,0.000000,1.000000,0.000000,1.000000,1.000000,0.200000,1783.333008,0.000000,0.000000,0.200000,213.095398,1.000000,1.400000,
460.524029,3,1.000000,0.000000,0.000000,0.000000,1.000000,0.000000,1.000000,1.000000,0.200000,1783.375977,0.000000,0.000000,0.200000,212.968628,2.700000,-1.600000,
460.567914,3,1.000000,0.000000,0.000000,0.000000,1.000000,0.000000,1.000000,1.000000,0.200000,1783.416016,0.000000,0.000000,0.200000,212.896576,3.000000,-1.200000,
460.603749,3,1.000000,0.000000,0.000000,0.000000,1.000000,0.000000,1.000000,1.000000,0.200000,1783.454956,0.000000,0.000000,0.200000,212.757980,2.700000,-0.500000,
460.647065,3,1.000000,0.000000,0.000000,0.000000,1.000000,0.000000,1.000000,1.000000,0.200000,1783.489014,0.000000,0.000000,0.200000,212.681427,2.500000,-0.300000,
460.687260,3,1.000000,0.000000,0.000000,0.000000,1.000000,0.000000,1.000000,1.000000,0.200000,1783.531006,0.000000,0.000000,0.200000,212.413315,1.700000,-0.300000,
460.729310,3,1.000000,0.000000,0.000000,0.000000,1.000000,0.000000,1.000000,1.000000,0.200000,1783.572021,0.000000,0.000000,0.200000,213.099274,-0.800000,1.500000,
460.766097,3,1.000000,0.000000,0.000000,0.000000,1.000000,0.000000,1.000000,1.000000,0.200000,1783.889038,0.000000,0.000000,0.200000,213.166077,-0.100000,1.400000,
460.806653,3,1.000000,0.000000,0.000000,0.000000,1.000000,0.000000,1.000000,1.000000,0.200000,1784.348999,0.000000,0.000000,0.200000,213.220810,1.700000,-0.400000,
460.847351,3,1.000000,0.000000,0.000000,0.000000,1.000000,0.000000,1.000000,1.000000,0.200000,1783.691040,0.000000,0.000000,0.200000,213.165436,2.300000,-0.700000,
460.882692,3,1.000000,0.000000,0.000000,0.000000,1.000000,0.000000,1.000000,1.000000,0.200000,1783.728027,0.000000,0.000000,0.200000,212.987991,2.100000,-0.500000,
460.926056,3,1.000000,0.000000,0.000000,0.000000,1.000000,0.000000,1.000000,1.000000,0.200000,1783.770020,0.000000,0.000000,0.200000,212.858078,-1.100000,-0.200000,
460.966385,3,1.000000,0.000000,0.000000,0.000000,1.000000,0.000000,1.000000,1.000000,0.200000,1783.817993,0.000000,0.000000,0.200000,212.674759,-0.800000,-0.200000,
461.009097,3,1.000000,0.000000,0.000000,0.000000,1.000000,0.000000,1.000000,1.000000,0.200000,1783.849976,0.000000,0.000000,0.200000,212.440186,-0.100000,0.100000,
461.045692,3,1.000000,0.000000,0.000000,0.000000,1.000000,0.000000,1.000000,1.000000,0.200000,1783.890015,0.000000,0.000000,0.200000,212.336594,0.100000,-0.000000,
461.088378,3,1.000000,0.000000,0.000000,0.000000,1.000000,0.000000,1.000000,1.000000,0.200000,1783.931030,0.000000,0.000000,0.200000,212.241913,0.300000,-0.000000,
461.124372,3,1.000000,0.000000,0.000000,0.000000,1.000000,0.000000,1.000000,1.000000,0.200000,1783.970947,0.000000,0.000000,0.200000,212.117416,0.300000,-0.200000,
461.164554,3,1.000000,0.000000,0.000000,0.000000,1.000000,0.000000,1.000000,1.000000,0.200000,1784.014038,0.000000,0.000000,0.200000,212.290192,0.100000,-0.300000,
461.205215,3,1.000000,0.000000,0.000000,0.000000,1.000000,0.000000,1.000000,1.000000,0.200000,1784.048950,0.000000,0.000000,0.200000,212.511612,-0.400000,-0.200000,
461.245735,3,1.000000,0.000000,0.000000,0.000000,1.000000,0.000000,1.000000,1.000000,0.200000,1784.089966,0.000000,0.000000,0.200000,212.252747,-0.900000,-0.300000,
461.285237,3,1.000000,0.000000,0.000000,0.000000,1.000000,0.000000,1.000000,1.000000,0.200000,1784.135010,0.000000,0.000000,0.200000,211.918198,-0.900000,-0.300000,
461.324376,3,1.000000,0.000000,0.000000,0.000000,1.000000,0.000000,1.000000,1.000000,0.200000,1784.176025,0.000000,0.000000,0.200000,212.035522,-0.700000,-0.300000,
461.364505,3,1.000000,0.000000,0.000000,0.000000,1.000000,0.000000,1.000000,1.000000,0.200000,1784.217041,0.000000,0.000000,0.200000,212.073105,-0.500000,-0.200000,
461.406374,3,1.000000,0.000000,0.000000,0.000000,1.000000,0.000000,1.000000,1.000000,0.200000,1784.250000,0.000000,0.000000,0.200000,211.954391,-0.600000,-0.200000,
461.446716,3,1.000000,0.000000,0.000000,0.000000,1.000000,0.000000,1.000000,1.000000,0.200000,1784.292969,0.000000,0.000000,0.200000,211.756729,-0.800000,-0.300000,
461.485268,3,1.000000,0.000000,0.000000,0.000000,1.000000,0.000000,1.000000,1.000000,0.200000,1784.338013,0.000000,0.000000,0.200000,211.845413,-0.800000,-0.300000,
461.529045,3,1.000000,0.000000,0.000000,0.000000,1.000000,0.000000,1.000000,1.000000,0.200000,1784.373047,0.000000,0.000000,0.200000,211.779678,-0.700000,-0.300000,
461.568900,3,1.000000,0.000000,0.000000,0.000000,1.000000,0.000000,1.000000,1.000000,0.200000,1784.415039,0.000000,0.000000,0.200000,211.640808,-0.600000,-0.300000,
461.608581,3,1.000000,0.000000,0.000000,0.000000,1.000000,0.000000,1.000000,1.000000,0.200000,1784.456055,0.000000,0.000000,0.200000,211.640823,-0.700000,-0.300000,
461.653162,3,1.000000,0.000000,0.000000,0.000000,1.000000,0.000000,1.000000,1.000000,0.200000,1784.499023,0.000000,0.000000,0.200000,211.632568,-0.700000,-0.300000,
461.688321,3,1.000000,0.000000,0.000000,0.000000,1.000000,0.000000,1.000000,1.000000,0.200000,1784.532959,0.000000,0.000000,0.200000,211.586746,-0.700000,-0.300000,
461.718751,3,1.000000,0.000000,0.000000,0.000000,1.000000,0.000000,1.000000,1.000000,0.200000,1784.574951,0.000000,0.000000,0.200000,211.468369,-0.700000,-0.300000,
461.765994,3,1.000000,0.000000,0.000000,0.000000,1.000000,0.000000,1.000000,1.000000,0.200000,1784.869019,0.000000,0.000000,0.200000,211.468018,-0.700000,-0.300000,
461.807803,3,1.000000,0.000000,0.000000,0.000000,1.000000,0.000000,1.000000,1.000000,0.200000,1785.318970,0.000000,0.000000,0.200000,211.409988,-0.700000,-0.300000,
461.850236,3,1.000000,0.000000,0.000000,0.000000,1.000000,0.000000,1.000000,1.000000,0.200000,1784.697021,0.000000,0.000000,0.200000,211.329651,-0.700000,-0.300000,
461.887782,3,1.000000,0.000000,0.000000,0.000000,1.000000,0.000000,1.000000,1.000000,0.200000,1784.730957,0.000000,0.000000,0.200000,211.302780,-0.700000,-0.300000,
461.928186,3,1.000000,0.000000,0.000000,0.000000,1.000000,0.000000,1.000000,1.000000,0.200000,1784.770996,0.000000,0.000000,0.200000,211.276062,-0.700000,-0.300000,
461.970718,3,1.000000,0.000000,0.000000,0.000000,1.000000,0.000000,1.000000,1.000000,0.200000,1784.814941,0.000000,0.000000,0.200000,211.141678,-0.700000,-0.300000,
462.007073,3,1.000000,0.000000,0.000000,0.000000,1.000000,0.000000,1.000000,1.000000,0.200000,1784.848999,0.000000,0.000000,0.200000,211.097519,-0.800000,-0.300000,
462.049650,3,1.000000,0.000000,0.000000,0.000000,1.000000,0.000000,1.000000,1.000000,0.200000,1784.891968,0.000000,0.000000,0.200000,210.976440,-0.800000,-0.300000,
462.085309,3,1.000000,0.000000,0.000000,0.000000,1.000000,0.000000,1.000000,1.000000,0.200000,1784.935059,0.000000,0.000000,0.200000,210.867874,-0.800000,-0.200000,
462.128962,3,1.000000,0.000000,0.000000,0.000000,1.000000,0.000000,1.000000,1.000000,0.200000,1784.978027,0.000000,0.000000,0.200000,210.751511,-0.800000,-0.200000,
462.164940,3,1.000000,0.000000,0.000000,0.000000,1.000000,0.000000,1.000000,1.000000,0.200000,1785.015015,0.000000,0.000000,0.200000,210.653976,-0.800000,-0.200000,
462.204990,3,1.000000,0.000000,0.000000,0.000000,1.000000,0.000000,1.000000,1.000000,0.200000,1785.053955,0.000000,0.000000,0.200000,210.529739,-0.900000,-0.200000,
462.243057,3,1.000000,0.000000,0.000000,0.000000,1.000000,0.000000,1.000000,1.000000,0.200000,1785.098999,0.000000,0.000000,0.200000,210.393921,-0.900000,-0.200000,
462.286690,3,1.000000,0.000000,0.000000,0.000000,1.000000,0.000000,1.000000,1.000000,0.200000,1785.129028,0.000000,0.000000,0.200000,210.334412,-0.900000,-0.200000,
462.327212,3,1.000000,0.000000,0.000000,0.000000,1.000000,0.000000,1.000000,1.000000,0.200000,1785.170044,0.000000,0.000000,0.200000,210.145554,-0.900000,-0.200000,
462.370430,3,1.000000,0.000000,0.000000,0.000000,1.000000,0.000000,1.000000,1.000000,0.200000,1785.213989,0.000000,0.000000,0.200000,209.996231,-0.900000,-0.200000,
462.404033,3,1.000000,0.000000,0.000000,0.000000,1.000000,0.000000,1.000000,1.000000,0.200000,1785.254028,0.000000,0.000000,0.200000,209.859528,-0.900000,-0.200000,
462.444833,3,1.000000,0.000000,0.000000,0.000000,1.000000,0.000000,1.000000,1.000000,0.200000,1785.296997,0.000000,0.000000,0.200000,209.728638,-0.900000,-0.200000,
462.493103,3,1.000000,0.000000,0.000000,0.000000,1.000000,0.000000,1.000000,1.000000,0.200000,1785.337036,0.000000,0.000000,0.200000,209.594635,-0.800000,-0.200000,
462.525745,3,1.000000,0.000000,0.000000,0.000000,1.000000,0.000000,1.000000,1.000000,0.200000,1785.375000,0.000000,0.000000,0.200000,209.468933,-0.800000,-0.200000,
462.563646,3,1.000000,0.000000,0.000000,0.000000,1.000000,0.000000,1.000000,1.000000,0.200000,1785.416992,0.000000,0.000000,0.200000,209.330750,-0.800000,-0.300000,
462.608217,3,1.000000,0.000000,0.000000,0.000000,1.000000,0.000000,1.000000,1.000000,0.200000,1785.456055,0.000000,0.000000,0.200000,209.198395,-0.800000,-0.300000,
462.645856,3,1.000000,0.000000,0.000000,0.000000,1.000000,0.000000,1.000000,1.000000,0.200000,1785.489990,0.000000,0.000000,0.200000,209.137833,-0.800000,-0.300000,
462.687426,3,1.000000,0.000000,0.000000,0.000000,1.000000,0.000000,1.000000,1.000000,0.200000,1785.531006,0.000000,0.000000,0.200000,209.029572,-0.800000,-0.300000,
462.726478,3,1.000000,0.000000,0.000000,0.000000,1.000000,0.000000,1.000000,1.000000,0.200000,1785.574951,0.000000,0.000000,0.200000,208.832840,-0.800000,-0.300000,
462.765373,3,1.000000,0.000000,0.000000,0.000000,1.000000,0.000000,1.000000,1.000000,0.200000,1785.879028,0.000000,0.000000,0.200000,208.766327,-0.800000,-0.300000,
462.806464,3,1.000000,0.000000,0.000000,0.000000,1.000000,0.000000,1.000000,1.000000,0.200000,1786.318970,0.000000,0.000000,0.200000,208.597000,-0.800000,-0.300000,
462.845984,3,1.000000,0.000000,0.000000,0.000000,1.000000,0.000000,1.000000,1.000000,0.200000,1785.694946,0.000000,0.000000,0.200000,208.474136,-0.800000,-0.300000,
462.886975,3,1.000000,0.000000,0.000000,0.000000,1.000000,0.000000,1.000000,1.000000,0.200000,1785.735962,0.000000,0.000000,0.200000,208.341736,-0.800000,-0.300000,
462.924388,3,1.000000,0.000000,0.000000,0.000000,1.000000,0.000000,1.000000,1.000000,0.200000,1785.770996,0.000000,0.000000,0.200000,208.234009,-0.700000,-0.300000,
462.967210,3,1.000000,0.000000,0.000000,0.000000,1.000000,0.000000,1.000000,1.000000,0.200000,1785.810059,0.000000,0.000000,0.200000,208.113968,-0.700000,-0.300000,
463.005613,3,1.000000,0.000000,0.000000,0.000000,1.000000,0.000000,1.000000,1.000000,0.200000,1785.852051,0.000000,0.000000,0.200000,207.989731,-0.700000,-0.300000,
463.051494,3,1.000000,0.000000,0.000000,0.000000,1.000000,0.000000,1.000000,1.000000,0.200000,1785.895996,0.000000,0.000000,0.200000,207.868454,-0.700000,-0.300000,
463.085805,3,1.000000,0.000000,0.000000,0.000000,1.000000,0.000000,1.000000,1.000000,0.200000,1785.930054,0.000000,0.000000,0.200000,207.811157,-0.700000,-0.300000,
463.127818,3,1.000000,0.000000,0.000000,0.000000,1.000000,0.000000,1.000000,1.000000,0.200000,1785.972046,0.000000,0.000000,0.200000,207.641846,-0.700000,-0.300000,
463.167779,3,1.000000,0.000000,0.000000,0.000000,1.000000,0.000000,1.000000,1.000000,0.200000,1786.015991,0.000000,0.000000,0.200000,207.505249,-0.700000,-0.300000,
463.209181,3,1.000000,0.000000,0.000000,0.000000,1.000000,0.000000,1.000000,1.000000,0.200000,1786.057007,0.000000,0.000000,0.200000,207.378357,-0.700000,-0.300000,
463.251830,3,1.000000,0.000000,0.000000,0.000000,1.000000,0.000000,1.000000,1.000000,0.200000,1786.093994,0.000000,0.000000,0.200000,207.265503,-0.600000,-0.300000,
463.291270,3,1.000000,0.000000,0.000000,0.000000,1.000000,0.000000,1.000000,1.000000,0.200000,1786.128052,0.000000,0.000000,0.200000,207.191483,-0.600000,-0.300000,
463.326299,3,1.000000,0.000000,0.000000,0.000000,1.000000,0.000000,1.000000,1.000000,0.200000,1786.171021,0.000000,0.000000,0.200000,207.063263,-0.600000,-0.300000,
463.362752,3,1.000000,0.000000,0.000000,0.000000,1.000000,0.000000,1.000000,1.000000,0.200000,1786.208984,0.000000,0.000000,0.200000,206.945404,-0.600000,-0.400000,
463.409538,3,1.000000,0.000000,0.000000,0.000000,1.000000,0.000000,1.000000,1.000000,0.200000,1786.255005,0.000000,0.000000,0.200000,206.757477,-0.600000,-0.400000,
463.445926,3,1.000000,0.000000,0.000000,0.000000,1.000000,0.000000,1.000000,1.000000,0.200000,1786.287964,0.000000,0.000000,0.200000,206.694153,-0.600000,-0.400000,
463.486320,3,1.000000,0.000000,0.000000,0.000000,1.000000,0.000000,1.000000,1.000000,0.200000,1786.334961,0.000000,0.000000,0.200000,206.500916,-0.500000,-0.400000,
463.525451,3,1.000000,0.000000,0.000000,0.000000,1.000000,0.000000,1.000000,1.000000,0.200000,1786.368042,0.000000,0.000000,0.200000,206.440689,-0.500000,-0.400000,
463.562463,3,1.000000,0.000000,0.000000,0.000000,1.000000,0.000000,1.000000,1.000000,0.200000,1786.409058,0.000000,0.000000,0.200000,206.313736,-0.500000,-0.400000,
463.605250,3,1.000000,0.000000,0.000000,0.000000,1.000000,0.000000,1.000000,1.000000,0.200000,1786.452026,0.000000,0.000000,0.200000,206.126114,-0.500000,-0.400000,
463.645930,3,1.000000,0.000000,0.000000,0.000000,1.000000,0.000000,1.000000,1.000000,0.200000,1786.494995,0.000000,0.000000,0.200000,206.020447,-0.500000,-0.400000,
463.685745,3,1.000000,0.000000,0.000000,0.000000,1.000000,0.000000,1.000000,1.000000,0.200000,1786.535034,0.000000,0.000000,0.200000,205.881714,-0.500000,-0.400000,
463.728863,3,1.000000,0.000000,0.000000,0.000000,1.000000,0.000000,1.000000,1.000000,0.200000,1786.578979,0.000000,0.000000,0.200000,205.757309,-0.500000,-0.400000,
463.766951,3,1.000000,0.000000,0.000000,0.000000,1.000000,0.000000,1.000000,1.000000,0.200000,1786.909058,0.000000,0.000000,0.200000,205.645920,-0.500000,-0.400000,
463.803593,3,1.000000,0.000000,0.000000,0.000000,1.000000,0.000000,1.000000,1.000000,0.200000,1787.328979,0.000000,0.000000,0.200000,205.521301,-0.400000,-0.400000,
463.846209,3,1.000000,0.000000,0.000000,0.000000,1.000000,0.000000,1.000000,1.000000,0.200000,1786.688965,0.000000,0.000000,0.200000,205.459167,-0.400000,-0.400000,
463.886962,3,1.000000,0.000000,0.000000,0.000000,1.000000,0.000000,1.000000,1.000000,0.200000,1786.734985,0.000000,0.000000,0.200000,205.266037,-0.400000,-0.400000,
463.925161,3,1.000000,0.000000,0.000000,0.000000,1.000000,0.000000,1.000000,1.000000,0.200000,1786.779053,0.000000,0.000000,0.200000,205.144974,-0.400000,-0.400000,
463.967434,3,1.000000,0.000000,0.000000,0.000000,1.000000,0.000000,1.000000,1.000000,0.200000,1786.810059,0.000000,0.000000,0.200000,205.067520,-0.400000,-0.400000,
464.005282,3,1.000000,0.000000,0.000000,0.000000,1.000000,0.000000,1.000000,1.000000,0.200000,1786.855957,0.000000,0.000000,0.200000,204.889313,-0.400000,-0.400000,
464.049518,3,1.000000,0.000000,0.000000,0.000000,1.000000,0.000000,1.000000,1.000000,0.200000,1786.889038,0.000000,0.000000,0.200000,204.831558,-0.400000,-0.400000,
464.086786,3,1.000000,0.000000,0.000000,0.000000,1.000000,0.000000,1.000000,1.000000,0.200000,1786.933960,0.000000,0.000000,0.200000,204.650085,-0.400000,-0.400000,
464.125906,3,1.000000,0.000000,0.000000,0.000000,1.000000,0.000000,1.000000,1.000000,0.200000,1786.973022,0.000000,0.000000,0.200000,204.586441,-0.400000,-0.400000,
464.166488,3,1.000000,0.000000,0.000000,0.000000,1.000000,0.000000,1.000000,1.000000,0.200000,1787.008057,0.000000,0.000000,0.200000,204.463409,-0.400000,-0.400000,
464.206823,3,1.000000,0.000000,0.000000,0.000000,1.000000,0.000000,1.000000,1.000000,0.200000,1787.050049,0.000000,0.000000,0.200000,204.300903,-0.300000,-0.400000,
464.246013,3,1.000000,0.000000,0.000000,0.000000,1.000000,0.000000,1.000000,1.000000,0.200000,1787.092041,0.000000,0.000000,0.200000,204.168457,-0.300000,-0.400000,
464.291539,3,1.000000,0.000000,0.000000,0.000000,1.000000,0.000000,1.000000,1.000000,0.200000,1787.133057,0.000000,0.000000,0.200000,204.064407,-0.300000,-0.400000,
464.326619,3,1.000000,0.000000,0.000000,0.000000,1.000000,0.000000,1.000000,1.000000,0.200000,1787.176025,0.000000,0.000000,0.200000,203.926865,-0.300000,-0.400000,
464.368834,3,1.000000,0.000000,0.000000,0.000000,1.000000,0.000000,1.000000,1.000000,0.200000,1787.208984,0.000000,0.000000,0.200000,203.739807,-0.300000,-0.500000,
464.406998,3,1.000000,0.000000,0.000000,0.000000,1.000000,0.000000,1.000000,1.000000,0.200000,1787.253052,0.000000,0.000000,0.200000,203.505264,-0.200000,-0.600000,
464.445623,3,1.000000,0.000000,0.000000,0.000000,1.000000,0.000000,1.000000,1.000000,0.200000,1787.288940,0.000000,0.000000,0.200000,203.444809,-0.200000,-0.700000,
464.485775,3,1.000000,0.000000,0.000000,0.000000,1.000000,0.000000,1.000000,1.000000,0.200000,1787.332031,0.000000,0.000000,0.200000,203.248978,0.400000,-1.200000,
464.525786,3,1.000000,0.000000,0.000000,0.000000,1.000000,0.000000,1.000000,1.000000,0.200000,1787.375000,0.000000,0.000000,0.200000,202.966080,0.800000,-2.000000,
464.563562,3,1.000000,0.000000,0.000000,0.000000,1.000000,0.000000,1.000000,1.000000,0.200000,1787.415039,0.000000,0.000000,0.200000,202.749466,1.300000,-2.100000,
464.605199,3,1.000000,0.000000,0.000000,0.000000,1.000000,0.000000,1.000000,1.000000,0.200000,1787.457031,0.000000,0.000000,0.200000,202.514664,1.500000,-2.000000,
464.645587,3,1.000000,0.000000,0.000000,0.000000,1.000000,0.000000,1.000000,1.000000,0.200000,1787.494019,0.000000,0.000000,0.200000,202.328476,1.300000,-2.300000,
464.685356,3,1.000000,0.000000,0.000000,0.000000,1.000000,0.000000,1.000000,1.000000,0.200000,1787.536011,0.000000,0.000000,0.200000,202.141876,1.200000,-2.300000,
464.726478,3,1.000000,0.000000,0.000000,0.000000,1.000000,0.000000,1.000000,1.000000,0.200000,1787.578003,0.000000,0.000000,0.200000,201.967575,1.200000,-2.000000,
464.764649,3,1.000000,0.000000,0.000000,0.000000,1.000000,0.000000,1.000000,1.000000,0.230000,1787.958984,0.000000,0.000000,0.230000,201.827347,1.300000,-2.000000,
464.804548,3,1.000000,0.000000,0.000000,0.000000,1.000000,0.000000,1.000000,1.000000,0.230000,1788.359009,0.000000,0.000000,0.230000,201.841064,1.600000,-1.300000,
464.847657,3,1.000000,0.000000,0.000000,0.000000,1.000000,0.000000,1.000000,1.000000,0.230000,1787.689941,0.000000,0.000000,0.230000,201.911636,1.700000,-0.500000,
464.887426,3,1.000000,0.000000,0.000000,0.000000,1.000000,0.000000,1.000000,1.000000,0.260000,1787.732056,0.000000,0.000000,0.260000,202.170380,0.500000,2.700000,
464.926177,3,1.000000,0.000000,0.000000,0.000000,1.000000,0.000000,1.000000,1.000000,0.260000,1787.771973,0.000000,0.000000,0.260000,202.275528,-0.300000,3.900000,
464.971152,3,1.000000,0.000000,0.000000,0.000000,1.000000,0.000000,1.000000,1.000000,0.310000,1787.814941,0.000000,0.000000,0.310000,202.491501,-2.400000,6.500000,
465.002695,3,1.000000,0.000000,0.000000,0.000000,1.000000,0.000000,1.000000,1.000000,0.310000,1787.854980,0.000000,0.000000,0.310000,202.611084,-3.200000,7.200000,
465.046680,3,1.000000,0.000000,0.000000,0.000000,1.000000,0.000000,1.000000,1.000000,0.310000,1787.887939,0.000000,0.000000,0.310000,202.667450,-3.400000,7.500000,
465.086468,3,1.000000,0.000000,0.000000,0.000000,1.000000,0.000000,1.000000,1.000000,0.350000,1787.931030,0.000000,0.000000,0.350000,202.785553,-3.700000,8.100000,
465.126843,3,1.000000,0.000000,0.000000,0.000000,1.000000,0.000000,1.000000,1.000000,0.340000,1787.970947,0.000000,0.000000,0.340000,202.933975,-3.900000,9.100000,
465.166232,3,1.000000,0.000000,0.000000,0.000000,1.000000,0.000000,1.000000,1.000000,0.360000,1788.008057,0.000000,0.000000,0.360000,202.966354,-3.900000,9.200000,
465.208853,3,1.000000,0.000000,0.000000,0.000000,1.000000,0.000000,1.000000,1.000000,0.360000,1788.055054,0.000000,0.000000,0.360000,203.033020,-4.100000,9.300000,
465.248566,3,1.000000,0.000000,0.000000,0.000000,1.000000,0.000000,1.000000,1.000000,0.370000,1788.095947,0.000000,0.000000,0.370000,203.025650,-4.400000,9.200000,
465.287938,3,1.000000,0.000000,0.000000,0.000000,1.000000,0.000000,1.000000,1.000000,0.390000,1788.135986,0.000000,0.000000,0.390000,203.046143,-4.500000,8.900000,
465.332177,3,1.000000,0.000000,0.000000,0.000000,1.000000,0.000000,1.000000,1.000000,0.390000,1788.170044,0.000000,0.000000,0.390000,203.100861,-4.300000,8.500000,
465.365496,3,1.000000,0.000000,0.000000,0.000000,1.000000,0.000000,1.000000,1.000000,0.420000,1788.217041,0.000000,0.000000,0.420000,203.154602,-4.100000,8.000000,
465.402446,3,1.000000,0.000000,0.000000,0.000000,1.000000,0.000000,1.000000,1.000000,0.420000,1788.250000,0.000000,0.000000,0.420000,203.177139,-4.000000,7.800000,
465.445397,3,1.000000,0.000000,0.000000,0.000000,1.000000,0.000000,1.000000,1.000000,0.430000,1788.291992,0.000000,0.000000,0.430000,203.259750,-3.600000,7.000000,
465.487670,3,1.000000,0.000000,0.000000,0.000000,1.000000,0.000000,1.000000,1.000000,0.450000,1788.334961,0.000000,0.000000,0.450000,203.300110,-3.600000,6.700000,
465.523183,3,1.000000,0.000000,0.000000,0.000000,1.000000,0.000000,1.000000,1.000000,0.450000,1788.378052,0.000000,0.000000,0.450000,203.352875,-3.500000,6.400000,
465.564072,3,1.000000,0.000000,0.000000,0.000000,1.000000,0.000000,1.000000,1.000000,0.460000,1788.416992,0.000000,0.000000,0.460000,203.409271,-3.200000,5.600000,
465.604791,3,1.000000,0.000000,0.000000,0.000000,1.000000,0.000000,1.000000,1.000000,0.460000,1788.448975,0.000000,0.000000,0.460000,203.436661,-3.000000,5.100000,
465.643171,3,1.000000,0.000000,0.000000,0.000000,1.000000,0.000000,1.000000,1.000000,0.460000,1788.489014,0.000000,0.000000,0.460000,203.459045,-2.900000,4.400000,
465.685327,3,1.000000,0.000000,0.000000,0.000000,1.000000,0.000000,1.000000,1.000000,0.480000,1788.531982,0.000000,0.000000,0.480000,203.535690,-2.400000,3.200000,
465.726045,3,1.000000,0.000000,0.000000,0.000000,1.000000,0.000000,1.000000,1.000000,0.480000,1788.573975,0.000000,0.000000,0.480000,203.560303,-1.700000,1.800000,
465.765788,3,1.000000,0.000000,0.000000,0.000000,1.000000,0.000000,1.000000,1.000000,0.480000,1788.899048,0.000000,0.000000,0.480000,203.572327,-1.100000,1.000000,
465.803132,3,1.000000,0.000000,0.000000,0.000000,1.000000,0.000000,1.000000,1.000000,0.480000,1789.308960,0.000000,0.000000,0.480000,203.570724,0.200000,-0.500000,
465.845531,3,1.000000,0.000000,0.000000,0.000000,1.000000,0.000000,1.000000,1.000000,0.480000,1788.692993,0.000000,0.000000,0.480000,203.575989,0.700000,-1.100000,
465.886319,3,1.000000,0.000000,0.000000,0.000000,1.000000,0.000000,1.000000,1.000000,0.490000,1788.737061,0.000000,0.000000,0.490000,203.593994,1.000000,-1.400000,
465.927599,3,1.000000,0.000000,0.000000,0.000000,1.000000,0.000000,1.000000,1.000000,0.490000,1788.769043,0.000000,0.000000,0.490000,203.586594,1.100000,-1.500000,
465.967668,3,1.000000,0.000000,0.000000,0.000000,1.000000,0.000000,1.000000,1.000000,0.510000,1788.812988,0.000000,0.000000,0.510000,203.617844,0.900000,-1.800000,
466.004830,3,1.000000,0.000000,0.000000,0.000000,1.000000,0.000000,1.000000,1.000000,0.510000,1788.855957,0.000000,0.000000,0.510000,203.633072,0.900000,-1.800000,
466.045907,3,1.000000,0.000000,0.000000,0.000000,1.000000,0.000000,1.000000,1.000000,0.510000,1788.897949,0.000000,0.000000,0.510000,203.643295,1.000000,-1.900000,
466.084817,3,1.000000,0.000000,0.000000,0.000000,1.000000,0.000000,1.000000,1.000000,0.520000,1788.930054,0.000000,0.000000,0.520000,203.652512,1.000000,-2.000000,
466.122060,3,1.000000,0.000000,0.000000,0.000000,1.000000,0.000000,1.000000,1.000000,0.520000,1788.969971,0.000000,0.000000,0.520000,203.674118,1.200000,-2.100000,
466.165999,3,1.000000,0.000000,0.000000,0.000000,1.000000,0.000000,1.000000,1.000000,0.540000,1789.014038,0.000000,0.000000,0.540000,203.685028,1.300000,-2.200000,
466.205708,3,1.000000,0.000000,0.000000,0.000000,1.000000,0.000000,1.000000,1.000000,0.540000,1789.057983,0.000000,0.000000,0.540000,203.707291,1.300000,-2.100000,
466.244717,3,1.000000,0.000000,0.000000,0.000000,1.000000,0.000000,1.000000,1.000000,0.540000,1789.089966,0.000000,0.000000,0.540000,203.723587,1.400000,-2.000000,
466.287123,3,1.000000,0.000000,0.000000,0.000000,1.000000,0.000000,1.000000,1.000000,0.560000,1789.139038,0.000000,0.000000,0.560000,203.744873,1.500000,-1.900000,
466.324912,3,1.000000,0.000000,0.000000,0.000000,1.000000,0.000000,1.000000,1.000000,0.560000,1789.171021,0.000000,0.000000,0.560000,203.755356,1.400000,-1.900000,
466.368808,3,1.000000,0.000000,0.000000,0.000000,1.000000,0.000000,1.000000,1.000000,0.570000,1789.213989,0.000000,0.000000,0.570000,203.812805,1.100000,-1.600000,
466.404538,3,1.000000,0.000000,0.000000,0.000000,1.000000,0.000000,1.000000,1.000000,0.570000,1789.259033,0.000000,0.000000,0.570000,203.820877,1.100000,-1.600000,
466.449636,3,1.000000,0.000000,0.000000,0.000000,1.000000,0.000000,1.000000,1.000000,0.570000,1789.287964,0.000000,0.000000,0.570000,203.822388,1.100000,-1.700000,
466.485338,3,1.000000,0.000000,0.000000,0.000000,1.000000,0.000000,1.000000,1.000000,0.580000,1789.331055,0.000000,0.000000,0.580000,203.840683,1.000000,-1.800000,
466.527944,3,1.000000,0.000000,0.000000,0.000000,1.000000,0.000000,1.000000,1.000000,0.580000,1789.370972,0.000000,0.000000,0.580000,203.865097,1.000000,-1.800000,
466.567838,3,1.000000,0.000000,0.000000,0.000000,1.000000,0.000000,1.000000,1.000000,0.590000,1789.413940,0.000000,0.000000,0.590000,203.880310,1.100000,-1.700000,
466.604782,3,1.000000,0.000000,0.000000,0.000000,1.000000,0.000000,1.000000,1.000000,0.590000,1789.454956,0.000000,0.000000,0.590000,203.888641,1.200000,-1.700000,
466.645588,3,1.000000,0.000000,0.000000,0.000000,1.000000,0.000000,1.000000,1.000000,0.590000,1789.498047,0.000000,0.000000,0.590000,203.891617,1.700000,-1.600000,
466.689165,3,1.000000,0.000000,0.000000,0.000000,1.000000,0.000000,1.000000,1.000000,0.630000,1789.530029,0.000000,0.000000,0.630000,203.884827,2.000000,-1.600000,
466.725798,3,1.000000,0.000000,0.000000,0.000000,1.000000,0.000000,1.000000,1.000000,0.630000,1789.573975,0.000000,0.000000,0.630000,203.848816,3.000000,-1.800000,
466.763232,3,1.000000,0.000000,0.000000,0.000000,1.000000,0.000000,1.000000,1.000000,0.580000,1789.938965,0.000000,0.000000,0.580000,203.854584,3.300000,-1.800000,
466.804657,3,1.000000,0.000000,0.000000,0.000000,1.000000,0.000000,1.000000,1.000000,0.580000,1790.359009,0.000000,0.000000,0.580000,203.857620,3.500000,-1.700000,
466.850282,3,1.000000,0.000000,0.000000,0.000000,1.000000,0.000000,1.000000,1.000000,0.580000,1789.697998,0.000000,0.000000,0.580000,203.863403,3.600000,-1.800000,
466.885018,3,1.000000,0.000000,0.000000,0.000000,1.000000,0.000000,1.000000,1.000000,0.580000,1789.735962,0.000000,0.000000,0.580000,203.863403,3.600000,-1.800000,
466.925599,3,1.000000,0.000000,0.000000,0.000000,1.000000,0.000000,1.000000,1.000000,0.580000,1789.780029,0.000000,0.000000,0.580000,203.886780,3.700000,-2.000000,
466.965373,3,1.000000,0.000000,0.000000,0.000000,1.000000,0.000000,1.000000,1.000000,0.580000,1789.810059,0.000000,0.000000,0.580000,203.893158,3.700000,-2.000000,
467.008341,3,1.000000,0.000000,0.000000,0.000000,1.000000,0.000000,1.000000,1.000000,0.580000,1789.853027,0.000000,0.000000,0.580000,203.896255,3.900000,-3.000000,
467.046797,3,1.000000,0.000000,0.000000,0.000000,1.000000,0.000000,1.000000,1.000000,0.580000,1789.895020,0.000000,0.000000,0.580000,203.909256,3.800000,-3.800000,
467.085414,3,1.000000,0.000000,0.000000,0.000000,1.000000,0.000000,1.000000,1.000000,0.610000,1789.927979,0.000000,0.000000,0.610000,203.916840,3.800000,-4.100000,
467.123202,3,1.000000,0.000000,0.000000,0.000000,1.000000,0.000000,1.000000,1.000000,0.610000,1789.970947,0.000000,0.000000,0.610000,203.916611,4.100000,-5.900000,
467.165725,3,1.000000,0.000000,0.000000,0.000000,1.000000,0.000000,1.000000,1.000000,0.570000,1790.012939,0.000000,0.000000,0.570000,203.913300,4.200000,-7.000000,
467.205380,3,1.000000,0.000000,0.000000,0.000000,1.000000,0.000000,1.000000,1.000000,0.570000,1790.053955,0.000000,0.000000,0.570000,203.956833,4.000000,-6.900000,
467.248299,3,1.000000,0.000000,0.000000,0.000000,1.000000,0.000000,1.000000,1.000000,0.580000,1790.098999,0.000000,0.000000,0.580000,204.000259,3.800000,-6.000000,
467.290735,3,1.000000,0.000000,0.000000,0.000000,1.000000,0.000000,1.000000,1.000000,0.580000,1790.131958,0.000000,0.000000,0.580000,204.005234,3.800000,-5.500000,
467.326129,3,1.000000,0.000000,0.000000,0.000000,1.000000,0.000000,1.000000,1.000000,0.580000,1790.177002,0.000000,0.000000,0.580000,204.036087,4.000000,-4.300000,
467.366816,3,1.000000,0.000000,0.000000,0.000000,1.000000,0.000000,1.000000,1.000000,0.580000,1790.207031,0.000000,0.000000,0.580000,204.024612,4.400000,-3.700000,
467.404031,3,1.000000,0.000000,0.000000,0.000000,1.000000,0.000000,1.000000,1.000000,0.580000,1790.251953,0.000000,0.000000,0.580000,203.961182,6.100000,-2.400000,
467.447011,3,1.000000,0.000000,0.000000,0.000000,1.000000,0.000000,1.000000,1.000000,0.580000,1790.293945,0.000000,0.000000,0.580000,203.944839,6.600000,-2.300000,
467.485351,3,1.000000,0.000000,0.000000,0.000000,1.000000,0.000000,1.000000,1.000000,0.590000,1790.337036,0.000000,0.000000,0.590000,203.937744,8.000000,-1.800000,
467.526223,3,1.000000,0.000000,0.000000,0.000000,1.000000,0.000000,1.000000,1.000000,0.590000,1790.369019,0.000000,0.000000,0.590000,203.947464,8.200000,-1.500000,
467.565401,3,1.000000,0.000000,0.000000,0.000000,1.000000,0.000000,1.000000,1.000000,0.580000,1790.409058,0.000000,0.000000,0.580000,203.984070,9.000000,-0.600000,
467.600120,3,1.000000,0.000000,0.000000,0.000000,1.000000,0.000000,1.000000,1.000000,0.580000,1790.451050,0.000000,0.000000,0.580000,203.994476,9.800000,-0.300000,
467.650996,3,1.000000,0.000000,0.000000,0.000000,1.000000,0.000000,1.000000,1.000000,0.580000,1790.494019,0.000000,0.000000,0.580000,203.982529,10.500000,-0.400000,
467.687439,3,1.000000,0.000000,0.000000,0.000000,1.000000,0.000000,1.000000,1.000000,0.580000,1790.536987,0.000000,0.000000,0.580000,203.978058,11.000000,-0.600000,
467.729027,3,1.000000,0.000000,0.000000,0.000000,1.000000,0.000000,1.000000,1.000000,0.580000,1790.568970,0.000000,0.000000,0.580000,203.978378,11.900000,-0.700000,
467.768023,3,1.000000,0.000000,0.000000,0.000000,1.000000,0.000000,1.000000,1.000000,0.570000,1790.938965,0.000000,0.000000,0.570000,203.966309,12.700000,-0.800000,
467.803050,3,1.000000,0.000000,0.000000,0.000000,1.000000,0.000000,1.000000,1.000000,0.570000,1791.288940,0.000000,0.000000,0.570000,203.968750,12.800000,-0.900000,
467.845990,3,1.000000,0.000000,0.000000,0.000000,1.000000,0.000000,1.000000,1.000000,0.570000,1790.687988,0.000000,0.000000,0.570000,203.970856,12.700000,-1.000000,
467.888006,3,1.000000,0.000000,0.000000,0.000000,1.000000,0.000000,1.000000,1.000000,0.560000,1790.729980,0.000000,0.000000,0.560000,203.996338,12.100000,-0.900000,
467.924921,3,1.000000,0.000000,0.000000,0.000000,1.000000,0.000000,1.000000,1.000000,0.560000,1790.770996,0.000000,0.000000,0.560000,204.022980,9.700000,-0.600000,
467.965682,3,1.000000,0.000000,0.000000,0.000000,1.000000,0.000000,1.000000,1.000000,0.560000,1790.812988,0.000000,0.000000,0.560000,204.079208,7.000000,-0.200000,
468.005261,3,1.000000,0.000000,0.000000,0.000000,1.000000,0.000000,1.000000,1.000000,0.560000,1790.857056,0.000000,0.000000,0.560000,204.094070,4.600000,-0.100000,
468.044824,3,1.000000,0.000000,0.000000,0.000000,1.000000,0.000000,1.000000,1.000000,0.560000,1790.890991,0.000000,0.000000,0.560000,204.097870,2.800000,-0.200000,
468.084541,3,1.000000,0.000000,0.000000,0.000000,1.000000,0.000000,1.000000,1.000000,0.550000,1790.932007,0.000000,0.000000,0.550000,204.082779,1.100000,-0.500000,
468.123595,3,1.000000,0.000000,0.000000,0.000000,1.000000,0.000000,1.000000,1.000000,0.550000,1790.972046,0.000000,0.000000,0.550000,204.090378,-0.400000,-0.500000,
468.164379,3,1.000000,0.000000,0.000000,0.000000,1.000000,0.000000,1.000000,1.000000,0.540000,1791.011963,0.000000,0.000000,0.540000,204.095261,-1.600000,-0.600000,
468.207456,3,1.000000,0.000000,0.000000,0.000000,1.000000,0.000000,1.000000,1.000000,0.540000,1791.051025,0.000000,0.000000,0.540000,204.103470,-2.600000,-0.600000,
468.244322,3,1.000000,0.000000,0.000000,0.000000,1.000000,0.000000,1.000000,1.000000,0.540000,1791.093018,0.000000,0.000000,0.540000,204.108200,-3.200000,-0.500000,
468.286082,3,1.000000,0.000000,0.000000,0.000000,1.000000,0.000000,1.000000,1.000000,0.500000,1791.135986,0.000000,0.000000,0.500000,204.101349,-3.200000,-0.500000,
468.322290,3,1.000000,0.000000,0.000000,0.000000,1.000000,0.000000,1.000000,1.000000,0.500000,1791.170044,0.000000,0.000000,0.500000,204.099655,-3.100000,-0.600000,
468.364164,3,1.000000,0.000000,0.000000,0.000000,1.000000,0.000000,1.000000,1.000000,0.480000,1791.212036,0.000000,0.000000,0.480000,204.084442,-2.800000,-0.700000,
468.406563,3,1.000000,0.000000,0.000000,0.000000,1.000000,0.000000,1.000000,1.000000,0.480000,1791.254028,0.000000,0.000000,0.480000,204.095001,-2.800000,-0.600000,
468.447164,3,1.000000,0.000000,0.000000,0.000000,1.000000,0.000000,1.000000,1.000000,0.480000,1791.296021,0.000000,0.000000,0.480000,204.103775,-2.700000,-0.500000,
468.487197,3,1.000000,0.000000,0.000000,0.000000,1.000000,0.000000,1.000000,1.000000,0.470000,1791.329956,0.000000,0.000000,0.470000,204.105667,-2.700000,-0.400000,
468.525356,3,1.000000,0.000000,0.000000,0.000000,1.000000,0.000000,1.000000,1.000000,0.470000,1791.371948,0.000000,0.000000,0.470000,204.128250,-3.000000,-0.000000,
468.566948,3,1.000000,0.000000,0.000000,0.000000,1.000000,0.000000,1.000000,1.000000,0.450000,1791.412964,0.000000,0.000000,0.450000,204.156876,-3.300000,0.900000,
468.604455,3,1.000000,0.000000,0.000000,0.000000,1.000000,0.000000,1.000000,1.000000,0.450000,1791.458008,0.000000,0.000000,0.450000,204.162277,-3.100000,1.900000,
468.649010,3,1.000000,0.000000,0.000000,0.000000,1.000000,0.000000,1.000000,1.000000,0.450000,1791.488037,0.000000,0.000000,0.450000,204.169418,-3.000000,2.400000,
468.688212,3,1.000000,0.000000,0.000000,0.000000,1.000000,0.000000,1.000000,1.000000,0.370000,1791.534058,0.000000,0.000000,0.370000,204.201385,-2.300000,3.300000,
468.727071,3,1.000000,0.000000,0.000000,0.000000,1.000000,0.000000,1.000000,1.000000,0.370000,1791.568970,0.000000,0.000000,0.370000,204.214417,-2.100000,3.500000,
468.767642,3,1.000000,0.000000,0.000000,0.000000,1.000000,0.000000,1.000000,1.000000,0.320000,1791.889038,0.000000,0.000000,0.320000,204.270691,-1.800000,3.700000,
468.804927,3,1.000000,0.000000,0.000000,0.000000,1.000000,0.000000,1.000000,1.000000,0.320000,1792.308960,0.000000,0.000000,0.320000,204.305206,-1.600000,3.700000,
468.845197,3,1.000000,0.000000,0.000000,0.000000,1.000000,0.000000,1.000000,1.000000,0.310000,1791.697998,0.000000,0.000000,0.310000,204.320496,-1.400000,3.800000,
468.886554,3,1.000000,0.000000,0.000000,0.000000,1.000000,0.000000,1.000000,1.000000,0.220000,1791.738037,0.000000,0.000000,0.220000,204.346863,-1.200000,3.500000,
468.933578,3,1.000000,0.000000,0.000000,0.000000,1.000000,0.000000,1.000000,1.000000,0.220000,1791.780029,0.000000,0.000000,0.220000,204.396011,-0.800000,2.800000,
468.973101,3,1.000000,0.000000,0.000000,0.000000,1.000000,0.000000,1.000000,1.000000,0.380000,1791.812988,0.000000,0.000000,0.380000,204.443741,-0.500000,2.400000,
469.003874,3,1.000000,0.000000,0.000000,0.000000,1.000000,0.000000,1.000000,1.000000,0.380000,1791.847046,0.000000,0.000000,0.380000,204.463196,-0.400000,2.300000,
469.047569,3,1.000000,0.000000,0.000000,0.000000,1.000000,0.000000,1.000000,1.000000,0.380000,1791.896973,0.000000,0.000000,0.380000,204.499939,-0.200000,1.800000,
469.087362,3,1.000000,0.000000,0.000000,0.000000,1.000000,0.000000,1.000000,1.000000,0.350000,1791.928955,0.000000,0.000000,0.350000,204.494751,-0.200000,1.400000,
469.127024,3,1.000000,0.000000,0.000000,0.000000,1.000000,0.000000,1.000000,1.000000,0.350000,1791.972046,0.000000,0.000000,0.350000,204.475021,-0.400000,0.200000,
469.165719,3,1.000000,0.000000,0.000000,0.000000,1.000000,0.000000,1.000000,1.000000,0.320000,1792.015991,0.000000,0.000000,0.320000,204.483414,-0.700000,-0.200000,
469.206551,3,1.000000,0.000000,0.000000,0.000000,1.000000,0.000000,1.000000,1.000000,0.320000,1792.055054,0.000000,0.000000,0.320000,204.483414,-0.700000,-0.200000,
469.246002,3,1.000000,0.000000,0.000000,0.000000,1.000000,0.000000,1.000000,1.000000,0.320000,1792.095947,0.000000,0.000000,0.320000,204.607224,-2.300000,-0.900000,
469.285735,3,1.000000,0.000000,0.000000,0.000000,1.000000,0.000000,1.000000,1.000000,0.300000,1792.136963,0.000000,0.000000,0.300000,204.671478,-2.300000,-0.800000,
469.326967,3,1.000000,0.000000,0.000000,0.000000,1.000000,0.000000,1.000000,1.000000,0.300000,1792.178955,0.000000,0.000000,0.300000,204.698120,-1.700000,-0.600000,
469.365332,3,1.000000,0.000000,0.000000,0.000000,1.000000,0.000000,1.000000,1.000000,0.270000,1792.208008,0.000000,0.000000,0.270000,204.703445,-1.300000,-0.600000,
469.407186,3,1.000000,0.000000,0.000000,0.000000,1.000000,0.000000,1.000000,1.000000,0.270000,1792.250000,0.000000,0.000000,0.270000,204.684219,-0.300000,-0.700000,
469.448404,3,1.000000,0.000000,0.000000,0.000000,1.000000,0.000000,1.000000,1.000000,0.280000,1792.288940,0.000000,0.000000,0.280000,204.605667,1.900000,-1.200000,
469.485503,3,1.000000,0.000000,0.000000,0.000000,1.000000,0.000000,1.000000,1.000000,0.350000,1792.334961,0.000000,0.000000,0.350000,204.567169,3.600000,-1.400000,
469.527601,3,1.000000,0.000000,0.000000,0.000000,1.000000,0.000000,1.000000,1.000000,0.350000,1792.374023,0.000000,0.000000,0.350000,204.529526,5.800000,-1.100000,
469.569836,3,1.000000,0.000000,0.000000,0.000000,1.000000,0.000000,1.000000,1.000000,0.200000,1792.416992,0.000000,0.000000,0.200000,204.489532,8.200000,-0.900000,
469.604732,3,1.000000,0.000000,0.000000,0.000000,1.000000,0.000000,1.000000,1.000000,0.200000,1792.456055,0.000000,0.000000,0.200000,204.456604,10.000000,-1.300000,
469.646443,3,1.000000,0.000000,0.000000,0.000000,1.000000,0.000000,1.000000,1.000000,0.200000,1792.488037,0.000000,0.000000,0.200000,204.476868,10.900000,-1.300000,
469.684930,3,1.000000,0.000000,0.000000,0.000000,1.000000,0.000000,1.000000,1.000000,0.200000,1792.536011,0.000000,0.000000,0.200000,204.617172,11.600000,-1.300000,
469.727045,3,1.000000,0.000000,0.000000,0.000000,1.000000,0.000000,1.000000,1.000000,0.200000,1792.577026,0.000000,0.000000,0.200000,204.727646,12.100000,-1.500000,
469.764547,3,1.000000,0.000000,0.000000,0.000000,1.000000,0.000000,1.000000,1.000000,0.220000,1792.869019,0.000000,0.000000,0.220000,204.877975,12.100000,-1.500000,
469.805360,3,1.000000,0.000000,0.000000,0.000000,1.000000,0.000000,1.000000,1.000000,0.230000,1793.308960,0.000000,0.000000,0.230000,205.028046,11.600000,-1.300000,
469.842772,3,1.000000,0.000000,0.000000,0.000000,1.000000,0.000000,1.000000,1.000000,0.220000,1792.692993,0.000000,0.000000,0.220000,205.131439,11.300000,-1.000000,
469.884899,3,1.000000,0.000000,0.000000,0.000000,1.000000,0.000000,1.000000,1.000000,0.200000,1792.735962,0.000000,0.000000,0.200000,205.486984,8.500000,-0.200000,
469.925873,3,1.000000,0.000000,0.000000,0.000000,1.000000,0.000000,1.000000,1.000000,0.200000,1792.767944,0.000000,0.000000,0.200000,205.523483,7.900000,-0.900000,
469.964137,3,1.000000,0.000000,0.000000,0.000000,1.000000,0.000000,1.000000,1.000000,0.200000,1792.812988,0.000000,0.000000,0.200000,205.547195,8.400000,-0.700000,
470.005532,3,1.000000,0.000000,0.000000,0.000000,1.000000,0.000000,1.000000,1.000000,0.200000,1792.854004,0.000000,0.000000,0.200000,205.543503,8.900000,-0.100000,
470.045622,3,1.000000,0.000000,0.000000,0.000000,1.000000,0.000000,1.000000,1.000000,0.200000,1792.897949,0.000000,0.000000,0.200000,205.377594,8.900000,-0.400000,
470.087071,3,1.000000,0.000000,0.000000,0.000000,1.000000,0.000000,1.000000,1.000000,0.200000,1792.931030,0.000000,0.000000,0.200000,205.293900,8.800000,-0.600000,
470.127549,3,1.000000,0.000000,0.000000,0.000000,1.000000,0.000000,1.000000,1.000000,0.200000,1792.974976,0.000000,0.000000,0.200000,205.256210,8.200000,-0.400000,
470.163468,3,1.000000,0.000000,0.000000,0.000000,1.000000,0.000000,1.000000,1.000000,0.200000,1793.016968,0.000000,0.000000,0.200000,205.208954,7.500000,-0.200000,
470.207543,3,1.000000,0.000000,0.000000,0.000000,1.000000,0.000000,1.000000,1.000000,0.200000,1793.057007,0.000000,0.000000,0.200000,205.016861,6.900000,-0.300000,
470.251599,3,1.000000,0.000000,0.000000,0.000000,1.000000,0.000000,1.000000,1.000000,0.200000,1793.094971,0.000000,0.000000,0.200000,204.815567,6.700000,-0.200000,
470.284210,3,1.000000,0.000000,0.000000,0.000000,1.000000,0.000000,1.000000,1.000000,0.200000,1793.130005,0.000000,0.000000,0.200000,204.736465,6.700000,-0.200000,
470.324830,3,1.000000,0.000000,0.000000,0.000000,1.000000,0.000000,1.000000,1.000000,0.200000,1793.166992,0.000000,0.000000,0.200000,204.553665,6.700000,-0.100000,
470.369741,3,1.000000,0.000000,0.000000,0.000000,1.000000,0.000000,1.000000,1.000000,0.200000,1793.215942,0.000000,0.000000,0.200000,204.186249,7.300000,-0.800000,
470.410519,3,1.000000,0.000000,0.000000,0.000000,1.000000,0.000000,1.000000,1.000000,0.200000,1793.228027,0.000000,0.000000,0.200000,204.186249,7.300000,-0.800000,
470.443657,3,1.000000,0.000000,0.000000,0.000000,1.000000,0.000000,1.000000,1.000000,0.200000,1793.297974,0.000000,0.000000,0.200000,204.164459,6.600000,0.200000,
470.485951,3,1.000000,0.000000,0.000000,0.000000,1.000000,0.000000,1.000000,1.000000,0.200000,1793.328003,0.000000,0.000000,0.200000,204.125885,6.000000,-0.000000,
470.524949,3,1.000000,0.000000,0.000000,0.000000,1.000000,0.000000,1.000000,1.000000,0.200000,1793.370972,0.000000,0.000000,0.200000,204.085617,4.300000,-0.700000,
470.564835,3,1.000000,0.000000,0.000000,0.000000,1.000000,0.000000,1.000000,1.000000,0.200000,1793.411011,0.000000,0.000000,0.200000,204.120529,2.100000,-0.900000,
470.605253,3,1.000000,0.000000,0.000000,0.000000,1.000000,0.000000,1.000000,1.000000,0.200000,1793.453003,0.000000,0.000000,0.200000,204.135269,1.000000,-0.900000,
470.648752,3,1.000000,0.000000,0.000000,0.000000,1.000000,0.000000,1.000000,1.000000,0.200000,1793.491943,0.000000,0.000000,0.200000,204.195770,0.300000,-0.600000,
470.687907,3,1.000000,0.000000,0.000000,0.000000,1.000000,0.000000,1.000000,1.000000,0.200000,1793.536987,0.000000,0.000000,0.200000,204.170227,1.200000,-0.200000,
470.723623,3,1.000000,0.000000,0.000000,0.000000,1.000000,0.000000,1.000000,1.000000,0.200000,1793.568970,0.000000,0.000000,0.200000,204.136368,0.700000,-0.400000,
470.764228,3,1.000000,0.000000,0.000000,0.000000,1.000000,0.000000,1.000000,1.000000,0.200000,1793.869019,0.000000,0.000000,0.200000,204.292755,1.200000,-0.300000,
470.810528,3,1.000000,0.000000,0.000000,0.000000,1.000000,0.000000,1.000000,1.000000,0.200000,1794.409058,0.000000,0.000000,0.200000,204.341095,0.500000,-0.200000,
470.847572,3,1.000000,0.000000,0.000000,0.000000,1.000000,0.000000,1.000000,1.000000,0.200000,1793.692993,0.000000,0.000000,0.200000,204.494461,-0.100000,-0.600000,
470.886833,3,1.000000,0.000000,0.000000,0.000000,1.000000,0.000000,1.000000,1.000000,0.200000,1793.737061,0.000000,0.000000,0.200000,204.602768,0.600000,-0.400000,
470.928119,3,1.000000,0.000000,0.000000,0.000000,1.000000,0.000000,1.000000,1.000000,0.200000,1793.767944,0.000000,0.000000,0.200000,204.715027,-0.200000,-0.400000,
470.968675,3,1.000000,0.000000,0.000000,0.000000,1.000000,0.000000,1.000000,1.000000,0.200000,1793.808960,0.000000,0.000000,0.200000,204.773651,0.400000,-0.400000,
471.007710,3,1.000000,0.000000,0.000000,0.000000,1.000000,0.000000,1.000000,1.000000,0.200000,1793.850952,0.000000,0.000000,0.200000,204.791519,-0.100000,-0.400000,
471.044477,3,1.000000,0.000000,0.000000,0.000000,1.000000,0.000000,1.000000,1.000000,0.200000,1793.890991,0.000000,0.000000,0.200000,204.892044,-0.400000,-0.400000,
471.084471,3,1.000000,0.000000,0.000000,0.000000,1.000000,0.000000,1.000000,1.000000,0.200000,1793.933960,0.000000,0.000000,0.200000,204.906219,-0.300000,-0.500000,
471.122900,3,1.000000,0.000000,0.000000,0.000000,1.000000,0.000000,1.000000,1.000000,0.200000,1793.978027,0.000000,0.000000,0.200000,204.698334,-0.200000,-0.400000,
471.167107,3,1.000000,0.000000,0.000000,0.000000,1.000000,0.000000,1.000000,1.000000,0.200000,1794.010010,0.000000,0.000000,0.200000,204.670959,-0.100000,-0.400000,
471.220568,3,1.000000,0.000000,0.000000,0.000000,1.000000,0.000000,1.000000,1.000000,0.200000,1794.061035,0.000000,0.000000,0.200000,204.798477,-0.200000,-0.400000,
471.242830,3,1.000000,0.000000,0.000000,0.000000,1.000000,0.000000,1.000000,1.000000,0.200000,1794.093018,0.000000,0.000000,0.200000,204.799423,-0.300000,-0.400000,
471.285482,3,1.000000,0.000000,0.000000,0.000000,1.000000,0.000000,1.000000,1.000000,0.200000,1794.136963,0.000000,0.000000,0.200000,204.808350,-0.300000,-0.400000,
471.326673,3,1.000000,0.000000,0.000000,0.000000,1.000000,0.000000,1.000000,1.000000,0.200000,1794.170044,0.000000,0.000000,0.200000,204.838669,-0.200000,-0.400000,
471.371458,3,1.000000,0.000000,0.000000,0.000000,1.000000,0.000000,1.000000,1.000000,0.200000,1794.219971,0.000000,0.000000,0.200000,204.890198,-0.100000,-0.400000,
