33.862527,1,1.000000,0.000000,-0.000000,-0.000000,0.000000,0.000000,1.000000,1.000000,2.460000,38.953999,0.000000,0.000000,2.460000,211.166550,1.400000,-5.900000,0.000000,-1.000000,173.000000,-10000.000000
33.933416,1,1.000000,0.000000,-0.004130,0.002946,0.000000,0.000000,1.000000,1.000000,2.450000,39.025002,0.000000,0.000000,2.450000,210.054504,1.300000,-5.000000,1.000000,-30.000000,42.000000,103.045639
33.976813,1,1.000000,0.000000,-0.007168,0.005546,0.000000,0.000000,1.000000,1.000000,2.430000,39.087002,0.000000,0.000000,2.430000,208.787125,1.300000,-4.000000,1.000000,-33.000000,40.000000,102.528809
34.021139,1,1.000000,0.000000,-0.009537,0.007573,0.000000,0.000000,1.000000,1.000000,2.440000,39.130001,0.000000,0.000000,2.440000,208.037277,1.300000,-3.400000,1.000000,-33.000000,40.000000,102.528809
34.060121,1,1.000000,0.000000,-0.011372,0.009142,0.000000,0.000000,1.000000,1.000000,2.440000,39.169998,0.000000,0.000000,2.440000,207.612366,1.300000,-3.100000,1.000000,-33.000000,40.000000,102.528809
34.103749,1,1.000000,0.000000,-0.012585,0.010447,0.000000,0.000000,1.000000,1.000000,2.390000,39.229000,0.000000,0.000000,2.390000,205.856476,1.500000,-2.300000,1.000000,-34.000000,38.000000,105.068489
34.132570,1,1.000000,0.000000,-0.013306,0.011344,0.000000,0.000000,1.000000,1.000000,2.390000,39.261002,0.000000,0.000000,2.390000,204.976624,1.400000,-2.000000,1.000000,-33.000000,36.000000,103.869690
34.173887,1,1.000000,0.000000,-0.013836,0.012016,0.000000,0.000000,1.000000,1.000000,2.390000,39.302002,0.000000,0.000000,2.390000,204.096603,1.500000,-1.800000,1.000000,-33.000000,36.000000,103.869690
34.214639,1,1.000000,0.000000,-0.014017,0.012314,0.000000,0.000000,1.000000,1.000000,2.390000,39.344002,0.000000,0.000000,2.390000,203.278580,1.500000,-1.700000,1.000000,-31.000000,34.000000,103.547935
34.251619,1,1.000000,0.000000,-0.013630,0.012515,0.000000,0.000000,1.000000,1.000000,2.430000,39.386002,0.000000,0.000000,2.430000,202.275101,1.500000,-1.600000,1.000000,-31.000000,29.000000,103.547935
34.294751,1,1.000000,0.000000,-0.013289,0.012246,0.000000,0.000000,1.000000,1.000000,2.430000,39.424000,0.000000,0.000000,2.430000,201.451630,1.500000,-1.500000,1.000000,-27.000000,29.000000,102.680382
34.334462,1,1.000000,0.000000,-0.012399,0.010921,0.000000,0.000000,1.000000,1.000000,2.430000,39.590000,0.000000,0.000000,2.430000,200.547180,1.600000,-1.500000,1.000000,-16.000000,23.000000,100.007980
34.372388,1,1.000000,0.000000,-0.011473,0.009654,0.000000,0.000000,1.000000,1.000000,2.420000,39.990002,0.000000,0.000000,2.420000,199.537888,1.500000,-1.400000,1.000000,-14.000000,21.000000,98.035713
34.413117,1,1.000000,0.000000,-0.010325,0.008438,0.000000,0.000000,1.000000,1.000000,2.420000,40.340000,0.000000,0.000000,2.420000,198.670578,1.500000,-1.500000,1.000000,-12.000000,17.000000,96.709839
34.451769,1,1.000000,0.000000,-0.009203,0.007561,0.000000,0.000000,1.000000,1.000000,2.420000,39.576000,0.000000,0.000000,2.420000,197.689941,1.600000,-1.600000,1.000000,-13.000000,15.000000,94.879272
34.492617,1,1.000000,0.000000,-0.008203,0.006857,0.000000,0.000000,1.000000,1.000000,2.420000,39.616001,0.000000,0.000000,2.420000,196.747833,1.500000,-1.800000,1.000000,-13.000000,14.000000,94.763641
34.532954,1,1.000000,0.000000,-0.007303,0.006389,0.000000,0.000000,1.000000,1.000000,2.420000,39.658001,0.000000,0.000000,2.420000,195.782394,1.500000,-2.500000,1.000000,-14.000000,13.000000,93.945183
34.579598,1,1.000000,0.000000,-0.007042,0.006157,0.000000,0.000000,1.000000,1.000000,2.340000,39.695999,0.000000,0.000000,2.340000,194.813202,1.600000,-3.600000,0.000000,59.000000,197.000000,-10000.000000
34.615717,1,1.000000,0.000000,-0.005873,0.006016,0.000000,0.000000,1.000000,1.000000,2.340000,39.737000,0.000000,0.000000,2.340000,193.829010,1.700000,-4.700000,1.000000,-16.000000,8.000000,92.147583
34.652483,1,1.000000,0.000000,-0.005663,0.005800,0.000000,0.000000,1.000000,1.000000,2.340000,39.778000,0.000000,0.000000,2.340000,192.847443,1.800000,-5.500000,0.000000,-10000.000000,-10000.000000,-10000.000000
34.694451,1,1.000000,0.000000,-0.005461,0.005592,0.000000,0.000000,1.000000,1.000000,2.410000,39.817001,0.000000,0.000000,2.410000,191.888824,1.800000,-6.100000,0.000000,-41.000000,137.000000,-10000.000000
34.732655,1,1.000000,0.000000,-0.004211,0.006632,0.000000,0.000000,1.000000,1.000000,2.400000,39.856998,0.000000,0.000000,2.400000,190.894836,1.700000,-6.500000,1.000000,-27.000000,4.000000,88.002121
34.773579,1,1.000000,0.000000,-0.004059,0.006398,0.000000,0.000000,1.000000,1.000000,2.400000,39.897999,0.000000,0.000000,2.400000,189.925201,1.800000,-6.700000,0.000000,-70.000000,134.000000,-10000.000000
34.813579,1,1.000000,0.000000,-0.003912,0.006172,0.000000,0.000000,1.000000,1.000000,2.400000,39.939999,0.000000,0.000000,2.400000,188.974533,1.800000,-6.900000,0.000000,4.000000,200.000000,-10000.000000
34.851551,1,1.000000,0.000000,-0.003770,0.005955,0.000000,0.000000,1.000000,1.000000,2.400000,39.977001,0.000000,0.000000,2.400000,188.607071,1.800000,-6.900000,0.000000,4.000000,200.000000,-10000.000000
34.892206,1,1.000000,0.000000,-0.002767,0.009446,0.000000,0.000000,1.000000,1.000000,2.400000,40.019001,0.000000,0.000000,2.400000,188.142746,1.800000,-6.900000,1.000000,-53.000000,3.000000,85.346649
34.932626,1,1.000000,0.000000,-0.001872,0.012574,0.000000,0.000000,1.000000,1.000000,2.400000,40.057999,0.000000,0.000000,2.400000,186.353317,1.700000,-6.800000,1.000000,-57.000000,2.000000,84.093857
34.971709,1,1.000000,0.000000,-0.001790,0.012138,0.000000,0.000000,1.000000,1.000000,2.400000,40.098999,0.000000,0.000000,2.400000,185.483002,1.800000,-6.500000,0.000000,-13.000000,199.000000,-10000.000000
35.012257,1,1.000000,0.000000,-0.000904,0.015142,0.000000,0.000000,1.000000,1.000000,2.410000,40.139999,0.000000,0.000000,2.410000,184.577164,1.700000,-6.000000,1.000000,-62.000000,0.000000,83.047043
35.052849,1,1.000000,0.000000,-0.000007,0.017678,0.000000,0.000000,1.000000,1.000000,2.410000,40.178001,0.000000,0.000000,2.410000,183.821823,1.700000,-5.600000,1.000000,-64.000000,-2.000000,82.359596
35.093189,1,1.000000,0.000000,0.000019,0.017067,0.000000,0.000000,1.000000,1.000000,2.420000,40.220001,0.000000,0.000000,2.420000,183.072678,1.600000,-5.000000,0.000000,-107.000000,122.000000,-10000.000000
35.132798,1,1.000000,0.000000,0.001107,0.019128,0.000000,0.000000,1.000000,1.000000,2.420000,40.259998,0.000000,0.000000,2.420000,182.363892,1.600000,-4.500000,1.000000,-64.000000,-6.000000,80.106079
35.171425,1,1.000000,0.000000,0.002157,0.020322,0.000000,0.000000,1.000000,1.000000,2.400000,40.300999,0.000000,0.000000,2.400000,181.893097,1.600000,-4.100000,1.000000,-60.000000,-8.000000,79.088875
35.213637,1,1.000000,0.000000,0.003074,0.020929,0.000000,0.000000,1.000000,1.000000,2.400000,40.342999,0.000000,0.000000,2.400000,181.537781,1.600000,-3.800000,1.000000,-57.000000,-9.000000,78.424812
35.251123,1,1.000000,0.000000,0.003884,0.021074,0.000000,0.000000,1.000000,1.000000,2.420000,40.386002,0.000000,0.000000,2.420000,181.235092,1.500000,-3.500000,1.000000,-54.000000,-10.000000,78.043419
35.293163,1,1.000000,0.000000,0.003782,0.020354,0.000000,0.000000,1.000000,1.000000,2.420000,40.425999,0.000000,0.000000,2.420000,180.964828,1.400000,-3.400000,0.000000,-26.000000,192.000000,166.607498
35.332441,1,1.000000,0.000000,-0.015479,0.017751,0.000000,0.000000,1.000000,1.000000,2.430000,41.250000,0.000000,0.000000,2.430000,180.713287,1.400000,-3.300000,1.000000,-26.000000,192.000000,166.607498
35.371451,1,1.000000,0.000000,-0.010329,0.017448,0.000000,0.000000,1.000000,1.000000,2.430000,40.910000,0.000000,0.000000,2.430000,180.487396,1.300000,-3.400000,1.000000,-44.000000,-14.000000,76.293037
35.413056,1,1.000000,0.000000,-0.006151,0.016988,0.000000,0.000000,1.000000,1.000000,2.420000,41.320000,0.000000,0.000000,2.420000,180.379333,1.400000,-3.400000,1.000000,-42.000000,-15.000000,75.291695
35.453420,1,1.000000,0.000000,-0.005910,0.016396,0.000000,0.000000,1.000000,1.000000,2.430000,40.580002,0.000000,0.000000,2.430000,180.686569,1.400000,-3.500000,0.000000,-22.000000,130.000000,-10000.000000
35.496217,1,1.000000,0.000000,-0.002256,0.015523,0.000000,0.000000,1.000000,1.000000,2.430000,40.620998,0.000000,0.000000,2.430000,181.382843,1.400000,-3.700000,1.000000,-36.000000,-19.000000,74.981636
35.533203,1,1.000000,0.000000,0.000720,0.014819,0.000000,0.000000,1.000000,1.000000,2.430000,40.660999,0.000000,0.000000,2.430000,182.317932,1.500000,-3.900000,1.000000,-36.000000,-20.000000,75.323608
35.572351,1,1.000000,0.000000,0.000717,0.014316,0.000000,0.000000,1.000000,1.000000,2.420000,40.700001,0.000000,0.000000,2.420000,183.442291,1.400000,-4.100000,0.000000,-94.000000,103.000000,-10000.000000
35.612801,1,1.000000,0.000000,0.000712,0.013832,0.000000,0.000000,1.000000,1.000000,2.420000,40.741001,0.000000,0.000000,2.420000,184.566696,1.300000,-4.300000,0.000000,-93.000000,102.000000,-10000.000000
35.651214,1,1.000000,0.000000,0.003328,0.013640,0.000000,0.000000,1.000000,1.000000,2.420000,40.779999,0.000000,0.000000,2.420000,185.690704,1.200000,-4.400000,1.000000,-38.000000,-23.000000,74.687180
35.692651,1,1.000000,0.000000,0.003232,0.013185,0.000000,0.000000,1.000000,1.000000,2.410000,40.820999,0.000000,0.000000,2.410000,186.893845,1.100000,-4.600000,0.000000,-93.000000,103.000000,-10000.000000
35.730876,1,1.000000,0.000000,-0.014809,0.010412,0.000000,0.000000,1.000000,1.000000,2.410000,40.863998,0.000000,0.000000,2.410000,188.099380,1.100000,-4.700000,1.000000,-11.000000,181.000000,168.541245
35.772890,1,1.000000,0.000000,-0.008701,0.011381,0.000000,0.000000,1.000000,1.000000,2.410000,40.896999,0.000000,0.000000,2.410000,189.174057,1.000000,-4.700000,1.000000,-43.000000,-25.000000,79.088875
35.812542,1,1.000000,0.000000,-0.003772,0.012242,0.000000,0.000000,1.000000,1.000000,2.410000,40.939999,0.000000,0.000000,2.410000,190.221420,0.900000,-4.700000,1.000000,-44.000000,-26.000000,80.425774
35.852767,1,1.000000,0.000000,-0.003622,0.011823,0.000000,0.000000,1.000000,1.000000,2.410000,40.978001,0.000000,0.000000,2.410000,190.764725,0.800000,-4.400000,0.000000,-47.000000,-28.000000,-10000.000000
35.894123,1,1.000000,0.000000,0.000532,0.012874,0.000000,0.000000,1.000000,1.000000,2.410000,41.021000,0.000000,0.000000,2.410000,191.260178,0.700000,-4.200000,1.000000,-47.000000,-29.000000,83.290161
35.933171,1,1.000000,0.000000,0.003896,0.013796,0.000000,0.000000,1.000000,1.000000,2.410000,41.062000,0.000000,0.000000,2.410000,191.677856,0.900000,-3.800000,1.000000,-48.000000,-30.000000,84.025673
35.974722,1,1.000000,0.000000,0.006727,0.014320,0.000000,0.000000,1.000000,1.000000,2.420000,41.101002,0.000000,0.000000,2.420000,192.066498,0.900000,-3.300000,1.000000,-46.000000,-32.000000,85.346649
36.012795,1,1.000000,0.000000,0.009033,0.014627,0.000000,0.000000,1.000000,1.000000,2.420000,41.140999,0.000000,0.000000,2.420000,192.374374,0.900000,-3.100000,1.000000,-45.000000,-33.000000,87.172874
36.051167,1,1.000000,0.000000,0.010721,0.014566,0.000000,0.000000,1.000000,1.000000,2.420000,41.181000,0.000000,0.000000,2.420000,192.634399,1.000000,-2.900000,1.000000,-42.000000,-32.000000,86.710754
36.091962,1,1.000000,0.000000,0.012016,0.014017,0.000000,0.000000,1.000000,1.000000,2.410000,41.222000,0.000000,0.000000,2.410000,192.878479,1.000000,-2.900000,1.000000,-37.000000,-32.000000,88.386459
36.132331,1,1.000000,0.000000,0.012999,0.013480,0.000000,0.000000,1.000000,1.000000,2.410000,41.263000,0.000000,0.000000,2.410000,193.084061,1.100000,-3.000000,1.000000,-36.000000,-32.000000,87.768822
36.173732,1,1.000000,0.000000,0.013734,0.012855,0.000000,0.000000,1.000000,1.000000,2.420000,41.302002,0.000000,0.000000,2.420000,193.275253,1.100000,-3.300000,1.000000,-34.000000,-32.000000,88.025063
36.212470,1,1.000000,0.000000,0.014273,0.012361,0.000000,0.000000,1.000000,1.000000,2.410000,41.341000,0.000000,0.000000,2.410000,193.410019,1.200000,-3.600000,1.000000,-34.000000,-32.000000,88.025063
36.251046,1,1.000000,0.000000,0.013795,0.011974,0.000000,0.000000,1.000000,1.000000,2.410000,41.380001,0.000000,0.000000,2.410000,193.537048,1.100000,-3.700000,0.000000,-10000.000000,-10000.000000,-10000.000000
36.292460,1,1.000000,0.000000,0.013334,0.011600,0.000000,0.000000,1.000000,1.000000,2.410000,41.422001,0.000000,0.000000,2.410000,193.663239,1.100000,-3.900000,0.000000,-36.000000,-31.000000,-10000.000000
36.332517,1,1.000000,0.000000,0.012889,0.011238,0.000000,0.000000,1.000000,1.000000,2.410000,41.580002,0.000000,0.000000,2.410000,193.743881,1.200000,-3.900000,0.000000,-64.000000,105.000000,-10000.000000
36.373950,1,1.000000,0.000000,0.013358,0.011475,0.000000,0.000000,1.000000,1.000000,2.420000,41.990002,0.000000,0.000000,2.420000,193.831787,1.100000,-3.600000,1.000000,-38.000000,-31.000000,88.451843
36.413933,1,1.000000,0.000000,0.013693,0.011761,0.000000,0.000000,1.000000,1.000000,2.430000,42.380001,0.000000,0.000000,2.430000,193.891052,1.100000,-3.300000,1.000000,-39.000000,-31.000000,89.301308
36.451795,1,1.000000,0.000000,0.013924,0.012084,0.000000,0.000000,1.000000,1.000000,2.420000,41.584000,0.000000,0.000000,2.420000,193.891052,1.100000,-3.300000,1.000000,-40.000000,-31.000000,90.000000
36.492833,1,1.000000,0.000000,0.013973,0.012239,0.000000,0.000000,1.000000,1.000000,2.420000,41.624001,0.000000,0.000000,2.420000,193.995682,1.100000,-3.400000,1.000000,-39.000000,-30.000000,90.000000
36.531142,1,1.000000,0.000000,0.013978,0.012260,0.000000,0.000000,1.000000,1.000000,2.410000,41.665001,0.000000,0.000000,2.410000,194.026825,1.100000,-3.600000,1.000000,-38.000000,-30.000000,90.000000
36.573611,1,1.000000,0.000000,0.013515,0.011877,0.000000,0.000000,1.000000,1.000000,2.430000,41.705002,0.000000,0.000000,2.430000,194.026550,1.200000,-3.800000,0.000000,-10000.000000,-10000.000000,-10000.000000
36.612704,1,1.000000,0.000000,0.013552,0.011578,0.000000,0.000000,1.000000,1.000000,2.430000,41.743000,0.000000,0.000000,2.430000,194.052399,1.200000,-4.000000,1.000000,-34.000000,-30.000000,90.000000
36.651828,1,1.000000,0.000000,0.013551,0.011245,0.000000,0.000000,1.000000,1.000000,2.420000,41.785999,0.000000,0.000000,2.420000,194.064255,1.300000,-3.900000,1.000000,-33.000000,-30.000000,90.000000
36.692892,1,1.000000,0.000000,0.013519,0.010982,0.000000,0.000000,1.000000,1.000000,2.420000,41.817001,0.000000,0.000000,2.420000,194.063583,1.400000,-3.800000,1.000000,-33.000000,-30.000000,90.000000
36.733167,1,1.000000,0.000000,0.013465,0.010876,0.000000,0.000000,1.000000,1.000000,2.420000,41.856998,0.000000,0.000000,2.420000,194.084198,1.300000,-3.700000,1.000000,-34.000000,-30.000000,90.000000
36.775522,1,1.000000,0.000000,0.013021,0.010541,0.000000,0.000000,1.000000,1.000000,2.420000,41.901001,0.000000,0.000000,2.420000,194.077164,1.300000,-3.400000,0.000000,-10000.000000,-10000.000000,-10000.000000
36.811303,1,1.000000,0.000000,0.012820,0.010729,0.000000,0.000000,1.000000,1.000000,2.420000,41.943001,0.000000,0.000000,2.420000,194.073639,1.300000,-3.000000,1.000000,-36.000000,-28.000000,90.000000
36.851192,1,1.000000,0.000000,0.012637,0.010878,0.000000,0.000000,1.000000,1.000000,2.410000,41.980999,0.000000,0.000000,2.410000,194.065598,1.300000,-2.800000,1.000000,-36.000000,-28.000000,90.000000
36.894389,1,1.000000,0.000000,0.012371,0.011095,0.000000,0.000000,1.000000,1.000000,2.390000,42.022999,0.000000,0.000000,2.390000,194.038940,1.300000,-2.500000,1.000000,-37.000000,-27.000000,90.666199
36.932058,1,1.000000,0.000000,0.012040,0.011069,0.000000,0.000000,1.000000,1.000000,2.390000,42.062000,0.000000,0.000000,2.390000,194.005539,1.300000,-2.200000,1.000000,-35.000000,-26.000000,90.658546
36.972137,1,1.000000,0.000000,0.011649,0.010725,0.000000,0.000000,1.000000,1.000000,2.360000,42.104000,0.000000,0.000000,2.360000,194.007584,1.200000,-2.000000,0.000000,-10000.000000,-10000.000000,-10000.000000
37.011961,1,1.000000,0.000000,0.011231,0.010089,0.000000,0.000000,1.000000,1.000000,2.360000,42.145000,0.000000,0.000000,2.360000,193.996582,1.100000,-1.800000,1.000000,-28.000000,-24.000000,90.666199
37.050873,1,1.000000,0.000000,0.010867,0.009779,0.000000,0.000000,1.000000,1.000000,2.420000,42.183998,0.000000,0.000000,2.420000,193.985580,1.000000,-1.600000,0.000000,-46.000000,112.000000,-10000.000000
37.092546,1,1.000000,0.000000,0.010478,0.008857,0.000000,0.000000,1.000000,1.000000,2.420000,42.223999,0.000000,0.000000,2.420000,193.999268,0.700000,-1.500000,1.000000,-23.000000,-23.000000,90.725227
37.132333,1,1.000000,0.000000,0.010056,0.008038,0.000000,0.000000,1.000000,1.000000,2.420000,42.263000,0.000000,0.000000,2.420000,194.013641,0.600000,-1.500000,1.000000,-22.000000,-22.000000,90.716164
37.171060,1,1.000000,0.000000,0.009707,0.007203,0.000000,0.000000,1.000000,1.000000,2.390000,42.304001,0.000000,0.000000,2.390000,194.016037,0.400000,-1.500000,1.000000,-20.000000,-22.000000,90.000000
37.213495,1,1.000000,0.000000,0.009392,0.006990,0.000000,0.000000,1.000000,1.000000,2.390000,42.344002,0.000000,0.000000,2.390000,194.028671,0.200000,-1.700000,0.000000,-19.000000,-22.000000,-10000.000000
37.253158,1,1.000000,0.000000,0.009089,0.006784,0.000000,0.000000,1.000000,1.000000,2.360000,42.383999,0.000000,0.000000,2.360000,194.036667,0.300000,-2.200000,0.000000,-19.000000,-22.000000,-10000.000000
37.291962,1,1.000000,0.000000,0.008795,0.006585,0.000000,0.000000,1.000000,1.000000,2.360000,42.424000,0.000000,0.000000,2.360000,194.040131,0.300000,-2.400000,0.000000,-19.000000,-22.000000,-10000.000000
37.334155,1,1.000000,0.000000,0.008512,0.006392,0.000000,0.000000,1.000000,1.000000,2.360000,42.590000,0.000000,0.000000,2.360000,194.053482,0.200000,-3.100000,0.000000,-10000.000000,-10000.000000,-10000.000000
37.374792,1,1.000000,0.000000,0.008527,0.005563,0.000000,0.000000,1.000000,1.000000,2.410000,43.009998,0.000000,0.000000,2.410000,194.061722,0.400000,-3.800000,1.000000,-16.000000,-23.000000,90.725227
37.413194,1,1.000000,0.000000,0.008528,0.004824,0.000000,0.000000,1.000000,1.000000,2.410000,43.310001,0.000000,0.000000,2.410000,194.027222,0.800000,-4.400000,1.000000,-15.000000,-23.000000,91.974937
37.451892,1,1.000000,0.000000,0.008518,0.004356,0.000000,0.000000,1.000000,1.000000,2.410000,42.576000,0.000000,0.000000,2.410000,193.988007,1.000000,-4.800000,1.000000,-16.000000,-23.000000,91.023033
37.493628,1,1.000000,0.000000,0.008205,0.004494,0.000000,0.000000,1.000000,1.000000,2.440000,42.616001,0.000000,0.000000,2.440000,193.971802,1.200000,-5.000000,1.000000,-21.000000,-20.000000,90.987762
37.533937,1,1.000000,0.000000,0.007939,0.004372,0.000000,0.000000,1.000000,1.000000,2.440000,42.657001,0.000000,0.000000,2.440000,193.952301,1.400000,-5.200000,0.000000,-50.000000,120.000000,-10000.000000
37.572939,1,1.000000,0.000000,0.007683,0.004254,0.000000,0.000000,1.000000,1.000000,2.410000,42.696999,0.000000,0.000000,2.410000,194.905594,1.400000,-5.200000,0.000000,-35.000000,-13.000000,-10000.000000
37.614633,1,1.000000,0.000000,0.006444,0.006128,0.000000,0.000000,1.000000,1.000000,2.410000,42.737999,0.000000,0.000000,2.410000,196.135437,1.500000,-4.500000,1.000000,-38.000000,-9.000000,92.602562
37.656052,1,1.000000,0.000000,0.006243,0.005945,0.000000,0.000000,1.000000,1.000000,2.410000,42.778999,0.000000,0.000000,2.410000,196.314468,1.200000,-3.100000,0.000000,208.000000,142.000000,-10000.000000
37.696154,1,1.000000,0.000000,0.006049,0.005768,0.000000,0.000000,1.000000,1.000000,2.370000,42.825001,0.000000,0.000000,2.370000,196.541946,0.900000,-2.700000,0.000000,-10000.000000,-10000.000000,-10000.000000
37.734324,1,1.000000,0.000000,0.005862,0.005597,0.000000,0.000000,1.000000,1.000000,2.370000,42.858002,0.000000,0.000000,2.370000,196.745804,1.000000,-2.300000,0.000000,-10000.000000,-10000.000000,-10000.000000
37.775435,1,1.000000,0.000000,0.004020,0.007611,0.000000,0.000000,1.000000,1.000000,2.380000,42.903000,0.000000,0.000000,2.380000,196.897705,1.100000,-2.000000,1.000000,-42.000000,1.000000,92.632439
37.814481,1,1.000000,0.000000,0.002279,0.008311,0.000000,0.000000,1.000000,1.000000,2.380000,42.943001,0.000000,0.000000,2.380000,197.050507,0.900000,-1.900000,1.000000,-33.000000,4.000000,94.653351
37.853641,1,1.000000,0.000000,0.000918,0.008860,0.000000,0.000000,1.000000,1.000000,2.420000,42.981998,0.000000,0.000000,2.420000,197.160858,1.000000,-1.600000,1.000000,-33.000000,4.000000,94.653351
37.892723,1,1.000000,0.000000,-0.000140,0.009289,0.000000,0.000000,1.000000,1.000000,2.420000,43.013000,0.000000,0.000000,2.420000,197.200531,1.000000,-1.600000,1.000000,-33.000000,4.000000,94.653351
37.931285,1,1.000000,0.000000,-0.000859,0.009032,0.000000,0.000000,1.000000,1.000000,2.420000,43.063000,0.000000,0.000000,2.420000,197.330627,1.000000,-1.600000,1.000000,-27.000000,3.000000,95.376709
37.973404,1,1.000000,0.000000,-0.001409,0.008826,0.000000,0.000000,1.000000,1.000000,2.460000,43.103001,0.000000,0.000000,2.460000,197.406891,1.100000,-1.500000,1.000000,-27.000000,3.000000,95.376709
38.014433,1,1.000000,0.000000,-0.001825,0.008365,0.000000,0.000000,1.000000,1.000000,2.460000,43.132999,0.000000,0.000000,2.460000,197.438232,1.100000,-1.600000,1.000000,-24.000000,3.000000,95.253799
38.052101,1,1.000000,0.000000,-0.002529,0.007606,0.000000,0.000000,1.000000,1.000000,2.390000,43.186001,0.000000,0.000000,2.390000,197.543762,1.000000,-1.500000,1.000000,-20.000000,7.000000,95.314545
38.092341,1,1.000000,0.000000,-0.003656,0.006613,0.000000,0.000000,1.000000,1.000000,2.390000,43.214001,0.000000,0.000000,2.390000,197.590576,1.100000,-1.600000,1.000000,-16.000000,13.000000,95.974327
38.131809,1,1.000000,0.000000,-0.004523,0.005832,0.000000,0.000000,1.000000,1.000000,2.390000,43.257000,0.000000,0.000000,2.390000,197.620895,1.100000,-1.600000,1.000000,-16.000000,13.000000,95.974327
38.173743,1,1.000000,0.000000,-0.004343,0.005638,0.000000,0.000000,1.000000,1.000000,2.430000,43.297001,0.000000,0.000000,2.430000,197.669342,1.300000,-1.600000,0.000000,74.000000,195.000000,-10000.000000
38.212415,1,1.000000,0.000000,-0.004170,0.005451,0.000000,0.000000,1.000000,1.000000,2.430000,43.334999,0.000000,0.000000,2.430000,197.697174,1.400000,-1.700000,0.000000,-22.000000,150.000000,-10000.000000
38.251531,1,1.000000,0.000000,-0.005452,0.004931,0.000000,0.000000,1.000000,1.000000,2.430000,43.375000,0.000000,0.000000,2.430000,197.729340,1.400000,-1.700000,1.000000,-16.000000,19.000000,96.044090
38.292910,1,1.000000,0.000000,-0.006832,0.004526,0.000000,0.000000,1.000000,1.000000,2.470000,43.414001,0.000000,0.000000,2.470000,197.762894,1.400000,-1.700000,1.000000,-16.000000,23.000000,96.952957
38.332275,1,1.000000,0.000000,-0.008188,0.004211,0.000000,0.000000,1.000000,1.000000,2.470000,44.349998,0.000000,0.000000,2.470000,197.770813,1.500000,-1.800000,1.000000,-16.000000,26.000000,96.340195
38.372228,1,1.000000,0.000000,-0.009619,0.004065,0.000000,0.000000,1.000000,1.000000,2.480000,43.919998,0.000000,0.000000,2.480000,197.795380,1.500000,-1.800000,1.000000,-17.000000,30.000000,96.788971
38.412846,1,1.000000,0.000000,-0.011009,0.004054,0.000000,0.000000,1.000000,1.000000,2.480000,44.330002,0.000000,0.000000,2.480000,197.814270,1.600000,-1.800000,1.000000,-18.000000,33.000000,97.733597
38.450818,1,1.000000,0.000000,-0.012461,0.004048,0.000000,0.000000,1.000000,1.000000,2.480000,43.578999,0.000000,0.000000,2.480000,197.817184,1.700000,-1.800000,1.000000,-18.000000,37.000000,97.733597
38.492377,1,1.000000,0.000000,-0.013564,0.004047,0.000000,0.000000,1.000000,1.000000,2.470000,43.620998,0.000000,0.000000,2.470000,197.830521,1.700000,-1.800000,1.000000,-18.000000,37.000000,96.788971
38.531136,1,1.000000,0.000000,-0.014687,0.004148,0.000000,0.000000,1.000000,1.000000,2.470000,43.658001,0.000000,0.000000,2.470000,197.847260,1.800000,-1.800000,1.000000,-19.000000,40.000000,96.869995
38.571162,1,1.000000,0.000000,-0.015823,0.004229,0.000000,0.000000,1.000000,1.000000,2.500000,43.699001,0.000000,0.000000,2.500000,197.856659,1.700000,-1.800000,1.000000,-19.000000,43.000000,96.709839
38.613564,1,1.000000,0.000000,-0.016869,0.004393,0.000000,0.000000,1.000000,1.000000,2.500000,43.740002,0.000000,0.000000,2.500000,197.874939,1.800000,-1.700000,1.000000,-20.000000,45.000000,97.037941
38.653122,1,1.000000,0.000000,-0.017644,0.004524,0.000000,0.000000,1.000000,1.000000,2.500000,43.778999,0.000000,0.000000,2.500000,197.856247,1.800000,-1.700000,1.000000,-20.000000,45.000000,97.037941
38.692595,1,1.000000,0.000000,-0.018797,0.004725,0.000000,0.000000,1.000000,1.000000,2.500000,43.820000,0.000000,0.000000,2.500000,197.875656,1.800000,-1.800000,1.000000,-21.000000,51.000000,97.640404
38.731062,1,1.000000,0.000000,-0.019850,0.004981,0.000000,0.000000,1.000000,1.000000,2.500000,43.859001,0.000000,0.000000,2.500000,197.889130,1.900000,-1.800000,1.000000,-22.000000,53.000000,98.901718
38.771079,1,1.000000,0.000000,-0.021119,0.005180,0.000000,0.000000,1.000000,1.000000,2.500000,43.898998,0.000000,0.000000,2.500000,197.872421,1.900000,-1.800000,1.000000,-22.000000,58.000000,98.035713
38.812222,1,1.000000,0.000000,-0.022260,0.005431,0.000000,0.000000,1.000000,1.000000,2.500000,43.941002,0.000000,0.000000,2.500000,197.882980,1.900000,-1.800000,1.000000,-23.000000,60.000000,97.549423
38.851436,1,1.000000,0.000000,-0.023594,0.005723,0.000000,0.000000,1.000000,1.000000,2.500000,43.981998,0.000000,0.000000,2.500000,197.877014,1.900000,-1.800000,1.000000,-24.000000,65.000000,97.829079
38.893125,1,1.000000,0.000000,-0.024781,0.006046,0.000000,0.000000,1.000000,1.000000,2.480000,44.021000,0.000000,0.000000,2.480000,197.899887,2.000000,-1.800000,1.000000,-25.000000,67.000000,97.733597
38.931085,1,1.000000,0.000000,-0.025852,0.006391,0.000000,0.000000,1.000000,1.000000,2.480000,44.060001,0.000000,0.000000,2.480000,197.918091,2.000000,-1.700000,1.000000,-26.000000,69.000000,97.733597
38.971877,1,1.000000,0.000000,-0.026632,0.006656,0.000000,0.000000,1.000000,1.000000,2.460000,44.099998,0.000000,0.000000,2.460000,197.914261,1.900000,-1.800000,1.000000,-26.000000,69.000000,97.733597
39.013355,1,1.000000,0.000000,-0.027674,0.007053,0.000000,0.000000,1.000000,1.000000,2.460000,44.143002,0.000000,0.000000,2.460000,197.920059,2.000000,-1.800000,1.000000,-28.000000,74.000000,98.530769
39.050946,1,1.000000,0.000000,-0.028725,0.007355,0.000000,0.000000,1.000000,1.000000,2.450000,44.182999,0.000000,0.000000,2.450000,197.918716,2.000000,-1.800000,1.000000,-28.000000,77.000000,97.640404
39.093131,1,1.000000,0.000000,-0.029977,0.007778,0.000000,0.000000,1.000000,1.000000,2.450000,44.222000,0.000000,0.000000,2.450000,197.926102,2.100000,-1.800000,1.000000,-30.000000,82.000000,98.226723
39.133095,1,1.000000,0.000000,-0.031092,0.008098,0.000000,0.000000,1.000000,1.000000,2.450000,44.254002,0.000000,0.000000,2.450000,197.928024,2.100000,-1.800000,1.000000,-30.000000,84.000000,97.926926
39.174810,1,1.000000,0.000000,-0.032391,0.008534,0.000000,0.000000,1.000000,1.000000,2.450000,44.293999,0.000000,0.000000,2.450000,197.935562,2.100000,-1.800000,1.000000,-32.000000,89.000000,98.901718
39.216282,1,1.000000,0.000000,-0.033538,0.008960,0.000000,0.000000,1.000000,1.000000,2.450000,44.344002,0.000000,0.000000,2.450000,197.952087,2.100000,-1.800000,1.000000,-33.000000,91.000000,100.049347
39.254979,1,1.000000,0.000000,-0.034663,0.009377,0.000000,0.000000,1.000000,1.000000,2.450000,44.375000,0.000000,0.000000,2.450000,197.948593,2.200000,-1.800000,1.000000,-34.000000,94.000000,99.008507
39.294300,1,1.000000,0.000000,-0.035965,0.009884,0.000000,0.000000,1.000000,1.000000,2.440000,44.417000,0.000000,0.000000,2.440000,197.940674,2.200000,-1.800000,1.000000,-36.000000,99.000000,99.008507
39.331963,1,1.000000,0.000000,-0.037208,0.010461,0.000000,0.000000,1.000000,1.000000,2.440000,45.349998,0.000000,0.000000,2.440000,197.961533,2.200000,-1.800000,1.000000,-38.000000,102.000000,98.972626
39.373323,1,1.000000,0.000000,-0.038303,0.010993,0.000000,0.000000,1.000000,1.000000,2.440000,44.970001,0.000000,0.000000,2.440000,197.950958,2.200000,-1.800000,1.000000,-39.000000,104.000000,98.637131
39.417411,1,1.000000,0.000000,-0.039577,0.011587,0.000000,0.000000,1.000000,1.000000,2.440000,45.389999,0.000000,0.000000,2.440000,197.958374,2.300000,-1.800000,1.000000,-41.000000,109.000000,99.117867
39.454663,1,1.000000,0.000000,-0.040793,0.012128,0.000000,0.000000,1.000000,1.000000,2.420000,44.585999,0.000000,0.000000,2.420000,197.948898,2.400000,-1.800000,1.000000,-42.000000,112.000000,99.117867
39.496719,1,1.000000,0.000000,-0.041863,0.012628,0.000000,0.000000,1.000000,1.000000,2.420000,44.617001,0.000000,0.000000,2.420000,197.962463,2.400000,-1.900000,1.000000,-43.000000,114.000000,99.926247
39.533760,1,1.000000,0.000000,-0.042915,0.013191,0.000000,0.000000,1.000000,1.000000,2.420000,44.660000,0.000000,0.000000,2.420000,197.964218,2.500000,-1.900000,1.000000,-45.000000,117.000000,99.706650
39.576146,1,1.000000,0.000000,-0.043853,0.013706,0.000000,0.000000,1.000000,1.000000,2.420000,44.699001,0.000000,0.000000,2.420000,197.968048,2.400000,-1.900000,1.000000,-46.000000,119.000000,99.926247
39.615817,1,1.000000,0.000000,-0.044801,0.014181,0.000000,0.000000,1.000000,1.000000,2.420000,44.743000,0.000000,0.000000,2.420000,197.968948,2.500000,-2.000000,1.000000,-47.000000,122.000000,99.926247
39.658070,1,1.000000,0.000000,-0.045754,0.014722,0.000000,0.000000,1.000000,1.000000,2.420000,44.784000,0.000000,0.000000,2.420000,197.968948,2.500000,-2.000000,1.000000,-49.000000,125.000000,99.229889
39.697171,1,1.000000,0.000000,-0.046710,0.015215,0.000000,0.000000,1.000000,1.000000,2.420000,44.818001,0.000000,0.000000,2.420000,197.961258,2.500000,-2.000000,1.000000,-50.000000,128.000000,100.885529
39.734331,1,1.000000,0.000000,-0.047866,0.015866,0.000000,0.000000,1.000000,1.000000,2.420000,44.860001,0.000000,0.000000,2.420000,197.954575,2.500000,-2.000000,1.000000,-53.000000,133.000000,99.833565
39.774323,1,1.000000,0.000000,-0.049177,0.016640,0.000000,0.000000,1.000000,1.000000,2.420000,44.904999,0.000000,0.000000,2.420000,197.969986,2.500000,-2.100000,1.000000,-56.000000,138.000000,100.885529
39.815226,1,1.000000,0.000000,-0.050313,0.017410,0.000000,0.000000,1.000000,1.000000,2.420000,44.938000,0.000000,0.000000,2.420000,197.969849,2.500000,-2.100000,1.000000,-58.000000,140.000000,101.023453
39.855839,1,1.000000,0.000000,-0.051311,0.018078,0.000000,0.000000,1.000000,1.000000,2.420000,44.980000,0.000000,0.000000,2.420000,197.976959,2.600000,-2.100000,1.000000,-59.000000,142.000000,101.738571
39.894329,1,1.000000,0.000000,-0.049516,0.017367,0.000000,0.000000,1.000000,1.000000,2.420000,45.015999,0.000000,0.000000,2.420000,197.990173,2.600000,-2.200000,0.000000,-61.000000,-10000.000000,100.573524
39.930417,1,1.000000,0.000000,-0.051190,0.018465,0.000000,0.000000,1.000000,1.000000,2.420000,45.056999,0.000000,0.000000,2.420000,197.992935,2.700000,-2.100000,1.000000,-64.000000,149.000000,101.023453
39.971613,1,1.000000,0.000000,-0.052713,0.019390,0.000000,0.000000,1.000000,1.000000,2.410000,45.097000,0.000000,0.000000,2.410000,197.994324,2.600000,-2.200000,1.000000,-65.000000,152.000000,101.309929
40.012675,1,1.000000,0.000000,-0.054016,0.020274,0.000000,0.000000,1.000000,1.000000,2.410000,45.137001,0.000000,0.000000,2.410000,197.993729,2.700000,-2.300000,1.000000,-67.000000,154.000000,101.768288
40.051380,1,1.000000,0.000000,-0.055143,0.021025,0.000000,0.000000,1.000000,1.000000,2.410000,45.177002,0.000000,0.000000,2.410000,197.986343,2.700000,-2.300000,1.000000,-68.000000,156.000000,102.771240
40.092547,1,1.000000,0.000000,-0.056231,0.021770,0.000000,0.000000,1.000000,1.000000,2.410000,45.219002,0.000000,0.000000,2.410000,197.986343,2.700000,-2.300000,1.000000,-70.000000,159.000000,102.938057
40.130433,1,1.000000,0.000000,-0.057383,0.022605,0.000000,0.000000,1.000000,1.000000,2.400000,45.259998,0.000000,0.000000,2.400000,197.964523,2.900000,-2.300000,1.000000,-73.000000,163.000000,101.458755
40.171020,1,1.000000,0.000000,-0.058390,0.023216,0.000000,0.000000,1.000000,1.000000,2.400000,45.298000,0.000000,0.000000,2.400000,197.965256,2.900000,-2.400000,1.000000,-73.000000,165.000000,101.458755
40.211719,1,1.000000,0.000000,-0.059379,0.023944,0.000000,0.000000,1.000000,1.000000,2.400000,45.338001,0.000000,0.000000,2.400000,197.967392,3.000000,-2.400000,1.000000,-76.000000,168.000000,101.611488
40.250675,1,1.000000,0.000000,-0.060058,0.024468,0.000000,0.000000,1.000000,1.000000,2.400000,45.376999,0.000000,0.000000,2.400000,197.955078,3.000000,-2.400000,1.000000,-76.000000,168.000000,101.611488
40.292076,1,1.000000,0.000000,-0.060691,0.025028,0.000000,0.000000,1.000000,1.000000,2.400000,45.418999,0.000000,0.000000,2.400000,197.956100,3.000000,-2.400000,1.000000,-78.000000,170.000000,103.851418
40.330651,1,1.000000,0.000000,-0.061287,0.025517,0.000000,0.000000,1.000000,1.000000,2.400000,46.250000,0.000000,0.000000,2.400000,197.938217,3.000000,-2.400000,1.000000,-79.000000,172.000000,102.528809
40.371653,1,1.000000,0.000000,-0.061658,0.025852,0.000000,0.000000,1.000000,1.000000,2.400000,45.919998,0.000000,0.000000,2.400000,197.936646,3.000000,-2.400000,1.000000,-79.000000,172.000000,102.528809
40.413630,1,1.000000,0.000000,-0.062149,0.026262,0.000000,0.000000,1.000000,1.000000,2.400000,46.330002,0.000000,0.000000,2.400000,197.936646,3.000000,-2.400000,1.000000,-81.000000,175.000000,102.938057
40.451317,1,1.000000,0.000000,-0.062636,0.026633,0.000000,0.000000,1.000000,1.000000,2.400000,45.581001,0.000000,0.000000,2.400000,197.936646,3.000000,-2.400000,1.000000,-82.000000,177.000000,103.109207
40.494466,1,1.000000,0.000000,-0.062924,0.026875,0.000000,0.000000,1.000000,1.000000,2.400000,45.623001,0.000000,0.000000,2.400000,197.972733,3.000000,-2.500000,1.000000,-82.000000,177.000000,103.109207
40.534503,1,1.000000,0.000000,-0.063057,0.027015,0.000000,0.000000,1.000000,1.000000,2.400000,45.666000,0.000000,0.000000,2.400000,197.988800,3.100000,-2.500000,1.000000,-82.000000,177.000000,103.109207
40.573854,1,1.000000,0.000000,-0.063660,0.027568,0.000000,0.000000,1.000000,1.000000,2.400000,45.702000,0.000000,0.000000,2.400000,197.999466,3.100000,-2.500000,1.000000,-87.000000,183.000000,102.938057
40.612822,1,1.000000,0.000000,-0.064042,0.027953,0.000000,0.000000,1.000000,1.000000,2.400000,45.741001,0.000000,0.000000,2.400000,197.999466,3.100000,-2.500000,1.000000,-87.000000,183.000000,102.938057
40.652093,1,1.000000,0.000000,-0.064252,0.028206,0.000000,0.000000,1.000000,1.000000,2.400000,45.782001,0.000000,0.000000,2.400000,198.003754,3.100000,-2.600000,1.000000,-87.000000,183.000000,102.938057
40.693294,1,1.000000,0.000000,-0.062017,0.027125,0.000000,0.000000,1.000000,1.000000,2.410000,45.821999,0.000000,0.000000,2.410000,198.004013,3.100000,-2.700000,0.000000,-10000.000000,-10000.000000,-10000.000000
40.731636,1,1.000000,0.000000,-0.059863,0.026086,0.000000,0.000000,1.000000,1.000000,2.410000,45.861000,0.000000,0.000000,2.410000,198.000793,3.200000,-2.700000,0.000000,-10000.000000,-10000.000000,-10000.000000
40.770782,1,1.000000,0.000000,-0.061212,0.027002,0.000000,0.000000,1.000000,1.000000,2.390000,45.901001,0.000000,0.000000,2.390000,198.005157,3.100000,-2.700000,1.000000,-91.000000,188.000000,103.284866
40.812602,1,1.000000,0.000000,-0.059089,0.025970,0.000000,0.000000,1.000000,1.000000,2.390000,45.941002,0.000000,0.000000,2.390000,198.011276,3.200000,-2.700000,0.000000,-10000.000000,-10000.000000,-10000.000000
40.851968,1,1.000000,0.000000,-0.057044,0.024978,0.000000,0.000000,1.000000,1.000000,2.380000,45.980999,0.000000,0.000000,2.380000,197.994186,3.200000,-2.700000,0.000000,-10000.000000,-10000.000000,-10000.000000
40.893519,1,1.000000,0.000000,-0.055073,0.024026,0.000000,0.000000,1.000000,1.000000,2.380000,46.021999,0.000000,0.000000,2.380000,198.001480,3.200000,-2.700000,0.000000,-10000.000000,-10000.000000,-10000.000000
40.931680,1,1.000000,0.000000,-0.053174,0.023110,0.000000,0.000000,1.000000,1.000000,2.380000,46.061001,0.000000,0.000000,2.380000,197.987686,3.300000,-2.700000,0.000000,-10000.000000,-10000.000000,-10000.000000
40.973633,1,1.000000,0.000000,-0.051344,0.022231,0.000000,0.000000,1.000000,1.000000,2.340000,46.102001,0.000000,0.000000,2.340000,197.992493,3.300000,-2.800000,0.000000,-10000.000000,-10000.000000,-10000.000000
41.013697,1,1.000000,0.000000,-0.049580,0.021386,0.000000,0.000000,1.000000,1.000000,2.340000,46.141998,0.000000,0.000000,2.340000,197.976898,3.300000,-2.800000,0.000000,-10000.000000,-10000.000000,-10000.000000
41.053447,1,1.000000,0.000000,-0.047881,0.020574,0.000000,0.000000,1.000000,1.000000,2.330000,46.181000,0.000000,0.000000,2.330000,197.978973,3.300000,-2.800000,0.000000,-10000.000000,-10000.000000,-10000.000000
41.093446,1,1.000000,0.000000,-0.046243,0.019794,0.000000,0.000000,1.000000,1.000000,2.330000,46.223000,0.000000,0.000000,2.330000,197.991776,3.200000,-2.800000,0.000000,-10000.000000,-10000.000000,-10000.000000
41.132905,1,1.000000,0.000000,-0.044664,0.019044,0.000000,0.000000,1.000000,1.000000,2.330000,46.264000,0.000000,0.000000,2.330000,197.989807,3.200000,-2.700000,0.000000,-10000.000000,-10000.000000,-10000.000000
41.171055,1,1.000000,0.000000,-0.043142,0.018324,0.000000,0.000000,1.000000,1.000000,2.340000,46.304001,0.000000,0.000000,2.340000,197.999252,3.100000,-2.700000,0.000000,-10000.000000,-10000.000000,-10000.000000
41.212640,1,1.000000,0.000000,-0.041675,0.017631,0.000000,0.000000,1.000000,1.000000,2.340000,46.342999,0.000000,0.000000,2.340000,197.997498,3.200000,-2.700000,0.000000,-10000.000000,-10000.000000,-10000.000000
41.253333,1,1.000000,0.000000,-0.040262,0.016966,0.000000,0.000000,1.000000,1.000000,2.340000,46.382999,0.000000,0.000000,2.340000,198.004883,3.100000,-2.700000,0.000000,-10000.000000,-10000.000000,-10000.000000
41.294062,1,1.000000,0.000000,-0.038898,0.016326,0.000000,0.000000,1.000000,1.000000,2.340000,46.423000,0.000000,0.000000,2.340000,198.023346,3.000000,-2.700000,0.000000,-10000.000000,-10000.000000,-10000.000000
41.330309,1,1.000000,0.000000,-0.037584,0.015711,0.000000,0.000000,1.000000,1.000000,2.340000,46.580002,0.000000,0.000000,2.340000,198.025894,2.900000,-2.600000,0.000000,-10000.000000,-10000.000000,-10000.000000
41.374154,1,1.000000,0.000000,-0.036317,0.015121,0.000000,0.000000,1.000000,1.000000,2.330000,46.990002,0.000000,0.000000,2.330000,198.049988,2.800000,-2.500000,0.000000,-10000.000000,-10000.000000,-10000.000000
41.414902,1,1.000000,0.000000,-0.035096,0.014553,0.000000,0.000000,1.000000,1.000000,2.330000,47.380001,0.000000,0.000000,2.330000,198.060242,2.800000,-2.500000,0.000000,-10000.000000,-10000.000000,-10000.000000
41.452995,1,1.000000,0.000000,-0.033918,0.014007,0.000000,0.000000,1.000000,1.000000,2.340000,46.584000,0.000000,0.000000,2.340000,198.071487,2.600000,-2.400000,0.000000,-10000.000000,-10000.000000,-10000.000000
41.492192,1,1.000000,0.000000,-0.032782,0.013482,0.000000,0.000000,1.000000,1.000000,2.350000,46.623001,0.000000,0.000000,2.350000,198.106735,2.500000,-2.400000,0.000000,-10000.000000,-10000.000000,-10000.000000
41.533229,1,1.000000,0.000000,-0.031687,0.012978,0.000000,0.000000,1.000000,1.000000,2.350000,46.664001,0.000000,0.000000,2.350000,198.120605,2.400000,-2.200000,0.000000,-10000.000000,-10000.000000,-10000.000000
41.570694,1,1.000000,0.000000,-0.030631,0.012493,0.000000,0.000000,1.000000,1.000000,2.290000,46.705002,0.000000,0.000000,2.290000,198.138077,2.300000,-2.200000,0.000000,-10000.000000,-10000.000000,-10000.000000
41.612758,1,1.000000,0.000000,-0.029612,0.012027,0.000000,0.000000,1.000000,1.000000,2.290000,46.743000,0.000000,0.000000,2.290000,198.141830,2.400000,-2.200000,0.000000,-10000.000000,-10000.000000,-10000.000000
41.652365,1,1.000000,0.000000,-0.028629,0.011578,0.000000,0.000000,1.000000,1.000000,2.330000,46.784000,0.000000,0.000000,2.330000,198.169159,2.300000,-2.200000,0.000000,-10000.000000,-10000.000000,-10000.000000
41.691563,1,1.000000,0.000000,-0.027682,0.011148,0.000000,0.000000,1.000000,1.000000,2.330000,46.822998,0.000000,0.000000,2.330000,198.161331,2.200000,-2.100000,0.000000,-10000.000000,-10000.000000,-10000.000000
41.730398,1,1.000000,0.000000,-0.026767,0.010733,0.000000,0.000000,1.000000,1.000000,2.330000,46.862999,0.000000,0.000000,2.330000,198.183807,2.200000,-2.100000,0.000000,-10000.000000,-10000.000000,-10000.000000
41.771152,1,1.000000,0.000000,-0.025886,0.010335,0.000000,0.000000,1.000000,1.000000,2.330000,46.905998,0.000000,0.000000,2.330000,198.190781,2.100000,-2.100000,0.000000,-10000.000000,-10000.000000,-10000.000000
41.813560,1,1.000000,0.000000,-0.025035,0.009952,0.000000,0.000000,1.000000,1.000000,2.330000,46.944000,0.000000,0.000000,2.330000,198.217438,2.100000,-2.100000,0.000000,-10000.000000,-10000.000000,-10000.000000
41.851608,1,1.000000,0.000000,-0.024214,0.009583,0.000000,0.000000,1.000000,1.000000,2.340000,46.984001,0.000000,0.000000,2.340000,198.198807,2.100000,-2.000000,0.000000,-10000.000000,-10000.000000,-10000.000000
41.891643,1,1.000000,0.000000,-0.023422,0.009229,0.000000,0.000000,1.000000,1.000000,2.340000,47.022999,0.000000,0.000000,2.340000,198.204117,2.000000,-2.000000,0.000000,-10000.000000,-10000.000000,-10000.000000
41.933069,1,1.000000,0.000000,-0.022658,0.008889,0.000000,0.000000,1.000000,1.000000,2.340000,47.063000,0.000000,0.000000,2.340000,198.212021,2.000000,-2.000000,0.000000,-10000.000000,-10000.000000,-10000.000000
41.971482,1,1.000000,0.000000,-0.021920,0.008561,0.000000,0.000000,1.000000,1.000000,2.350000,47.104000,0.000000,0.000000,2.350000,198.218353,2.000000,-2.000000,0.000000,-10000.000000,-10000.000000,-10000.000000
42.013708,1,1.000000,0.000000,-0.021209,0.008246,0.000000,0.000000,1.000000,1.000000,2.350000,47.132999,0.000000,0.000000,2.350000,198.216675,1.900000,-2.000000,0.000000,-10000.000000,-10000.000000,-10000.000000
42.051070,1,1.000000,0.000000,-0.020522,0.007943,0.000000,0.000000,1.000000,1.000000,2.350000,47.175999,0.000000,0.000000,2.350000,198.204056,2.000000,-2.100000,0.000000,-10000.000000,-10000.000000,-10000.000000
42.092569,1,1.000000,0.000000,-0.019859,0.007652,0.000000,0.000000,1.000000,1.000000,2.360000,47.224998,0.000000,0.000000,2.360000,198.217636,1.900000,-2.100000,0.000000,-10000.000000,-10000.000000,-10000.000000
42.130977,1,1.000000,0.000000,-0.019219,0.007371,0.000000,0.000000,1.000000,1.000000,2.360000,47.256001,0.000000,0.000000,2.360000,198.218170,2.000000,-2.100000,0.000000,-10000.000000,-10000.000000,-10000.000000
42.172150,1,1.000000,0.000000,-0.018602,0.007102,0.000000,0.000000,1.000000,1.000000,2.370000,47.293999,0.000000,0.000000,2.370000,198.212708,1.900000,-2.200000,0.000000,-10000.000000,-10000.000000,-10000.000000
42.213282,1,1.000000,0.000000,-0.018005,0.006842,0.000000,0.000000,1.000000,1.000000,2.360000,47.344002,0.000000,0.000000,2.360000,198.205933,2.100000,-3.200000,0.000000,-10000.000000,-10000.000000,-10000.000000
42.251332,1,1.000000,0.000000,-0.017430,0.006593,0.000000,0.000000,1.000000,1.000000,2.350000,47.376999,0.000000,0.000000,2.350000,198.156006,3.100000,-6.700000,0.000000,-10000.000000,-10000.000000,-10000.000000
42.292745,1,1.000000,0.000000,-0.016874,0.006353,0.000000,0.000000,1.000000,1.000000,2.340000,47.416000,0.000000,0.000000,2.340000,197.727890,6.000000,-11.100000,0.000000,-10000.000000,-10000.000000,-10000.000000
42.331672,1,1.000000,0.000000,-0.016338,0.006122,0.000000,0.000000,1.000000,1.000000,2.300000,48.150002,0.000000,0.000000,2.300000,197.117233,8.900000,-13.700000,0.000000,-10000.000000,-10000.000000,-10000.000000
42.372885,1,1.000000,0.000000,-0.015820,0.005900,0.000000,0.000000,1.000000,1.000000,2.340000,47.910000,0.000000,0.000000,2.340000,196.716370,10.500000,-15.700000,0.000000,-10000.000000,-10000.000000,-10000.000000
42.412847,1,1.000000,0.000000,-0.015319,0.005686,0.000000,0.000000,1.000000,1.000000,2.320000,48.320000,0.000000,0.000000,2.320000,196.383072,11.800000,-16.600000,0.000000,-10000.000000,-10000.000000,-10000.000000
42.450934,1,1.000000,0.000000,-0.014836,0.005480,0.000000,0.000000,1.000000,1.000000,2.310000,47.577000,0.000000,0.000000,2.310000,196.180603,12.600000,-17.200001,0.000000,-10000.000000,-10000.000000,-10000.000000
42.491872,1,1.000000,0.000000,-0.014370,0.005282,0.000000,0.000000,1.000000,1.000000,2.400000,47.618000,0.000000,0.000000,2.400000,196.113373,12.800000,-17.700001,0.000000,-10000.000000,-10000.000000,-10000.000000
42.531245,1,1.000000,0.000000,-0.013919,0.005092,0.000000,0.000000,1.000000,1.000000,2.390000,47.658001,0.000000,0.000000,2.390000,196.069229,13.000000,-18.100000,0.000000,-10000.000000,-10000.000000,-10000.000000
42.571747,1,1.000000,0.000000,-0.013483,0.004908,0.000000,0.000000,1.000000,1.000000,2.440000,47.697998,0.000000,0.000000,2.440000,196.074860,12.900000,-18.700001,0.000000,-10000.000000,-10000.000000,-10000.000000
42.614398,1,1.000000,0.000000,-0.013063,0.004732,0.000000,0.000000,1.000000,1.000000,2.440000,47.740002,0.000000,0.000000,2.440000,196.200455,12.400000,-18.799999,0.000000,-10000.000000,-10000.000000,-10000.000000
42.651515,1,1.000000,0.000000,-0.012657,0.004562,0.000000,0.000000,1.000000,1.000000,2.460000,47.778999,0.000000,0.000000,2.460000,196.508469,11.400000,-18.400000,0.000000,-10000.000000,-10000.000000,-10000.000000
42.693852,1,1.000000,0.000000,-0.012264,0.004399,0.000000,0.000000,1.000000,1.000000,2.470000,47.820999,0.000000,0.000000,2.470000,196.819901,10.400000,-17.700001,0.000000,-10000.000000,-10000.000000,-10000.000000
42.732856,1,1.000000,0.000000,-0.011885,0.004242,0.000000,0.000000,1.000000,1.000000,2.500000,47.862000,0.000000,0.000000,2.500000,197.179276,9.000000,-16.200001,0.000000,-10000.000000,-10000.000000,-10000.000000
42.772013,1,1.000000,0.000000,-0.011518,0.004090,0.000000,0.000000,1.000000,1.000000,2.490000,47.901001,0.000000,0.000000,2.490000,197.654053,7.100000,-13.500000,0.000000,-10000.000000,-10000.000000,-10000.000000
42.813289,1,1.000000,0.000000,-0.011164,0.003945,0.000000,0.000000,1.000000,1.000000,2.520000,47.941002,0.000000,0.000000,2.520000,198.041336,5.200000,-11.000000,0.000000,-10000.000000,-10000.000000,-10000.000000
42.850881,1,1.000000,0.000000,-0.010822,0.003805,0.000000,0.000000,1.000000,1.000000,2.400000,47.980000,0.000000,0.000000,2.400000,198.347458,3.500000,-8.200000,0.000000,-10000.000000,-10000.000000,-10000.000000
42.892394,1,1.000000,0.000000,-0.010491,0.003670,0.000000,0.000000,1.000000,1.000000,2.410000,48.021999,0.000000,0.000000,2.410000,198.464752,2.300000,-6.000000,0.000000,-10000.000000,-10000.000000,-10000.000000
42.931246,1,1.000000,0.000000,-0.010171,0.003540,0.000000,0.000000,1.000000,1.000000,2.420000,48.061001,0.000000,0.000000,2.420000,198.543121,1.400000,-4.400000,0.000000,-10000.000000,-10000.000000,-10000.000000
42.973562,1,1.000000,0.000000,-0.009862,0.003414,0.000000,0.000000,1.000000,1.000000,2.490000,48.102001,0.000000,0.000000,2.490000,198.590454,0.700000,-2.700000,0.000000,-10000.000000,-10000.000000,-10000.000000
43.012116,1,1.000000,0.000000,-0.009563,0.003294,0.000000,0.000000,1.000000,1.000000,2.490000,48.141998,0.000000,0.000000,2.490000,198.587814,0.300000,-1.900000,0.000000,-10000.000000,-10000.000000,-10000.000000
43.051010,1,1.000000,0.000000,-0.009274,0.003178,0.000000,0.000000,1.000000,1.000000,2.570000,48.181000,0.000000,0.000000,2.570000,198.578278,0.100000,-1.100000,0.000000,-10000.000000,-10000.000000,-10000.000000
43.092607,1,1.000000,0.000000,-0.008995,0.003066,0.000000,0.000000,1.000000,1.000000,2.570000,48.224998,0.000000,0.000000,2.570000,198.583176,0.100000,-0.900000,0.000000,-10000.000000,-10000.000000,-10000.000000
43.130779,1,1.000000,0.000000,-0.008725,0.002959,0.000000,0.000000,1.000000,1.000000,2.570000,48.264999,0.000000,0.000000,2.570000,198.545776,0.100000,-0.500000,0.000000,-10000.000000,-10000.000000,-10000.000000
43.172846,1,1.000000,0.000000,-0.008463,0.002855,0.000000,0.000000,1.000000,1.000000,2.580000,48.306999,0.000000,0.000000,2.580000,198.524384,0.200000,-0.300000,0.000000,-10000.000000,-10000.000000,-10000.000000
43.212091,1,1.000000,0.000000,-0.008211,0.002755,0.000000,0.000000,1.000000,1.000000,2.580000,48.335999,0.000000,0.000000,2.580000,198.496628,0.100000,-0.200000,0.000000,-10000.000000,-10000.000000,-10000.000000
43.251747,1,1.000000,0.000000,-0.007966,0.002659,0.000000,0.000000,1.000000,1.000000,2.580000,48.375999,0.000000,0.000000,2.580000,198.483002,0.300000,-0.100000,0.000000,-10000.000000,-10000.000000,-10000.000000
43.292928,1,1.000000,0.000000,-0.007730,0.002567,0.000000,0.000000,1.000000,1.000000,2.570000,48.416000,0.000000,0.000000,2.570000,198.478226,0.500000,-0.000000,0.000000,-10000.000000,-10000.000000,-10000.000000
43.331777,1,1.000000,0.000000,-0.007501,0.002478,0.000000,0.000000,1.000000,1.000000,2.570000,49.049999,0.000000,0.000000,2.570000,198.510635,1.900000,0.100000,0.000000,-10000.000000,-10000.000000,-10000.000000
43.374855,1,1.000000,0.000000,-0.007280,0.002392,0.000000,0.000000,1.000000,1.000000,2.580000,48.910000,0.000000,0.000000,2.580000,198.505142,3.500000,0.100000,0.000000,-10000.000000,-10000.000000,-10000.000000
43.412210,1,1.000000,0.000000,-0.007066,0.002309,0.000000,0.000000,1.000000,1.000000,2.570000,49.330002,0.000000,0.000000,2.570000,198.514801,5.300000,-0.000000,0.000000,-10000.000000,-10000.000000,-10000.000000
43.451265,1,1.000000,0.000000,-0.006859,0.002229,0.000000,0.000000,1.000000,1.000000,2.560000,48.578999,0.000000,0.000000,2.560000,198.500717,7.200000,-0.000000,0.000000,-10000.000000,-10000.000000,-10000.000000
43.492567,1,1.000000,0.000000,-0.006658,0.002153,0.000000,0.000000,1.000000,1.000000,2.570000,48.623001,0.000000,0.000000,2.570000,198.485001,8.800000,-0.200000,0.000000,-10000.000000,-10000.000000,-10000.000000
43.531469,1,1.000000,0.000000,-0.006464,0.002079,0.000000,0.000000,1.000000,1.000000,2.560000,48.663002,0.000000,0.000000,2.560000,198.446945,9.800000,-0.200000,0.000000,-10000.000000,-10000.000000,-10000.000000
43.573442,1,1.000000,0.000000,-0.006277,0.002007,0.000000,0.000000,1.000000,1.000000,2.580000,48.706001,0.000000,0.000000,2.580000,198.333450,10.100000,-0.200000,0.000000,-10000.000000,-10000.000000,-10000.000000
43.612229,1,1.000000,0.000000,-0.006095,0.001939,0.000000,0.000000,1.000000,1.000000,2.580000,48.744999,0.000000,0.000000,2.580000,198.019150,9.800000,-0.200000,0.000000,-10000.000000,-10000.000000,-10000.000000
43.651201,1,1.000000,0.000000,-0.005919,0.001873,0.000000,0.000000,1.000000,1.000000,2.590000,48.784000,0.000000,0.000000,2.590000,197.487534,9.000000,0.000000,0.000000,-10000.000000,-10000.000000,-10000.000000
43.693310,1,1.000000,0.000000,-0.005749,0.001809,0.000000,0.000000,1.000000,1.000000,2.600000,48.824001,0.000000,0.000000,2.600000,196.816101,7.800000,0.000000,0.000000,-10000.000000,-10000.000000,-10000.000000
43.732053,1,1.000000,0.000000,-0.005584,0.001747,0.000000,0.000000,1.000000,1.000000,2.600000,48.858002,0.000000,0.000000,2.600000,195.767624,6.300000,0.200000,0.000000,-10000.000000,-10000.000000,-10000.000000
43.773078,1,1.000000,0.000000,-0.005424,0.001688,0.000000,0.000000,1.000000,1.000000,2.590000,48.895000,0.000000,0.000000,2.590000,194.778168,4.900000,0.100000,0.000000,-10000.000000,-10000.000000,-10000.000000
43.812390,1,1.000000,0.000000,-0.005269,0.001631,0.000000,0.000000,1.000000,1.000000,2.590000,48.937000,0.000000,0.000000,2.590000,193.823242,3.600000,-0.100000,0.000000,-10000.000000,-10000.000000,-10000.000000
43.850415,1,1.000000,0.000000,-0.005120,0.001576,0.000000,0.000000,1.000000,1.000000,2.600000,48.978001,0.000000,0.000000,2.600000,193.055450,2.700000,-0.100000,0.000000,-10000.000000,-10000.000000,-10000.000000
43.892234,1,1.000000,0.000000,-0.004975,0.001523,0.000000,0.000000,1.000000,1.000000,2.590000,49.016998,0.000000,0.000000,2.590000,192.504822,2.000000,-0.300000,0.000000,-10000.000000,-10000.000000,-10000.000000
43.931312,1,1.000000,0.000000,-0.020946,0.002305,0.000000,0.000000,1.000000,1.000000,2.590000,49.058998,0.000000,0.000000,2.590000,192.165253,1.700000,-0.500000,1.000000,-24.000000,196.000000,98.530769
43.972456,1,1.000000,0.000000,-0.020244,0.002197,0.000000,0.000000,1.000000,1.000000,2.580000,49.098999,0.000000,0.000000,2.580000,191.822510,1.300000,-0.500000,0.000000,-10000.000000,-10000.000000,-10000.000000
44.012056,1,1.000000,0.000000,-0.032175,0.002742,0.000000,0.000000,1.000000,1.000000,2.580000,49.141998,0.000000,0.000000,2.580000,191.559601,1.100000,-0.500000,1.000000,-23.000000,188.000000,101.496567
44.053097,1,1.000000,0.000000,-0.041142,0.003062,0.000000,0.000000,1.000000,1.000000,2.570000,49.180000,0.000000,0.000000,2.570000,191.295639,1.000000,-0.500000,1.000000,-22.000000,184.000000,100.060692
44.096621,1,1.000000,0.000000,-0.047850,0.003207,0.000000,0.000000,1.000000,1.000000,2.570000,49.222000,0.000000,0.000000,2.570000,191.083389,0.900000,-0.600000,1.000000,-21.000000,181.000000,97.765167
44.132976,1,1.000000,0.000000,-0.046206,0.003016,0.000000,0.000000,1.000000,1.000000,2.570000,49.262001,0.000000,0.000000,2.570000,190.603043,0.900000,-0.500000,0.000000,-20.000000,179.000000,-10000.000000
44.171280,1,1.000000,0.000000,-0.051298,0.002968,0.000000,0.000000,1.000000,1.000000,2.540000,49.302002,0.000000,0.000000,2.540000,189.873795,0.800000,-0.400000,1.000000,-19.000000,177.000000,97.650650
44.212530,1,1.000000,0.000000,-0.054930,0.002824,0.000000,0.000000,1.000000,1.000000,2.540000,49.341999,0.000000,0.000000,2.540000,188.963654,0.600000,-0.400000,1.000000,-18.000000,174.000000,100.007980
44.252580,1,1.000000,0.000000,-0.057406,0.002606,0.000000,0.000000,1.000000,1.000000,2.520000,49.381001,0.000000,0.000000,2.520000,188.196228,0.700000,-0.400000,1.000000,-17.000000,171.000000,95.792793
44.292318,1,1.000000,0.000000,-0.055434,0.002418,0.000000,0.000000,1.000000,1.000000,2.520000,49.424000,0.000000,0.000000,2.520000,187.289841,0.800000,-0.500000,0.000000,-10000.000000,-10000.000000,-10000.000000
44.330668,1,1.000000,0.000000,-0.057325,0.002382,0.000000,0.000000,1.000000,1.000000,2.520000,49.590000,0.000000,0.000000,2.520000,186.425354,0.800000,-0.600000,1.000000,-18.000000,168.000000,97.016502
44.373774,1,1.000000,0.000000,-0.058626,0.002450,0.000000,0.000000,1.000000,1.000000,2.500000,49.980000,0.000000,0.000000,2.500000,185.885086,1.000000,-0.700000,1.000000,-19.000000,167.000000,95.964485
44.411939,1,1.000000,0.000000,-0.059557,0.002597,0.000000,0.000000,1.000000,1.000000,2.500000,50.410000,0.000000,0.000000,2.500000,185.459442,1.200000,-0.800000,1.000000,-20.000000,167.000000,95.710594
44.452288,1,1.000000,0.000000,-0.060100,0.002809,0.000000,0.000000,1.000000,1.000000,2.500000,49.577000,0.000000,0.000000,2.500000,185.286972,1.200000,-0.900000,1.000000,-21.000000,166.000000,92.489555
44.494600,1,1.000000,0.000000,-0.060533,0.003070,0.000000,0.000000,1.000000,1.000000,2.480000,49.615002,0.000000,0.000000,2.480000,184.853882,1.500000,-0.900000,1.000000,-22.000000,167.000000,94.028267
44.531517,1,1.000000,0.000000,-0.060685,0.003173,0.000000,0.000000,1.000000,1.000000,2.480000,49.661999,0.000000,0.000000,2.480000,184.603897,2.200000,-0.900000,1.000000,-21.000000,166.000000,91.591141
44.574911,1,1.000000,0.000000,-0.060714,0.003249,0.000000,0.000000,1.000000,1.000000,2.480000,49.701000,0.000000,0.000000,2.480000,184.426865,3.400000,-0.600000,1.000000,-21.000000,166.000000,93.521454
44.613078,1,1.000000,0.000000,-0.060749,0.003305,0.000000,0.000000,1.000000,1.000000,2.470000,49.742001,0.000000,0.000000,2.470000,184.242661,5.300000,-0.300000,1.000000,-21.000000,167.000000,90.784828
44.650933,1,1.000000,0.000000,-0.058674,0.003084,0.000000,0.000000,1.000000,1.000000,2.460000,49.779999,0.000000,0.000000,2.460000,184.067520,6.600000,-0.300000,0.000000,-10000.000000,-10000.000000,-10000.000000
44.692719,1,1.000000,0.000000,-0.056673,0.002875,0.000000,0.000000,1.000000,1.000000,2.450000,49.824001,0.000000,0.000000,2.450000,184.001617,7.000000,-0.300000,0.000000,-10000.000000,-10000.000000,-10000.000000
44.730937,1,1.000000,0.000000,-0.054745,0.002676,0.000000,0.000000,1.000000,1.000000,2.450000,49.863998,0.000000,0.000000,2.450000,183.761475,6.800000,-0.700000,0.000000,-10000.000000,-10000.000000,-10000.000000
44.776812,1,1.000000,0.000000,-0.052885,0.002488,0.000000,0.000000,1.000000,1.000000,2.460000,49.905998,0.000000,0.000000,2.460000,183.679916,5.600000,-0.900000,0.000000,-10000.000000,-10000.000000,-10000.000000
44.816892,1,1.000000,0.000000,-0.051093,0.002309,0.000000,0.000000,1.000000,1.000000,2.460000,49.944000,0.000000,0.000000,2.460000,183.607666,4.300000,-1.000000,0.000000,-10000.000000,-10000.000000,-10000.000000
44.853543,1,1.000000,0.000000,-0.055623,0.001877,0.000000,0.000000,1.000000,1.000000,2.460000,49.977001,0.000000,0.000000,2.460000,183.558746,3.400000,-1.100000,1.000000,-14.000000,196.000000,90.000000
44.894768,1,1.000000,0.000000,-0.053738,0.001714,0.000000,0.000000,1.000000,1.000000,2.440000,50.021000,0.000000,0.000000,2.440000,183.516449,2.600000,-1.100000,0.000000,-10000.000000,-10000.000000,-10000.000000
44.936308,1,1.000000,0.000000,-0.054637,0.001609,0.000000,0.000000,1.000000,1.000000,2.440000,50.066002,0.000000,0.000000,2.440000,183.493713,2.300000,-1.300000,1.000000,-16.000000,166.000000,90.000000
44.976069,1,1.000000,0.000000,-0.054797,0.001528,0.000000,0.000000,1.000000,1.000000,2.410000,50.098999,0.000000,0.000000,2.410000,183.441132,2.000000,-1.300000,1.000000,-16.000000,161.000000,90.000000
45.014671,1,1.000000,0.000000,-0.052944,0.001379,0.000000,0.000000,1.000000,1.000000,2.410000,50.141998,0.000000,0.000000,2.410000,183.423706,1.700000,-1.300000,0.000000,-10000.000000,-10000.000000,-10000.000000
45.054820,1,1.000000,0.000000,-0.051157,0.001238,0.000000,0.000000,1.000000,1.000000,2.410000,50.181999,0.000000,0.000000,2.410000,183.404373,1.600000,-1.400000,0.000000,-10000.000000,-10000.000000,-10000.000000
45.096826,1,1.000000,0.000000,-0.049435,0.001105,0.000000,0.000000,1.000000,1.000000,2.390000,50.221001,0.000000,0.000000,2.390000,183.370712,1.500000,-1.400000,0.000000,-10000.000000,-10000.000000,-10000.000000
45.134756,1,1.000000,0.000000,-0.049334,0.001253,0.000000,0.000000,1.000000,1.000000,2.390000,50.259998,0.000000,0.000000,2.390000,183.360413,1.400000,-1.500000,1.000000,-17.000000,149.000000,90.000000
45.174622,1,1.000000,0.000000,-0.049022,0.001375,0.000000,0.000000,1.000000,1.000000,2.360000,50.303001,0.000000,0.000000,2.360000,183.319504,1.500000,-1.500000,1.000000,-17.000000,147.000000,90.000000
45.215862,1,1.000000,0.000000,-0.048544,0.001476,0.000000,0.000000,1.000000,1.000000,2.360000,50.341999,0.000000,0.000000,2.360000,183.286469,1.500000,-1.500000,1.000000,-17.000000,145.000000,90.000000
45.254095,1,1.000000,0.000000,-0.046916,0.001338,0.000000,0.000000,1.000000,1.000000,2.360000,50.382999,0.000000,0.000000,2.360000,183.278336,1.400000,-1.600000,0.000000,-10000.000000,-10000.000000,-10000.000000
45.293599,1,1.000000,0.000000,-0.045345,0.001208,0.000000,0.000000,1.000000,1.000000,2.350000,50.417000,0.000000,0.000000,2.350000,183.277649,1.500000,-1.600000,0.000000,-10000.000000,-10000.000000,-10000.000000
45.334788,1,1.000000,0.000000,-0.044976,0.001463,0.000000,0.000000,1.000000,1.000000,2.350000,51.250000,0.000000,0.000000,2.350000,183.259354,1.500000,-1.700000,1.000000,-18.000000,139.000000,90.716164
45.375817,1,1.000000,0.000000,-0.044566,0.001669,0.000000,0.000000,1.000000,1.000000,2.330000,50.919998,0.000000,0.000000,2.330000,183.240326,1.400000,-1.600000,1.000000,-18.000000,138.000000,90.707321
45.418525,1,1.000000,0.000000,-0.043078,0.001531,0.000000,0.000000,1.000000,1.000000,2.330000,51.369999,0.000000,0.000000,2.330000,183.242722,1.300000,-1.700000,0.000000,-19.000000,135.000000,93.094055
45.453040,1,1.000000,0.000000,-0.042742,0.001833,0.000000,0.000000,1.000000,1.000000,2.300000,50.582001,0.000000,0.000000,2.300000,183.234253,1.400000,-1.700000,1.000000,-19.000000,135.000000,93.094055
45.498027,1,1.000000,0.000000,-0.042168,0.002076,0.000000,0.000000,1.000000,1.000000,2.300000,50.623001,0.000000,0.000000,2.300000,183.228699,1.500000,-1.700000,1.000000,-19.000000,132.000000,93.094055
45.536634,1,1.000000,0.000000,-0.041703,0.002271,0.000000,0.000000,1.000000,1.000000,2.300000,50.658001,0.000000,0.000000,2.300000,183.205063,1.500000,-1.700000,1.000000,-19.000000,132.000000,93.052879
45.578189,1,1.000000,0.000000,-0.041229,0.002527,0.000000,0.000000,1.000000,1.000000,2.290000,50.702000,0.000000,0.000000,2.290000,183.203568,1.400000,-1.700000,1.000000,-20.000000,131.000000,93.621483
45.624924,1,1.000000,0.000000,-0.040649,0.002733,0.000000,0.000000,1.000000,1.000000,2.290000,50.738998,0.000000,0.000000,2.290000,183.186432,1.400000,-1.700000,1.000000,-20.000000,129.000000,92.935677
45.657522,1,1.000000,0.000000,-0.040185,0.002897,0.000000,0.000000,1.000000,1.000000,2.290000,50.776001,0.000000,0.000000,2.290000,183.192001,1.500000,-1.700000,1.000000,-20.000000,129.000000,92.935677
45.721839,1,1.000000,0.000000,-0.039813,0.003028,0.000000,0.000000,1.000000,1.000000,2.280000,50.827000,0.000000,0.000000,2.280000,183.162567,1.400000,-1.700000,1.000000,-20.000000,129.000000,92.935677
45.780314,1,1.000000,0.000000,-0.039516,0.003134,0.000000,0.000000,1.000000,1.000000,2.280000,50.862000,0.000000,0.000000,2.280000,183.193665,1.400000,-1.700000,1.000000,-20.000000,129.000000,92.935677
45.833603,1,1.000000,0.000000,-0.038884,0.003317,0.000000,0.000000,1.000000,1.000000,2.280000,50.928001,0.000000,0.000000,2.280000,183.192642,1.400000,-1.700000,1.000000,-21.000000,125.000000,93.621483
45.879229,1,1.000000,0.000000,-0.038285,0.003562,0.000000,0.000000,1.000000,1.000000,2.280000,50.981998,0.000000,0.000000,2.280000,183.177063,1.500000,-1.700000,1.000000,-22.000000,124.000000,93.918251
45.900631,1,1.000000,0.000000,-0.037016,0.003369,0.000000,0.000000,1.000000,1.000000,2.280000,51.021999,0.000000,0.000000,2.280000,183.185211,1.400000,-1.700000,0.000000,-10000.000000,-10000.000000,-10000.000000
45.950036,1,1.000000,0.000000,-0.036423,0.003706,0.000000,0.000000,1.000000,1.000000,2.280000,51.060001,0.000000,0.000000,2.280000,183.182816,1.400000,-1.700000,1.000000,-23.000000,120.000000,93.667786
46.000620,1,1.000000,0.000000,-0.035861,0.004072,0.000000,0.000000,1.000000,1.000000,2.290000,51.108002,0.000000,0.000000,2.290000,183.172028,1.500000,-1.700000,1.000000,-24.000000,119.000000,92.021362
46.029910,1,1.000000,0.000000,-0.035424,0.004360,0.000000,0.000000,1.000000,1.000000,2.290000,51.146000,0.000000,0.000000,2.290000,183.148605,1.500000,-1.700000,1.000000,-24.000000,119.000000,92.021362
46.065715,1,1.000000,0.000000,-0.034254,0.004144,0.000000,0.000000,1.000000,1.000000,2.290000,51.186001,0.000000,0.000000,2.290000,183.148605,1.500000,-1.700000,0.000000,-10000.000000,-10000.000000,-10000.000000
46.105158,1,1.000000,0.000000,-0.033978,0.004517,0.000000,0.000000,1.000000,1.000000,2.290000,51.230999,0.000000,0.000000,2.290000,183.142670,1.500000,-1.700000,1.000000,-25.000000,117.000000,94.236397
46.144619,1,1.000000,0.000000,-0.033672,0.004811,0.000000,0.000000,1.000000,1.000000,2.290000,51.265999,0.000000,0.000000,2.290000,183.118469,1.500000,-1.700000,1.000000,-25.000000,116.000000,92.045410
46.182774,1,1.000000,0.000000,-0.033342,0.005140,0.000000,0.000000,1.000000,1.000000,2.300000,51.311001,0.000000,0.000000,2.300000,183.120422,1.500000,-1.700000,1.000000,-26.000000,115.000000,92.021362
46.223525,1,1.000000,0.000000,-0.032897,0.005594,0.000000,0.000000,1.000000,1.000000,2.300000,51.349998,0.000000,0.000000,2.300000,183.103333,1.500000,-1.700000,1.000000,-28.000000,113.000000,92.021362
46.262819,1,1.000000,0.000000,-0.032557,0.005949,0.000000,0.000000,1.000000,1.000000,2.300000,51.391998,0.000000,0.000000,2.300000,183.097321,1.600000,-1.700000,1.000000,-28.000000,113.000000,93.667786
46.303586,1,1.000000,0.000000,-0.032302,0.006225,0.000000,0.000000,1.000000,1.000000,2.310000,51.425999,0.000000,0.000000,2.310000,183.071457,1.600000,-1.800000,1.000000,-28.000000,113.000000,93.667786
46.342088,1,1.000000,0.000000,-0.031916,0.006537,0.000000,0.000000,1.000000,1.000000,2.310000,51.680000,0.000000,0.000000,2.310000,183.070831,1.600000,-1.800000,1.000000,-29.000000,111.000000,93.489326
46.383002,1,1.000000,0.000000,-0.031626,0.006877,0.000000,0.000000,1.000000,1.000000,2.310000,52.009998,0.000000,0.000000,2.310000,183.050018,1.600000,-1.800000,1.000000,-30.000000,111.000000,92.174744
46.427019,1,1.000000,0.000000,-0.031312,0.007139,0.000000,0.000000,1.000000,1.000000,2.310000,52.439999,0.000000,0.000000,2.310000,183.029114,1.600000,-1.800000,1.000000,-30.000000,110.000000,94.343239
46.464022,1,1.000000,0.000000,-0.030980,0.007634,0.000000,0.000000,1.000000,1.000000,2.310000,51.582001,0.000000,0.000000,2.310000,183.019577,1.500000,-1.800000,1.000000,-33.000000,109.000000,94.085617
46.501255,1,1.000000,0.000000,-0.029956,0.007312,0.000000,0.000000,1.000000,1.000000,2.320000,51.625000,0.000000,0.000000,2.320000,183.011124,1.400000,-1.900000,0.000000,-10000.000000,-10000.000000,-10000.000000
46.545616,1,1.000000,0.000000,-0.029747,0.007957,0.000000,0.000000,1.000000,1.000000,2.320000,51.665001,0.000000,0.000000,2.320000,182.997818,1.500000,-1.900000,1.000000,-35.000000,107.000000,94.879272
46.584173,1,1.000000,0.000000,-0.029499,0.008556,0.000000,0.000000,1.000000,1.000000,2.330000,51.708000,0.000000,0.000000,2.330000,182.977768,1.600000,-2.000000,1.000000,-36.000000,106.000000,93.764038
46.621700,1,1.000000,0.000000,-0.028525,0.008204,0.000000,0.000000,1.000000,1.000000,2.330000,51.749001,0.000000,0.000000,2.330000,182.979797,1.600000,-2.000000,0.000000,-10000.000000,-10000.000000,-10000.000000
46.662501,1,1.000000,0.000000,-0.028377,0.008835,0.000000,0.000000,1.000000,1.000000,2.330000,51.792000,0.000000,0.000000,2.330000,182.968155,1.400000,-2.000000,1.000000,-37.000000,104.000000,94.939217
46.703331,1,1.000000,0.000000,-0.028179,0.009520,0.000000,0.000000,1.000000,1.000000,2.330000,51.833000,0.000000,0.000000,2.330000,182.961853,1.500000,-2.100000,1.000000,-39.000000,103.000000,92.694283
46.744358,1,1.000000,0.000000,-0.028042,0.010345,0.000000,0.000000,1.000000,1.000000,2.330000,51.874001,0.000000,0.000000,2.330000,182.946060,1.600000,-2.100000,1.000000,-42.000000,103.000000,93.327408
46.782838,1,1.000000,0.000000,-0.027853,0.010982,0.000000,0.000000,1.000000,1.000000,2.330000,51.904999,0.000000,0.000000,2.330000,182.957443,1.600000,-2.100000,1.000000,-42.000000,102.000000,92.663002
46.822023,1,1.000000,0.000000,-0.026930,0.010550,0.000000,0.000000,1.000000,1.000000,2.330000,51.947998,0.000000,0.000000,2.330000,182.943268,1.500000,-2.200000,0.000000,-10000.000000,-10000.000000,-10000.000000
46.864233,1,1.000000,0.000000,-0.026040,0.010135,0.000000,0.000000,1.000000,1.000000,2.330000,51.983002,0.000000,0.000000,2.330000,182.946136,1.500000,-2.300000,0.000000,-10000.000000,-10000.000000,-10000.000000
46.901920,1,1.000000,0.000000,-0.026338,0.011079,0.000000,0.000000,1.000000,1.000000,2.340000,52.026001,0.000000,0.000000,2.340000,182.946686,1.600000,-2.300000,1.000000,-45.000000,102.000000,92.726311
46.947118,1,1.000000,0.000000,-0.026593,0.011908,0.000000,0.000000,1.000000,1.000000,2.340000,52.063999,0.000000,0.000000,2.340000,182.948441,1.600000,-2.300000,1.000000,-46.000000,102.000000,92.827126
46.982721,1,1.000000,0.000000,-0.026813,0.012545,0.000000,0.000000,1.000000,1.000000,2.340000,52.112999,0.000000,0.000000,2.340000,182.946732,1.700000,-2.300000,1.000000,-46.000000,102.000000,92.827126
47.022022,1,1.000000,0.000000,-0.026905,0.013130,0.000000,0.000000,1.000000,1.000000,2.340000,52.147999,0.000000,0.000000,2.340000,182.952042,1.700000,-2.300000,1.000000,-47.000000,101.000000,94.879272
47.062665,1,1.000000,0.000000,-0.026009,0.012626,0.000000,0.000000,1.000000,1.000000,2.350000,52.188999,0.000000,0.000000,2.350000,182.938004,1.700000,-2.200000,0.000000,-10000.000000,-10000.000000,-10000.000000
47.102875,1,1.000000,0.000000,-0.025144,0.012142,0.000000,0.000000,1.000000,1.000000,2.350000,52.230000,0.000000,0.000000,2.350000,182.955841,1.500000,-2.200000,0.000000,-10000.000000,-10000.000000,-10000.000000
47.143748,1,1.000000,0.000000,-0.025650,0.013063,0.000000,0.000000,1.000000,1.000000,2.350000,52.271000,0.000000,0.000000,2.350000,182.967682,1.500000,-2.200000,1.000000,-50.000000,101.000000,95.194427
47.184303,1,1.000000,0.000000,-0.024797,0.012565,0.000000,0.000000,1.000000,1.000000,2.350000,52.312000,0.000000,0.000000,2.350000,182.948532,1.600000,-2.200000,0.000000,-10000.000000,-10000.000000,-10000.000000
47.234939,1,1.000000,0.000000,-0.025516,0.013565,0.000000,0.000000,1.000000,1.000000,2.350000,52.355000,0.000000,0.000000,2.350000,182.956635,1.600000,-2.200000,1.000000,-52.000000,102.000000,93.990913
47.278823,1,1.000000,0.000000,-0.024665,0.013050,0.000000,0.000000,1.000000,1.000000,2.360000,52.389999,0.000000,0.000000,2.360000,182.958862,1.500000,-2.200000,0.000000,-10000.000000,-10000.000000,-10000.000000
47.306999,1,1.000000,0.000000,-0.023845,0.012555,0.000000,0.000000,1.000000,1.000000,2.360000,52.427002,0.000000,0.000000,2.360000,182.970276,1.400000,-2.200000,0.000000,-54.000000,100.000000,94.707855
47.358977,1,1.000000,0.000000,-0.024631,0.013811,0.000000,0.000000,1.000000,1.000000,2.360000,52.590000,0.000000,0.000000,2.360000,182.967178,1.500000,-2.300000,1.000000,-55.000000,100.000000,95.782394
47.393393,1,1.000000,0.000000,-0.025367,0.014881,0.000000,0.000000,1.000000,1.000000,2.360000,53.090000,0.000000,0.000000,2.360000,182.946320,1.500000,-3.000000,1.000000,-56.000000,101.000000,94.037712
47.446869,1,1.000000,0.000000,-0.025961,0.015804,0.000000,0.000000,1.000000,1.000000,2.350000,52.563000,0.000000,0.000000,2.350000,182.919785,2.000000,-4.300000,1.000000,-57.000000,101.000000,94.707855
47.489647,1,1.000000,0.000000,-0.026344,0.016509,0.000000,0.000000,1.000000,1.000000,2.350000,52.599998,0.000000,0.000000,2.350000,182.863083,2.800000,-4.900000,1.000000,-57.000000,100.000000,96.842773
47.523340,1,1.000000,0.000000,-0.026657,0.017139,0.000000,0.000000,1.000000,1.000000,2.350000,52.639999,0.000000,0.000000,2.350000,182.814285,3.400000,-5.200000,1.000000,-58.000000,100.000000,94.037712
47.565983,1,1.000000,0.000000,-0.027208,0.018695,0.000000,0.000000,1.000000,1.000000,2.350000,52.675999,0.000000,0.000000,2.350000,182.780304,3.600000,-5.300000,1.000000,-69.000000,103.000000,94.763641
47.599547,1,1.000000,0.000000,-0.027943,0.020383,0.000000,0.000000,1.000000,1.000000,2.360000,52.714001,0.000000,0.000000,2.360000,182.758698,3.500000,-4.900000,1.000000,-74.000000,106.000000,94.763641
47.628821,1,1.000000,0.000000,-0.029411,0.022270,0.000000,0.000000,1.000000,1.000000,2.360000,52.757000,0.000000,0.000000,2.360000,182.810303,2.900000,-4.400000,1.000000,-80.000000,115.000000,95.572197
47.666572,1,1.000000,0.000000,-0.030862,0.023913,0.000000,0.000000,1.000000,1.000000,2.360000,52.794998,0.000000,0.000000,2.360000,182.874893,2.300000,-4.300000,1.000000,-82.000000,118.000000,94.939217
47.708458,1,1.000000,0.000000,-0.032097,0.025165,0.000000,0.000000,1.000000,1.000000,2.360000,52.835999,0.000000,0.000000,2.360000,182.881409,2.100000,-4.200000,1.000000,-82.000000,119.000000,94.939217
47.748982,1,1.000000,0.000000,-0.032570,0.025614,0.000000,0.000000,1.000000,1.000000,2.360000,52.875000,0.000000,0.000000,2.360000,182.888412,1.900000,-4.100000,1.000000,-77.000000,114.000000,96.753571
47.787857,1,1.000000,0.000000,-0.032540,0.025825,0.000000,0.000000,1.000000,1.000000,2.360000,52.915001,0.000000,0.000000,2.360000,182.925034,1.700000,-3.600000,1.000000,-76.000000,110.000000,96.581947
47.828066,1,1.000000,0.000000,-0.032410,0.025949,0.000000,0.000000,1.000000,1.000000,2.370000,52.955002,0.000000,0.000000,2.370000,182.967789,1.500000,-3.000000,1.000000,-76.000000,109.000000,95.194427
47.867348,1,1.000000,0.000000,-0.032202,0.026003,0.000000,0.000000,1.000000,1.000000,2.370000,52.995998,0.000000,0.000000,2.370000,182.991196,1.400000,-2.700000,1.000000,-76.000000,108.000000,95.505478
47.908458,1,1.000000,0.000000,-0.031835,0.025513,0.000000,0.000000,1.000000,1.000000,2.370000,53.038002,0.000000,0.000000,2.370000,183.006363,1.400000,-2.400000,1.000000,-71.000000,106.000000,96.115501
47.964500,1,1.000000,0.000000,-0.031444,0.024498,0.000000,0.000000,1.000000,1.000000,2.370000,53.087002,0.000000,0.000000,2.370000,183.030441,1.400000,-2.300000,1.000000,-65.000000,105.000000,96.952957
