20.701484,1,1.750000,0.000000,0.000000,0.000000,1.000000,0.000000,0.000000,0.000000,0.200000,934.929016,0.000000,0.000000,0.200000,98.957809,0.800000,-0.600000,0.000000,-10000.000000,-10000.000000,-10000.000000
20.713467,1,1.750000,0.000000,0.000000,0.000000,1.000000,0.000000,0.000000,0.000000,0.200000,934.940002,0.000000,0.000000,0.200000,98.957809,0.800000,-0.600000,0.000000,-10000.000000,-10000.000000,-10000.000000
20.754540,1,1.750000,0.000000,0.000000,0.000000,1.000000,0.000000,0.000000,0.000000,0.200000,934.979004,0.000000,0.000000,0.200000,99.157051,0.700000,-0.600000,0.000000,-10000.000000,-10000.000000,-10000.000000
20.793964,1,1.750000,0.000000,0.000000,0.000000,1.000000,0.000000,0.000000,0.000000,0.200000,935.018982,0.000000,0.000000,0.200000,99.293282,0.700000,-0.600000,0.000000,-10000.000000,-10000.000000,-10000.000000
20.833623,1,1.750000,0.000000,0.000000,0.000000,1.000000,0.000000,0.000000,0.000000,0.200000,935.062012,0.000000,0.000000,0.200000,99.442101,0.700000,-0.600000,0.000000,-10000.000000,-10000.000000,-10000.000000
20.876017,1,1.750000,0.000000,0.000000,0.000000,1.000000,0.000000,0.000000,0.000000,0.200000,935.260010,0.000000,0.000000,0.200000,99.442101,0.700000,-0.600000,0.000000,-10000.000000,-10000.000000,-10000.000000
20.913141,1,1.750000,0.000000,0.000000,0.000000,1.000000,0.000000,0.000000,0.000000,0.200000,935.609985,0.000000,0.000000,0.200000,99.714600,0.700000,-0.600000,0.000000,-10000.000000,-10000.000000,-10000.000000
20.955076,1,1.750000,0.000000,0.000000,0.000000,1.000000,0.000000,0.000000,0.000000,0.200000,936.010010,0.000000,0.000000,0.200000,99.888390,0.700000,-0.600000,0.000000,-10000.000000,-10000.000000,-10000.000000
20.994593,1,1.750000,0.000000,0.000000,0.000000,1.000000,0.000000,0.000000,0.000000,0.200000,935.219971,0.000000,0.000000,0.200000,100.000656,0.700000,-0.600000,0.000000,-10000.000000,-10000.000000,-10000.000000
21.033676,1,1.750000,0.000000,0.000000,0.000000,1.000000,0.000000,0.000000,0.000000,0.200000,935.260010,0.000000,0.000000,0.200000,100.168610,0.700000,-0.700000,0.000000,-10000.000000,-10000.000000,-10000.000000
21.074648,1,1.750000,0.000000,0.000000,0.000000,1.000000,0.000000,0.000000,0.000000,0.200000,935.302002,0.000000,0.000000,0.200000,100.293289,0.800000,-0.600000,0.000000,-10000.000000,-10000.000000,-10000.000000
21.114589,1,1.750000,0.000000,0.000000,0.000000,1.000000,0.000000,0.000000,0.000000,0.200000,935.341980,0.000000,0.000000,0.200000,100.396347,0.800000,-0.600000,0.000000,-10000.000000,-10000.000000,-10000.000000
21.155501,1,1.750000,0.000000,0.000000,0.000000,1.000000,0.000000,0.000000,0.000000,0.200000,935.383972,0.000000,0.000000,0.200000,100.463455,0.800000,-0.700000,0.000000,-10000.000000,-10000.000000,-10000.000000
21.194247,1,1.750000,0.000000,0.000000,0.000000,1.000000,0.000000,0.000000,0.000000,0.200000,935.421997,0.000000,0.000000,0.200000,100.428314,0.900000,-0.700000,0.000000,-10000.000000,-10000.000000,-10000.000000
21.232963,1,1.750000,0.000000,0.000000,0.000000,1.000000,0.000000,0.000000,0.000000,0.200000,935.460999,0.000000,0.000000,0.200000,100.336319,0.800000,-0.900000,0.000000,-10000.000000,-10000.000000,-10000.000000
21.274318,1,1.750000,0.000000,0.000000,0.000000,1.000000,0.000000,0.000000,0.000000,0.200000,935.507019,0.000000,0.000000,0.200000,100.137939,1.200000,-0.900000,0.000000,-10000.000000,-10000.000000,-10000.000000
21.314575,1,1.750000,0.000000,0.000000,0.000000,1.000000,0.000000,0.000000,0.000000,0.200000,935.547974,0.000000,0.000000,0.200000,99.889427,1.600000,-1.200000,0.000000,156.000000,-123.000000,-10000.000000
21.357418,1,1.750000,0.000000,0.000000,0.000000,1.000000,0.000000,0.000000,0.000000,0.200000,935.575989,0.000000,0.000000,0.200000,99.592545,1.900000,-1.600000,0.000000,-10000.000000,-10000.000000,-10000.000000
21.394931,1,1.750000,0.000000,0.000000,0.000000,1.000000,0.000000,0.000000,0.000000,0.200000,935.619019,0.000000,0.000000,0.200000,99.418556,2.400000,-1.300000,0.000000,-10000.000000,-10000.000000,-10000.000000
21.433403,1,1.750000,0.000000,0.000000,0.000000,1.000000,0.000000,0.000000,0.000000,0.200000,935.658020,0.000000,0.000000,0.200000,99.155281,2.300000,-1.300000,0.000000,-10000.000000,-10000.000000,-10000.000000
21.472778,1,1.750000,0.000000,0.000000,0.000000,1.000000,0.000000,0.000000,0.000000,0.200000,935.700989,0.000000,0.000000,0.200000,98.905945,1.400000,-1.300000,0.000000,-10000.000000,-10000.000000,-10000.000000
21.514120,1,1.750000,0.000000,0.000000,0.000000,1.000000,0.000000,0.000000,0.000000,0.200000,935.737976,0.000000,0.000000,0.200000,98.751411,1.200000,-1.200000,0.000000,13.000000,-185.000000,-10000.000000
21.554523,1,1.750000,0.000000,0.000000,0.000000,1.000000,0.000000,0.000000,0.000000,0.200000,935.778015,0.000000,0.000000,0.200000,98.579460,1.500000,-1.000000,0.000000,-10000.000000,-10000.000000,-10000.000000
21.593783,1,1.750000,0.000000,0.000000,0.000000,1.000000,0.000000,0.000000,0.000000,0.200000,935.820984,0.000000,0.000000,0.200000,98.388931,2.000000,-0.900000,0.000000,-10000.000000,-10000.000000,-10000.000000
21.632981,1,1.750000,0.000000,0.000000,0.000000,1.000000,0.000000,0.000000,0.000000,0.200000,935.857971,0.000000,0.000000,0.200000,98.271439,2.100000,-1.500000,0.000000,-10000.000000,-10000.000000,-10000.000000
21.676469,1,1.750000,0.000000,0.000000,0.000000,1.000000,0.000000,0.000000,0.000000,0.200000,935.901001,0.000000,0.000000,0.200000,98.202583,2.300000,-1.700000,0.000000,-10000.000000,-10000.000000,-10000.000000
21.713728,1,1.750000,0.000000,0.000000,0.000000,1.000000,0.000000,0.000000,0.000000,0.200000,935.940002,0.000000,0.000000,0.200000,98.175789,2.700000,-1.800000,0.000000,-10000.000000,-10000.000000,-10000.000000
21.754377,1,1.750000,0.000000,0.000000,0.000000,1.000000,0.000000,0.000000,0.000000,0.200000,935.979004,0.000000,0.000000,0.200000,98.182693,2.800000,-1.600000,0.000000,-10000.000000,-10000.000000,-10000.000000
21.793992,1,1.750000,0.000000,0.000000,0.000000,1.000000,0.000000,0.000000,0.000000,0.310000,936.020020,0.000000,0.000000,0.310000,98.243080,2.700000,-1.700000,0.000000,-10000.000000,-10000.000000,-10000.000000
21.832666,1,1.750000,0.000000,0.000000,0.000000,1.000000,0.000000,0.000000,0.000000,0.310000,936.060974,0.000000,0.000000,0.310000,98.344818,2.400000,-1.700000,0.000000,-10000.000000,-10000.000000,-10000.000000
21.876312,1,1.750000,0.000000,0.000000,0.000000,1.000000,0.000000,0.000000,0.000000,0.310000,936.200012,0.000000,0.000000,0.310000,98.418289,2.200000,-1.500000,0.000000,-10000.000000,-10000.000000,-10000.000000
21.915258,1,1.750000,0.000000,0.000000,0.000000,1.000000,0.000000,0.000000,0.000000,0.410000,936.599976,0.000000,0.000000,0.410000,98.578041,2.000000,-1.300000,0.000000,-10000.000000,-10000.000000,-10000.000000
21.954802,1,1.750000,0.000000,0.000000,0.000000,1.000000,0.000000,0.000000,0.000000,0.410000,937.030029,0.000000,0.000000,0.410000,98.696381,1.800000,-1.400000,0.000000,-10000.000000,-10000.000000,-10000.000000
21.994161,1,1.750000,0.000000,0.000000,0.000000,1.000000,0.000000,0.000000,0.000000,0.410000,936.219971,0.000000,0.000000,0.410000,98.877205,1.800000,-0.900000,0.000000,-10000.000000,-10000.000000,-10000.000000
22.033754,1,1.750000,0.000000,0.000000,0.000000,1.000000,0.000000,0.000000,0.000000,0.380000,936.262024,0.000000,0.000000,0.380000,99.062355,1.500000,-0.500000,0.000000,-10000.000000,-10000.000000,-10000.000000
22.074478,1,1.750000,0.000000,0.000000,0.000000,1.000000,0.000000,0.000000,0.000000,0.380000,936.302002,0.000000,0.000000,0.380000,99.265327,1.500000,-0.600000,0.000000,-10000.000000,-10000.000000,-10000.000000
22.115305,1,1.750000,0.000000,0.000000,0.000000,1.000000,0.000000,0.000000,0.000000,0.300000,936.341003,0.000000,0.000000,0.300000,99.412415,1.900000,-0.900000,0.000000,-10000.000000,-10000.000000,-10000.000000
22.155237,1,1.750000,0.000000,0.000000,0.000000,1.000000,0.000000,0.000000,0.000000,0.300000,936.385010,0.000000,0.000000,0.300000,99.562393,1.800000,-0.800000,0.000000,-10000.000000,-10000.000000,-10000.000000
22.196875,1,1.750000,0.000000,0.000000,0.000000,1.000000,0.000000,0.000000,0.000000,0.300000,936.421997,0.000000,0.000000,0.300000,99.723816,1.600000,-0.800000,0.000000,-10000.000000,-10000.000000,-10000.000000
22.233326,1,1.750000,0.000000,0.000000,0.000000,1.000000,0.000000,0.000000,0.000000,0.300000,936.465027,0.000000,0.000000,0.300000,99.854874,1.500000,-1.000000,0.000000,-10000.000000,-10000.000000,-10000.000000
22.274456,1,1.750000,0.000000,0.000000,0.000000,1.000000,0.000000,0.000000,0.000000,0.300000,936.505981,0.000000,0.000000,0.300000,99.981956,1.400000,-0.900000,0.000000,-10000.000000,-10000.000000,-10000.000000
22.315340,1,1.750000,0.000000,0.000000,0.000000,1.000000,0.000000,0.000000,0.000000,0.320000,936.546997,0.000000,0.000000,0.320000,100.087830,1.300000,-0.900000,0.000000,-10000.000000,-10000.000000,-10000.000000
22.354707,1,1.750000,0.000000,0.000000,0.000000,1.000000,0.000000,0.000000,0.000000,0.320000,936.578003,0.000000,0.000000,0.320000,100.190544,1.400000,-1.000000,0.000000,-10000.000000,-10000.000000,-10000.000000
22.395330,1,1.750000,0.000000,0.000000,0.000000,1.000000,0.000000,0.000000,0.000000,0.320000,936.617981,0.000000,0.000000,0.320000,100.243080,1.500000,-1.100000,0.000000,-10000.000000,-10000.000000,-10000.000000
22.432952,1,1.750000,0.000000,0.000000,0.000000,1.000000,0.000000,0.000000,0.000000,0.320000,936.656982,0.000000,0.000000,0.320000,100.287735,1.600000,-1.100000,0.000000,-10000.000000,-10000.000000,-10000.000000
22.476456,1,1.750000,0.000000,0.000000,0.000000,1.000000,0.000000,0.000000,0.000000,0.320000,936.700989,0.000000,0.000000,0.320000,100.326347,1.600000,-1.000000,0.000000,-10000.000000,-10000.000000,-10000.000000
22.514712,1,1.750000,0.000000,0.000000,0.000000,1.000000,0.000000,0.000000,0.000000,0.330000,936.737976,0.000000,0.000000,0.330000,100.354294,1.500000,-0.900000,0.000000,-10000.000000,-10000.000000,-10000.000000
22.556307,1,1.750000,0.000000,0.000000,0.000000,1.000000,0.000000,0.000000,0.000000,0.330000,936.778015,0.000000,0.000000,0.330000,100.395676,1.300000,-0.800000,0.000000,-10000.000000,-10000.000000,-10000.000000
22.593635,1,1.750000,0.000000,0.000000,0.000000,1.000000,0.000000,0.000000,0.000000,0.330000,936.820007,0.000000,0.000000,0.330000,100.450188,1.200000,-0.900000,0.000000,-10000.000000,-10000.000000,-10000.000000
22.633411,1,1.750000,0.000000,0.000000,0.000000,1.000000,0.000000,0.000000,0.000000,0.360000,936.857971,0.000000,0.000000,0.360000,100.478989,1.100000,-0.800000,0.000000,-10000.000000,-10000.000000,-10000.000000
22.675092,1,1.750000,0.000000,0.000000,0.000000,1.000000,0.000000,0.000000,0.000000,0.360000,936.901001,0.000000,0.000000,0.360000,100.544067,1.200000,-0.900000,0.000000,-10000.000000,-10000.000000,-10000.000000
22.713820,1,1.750000,0.000000,0.000000,0.000000,1.000000,0.000000,0.000000,0.000000,0.390000,936.937988,0.000000,0.000000,0.390000,100.570183,1.200000,-0.900000,0.000000,-10000.000000,-10000.000000,-10000.000000
22.756154,1,1.750000,0.000000,0.000000,0.000000,1.000000,0.000000,0.000000,0.000000,0.390000,936.978027,0.000000,0.000000,0.390000,100.630722,1.400000,-0.900000,0.000000,-10000.000000,-10000.000000,-10000.000000
22.793530,1,1.750000,0.000000,0.000000,0.000000,1.000000,0.000000,0.000000,0.000000,0.430000,937.020020,0.000000,0.000000,0.430000,100.667763,1.500000,-0.900000,0.000000,-10000.000000,-10000.000000,-10000.000000
22.832005,1,1.750000,0.000000,0.000000,0.000000,1.000000,0.000000,0.000000,0.000000,0.430000,937.060974,0.000000,0.000000,0.430000,100.673004,1.500000,-0.900000,0.000000,-10000.000000,-10000.000000,-10000.000000
22.874683,1,1.750000,0.000000,0.000000,0.000000,1.000000,0.000000,0.000000,0.000000,0.430000,937.200012,0.000000,0.000000,0.430000,100.695099,1.400000,-0.900000,0.000000,-10000.000000,-10000.000000,-10000.000000
22.913700,1,1.750000,0.000000,0.000000,0.000000,1.000000,0.000000,0.000000,0.000000,0.460000,937.609985,0.000000,0.000000,0.460000,100.707672,1.300000,-0.800000,0.000000,-10000.000000,-10000.000000,-10000.000000
22.958699,1,1.750000,0.000000,0.000000,0.000000,1.000000,0.000000,0.000000,0.000000,0.460000,938.000000,0.000000,0.000000,0.460000,100.745110,1.200000,-0.800000,0.000000,-10000.000000,-10000.000000,-10000.000000
22.993677,1,1.750000,0.000000,0.000000,0.000000,1.000000,0.000000,0.000000,0.000000,0.480000,937.221008,0.000000,0.000000,0.480000,100.785408,1.100000,-0.900000,0.000000,-10000.000000,-10000.000000,-10000.000000
23.032703,1,1.750000,0.000000,0.000000,0.000000,1.000000,0.000000,0.000000,0.000000,0.480000,937.260010,0.000000,0.000000,0.480000,100.820656,1.200000,-1.000000,0.000000,-10000.000000,-10000.000000,-10000.000000
23.076868,1,1.750000,0.000000,0.000000,0.000000,1.000000,0.000000,0.000000,0.000000,0.480000,937.304016,0.000000,0.000000,0.480000,100.863663,1.300000,-1.000000,0.000000,-10000.000000,-10000.000000,-10000.000000
23.114477,1,1.750000,0.000000,0.000000,0.000000,1.000000,0.000000,0.000000,0.000000,0.530000,937.343018,0.000000,0.000000,0.530000,100.865433,1.500000,-1.000000,0.000000,-10000.000000,-10000.000000,-10000.000000
23.156483,1,1.750000,0.000000,0.000000,0.000000,1.000000,0.000000,0.000000,0.000000,0.530000,937.383972,0.000000,0.000000,0.530000,100.883514,1.500000,-1.100000,0.000000,-10000.000000,-10000.000000,-10000.000000
23.193032,1,1.750000,0.000000,0.000000,0.000000,1.000000,0.000000,0.000000,0.000000,0.530000,937.422974,0.000000,0.000000,0.530000,100.891113,1.500000,-1.000000,0.000000,-10000.000000,-10000.000000,-10000.000000
23.233523,1,1.750000,0.000000,0.000000,0.000000,1.000000,0.000000,0.000000,0.000000,0.570000,937.461975,0.000000,0.000000,0.570000,100.922882,1.400000,-1.000000,0.000000,-10000.000000,-10000.000000,-10000.000000
23.275424,1,1.750000,0.000000,0.000000,0.000000,1.000000,0.000000,0.000000,0.000000,0.570000,937.505005,0.000000,0.000000,0.570000,100.928200,1.300000,-1.100000,0.000000,-10000.000000,-10000.000000,-10000.000000
23.313173,1,1.750000,0.000000,0.000000,0.000000,1.000000,0.000000,0.000000,0.000000,0.610000,937.546021,0.000000,0.000000,0.610000,100.937202,1.300000,-1.200000,0.000000,-10000.000000,-10000.000000,-10000.000000
23.355349,1,1.750000,0.000000,0.000000,0.000000,1.000000,0.000000,0.000000,0.000000,0.610000,937.585022,0.000000,0.000000,0.610000,100.944252,1.200000,-1.100000,1.000000,-47.000000,-28.000000,9.881406
23.393706,1,1.750000,0.000000,0.000000,0.000000,1.000000,0.000000,0.000000,0.000000,0.650000,937.627991,0.000000,0.000000,0.650000,100.947029,1.200000,-1.100000,1.000000,-47.000000,-28.000000,9.881406
23.434313,1,1.750000,0.000000,0.000000,0.000000,1.000000,0.000000,0.000000,0.000000,0.650000,937.668030,0.000000,0.000000,0.650000,100.950569,1.200000,-1.000000,1.000000,-46.000000,-26.000000,102.969254
23.474023,1,1.750000,0.000000,0.000000,0.000000,1.000000,0.000000,0.000000,0.000000,0.650000,937.705994,0.000000,0.000000,0.650000,100.941231,1.300000,-1.000000,1.000000,-46.000000,-26.000000,102.969254
23.513975,1,1.750000,0.000000,0.000000,0.000000,1.000000,0.000000,0.000000,0.000000,0.650000,937.737976,0.000000,0.000000,0.650000,100.941231,1.300000,-1.000000,1.000000,-46.000000,-26.000000,102.969254
23.554470,1,1.750000,0.000000,0.000000,0.000000,1.000000,0.000000,0.000000,0.000000,0.650000,937.780029,0.000000,0.000000,0.650000,100.941231,1.300000,-1.000000,1.000000,-46.000000,-26.000000,102.969254
23.595168,1,1.750000,0.000000,0.000000,0.000000,1.000000,0.000000,0.000000,0.000000,0.650000,937.818970,0.000000,0.000000,0.650000,100.974182,1.200000,-1.100000,1.000000,-46.000000,-24.000000,100.007980
23.633818,1,1.750000,0.000000,0.000000,0.000000,1.000000,0.000000,0.000000,0.000000,0.650000,937.859985,0.000000,0.000000,0.650000,100.955345,1.300000,-1.100000,1.000000,-43.000000,-13.000000,102.019005
23.674925,1,1.750000,0.000000,0.000000,0.000000,1.000000,0.000000,0.000000,0.000000,0.650000,937.903015,0.000000,0.000000,0.650000,100.963463,1.300000,-1.200000,1.000000,-43.000000,-13.000000,98.130104
23.713010,1,1.750000,0.000000,0.000000,0.000000,1.000000,0.000000,0.000000,0.000000,0.690000,937.943970,0.000000,0.000000,0.690000,100.963165,1.300000,-1.100000,1.000000,-43.000000,-11.000000,98.289406
23.754821,1,1.750000,0.000000,0.000000,0.000000,1.000000,0.000000,0.000000,0.000000,0.690000,937.984985,0.000000,0.000000,0.690000,100.972824,1.300000,-1.200000,1.000000,-42.000000,-7.000000,98.972626
23.796504,1,1.750000,0.000000,0.000000,0.000000,1.000000,0.000000,0.000000,0.000000,0.200000,938.023987,0.000000,0.000000,0.200000,100.965904,1.400000,-1.100000,1.000000,-42.000000,-5.000000,99.004776
23.833109,1,1.750000,0.000000,0.000000,0.000000,1.000000,0.000000,0.000000,0.000000,0.200000,938.067993,0.000000,0.000000,0.200000,100.963715,1.400000,-1.200000,1.000000,-41.000000,-1.000000,98.972626
23.875123,1,1.750000,0.000000,0.000000,0.000000,1.000000,0.000000,0.000000,0.000000,0.200000,938.250000,0.000000,0.000000,0.200000,100.955429,1.400000,-1.200000,1.000000,-41.000000,2.000000,98.989250
23.915271,1,1.750000,0.000000,0.000000,0.000000,1.000000,0.000000,0.000000,0.000000,0.760000,938.669983,0.000000,0.000000,0.760000,100.940468,1.400000,-1.200000,0.000000,-258.000000,-170.000000,-10000.000000
23.955118,1,1.750000,0.000000,0.000000,0.000000,1.000000,0.000000,0.000000,0.000000,0.760000,939.049988,0.000000,0.000000,0.760000,100.921959,1.400000,-1.100000,1.000000,-40.000000,6.000000,98.972626
23.993871,1,1.750000,0.000000,0.000000,0.000000,1.000000,0.000000,0.000000,0.000000,0.810000,938.226013,0.000000,0.000000,0.810000,100.906189,1.400000,-1.200000,1.000000,-40.000000,10.000000,99.008507
24.033011,1,1.750000,0.000000,0.000000,0.000000,1.000000,0.000000,0.000000,0.000000,0.810000,938.267029,0.000000,0.000000,0.810000,100.893906,1.300000,-1.100000,1.000000,-39.000000,13.000000,100.007980
24.074586,1,1.750000,0.000000,0.000000,0.000000,1.000000,0.000000,0.000000,0.000000,0.810000,938.306030,0.000000,0.000000,0.810000,100.871964,1.400000,-1.200000,1.000000,-39.000000,15.000000,99.004776
24.114716,1,1.750000,0.000000,0.000000,0.000000,1.000000,0.000000,0.000000,0.000000,0.820000,938.348022,0.000000,0.000000,0.820000,100.840332,1.400000,-1.200000,1.000000,-38.000000,17.000000,100.765755
24.155187,1,1.750000,0.000000,0.000000,0.000000,1.000000,0.000000,0.000000,0.000000,0.820000,938.380005,0.000000,0.000000,0.820000,100.834976,1.500000,-1.300000,1.000000,-38.000000,19.000000,100.724449
24.193383,1,1.750000,0.000000,0.000000,0.000000,1.000000,0.000000,0.000000,0.000000,0.880000,938.419006,0.000000,0.000000,0.880000,100.819427,1.600000,-1.200000,1.000000,-38.000000,21.000000,99.960144
24.235015,1,1.750000,0.000000,0.000000,0.000000,1.000000,0.000000,0.000000,0.000000,0.880000,938.458984,0.000000,0.000000,0.880000,100.798073,1.600000,-1.300000,1.000000,-38.000000,23.000000,99.077057
24.274108,1,1.750000,0.000000,0.000000,0.000000,1.000000,0.000000,0.000000,0.000000,0.880000,938.502991,0.000000,0.000000,0.880000,100.790474,1.700000,-1.300000,1.000000,-38.000000,26.000000,99.989410
24.314098,1,1.750000,0.000000,0.000000,0.000000,1.000000,0.000000,0.000000,0.000000,0.920000,938.539978,0.000000,0.000000,0.920000,100.794624,1.800000,-1.300000,1.000000,-37.000000,28.000000,99.013206
24.354322,1,1.750000,0.000000,0.000000,0.000000,1.000000,0.000000,0.000000,0.000000,0.920000,938.580994,0.000000,0.000000,0.920000,100.759987,1.900000,-1.300000,1.000000,-37.000000,31.000000,99.926247
24.393572,1,1.750000,0.000000,0.000000,0.000000,1.000000,0.000000,0.000000,0.000000,0.960000,938.619995,0.000000,0.000000,0.960000,100.753349,2.000000,-1.300000,1.000000,-37.000000,33.000000,99.972061
24.432303,1,1.750000,0.000000,0.000000,0.000000,1.000000,0.000000,0.000000,0.000000,0.960000,938.661011,0.000000,0.000000,0.960000,100.725723,2.000000,-1.200000,1.000000,-37.000000,36.000000,99.975128
24.476537,1,1.750000,0.000000,0.000000,0.000000,1.000000,0.000000,0.000000,0.000000,0.960000,938.700989,0.000000,0.000000,0.960000,100.711540,1.900000,-1.200000,1.000000,-36.000000,38.000000,99.890602
24.513692,1,1.750000,0.000000,0.000000,0.000000,1.000000,0.000000,0.000000,0.000000,1.040000,938.739990,0.000000,0.000000,1.040000,100.691902,1.700000,-1.200000,1.000000,-36.000000,39.000000,99.972061
24.556070,1,1.750000,0.000000,0.000000,0.000000,1.000000,0.000000,0.000000,0.000000,1.040000,938.783997,0.000000,0.000000,1.040000,100.679184,1.600000,-1.200000,1.000000,-35.000000,40.000000,100.007980
24.593452,1,1.750000,0.000000,0.000000,0.000000,1.000000,0.000000,0.000000,0.000000,1.080000,938.822021,0.000000,0.000000,1.080000,100.650917,1.600000,-1.200000,1.000000,-35.000000,40.000000,100.007980
24.633785,1,1.750000,0.000000,0.000000,0.000000,1.000000,0.000000,0.000000,0.000000,1.080000,938.861023,0.000000,0.000000,1.080000,100.659050,1.700000,-1.200000,1.000000,-35.000000,41.000000,99.904182
24.675734,1,1.750000,0.000000,0.000000,0.000000,1.000000,0.000000,0.000000,0.000000,1.080000,938.905029,0.000000,0.000000,1.080000,100.633583,1.700000,-1.200000,1.000000,-34.000000,41.000000,100.007980
24.712289,1,1.750000,0.000000,0.000000,0.000000,1.000000,0.000000,0.000000,0.000000,1.130000,938.947021,0.000000,0.000000,1.130000,100.626785,1.800000,-1.300000,1.000000,-34.000000,41.000000,100.007980
24.754493,1,1.750000,0.000000,0.000000,0.000000,1.000000,0.000000,0.000000,0.000000,1.130000,938.986023,0.000000,0.000000,1.130000,100.601067,1.900000,-1.300000,1.000000,-34.000000,32.000000,100.049347
24.793166,1,1.750000,0.000000,0.000000,0.000000,1.000000,0.000000,0.000000,0.000000,1.150000,939.023987,0.000000,0.000000,1.150000,100.599564,2.000000,-1.300000,1.000000,-33.000000,44.000000,100.026039
24.832499,1,1.750000,0.000000,0.000000,0.000000,1.000000,0.000000,0.000000,0.000000,1.150000,939.065979,0.000000,0.000000,1.150000,100.578362,2.000000,-1.200000,1.000000,-33.000000,46.000000,99.090279
24.875711,1,1.750000,0.000000,0.000000,0.000000,1.000000,0.000000,0.000000,0.000000,1.150000,939.590027,0.000000,0.000000,1.150000,100.551132,2.100000,-1.300000,1.000000,-33.000000,47.000000,99.782410
24.913811,1,1.750000,0.000000,0.000000,0.000000,1.000000,0.000000,0.000000,0.000000,1.180000,939.580017,0.000000,0.000000,1.180000,100.529449,2.100000,-1.300000,1.000000,-33.000000,49.000000,99.837852
24.954756,1,1.750000,0.000000,0.000000,0.000000,1.000000,0.000000,0.000000,0.000000,1.180000,940.020020,0.000000,0.000000,1.180000,100.521957,2.000000,-1.300000,1.000000,-33.000000,50.000000,99.813515
24.994747,1,1.750000,0.000000,0.000000,0.000000,1.000000,0.000000,0.000000,0.000000,1.180000,939.221008,0.000000,0.000000,1.180000,100.497162,1.900000,-1.200000,1.000000,-33.000000,52.000000,100.873520
25.032905,1,1.750000,0.000000,0.000000,0.000000,1.000000,0.000000,0.000000,0.000000,1.220000,939.260986,0.000000,0.000000,1.220000,100.494232,1.700000,-1.200000,0.000000,-10000.000000,-10000.000000,-10000.000000
25.075298,1,1.750000,0.000000,0.000000,0.000000,1.000000,0.000000,0.000000,0.000000,1.220000,939.301025,0.000000,0.000000,1.220000,100.465576,1.600000,-1.100000,1.000000,-32.000000,55.000000,99.944298
25.113413,1,1.750000,0.000000,0.000000,0.000000,1.000000,0.000000,0.000000,0.000000,1.260000,939.341980,0.000000,0.000000,1.260000,100.448250,1.600000,-1.100000,1.000000,-32.000000,56.000000,99.898262
25.155736,1,1.750000,0.000000,0.000000,0.000000,1.000000,0.000000,0.000000,0.000000,1.260000,939.383972,0.000000,0.000000,1.260000,100.436661,1.500000,-1.100000,1.000000,-32.000000,56.000000,99.898262
25.199702,1,1.750000,0.000000,0.000000,0.000000,1.000000,0.000000,0.000000,0.000000,1.290000,939.421997,0.000000,0.000000,1.290000,100.417038,1.400000,-1.200000,1.000000,-31.000000,57.000000,100.992508
25.232281,1,1.750000,0.000000,0.000000,0.000000,1.000000,0.000000,0.000000,0.000000,1.290000,939.465027,0.000000,0.000000,1.290000,100.393036,1.400000,-1.200000,1.000000,-31.000000,57.000000,99.851326
25.275584,1,1.750000,0.000000,0.000000,0.000000,1.000000,0.000000,0.000000,0.000000,1.290000,939.504028,0.000000,0.000000,1.290000,100.380188,1.400000,-1.200000,1.000000,-31.000000,57.000000,101.040939
25.313420,1,1.750000,0.000000,0.000000,0.000000,1.000000,0.000000,0.000000,0.000000,1.320000,939.543030,0.000000,0.000000,1.320000,100.372467,1.400000,-1.200000,1.000000,-31.000000,57.000000,101.040939
25.354349,1,1.750000,0.000000,0.000000,0.000000,1.000000,0.000000,0.000000,0.000000,1.320000,939.585999,0.000000,0.000000,1.320000,100.348434,1.400000,-1.200000,1.000000,-30.000000,57.000000,100.027908
25.393137,1,1.750000,0.000000,0.000000,0.000000,1.000000,0.000000,0.000000,0.000000,1.360000,939.624023,0.000000,0.000000,1.360000,100.335533,1.500000,-1.200000,1.000000,-31.000000,49.000000,101.023453
25.435731,1,1.750000,0.000000,0.000000,0.000000,1.000000,0.000000,0.000000,0.000000,1.360000,939.656982,0.000000,0.000000,1.360000,100.304741,1.500000,-1.200000,1.000000,-30.000000,58.000000,99.697380
25.474791,1,1.750000,0.000000,0.000000,0.000000,1.000000,0.000000,0.000000,0.000000,1.360000,939.700012,0.000000,0.000000,1.360000,100.294136,1.600000,-1.200000,1.000000,-29.000000,58.000000,100.954063
25.515393,1,1.750000,0.000000,0.000000,0.000000,1.000000,0.000000,0.000000,0.000000,1.380000,939.741028,0.000000,0.000000,1.380000,100.275627,1.500000,-1.200000,1.000000,-29.000000,58.000000,100.954063
25.554040,1,1.750000,0.000000,0.000000,0.000000,1.000000,0.000000,0.000000,0.000000,1.380000,939.781982,0.000000,0.000000,1.380000,100.285637,1.500000,-1.300000,1.000000,-29.000000,61.000000,100.007980
25.594696,1,1.750000,0.000000,0.000000,0.000000,1.000000,0.000000,0.000000,0.000000,1.420000,939.818970,0.000000,0.000000,1.420000,100.266960,1.600000,-1.300000,1.000000,-29.000000,63.000000,100.007980
25.633244,1,1.750000,0.000000,0.000000,0.000000,1.000000,0.000000,0.000000,0.000000,1.420000,939.859985,0.000000,0.000000,1.420000,100.262344,1.700000,-1.300000,1.000000,-28.000000,65.000000,100.871452
25.675979,1,1.750000,0.000000,0.000000,0.000000,1.000000,0.000000,0.000000,0.000000,1.420000,939.903015,0.000000,0.000000,1.420000,100.267303,1.800000,-1.300000,1.000000,-28.000000,66.000000,100.942184
25.713054,1,1.750000,0.000000,0.000000,0.000000,1.000000,0.000000,0.000000,0.000000,1.450000,939.943970,0.000000,0.000000,1.450000,100.269821,1.900000,-1.300000,1.000000,-28.000000,67.000000,99.716682
25.754751,1,1.750000,0.000000,0.000000,0.000000,1.000000,0.000000,0.000000,0.000000,1.450000,939.984985,0.000000,0.000000,1.450000,100.257294,2.000000,-1.300000,1.000000,-28.000000,67.000000,101.003540
25.792711,1,1.750000,0.000000,0.000000,0.000000,1.000000,0.000000,0.000000,0.000000,1.470000,940.021973,0.000000,0.000000,1.470000,100.261360,2.000000,-1.200000,1.000000,-28.000000,68.000000,99.849014
25.831914,1,1.750000,0.000000,0.000000,0.000000,1.000000,0.000000,0.000000,0.000000,1.470000,940.062988,0.000000,0.000000,1.470000,100.270874,2.000000,-1.300000,1.000000,-28.000000,69.000000,99.984962
25.874489,1,1.750000,0.000000,0.000000,0.000000,1.000000,0.000000,0.000000,0.000000,1.470000,940.229980,0.000000,0.000000,1.470000,100.268616,2.000000,-1.200000,1.000000,-28.000000,72.000000,99.782410
25.913263,1,1.750000,0.000000,0.000000,0.000000,1.000000,0.000000,0.000000,0.000000,1.510000,940.609985,0.000000,0.000000,1.510000,100.291458,1.900000,-1.300000,1.000000,-28.000000,73.000000,99.916527
25.954673,1,1.750000,0.000000,0.000000,0.000000,1.000000,0.000000,0.000000,0.000000,1.510000,941.030029,0.000000,0.000000,1.510000,100.294220,1.900000,-1.300000,1.000000,-28.000000,75.000000,100.054337
25.993580,1,1.750000,0.000000,0.000000,0.000000,1.000000,0.000000,0.000000,0.000000,1.540000,940.224976,0.000000,0.000000,1.540000,100.295662,1.800000,-1.300000,1.000000,-27.000000,76.000000,99.796211
26.032496,1,1.750000,0.000000,0.000000,0.000000,1.000000,0.000000,0.000000,0.000000,1.540000,940.265991,0.000000,0.000000,1.540000,100.281677,1.800000,-1.300000,1.000000,-27.000000,77.000000,99.865807
26.073942,1,1.750000,0.000000,0.000000,0.000000,1.000000,0.000000,0.000000,0.000000,1.540000,940.307007,0.000000,0.000000,1.540000,100.289246,1.800000,-1.300000,1.000000,-27.000000,78.000000,100.901268
26.113913,1,1.750000,0.000000,0.000000,0.000000,1.000000,0.000000,0.000000,0.000000,1.570000,940.346985,0.000000,0.000000,1.570000,100.273232,1.700000,-1.200000,1.000000,-26.000000,79.000000,100.033119
26.166971,1,1.750000,0.000000,0.000000,0.000000,1.000000,0.000000,0.000000,0.000000,1.570000,940.388977,0.000000,0.000000,1.570000,100.287865,1.700000,-1.300000,1.000000,-26.000000,80.000000,99.811256
26.193237,1,1.750000,0.000000,0.000000,0.000000,1.000000,0.000000,0.000000,0.000000,1.600000,940.427979,0.000000,0.000000,1.600000,100.282112,1.700000,-1.300000,1.000000,-26.000000,80.000000,99.904182
26.234679,1,1.750000,0.000000,0.000000,0.000000,1.000000,0.000000,0.000000,0.000000,1.600000,940.466980,0.000000,0.000000,1.600000,100.270340,1.700000,-1.200000,1.000000,-26.000000,81.000000,100.033119
26.278623,1,1.750000,0.000000,0.000000,0.000000,1.000000,0.000000,0.000000,0.000000,1.600000,940.507996,0.000000,0.000000,1.600000,100.284531,1.700000,-1.200000,1.000000,-25.000000,81.000000,100.868523
26.315253,1,1.750000,0.000000,0.000000,0.000000,1.000000,0.000000,0.000000,0.000000,1.620000,940.547974,0.000000,0.000000,1.620000,100.289520,1.800000,-1.200000,1.000000,-25.000000,82.000000,102.002296
26.356045,1,1.750000,0.000000,0.000000,0.000000,1.000000,0.000000,0.000000,0.000000,1.620000,940.586975,0.000000,0.000000,1.620000,100.276154,1.800000,-1.200000,1.000000,-25.000000,83.000000,100.186630
26.395272,1,1.750000,0.000000,0.000000,0.000000,1.000000,0.000000,0.000000,0.000000,1.620000,940.617981,0.000000,0.000000,1.620000,100.272423,1.900000,-1.100000,1.000000,-25.000000,83.000000,101.935600
26.434839,1,1.750000,0.000000,0.000000,0.000000,1.000000,0.000000,0.000000,0.000000,1.650000,940.656006,0.000000,0.000000,1.650000,100.269455,1.900000,-1.100000,1.000000,-25.000000,84.000000,101.864388
26.475980,1,1.750000,0.000000,0.000000,0.000000,1.000000,0.000000,0.000000,0.000000,1.650000,940.698975,0.000000,0.000000,1.650000,100.232483,1.900000,-1.100000,1.000000,-25.000000,85.000000,101.749985
26.513742,1,1.750000,0.000000,0.000000,0.000000,1.000000,0.000000,0.000000,0.000000,1.670000,940.737976,0.000000,0.000000,1.670000,100.216324,1.900000,-1.000000,1.000000,-24.000000,86.000000,99.981827
26.554706,2,2.000000,230.000000,0.000000,0.000000,1.000000,1.000000,1.000000,1.000000,1.670000,940.776978,0.000000,0.000000,1.670000,100.200256,1.900000,-1.000000,1.000000,-24.000000,87.000000,101.768288
26.606570,2,2.000000,230.000000,-0.000000,-0.000000,1.000000,1.000000,1.000000,1.000000,1.670000,940.818970,0.000000,0.000000,1.670000,100.139618,1.800000,-1.000000,0.000000,-10000.000000,88.000000,-10000.000000
26.641440,2,2.000000,224.551758,-0.008652,0.002214,1.000000,1.000000,1.000000,1.000000,1.690000,940.857971,0.000000,0.000000,1.690000,100.114159,1.800000,-1.100000,1.000000,-23.000000,88.000000,101.768288
26.681911,2,2.000000,219.312317,-0.015529,0.003904,1.000000,1.000000,1.000000,1.000000,1.690000,940.901001,0.000000,0.000000,1.690000,100.094643,1.800000,-1.100000,1.000000,-23.000000,89.000000,101.768288
26.720481,2,2.000000,214.259720,-0.020892,0.005177,1.000000,1.000000,1.000000,1.000000,1.730000,940.940979,0.000000,0.000000,1.730000,100.071907,1.700000,-1.000000,1.000000,-23.000000,89.000000,102.127090
26.769866,2,2.000000,209.403915,-0.025148,0.006021,1.000000,1.000000,1.000000,1.000000,1.730000,940.984009,0.000000,0.000000,1.730000,100.069962,1.600000,-1.000000,1.000000,-22.000000,90.000000,102.061310
26.797664,2,2.000000,204.788208,-0.028523,0.006625,1.000000,1.000000,1.000000,1.000000,1.730000,941.025024,0.000000,0.000000,1.730000,100.044914,1.500000,-0.900000,1.000000,-22.000000,91.000000,100.649223
26.838155,2,2.000000,200.350967,-0.031098,0.007041,1.000000,1.000000,1.000000,1.000000,1.730000,941.067993,0.000000,0.000000,1.730000,100.069183,1.300000,-0.900000,1.000000,-22.000000,91.000000,100.649223
26.878650,2,2.000000,196.099319,-0.033038,0.007308,1.000000,1.000000,1.000000,1.000000,1.730000,941.239990,0.000000,0.000000,1.730000,100.747330,1.300000,-1.000000,1.000000,-22.000000,91.000000,100.939095
26.916541,2,2.000000,192.015015,-0.034572,0.007459,1.000000,1.000000,1.000000,1.000000,1.750000,941.640015,0.000000,0.000000,1.750000,101.869507,1.500000,-1.100000,1.000000,-22.000000,92.000000,101.962051
26.956841,2,2.000000,192.737976,-0.035688,0.007521,1.000000,1.000000,1.000000,1.000000,1.750000,942.039978,0.000000,0.000000,1.750000,221.073257,4.000000,0.900000,1.000000,-22.000000,92.000000,100.261375
26.995434,2,2.000000,193.426468,-0.036473,0.007415,1.000000,1.000000,1.000000,1.000000,1.770000,941.226013,0.000000,0.000000,1.770000,222.527405,3.400000,0.500000,1.000000,-21.000000,92.000000,101.888657
27.036582,2,2.000000,194.144821,-0.036997,0.007276,1.000000,1.000000,1.000000,1.000000,1.770000,941.268982,0.000000,0.000000,1.770000,223.992584,2.800000,-0.000000,1.000000,-21.000000,92.000000,101.888657
27.076951,2,2.000000,194.971527,-0.037220,0.007116,1.000000,1.000000,1.000000,1.000000,1.770000,941.299988,0.000000,0.000000,1.770000,225.676071,2.400000,-0.300000,1.000000,-21.000000,91.000000,100.036903
27.124337,2,2.000000,194.971527,-0.035881,0.006659,1.000000,1.000000,1.000000,1.000000,1.810000,941.336975,0.000000,0.000000,1.810000,227.466263,2.100000,-0.800000,0.000000,-10000.000000,-10000.000000,-10000.000000
27.157368,2,2.000000,195.792480,-0.036560,0.006342,1.000000,1.000000,1.000000,1.000000,1.810000,941.379028,0.000000,0.000000,1.810000,229.361786,1.900000,-1.400000,1.000000,-19.000000,95.000000,103.045639
27.195136,2,2.000000,196.562592,-0.036814,0.006243,1.000000,1.000000,1.000000,1.000000,1.810000,941.419006,0.000000,0.000000,1.810000,231.477539,1.700000,-1.700000,1.000000,-21.000000,93.000000,105.662109
27.237302,2,2.000000,197.303711,-0.036633,0.006319,1.000000,1.000000,1.000000,1.000000,1.840000,941.458008,0.000000,0.000000,1.840000,232.972305,1.700000,-1.900000,1.000000,-23.000000,90.000000,107.140350
27.277202,2,2.000000,197.303711,-0.035322,0.005892,1.000000,1.000000,1.000000,1.000000,1.840000,941.500977,0.000000,0.000000,1.840000,233.020035,1.400000,-1.700000,0.000000,-10000.000000,-10000.000000,-10000.000000
27.315389,2,2.000000,197.813385,-0.035400,0.005968,1.000000,1.000000,1.000000,1.000000,1.870000,941.539001,0.000000,0.000000,1.870000,232.260635,1.100000,-1.300000,1.000000,-23.000000,91.000000,111.705437
27.356422,2,2.000000,198.146469,-0.035684,0.005593,1.000000,1.000000,1.000000,1.000000,1.870000,941.580994,0.000000,0.000000,1.870000,231.428024,1.200000,-1.600000,1.000000,-19.000000,94.000000,114.954750
27.394906,2,2.000000,198.268280,-0.036034,0.004962,1.000000,1.000000,1.000000,1.000000,1.880000,941.622009,0.000000,0.000000,1.880000,230.215836,1.500000,-1.800000,1.000000,-16.000000,96.000000,118.902359
27.442049,2,2.000000,198.403809,-0.036243,0.004035,1.000000,1.000000,1.000000,1.000000,1.880000,941.661011,0.000000,0.000000,1.880000,228.588120,1.900000,-1.800000,1.000000,-12.000000,96.000000,116.796082
27.475999,2,2.000000,198.424835,-0.036343,0.002878,1.000000,1.000000,1.000000,1.000000,1.880000,941.705017,0.000000,0.000000,1.880000,226.930252,2.200000,-1.800000,1.000000,-8.000000,96.000000,117.979477
27.514953,2,2.000000,198.424835,-0.035065,0.002572,1.000000,1.000000,1.000000,1.000000,1.880000,941.744995,0.000000,0.000000,1.880000,225.279099,2.400000,-1.800000,0.000000,-10000.000000,-10000.000000,-10000.000000
27.557070,2,2.000000,198.424835,-0.033833,0.002284,1.000000,1.000000,1.000000,1.000000,1.880000,941.784973,0.000000,0.000000,1.880000,223.281189,2.500000,-1.800000,0.000000,-8.000000,106.000000,115.114838
27.597779,2,2.000000,198.424835,-0.032647,0.002012,1.000000,1.000000,1.000000,1.000000,1.910000,941.822998,0.000000,0.000000,1.910000,221.184891,2.600000,-1.700000,0.000000,-10000.000000,-10000.000000,-10000.000000
27.638323,2,2.000000,198.419327,-0.034854,0.001292,1.000000,1.000000,1.000000,1.000000,1.910000,941.864014,0.000000,0.000000,1.910000,218.965652,2.700000,-1.600000,1.000000,-9.000000,112.000000,110.684082
27.676928,2,2.000000,198.319458,-0.036833,0.000691,1.000000,1.000000,1.000000,1.000000,1.910000,941.905029,0.000000,0.000000,1.910000,216.701721,2.700000,-1.500000,1.000000,-9.000000,115.000000,110.879021
27.714498,2,2.000000,198.329651,-0.038826,0.000383,1.000000,1.000000,1.000000,1.000000,1.920000,941.945007,0.000000,0.000000,1.920000,214.376740,2.800000,-1.500000,1.000000,-11.000000,120.000000,105.792404
27.757114,2,2.000000,198.327682,-0.040430,0.000207,1.000000,1.000000,1.000000,1.000000,1.920000,941.987976,0.000000,0.000000,1.920000,211.921570,2.800000,-1.400000,1.000000,-12.000000,121.000000,103.642914
27.795080,2,2.000000,198.374634,-0.041921,0.000332,1.000000,1.000000,1.000000,1.000000,1.940000,942.026978,0.000000,0.000000,1.940000,209.489182,2.900000,-1.300000,1.000000,-15.000000,124.000000,99.940575
27.834034,2,2.000000,198.393509,-0.043219,0.000792,1.000000,1.000000,1.000000,1.000000,1.940000,942.065979,0.000000,0.000000,1.940000,207.231232,2.900000,-1.300000,1.000000,-19.000000,126.000000,98.365883
27.876628,2,2.000000,198.319382,-0.044266,0.001122,1.000000,1.000000,1.000000,1.000000,1.940000,942.260010,0.000000,0.000000,1.940000,204.832138,2.900000,-1.200000,1.000000,-19.000000,127.000000,98.365883
27.914460,2,2.000000,198.314911,-0.045110,0.001841,1.000000,1.000000,1.000000,1.000000,1.980000,942.659973,0.000000,0.000000,1.980000,202.288879,2.900000,-1.200000,1.000000,-24.000000,128.000000,94.085617
27.956769,2,2.000000,198.282379,-0.045792,0.002669,1.000000,1.000000,1.000000,1.000000,1.980000,943.049988,0.000000,0.000000,1.980000,200.042511,2.900000,-1.200000,1.000000,-27.000000,129.000000,92.573357
27.994847,2,2.000000,198.413269,-0.046246,0.003777,1.000000,1.000000,1.000000,1.000000,2.000000,942.224976,0.000000,0.000000,2.000000,197.994446,3.000000,-1.300000,1.000000,-32.000000,129.000000,86.308617
28.034970,2,2.000000,198.474014,-0.046521,0.004612,1.000000,1.000000,1.000000,1.000000,2.000000,942.268982,0.000000,0.000000,2.000000,196.301422,3.000000,-1.200000,1.000000,-32.000000,129.000000,86.308617
28.077455,2,2.000000,198.547562,-0.046753,0.005526,1.000000,1.000000,1.000000,1.000000,2.000000,942.307007,0.000000,0.000000,2.000000,194.546738,3.100000,-1.200000,1.000000,-35.000000,130.000000,84.160507
28.114723,2,2.000000,198.534714,-0.046853,0.006403,1.000000,1.000000,1.000000,1.000000,2.010000,942.346985,0.000000,0.000000,2.010000,193.019073,3.200000,-1.300000,1.000000,-37.000000,130.000000,84.805573
28.160310,2,2.000000,198.468903,-0.046851,0.007051,1.000000,1.000000,1.000000,1.000000,2.010000,942.387024,0.000000,0.000000,2.010000,191.629379,3.200000,-1.300000,1.000000,-37.000000,130.000000,84.805573
28.197222,2,2.000000,198.459351,-0.046866,0.008012,1.000000,1.000000,1.000000,1.000000,2.040000,942.416992,0.000000,0.000000,2.040000,190.346725,3.300000,-1.300000,1.000000,-42.000000,131.000000,82.126060
28.237440,2,2.000000,198.456802,-0.046797,0.008921,1.000000,1.000000,1.000000,1.000000,2.040000,942.456970,0.000000,0.000000,2.040000,189.453720,3.200000,-1.100000,1.000000,-44.000000,131.000000,81.060432
28.276815,2,2.000000,198.608658,-0.046662,0.009887,1.000000,1.000000,1.000000,1.000000,2.040000,942.500000,0.000000,0.000000,2.040000,188.656052,3.100000,-1.000000,1.000000,-47.000000,131.000000,76.250954
28.316851,2,2.000000,198.608658,-0.044994,0.009271,1.000000,1.000000,1.000000,1.000000,2.050000,942.539001,0.000000,0.000000,2.050000,187.975632,3.100000,-1.100000,0.000000,-10000.000000,-10000.000000,-10000.000000
28.357641,2,2.000000,198.713303,-0.045196,0.010474,1.000000,1.000000,1.000000,1.000000,2.050000,942.578003,0.000000,0.000000,2.050000,187.438385,3.100000,-1.100000,1.000000,-51.000000,132.000000,76.108810
28.395044,2,2.000000,198.910477,-0.045185,0.011375,1.000000,1.000000,1.000000,1.000000,2.060000,942.619995,0.000000,0.000000,2.060000,186.912384,3.000000,-1.100000,1.000000,-51.000000,131.000000,73.072487
28.435226,2,2.000000,198.910477,-0.043561,0.010715,1.000000,1.000000,1.000000,1.000000,2.060000,942.661987,0.000000,0.000000,2.060000,186.658768,2.900000,-1.100000,0.000000,-10000.000000,-10000.000000,-10000.000000
28.477026,2,2.000000,198.910477,-0.041999,0.010087,1.000000,1.000000,1.000000,1.000000,2.060000,942.700989,0.000000,0.000000,2.060000,186.547852,2.900000,-1.200000,0.000000,-10000.000000,131.000000,-10000.000000
28.514742,2,2.000000,199.158524,-0.042486,0.011152,1.000000,1.000000,1.000000,1.000000,2.060000,942.741028,0.000000,0.000000,2.060000,186.547852,2.900000,-1.200000,1.000000,-53.000000,131.000000,71.188110
28.556758,2,2.000000,199.158524,-0.040960,0.010515,1.000000,1.000000,1.000000,1.000000,2.060000,942.781982,0.000000,0.000000,2.060000,186.684235,2.900000,-1.300000,0.000000,-10000.000000,-10000.000000,-10000.000000
28.597831,2,2.000000,199.158524,-0.039492,0.009908,1.000000,1.000000,1.000000,1.000000,2.060000,942.823975,0.000000,0.000000,2.060000,186.922592,2.900000,-1.300000,0.000000,-10000.000000,-10000.000000,-10000.000000
28.634568,2,2.000000,199.158524,-0.038078,0.009330,1.000000,1.000000,1.000000,1.000000,2.060000,942.867004,0.000000,0.000000,2.060000,187.261856,2.900000,-1.400000,0.000000,-10000.000000,-10000.000000,-10000.000000
28.677239,2,2.000000,199.458557,-0.039313,0.010628,1.000000,1.000000,1.000000,1.000000,2.060000,942.905029,0.000000,0.000000,2.060000,187.728622,2.900000,-1.500000,1.000000,-55.000000,132.000000,70.769325
28.714647,2,2.000000,199.458557,-0.037902,0.010026,1.000000,1.000000,1.000000,1.000000,2.060000,942.945984,0.000000,0.000000,2.060000,188.255112,2.900000,-1.500000,0.000000,-10000.000000,-10000.000000,-10000.000000
28.757952,2,2.000000,199.458557,-0.036545,0.009452,1.000000,1.000000,1.000000,1.000000,2.060000,942.986023,0.000000,0.000000,2.060000,188.857117,2.900000,-1.600000,0.000000,-10000.000000,-10000.000000,-10000.000000
28.798834,2,2.000000,199.698669,-0.038191,0.010639,1.000000,1.000000,1.000000,1.000000,2.050000,943.018005,0.000000,0.000000,2.050000,189.492249,3.000000,-1.700000,1.000000,-55.000000,134.000000,73.790977
28.837923,2,2.000000,199.698669,-0.036820,0.010042,1.000000,1.000000,1.000000,1.000000,2.000000,943.057007,0.000000,0.000000,2.000000,190.205429,3.100000,-1.700000,0.000000,-10000.000000,-10000.000000,-10000.000000
28.877362,2,2.000000,200.038605,-0.038535,0.010943,1.000000,1.000000,1.000000,1.000000,2.000000,943.190002,0.000000,0.000000,2.000000,190.860977,3.200000,-1.700000,1.000000,-54.000000,136.000000,72.323891
28.914348,2,2.000000,200.038605,-0.037151,0.010333,1.000000,1.000000,1.000000,1.000000,1.980000,943.580017,0.000000,0.000000,1.980000,191.687119,3.300000,-1.700000,0.000000,-10000.000000,-10000.000000,-10000.000000
28.956723,2,2.000000,200.392609,-0.038924,0.011013,1.000000,1.000000,1.000000,1.000000,1.980000,943.979980,0.000000,0.000000,1.980000,192.486893,3.200000,-1.700000,1.000000,-53.000000,138.000000,73.244247
28.995827,2,2.000000,200.718658,-0.040479,0.011410,1.000000,1.000000,1.000000,1.000000,1.970000,943.223022,0.000000,0.000000,1.970000,193.250549,3.200000,-1.700000,1.000000,-52.000000,140.000000,74.380608
29.037008,2,2.000000,200.718658,-0.039025,0.010772,1.000000,1.000000,1.000000,1.000000,1.970000,943.260986,0.000000,0.000000,1.970000,194.006424,3.100000,-1.700000,0.000000,-10000.000000,-10000.000000,-10000.000000
29.075932,2,2.000000,200.982498,-0.040783,0.010664,1.000000,1.000000,1.000000,1.000000,1.970000,943.302979,0.000000,0.000000,1.970000,194.671448,3.100000,-1.700000,1.000000,-47.000000,143.000000,77.092590
29.116491,2,2.000000,201.246017,-0.042131,0.010442,1.000000,1.000000,1.000000,1.000000,1.960000,943.341980,0.000000,0.000000,1.960000,195.369324,3.000000,-1.700000,1.000000,-46.000000,143.000000,77.535065
29.158004,2,2.000000,201.428085,-0.043153,0.010133,1.000000,1.000000,1.000000,1.000000,1.960000,943.383972,0.000000,0.000000,1.960000,196.039124,2.900000,-1.700000,1.000000,-45.000000,143.000000,80.059425
29.194926,2,2.000000,201.585419,-0.043917,0.009658,1.000000,1.000000,1.000000,1.000000,1.980000,943.424988,0.000000,0.000000,1.980000,196.677032,2.900000,-1.700000,1.000000,-43.000000,143.000000,81.158188
29.237620,2,2.000000,201.831528,-0.044380,0.009153,1.000000,1.000000,1.000000,1.000000,1.980000,943.465027,0.000000,0.000000,1.980000,197.255249,2.800000,-1.700000,1.000000,-42.000000,142.000000,79.271141
29.277720,2,2.000000,201.995010,-0.044704,0.008628,1.000000,1.000000,1.000000,1.000000,1.980000,943.502991,0.000000,0.000000,1.980000,197.785263,2.800000,-1.700000,1.000000,-41.000000,142.000000,81.702858
29.316957,2,2.000000,202.116684,-0.044821,0.008090,1.000000,1.000000,1.000000,1.000000,1.960000,943.544006,0.000000,0.000000,1.960000,198.247452,2.800000,-1.700000,1.000000,-40.000000,141.000000,83.088776
29.355514,2,2.000000,202.254196,-0.044875,0.007445,1.000000,1.000000,1.000000,1.000000,1.960000,943.585022,0.000000,0.000000,1.960000,198.639404,2.900000,-1.700000,1.000000,-38.000000,141.000000,82.947693
29.394971,2,2.000000,202.354431,-0.044880,0.006816,1.000000,1.000000,1.000000,1.000000,1.940000,943.627991,0.000000,0.000000,1.940000,199.034103,2.900000,-1.600000,1.000000,-37.000000,141.000000,84.173660
29.441261,2,2.000000,202.436691,-0.044752,0.006105,1.000000,1.000000,1.000000,1.000000,1.940000,943.666992,0.000000,0.000000,1.940000,199.356949,2.700000,-1.500000,1.000000,-35.000000,140.000000,84.863625
29.477463,2,2.000000,202.596542,-0.044617,0.005430,1.000000,1.000000,1.000000,1.000000,1.940000,943.703003,0.000000,0.000000,1.940000,199.681458,2.600000,-1.500000,1.000000,-34.000000,140.000000,83.088776
29.515642,2,2.000000,202.749115,-0.044480,0.004786,1.000000,1.000000,1.000000,1.000000,1.940000,943.742004,0.000000,0.000000,1.940000,199.958771,2.600000,-1.500000,1.000000,-33.000000,140.000000,83.395164
29.555147,2,2.000000,202.878525,-0.044341,0.004168,1.000000,1.000000,1.000000,1.000000,1.940000,943.783997,0.000000,0.000000,1.940000,200.166901,2.700000,-1.500000,1.000000,-32.000000,140.000000,84.053139
29.595445,2,2.000000,202.999557,-0.044008,0.003574,1.000000,1.000000,1.000000,1.000000,1.910000,943.820984,0.000000,0.000000,1.910000,200.314957,2.800000,-1.500000,1.000000,-31.000000,138.000000,84.289406
29.636985,2,2.000000,203.034988,-0.043621,0.002903,1.000000,1.000000,1.000000,1.000000,1.910000,943.862000,0.000000,0.000000,1.910000,200.452454,2.800000,-1.500000,1.000000,-29.000000,137.000000,86.531769
29.677018,2,2.000000,203.113235,-0.043193,0.002370,1.000000,1.000000,1.000000,1.000000,1.910000,943.901978,0.000000,0.000000,1.910000,200.584900,2.800000,-1.500000,1.000000,-29.000000,136.000000,85.515396
29.716160,2,2.000000,203.202484,-0.042835,0.001851,1.000000,1.000000,1.000000,1.000000,1.930000,943.942017,0.000000,0.000000,1.930000,200.718613,2.800000,-1.400000,1.000000,-28.000000,136.000000,85.285248
29.756515,2,2.000000,203.287659,-0.042533,0.001440,1.000000,1.000000,1.000000,1.000000,1.930000,943.986023,0.000000,0.000000,1.930000,200.797012,2.800000,-1.400000,1.000000,-28.000000,136.000000,85.380074
29.795593,2,2.000000,203.348923,-0.042276,0.001020,1.000000,1.000000,1.000000,1.000000,1.920000,944.026978,0.000000,0.000000,1.920000,200.876297,2.800000,-1.400000,1.000000,-27.000000,136.000000,85.995827
29.837924,2,2.000000,203.410767,-0.042056,0.000690,1.000000,1.000000,1.000000,1.000000,1.920000,944.059998,0.000000,0.000000,1.920000,200.952499,2.700000,-1.400000,1.000000,-27.000000,136.000000,85.995827
29.876105,2,2.000000,203.485077,-0.041867,0.000433,1.000000,1.000000,1.000000,1.000000,1.920000,944.210022,0.000000,0.000000,1.920000,200.999588,2.700000,-1.200000,1.000000,-27.000000,136.000000,85.656761
29.917175,2,2.000000,203.540176,-0.041604,0.000135,1.000000,1.000000,1.000000,1.000000,1.880000,944.599976,0.000000,0.000000,1.880000,201.067123,2.600000,-1.200000,1.000000,-26.000000,135.000000,86.149361
29.958415,2,2.000000,203.595062,-0.041384,-0.000094,1.000000,1.000000,1.000000,1.000000,1.880000,945.020020,0.000000,0.000000,1.880000,201.116806,2.600000,-1.100000,1.000000,-26.000000,135.000000,86.149361
29.995317,2,2.000000,203.643768,-0.041000,-0.000367,1.000000,1.000000,1.000000,1.000000,1.830000,944.221985,0.000000,0.000000,1.830000,201.170288,2.600000,-1.100000,1.000000,-25.000000,133.000000,86.308617
30.038666,2,2.000000,203.696381,-0.040687,-0.000673,1.000000,1.000000,1.000000,1.000000,1.830000,944.260986,0.000000,0.000000,1.830000,201.197952,2.700000,-1.100000,1.000000,-24.000000,133.000000,86.185928
30.075711,2,2.000000,203.747879,-0.040431,-0.000907,1.000000,1.000000,1.000000,1.000000,1.830000,944.304016,0.000000,0.000000,1.830000,201.221069,2.700000,-1.100000,1.000000,-24.000000,133.000000,86.185928
30.115075,2,2.000000,203.797958,-0.040221,-0.001083,1.000000,1.000000,1.000000,1.000000,1.850000,944.346008,0.000000,0.000000,1.850000,201.235687,2.700000,-1.000000,1.000000,-24.000000,133.000000,86.185928
30.159580,2,2.000000,203.847321,-0.039850,-0.001212,1.000000,1.000000,1.000000,1.000000,1.850000,944.385010,0.000000,0.000000,1.850000,201.267181,2.700000,-0.900000,1.000000,-24.000000,131.000000,86.185928
30.197079,2,2.000000,203.847321,-0.038494,-0.001410,1.000000,1.000000,1.000000,1.000000,1.820000,944.424988,0.000000,0.000000,1.820000,201.292618,2.800000,-0.900000,0.000000,-10000.000000,-10000.000000,-10000.000000
30.235918,2,2.000000,203.847321,-0.037187,-0.001594,1.000000,1.000000,1.000000,1.000000,1.820000,944.468018,0.000000,0.000000,1.820000,201.310226,2.800000,-0.900000,0.000000,-10000.000000,-10000.000000,-10000.000000
30.275642,2,2.000000,203.847321,-0.035927,-0.001764,1.000000,1.000000,1.000000,1.000000,1.820000,944.507019,0.000000,0.000000,1.820000,201.322784,2.900000,-1.000000,0.000000,-10000.000000,-10000.000000,-10000.000000
30.314941,2,2.000000,203.829803,-0.036269,-0.001883,1.000000,1.000000,1.000000,1.000000,1.770000,944.547974,0.000000,0.000000,1.770000,201.346436,3.000000,-0.900000,1.000000,-22.000000,129.000000,87.954590
30.359558,2,2.000000,203.879074,-0.036444,-0.002064,1.000000,1.000000,1.000000,1.000000,1.770000,944.588013,0.000000,0.000000,1.770000,201.367935,3.000000,-0.900000,1.000000,-21.000000,128.000000,86.257011
30.395257,2,2.000000,203.891968,-0.036586,-0.002194,1.000000,1.000000,1.000000,1.000000,1.770000,944.619995,0.000000,0.000000,1.770000,201.380188,3.000000,-0.900000,1.000000,-21.000000,128.000000,87.165886
30.435290,2,2.000000,203.917160,-0.036504,-0.002383,1.000000,1.000000,1.000000,1.000000,1.780000,944.658997,0.000000,0.000000,1.780000,201.396149,3.000000,-0.900000,1.000000,-20.000000,126.000000,86.849281
30.476075,2,2.000000,203.941605,-0.036148,-0.002516,1.000000,1.000000,1.000000,1.000000,1.780000,944.703003,0.000000,0.000000,1.780000,201.402084,3.000000,-1.000000,1.000000,-20.000000,123.000000,86.849281
30.515297,2,2.000000,203.943634,-0.035775,-0.002803,1.000000,1.000000,1.000000,1.000000,1.790000,944.742004,0.000000,0.000000,1.790000,201.415131,3.100000,-0.900000,1.000000,-18.000000,122.000000,87.420853
30.556082,2,2.000000,203.945953,-0.035488,-0.003014,1.000000,1.000000,1.000000,1.000000,1.790000,944.783997,0.000000,0.000000,1.790000,201.424438,3.100000,-1.000000,1.000000,-18.000000,122.000000,87.420853
30.596430,2,2.000000,203.949051,-0.035269,-0.003262,1.000000,1.000000,1.000000,1.000000,1.730000,944.820984,0.000000,0.000000,1.730000,201.423981,3.200000,-1.000000,1.000000,-17.000000,122.000000,87.397438
30.634570,2,2.000000,203.952972,-0.035007,-0.003440,1.000000,1.000000,1.000000,1.000000,1.730000,944.862976,0.000000,0.000000,1.730000,201.448364,3.200000,-1.100000,1.000000,-17.000000,121.000000,87.397438
30.677091,2,2.000000,203.958603,-0.034710,-0.003564,1.000000,1.000000,1.000000,1.000000,1.730000,944.903992,0.000000,0.000000,1.730000,201.456680,3.200000,-1.100000,1.000000,-17.000000,120.000000,87.357452
30.714782,2,2.000000,203.902390,-0.034289,-0.003643,1.000000,1.000000,1.000000,1.000000,1.770000,944.942993,0.000000,0.000000,1.770000,201.464783,3.300000,-1.100000,1.000000,-17.000000,118.000000,88.967758
30.757283,2,2.000000,203.849625,-0.033769,-0.003686,1.000000,1.000000,1.000000,1.000000,1.770000,944.984985,0.000000,0.000000,1.770000,201.497894,3.300000,-1.100000,1.000000,-17.000000,116.000000,88.967758
30.795594,2,2.000000,203.849625,-0.032642,-0.003766,1.000000,1.000000,1.000000,1.000000,1.700000,945.025024,0.000000,0.000000,1.700000,201.523560,3.300000,-1.100000,0.000000,-17.000000,-10000.000000,88.047493
30.834446,2,2.000000,203.849625,-0.031554,-0.003838,1.000000,1.000000,1.000000,1.000000,1.700000,945.065002,0.000000,0.000000,1.700000,201.548706,3.300000,-1.100000,0.000000,-10000.000000,-10000.000000,-10000.000000
30.877980,2,2.000000,203.849625,-0.030505,-0.003902,1.000000,1.000000,1.000000,1.000000,1.700000,945.229980,0.000000,0.000000,1.700000,201.582535,3.300000,-1.200000,0.000000,-10000.000000,-10000.000000,-10000.000000
30.914645,2,2.000000,203.842743,-0.030063,-0.003698,1.000000,1.000000,1.000000,1.000000,1.740000,945.640015,0.000000,0.000000,1.740000,201.600723,3.200000,-1.300000,1.000000,-18.000000,108.000000,87.929970
30.957233,2,2.000000,203.757080,-0.029635,-0.003516,1.000000,1.000000,1.000000,1.000000,1.740000,946.049988,0.000000,0.000000,1.740000,201.615494,3.200000,-1.300000,1.000000,-18.000000,107.000000,90.000000
30.995007,2,2.000000,203.749100,-0.029022,-0.003351,1.000000,1.000000,1.000000,1.000000,1.710000,945.226013,0.000000,0.000000,1.710000,201.640213,3.100000,-1.400000,1.000000,-18.000000,104.000000,88.090851
31.034879,2,2.000000,203.741165,-0.028363,-0.003198,1.000000,1.000000,1.000000,1.000000,1.710000,945.268982,0.000000,0.000000,1.710000,201.649200,3.000000,-1.400000,1.000000,-18.000000,102.000000,88.106613
31.077485,2,2.000000,203.733917,-0.027472,-0.002957,1.000000,1.000000,1.000000,1.000000,1.710000,945.306030,0.000000,0.000000,1.710000,201.659439,2.900000,-1.400000,1.000000,-19.000000,98.000000,88.106613
31.114898,2,2.000000,203.655365,-0.026596,-0.002743,1.000000,1.000000,1.000000,1.000000,1.700000,945.336975,0.000000,0.000000,1.700000,201.691757,2.800000,-1.500000,1.000000,-19.000000,96.000000,90.000000
31.157406,2,2.000000,203.639923,-0.025438,-0.002354,1.000000,1.000000,1.000000,1.000000,1.700000,945.377014,0.000000,0.000000,1.700000,201.705658,2.700000,-1.500000,1.000000,-21.000000,91.000000,88.451843
31.197586,2,2.000000,203.565842,-0.024356,-0.002023,1.000000,1.000000,1.000000,1.000000,1.710000,945.419006,0.000000,0.000000,1.710000,201.713959,2.600000,-1.500000,1.000000,-21.000000,89.000000,90.000000
31.237800,2,2.000000,203.572372,-0.023237,-0.001738,1.000000,1.000000,1.000000,1.000000,1.710000,945.458008,0.000000,0.000000,1.710000,201.714172,2.600000,-1.600000,1.000000,-21.000000,86.000000,87.978638
31.278462,2,2.000000,203.501083,-0.022092,-0.001490,1.000000,1.000000,1.000000,1.000000,1.710000,945.499023,0.000000,0.000000,1.710000,201.718887,2.600000,-1.600000,1.000000,-21.000000,83.000000,90.000000
31.316606,2,2.000000,203.433105,-0.020927,-0.001172,1.000000,1.000000,1.000000,1.000000,1.700000,945.538025,0.000000,0.000000,1.700000,201.733734,2.700000,-1.700000,1.000000,-22.000000,80.000000,90.000000
31.356542,2,2.000000,203.368164,-0.019159,-0.000893,1.000000,1.000000,1.000000,1.000000,1.700000,945.580994,0.000000,0.000000,1.700000,201.744675,2.700000,-1.600000,1.000000,-22.000000,71.000000,90.000000
31.397270,2,2.000000,203.340790,-0.018100,-0.000550,1.000000,1.000000,1.000000,1.000000,1.640000,945.620972,0.000000,0.000000,1.640000,201.739883,2.800000,-1.500000,1.000000,-23.000000,74.000000,89.083344
31.434922,2,2.000000,203.330872,-0.017012,-0.000256,1.000000,1.000000,1.000000,1.000000,1.640000,945.659973,0.000000,0.000000,1.640000,201.729889,2.800000,-1.400000,1.000000,-23.000000,71.000000,88.646805
31.476310,2,2.000000,203.269302,-0.015902,0.000100,1.000000,1.000000,1.000000,1.000000,1.640000,945.703979,0.000000,0.000000,1.640000,201.729980,2.800000,-1.400000,1.000000,-24.000000,68.000000,90.000000
31.514476,2,2.000000,203.210083,-0.014776,0.000404,1.000000,1.000000,1.000000,1.000000,1.630000,945.747986,0.000000,0.000000,1.630000,201.729797,2.700000,-1.400000,1.000000,-24.000000,65.000000,90.000000
31.555523,2,2.000000,203.153320,-0.013936,0.000666,1.000000,1.000000,1.000000,1.000000,1.630000,945.788025,0.000000,0.000000,1.630000,201.734268,2.600000,-1.300000,1.000000,-24.000000,65.000000,90.000000
31.597109,2,2.000000,203.099182,-0.013124,0.000994,1.000000,1.000000,1.000000,1.000000,1.650000,945.825989,0.000000,0.000000,1.650000,201.745483,2.500000,-1.300000,1.000000,-25.000000,63.000000,90.000000
31.634179,2,2.000000,203.046494,-0.012336,0.001274,1.000000,1.000000,1.000000,1.000000,1.650000,945.867004,0.000000,0.000000,1.650000,201.729126,2.400000,-1.300000,1.000000,-25.000000,61.000000,90.000000
31.678198,2,2.000000,202.996109,-0.010681,0.001522,1.000000,1.000000,1.000000,1.000000,1.650000,945.906006,0.000000,0.000000,1.650000,201.736542,2.200000,-1.300000,1.000000,-25.000000,50.000000,90.000000
31.714621,2,2.000000,202.947891,-0.009135,0.001645,1.000000,1.000000,1.000000,1.000000,1.610000,945.947998,0.000000,0.000000,1.610000,201.742294,2.000000,-1.300000,1.000000,-24.000000,47.000000,90.000000
31.756373,2,2.000000,202.901794,-0.007678,0.001770,1.000000,1.000000,1.000000,1.000000,1.610000,945.986023,0.000000,0.000000,1.610000,201.749603,1.900000,-1.300000,1.000000,-24.000000,44.000000,90.000000
31.795619,2,2.000000,202.858337,-0.006294,0.001896,1.000000,1.000000,1.000000,1.000000,1.620000,946.028015,0.000000,0.000000,1.620000,201.771759,1.800000,-1.400000,1.000000,-24.000000,41.000000,90.000000
31.835845,2,2.000000,202.817505,-0.004576,0.002026,1.000000,1.000000,1.000000,1.000000,1.620000,946.059998,0.000000,0.000000,1.620000,201.796646,1.900000,-1.400000,1.000000,-24.000000,34.000000,90.000000
31.876573,2,2.000000,202.778778,-0.002892,0.002159,1.000000,1.000000,1.000000,1.000000,1.620000,946.210022,0.000000,0.000000,1.620000,201.810577,2.000000,-1.400000,1.000000,-24.000000,30.000000,90.000000
31.914772,2,2.000000,202.741928,-0.001634,0.002294,1.000000,1.000000,1.000000,1.000000,1.620000,946.590027,0.000000,0.000000,1.620000,201.820541,2.100000,-1.500000,1.000000,-24.000000,30.000000,90.000000
31.958114,2,2.000000,202.707382,-0.000317,0.002530,1.000000,1.000000,1.000000,1.000000,1.620000,946.989990,0.000000,0.000000,1.620000,201.843719,2.000000,-1.500000,1.000000,-25.000000,26.000000,90.000000
31.997612,2,2.000000,202.675278,0.001043,0.002746,1.000000,1.000000,1.000000,1.000000,1.550000,946.219971,0.000000,0.000000,1.550000,201.872467,1.900000,-1.500000,1.000000,-25.000000,22.000000,90.000000
32.034907,2,2.000000,202.645782,0.002435,0.002949,1.000000,1.000000,1.000000,1.000000,1.550000,946.258972,0.000000,0.000000,1.550000,201.908203,1.700000,-1.600000,1.000000,-25.000000,18.000000,90.000000
32.075925,2,2.000000,202.617996,0.003851,0.003141,1.000000,1.000000,1.000000,1.000000,1.550000,946.299988,0.000000,0.000000,1.550000,201.923462,1.600000,-1.600000,1.000000,-25.000000,14.000000,90.000000
32.114608,2,2.000000,202.592834,0.005284,0.003424,1.000000,1.000000,1.000000,1.000000,1.560000,946.341003,0.000000,0.000000,1.560000,201.963974,1.500000,-1.600000,1.000000,-26.000000,10.000000,90.000000
32.159118,2,2.000000,202.569641,0.007122,0.003782,1.000000,1.000000,1.000000,1.000000,1.560000,946.380981,0.000000,0.000000,1.560000,201.989838,1.400000,-1.600000,1.000000,-27.000000,2.000000,90.000000
32.197531,2,2.000000,202.548401,0.008785,0.004098,1.000000,1.000000,1.000000,1.000000,1.560000,946.419983,0.000000,0.000000,1.560000,202.017487,1.300000,-1.500000,1.000000,-27.000000,-1.000000,90.000000
32.235089,2,2.000000,202.529724,0.010011,0.004479,1.000000,1.000000,1.000000,1.000000,1.520000,946.460022,0.000000,0.000000,1.520000,202.062973,1.200000,-1.500000,1.000000,-28.000000,-1.000000,90.000000
32.276109,2,2.000000,202.512909,0.011680,0.004815,1.000000,1.000000,1.000000,1.000000,1.520000,946.505005,0.000000,0.000000,1.520000,202.092621,1.100000,-1.400000,1.000000,-28.000000,-9.000000,90.000000
32.316400,2,2.000000,202.497528,0.012908,0.005113,1.000000,1.000000,1.000000,1.000000,1.510000,946.544983,0.000000,0.000000,1.510000,202.112976,1.100000,-1.300000,1.000000,-28.000000,-9.000000,90.000000
32.357928,2,2.000000,202.483856,0.014575,0.005482,1.000000,1.000000,1.000000,1.000000,1.510000,946.585022,0.000000,0.000000,1.510000,202.141891,1.000000,-1.300000,1.000000,-29.000000,-17.000000,90.000000
32.394130,2,2.000000,202.471985,0.016585,0.005811,1.000000,1.000000,1.000000,1.000000,1.520000,946.624023,0.000000,0.000000,1.520000,202.175186,1.000000,-1.200000,1.000000,-29.000000,-25.000000,90.000000
32.439832,2,2.000000,202.462250,0.018469,0.006108,1.000000,1.000000,1.000000,1.000000,1.520000,946.666992,0.000000,0.000000,1.520000,202.218811,0.900000,-1.200000,1.000000,-29.000000,-29.000000,90.000000
32.475758,2,2.000000,202.454514,0.019856,0.006379,1.000000,1.000000,1.000000,1.000000,1.520000,946.705994,0.000000,0.000000,1.520000,202.261063,0.800000,-1.200000,1.000000,-29.000000,-29.000000,90.000000
32.515744,2,2.000000,202.416336,0.021244,0.006628,1.000000,1.000000,1.000000,1.000000,1.500000,946.745972,0.000000,0.000000,1.500000,202.298431,0.700000,-1.100000,1.000000,-29.000000,-33.000000,90.836372
32.561236,2,2.000000,202.413269,0.022631,0.006861,1.000000,1.000000,1.000000,1.000000,1.500000,946.786987,0.000000,0.000000,1.500000,202.336838,0.700000,-1.100000,1.000000,-29.000000,-37.000000,90.000000
32.596748,2,2.000000,202.411789,-0.000402,0.006940,1.000000,1.000000,1.000000,1.000000,1.450000,946.820007,0.000000,0.000000,1.450000,202.374664,0.700000,-1.200000,1.000000,-29.000000,207.000000,90.000000
32.635250,2,2.000000,202.352859,0.006920,0.006950,1.000000,1.000000,1.000000,1.000000,1.450000,946.861023,0.000000,0.000000,1.450000,202.400421,0.700000,-1.200000,1.000000,-28.000000,-52.000000,91.520767
32.675427,2,2.000000,202.297516,0.013026,0.007104,1.000000,1.000000,1.000000,1.000000,1.450000,946.901978,0.000000,0.000000,1.450000,202.434647,0.700000,-1.200000,1.000000,-29.000000,-56.000000,91.520767
32.716036,2,2.000000,202.231995,0.018061,0.007272,1.000000,1.000000,1.000000,1.000000,1.440000,946.940979,0.000000,0.000000,1.440000,202.456573,0.700000,-1.300000,1.000000,-29.000000,-59.000000,91.862617
32.757518,2,2.000000,202.172821,0.022731,0.007454,1.000000,1.000000,1.000000,1.000000,1.440000,946.986023,0.000000,0.000000,1.440000,202.483185,0.700000,-1.300000,1.000000,-29.000000,-67.000000,91.789909
32.794876,2,2.000000,202.186218,0.026711,0.007646,1.000000,1.000000,1.000000,1.000000,1.410000,947.028015,0.000000,0.000000,1.410000,202.521164,0.600000,-1.400000,1.000000,-29.000000,-71.000000,90.000000
32.836371,2,2.000000,202.199722,0.030137,0.007847,1.000000,1.000000,1.000000,1.000000,1.410000,947.059021,0.000000,0.000000,1.410000,202.537277,0.600000,-1.500000,1.000000,-29.000000,-75.000000,90.000000
32.876413,2,2.000000,202.213562,0.032727,0.008052,1.000000,1.000000,1.000000,1.000000,1.410000,947.219971,0.000000,0.000000,1.410000,202.559769,0.500000,-1.600000,1.000000,-29.000000,-75.000000,90.000000
32.915237,2,2.000000,202.126816,0.035344,0.008459,1.000000,1.000000,1.000000,1.000000,1.410000,947.580017,0.000000,0.000000,1.410000,202.561050,0.500000,-1.600000,1.000000,-31.000000,-82.000000,92.602562
32.957758,2,2.000000,202.063553,0.037683,0.008829,1.000000,1.000000,1.000000,1.000000,1.410000,947.989990,0.000000,0.000000,1.410000,202.572235,0.500000,-1.600000,1.000000,-31.000000,-86.000000,92.090157
32.995090,2,2.000000,202.003159,0.039404,0.009165,1.000000,1.000000,1.000000,1.000000,1.410000,947.223999,0.000000,0.000000,1.410000,202.583588,0.600000,-1.600000,1.000000,-31.000000,-86.000000,92.090157
33.036708,2,2.000000,201.918320,0.040934,0.009573,1.000000,1.000000,1.000000,1.000000,1.410000,947.262024,0.000000,0.000000,1.410000,202.580078,0.800000,-1.600000,1.000000,-32.000000,-89.000000,92.783020
33.076079,2,2.000000,201.888657,0.042409,0.009938,1.000000,1.000000,1.000000,1.000000,1.410000,947.302002,0.000000,0.000000,1.410000,202.597000,1.000000,-1.600000,1.000000,-32.000000,-93.000000,91.450218
33.115883,2,2.000000,201.805618,0.043743,0.010368,1.000000,1.000000,1.000000,1.000000,1.410000,947.341980,0.000000,0.000000,1.410000,202.574448,1.100000,-1.700000,1.000000,-33.000000,-96.000000,92.844658
33.158823,2,2.000000,201.722412,0.045064,0.010848,1.000000,1.000000,1.000000,1.000000,1.410000,947.382996,0.000000,0.000000,1.410000,202.588684,1.100000,-1.700000,1.000000,-34.000000,-100.000000,92.946449
33.197057,2,2.000000,201.643753,0.046374,0.011367,1.000000,1.000000,1.000000,1.000000,1.410000,947.424988,0.000000,0.000000,1.410000,202.581406,1.000000,-1.600000,1.000000,-35.000000,-104.000000,92.903816
33.236392,2,2.000000,201.714874,0.048366,0.012019,1.000000,1.000000,1.000000,1.000000,1.410000,947.463013,0.000000,0.000000,1.410000,202.604706,0.900000,-1.600000,1.000000,-37.000000,-115.000000,89.111763
33.280483,2,2.000000,201.714874,0.046738,0.011863,1.000000,1.000000,1.000000,1.000000,1.410000,947.502991,0.000000,0.000000,1.410000,202.608643,0.800000,-1.600000,0.000000,-10000.000000,-10000.000000,-10000.000000
33.318330,2,2.000000,201.714874,0.045167,0.011705,1.000000,1.000000,1.000000,1.000000,1.410000,947.544983,0.000000,0.000000,1.410000,202.612534,0.800000,-1.500000,0.000000,-10000.000000,-10000.000000,-10000.000000
33.358574,2,2.000000,201.616425,0.048035,0.012478,1.000000,1.000000,1.000000,1.000000,1.410000,947.585022,0.000000,0.000000,1.410000,202.623734,0.600000,-1.400000,1.000000,-38.000000,-125.000000,93.468231
33.394626,2,2.000000,201.499863,0.050474,0.013230,1.000000,1.000000,1.000000,1.000000,0.200000,947.625977,0.000000,0.000000,0.200000,202.599686,0.600000,-1.300000,1.000000,-39.000000,-128.000000,94.014175
33.435274,2,2.000000,201.392090,0.052572,0.013964,1.000000,1.000000,1.000000,1.000000,0.200000,947.669006,0.000000,0.000000,0.200000,202.582245,0.600000,-1.300000,1.000000,-40.000000,-131.000000,93.884491
33.481922,2,2.000000,201.510086,0.054496,0.014584,1.000000,1.000000,1.000000,1.000000,0.200000,947.700989,0.000000,0.000000,0.200000,202.582230,0.600000,-1.300000,1.000000,-40.000000,-135.000000,88.122124
33.515439,2,2.000000,201.621582,0.055887,0.015111,1.000000,1.000000,1.000000,1.000000,0.200000,947.737976,0.000000,0.000000,0.200000,202.531067,0.600000,-1.300000,1.000000,-40.000000,-135.000000,88.122124
33.556724,2,2.000000,201.621582,0.054021,0.014895,1.000000,1.000000,1.000000,1.000000,0.200000,947.786011,0.000000,0.000000,0.200000,202.494843,0.700000,-1.300000,0.000000,-10000.000000,-10000.000000,-10000.000000
33.597255,2,2.000000,201.621582,0.052220,0.014677,1.000000,1.000000,1.000000,1.000000,0.200000,947.827026,0.000000,0.000000,0.200000,202.458878,0.700000,-1.300000,0.000000,-10000.000000,-10000.000000,-10000.000000
33.636777,2,2.000000,201.621582,0.050483,0.014457,1.000000,1.000000,1.000000,1.000000,0.200000,947.861023,0.000000,0.000000,0.200000,202.395752,0.700000,-1.300000,0.000000,-10000.000000,-10000.000000,-10000.000000
33.678849,2,2.000000,201.621582,0.048807,0.014236,1.000000,1.000000,1.000000,1.000000,0.200000,947.901001,0.000000,0.000000,0.200000,202.334671,0.800000,-1.200000,0.000000,-10000.000000,-10000.000000,-10000.000000
33.715514,2,2.000000,201.621582,0.047189,0.014014,1.000000,1.000000,1.000000,1.000000,0.200000,947.940979,0.000000,0.000000,0.200000,202.285156,0.800000,-1.200000,0.000000,-10000.000000,-10000.000000,-10000.000000
33.756630,2,2.000000,201.621582,0.045628,0.013792,1.000000,1.000000,1.000000,1.000000,0.200000,947.982971,0.000000,0.000000,0.200000,202.186264,0.900000,-1.300000,0.000000,-10000.000000,-10000.000000,-10000.000000
33.794757,2,2.000000,201.621582,0.044121,0.013570,1.000000,1.000000,1.000000,1.000000,0.200000,948.023987,0.000000,0.000000,0.200000,202.042511,1.100000,-1.600000,0.000000,-10000.000000,-10000.000000,-10000.000000
33.834784,2,2.000000,201.621582,0.042667,0.013348,1.000000,1.000000,1.000000,1.000000,0.200000,948.060974,0.000000,0.000000,0.200000,201.992004,1.200000,-1.700000,0.000000,-10000.000000,-10000.000000,-10000.000000
33.877759,2,2.000000,201.621582,0.041264,0.013127,1.000000,1.000000,1.000000,1.000000,0.200000,948.210022,0.000000,0.000000,0.200000,201.992004,1.200000,-1.700000,0.000000,-10000.000000,-10000.000000,-10000.000000
33.914870,2,2.000000,201.621582,0.039909,0.012906,1.000000,1.000000,1.000000,1.000000,0.200000,948.609985,0.000000,0.000000,0.200000,201.992004,1.200000,-1.700000,0.000000,-10000.000000,-10000.000000,-10000.000000
33.958033,2,2.000000,201.621582,0.038601,0.012686,1.000000,1.000000,1.000000,1.000000,0.200000,949.020020,0.000000,0.000000,0.200000,201.992004,1.200000,-1.700000,0.000000,-10000.000000,-10000.000000,-10000.000000
33.995764,2,2.000000,201.621582,0.037339,0.012467,1.000000,1.000000,1.000000,1.000000,0.200000,948.223022,0.000000,0.000000,0.200000,201.992004,1.200000,-1.700000,0.000000,-10000.000000,-10000.000000,-10000.000000
34.036937,2,2.000000,201.621582,0.036121,0.012250,1.000000,1.000000,1.000000,1.000000,0.200000,948.263000,0.000000,0.000000,0.200000,201.992004,1.200000,-1.700000,0.000000,-10000.000000,-10000.000000,-10000.000000
34.077479,2,2.000000,201.621582,0.034944,0.012034,1.000000,1.000000,1.000000,1.000000,0.200000,948.304993,0.000000,0.000000,0.200000,201.992004,1.200000,-1.700000,0.000000,-10000.000000,-10000.000000,-10000.000000
34.115436,2,2.000000,201.621582,0.033809,0.011820,1.000000,1.000000,1.000000,1.000000,0.200000,948.344971,0.000000,0.000000,0.200000,201.992004,1.200000,-1.700000,0.000000,-10000.000000,-10000.000000,-10000.000000
34.158290,2,2.000000,201.621582,0.032712,0.011607,1.000000,1.000000,1.000000,1.000000,0.200000,948.385986,0.000000,0.000000,0.200000,201.992004,1.200000,-1.700000,0.000000,-10000.000000,-10000.000000,-10000.000000
34.195130,2,2.000000,201.621582,0.031654,0.011397,1.000000,1.000000,1.000000,1.000000,0.200000,948.424988,0.000000,0.000000,0.200000,201.992004,1.200000,-1.700000,0.000000,-10000.000000,-10000.000000,-10000.000000
34.236543,2,2.000000,201.621582,0.030632,0.011189,1.000000,1.000000,1.000000,1.000000,0.200000,948.466980,0.000000,0.000000,0.200000,201.992004,1.200000,-1.700000,0.000000,-10000.000000,-10000.000000,-10000.000000
34.278305,2,2.000000,201.621582,0.029645,0.010982,1.000000,1.000000,1.000000,1.000000,0.200000,948.505981,0.000000,0.000000,0.200000,201.992004,1.200000,-1.700000,0.000000,-10000.000000,-10000.000000,-10000.000000
34.314931,2,2.000000,201.621582,0.028692,0.010778,1.000000,1.000000,1.000000,1.000000,0.200000,948.538025,0.000000,0.000000,0.200000,201.992004,1.200000,-1.700000,0.000000,-10000.000000,-10000.000000,-10000.000000
34.356385,2,2.000000,201.621582,0.027771,0.010577,1.000000,1.000000,1.000000,1.000000,0.200000,948.578003,0.000000,0.000000,0.200000,201.992004,1.200000,-1.700000,0.000000,-10000.000000,-10000.000000,-10000.000000
34.398431,2,2.000000,201.621582,0.026882,0.010378,1.000000,1.000000,1.000000,1.000000,0.200000,948.619019,0.000000,0.000000,0.200000,201.992004,1.200000,-1.700000,0.000000,-10000.000000,-10000.000000,-10000.000000
34.434502,2,2.000000,201.621582,0.026024,0.010181,1.000000,1.000000,1.000000,1.000000,0.200000,948.659973,0.000000,0.000000,0.200000,201.992004,1.200000,-1.700000,0.000000,-10000.000000,-10000.000000,-10000.000000
34.478205,2,2.000000,201.621582,0.025195,0.009987,1.000000,1.000000,1.000000,1.000000,0.200000,948.702026,0.000000,0.000000,0.200000,201.992004,1.200000,-1.700000,0.000000,-10000.000000,-10000.000000,-10000.000000
34.516049,2,2.000000,201.621582,0.024394,0.009795,1.000000,1.000000,1.000000,1.000000,0.200000,948.739990,0.000000,0.000000,0.200000,201.992004,1.200000,-1.700000,0.000000,-10000.000000,-10000.000000,-10000.000000
34.557085,2,2.000000,201.621582,0.023620,0.009606,1.000000,1.000000,1.000000,1.000000,0.200000,948.781006,0.000000,0.000000,0.200000,201.992004,1.200000,-1.700000,0.000000,-10000.000000,-10000.000000,-10000.000000
34.594753,2,2.000000,201.621582,0.022873,0.009420,1.000000,1.000000,1.000000,1.000000,0.200000,948.822998,0.000000,0.000000,0.200000,201.992004,1.200000,-1.700000,0.000000,-10000.000000,-10000.000000,-10000.000000
34.636853,2,2.000000,201.621582,0.022151,0.009237,1.000000,1.000000,1.000000,1.000000,0.200000,948.862976,0.000000,0.000000,0.200000,201.992004,1.200000,-1.700000,0.000000,-10000.000000,-10000.000000,-10000.000000
34.676709,2,2.000000,201.621582,0.021454,0.009056,1.000000,1.000000,1.000000,1.000000,0.200000,948.903992,0.000000,0.000000,0.200000,201.992004,1.200000,-1.700000,0.000000,-10000.000000,-10000.000000,-10000.000000
34.714812,2,2.000000,201.621582,0.020780,0.008878,1.000000,1.000000,1.000000,1.000000,0.200000,948.942993,0.000000,0.000000,0.200000,201.992004,1.200000,-1.700000,0.000000,-10000.000000,-10000.000000,-10000.000000
34.757467,2,2.000000,201.621582,0.020129,0.008703,1.000000,1.000000,1.000000,1.000000,0.200000,948.984009,0.000000,0.000000,0.200000,201.992004,1.200000,-1.700000,0.000000,-10000.000000,-10000.000000,-10000.000000
34.797421,2,2.000000,201.621582,0.019499,0.008530,1.000000,1.000000,1.000000,1.000000,0.200000,949.023987,0.000000,0.000000,0.200000,201.992004,1.200000,-1.700000,0.000000,-10000.000000,-10000.000000,-10000.000000
34.840261,2,2.000000,201.621582,0.018891,0.008361,1.000000,1.000000,1.000000,1.000000,0.200000,949.068970,0.000000,0.000000,0.200000,201.992004,1.200000,-1.700000,0.000000,-10000.000000,-10000.000000,-10000.000000
34.874419,2,2.000000,201.621582,0.018304,0.008194,1.000000,1.000000,1.000000,1.000000,0.200000,949.190002,0.000000,0.000000,0.200000,201.992004,1.200000,-1.700000,0.000000,-10000.000000,-10000.000000,-10000.000000
34.915649,2,2.000000,201.621582,0.017736,0.008030,1.000000,1.000000,1.000000,1.000000,0.200000,949.570007,0.000000,0.000000,0.200000,201.992004,1.200000,-1.700000,0.000000,-10000.000000,-10000.000000,-10000.000000
34.956306,2,2.000000,201.621582,0.017187,0.007868,1.000000,1.000000,1.000000,1.000000,0.200000,949.960022,0.000000,0.000000,0.200000,201.992004,1.200000,-1.700000,0.000000,-10000.000000,-10000.000000,-10000.000000
34.994729,2,2.000000,201.621582,0.016656,0.007710,1.000000,1.000000,1.000000,1.000000,0.200000,949.221008,0.000000,0.000000,0.200000,201.992004,1.200000,-1.700000,0.000000,-10000.000000,-10000.000000,-10000.000000
35.039314,2,2.000000,201.621582,0.016144,0.007554,1.000000,1.000000,1.000000,1.000000,0.200000,949.260986,0.000000,0.000000,0.200000,201.992004,1.200000,-1.700000,0.000000,-10000.000000,-10000.000000,-10000.000000
35.078237,2,2.000000,201.621582,0.015648,0.007401,1.000000,1.000000,1.000000,1.000000,0.200000,949.302979,0.000000,0.000000,0.200000,201.992004,1.200000,-1.700000,0.000000,-10000.000000,-10000.000000,-10000.000000
35.121870,2,2.000000,201.621582,0.015169,0.007250,1.000000,1.000000,1.000000,1.000000,0.200000,949.341980,0.000000,0.000000,0.200000,201.992004,1.200000,-1.700000,0.000000,-10000.000000,-10000.000000,-10000.000000
35.157135,2,2.000000,201.621582,0.014705,0.007103,1.000000,1.000000,1.000000,1.000000,0.200000,949.385010,0.000000,0.000000,0.200000,201.992004,1.200000,-1.700000,0.000000,-10000.000000,-10000.000000,-10000.000000
35.197222,2,2.000000,201.621582,0.014257,0.006958,1.000000,1.000000,1.000000,1.000000,0.200000,949.422974,0.000000,0.000000,0.200000,201.992004,1.200000,-1.700000,0.000000,-10000.000000,-10000.000000,-10000.000000
35.238165,2,2.000000,201.621582,0.013824,0.006815,1.000000,1.000000,1.000000,1.000000,0.200000,949.463989,0.000000,0.000000,0.200000,201.992004,1.200000,-1.700000,0.000000,-10000.000000,-10000.000000,-10000.000000
35.276668,2,2.000000,201.621582,0.013405,0.006675,1.000000,1.000000,1.000000,1.000000,0.200000,949.508972,0.000000,0.000000,0.200000,201.992004,1.200000,-1.700000,0.000000,-10000.000000,-10000.000000,-10000.000000
35.316538,2,2.000000,201.621582,0.013000,0.006538,1.000000,1.000000,1.000000,1.000000,0.200000,949.539001,0.000000,0.000000,0.200000,201.992004,1.200000,-1.700000,0.000000,-10000.000000,-10000.000000,-10000.000000
35.356204,2,2.000000,201.621582,0.012608,0.006404,1.000000,1.000000,1.000000,1.000000,0.200000,949.580017,0.000000,0.000000,0.200000,201.992004,1.200000,-1.700000,0.000000,-10000.000000,-10000.000000,-10000.000000
35.395729,2,2.000000,201.621582,0.012229,0.006272,1.000000,1.000000,1.000000,1.000000,0.200000,949.620972,0.000000,0.000000,0.200000,201.992004,1.200000,-1.700000,0.000000,-10000.000000,-10000.000000,-10000.000000
35.436376,2,2.000000,201.621582,0.011863,0.006142,1.000000,1.000000,1.000000,1.000000,0.200000,949.661011,0.000000,0.000000,0.200000,201.992004,1.200000,-1.700000,0.000000,-10000.000000,-10000.000000,-10000.000000
35.476218,2,2.000000,201.621582,0.011508,0.006015,1.000000,1.000000,1.000000,1.000000,0.200000,949.700012,0.000000,0.000000,0.200000,201.992004,1.200000,-1.700000,0.000000,-10000.000000,-10000.000000,-10000.000000
35.516585,2,2.000000,201.621582,0.011165,0.005891,1.000000,1.000000,1.000000,1.000000,0.200000,949.739990,0.000000,0.000000,0.200000,201.992004,1.200000,-1.700000,0.000000,-10000.000000,-10000.000000,-10000.000000
35.556965,2,2.000000,201.621582,0.010833,0.005768,1.000000,1.000000,1.000000,1.000000,0.200000,949.780029,0.000000,0.000000,0.200000,201.992004,1.200000,-1.700000,0.000000,-10000.000000,-10000.000000,-10000.000000
35.596273,2,2.000000,201.621582,0.010512,0.005649,1.000000,1.000000,1.000000,1.000000,0.200000,949.823975,0.000000,0.000000,0.200000,201.992004,1.200000,-1.700000,0.000000,-10000.000000,-10000.000000,-10000.000000
35.636980,2,2.000000,201.621582,0.010201,0.005531,1.000000,1.000000,1.000000,1.000000,0.200000,949.866028,0.000000,0.000000,0.200000,201.992004,1.200000,-1.700000,0.000000,-10000.000000,-10000.000000,-10000.000000
35.676974,2,2.000000,201.621582,0.009900,0.005416,1.000000,1.000000,1.000000,1.000000,0.200000,949.903992,0.000000,0.000000,0.200000,201.992004,1.200000,-1.700000,0.000000,-10000.000000,-10000.000000,-10000.000000
35.714984,2,2.000000,201.621582,0.009609,0.005303,1.000000,1.000000,1.000000,1.000000,0.200000,949.945007,0.000000,0.000000,0.200000,201.992004,1.200000,-1.700000,0.000000,-10000.000000,-10000.000000,-10000.000000
35.757403,2,2.000000,201.621582,0.009328,0.005193,1.000000,1.000000,1.000000,1.000000,0.200000,949.973999,0.000000,0.000000,0.200000,201.992004,1.200000,-1.700000,0.000000,-10000.000000,-10000.000000,-10000.000000
35.796500,2,2.000000,201.621582,0.009055,0.005084,1.000000,1.000000,1.000000,1.000000,0.200000,950.026001,0.000000,0.000000,0.200000,201.992004,1.200000,-1.700000,0.000000,-10000.000000,-10000.000000,-10000.000000
35.836093,2,2.000000,201.621582,0.008791,0.004978,1.000000,1.000000,1.000000,1.000000,0.200000,950.067017,0.000000,0.000000,0.200000,201.992004,1.200000,-1.700000,0.000000,-10000.000000,-10000.000000,-10000.000000
35.877555,2,2.000000,201.621582,0.008536,0.004874,1.000000,1.000000,1.000000,1.000000,0.200000,950.239990,0.000000,0.000000,0.200000,201.992004,1.200000,-1.700000,0.000000,-10000.000000,-10000.000000,-10000.000000
35.919084,2,2.000000,201.621582,0.008289,0.004772,1.000000,1.000000,1.000000,1.000000,0.200000,950.640015,0.000000,0.000000,0.200000,201.992004,1.200000,-1.700000,0.000000,-10000.000000,-10000.000000,-10000.000000
35.959021,2,2.000000,201.621582,0.008049,0.004672,1.000000,1.000000,1.000000,1.000000,0.200000,951.049988,0.000000,0.000000,0.200000,201.992004,1.200000,-1.700000,0.000000,-10000.000000,-10000.000000,-10000.000000
35.997787,2,2.000000,201.621582,0.007817,0.004574,1.000000,1.000000,1.000000,1.000000,0.200000,950.218994,0.000000,0.000000,0.200000,201.992004,1.200000,-1.700000,0.000000,-10000.000000,-10000.000000,-10000.000000
36.035441,2,2.000000,201.621582,0.007593,0.004478,1.000000,1.000000,1.000000,1.000000,0.200000,950.268005,0.000000,0.000000,0.200000,201.992004,1.200000,-1.700000,0.000000,-10000.000000,-10000.000000,-10000.000000
36.076800,2,2.000000,201.621582,0.007375,0.004384,1.000000,1.000000,1.000000,1.000000,0.200000,950.296997,0.000000,0.000000,0.200000,201.992004,1.200000,-1.700000,0.000000,-10000.000000,-10000.000000,-10000.000000
36.117752,2,2.000000,201.621582,0.007165,0.004292,1.000000,1.000000,1.000000,1.000000,0.200000,950.341003,0.000000,0.000000,0.200000,201.992004,1.200000,-1.700000,0.000000,-10000.000000,-10000.000000,-10000.000000
36.157741,2,2.000000,201.621582,0.006961,0.004202,1.000000,1.000000,1.000000,1.000000,0.200000,950.380981,0.000000,0.000000,0.200000,201.992004,1.200000,-1.700000,0.000000,-10000.000000,-10000.000000,-10000.000000
36.197108,2,2.000000,201.621582,0.006763,0.004114,1.000000,1.000000,1.000000,1.000000,0.200000,950.421997,0.000000,0.000000,0.200000,201.992004,1.200000,-1.700000,0.000000,-10000.000000,-10000.000000,-10000.000000
36.237779,2,2.000000,201.621582,0.006572,0.004028,1.000000,1.000000,1.000000,1.000000,0.200000,950.463989,0.000000,0.000000,0.200000,201.992004,1.200000,-1.700000,0.000000,-10000.000000,-10000.000000,-10000.000000
36.278508,2,2.000000,201.621582,0.006386,0.003943,1.000000,1.000000,1.000000,1.000000,0.200000,950.505005,0.000000,0.000000,0.200000,201.992004,1.200000,-1.700000,0.000000,-10000.000000,-10000.000000,-10000.000000
36.317709,2,2.000000,201.621582,0.006207,0.003860,1.000000,1.000000,1.000000,1.000000,0.200000,950.544006,0.000000,0.000000,0.200000,201.992004,1.200000,-1.700000,0.000000,-10000.000000,-10000.000000,-10000.000000
36.358852,2,2.000000,201.621582,0.006033,0.003779,1.000000,1.000000,1.000000,1.000000,0.200000,950.585022,0.000000,0.000000,0.200000,201.992004,1.200000,-1.700000,0.000000,-10000.000000,-10000.000000,-10000.000000
