27.802121,1,1.000000,0.000000,0.000000,0.000000,1.000000,0.000000,0.000000,0.000000,0.200000,2437.250000,0.000000,0.000000,0.200000,199.310059,0.100000,-1.700000,
27.822565,1,1.000000,0.000000,0.000000,0.000000,1.000000,0.000000,0.000000,0.000000,0.200000,2437.271973,0.000000,0.000000,0.200000,199.304382,0.100000,-1.700000,
27.860410,1,1.000000,0.000000,0.000000,0.000000,1.000000,0.000000,0.000000,0.000000,0.200000,2437.306885,0.000000,0.000000,0.200000,199.311142,0.100000,-1.700000,
27.901432,1,1.000000,0.000000,0.000000,0.000000,1.000000,0.000000,0.000000,0.000000,0.200000,2437.352051,0.000000,0.000000,0.200000,199.308105,0.100000,-1.700000,
27.940601,1,1.000000,0.000000,0.000000,0.000000,1.000000,0.000000,0.000000,0.000000,0.200000,2437.393066,0.000000,0.000000,0.200000,199.309296,0.100000,-1.700000,
27.982712,1,1.000000,0.000000,0.000000,0.000000,1.000000,0.000000,0.000000,0.000000,0.200000,2437.429932,0.000000,0.000000,0.200000,199.310883,0.100000,-1.700000,
28.020220,1,1.000000,0.000000,0.000000,0.000000,1.000000,0.000000,0.000000,0.000000,0.200000,2437.465088,0.000000,0.000000,0.200000,199.309433,0.100000,-1.700000,
28.058066,1,1.000000,0.000000,0.000000,0.000000,1.000000,0.000000,0.000000,0.000000,0.200000,2437.510010,0.000000,0.000000,0.200000,199.314804,0.100000,-1.700000,
28.102213,1,1.000000,0.000000,0.000000,0.000000,1.000000,0.000000,0.000000,0.000000,0.200000,2437.552002,0.000000,0.000000,0.200000,199.315857,0.100000,-1.700000,
28.141456,1,1.000000,0.000000,0.000000,0.000000,1.000000,0.000000,0.000000,0.000000,0.200000,2437.698975,0.000000,0.000000,0.200000,199.286713,0.200000,-1.700000,
28.185722,1,1.000000,0.000000,0.000000,0.000000,1.000000,0.000000,0.000000,0.000000,0.200000,2438.059082,0.000000,0.000000,0.200000,199.265839,0.200000,-1.800000,
28.223737,1,1.000000,0.000000,0.000000,0.000000,1.000000,0.000000,0.000000,0.000000,0.200000,2438.468994,0.000000,0.000000,0.200000,199.390762,0.500000,-2.100000,
28.260193,1,1.000000,0.000000,0.000000,0.000000,1.000000,0.000000,0.000000,0.000000,0.200000,2437.700928,0.000000,0.000000,0.200000,199.411728,0.700000,-2.200000,
28.302243,1,1.000000,0.000000,0.000000,0.000000,1.000000,0.000000,0.000000,0.000000,0.200000,2437.745117,0.000000,0.000000,0.200000,199.369400,1.000000,-2.900000,
28.343989,1,1.000000,0.000000,0.000000,0.000000,1.000000,0.000000,0.000000,0.000000,0.200000,2437.788086,0.000000,0.000000,0.200000,199.337662,1.100000,-4.000000,
28.378275,1,1.000000,0.000000,0.000000,0.000000,1.000000,0.000000,0.000000,0.000000,0.200000,2437.830078,0.000000,0.000000,0.200000,199.420364,1.100000,-4.300000,
28.423913,1,1.000000,0.000000,0.000000,0.000000,1.000000,0.000000,0.000000,0.000000,0.200000,2437.871094,0.000000,0.000000,0.200000,199.636353,1.300000,-4.000000,
28.459775,1,1.000000,0.000000,0.000000,0.000000,1.000000,0.000000,0.000000,0.000000,0.200000,2437.913086,0.000000,0.000000,0.200000,199.792358,1.200000,-4.000000,
28.503068,1,1.000000,0.000000,0.000000,0.000000,1.000000,0.000000,0.000000,0.000000,0.200000,2437.954102,0.000000,0.000000,0.200000,199.972580,0.900000,-3.900000,
28.541441,1,1.000000,0.000000,0.000000,0.000000,1.000000,0.000000,0.000000,0.000000,0.200000,2437.987061,0.000000,0.000000,0.200000,200.104248,1.300000,-3.300000,
28.580191,1,1.000000,0.000000,0.000000,0.000000,1.000000,0.000000,0.000000,0.000000,0.200000,2438.028076,0.000000,0.000000,0.200000,200.167267,1.500000,-2.800000,
28.636080,1,1.000000,0.000000,0.000000,0.000000,1.000000,0.000000,0.000000,0.000000,0.200000,2438.080078,0.000000,0.000000,0.200000,200.278214,1.800000,-2.600000,
28.660174,1,1.000000,0.000000,0.000000,0.000000,1.000000,0.000000,0.000000,0.000000,0.200000,2438.114014,0.000000,0.000000,0.200000,200.359558,2.100000,-2.600000,
28.701689,1,1.000000,0.000000,0.000000,0.000000,1.000000,0.000000,0.000000,0.000000,0.200000,2438.145020,0.000000,0.000000,0.200000,200.396515,2.200000,-2.700000,
28.744932,1,1.000000,0.000000,0.000000,0.000000,1.000000,0.000000,0.000000,0.000000,0.200000,2438.189941,0.000000,0.000000,0.200000,200.485611,2.300000,-2.700000,
28.782086,1,1.000000,0.000000,0.000000,0.000000,1.000000,0.000000,0.000000,0.000000,0.250000,2438.231934,0.000000,0.000000,0.250000,200.637970,2.400000,-2.300000,
28.821521,1,1.000000,0.000000,0.000000,0.000000,1.000000,0.000000,0.000000,0.000000,0.250000,2438.270020,0.000000,0.000000,0.250000,200.717743,2.300000,-2.500000,
28.856514,1,1.000000,0.000000,0.000000,0.000000,1.000000,0.000000,0.000000,0.000000,0.280000,2438.312988,0.000000,0.000000,0.280000,200.788101,2.400000,-2.500000,
28.905326,1,1.000000,0.000000,0.000000,0.000000,1.000000,0.000000,0.000000,0.000000,0.280000,2438.344971,0.000000,0.000000,0.280000,200.814987,2.300000,-2.500000,
28.938124,1,1.000000,0.000000,0.000000,0.000000,1.000000,0.000000,0.000000,0.000000,0.320000,2438.389893,0.000000,0.000000,0.320000,200.862015,2.500000,-2.100000,
28.982702,1,1.000000,0.000000,0.000000,0.000000,1.000000,0.000000,0.000000,0.000000,0.320000,2438.430908,0.000000,0.000000,0.320000,200.868484,2.600000,-2.100000,
29.022380,1,1.000000,0.000000,0.000000,0.000000,1.000000,0.000000,0.000000,0.000000,0.320000,2438.468018,0.000000,0.000000,0.320000,200.861359,2.500000,-2.100000,
29.061234,1,1.000000,0.000000,0.000000,0.000000,1.000000,0.000000,0.000000,0.000000,0.350000,2438.510986,0.000000,0.000000,0.350000,200.841019,2.200000,-2.000000,
29.104257,1,1.000000,0.000000,0.000000,0.000000,1.000000,0.000000,0.000000,0.000000,0.350000,2438.544922,0.000000,0.000000,0.350000,200.794739,2.200000,-1.900000,
29.141210,1,1.000000,0.000000,0.000000,0.000000,1.000000,0.000000,0.000000,0.000000,0.370000,2438.698975,0.000000,0.000000,0.370000,200.756500,2.400000,-1.900000,
29.182930,1,1.000000,0.000000,0.000000,0.000000,1.000000,0.000000,0.000000,0.000000,0.370000,2439.039062,0.000000,0.000000,0.370000,200.668793,2.500000,-2.100000,
29.220241,1,1.000000,0.000000,0.000000,0.000000,1.000000,0.000000,0.000000,0.000000,0.370000,2439.509033,0.000000,0.000000,0.370000,200.592148,2.500000,-2.100000,
29.263103,1,1.000000,0.000000,0.000000,0.000000,1.000000,0.000000,0.000000,0.000000,0.380000,2438.705078,0.000000,0.000000,0.380000,200.562790,2.500000,-2.000000,
29.301244,1,1.000000,0.000000,0.000000,0.000000,1.000000,0.000000,0.000000,0.000000,0.380000,2438.746094,0.000000,0.000000,0.380000,200.509491,2.300000,-2.000000,
29.341202,1,1.000000,0.000000,0.000000,0.000000,1.000000,0.000000,0.000000,0.000000,0.380000,2438.789062,0.000000,0.000000,0.380000,200.417175,2.200000,-1.700000,
29.382243,1,1.000000,0.000000,0.000000,0.000000,1.000000,0.000000,0.000000,0.000000,0.410000,2438.829102,0.000000,0.000000,0.410000,200.351700,2.300000,-1.800000,
29.420574,1,1.000000,0.000000,0.000000,0.000000,1.000000,0.000000,0.000000,0.000000,0.410000,2438.870117,0.000000,0.000000,0.410000,200.297607,2.300000,-1.800000,
29.462566,1,1.000000,0.000000,0.000000,0.000000,1.000000,0.000000,0.000000,0.000000,0.430000,2438.909912,0.000000,0.000000,0.430000,200.227158,2.100000,-1.800000,
29.505136,1,1.000000,0.000000,0.000000,0.000000,1.000000,0.000000,0.000000,0.000000,0.430000,2438.941895,0.000000,0.000000,0.430000,200.184586,2.100000,-1.600000,
29.538395,1,1.000000,0.000000,0.000000,0.000000,1.000000,0.000000,0.000000,0.000000,0.430000,2438.989014,0.000000,0.000000,0.430000,200.078918,2.300000,-1.500000,
29.582619,1,1.000000,0.000000,0.000000,0.000000,1.000000,0.000000,0.000000,0.000000,0.450000,2439.027100,0.000000,0.000000,0.450000,200.013580,2.300000,-1.700000,
29.623134,1,1.000000,0.000000,0.000000,0.000000,1.000000,0.000000,0.000000,0.000000,0.450000,2439.072021,0.000000,0.000000,0.450000,199.968948,2.100000,-1.600000,
29.665718,1,1.000000,0.000000,0.000000,0.000000,1.000000,0.000000,0.000000,0.000000,0.450000,2439.113037,0.000000,0.000000,0.450000,199.930252,1.900000,-1.500000,
29.699886,1,1.000000,0.000000,0.000000,0.000000,1.000000,0.000000,0.000000,0.000000,0.450000,2439.145996,0.000000,0.000000,0.450000,199.898483,1.900000,-1.400000,
29.739079,1,1.000000,0.000000,0.000000,0.000000,1.000000,0.000000,0.000000,0.000000,0.450000,2439.188965,0.000000,0.000000,0.450000,199.830887,2.100000,-1.500000,
29.785017,1,1.000000,0.000000,0.000000,0.000000,1.000000,0.000000,0.000000,0.000000,0.450000,2439.228027,0.000000,0.000000,0.450000,199.797821,2.000000,-1.500000,
29.825578,1,1.000000,0.000000,0.000000,0.000000,1.000000,0.000000,0.000000,0.000000,0.450000,2439.273926,0.000000,0.000000,0.450000,199.770294,1.700000,-1.400000,
29.863309,1,1.000000,0.000000,0.000000,0.000000,1.000000,0.000000,0.000000,0.000000,0.510000,2439.306885,0.000000,0.000000,0.510000,199.755753,1.600000,-1.200000,
29.902054,1,1.000000,0.000000,0.000000,0.000000,1.000000,0.000000,0.000000,0.000000,0.510000,2439.347900,0.000000,0.000000,0.510000,199.742844,1.700000,-1.200000,
29.943330,1,1.000000,0.000000,0.000000,0.000000,1.000000,0.000000,0.000000,0.000000,0.530000,2439.389893,0.000000,0.000000,0.530000,199.687256,1.700000,-1.200000,
29.982347,1,1.000000,0.000000,0.000000,0.000000,1.000000,0.000000,0.000000,0.000000,0.530000,2439.430908,0.000000,0.000000,0.530000,199.661209,1.700000,-1.200000,
30.024302,1,1.000000,0.000000,0.000000,0.000000,1.000000,0.000000,0.000000,0.000000,0.530000,2439.472900,0.000000,0.000000,0.530000,199.628708,1.800000,-1.200000,
30.058490,1,1.000000,0.000000,0.000000,0.000000,1.000000,0.000000,0.000000,0.000000,0.550000,2439.506104,0.000000,0.000000,0.550000,199.615570,1.800000,-1.300000,
30.101922,1,1.000000,0.000000,0.000000,0.000000,1.000000,0.000000,0.000000,0.000000,0.550000,2439.547119,0.000000,0.000000,0.550000,199.600891,1.700000,-1.300000,
30.139387,1,1.000000,0.000000,0.000000,0.000000,1.000000,0.000000,0.000000,0.000000,0.570000,2440.479004,0.000000,0.000000,0.570000,199.588760,1.700000,-1.200000,
30.178327,1,1.000000,0.000000,0.000000,0.000000,1.000000,0.000000,0.000000,0.000000,0.570000,2440.069092,0.000000,0.000000,0.570000,199.573288,1.600000,-1.200000,
30.221340,1,1.000000,0.000000,0.000000,0.000000,1.000000,0.000000,0.000000,0.000000,0.570000,2440.509033,0.000000,0.000000,0.570000,199.565048,1.700000,-1.200000,
30.260889,1,1.000000,0.000000,0.000000,0.000000,1.000000,0.000000,0.000000,0.000000,0.590000,2439.714111,0.000000,0.000000,0.590000,199.546768,1.800000,-1.200000,
30.302381,1,1.000000,0.000000,0.000000,0.000000,1.000000,0.000000,0.000000,0.000000,0.590000,2439.756104,0.000000,0.000000,0.590000,199.537582,1.700000,-1.300000,
30.344707,1,1.000000,0.000000,0.000000,0.000000,1.000000,0.000000,0.000000,0.000000,0.590000,2439.787109,0.000000,0.000000,0.590000,199.534821,1.700000,-1.300000,
30.382024,1,1.000000,0.000000,0.000000,0.000000,1.000000,0.000000,0.000000,0.000000,0.610000,2439.829102,0.000000,0.000000,0.610000,199.538773,1.700000,-1.100000,
30.421861,1,1.000000,0.000000,0.000000,0.000000,1.000000,0.000000,0.000000,0.000000,0.610000,2439.873047,0.000000,0.000000,0.610000,199.524521,1.800000,-1.200000,
30.459221,1,1.000000,0.000000,0.000000,0.000000,1.000000,0.000000,0.000000,0.000000,0.630000,2439.909912,0.000000,0.000000,0.630000,199.514343,1.700000,-1.200000,
30.500556,1,1.000000,0.000000,0.000000,0.000000,1.000000,0.000000,0.000000,0.000000,0.630000,2439.952881,0.000000,0.000000,0.630000,199.516754,1.600000,-1.100000,
30.542084,1,1.000000,0.000000,0.000000,0.000000,1.000000,0.000000,0.000000,0.000000,0.630000,2439.985107,0.000000,0.000000,0.630000,199.518829,1.600000,-1.100000,
30.584707,1,1.000000,0.000000,0.000000,0.000000,1.000000,0.000000,0.000000,0.000000,0.650000,2440.029053,0.000000,0.000000,0.650000,199.513931,1.800000,-1.100000,
30.621613,1,1.000000,0.000000,0.000000,0.000000,1.000000,0.000000,0.000000,0.000000,0.650000,2440.070068,0.000000,0.000000,0.650000,199.518234,1.800000,-1.200000,
30.663368,1,1.000000,0.000000,0.000000,0.000000,1.000000,0.000000,0.000000,0.000000,0.680000,2440.107910,0.000000,0.000000,0.680000,199.523865,1.600000,-1.100000,
30.702073,1,1.000000,0.000000,0.000000,0.000000,1.000000,0.000000,0.000000,0.000000,0.680000,2440.153076,0.000000,0.000000,0.680000,199.519897,1.400000,-1.000000,
30.742174,1,1.000000,0.000000,0.000000,0.000000,1.000000,0.000000,0.000000,0.000000,0.680000,2440.187988,0.000000,0.000000,0.680000,199.521011,1.500000,-1.000000,
30.781879,1,1.000000,0.000000,0.000000,0.000000,1.000000,0.000000,0.000000,0.000000,0.700000,2440.233887,0.000000,0.000000,0.700000,199.503159,1.700000,-1.000000,
30.820777,1,1.000000,0.000000,0.000000,0.000000,1.000000,0.000000,0.000000,0.000000,0.700000,2440.268066,0.000000,0.000000,0.700000,199.504044,1.800000,-1.100000,
30.863242,1,1.000000,0.000000,0.000000,0.000000,1.000000,0.000000,0.000000,0.000000,0.730000,2440.301025,0.000000,0.000000,0.730000,199.489441,1.700000,-1.100000,
30.903811,1,1.000000,0.000000,0.000000,0.000000,1.000000,0.000000,0.000000,0.000000,0.730000,2440.345947,0.000000,0.000000,0.730000,199.482437,1.700000,-1.000000,
30.943071,1,1.000000,0.000000,0.000000,0.000000,1.000000,0.000000,0.000000,0.000000,0.730000,2440.387939,0.000000,0.000000,0.730000,199.463684,1.700000,-1.000000,
30.986442,1,1.000000,0.000000,0.000000,0.000000,1.000000,0.000000,0.000000,0.000000,0.740000,2440.427002,0.000000,0.000000,0.740000,199.456955,1.700000,-1.000000,
31.023216,1,1.000000,0.000000,0.000000,0.000000,1.000000,0.000000,0.000000,0.000000,0.740000,2440.468018,0.000000,0.000000,0.740000,199.448029,1.700000,-1.000000,
31.062791,1,1.000000,0.000000,0.000000,0.000000,1.000000,0.000000,0.000000,0.000000,0.760000,2440.510010,0.000000,0.000000,0.760000,199.434372,1.800000,-1.000000,
31.099999,1,1.000000,0.000000,0.000000,0.000000,1.000000,0.000000,0.000000,0.000000,0.760000,2440.552979,0.000000,0.000000,0.760000,199.425217,1.700000,-1.000000,
31.135619,1,1.000000,0.000000,0.000000,0.000000,1.000000,0.000000,0.000000,0.000000,0.780000,2440.698975,0.000000,0.000000,0.780000,199.415924,1.600000,-0.900000,
31.180338,1,1.000000,0.000000,0.000000,0.000000,1.000000,0.000000,0.000000,0.000000,0.780000,2441.118896,0.000000,0.000000,0.780000,199.418030,1.700000,-0.900000,
31.221203,1,1.000000,0.000000,0.000000,0.000000,1.000000,0.000000,0.000000,0.000000,0.780000,2441.509033,0.000000,0.000000,0.780000,199.410904,1.800000,-0.900000,
31.263634,1,1.000000,0.000000,0.000000,0.000000,1.000000,0.000000,0.000000,0.000000,0.810000,2440.711914,0.000000,0.000000,0.810000,199.410400,1.700000,-0.900000,
31.299853,1,1.000000,0.000000,0.000000,0.000000,1.000000,0.000000,0.000000,0.000000,0.810000,2440.753906,0.000000,0.000000,0.810000,199.403381,1.700000,-0.800000,
31.341061,1,1.000000,0.000000,0.000000,0.000000,1.000000,0.000000,0.000000,0.000000,0.830000,2440.792969,0.000000,0.000000,0.830000,199.401917,1.800000,-0.700000,
31.383063,1,1.000000,0.000000,0.000000,0.000000,1.000000,0.000000,0.000000,0.000000,0.830000,2440.823975,0.000000,0.000000,0.830000,199.409592,1.900000,-0.300000,
31.418846,1,1.000000,0.000000,0.000000,0.000000,1.000000,0.000000,0.000000,0.000000,0.830000,2440.866943,0.000000,0.000000,0.830000,199.466278,2.400000,3.400000,
31.462594,1,1.000000,0.000000,0.000000,0.000000,1.000000,0.000000,0.000000,0.000000,0.840000,2440.915039,0.000000,0.000000,0.840000,199.765381,3.800000,13.300000,
31.502252,1,1.000000,0.000000,0.000000,0.000000,1.000000,0.000000,0.000000,0.000000,0.840000,2440.949951,0.000000,0.000000,0.840000,199.763092,4.000000,14.900000,
31.542184,1,1.000000,0.000000,0.000000,0.000000,1.000000,0.000000,0.000000,0.000000,0.840000,2440.985107,0.000000,0.000000,0.840000,199.596329,3.900000,15.700000,
31.580849,1,1.000000,0.000000,0.000000,0.000000,1.000000,0.000000,0.000000,0.000000,0.860000,2441.025879,0.000000,0.000000,0.860000,199.524918,3.900000,15.700000,
31.620764,1,1.000000,0.000000,0.000000,0.000000,1.000000,0.000000,0.000000,0.000000,0.860000,2441.070068,0.000000,0.000000,0.860000,199.524918,3.900000,15.700000,
31.664151,1,1.000000,0.000000,0.000000,0.000000,1.000000,0.000000,0.000000,0.000000,0.840000,2441.108887,0.000000,0.000000,0.840000,199.204956,3.400000,17.600000,
31.701234,1,1.000000,0.000000,0.000000,0.000000,1.000000,0.000000,0.000000,0.000000,0.830000,2441.153076,0.000000,0.000000,0.830000,199.030365,2.900000,18.200001,
31.742432,1,1.000000,0.000000,0.000000,0.000000,1.000000,0.000000,0.000000,0.000000,0.830000,2441.186035,0.000000,0.000000,0.830000,198.959274,2.700000,18.500000,
31.781247,1,1.000000,0.000000,0.000000,0.000000,1.000000,0.000000,0.000000,0.000000,0.800000,2441.227051,0.000000,0.000000,0.800000,198.871552,2.300000,18.900000,
31.822433,1,1.000000,0.000000,0.000000,0.000000,1.000000,0.000000,0.000000,0.000000,0.810000,2441.271973,0.000000,0.000000,0.810000,198.776154,2.000000,17.900000,
31.865326,1,1.000000,0.000000,0.000000,0.000000,1.000000,0.000000,0.000000,0.000000,0.790000,2441.304932,0.000000,0.000000,0.790000,198.738678,1.800000,17.200001,
31.900645,1,1.000000,0.000000,0.000000,0.000000,1.000000,0.000000,0.000000,0.000000,0.800000,2441.345947,0.000000,0.000000,0.800000,198.690567,1.500000,15.000000,
31.941006,1,1.000000,0.000000,0.000000,0.000000,1.000000,0.000000,0.000000,0.000000,0.750000,2441.387939,0.000000,0.000000,0.750000,198.709564,1.400000,10.300000,
31.980452,1,1.000000,0.000000,0.000000,0.000000,1.000000,0.000000,0.000000,0.000000,0.750000,2441.427002,0.000000,0.000000,0.750000,198.768631,1.400000,8.400000,
32.025699,1,1.000000,0.000000,0.000000,0.000000,1.000000,0.000000,0.000000,0.000000,0.750000,2441.468994,0.000000,0.000000,0.750000,198.799911,1.400000,7.700000,
32.059494,1,1.000000,0.000000,0.000000,0.000000,1.000000,0.000000,0.000000,0.000000,0.710000,2441.509033,0.000000,0.000000,0.710000,198.891281,1.400000,5.700000,
32.099727,1,1.000000,0.000000,0.000000,0.000000,1.000000,0.000000,0.000000,0.000000,0.710000,2441.552979,0.000000,0.000000,0.710000,198.942352,1.400000,4.500000,
32.141697,1,1.000000,0.000000,0.000000,0.000000,1.000000,0.000000,0.000000,0.000000,0.700000,2442.079102,0.000000,0.000000,0.700000,198.972000,1.400000,3.900000,
32.181728,1,1.000000,0.000000,0.000000,0.000000,1.000000,0.000000,0.000000,0.000000,0.650000,2442.049072,0.000000,0.000000,0.650000,199.009857,1.500000,2.600000,
32.221622,1,1.000000,0.000000,0.000000,0.000000,1.000000,0.000000,0.000000,0.000000,0.650000,2442.529053,0.000000,0.000000,0.650000,199.070724,1.700000,0.700000,
32.260203,1,1.000000,0.000000,0.000000,0.000000,1.000000,0.000000,0.000000,0.000000,0.600000,2441.711914,0.000000,0.000000,0.600000,199.095337,1.700000,-0.100000,
32.300691,1,1.000000,0.000000,0.000000,0.000000,1.000000,0.000000,0.000000,0.000000,0.600000,2441.753906,0.000000,0.000000,0.600000,199.123215,1.800000,-0.800000,
32.341948,1,1.000000,0.000000,0.000000,0.000000,1.000000,0.000000,0.000000,0.000000,0.550000,2441.792969,0.000000,0.000000,0.550000,199.149811,1.800000,-1.100000,
32.383458,1,1.000000,0.000000,0.000000,0.000000,1.000000,0.000000,0.000000,0.000000,0.550000,2441.826904,0.000000,0.000000,0.550000,199.168808,1.800000,-1.100000,
32.425383,1,1.000000,0.000000,0.000000,0.000000,1.000000,0.000000,0.000000,0.000000,0.550000,2441.871094,0.000000,0.000000,0.550000,199.180679,1.900000,-1.200000,
32.462922,1,1.000000,0.000000,0.000000,0.000000,1.000000,0.000000,0.000000,0.000000,0.500000,2441.914062,0.000000,0.000000,0.500000,199.183578,1.700000,-1.500000,
32.502956,1,1.000000,0.000000,0.000000,0.000000,1.000000,0.000000,0.000000,0.000000,0.500000,2441.951904,0.000000,0.000000,0.500000,199.186859,1.700000,-1.700000,
32.540114,1,1.000000,0.000000,0.000000,0.000000,1.000000,0.000000,0.000000,0.000000,0.490000,2441.983887,0.000000,0.000000,0.490000,199.188553,1.700000,-1.700000,
32.579677,1,1.000000,0.000000,0.000000,0.000000,1.000000,0.000000,0.000000,0.000000,0.430000,2442.032959,0.000000,0.000000,0.430000,199.190918,1.800000,-1.600000,
32.621033,1,1.000000,0.000000,0.000000,0.000000,1.000000,0.000000,0.000000,0.000000,0.430000,2442.072021,0.000000,0.000000,0.430000,199.209549,1.700000,-0.400000,
32.659006,1,1.000000,0.000000,0.000000,0.000000,1.000000,0.000000,0.000000,0.000000,0.360000,2442.104980,0.000000,0.000000,0.360000,199.226212,1.700000,0.500000,
32.702531,1,1.000000,0.000000,0.000000,0.000000,1.000000,0.000000,0.000000,0.000000,0.360000,2442.144043,0.000000,0.000000,0.360000,199.297165,1.800000,2.100000,
32.741996,1,1.000000,0.000000,0.000000,0.000000,1.000000,0.000000,0.000000,0.000000,0.310000,2442.187012,0.000000,0.000000,0.310000,199.381409,1.700000,2.900000,
32.779799,1,1.000000,0.000000,0.000000,0.000000,1.000000,0.000000,0.000000,0.000000,0.310000,2442.231934,0.000000,0.000000,0.310000,199.557129,1.500000,2.500000,
32.824440,1,1.000000,0.000000,0.000000,0.000000,1.000000,0.000000,0.000000,0.000000,0.310000,2442.270996,0.000000,0.000000,0.310000,199.656448,1.300000,1.000000,
32.865829,1,1.000000,0.000000,0.000000,0.000000,1.000000,0.000000,0.000000,0.000000,0.210000,2442.305908,0.000000,0.000000,0.210000,199.704956,1.200000,0.500000,
32.898580,1,1.000000,0.000000,0.000000,0.000000,1.000000,0.000000,0.000000,0.000000,0.210000,2442.345947,0.000000,0.000000,0.210000,199.797211,1.000000,0.000000,
32.940655,1,1.000000,0.000000,0.000000,0.000000,1.000000,0.000000,0.000000,0.000000,0.200000,2442.388916,0.000000,0.000000,0.200000,199.849350,1.200000,-0.400000,
32.983785,1,1.000000,0.000000,0.000000,0.000000,1.000000,0.000000,0.000000,0.000000,0.200000,2442.430908,0.000000,0.000000,0.200000,201.484131,2.000000,6.300000,
33.028129,1,1.000000,0.000000,0.000000,0.000000,1.000000,0.000000,0.000000,0.000000,0.200000,2442.470947,0.000000,0.000000,0.200000,203.272171,2.800000,-0.500000,
33.058858,1,1.000000,0.000000,0.000000,0.000000,1.000000,0.000000,0.000000,0.000000,0.200000,2442.504883,0.000000,0.000000,0.200000,203.491409,2.600000,-2.700000,
33.100228,1,1.000000,0.000000,0.000000,0.000000,1.000000,0.000000,0.000000,0.000000,0.200000,2442.550049,0.000000,0.000000,0.200000,203.714584,2.500000,-2.900000,
33.140225,1,1.000000,0.000000,0.000000,0.000000,1.000000,0.000000,0.000000,0.000000,0.200000,2442.678955,0.000000,0.000000,0.200000,203.716782,1.200000,-0.100000,
33.179257,1,1.000000,0.000000,0.000000,0.000000,1.000000,0.000000,0.000000,0.000000,0.200000,2443.089111,0.000000,0.000000,0.200000,203.520935,0.100000,0.700000,
33.221417,1,1.000000,0.000000,0.000000,0.000000,1.000000,0.000000,0.000000,0.000000,0.200000,2443.509033,0.000000,0.000000,0.200000,203.238159,-0.000000,0.600000,
33.261224,1,1.000000,0.000000,0.000000,0.000000,1.000000,0.000000,0.000000,0.000000,0.200000,2442.711914,0.000000,0.000000,0.200000,203.040680,-0.500000,2.000000,
33.300404,1,1.000000,0.000000,0.000000,0.000000,1.000000,0.000000,0.000000,0.000000,0.200000,2442.753906,0.000000,0.000000,0.200000,203.234039,-1.000000,3.000000,
33.340158,1,1.000000,0.000000,0.000000,0.000000,1.000000,0.000000,0.000000,0.000000,0.200000,2442.785889,0.000000,0.000000,0.200000,203.234039,-1.000000,3.000000,
33.382650,1,1.000000,0.000000,0.000000,0.000000,1.000000,0.000000,0.000000,0.000000,0.200000,2442.831055,0.000000,0.000000,0.200000,202.710617,0.800000,-0.400000,
33.422650,1,1.000000,0.000000,0.000000,0.000000,1.000000,0.000000,0.000000,0.000000,0.200000,2442.865967,0.000000,0.000000,0.200000,202.521790,1.000000,-0.800000,
33.459904,1,1.000000,0.000000,0.000000,0.000000,1.000000,0.000000,0.000000,0.000000,0.200000,2442.909912,0.000000,0.000000,0.200000,202.116959,-0.700000,1.600000,
33.500444,1,1.000000,0.000000,0.000000,0.000000,1.000000,0.000000,0.000000,0.000000,0.200000,2442.955078,0.000000,0.000000,0.200000,202.119354,-1.000000,1.900000,
33.544580,1,1.000000,0.000000,0.000000,0.000000,1.000000,0.000000,0.000000,0.000000,0.200000,2442.988037,0.000000,0.000000,0.200000,202.148956,-0.500000,1.900000,
33.583757,1,1.000000,0.000000,0.000000,0.000000,1.000000,0.000000,0.000000,0.000000,0.200000,2443.020020,0.000000,0.000000,0.200000,202.080215,-0.100000,1.600000,
33.621438,1,1.000000,0.000000,0.000000,0.000000,1.000000,0.000000,0.000000,0.000000,0.200000,2443.072021,0.000000,0.000000,0.200000,202.020004,-1.200000,1.900000,
33.664192,1,1.000000,0.000000,0.000000,0.000000,1.000000,0.000000,0.000000,0.000000,0.200000,2443.105957,0.000000,0.000000,0.200000,202.084915,-1.100000,1.800000,
33.700493,1,1.000000,0.000000,0.000000,0.000000,1.000000,0.000000,0.000000,0.000000,0.200000,2443.149902,0.000000,0.000000,0.200000,202.284439,-1.100000,1.700000,
33.741003,1,1.000000,0.000000,0.000000,0.000000,1.000000,0.000000,0.000000,0.000000,0.200000,2443.190918,0.000000,0.000000,0.200000,202.938538,-0.800000,1.200000,
33.783093,1,1.000000,0.000000,0.000000,0.000000,1.000000,0.000000,0.000000,0.000000,0.200000,2443.235107,0.000000,0.000000,0.200000,203.392044,-0.800000,1.300000,
33.821262,1,1.000000,0.000000,0.000000,0.000000,1.000000,0.000000,0.000000,0.000000,0.200000,2443.268066,0.000000,0.000000,0.200000,203.209915,-0.800000,1.300000,
33.862233,1,1.000000,0.000000,0.000000,0.000000,1.000000,0.000000,0.000000,0.000000,0.200000,2443.308105,0.000000,0.000000,0.200000,202.554535,-1.000000,1.600000,
33.903967,1,1.000000,0.000000,0.000000,0.000000,1.000000,0.000000,0.000000,0.000000,0.200000,2443.352051,0.000000,0.000000,0.200000,203.104340,-1.100000,1.500000,
33.939301,1,1.000000,0.000000,0.000000,0.000000,1.000000,0.000000,0.000000,0.000000,0.200000,2443.391113,0.000000,0.000000,0.200000,203.272705,-1.100000,1.500000,
33.979742,1,1.000000,0.000000,0.000000,0.000000,1.000000,0.000000,0.000000,0.000000,0.200000,2443.433105,0.000000,0.000000,0.200000,203.061096,-0.900000,1.500000,
34.022667,1,1.000000,0.000000,0.000000,0.000000,1.000000,0.000000,0.000000,0.000000,0.200000,2443.466064,0.000000,0.000000,0.200000,202.998306,-1.000000,1.500000,
34.060229,1,1.000000,0.000000,0.000000,0.000000,1.000000,0.000000,0.000000,0.000000,0.200000,2443.507080,0.000000,0.000000,0.200000,203.452652,-1.100000,1.600000,
34.101383,1,1.000000,0.000000,0.000000,0.000000,1.000000,0.000000,0.000000,0.000000,0.200000,2443.549072,0.000000,0.000000,0.200000,203.509964,-1.100000,1.500000,
34.140433,1,1.000000,0.000000,0.000000,0.000000,1.000000,0.000000,0.000000,0.000000,0.200000,2444.479004,0.000000,0.000000,0.200000,203.432404,-1.100000,1.500000,
34.181690,1,1.000000,0.000000,0.000000,0.000000,1.000000,0.000000,0.000000,0.000000,0.200000,2444.118896,0.000000,0.000000,0.200000,203.558929,-1.000000,1.500000,
34.222630,1,1.000000,0.000000,0.000000,0.000000,1.000000,0.000000,0.000000,0.000000,0.200000,2444.448975,0.000000,0.000000,0.200000,203.688049,-1.000000,1.500000,
34.267486,1,1.000000,0.000000,0.000000,0.000000,1.000000,0.000000,0.000000,0.000000,0.200000,2443.707031,0.000000,0.000000,0.200000,203.783478,-1.000000,1.600000,
34.305994,1,1.000000,0.000000,0.000000,0.000000,1.000000,0.000000,0.000000,0.000000,0.200000,2443.752930,0.000000,0.000000,0.200000,203.771286,-1.100000,1.500000,
34.341672,1,1.000000,0.000000,0.000000,0.000000,1.000000,0.000000,0.000000,0.000000,0.200000,2443.784912,0.000000,0.000000,0.200000,203.853638,-1.100000,1.500000,
34.382427,1,1.000000,0.000000,0.000000,0.000000,1.000000,0.000000,0.000000,0.000000,0.200000,2443.826904,0.000000,0.000000,0.200000,204.015457,-1.000000,1.500000,
34.422983,1,1.000000,0.000000,0.000000,0.000000,1.000000,0.000000,0.000000,0.000000,0.200000,2443.867920,0.000000,0.000000,0.200000,204.047760,-1.100000,1.600000,
34.465595,1,1.000000,0.000000,0.000000,0.000000,1.000000,0.000000,0.000000,0.000000,0.200000,2443.910889,0.000000,0.000000,0.200000,204.143402,-1.100000,1.600000,
34.502196,1,1.000000,0.000000,0.000000,0.000000,1.000000,0.000000,0.000000,0.000000,0.200000,2443.952881,0.000000,0.000000,0.200000,204.271973,-1.100000,1.600000,
34.544261,1,1.000000,0.000000,0.000000,0.000000,1.000000,0.000000,0.000000,0.000000,0.200000,2443.993896,0.000000,0.000000,0.200000,204.327042,-1.100000,1.600000,
34.582305,1,1.000000,0.000000,0.000000,0.000000,1.000000,0.000000,0.000000,0.000000,0.200000,2444.027100,0.000000,0.000000,0.200000,204.346451,-1.100000,1.600000,
34.619640,1,1.000000,0.000000,0.000000,0.000000,1.000000,0.000000,0.000000,0.000000,0.200000,2444.068115,0.000000,0.000000,0.200000,204.439178,-1.100000,1.700000,
34.659502,1,1.000000,0.000000,0.000000,0.000000,1.000000,0.000000,0.000000,0.000000,0.200000,2444.104980,0.000000,0.000000,0.200000,204.558380,-1.200000,1.700000,
34.699151,1,1.000000,0.000000,0.000000,0.000000,1.000000,0.000000,0.000000,0.000000,0.200000,2444.148926,0.000000,0.000000,0.200000,204.630890,-1.200000,1.700000,
34.741811,1,1.000000,0.000000,0.000000,0.000000,1.000000,0.000000,0.000000,0.000000,0.200000,2444.193115,0.000000,0.000000,0.200000,204.715363,-1.200000,1.700000,
34.783533,1,1.000000,0.000000,0.000000,0.000000,1.000000,0.000000,0.000000,0.000000,0.200000,2444.227051,0.000000,0.000000,0.200000,204.770416,-1.200000,1.700000,
34.822108,1,1.000000,0.000000,0.000000,0.000000,1.000000,0.000000,0.000000,0.000000,0.200000,2444.270020,0.000000,0.000000,0.200000,204.880951,-1.200000,1.700000,
34.859060,1,1.000000,0.000000,0.000000,0.000000,1.000000,0.000000,0.000000,0.000000,0.200000,2444.304932,0.000000,0.000000,0.200000,204.910934,-1.200000,1.700000,
34.902335,1,1.000000,0.000000,0.000000,0.000000,1.000000,0.000000,0.000000,0.000000,0.200000,2444.349121,0.000000,0.000000,0.200000,204.982483,-1.200000,1.700000,
34.942828,1,1.000000,0.000000,0.000000,0.000000,1.000000,0.000000,0.000000,0.000000,0.200000,2444.392090,0.000000,0.000000,0.200000,205.125977,-1.200000,1.700000,
34.982677,1,1.000000,0.000000,0.000000,0.000000,1.000000,0.000000,0.000000,0.000000,0.200000,2444.428955,0.000000,0.000000,0.200000,205.154907,-1.200000,1.700000,
35.021718,1,1.000000,0.000000,0.000000,0.000000,1.000000,0.000000,0.000000,0.000000,0.200000,2444.469971,0.000000,0.000000,0.200000,205.218414,-1.200000,1.700000,
35.061847,1,1.000000,0.000000,0.000000,0.000000,1.000000,0.000000,0.000000,0.000000,0.200000,2444.503906,0.000000,0.000000,0.200000,205.317886,-1.200000,1.700000,
35.103499,1,1.000000,0.000000,0.000000,0.000000,1.000000,0.000000,0.000000,0.000000,0.200000,2444.543945,0.000000,0.000000,0.200000,205.397858,-1.200000,1.700000,
35.137350,1,1.000000,0.000000,0.000000,0.000000,1.000000,0.000000,0.000000,0.000000,0.200000,2444.688965,0.000000,0.000000,0.200000,205.510437,-1.200000,1.700000,
35.182356,1,1.000000,0.000000,0.000000,0.000000,1.000000,0.000000,0.000000,0.000000,0.200000,2445.118896,0.000000,0.000000,0.200000,205.582169,-1.200000,1.700000,
35.220818,1,1.000000,0.000000,0.000000,0.000000,1.000000,0.000000,0.000000,0.000000,0.200000,2445.479004,0.000000,0.000000,0.200000,205.616165,-1.200000,1.700000,
35.261332,1,1.000000,0.000000,0.000000,0.000000,1.000000,0.000000,0.000000,0.000000,0.200000,2444.711914,0.000000,0.000000,0.200000,205.723587,-1.200000,1.700000,
35.303080,1,1.000000,0.000000,0.000000,0.000000,1.000000,0.000000,0.000000,0.000000,0.200000,2444.753906,0.000000,0.000000,0.200000,205.797119,-1.200000,1.700000,
35.338141,1,1.000000,0.000000,0.000000,0.000000,1.000000,0.000000,0.000000,0.000000,0.200000,2444.789062,0.000000,0.000000,0.200000,205.869156,-1.200000,1.700000,
35.383480,1,1.000000,0.000000,0.000000,0.000000,1.000000,0.000000,0.000000,0.000000,0.200000,2444.826904,0.000000,0.000000,0.200000,205.909164,-1.200000,1.700000,
35.422956,1,1.000000,0.000000,0.000000,0.000000,1.000000,0.000000,0.000000,0.000000,0.200000,2444.871094,0.000000,0.000000,0.200000,206.014267,-1.200000,1.700000,
35.459627,1,1.000000,0.000000,0.000000,0.000000,1.000000,0.000000,0.000000,0.000000,0.200000,2444.905029,0.000000,0.000000,0.200000,206.051086,-1.200000,1.700000,
35.502307,1,1.000000,0.000000,0.000000,0.000000,1.000000,0.000000,0.000000,0.000000,0.200000,2444.945068,0.000000,0.000000,0.200000,206.125290,-1.200000,1.700000,
35.540820,1,1.000000,0.000000,0.000000,0.000000,1.000000,0.000000,0.000000,0.000000,0.200000,2444.989014,0.000000,0.000000,0.200000,206.227417,-1.200000,1.600000,
35.582608,1,1.000000,0.000000,0.000000,0.000000,1.000000,0.000000,0.000000,0.000000,0.200000,2445.028076,0.000000,0.000000,0.200000,206.264969,-1.100000,1.600000,
35.621780,1,1.000000,0.000000,0.000000,0.000000,1.000000,0.000000,0.000000,0.000000,0.200000,2445.071045,0.000000,0.000000,0.200000,206.202530,-1.100000,1.600000,
35.661071,1,1.000000,0.000000,0.000000,0.000000,1.000000,0.000000,0.000000,0.000000,0.200000,2445.108887,0.000000,0.000000,0.200000,206.218140,-1.000000,1.300000,
35.706119,1,1.000000,0.000000,0.000000,0.000000,1.000000,0.000000,0.000000,0.000000,0.200000,2445.153076,0.000000,0.000000,0.200000,206.325668,-0.900000,0.700000,
35.743997,1,1.000000,0.000000,0.000000,0.000000,1.000000,0.000000,0.000000,0.000000,0.200000,2445.191895,0.000000,0.000000,0.200000,206.230499,-0.400000,0.100000,
35.780365,1,1.000000,0.000000,0.000000,0.000000,1.000000,0.000000,0.000000,0.000000,0.200000,2445.224121,0.000000,0.000000,0.200000,206.162537,0.000000,-0.300000,
35.819714,1,1.000000,0.000000,0.000000,0.000000,1.000000,0.000000,0.000000,0.000000,0.200000,2445.267090,0.000000,0.000000,0.200000,206.038239,0.700000,-1.300000,
35.858870,1,1.000000,0.000000,0.000000,0.000000,1.000000,0.000000,0.000000,0.000000,0.200000,2445.309082,0.000000,0.000000,0.200000,205.800812,0.800000,-1.800000,
35.901227,1,1.000000,0.000000,0.000000,0.000000,1.000000,0.000000,0.000000,0.000000,0.200000,2445.347900,0.000000,0.000000,0.200000,205.690903,0.700000,-1.700000,
35.939873,1,1.000000,0.000000,0.000000,0.000000,1.000000,0.000000,0.000000,0.000000,0.200000,2445.389893,0.000000,0.000000,0.200000,205.571518,0.800000,-1.500000,
35.981691,1,1.000000,0.000000,0.000000,0.000000,1.000000,0.000000,0.000000,0.000000,0.200000,2445.435059,0.000000,0.000000,0.200000,205.433640,1.100000,-1.500000,
36.022906,1,1.000000,0.000000,0.000000,0.000000,1.000000,0.000000,0.000000,0.000000,0.200000,2445.468994,0.000000,0.000000,0.200000,205.362640,1.100000,-1.500000,
36.061627,1,1.000000,0.000000,0.000000,0.000000,1.000000,0.000000,0.000000,0.000000,0.200000,2445.508057,0.000000,0.000000,0.200000,205.311722,1.400000,-0.400000,
36.101612,1,1.000000,0.000000,0.000000,0.000000,1.000000,0.000000,0.000000,0.000000,0.200000,2445.552979,0.000000,0.000000,0.200000,205.354279,1.600000,1.000000,
36.142623,1,1.000000,0.000000,0.000000,0.000000,1.000000,0.000000,0.000000,0.000000,0.200000,2445.708984,0.000000,0.000000,0.200000,205.397644,1.800000,2.600000,
36.182642,1,1.000000,0.000000,0.000000,0.000000,1.000000,0.000000,0.000000,0.000000,0.200000,2446.039062,0.000000,0.000000,0.200000,205.433731,1.900000,3.400000,
36.220789,1,1.000000,0.000000,0.000000,0.000000,1.000000,0.000000,0.000000,0.000000,0.200000,2446.499023,0.000000,0.000000,0.200000,205.539368,2.300000,5.100000,
36.261546,1,1.000000,0.000000,0.000000,0.000000,1.000000,0.000000,0.000000,0.000000,0.270000,2445.712891,0.000000,0.000000,0.270000,205.583984,2.300000,6.100000,
36.302514,1,1.000000,0.000000,0.000000,0.000000,1.000000,0.000000,0.000000,0.000000,0.270000,2445.753906,0.000000,0.000000,0.270000,205.573456,2.000000,6.800000,
36.341237,1,1.000000,0.000000,0.000000,0.000000,1.000000,0.000000,0.000000,0.000000,0.280000,2445.792969,0.000000,0.000000,0.280000,205.574036,2.100000,7.400000,
36.380838,1,1.000000,0.000000,0.000000,0.000000,1.000000,0.000000,0.000000,0.000000,0.280000,2445.829102,0.000000,0.000000,0.280000,205.588928,2.300000,7.400000,
36.423076,1,1.000000,0.000000,0.000000,0.000000,1.000000,0.000000,0.000000,0.000000,0.280000,2445.870117,0.000000,0.000000,0.280000,205.565735,2.200000,7.400000,
36.462403,1,1.000000,0.000000,0.000000,0.000000,1.000000,0.000000,0.000000,0.000000,0.310000,2445.909912,0.000000,0.000000,0.310000,205.512985,2.000000,7.700000,
36.502753,1,1.000000,0.000000,0.000000,0.000000,1.000000,0.000000,0.000000,0.000000,0.310000,2445.956055,0.000000,0.000000,0.310000,205.470947,1.900000,8.000000,
36.543023,1,1.000000,0.000000,0.000000,0.000000,1.000000,0.000000,0.000000,0.000000,0.310000,2445.983887,0.000000,0.000000,0.310000,205.437851,1.800000,8.000000,
36.581777,1,1.000000,0.000000,0.000000,0.000000,1.000000,0.000000,0.000000,0.000000,0.320000,2446.028076,0.000000,0.000000,0.320000,205.362503,1.500000,8.000000,
36.623190,1,1.000000,0.000000,0.000000,0.000000,1.000000,0.000000,0.000000,0.000000,0.320000,2446.070068,0.000000,0.000000,0.320000,205.226456,0.100000,8.200000,
36.660323,1,1.000000,0.000000,0.000000,0.000000,1.000000,0.000000,0.000000,0.000000,0.340000,2446.103027,0.000000,0.000000,0.340000,205.180618,-0.300000,8.200000,
36.703198,1,1.000000,0.000000,0.000000,0.000000,1.000000,0.000000,0.000000,0.000000,0.340000,2446.148926,0.000000,0.000000,0.340000,205.101120,-1.300000,8.300000,
36.741319,1,1.000000,0.000000,0.000000,0.000000,1.000000,0.000000,0.000000,0.000000,0.360000,2446.193115,0.000000,0.000000,0.360000,205.086502,-1.600000,8.300000,
36.781243,1,1.000000,0.000000,0.000000,0.000000,1.000000,0.000000,0.000000,0.000000,0.360000,2446.227051,0.000000,0.000000,0.360000,205.071686,-1.800000,8.300000,
36.820807,1,1.000000,0.000000,0.000000,0.000000,1.000000,0.000000,0.000000,0.000000,0.360000,2446.268066,0.000000,0.000000,0.360000,205.088699,-1.900000,8.200000,
36.861501,1,1.000000,0.000000,0.000000,0.000000,1.000000,0.000000,0.000000,0.000000,0.370000,2446.306885,0.000000,0.000000,0.370000,205.189697,-1.400000,8.200000,
36.900520,1,1.000000,0.000000,0.000000,0.000000,1.000000,0.000000,0.000000,0.000000,0.370000,2446.350098,0.000000,0.000000,0.370000,205.250076,-1.200000,8.100000,
36.939015,1,1.000000,0.000000,0.000000,0.000000,1.000000,0.000000,0.000000,0.000000,0.390000,2446.392090,0.000000,0.000000,0.390000,205.304764,-1.000000,8.000000,
36.979437,1,1.000000,0.000000,0.000000,0.000000,1.000000,0.000000,0.000000,0.000000,0.390000,2446.434082,0.000000,0.000000,0.390000,205.365662,-0.700000,7.900000,
37.021857,1,1.000000,0.000000,0.000000,0.000000,1.000000,0.000000,0.000000,0.000000,0.390000,2446.471924,0.000000,0.000000,0.390000,205.407257,-0.400000,7.700000,
37.062752,1,1.000000,0.000000,0.000000,0.000000,1.000000,0.000000,0.000000,0.000000,0.410000,2446.510986,0.000000,0.000000,0.410000,205.457214,-0.100000,7.400000,
37.100737,1,1.000000,0.000000,0.000000,0.000000,1.000000,0.000000,0.000000,0.000000,0.410000,2446.552979,0.000000,0.000000,0.410000,205.495468,0.100000,7.200000,
37.139119,1,1.000000,0.000000,0.000000,0.000000,1.000000,0.000000,0.000000,0.000000,0.410000,2447.279053,0.000000,0.000000,0.410000,205.527176,0.200000,7.100000,
37.180064,1,1.000000,0.000000,0.000000,0.000000,1.000000,0.000000,0.000000,0.000000,0.440000,2447.049072,0.000000,0.000000,0.440000,205.593262,0.400000,6.800000,
37.223666,1,1.000000,0.000000,0.000000,0.000000,1.000000,0.000000,0.000000,0.000000,0.440000,2447.499023,0.000000,0.000000,0.440000,205.649155,0.700000,6.700000,
37.269655,1,1.000000,0.000000,0.000000,0.000000,1.000000,0.000000,0.000000,0.000000,0.450000,2446.715088,0.000000,0.000000,0.450000,205.707520,0.900000,6.600000,
37.301968,1,1.000000,0.000000,0.000000,0.000000,1.000000,0.000000,0.000000,0.000000,0.450000,2446.746094,0.000000,0.000000,0.450000,205.708862,0.800000,6.500000,
37.338921,1,1.000000,0.000000,0.000000,0.000000,1.000000,0.000000,0.000000,0.000000,0.450000,2446.788086,0.000000,0.000000,0.450000,205.733093,0.700000,6.200000,
37.383272,1,1.000000,0.000000,0.000000,0.000000,1.000000,0.000000,0.000000,0.000000,0.460000,2446.830078,0.000000,0.000000,0.460000,205.761154,0.800000,6.000000,
37.421829,1,1.000000,0.000000,0.000000,0.000000,1.000000,0.000000,0.000000,0.000000,0.460000,2446.871094,0.000000,0.000000,0.460000,205.766785,0.800000,5.600000,
37.458785,1,1.000000,0.000000,0.000000,0.000000,1.000000,0.000000,0.000000,0.000000,0.470000,2446.910889,0.000000,0.000000,0.470000,205.754913,0.800000,5.100000,
37.505610,1,1.000000,0.000000,0.000000,0.000000,1.000000,0.000000,0.000000,0.000000,0.470000,2446.952881,0.000000,0.000000,0.470000,205.745224,0.800000,4.400000,
37.540953,1,1.000000,0.000000,0.000000,0.000000,1.000000,0.000000,0.000000,0.000000,0.480000,2446.992920,0.000000,0.000000,0.480000,205.720139,0.600000,3.800000,
37.578989,1,1.000000,0.000000,0.000000,0.000000,1.000000,0.000000,0.000000,0.000000,0.480000,2447.034912,0.000000,0.000000,0.480000,205.711807,0.500000,3.200000,
37.620834,1,1.000000,0.000000,0.000000,0.000000,1.000000,0.000000,0.000000,0.000000,0.480000,2447.066895,0.000000,0.000000,0.480000,205.713058,0.600000,2.900000,
37.660699,1,1.000000,0.000000,0.000000,0.000000,1.000000,0.000000,0.000000,0.000000,0.480000,2447.108887,0.000000,0.000000,0.480000,205.682373,0.800000,1.400000,
37.701425,1,1.000000,0.000000,0.000000,0.000000,1.000000,0.000000,0.000000,0.000000,0.480000,2447.153076,0.000000,0.000000,0.480000,205.666412,0.800000,0.400000,
37.740214,1,1.000000,0.000000,0.000000,0.000000,1.000000,0.000000,0.000000,0.000000,0.490000,2447.190918,0.000000,0.000000,0.490000,205.656433,0.700000,-0.800000,
37.780226,1,1.000000,0.000000,0.000000,0.000000,1.000000,0.000000,0.000000,0.000000,0.490000,2447.225098,0.000000,0.000000,0.490000,205.660202,0.400000,-1.600000,
37.821955,1,1.000000,0.000000,0.000000,0.000000,1.000000,0.000000,0.000000,0.000000,0.490000,2447.267090,0.000000,0.000000,0.490000,205.670425,0.300000,-2.700000,
37.858913,1,1.000000,0.000000,0.000000,0.000000,1.000000,0.000000,0.000000,0.000000,0.480000,2447.309082,0.000000,0.000000,0.480000,205.645309,0.600000,-4.700000,
37.905999,1,1.000000,0.000000,0.000000,0.000000,1.000000,0.000000,0.000000,0.000000,0.480000,2447.351074,0.000000,0.000000,0.480000,205.604675,1.100000,-6.700000,
37.941681,1,1.000000,0.000000,0.000000,0.000000,1.000000,0.000000,0.000000,0.000000,0.470000,2447.393066,0.000000,0.000000,0.470000,205.566742,1.600000,-8.600000,
37.985176,1,1.000000,0.000000,0.000000,0.000000,1.000000,0.000000,0.000000,0.000000,0.470000,2447.426025,0.000000,0.000000,0.470000,205.570374,1.700000,-9.400000,
38.021707,1,1.000000,0.000000,0.000000,0.000000,1.000000,0.000000,0.000000,0.000000,0.470000,2447.467041,0.000000,0.000000,0.470000,205.606766,1.700000,-10.200000,
38.062046,1,1.000000,0.000000,0.000000,0.000000,1.000000,0.000000,0.000000,0.000000,0.470000,2447.507080,0.000000,0.000000,0.470000,205.666473,1.800000,-10.400000,
38.101295,1,1.000000,0.000000,0.000000,0.000000,1.000000,0.000000,0.000000,0.000000,0.470000,2447.552002,0.000000,0.000000,0.470000,205.676727,2.100000,-10.200000,
38.141756,1,1.000000,0.000000,0.000000,0.000000,1.000000,0.000000,0.000000,0.000000,0.470000,2447.718994,0.000000,0.000000,0.470000,205.742920,2.100000,-9.700000,
38.183069,1,1.000000,0.000000,0.000000,0.000000,1.000000,0.000000,0.000000,0.000000,0.470000,2448.049072,0.000000,0.000000,0.470000,205.793777,2.000000,-9.500000,
38.223263,1,1.000000,0.000000,0.000000,0.000000,1.000000,0.000000,0.000000,0.000000,0.470000,2448.458984,0.000000,0.000000,0.470000,205.876511,1.700000,-9.600000,
38.259475,1,1.000000,0.000000,0.000000,0.000000,1.000000,0.000000,0.000000,0.000000,0.470000,2447.708984,0.000000,0.000000,0.470000,205.927277,1.800000,-10.500000,
38.303472,1,1.000000,0.000000,0.000000,0.000000,1.000000,0.000000,0.000000,0.000000,0.470000,2447.751953,0.000000,0.000000,0.470000,205.974289,1.700000,-10.000000,
38.341985,1,1.000000,0.000000,0.000000,0.000000,1.000000,0.000000,0.000000,0.000000,0.470000,2447.791016,0.000000,0.000000,0.470000,206.086685,1.300000,-9.500000,
38.383002,1,1.000000,0.000000,0.000000,0.000000,1.000000,0.000000,0.000000,0.000000,0.470000,2447.833984,0.000000,0.000000,0.470000,206.167709,0.800000,-9.100000,
38.425203,1,1.000000,0.000000,0.000000,0.000000,1.000000,0.000000,0.000000,0.000000,0.470000,2447.874023,0.000000,0.000000,0.470000,206.215622,0.700000,-8.700000,
38.457331,1,1.000000,0.000000,0.000000,0.000000,1.000000,0.000000,0.000000,0.000000,0.470000,2447.905029,0.000000,0.000000,0.470000,206.215057,0.700000,-8.500000,
38.506354,1,1.000000,0.000000,0.000000,0.000000,1.000000,0.000000,0.000000,0.000000,0.480000,2447.954102,0.000000,0.000000,0.480000,206.205688,0.800000,-8.100000,
38.539712,1,1.000000,0.000000,0.000000,0.000000,1.000000,0.000000,0.000000,0.000000,0.480000,2447.988037,0.000000,0.000000,0.480000,206.205292,0.800000,-7.800000,
38.576222,1,1.000000,0.000000,0.000000,0.000000,1.000000,0.000000,0.000000,0.000000,0.480000,2448.029053,0.000000,0.000000,0.480000,206.261307,0.600000,-5.500000,
38.624196,1,1.000000,0.000000,0.000000,0.000000,1.000000,0.000000,0.000000,0.000000,0.480000,2448.070068,0.000000,0.000000,0.480000,206.323349,0.300000,-3.500000,
38.658571,1,1.000000,0.000000,0.000000,0.000000,1.000000,0.000000,0.000000,0.000000,0.480000,2448.111084,0.000000,0.000000,0.480000,206.332916,0.100000,-2.400000,
38.703218,1,1.000000,0.000000,0.000000,0.000000,1.000000,0.000000,0.000000,0.000000,0.480000,2448.153076,0.000000,0.000000,0.480000,206.308319,0.200000,-1.900000,
38.740841,1,1.000000,0.000000,0.000000,0.000000,1.000000,0.000000,0.000000,0.000000,0.480000,2448.195068,0.000000,0.000000,0.480000,206.312286,0.400000,-1.300000,
38.788378,1,1.000000,0.000000,0.000000,0.000000,1.000000,0.000000,0.000000,0.000000,0.480000,2448.226074,0.000000,0.000000,0.480000,206.310471,0.400000,-0.900000,
38.823776,1,1.000000,0.000000,0.000000,0.000000,1.000000,0.000000,0.000000,0.000000,0.480000,2448.264893,0.000000,0.000000,0.480000,206.305359,0.300000,-0.400000,
38.860050,1,1.000000,0.000000,0.000000,0.000000,1.000000,0.000000,0.000000,0.000000,0.470000,2448.308105,0.000000,0.000000,0.470000,206.298035,0.000000,-0.100000,
