42.638053,1,1.000000,0.000000,0.000000,0.000000,0.000000,0.000000,1.000000,1.000000,1.910000,525.275024,0.000000,0.000000,1.910000,215.265869,2.900000,3.600000,0.000000,-10000.000000,-10000.000000,-10000.000000
42.666297,1,1.000000,0.000000,-0.150000,0.077080,0.000000,0.000000,1.000000,1.000000,1.920000,525.317017,0.000000,0.000000,1.920000,215.214706,2.800000,2.400000,1.000000,41.000000,-167.000000,90.753845
42.697885,1,1.000000,0.000000,-0.150000,0.047344,0.000000,0.000000,1.000000,1.000000,1.920000,525.609985,0.000000,0.000000,1.920000,215.171066,2.500000,1.500000,1.000000,36.000000,-164.000000,95.552971
42.738978,1,1.000000,0.000000,0.046902,-0.010843,0.000000,0.000000,1.000000,1.000000,1.920000,526.000000,0.000000,0.000000,1.920000,215.144150,2.200000,0.900000,0.000000,-10000.000000,-10000.000000,-10000.000000
42.786143,1,1.000000,0.000000,0.045964,-0.010626,0.000000,0.000000,1.000000,1.000000,1.920000,525.437988,0.000000,0.000000,1.920000,215.110992,2.000000,0.500000,0.000000,-10000.000000,-10000.000000,-10000.000000
42.817340,1,1.000000,0.000000,0.045044,-0.010414,0.000000,0.000000,1.000000,1.000000,1.920000,525.476990,0.000000,0.000000,1.920000,215.073318,1.800000,0.300000,0.000000,-10000.000000,-10000.000000,-10000.000000
42.858395,1,1.000000,0.000000,-0.150000,-0.003918,0.000000,0.000000,1.000000,1.000000,1.920000,525.517029,0.000000,0.000000,1.920000,215.080521,1.800000,0.200000,1.000000,15.000000,-164.000000,90.000000
42.896237,1,1.000000,0.000000,-0.115833,-0.014334,0.000000,0.000000,1.000000,1.000000,1.930000,525.559021,0.000000,0.000000,1.930000,215.048264,1.800000,0.200000,1.000000,10.000000,-164.000000,94.939217
42.935138,1,1.000000,0.000000,0.074775,-0.009999,0.000000,0.000000,1.000000,1.000000,1.930000,525.599976,0.000000,0.000000,1.930000,215.034714,1.600000,0.300000,0.000000,-10000.000000,-10000.000000,-10000.000000
42.976765,1,1.000000,0.000000,0.073280,-0.009799,0.000000,0.000000,1.000000,1.000000,1.930000,525.638000,0.000000,0.000000,1.930000,215.028198,1.300000,0.800000,0.000000,-10000.000000,-10000.000000,-10000.000000
43.019464,1,1.000000,0.000000,-0.078545,-0.015181,0.000000,0.000000,1.000000,1.000000,1.930000,525.679016,0.000000,0.000000,1.930000,215.019608,1.100000,1.200000,1.000000,8.000000,-162.000000,93.751732
43.054786,1,1.000000,0.000000,-0.047156,-0.009345,0.000000,0.000000,1.000000,1.000000,1.930000,525.718018,0.000000,0.000000,1.930000,215.001175,0.900000,1.500000,1.000000,10.000000,-164.000000,95.000641
43.097584,1,1.000000,0.000000,0.092233,-0.008730,0.000000,0.000000,1.000000,1.000000,1.940000,525.758972,0.000000,0.000000,1.940000,214.998886,0.700000,1.700000,0.000000,-10000.000000,-10000.000000,-10000.000000
43.135399,1,1.000000,0.000000,-0.023851,-0.000607,0.000000,0.000000,1.000000,1.000000,1.940000,525.799011,0.000000,0.000000,1.940000,214.979324,0.700000,1.800000,1.000000,14.000000,-164.000000,94.236397
43.177477,1,1.000000,0.000000,0.098157,-0.009051,0.000000,0.000000,1.000000,1.000000,1.940000,525.840027,0.000000,0.000000,1.940000,214.979263,1.000000,1.800000,0.000000,14.000000,-10000.000000,94.236397
43.216549,1,1.000000,0.000000,0.096194,-0.008870,0.000000,0.000000,1.000000,1.000000,1.950000,525.880981,0.000000,0.000000,1.950000,214.981415,1.500000,1.600000,0.000000,-10000.000000,-10000.000000,-10000.000000
43.256398,1,1.000000,0.000000,0.094270,-0.008693,0.000000,0.000000,1.000000,1.000000,1.950000,525.919983,0.000000,0.000000,1.950000,214.952133,2.100000,1.300000,0.000000,-10000.000000,-10000.000000,-10000.000000
43.296555,1,1.000000,0.000000,0.092384,-0.008519,0.000000,0.000000,1.000000,1.000000,1.950000,525.963989,0.000000,0.000000,1.950000,214.968872,2.400000,1.000000,0.000000,-10000.000000,-10000.000000,-10000.000000
43.337736,1,1.000000,0.000000,-0.015862,0.000046,0.000000,0.000000,1.000000,1.000000,1.950000,526.002014,0.000000,0.000000,1.950000,214.917969,3.000000,0.400000,1.000000,14.000000,-160.000000,94.184914
43.378385,1,1.000000,0.000000,0.097645,-0.008885,0.000000,0.000000,1.000000,1.000000,1.950000,526.044983,0.000000,0.000000,1.950000,214.903244,3.200000,-0.000000,0.000000,-10000.000000,-10000.000000,-10000.000000
43.416186,1,1.000000,0.000000,0.017284,-0.006724,0.000000,0.000000,1.000000,1.000000,1.940000,526.081970,0.000000,0.000000,1.940000,214.902603,3.400000,-0.300000,1.000000,11.000000,-151.000000,93.715286
43.454538,1,1.000000,0.000000,0.048867,-0.016099,0.000000,0.000000,1.000000,1.000000,1.940000,526.122009,0.000000,0.000000,1.940000,214.885971,3.500000,-0.600000,1.000000,6.000000,-142.000000,94.037712
43.497911,1,1.000000,0.000000,0.102660,-0.007905,0.000000,0.000000,1.000000,1.000000,1.950000,526.163025,0.000000,0.000000,1.950000,214.884872,3.500000,-0.700000,0.000000,-10000.000000,-10000.000000,-10000.000000
43.537755,1,1.000000,0.000000,0.068472,-0.030022,0.000000,0.000000,1.000000,1.000000,1.950000,526.202026,0.000000,0.000000,1.950000,214.876923,3.500000,-0.800000,1.000000,-3.000000,-132.000000,93.972496
43.574893,1,1.000000,0.000000,0.101289,-0.005725,0.000000,0.000000,1.000000,1.000000,1.950000,526.242981,0.000000,0.000000,1.950000,214.862671,3.400000,-0.800000,0.000000,-10000.000000,-10000.000000,-10000.000000
43.616159,1,1.000000,0.000000,0.099263,-0.005610,0.000000,0.000000,1.000000,1.000000,1.960000,526.283020,0.000000,0.000000,1.960000,214.863068,3.500000,-0.900000,0.000000,-10000.000000,-10000.000000,-10000.000000
43.654655,1,1.000000,0.000000,0.069274,-0.032344,0.000000,0.000000,1.000000,1.000000,1.960000,526.322998,0.000000,0.000000,1.960000,214.860168,3.400000,-1.000000,1.000000,-8.000000,-126.000000,92.898575
43.697423,1,1.000000,0.000000,0.070539,-0.026795,0.000000,0.000000,1.000000,1.000000,1.940000,526.659973,0.000000,0.000000,1.940000,214.871902,3.400000,-0.900000,1.000000,-9.000000,-126.000000,92.759109
43.735197,1,1.000000,0.000000,0.073431,-0.020356,0.000000,0.000000,1.000000,1.000000,1.940000,527.049988,0.000000,0.000000,1.940000,214.859268,3.500000,-1.000000,1.000000,-9.000000,-125.000000,93.012787
43.775263,1,1.000000,0.000000,0.075625,-0.017085,0.000000,0.000000,1.000000,1.000000,1.940000,526.445007,0.000000,0.000000,1.940000,214.881775,3.400000,-1.000000,1.000000,-10.000000,-124.000000,92.792702
43.816716,1,1.000000,0.000000,0.077260,-0.012468,0.000000,0.000000,1.000000,1.000000,1.940000,526.484985,0.000000,0.000000,1.940000,214.860931,3.400000,-0.900000,1.000000,-10.000000,-123.000000,92.602562
43.855485,1,1.000000,0.000000,0.080328,-0.008774,0.000000,0.000000,1.000000,1.000000,1.940000,526.513977,0.000000,0.000000,1.940000,214.874054,3.400000,-0.900000,1.000000,-10.000000,-121.000000,92.792702
43.897589,1,1.000000,0.000000,0.078782,-0.005819,0.000000,0.000000,1.000000,1.000000,1.940000,526.554016,0.000000,0.000000,1.940000,214.870270,3.300000,-0.900000,1.000000,-10.000000,-121.000000,92.563766
43.937459,1,1.000000,0.000000,0.077546,-0.003456,0.000000,0.000000,1.000000,1.000000,1.940000,526.594971,0.000000,0.000000,1.940000,214.873642,3.100000,-0.700000,1.000000,-10.000000,-121.000000,89.181541
43.975223,1,1.000000,0.000000,0.076557,-0.001564,0.000000,0.000000,1.000000,1.000000,1.940000,526.633972,0.000000,0.000000,1.940000,214.854523,2.900000,-0.500000,1.000000,-10.000000,-121.000000,92.573357
44.016662,1,1.000000,0.000000,0.077645,-0.000052,0.000000,0.000000,1.000000,1.000000,1.940000,526.674988,0.000000,0.000000,1.940000,214.869705,2.600000,-0.400000,1.000000,-10.000000,-120.000000,92.827126
44.055428,1,1.000000,0.000000,0.074636,0.003039,0.000000,0.000000,1.000000,1.000000,1.940000,526.716003,0.000000,0.000000,1.940000,214.869690,2.500000,-0.200000,1.000000,-9.000000,-121.000000,89.292679
44.097647,1,1.000000,0.000000,0.072349,0.009151,0.000000,0.000000,1.000000,1.000000,1.940000,526.755005,0.000000,0.000000,1.940000,214.900940,2.600000,0.000000,1.000000,-6.000000,-122.000000,92.321533
44.135126,1,1.000000,0.000000,0.070639,0.011801,0.000000,0.000000,1.000000,1.000000,1.930000,526.794983,0.000000,0.000000,1.930000,214.899506,2.700000,0.100000,1.000000,-4.000000,-123.000000,89.215172
44.175626,1,1.000000,0.000000,0.071271,0.013681,0.000000,0.000000,1.000000,1.000000,1.930000,526.835999,0.000000,0.000000,1.930000,214.885757,2.700000,0.100000,1.000000,-2.000000,-123.000000,93.289246
44.216419,1,1.000000,0.000000,0.096281,0.004748,0.000000,0.000000,1.000000,1.000000,1.930000,526.875977,0.000000,0.000000,1.930000,214.903732,2.700000,0.100000,0.000000,-10000.000000,-10000.000000,-10000.000000
44.257895,1,1.000000,0.000000,0.069477,0.012766,0.000000,0.000000,1.000000,1.000000,1.930000,526.914978,0.000000,0.000000,1.930000,214.893906,2.800000,0.100000,1.000000,-1.000000,-121.000000,90.000000
44.297737,1,1.000000,0.000000,0.073861,0.012212,0.000000,0.000000,1.000000,1.000000,1.920000,526.955017,0.000000,0.000000,1.920000,214.920029,2.700000,0.300000,1.000000,0.000000,-119.000000,93.990913
44.337010,1,1.000000,0.000000,0.073369,0.009770,0.000000,0.000000,1.000000,1.000000,1.920000,526.995972,0.000000,0.000000,1.920000,214.919632,2.800000,0.900000,1.000000,0.000000,-119.000000,93.251945
44.375627,1,1.000000,0.000000,0.074855,0.009696,0.000000,0.000000,1.000000,1.000000,1.920000,527.036011,0.000000,0.000000,1.920000,214.943329,2.800000,1.100000,1.000000,1.000000,-118.000000,92.827126
44.417363,1,1.000000,0.000000,0.094015,0.001829,0.000000,0.000000,1.000000,1.000000,1.920000,527.075989,0.000000,0.000000,1.920000,214.962204,2.900000,1.100000,0.000000,-10000.000000,-10000.000000,-10000.000000
44.456101,1,1.000000,0.000000,0.071887,0.022562,0.000000,0.000000,1.000000,1.000000,1.920000,527.114990,0.000000,0.000000,1.920000,214.954651,3.000000,0.900000,1.000000,9.000000,-116.000000,90.000000
44.497461,1,1.000000,0.000000,0.091989,0.000016,0.000000,0.000000,1.000000,1.000000,1.920000,527.155029,0.000000,0.000000,1.920000,214.947647,2.900000,0.700000,0.000000,-10000.000000,-10000.000000,-10000.000000
44.536644,1,1.000000,0.000000,0.067519,0.016968,0.000000,0.000000,1.000000,1.000000,1.920000,527.197021,0.000000,0.000000,1.920000,214.933868,2.600000,0.800000,1.000000,9.000000,-115.000000,93.772285
44.576938,1,1.000000,0.000000,0.067815,0.010615,0.000000,0.000000,1.000000,1.000000,1.920000,527.236023,0.000000,0.000000,1.920000,214.927963,1.900000,1.100000,1.000000,8.000000,-115.000000,93.110840
44.617605,1,1.000000,0.000000,0.090319,-0.002386,0.000000,0.000000,1.000000,1.000000,1.910000,527.278015,0.000000,0.000000,1.910000,214.898315,0.900000,1.100000,0.000000,-10000.000000,-10000.000000,93.289246
44.655868,1,1.000000,0.000000,0.052967,0.011442,0.000000,0.000000,1.000000,1.000000,1.910000,527.317993,0.000000,0.000000,1.910000,214.908295,0.400000,0.700000,1.000000,10.000000,-120.000000,90.000000
44.698459,1,1.000000,0.000000,0.045494,0.009834,0.000000,0.000000,1.000000,1.000000,1.900000,527.640015,0.000000,0.000000,1.900000,214.928650,0.500000,0.300000,1.000000,11.000000,-126.000000,90.000000
44.737785,1,1.000000,0.000000,0.043995,0.004667,0.000000,0.000000,1.000000,1.000000,1.900000,528.010010,0.000000,0.000000,1.900000,214.922333,0.800000,-0.000000,1.000000,10.000000,-130.000000,89.348938
44.776724,1,1.000000,0.000000,0.093796,-0.005169,0.000000,0.000000,1.000000,1.000000,1.900000,527.437988,0.000000,0.000000,1.900000,214.932465,1.400000,-0.300000,0.000000,-10000.000000,-10000.000000,-10000.000000
44.816306,1,1.000000,0.000000,0.091920,-0.005065,0.000000,0.000000,1.000000,1.000000,1.900000,527.479004,0.000000,0.000000,1.900000,214.934982,2.000000,-0.500000,0.000000,-10000.000000,-10000.000000,-10000.000000
44.855824,1,1.000000,0.000000,0.056026,-0.009982,0.000000,0.000000,1.000000,1.000000,1.900000,527.520020,0.000000,0.000000,1.900000,214.940170,2.500000,-0.600000,1.000000,3.000000,-121.000000,92.632439
44.896351,1,1.000000,0.000000,0.068741,-0.010226,0.000000,0.000000,1.000000,1.000000,1.890000,527.559998,0.000000,0.000000,1.890000,214.928329,2.600000,-0.700000,1.000000,2.000000,-116.000000,92.663002
44.935465,1,1.000000,0.000000,0.076433,-0.010301,0.000000,0.000000,1.000000,1.000000,1.890000,527.598999,0.000000,0.000000,1.890000,214.921295,2.900000,-0.700000,1.000000,1.000000,-112.000000,92.516876
44.976334,1,1.000000,0.000000,0.080226,-0.008361,0.000000,0.000000,1.000000,1.000000,1.890000,527.642029,0.000000,0.000000,1.890000,214.900421,3.100000,-0.700000,1.000000,1.000000,-109.000000,93.110840
45.018019,1,1.000000,0.000000,0.081021,-0.004928,0.000000,0.000000,1.000000,1.000000,1.880000,527.684021,0.000000,0.000000,1.880000,214.899109,3.000000,-0.600000,1.000000,2.000000,-107.000000,93.077454
45.054834,1,1.000000,0.000000,0.081417,-0.004183,0.000000,0.000000,1.000000,1.000000,1.880000,527.721985,0.000000,0.000000,1.880000,214.927353,2.900000,-0.100000,1.000000,2.000000,-105.000000,93.077454
45.098086,1,1.000000,0.000000,0.081493,-0.001706,0.000000,0.000000,1.000000,1.000000,1.870000,527.763000,0.000000,0.000000,1.870000,214.929901,2.500000,0.700000,1.000000,3.000000,-103.000000,92.454033
45.135553,1,1.000000,0.000000,0.079435,0.002035,0.000000,0.000000,1.000000,1.000000,1.870000,527.804016,0.000000,0.000000,1.870000,214.947662,2.300000,1.200000,1.000000,5.000000,-102.000000,93.468231
45.175984,1,1.000000,0.000000,0.073908,0.006668,0.000000,0.000000,1.000000,1.000000,1.870000,527.843994,0.000000,0.000000,1.870000,214.978241,2.500000,1.000000,1.000000,8.000000,-103.000000,93.613884
45.216618,1,1.000000,0.000000,0.069606,0.011894,0.000000,0.000000,1.000000,1.000000,1.870000,527.882996,0.000000,0.000000,1.870000,214.969650,2.700000,0.500000,1.000000,12.000000,-104.000000,90.596809
45.255538,1,1.000000,0.000000,0.068165,0.015596,0.000000,0.000000,1.000000,1.000000,1.870000,527.922974,0.000000,0.000000,1.870000,214.993408,3.100000,0.300000,1.000000,16.000000,-104.000000,93.613884
45.298602,1,1.000000,0.000000,0.067012,0.016196,0.000000,0.000000,1.000000,1.000000,1.870000,527.963989,0.000000,0.000000,1.870000,215.014450,4.000000,1.200000,1.000000,19.000000,-104.000000,93.110840
45.338130,1,1.000000,0.000000,0.083124,-0.007957,0.000000,0.000000,1.000000,1.000000,1.860000,527.994995,0.000000,0.000000,1.860000,215.135223,5.300000,4.000000,0.000000,-10000.000000,-10000.000000,-10000.000000
45.378215,1,1.000000,0.000000,0.066497,0.005538,0.000000,0.000000,1.000000,1.000000,1.850000,528.034973,0.000000,0.000000,1.850000,215.226669,5.700000,6.400000,1.000000,16.000000,-101.000000,93.077454
45.416837,1,1.000000,0.000000,0.070958,0.000630,0.000000,0.000000,1.000000,1.000000,1.880000,528.077026,0.000000,0.000000,1.880000,215.037292,4.400000,5.600000,1.000000,15.000000,-98.000000,92.573357
45.456016,1,1.000000,0.000000,0.080314,-0.009372,0.000000,0.000000,1.000000,1.000000,1.880000,528.116028,0.000000,0.000000,1.880000,214.988342,3.800000,3.600000,0.000000,-10000.000000,-10000.000000,-10000.000000
45.497483,1,1.000000,0.000000,0.078708,-0.009185,0.000000,0.000000,1.000000,1.000000,1.880000,528.155029,0.000000,0.000000,1.880000,215.042007,4.000000,1.400000,0.000000,-10000.000000,-10000.000000,-10000.000000
45.537575,1,1.000000,0.000000,0.077134,-0.009001,0.000000,0.000000,1.000000,1.000000,1.860000,528.195984,0.000000,0.000000,1.860000,214.994888,3.400000,-0.300000,0.000000,-10000.000000,-10000.000000,-10000.000000
45.575270,1,1.000000,0.000000,0.075591,-0.008821,0.000000,0.000000,1.000000,1.000000,1.860000,528.234985,0.000000,0.000000,1.860000,215.020660,3.000000,-2.400000,0.000000,-10000.000000,-10000.000000,-10000.000000
45.616764,1,1.000000,0.000000,0.074079,-0.008644,0.000000,0.000000,1.000000,1.000000,1.850000,528.276001,0.000000,0.000000,1.850000,215.038162,3.500000,-2.500000,0.000000,-10000.000000,-10000.000000,-10000.000000
45.654943,1,1.000000,0.000000,0.064921,0.016578,0.000000,0.000000,1.000000,1.000000,1.860000,528.315002,0.000000,0.000000,1.860000,215.008804,3.300000,-2.400000,1.000000,23.000000,-87.000000,93.179832
45.697250,1,1.000000,0.000000,0.062377,0.008623,0.000000,0.000000,1.000000,1.000000,1.850000,528.599976,0.000000,0.000000,1.850000,214.991241,3.300000,-1.700000,1.000000,22.000000,-87.000000,90.000000
45.735007,1,1.000000,0.000000,0.071143,-0.011789,0.000000,0.000000,1.000000,1.000000,1.850000,529.010010,0.000000,0.000000,1.850000,214.983200,3.100000,-1.300000,0.000000,-10000.000000,-10000.000000,-10000.000000
45.775525,1,1.000000,0.000000,0.050223,-0.045760,0.000000,0.000000,1.000000,1.000000,1.850000,528.437988,0.000000,0.000000,1.850000,214.988297,2.400000,-1.400000,1.000000,-5.000000,-90.000000,91.847610
45.816482,1,1.000000,0.000000,0.069960,-0.008454,0.000000,0.000000,1.000000,1.000000,1.860000,528.479980,0.000000,0.000000,1.860000,214.984695,1.700000,-1.000000,0.000000,-10000.000000,-10000.000000,-10000.000000
45.857113,1,1.000000,0.000000,0.052215,-0.033596,0.000000,0.000000,1.000000,1.000000,1.860000,528.517029,0.000000,0.000000,1.860000,214.973236,1.200000,-0.900000,1.000000,-4.000000,-87.000000,91.867676
45.896631,1,1.000000,0.000000,0.048452,-0.024517,0.000000,0.000000,1.000000,1.000000,1.850000,528.557983,0.000000,0.000000,1.850000,214.994492,0.800000,-0.900000,1.000000,-3.000000,-89.000000,91.867676
45.935182,1,1.000000,0.000000,0.049442,-0.019253,0.000000,0.000000,1.000000,1.000000,1.850000,528.598999,0.000000,0.000000,1.850000,214.994965,0.700000,-0.700000,1.000000,-3.000000,-89.000000,92.920723
45.975684,1,1.000000,0.000000,0.053993,-0.005643,0.000000,0.000000,1.000000,1.000000,1.850000,528.640015,0.000000,0.000000,1.850000,215.004868,0.600000,-0.800000,1.000000,2.000000,-87.000000,90.000000
46.018011,1,1.000000,0.000000,0.038595,-0.002874,0.000000,0.000000,1.000000,1.000000,1.850000,528.679016,0.000000,0.000000,1.850000,215.004211,0.600000,-0.900000,1.000000,3.000000,-95.000000,90.000000
46.057430,1,1.000000,0.000000,0.036636,0.002981,0.000000,0.000000,1.000000,1.000000,1.850000,528.718018,0.000000,0.000000,1.850000,214.976761,0.700000,-0.800000,1.000000,6.000000,-98.000000,92.981461
46.097725,1,1.000000,0.000000,0.035429,0.003545,0.000000,0.000000,1.000000,1.000000,1.850000,528.760010,0.000000,0.000000,1.850000,214.970261,0.700000,-0.700000,1.000000,7.000000,-101.000000,92.862404
46.135153,1,1.000000,0.000000,0.036703,0.001996,0.000000,0.000000,1.000000,1.000000,1.850000,528.799011,0.000000,0.000000,1.850000,214.962128,0.700000,-0.600000,1.000000,7.000000,-103.000000,92.891266
46.178185,1,1.000000,0.000000,0.041722,0.002637,0.000000,0.000000,1.000000,1.000000,1.850000,528.840027,0.000000,0.000000,1.850000,214.947220,0.800000,-0.600000,1.000000,8.000000,-103.000000,90.000000
46.216227,1,1.000000,0.000000,0.045738,0.003029,0.000000,0.000000,1.000000,1.000000,1.850000,528.879028,0.000000,0.000000,1.850000,214.953995,0.800000,-0.500000,1.000000,9.000000,-103.000000,89.390495
46.256315,1,1.000000,0.000000,0.047070,0.001343,0.000000,0.000000,1.000000,1.000000,1.850000,528.919006,0.000000,0.000000,1.850000,214.976227,0.900000,-0.300000,1.000000,9.000000,-104.000000,90.000000
46.296649,1,1.000000,0.000000,0.050136,-0.000005,0.000000,0.000000,1.000000,1.000000,1.860000,528.963989,0.000000,0.000000,1.860000,214.990555,1.000000,-0.400000,1.000000,9.000000,-104.000000,90.000000
46.335005,1,1.000000,0.000000,0.056349,0.000796,0.000000,0.000000,1.000000,1.000000,1.860000,529.000977,0.000000,0.000000,1.860000,216.064301,1.900000,-0.500000,1.000000,10.000000,-102.000000,92.898575
46.375304,1,1.000000,0.000000,0.059199,0.001317,0.000000,0.000000,1.000000,1.000000,1.850000,529.044006,0.000000,0.000000,1.850000,217.377884,5.400000,-0.500000,1.000000,11.000000,-101.000000,92.891266
46.418499,1,1.000000,0.000000,0.061359,0.001613,0.000000,0.000000,1.000000,1.000000,1.860000,529.080994,0.000000,0.000000,1.860000,217.389175,6.300000,-0.600000,1.000000,12.000000,-100.000000,90.000000
46.455116,1,1.000000,0.000000,0.061087,0.001731,0.000000,0.000000,1.000000,1.000000,1.860000,529.120972,0.000000,0.000000,1.860000,217.632751,4.300000,-0.600000,1.000000,13.000000,-100.000000,90.000000
46.498050,1,1.000000,0.000000,0.066510,0.001705,0.000000,0.000000,1.000000,1.000000,1.870000,529.161987,0.000000,0.000000,1.870000,217.871185,3.100000,-0.200000,1.000000,14.000000,-97.000000,92.981461
46.537106,1,1.000000,0.000000,0.064848,0.003444,0.000000,0.000000,1.000000,1.000000,1.870000,529.202026,0.000000,0.000000,1.870000,218.011368,2.600000,-0.500000,1.000000,16.000000,-97.000000,92.834114
46.575045,1,1.000000,0.000000,0.071038,0.004595,0.000000,0.000000,1.000000,1.000000,1.870000,529.244019,0.000000,0.000000,1.870000,218.148209,2.200000,-0.600000,1.000000,18.000000,-93.000000,92.419510
46.618722,1,1.000000,0.000000,0.090551,-0.004124,0.000000,0.000000,1.000000,1.000000,1.880000,529.281982,0.000000,0.000000,1.880000,218.270782,1.900000,-0.700000,1.000000,15.000000,-81.000000,92.950783
46.654667,1,1.000000,0.000000,0.074492,-0.010581,0.000000,0.000000,1.000000,1.000000,1.880000,529.322021,0.000000,0.000000,1.880000,218.351013,1.700000,-0.800000,0.000000,-10000.000000,-10000.000000,-10000.000000
46.696454,1,1.000000,0.000000,0.133872,-0.000673,0.000000,0.000000,1.000000,1.000000,1.880000,529.659973,0.000000,0.000000,1.880000,218.453857,1.500000,-0.700000,1.000000,17.000000,-51.000000,94.813553
46.734445,1,1.000000,0.000000,0.100057,-0.006339,0.000000,0.000000,1.000000,1.000000,1.880000,530.049988,0.000000,0.000000,1.880000,218.523132,1.300000,-0.900000,1.000000,15.000000,-58.000000,93.110840
46.775679,1,1.000000,0.000000,0.062566,0.000649,0.000000,0.000000,1.000000,1.000000,1.880000,529.443970,0.000000,0.000000,1.880000,218.591385,1.100000,-0.900000,1.000000,19.000000,-71.000000,95.355827
46.817268,1,1.000000,0.000000,0.054813,-0.001761,0.000000,0.000000,1.000000,1.000000,1.870000,529.484009,0.000000,0.000000,1.870000,218.650314,1.100000,-0.900000,1.000000,19.000000,-73.000000,95.355827
46.854517,1,1.000000,0.000000,0.050730,-0.003689,0.000000,0.000000,1.000000,1.000000,1.870000,529.521973,0.000000,0.000000,1.870000,218.710297,1.100000,-1.000000,1.000000,19.000000,-74.000000,95.142761
46.896035,1,1.000000,0.000000,0.047584,-0.005231,0.000000,0.000000,1.000000,1.000000,1.860000,529.564026,0.000000,0.000000,1.860000,218.746399,1.000000,-1.000000,1.000000,19.000000,-75.000000,93.887909
46.935862,1,1.000000,0.000000,0.047067,-0.008345,0.000000,0.000000,1.000000,1.000000,1.860000,529.604004,0.000000,0.000000,1.860000,218.765244,0.800000,-1.000000,1.000000,18.000000,-75.000000,96.745583
46.975302,1,1.000000,0.000000,0.059625,-0.013560,0.000000,0.000000,1.000000,1.000000,1.860000,529.632996,0.000000,0.000000,1.860000,218.804993,0.700000,-1.000000,0.000000,20.000000,-76.000000,-10000.000000
47.016309,1,1.000000,0.000000,0.042901,-0.004222,0.000000,0.000000,1.000000,1.000000,1.860000,529.674988,0.000000,0.000000,1.860000,218.806458,0.500000,-1.100000,1.000000,20.000000,-75.000000,93.925911
47.055779,1,1.000000,0.000000,0.058566,-0.013783,0.000000,0.000000,1.000000,1.000000,1.860000,529.716980,0.000000,0.000000,1.860000,218.857651,0.400000,-1.000000,0.000000,-10000.000000,-10000.000000,-10000.000000
47.096753,1,1.000000,0.000000,0.041514,0.000730,0.000000,0.000000,1.000000,1.000000,1.860000,529.755005,0.000000,0.000000,1.860000,218.879517,0.500000,-1.000000,1.000000,23.000000,-74.000000,94.356972
47.137730,1,1.000000,0.000000,0.047731,-0.000296,0.000000,0.000000,1.000000,1.000000,1.850000,529.796021,0.000000,0.000000,1.850000,218.853302,0.800000,-1.000000,1.000000,24.000000,-71.000000,94.619926
47.175578,1,1.000000,0.000000,0.048585,-0.001237,0.000000,0.000000,1.000000,1.000000,1.850000,529.833984,0.000000,0.000000,1.850000,218.858673,0.900000,-1.000000,1.000000,25.000000,-70.000000,96.536636
47.218964,1,1.000000,0.000000,0.049148,-0.000230,0.000000,0.000000,1.000000,1.000000,1.860000,529.875977,0.000000,0.000000,1.860000,218.865692,1.200000,-1.000000,1.000000,27.000000,-69.000000,94.600098
47.254736,1,1.000000,0.000000,0.047598,0.000336,0.000000,0.000000,1.000000,1.000000,1.860000,529.916016,0.000000,0.000000,1.860000,218.868195,1.400000,-1.000000,1.000000,29.000000,-69.000000,95.980598
47.297048,1,1.000000,0.000000,0.048239,0.000549,0.000000,0.000000,1.000000,1.000000,1.860000,529.955017,0.000000,0.000000,1.860000,218.876190,1.400000,-0.900000,1.000000,31.000000,-68.000000,94.853096
47.335351,1,1.000000,0.000000,0.048631,-0.001401,0.000000,0.000000,1.000000,1.000000,1.820000,529.995972,0.000000,0.000000,1.820000,218.874634,1.600000,-0.900000,1.000000,32.000000,-67.000000,96.863693
47.375652,1,1.000000,0.000000,0.063865,0.002559,0.000000,0.000000,1.000000,1.000000,1.820000,530.036987,0.000000,0.000000,1.820000,218.861069,1.700000,-1.000000,1.000000,36.000000,-58.000000,96.991928
47.417548,1,1.000000,0.000000,0.063692,-0.000392,0.000000,0.000000,1.000000,1.000000,1.790000,530.075989,0.000000,0.000000,1.790000,218.881622,1.600000,-0.900000,1.000000,37.000000,-55.000000,95.290085
47.456352,1,1.000000,0.000000,0.051142,-0.023613,0.000000,0.000000,1.000000,1.000000,1.790000,530.116028,0.000000,0.000000,1.790000,218.890488,1.600000,-0.900000,0.000000,-10000.000000,-10000.000000,-10000.000000
47.497731,1,1.000000,0.000000,0.073134,0.008012,0.000000,0.000000,1.000000,1.000000,1.800000,530.158020,0.000000,0.000000,1.800000,218.897110,1.700000,-1.000000,1.000000,43.000000,-45.000000,94.899094
47.535345,1,1.000000,0.000000,0.047187,-0.025289,0.000000,0.000000,1.000000,1.000000,1.800000,530.197998,0.000000,0.000000,1.800000,218.899673,1.700000,-1.000000,0.000000,-10000.000000,-10000.000000,-10000.000000
47.574739,1,1.000000,0.000000,0.075977,0.012242,0.000000,0.000000,1.000000,1.000000,1.800000,530.237976,0.000000,0.000000,1.800000,218.890610,1.700000,-1.000000,1.000000,48.000000,-37.000000,94.677422
47.617357,1,1.000000,0.000000,0.042826,-0.027391,0.000000,0.000000,1.000000,1.000000,1.820000,530.278015,0.000000,0.000000,1.820000,218.910782,1.700000,-1.000000,0.000000,-10000.000000,-10000.000000,-10000.000000
47.655142,1,1.000000,0.000000,0.079446,0.017037,0.000000,0.000000,1.000000,1.000000,1.820000,530.317993,0.000000,0.000000,1.820000,218.908615,1.800000,-1.000000,1.000000,54.000000,-28.000000,95.147888
47.697827,1,1.000000,0.000000,0.037988,-0.029985,0.000000,0.000000,1.000000,1.000000,1.830000,530.650024,0.000000,0.000000,1.830000,218.915314,1.700000,-1.000000,0.000000,-10000.000000,-10000.000000,-10000.000000
47.734763,1,1.000000,0.000000,0.037229,-0.029386,0.000000,0.000000,1.000000,1.000000,1.830000,531.020020,0.000000,0.000000,1.830000,218.938766,1.600000,-1.000000,0.000000,-10000.000000,-10000.000000,-10000.000000
47.775088,1,1.000000,0.000000,0.082863,0.024047,0.000000,0.000000,1.000000,1.000000,1.830000,530.439026,0.000000,0.000000,1.830000,218.934311,1.600000,-0.900000,1.000000,61.000000,-17.000000,95.013115
47.815961,1,1.000000,0.000000,0.075850,0.011918,0.000000,0.000000,1.000000,1.000000,1.820000,530.479004,0.000000,0.000000,1.820000,218.936157,1.400000,-1.000000,1.000000,61.000000,-13.000000,95.013115
47.854979,1,1.000000,0.000000,0.027542,-0.035735,0.000000,0.000000,1.000000,1.000000,1.820000,530.520020,0.000000,0.000000,1.820000,218.961273,1.200000,-1.000000,0.000000,-10000.000000,-10000.000000,-10000.000000
47.898216,1,1.000000,0.000000,0.071786,0.021383,0.000000,0.000000,1.000000,1.000000,1.820000,530.562988,0.000000,0.000000,1.820000,218.958649,1.400000,-0.700000,1.000000,70.000000,-7.000000,95.906143
47.935350,1,1.000000,0.000000,0.062029,0.012467,0.000000,0.000000,1.000000,1.000000,1.820000,530.601013,0.000000,0.000000,1.820000,218.961746,1.400000,-0.700000,1.000000,72.000000,-5.000000,94.807953
47.977683,1,1.000000,0.000000,0.052103,0.005093,0.000000,0.000000,1.000000,1.000000,1.820000,530.642029,0.000000,0.000000,1.820000,218.983734,1.300000,-0.800000,1.000000,74.000000,-4.000000,95.147888
48.019038,1,1.000000,0.000000,0.057203,0.006475,0.000000,0.000000,1.000000,1.000000,1.820000,530.681030,0.000000,0.000000,1.820000,218.994659,1.500000,-0.700000,1.000000,80.000000,4.000000,94.969742
48.057813,1,1.000000,0.000000,0.054682,0.001220,0.000000,0.000000,1.000000,1.000000,1.820000,530.719971,0.000000,0.000000,1.820000,219.014679,1.700000,-0.500000,1.000000,83.000000,9.000000,94.763641
48.099476,1,1.000000,0.000000,0.048306,-0.007104,0.000000,0.000000,1.000000,1.000000,1.820000,530.760986,0.000000,0.000000,1.820000,218.999710,1.700000,-0.500000,1.000000,84.000000,12.000000,94.594254
48.138696,1,1.000000,0.000000,0.040965,-0.012003,0.000000,0.000000,1.000000,1.000000,1.820000,530.802979,0.000000,0.000000,1.820000,218.999710,1.700000,-0.500000,1.000000,86.000000,14.000000,95.102165
48.180266,1,1.000000,0.000000,0.046132,-0.006763,0.000000,0.000000,1.000000,1.000000,1.820000,530.835022,0.000000,0.000000,1.820000,219.034576,1.300000,-0.800000,1.000000,93.000000,22.000000,95.762634
48.217984,1,1.000000,0.000000,-0.002254,-0.060819,0.000000,0.000000,1.000000,1.000000,1.820000,530.875977,0.000000,0.000000,1.820000,219.041260,1.300000,-0.800000,0.000000,-10000.000000,-10000.000000,-10000.000000
48.255108,1,1.000000,0.000000,0.045687,-0.007102,0.000000,0.000000,1.000000,1.000000,1.820000,530.918030,0.000000,0.000000,1.820000,219.032776,1.200000,-1.000000,1.000000,96.000000,28.000000,95.057251
48.298046,1,1.000000,0.000000,-0.006180,-0.062812,0.000000,0.000000,1.000000,1.000000,1.820000,530.958008,0.000000,0.000000,1.820000,219.044449,1.300000,-1.100000,0.000000,97.000000,-10000.000000,94.807953
48.336060,1,1.000000,0.000000,0.052379,-0.003848,0.000000,0.000000,1.000000,1.000000,1.830000,530.999023,0.000000,0.000000,1.830000,219.059158,1.400000,-1.000000,1.000000,101.000000,38.000000,95.102165
48.377362,1,1.000000,0.000000,0.042983,-0.013318,0.000000,0.000000,1.000000,1.000000,1.830000,531.041992,0.000000,0.000000,1.830000,219.089340,1.300000,-1.100000,1.000000,102.000000,41.000000,94.677422
48.415685,1,1.000000,0.000000,0.035106,-0.019135,0.000000,0.000000,1.000000,1.000000,1.840000,531.081970,0.000000,0.000000,1.840000,219.098663,1.400000,-1.000000,1.000000,104.000000,44.000000,95.906143
48.455201,1,1.000000,0.000000,0.037845,-0.020268,0.000000,0.000000,1.000000,1.000000,1.840000,531.122009,0.000000,0.000000,1.840000,219.103714,1.600000,-0.900000,1.000000,108.000000,52.000000,94.677422
48.496174,1,1.000000,0.000000,0.029676,-0.025414,0.000000,0.000000,1.000000,1.000000,1.840000,531.161987,0.000000,0.000000,1.840000,219.100342,1.700000,-0.800000,1.000000,110.000000,55.000000,92.752487
48.534649,1,1.000000,0.000000,0.026541,-0.027891,0.000000,0.000000,1.000000,1.000000,1.840000,531.203003,0.000000,0.000000,1.840000,219.107971,1.700000,-0.700000,1.000000,113.000000,60.000000,94.945969
48.575993,1,1.000000,0.000000,0.034713,-0.030233,0.000000,0.000000,1.000000,1.000000,1.840000,531.242981,0.000000,0.000000,1.840000,219.121353,2.100000,-0.500000,1.000000,116.000000,71.000000,93.850639
48.615128,1,1.000000,0.000000,-0.036296,-0.081401,0.000000,0.000000,1.000000,1.000000,1.860000,531.281982,0.000000,0.000000,1.860000,219.128479,2.600000,-0.300000,0.000000,-10000.000000,-10000.000000,-10000.000000
48.656894,1,1.000000,0.000000,-0.035570,-0.079773,0.000000,0.000000,1.000000,1.000000,1.860000,531.322021,0.000000,0.000000,1.860000,219.101868,2.600000,-0.400000,0.000000,-10000.000000,-10000.000000,-10000.000000
48.696037,1,1.000000,0.000000,0.063254,0.000239,0.000000,0.000000,1.000000,1.000000,1.870000,531.679993,0.000000,0.000000,1.870000,219.118515,2.300000,-0.500000,1.000000,131.000000,92.000000,93.778198
48.735642,1,1.000000,0.000000,0.039563,-0.015529,0.000000,0.000000,1.000000,1.000000,1.870000,532.049988,0.000000,0.000000,1.870000,219.111847,2.200000,-0.400000,1.000000,131.000000,92.000000,93.778198
48.777991,1,1.000000,0.000000,0.024370,-0.026263,0.000000,0.000000,1.000000,1.000000,1.870000,531.445984,0.000000,0.000000,1.870000,219.130112,2.200000,-0.400000,1.000000,132.000000,94.000000,91.718361
48.818362,1,1.000000,0.000000,0.013856,-0.033091,0.000000,0.000000,1.000000,1.000000,1.870000,531.482971,0.000000,0.000000,1.870000,219.127609,2.200000,-0.300000,1.000000,134.000000,97.000000,91.808739
48.855592,1,1.000000,0.000000,0.005085,-0.038793,0.000000,0.000000,1.000000,1.000000,1.870000,531.525024,0.000000,0.000000,1.870000,219.150574,2.300000,-0.200000,1.000000,136.000000,100.000000,92.862404
48.896098,1,1.000000,0.000000,0.063508,-0.069914,0.000000,0.000000,1.000000,1.000000,1.830000,531.565002,0.000000,0.000000,1.830000,219.124161,2.300000,-0.200000,1.000000,124.000000,138.000000,93.333847
48.937252,1,1.000000,0.000000,-0.022154,-0.040731,0.000000,0.000000,1.000000,1.000000,1.830000,531.596008,0.000000,0.000000,1.830000,219.131027,2.400000,-0.200000,1.000000,140.000000,108.000000,92.891266
48.974946,1,1.000000,0.000000,-0.030683,-0.049385,0.000000,0.000000,1.000000,1.000000,1.830000,531.632996,0.000000,0.000000,1.830000,219.159012,3.100000,0.000000,1.000000,140.000000,108.000000,92.891266
49.016257,1,1.000000,0.000000,-0.028106,-0.050668,0.000000,0.000000,1.000000,1.000000,1.850000,531.674988,0.000000,0.000000,1.850000,219.144409,3.200000,-0.200000,1.000000,143.000000,113.000000,90.643745
49.054896,1,1.000000,0.000000,-0.026645,-0.053934,0.000000,0.000000,1.000000,1.000000,1.850000,531.713013,0.000000,0.000000,1.850000,219.142349,2.700000,-0.400000,1.000000,145.000000,118.000000,92.694283
49.096924,1,1.000000,0.000000,-0.026076,-0.056788,0.000000,0.000000,1.000000,1.000000,1.850000,531.752991,0.000000,0.000000,1.850000,219.137512,2.400000,-0.300000,1.000000,147.000000,123.000000,90.939194
49.135402,1,1.000000,0.000000,-0.084793,-0.107851,0.000000,0.000000,1.000000,1.000000,1.830000,531.794983,0.000000,0.000000,1.830000,219.168579,2.500000,-0.200000,0.000000,-10000.000000,-10000.000000,-10000.000000
49.175814,1,1.000000,0.000000,-0.083097,-0.105694,0.000000,0.000000,1.000000,1.000000,1.830000,531.833008,0.000000,0.000000,1.830000,219.149384,2.800000,-0.200000,0.000000,-10000.000000,-10000.000000,-10000.000000
49.216567,1,1.000000,0.000000,-0.081435,-0.103580,0.000000,0.000000,1.000000,1.000000,1.820000,531.874023,0.000000,0.000000,1.820000,219.159958,2.800000,-0.200000,0.000000,-10000.000000,-10000.000000,-10000.000000
49.255661,1,1.000000,0.000000,-0.079806,-0.101509,0.000000,0.000000,1.000000,1.000000,1.820000,531.913025,0.000000,0.000000,1.820000,219.158524,2.300000,-0.100000,0.000000,-10000.000000,-10000.000000,-10000.000000
49.299553,1,1.000000,0.000000,-0.078210,-0.099478,0.000000,0.000000,1.000000,1.000000,1.820000,531.953979,0.000000,0.000000,1.820000,219.182770,2.400000,0.000000,0.000000,-10000.000000,-10000.000000,-10000.000000
49.335684,1,1.000000,0.000000,-0.076646,-0.097489,0.000000,0.000000,1.000000,1.000000,1.820000,531.995972,0.000000,0.000000,1.820000,219.177063,3.100000,-0.000000,0.000000,-10000.000000,-10000.000000,-10000.000000
49.377666,1,1.000000,0.000000,0.047483,0.001998,0.000000,0.000000,1.000000,1.000000,1.820000,532.033997,0.000000,0.000000,1.820000,219.176270,3.500000,-0.100000,1.000000,161.000000,151.000000,91.450218
49.417623,1,1.000000,0.000000,-0.083888,-0.101805,0.000000,0.000000,1.000000,1.000000,1.860000,532.075989,0.000000,0.000000,1.860000,219.155670,3.600000,-0.100000,0.000000,-10000.000000,-10000.000000,-10000.000000
49.457723,1,1.000000,0.000000,-0.082210,-0.099769,0.000000,0.000000,1.000000,1.000000,1.860000,532.116028,0.000000,0.000000,1.860000,219.164307,3.800000,0.000000,0.000000,-10000.000000,-10000.000000,-10000.000000
49.496809,1,1.000000,0.000000,-0.080566,-0.097773,0.000000,0.000000,1.000000,1.000000,1.860000,532.156982,0.000000,0.000000,1.860000,219.161148,4.400000,0.300000,0.000000,-10000.000000,-10000.000000,-10000.000000
49.537018,1,1.000000,0.000000,0.084273,0.019921,0.000000,0.000000,1.000000,1.000000,1.860000,532.198975,0.000000,0.000000,1.860000,219.204895,5.100000,0.900000,1.000000,171.000000,177.000000,90.000000
49.576606,1,1.000000,0.000000,0.057458,-0.000823,0.000000,0.000000,1.000000,1.000000,1.860000,532.237976,0.000000,0.000000,1.860000,219.183350,5.300000,1.300000,1.000000,173.000000,183.000000,90.643745
49.617861,1,1.000000,0.000000,-0.101688,-0.110148,0.000000,0.000000,1.000000,1.000000,1.870000,532.280029,0.000000,0.000000,1.870000,219.187057,5.300000,1.400000,0.000000,-10000.000000,-10000.000000,-10000.000000
49.657260,1,1.000000,0.000000,-0.099654,-0.107945,0.000000,0.000000,1.000000,1.000000,1.870000,532.320007,0.000000,0.000000,1.870000,219.162949,5.300000,1.400000,0.000000,-10000.000000,-10000.000000,-10000.000000
49.697031,1,1.000000,0.000000,-0.097661,-0.105786,0.000000,0.000000,1.000000,1.000000,1.890000,532.640015,0.000000,0.000000,1.890000,219.149261,5.000000,1.100000,0.000000,-10000.000000,-10000.000000,-10000.000000
49.735146,1,1.000000,0.000000,-0.095708,-0.103670,0.000000,0.000000,1.000000,1.000000,1.890000,533.020020,0.000000,0.000000,1.890000,219.123093,4.400000,0.700000,0.000000,-10000.000000,-10000.000000,-10000.000000
49.774663,1,1.000000,0.000000,-0.093794,-0.101597,0.000000,0.000000,1.000000,1.000000,1.900000,532.442017,0.000000,0.000000,1.900000,219.143417,4.000000,0.500000,0.000000,-10000.000000,-10000.000000,-10000.000000
49.815957,1,1.000000,0.000000,-0.091918,-0.099565,0.000000,0.000000,1.000000,1.000000,1.890000,532.482971,0.000000,0.000000,1.890000,219.130417,3.600000,0.300000,0.000000,-10000.000000,-10000.000000,-10000.000000
49.856193,1,1.000000,0.000000,-0.090080,-0.097574,0.000000,0.000000,1.000000,1.000000,1.890000,532.523010,0.000000,0.000000,1.890000,219.151764,3.300000,0.200000,0.000000,-10000.000000,-10000.000000,-10000.000000
49.895499,1,1.000000,0.000000,-0.088278,-0.095622,0.000000,0.000000,1.000000,1.000000,1.900000,532.562012,0.000000,0.000000,1.900000,219.152893,3.200000,0.200000,0.000000,-10000.000000,-10000.000000,-10000.000000
49.934943,1,1.000000,0.000000,-0.086512,-0.093710,0.000000,0.000000,1.000000,1.000000,1.900000,532.601990,0.000000,0.000000,1.900000,219.144974,3.200000,0.100000,0.000000,-10000.000000,-10000.000000,-10000.000000
49.973958,1,1.000000,0.000000,-0.084782,-0.091836,0.000000,0.000000,1.000000,1.000000,1.900000,532.642029,0.000000,0.000000,1.900000,219.147232,3.300000,-0.000000,0.000000,-10000.000000,-10000.000000,-10000.000000
50.017065,1,1.000000,0.000000,-0.083087,-0.089999,0.000000,0.000000,1.000000,1.000000,1.910000,532.681030,0.000000,0.000000,1.910000,219.151443,3.400000,-0.100000,0.000000,-10000.000000,-10000.000000,-10000.000000
50.054742,1,1.000000,0.000000,-0.081425,-0.088199,0.000000,0.000000,1.000000,1.000000,1.910000,532.721008,0.000000,0.000000,1.910000,219.174377,3.500000,-0.100000,0.000000,-10000.000000,-10000.000000,-10000.000000
50.096074,1,1.000000,0.000000,-0.079796,-0.086435,0.000000,0.000000,1.000000,1.000000,1.910000,532.762024,0.000000,0.000000,1.910000,219.180801,3.500000,-0.200000,0.000000,-10000.000000,-10000.000000,-10000.000000
50.134257,1,1.000000,0.000000,-0.078200,-0.084706,0.000000,0.000000,1.000000,1.000000,1.910000,532.801025,0.000000,0.000000,1.910000,219.170090,3.300000,-0.200000,0.000000,-10000.000000,-10000.000000,-10000.000000
50.174588,1,1.000000,0.000000,-0.076636,-0.083012,0.000000,0.000000,1.000000,1.000000,1.910000,532.843018,0.000000,0.000000,1.910000,219.176559,3.200000,-0.100000,0.000000,-10000.000000,-10000.000000,-10000.000000
50.218428,1,1.000000,0.000000,-0.075104,-0.081352,0.000000,0.000000,1.000000,1.000000,1.920000,532.880981,0.000000,0.000000,1.920000,219.174667,3.200000,-0.300000,0.000000,-10000.000000,-10000.000000,-10000.000000
50.255155,1,1.000000,0.000000,-0.073602,-0.079725,0.000000,0.000000,1.000000,1.000000,1.920000,532.921021,0.000000,0.000000,1.920000,219.178802,3.300000,-0.400000,0.000000,-10000.000000,-10000.000000,-10000.000000
50.296385,1,1.000000,0.000000,-0.072130,-0.078130,0.000000,0.000000,1.000000,1.000000,1.920000,532.961975,0.000000,0.000000,1.920000,219.187958,3.200000,-0.600000,0.000000,-10000.000000,-10000.000000,-10000.000000
50.336741,1,1.000000,0.000000,-0.070687,-0.076568,0.000000,0.000000,1.000000,1.000000,1.910000,533.002014,0.000000,0.000000,1.910000,219.211960,3.100000,-0.600000,0.000000,-10000.000000,-10000.000000,-10000.000000
50.374651,1,1.000000,0.000000,-0.069273,-0.075036,0.000000,0.000000,1.000000,1.000000,1.910000,533.041992,0.000000,0.000000,1.910000,219.214035,3.100000,-0.600000,0.000000,-10000.000000,-10000.000000,-10000.000000
50.417586,1,1.000000,0.000000,-0.067888,-0.073536,0.000000,0.000000,1.000000,1.000000,1.910000,533.080994,0.000000,0.000000,1.910000,219.224197,3.200000,-0.600000,0.000000,-10000.000000,-10000.000000,-10000.000000
50.455590,1,1.000000,0.000000,-0.066530,-0.072065,0.000000,0.000000,1.000000,1.000000,1.910000,533.120972,0.000000,0.000000,1.910000,219.226685,3.300000,-0.700000,0.000000,-10000.000000,-10000.000000,-10000.000000
50.496208,1,1.000000,0.000000,-0.065199,-0.070624,0.000000,0.000000,1.000000,1.000000,1.880000,533.163025,0.000000,0.000000,1.880000,219.221649,3.200000,-0.800000,0.000000,-10000.000000,-10000.000000,-10000.000000
50.534648,1,1.000000,0.000000,-0.063895,-0.069211,0.000000,0.000000,1.000000,1.000000,1.880000,533.200989,0.000000,0.000000,1.880000,219.237411,3.100000,-0.800000,0.000000,-10000.000000,-10000.000000,-10000.000000
50.578655,1,1.000000,0.000000,-0.062618,-0.067827,0.000000,0.000000,1.000000,1.000000,1.880000,533.242004,0.000000,0.000000,1.880000,219.226715,3.100000,-0.700000,0.000000,-10000.000000,-10000.000000,-10000.000000
50.617982,1,1.000000,0.000000,-0.061365,-0.066470,0.000000,0.000000,1.000000,1.000000,1.880000,533.281982,0.000000,0.000000,1.880000,219.263611,3.200000,-0.800000,0.000000,-10000.000000,-10000.000000,-10000.000000
50.655198,1,1.000000,0.000000,-0.060138,-0.065141,0.000000,0.000000,1.000000,1.000000,1.880000,533.322021,0.000000,0.000000,1.880000,219.267776,3.300000,-0.900000,0.000000,-10000.000000,-10000.000000,-10000.000000
50.696172,1,1.000000,0.000000,-0.058935,-0.063838,0.000000,0.000000,1.000000,1.000000,1.870000,533.650024,0.000000,0.000000,1.870000,219.283218,3.300000,-0.900000,0.000000,-10000.000000,-10000.000000,-10000.000000
50.734703,1,1.000000,0.000000,-0.057756,-0.062561,0.000000,0.000000,1.000000,1.000000,1.870000,534.080017,0.000000,0.000000,1.870000,219.289368,3.200000,-0.900000,0.000000,-10000.000000,-10000.000000,-10000.000000
50.777098,1,1.000000,0.000000,-0.056601,-0.061310,0.000000,0.000000,1.000000,1.000000,1.870000,533.442993,0.000000,0.000000,1.870000,219.298004,3.200000,-0.900000,0.000000,-10000.000000,-10000.000000,-10000.000000
50.816682,1,1.000000,0.000000,-0.055469,-0.060084,0.000000,0.000000,1.000000,1.000000,1.870000,533.481995,0.000000,0.000000,1.870000,219.310593,3.300000,-1.000000,0.000000,-10000.000000,-10000.000000,-10000.000000
50.855783,1,1.000000,0.000000,-0.054360,-0.058882,0.000000,0.000000,1.000000,1.000000,1.870000,533.523010,0.000000,0.000000,1.870000,219.299240,3.400000,-1.000000,0.000000,-10000.000000,-10000.000000,-10000.000000
50.896340,1,1.000000,0.000000,-0.053273,-0.057705,0.000000,0.000000,1.000000,1.000000,1.870000,533.564026,0.000000,0.000000,1.870000,219.292175,3.300000,-1.000000,0.000000,-10000.000000,-10000.000000,-10000.000000
50.935418,1,1.000000,0.000000,-0.052207,-0.056551,0.000000,0.000000,1.000000,1.000000,1.870000,533.603027,0.000000,0.000000,1.870000,219.283096,3.200000,-1.000000,0.000000,-10000.000000,-10000.000000,-10000.000000
50.975627,1,1.000000,0.000000,-0.051163,-0.055420,0.000000,0.000000,1.000000,1.000000,1.870000,533.643005,0.000000,0.000000,1.870000,219.297531,3.300000,-1.000000,0.000000,-10000.000000,-10000.000000,-10000.000000
51.016951,1,1.000000,0.000000,-0.050140,-0.054311,0.000000,0.000000,1.000000,1.000000,1.850000,533.672974,0.000000,0.000000,1.850000,219.287430,3.400000,-1.100000,0.000000,-10000.000000,-10000.000000,-10000.000000
51.055555,1,1.000000,0.000000,-0.049137,-0.053225,0.000000,0.000000,1.000000,1.000000,1.850000,533.715027,0.000000,0.000000,1.850000,219.306305,3.400000,-1.000000,0.000000,-10000.000000,-10000.000000,-10000.000000
51.096094,1,1.000000,0.000000,-0.048154,-0.052160,0.000000,0.000000,1.000000,1.000000,1.850000,533.752991,0.000000,0.000000,1.850000,219.286621,3.200000,-1.000000,0.000000,-10000.000000,-10000.000000,-10000.000000
51.135311,1,1.000000,0.000000,-0.047191,-0.051117,0.000000,0.000000,1.000000,1.000000,1.850000,533.794006,0.000000,0.000000,1.850000,219.317719,3.100000,-0.900000,0.000000,-10000.000000,-10000.000000,-10000.000000
51.178007,1,1.000000,0.000000,-0.046247,-0.050095,0.000000,0.000000,1.000000,1.000000,1.850000,533.833008,0.000000,0.000000,1.850000,219.320740,3.100000,-0.800000,0.000000,-10000.000000,-10000.000000,-10000.000000
51.216738,1,1.000000,0.000000,-0.045322,-0.049093,0.000000,0.000000,1.000000,1.000000,1.830000,533.875000,0.000000,0.000000,1.830000,219.331253,3.200000,-0.700000,0.000000,-10000.000000,-10000.000000,-10000.000000
51.255353,1,1.000000,0.000000,-0.044416,-0.048111,0.000000,0.000000,1.000000,1.000000,1.830000,533.914001,0.000000,0.000000,1.830000,219.330170,3.300000,-0.600000,0.000000,-10000.000000,-10000.000000,-10000.000000
51.298105,1,1.000000,0.000000,-0.043528,-0.047149,0.000000,0.000000,1.000000,1.000000,1.830000,533.953979,0.000000,0.000000,1.830000,219.324677,3.200000,-0.400000,0.000000,-10000.000000,-10000.000000,-10000.000000
51.337170,1,1.000000,0.000000,-0.042657,-0.046206,0.000000,0.000000,1.000000,1.000000,1.830000,533.994995,0.000000,0.000000,1.830000,219.310806,3.200000,-0.300000,0.000000,-10000.000000,-10000.000000,-10000.000000
51.375159,1,1.000000,0.000000,-0.041804,-0.045282,0.000000,0.000000,1.000000,1.000000,1.830000,534.033997,0.000000,0.000000,1.830000,219.337006,3.300000,-0.200000,0.000000,-10000.000000,-10000.000000,-10000.000000
51.416681,1,1.000000,0.000000,-0.040968,-0.044376,0.000000,0.000000,1.000000,1.000000,1.820000,534.075012,0.000000,0.000000,1.820000,219.370209,3.700000,0.200000,0.000000,-10000.000000,-10000.000000,-10000.000000
51.455062,1,1.000000,0.000000,-0.040149,-0.043489,0.000000,0.000000,1.000000,1.000000,1.810000,534.114990,0.000000,0.000000,1.810000,219.404129,4.600000,1.100000,0.000000,-10000.000000,-10000.000000,-10000.000000
51.496396,1,1.000000,0.000000,-0.039346,-0.042619,0.000000,0.000000,1.000000,1.000000,1.810000,534.153992,0.000000,0.000000,1.810000,219.461288,5.700000,1.900000,0.000000,-10000.000000,-10000.000000,-10000.000000
51.536150,1,1.000000,0.000000,-0.038559,-0.041766,0.000000,0.000000,1.000000,1.000000,1.830000,534.195984,0.000000,0.000000,1.830000,219.476364,6.400000,2.200000,0.000000,-10000.000000,-10000.000000,-10000.000000
51.575537,1,1.000000,0.000000,-0.037787,-0.040931,0.000000,0.000000,1.000000,1.000000,1.830000,534.234985,0.000000,0.000000,1.830000,219.455811,6.500000,1.900000,0.000000,-10000.000000,-10000.000000,-10000.000000
51.616585,1,1.000000,0.000000,-0.037032,-0.040113,0.000000,0.000000,1.000000,1.000000,1.820000,534.276001,0.000000,0.000000,1.820000,219.364212,5.900000,1.400000,0.000000,-10000.000000,-10000.000000,-10000.000000
51.655539,1,1.000000,0.000000,-0.036291,-0.039310,0.000000,0.000000,1.000000,1.000000,1.820000,534.315002,0.000000,0.000000,1.820000,219.365555,5.300000,1.100000,0.000000,-10000.000000,-10000.000000,-10000.000000
51.696989,1,1.000000,0.000000,-0.035565,-0.038524,0.000000,0.000000,1.000000,1.000000,1.820000,534.580017,0.000000,0.000000,1.820000,219.323792,4.700000,0.700000,0.000000,-10000.000000,-10000.000000,-10000.000000
51.735237,1,1.000000,0.000000,-0.034854,-0.037754,0.000000,0.000000,1.000000,1.000000,1.830000,534.989990,0.000000,0.000000,1.830000,219.331009,4.200000,0.500000,0.000000,-10000.000000,-10000.000000,-10000.000000
51.774979,1,1.000000,0.000000,-0.034157,-0.036999,0.000000,0.000000,1.000000,1.000000,1.830000,534.435974,0.000000,0.000000,1.830000,219.304688,3.800000,0.200000,0.000000,-10000.000000,-10000.000000,-10000.000000
51.816223,1,1.000000,0.000000,-0.033474,-0.036259,0.000000,0.000000,1.000000,1.000000,1.820000,534.476990,0.000000,0.000000,1.820000,219.292374,3.600000,-0.100000,0.000000,-10000.000000,-10000.000000,-10000.000000
51.856243,1,1.000000,0.000000,-0.032804,-0.035533,0.000000,0.000000,1.000000,1.000000,1.820000,534.515015,0.000000,0.000000,1.820000,219.274796,3.500000,-0.400000,0.000000,-10000.000000,-10000.000000,-10000.000000
51.896021,1,1.000000,0.000000,-0.032148,-0.034823,0.000000,0.000000,1.000000,1.000000,1.820000,534.556030,0.000000,0.000000,1.820000,219.268463,3.400000,-0.600000,0.000000,-10000.000000,-10000.000000,-10000.000000
51.936644,1,1.000000,0.000000,-0.031505,-0.034126,0.000000,0.000000,1.000000,1.000000,1.820000,534.596008,0.000000,0.000000,1.820000,219.282715,3.300000,-0.700000,0.000000,-10000.000000,-10000.000000,-10000.000000
51.975635,1,1.000000,0.000000,-0.030875,-0.033444,0.000000,0.000000,1.000000,1.000000,1.820000,534.635986,0.000000,0.000000,1.820000,219.237717,3.300000,-0.800000,0.000000,-10000.000000,-10000.000000,-10000.000000
52.016461,1,1.000000,0.000000,-0.030258,-0.032775,0.000000,0.000000,1.000000,1.000000,1.820000,534.679016,0.000000,0.000000,1.820000,219.240433,3.400000,-1.000000,0.000000,-10000.000000,-10000.000000,-10000.000000
52.054910,1,1.000000,0.000000,-0.029652,-0.032119,0.000000,0.000000,1.000000,1.000000,1.820000,534.716003,0.000000,0.000000,1.820000,219.201340,3.300000,-1.000000,0.000000,-10000.000000,-10000.000000,-10000.000000
52.096351,1,1.000000,0.000000,-0.029059,-0.031477,0.000000,0.000000,1.000000,1.000000,1.810000,534.755981,0.000000,0.000000,1.810000,219.194611,3.200000,-1.000000,0.000000,-10000.000000,-10000.000000,-10000.000000
52.135029,1,1.000000,0.000000,-0.028478,-0.030847,0.000000,0.000000,1.000000,1.000000,1.810000,534.796997,0.000000,0.000000,1.810000,219.188202,3.200000,-1.000000,0.000000,-10000.000000,-10000.000000,-10000.000000
52.175069,1,1.000000,0.000000,-0.027909,-0.030231,0.000000,0.000000,1.000000,1.000000,1.810000,534.835999,0.000000,0.000000,1.810000,219.183517,3.300000,-1.000000,0.000000,-10000.000000,-10000.000000,-10000.000000
52.215911,1,1.000000,0.000000,-0.027350,-0.029626,0.000000,0.000000,1.000000,1.000000,1.810000,534.879028,0.000000,0.000000,1.810000,219.153336,3.400000,-1.100000,0.000000,-10000.000000,-10000.000000,-10000.000000
52.255134,1,1.000000,0.000000,-0.026803,-0.029033,0.000000,0.000000,1.000000,1.000000,1.810000,534.916992,0.000000,0.000000,1.810000,219.163818,3.300000,-1.100000,0.000000,-10000.000000,-10000.000000,-10000.000000
52.296109,1,1.000000,0.000000,-0.026267,-0.028453,0.000000,0.000000,1.000000,1.000000,1.780000,534.958008,0.000000,0.000000,1.780000,219.150040,3.300000,-1.100000,0.000000,-10000.000000,-10000.000000,-10000.000000
52.335096,1,1.000000,0.000000,-0.025742,-0.027884,0.000000,0.000000,1.000000,1.000000,1.780000,534.997009,0.000000,0.000000,1.780000,219.172668,3.300000,-1.100000,0.000000,-10000.000000,-10000.000000,-10000.000000
52.376168,1,1.000000,0.000000,-0.025227,-0.027326,0.000000,0.000000,1.000000,1.000000,1.780000,535.036987,0.000000,0.000000,1.780000,219.166260,3.600000,-1.100000,0.000000,-10000.000000,-10000.000000,-10000.000000
52.416428,1,1.000000,0.000000,-0.024723,-0.026779,0.000000,0.000000,1.000000,1.000000,1.760000,535.078979,0.000000,0.000000,1.760000,219.192947,4.300000,-0.700000,0.000000,-10000.000000,-10000.000000,-10000.000000
52.455284,1,1.000000,0.000000,-0.024228,-0.026244,0.000000,0.000000,1.000000,1.000000,1.760000,535.119019,0.000000,0.000000,1.760000,219.211121,5.500000,0.300000,0.000000,-10000.000000,-10000.000000,-10000.000000
52.497245,1,1.000000,0.000000,-0.023744,-0.025719,0.000000,0.000000,1.000000,1.000000,1.760000,535.158020,0.000000,0.000000,1.760000,219.312057,7.200000,1.800000,0.000000,-10000.000000,-10000.000000,-10000.000000
52.536454,1,1.000000,0.000000,-0.023269,-0.025205,0.000000,0.000000,1.000000,1.000000,1.740000,535.198975,0.000000,0.000000,1.740000,219.414474,9.300000,2.900000,0.000000,-10000.000000,-10000.000000,-10000.000000
52.577690,1,1.000000,0.000000,-0.022803,-0.024701,0.000000,0.000000,1.000000,1.000000,1.730000,535.237976,0.000000,0.000000,1.730000,219.535751,11.300000,3.500000,0.000000,-10000.000000,-10000.000000,-10000.000000
52.615975,1,1.000000,0.000000,-0.022347,-0.024207,0.000000,0.000000,1.000000,1.000000,1.750000,535.278992,0.000000,0.000000,1.750000,219.614594,12.700000,3.400000,0.000000,-10000.000000,-10000.000000,-10000.000000
52.655066,1,1.000000,0.000000,-0.021900,-0.023722,0.000000,0.000000,1.000000,1.000000,1.750000,535.318970,0.000000,0.000000,1.750000,219.567154,13.300000,2.700000,0.000000,-10000.000000,-10000.000000,-10000.000000
52.696307,1,1.000000,0.000000,-0.021462,-0.023248,0.000000,0.000000,1.000000,1.000000,1.790000,535.630005,0.000000,0.000000,1.790000,219.522003,13.000000,1.800000,0.000000,-10000.000000,-10000.000000,-10000.000000
52.735321,1,1.000000,0.000000,-0.021033,-0.022783,0.000000,0.000000,1.000000,1.000000,1.790000,535.940002,0.000000,0.000000,1.790000,219.529968,12.700000,1.200000,0.000000,-10000.000000,-10000.000000,-10000.000000
52.774850,1,1.000000,0.000000,-0.020612,-0.022327,0.000000,0.000000,1.000000,1.000000,1.800000,535.440979,0.000000,0.000000,1.800000,219.503052,12.400000,0.800000,0.000000,-10000.000000,-10000.000000,-10000.000000
52.816336,1,1.000000,0.000000,-0.020200,-0.021881,0.000000,0.000000,1.000000,1.000000,1.840000,535.479980,0.000000,0.000000,1.840000,219.476349,12.000000,0.400000,0.000000,-10000.000000,-10000.000000,-10000.000000
52.855220,1,1.000000,0.000000,-0.019796,-0.021443,0.000000,0.000000,1.000000,1.000000,1.840000,535.520020,0.000000,0.000000,1.840000,219.471771,11.700000,0.200000,0.000000,-10000.000000,-10000.000000,-10000.000000
52.896814,1,1.000000,0.000000,-0.019400,-0.021014,0.000000,0.000000,1.000000,1.000000,1.800000,535.560974,0.000000,0.000000,1.800000,219.451782,11.600000,0.000000,0.000000,-10000.000000,-10000.000000,-10000.000000
52.936482,1,1.000000,0.000000,-0.019012,-0.020594,0.000000,0.000000,1.000000,1.000000,1.800000,535.599976,0.000000,0.000000,1.800000,219.452850,11.900000,-0.000000,0.000000,-10000.000000,-10000.000000,-10000.000000
52.975396,1,1.000000,0.000000,-0.018632,-0.020182,0.000000,0.000000,1.000000,1.000000,1.800000,535.642029,0.000000,0.000000,1.800000,219.414322,12.100000,-0.000000,0.000000,-10000.000000,-10000.000000,-10000.000000
53.016098,1,1.000000,0.000000,-0.018259,-0.019778,0.000000,0.000000,1.000000,1.000000,1.830000,535.679993,0.000000,0.000000,1.830000,219.409164,12.100000,0.100000,0.000000,-10000.000000,-10000.000000,-10000.000000
53.055616,1,1.000000,0.000000,-0.017894,-0.019383,0.000000,0.000000,1.000000,1.000000,1.830000,535.719971,0.000000,0.000000,1.830000,219.411789,11.800000,0.400000,0.000000,-10000.000000,-10000.000000,-10000.000000
53.096036,1,1.000000,0.000000,-0.017536,-0.018995,0.000000,0.000000,1.000000,1.000000,1.780000,535.763000,0.000000,0.000000,1.780000,219.382614,11.400000,0.800000,0.000000,-10000.000000,-10000.000000,-10000.000000
53.134896,1,1.000000,0.000000,-0.017186,-0.018615,0.000000,0.000000,1.000000,1.000000,1.780000,535.799988,0.000000,0.000000,1.780000,219.385284,11.200000,1.200000,0.000000,-1.000000,-174.000000,-10000.000000
53.173968,1,1.000000,0.000000,-0.016842,-0.018243,0.000000,0.000000,1.000000,1.000000,1.790000,535.841980,0.000000,0.000000,1.790000,219.396179,11.000000,1.500000,0.000000,-10000.000000,-10000.000000,-10000.000000
53.217227,1,1.000000,0.000000,-0.016505,-0.017878,0.000000,0.000000,1.000000,1.000000,1.790000,535.882019,0.000000,0.000000,1.790000,219.385849,10.800000,1.700000,0.000000,-10000.000000,-10000.000000,-10000.000000
53.256720,1,1.000000,0.000000,-0.016175,-0.017521,0.000000,0.000000,1.000000,1.000000,1.790000,535.921997,0.000000,0.000000,1.790000,219.400101,10.600000,1.900000,0.000000,-10000.000000,-10000.000000,-10000.000000
53.296618,1,1.000000,0.000000,-0.015851,-0.017170,0.000000,0.000000,1.000000,1.000000,1.790000,535.963989,0.000000,0.000000,1.790000,219.399155,10.100000,2.300000,0.000000,-10000.000000,-10000.000000,-10000.000000
53.337725,1,1.000000,0.000000,-0.015534,-0.016827,0.000000,0.000000,1.000000,1.000000,1.790000,535.992004,0.000000,0.000000,1.790000,219.396652,9.800000,2.500000,0.000000,-10000.000000,-10000.000000,-10000.000000
53.375179,1,1.000000,0.000000,-0.015224,-0.016490,0.000000,0.000000,1.000000,1.000000,1.800000,536.043030,0.000000,0.000000,1.800000,219.342804,9.000000,3.000000,0.000000,-10000.000000,-10000.000000,-10000.000000
53.417906,1,1.000000,0.000000,-0.014919,-0.016160,0.000000,0.000000,1.000000,1.000000,1.800000,536.081970,0.000000,0.000000,1.800000,219.320419,8.800000,3.100000,0.000000,-10000.000000,-10000.000000,-10000.000000
53.454680,1,1.000000,0.000000,-0.014621,-0.015837,0.000000,0.000000,1.000000,1.000000,1.790000,536.122009,0.000000,0.000000,1.790000,219.312180,9.100000,2.900000,0.000000,-10000.000000,-10000.000000,-10000.000000
53.496010,1,1.000000,0.000000,-0.014328,-0.015520,0.000000,0.000000,1.000000,1.000000,1.790000,536.164978,0.000000,0.000000,1.790000,219.322556,9.700000,2.900000,0.000000,-10000.000000,-10000.000000,-10000.000000
53.534638,1,1.000000,0.000000,-0.014042,-0.015210,0.000000,0.000000,1.000000,1.000000,1.790000,536.202026,0.000000,0.000000,1.790000,219.333740,10.400000,2.800000,0.000000,-10000.000000,-10000.000000,-10000.000000
53.575664,1,1.000000,0.000000,-0.013761,-0.014906,0.000000,0.000000,1.000000,1.000000,1.780000,536.244019,0.000000,0.000000,1.780000,219.320557,11.100000,2.700000,0.000000,-10000.000000,-10000.000000,-10000.000000
53.616011,1,1.000000,0.000000,-0.013486,-0.014608,0.000000,0.000000,1.000000,1.000000,1.800000,536.281982,0.000000,0.000000,1.800000,219.300735,11.700000,2.400000,0.000000,-10000.000000,-10000.000000,-10000.000000
53.655021,1,1.000000,0.000000,-0.013216,-0.014316,0.000000,0.000000,1.000000,1.000000,1.800000,536.322998,0.000000,0.000000,1.800000,219.268127,11.800000,2.100000,0.000000,-10000.000000,-10000.000000,-10000.000000
53.697061,1,1.000000,0.000000,-0.012952,-0.014029,0.000000,0.000000,1.000000,1.000000,1.820000,536.659973,0.000000,0.000000,1.820000,219.268127,11.800000,2.100000,0.000000,-10000.000000,-10000.000000,-10000.000000
53.734377,1,1.000000,0.000000,-0.012693,-0.013749,0.000000,0.000000,1.000000,1.000000,1.820000,537.049988,0.000000,0.000000,1.820000,219.121292,12.000000,0.600000,0.000000,-10000.000000,-10000.000000,-10000.000000
53.778335,1,1.000000,0.000000,-0.012439,-0.013474,0.000000,0.000000,1.000000,1.000000,1.820000,536.442993,0.000000,0.000000,1.820000,219.061798,11.700000,0.100000,0.000000,-10000.000000,-10000.000000,-10000.000000
53.816190,1,1.000000,0.000000,-0.012190,-0.013204,0.000000,0.000000,1.000000,1.000000,1.850000,536.481995,0.000000,0.000000,1.850000,218.969818,10.700000,-0.200000,0.000000,-10000.000000,-10000.000000,-10000.000000
53.855951,1,1.000000,0.000000,-0.011946,-0.012940,0.000000,0.000000,1.000000,1.000000,1.860000,536.521973,0.000000,0.000000,1.860000,218.907379,8.600000,-0.600000,0.000000,-10000.000000,-10000.000000,-10000.000000
53.897873,1,1.000000,0.000000,-0.011707,-0.012681,0.000000,0.000000,1.000000,1.000000,1.800000,536.562988,0.000000,0.000000,1.800000,218.887939,6.400000,-0.800000,0.000000,-10000.000000,-10000.000000,-10000.000000
53.935426,1,1.000000,0.000000,-0.011473,-0.012428,0.000000,0.000000,1.000000,1.000000,1.800000,536.601990,0.000000,0.000000,1.800000,218.886780,4.900000,-0.900000,0.000000,-10000.000000,-10000.000000,-10000.000000
53.975281,1,1.000000,0.000000,-0.011244,-0.012179,0.000000,0.000000,1.000000,1.000000,1.810000,536.645020,0.000000,0.000000,1.810000,218.869110,3.900000,-1.000000,0.000000,-10000.000000,-10000.000000,-10000.000000
54.016843,1,1.000000,0.000000,-0.011019,-0.011936,0.000000,0.000000,1.000000,1.000000,1.900000,536.682007,0.000000,0.000000,1.900000,218.859863,3.300000,-1.100000,0.000000,-10000.000000,-10000.000000,-10000.000000
54.055162,1,1.000000,0.000000,-0.010799,-0.011697,0.000000,0.000000,1.000000,1.000000,1.900000,536.723022,0.000000,0.000000,1.900000,218.814835,2.800000,-1.200000,0.000000,-10000.000000,-10000.000000,-10000.000000
54.096297,1,1.000000,0.000000,-0.010583,-0.011463,0.000000,0.000000,1.000000,1.000000,1.900000,536.763977,0.000000,0.000000,1.900000,218.787735,2.500000,-1.200000,0.000000,-10000.000000,-10000.000000,-10000.000000
54.134925,1,1.000000,0.000000,-0.010371,-0.011234,0.000000,0.000000,1.000000,1.000000,1.900000,536.794006,0.000000,0.000000,1.900000,218.774353,2.300000,-1.200000,0.000000,-10000.000000,-10000.000000,-10000.000000
54.176606,1,1.000000,0.000000,-0.010163,-0.011009,0.000000,0.000000,1.000000,1.000000,1.900000,536.833008,0.000000,0.000000,1.900000,218.781570,2.300000,-1.200000,0.000000,-10000.000000,-10000.000000,-10000.000000
54.217983,1,1.000000,0.000000,-0.009960,-0.010789,0.000000,0.000000,1.000000,1.000000,1.910000,536.874023,0.000000,0.000000,1.910000,218.781570,2.300000,-1.200000,0.000000,-10000.000000,-10000.000000,-10000.000000
54.256654,1,1.000000,0.000000,-0.009761,-0.010573,0.000000,0.000000,1.000000,1.000000,1.910000,536.914001,0.000000,0.000000,1.910000,218.719315,2.100000,-0.500000,0.000000,-10000.000000,-10000.000000,-10000.000000
54.297731,1,1.000000,0.000000,-0.009566,-0.010362,0.000000,0.000000,1.000000,1.000000,1.930000,536.953979,0.000000,0.000000,1.930000,218.716904,2.200000,-0.400000,0.000000,-10000.000000,-10000.000000,-10000.000000
54.336825,1,1.000000,0.000000,-0.009374,-0.010154,0.000000,0.000000,1.000000,1.000000,1.930000,536.994995,0.000000,0.000000,1.930000,218.698090,2.200000,-0.600000,0.000000,-10000.000000,-10000.000000,-10000.000000
54.375198,1,1.000000,0.000000,-0.009187,-0.009951,0.000000,0.000000,1.000000,1.000000,1.930000,537.034973,0.000000,0.000000,1.930000,218.679230,2.100000,-0.800000,0.000000,-10000.000000,-10000.000000,-10000.000000
54.417864,1,1.000000,0.000000,-0.009003,-0.009752,0.000000,0.000000,1.000000,1.000000,1.940000,537.075989,0.000000,0.000000,1.940000,218.686188,2.200000,-0.900000,0.000000,-10000.000000,-10000.000000,-10000.000000
54.456830,1,1.000000,0.000000,-0.008823,-0.009557,0.000000,0.000000,1.000000,1.000000,1.940000,537.117004,0.000000,0.000000,1.940000,218.680496,2.300000,-1.100000,0.000000,-10000.000000,-10000.000000,-10000.000000
54.495743,1,1.000000,0.000000,-0.008647,-0.009366,0.000000,0.000000,1.000000,1.000000,1.940000,537.155029,0.000000,0.000000,1.940000,218.664520,2.300000,-1.200000,0.000000,-10000.000000,-10000.000000,-10000.000000
54.535377,1,1.000000,0.000000,-0.008474,-0.009179,0.000000,0.000000,1.000000,1.000000,1.940000,537.195984,0.000000,0.000000,1.940000,218.669586,2.200000,-1.300000,0.000000,-10000.000000,-10000.000000,-10000.000000
54.577874,1,1.000000,0.000000,-0.008304,-0.008995,0.000000,0.000000,1.000000,1.000000,1.940000,537.236023,0.000000,0.000000,1.940000,218.692841,2.400000,-1.400000,0.000000,-10000.000000,-10000.000000,-10000.000000
54.618242,1,1.000000,0.000000,-0.008138,-0.008815,0.000000,0.000000,1.000000,1.000000,1.950000,537.278015,0.000000,0.000000,1.950000,218.669540,2.400000,-1.500000,0.000000,-10000.000000,-10000.000000,-10000.000000
54.657172,1,1.000000,0.000000,-0.007975,-0.008639,0.000000,0.000000,1.000000,1.000000,1.950000,537.315979,0.000000,0.000000,1.950000,218.678146,2.200000,-2.100000,0.000000,-10000.000000,-10000.000000,-10000.000000
54.697306,1,1.000000,0.000000,-0.007816,-0.008466,0.000000,0.000000,1.000000,1.000000,1.950000,537.619995,0.000000,0.000000,1.950000,218.683472,2.000000,-3.500000,0.000000,-10000.000000,-10000.000000,-10000.000000
54.734666,1,1.000000,0.000000,-0.007660,-0.008297,0.000000,0.000000,1.000000,1.000000,1.960000,538.020020,0.000000,0.000000,1.960000,218.703690,1.800000,-5.400000,0.000000,-10000.000000,-10000.000000,-10000.000000
54.779294,1,1.000000,0.000000,-0.007506,-0.008131,0.000000,0.000000,1.000000,1.000000,1.950000,537.439026,0.000000,0.000000,1.950000,218.713287,1.600000,-7.200000,0.000000,246.000000,-217.000000,-10000.000000
54.820069,1,1.000000,0.000000,-0.007356,-0.007968,0.000000,0.000000,1.000000,1.000000,1.940000,537.481995,0.000000,0.000000,1.940000,218.728165,1.600000,-9.000000,0.000000,-10000.000000,-10000.000000,-10000.000000
54.859997,1,1.000000,0.000000,-0.007209,-0.007809,0.000000,0.000000,1.000000,1.000000,1.940000,537.515991,0.000000,0.000000,1.940000,218.719696,1.700000,-10.000000,0.000000,-10000.000000,-10000.000000,-10000.000000
54.899406,1,1.000000,0.000000,0.150000,-0.003405,0.000000,0.000000,1.000000,1.000000,1.920000,537.559998,0.000000,0.000000,1.920000,218.757935,1.800000,-9.100000,1.000000,11.000000,187.000000,92.632439
54.939079,1,1.000000,0.000000,-0.035123,-0.007856,0.000000,0.000000,1.000000,1.000000,1.930000,537.599976,0.000000,0.000000,1.930000,218.811218,1.900000,-7.000000,0.000000,-10000.000000,-10000.000000,-10000.000000
54.980865,1,1.000000,0.000000,0.150000,-0.048669,0.000000,0.000000,1.000000,1.000000,1.940000,537.643982,0.000000,0.000000,1.940000,218.853180,1.800000,-5.900000,1.000000,-13.000000,180.000000,90.000000
55.017174,1,1.000000,0.000000,0.150000,-0.048656,0.000000,0.000000,1.000000,1.000000,1.920000,537.682983,0.000000,0.000000,1.920000,218.914566,1.600000,-5.400000,1.000000,-19.000000,177.000000,95.856010
55.056376,1,1.000000,0.000000,-0.072619,-0.000294,0.000000,0.000000,1.000000,1.000000,1.920000,537.721985,0.000000,0.000000,1.920000,218.956589,1.500000,-4.300000,0.000000,-10000.000000,-10000.000000,-10000.000000
55.097009,1,1.000000,0.000000,0.086224,0.008494,0.000000,0.000000,1.000000,1.000000,1.910000,537.763977,0.000000,0.000000,1.910000,219.031128,1.400000,-3.200000,1.000000,5.000000,165.000000,90.609505
55.135579,1,1.000000,0.000000,0.037899,0.009955,0.000000,0.000000,1.000000,1.000000,1.910000,537.802979,0.000000,0.000000,1.910000,219.067154,1.800000,-2.400000,1.000000,7.000000,159.000000,93.731400
55.176158,1,1.000000,0.000000,0.001840,0.012764,0.000000,0.000000,1.000000,1.000000,1.910000,537.843018,0.000000,0.000000,1.910000,219.081573,2.200000,-1.800000,1.000000,10.000000,154.000000,90.000000
55.216682,1,1.000000,0.000000,-0.017008,0.009011,0.000000,0.000000,1.000000,1.000000,1.900000,537.882019,0.000000,0.000000,1.900000,219.109650,2.500000,-1.100000,1.000000,10.000000,154.000000,90.000000
55.255327,1,1.000000,0.000000,-0.041487,0.019169,0.000000,0.000000,1.000000,1.000000,1.900000,537.921997,0.000000,0.000000,1.900000,219.155289,3.100000,-0.500000,1.000000,17.000000,149.000000,93.764038
55.295780,1,1.000000,0.000000,-0.105233,-0.005931,0.000000,0.000000,1.000000,1.000000,1.890000,537.963013,0.000000,0.000000,1.890000,219.190704,4.200000,0.100000,0.000000,-158.000000,121.000000,-10000.000000
55.334451,1,1.000000,0.000000,-0.103128,-0.005812,0.000000,0.000000,1.000000,1.000000,1.890000,538.004028,0.000000,0.000000,1.890000,219.232956,5.200000,0.700000,0.000000,-154.000000,120.000000,-10000.000000
55.377357,1,1.000000,0.000000,-0.047354,0.038474,0.000000,0.000000,1.000000,1.000000,1.890000,538.043030,0.000000,0.000000,1.890000,219.249969,5.900000,1.300000,1.000000,30.000000,144.000000,93.110840
55.416159,1,1.000000,0.000000,-0.057043,0.032820,0.000000,0.000000,1.000000,1.000000,1.890000,538.083984,0.000000,0.000000,1.890000,219.283218,6.100000,1.500000,1.000000,33.000000,143.000000,93.179832
55.456929,1,1.000000,0.000000,-0.105374,-0.012628,0.000000,0.000000,1.000000,1.000000,1.890000,538.124023,0.000000,0.000000,1.890000,219.279572,5.900000,1.500000,0.000000,-10000.000000,-10000.000000,-10000.000000
55.496716,1,1.000000,0.000000,-0.056162,0.038130,0.000000,0.000000,1.000000,1.000000,1.880000,538.163025,0.000000,0.000000,1.880000,219.256592,5.300000,1.400000,1.000000,41.000000,143.000000,89.438293
55.535724,1,1.000000,0.000000,-0.056450,0.031224,0.000000,0.000000,1.000000,1.000000,1.880000,538.203979,0.000000,0.000000,1.880000,219.267410,4.600000,1.200000,1.000000,44.000000,146.000000,90.716164
55.578555,1,1.000000,0.000000,-0.107130,-0.020024,0.000000,0.000000,1.000000,1.000000,1.880000,538.242981,0.000000,0.000000,1.880000,219.230774,4.100000,0.900000,0.000000,-136.000000,122.000000,-10000.000000
55.617680,1,1.000000,0.000000,-0.104987,-0.019624,0.000000,0.000000,1.000000,1.000000,1.870000,538.283020,0.000000,0.000000,1.870000,219.214859,3.900000,0.300000,0.000000,-133.000000,122.000000,-10000.000000
55.655406,1,1.000000,0.000000,-0.102887,-0.019231,0.000000,0.000000,1.000000,1.000000,1.870000,538.323975,0.000000,0.000000,1.870000,219.237396,3.700000,-0.000000,0.000000,-133.000000,122.000000,-10000.000000
55.696003,1,1.000000,0.000000,-0.037212,0.042206,0.000000,0.000000,1.000000,1.000000,1.870000,538.659973,0.000000,0.000000,1.870000,219.224365,3.500000,-0.400000,1.000000,54.000000,149.000000,90.000000
55.737297,1,1.000000,0.000000,-0.057050,0.027285,0.000000,0.000000,1.000000,1.000000,1.870000,539.059998,0.000000,0.000000,1.870000,219.212753,3.300000,-0.600000,1.000000,54.000000,144.000000,90.000000
55.774052,1,1.000000,0.000000,-0.072320,0.015348,0.000000,0.000000,1.000000,1.000000,1.870000,538.443970,0.000000,0.000000,1.870000,219.219788,3.200000,-0.600000,1.000000,54.000000,139.000000,90.000000
55.816733,1,1.000000,0.000000,-0.087696,0.000158,0.000000,0.000000,1.000000,1.000000,1.860000,538.474976,0.000000,0.000000,1.860000,219.215775,3.100000,-0.700000,1.000000,51.000000,132.000000,89.265480
55.855417,1,1.000000,0.000000,-0.106176,-0.032369,0.000000,0.000000,1.000000,1.000000,1.860000,538.515991,0.000000,0.000000,1.860000,219.201355,3.100000,-0.800000,0.000000,-138.000000,96.000000,-10000.000000
55.896894,1,1.000000,0.000000,-0.107514,-0.013356,0.000000,0.000000,1.000000,1.000000,1.860000,538.554016,0.000000,0.000000,1.860000,219.193802,2.900000,-0.900000,1.000000,46.000000,117.000000,90.000000
55.937838,1,1.000000,0.000000,-0.111331,-0.023725,0.000000,0.000000,1.000000,1.000000,1.860000,538.594971,0.000000,0.000000,1.860000,219.189926,2.500000,-1.000000,1.000000,42.000000,111.000000,90.000000
55.977748,1,1.000000,0.000000,-0.098838,-0.032721,0.000000,0.000000,1.000000,1.000000,1.860000,538.635010,0.000000,0.000000,1.860000,219.189026,2.000000,-1.000000,0.000000,38.000000,106.000000,-10000.000000
56.016558,1,1.000000,0.000000,-0.096861,-0.032067,0.000000,0.000000,1.000000,1.000000,1.860000,538.677002,0.000000,0.000000,1.860000,219.207764,1.500000,-1.000000,0.000000,30.000000,93.000000,-10000.000000
56.055051,1,1.000000,0.000000,-0.094924,-0.031425,0.000000,0.000000,1.000000,1.000000,1.860000,538.716003,0.000000,0.000000,1.860000,219.201584,1.600000,-0.900000,0.000000,30.000000,93.000000,-10000.000000
56.096741,1,1.000000,0.000000,-0.031452,-0.080004,0.000000,0.000000,1.000000,1.000000,1.840000,538.755005,0.000000,0.000000,1.840000,219.209381,2.000000,-1.000000,1.000000,9.000000,139.000000,90.000000
56.135491,1,1.000000,0.000000,-0.096327,-0.026056,0.000000,0.000000,1.000000,1.000000,1.840000,538.796997,0.000000,0.000000,1.840000,219.205551,2.500000,-1.000000,0.000000,-10000.000000,-10000.000000,-10000.000000
56.175894,1,1.000000,0.000000,-0.150000,-0.039003,0.000000,0.000000,1.000000,1.000000,1.840000,538.836975,0.000000,0.000000,1.840000,219.194962,2.900000,-1.000000,1.000000,22.000000,77.000000,90.674034
56.216020,1,1.000000,0.000000,-0.087656,-0.023895,0.000000,0.000000,1.000000,1.000000,1.860000,538.879028,0.000000,0.000000,1.860000,219.195343,3.100000,-1.000000,0.000000,-10000.000000,-10000.000000,-10000.000000
56.254775,1,1.000000,0.000000,-0.085902,-0.023417,0.000000,0.000000,1.000000,1.000000,1.860000,538.918030,0.000000,0.000000,1.860000,219.183502,3.100000,-1.100000,0.000000,-10000.000000,-10000.000000,-10000.000000
56.295225,1,1.000000,0.000000,-0.150000,-0.044024,0.000000,0.000000,1.000000,1.000000,1.820000,538.958008,0.000000,0.000000,1.820000,219.150421,3.200000,-1.000000,1.000000,15.000000,51.000000,90.000000
56.335482,1,1.000000,0.000000,-0.145133,-0.040780,0.000000,0.000000,1.000000,1.000000,1.820000,538.997986,0.000000,0.000000,1.820000,219.136017,3.300000,-1.000000,1.000000,13.000000,49.000000,92.563766
56.374377,1,1.000000,0.000000,-0.121986,-0.036064,0.000000,0.000000,1.000000,1.000000,1.820000,539.038025,0.000000,0.000000,1.820000,219.119614,3.400000,-1.100000,1.000000,12.000000,49.000000,90.000000
56.416305,1,1.000000,0.000000,-0.103469,-0.034051,0.000000,0.000000,1.000000,1.000000,1.800000,539.078979,0.000000,0.000000,1.800000,219.121002,3.500000,-1.100000,1.000000,10.000000,49.000000,92.385941
56.455854,1,1.000000,0.000000,-0.094295,-0.035961,0.000000,0.000000,1.000000,1.000000,1.800000,539.117004,0.000000,0.000000,1.800000,219.120377,3.600000,-1.100000,1.000000,6.000000,46.000000,92.385941
56.496762,1,1.000000,0.000000,-0.086596,-0.031369,0.000000,0.000000,1.000000,1.000000,1.800000,539.158020,0.000000,0.000000,1.800000,219.103683,3.500000,-1.100000,1.000000,5.000000,43.000000,90.962860
56.536513,1,1.000000,0.000000,-0.078197,-0.029455,0.000000,0.000000,1.000000,1.000000,1.820000,539.200012,0.000000,0.000000,1.820000,219.122040,3.400000,-1.100000,1.000000,3.000000,41.000000,90.000000
56.578006,1,1.000000,0.000000,-0.071238,-0.025804,0.000000,0.000000,1.000000,1.000000,1.820000,539.239014,0.000000,0.000000,1.820000,219.089828,3.300000,-1.000000,1.000000,2.000000,39.000000,90.939194
56.616524,1,1.000000,0.000000,-0.065430,-0.026523,0.000000,0.000000,1.000000,1.000000,1.770000,539.278992,0.000000,0.000000,1.770000,219.075195,3.300000,-1.000000,1.000000,-1.000000,37.000000,91.218872
56.657378,1,1.000000,0.000000,-0.060544,-0.024858,0.000000,0.000000,1.000000,1.000000,1.770000,539.318970,0.000000,0.000000,1.770000,219.101288,3.500000,-1.000000,1.000000,-3.000000,35.000000,90.572937
56.695135,1,1.000000,0.000000,-0.056395,-0.023287,0.000000,0.000000,1.000000,1.000000,1.790000,539.630005,0.000000,0.000000,1.790000,219.120712,3.500000,-1.000000,1.000000,-5.000000,33.000000,90.545654
56.735319,1,1.000000,0.000000,-0.035306,-0.002742,0.000000,0.000000,1.000000,1.000000,1.790000,540.020020,0.000000,0.000000,1.790000,219.121277,3.500000,-1.000000,0.000000,-10000.000000,-10000.000000,-10000.000000
56.774186,1,1.000000,0.000000,-0.061894,-0.025377,0.000000,0.000000,1.000000,1.000000,1.790000,539.440002,0.000000,0.000000,1.790000,219.123566,3.400000,-1.100000,1.000000,-9.000000,25.000000,91.005089
56.816557,1,1.000000,0.000000,-0.058155,-0.024861,0.000000,0.000000,1.000000,1.000000,1.730000,539.479980,0.000000,0.000000,1.730000,219.115662,3.400000,-1.200000,1.000000,-12.000000,22.000000,90.596809
56.856074,1,1.000000,0.000000,-0.052924,-0.022209,0.000000,0.000000,1.000000,1.000000,1.730000,539.520020,0.000000,0.000000,1.730000,219.125153,3.400000,-1.400000,1.000000,-14.000000,20.000000,91.032242
56.896357,1,1.000000,0.000000,-0.048499,-0.017967,0.000000,0.000000,1.000000,1.000000,1.740000,539.559998,0.000000,0.000000,1.740000,219.085037,2.900000,-1.700000,1.000000,-15.000000,18.000000,90.636597
56.935860,1,1.000000,0.000000,-0.044719,-0.016334,0.000000,0.000000,1.000000,1.000000,1.740000,539.598999,0.000000,0.000000,1.740000,219.104630,2.200000,-2.000000,1.000000,-17.000000,16.000000,91.023033
56.975363,1,1.000000,0.000000,-0.021535,0.006651,0.000000,0.000000,1.000000,1.000000,1.740000,539.640991,0.000000,0.000000,1.740000,219.120300,1.400000,-2.600000,0.000000,-10000.000000,-10000.000000,-10000.000000
57.017274,1,1.000000,0.000000,-0.049500,-0.022726,0.000000,0.000000,1.000000,1.000000,1.810000,539.679016,0.000000,0.000000,1.810000,219.137680,0.900000,-3.300000,1.000000,-23.000000,9.000000,90.698692
57.055161,1,1.000000,0.000000,-0.044440,-0.021061,0.000000,0.000000,1.000000,1.000000,1.810000,539.721008,0.000000,0.000000,1.810000,219.147293,0.500000,-3.800000,1.000000,-26.000000,7.000000,90.530502
57.094100,1,1.000000,0.000000,-0.055192,-0.025008,0.000000,0.000000,1.000000,1.000000,1.780000,539.762024,0.000000,0.000000,1.780000,219.167709,0.100000,-3.400000,1.000000,-32.000000,-3.000000,90.954842
57.136952,1,1.000000,0.000000,-0.012123,0.013978,0.000000,0.000000,1.000000,1.000000,1.780000,539.802002,0.000000,0.000000,1.780000,219.181168,-0.500000,-2.800000,0.000000,-10000.000000,-15.000000,-10000.000000
57.174770,1,1.000000,0.000000,-0.011881,0.013699,0.000000,0.000000,1.000000,1.000000,1.780000,539.841980,0.000000,0.000000,1.780000,219.195786,-1.000000,-2.500000,0.000000,-10000.000000,-10000.000000,-10000.000000
57.216334,1,1.000000,0.000000,-0.078003,-0.057389,0.000000,0.000000,1.000000,1.000000,1.790000,539.882019,0.000000,0.000000,1.790000,219.208191,-1.300000,-2.300000,1.000000,-53.000000,-22.000000,90.000000
57.257246,1,1.000000,0.000000,-0.065402,-0.039551,0.000000,0.000000,1.000000,1.000000,1.790000,539.916016,0.000000,0.000000,1.790000,219.228760,-1.600000,-2.100000,1.000000,-53.000000,-25.000000,90.000000
57.297679,1,1.000000,0.000000,-0.058722,-0.019641,0.000000,0.000000,1.000000,1.000000,1.790000,539.955994,0.000000,0.000000,1.790000,219.237457,-1.500000,-1.800000,1.000000,-50.000000,-30.000000,90.996346
57.335864,1,1.000000,0.000000,-0.056537,-0.005953,0.000000,0.000000,1.000000,1.000000,1.790000,539.995972,0.000000,0.000000,1.790000,219.206100,-0.700000,-1.500000,1.000000,-48.000000,-37.000000,90.000000
57.375364,1,1.000000,0.000000,-0.042670,0.000998,0.000000,0.000000,1.000000,1.000000,1.790000,540.034973,0.000000,0.000000,1.790000,219.206390,0.400000,-1.300000,1.000000,-48.000000,-38.000000,90.545654
57.415993,1,1.000000,0.000000,-0.035216,0.008438,0.000000,0.000000,1.000000,1.000000,1.780000,540.075012,0.000000,0.000000,1.780000,219.182434,1.600000,-1.200000,1.000000,-47.000000,-41.000000,90.000000
57.455273,1,1.000000,0.000000,-0.013853,0.014271,0.000000,0.000000,1.000000,1.000000,1.780000,540.114014,0.000000,0.000000,1.780000,219.157440,2.300000,-1.300000,1.000000,-46.000000,-36.000000,90.636597
57.497765,1,1.000000,0.000000,0.019558,0.018816,0.000000,0.000000,1.000000,1.000000,1.780000,540.156982,0.000000,0.000000,1.780000,219.132965,2.900000,-1.400000,1.000000,-45.000000,-22.000000,90.000000
57.535923,1,1.000000,0.000000,0.040846,0.018573,0.000000,0.000000,1.000000,1.000000,1.780000,540.195984,0.000000,0.000000,1.780000,219.095230,4.000000,-2.100000,1.000000,-46.000000,-10.000000,90.000000
57.577900,1,1.000000,0.000000,0.016738,0.033953,0.000000,0.000000,1.000000,1.000000,1.780000,540.236023,0.000000,0.000000,1.780000,219.059235,4.600000,-2.800000,0.000000,-46.000000,-8.000000,-10000.000000
57.616275,1,1.000000,0.000000,0.016403,0.033274,0.000000,0.000000,1.000000,1.000000,1.780000,540.278992,0.000000,0.000000,1.780000,218.895950,6.300000,-5.200000,0.000000,-57.000000,7.000000,90.000000
57.654942,1,1.000000,0.000000,0.082551,-0.025213,0.000000,0.000000,1.000000,1.000000,1.780000,540.318970,0.000000,0.000000,1.780000,218.811127,6.700000,-6.600000,1.000000,-68.000000,17.000000,88.281639
57.696521,1,1.000000,0.000000,0.075281,-0.028930,0.000000,0.000000,1.000000,1.000000,1.780000,540.619995,0.000000,0.000000,1.780000,218.759552,6.700000,-7.700000,1.000000,-77.000000,23.000000,90.000000
57.737117,1,1.000000,0.000000,0.063105,-0.030824,0.000000,0.000000,1.000000,1.000000,1.780000,541.000000,0.000000,0.000000,1.780000,218.733109,6.700000,-8.300000,1.000000,-86.000000,26.000000,90.000000
57.776467,1,1.000000,0.000000,0.049244,-0.027499,0.000000,0.000000,1.000000,1.000000,1.780000,540.437012,0.000000,0.000000,1.780000,218.765427,6.100000,-8.500000,1.000000,-93.000000,27.000000,90.000000
57.816407,1,1.000000,0.000000,0.034275,-0.022120,0.000000,0.000000,1.000000,1.000000,1.780000,540.478027,0.000000,0.000000,1.780000,218.845993,5.200000,-8.600000,1.000000,-99.000000,26.000000,90.000000
57.855989,1,1.000000,0.000000,0.018660,-0.005816,0.000000,0.000000,1.000000,1.000000,1.780000,540.518982,0.000000,0.000000,1.780000,218.923004,4.600000,-8.700000,1.000000,-99.000000,23.000000,90.000000
57.896257,1,1.000000,0.000000,0.000888,0.005347,0.000000,0.000000,1.000000,1.000000,1.770000,540.559021,0.000000,0.000000,1.770000,218.927841,4.300000,-8.800000,1.000000,-100.000000,17.000000,90.540512
57.937033,1,1.000000,0.000000,-0.006970,0.016278,0.000000,0.000000,1.000000,1.000000,1.780000,540.598022,0.000000,0.000000,1.780000,218.977554,4.000000,-8.600000,1.000000,-100.000000,14.000000,90.000000
57.977990,1,1.000000,0.000000,-0.009136,0.025022,0.000000,0.000000,1.000000,1.000000,1.780000,540.638000,0.000000,0.000000,1.780000,218.977554,4.000000,-8.600000,1.000000,-100.000000,13.000000,90.000000
58.017934,1,1.000000,0.000000,-0.010749,0.035778,0.000000,0.000000,1.000000,1.000000,1.790000,540.679993,0.000000,0.000000,1.790000,219.053787,3.700000,-6.200000,1.000000,-98.000000,12.000000,90.000000
58.056427,1,1.000000,0.000000,-0.013799,0.044142,0.000000,0.000000,1.000000,1.000000,1.790000,540.719971,0.000000,0.000000,1.790000,219.126541,3.400000,-4.400000,1.000000,-96.000000,10.000000,90.000000
58.097652,1,1.000000,0.000000,-0.009862,0.072227,0.000000,0.000000,1.000000,1.000000,1.760000,540.760986,0.000000,0.000000,1.760000,219.126541,3.400000,-4.400000,0.000000,-88.000000,8.000000,-10000.000000
58.135438,1,1.000000,0.000000,-0.017258,0.081768,0.000000,0.000000,1.000000,1.000000,1.770000,540.804993,0.000000,0.000000,1.770000,219.221344,2.700000,-1.800000,1.000000,-75.000000,7.000000,91.684685
58.175214,1,1.000000,0.000000,-0.016527,0.100734,0.000000,0.000000,1.000000,1.000000,1.770000,540.835999,0.000000,0.000000,1.770000,219.214157,2.800000,-0.900000,1.000000,-61.000000,6.000000,90.651062
58.216724,1,1.000000,0.000000,-0.008014,0.064370,0.000000,0.000000,1.000000,1.000000,1.710000,540.877991,0.000000,0.000000,1.710000,219.228424,3.200000,0.600000,0.000000,-51.000000,-10000.000000,90.578728
58.255269,1,1.000000,0.000000,-0.007854,0.063083,0.000000,0.000000,1.000000,1.000000,1.700000,540.918030,0.000000,0.000000,1.700000,219.260986,3.600000,2.700000,0.000000,-10000.000000,-10000.000000,-10000.000000
58.296596,1,1.000000,0.000000,-0.024223,0.145685,0.000000,0.000000,1.000000,1.000000,1.700000,540.958984,0.000000,0.000000,1.700000,219.252945,4.000000,3.900000,1.000000,-26.000000,0.000000,91.101707
58.336854,1,1.000000,0.000000,-0.013738,0.144108,0.000000,0.000000,1.000000,1.000000,1.700000,540.997986,0.000000,0.000000,1.700000,219.255219,4.300000,4.800000,1.000000,-13.000000,3.000000,92.290611
58.375403,1,1.000000,0.000000,-0.003830,0.145046,0.000000,0.000000,1.000000,1.000000,1.700000,541.039001,0.000000,0.000000,1.700000,219.285583,4.600000,5.200000,1.000000,2.000000,7.000000,90.000000
58.417025,1,1.000000,0.000000,-0.005422,0.035599,0.000000,0.000000,1.000000,1.000000,1.630000,541.081970,0.000000,0.000000,1.630000,219.284790,5.000000,4.400000,0.000000,-10000.000000,-10000.000000,-10000.000000
58.455929,1,1.000000,0.000000,0.005837,0.150000,0.000000,0.000000,1.000000,1.000000,1.630000,541.119019,0.000000,0.000000,1.630000,219.280655,5.300000,2.800000,1.000000,24.000000,12.000000,90.000000
58.496599,1,1.000000,0.000000,0.005110,0.124813,0.000000,0.000000,1.000000,1.000000,1.630000,541.159973,0.000000,0.000000,1.630000,219.256485,5.400000,1.700000,1.000000,26.000000,13.000000,90.616058
58.535594,1,1.000000,0.000000,-0.006962,0.015204,0.000000,0.000000,1.000000,1.000000,1.630000,541.200989,0.000000,0.000000,1.630000,219.236938,5.000000,1.000000,0.000000,-10000.000000,-10000.000000,-10000.000000
58.575246,1,1.000000,0.000000,0.012366,0.067573,0.000000,0.000000,1.000000,1.000000,1.630000,541.241028,0.000000,0.000000,1.630000,219.254486,4.500000,0.500000,1.000000,11.000000,18.000000,90.000000
58.616477,1,1.000000,0.000000,0.009613,0.039579,0.000000,0.000000,1.000000,1.000000,1.560000,541.280029,0.000000,0.000000,1.560000,219.218353,4.300000,0.100000,1.000000,4.000000,19.000000,90.000000
58.656966,1,1.000000,0.000000,-0.009631,0.007519,0.000000,0.000000,1.000000,1.000000,1.560000,541.318970,0.000000,0.000000,1.560000,219.209808,4.100000,-0.200000,0.000000,-10000.000000,-10000.000000,-10000.000000
58.695366,1,1.000000,0.000000,-0.001504,0.015670,0.000000,0.000000,1.000000,1.000000,1.470000,541.630005,0.000000,0.000000,1.470000,219.195328,4.000000,-0.700000,1.000000,-4.000000,15.000000,90.000000
58.734966,1,1.000000,0.000000,-0.006763,0.007376,0.000000,0.000000,1.000000,1.000000,1.470000,542.020020,0.000000,0.000000,1.470000,219.173660,3.800000,-1.600000,1.000000,-7.000000,13.000000,90.000000
58.775024,1,1.000000,0.000000,-0.009980,0.006323,0.000000,0.000000,1.000000,1.000000,1.470000,541.440002,0.000000,0.000000,1.470000,219.174789,3.700000,-2.600000,0.000000,-10000.000000,-10000.000000,-10000.000000
58.816882,1,1.000000,0.000000,-0.010102,-0.003057,0.000000,0.000000,1.000000,1.000000,1.410000,541.479980,0.000000,0.000000,1.410000,219.154068,3.700000,-3.100000,1.000000,-12.000000,11.000000,90.000000
58.854568,1,1.000000,0.000000,-0.013162,-0.004766,0.000000,0.000000,1.000000,1.000000,1.410000,541.518982,0.000000,0.000000,1.410000,219.167343,3.600000,-2.600000,1.000000,-14.000000,9.000000,90.000000
58.896147,1,1.000000,0.000000,-0.013489,-0.011533,0.000000,0.000000,1.000000,1.000000,1.350000,541.560974,0.000000,0.000000,1.350000,219.178299,3.500000,-2.000000,1.000000,-19.000000,8.000000,90.000000
58.934489,1,1.000000,0.000000,-0.015511,-0.020106,0.000000,0.000000,1.000000,1.000000,1.350000,541.601013,0.000000,0.000000,1.350000,219.181259,3.500000,-1.600000,1.000000,-26.000000,6.000000,90.000000
58.975883,1,1.000000,0.000000,-0.013129,-0.024245,0.000000,0.000000,1.000000,1.000000,1.350000,541.640015,0.000000,0.000000,1.350000,219.187439,3.500000,-1.300000,1.000000,-32.000000,6.000000,90.000000
59.016950,1,1.000000,0.000000,-0.011223,-0.021196,0.000000,0.000000,1.000000,1.000000,1.280000,541.679993,0.000000,0.000000,1.280000,219.202621,3.400000,-1.100000,1.000000,-35.000000,6.000000,90.000000
59.056164,1,1.000000,0.000000,-0.011579,-0.008997,0.000000,0.000000,1.000000,1.000000,1.280000,541.721985,0.000000,0.000000,1.280000,219.207886,3.300000,-1.000000,1.000000,-33.000000,5.000000,90.674034
59.095438,1,1.000000,0.000000,-0.009863,0.004283,0.000000,0.000000,1.000000,1.000000,1.220000,541.760986,0.000000,0.000000,1.220000,219.227188,3.300000,-0.900000,1.000000,-29.000000,5.000000,91.116013
59.137005,1,1.000000,0.000000,-0.012250,0.010666,0.000000,0.000000,1.000000,1.000000,1.220000,541.799988,0.000000,0.000000,1.220000,219.213821,3.300000,-0.900000,1.000000,-27.000000,3.000000,90.000000
59.174356,1,1.000000,0.000000,-0.010160,0.013653,0.000000,0.000000,1.000000,1.000000,1.220000,541.841003,0.000000,0.000000,1.220000,219.241745,3.400000,-0.900000,1.000000,-26.000000,3.000000,90.000000
59.216919,1,1.000000,0.000000,-0.008488,0.017802,0.000000,0.000000,1.000000,1.000000,1.180000,541.880005,0.000000,0.000000,1.180000,219.232834,3.300000,-0.800000,1.000000,-24.000000,3.000000,90.000000
59.256476,1,1.000000,0.000000,-0.010911,0.017122,0.000000,0.000000,1.000000,1.000000,1.180000,541.919983,0.000000,0.000000,1.180000,219.248077,3.400000,-0.700000,1.000000,-24.000000,1.000000,90.616058
59.296176,1,1.000000,0.000000,-0.008848,0.016577,0.000000,0.000000,1.000000,1.000000,1.100000,541.960999,0.000000,0.000000,1.100000,219.243607,3.500000,-0.700000,1.000000,-24.000000,1.000000,90.000000
59.333465,1,1.000000,0.000000,-0.005319,0.014262,0.000000,0.000000,1.000000,1.000000,1.100000,542.002014,0.000000,0.000000,1.100000,219.264893,3.600000,-0.700000,1.000000,-25.000000,2.000000,90.584633
59.375222,1,1.000000,0.000000,-0.002615,0.012530,0.000000,0.000000,1.000000,1.000000,1.100000,542.041016,0.000000,0.000000,1.100000,219.256821,3.400000,-0.900000,1.000000,-26.000000,3.000000,90.000000
59.414634,1,1.000000,0.000000,-0.002452,0.011264,0.000000,0.000000,1.000000,1.000000,1.050000,542.080017,0.000000,0.000000,1.050000,219.271118,3.300000,-1.800000,1.000000,-27.000000,3.000000,90.753845
59.453433,1,1.000000,0.000000,-0.002322,0.012251,0.000000,0.000000,1.000000,1.000000,1.050000,542.119995,0.000000,0.000000,1.050000,219.235855,3.700000,-3.400000,1.000000,-27.000000,3.000000,88.281639
59.494331,1,1.000000,0.000000,-0.000337,0.009281,0.000000,0.000000,1.000000,1.000000,0.990000,542.161987,0.000000,0.000000,0.990000,219.204010,4.200000,-4.600000,1.000000,-29.000000,4.000000,90.507027
59.534235,1,1.000000,0.000000,0.003010,0.007145,0.000000,0.000000,1.000000,1.000000,0.990000,542.202026,0.000000,0.000000,0.990000,219.171509,4.300000,-4.500000,1.000000,-31.000000,6.000000,90.000000
59.573406,1,1.000000,0.000000,-0.000192,0.007556,0.000000,0.000000,1.000000,1.000000,1.000000,542.239014,0.000000,0.000000,1.000000,219.217468,4.000000,-4.000000,1.000000,-32.000000,5.000000,90.000000
59.614978,1,1.000000,0.000000,-0.006393,0.006125,0.000000,0.000000,1.000000,1.000000,1.000000,542.280029,0.000000,0.000000,1.000000,219.217468,4.000000,-4.000000,1.000000,-34.000000,2.000000,90.000000
59.653129,1,1.000000,0.000000,-0.003475,-0.007940,0.000000,0.000000,1.000000,1.000000,0.990000,542.320007,0.000000,0.000000,0.990000,219.215958,3.700000,-4.800000,1.000000,-43.000000,3.000000,90.000000
59.694837,1,1.000000,0.000000,0.013780,-0.040672,0.000000,0.000000,1.000000,1.000000,0.990000,542.640015,0.000000,0.000000,0.990000,219.209625,3.600000,-5.600000,1.000000,-64.000000,12.000000,90.000000
59.733588,1,1.000000,0.000000,0.009584,-0.024858,0.000000,0.000000,1.000000,1.000000,0.990000,543.030029,0.000000,0.000000,0.990000,219.229126,3.400000,-6.200000,1.000000,-64.000000,12.000000,90.000000
59.773019,1,1.000000,0.000000,0.006227,-0.015966,0.000000,0.000000,1.000000,1.000000,0.990000,542.439026,0.000000,0.000000,0.990000,219.250610,3.200000,-6.400000,1.000000,-66.000000,12.000000,90.739258
59.815982,1,1.000000,0.000000,-0.002098,-0.004853,0.000000,0.000000,1.000000,1.000000,0.800000,542.479980,0.000000,0.000000,0.800000,219.241287,3.100000,-6.900000,1.000000,-66.000000,9.000000,90.739258
59.855623,1,1.000000,0.000000,-0.002759,-0.001602,0.000000,0.000000,1.000000,1.000000,0.800000,542.518982,0.000000,0.000000,0.800000,219.233612,3.300000,-6.900000,1.000000,-69.000000,9.000000,90.000000
59.895687,1,1.000000,0.000000,-0.001407,-0.002402,0.000000,0.000000,1.000000,1.000000,0.730000,542.559998,0.000000,0.000000,0.730000,219.222092,3.500000,-5.900000,1.000000,-74.000000,10.000000,90.000000
59.936489,1,1.000000,0.000000,-0.002325,-0.011842,0.000000,0.000000,1.000000,1.000000,0.740000,542.601013,0.000000,0.000000,0.740000,219.273163,3.500000,-4.200000,1.000000,-84.000000,10.000000,90.000000
59.972621,1,1.000000,0.000000,-0.004940,-0.005033,0.000000,0.000000,1.000000,1.000000,0.740000,542.640015,0.000000,0.000000,0.740000,219.306366,3.200000,-3.000000,1.000000,-87.000000,9.000000,90.000000
60.014574,1,1.000000,0.000000,-0.006912,-0.001107,0.000000,0.000000,1.000000,1.000000,0.690000,542.681030,0.000000,0.000000,0.690000,219.317291,3.100000,-2.200000,1.000000,-91.000000,8.000000,90.000000
60.053607,1,1.000000,0.000000,-0.004610,0.010035,0.000000,0.000000,1.000000,1.000000,0.690000,542.718994,0.000000,0.000000,0.690000,219.290955,3.200000,-1.700000,1.000000,-91.000000,9.000000,90.507027
60.094820,1,1.000000,0.000000,0.000872,0.028348,0.000000,0.000000,1.000000,1.000000,0.690000,542.760986,0.000000,0.000000,0.690000,219.311935,3.300000,-1.500000,1.000000,-86.000000,12.000000,87.089165
60.133706,1,1.000000,0.000000,0.003018,0.053678,0.000000,0.000000,1.000000,1.000000,0.690000,542.799988,0.000000,0.000000,0.690000,219.311935,3.300000,-1.500000,1.000000,-75.000000,14.000000,0.000000
