137.727216,1,0.750000,0.000000,0.000000,0.000000,1.000000,0.000000,0.000000,0.000000,0.200000,542.999023,0.000000,0.000000,0.200000,158.841034,-2.100000,2.600000,
137.765001,1,0.750000,0.000000,0.000000,0.000000,1.000000,0.000000,0.000000,0.000000,0.200000,543.078003,0.000000,0.000000,0.200000,158.814560,-2.100000,2.600000,
137.793213,1,0.750000,0.000000,0.000000,0.000000,1.000000,0.000000,0.000000,0.000000,0.200000,543.112976,0.000000,0.000000,0.200000,158.801071,-2.100000,2.600000,
137.836982,1,0.750000,0.000000,0.000000,0.000000,1.000000,0.000000,0.000000,0.000000,0.200000,543.153015,0.000000,0.000000,0.200000,158.789200,-2.100000,2.600000,
137.884007,1,0.750000,0.000000,0.000000,0.000000,1.000000,0.000000,0.000000,0.000000,0.200000,543.192993,0.000000,0.000000,0.200000,158.776428,-2.100000,2.600000,
137.918886,1,0.750000,0.000000,0.000000,0.000000,1.000000,0.000000,0.000000,0.000000,0.200000,543.244995,0.000000,0.000000,0.200000,158.755737,-2.100000,2.600000,
137.950786,1,0.750000,0.000000,0.000000,0.000000,1.000000,0.000000,0.000000,0.000000,0.200000,543.276978,0.000000,0.000000,0.200000,158.736908,-2.100000,2.600000,
137.990751,1,0.750000,0.000000,0.000000,0.000000,1.000000,0.000000,0.000000,0.000000,0.200000,543.317993,0.000000,0.000000,0.200000,158.715973,-2.100000,2.600000,
138.029456,1,0.750000,0.000000,0.000000,0.000000,1.000000,0.000000,0.000000,0.000000,0.200000,543.357971,0.000000,0.000000,0.200000,158.712677,-2.100000,2.600000,
138.069618,1,0.750000,0.000000,0.000000,0.000000,1.000000,0.000000,0.000000,0.000000,0.200000,543.398010,0.000000,0.000000,0.200000,158.695572,-2.100000,2.600000,
138.108992,1,0.750000,0.000000,0.000000,0.000000,1.000000,0.000000,0.000000,0.000000,0.200000,543.437988,0.000000,0.000000,0.200000,158.686707,-2.100000,2.600000,
138.149076,1,0.750000,0.000000,0.000000,0.000000,1.000000,0.000000,0.000000,0.000000,0.200000,543.476990,0.000000,0.000000,0.200000,158.625778,-2.100000,2.600000,
138.189290,1,0.750000,0.000000,0.000000,0.000000,1.000000,0.000000,0.000000,0.000000,0.200000,543.507996,0.000000,0.000000,0.200000,158.593155,-2.000000,2.600000,
138.228532,1,0.750000,0.000000,0.000000,0.000000,1.000000,0.000000,0.000000,0.000000,0.200000,543.552002,0.000000,0.000000,0.200000,158.661163,-1.800000,2.300000,
138.268756,1,0.750000,0.000000,0.000000,0.000000,1.000000,0.000000,0.000000,0.000000,0.200000,543.594971,0.000000,0.000000,0.200000,158.610794,-0.700000,1.200000,
138.312574,1,0.750000,0.000000,0.000000,0.000000,1.000000,0.000000,0.000000,0.000000,0.200000,543.638000,0.000000,0.000000,0.200000,158.490707,1.300000,-0.400000,
138.353896,1,0.750000,0.000000,0.000000,0.000000,1.000000,0.000000,0.000000,0.000000,0.200000,543.677979,0.000000,0.000000,0.200000,158.347916,3.100000,-1.200000,
138.393056,1,0.750000,0.000000,0.000000,0.000000,1.000000,0.000000,0.000000,0.000000,0.200000,543.719971,0.000000,0.000000,0.200000,158.177505,4.300000,-1.400000,
138.429241,1,0.750000,0.000000,0.000000,0.000000,1.000000,0.000000,0.000000,0.000000,0.200000,543.752991,0.000000,0.000000,0.200000,158.202011,5.400000,-2.500000,
138.471477,1,0.750000,0.000000,0.000000,0.000000,1.000000,0.000000,0.000000,0.000000,0.200000,543.791992,0.000000,0.000000,0.200000,158.155304,6.200000,-3.100000,
138.508641,1,0.750000,0.000000,0.000000,0.000000,1.000000,0.000000,0.000000,0.000000,0.200000,543.833008,0.000000,0.000000,0.200000,158.213562,6.300000,-2.700000,
138.548862,1,0.750000,0.000000,0.000000,0.000000,1.000000,0.000000,0.000000,0.000000,0.200000,544.369995,0.000000,0.000000,0.200000,158.336121,6.200000,-2.500000,
138.589407,1,0.750000,0.000000,0.000000,0.000000,1.000000,0.000000,0.000000,0.000000,0.250000,544.260010,0.000000,0.000000,0.250000,158.418869,6.200000,-2.300000,
138.629981,1,0.750000,0.000000,0.000000,0.000000,1.000000,0.000000,0.000000,0.000000,0.250000,544.719971,0.000000,0.000000,0.250000,158.645004,5.900000,-2.000000,
138.672719,1,0.750000,0.000000,0.000000,0.000000,1.000000,0.000000,0.000000,0.000000,0.310000,543.995972,0.000000,0.000000,0.310000,158.858917,5.400000,-1.600000,
138.709122,1,0.750000,0.000000,0.000000,0.000000,1.000000,0.000000,0.000000,0.000000,0.310000,544.031006,0.000000,0.000000,0.310000,159.100189,5.100000,-1.000000,
138.751748,1,0.750000,0.000000,0.000000,0.000000,1.000000,0.000000,0.000000,0.000000,0.300000,544.078979,0.000000,0.000000,0.300000,159.339066,4.700000,-0.700000,
138.792345,1,0.750000,0.000000,0.000000,0.000000,1.000000,0.000000,0.000000,0.000000,0.270000,544.116028,0.000000,0.000000,0.270000,159.612335,4.100000,-0.500000,
138.830864,1,0.750000,0.000000,0.000000,0.000000,1.000000,0.000000,0.000000,0.000000,0.270000,544.158020,0.000000,0.000000,0.270000,159.811356,3.700000,-0.000000,
138.871182,1,0.750000,0.000000,0.000000,0.000000,1.000000,0.000000,0.000000,0.000000,0.370000,544.192993,0.000000,0.000000,0.370000,160.022934,3.300000,0.300000,
138.910524,1,0.750000,0.000000,0.000000,0.000000,1.000000,0.000000,0.000000,0.000000,0.370000,544.237976,0.000000,0.000000,0.370000,160.184906,3.000000,0.400000,
138.950467,1,0.750000,0.000000,0.000000,0.000000,1.000000,0.000000,0.000000,0.000000,0.370000,544.273010,0.000000,0.000000,0.370000,160.311646,2.700000,0.700000,
138.989857,1,0.750000,0.000000,0.000000,0.000000,1.000000,0.000000,0.000000,0.000000,0.410000,544.317017,0.000000,0.000000,0.410000,160.432068,2.400000,0.900000,
139.028368,1,0.750000,0.000000,0.000000,0.000000,1.000000,0.000000,0.000000,0.000000,0.410000,544.359985,0.000000,0.000000,0.410000,160.505157,2.200000,1.000000,
139.070374,1,0.750000,0.000000,0.000000,0.000000,1.000000,0.000000,0.000000,0.000000,0.470000,544.393005,0.000000,0.000000,0.470000,160.575882,2.000000,1.100000,
139.111022,1,0.750000,0.000000,0.000000,0.000000,1.000000,0.000000,0.000000,0.000000,0.470000,544.435974,0.000000,0.000000,0.470000,160.641388,1.700000,1.300000,
139.149142,1,0.750000,0.000000,0.000000,0.000000,1.000000,0.000000,0.000000,0.000000,0.470000,544.471008,0.000000,0.000000,0.470000,160.674850,1.500000,1.300000,
139.190238,1,0.750000,0.000000,0.000000,0.000000,1.000000,0.000000,0.000000,0.000000,0.440000,544.513977,0.000000,0.000000,0.440000,160.703827,1.300000,1.500000,
139.229712,1,0.750000,0.000000,0.000000,0.000000,1.000000,0.000000,0.000000,0.000000,0.440000,544.557983,0.000000,0.000000,0.440000,160.703720,1.000000,1.700000,
139.270392,1,0.750000,0.000000,0.000000,0.000000,1.000000,0.000000,0.000000,0.000000,0.490000,544.591003,0.000000,0.000000,0.490000,160.706177,0.700000,1.800000,
139.309351,1,0.750000,0.000000,0.000000,0.000000,1.000000,0.000000,0.000000,0.000000,0.490000,544.635986,0.000000,0.000000,0.490000,160.724594,0.400000,1.800000,
139.357436,1,0.750000,0.000000,0.000000,0.000000,1.000000,0.000000,0.000000,0.000000,0.480000,544.687012,0.000000,0.000000,0.480000,160.685165,0.300000,1.900000,
139.390114,1,0.750000,0.000000,0.000000,0.000000,1.000000,0.000000,0.000000,0.000000,0.480000,544.711975,0.000000,0.000000,0.480000,160.674545,0.300000,1.900000,
139.429388,1,0.750000,0.000000,0.000000,0.000000,1.000000,0.000000,0.000000,0.000000,0.480000,544.757019,0.000000,0.000000,0.480000,160.645050,0.300000,2.000000,
139.470527,1,0.750000,0.000000,0.000000,0.000000,1.000000,0.000000,0.000000,0.000000,0.490000,544.791016,0.000000,0.000000,0.490000,160.600006,0.100000,2.100000,
139.511244,1,0.750000,0.000000,0.000000,0.000000,1.000000,0.000000,0.000000,0.000000,0.560000,544.840027,0.000000,0.000000,0.560000,160.557220,-0.200000,2.100000,
139.549702,1,0.750000,0.000000,0.000000,0.000000,1.000000,0.000000,0.000000,0.000000,0.560000,544.869019,0.000000,0.000000,0.560000,160.495636,-0.200000,2.200000,
139.589974,1,0.750000,0.000000,0.000000,0.000000,1.000000,0.000000,0.000000,0.000000,0.580000,545.289978,0.000000,0.000000,0.580000,160.450012,-0.200000,2.200000,
139.629650,1,0.750000,0.000000,0.000000,0.000000,1.000000,0.000000,0.000000,0.000000,0.580000,545.700012,0.000000,0.000000,0.580000,160.450012,-0.200000,2.200000,
139.668584,1,0.750000,0.000000,0.000000,0.000000,1.000000,0.000000,0.000000,0.000000,0.620000,544.994019,0.000000,0.000000,0.620000,160.352875,-0.400000,2.300000,
139.709477,1,0.750000,0.000000,0.000000,0.000000,1.000000,0.000000,0.000000,0.000000,0.620000,545.033020,0.000000,0.000000,0.620000,160.305832,-0.400000,2.300000,
139.748782,1,0.750000,0.000000,0.000000,0.000000,1.000000,0.000000,0.000000,0.000000,0.620000,545.073975,0.000000,0.000000,0.620000,160.259979,-0.400000,2.200000,
139.788776,1,0.750000,0.000000,0.000000,0.000000,1.000000,0.000000,0.000000,0.000000,0.640000,545.114014,0.000000,0.000000,0.640000,160.222992,-0.500000,2.300000,
139.828203,1,0.750000,0.000000,0.000000,0.000000,1.000000,0.000000,0.000000,0.000000,0.640000,545.155029,0.000000,0.000000,0.640000,160.194382,-0.500000,2.400000,
139.869803,1,0.750000,0.000000,0.000000,0.000000,1.000000,0.000000,0.000000,0.000000,0.640000,545.193970,0.000000,0.000000,0.640000,160.160706,-0.500000,2.300000,
139.908472,1,0.750000,0.000000,0.000000,0.000000,1.000000,0.000000,0.000000,0.000000,0.640000,545.232971,0.000000,0.000000,0.640000,160.119553,-0.500000,2.300000,
139.950614,1,0.750000,0.000000,0.000000,0.000000,1.000000,0.000000,0.000000,0.000000,0.640000,545.273987,0.000000,0.000000,0.640000,160.102356,-0.800000,3.500000,
139.988961,1,0.750000,0.000000,0.000000,0.000000,1.000000,0.000000,0.000000,0.000000,0.700000,545.312988,0.000000,0.000000,0.700000,160.069061,-1.700000,7.400000,
140.036123,2,0.750000,0.000000,0.000000,0.000000,1.000000,0.000000,0.000000,0.000000,0.690000,545.354980,0.000000,0.000000,0.690000,159.968857,-2.400000,12.300000,
140.080353,2,0.750000,0.000000,0.000000,0.000000,1.000000,0.000000,0.000000,0.000000,0.720000,545.393005,0.000000,0.000000,0.720000,159.944473,-2.300000,16.100000,
140.115905,2,0.750000,0.000000,0.000000,0.000000,1.000000,0.000000,0.000000,0.000000,0.710000,545.434021,0.000000,0.000000,0.710000,160.030426,-1.900000,18.600000,
140.151080,2,0.750000,0.000000,0.000000,0.000000,1.000000,0.000000,0.000000,0.000000,0.700000,545.473999,0.000000,0.000000,0.700000,160.064362,-1.800000,21.000000,
140.190948,2,0.750000,0.000000,0.000000,0.000000,1.000000,0.000000,0.000000,0.000000,0.710000,545.513000,0.000000,0.000000,0.710000,160.071533,-2.000000,23.500000,
140.234166,2,0.750000,0.000000,0.000000,0.000000,1.000000,0.000000,0.000000,0.000000,0.710000,545.557007,0.000000,0.000000,0.710000,160.100174,-2.700000,25.000000,
140.270290,2,0.750000,0.000000,0.000000,0.000000,1.000000,0.000000,0.000000,0.000000,0.740000,545.596008,0.000000,0.000000,0.740000,159.917542,-4.000000,25.100000,
140.309102,2,0.750000,0.000000,0.000000,0.000000,1.000000,0.000000,0.000000,0.000000,0.750000,545.635986,0.000000,0.000000,0.750000,159.620575,-5.200000,23.799999,
140.349995,2,0.750000,0.000000,0.000000,0.000000,1.000000,0.000000,0.000000,0.000000,0.760000,545.674011,0.000000,0.000000,0.760000,159.541077,-5.700000,21.799999,
140.388876,2,0.750000,0.000000,0.000000,0.000000,1.000000,0.000000,0.000000,0.000000,0.750000,545.713989,0.000000,0.000000,0.750000,159.819824,-5.900000,19.700001,
140.429003,2,0.750000,0.000000,0.000000,0.000000,1.000000,0.000000,0.000000,0.000000,0.760000,545.757019,0.000000,0.000000,0.760000,160.419159,-6.300000,17.700001,
140.469401,2,0.750000,0.000000,0.000000,0.000000,1.000000,0.000000,0.000000,0.000000,0.760000,545.794006,0.000000,0.000000,0.760000,160.671051,-6.900000,16.100000,
140.509311,2,0.750000,0.000000,0.000000,0.000000,1.000000,0.000000,0.000000,0.000000,0.760000,545.835022,0.000000,0.000000,0.760000,160.522491,-8.500000,16.200001,
140.549232,2,0.750000,0.000000,0.000000,0.000000,1.000000,0.000000,0.000000,0.000000,0.750000,546.369995,0.000000,0.000000,0.750000,160.244827,-10.800000,17.799999,
140.588454,2,0.750000,0.000000,0.000000,0.000000,1.000000,0.000000,0.000000,0.000000,0.650000,546.330017,0.000000,0.000000,0.650000,160.197128,-12.500000,17.799999,
140.629517,2,0.750000,0.000000,0.000000,0.000000,1.000000,0.000000,0.000000,0.000000,0.650000,546.729980,0.000000,0.000000,0.650000,160.147522,-13.600000,16.200001,
140.668500,2,0.750000,0.000000,0.000000,0.000000,1.000000,0.000000,0.000000,0.000000,0.610000,545.994995,0.000000,0.000000,0.610000,160.098022,-14.700000,14.900000,
140.709585,2,0.750000,0.000000,0.000000,0.000000,1.000000,0.000000,0.000000,0.000000,0.600000,546.033997,0.000000,0.000000,0.600000,160.024292,-16.200001,15.000000,
140.749697,2,0.750000,0.000000,0.000000,0.000000,1.000000,0.000000,0.000000,0.000000,0.600000,546.077026,0.000000,0.000000,0.600000,160.021774,-17.600000,14.900000,
140.788499,2,0.750000,0.000000,0.000000,0.000000,1.000000,0.000000,0.000000,0.000000,0.590000,546.114990,0.000000,0.000000,0.590000,160.012634,-19.100000,14.600000,
140.829295,2,0.750000,0.000000,0.000000,0.000000,1.000000,0.000000,0.000000,0.000000,0.590000,546.156006,0.000000,0.000000,0.590000,160.009094,-20.299999,14.300000,
140.868659,2,0.750000,0.000000,0.000000,0.000000,1.000000,0.000000,0.000000,0.000000,0.580000,546.195007,0.000000,0.000000,0.580000,160.019501,-21.600000,13.300000,
140.908750,2,0.750000,0.000000,0.000000,0.000000,1.000000,0.000000,0.000000,0.000000,0.580000,546.234985,0.000000,0.000000,0.580000,159.949860,-22.700001,11.800000,
140.949424,2,0.750000,0.000000,0.000000,0.000000,1.000000,0.000000,0.000000,0.000000,0.580000,546.280029,0.000000,0.000000,0.580000,159.899002,-23.100000,9.800000,
140.990367,2,0.750000,0.000000,0.000000,0.000000,1.000000,0.000000,0.000000,0.000000,0.590000,546.315979,0.000000,0.000000,0.590000,159.876923,-22.600000,7.800000,
141.029231,2,0.750000,0.000000,0.000000,0.000000,1.000000,0.000000,0.000000,0.000000,0.590000,546.361023,0.000000,0.000000,0.590000,159.868576,-21.500000,6.200000,
141.069397,2,0.750000,0.000000,0.000000,0.000000,1.000000,0.000000,0.000000,0.000000,0.590000,546.398010,0.000000,0.000000,0.590000,159.847748,-19.799999,4.600000,
141.109211,2,0.750000,0.000000,0.000000,0.000000,1.000000,0.000000,0.000000,0.000000,0.600000,546.440002,0.000000,0.000000,0.600000,159.775192,-17.799999,3.100000,
141.149170,2,0.750000,0.000000,0.000000,0.000000,1.000000,0.000000,0.000000,0.000000,0.610000,546.469971,0.000000,0.000000,0.610000,159.858734,-15.700000,1.600000,
141.188269,2,0.750000,0.000000,0.000000,0.000000,1.000000,0.000000,0.000000,0.000000,0.610000,546.512024,0.000000,0.000000,0.610000,160.165253,-13.200000,-0.400000,
141.228386,2,0.750000,0.000000,0.000000,0.000000,1.000000,0.000000,0.000000,0.000000,0.620000,546.549011,0.000000,0.000000,0.620000,160.079269,-10.900000,-2.300000,
141.270416,2,0.750000,0.000000,0.000000,0.000000,1.000000,0.000000,0.000000,0.000000,0.570000,546.591980,0.000000,0.000000,0.570000,159.769836,-8.700000,-5.500000,
141.308823,2,0.750000,0.000000,0.000000,0.000000,1.000000,0.000000,0.000000,0.000000,0.570000,546.630981,0.000000,0.000000,0.570000,159.574356,-6.700000,-10.500000,
141.349735,2,0.750000,0.000000,0.000000,0.000000,1.000000,0.000000,0.000000,0.000000,0.560000,546.669983,0.000000,0.000000,0.560000,159.006866,-4.100000,-14.800000,
141.389446,2,0.750000,0.000000,0.000000,0.000000,1.000000,0.000000,0.000000,0.000000,0.510000,546.713013,0.000000,0.000000,0.510000,158.269302,-1.500000,-17.500000,
141.428875,2,0.750000,0.000000,0.000000,0.000000,1.000000,0.000000,0.000000,0.000000,0.510000,546.755981,0.000000,0.000000,0.510000,157.785049,0.200000,-18.799999,
141.469667,2,0.750000,0.000000,0.000000,0.000000,1.000000,0.000000,0.000000,0.000000,0.470000,546.793030,0.000000,0.000000,0.470000,157.622192,1.000000,-18.900000,
141.509245,2,0.750000,0.000000,0.000000,0.000000,1.000000,0.000000,0.000000,0.000000,0.470000,546.833984,0.000000,0.000000,0.470000,157.627350,1.400000,-18.299999,
141.550098,2,0.750000,0.000000,0.000000,0.000000,1.000000,0.000000,0.000000,0.000000,0.470000,547.469971,0.000000,0.000000,0.470000,157.770584,1.600000,-17.900000,
141.588568,2,0.750000,0.000000,0.000000,0.000000,1.000000,0.000000,0.000000,0.000000,0.430000,547.309998,0.000000,0.000000,0.430000,157.900482,1.600000,-16.799999,
141.630345,2,0.750000,0.000000,0.000000,0.000000,1.000000,0.000000,0.000000,0.000000,0.430000,547.739990,0.000000,0.000000,0.430000,157.946396,1.600000,-16.100000,
141.668675,2,0.750000,0.000000,0.000000,0.000000,1.000000,0.000000,0.000000,0.000000,0.410000,546.994019,0.000000,0.000000,0.410000,158.119568,1.700000,-12.500000,
141.709226,2,0.750000,0.000000,0.000000,0.000000,1.000000,0.000000,0.000000,0.000000,0.410000,547.034973,0.000000,0.000000,0.410000,158.235245,1.700000,-10.000000,
141.750354,2,0.750000,0.000000,0.000000,0.000000,1.000000,0.000000,0.000000,0.000000,0.400000,547.073975,0.000000,0.000000,0.400000,158.350281,1.900000,-7.600000,
141.788576,2,0.750000,0.000000,0.000000,0.000000,1.000000,0.000000,0.000000,0.000000,0.300000,547.114014,0.000000,0.000000,0.300000,158.492905,2.000000,-5.900000,
141.829610,2,0.750000,0.000000,0.000000,0.000000,1.000000,0.000000,0.000000,0.000000,0.300000,547.156982,0.000000,0.000000,0.300000,158.648712,1.800000,-4.200000,
141.869425,2,0.750000,0.000000,0.000000,0.000000,1.000000,0.000000,0.000000,0.000000,0.230000,547.195007,0.000000,0.000000,0.230000,158.794449,1.600000,-2.800000,
141.909110,2,0.750000,0.000000,0.000000,0.000000,1.000000,0.000000,0.000000,0.000000,0.230000,547.236023,0.000000,0.000000,0.230000,158.853271,1.700000,-1.600000,
141.950302,2,0.750000,0.000000,0.000000,0.000000,1.000000,0.000000,0.000000,0.000000,0.230000,547.275024,0.000000,0.000000,0.230000,158.890839,1.500000,-0.600000,
141.988725,2,0.750000,0.000000,0.000000,0.000000,1.000000,0.000000,0.000000,0.000000,0.230000,547.315002,0.000000,0.000000,0.230000,158.953461,0.800000,0.300000,
142.029056,2,0.750000,0.000000,0.000000,0.000000,1.000000,0.000000,0.000000,0.000000,0.230000,547.357971,0.000000,0.000000,0.230000,158.966812,0.300000,1.600000,
142.070078,2,0.750000,0.000000,0.000000,0.000000,1.000000,0.000000,0.000000,0.000000,0.200000,547.396973,0.000000,0.000000,0.200000,158.979233,0.500000,2.400000,
142.109697,2,0.750000,0.000000,0.000000,0.000000,1.000000,0.000000,0.000000,0.000000,0.200000,547.440002,0.000000,0.000000,0.200000,159.010422,1.400000,2.000000,
142.150655,2,0.750000,0.000000,0.000000,0.000000,1.000000,0.000000,0.000000,0.000000,0.200000,547.471008,0.000000,0.000000,0.200000,158.868927,1.900000,1.700000,
142.189450,2,0.750000,0.000000,0.000000,0.000000,1.000000,0.000000,0.000000,0.000000,0.200000,547.510010,0.000000,0.000000,0.200000,158.583954,-1.900000,1.600000,
142.229473,2,0.750000,0.000000,0.000000,0.000000,1.000000,0.000000,0.000000,0.000000,0.200000,547.554993,0.000000,0.000000,0.200000,158.627289,-7.200000,1.600000,
142.270419,2,0.750000,0.000000,0.000000,0.000000,1.000000,0.000000,0.000000,0.000000,0.200000,547.596985,0.000000,0.000000,0.200000,159.151047,-4.100000,2.500000,
142.309262,2,0.750000,0.000000,0.000000,0.000000,1.000000,0.000000,0.000000,0.000000,0.200000,547.633972,0.000000,0.000000,0.200000,159.229034,-2.700000,2.100000,
142.349067,2,0.750000,0.000000,0.000000,0.000000,1.000000,0.000000,0.000000,0.000000,0.200000,547.674011,0.000000,0.000000,0.200000,159.194382,-2.500000,1.900000,
142.388924,2,0.750000,0.000000,0.000000,0.000000,1.000000,0.000000,0.000000,0.000000,0.200000,547.713989,0.000000,0.000000,0.200000,159.123367,-2.200000,2.800000,
142.428801,2,0.750000,0.000000,0.000000,0.000000,1.000000,0.000000,0.000000,0.000000,0.200000,547.755981,0.000000,0.000000,0.200000,159.109192,-1.200000,3.200000,
142.469598,2,0.750000,0.000000,0.000000,0.000000,1.000000,0.000000,0.000000,0.000000,0.230000,547.799011,0.000000,0.000000,0.230000,159.079697,-0.100000,2.700000,
142.509311,2,0.750000,0.000000,0.000000,0.000000,1.000000,0.000000,0.000000,0.000000,0.230000,547.838013,0.000000,0.000000,0.230000,158.999908,-2.600000,1.400000,
142.549579,2,0.750000,0.000000,0.000000,0.000000,1.000000,0.000000,0.000000,0.000000,0.230000,548.570007,0.000000,0.000000,0.230000,159.378616,-6.000000,1.900000,
142.589461,2,0.750000,0.000000,0.000000,0.000000,1.000000,0.000000,0.000000,0.000000,0.200000,548.270020,0.000000,0.000000,0.200000,159.567947,-3.100000,2.700000,
142.628473,2,0.750000,0.000000,0.000000,0.000000,1.000000,0.000000,0.000000,0.000000,0.200000,548.700012,0.000000,0.000000,0.200000,159.619980,-0.500000,3.000000,
142.669066,2,0.750000,0.000000,0.000000,0.000000,1.000000,0.000000,0.000000,0.000000,0.230000,547.992981,0.000000,0.000000,0.230000,159.559189,0.600000,2.800000,
142.709061,2,0.750000,0.000000,0.000000,0.000000,1.000000,0.000000,0.000000,0.000000,0.230000,548.036011,0.000000,0.000000,0.230000,159.377441,0.700000,2.600000,
142.749853,2,0.750000,0.000000,0.000000,0.000000,1.000000,0.000000,0.000000,0.000000,0.230000,548.077026,0.000000,0.000000,0.230000,159.091339,-1.500000,2.100000,
142.788510,2,0.750000,0.000000,0.000000,0.000000,1.000000,0.000000,0.000000,0.000000,0.200000,548.114990,0.000000,0.000000,0.200000,158.900879,-4.200000,2.300000,
142.828687,2,0.750000,0.000000,0.000000,0.000000,1.000000,0.000000,0.000000,0.000000,0.200000,548.158020,0.000000,0.000000,0.200000,159.045685,-2.500000,2.400000,
142.869463,2,0.750000,0.000000,0.000000,0.000000,1.000000,0.000000,0.000000,0.000000,0.200000,548.195007,0.000000,0.000000,0.200000,158.964081,-1.800000,2.400000,
142.909048,2,0.750000,0.000000,0.000000,0.000000,1.000000,0.000000,0.000000,0.000000,0.200000,548.236023,0.000000,0.000000,0.200000,158.787231,-1.700000,2.600000,
142.950396,2,0.750000,0.000000,0.000000,0.000000,1.000000,0.000000,0.000000,0.000000,0.200000,548.276001,0.000000,0.000000,0.200000,158.751480,-4.900000,2.400000,
142.989418,2,0.750000,0.000000,0.000000,0.000000,1.000000,0.000000,0.000000,0.000000,0.200000,548.315002,0.000000,0.000000,0.200000,159.373291,-8.300000,2.600000,
143.028793,2,0.750000,0.000000,0.000000,0.000000,1.000000,0.000000,0.000000,0.000000,0.200000,548.356018,0.000000,0.000000,0.200000,160.829361,-10.900000,2.200000,
143.069099,2,0.750000,0.000000,0.000000,0.000000,1.000000,0.000000,0.000000,0.000000,0.200000,548.396973,0.000000,0.000000,0.200000,161.188080,-8.800000,2.200000,
143.108240,2,0.750000,0.000000,0.000000,0.000000,1.000000,0.000000,0.000000,0.000000,0.200000,548.440002,0.000000,0.000000,0.200000,160.614746,-4.800000,2.500000,
143.149997,2,0.750000,0.000000,0.000000,0.000000,1.000000,0.000000,0.000000,0.000000,0.200000,548.479004,0.000000,0.000000,0.200000,160.343964,-3.000000,2.700000,
143.189491,2,0.750000,0.000000,0.000000,0.000000,1.000000,0.000000,0.000000,0.000000,0.200000,548.510986,0.000000,0.000000,0.200000,160.638199,-3.000000,2.900000,
143.228759,2,0.750000,0.000000,0.000000,0.000000,1.000000,0.000000,0.000000,0.000000,0.200000,548.551025,0.000000,0.000000,0.200000,160.968430,-4.500000,2.800000,
143.269772,2,0.750000,0.000000,0.000000,0.000000,1.000000,0.000000,0.000000,0.000000,0.200000,548.591980,0.000000,0.000000,0.200000,161.077820,-5.900000,2.500000,
143.308954,2,0.750000,0.000000,0.000000,0.000000,1.000000,0.000000,0.000000,0.000000,0.200000,548.632019,0.000000,0.000000,0.200000,161.095169,-5.900000,2.600000,
143.349651,2,0.750000,0.000000,0.000000,0.000000,1.000000,0.000000,0.000000,0.000000,0.200000,548.671997,0.000000,0.000000,0.200000,161.013519,-4.800000,2.700000,
143.388402,2,0.750000,0.000000,0.000000,0.000000,1.000000,0.000000,0.000000,0.000000,0.200000,548.710022,0.000000,0.000000,0.200000,160.854446,-4.200000,2.800000,
143.428201,2,0.750000,0.000000,0.000000,0.000000,1.000000,0.000000,0.000000,0.000000,0.200000,548.750000,0.000000,0.000000,0.200000,160.915237,-4.600000,2.700000,
143.468413,2,0.750000,0.000000,0.000000,0.000000,1.000000,0.000000,0.000000,0.000000,0.200000,548.789978,0.000000,0.000000,0.200000,161.102142,-5.300000,2.600000,
143.508705,2,0.750000,0.000000,0.000000,0.000000,1.000000,0.000000,0.000000,0.000000,0.200000,548.830994,0.000000,0.000000,0.200000,161.160812,-5.400000,2.700000,
143.550125,2,0.750000,0.000000,0.000000,0.000000,1.000000,0.000000,0.000000,0.000000,0.200000,549.070007,0.000000,0.000000,0.200000,161.041870,-4.900000,2.700000,
143.589233,2,0.750000,0.000000,0.000000,0.000000,1.000000,0.000000,0.000000,0.000000,0.200000,549.270020,0.000000,0.000000,0.200000,160.974426,-4.600000,2.700000,
143.628417,2,0.750000,0.000000,0.000000,0.000000,1.000000,0.000000,0.000000,0.000000,0.200000,549.679993,0.000000,0.000000,0.200000,161.053818,-4.800000,2.700000,
143.669197,2,0.750000,0.000000,0.000000,0.000000,1.000000,0.000000,0.000000,0.000000,0.200000,548.997009,0.000000,0.000000,0.200000,161.127472,-5.200000,2.700000,
143.709145,2,0.750000,0.000000,0.000000,0.000000,1.000000,0.000000,0.000000,0.000000,0.200000,549.039001,0.000000,0.000000,0.200000,161.166367,-5.100000,2.700000,
143.750276,2,0.750000,0.000000,0.000000,0.000000,1.000000,0.000000,0.000000,0.000000,0.200000,549.067017,0.000000,0.000000,0.200000,161.117676,-4.900000,2.700000,
143.789967,2,0.750000,0.000000,0.000000,0.000000,1.000000,0.000000,0.000000,0.000000,0.200000,549.117981,0.000000,0.000000,0.200000,161.088120,-4.800000,2.700000,
143.829243,2,0.750000,0.000000,0.000000,0.000000,1.000000,0.000000,0.000000,0.000000,0.200000,549.156982,0.000000,0.000000,0.200000,161.144531,-4.900000,2.700000,
143.869288,2,0.750000,0.000000,0.000000,0.000000,1.000000,0.000000,0.000000,0.000000,0.200000,549.197021,0.000000,0.000000,0.200000,161.203217,-5.100000,2.700000,
143.909324,2,0.750000,0.000000,0.000000,0.000000,1.000000,0.000000,0.000000,0.000000,0.200000,549.231995,0.000000,0.000000,0.200000,161.205292,-5.000000,2.700000,
143.951434,2,0.750000,0.000000,0.000000,0.000000,1.000000,0.000000,0.000000,0.000000,0.200000,549.273987,0.000000,0.000000,0.200000,161.190765,-4.900000,2.700000,
143.990257,2,0.750000,0.000000,0.000000,0.000000,1.000000,0.000000,0.000000,0.000000,0.200000,549.315002,0.000000,0.000000,0.200000,161.200165,-4.900000,2.700000,
144.029975,2,0.750000,0.000000,0.000000,0.000000,1.000000,0.000000,0.000000,0.000000,0.200000,549.357971,0.000000,0.000000,0.200000,161.240204,-5.000000,2.700000,
144.068861,2,0.750000,0.000000,0.000000,0.000000,1.000000,0.000000,0.000000,0.000000,0.200000,549.390991,0.000000,0.000000,0.200000,161.270645,-5.000000,2.700000,
144.109961,2,0.750000,0.000000,0.000000,0.000000,1.000000,0.000000,0.000000,0.000000,0.200000,549.434021,0.000000,0.000000,0.200000,161.293884,-4.900000,2.700000,
144.152166,2,0.750000,0.000000,0.000000,0.000000,1.000000,0.000000,0.000000,0.000000,0.200000,549.473022,0.000000,0.000000,0.200000,161.299789,-4.900000,2.700000,
144.189649,2,0.750000,0.000000,0.000000,0.000000,1.000000,0.000000,0.000000,0.000000,0.200000,549.517029,0.000000,0.000000,0.200000,161.329315,-4.900000,2.600000,
144.230435,2,0.750000,0.000000,0.000000,0.000000,1.000000,0.000000,0.000000,0.000000,0.200000,549.549988,0.000000,0.000000,0.200000,161.361023,-4.900000,2.600000,
144.270474,2,0.750000,0.000000,0.000000,0.000000,1.000000,0.000000,0.000000,0.000000,0.200000,549.598022,0.000000,0.000000,0.200000,161.381042,-4.900000,2.600000,
144.310127,2,0.750000,0.000000,0.000000,0.000000,1.000000,0.000000,0.000000,0.000000,0.200000,549.632019,0.000000,0.000000,0.200000,161.393463,-4.900000,2.600000,
144.352089,2,0.750000,0.000000,0.000000,0.000000,1.000000,0.000000,0.000000,0.000000,0.200000,549.674988,0.000000,0.000000,0.200000,161.421951,-4.900000,2.600000,
144.390518,2,0.750000,0.000000,0.000000,0.000000,1.000000,0.000000,0.000000,0.000000,0.200000,549.718994,0.000000,0.000000,0.200000,161.451126,-4.900000,2.600000,
144.429216,2,0.750000,0.000000,0.000000,0.000000,1.000000,0.000000,0.000000,0.000000,0.200000,549.760010,0.000000,0.000000,0.200000,161.468277,-4.900000,2.600000,
144.469489,2,0.750000,0.000000,0.000000,0.000000,1.000000,0.000000,0.000000,0.000000,0.200000,549.791992,0.000000,0.000000,0.200000,161.498398,-4.900000,2.600000,
144.509539,2,0.750000,0.000000,0.000000,0.000000,1.000000,0.000000,0.000000,0.000000,0.200000,549.831970,0.000000,0.000000,0.200000,161.508118,-4.900000,2.600000,
144.548896,2,0.750000,0.000000,0.000000,0.000000,1.000000,0.000000,0.000000,0.000000,0.200000,550.369995,0.000000,0.000000,0.200000,161.534943,-4.900000,2.600000,
144.588822,2,0.750000,0.000000,0.000000,0.000000,1.000000,0.000000,0.000000,0.000000,0.200000,550.289978,0.000000,0.000000,0.200000,161.565964,-4.900000,2.600000,
144.628459,2,0.750000,0.000000,0.000000,0.000000,1.000000,0.000000,0.000000,0.000000,0.200000,550.700012,0.000000,0.000000,0.200000,161.594696,-4.900000,2.600000,
144.669353,2,0.750000,0.000000,0.000000,0.000000,1.000000,0.000000,0.000000,0.000000,0.200000,549.992981,0.000000,0.000000,0.200000,161.611481,-4.900000,2.600000,
144.708722,2,0.750000,0.000000,0.000000,0.000000,1.000000,0.000000,0.000000,0.000000,0.200000,550.031982,0.000000,0.000000,0.200000,161.631638,-4.900000,2.600000,
144.749720,2,0.750000,0.000000,0.000000,0.000000,1.000000,0.000000,0.000000,0.000000,0.200000,550.072998,0.000000,0.000000,0.200000,161.657654,-4.900000,2.600000,
144.789668,2,0.750000,0.000000,0.000000,0.000000,1.000000,0.000000,0.000000,0.000000,0.200000,550.111023,0.000000,0.000000,0.200000,161.685165,-4.900000,2.600000,
144.829693,2,0.750000,0.000000,0.000000,0.000000,1.000000,0.000000,0.000000,0.000000,0.200000,550.153015,0.000000,0.000000,0.200000,161.706253,-4.900000,2.600000,
144.868813,2,0.750000,0.000000,0.000000,0.000000,1.000000,0.000000,0.000000,0.000000,0.200000,550.192017,0.000000,0.000000,0.200000,161.730942,-4.900000,2.600000,
144.908899,2,0.750000,0.000000,0.000000,0.000000,1.000000,0.000000,0.000000,0.000000,0.200000,550.232971,0.000000,0.000000,0.200000,161.758591,-4.900000,2.600000,
144.950733,2,0.750000,0.000000,0.000000,0.000000,1.000000,0.000000,0.000000,0.000000,0.200000,550.273987,0.000000,0.000000,0.200000,161.782440,-4.900000,2.600000,
144.989113,2,0.750000,0.000000,0.000000,0.000000,1.000000,0.000000,0.000000,0.000000,0.200000,550.312012,0.000000,0.000000,0.200000,161.805710,-4.900000,2.600000,
145.029003,2,0.750000,0.000000,0.000000,0.000000,1.000000,0.000000,0.000000,0.000000,0.200000,550.353027,0.000000,0.000000,0.200000,161.828232,-4.900000,2.600000,
145.068952,2,0.750000,0.000000,0.000000,0.000000,1.000000,0.000000,0.000000,0.000000,0.200000,550.393005,0.000000,0.000000,0.200000,161.850876,-4.900000,2.600000,
145.108545,2,0.750000,0.000000,0.000000,0.000000,1.000000,0.000000,0.000000,0.000000,0.200000,550.432983,0.000000,0.000000,0.200000,161.876892,-4.900000,2.600000,
145.149530,2,0.750000,0.000000,0.000000,0.000000,1.000000,0.000000,0.000000,0.000000,0.200000,550.474976,0.000000,0.000000,0.200000,161.901657,-4.900000,2.600000,
145.188594,2,0.750000,0.000000,0.000000,0.000000,1.000000,0.000000,0.000000,0.000000,0.200000,550.513977,0.000000,0.000000,0.200000,161.926758,-4.900000,2.600000,
145.228964,2,0.750000,0.000000,0.000000,0.000000,1.000000,0.000000,0.000000,0.000000,0.200000,550.556030,0.000000,0.000000,0.200000,161.955917,-4.900000,2.600000,
145.269233,2,0.750000,0.000000,0.000000,0.000000,1.000000,0.000000,0.000000,0.000000,0.200000,550.593994,0.000000,0.000000,0.200000,161.985916,-5.000000,2.600000,
145.309426,2,0.750000,0.000000,0.000000,0.000000,1.000000,0.000000,0.000000,0.000000,0.200000,550.633972,0.000000,0.000000,0.200000,162.009796,-5.000000,2.700000,
145.350046,2,0.750000,0.000000,0.000000,0.000000,1.000000,0.000000,0.000000,0.000000,0.200000,550.677002,0.000000,0.000000,0.200000,162.031403,-5.000000,2.600000,
145.389414,2,0.750000,0.000000,0.000000,0.000000,1.000000,0.000000,0.000000,0.000000,0.200000,550.718994,0.000000,0.000000,0.200000,162.063217,-5.000000,2.700000,
145.428765,2,0.750000,0.000000,0.000000,0.000000,1.000000,0.000000,0.000000,0.000000,0.200000,550.757019,0.000000,0.000000,0.200000,162.084351,-5.000000,2.700000,
145.469114,2,0.750000,0.000000,0.000000,0.000000,1.000000,0.000000,0.000000,0.000000,0.200000,550.796997,0.000000,0.000000,0.200000,162.111313,-5.000000,2.700000,
145.508576,2,0.750000,0.000000,0.000000,0.000000,1.000000,0.000000,0.000000,0.000000,0.200000,550.838989,0.000000,0.000000,0.200000,162.137802,-5.000000,2.700000,
145.549576,2,0.750000,0.000000,0.000000,0.000000,1.000000,0.000000,0.000000,0.000000,0.200000,551.570007,0.000000,0.000000,0.200000,162.152908,-5.000000,2.700000,
145.589060,2,0.750000,0.000000,0.000000,0.000000,1.000000,0.000000,0.000000,0.000000,0.200000,551.369995,0.000000,0.000000,0.200000,162.186844,-5.000000,2.700000,
145.628500,2,0.750000,0.000000,0.000000,0.000000,1.000000,0.000000,0.000000,0.000000,0.200000,551.690002,0.000000,0.000000,0.200000,162.201843,-5.000000,2.700000,
145.669274,2,0.750000,0.000000,0.000000,0.000000,1.000000,0.000000,0.000000,0.000000,0.200000,550.989014,0.000000,0.000000,0.200000,162.231857,-5.000000,2.700000,
145.709261,2,0.750000,0.000000,0.000000,0.000000,1.000000,0.000000,0.000000,0.000000,0.200000,551.031006,0.000000,0.000000,0.200000,162.254807,-5.000000,2.700000,
145.749687,2,0.750000,0.000000,0.000000,0.000000,1.000000,0.000000,0.000000,0.000000,0.200000,551.072021,0.000000,0.000000,0.200000,162.272064,-5.000000,2.700000,
145.789466,2,0.750000,0.000000,0.000000,0.000000,1.000000,0.000000,0.000000,0.000000,0.200000,551.109009,0.000000,0.000000,0.200000,162.304657,-5.000000,2.700000,
145.829086,2,0.750000,0.000000,0.000000,0.000000,1.000000,0.000000,0.000000,0.000000,0.200000,551.150024,0.000000,0.000000,0.200000,162.321899,-5.000000,2.700000,
145.868500,2,0.750000,0.000000,0.000000,0.000000,1.000000,0.000000,0.000000,0.000000,0.200000,551.190002,0.000000,0.000000,0.200000,162.341614,-5.000000,2.700000,
145.908847,2,0.750000,0.000000,0.000000,0.000000,1.000000,0.000000,0.000000,0.000000,0.200000,551.229980,0.000000,0.000000,0.200000,162.370682,-5.100000,2.700000,
145.949969,2,0.750000,0.000000,0.000000,0.000000,1.000000,0.000000,0.000000,0.000000,0.200000,551.271973,0.000000,0.000000,0.200000,162.386047,-5.100000,2.700000,
145.988826,2,0.750000,0.000000,0.000000,0.000000,1.000000,0.000000,0.000000,0.000000,0.200000,551.312988,0.000000,0.000000,0.200000,162.412888,-5.100000,2.700000,
146.028379,2,0.750000,0.000000,0.000000,0.000000,1.000000,0.000000,0.000000,0.000000,0.200000,551.354004,0.000000,0.000000,0.200000,162.442291,-5.100000,2.700000,
146.069194,2,0.750000,0.000000,0.000000,0.000000,1.000000,0.000000,0.000000,0.000000,0.200000,551.395020,0.000000,0.000000,0.200000,162.460007,-5.100000,2.700000,
146.109253,2,0.750000,0.000000,0.000000,0.000000,1.000000,0.000000,0.000000,0.000000,0.200000,551.437012,0.000000,0.000000,0.200000,162.476639,-5.100000,2.700000,
146.149659,2,0.750000,0.000000,0.000000,0.000000,1.000000,0.000000,0.000000,0.000000,0.200000,551.466003,0.000000,0.000000,0.200000,162.499100,-5.100000,2.700000,
146.189948,2,0.750000,0.000000,0.000000,0.000000,1.000000,0.000000,0.000000,0.000000,0.200000,551.515015,0.000000,0.000000,0.200000,162.532730,-5.100000,2.700000,
146.228745,2,0.750000,0.000000,0.000000,0.000000,1.000000,0.000000,0.000000,0.000000,0.200000,551.556030,0.000000,0.000000,0.200000,162.555405,-5.100000,2.700000,
146.268607,2,0.750000,0.000000,0.000000,0.000000,1.000000,0.000000,0.000000,0.000000,0.200000,551.596008,0.000000,0.000000,0.200000,162.574188,-5.100000,2.700000,
146.308968,2,0.750000,0.000000,0.000000,0.000000,1.000000,0.000000,0.000000,0.000000,0.200000,551.635986,0.000000,0.000000,0.200000,162.591934,-5.100000,2.700000,
146.350079,2,0.750000,0.000000,0.000000,0.000000,1.000000,0.000000,0.000000,0.000000,0.200000,551.677002,0.000000,0.000000,0.200000,162.624146,-5.100000,2.700000,
146.389009,2,0.750000,0.000000,0.000000,0.000000,1.000000,0.000000,0.000000,0.000000,0.200000,551.716003,0.000000,0.000000,0.200000,162.642426,-5.100000,2.700000,
146.428586,2,0.750000,0.000000,0.000000,0.000000,1.000000,0.000000,0.000000,0.000000,0.200000,551.755981,0.000000,0.000000,0.200000,162.669952,-5.100000,2.700000,
146.468909,2,0.750000,0.000000,0.000000,0.000000,1.000000,0.000000,0.000000,0.000000,0.200000,551.796997,0.000000,0.000000,0.200000,162.688995,-5.100000,2.700000,
146.508339,2,0.750000,0.000000,0.000000,0.000000,1.000000,0.000000,0.000000,0.000000,0.200000,551.838989,0.000000,0.000000,0.200000,162.708252,-5.100000,2.700000,
146.550467,2,0.750000,0.000000,0.000000,0.000000,1.000000,0.000000,0.000000,0.000000,0.200000,551.979980,0.000000,0.000000,0.200000,162.731186,-5.200000,2.700000,
146.590282,2,0.750000,0.000000,0.000000,0.000000,1.000000,0.000000,0.000000,0.000000,0.200000,552.359985,0.000000,0.000000,0.200000,162.753860,-5.200000,2.700000,
146.628584,2,0.750000,0.000000,0.000000,0.000000,1.000000,0.000000,0.000000,0.000000,0.200000,552.750000,0.000000,0.000000,0.200000,162.778229,-5.200000,2.700000,
146.668813,2,0.750000,0.000000,0.000000,0.000000,1.000000,0.000000,0.000000,0.000000,0.200000,551.987976,0.000000,0.000000,0.200000,162.800919,-5.200000,2.700000,
146.769500,2,0.750000,0.000000,0.000000,0.000000,1.000000,0.000000,0.000000,0.000000,0.200000,552.081970,0.000000,0.000000,0.200000,162.844193,-5.200000,2.700000,
146.782809,2,0.750000,0.000000,0.000000,0.000000,1.000000,0.000000,0.000000,0.000000,0.200000,552.109009,0.000000,0.000000,0.200000,162.857330,-5.200000,2.700000,
146.818745,2,0.750000,0.000000,0.000000,0.000000,1.000000,0.000000,0.000000,0.000000,0.200000,552.142029,0.000000,0.000000,0.200000,162.881012,-5.200000,2.700000,
146.859131,2,0.750000,0.000000,0.000000,0.000000,1.000000,0.000000,0.000000,0.000000,0.200000,552.182007,0.000000,0.000000,0.200000,162.900101,-5.200000,2.700000,
146.897941,2,0.750000,0.000000,0.000000,0.000000,1.000000,0.000000,0.000000,0.000000,0.200000,552.228027,0.000000,0.000000,0.200000,162.923950,-5.200000,2.700000,
146.939149,2,0.750000,0.000000,0.000000,0.000000,1.000000,0.000000,0.000000,0.000000,0.200000,552.270020,0.000000,0.000000,0.200000,162.959732,-5.200000,2.700000,
146.977879,2,0.750000,0.000000,0.000000,0.000000,1.000000,0.000000,0.000000,0.000000,0.200000,552.299011,0.000000,0.000000,0.200000,162.971848,-5.200000,2.700000,
147.019192,2,0.750000,0.000000,0.000000,0.000000,1.000000,0.000000,0.000000,0.000000,0.200000,552.340027,0.000000,0.000000,0.200000,162.990540,-5.200000,2.700000,
147.058329,2,0.750000,0.000000,0.000000,0.000000,1.000000,0.000000,0.000000,0.000000,0.200000,552.380005,0.000000,0.000000,0.200000,163.004730,-5.200000,2.700000,
147.100152,2,0.750000,0.000000,0.000000,0.000000,1.000000,0.000000,0.000000,0.000000,0.200000,552.421997,0.000000,0.000000,0.200000,163.026428,-5.200000,2.700000,
147.138059,2,0.750000,0.000000,0.000000,0.000000,1.000000,0.000000,0.000000,0.000000,0.200000,552.465027,0.000000,0.000000,0.200000,163.049118,-5.200000,2.700000,
147.178936,2,0.750000,0.000000,0.000000,0.000000,1.000000,0.000000,0.000000,0.000000,0.200000,552.507019,0.000000,0.000000,0.200000,163.064743,-5.200000,2.700000,
147.218326,2,0.750000,0.000000,0.000000,0.000000,1.000000,0.000000,0.000000,0.000000,0.200000,552.546021,0.000000,0.000000,0.200000,163.096405,-5.200000,2.700000,
147.258302,2,0.750000,0.000000,0.000000,0.000000,1.000000,0.000000,0.000000,0.000000,0.200000,552.586975,0.000000,0.000000,0.200000,163.126419,-5.200000,2.700000,
147.298564,2,0.750000,0.000000,0.000000,0.000000,1.000000,0.000000,0.000000,0.000000,0.200000,552.625977,0.000000,0.000000,0.200000,163.140457,-5.200000,2.700000,
147.339055,2,0.750000,0.000000,0.000000,0.000000,1.000000,0.000000,0.000000,0.000000,0.200000,552.666992,0.000000,0.000000,0.200000,163.170502,-5.200000,2.700000,
147.379344,2,0.750000,0.000000,0.000000,0.000000,1.000000,0.000000,0.000000,0.000000,0.200000,552.705994,0.000000,0.000000,0.200000,163.184845,-5.200000,2.700000,
147.418981,2,0.750000,0.000000,0.000000,0.000000,1.000000,0.000000,0.000000,0.000000,0.200000,552.747009,0.000000,0.000000,0.200000,163.203506,-5.200000,2.700000,
147.459372,2,0.750000,0.000000,0.000000,0.000000,1.000000,0.000000,0.000000,0.000000,0.200000,552.786987,0.000000,0.000000,0.200000,163.236282,-5.200000,2.700000,
147.499958,2,0.750000,0.000000,0.000000,0.000000,1.000000,0.000000,0.000000,0.000000,0.200000,552.828003,0.000000,0.000000,0.200000,163.241013,-5.200000,2.700000,
147.538351,2,0.750000,0.000000,0.000000,0.000000,1.000000,0.000000,0.000000,0.000000,0.200000,552.969971,0.000000,0.000000,0.200000,163.268646,-5.200000,2.700000,
147.577960,2,0.750000,0.000000,0.000000,0.000000,1.000000,0.000000,0.000000,0.000000,0.200000,553.140015,0.000000,0.000000,0.200000,163.278641,-5.200000,2.700000,
147.618243,2,0.750000,0.000000,0.000000,0.000000,1.000000,0.000000,0.000000,0.000000,0.200000,553.650024,0.000000,0.000000,0.200000,163.310486,-5.200000,2.700000,
147.657787,2,0.750000,0.000000,0.000000,0.000000,1.000000,0.000000,0.000000,0.000000,0.200000,552.981018,0.000000,0.000000,0.200000,163.322327,-5.200000,2.700000,
147.700204,2,0.750000,0.000000,0.000000,0.000000,1.000000,0.000000,0.000000,0.000000,0.200000,553.020996,0.000000,0.000000,0.200000,163.334167,-5.200000,2.700000,
147.738551,2,0.750000,0.000000,0.000000,0.000000,1.000000,0.000000,0.000000,0.000000,0.200000,553.059021,0.000000,0.000000,0.200000,163.360031,-5.200000,2.700000,
147.777856,2,0.750000,0.000000,0.000000,0.000000,1.000000,0.000000,0.000000,0.000000,0.200000,553.101013,0.000000,0.000000,0.200000,163.384338,-5.200000,2.700000,
147.818079,2,0.750000,0.000000,0.000000,0.000000,1.000000,0.000000,0.000000,0.000000,0.200000,553.140991,0.000000,0.000000,0.200000,163.399353,-5.300000,2.700000,
147.857757,2,0.750000,0.000000,0.000000,0.000000,1.000000,0.000000,0.000000,0.000000,0.200000,553.181030,0.000000,0.000000,0.200000,163.413330,-5.300000,2.700000,
147.900387,2,0.750000,0.000000,0.000000,0.000000,1.000000,0.000000,0.000000,0.000000,0.200000,553.221985,0.000000,0.000000,0.200000,163.439331,-5.300000,2.700000,
147.938709,2,0.750000,0.000000,0.000000,0.000000,1.000000,0.000000,0.000000,0.000000,0.200000,553.260986,0.000000,0.000000,0.200000,163.461731,-5.300000,2.700000,
147.977712,2,0.750000,0.000000,0.000000,0.000000,1.000000,0.000000,0.000000,0.000000,0.200000,553.302002,0.000000,0.000000,0.200000,163.487045,-5.300000,2.700000,
148.017816,2,0.750000,0.000000,0.000000,0.000000,1.000000,0.000000,0.000000,0.000000,0.200000,553.341003,0.000000,0.000000,0.200000,163.496201,-5.300000,2.700000,
148.058051,2,0.750000,0.000000,0.000000,0.000000,1.000000,0.000000,0.000000,0.000000,0.200000,553.380981,0.000000,0.000000,0.200000,163.515503,-5.300000,2.700000,
148.099330,2,0.750000,0.000000,0.000000,0.000000,1.000000,0.000000,0.000000,0.000000,0.200000,553.421997,0.000000,0.000000,0.200000,163.537628,-5.300000,2.700000,
148.138391,2,0.750000,0.000000,0.000000,0.000000,1.000000,0.000000,0.000000,0.000000,0.200000,553.460999,0.000000,0.000000,0.200000,163.559311,-5.300000,2.700000,
148.177445,2,0.750000,0.000000,0.000000,0.000000,1.000000,0.000000,0.000000,0.000000,0.200000,553.502014,0.000000,0.000000,0.200000,163.569153,-5.300000,2.700000,
148.217876,2,0.750000,0.000000,0.000000,0.000000,1.000000,0.000000,0.000000,0.000000,0.200000,553.544983,0.000000,0.000000,0.200000,163.584869,-5.300000,2.700000,
148.258172,2,0.750000,0.000000,0.000000,0.000000,1.000000,0.000000,0.000000,0.000000,0.200000,553.588013,0.000000,0.000000,0.200000,163.614410,-5.300000,2.700000,
148.298527,2,0.750000,0.000000,0.000000,0.000000,1.000000,0.000000,0.000000,0.000000,0.200000,553.629028,0.000000,0.000000,0.200000,163.637161,-5.300000,2.800000,
148.338365,2,0.750000,0.000000,0.000000,0.000000,1.000000,0.000000,0.000000,0.000000,0.200000,553.668030,0.000000,0.000000,0.200000,163.657700,-5.300000,2.800000,
148.382583,2,0.750000,0.000000,0.000000,0.000000,1.000000,0.000000,0.000000,0.000000,0.200000,553.702026,0.000000,0.000000,0.200000,163.668015,-5.300000,2.800000,
148.418845,2,0.750000,0.000000,0.000000,0.000000,1.000000,0.000000,0.000000,0.000000,0.200000,553.742004,0.000000,0.000000,0.200000,163.682129,-5.300000,2.800000,
148.457781,2,0.750000,0.000000,0.000000,0.000000,1.000000,0.000000,0.000000,0.000000,0.200000,553.781982,0.000000,0.000000,0.200000,163.698074,-5.300000,2.800000,
148.500696,2,0.750000,0.000000,0.000000,0.000000,1.000000,0.000000,0.000000,0.000000,0.200000,553.822021,0.000000,0.000000,0.200000,163.721939,-5.300000,2.800000,
148.537924,2,0.750000,0.000000,0.000000,0.000000,1.000000,0.000000,0.000000,0.000000,0.200000,553.862976,0.000000,0.000000,0.200000,163.743988,-5.300000,2.700000,
148.578091,2,0.750000,0.000000,0.000000,0.000000,1.000000,0.000000,0.000000,0.000000,0.200000,554.219971,0.000000,0.000000,0.200000,163.763077,-5.300000,2.700000,
148.618444,2,0.750000,0.000000,0.000000,0.000000,1.000000,0.000000,0.000000,0.000000,0.200000,554.590027,0.000000,0.000000,0.200000,163.779053,-5.300000,2.700000,
148.658586,2,0.750000,0.000000,0.000000,0.000000,1.000000,0.000000,0.000000,0.000000,0.200000,553.982971,0.000000,0.000000,0.200000,163.790802,-5.300000,2.700000,
148.699490,2,0.750000,0.000000,0.000000,0.000000,1.000000,0.000000,0.000000,0.000000,0.200000,554.023987,0.000000,0.000000,0.200000,163.808746,-5.300000,2.700000,
148.737936,2,0.750000,0.000000,0.000000,0.000000,1.000000,0.000000,0.000000,0.000000,0.200000,554.062988,0.000000,0.000000,0.200000,163.837372,-5.300000,2.800000,
148.778794,2,0.750000,0.000000,0.000000,0.000000,1.000000,0.000000,0.000000,0.000000,0.200000,554.107971,0.000000,0.000000,0.200000,163.858932,-5.300000,2.800000,
148.818049,2,0.750000,0.000000,0.000000,0.000000,1.000000,0.000000,0.000000,0.000000,0.200000,554.146973,0.000000,0.000000,0.200000,163.881958,-5.300000,2.800000,
148.857813,2,0.750000,0.000000,0.000000,0.000000,1.000000,0.000000,0.000000,0.000000,0.200000,554.187988,0.000000,0.000000,0.200000,163.905212,-5.300000,2.800000,
148.898925,2,0.750000,0.000000,0.000000,0.000000,1.000000,0.000000,0.000000,0.000000,0.200000,554.228027,0.000000,0.000000,0.200000,163.902908,-5.300000,2.800000,
148.937950,2,0.750000,0.000000,0.000000,0.000000,1.000000,0.000000,0.000000,0.000000,0.200000,554.267029,0.000000,0.000000,0.200000,163.923859,-5.300000,2.800000,
148.978345,2,0.750000,0.000000,0.000000,0.000000,1.000000,0.000000,0.000000,0.000000,0.200000,554.307983,0.000000,0.000000,0.200000,163.949158,-5.300000,2.800000,
149.018372,2,0.750000,0.000000,0.000000,0.000000,1.000000,0.000000,0.000000,0.000000,0.200000,554.346985,0.000000,0.000000,0.200000,163.979218,-5.300000,2.800000,
149.058441,2,0.750000,0.000000,0.000000,0.000000,1.000000,0.000000,0.000000,0.000000,0.200000,554.390015,0.000000,0.000000,0.200000,163.993927,-5.300000,2.800000,
149.099888,2,0.750000,0.000000,0.000000,0.000000,1.000000,0.000000,0.000000,0.000000,0.200000,554.427979,0.000000,0.000000,0.200000,164.015884,-5.300000,2.800000,
149.138691,2,0.750000,0.000000,0.000000,0.000000,1.000000,0.000000,0.000000,0.000000,0.200000,554.460022,0.000000,0.000000,0.200000,164.017761,-5.300000,2.800000,
149.184004,2,0.750000,0.000000,0.000000,0.000000,1.000000,0.000000,0.000000,0.000000,0.200000,554.500000,0.000000,0.000000,0.200000,164.043549,-5.300000,2.800000,
149.219852,2,0.750000,0.000000,0.000000,0.000000,1.000000,0.000000,0.000000,0.000000,0.200000,554.543030,0.000000,0.000000,0.200000,164.043350,-5.300000,2.800000,
149.258959,2,0.750000,0.000000,0.000000,0.000000,1.000000,0.000000,0.000000,0.000000,0.200000,554.583008,0.000000,0.000000,0.200000,164.043350,-5.300000,2.800000,
149.299214,2,0.750000,0.000000,0.000000,0.000000,1.000000,0.000000,0.000000,0.000000,0.200000,554.625977,0.000000,0.000000,0.200000,164.106476,-5.300000,2.800000,
149.338107,2,0.750000,0.000000,0.000000,0.000000,1.000000,0.000000,0.000000,0.000000,0.200000,554.664001,0.000000,0.000000,0.200000,164.118515,-5.300000,2.800000,
149.386937,2,0.750000,0.000000,0.000000,0.000000,1.000000,0.000000,0.000000,0.000000,0.200000,554.705994,0.000000,0.000000,0.200000,164.132553,-5.300000,2.800000,
149.418536,2,0.750000,0.000000,0.000000,0.000000,1.000000,0.000000,0.000000,0.000000,0.200000,554.741028,0.000000,0.000000,0.200000,164.152802,-5.300000,2.800000,
149.457781,2,0.750000,0.000000,0.000000,0.000000,1.000000,0.000000,0.000000,0.000000,0.200000,554.781982,0.000000,0.000000,0.200000,164.171036,-5.300000,2.800000,
149.500012,2,0.750000,0.000000,0.000000,0.000000,1.000000,0.000000,0.000000,0.000000,0.200000,554.822998,0.000000,0.000000,0.200000,164.184586,-5.300000,2.800000,
149.539002,2,0.750000,0.000000,0.000000,0.000000,1.000000,0.000000,0.000000,0.000000,0.200000,554.862000,0.000000,0.000000,0.200000,164.196838,-5.300000,2.800000,
149.578956,2,0.750000,0.000000,0.000000,0.000000,1.000000,0.000000,0.000000,0.000000,0.200000,555.219971,0.000000,0.000000,0.200000,164.233307,-5.300000,2.800000,
149.618089,2,0.750000,0.000000,0.000000,0.000000,1.000000,0.000000,0.000000,0.000000,0.200000,555.630005,0.000000,0.000000,0.200000,164.245239,-5.300000,2.800000,
149.658347,2,0.750000,0.000000,0.000000,0.000000,1.000000,0.000000,0.000000,0.000000,0.200000,554.987000,0.000000,0.000000,0.200000,164.259888,-5.300000,2.800000,
149.699653,2,0.750000,0.000000,0.000000,0.000000,1.000000,0.000000,0.000000,0.000000,0.200000,555.026001,0.000000,0.000000,0.200000,164.281982,-5.300000,2.800000,
149.738233,2,0.750000,0.000000,0.000000,0.000000,1.000000,0.000000,0.000000,0.000000,0.200000,555.068970,0.000000,0.000000,0.200000,164.302353,-5.300000,2.800000,
149.779382,2,0.750000,0.000000,0.000000,0.000000,1.000000,0.000000,0.000000,0.000000,0.200000,555.109009,0.000000,0.000000,0.200000,164.318222,-5.300000,2.800000,
149.823918,2,0.750000,0.000000,0.000000,0.000000,1.000000,0.000000,0.000000,0.000000,0.200000,555.140991,0.000000,0.000000,0.200000,164.317276,-5.300000,2.800000,
149.859478,2,0.750000,0.000000,0.000000,0.000000,1.000000,0.000000,0.000000,0.000000,0.200000,555.184998,0.000000,0.000000,0.200000,164.341568,-5.300000,2.800000,
149.899410,2,0.750000,0.000000,0.000000,0.000000,1.000000,0.000000,0.000000,0.000000,0.200000,555.226990,0.000000,0.000000,0.200000,164.356659,-5.300000,2.800000,
149.938924,2,0.750000,0.000000,0.000000,0.000000,1.000000,0.000000,0.000000,0.000000,0.200000,555.268005,0.000000,0.000000,0.200000,164.377243,-5.300000,2.800000,
149.978698,2,0.750000,0.000000,0.000000,0.000000,1.000000,0.000000,0.000000,0.000000,0.200000,555.299988,0.000000,0.000000,0.200000,164.397324,-5.300000,2.800000,
150.019194,2,0.750000,0.000000,0.000000,0.000000,1.000000,0.000000,0.000000,0.000000,0.200000,555.348022,0.000000,0.000000,0.200000,164.421326,-5.300000,2.800000,
150.064144,2,0.750000,0.000000,0.000000,0.000000,1.000000,0.000000,0.000000,0.000000,0.200000,555.380981,0.000000,0.000000,0.200000,164.419250,-5.300000,2.800000,
150.099812,2,0.750000,0.000000,0.000000,0.000000,1.000000,0.000000,0.000000,0.000000,0.200000,555.427002,0.000000,0.000000,0.200000,164.437408,-5.300000,2.800000,
150.138602,2,0.750000,0.000000,0.000000,0.000000,1.000000,0.000000,0.000000,0.000000,0.200000,555.463013,0.000000,0.000000,0.200000,164.459259,-5.300000,2.800000,
150.179911,2,0.750000,0.000000,0.000000,0.000000,1.000000,0.000000,0.000000,0.000000,0.200000,555.505981,0.000000,0.000000,0.200000,164.482239,-5.300000,2.800000,
150.219471,2,0.750000,0.000000,0.000000,0.000000,1.000000,0.000000,0.000000,0.000000,0.200000,555.541016,0.000000,0.000000,0.200000,164.502197,-5.300000,2.800000,
150.263583,2,0.750000,0.000000,0.000000,0.000000,1.000000,0.000000,0.000000,0.000000,0.200000,555.581970,0.000000,0.000000,0.200000,164.509079,-5.300000,2.800000,
150.300110,2,0.750000,0.000000,0.000000,0.000000,1.000000,0.000000,0.000000,0.000000,0.200000,555.625977,0.000000,0.000000,0.200000,164.523270,-5.300000,2.800000,
150.339212,2,0.750000,0.000000,0.000000,0.000000,1.000000,0.000000,0.000000,0.000000,0.200000,555.658997,0.000000,0.000000,0.200000,164.539505,-5.300000,2.800000,
150.378731,2,0.750000,0.000000,0.000000,0.000000,1.000000,0.000000,0.000000,0.000000,0.200000,555.703979,0.000000,0.000000,0.200000,164.561539,-5.300000,2.800000,
150.420878,2,0.750000,0.000000,0.000000,0.000000,1.000000,0.000000,0.000000,0.000000,0.200000,555.747986,0.000000,0.000000,0.200000,164.579102,-5.300000,2.800000,
150.459057,2,0.750000,0.000000,0.000000,0.000000,1.000000,0.000000,0.000000,0.000000,0.200000,555.783020,0.000000,0.000000,0.200000,164.598526,-5.300000,2.800000,
150.500400,2,0.750000,0.000000,0.000000,0.000000,1.000000,0.000000,0.000000,0.000000,0.200000,555.828979,0.000000,0.000000,0.200000,164.614502,-5.300000,2.800000,
150.538985,2,0.750000,0.000000,0.000000,0.000000,1.000000,0.000000,0.000000,0.000000,0.200000,555.853027,0.000000,0.000000,0.200000,164.624542,-5.300000,2.800000,
150.579617,2,0.750000,0.000000,0.000000,0.000000,1.000000,0.000000,0.000000,0.000000,0.200000,556.229980,0.000000,0.000000,0.200000,164.656891,-5.300000,2.800000,
150.618860,2,0.750000,0.000000,0.000000,0.000000,1.000000,0.000000,0.000000,0.000000,0.200000,556.650024,0.000000,0.000000,0.200000,164.673096,-5.300000,2.800000,
150.658049,2,0.750000,0.000000,0.000000,0.000000,1.000000,0.000000,0.000000,0.000000,0.200000,555.987976,0.000000,0.000000,0.200000,164.678391,-5.300000,2.800000,
150.701260,2,0.750000,0.000000,0.000000,0.000000,1.000000,0.000000,0.000000,0.000000,0.200000,556.026978,0.000000,0.000000,0.200000,164.698639,-5.300000,2.800000,
150.738443,2,0.750000,0.000000,0.000000,0.000000,1.000000,0.000000,0.000000,0.000000,0.200000,556.064026,0.000000,0.000000,0.200000,164.717346,-5.300000,2.800000,
150.778848,2,0.750000,0.000000,0.000000,0.000000,1.000000,0.000000,0.000000,0.000000,0.200000,556.104004,0.000000,0.000000,0.200000,164.722198,-5.300000,2.800000,
150.819308,2,0.750000,0.000000,0.000000,0.000000,1.000000,0.000000,0.000000,0.000000,0.200000,556.143982,0.000000,0.000000,0.200000,164.736801,-5.300000,2.800000,
150.859091,2,0.750000,0.000000,0.000000,0.000000,1.000000,0.000000,0.000000,0.000000,0.200000,556.184998,0.000000,0.000000,0.200000,164.768204,-5.300000,2.800000,
150.902049,2,0.750000,0.000000,0.000000,0.000000,1.000000,0.000000,0.000000,0.000000,0.200000,556.228027,0.000000,0.000000,0.200000,164.778824,-5.300000,2.800000,
150.940419,2,0.750000,0.000000,0.000000,0.000000,1.000000,0.000000,0.000000,0.000000,0.200000,556.265991,0.000000,0.000000,0.200000,164.794174,-5.300000,2.800000,
150.979040,2,0.750000,0.000000,0.000000,0.000000,1.000000,0.000000,0.000000,0.000000,0.200000,556.297974,0.000000,0.000000,0.200000,164.814178,-5.300000,2.800000,
151.019661,2,0.750000,0.000000,0.000000,0.000000,1.000000,0.000000,0.000000,0.000000,0.200000,556.340027,0.000000,0.000000,0.200000,164.824997,-5.300000,2.800000,
151.058799,2,0.750000,0.000000,0.000000,0.000000,1.000000,0.000000,0.000000,0.000000,0.200000,556.380981,0.000000,0.000000,0.200000,164.835068,-5.300000,2.800000,
151.108592,2,0.750000,0.000000,0.000000,0.000000,1.000000,0.000000,0.000000,0.000000,0.200000,556.427979,0.000000,0.000000,0.200000,164.867645,-5.300000,2.800000,
151.164986,2,0.750000,0.000000,0.000000,0.000000,1.000000,0.000000,0.000000,0.000000,0.200000,556.466003,0.000000,0.000000,0.200000,164.872559,-5.300000,2.800000,
151.186483,2,0.750000,0.000000,0.000000,0.000000,1.000000,0.000000,0.000000,0.000000,0.200000,556.500977,0.000000,0.000000,0.200000,164.892349,-5.300000,2.800000,
151.222768,2,0.750000,0.000000,0.000000,0.000000,1.000000,0.000000,0.000000,0.000000,0.200000,556.541992,0.000000,0.000000,0.200000,164.912506,-5.300000,2.800000,
151.263540,2,0.750000,0.000000,0.000000,0.000000,1.000000,0.000000,0.000000,0.000000,0.200000,556.581970,0.000000,0.000000,0.200000,164.916245,-5.300000,2.700000,
151.298395,2,0.750000,0.000000,0.000000,0.000000,1.000000,0.000000,0.000000,0.000000,0.200000,556.616028,0.000000,0.000000,0.200000,164.930222,-5.300000,2.700000,
151.338638,2,0.750000,0.000000,0.000000,0.000000,1.000000,0.000000,0.000000,0.000000,0.200000,556.661987,0.000000,0.000000,0.200000,164.949432,-5.300000,2.700000,
151.379418,2,0.750000,0.000000,0.000000,0.000000,1.000000,0.000000,0.000000,0.000000,0.200000,556.700989,0.000000,0.000000,0.200000,164.972153,-5.300000,2.700000,
151.420046,2,0.750000,0.000000,0.000000,0.000000,1.000000,0.000000,0.000000,0.000000,0.200000,556.744995,0.000000,0.000000,0.200000,164.987152,-5.300000,2.700000,
151.459321,2,0.750000,0.000000,0.000000,0.000000,1.000000,0.000000,0.000000,0.000000,0.200000,556.791016,0.000000,0.000000,0.200000,165.008072,-5.300000,2.700000,
151.499375,2,0.750000,0.000000,0.000000,0.000000,1.000000,0.000000,0.000000,0.000000,0.200000,556.823975,0.000000,0.000000,0.200000,165.024841,-5.300000,2.700000,
151.538066,2,0.750000,0.000000,0.000000,0.000000,1.000000,0.000000,0.000000,0.000000,0.200000,556.861023,0.000000,0.000000,0.200000,165.029892,-5.300000,2.700000,
151.578004,2,0.750000,0.000000,0.000000,0.000000,1.000000,0.000000,0.000000,0.000000,0.200000,557.200012,0.000000,0.000000,0.200000,165.045074,-5.300000,2.700000,
151.620609,2,0.750000,0.000000,0.000000,0.000000,1.000000,0.000000,0.000000,0.000000,0.200000,557.609985,0.000000,0.000000,0.200000,165.076004,-5.300000,2.700000,
151.659594,2,0.750000,0.000000,0.000000,0.000000,1.000000,0.000000,0.000000,0.000000,0.200000,556.989014,0.000000,0.000000,0.200000,165.086136,-5.300000,2.700000,
151.698604,2,0.750000,0.000000,0.000000,0.000000,1.000000,0.000000,0.000000,0.000000,0.200000,557.023010,0.000000,0.000000,0.200000,165.103622,-5.200000,2.700000,
151.738147,2,0.750000,0.000000,0.000000,0.000000,1.000000,0.000000,0.000000,0.000000,0.200000,557.062012,0.000000,0.000000,0.200000,165.109406,-5.300000,2.700000,
151.778540,2,0.750000,0.000000,0.000000,0.000000,1.000000,0.000000,0.000000,0.000000,0.200000,557.104980,0.000000,0.000000,0.200000,165.122635,-5.200000,2.700000,
151.819570,2,0.750000,0.000000,0.000000,0.000000,1.000000,0.000000,0.000000,0.000000,0.200000,557.140015,0.000000,0.000000,0.200000,165.138580,-5.200000,2.700000,
151.860029,2,0.750000,0.000000,0.000000,0.000000,1.000000,0.000000,0.000000,0.000000,0.200000,557.187988,0.000000,0.000000,0.200000,165.160599,-5.200000,2.700000,
151.902354,2,0.750000,0.000000,0.000000,0.000000,1.000000,0.000000,0.000000,0.000000,0.200000,557.221008,0.000000,0.000000,0.200000,165.178146,-5.200000,2.700000,
151.940079,2,0.750000,0.000000,0.000000,0.000000,1.000000,0.000000,0.000000,0.000000,0.200000,557.263977,0.000000,0.000000,0.200000,165.189484,-5.200000,2.700000,
151.979152,2,0.750000,0.000000,0.000000,0.000000,1.000000,0.000000,0.000000,0.000000,0.200000,557.304993,0.000000,0.000000,0.200000,165.210403,-5.200000,2.700000,
152.019976,2,0.750000,0.000000,0.000000,0.000000,1.000000,0.000000,0.000000,0.000000,0.200000,557.346008,0.000000,0.000000,0.200000,165.226456,-5.200000,2.700000,
152.059388,2,0.750000,0.000000,0.000000,0.000000,1.000000,0.000000,0.000000,0.000000,0.200000,557.380005,0.000000,0.000000,0.200000,165.222763,-5.200000,2.700000,
152.102538,2,0.750000,0.000000,0.000000,0.000000,1.000000,0.000000,0.000000,0.000000,0.200000,557.422974,0.000000,0.000000,0.200000,165.239059,-5.200000,2.700000,
152.139154,2,0.750000,0.000000,0.000000,0.000000,1.000000,0.000000,0.000000,0.000000,0.200000,557.463013,0.000000,0.000000,0.200000,165.264038,-5.200000,2.700000,
152.177858,2,0.750000,0.000000,0.000000,0.000000,1.000000,0.000000,0.000000,0.000000,0.200000,557.507019,0.000000,0.000000,0.200000,165.274368,-5.200000,2.700000,
152.219855,2,0.750000,0.000000,0.000000,0.000000,1.000000,0.000000,0.000000,0.000000,0.200000,557.546997,0.000000,0.000000,0.200000,165.294617,-5.200000,2.700000,
152.258521,2,0.750000,0.000000,0.000000,0.000000,1.000000,0.000000,0.000000,0.000000,0.200000,557.585022,0.000000,0.000000,0.200000,165.313278,-5.200000,2.700000,
152.299631,2,0.750000,0.000000,0.000000,0.000000,1.000000,0.000000,0.000000,0.000000,0.200000,557.625000,0.000000,0.000000,0.200000,165.327087,-5.200000,2.700000,
152.338627,2,0.750000,0.000000,0.000000,0.000000,1.000000,0.000000,0.000000,0.000000,0.200000,557.664001,0.000000,0.000000,0.200000,165.335419,-5.200000,2.700000,
152.378205,2,0.750000,0.000000,0.000000,0.000000,1.000000,0.000000,0.000000,0.000000,0.200000,557.705994,0.000000,0.000000,0.200000,165.344330,-5.200000,2.700000,
152.417923,2,0.750000,0.000000,0.000000,0.000000,1.000000,0.000000,0.000000,0.000000,0.200000,557.744995,0.000000,0.000000,0.200000,165.366791,-5.200000,2.700000,
152.457990,2,0.750000,0.000000,0.000000,0.000000,1.000000,0.000000,0.000000,0.000000,0.200000,557.786011,0.000000,0.000000,0.200000,165.377487,-5.200000,2.700000,
152.498709,2,0.750000,0.000000,0.000000,0.000000,1.000000,0.000000,0.000000,0.000000,0.200000,557.823975,0.000000,0.000000,0.200000,165.399002,-5.200000,2.700000,
152.538352,2,0.750000,0.000000,0.000000,0.000000,1.000000,0.000000,0.000000,0.000000,0.200000,557.864014,0.000000,0.000000,0.200000,165.417374,-5.200000,2.700000,
152.578077,2,0.750000,0.000000,0.000000,0.000000,1.000000,0.000000,0.000000,0.000000,0.200000,558.219971,0.000000,0.000000,0.200000,165.434830,-5.200000,2.700000,
152.618057,2,0.750000,0.000000,0.000000,0.000000,1.000000,0.000000,0.000000,0.000000,0.200000,558.619995,0.000000,0.000000,0.200000,165.446274,-5.200000,2.700000,
152.658332,2,0.750000,0.000000,0.000000,0.000000,1.000000,0.000000,0.000000,0.000000,0.200000,557.986023,0.000000,0.000000,0.200000,165.460739,-5.200000,2.700000,
152.700196,2,0.750000,0.000000,0.000000,0.000000,1.000000,0.000000,0.000000,0.000000,0.200000,558.025024,0.000000,0.000000,0.200000,165.471207,-5.200000,2.700000,
152.738473,2,0.750000,0.000000,0.000000,0.000000,1.000000,0.000000,0.000000,0.000000,0.200000,558.065002,0.000000,0.000000,0.200000,165.493500,-5.200000,2.700000,
152.778066,2,0.750000,0.000000,0.000000,0.000000,1.000000,0.000000,0.000000,0.000000,0.200000,558.106018,0.000000,0.000000,0.200000,165.502686,-5.200000,2.700000,
152.817819,2,0.750000,0.000000,0.000000,0.000000,1.000000,0.000000,0.000000,0.000000,0.200000,558.145020,0.000000,0.000000,0.200000,165.525314,-5.200000,2.700000,
152.857748,2,0.750000,0.000000,0.000000,0.000000,1.000000,0.000000,0.000000,0.000000,0.200000,558.184998,0.000000,0.000000,0.200000,165.538956,-5.200000,2.700000,
152.898681,2,0.750000,0.000000,0.000000,0.000000,1.000000,0.000000,0.000000,0.000000,0.200000,558.223999,0.000000,0.000000,0.200000,165.558762,-5.200000,2.700000,
152.938628,2,0.750000,0.000000,0.000000,0.000000,1.000000,0.000000,0.000000,0.000000,0.200000,558.265015,0.000000,0.000000,0.200000,165.561859,-5.200000,2.700000,
152.978389,2,0.750000,0.000000,0.000000,0.000000,1.000000,0.000000,0.000000,0.000000,0.200000,558.306030,0.000000,0.000000,0.200000,165.577896,-5.200000,2.700000,
153.018096,2,0.750000,0.000000,0.000000,0.000000,1.000000,0.000000,0.000000,0.000000,0.200000,558.344971,0.000000,0.000000,0.200000,165.597473,-5.200000,2.700000,
153.058238,2,0.750000,0.000000,0.000000,0.000000,1.000000,0.000000,0.000000,0.000000,0.200000,558.385010,0.000000,0.000000,0.200000,165.618561,-5.200000,2.700000,
153.099244,2,0.750000,0.000000,0.000000,0.000000,1.000000,0.000000,0.000000,0.000000,0.200000,558.424988,0.000000,0.000000,0.200000,165.633759,-5.200000,2.700000,
153.137904,2,0.750000,0.000000,0.000000,0.000000,1.000000,0.000000,0.000000,0.000000,0.200000,558.465027,0.000000,0.000000,0.200000,165.644592,-5.200000,2.700000,
153.177830,2,0.750000,0.000000,0.000000,0.000000,1.000000,0.000000,0.000000,0.000000,0.200000,558.505005,0.000000,0.000000,0.200000,165.654724,-5.200000,2.700000,
153.218742,2,0.750000,0.000000,0.000000,0.000000,1.000000,0.000000,0.000000,0.000000,0.200000,558.544983,0.000000,0.000000,0.200000,165.666840,-5.200000,2.700000,
153.258249,2,0.750000,0.000000,0.000000,0.000000,1.000000,0.000000,0.000000,0.000000,0.200000,558.585999,0.000000,0.000000,0.200000,165.682693,-5.200000,2.700000,
153.299055,2,0.750000,0.000000,0.000000,0.000000,1.000000,0.000000,0.000000,0.000000,0.200000,558.625000,0.000000,0.000000,0.200000,165.706894,-5.200000,2.700000,
153.338584,2,0.750000,0.000000,0.000000,0.000000,1.000000,0.000000,0.000000,0.000000,0.200000,558.664978,0.000000,0.000000,0.200000,165.720993,-5.200000,2.700000,
153.377795,2,0.750000,0.000000,0.000000,0.000000,1.000000,0.000000,0.000000,0.000000,0.200000,558.705017,0.000000,0.000000,0.200000,165.728088,-5.200000,2.700000,
153.418169,2,0.750000,0.000000,0.000000,0.000000,1.000000,0.000000,0.000000,0.000000,0.200000,558.745972,0.000000,0.000000,0.200000,165.738739,-5.200000,2.700000,
153.458073,2,0.750000,0.000000,0.000000,0.000000,1.000000,0.000000,0.000000,0.000000,0.200000,558.786011,0.000000,0.000000,0.200000,165.751144,-5.200000,2.700000,
153.499118,2,0.750000,0.000000,0.000000,0.000000,1.000000,0.000000,0.000000,0.000000,0.200000,558.825012,0.000000,0.000000,0.200000,165.765930,-5.200000,2.700000,
153.538006,2,0.750000,0.000000,0.000000,0.000000,1.000000,0.000000,0.000000,0.000000,0.200000,558.864990,0.000000,0.000000,0.200000,165.783325,-5.200000,2.700000,
153.578220,2,0.750000,0.000000,0.000000,0.000000,1.000000,0.000000,0.000000,0.000000,0.200000,559.219971,0.000000,0.000000,0.200000,165.802765,-5.200000,2.700000,
153.618527,2,0.750000,0.000000,0.000000,0.000000,1.000000,0.000000,0.000000,0.000000,0.200000,559.619995,0.000000,0.000000,0.200000,165.818588,-5.200000,2.700000,
153.658484,2,0.750000,0.000000,0.000000,0.000000,1.000000,0.000000,0.000000,0.000000,0.200000,558.986023,0.000000,0.000000,0.200000,165.832489,-5.200000,2.700000,
153.699479,2,0.750000,0.000000,0.000000,0.000000,1.000000,0.000000,0.000000,0.000000,0.200000,559.025024,0.000000,0.000000,0.200000,165.842010,-5.200000,2.700000,
153.738691,2,0.750000,0.000000,0.000000,0.000000,1.000000,0.000000,0.000000,0.000000,0.200000,559.065002,0.000000,0.000000,0.200000,165.850433,-5.200000,2.700000,
153.778537,2,0.750000,0.000000,0.000000,0.000000,1.000000,0.000000,0.000000,0.000000,0.200000,559.104980,0.000000,0.000000,0.200000,165.858292,-5.200000,2.700000,
153.818301,2,0.750000,0.000000,0.000000,0.000000,1.000000,0.000000,0.000000,0.000000,0.200000,559.145996,0.000000,0.000000,0.200000,165.872131,-5.200000,2.700000,
153.858040,2,0.750000,0.000000,0.000000,0.000000,1.000000,0.000000,0.000000,0.000000,0.200000,559.187012,0.000000,0.000000,0.200000,165.891113,-5.200000,2.700000,
153.898752,2,0.750000,0.000000,0.000000,0.000000,1.000000,0.000000,0.000000,0.000000,0.200000,559.224976,0.000000,0.000000,0.200000,165.911789,-5.200000,2.700000,
153.937773,2,0.750000,0.000000,0.000000,0.000000,1.000000,0.000000,0.000000,0.000000,0.200000,559.265991,0.000000,0.000000,0.200000,165.922272,-5.200000,2.700000,
153.978443,2,0.750000,0.000000,0.000000,0.000000,1.000000,0.000000,0.000000,0.000000,0.200000,559.304993,0.000000,0.000000,0.200000,165.941223,-5.200000,2.700000,
154.018078,2,0.750000,0.000000,0.000000,0.000000,1.000000,0.000000,0.000000,0.000000,0.200000,559.346008,0.000000,0.000000,0.200000,165.940933,-5.200000,2.700000,
154.058063,2,0.750000,0.000000,0.000000,0.000000,1.000000,0.000000,0.000000,0.000000,0.200000,559.382019,0.000000,0.000000,0.200000,165.960632,-5.200000,2.700000,
154.098657,2,0.750000,0.000000,0.000000,0.000000,1.000000,0.000000,0.000000,0.000000,0.200000,559.419006,0.000000,0.000000,0.200000,165.970612,-5.200000,2.700000,
154.138368,2,0.750000,0.000000,0.000000,0.000000,1.000000,0.000000,0.000000,0.000000,0.200000,559.458984,0.000000,0.000000,0.200000,165.979691,-5.200000,2.700000,
154.177437,2,0.750000,0.000000,0.000000,0.000000,1.000000,0.000000,0.000000,0.000000,0.200000,559.499023,0.000000,0.000000,0.200000,165.993011,-5.200000,2.700000,
154.217782,2,0.750000,0.000000,0.000000,0.000000,1.000000,0.000000,0.000000,0.000000,0.200000,559.539001,0.000000,0.000000,0.200000,166.007889,-5.200000,2.700000,
154.258492,2,0.750000,0.000000,0.000000,0.000000,1.000000,0.000000,0.000000,0.000000,0.200000,559.578979,0.000000,0.000000,0.200000,166.023438,-5.200000,2.700000,
154.298958,2,0.750000,0.000000,0.000000,0.000000,1.000000,0.000000,0.000000,0.000000,0.200000,559.619019,0.000000,0.000000,0.200000,166.043610,-5.200000,2.700000,
154.337754,2,0.750000,0.000000,0.000000,0.000000,1.000000,0.000000,0.000000,0.000000,0.200000,559.658020,0.000000,0.000000,0.200000,166.061234,-5.200000,2.700000,
154.377808,2,0.750000,0.000000,0.000000,0.000000,1.000000,0.000000,0.000000,0.000000,0.200000,559.697998,0.000000,0.000000,0.200000,166.076111,-5.200000,2.700000,
154.417810,2,0.750000,0.000000,0.000000,0.000000,1.000000,0.000000,0.000000,0.000000,0.200000,559.739014,0.000000,0.000000,0.200000,166.085938,-5.200000,2.700000,
154.457712,2,0.750000,0.000000,0.000000,0.000000,1.000000,0.000000,0.000000,0.000000,0.200000,559.778015,0.000000,0.000000,0.200000,166.094894,-5.200000,2.700000,
154.498634,2,0.750000,0.000000,0.000000,0.000000,1.000000,0.000000,0.000000,0.000000,0.200000,559.818970,0.000000,0.000000,0.200000,166.108139,-5.200000,2.700000,
154.537587,2,0.750000,0.000000,0.000000,0.000000,1.000000,0.000000,0.000000,0.000000,0.200000,559.859009,0.000000,0.000000,0.200000,166.120300,-5.200000,2.700000,
154.577656,2,0.750000,0.000000,0.000000,0.000000,1.000000,0.000000,0.000000,0.000000,0.200000,560.150024,0.000000,0.000000,0.200000,166.143677,-5.200000,2.700000,
154.618339,2,0.750000,0.000000,0.000000,0.000000,1.000000,0.000000,0.000000,0.000000,0.200000,560.559998,0.000000,0.000000,0.200000,166.155640,-5.200000,2.700000,
154.657747,2,0.750000,0.000000,0.000000,0.000000,1.000000,0.000000,0.000000,0.000000,0.200000,559.979980,0.000000,0.000000,0.200000,166.164459,-5.200000,2.700000,
154.698520,2,0.750000,0.000000,0.000000,0.000000,1.000000,0.000000,0.000000,0.000000,0.200000,560.020020,0.000000,0.000000,0.200000,166.173111,-5.200000,2.700000,
154.737707,2,0.750000,0.000000,0.000000,0.000000,1.000000,0.000000,0.000000,0.000000,0.200000,560.059998,0.000000,0.000000,0.200000,166.183121,-5.200000,2.700000,
154.777690,2,0.750000,0.000000,0.000000,0.000000,1.000000,0.000000,0.000000,0.000000,0.200000,560.098999,0.000000,0.000000,0.200000,166.194397,-5.200000,2.700000,
154.817927,2,0.750000,0.000000,0.000000,0.000000,1.000000,0.000000,0.000000,0.000000,0.200000,560.140991,0.000000,0.000000,0.200000,166.212357,-5.200000,2.700000,
154.857751,2,0.750000,0.000000,0.000000,0.000000,1.000000,0.000000,0.000000,0.000000,0.200000,560.179016,0.000000,0.000000,0.200000,166.229462,-5.200000,2.700000,
154.899839,2,0.750000,0.000000,0.000000,0.000000,1.000000,0.000000,0.000000,0.000000,0.200000,560.223022,0.000000,0.000000,0.200000,166.242233,-5.200000,2.700000,
154.938697,2,0.750000,0.000000,0.000000,0.000000,1.000000,0.000000,0.000000,0.000000,0.200000,560.265991,0.000000,0.000000,0.200000,166.259644,-5.200000,2.700000,
154.978685,2,0.750000,0.000000,0.000000,0.000000,1.000000,0.000000,0.000000,0.000000,0.200000,560.304993,0.000000,0.000000,0.200000,166.271713,-5.200000,2.700000,
155.018651,2,0.750000,0.000000,0.000000,0.000000,1.000000,0.000000,0.000000,0.000000,0.200000,560.343994,0.000000,0.000000,0.200000,166.285751,-5.200000,2.700000,
155.057592,2,0.750000,0.000000,0.000000,0.000000,1.000000,0.000000,0.000000,0.000000,0.200000,560.383972,0.000000,0.000000,0.200000,166.288544,-5.200000,2.700000,
155.098982,2,0.750000,0.000000,0.000000,0.000000,1.000000,0.000000,0.000000,0.000000,0.200000,560.422974,0.000000,0.000000,0.200000,166.298447,-5.200000,2.700000,
155.138216,2,0.750000,0.000000,0.000000,0.000000,1.000000,0.000000,0.000000,0.000000,0.200000,560.463013,0.000000,0.000000,0.200000,166.312729,-5.200000,2.700000,
155.178286,2,0.750000,0.000000,0.000000,0.000000,1.000000,0.000000,0.000000,0.000000,0.200000,560.505005,0.000000,0.000000,0.200000,166.325104,-5.200000,2.700000,
155.218252,2,0.750000,0.000000,0.000000,0.000000,1.000000,0.000000,0.000000,0.000000,0.200000,560.544006,0.000000,0.000000,0.200000,166.345291,-5.200000,2.700000,
155.257914,2,0.750000,0.000000,0.000000,0.000000,1.000000,0.000000,0.000000,0.000000,0.200000,560.583984,0.000000,0.000000,0.200000,166.341675,-5.200000,2.700000,
155.298780,2,0.750000,0.000000,0.000000,0.000000,1.000000,0.000000,0.000000,0.000000,0.200000,560.622986,0.000000,0.000000,0.200000,166.371155,-5.200000,2.700000,
155.338194,2,0.750000,0.000000,0.000000,0.000000,1.000000,0.000000,0.000000,0.000000,0.200000,560.664001,0.000000,0.000000,0.200000,166.380402,-5.200000,2.700000,
155.377515,2,0.750000,0.000000,0.000000,0.000000,1.000000,0.000000,0.000000,0.000000,0.200000,560.703979,0.000000,0.000000,0.200000,166.389542,-5.200000,2.700000,
155.418271,2,0.750000,0.000000,0.000000,0.000000,1.000000,0.000000,0.000000,0.000000,0.200000,560.742981,0.000000,0.000000,0.200000,166.402100,-5.200000,2.700000,
155.457385,2,0.750000,0.000000,0.000000,0.000000,1.000000,0.000000,0.000000,0.000000,0.200000,560.783997,0.000000,0.000000,0.200000,166.427628,-5.200000,2.700000,
155.499187,2,0.750000,0.000000,0.000000,0.000000,1.000000,0.000000,0.000000,0.000000,0.200000,560.822021,0.000000,0.000000,0.200000,166.428665,-5.200000,2.700000,
155.538069,2,0.750000,0.000000,0.000000,0.000000,1.000000,0.000000,0.000000,0.000000,0.200000,560.857971,0.000000,0.000000,0.200000,166.438324,-5.200000,2.700000,
155.577940,2,0.750000,0.000000,0.000000,0.000000,1.000000,0.000000,0.000000,0.000000,0.200000,561.140015,0.000000,0.000000,0.200000,166.458252,-5.200000,2.700000,
155.618047,2,0.750000,0.000000,0.000000,0.000000,1.000000,0.000000,0.000000,0.000000,0.200000,561.549988,0.000000,0.000000,0.200000,166.474380,-5.200000,2.700000,
155.657889,2,0.750000,0.000000,0.000000,0.000000,1.000000,0.000000,0.000000,0.000000,0.200000,560.987976,0.000000,0.000000,0.200000,166.484970,-5.200000,2.700000,
155.699286,2,0.750000,0.000000,0.000000,0.000000,1.000000,0.000000,0.000000,0.000000,0.200000,561.018982,0.000000,0.000000,0.200000,166.495193,-5.200000,2.700000,
155.737915,2,0.750000,0.000000,0.000000,0.000000,1.000000,0.000000,0.000000,0.000000,0.200000,561.057983,0.000000,0.000000,0.200000,166.503860,-5.200000,2.700000,
155.778514,2,0.750000,0.000000,0.000000,0.000000,1.000000,0.000000,0.000000,0.000000,0.200000,561.107971,0.000000,0.000000,0.200000,166.532059,-5.200000,2.700000,
155.817896,2,0.750000,0.000000,0.000000,0.000000,1.000000,0.000000,0.000000,0.000000,0.200000,561.138000,0.000000,0.000000,0.200000,166.528214,-5.200000,2.700000,
155.858671,2,0.750000,0.000000,0.000000,0.000000,1.000000,0.000000,0.000000,0.000000,0.200000,561.177002,0.000000,0.000000,0.200000,166.540970,-5.200000,2.700000,
155.899301,2,0.750000,0.000000,0.000000,0.000000,1.000000,0.000000,0.000000,0.000000,0.200000,561.218018,0.000000,0.000000,0.200000,166.558762,-5.200000,2.700000,
155.938470,2,0.750000,0.000000,0.000000,0.000000,1.000000,0.000000,0.000000,0.000000,0.200000,561.257996,0.000000,0.000000,0.200000,166.573151,-5.200000,2.700000,
155.978230,2,0.750000,0.000000,0.000000,0.000000,1.000000,0.000000,0.000000,0.000000,0.200000,561.296997,0.000000,0.000000,0.200000,166.581528,-5.200000,2.700000,
156.017903,2,0.750000,0.000000,0.000000,0.000000,1.000000,0.000000,0.000000,0.000000,0.200000,561.338989,0.000000,0.000000,0.200000,166.580658,-5.200000,2.700000,
156.057709,2,0.750000,0.000000,0.000000,0.000000,1.000000,0.000000,0.000000,0.000000,0.200000,561.377991,0.000000,0.000000,0.200000,166.594543,-5.200000,2.700000,
156.098646,2,0.750000,0.000000,0.000000,0.000000,1.000000,0.000000,0.000000,0.000000,0.200000,561.419983,0.000000,0.000000,0.200000,166.610046,-5.200000,2.700000,
156.137550,2,0.750000,0.000000,0.000000,0.000000,1.000000,0.000000,0.000000,0.000000,0.200000,561.458984,0.000000,0.000000,0.200000,166.631012,-5.200000,2.700000,
156.177454,2,0.750000,0.000000,0.000000,0.000000,1.000000,0.000000,0.000000,0.000000,0.200000,561.497986,0.000000,0.000000,0.200000,166.644012,-5.200000,2.700000,
156.217650,2,0.750000,0.000000,0.000000,0.000000,1.000000,0.000000,0.000000,0.000000,0.200000,561.539001,0.000000,0.000000,0.200000,166.654694,-5.200000,2.700000,
156.257464,2,0.750000,0.000000,0.000000,0.000000,1.000000,0.000000,0.000000,0.000000,0.200000,561.580994,0.000000,0.000000,0.200000,166.663025,-5.200000,2.700000,
156.298962,2,0.750000,0.000000,0.000000,0.000000,1.000000,0.000000,0.000000,0.000000,0.200000,561.619995,0.000000,0.000000,0.200000,166.673218,-5.200000,2.700000,
156.337725,2,0.750000,0.000000,0.000000,0.000000,1.000000,0.000000,0.000000,0.000000,0.200000,561.658997,0.000000,0.000000,0.200000,166.683701,-5.200000,2.700000,
156.377657,2,0.750000,0.000000,0.000000,0.000000,1.000000,0.000000,0.000000,0.000000,0.200000,561.698975,0.000000,0.000000,0.200000,166.697159,-5.200000,2.700000,
156.417703,2,0.750000,0.000000,0.000000,0.000000,1.000000,0.000000,0.000000,0.000000,0.200000,561.739014,0.000000,0.000000,0.200000,166.715424,-5.200000,2.700000,
156.457643,2,0.750000,0.000000,0.000000,0.000000,1.000000,0.000000,0.000000,0.000000,0.200000,561.778992,0.000000,0.000000,0.200000,166.731354,-5.200000,2.700000,
156.498584,2,0.750000,0.000000,0.000000,0.000000,1.000000,0.000000,0.000000,0.000000,0.200000,561.820007,0.000000,0.000000,0.200000,166.747284,-5.200000,2.700000,
156.538034,2,0.750000,0.000000,0.000000,0.000000,1.000000,0.000000,0.000000,0.000000,0.200000,561.859009,0.000000,0.000000,0.200000,166.748535,-5.200000,2.700000,
156.577761,2,0.750000,0.000000,0.000000,0.000000,1.000000,0.000000,0.000000,0.000000,0.200000,562.159973,0.000000,0.000000,0.200000,166.765030,-5.200000,2.700000,
156.617600,2,0.750000,0.000000,0.000000,0.000000,1.000000,0.000000,0.000000,0.000000,0.200000,562.580017,0.000000,0.000000,0.200000,166.771118,-5.200000,2.700000,
156.657496,2,0.750000,0.000000,0.000000,0.000000,1.000000,0.000000,0.000000,0.000000,0.200000,561.979004,0.000000,0.000000,0.200000,166.787857,-5.200000,2.700000,
156.699067,2,0.750000,0.000000,0.000000,0.000000,1.000000,0.000000,0.000000,0.000000,0.200000,562.020020,0.000000,0.000000,0.200000,166.798843,-5.200000,2.700000,
156.738081,2,0.750000,0.000000,0.000000,0.000000,1.000000,0.000000,0.000000,0.000000,0.200000,562.059021,0.000000,0.000000,0.200000,166.816513,-5.200000,2.700000,
156.778122,2,0.750000,0.000000,0.000000,0.000000,1.000000,0.000000,0.000000,0.000000,0.200000,562.098999,0.000000,0.000000,0.200000,166.824280,-5.200000,2.700000,
156.817816,2,0.750000,0.000000,0.000000,0.000000,1.000000,0.000000,0.000000,0.000000,0.200000,562.138977,0.000000,0.000000,0.200000,166.833618,-5.200000,2.700000,
156.857742,2,0.750000,0.000000,0.000000,0.000000,1.000000,0.000000,0.000000,0.000000,0.200000,562.179016,0.000000,0.000000,0.200000,166.840393,-5.200000,2.700000,
156.898720,2,0.750000,0.000000,0.000000,0.000000,1.000000,0.000000,0.000000,0.000000,0.200000,562.218994,0.000000,0.000000,0.200000,166.851242,-5.200000,2.700000,
156.938041,2,0.750000,0.000000,0.000000,0.000000,1.000000,0.000000,0.000000,0.000000,0.200000,562.257996,0.000000,0.000000,0.200000,166.864655,-5.200000,2.700000,
156.977301,2,0.750000,0.000000,0.000000,0.000000,1.000000,0.000000,0.000000,0.000000,0.200000,562.299011,0.000000,0.000000,0.200000,166.882721,-5.200000,2.700000,
157.018289,2,0.750000,0.000000,0.000000,0.000000,1.000000,0.000000,0.000000,0.000000,0.200000,562.338989,0.000000,0.000000,0.200000,166.896637,-5.200000,2.700000,
157.058704,2,0.750000,0.000000,0.000000,0.000000,1.000000,0.000000,0.000000,0.000000,0.200000,562.379028,0.000000,0.000000,0.200000,166.896713,-5.200000,2.700000,
157.098641,2,0.750000,0.000000,0.000000,0.000000,1.000000,0.000000,0.000000,0.000000,0.200000,562.421021,0.000000,0.000000,0.200000,166.907486,-5.200000,2.700000,
157.137586,2,0.750000,0.000000,0.000000,0.000000,1.000000,0.000000,0.000000,0.000000,0.200000,562.460999,0.000000,0.000000,0.200000,166.920349,-5.200000,2.700000,
157.177660,2,0.750000,0.000000,0.000000,0.000000,1.000000,0.000000,0.000000,0.000000,0.200000,562.500977,0.000000,0.000000,0.200000,166.939880,-5.200000,2.700000,
157.217459,2,0.750000,0.000000,0.000000,0.000000,1.000000,0.000000,0.000000,0.000000,0.200000,562.539001,0.000000,0.000000,0.200000,166.955856,-5.200000,2.700000,
