0.388856,1,1.000000,0.000000,0.000000,0.000000,0.000000,0.000000,1.000000,1.000000,0.200000,615.476013,0.000000,0.000000,0.200000,190.902954,-1.900000,-3.200000,0.000000,-10000.000000,-10000.000000,-10000.000000
0.466541,1,1.000000,0.000000,0.000000,0.000000,0.000000,0.000000,1.000000,1.000000,0.200000,615.723022,0.000000,0.000000,0.200000,190.804657,-1.900000,-3.200000,0.000000,-10000.000000,-10000.000000,-10000.000000
0.520625,1,1.000000,0.000000,0.000000,0.000000,0.000000,0.000000,1.000000,1.000000,0.200000,615.783020,0.000000,0.000000,0.200000,190.781372,-1.900000,-3.200000,0.000000,-10000.000000,-10000.000000,-10000.000000
0.691071,1,1.000000,0.000000,0.000000,0.000000,0.000000,0.000000,1.000000,1.000000,0.200000,615.958008,0.000000,0.000000,0.200000,190.708496,-1.900000,-3.200000,0.000000,-10000.000000,-10000.000000,-10000.000000
0.787471,1,1.000000,0.000000,0.000000,0.000000,0.000000,0.000000,1.000000,1.000000,0.200000,616.005005,0.000000,0.000000,0.200000,190.693573,-1.900000,-3.200000,0.000000,-10000.000000,-10000.000000,-10000.000000
0.832932,1,1.000000,0.000000,0.000000,0.000000,0.000000,0.000000,1.000000,1.000000,0.200000,616.117004,0.000000,0.000000,0.200000,190.641418,-1.900000,-3.200000,0.000000,-10000.000000,-10000.000000,-10000.000000
0.861630,1,1.000000,0.000000,0.000000,0.000000,0.000000,0.000000,1.000000,1.000000,0.200000,616.151978,0.000000,0.000000,0.200000,190.633713,-1.900000,-3.200000,0.000000,-10000.000000,-10000.000000,-10000.000000
0.903983,1,1.000000,0.000000,0.000000,0.000000,0.000000,0.000000,1.000000,1.000000,0.200000,616.193970,0.000000,0.000000,0.200000,190.609863,-1.900000,-3.200000,0.000000,-10000.000000,-10000.000000,-10000.000000
0.944852,1,1.000000,0.000000,0.000000,0.000000,0.000000,0.000000,1.000000,1.000000,0.200000,616.229980,0.000000,0.000000,0.200000,190.600174,-1.900000,-3.200000,0.000000,-10000.000000,-10000.000000,-10000.000000
0.986960,1,1.000000,0.000000,0.000000,0.000000,0.000000,0.000000,1.000000,1.000000,0.200000,616.275024,0.000000,0.000000,0.200000,190.581497,-1.900000,-3.200000,0.000000,-10000.000000,-10000.000000,-10000.000000
1.024006,1,1.000000,0.000000,0.000000,0.000000,0.000000,0.000000,1.000000,1.000000,0.200000,616.309998,0.000000,0.000000,0.200000,190.567474,-1.900000,-3.200000,0.000000,-10000.000000,-10000.000000,-10000.000000
1.067956,1,1.000000,0.000000,0.000000,0.000000,0.000000,0.000000,1.000000,1.000000,0.200000,616.351013,0.000000,0.000000,0.200000,190.548492,-1.900000,-3.200000,0.000000,-10000.000000,-10000.000000,-10000.000000
1.112691,1,1.000000,0.000000,0.000000,0.000000,0.000000,0.000000,1.000000,1.000000,0.200000,616.393982,0.000000,0.000000,0.200000,190.531677,-1.900000,-3.200000,0.000000,-10000.000000,-10000.000000,-10000.000000
1.170357,1,1.000000,0.000000,0.000000,0.000000,0.000000,0.000000,1.000000,1.000000,0.200000,616.435974,0.000000,0.000000,0.200000,190.514938,-1.900000,-3.200000,0.000000,-10000.000000,-10000.000000,-10000.000000
1.205987,1,1.000000,0.000000,0.000000,0.000000,0.000000,0.000000,1.000000,1.000000,0.200000,616.481995,0.000000,0.000000,0.200000,190.486481,-1.900000,-3.200000,0.000000,-10000.000000,-10000.000000,-10000.000000
1.237689,1,1.000000,0.000000,0.000000,0.000000,0.000000,0.000000,1.000000,1.000000,0.200000,616.520996,0.000000,0.000000,0.200000,190.469345,-1.900000,-3.200000,0.000000,-10000.000000,-10000.000000,-10000.000000
1.285322,1,1.000000,0.000000,0.000000,0.000000,0.000000,0.000000,1.000000,1.000000,0.200000,616.557983,0.000000,0.000000,0.200000,190.454239,-1.900000,-3.200000,0.000000,-10000.000000,-10000.000000,-10000.000000
1.317356,1,1.000000,0.000000,0.000000,0.000000,0.000000,0.000000,1.000000,1.000000,0.200000,616.989990,0.000000,0.000000,0.200000,190.433777,-1.900000,-3.200000,0.000000,-10000.000000,-10000.000000,-10000.000000
1.365179,1,1.000000,0.000000,0.000000,0.000000,0.000000,0.000000,1.000000,1.000000,0.200000,617.380005,0.000000,0.000000,0.200000,190.416595,-1.900000,-3.200000,0.000000,-10000.000000,-10000.000000,-10000.000000
1.406903,1,1.000000,0.000000,0.000000,0.000000,0.000000,0.000000,1.000000,1.000000,0.200000,616.685974,0.000000,0.000000,0.200000,190.399109,-1.900000,-3.200000,0.000000,-10000.000000,-10000.000000,-10000.000000
1.442722,1,1.000000,0.000000,0.000000,0.000000,0.000000,0.000000,1.000000,1.000000,0.200000,616.721008,0.000000,0.000000,0.200000,190.383682,-1.900000,-3.200000,0.000000,-10000.000000,-10000.000000,-10000.000000
1.479615,1,1.000000,0.000000,0.000000,0.000000,0.000000,0.000000,1.000000,1.000000,0.200000,616.760986,0.000000,0.000000,0.200000,190.364716,-1.900000,-3.200000,0.000000,-10000.000000,-10000.000000,-10000.000000
1.532801,1,1.000000,0.000000,0.000000,0.000000,0.000000,0.000000,1.000000,1.000000,0.200000,616.807007,0.000000,0.000000,0.200000,190.350403,-1.900000,-3.200000,0.000000,-10000.000000,-10000.000000,-10000.000000
1.573510,1,1.000000,0.000000,0.000000,0.000000,0.000000,0.000000,1.000000,1.000000,0.200000,616.848999,0.000000,0.000000,0.200000,190.336700,-1.900000,-3.200000,0.000000,-10000.000000,-10000.000000,-10000.000000
1.619497,1,1.000000,0.000000,0.000000,0.000000,0.000000,0.000000,1.000000,1.000000,0.200000,616.882019,0.000000,0.000000,0.200000,190.322800,-1.900000,-3.200000,0.000000,-10000.000000,-10000.000000,-10000.000000
1.664453,1,1.000000,0.000000,0.000000,0.000000,0.000000,0.000000,1.000000,1.000000,0.200000,616.932983,0.000000,0.000000,0.200000,190.305862,-1.900000,-3.200000,0.000000,-10000.000000,-10000.000000,-10000.000000
1.712336,1,1.000000,0.000000,0.000000,0.000000,0.000000,0.000000,1.000000,1.000000,0.200000,616.979004,0.000000,0.000000,0.200000,190.293854,-1.900000,-3.200000,0.000000,-10000.000000,-10000.000000,-10000.000000
1.741471,1,1.000000,0.000000,0.000000,0.000000,0.000000,0.000000,1.000000,1.000000,0.200000,617.021973,0.000000,0.000000,0.200000,190.272141,-1.900000,-3.200000,0.000000,-10000.000000,-10000.000000,-10000.000000
1.783512,1,1.000000,0.000000,0.000000,0.000000,0.000000,0.000000,1.000000,1.000000,0.200000,617.059998,0.000000,0.000000,0.200000,190.260162,-1.900000,-3.200000,0.000000,-10000.000000,-10000.000000,-10000.000000
1.812574,1,1.000000,0.000000,0.000000,0.000000,0.000000,0.000000,1.000000,1.000000,0.200000,617.101990,0.000000,0.000000,0.200000,190.248154,-1.900000,-3.200000,0.000000,-10000.000000,-10000.000000,-10000.000000
1.872392,1,1.000000,0.000000,0.000000,0.000000,0.000000,0.000000,1.000000,1.000000,0.200000,617.138000,0.000000,0.000000,0.200000,190.243149,-1.900000,-3.200000,0.000000,-10000.000000,-10000.000000,-10000.000000
1.902073,1,1.000000,0.000000,0.000000,0.000000,0.000000,0.000000,1.000000,1.000000,0.200000,617.190002,0.000000,0.000000,0.200000,190.225021,-1.900000,-3.200000,0.000000,-10000.000000,-10000.000000,-10000.000000
1.942162,1,1.000000,0.000000,0.000000,0.000000,0.000000,0.000000,1.000000,1.000000,0.200000,617.226990,0.000000,0.000000,0.200000,190.215866,-1.900000,-3.200000,0.000000,-10000.000000,-10000.000000,-10000.000000
1.989251,1,1.000000,0.000000,0.000000,0.000000,0.000000,0.000000,1.000000,1.000000,0.200000,617.260010,0.000000,0.000000,0.200000,190.205917,-1.900000,-3.200000,0.000000,-10000.000000,-10000.000000,-10000.000000
2.021272,1,1.000000,0.000000,0.000000,0.000000,0.000000,0.000000,1.000000,1.000000,0.200000,617.299988,0.000000,0.000000,0.200000,190.194977,-1.900000,-3.200000,0.000000,-10000.000000,-10000.000000,-10000.000000
2.060109,1,1.000000,0.000000,0.000000,0.000000,0.000000,0.000000,1.000000,1.000000,0.200000,617.344971,0.000000,0.000000,0.200000,190.185394,-1.900000,-3.200000,0.000000,-10000.000000,-10000.000000,-10000.000000
2.102249,1,1.000000,0.000000,0.000000,0.000000,0.000000,0.000000,1.000000,1.000000,0.200000,617.385010,0.000000,0.000000,0.200000,190.174240,-1.900000,-3.200000,0.000000,-10000.000000,-10000.000000,-10000.000000
2.139074,1,1.000000,0.000000,0.000000,0.000000,0.000000,0.000000,1.000000,1.000000,0.200000,617.414978,0.000000,0.000000,0.200000,190.166214,-1.900000,-3.200000,0.000000,-10000.000000,-10000.000000,-10000.000000
2.174274,1,1.000000,0.000000,0.000000,0.000000,0.000000,0.000000,1.000000,1.000000,0.200000,617.463989,0.000000,0.000000,0.200000,190.155273,-1.900000,-3.200000,0.000000,-10000.000000,-10000.000000,-10000.000000
2.215521,1,1.000000,0.000000,0.000000,0.000000,0.000000,0.000000,1.000000,1.000000,0.200000,617.500000,0.000000,0.000000,0.200000,190.148361,-1.900000,-3.200000,0.000000,-10000.000000,-10000.000000,-10000.000000
2.256621,1,1.000000,0.000000,0.000000,0.000000,0.000000,0.000000,1.000000,1.000000,0.200000,617.539001,0.000000,0.000000,0.200000,190.138672,-1.900000,-3.200000,0.000000,-10000.000000,-10000.000000,-10000.000000
2.296254,1,1.000000,0.000000,0.000000,0.000000,0.000000,0.000000,1.000000,1.000000,0.200000,617.789978,0.000000,0.000000,0.200000,190.139832,-1.900000,-3.200000,0.000000,-10000.000000,-10000.000000,-10000.000000
2.349020,1,1.000000,0.000000,0.000000,0.000000,0.000000,0.000000,1.000000,1.000000,0.200000,618.140015,0.000000,0.000000,0.200000,190.089935,-1.900000,-3.200000,0.000000,-10000.000000,-10000.000000,-10000.000000
2.376976,1,1.000000,0.000000,0.000000,0.000000,0.000000,0.000000,1.000000,1.000000,0.200000,617.668030,0.000000,0.000000,0.200000,190.115097,-1.900000,-3.200000,0.000000,-10000.000000,-10000.000000,-10000.000000
2.417765,1,1.000000,0.000000,0.000000,0.000000,0.000000,0.000000,1.000000,1.000000,0.200000,617.702026,0.000000,0.000000,0.200000,190.096756,-1.900000,-3.200000,0.000000,-10000.000000,-10000.000000,-10000.000000
2.471224,1,1.000000,0.000000,0.000000,0.000000,0.000000,0.000000,1.000000,1.000000,0.200000,617.749023,0.000000,0.000000,0.200000,190.077728,-1.900000,-3.200000,0.000000,-10000.000000,-10000.000000,-10000.000000
2.505022,1,1.000000,0.000000,0.000000,0.000000,0.000000,0.000000,1.000000,1.000000,0.200000,617.780029,0.000000,0.000000,0.200000,190.102142,-1.900000,-3.200000,0.000000,-10000.000000,-10000.000000,-10000.000000
2.541378,1,1.000000,0.000000,0.000000,0.000000,0.000000,0.000000,1.000000,1.000000,0.200000,617.817017,0.000000,0.000000,0.200000,190.092880,-1.900000,-3.200000,0.000000,-10000.000000,-10000.000000,-10000.000000
2.579688,1,1.000000,0.000000,0.000000,0.000000,0.000000,0.000000,1.000000,1.000000,0.200000,617.869019,0.000000,0.000000,0.200000,190.043823,-1.900000,-3.200000,0.000000,-10000.000000,-10000.000000,-10000.000000
2.637592,1,1.000000,0.000000,0.000000,0.000000,0.000000,0.000000,1.000000,1.000000,0.200000,617.903015,0.000000,0.000000,0.200000,190.059845,-1.900000,-3.200000,0.000000,-10000.000000,-10000.000000,-10000.000000
2.660599,1,1.000000,0.000000,0.000000,0.000000,0.000000,0.000000,1.000000,1.000000,0.200000,617.948975,0.000000,0.000000,0.200000,190.022644,-1.900000,-3.200000,0.000000,-10000.000000,-10000.000000,-10000.000000
2.701140,1,1.000000,0.000000,0.000000,0.000000,0.000000,0.000000,1.000000,1.000000,0.200000,617.984985,0.000000,0.000000,0.200000,190.010178,-1.900000,-3.200000,0.000000,-10000.000000,-10000.000000,-10000.000000
2.772476,1,1.000000,0.000000,0.000000,0.000000,0.000000,0.000000,1.000000,1.000000,0.200000,618.031006,0.000000,0.000000,0.200000,190.009979,-1.900000,-3.200000,0.000000,-10000.000000,-10000.000000,-10000.000000
2.803648,1,1.000000,0.000000,0.000000,0.000000,0.000000,0.000000,1.000000,1.000000,0.200000,618.085999,0.000000,0.000000,0.200000,189.968109,-1.900000,-3.200000,0.000000,-10000.000000,-10000.000000,-10000.000000
2.851602,1,1.000000,0.000000,0.000000,0.000000,0.000000,0.000000,1.000000,1.000000,0.200000,618.133972,0.000000,0.000000,0.200000,189.967712,-1.900000,-3.200000,0.000000,-10000.000000,-10000.000000,-10000.000000
2.881836,1,1.000000,0.000000,0.000000,0.000000,0.000000,0.000000,1.000000,1.000000,0.200000,618.168030,0.000000,0.000000,0.200000,189.943222,-1.900000,-3.200000,0.000000,-10000.000000,-10000.000000,-10000.000000
2.926896,1,1.000000,0.000000,0.000000,0.000000,0.000000,0.000000,1.000000,1.000000,0.200000,618.208984,0.000000,0.000000,0.200000,189.927414,-1.900000,-3.200000,0.000000,-10000.000000,-10000.000000,-10000.000000
2.966415,1,1.000000,0.000000,0.000000,0.000000,0.000000,0.000000,1.000000,1.000000,0.200000,618.250000,0.000000,0.000000,0.200000,189.919403,-1.900000,-3.200000,0.000000,-10000.000000,-10000.000000,-10000.000000
3.000670,1,1.000000,0.000000,0.000000,0.000000,0.000000,0.000000,1.000000,1.000000,0.200000,618.286011,0.000000,0.000000,0.200000,189.898254,-1.900000,-3.200000,0.000000,-10000.000000,-10000.000000,-10000.000000
3.048708,1,1.000000,0.000000,0.000000,0.000000,0.000000,0.000000,1.000000,1.000000,0.200000,618.327026,0.000000,0.000000,0.200000,189.890244,-1.900000,-3.200000,0.000000,-10000.000000,-10000.000000,-10000.000000
3.087457,1,1.000000,0.000000,0.000000,0.000000,0.000000,0.000000,1.000000,1.000000,0.200000,618.370972,0.000000,0.000000,0.200000,189.879623,-1.900000,-3.200000,0.000000,-10000.000000,-10000.000000,-10000.000000
3.131541,1,1.000000,0.000000,0.000000,0.000000,0.000000,0.000000,1.000000,1.000000,0.200000,618.406982,0.000000,0.000000,0.200000,189.863602,-1.900000,-3.200000,0.000000,-10000.000000,-10000.000000,-10000.000000
3.173071,1,1.000000,0.000000,0.000000,0.000000,0.000000,0.000000,1.000000,1.000000,0.200000,618.450989,0.000000,0.000000,0.200000,189.857910,-1.900000,-3.200000,0.000000,-10000.000000,-10000.000000,-10000.000000
3.208076,1,1.000000,0.000000,0.000000,0.000000,0.000000,0.000000,1.000000,1.000000,0.200000,618.491028,0.000000,0.000000,0.200000,189.845856,-1.900000,-3.200000,0.000000,-10000.000000,-10000.000000,-10000.000000
3.244675,1,1.000000,0.000000,0.000000,0.000000,0.000000,0.000000,1.000000,1.000000,0.200000,618.523987,0.000000,0.000000,0.200000,189.836975,-1.900000,-3.200000,0.000000,-10000.000000,-10000.000000,-10000.000000
3.288097,1,1.000000,0.000000,0.000000,0.000000,0.000000,0.000000,1.000000,1.000000,0.200000,618.960022,0.000000,0.000000,0.200000,189.830811,-1.900000,-3.200000,0.000000,-10000.000000,-10000.000000,-10000.000000
3.331368,1,1.000000,0.000000,0.000000,0.000000,0.000000,0.000000,1.000000,1.000000,0.200000,619.030029,0.000000,0.000000,0.200000,189.819595,-1.900000,-3.200000,0.000000,-10000.000000,-10000.000000,-10000.000000
3.374529,1,1.000000,0.000000,0.000000,0.000000,0.000000,0.000000,1.000000,1.000000,0.200000,619.429993,0.000000,0.000000,0.200000,189.811600,-1.900000,-3.200000,0.000000,-10000.000000,-10000.000000,-10000.000000
3.402972,1,1.000000,0.000000,0.000000,0.000000,0.000000,0.000000,1.000000,1.000000,0.200000,618.689026,0.000000,0.000000,0.200000,189.803833,-1.900000,-3.200000,0.000000,-10000.000000,-10000.000000,-10000.000000
3.438008,1,1.000000,0.000000,0.000000,0.000000,0.000000,0.000000,1.000000,1.000000,0.200000,618.731995,0.000000,0.000000,0.200000,189.792801,-1.900000,-3.200000,0.000000,-10000.000000,-10000.000000,-10000.000000
3.483720,1,1.000000,0.000000,0.000000,0.000000,0.000000,0.000000,1.000000,1.000000,0.200000,618.768005,0.000000,0.000000,0.200000,189.785263,-1.900000,-3.200000,0.000000,-10000.000000,-10000.000000,-10000.000000
3.521524,1,1.000000,0.000000,0.000000,0.000000,0.000000,0.000000,1.000000,1.000000,0.200000,618.804016,0.000000,0.000000,0.200000,189.775742,-1.900000,-3.200000,0.000000,-10000.000000,-10000.000000,-10000.000000
3.560926,1,1.000000,0.000000,0.000000,0.000000,0.000000,0.000000,1.000000,1.000000,0.200000,618.848022,0.000000,0.000000,0.200000,189.767258,-1.900000,-3.200000,0.000000,-10000.000000,-10000.000000,-10000.000000
3.595771,1,1.000000,0.000000,0.000000,0.000000,0.000000,0.000000,1.000000,1.000000,0.200000,618.883972,0.000000,0.000000,0.200000,189.758591,-1.900000,-3.200000,0.000000,-10000.000000,-10000.000000,-10000.000000
3.639360,1,1.000000,0.000000,0.000000,0.000000,0.000000,0.000000,1.000000,1.000000,0.200000,618.922974,0.000000,0.000000,0.200000,189.748611,-1.900000,-3.200000,0.000000,-10000.000000,-10000.000000,-10000.000000
3.683008,1,1.000000,0.000000,0.000000,0.000000,0.000000,0.000000,1.000000,1.000000,0.200000,618.969971,0.000000,0.000000,0.200000,189.738525,-1.900000,-3.200000,0.000000,-10000.000000,-10000.000000,-10000.000000
3.717644,1,1.000000,0.000000,0.000000,0.000000,0.000000,0.000000,1.000000,1.000000,0.200000,619.012024,0.000000,0.000000,0.200000,189.730011,-1.900000,-3.200000,0.000000,-10000.000000,-10000.000000,-10000.000000
3.760251,1,1.000000,0.000000,0.000000,0.000000,0.000000,0.000000,1.000000,1.000000,0.200000,619.046021,0.000000,0.000000,0.200000,189.720566,-1.900000,-3.200000,0.000000,-10000.000000,-10000.000000,-10000.000000
3.797519,1,1.000000,0.000000,0.000000,0.000000,0.000000,0.000000,1.000000,1.000000,0.200000,619.088013,0.000000,0.000000,0.200000,189.712769,-1.900000,-3.200000,0.000000,-10000.000000,-10000.000000,-10000.000000
3.838148,1,1.000000,0.000000,0.000000,0.000000,0.000000,0.000000,1.000000,1.000000,0.200000,619.127991,0.000000,0.000000,0.200000,189.703995,-1.900000,-3.200000,0.000000,-10000.000000,-10000.000000,-10000.000000
3.883820,1,1.000000,0.000000,0.000000,0.000000,0.000000,0.000000,1.000000,1.000000,0.200000,619.171021,0.000000,0.000000,0.200000,189.692230,-1.900000,-3.200000,0.000000,-10000.000000,-10000.000000,-10000.000000
3.928127,1,1.000000,0.000000,0.000000,0.000000,0.000000,0.000000,1.000000,1.000000,0.200000,619.205994,0.000000,0.000000,0.200000,189.686920,-1.900000,-3.200000,0.000000,-10000.000000,-10000.000000,-10000.000000
3.967992,1,1.000000,0.000000,0.000000,0.000000,0.000000,0.000000,1.000000,1.000000,0.200000,619.249023,0.000000,0.000000,0.200000,189.676010,-1.900000,-3.200000,0.000000,-10000.000000,-10000.000000,-10000.000000
4.001864,1,1.000000,0.000000,0.000000,0.000000,0.000000,0.000000,1.000000,1.000000,0.200000,619.289001,0.000000,0.000000,0.200000,189.664612,-1.900000,-3.200000,0.000000,-10000.000000,-10000.000000,-10000.000000
4.038448,1,1.000000,0.000000,0.000000,0.000000,0.000000,0.000000,1.000000,1.000000,0.200000,619.330017,0.000000,0.000000,0.200000,189.655823,-1.900000,-3.200000,0.000000,-10000.000000,-10000.000000,-10000.000000
4.083539,1,1.000000,0.000000,0.000000,0.000000,0.000000,0.000000,1.000000,1.000000,0.200000,619.370972,0.000000,0.000000,0.200000,189.642395,-1.900000,-3.200000,0.000000,-10000.000000,-10000.000000,-10000.000000
4.117975,1,1.000000,0.000000,0.000000,0.000000,0.000000,0.000000,1.000000,1.000000,0.200000,619.413025,0.000000,0.000000,0.200000,189.630539,-1.900000,-3.200000,0.000000,-10000.000000,-10000.000000,-10000.000000
4.159464,1,1.000000,0.000000,0.000000,0.000000,0.000000,0.000000,1.000000,1.000000,0.200000,619.447021,0.000000,0.000000,0.200000,189.617874,-1.900000,-3.200000,0.000000,-10000.000000,-10000.000000,-10000.000000
4.199439,1,1.000000,0.000000,0.000000,0.000000,0.000000,0.000000,1.000000,1.000000,0.200000,619.486023,0.000000,0.000000,0.200000,189.600327,-1.900000,-3.200000,0.000000,-10000.000000,-10000.000000,-10000.000000
4.237621,1,1.000000,0.000000,0.000000,0.000000,0.000000,0.000000,1.000000,1.000000,0.200000,619.528015,0.000000,0.000000,0.200000,189.585190,-1.900000,-3.200000,0.000000,-10000.000000,-10000.000000,-10000.000000
4.278387,1,1.000000,0.000000,0.000000,0.000000,0.000000,0.000000,1.000000,1.000000,0.200000,620.359985,0.000000,0.000000,0.200000,189.568420,-1.900000,-3.200000,0.000000,-10000.000000,-10000.000000,-10000.000000
4.319292,1,1.000000,0.000000,0.000000,0.000000,0.000000,0.000000,1.000000,1.000000,0.200000,620.049988,0.000000,0.000000,0.200000,189.552887,-1.900000,-3.200000,0.000000,-10000.000000,-10000.000000,-10000.000000
4.359945,1,1.000000,0.000000,0.000000,0.000000,0.000000,0.000000,1.000000,1.000000,0.200000,620.460022,0.000000,0.000000,0.200000,189.535889,-1.900000,-3.200000,0.000000,-10000.000000,-10000.000000,-10000.000000
4.396738,1,1.000000,0.000000,0.000000,0.000000,0.000000,0.000000,1.000000,1.000000,0.200000,619.692017,0.000000,0.000000,0.200000,189.516937,-1.900000,-3.200000,0.000000,-10000.000000,-10000.000000,-10000.000000
4.439951,1,1.000000,0.000000,0.000000,0.000000,0.000000,0.000000,1.000000,1.000000,0.200000,619.724976,0.000000,0.000000,0.200000,189.499100,-1.900000,-3.200000,0.000000,-10000.000000,-10000.000000,-10000.000000
4.476042,1,1.000000,0.000000,0.000000,0.000000,0.000000,0.000000,1.000000,1.000000,0.200000,619.765991,0.000000,0.000000,0.200000,189.481918,-1.900000,-3.200000,0.000000,-10000.000000,-10000.000000,-10000.000000
4.519749,1,1.000000,0.000000,0.000000,0.000000,0.000000,0.000000,1.000000,1.000000,0.200000,619.807007,0.000000,0.000000,0.200000,189.463211,-1.900000,-3.200000,0.000000,-10000.000000,-10000.000000,-10000.000000
4.557118,1,1.000000,0.000000,0.000000,0.000000,0.000000,0.000000,1.000000,1.000000,0.200000,619.846008,0.000000,0.000000,0.200000,189.443787,-1.900000,-3.200000,0.000000,-10000.000000,-10000.000000,-10000.000000
4.597353,1,1.000000,0.000000,0.000000,0.000000,0.000000,0.000000,1.000000,1.000000,0.200000,619.885986,0.000000,0.000000,0.200000,189.424179,-1.900000,-3.200000,0.000000,-10000.000000,-10000.000000,-10000.000000
4.641276,1,1.000000,0.000000,0.000000,0.000000,0.000000,0.000000,1.000000,1.000000,0.200000,619.924011,0.000000,0.000000,0.200000,189.401810,-1.900000,-3.200000,0.000000,-10000.000000,-10000.000000,-10000.000000
4.678394,1,1.000000,0.000000,0.000000,0.000000,0.000000,0.000000,1.000000,1.000000,0.200000,619.963989,0.000000,0.000000,0.200000,189.383743,-1.900000,-3.200000,0.000000,-10000.000000,-10000.000000,-10000.000000
4.719557,1,1.000000,0.000000,0.000000,0.000000,0.000000,0.000000,1.000000,1.000000,0.200000,620.007019,0.000000,0.000000,0.200000,189.365356,-1.800000,-3.200000,0.000000,-10000.000000,-10000.000000,-10000.000000
4.759843,1,1.000000,0.000000,0.000000,0.000000,0.000000,0.000000,1.000000,1.000000,0.200000,620.049988,0.000000,0.000000,0.200000,189.344711,-1.900000,-3.200000,0.000000,-10000.000000,-10000.000000,-10000.000000
4.799642,1,1.000000,0.000000,0.000000,0.000000,0.000000,0.000000,1.000000,1.000000,0.200000,620.088013,0.000000,0.000000,0.200000,189.325668,-1.800000,-3.200000,0.000000,-10000.000000,-10000.000000,-10000.000000
4.840554,1,1.000000,0.000000,0.000000,0.000000,0.000000,0.000000,1.000000,1.000000,0.200000,620.130005,0.000000,0.000000,0.200000,189.306122,-1.800000,-3.200000,0.000000,-10000.000000,-10000.000000,-10000.000000
4.879487,1,1.000000,0.000000,0.000000,0.000000,0.000000,0.000000,1.000000,1.000000,0.200000,620.164001,0.000000,0.000000,0.200000,189.286469,-1.800000,-3.200000,0.000000,-10000.000000,-10000.000000,-10000.000000
4.923749,1,1.000000,0.000000,0.000000,0.000000,0.000000,0.000000,1.000000,1.000000,0.200000,620.208008,0.000000,0.000000,0.200000,189.269592,-1.800000,-3.200000,0.000000,-10000.000000,-10000.000000,-10000.000000
4.960271,1,1.000000,0.000000,0.000000,0.000000,0.000000,0.000000,1.000000,1.000000,0.200000,620.249023,0.000000,0.000000,0.200000,189.251099,-1.800000,-3.200000,0.000000,-10000.000000,-10000.000000,-10000.000000
4.999437,1,1.000000,0.000000,0.000000,0.000000,0.000000,0.000000,1.000000,1.000000,0.200000,620.283997,0.000000,0.000000,0.200000,189.229691,-1.800000,-3.200000,0.000000,-10000.000000,-10000.000000,-10000.000000
5.040445,1,1.000000,0.000000,0.000000,0.000000,0.000000,0.000000,1.000000,1.000000,0.200000,620.328003,0.000000,0.000000,0.200000,189.211609,-1.800000,-3.200000,0.000000,-10000.000000,-10000.000000,-10000.000000
5.084586,1,1.000000,0.000000,0.000000,0.000000,0.000000,0.000000,1.000000,1.000000,0.200000,620.369995,0.000000,0.000000,0.200000,189.192001,-1.800000,-3.200000,0.000000,-10000.000000,-10000.000000,-10000.000000
5.121836,1,1.000000,0.000000,0.000000,0.000000,0.000000,0.000000,1.000000,1.000000,0.200000,620.403015,0.000000,0.000000,0.200000,189.170746,-1.800000,-3.200000,0.000000,-10000.000000,-10000.000000,-10000.000000
5.157623,1,1.000000,0.000000,0.000000,0.000000,0.000000,0.000000,1.000000,1.000000,0.200000,620.447021,0.000000,0.000000,0.200000,189.151367,-1.800000,-3.200000,0.000000,-10000.000000,-10000.000000,-10000.000000
5.206717,1,1.000000,0.000000,0.000000,0.000000,0.000000,0.000000,1.000000,1.000000,0.200000,620.481995,0.000000,0.000000,0.200000,189.131134,-1.800000,-3.200000,0.000000,-10000.000000,-10000.000000,-10000.000000
5.241318,1,1.000000,0.000000,0.000000,0.000000,0.000000,0.000000,1.000000,1.000000,0.200000,620.528015,0.000000,0.000000,0.200000,189.112991,-1.800000,-3.200000,0.000000,-10000.000000,-10000.000000,-10000.000000
5.277897,1,1.000000,0.000000,0.000000,0.000000,0.000000,0.000000,1.000000,1.000000,0.200000,620.679993,0.000000,0.000000,0.200000,189.093094,-1.800000,-3.200000,0.000000,-10000.000000,-10000.000000,-10000.000000
5.319576,1,1.000000,0.000000,0.000000,0.000000,0.000000,0.000000,1.000000,1.000000,0.200000,621.039978,0.000000,0.000000,0.200000,189.074417,-1.800000,-3.200000,0.000000,-10000.000000,-10000.000000,-10000.000000
5.362042,1,1.000000,0.000000,0.000000,0.000000,0.000000,0.000000,1.000000,1.000000,0.200000,621.469971,0.000000,0.000000,0.200000,189.055069,-1.800000,-3.200000,0.000000,-10000.000000,-10000.000000,-10000.000000
5.398080,1,1.000000,0.000000,0.000000,0.000000,0.000000,0.000000,1.000000,1.000000,0.200000,620.687012,0.000000,0.000000,0.200000,189.037094,-1.800000,-3.200000,0.000000,-10000.000000,-10000.000000,-10000.000000
5.439999,1,1.000000,0.000000,0.000000,0.000000,0.000000,0.000000,1.000000,1.000000,0.200000,620.723999,0.000000,0.000000,0.200000,189.017319,-1.800000,-3.200000,0.000000,-10000.000000,-10000.000000,-10000.000000
5.477292,1,1.000000,0.000000,0.000000,0.000000,0.000000,0.000000,1.000000,1.000000,0.200000,620.758972,0.000000,0.000000,0.200000,189.009827,-1.800000,-3.200000,0.000000,-10000.000000,-10000.000000,-10000.000000
5.524432,1,1.000000,0.000000,0.000000,0.000000,0.000000,0.000000,1.000000,1.000000,0.200000,620.812012,0.000000,0.000000,0.200000,188.983368,-1.800000,-3.200000,0.000000,-10000.000000,-10000.000000,-10000.000000
5.558568,1,1.000000,0.000000,0.000000,0.000000,0.000000,0.000000,1.000000,1.000000,0.200000,620.846008,0.000000,0.000000,0.200000,188.964340,-1.800000,-3.200000,0.000000,-10000.000000,-10000.000000,-10000.000000
5.601279,1,1.000000,0.000000,0.000000,0.000000,0.000000,0.000000,1.000000,1.000000,0.200000,620.888000,0.000000,0.000000,0.200000,188.965103,-1.800000,-3.200000,0.000000,-10000.000000,-10000.000000,-10000.000000
5.641499,1,1.000000,0.000000,0.000000,0.000000,0.000000,0.000000,1.000000,1.000000,0.200000,620.929016,0.000000,0.000000,0.200000,188.885223,-1.900000,-3.200000,0.000000,-10000.000000,-10000.000000,-10000.000000
5.685972,1,1.000000,0.000000,0.000000,0.000000,0.000000,0.000000,1.000000,1.000000,0.200000,620.971008,0.000000,0.000000,0.200000,188.950363,-1.800000,-3.200000,0.000000,-10000.000000,-10000.000000,-10000.000000
5.723584,1,1.000000,0.000000,0.000000,0.000000,0.000000,0.000000,1.000000,1.000000,0.200000,621.010986,0.000000,0.000000,0.200000,188.880798,-1.800000,-3.200000,0.000000,-10000.000000,-10000.000000,-10000.000000
5.759456,1,1.000000,0.000000,0.000000,0.000000,0.000000,0.000000,1.000000,1.000000,0.200000,621.046021,0.000000,0.000000,0.200000,188.868286,-1.800000,-3.200000,0.000000,-10000.000000,-10000.000000,-10000.000000
5.803230,1,1.000000,0.000000,0.000000,0.000000,0.000000,0.000000,1.000000,1.000000,0.200000,621.088989,0.000000,0.000000,0.200000,188.880585,-1.800000,-3.200000,0.000000,-10000.000000,-10000.000000,-10000.000000
5.839784,1,1.000000,0.000000,0.000000,0.000000,0.000000,0.000000,1.000000,1.000000,0.200000,621.127991,0.000000,0.000000,0.200000,188.818115,-1.800000,-3.200000,0.000000,-10000.000000,-10000.000000,-10000.000000
5.877245,1,1.000000,0.000000,0.000000,0.000000,0.000000,0.000000,1.000000,1.000000,0.200000,621.166992,0.000000,0.000000,0.200000,188.818726,-1.800000,-3.200000,0.000000,-10000.000000,-10000.000000,-10000.000000
5.921718,1,1.000000,0.000000,0.000000,0.000000,0.000000,0.000000,1.000000,1.000000,0.200000,621.205994,0.000000,0.000000,0.200000,188.801819,-1.800000,-3.200000,0.000000,-10000.000000,-10000.000000,-10000.000000
5.955740,1,1.000000,0.000000,0.000000,0.000000,0.000000,0.000000,1.000000,1.000000,0.200000,621.247986,0.000000,0.000000,0.200000,188.755905,-1.800000,-3.200000,0.000000,-10000.000000,-10000.000000,-10000.000000
5.996804,1,1.000000,0.000000,0.000000,0.000000,0.000000,0.000000,1.000000,1.000000,0.200000,621.289978,0.000000,0.000000,0.200000,188.751160,-1.800000,-3.200000,0.000000,-10000.000000,-10000.000000,-10000.000000
6.037120,1,1.000000,0.000000,0.000000,0.000000,0.000000,0.000000,1.000000,1.000000,0.200000,621.325012,0.000000,0.000000,0.200000,188.724289,-1.800000,-3.200000,0.000000,-10000.000000,-10000.000000,-10000.000000
6.079786,1,1.000000,0.000000,0.000000,0.000000,0.000000,0.000000,1.000000,1.000000,0.200000,621.366028,0.000000,0.000000,0.200000,188.692703,-1.800000,-3.200000,0.000000,-10000.000000,-10000.000000,-10000.000000
6.119107,1,1.000000,0.000000,0.000000,0.000000,0.000000,0.000000,1.000000,1.000000,0.200000,621.406982,0.000000,0.000000,0.200000,188.687393,-1.800000,-3.200000,0.000000,-10000.000000,-10000.000000,-10000.000000
6.155160,1,1.000000,0.000000,0.000000,0.000000,0.000000,0.000000,1.000000,1.000000,0.200000,621.447021,0.000000,0.000000,0.200000,188.662430,-1.800000,-3.200000,0.000000,-10000.000000,-10000.000000,-10000.000000
6.201793,1,1.000000,0.000000,0.000000,0.000000,0.000000,0.000000,1.000000,1.000000,0.200000,621.491028,0.000000,0.000000,0.200000,188.639954,-1.800000,-3.200000,0.000000,-10000.000000,-10000.000000,-10000.000000
6.240391,1,1.000000,0.000000,0.000000,0.000000,0.000000,0.000000,1.000000,1.000000,0.200000,621.526001,0.000000,0.000000,0.200000,188.629501,-1.800000,-3.200000,0.000000,-10000.000000,-10000.000000,-10000.000000
6.280873,1,1.000000,0.000000,0.000000,0.000000,0.000000,0.000000,1.000000,1.000000,0.200000,622.260010,0.000000,0.000000,0.200000,188.605759,-1.800000,-3.200000,0.000000,-10000.000000,-10000.000000,-10000.000000
6.323245,1,1.000000,0.000000,0.000000,0.000000,0.000000,0.000000,1.000000,1.000000,0.200000,622.010010,0.000000,0.000000,0.200000,188.588867,-1.800000,-3.200000,0.000000,-10000.000000,-10000.000000,-10000.000000
6.359489,1,1.000000,0.000000,0.000000,0.000000,0.000000,0.000000,1.000000,1.000000,0.200000,622.429993,0.000000,0.000000,0.200000,188.575653,-1.800000,-3.200000,0.000000,-10000.000000,-10000.000000,-10000.000000
6.396337,1,1.000000,0.000000,0.000000,0.000000,0.000000,0.000000,1.000000,1.000000,0.200000,621.689026,0.000000,0.000000,0.200000,188.551941,-1.800000,-3.200000,0.000000,-10000.000000,-10000.000000,-10000.000000
6.436828,1,1.000000,0.000000,0.000000,0.000000,0.000000,0.000000,1.000000,1.000000,0.200000,621.731018,0.000000,0.000000,0.200000,188.540680,-1.800000,-3.200000,0.000000,-10000.000000,-10000.000000,-10000.000000
6.486549,1,1.000000,0.000000,0.000000,0.000000,0.000000,0.000000,1.000000,1.000000,0.200000,621.767029,0.000000,0.000000,0.200000,188.521820,-1.800000,-3.200000,0.000000,-10000.000000,-10000.000000,-10000.000000
6.518273,1,1.000000,0.000000,0.000000,0.000000,0.000000,0.000000,1.000000,1.000000,0.200000,621.809998,0.000000,0.000000,0.200000,188.502686,-1.800000,-3.200000,0.000000,-10000.000000,-10000.000000,-10000.000000
6.560273,1,1.000000,0.000000,0.000000,0.000000,0.000000,0.000000,1.000000,1.000000,0.200000,621.851990,0.000000,0.000000,0.200000,188.486465,-1.800000,-3.200000,0.000000,-10000.000000,-10000.000000,-10000.000000
6.597614,1,1.000000,0.000000,0.000000,0.000000,0.000000,0.000000,1.000000,1.000000,0.200000,621.885986,0.000000,0.000000,0.200000,188.466797,-1.800000,-3.200000,0.000000,-10000.000000,-10000.000000,-10000.000000
6.636702,1,1.000000,0.000000,0.000000,0.000000,0.000000,0.000000,1.000000,1.000000,0.200000,621.922974,0.000000,0.000000,0.200000,188.449615,-1.800000,-3.200000,0.000000,-10000.000000,-10000.000000,-10000.000000
6.676901,1,1.000000,0.000000,0.000000,0.000000,0.000000,0.000000,1.000000,1.000000,0.200000,621.965027,0.000000,0.000000,0.200000,188.430145,-1.800000,-3.200000,0.000000,-10000.000000,-10000.000000,-10000.000000
6.719427,1,1.000000,0.000000,0.000000,0.000000,0.000000,0.000000,1.000000,1.000000,0.200000,622.010010,0.000000,0.000000,0.200000,188.410233,-1.800000,-3.200000,0.000000,-10000.000000,-10000.000000,-10000.000000
6.758062,1,1.000000,0.000000,0.000000,0.000000,0.000000,0.000000,1.000000,1.000000,0.200000,622.047974,0.000000,0.000000,0.200000,188.391861,-1.800000,-3.200000,0.000000,-10000.000000,-10000.000000,-10000.000000
6.796275,1,1.000000,0.000000,0.000000,0.000000,0.000000,0.000000,1.000000,1.000000,0.200000,622.085999,0.000000,0.000000,0.200000,188.372269,-1.800000,-3.200000,0.000000,-10000.000000,-10000.000000,-10000.000000
6.839985,1,1.000000,0.000000,0.000000,0.000000,0.000000,0.000000,1.000000,1.000000,0.200000,622.125000,0.000000,0.000000,0.200000,188.354050,-1.800000,-3.200000,0.000000,-10000.000000,-10000.000000,-10000.000000
6.876732,1,1.000000,0.000000,0.000000,0.000000,0.000000,0.000000,1.000000,1.000000,0.200000,622.171021,0.000000,0.000000,0.200000,188.335800,-1.800000,-3.200000,0.000000,-10000.000000,-10000.000000,-10000.000000
6.919765,1,1.000000,0.000000,0.000000,0.000000,0.000000,0.000000,1.000000,1.000000,0.200000,622.206970,0.000000,0.000000,0.200000,188.314377,-1.800000,-3.200000,0.000000,-10000.000000,-10000.000000,-10000.000000
6.959564,1,1.000000,0.000000,0.000000,0.000000,0.000000,0.000000,1.000000,1.000000,0.200000,622.247986,0.000000,0.000000,0.200000,188.293594,-1.800000,-3.200000,0.000000,-10000.000000,-10000.000000,-10000.000000
7.001699,1,1.000000,0.000000,0.000000,0.000000,0.000000,0.000000,1.000000,1.000000,0.200000,622.291016,0.000000,0.000000,0.200000,188.276291,-1.800000,-3.200000,0.000000,-10000.000000,-10000.000000,-10000.000000
7.038727,1,1.000000,0.000000,0.000000,0.000000,0.000000,0.000000,1.000000,1.000000,0.200000,622.325012,0.000000,0.000000,0.200000,188.257065,-1.800000,-3.200000,0.000000,-10000.000000,-10000.000000,-10000.000000
7.078736,1,1.000000,0.000000,0.000000,0.000000,0.000000,0.000000,1.000000,1.000000,0.200000,622.364014,0.000000,0.000000,0.200000,188.236237,-1.800000,-3.200000,0.000000,-10000.000000,-10000.000000,-10000.000000
7.117473,1,1.000000,0.000000,0.000000,0.000000,0.000000,0.000000,1.000000,1.000000,0.200000,622.408020,0.000000,0.000000,0.200000,188.216644,-1.800000,-3.200000,0.000000,-10000.000000,-10000.000000,-10000.000000
7.156232,1,1.000000,0.000000,0.000000,0.000000,0.000000,0.000000,1.000000,1.000000,0.200000,622.447021,0.000000,0.000000,0.200000,188.193619,-1.800000,-3.200000,0.000000,-10000.000000,-10000.000000,-10000.000000
7.200570,1,1.000000,0.000000,0.000000,0.000000,0.000000,0.000000,1.000000,1.000000,0.200000,622.489014,0.000000,0.000000,0.200000,188.175568,-1.800000,-3.200000,0.000000,-10000.000000,-10000.000000,-10000.000000
7.238012,1,1.000000,0.000000,0.000000,0.000000,0.000000,0.000000,1.000000,1.000000,0.200000,622.528992,0.000000,0.000000,0.200000,188.158005,-1.800000,-3.200000,0.000000,-10000.000000,-10000.000000,-10000.000000
7.281964,1,1.000000,0.000000,0.000000,0.000000,0.000000,0.000000,1.000000,1.000000,0.200000,623.260010,0.000000,0.000000,0.200000,188.135345,-1.800000,-3.200000,0.000000,-10000.000000,-10000.000000,-10000.000000
7.323000,1,1.000000,0.000000,0.000000,0.000000,0.000000,0.000000,1.000000,1.000000,0.200000,623.010010,0.000000,0.000000,0.200000,188.119171,-1.800000,-3.200000,0.000000,-10000.000000,-10000.000000,-10000.000000
7.361877,1,1.000000,0.000000,0.000000,0.000000,0.000000,0.000000,1.000000,1.000000,0.200000,623.419983,0.000000,0.000000,0.200000,188.102142,-1.800000,-3.200000,0.000000,-10000.000000,-10000.000000,-10000.000000
7.406847,1,1.000000,0.000000,0.000000,0.000000,0.000000,0.000000,1.000000,1.000000,0.200000,622.684021,0.000000,0.000000,0.200000,188.081055,-1.800000,-3.200000,0.000000,-10000.000000,-10000.000000,-10000.000000
7.441251,1,1.000000,0.000000,0.000000,0.000000,0.000000,0.000000,1.000000,1.000000,0.200000,622.731995,0.000000,0.000000,0.200000,188.062805,-1.800000,-3.200000,0.000000,-10000.000000,-10000.000000,-10000.000000
7.479765,1,1.000000,0.000000,0.000000,0.000000,0.000000,0.000000,1.000000,1.000000,0.200000,622.763977,0.000000,0.000000,0.200000,188.046478,-1.800000,-3.200000,0.000000,-10000.000000,-10000.000000,-10000.000000
7.521553,1,1.000000,0.000000,0.000000,0.000000,0.000000,0.000000,1.000000,1.000000,0.200000,622.806030,0.000000,0.000000,0.200000,188.020920,-1.800000,-3.200000,0.000000,-10000.000000,-10000.000000,-10000.000000
7.556993,1,1.000000,0.000000,0.000000,0.000000,0.000000,0.000000,1.000000,1.000000,0.200000,622.846008,0.000000,0.000000,0.200000,188.006516,-1.800000,-3.200000,0.000000,-10000.000000,-10000.000000,-10000.000000
7.597081,1,1.000000,0.000000,0.000000,0.000000,0.000000,0.000000,1.000000,1.000000,0.200000,622.890015,0.000000,0.000000,0.200000,187.985962,-1.800000,-3.200000,0.000000,-10000.000000,-10000.000000,-10000.000000
7.640604,1,1.000000,0.000000,0.000000,0.000000,0.000000,0.000000,1.000000,1.000000,0.200000,622.922974,0.000000,0.000000,0.200000,187.964172,-1.800000,-3.200000,0.000000,-10000.000000,-10000.000000,-10000.000000
7.677732,1,1.000000,0.000000,0.000000,0.000000,0.000000,0.000000,1.000000,1.000000,0.200000,622.965027,0.000000,0.000000,0.200000,187.946564,-1.800000,-3.200000,0.000000,-10000.000000,-10000.000000,-10000.000000
7.723074,1,1.000000,0.000000,0.000000,0.000000,0.000000,0.000000,1.000000,1.000000,0.200000,623.007019,0.000000,0.000000,0.200000,187.925674,-1.800000,-3.200000,0.000000,-10000.000000,-10000.000000,-10000.000000
7.760450,1,1.000000,0.000000,0.000000,0.000000,0.000000,0.000000,1.000000,1.000000,0.200000,623.047974,0.000000,0.000000,0.200000,187.900894,-1.800000,-3.200000,0.000000,-10000.000000,-10000.000000,-10000.000000
7.801122,1,1.000000,0.000000,0.000000,0.000000,0.000000,0.000000,1.000000,1.000000,0.200000,623.085022,0.000000,0.000000,0.200000,187.878677,-1.800000,-3.200000,0.000000,-10000.000000,-10000.000000,-10000.000000
7.841215,1,1.000000,0.000000,0.000000,0.000000,0.000000,0.000000,1.000000,1.000000,0.200000,623.127014,0.000000,0.000000,0.200000,187.855637,-1.800000,-3.200000,0.000000,-10000.000000,-10000.000000,-10000.000000
7.877996,1,1.000000,0.000000,0.000000,0.000000,0.000000,0.000000,1.000000,1.000000,0.200000,623.171997,0.000000,0.000000,0.200000,187.836212,-1.800000,-3.200000,0.000000,-10000.000000,-10000.000000,-10000.000000
7.923060,1,1.000000,0.000000,0.000000,0.000000,0.000000,0.000000,1.000000,1.000000,0.200000,623.210999,0.000000,0.000000,0.200000,187.802185,-1.800000,-3.200000,0.000000,-10000.000000,-10000.000000,-10000.000000
7.957579,1,1.000000,0.000000,0.000000,0.000000,0.000000,0.000000,1.000000,1.000000,0.200000,623.244995,0.000000,0.000000,0.200000,187.790848,-1.800000,-3.200000,0.000000,-10000.000000,-10000.000000,-10000.000000
7.999622,1,1.000000,0.000000,0.000000,0.000000,0.000000,0.000000,1.000000,1.000000,0.200000,623.284973,0.000000,0.000000,0.200000,187.768539,-1.800000,-3.200000,0.000000,-10000.000000,-10000.000000,-10000.000000
8.037879,1,1.000000,0.000000,0.000000,0.000000,0.000000,0.000000,1.000000,1.000000,0.200000,623.328003,0.000000,0.000000,0.200000,187.748428,-1.800000,-3.200000,0.000000,-10000.000000,-10000.000000,-10000.000000
8.082047,1,1.000000,0.000000,0.000000,0.000000,0.000000,0.000000,1.000000,1.000000,0.200000,623.372009,0.000000,0.000000,0.200000,187.725937,-1.800000,-3.200000,0.000000,-10000.000000,-10000.000000,-10000.000000
8.121322,1,1.000000,0.000000,0.000000,0.000000,0.000000,0.000000,1.000000,1.000000,0.200000,623.411987,0.000000,0.000000,0.200000,187.702576,-1.800000,-3.200000,0.000000,-10000.000000,-10000.000000,-10000.000000
8.157227,1,1.000000,0.000000,0.000000,0.000000,0.000000,0.000000,1.000000,1.000000,0.200000,623.443970,0.000000,0.000000,0.200000,187.682098,-1.800000,-3.200000,0.000000,-10000.000000,-10000.000000,-10000.000000
8.199647,1,1.000000,0.000000,0.000000,0.000000,0.000000,0.000000,1.000000,1.000000,0.200000,623.487976,0.000000,0.000000,0.200000,187.659103,-1.800000,-3.200000,0.000000,-10000.000000,-10000.000000,-10000.000000
8.236272,1,1.000000,0.000000,0.000000,0.000000,0.000000,0.000000,1.000000,1.000000,0.200000,623.523987,0.000000,0.000000,0.200000,187.637863,-1.800000,-3.200000,0.000000,-10000.000000,-10000.000000,-10000.000000
8.278539,1,1.000000,0.000000,0.000000,0.000000,0.000000,0.000000,1.000000,1.000000,0.200000,624.159973,0.000000,0.000000,0.200000,187.614853,-1.800000,-3.200000,0.000000,-10000.000000,-10000.000000,-10000.000000
8.321214,1,1.000000,0.000000,0.000000,0.000000,0.000000,0.000000,1.000000,1.000000,0.200000,624.080017,0.000000,0.000000,0.200000,187.592804,-1.800000,-3.200000,0.000000,-10000.000000,-10000.000000,-10000.000000
8.358757,1,1.000000,0.000000,0.000000,0.000000,0.000000,0.000000,1.000000,1.000000,0.200000,624.419983,0.000000,0.000000,0.200000,187.569946,-1.800000,-3.200000,0.000000,-10000.000000,-10000.000000,-10000.000000
8.402813,1,1.000000,0.000000,0.000000,0.000000,0.000000,0.000000,1.000000,1.000000,0.200000,623.689026,0.000000,0.000000,0.200000,187.549316,-1.800000,-3.200000,0.000000,-10000.000000,-10000.000000,-10000.000000
8.441990,1,1.000000,0.000000,0.000000,0.000000,0.000000,0.000000,1.000000,1.000000,0.200000,623.724976,0.000000,0.000000,0.200000,187.526886,-1.800000,-3.200000,0.000000,-10000.000000,-10000.000000,-10000.000000
8.487336,1,1.000000,0.000000,0.000000,0.000000,0.000000,0.000000,1.000000,1.000000,0.200000,623.763977,0.000000,0.000000,0.200000,187.500961,-1.800000,-3.200000,0.000000,-10000.000000,-10000.000000,-10000.000000
8.521314,1,1.000000,0.000000,0.000000,0.000000,0.000000,0.000000,1.000000,1.000000,0.200000,623.804993,0.000000,0.000000,0.200000,187.480057,-1.800000,-3.200000,0.000000,-10000.000000,-10000.000000,-10000.000000
8.558846,1,1.000000,0.000000,0.000000,0.000000,0.000000,0.000000,1.000000,1.000000,0.200000,623.853027,0.000000,0.000000,0.200000,187.457962,-1.800000,-3.200000,0.000000,-10000.000000,-10000.000000,-10000.000000
8.598183,1,1.000000,0.000000,0.000000,0.000000,0.000000,0.000000,1.000000,1.000000,0.200000,623.883972,0.000000,0.000000,0.200000,187.435944,-1.800000,-3.200000,0.000000,-10000.000000,-10000.000000,-10000.000000
8.639339,1,1.000000,0.000000,0.000000,0.000000,0.000000,0.000000,1.000000,1.000000,0.200000,623.924988,0.000000,0.000000,0.200000,187.415955,-1.800000,-3.200000,0.000000,-10000.000000,-10000.000000,-10000.000000
8.678965,1,1.000000,0.000000,0.000000,0.000000,0.000000,0.000000,1.000000,1.000000,0.200000,623.963013,0.000000,0.000000,0.200000,187.390823,-1.800000,-3.200000,0.000000,-10000.000000,-10000.000000,-10000.000000
8.721594,1,1.000000,0.000000,0.000000,0.000000,0.000000,0.000000,1.000000,1.000000,0.200000,624.007019,0.000000,0.000000,0.200000,187.369522,-1.800000,-3.200000,0.000000,-10000.000000,-10000.000000,-10000.000000
8.758525,1,1.000000,0.000000,0.000000,0.000000,0.000000,0.000000,1.000000,1.000000,0.200000,624.047974,0.000000,0.000000,0.200000,187.349365,-1.800000,-3.200000,0.000000,-10000.000000,-10000.000000,-10000.000000
8.797042,1,1.000000,0.000000,0.000000,0.000000,0.000000,0.000000,1.000000,1.000000,0.200000,624.085999,0.000000,0.000000,0.200000,187.329163,-1.800000,-3.200000,0.000000,-10000.000000,-10000.000000,-10000.000000
8.839629,1,1.000000,0.000000,0.000000,0.000000,0.000000,0.000000,1.000000,1.000000,0.200000,624.130981,0.000000,0.000000,0.200000,187.307358,-1.800000,-3.200000,0.000000,-10000.000000,-10000.000000,-10000.000000
8.881163,1,1.000000,0.000000,0.000000,0.000000,0.000000,0.000000,1.000000,1.000000,0.200000,624.166016,0.000000,0.000000,0.200000,187.305847,-1.800000,-3.200000,0.000000,-10000.000000,-10000.000000,-10000.000000
8.920797,1,1.000000,0.000000,0.000000,0.000000,0.000000,0.000000,1.000000,1.000000,0.200000,624.208008,0.000000,0.000000,0.200000,187.210739,-1.800000,-3.200000,0.000000,-10000.000000,-10000.000000,-10000.000000
8.957817,1,1.000000,0.000000,0.000000,0.000000,0.000000,0.000000,1.000000,1.000000,0.200000,624.250977,0.000000,0.000000,0.200000,187.282440,-1.800000,-3.200000,0.000000,-10000.000000,-10000.000000,-10000.000000
8.998909,1,1.000000,0.000000,0.000000,0.000000,0.000000,0.000000,1.000000,1.000000,0.200000,624.288025,0.000000,0.000000,0.200000,187.204575,-1.800000,-3.200000,0.000000,-10000.000000,-10000.000000,-10000.000000
9.041596,1,1.000000,0.000000,0.000000,0.000000,0.000000,0.000000,1.000000,1.000000,0.200000,624.328979,0.000000,0.000000,0.200000,187.189590,-1.800000,-3.200000,0.000000,-10000.000000,-10000.000000,-10000.000000
9.081699,1,1.000000,0.000000,0.000000,0.000000,0.000000,0.000000,1.000000,1.000000,0.200000,624.370972,0.000000,0.000000,0.200000,187.194458,-1.800000,-3.200000,0.000000,-10000.000000,-10000.000000,-10000.000000
9.119288,1,1.000000,0.000000,0.000000,0.000000,0.000000,0.000000,1.000000,1.000000,0.200000,624.408997,0.000000,0.000000,0.200000,187.134567,-1.800000,-3.200000,0.000000,-10000.000000,-10000.000000,-10000.000000
9.161089,1,1.000000,0.000000,0.000000,0.000000,0.000000,0.000000,1.000000,1.000000,0.200000,624.447021,0.000000,0.000000,0.200000,187.138107,-1.800000,-3.200000,0.000000,-10000.000000,-10000.000000,-10000.000000
9.199626,1,1.000000,0.000000,0.000000,0.000000,0.000000,0.000000,1.000000,1.000000,0.200000,624.491028,0.000000,0.000000,0.200000,187.108871,-1.800000,-3.200000,0.000000,-10000.000000,-10000.000000,-10000.000000
9.239698,1,1.000000,0.000000,0.000000,0.000000,0.000000,0.000000,1.000000,1.000000,0.200000,624.523987,0.000000,0.000000,0.200000,187.071594,-1.800000,-3.200000,0.000000,-10000.000000,-10000.000000,-10000.000000
9.277935,1,1.000000,0.000000,0.000000,0.000000,0.000000,0.000000,1.000000,1.000000,0.200000,625.260010,0.000000,0.000000,0.200000,187.068146,-1.800000,-3.200000,0.000000,-10000.000000,-10000.000000,-10000.000000
9.319093,1,1.000000,0.000000,0.000000,0.000000,0.000000,0.000000,1.000000,1.000000,0.200000,625.070007,0.000000,0.000000,0.200000,187.037476,-1.800000,-3.200000,0.000000,-10000.000000,-10000.000000,-10000.000000
9.357663,1,1.000000,0.000000,0.000000,0.000000,0.000000,0.000000,1.000000,1.000000,0.200000,625.419983,0.000000,0.000000,0.200000,187.011948,-1.800000,-3.200000,0.000000,-10000.000000,-10000.000000,-10000.000000
9.401080,1,1.000000,0.000000,0.000000,0.000000,0.000000,0.000000,1.000000,1.000000,0.200000,624.690002,0.000000,0.000000,0.200000,187.004120,-1.800000,-3.200000,0.000000,-10000.000000,-10000.000000,-10000.000000
9.438338,1,1.000000,0.000000,0.000000,0.000000,0.000000,0.000000,1.000000,1.000000,0.200000,624.728027,0.000000,0.000000,0.200000,186.973770,-1.800000,-3.200000,0.000000,-10000.000000,-10000.000000,-10000.000000
9.486210,1,1.000000,0.000000,0.000000,0.000000,0.000000,0.000000,1.000000,1.000000,0.200000,624.765991,0.000000,0.000000,0.200000,186.952148,-1.800000,-3.200000,0.000000,-10000.000000,-10000.000000,-10000.000000
9.518826,1,1.000000,0.000000,0.000000,0.000000,0.000000,0.000000,1.000000,1.000000,0.200000,624.810974,0.000000,0.000000,0.200000,186.936356,-1.800000,-3.200000,0.000000,-10000.000000,-10000.000000,-10000.000000
9.558788,1,1.000000,0.000000,0.000000,0.000000,0.000000,0.000000,1.000000,1.000000,0.200000,624.846985,0.000000,0.000000,0.200000,186.907394,-1.800000,-3.200000,0.000000,-10000.000000,-10000.000000,-10000.000000
9.603301,1,1.000000,0.000000,0.000000,0.000000,0.000000,0.000000,1.000000,1.000000,0.200000,624.890015,0.000000,0.000000,0.200000,186.890396,-1.800000,-3.200000,0.000000,-10000.000000,-10000.000000,-10000.000000
9.644172,1,1.000000,0.000000,0.000000,0.000000,0.000000,0.000000,1.000000,1.000000,0.200000,624.927979,0.000000,0.000000,0.200000,186.865372,-1.800000,-3.200000,0.000000,-10000.000000,-10000.000000,-10000.000000
9.678995,1,1.000000,0.000000,0.000000,0.000000,0.000000,0.000000,1.000000,1.000000,0.200000,624.971985,0.000000,0.000000,0.200000,186.839661,-1.800000,-3.200000,0.000000,-10000.000000,-10000.000000,-10000.000000
9.722397,1,1.000000,0.000000,0.000000,0.000000,0.000000,0.000000,1.000000,1.000000,0.200000,625.004028,0.000000,0.000000,0.200000,186.820038,-1.800000,-3.200000,0.000000,-10000.000000,-10000.000000,-10000.000000
9.759835,1,1.000000,0.000000,0.000000,0.000000,0.000000,0.000000,1.000000,1.000000,0.200000,625.044983,0.000000,0.000000,0.200000,186.792694,-1.800000,-3.200000,0.000000,-10000.000000,-10000.000000,-10000.000000
9.798849,1,1.000000,0.000000,0.000000,0.000000,0.000000,0.000000,1.000000,1.000000,0.200000,625.088989,0.000000,0.000000,0.200000,186.771301,-1.800000,-3.200000,0.000000,-10000.000000,-10000.000000,-10000.000000
9.838105,1,1.000000,0.000000,0.000000,0.000000,0.000000,0.000000,1.000000,1.000000,0.200000,625.135010,0.000000,0.000000,0.200000,186.744217,-1.800000,-3.200000,0.000000,-10000.000000,-10000.000000,-10000.000000
9.885604,1,1.000000,0.000000,0.000000,0.000000,0.000000,0.000000,1.000000,1.000000,0.200000,625.166016,0.000000,0.000000,0.200000,186.718124,-1.800000,-3.200000,0.000000,-10000.000000,-10000.000000,-10000.000000
9.931593,1,1.000000,0.000000,0.000000,0.000000,0.000000,0.000000,1.000000,1.000000,0.200000,625.211975,0.000000,0.000000,0.200000,186.699631,-1.800000,-3.200000,0.000000,-10000.000000,-10000.000000,-10000.000000
9.963288,1,1.000000,0.000000,0.000000,0.000000,0.000000,0.000000,1.000000,1.000000,0.200000,625.252014,0.000000,0.000000,0.200000,186.664200,-1.800000,-3.200000,0.000000,-10000.000000,-10000.000000,-10000.000000
10.004328,1,1.000000,0.000000,0.000000,0.000000,0.000000,0.000000,1.000000,1.000000,0.200000,625.293030,0.000000,0.000000,0.200000,186.643173,-1.800000,-3.200000,0.000000,-10000.000000,-10000.000000,-10000.000000
10.044096,1,1.000000,0.000000,0.000000,0.000000,0.000000,0.000000,1.000000,1.000000,0.200000,625.328979,0.000000,0.000000,0.200000,186.632111,-1.800000,-3.200000,0.000000,-10000.000000,-10000.000000,-10000.000000
10.081184,1,1.000000,0.000000,0.000000,0.000000,0.000000,0.000000,1.000000,1.000000,0.200000,625.369019,0.000000,0.000000,0.200000,186.608673,-1.800000,-3.200000,0.000000,-10000.000000,-10000.000000,-10000.000000
10.119277,1,1.000000,0.000000,0.000000,0.000000,0.000000,0.000000,1.000000,1.000000,0.200000,625.408997,0.000000,0.000000,0.200000,186.585815,-1.800000,-3.200000,0.000000,-10000.000000,-10000.000000,-10000.000000
10.162924,1,1.000000,0.000000,0.000000,0.000000,0.000000,0.000000,1.000000,1.000000,0.200000,625.453003,0.000000,0.000000,0.200000,186.565338,-1.800000,-3.200000,0.000000,-10000.000000,-10000.000000,-10000.000000
10.204161,1,1.000000,0.000000,0.000000,0.000000,0.000000,0.000000,1.000000,1.000000,0.200000,625.492981,0.000000,0.000000,0.200000,186.541092,-1.800000,-3.200000,0.000000,-10000.000000,-10000.000000,-10000.000000
10.249433,1,1.000000,0.000000,0.000000,0.000000,0.000000,0.000000,1.000000,1.000000,0.200000,625.526978,0.000000,0.000000,0.200000,186.516739,-1.800000,-3.200000,0.000000,-10000.000000,-10000.000000,-10000.000000
10.277261,1,1.000000,0.000000,0.000000,0.000000,0.000000,0.000000,1.000000,1.000000,0.200000,625.669983,0.000000,0.000000,0.200000,186.495255,-1.800000,-3.200000,0.000000,-10000.000000,-10000.000000,-10000.000000
10.321661,1,1.000000,0.000000,0.000000,0.000000,0.000000,0.000000,1.000000,1.000000,0.200000,626.049988,0.000000,0.000000,0.200000,186.468719,-1.800000,-3.200000,0.000000,-10000.000000,-10000.000000,-10000.000000
10.363944,1,1.000000,0.000000,0.000000,0.000000,0.000000,0.000000,1.000000,1.000000,0.200000,626.450012,0.000000,0.000000,0.200000,186.447357,-1.800000,-3.200000,0.000000,-10000.000000,-10000.000000,-10000.000000
10.402289,1,1.000000,0.000000,0.000000,0.000000,0.000000,0.000000,1.000000,1.000000,0.200000,625.690002,0.000000,0.000000,0.200000,186.423828,-1.800000,-3.200000,0.000000,-10000.000000,-10000.000000,-10000.000000
10.442885,1,1.000000,0.000000,0.000000,0.000000,0.000000,0.000000,1.000000,1.000000,0.200000,625.729980,0.000000,0.000000,0.200000,186.399323,-1.800000,-3.200000,0.000000,-10000.000000,-10000.000000,-10000.000000
10.482576,1,1.000000,0.000000,0.000000,0.000000,0.000000,0.000000,1.000000,1.000000,0.200000,625.770020,0.000000,0.000000,0.200000,186.375916,-1.800000,-3.200000,0.000000,-10000.000000,-10000.000000,-10000.000000
10.521786,1,1.000000,0.000000,0.000000,0.000000,0.000000,0.000000,1.000000,1.000000,0.200000,625.814026,0.000000,0.000000,0.200000,186.342590,-1.800000,-3.200000,0.000000,-10000.000000,-10000.000000,-10000.000000
10.561890,1,1.000000,0.000000,0.000000,0.000000,0.000000,0.000000,1.000000,1.000000,0.200000,625.854980,0.000000,0.000000,0.200000,186.319885,-1.800000,-3.200000,0.000000,-10000.000000,-10000.000000,-10000.000000
10.607146,1,1.000000,0.000000,0.000000,0.000000,0.000000,0.000000,1.000000,1.000000,0.200000,625.892029,0.000000,0.000000,0.200000,186.308838,-1.800000,-3.200000,0.000000,-10000.000000,-10000.000000,-10000.000000
10.639715,1,1.000000,0.000000,0.000000,0.000000,0.000000,0.000000,1.000000,1.000000,0.200000,625.935974,0.000000,0.000000,0.200000,186.273239,-1.800000,-3.200000,0.000000,-10000.000000,-10000.000000,-10000.000000
