110.618784,1,1.750000,0.000000,0.000000,0.000000,1.000000,0.000000,0.000000,0.000000,0.200000,283.574005,0.000000,0.000000,0.200000,144.128159,1.100000,0.500000,0.000000,-10000.000000,-10000.000000,-10000.000000
110.668395,1,1.750000,0.000000,0.000000,0.000000,1.000000,0.000000,0.000000,0.000000,0.200000,283.738007,0.000000,0.000000,0.200000,144.134689,1.100000,0.500000,0.000000,-10000.000000,-10000.000000,-10000.000000
110.691523,1,1.750000,0.000000,0.000000,0.000000,1.000000,0.000000,0.000000,0.000000,0.200000,283.769012,0.000000,0.000000,0.200000,144.183990,1.100000,0.500000,0.000000,-10000.000000,-10000.000000,-10000.000000
110.738230,1,1.750000,0.000000,0.000000,0.000000,1.000000,0.000000,0.000000,0.000000,0.200000,283.809998,0.000000,0.000000,0.200000,144.134949,1.100000,0.600000,0.000000,-10000.000000,-10000.000000,-10000.000000
110.792607,1,1.750000,0.000000,0.000000,0.000000,1.000000,0.000000,0.000000,0.000000,0.200000,283.842987,0.000000,0.000000,0.200000,144.163071,1.000000,0.500000,0.000000,-10000.000000,-10000.000000,-10000.000000
110.835140,1,1.750000,0.000000,0.000000,0.000000,1.000000,0.000000,0.000000,0.000000,0.200000,283.914001,0.000000,0.000000,0.200000,144.163071,1.000000,0.500000,0.000000,-10000.000000,-10000.000000,-10000.000000
110.868275,1,1.750000,0.000000,0.000000,0.000000,1.000000,0.000000,0.000000,0.000000,0.200000,283.947998,0.000000,0.000000,0.200000,144.163071,1.000000,0.500000,0.000000,-10000.000000,-10000.000000,-10000.000000
110.904875,1,1.750000,0.000000,0.000000,0.000000,1.000000,0.000000,0.000000,0.000000,0.200000,283.985992,0.000000,0.000000,0.200000,144.225769,1.200000,0.500000,0.000000,-10000.000000,-10000.000000,-10000.000000
110.946947,1,1.750000,0.000000,0.000000,0.000000,1.000000,0.000000,0.000000,0.000000,0.200000,284.029999,0.000000,0.000000,0.200000,144.198425,1.100000,0.600000,0.000000,-10000.000000,-10000.000000,-10000.000000
110.985060,1,1.750000,0.000000,0.000000,0.000000,1.000000,0.000000,0.000000,0.000000,0.200000,284.069000,0.000000,0.000000,0.200000,144.199142,1.100000,0.600000,0.000000,-10000.000000,-10000.000000,-10000.000000
111.029287,1,1.750000,0.000000,0.000000,0.000000,1.000000,0.000000,0.000000,0.000000,0.200000,284.109009,0.000000,0.000000,0.200000,144.174759,1.100000,0.600000,0.000000,-10000.000000,-10000.000000,-10000.000000
111.065341,1,1.750000,0.000000,0.000000,0.000000,1.000000,0.000000,0.000000,0.000000,0.200000,284.151001,0.000000,0.000000,0.200000,144.224915,1.100000,0.600000,0.000000,-10000.000000,-10000.000000,-10000.000000
111.104488,1,1.750000,0.000000,0.000000,0.000000,1.000000,0.000000,0.000000,0.000000,0.200000,284.190002,0.000000,0.000000,0.200000,144.219238,1.100000,0.600000,0.000000,-10000.000000,-10000.000000,-10000.000000
111.144686,1,1.750000,0.000000,0.000000,0.000000,1.000000,0.000000,0.000000,0.000000,0.200000,284.230011,0.000000,0.000000,0.200000,144.219238,1.100000,0.600000,0.000000,-10000.000000,-10000.000000,-10000.000000
111.184161,1,1.750000,0.000000,0.000000,0.000000,1.000000,0.000000,0.000000,0.000000,0.200000,284.272003,0.000000,0.000000,0.200000,144.219238,1.100000,0.600000,0.000000,-10000.000000,-10000.000000,-10000.000000
111.227922,1,1.750000,0.000000,0.000000,0.000000,1.000000,0.000000,0.000000,0.000000,0.200000,284.410004,0.000000,0.000000,0.200000,144.219238,1.100000,0.600000,0.000000,-10000.000000,-10000.000000,-10000.000000
111.266732,1,1.750000,0.000000,0.000000,0.000000,1.000000,0.000000,0.000000,0.000000,0.200000,284.809998,0.000000,0.000000,0.200000,144.219238,1.100000,0.600000,0.000000,-10000.000000,-10000.000000,-10000.000000
111.305034,1,1.750000,0.000000,0.000000,0.000000,1.000000,0.000000,0.000000,0.000000,0.200000,285.149994,0.000000,0.000000,0.200000,144.255981,1.100000,0.500000,0.000000,-10000.000000,-10000.000000,-10000.000000
111.347100,1,1.750000,0.000000,0.000000,0.000000,1.000000,0.000000,0.000000,0.000000,0.200000,284.424988,0.000000,0.000000,0.200000,144.199249,1.100000,0.600000,0.000000,-10000.000000,-10000.000000,-10000.000000
111.384738,1,1.750000,0.000000,0.000000,0.000000,1.000000,0.000000,0.000000,0.000000,0.200000,284.463989,0.000000,0.000000,0.200000,144.237747,1.100000,0.500000,0.000000,-10000.000000,-10000.000000,-10000.000000
111.426241,1,1.750000,0.000000,0.000000,0.000000,1.000000,0.000000,0.000000,0.000000,0.200000,284.507996,0.000000,0.000000,0.200000,144.244843,1.100000,0.600000,0.000000,-10000.000000,-10000.000000,-10000.000000
111.466083,1,1.750000,0.000000,0.000000,0.000000,1.000000,0.000000,0.000000,0.000000,0.200000,284.546997,0.000000,0.000000,0.200000,144.220795,1.100000,0.600000,0.000000,-10000.000000,-10000.000000,-10000.000000
111.503870,1,1.750000,0.000000,0.000000,0.000000,1.000000,0.000000,0.000000,0.000000,0.200000,284.589996,0.000000,0.000000,0.200000,144.220795,1.100000,0.600000,0.000000,-10000.000000,-10000.000000,-10000.000000
111.547398,1,1.750000,0.000000,0.000000,0.000000,1.000000,0.000000,0.000000,0.000000,0.200000,284.631989,0.000000,0.000000,0.200000,144.220795,1.100000,0.600000,0.000000,-10000.000000,-10000.000000,-10000.000000
111.584383,1,1.750000,0.000000,0.000000,0.000000,1.000000,0.000000,0.000000,0.000000,0.200000,284.664001,0.000000,0.000000,0.200000,144.220795,1.100000,0.600000,0.000000,-10000.000000,-10000.000000,-10000.000000
111.626776,1,1.750000,0.000000,0.000000,0.000000,1.000000,0.000000,0.000000,0.000000,0.200000,284.704010,0.000000,0.000000,0.200000,144.220795,1.100000,0.600000,0.000000,-10000.000000,-10000.000000,-10000.000000
111.664605,1,1.750000,0.000000,0.000000,0.000000,1.000000,0.000000,0.000000,0.000000,0.200000,284.743988,0.000000,0.000000,0.200000,144.098572,1.100000,0.500000,0.000000,-10000.000000,-10000.000000,-10000.000000
111.704933,1,1.750000,0.000000,0.000000,0.000000,1.000000,0.000000,0.000000,0.000000,0.200000,284.783997,0.000000,0.000000,0.200000,144.103256,1.100000,0.500000,0.000000,-10000.000000,-10000.000000,-10000.000000
111.746460,1,1.750000,0.000000,0.000000,0.000000,1.000000,0.000000,0.000000,0.000000,0.200000,284.824005,0.000000,0.000000,0.200000,144.076508,1.100000,0.500000,0.000000,-10000.000000,-10000.000000,-10000.000000
111.784513,1,1.750000,0.000000,0.000000,0.000000,1.000000,0.000000,0.000000,0.000000,0.200000,284.862000,0.000000,0.000000,0.200000,144.057785,1.200000,0.500000,0.000000,-10000.000000,-10000.000000,-10000.000000
111.826578,1,1.750000,0.000000,0.000000,0.000000,1.000000,0.000000,0.000000,0.000000,0.200000,284.903992,0.000000,0.000000,0.200000,144.013062,1.200000,0.600000,0.000000,-10000.000000,-10000.000000,-10000.000000
111.865255,1,1.750000,0.000000,0.000000,0.000000,1.000000,0.000000,0.000000,0.000000,0.200000,284.942993,0.000000,0.000000,0.200000,144.059479,1.200000,0.600000,0.000000,-10000.000000,-10000.000000,-10000.000000
111.902765,1,1.750000,0.000000,0.000000,0.000000,1.000000,0.000000,0.000000,0.000000,0.200000,284.981995,0.000000,0.000000,0.200000,144.112442,1.100000,0.500000,0.000000,-10000.000000,-10000.000000,-10000.000000
111.945989,1,1.750000,0.000000,0.000000,0.000000,1.000000,0.000000,0.000000,0.000000,0.200000,285.031006,0.000000,0.000000,0.200000,144.112442,1.100000,0.500000,0.000000,-10000.000000,-10000.000000,-10000.000000
111.984601,1,1.750000,0.000000,0.000000,0.000000,1.000000,0.000000,0.000000,0.000000,0.200000,285.070007,0.000000,0.000000,0.200000,144.112442,1.100000,0.500000,0.000000,-10000.000000,-10000.000000,-10000.000000
112.033841,1,1.750000,0.000000,0.000000,0.000000,1.000000,0.000000,0.000000,0.000000,0.200000,285.110992,0.000000,0.000000,0.200000,144.112442,1.100000,0.500000,0.000000,-10000.000000,-10000.000000,-10000.000000
112.066411,1,1.750000,0.000000,0.000000,0.000000,1.000000,0.000000,0.000000,0.000000,0.200000,285.152008,0.000000,0.000000,0.200000,144.112442,1.100000,0.500000,0.000000,-10000.000000,-10000.000000,-10000.000000
112.103790,1,1.750000,0.000000,0.000000,0.000000,1.000000,0.000000,0.000000,0.000000,0.200000,285.182007,0.000000,0.000000,0.200000,144.193390,1.100000,0.500000,0.000000,-10000.000000,-10000.000000,-10000.000000
112.146610,1,1.750000,0.000000,0.000000,0.000000,1.000000,0.000000,0.000000,0.000000,0.200000,285.223999,0.000000,0.000000,0.200000,144.224686,1.100000,0.500000,0.000000,-10000.000000,-10000.000000,-10000.000000
112.185712,1,1.750000,0.000000,0.000000,0.000000,1.000000,0.000000,0.000000,0.000000,0.200000,285.268005,0.000000,0.000000,0.200000,144.276077,1.100000,0.500000,0.000000,-10000.000000,-10000.000000,-10000.000000
112.234543,1,1.750000,0.000000,0.000000,0.000000,1.000000,0.000000,0.000000,0.000000,0.200000,285.440002,0.000000,0.000000,0.200000,144.270432,1.100000,0.500000,0.000000,-10000.000000,-10000.000000,-10000.000000
112.265245,1,1.750000,0.000000,0.000000,0.000000,1.000000,0.000000,0.000000,0.000000,0.200000,285.790009,0.000000,0.000000,0.200000,144.283066,1.100000,0.500000,0.000000,-10000.000000,-10000.000000,-10000.000000
112.306221,1,1.750000,0.000000,0.000000,0.000000,1.000000,0.000000,0.000000,0.000000,0.200000,286.230011,0.000000,0.000000,0.200000,144.283066,1.100000,0.500000,0.000000,-10000.000000,-10000.000000,-10000.000000
112.348527,1,1.750000,0.000000,0.000000,0.000000,1.000000,0.000000,0.000000,0.000000,0.200000,285.425995,0.000000,0.000000,0.200000,144.283066,1.100000,0.500000,0.000000,-10000.000000,-10000.000000,-10000.000000
112.386153,1,1.750000,0.000000,0.000000,0.000000,1.000000,0.000000,0.000000,0.000000,0.200000,285.463989,0.000000,0.000000,0.200000,144.283066,1.100000,0.500000,0.000000,-10000.000000,-10000.000000,-10000.000000
112.428210,1,1.750000,0.000000,0.000000,0.000000,1.000000,0.000000,0.000000,0.000000,0.200000,285.506989,0.000000,0.000000,0.200000,144.283066,1.100000,0.500000,0.000000,-10000.000000,-10000.000000,-10000.000000
112.464763,1,1.750000,0.000000,0.000000,0.000000,1.000000,0.000000,0.000000,0.000000,0.200000,285.552002,0.000000,0.000000,0.200000,144.283066,1.100000,0.500000,0.000000,-10000.000000,-10000.000000,-10000.000000
112.504453,1,1.750000,0.000000,0.000000,0.000000,1.000000,0.000000,0.000000,0.000000,0.200000,285.582001,0.000000,0.000000,0.200000,144.470688,1.100000,0.500000,0.000000,-10000.000000,-10000.000000,-10000.000000
112.546981,1,1.750000,0.000000,0.000000,0.000000,1.000000,0.000000,0.000000,0.000000,0.200000,285.622009,0.000000,0.000000,0.200000,144.444763,1.100000,0.400000,0.000000,-10000.000000,-10000.000000,-10000.000000
112.586423,1,1.750000,0.000000,0.000000,0.000000,1.000000,0.000000,0.000000,0.000000,0.200000,285.662994,0.000000,0.000000,0.200000,144.453583,1.100000,0.500000,0.000000,-10000.000000,-10000.000000,-10000.000000
112.626768,1,1.750000,0.000000,0.000000,0.000000,1.000000,0.000000,0.000000,0.000000,0.200000,285.707001,0.000000,0.000000,0.200000,144.458725,1.100000,0.400000,0.000000,-10000.000000,-10000.000000,-10000.000000
112.665693,1,1.750000,0.000000,0.000000,0.000000,1.000000,0.000000,0.000000,0.000000,0.200000,285.747986,0.000000,0.000000,0.200000,144.514511,1.200000,0.400000,0.000000,-10000.000000,-10000.000000,-10000.000000
112.703511,1,1.750000,0.000000,0.000000,0.000000,1.000000,0.000000,0.000000,0.000000,0.200000,285.790009,0.000000,0.000000,0.200000,144.522095,1.200000,0.500000,0.000000,-10000.000000,-10000.000000,-10000.000000
112.745888,1,1.750000,0.000000,0.000000,0.000000,1.000000,0.000000,0.000000,0.000000,0.200000,285.824005,0.000000,0.000000,0.200000,144.539291,1.200000,0.600000,0.000000,-10000.000000,-10000.000000,-10000.000000
112.784501,1,1.750000,0.000000,0.000000,0.000000,1.000000,0.000000,0.000000,0.000000,0.200000,285.864990,0.000000,0.000000,0.200000,144.566635,1.100000,0.600000,0.000000,-10000.000000,-10000.000000,-10000.000000
112.823959,1,1.750000,0.000000,0.000000,0.000000,1.000000,0.000000,0.000000,0.000000,0.200000,285.907013,0.000000,0.000000,0.200000,144.529984,1.100000,0.600000,0.000000,-10000.000000,-10000.000000,-10000.000000
112.867084,1,1.750000,0.000000,0.000000,0.000000,1.000000,0.000000,0.000000,0.000000,0.200000,285.946014,0.000000,0.000000,0.200000,144.563370,1.100000,0.500000,0.000000,-10000.000000,-10000.000000,-10000.000000
112.903424,1,1.750000,0.000000,0.000000,0.000000,1.000000,0.000000,0.000000,0.000000,0.200000,285.990997,0.000000,0.000000,0.200000,144.589218,1.100000,0.500000,0.000000,-10000.000000,-10000.000000,-10000.000000
112.946345,1,1.750000,0.000000,0.000000,0.000000,1.000000,0.000000,0.000000,0.000000,0.200000,286.029999,0.000000,0.000000,0.200000,144.625885,1.100000,0.500000,0.000000,-10000.000000,-10000.000000,-10000.000000
112.984081,1,1.750000,0.000000,0.000000,0.000000,1.000000,0.000000,0.000000,0.000000,0.200000,286.063995,0.000000,0.000000,0.200000,144.661667,1.100000,0.400000,0.000000,-10000.000000,-10000.000000,-10000.000000
113.029143,1,1.750000,0.000000,0.000000,0.000000,1.000000,0.000000,0.000000,0.000000,0.200000,286.104004,0.000000,0.000000,0.200000,144.600861,1.100000,0.400000,0.000000,-10000.000000,-10000.000000,-10000.000000
113.067058,1,1.750000,0.000000,0.000000,0.000000,1.000000,0.000000,0.000000,0.000000,0.200000,286.144012,0.000000,0.000000,0.200000,144.655685,1.100000,0.400000,0.000000,-10000.000000,-10000.000000,-10000.000000
113.103502,1,1.750000,0.000000,0.000000,0.000000,1.000000,0.000000,0.000000,0.000000,0.200000,286.186005,0.000000,0.000000,0.200000,144.695755,1.100000,0.400000,0.000000,-10000.000000,-10000.000000,-10000.000000
113.145161,1,1.750000,0.000000,0.000000,0.000000,1.000000,0.000000,0.000000,0.000000,0.200000,286.226013,0.000000,0.000000,0.200000,144.668884,1.200000,0.500000,0.000000,-10000.000000,-10000.000000,-10000.000000
113.184991,1,1.750000,0.000000,0.000000,0.000000,1.000000,0.000000,0.000000,0.000000,0.200000,286.266998,0.000000,0.000000,0.200000,144.626678,1.200000,0.500000,0.000000,-10000.000000,-10000.000000,-10000.000000
113.227475,1,1.750000,0.000000,0.000000,0.000000,1.000000,0.000000,0.000000,0.000000,0.200000,287.100006,0.000000,0.000000,0.200000,144.696091,1.200000,0.500000,0.000000,-10000.000000,-10000.000000,-10000.000000
113.265142,1,1.750000,0.000000,0.000000,0.000000,1.000000,0.000000,0.000000,0.000000,0.200000,286.760010,0.000000,0.000000,0.200000,144.697464,1.200000,0.600000,0.000000,-10000.000000,-10000.000000,-10000.000000
113.303297,1,1.750000,0.000000,0.000000,0.000000,1.000000,0.000000,0.000000,0.000000,0.200000,287.160004,0.000000,0.000000,0.200000,144.677917,1.200000,0.600000,0.000000,-10000.000000,-10000.000000,-10000.000000
113.346685,1,1.750000,0.000000,0.000000,0.000000,1.000000,0.000000,0.000000,0.000000,0.200000,286.428009,0.000000,0.000000,0.200000,144.686584,1.100000,0.500000,0.000000,-10000.000000,-10000.000000,-10000.000000
113.385648,1,1.750000,0.000000,0.000000,0.000000,1.000000,0.000000,0.000000,0.000000,0.200000,286.467010,0.000000,0.000000,0.200000,144.690598,1.200000,0.500000,0.000000,-10000.000000,-10000.000000,-10000.000000
113.428673,1,1.750000,0.000000,0.000000,0.000000,1.000000,0.000000,0.000000,0.000000,0.200000,286.507996,0.000000,0.000000,0.200000,144.731430,1.100000,0.400000,0.000000,-10000.000000,-10000.000000,-10000.000000
113.464523,1,1.750000,0.000000,0.000000,0.000000,1.000000,0.000000,0.000000,0.000000,0.200000,286.545990,0.000000,0.000000,0.200000,144.708893,1.100000,0.400000,0.000000,-10000.000000,-10000.000000,-10000.000000
113.507412,1,1.750000,0.000000,0.000000,0.000000,1.000000,0.000000,0.000000,0.000000,0.200000,286.588989,0.000000,0.000000,0.200000,144.708939,1.200000,0.400000,0.000000,-10000.000000,-10000.000000,-10000.000000
113.545601,1,1.750000,0.000000,0.000000,0.000000,1.000000,0.000000,0.000000,0.000000,0.200000,286.631012,0.000000,0.000000,0.200000,144.710526,1.200000,0.400000,0.000000,-10000.000000,-10000.000000,-10000.000000
113.583698,1,1.750000,0.000000,0.000000,0.000000,1.000000,0.000000,0.000000,0.000000,0.200000,286.662994,0.000000,0.000000,0.200000,144.713486,1.300000,0.500000,0.000000,-10000.000000,-10000.000000,-10000.000000
113.627982,1,1.750000,0.000000,0.000000,0.000000,1.000000,0.000000,0.000000,0.000000,0.200000,286.704010,0.000000,0.000000,0.200000,144.697861,1.200000,0.600000,0.000000,-10000.000000,-10000.000000,-10000.000000
113.666276,1,1.750000,0.000000,0.000000,0.000000,1.000000,0.000000,0.000000,0.000000,0.200000,286.744995,0.000000,0.000000,0.200000,144.734100,1.200000,0.600000,0.000000,-10000.000000,-10000.000000,-10000.000000
113.702753,1,1.750000,0.000000,0.000000,0.000000,1.000000,0.000000,0.000000,0.000000,0.200000,286.785004,0.000000,0.000000,0.200000,144.715851,1.100000,0.600000,0.000000,-10000.000000,-10000.000000,-10000.000000
113.745728,1,1.750000,0.000000,0.000000,0.000000,1.000000,0.000000,0.000000,0.000000,0.200000,286.826996,0.000000,0.000000,0.200000,144.723160,1.200000,0.600000,0.000000,-10000.000000,-10000.000000,-10000.000000
113.783858,1,1.750000,0.000000,0.000000,0.000000,1.000000,0.000000,0.000000,0.000000,0.200000,286.867004,0.000000,0.000000,0.200000,144.715500,1.100000,0.500000,0.000000,-10000.000000,-10000.000000,-10000.000000
113.829503,1,1.750000,0.000000,0.000000,0.000000,1.000000,0.000000,0.000000,0.000000,0.200000,286.908997,0.000000,0.000000,0.200000,144.732132,1.100000,0.500000,0.000000,-10000.000000,-10000.000000,-10000.000000
113.866028,1,1.750000,0.000000,0.000000,0.000000,1.000000,0.000000,0.000000,0.000000,0.200000,286.950012,0.000000,0.000000,0.200000,144.786453,1.200000,0.400000,0.000000,-10000.000000,-10000.000000,-10000.000000
113.902849,1,1.750000,0.000000,0.000000,0.000000,1.000000,0.000000,0.000000,0.000000,0.200000,286.990997,0.000000,0.000000,0.200000,144.768967,1.200000,0.400000,0.000000,-10000.000000,-10000.000000,-10000.000000
113.947089,1,1.750000,0.000000,0.000000,0.000000,1.000000,0.000000,0.000000,0.000000,0.200000,287.029999,0.000000,0.000000,0.200000,144.834747,1.300000,0.400000,0.000000,-10000.000000,-10000.000000,-10000.000000
113.984604,1,1.750000,0.000000,0.000000,0.000000,1.000000,0.000000,0.000000,0.000000,0.200000,287.063995,0.000000,0.000000,0.200000,144.812485,1.200000,0.400000,0.000000,-10000.000000,-10000.000000,-10000.000000
114.028131,1,1.750000,0.000000,0.000000,0.000000,1.000000,0.000000,0.000000,0.000000,0.200000,287.105011,0.000000,0.000000,0.200000,144.783417,1.200000,0.500000,0.000000,-10000.000000,-10000.000000,-10000.000000
114.064767,1,1.750000,0.000000,0.000000,0.000000,1.000000,0.000000,0.000000,0.000000,0.200000,287.145996,0.000000,0.000000,0.200000,144.799622,1.200000,0.500000,0.000000,-10000.000000,-10000.000000,-10000.000000
114.105603,1,1.750000,0.000000,0.000000,0.000000,1.000000,0.000000,0.000000,0.000000,0.200000,287.184998,0.000000,0.000000,0.200000,144.797119,1.200000,0.600000,0.000000,-10000.000000,-10000.000000,-10000.000000
114.148670,1,1.750000,0.000000,0.000000,0.000000,1.000000,0.000000,0.000000,0.000000,0.200000,287.225006,0.000000,0.000000,0.200000,144.854889,1.200000,0.600000,0.000000,-10000.000000,-10000.000000,-10000.000000
114.183795,1,1.750000,0.000000,0.000000,0.000000,1.000000,0.000000,0.000000,0.000000,0.200000,287.265991,0.000000,0.000000,0.200000,144.821091,1.200000,0.500000,0.000000,-10000.000000,-10000.000000,-10000.000000
114.227924,1,1.750000,0.000000,0.000000,0.000000,1.000000,0.000000,0.000000,0.000000,0.200000,288.000000,0.000000,0.000000,0.200000,144.862762,1.200000,0.500000,0.000000,-10000.000000,-10000.000000,-10000.000000
114.265072,1,1.750000,0.000000,0.000000,0.000000,1.000000,0.000000,0.000000,0.000000,0.200000,287.769989,0.000000,0.000000,0.200000,144.829224,1.200000,0.500000,0.000000,-10000.000000,-10000.000000,-10000.000000
114.307507,1,1.750000,0.000000,0.000000,0.000000,1.000000,0.000000,0.000000,0.000000,0.200000,288.209991,0.000000,0.000000,0.200000,144.836319,1.200000,0.500000,0.000000,-10000.000000,-10000.000000,-10000.000000
114.346224,1,1.750000,0.000000,0.000000,0.000000,1.000000,0.000000,0.000000,0.000000,0.200000,287.429993,0.000000,0.000000,0.200000,144.825027,1.100000,0.400000,0.000000,-10000.000000,-10000.000000,-10000.000000
114.387303,1,1.750000,0.000000,0.000000,0.000000,1.000000,0.000000,0.000000,0.000000,0.200000,287.466003,0.000000,0.000000,0.200000,144.841232,1.200000,0.400000,0.000000,-10000.000000,-10000.000000,-10000.000000
114.431545,1,1.750000,0.000000,0.000000,0.000000,1.000000,0.000000,0.000000,0.000000,0.200000,287.509003,0.000000,0.000000,0.200000,144.820145,1.300000,0.500000,0.000000,-10000.000000,-10000.000000,-10000.000000
114.466073,1,1.750000,0.000000,0.000000,0.000000,1.000000,0.000000,0.000000,0.000000,0.200000,287.549011,0.000000,0.000000,0.200000,144.817139,1.300000,0.500000,0.000000,-10000.000000,-10000.000000,-10000.000000
114.506123,1,1.750000,0.000000,0.000000,0.000000,1.000000,0.000000,0.000000,0.000000,0.200000,287.592010,0.000000,0.000000,0.200000,144.867035,1.300000,0.500000,0.000000,-10000.000000,-10000.000000,-10000.000000
114.548765,1,1.750000,0.000000,0.000000,0.000000,1.000000,0.000000,0.000000,0.000000,0.200000,287.625000,0.000000,0.000000,0.200000,144.830780,1.200000,0.400000,0.000000,-10000.000000,-10000.000000,-10000.000000
114.586057,1,1.750000,0.000000,0.000000,0.000000,1.000000,0.000000,0.000000,0.000000,0.200000,287.670990,0.000000,0.000000,0.200000,144.821991,1.200000,0.600000,0.000000,-10000.000000,-10000.000000,-10000.000000
114.628567,1,1.750000,0.000000,0.000000,0.000000,1.000000,0.000000,0.000000,0.000000,0.200000,287.705994,0.000000,0.000000,0.200000,144.811966,1.200000,0.500000,0.000000,-10000.000000,-10000.000000,-10000.000000
114.666216,1,1.750000,0.000000,0.000000,0.000000,1.000000,0.000000,0.000000,0.000000,0.200000,287.747986,0.000000,0.000000,0.200000,144.854599,1.200000,0.500000,0.000000,-10000.000000,-10000.000000,-10000.000000
114.707254,1,1.750000,0.000000,0.000000,0.000000,1.000000,0.000000,0.000000,0.000000,0.200000,287.789001,0.000000,0.000000,0.200000,144.824326,1.200000,0.500000,0.000000,-10000.000000,-10000.000000,-10000.000000
114.745288,1,1.750000,0.000000,0.000000,0.000000,1.000000,0.000000,0.000000,0.000000,0.200000,287.829987,0.000000,0.000000,0.200000,144.853683,1.200000,0.400000,0.000000,-10000.000000,-10000.000000,-10000.000000
114.783495,1,1.750000,0.000000,0.000000,0.000000,1.000000,0.000000,0.000000,0.000000,0.200000,287.868988,0.000000,0.000000,0.200000,144.860519,1.200000,0.400000,0.000000,-10000.000000,-10000.000000,-10000.000000
114.827799,1,1.750000,0.000000,0.000000,0.000000,1.000000,0.000000,0.000000,0.000000,0.200000,287.911987,0.000000,0.000000,0.200000,144.855026,1.200000,0.400000,0.000000,-10000.000000,-10000.000000,-10000.000000
114.865292,1,1.750000,0.000000,0.000000,0.000000,1.000000,0.000000,0.000000,0.000000,0.200000,287.950012,0.000000,0.000000,0.200000,144.892776,1.300000,0.400000,0.000000,-10000.000000,-10000.000000,-10000.000000
114.903723,1,1.750000,0.000000,0.000000,0.000000,1.000000,0.000000,0.000000,0.000000,0.200000,287.990997,0.000000,0.000000,0.200000,144.880524,1.300000,0.400000,0.000000,-10000.000000,-10000.000000,-10000.000000
114.950460,1,1.750000,0.000000,0.000000,0.000000,1.000000,0.000000,0.000000,0.000000,0.200000,288.031006,0.000000,0.000000,0.200000,144.852158,1.200000,0.500000,0.000000,-10000.000000,-10000.000000,-10000.000000
114.989896,1,1.750000,0.000000,0.000000,0.000000,1.000000,0.000000,0.000000,0.000000,0.200000,288.074005,0.000000,0.000000,0.200000,144.855423,1.300000,0.600000,0.000000,-10000.000000,-10000.000000,-10000.000000
115.038308,1,1.750000,0.000000,0.000000,0.000000,1.000000,0.000000,0.000000,0.000000,0.200000,288.101990,0.000000,0.000000,0.200000,144.862549,1.300000,0.600000,0.000000,-10000.000000,-10000.000000,-10000.000000
115.066628,1,1.750000,0.000000,0.000000,0.000000,1.000000,0.000000,0.000000,0.000000,0.200000,288.147003,0.000000,0.000000,0.200000,144.917862,1.300000,0.500000,0.000000,-10000.000000,-10000.000000,-10000.000000
115.104431,1,1.750000,0.000000,0.000000,0.000000,1.000000,0.000000,0.000000,0.000000,0.200000,288.190002,0.000000,0.000000,0.200000,144.869492,1.300000,0.500000,0.000000,-10000.000000,-10000.000000,-10000.000000
115.146618,1,1.750000,0.000000,0.000000,0.000000,1.000000,0.000000,0.000000,0.000000,0.200000,288.227997,0.000000,0.000000,0.200000,144.920517,1.200000,0.500000,0.000000,-10000.000000,-10000.000000,-10000.000000
115.183202,1,1.750000,0.000000,0.000000,0.000000,1.000000,0.000000,0.000000,0.000000,0.200000,288.269012,0.000000,0.000000,0.200000,144.946976,1.200000,0.400000,0.000000,-10000.000000,-10000.000000,-10000.000000
115.228693,1,1.750000,0.000000,0.000000,0.000000,1.000000,0.000000,0.000000,0.000000,0.200000,289.200012,0.000000,0.000000,0.200000,144.979553,1.200000,0.400000,0.000000,-10000.000000,-10000.000000,-10000.000000
115.263267,1,1.750000,0.000000,0.000000,0.000000,1.000000,0.000000,0.000000,0.000000,0.200000,288.790009,0.000000,0.000000,0.200000,145.017212,1.300000,0.400000,0.000000,-10000.000000,-10000.000000,-10000.000000
115.304614,1,1.750000,0.000000,0.000000,0.000000,1.000000,0.000000,0.000000,0.000000,0.200000,289.209991,0.000000,0.000000,0.200000,145.010498,1.300000,0.400000,0.000000,-10000.000000,-10000.000000,-10000.000000
115.349414,1,1.750000,0.000000,0.000000,0.000000,1.000000,0.000000,0.000000,0.000000,0.200000,288.432007,0.000000,0.000000,0.200000,145.092102,1.300000,0.400000,0.000000,-10000.000000,-10000.000000,-10000.000000
115.384503,1,1.750000,0.000000,0.000000,0.000000,1.000000,0.000000,0.000000,0.000000,0.200000,288.464996,0.000000,0.000000,0.200000,145.024475,1.300000,0.500000,0.000000,-10000.000000,-10000.000000,-10000.000000
115.427678,1,1.750000,0.000000,0.000000,0.000000,1.000000,0.000000,0.000000,0.000000,0.200000,288.506012,0.000000,0.000000,0.200000,145.034943,1.300000,0.500000,0.000000,-10000.000000,-10000.000000,-10000.000000
115.466224,1,1.750000,0.000000,0.000000,0.000000,1.000000,0.000000,0.000000,0.000000,0.200000,288.544006,0.000000,0.000000,0.200000,144.997086,1.300000,0.600000,0.000000,-10000.000000,-10000.000000,-10000.000000
115.503897,1,1.750000,0.000000,0.000000,0.000000,1.000000,0.000000,0.000000,0.000000,0.200000,288.584991,0.000000,0.000000,0.200000,145.049332,1.300000,0.500000,0.000000,-10000.000000,-10000.000000,-10000.000000
115.544363,1,1.750000,0.000000,0.000000,0.000000,1.000000,0.000000,0.000000,0.000000,0.200000,288.626007,0.000000,0.000000,0.200000,145.118256,1.300000,0.500000,0.000000,-10000.000000,-10000.000000,-10000.000000
115.583742,1,1.750000,0.000000,0.000000,0.000000,1.000000,0.000000,0.000000,0.000000,0.200000,288.666992,0.000000,0.000000,0.200000,145.089783,1.300000,0.400000,0.000000,-10000.000000,-10000.000000,-10000.000000
115.627316,1,1.750000,0.000000,0.000000,0.000000,1.000000,0.000000,0.000000,0.000000,0.200000,288.709015,0.000000,0.000000,0.200000,145.079834,1.300000,0.400000,0.000000,-10000.000000,-10000.000000,-10000.000000
115.664348,1,1.750000,0.000000,0.000000,0.000000,1.000000,0.000000,0.000000,0.000000,0.200000,288.748993,0.000000,0.000000,0.200000,145.093628,1.300000,0.400000,0.000000,-10000.000000,-10000.000000,-10000.000000
115.706345,1,1.750000,0.000000,0.000000,0.000000,1.000000,0.000000,0.000000,0.000000,0.200000,288.791992,0.000000,0.000000,0.200000,145.085007,1.300000,0.400000,0.000000,-10000.000000,-10000.000000,-10000.000000
115.757090,1,1.750000,0.000000,0.000000,0.000000,1.000000,0.000000,0.000000,0.000000,0.200000,288.825012,0.000000,0.000000,0.200000,145.089508,1.300000,0.400000,0.000000,-10000.000000,-10000.000000,-10000.000000
115.784303,1,1.750000,0.000000,0.000000,0.000000,1.000000,0.000000,0.000000,0.000000,0.200000,288.872009,0.000000,0.000000,0.200000,145.095154,1.300000,0.500000,0.000000,-10000.000000,-10000.000000,-10000.000000
115.827257,1,1.750000,0.000000,0.000000,0.000000,1.000000,0.000000,0.000000,0.000000,0.200000,288.904999,0.000000,0.000000,0.200000,145.109650,1.300000,0.400000,0.000000,-10000.000000,-10000.000000,-10000.000000
115.864954,1,1.750000,0.000000,0.000000,0.000000,1.000000,0.000000,0.000000,0.000000,0.200000,288.947998,0.000000,0.000000,0.200000,145.154373,1.300000,0.500000,0.000000,-10000.000000,-10000.000000,-10000.000000
115.903956,1,1.750000,0.000000,0.000000,0.000000,1.000000,0.000000,0.000000,0.000000,0.200000,288.987000,0.000000,0.000000,0.200000,145.110031,1.400000,0.500000,0.000000,-10000.000000,-10000.000000,-10000.000000
115.945124,1,1.750000,0.000000,0.000000,0.000000,1.000000,0.000000,0.000000,0.000000,0.200000,289.027008,0.000000,0.000000,0.200000,145.130600,1.400000,0.500000,0.000000,-10000.000000,-10000.000000,-10000.000000
115.984107,1,1.750000,0.000000,0.000000,0.000000,1.000000,0.000000,0.000000,0.000000,0.200000,289.066986,0.000000,0.000000,0.200000,145.150391,1.400000,0.500000,0.000000,-10000.000000,-10000.000000,-10000.000000
116.027667,1,1.750000,0.000000,0.000000,0.000000,1.000000,0.000000,0.000000,0.000000,0.200000,289.108002,0.000000,0.000000,0.200000,145.204651,1.300000,0.500000,0.000000,-10000.000000,-10000.000000,-10000.000000
116.067427,1,1.750000,0.000000,0.000000,0.000000,1.000000,0.000000,0.000000,0.000000,0.200000,289.147003,0.000000,0.000000,0.200000,145.199768,1.200000,0.500000,0.000000,-10000.000000,-10000.000000,-10000.000000
116.104208,1,1.750000,0.000000,0.000000,0.000000,1.000000,0.000000,0.000000,0.000000,0.200000,289.187988,0.000000,0.000000,0.200000,145.185806,1.200000,0.500000,0.000000,-10000.000000,-10000.000000,-10000.000000
116.148996,1,1.750000,0.000000,0.000000,0.000000,1.000000,0.000000,0.000000,0.000000,0.200000,289.226990,0.000000,0.000000,0.200000,145.204788,1.200000,0.400000,0.000000,-10000.000000,-10000.000000,-10000.000000
116.192031,1,1.750000,0.000000,0.000000,0.000000,1.000000,0.000000,0.000000,0.000000,0.200000,289.269012,0.000000,0.000000,0.200000,145.207214,1.300000,0.400000,0.000000,-10000.000000,-10000.000000,-10000.000000
116.228049,1,1.750000,0.000000,0.000000,0.000000,1.000000,0.000000,0.000000,0.000000,0.200000,289.600006,0.000000,0.000000,0.200000,145.212097,1.400000,0.400000,0.000000,-10000.000000,-10000.000000,-10000.000000
116.264558,1,1.750000,0.000000,0.000000,0.000000,1.000000,0.000000,0.000000,0.000000,0.200000,289.760010,0.000000,0.000000,0.200000,145.254913,1.400000,0.400000,0.000000,-10000.000000,-10000.000000,-10000.000000
116.309086,1,1.750000,0.000000,0.000000,0.000000,1.000000,0.000000,0.000000,0.000000,0.200000,290.109985,0.000000,0.000000,0.200000,145.245728,1.300000,0.500000,0.000000,-10000.000000,-10000.000000,-10000.000000
116.347394,1,1.750000,0.000000,0.000000,0.000000,1.000000,0.000000,0.000000,0.000000,0.200000,289.424011,0.000000,0.000000,0.200000,145.229538,1.300000,0.500000,0.000000,-10000.000000,-10000.000000,-10000.000000
116.389951,1,1.750000,0.000000,0.000000,0.000000,1.000000,0.000000,0.000000,0.000000,0.200000,289.466003,0.000000,0.000000,0.200000,145.219345,1.300000,0.400000,0.000000,-10000.000000,-10000.000000,-10000.000000
116.430157,1,1.750000,0.000000,0.000000,0.000000,1.000000,0.000000,0.000000,0.000000,0.200000,289.502991,0.000000,0.000000,0.200000,145.256668,1.400000,0.400000,0.000000,-10000.000000,-10000.000000,-10000.000000
116.467626,1,1.750000,0.000000,0.000000,0.000000,1.000000,0.000000,0.000000,0.000000,0.200000,289.549988,0.000000,0.000000,0.200000,145.225128,1.300000,0.500000,0.000000,-10000.000000,-10000.000000,-10000.000000
116.512836,1,1.750000,0.000000,0.000000,0.000000,1.000000,0.000000,0.000000,0.000000,0.200000,289.584991,0.000000,0.000000,0.200000,145.179214,1.300000,0.500000,0.000000,-10000.000000,-10000.000000,-10000.000000
116.544559,1,1.750000,0.000000,0.000000,0.000000,1.000000,0.000000,0.000000,0.000000,0.200000,289.631989,0.000000,0.000000,0.200000,145.185226,1.300000,0.500000,0.000000,-10000.000000,-10000.000000,-10000.000000
116.587631,1,1.750000,0.000000,0.000000,0.000000,1.000000,0.000000,0.000000,0.000000,0.200000,289.664001,0.000000,0.000000,0.200000,145.200912,1.400000,0.500000,0.000000,-10000.000000,-10000.000000,-10000.000000
116.630455,1,1.750000,0.000000,0.000000,0.000000,1.000000,0.000000,0.000000,0.000000,0.200000,289.709015,0.000000,0.000000,0.200000,145.241714,1.300000,0.500000,0.000000,-10000.000000,-10000.000000,-10000.000000
116.666695,1,1.750000,0.000000,0.000000,0.000000,1.000000,0.000000,0.000000,0.000000,0.200000,289.744995,0.000000,0.000000,0.200000,145.188660,1.300000,0.400000,0.000000,-10000.000000,-10000.000000,-10000.000000
116.703982,1,1.750000,0.000000,0.000000,0.000000,1.000000,0.000000,0.000000,0.000000,0.200000,289.791992,0.000000,0.000000,0.200000,145.172073,1.300000,0.500000,0.000000,-10000.000000,-10000.000000,-10000.000000
116.746458,1,1.750000,0.000000,0.000000,0.000000,1.000000,0.000000,0.000000,0.000000,0.200000,289.826996,0.000000,0.000000,0.200000,145.162170,1.400000,0.500000,0.000000,-10000.000000,-10000.000000,-10000.000000
116.787147,1,1.750000,0.000000,0.000000,0.000000,1.000000,0.000000,0.000000,0.000000,0.200000,289.871002,0.000000,0.000000,0.200000,145.226730,1.400000,0.500000,0.000000,-10000.000000,-10000.000000,-10000.000000
116.830102,1,1.750000,0.000000,0.000000,0.000000,1.000000,0.000000,0.000000,0.000000,0.200000,289.910004,0.000000,0.000000,0.200000,145.204254,1.400000,0.600000,0.000000,-10000.000000,-10000.000000,-10000.000000
116.866379,1,1.750000,0.000000,0.000000,0.000000,1.000000,0.000000,0.000000,0.000000,0.200000,289.942993,0.000000,0.000000,0.200000,145.180527,1.300000,0.500000,0.000000,-10000.000000,-10000.000000,-10000.000000
116.907431,1,1.750000,0.000000,0.000000,0.000000,1.000000,0.000000,0.000000,0.000000,0.200000,289.981995,0.000000,0.000000,0.200000,145.216949,1.300000,0.500000,0.000000,-10000.000000,-10000.000000,-10000.000000
116.946491,1,1.750000,0.000000,0.000000,0.000000,1.000000,0.000000,0.000000,0.000000,0.200000,290.024994,0.000000,0.000000,0.200000,145.207687,1.300000,0.500000,0.000000,-10000.000000,-10000.000000,-10000.000000
116.984472,1,1.750000,0.000000,0.000000,0.000000,1.000000,0.000000,0.000000,0.000000,0.200000,290.066010,0.000000,0.000000,0.200000,145.217270,1.300000,0.500000,0.000000,-10000.000000,-10000.000000,-10000.000000
117.029615,1,1.750000,0.000000,0.000000,0.000000,1.000000,0.000000,0.000000,0.000000,0.200000,290.108002,0.000000,0.000000,0.200000,145.234924,1.300000,0.400000,0.000000,-10000.000000,-10000.000000,-10000.000000
117.064980,1,1.750000,0.000000,0.000000,0.000000,1.000000,0.000000,0.000000,0.000000,0.200000,290.147003,0.000000,0.000000,0.200000,145.255142,1.300000,0.400000,0.000000,-10000.000000,-10000.000000,-10000.000000
117.104524,1,1.750000,0.000000,0.000000,0.000000,1.000000,0.000000,0.000000,0.000000,0.200000,290.191010,0.000000,0.000000,0.200000,145.295837,1.400000,0.400000,0.000000,-10000.000000,-10000.000000,-10000.000000
117.145762,1,1.750000,0.000000,0.000000,0.000000,1.000000,0.000000,0.000000,0.000000,0.200000,290.229004,0.000000,0.000000,0.200000,145.292282,1.400000,0.500000,0.000000,-10000.000000,-10000.000000,-10000.000000
117.185822,1,1.750000,0.000000,0.000000,0.000000,1.000000,0.000000,0.000000,0.000000,0.200000,290.270996,0.000000,0.000000,0.200000,145.282898,1.400000,0.500000,0.000000,-10000.000000,-10000.000000,-10000.000000
117.225339,1,1.750000,0.000000,0.000000,0.000000,1.000000,0.000000,0.000000,0.000000,0.200000,291.100006,0.000000,0.000000,0.200000,145.285995,1.300000,0.500000,0.000000,-10000.000000,-10000.000000,-10000.000000
117.266608,1,1.750000,0.000000,0.000000,0.000000,1.000000,0.000000,0.000000,0.000000,0.200000,290.790009,0.000000,0.000000,0.200000,145.332642,1.300000,0.500000,0.000000,-10000.000000,-10000.000000,-10000.000000
117.305364,1,1.750000,0.000000,0.000000,0.000000,1.000000,0.000000,0.000000,0.000000,0.200000,291.160004,0.000000,0.000000,0.200000,145.368835,1.300000,0.500000,0.000000,-10000.000000,-10000.000000,-10000.000000
117.345267,1,1.750000,0.000000,0.000000,0.000000,1.000000,0.000000,0.000000,0.000000,0.200000,290.432007,0.000000,0.000000,0.200000,145.347000,1.300000,0.500000,0.000000,-10000.000000,-10000.000000,-10000.000000
117.387035,1,1.750000,0.000000,0.000000,0.000000,1.000000,0.000000,0.000000,0.000000,0.200000,290.466003,0.000000,0.000000,0.200000,145.398148,1.300000,0.500000,0.000000,-10000.000000,-10000.000000,-10000.000000
117.426348,1,1.750000,0.000000,0.000000,0.000000,1.000000,0.000000,0.000000,0.000000,0.200000,290.509003,0.000000,0.000000,0.200000,145.397873,1.400000,0.500000,0.000000,-10000.000000,-10000.000000,-10000.000000
117.465696,1,1.750000,0.000000,0.000000,0.000000,1.000000,0.000000,0.000000,0.000000,0.200000,290.549011,0.000000,0.000000,0.200000,145.393250,1.400000,0.500000,0.000000,-10000.000000,-10000.000000,-10000.000000
117.506693,1,1.750000,0.000000,0.000000,0.000000,1.000000,0.000000,0.000000,0.000000,0.200000,290.589996,0.000000,0.000000,0.200000,145.419281,1.400000,0.400000,0.000000,-10000.000000,-10000.000000,-10000.000000
117.547789,1,1.750000,0.000000,0.000000,0.000000,1.000000,0.000000,0.000000,0.000000,0.200000,290.628998,0.000000,0.000000,0.200000,145.385681,1.300000,0.500000,0.000000,-10000.000000,-10000.000000,-10000.000000
117.584248,1,1.750000,0.000000,0.000000,0.000000,1.000000,0.000000,0.000000,0.000000,0.200000,290.665009,0.000000,0.000000,0.200000,145.403931,1.300000,0.500000,0.000000,-10000.000000,-10000.000000,-10000.000000
117.626144,1,1.750000,0.000000,0.000000,0.000000,1.000000,0.000000,0.000000,0.000000,0.200000,290.707001,0.000000,0.000000,0.200000,145.404892,1.300000,0.500000,0.000000,-10000.000000,-10000.000000,-10000.000000
117.666409,1,1.750000,0.000000,0.000000,0.000000,1.000000,0.000000,0.000000,0.000000,0.200000,290.743988,0.000000,0.000000,0.200000,145.383713,1.400000,0.500000,0.000000,-10000.000000,-10000.000000,-10000.000000
117.703237,1,1.750000,0.000000,0.000000,0.000000,1.000000,0.000000,0.000000,0.000000,0.200000,290.785004,0.000000,0.000000,0.200000,145.415817,1.400000,0.500000,0.000000,-10000.000000,-10000.000000,-10000.000000
117.747819,1,1.750000,0.000000,0.000000,0.000000,1.000000,0.000000,0.000000,0.000000,0.200000,290.825012,0.000000,0.000000,0.200000,145.421783,1.400000,0.500000,0.000000,-10000.000000,-10000.000000,-10000.000000
117.784237,1,1.750000,0.000000,0.000000,0.000000,1.000000,0.000000,0.000000,0.000000,0.200000,290.868011,0.000000,0.000000,0.200000,145.453369,1.400000,0.500000,0.000000,-10000.000000,-10000.000000,-10000.000000
117.826166,1,1.750000,0.000000,0.000000,0.000000,1.000000,0.000000,0.000000,0.000000,0.200000,290.907990,0.000000,0.000000,0.200000,145.438248,1.300000,0.500000,0.000000,-10000.000000,-10000.000000,-10000.000000
117.864237,1,1.750000,0.000000,0.000000,0.000000,1.000000,0.000000,0.000000,0.000000,0.200000,290.949005,0.000000,0.000000,0.200000,145.459381,1.300000,0.500000,0.000000,-10000.000000,-10000.000000,-10000.000000
117.903372,1,1.750000,0.000000,0.000000,0.000000,1.000000,0.000000,0.000000,0.000000,0.200000,290.989990,0.000000,0.000000,0.200000,145.435196,1.300000,0.500000,0.000000,-10000.000000,-10000.000000,-10000.000000
117.944715,1,1.750000,0.000000,0.000000,0.000000,1.000000,0.000000,0.000000,0.000000,0.200000,291.028992,0.000000,0.000000,0.200000,145.443405,1.300000,0.500000,0.000000,-10000.000000,-10000.000000,-10000.000000
117.984406,1,1.750000,0.000000,0.000000,0.000000,1.000000,0.000000,0.000000,0.000000,0.200000,291.074005,0.000000,0.000000,0.200000,145.476364,1.300000,0.400000,0.000000,-10000.000000,-10000.000000,-10000.000000
118.026608,1,1.750000,0.000000,0.000000,0.000000,1.000000,0.000000,0.000000,0.000000,0.200000,291.112000,0.000000,0.000000,0.200000,145.423309,1.300000,0.500000,0.000000,-10000.000000,-10000.000000,-10000.000000
118.066556,1,1.750000,0.000000,0.000000,0.000000,1.000000,0.000000,0.000000,0.000000,0.200000,291.143005,0.000000,0.000000,0.200000,145.423309,1.300000,0.500000,0.000000,-10000.000000,-10000.000000,-10000.000000
118.103658,1,1.750000,0.000000,0.000000,0.000000,1.000000,0.000000,0.000000,0.000000,0.200000,291.183990,0.000000,0.000000,0.200000,145.433365,1.400000,0.500000,0.000000,-10000.000000,-10000.000000,-10000.000000
118.145623,1,1.750000,0.000000,0.000000,0.000000,1.000000,0.000000,0.000000,0.000000,0.200000,291.225006,0.000000,0.000000,0.200000,145.462906,1.300000,0.500000,0.000000,-10000.000000,-10000.000000,-10000.000000
118.184448,1,1.750000,0.000000,0.000000,0.000000,1.000000,0.000000,0.000000,0.000000,0.200000,291.265991,0.000000,0.000000,0.200000,145.495087,1.300000,0.500000,0.000000,-10000.000000,-10000.000000,-10000.000000
118.226898,1,1.750000,0.000000,0.000000,0.000000,1.000000,0.000000,0.000000,0.000000,0.200000,291.399994,0.000000,0.000000,0.200000,145.479431,1.300000,0.500000,0.000000,-10000.000000,-10000.000000,-10000.000000
118.264126,1,1.750000,0.000000,0.000000,0.000000,1.000000,0.000000,0.000000,0.000000,0.200000,291.809998,0.000000,0.000000,0.200000,145.494125,1.300000,0.500000,0.000000,-10000.000000,-10000.000000,-10000.000000
118.303338,1,1.750000,0.000000,0.000000,0.000000,1.000000,0.000000,0.000000,0.000000,0.200000,292.100006,0.000000,0.000000,0.200000,145.515121,1.400000,0.500000,0.000000,-10000.000000,-10000.000000,-10000.000000
118.347090,1,1.750000,0.000000,0.000000,0.000000,1.000000,0.000000,0.000000,0.000000,0.200000,291.428986,0.000000,0.000000,0.200000,145.560486,1.400000,0.500000,0.000000,-10000.000000,-10000.000000,-10000.000000
118.383710,1,1.750000,0.000000,0.000000,0.000000,1.000000,0.000000,0.000000,0.000000,0.200000,291.460999,0.000000,0.000000,0.200000,145.544724,1.400000,0.500000,0.000000,-10000.000000,-10000.000000,-10000.000000
118.427707,1,1.750000,0.000000,0.000000,0.000000,1.000000,0.000000,0.000000,0.000000,0.200000,291.502014,0.000000,0.000000,0.200000,145.511749,1.400000,0.600000,0.000000,-10000.000000,-10000.000000,-10000.000000
118.464089,1,1.750000,0.000000,0.000000,0.000000,1.000000,0.000000,0.000000,0.000000,0.200000,291.544006,0.000000,0.000000,0.200000,145.568817,1.300000,0.400000,0.000000,-10000.000000,-10000.000000,-10000.000000
118.508320,1,1.750000,0.000000,0.000000,0.000000,1.000000,0.000000,0.000000,0.000000,0.200000,291.582001,0.000000,0.000000,0.200000,145.571808,1.400000,0.500000,0.000000,-10000.000000,-10000.000000,-10000.000000
118.545430,1,1.750000,0.000000,0.000000,0.000000,1.000000,0.000000,0.000000,0.000000,0.200000,291.626007,0.000000,0.000000,0.200000,145.572098,1.400000,0.500000,0.000000,-10000.000000,-10000.000000,-10000.000000
118.583940,1,1.750000,0.000000,0.000000,0.000000,1.000000,0.000000,0.000000,0.000000,0.200000,291.665985,0.000000,0.000000,0.200000,145.552338,1.300000,0.500000,0.000000,-10000.000000,-10000.000000,-10000.000000
118.628839,1,1.750000,0.000000,0.000000,0.000000,1.000000,0.000000,0.000000,0.000000,0.200000,291.705994,0.000000,0.000000,0.200000,145.581909,1.400000,0.600000,0.000000,-10000.000000,-10000.000000,-10000.000000
118.665926,1,1.750000,0.000000,0.000000,0.000000,1.000000,0.000000,0.000000,0.000000,0.200000,291.747986,0.000000,0.000000,0.200000,145.605789,1.400000,0.600000,0.000000,-10000.000000,-10000.000000,-10000.000000
118.706902,1,1.750000,0.000000,0.000000,0.000000,1.000000,0.000000,0.000000,0.000000,0.200000,291.790009,0.000000,0.000000,0.200000,145.599472,1.400000,0.600000,0.000000,-10000.000000,-10000.000000,-10000.000000
118.746760,1,1.750000,0.000000,0.000000,0.000000,1.000000,0.000000,0.000000,0.000000,0.200000,291.828003,0.000000,0.000000,0.200000,145.640671,1.300000,0.600000,0.000000,-10000.000000,-10000.000000,-10000.000000
118.785708,1,1.750000,0.000000,0.000000,0.000000,1.000000,0.000000,0.000000,0.000000,0.200000,291.871002,0.000000,0.000000,0.200000,145.647110,1.300000,0.500000,0.000000,-10000.000000,-10000.000000,-10000.000000
118.830161,1,1.750000,0.000000,0.000000,0.000000,1.000000,0.000000,0.000000,0.000000,0.200000,291.899994,0.000000,0.000000,0.200000,145.663147,1.300000,0.500000,0.000000,-10000.000000,-10000.000000,-10000.000000
118.864848,1,1.750000,0.000000,0.000000,0.000000,1.000000,0.000000,0.000000,0.000000,0.200000,291.949005,0.000000,0.000000,0.200000,145.699829,1.300000,0.400000,0.000000,-10000.000000,-10000.000000,-10000.000000
118.902697,1,1.750000,0.000000,0.000000,0.000000,1.000000,0.000000,0.000000,0.000000,0.200000,291.989990,0.000000,0.000000,0.200000,145.743652,1.300000,0.400000,0.000000,-10000.000000,-10000.000000,-10000.000000
118.945642,1,1.750000,0.000000,0.000000,0.000000,1.000000,0.000000,0.000000,0.000000,0.200000,292.019012,0.000000,0.000000,0.200000,145.710999,1.400000,0.400000,0.000000,-10000.000000,-10000.000000,-10000.000000
118.983697,1,1.750000,0.000000,0.000000,0.000000,1.000000,0.000000,0.000000,0.000000,0.200000,292.069000,0.000000,0.000000,0.200000,145.735825,1.400000,0.400000,0.000000,-10000.000000,-10000.000000,-10000.000000
119.030779,1,1.750000,0.000000,0.000000,0.000000,1.000000,0.000000,0.000000,0.000000,0.200000,292.109985,0.000000,0.000000,0.200000,145.693024,1.400000,0.500000,0.000000,-10000.000000,-10000.000000,-10000.000000
119.063959,1,1.750000,0.000000,0.000000,0.000000,1.000000,0.000000,0.000000,0.000000,0.200000,292.144012,0.000000,0.000000,0.200000,145.745789,1.300000,0.400000,0.000000,-10000.000000,-10000.000000,-10000.000000
119.105223,1,1.750000,0.000000,0.000000,0.000000,1.000000,0.000000,0.000000,0.000000,0.200000,292.182007,0.000000,0.000000,0.200000,145.745789,1.300000,0.400000,0.000000,-10000.000000,-10000.000000,-10000.000000
119.145966,1,1.750000,0.000000,0.000000,0.000000,1.000000,0.000000,0.000000,0.000000,0.200000,292.222992,0.000000,0.000000,0.200000,145.687363,1.300000,0.700000,0.000000,-10000.000000,-10000.000000,-10000.000000
119.185713,1,1.750000,0.000000,0.000000,0.000000,1.000000,0.000000,0.000000,0.000000,0.200000,292.265015,0.000000,0.000000,0.200000,145.704559,1.300000,0.600000,0.000000,-10000.000000,-10000.000000,-10000.000000
119.226708,1,1.750000,0.000000,0.000000,0.000000,1.000000,0.000000,0.000000,0.000000,0.200000,292.899994,0.000000,0.000000,0.200000,145.682541,1.300000,0.600000,0.000000,-10000.000000,-10000.000000,-10000.000000
119.264987,1,1.750000,0.000000,0.000000,0.000000,1.000000,0.000000,0.000000,0.000000,0.200000,292.769989,0.000000,0.000000,0.200000,145.717621,1.300000,0.500000,0.000000,-10000.000000,-10000.000000,-10000.000000
119.306252,1,1.750000,0.000000,0.000000,0.000000,1.000000,0.000000,0.000000,0.000000,0.200000,293.209991,0.000000,0.000000,0.200000,145.701126,1.300000,0.500000,0.000000,-10000.000000,-10000.000000,-10000.000000
119.346782,1,1.750000,0.000000,0.000000,0.000000,1.000000,0.000000,0.000000,0.000000,0.200000,292.421997,0.000000,0.000000,0.200000,145.733276,1.300000,0.400000,0.000000,-10000.000000,-10000.000000,-10000.000000
119.385219,1,1.750000,0.000000,0.000000,0.000000,1.000000,0.000000,0.000000,0.000000,0.200000,292.471008,0.000000,0.000000,0.200000,145.723434,1.300000,0.400000,0.000000,-10000.000000,-10000.000000,-10000.000000
119.426953,1,1.750000,0.000000,0.000000,0.000000,1.000000,0.000000,0.000000,0.000000,0.200000,292.511993,0.000000,0.000000,0.200000,145.740128,1.300000,0.400000,0.000000,-10000.000000,-10000.000000,-10000.000000
119.465578,1,1.750000,0.000000,0.000000,0.000000,1.000000,0.000000,0.000000,0.000000,0.200000,292.550995,0.000000,0.000000,0.200000,145.701538,1.300000,0.500000,0.000000,-10000.000000,-10000.000000,-10000.000000
119.505078,1,1.750000,0.000000,0.000000,0.000000,1.000000,0.000000,0.000000,0.000000,0.200000,292.583008,0.000000,0.000000,0.200000,145.768173,1.400000,0.600000,0.000000,-10000.000000,-10000.000000,-10000.000000
119.544685,1,1.750000,0.000000,0.000000,0.000000,1.000000,0.000000,0.000000,0.000000,0.200000,292.623993,0.000000,0.000000,0.200000,145.781998,1.300000,0.500000,0.000000,-10000.000000,-10000.000000,-10000.000000
119.587204,1,1.750000,0.000000,0.000000,0.000000,1.000000,0.000000,0.000000,0.000000,0.200000,292.661987,0.000000,0.000000,0.200000,145.781998,1.300000,0.500000,0.000000,-10000.000000,-10000.000000,-10000.000000
119.627418,1,1.750000,0.000000,0.000000,0.000000,1.000000,0.000000,0.000000,0.000000,0.200000,292.707001,0.000000,0.000000,0.200000,145.730438,1.300000,0.600000,0.000000,-10000.000000,-10000.000000,-10000.000000
119.666399,1,1.750000,0.000000,0.000000,0.000000,1.000000,0.000000,0.000000,0.000000,0.200000,292.746002,0.000000,0.000000,0.200000,145.720581,1.200000,0.600000,0.000000,-10000.000000,-10000.000000,-10000.000000
119.707584,1,1.750000,0.000000,0.000000,0.000000,1.000000,0.000000,0.000000,0.000000,0.200000,292.790009,0.000000,0.000000,0.200000,145.776215,1.200000,0.500000,0.000000,-10000.000000,-10000.000000,-10000.000000
119.745574,1,1.750000,0.000000,0.000000,0.000000,1.000000,0.000000,0.000000,0.000000,0.200000,292.828003,0.000000,0.000000,0.200000,145.720367,1.300000,0.500000,0.000000,-10000.000000,-10000.000000,-10000.000000
119.783394,1,1.750000,0.000000,0.000000,0.000000,1.000000,0.000000,0.000000,0.000000,0.200000,292.871002,0.000000,0.000000,0.200000,145.759857,1.300000,0.500000,0.000000,-10000.000000,-10000.000000,-10000.000000
119.825770,1,1.750000,0.000000,0.000000,0.000000,1.000000,0.000000,0.000000,0.000000,0.200000,292.910004,0.000000,0.000000,0.200000,145.753937,1.400000,0.500000,0.000000,-10000.000000,-10000.000000,-10000.000000
119.865805,1,1.750000,0.000000,0.000000,0.000000,1.000000,0.000000,0.000000,0.000000,0.200000,292.950012,0.000000,0.000000,0.200000,145.719864,1.400000,0.500000,0.000000,-10000.000000,-10000.000000,-10000.000000
119.904920,1,1.750000,0.000000,0.000000,0.000000,1.000000,0.000000,0.000000,0.000000,0.200000,292.990997,0.000000,0.000000,0.200000,145.708054,1.300000,0.600000,0.000000,-10000.000000,-10000.000000,-10000.000000
119.946603,1,1.750000,0.000000,0.000000,0.000000,1.000000,0.000000,0.000000,0.000000,0.200000,293.023987,0.000000,0.000000,0.200000,145.697632,1.300000,0.600000,0.000000,-10000.000000,-10000.000000,-10000.000000
119.984534,1,1.750000,0.000000,0.000000,0.000000,1.000000,0.000000,0.000000,0.000000,0.200000,293.065002,0.000000,0.000000,0.200000,145.690033,1.300000,0.600000,0.000000,-10000.000000,-10000.000000,-10000.000000
120.029557,1,1.750000,0.000000,0.000000,0.000000,1.000000,0.000000,0.000000,0.000000,0.200000,293.104004,0.000000,0.000000,0.200000,145.637283,1.300000,0.600000,0.000000,-10000.000000,-10000.000000,-10000.000000
120.064542,1,1.750000,0.000000,0.000000,0.000000,1.000000,0.000000,0.000000,0.000000,0.200000,293.144989,0.000000,0.000000,0.200000,145.685989,1.300000,0.600000,0.000000,-10000.000000,-10000.000000,-10000.000000
120.106364,1,1.750000,0.000000,0.000000,0.000000,1.000000,0.000000,0.000000,0.000000,0.200000,293.184998,0.000000,0.000000,0.200000,145.685608,1.300000,0.600000,0.000000,-10000.000000,-10000.000000,-10000.000000
120.145518,1,1.750000,0.000000,0.000000,0.000000,1.000000,0.000000,0.000000,0.000000,0.200000,293.226990,0.000000,0.000000,0.200000,145.736053,1.300000,0.500000,0.000000,-10000.000000,-10000.000000,-10000.000000
120.185715,1,1.750000,0.000000,0.000000,0.000000,1.000000,0.000000,0.000000,0.000000,0.200000,293.266998,0.000000,0.000000,0.200000,145.758499,1.300000,0.500000,0.000000,-10000.000000,-10000.000000,-10000.000000
120.226604,1,1.750000,0.000000,0.000000,0.000000,1.000000,0.000000,0.000000,0.000000,0.200000,294.100006,0.000000,0.000000,0.200000,145.719894,1.300000,0.500000,0.000000,-10000.000000,-10000.000000,-10000.000000
120.264972,1,1.750000,0.000000,0.000000,0.000000,1.000000,0.000000,0.000000,0.000000,0.200000,293.799988,0.000000,0.000000,0.200000,145.727966,1.300000,0.500000,0.000000,-10000.000000,-10000.000000,-10000.000000
120.303759,1,1.750000,0.000000,0.000000,0.000000,1.000000,0.000000,0.000000,0.000000,0.200000,294.230011,0.000000,0.000000,0.200000,145.718735,1.300000,0.500000,0.000000,-10000.000000,-10000.000000,-10000.000000
120.348032,1,1.750000,0.000000,0.000000,0.000000,1.000000,0.000000,0.000000,0.000000,0.200000,293.421997,0.000000,0.000000,0.200000,145.763870,1.300000,0.600000,0.000000,-10000.000000,-10000.000000,-10000.000000
120.384411,1,1.750000,0.000000,0.000000,0.000000,1.000000,0.000000,0.000000,0.000000,0.200000,293.467987,0.000000,0.000000,0.200000,145.734253,1.300000,0.600000,0.000000,-10000.000000,-10000.000000,-10000.000000
120.424780,1,1.750000,0.000000,0.000000,0.000000,1.000000,0.000000,0.000000,0.000000,0.200000,293.509003,0.000000,0.000000,0.200000,145.730576,1.300000,0.600000,0.000000,-10000.000000,-10000.000000,-10000.000000
120.466698,1,1.750000,0.000000,0.000000,0.000000,1.000000,0.000000,0.000000,0.000000,0.200000,293.545990,0.000000,0.000000,0.200000,145.812668,1.400000,0.600000,0.000000,-10000.000000,-10000.000000,-10000.000000
120.504353,1,1.750000,0.000000,0.000000,0.000000,1.000000,0.000000,0.000000,0.000000,0.200000,293.587006,0.000000,0.000000,0.200000,145.802902,1.400000,0.600000,0.000000,-10000.000000,-10000.000000,-10000.000000
120.545665,1,1.750000,0.000000,0.000000,0.000000,1.000000,0.000000,0.000000,0.000000,0.200000,293.627991,0.000000,0.000000,0.200000,145.818283,1.300000,0.600000,0.000000,-10000.000000,-10000.000000,-10000.000000
120.583990,1,1.750000,0.000000,0.000000,0.000000,1.000000,0.000000,0.000000,0.000000,0.200000,293.666992,0.000000,0.000000,0.200000,145.802475,1.200000,0.600000,0.000000,-10000.000000,-10000.000000,-10000.000000
120.625559,1,1.750000,0.000000,0.000000,0.000000,1.000000,0.000000,0.000000,0.000000,0.200000,293.708008,0.000000,0.000000,0.200000,145.844925,1.200000,0.500000,0.000000,-10000.000000,-10000.000000,-10000.000000
120.666946,1,1.750000,0.000000,0.000000,0.000000,1.000000,0.000000,0.000000,0.000000,0.200000,293.747009,0.000000,0.000000,0.200000,145.835724,1.300000,0.500000,0.000000,-10000.000000,-10000.000000,-10000.000000
120.706919,1,1.750000,0.000000,0.000000,0.000000,1.000000,0.000000,0.000000,0.000000,0.200000,293.790009,0.000000,0.000000,0.200000,145.846298,1.300000,0.500000,0.000000,-10000.000000,-10000.000000,-10000.000000
120.745977,1,1.750000,0.000000,0.000000,0.000000,1.000000,0.000000,0.000000,0.000000,0.200000,293.829010,0.000000,0.000000,0.200000,145.870514,1.300000,0.500000,0.000000,-10000.000000,-10000.000000,-10000.000000
120.784632,1,1.750000,0.000000,0.000000,0.000000,1.000000,0.000000,0.000000,0.000000,0.200000,293.872009,0.000000,0.000000,0.200000,145.813705,1.300000,0.500000,0.000000,-10000.000000,-10000.000000,-10000.000000
120.828002,1,1.750000,0.000000,0.000000,0.000000,1.000000,0.000000,0.000000,0.000000,0.200000,293.908997,0.000000,0.000000,0.200000,145.801987,1.300000,0.600000,0.000000,-10000.000000,-10000.000000,-10000.000000
120.867025,1,1.750000,0.000000,0.000000,0.000000,1.000000,0.000000,0.000000,0.000000,0.200000,293.950012,0.000000,0.000000,0.200000,145.795609,1.300000,0.600000,0.000000,-10000.000000,-10000.000000,-10000.000000
120.908194,1,1.750000,0.000000,0.000000,0.000000,1.000000,0.000000,0.000000,0.000000,0.200000,293.992004,0.000000,0.000000,0.200000,145.794540,1.200000,0.700000,0.000000,-10000.000000,-10000.000000,-10000.000000
120.945204,1,1.750000,0.000000,0.000000,0.000000,1.000000,0.000000,0.000000,0.000000,0.200000,294.027008,0.000000,0.000000,0.200000,145.760071,1.200000,0.600000,0.000000,-10000.000000,-10000.000000,-10000.000000
120.984435,1,1.750000,0.000000,0.000000,0.000000,1.000000,0.000000,0.000000,0.000000,0.200000,294.066010,0.000000,0.000000,0.200000,145.777527,1.300000,0.600000,0.000000,-10000.000000,-10000.000000,-10000.000000
121.026703,1,1.750000,0.000000,0.000000,0.000000,1.000000,0.000000,0.000000,0.000000,0.200000,294.108002,0.000000,0.000000,0.200000,145.811905,1.300000,0.500000,0.000000,-10000.000000,-10000.000000,-10000.000000
121.066244,1,1.750000,0.000000,0.000000,0.000000,1.000000,0.000000,0.000000,0.000000,0.200000,294.145996,0.000000,0.000000,0.200000,145.811905,1.300000,0.500000,0.000000,-10000.000000,-10000.000000,-10000.000000
121.104389,1,1.750000,0.000000,0.000000,0.000000,1.000000,0.000000,0.000000,0.000000,0.200000,294.187988,0.000000,0.000000,0.200000,145.718613,1.300000,0.500000,0.000000,-10000.000000,-10000.000000,-10000.000000
121.146674,1,1.750000,0.000000,0.000000,0.000000,1.000000,0.000000,0.000000,0.000000,0.200000,294.226013,0.000000,0.000000,0.200000,145.699020,1.300000,0.500000,0.000000,-10000.000000,-10000.000000,-10000.000000
121.185805,1,1.750000,0.000000,0.000000,0.000000,1.000000,0.000000,0.000000,0.000000,0.200000,294.265991,0.000000,0.000000,0.200000,145.732315,1.300000,0.500000,0.000000,-10000.000000,-10000.000000,-10000.000000
121.225726,1,1.750000,0.000000,0.000000,0.000000,1.000000,0.000000,0.000000,0.000000,0.200000,295.200012,0.000000,0.000000,0.200000,145.690781,1.300000,0.600000,0.000000,-10000.000000,-10000.000000,-10000.000000
121.263957,1,1.750000,0.000000,0.000000,0.000000,1.000000,0.000000,0.000000,0.000000,0.200000,294.779999,0.000000,0.000000,0.200000,145.669678,1.300000,0.600000,0.000000,-10000.000000,-10000.000000,-10000.000000
121.303062,1,1.750000,0.000000,0.000000,0.000000,1.000000,0.000000,0.000000,0.000000,0.200000,295.200012,0.000000,0.000000,0.200000,145.645447,1.300000,0.700000,0.000000,-10000.000000,-10000.000000,-10000.000000
121.345664,1,1.750000,0.000000,0.000000,0.000000,1.000000,0.000000,0.000000,0.000000,0.200000,294.429993,0.000000,0.000000,0.200000,145.608231,1.300000,0.700000,0.000000,-10000.000000,-10000.000000,-10000.000000
121.383588,1,1.750000,0.000000,0.000000,0.000000,1.000000,0.000000,0.000000,0.000000,0.200000,294.467987,0.000000,0.000000,0.200000,145.582855,1.300000,0.700000,0.000000,-10000.000000,-10000.000000,-10000.000000
121.425858,1,1.750000,0.000000,0.000000,0.000000,1.000000,0.000000,0.000000,0.000000,0.200000,294.510010,0.000000,0.000000,0.200000,145.626129,1.300000,0.600000,0.000000,-10000.000000,-10000.000000,-10000.000000
121.464164,1,1.750000,0.000000,0.000000,0.000000,1.000000,0.000000,0.000000,0.000000,0.200000,294.550995,0.000000,0.000000,0.200000,145.558945,1.200000,0.600000,0.000000,-10000.000000,-10000.000000,-10000.000000
121.507297,1,1.750000,0.000000,0.000000,0.000000,1.000000,0.000000,0.000000,0.000000,0.200000,294.591003,0.000000,0.000000,0.200000,145.568192,1.200000,0.500000,0.000000,-10000.000000,-10000.000000,-10000.000000
121.546088,1,1.750000,0.000000,0.000000,0.000000,1.000000,0.000000,0.000000,0.000000,0.200000,294.622009,0.000000,0.000000,0.200000,145.590927,1.200000,0.500000,0.000000,-10000.000000,-10000.000000,-10000.000000
121.583945,1,1.750000,0.000000,0.000000,0.000000,1.000000,0.000000,0.000000,0.000000,0.200000,294.661987,0.000000,0.000000,0.200000,145.554260,1.300000,0.500000,0.000000,-10000.000000,-10000.000000,-10000.000000
121.627973,1,1.750000,0.000000,0.000000,0.000000,1.000000,0.000000,0.000000,0.000000,0.200000,294.700989,0.000000,0.000000,0.200000,145.571838,1.300000,0.500000,0.000000,-10000.000000,-10000.000000,-10000.000000
121.672492,1,1.750000,0.000000,0.000000,0.000000,1.000000,0.000000,0.000000,0.000000,0.200000,294.744995,0.000000,0.000000,0.200000,145.518677,1.300000,0.600000,0.000000,-10000.000000,-10000.000000,-10000.000000
121.704205,1,1.750000,0.000000,0.000000,0.000000,1.000000,0.000000,0.000000,0.000000,0.200000,294.782990,0.000000,0.000000,0.200000,145.532227,1.300000,0.600000,0.000000,-10000.000000,-10000.000000,-10000.000000
121.747328,1,1.750000,0.000000,0.000000,0.000000,1.000000,0.000000,0.000000,0.000000,0.200000,294.824005,0.000000,0.000000,0.200000,145.521133,1.300000,0.700000,0.000000,-10000.000000,-10000.000000,-10000.000000
121.786187,1,1.750000,0.000000,0.000000,0.000000,1.000000,0.000000,0.000000,0.000000,0.200000,294.862000,0.000000,0.000000,0.200000,145.476517,1.300000,0.700000,0.000000,-10000.000000,-10000.000000,-10000.000000
121.828990,1,1.750000,0.000000,0.000000,0.000000,1.000000,0.000000,0.000000,0.000000,0.200000,294.908997,0.000000,0.000000,0.200000,145.526840,1.200000,0.600000,0.000000,-10000.000000,-10000.000000,-10000.000000
121.866355,1,1.750000,0.000000,0.000000,0.000000,1.000000,0.000000,0.000000,0.000000,0.200000,294.944000,0.000000,0.000000,0.200000,145.492447,1.200000,0.600000,0.000000,-10000.000000,-10000.000000,-10000.000000
121.904909,1,1.750000,0.000000,0.000000,0.000000,1.000000,0.000000,0.000000,0.000000,0.200000,294.989014,0.000000,0.000000,0.200000,145.518417,1.200000,0.600000,0.000000,-10000.000000,-10000.000000,-10000.000000
121.949578,1,1.750000,0.000000,0.000000,0.000000,1.000000,0.000000,0.000000,0.000000,0.200000,295.032013,0.000000,0.000000,0.200000,145.509476,1.300000,0.500000,0.000000,-10000.000000,-10000.000000,-10000.000000
121.987658,1,1.750000,0.000000,0.000000,0.000000,1.000000,0.000000,0.000000,0.000000,0.200000,295.063995,0.000000,0.000000,0.200000,145.540283,1.200000,0.500000,0.000000,-10000.000000,-10000.000000,-10000.000000
122.029584,1,1.750000,0.000000,0.000000,0.000000,1.000000,0.000000,0.000000,0.000000,0.200000,295.109985,0.000000,0.000000,0.200000,145.551956,1.200000,0.500000,0.000000,-10000.000000,-10000.000000,-10000.000000
122.067514,1,1.750000,0.000000,0.000000,0.000000,1.000000,0.000000,0.000000,0.000000,0.200000,295.144989,0.000000,0.000000,0.200000,145.496368,1.300000,0.500000,0.000000,-10000.000000,-10000.000000,-10000.000000
122.106009,1,1.750000,0.000000,0.000000,0.000000,1.000000,0.000000,0.000000,0.000000,0.200000,295.191010,0.000000,0.000000,0.200000,145.540604,1.300000,0.600000,0.000000,-10000.000000,-10000.000000,-10000.000000
122.151180,1,1.750000,0.000000,0.000000,0.000000,1.000000,0.000000,0.000000,0.000000,0.200000,295.234009,0.000000,0.000000,0.200000,145.505997,1.300000,0.600000,0.000000,-10000.000000,-10000.000000,-10000.000000
122.186487,1,1.750000,0.000000,0.000000,0.000000,1.000000,0.000000,0.000000,0.000000,0.200000,295.265991,0.000000,0.000000,0.200000,145.485001,1.300000,0.700000,0.000000,-10000.000000,-10000.000000,-10000.000000
122.226977,1,1.750000,0.000000,0.000000,0.000000,1.000000,0.000000,0.000000,0.000000,0.200000,296.200012,0.000000,0.000000,0.200000,145.445007,1.300000,0.700000,0.000000,-10000.000000,-10000.000000,-10000.000000
122.267390,1,1.750000,0.000000,0.000000,0.000000,1.000000,0.000000,0.000000,0.000000,0.200000,295.839996,0.000000,0.000000,0.200000,145.502151,1.200000,0.700000,0.000000,-10000.000000,-10000.000000,-10000.000000
122.308421,1,1.750000,0.000000,0.000000,0.000000,1.000000,0.000000,0.000000,0.000000,0.200000,296.160004,0.000000,0.000000,0.200000,145.457977,1.200000,0.600000,0.000000,-10000.000000,-10000.000000,-10000.000000
122.349407,1,1.750000,0.000000,0.000000,0.000000,1.000000,0.000000,0.000000,0.000000,0.200000,295.431000,0.000000,0.000000,0.200000,145.475952,1.200000,0.600000,0.000000,-10000.000000,-10000.000000,-10000.000000
122.387250,1,1.750000,0.000000,0.000000,0.000000,1.000000,0.000000,0.000000,0.000000,0.200000,295.463989,0.000000,0.000000,0.200000,145.490387,1.200000,0.500000,0.000000,-10000.000000,-10000.000000,-10000.000000
122.429435,1,1.750000,0.000000,0.000000,0.000000,1.000000,0.000000,0.000000,0.000000,0.200000,295.509003,0.000000,0.000000,0.200000,145.522034,1.200000,0.500000,0.000000,-10000.000000,-10000.000000,-10000.000000
122.467815,1,1.750000,0.000000,0.000000,0.000000,1.000000,0.000000,0.000000,0.000000,0.200000,295.549988,0.000000,0.000000,0.200000,145.469711,1.300000,0.600000,0.000000,-10000.000000,-10000.000000,-10000.000000
122.505260,1,1.750000,0.000000,0.000000,0.000000,1.000000,0.000000,0.000000,0.000000,0.200000,295.592010,0.000000,0.000000,0.200000,145.458405,1.300000,0.600000,0.000000,-10000.000000,-10000.000000,-10000.000000
122.547313,1,1.750000,0.000000,0.000000,0.000000,1.000000,0.000000,0.000000,0.000000,0.200000,295.627991,0.000000,0.000000,0.200000,145.505920,1.300000,0.600000,0.000000,-10000.000000,-10000.000000,-10000.000000
122.586698,1,1.750000,0.000000,0.000000,0.000000,1.000000,0.000000,0.000000,0.000000,0.200000,295.658997,0.000000,0.000000,0.200000,145.406357,1.300000,0.700000,0.000000,-10000.000000,-10000.000000,-10000.000000
122.628473,1,1.750000,0.000000,0.000000,0.000000,1.000000,0.000000,0.000000,0.000000,0.200000,295.710999,0.000000,0.000000,0.200000,145.365921,1.300000,0.700000,0.000000,-10000.000000,-10000.000000,-10000.000000
122.666890,1,1.750000,0.000000,0.000000,0.000000,1.000000,0.000000,0.000000,0.000000,0.200000,295.746002,0.000000,0.000000,0.200000,145.377777,1.300000,0.700000,0.000000,-10000.000000,-10000.000000,-10000.000000
122.708226,1,1.750000,0.000000,0.000000,0.000000,1.000000,0.000000,0.000000,0.000000,0.200000,295.786011,0.000000,0.000000,0.200000,145.367722,1.300000,0.700000,0.000000,-10000.000000,-10000.000000,-10000.000000
122.748251,1,1.750000,0.000000,0.000000,0.000000,1.000000,0.000000,0.000000,0.000000,0.200000,295.828003,0.000000,0.000000,0.200000,145.394653,1.200000,0.700000,0.000000,-10000.000000,-10000.000000,-10000.000000
122.785428,1,1.750000,0.000000,0.000000,0.000000,1.000000,0.000000,0.000000,0.000000,0.200000,295.869995,0.000000,0.000000,0.200000,145.327118,1.200000,0.600000,0.000000,-10000.000000,-10000.000000,-10000.000000
122.831054,1,1.750000,0.000000,0.000000,0.000000,1.000000,0.000000,0.000000,0.000000,0.200000,295.911011,0.000000,0.000000,0.200000,145.359451,1.200000,0.600000,0.000000,-10000.000000,-10000.000000,-10000.000000
122.867404,1,1.750000,0.000000,0.000000,0.000000,1.000000,0.000000,0.000000,0.000000,0.200000,295.945007,0.000000,0.000000,0.200000,145.347519,1.200000,0.600000,0.000000,-10000.000000,-10000.000000,-10000.000000
122.910073,1,1.750000,0.000000,0.000000,0.000000,1.000000,0.000000,0.000000,0.000000,0.200000,295.992004,0.000000,0.000000,0.200000,145.324554,1.200000,0.600000,0.000000,-10000.000000,-10000.000000,-10000.000000
122.949497,1,1.750000,0.000000,0.000000,0.000000,1.000000,0.000000,0.000000,0.000000,0.200000,296.023010,0.000000,0.000000,0.200000,145.292496,1.200000,0.600000,0.000000,-10000.000000,-10000.000000,-10000.000000
122.988845,1,1.750000,0.000000,0.000000,0.000000,1.000000,0.000000,0.000000,0.000000,0.200000,296.063995,0.000000,0.000000,0.200000,145.336060,1.200000,0.600000,0.000000,-10000.000000,-10000.000000,-10000.000000
123.029239,1,1.750000,0.000000,0.000000,0.000000,1.000000,0.000000,0.000000,0.000000,0.200000,296.109009,0.000000,0.000000,0.200000,145.299820,1.300000,0.600000,0.000000,-10000.000000,-10000.000000,-10000.000000
123.064534,1,1.750000,0.000000,0.000000,0.000000,1.000000,0.000000,0.000000,0.000000,0.200000,296.149994,0.000000,0.000000,0.200000,145.318512,1.300000,0.600000,0.000000,-10000.000000,-10000.000000,-10000.000000
123.105555,1,1.750000,0.000000,0.000000,0.000000,1.000000,0.000000,0.000000,0.000000,0.200000,296.191986,0.000000,0.000000,0.200000,145.313751,1.400000,0.700000,0.000000,-10000.000000,-10000.000000,-10000.000000
123.148981,1,1.750000,0.000000,0.000000,0.000000,1.000000,0.000000,0.000000,0.000000,0.200000,296.230988,0.000000,0.000000,0.200000,145.328033,1.300000,0.800000,0.000000,-10000.000000,-10000.000000,-10000.000000
123.199594,1,1.750000,0.000000,0.000000,0.000000,1.000000,0.000000,0.000000,0.000000,0.200000,296.265015,0.000000,0.000000,0.200000,145.311234,1.300000,0.700000,0.000000,-10000.000000,-10000.000000,-10000.000000
123.229686,1,1.750000,0.000000,0.000000,0.000000,1.000000,0.000000,0.000000,0.000000,0.200000,296.399994,0.000000,0.000000,0.200000,145.330246,1.200000,0.700000,0.000000,-10000.000000,-10000.000000,-10000.000000
123.268289,1,1.750000,0.000000,0.000000,0.000000,1.000000,0.000000,0.000000,0.000000,0.200000,296.730011,0.000000,0.000000,0.200000,145.411102,1.200000,0.600000,0.000000,-10000.000000,-10000.000000,-10000.000000
123.306293,1,1.750000,0.000000,0.000000,0.000000,1.000000,0.000000,0.000000,0.000000,0.200000,297.089996,0.000000,0.000000,0.200000,145.389648,1.200000,0.600000,0.000000,-10000.000000,-10000.000000,-10000.000000
123.348210,1,1.750000,0.000000,0.000000,0.000000,1.000000,0.000000,0.000000,0.000000,0.200000,296.427002,0.000000,0.000000,0.200000,145.392578,1.300000,0.600000,0.000000,-10000.000000,-10000.000000,-10000.000000
123.386250,1,1.750000,0.000000,0.000000,0.000000,1.000000,0.000000,0.000000,0.000000,0.200000,296.463013,0.000000,0.000000,0.200000,145.400772,1.300000,0.600000,0.000000,-10000.000000,-10000.000000,-10000.000000
123.433629,1,1.750000,0.000000,0.000000,0.000000,1.000000,0.000000,0.000000,0.000000,0.200000,296.506989,0.000000,0.000000,0.200000,145.428772,1.300000,0.600000,0.000000,-10000.000000,-10000.000000,-10000.000000
123.466777,1,1.750000,0.000000,0.000000,0.000000,1.000000,0.000000,0.000000,0.000000,0.200000,296.553009,0.000000,0.000000,0.200000,145.457962,1.300000,0.600000,0.000000,-10000.000000,-10000.000000,-10000.000000
123.509345,1,1.750000,0.000000,0.000000,0.000000,1.000000,0.000000,0.000000,0.000000,0.200000,296.582001,0.000000,0.000000,0.200000,145.417572,1.300000,0.700000,0.000000,-10000.000000,-10000.000000,-10000.000000
123.548767,1,1.750000,0.000000,0.000000,0.000000,1.000000,0.000000,0.000000,0.000000,0.200000,296.627014,0.000000,0.000000,0.200000,145.445755,1.200000,0.700000,0.000000,-10000.000000,-10000.000000,-10000.000000
123.587201,1,1.750000,0.000000,0.000000,0.000000,1.000000,0.000000,0.000000,0.000000,0.200000,296.669006,0.000000,0.000000,0.200000,145.405640,1.200000,0.700000,0.000000,-10000.000000,-10000.000000,-10000.000000
123.642377,1,1.750000,0.000000,0.000000,0.000000,1.000000,0.000000,0.000000,0.000000,0.200000,296.710999,0.000000,0.000000,0.200000,145.439377,1.200000,0.700000,0.000000,-10000.000000,-10000.000000,-10000.000000
123.671401,1,1.750000,0.000000,0.000000,0.000000,1.000000,0.000000,0.000000,0.000000,0.200000,296.744995,0.000000,0.000000,0.200000,145.496918,1.300000,0.600000,0.000000,-10000.000000,-10000.000000,-10000.000000
123.707563,1,1.750000,0.000000,0.000000,0.000000,1.000000,0.000000,0.000000,0.000000,0.200000,296.786011,0.000000,0.000000,0.200000,145.496918,1.300000,0.600000,0.000000,-10000.000000,-10000.000000,-10000.000000
123.755507,1,1.750000,0.000000,0.000000,0.000000,1.000000,0.000000,0.000000,0.000000,0.200000,296.832001,0.000000,0.000000,0.200000,145.496918,1.300000,0.600000,0.000000,-10000.000000,-10000.000000,-10000.000000
123.788144,1,1.750000,0.000000,0.000000,0.000000,1.000000,0.000000,0.000000,0.000000,0.200000,296.864014,0.000000,0.000000,0.200000,145.496918,1.300000,0.600000,0.000000,-10000.000000,-10000.000000,-10000.000000
123.829152,1,1.750000,0.000000,0.000000,0.000000,1.000000,0.000000,0.000000,0.000000,0.200000,296.906006,0.000000,0.000000,0.200000,145.496918,1.300000,0.600000,0.000000,-10000.000000,-10000.000000,-10000.000000
123.866985,1,1.750000,0.000000,0.000000,0.000000,1.000000,0.000000,0.000000,0.000000,0.200000,296.950012,0.000000,0.000000,0.200000,145.494812,1.200000,0.600000,0.000000,-10000.000000,-10000.000000,-10000.000000
123.908536,1,1.750000,0.000000,0.000000,0.000000,1.000000,0.000000,0.000000,0.000000,0.200000,296.984009,0.000000,0.000000,0.200000,145.481293,1.200000,0.600000,0.000000,-10000.000000,-10000.000000,-10000.000000
123.952281,1,1.750000,0.000000,0.000000,0.000000,1.000000,0.000000,0.000000,0.000000,0.200000,297.024994,0.000000,0.000000,0.200000,145.517899,1.300000,0.700000,0.000000,-10000.000000,-10000.000000,-10000.000000
123.996866,1,1.750000,0.000000,0.000000,0.000000,1.000000,0.000000,0.000000,0.000000,0.200000,297.062012,0.000000,0.000000,0.200000,145.503479,1.300000,0.700000,0.000000,-10000.000000,-10000.000000,-10000.000000
124.046617,1,1.750000,0.000000,0.000000,0.000000,1.000000,0.000000,0.000000,0.000000,0.200000,297.114014,0.000000,0.000000,0.200000,145.513962,1.300000,0.700000,0.000000,-10000.000000,-10000.000000,-10000.000000
124.090968,1,1.750000,0.000000,0.000000,0.000000,1.000000,0.000000,0.000000,0.000000,0.200000,297.149994,0.000000,0.000000,0.200000,145.500778,1.300000,0.700000,0.000000,-10000.000000,-10000.000000,-10000.000000
124.124055,1,1.750000,0.000000,0.000000,0.000000,1.000000,0.000000,0.000000,0.000000,0.200000,297.187988,0.000000,0.000000,0.200000,145.535934,1.300000,0.700000,0.000000,-10000.000000,-10000.000000,-10000.000000
124.169747,1,1.750000,0.000000,0.000000,0.000000,1.000000,0.000000,0.000000,0.000000,0.200000,297.239014,0.000000,0.000000,0.200000,145.516571,1.300000,0.600000,0.000000,-10000.000000,-10000.000000,-10000.000000
124.211004,1,1.750000,0.000000,0.000000,0.000000,1.000000,0.000000,0.000000,0.000000,0.200000,297.274994,0.000000,0.000000,0.200000,145.510651,1.200000,0.700000,0.000000,-10000.000000,-10000.000000,-10000.000000
124.265889,1,1.750000,0.000000,0.000000,0.000000,1.000000,0.000000,0.000000,0.000000,0.200000,297.420013,0.000000,0.000000,0.200000,145.465286,1.200000,0.700000,0.000000,-10000.000000,-10000.000000,-10000.000000
124.285199,1,1.750000,0.000000,0.000000,0.000000,1.000000,0.000000,0.000000,0.000000,0.200000,297.940002,0.000000,0.000000,0.200000,145.494614,1.300000,0.800000,0.000000,-10000.000000,-10000.000000,-10000.000000
124.339013,1,1.750000,0.000000,0.000000,0.000000,1.000000,0.000000,0.000000,0.000000,0.200000,297.401001,0.000000,0.000000,0.200000,145.444077,1.200000,0.800000,0.000000,-10000.000000,-10000.000000,-10000.000000
124.377079,1,1.750000,0.000000,0.000000,0.000000,1.000000,0.000000,0.000000,0.000000,0.200000,297.440002,0.000000,0.000000,0.200000,145.496490,1.300000,0.600000,0.000000,-10000.000000,-10000.000000,-10000.000000
124.409304,1,1.750000,0.000000,0.000000,0.000000,1.000000,0.000000,0.000000,0.000000,0.200000,297.490997,0.000000,0.000000,0.200000,145.456833,1.200000,0.700000,0.000000,-10000.000000,-10000.000000,-10000.000000
124.449244,1,1.750000,0.000000,0.000000,0.000000,1.000000,0.000000,0.000000,0.000000,0.200000,297.524994,0.000000,0.000000,0.200000,145.475403,1.200000,0.600000,0.000000,-10000.000000,-10000.000000,-10000.000000
124.485199,1,1.750000,0.000000,0.000000,0.000000,1.000000,0.000000,0.000000,0.000000,0.200000,297.572998,0.000000,0.000000,0.200000,145.476410,1.300000,0.600000,0.000000,-10000.000000,-10000.000000,-10000.000000
124.533841,1,1.750000,0.000000,0.000000,0.000000,1.000000,0.000000,0.000000,0.000000,0.200000,297.610992,0.000000,0.000000,0.200000,145.481827,1.300000,0.600000,0.000000,-10000.000000,-10000.000000,-10000.000000
124.568036,1,1.750000,0.000000,0.000000,0.000000,1.000000,0.000000,0.000000,0.000000,0.200000,297.647003,0.000000,0.000000,0.200000,145.487930,1.300000,0.600000,0.000000,-10000.000000,-10000.000000,-10000.000000
124.607191,1,1.750000,0.000000,0.000000,0.000000,1.000000,0.000000,0.000000,0.000000,0.200000,297.683014,0.000000,0.000000,0.200000,145.430389,1.300000,0.700000,0.000000,-10000.000000,-10000.000000,-10000.000000
124.648675,1,1.750000,0.000000,0.000000,0.000000,1.000000,0.000000,0.000000,0.000000,0.200000,297.729004,0.000000,0.000000,0.200000,145.412842,1.200000,0.700000,0.000000,-10000.000000,-10000.000000,-10000.000000
124.690002,1,1.750000,0.000000,0.000000,0.000000,1.000000,0.000000,0.000000,0.000000,0.200000,297.772003,0.000000,0.000000,0.200000,145.411591,1.200000,0.700000,0.000000,-10000.000000,-10000.000000,-10000.000000
124.731785,1,1.750000,0.000000,0.000000,0.000000,1.000000,0.000000,0.000000,0.000000,0.200000,297.811005,0.000000,0.000000,0.200000,145.393082,1.300000,0.700000,0.000000,-10000.000000,-10000.000000,-10000.000000
124.769209,1,1.750000,0.000000,0.000000,0.000000,1.000000,0.000000,0.000000,0.000000,0.200000,297.834991,0.000000,0.000000,0.200000,145.466782,1.300000,0.600000,0.000000,-10000.000000,-10000.000000,-10000.000000
124.811502,1,1.750000,0.000000,0.000000,0.000000,1.000000,0.000000,0.000000,0.000000,0.200000,297.891998,0.000000,0.000000,0.200000,145.402084,1.300000,0.700000,0.000000,-10000.000000,-10000.000000,-10000.000000
124.848885,1,1.750000,0.000000,0.000000,0.000000,1.000000,0.000000,0.000000,0.000000,0.200000,297.927002,0.000000,0.000000,0.200000,145.452118,1.300000,0.700000,0.000000,-10000.000000,-10000.000000,-10000.000000
124.889703,1,1.750000,0.000000,0.000000,0.000000,1.000000,0.000000,0.000000,0.000000,0.200000,297.971985,0.000000,0.000000,0.200000,145.404633,1.300000,0.700000,0.000000,-10000.000000,-10000.000000,-10000.000000
124.925758,1,1.750000,0.000000,0.000000,0.000000,1.000000,0.000000,0.000000,0.000000,0.200000,298.005005,0.000000,0.000000,0.200000,145.386917,1.200000,0.700000,0.000000,-10000.000000,-10000.000000,-10000.000000
124.966531,1,1.750000,0.000000,0.000000,0.000000,1.000000,0.000000,0.000000,0.000000,0.200000,298.049011,0.000000,0.000000,0.200000,145.368240,1.200000,0.700000,0.000000,-10000.000000,-10000.000000,-10000.000000
125.006900,1,1.750000,0.000000,0.000000,0.000000,1.000000,0.000000,0.000000,0.000000,0.200000,298.089996,0.000000,0.000000,0.200000,145.360413,1.200000,0.600000,0.000000,-10000.000000,-10000.000000,-10000.000000
125.046682,1,1.750000,0.000000,0.000000,0.000000,1.000000,0.000000,0.000000,0.000000,0.200000,298.130005,0.000000,0.000000,0.200000,145.343475,1.200000,0.600000,0.000000,-10000.000000,-10000.000000,-10000.000000
125.084273,1,1.750000,0.000000,0.000000,0.000000,1.000000,0.000000,0.000000,0.000000,0.200000,298.171997,0.000000,0.000000,0.200000,145.384979,1.300000,0.700000,0.000000,-10000.000000,-10000.000000,-10000.000000
125.127854,1,1.750000,0.000000,0.000000,0.000000,1.000000,0.000000,0.000000,0.000000,0.200000,298.209991,0.000000,0.000000,0.200000,145.349640,1.300000,0.700000,0.000000,-10000.000000,-10000.000000,-10000.000000
125.163680,1,1.750000,0.000000,0.000000,0.000000,1.000000,0.000000,0.000000,0.000000,0.200000,298.243011,0.000000,0.000000,0.200000,145.302155,1.300000,0.700000,0.000000,-10000.000000,-10000.000000,-10000.000000
125.204564,1,1.750000,0.000000,0.000000,0.000000,1.000000,0.000000,0.000000,0.000000,0.200000,298.283997,0.000000,0.000000,0.200000,145.321762,1.300000,0.800000,0.000000,-10000.000000,-10000.000000,-10000.000000
125.246190,1,1.750000,0.000000,0.000000,0.000000,1.000000,0.000000,0.000000,0.000000,0.200000,298.529999,0.000000,0.000000,0.200000,145.297958,1.300000,0.800000,0.000000,-10000.000000,-10000.000000,-10000.000000
125.285514,1,1.750000,0.000000,0.000000,0.000000,1.000000,0.000000,0.000000,0.000000,0.200000,298.920013,0.000000,0.000000,0.200000,145.282608,1.200000,0.800000,0.000000,-10000.000000,-10000.000000,-10000.000000
125.325996,1,1.750000,0.000000,0.000000,0.000000,1.000000,0.000000,0.000000,0.000000,0.200000,298.404999,0.000000,0.000000,0.200000,145.289597,1.200000,0.700000,0.000000,-10000.000000,-10000.000000,-10000.000000
125.364004,1,1.750000,0.000000,0.000000,0.000000,1.000000,0.000000,0.000000,0.000000,0.200000,298.444000,0.000000,0.000000,0.200000,145.268478,1.200000,0.700000,0.000000,-10000.000000,-10000.000000,-10000.000000
125.404917,1,1.750000,0.000000,0.000000,0.000000,1.000000,0.000000,0.000000,0.000000,0.200000,298.489990,0.000000,0.000000,0.200000,145.315018,1.200000,0.700000,0.000000,-10000.000000,-10000.000000,-10000.000000
125.444448,1,1.750000,0.000000,0.000000,0.000000,1.000000,0.000000,0.000000,0.000000,0.200000,298.529999,0.000000,0.000000,0.200000,145.318680,1.300000,0.700000,0.000000,-10000.000000,-10000.000000,-10000.000000
125.483858,1,1.750000,0.000000,0.000000,0.000000,1.000000,0.000000,0.000000,0.000000,0.200000,298.570007,0.000000,0.000000,0.200000,145.336258,1.300000,0.700000,0.000000,-10000.000000,-10000.000000,-10000.000000
125.527216,1,1.750000,0.000000,0.000000,0.000000,1.000000,0.000000,0.000000,0.000000,0.200000,298.610992,0.000000,0.000000,0.200000,145.289520,1.300000,0.700000,0.000000,-10000.000000,-10000.000000,-10000.000000
125.564786,1,1.750000,0.000000,0.000000,0.000000,1.000000,0.000000,0.000000,0.000000,0.200000,298.649994,0.000000,0.000000,0.200000,145.300125,1.200000,0.700000,0.000000,-10000.000000,-10000.000000,-10000.000000
125.604501,1,1.750000,0.000000,0.000000,0.000000,1.000000,0.000000,0.000000,0.000000,0.200000,298.694000,0.000000,0.000000,0.200000,145.251724,1.200000,0.700000,0.000000,-10000.000000,-10000.000000,-10000.000000
125.646871,1,1.750000,0.000000,0.000000,0.000000,1.000000,0.000000,0.000000,0.000000,0.200000,298.726990,0.000000,0.000000,0.200000,145.525101,1.300000,0.800000,0.000000,-10000.000000,-10000.000000,-10000.000000
125.683876,1,1.750000,0.000000,0.000000,0.000000,1.000000,0.000000,0.000000,0.000000,0.200000,298.765015,0.000000,0.000000,0.200000,145.310318,1.300000,0.800000,0.000000,-10000.000000,-10000.000000,-10000.000000
125.724945,1,1.750000,0.000000,0.000000,0.000000,1.000000,0.000000,0.000000,0.000000,0.200000,298.808990,0.000000,0.000000,0.200000,145.135406,1.300000,0.800000,0.000000,-10000.000000,-10000.000000,-10000.000000
125.764307,1,1.750000,0.000000,0.000000,0.000000,1.000000,0.000000,0.000000,0.000000,0.200000,298.845001,0.000000,0.000000,0.200000,145.221420,1.300000,0.900000,0.000000,-10000.000000,-10000.000000,-10000.000000
125.806393,1,1.750000,0.000000,0.000000,0.000000,1.000000,0.000000,0.000000,0.000000,0.200000,298.886993,0.000000,0.000000,0.200000,145.158615,1.300000,0.800000,0.000000,-10000.000000,-10000.000000,-10000.000000
125.846609,1,1.750000,0.000000,0.000000,0.000000,1.000000,0.000000,0.000000,0.000000,0.200000,298.928009,0.000000,0.000000,0.200000,145.182114,1.300000,0.800000,0.000000,-10000.000000,-10000.000000,-10000.000000
125.884300,1,1.750000,0.000000,0.000000,0.000000,1.000000,0.000000,0.000000,0.000000,0.200000,298.966003,0.000000,0.000000,0.200000,145.213608,1.300000,0.800000,0.000000,-10000.000000,-10000.000000,-10000.000000
125.925307,1,1.750000,0.000000,0.000000,0.000000,1.000000,0.000000,0.000000,0.000000,0.200000,299.007996,0.000000,0.000000,0.200000,145.143250,1.300000,0.800000,0.000000,-10000.000000,-10000.000000,-10000.000000
125.964032,1,1.750000,0.000000,0.000000,0.000000,1.000000,0.000000,0.000000,0.000000,0.200000,299.049988,0.000000,0.000000,0.200000,145.162979,1.300000,0.800000,0.000000,-10000.000000,-10000.000000,-10000.000000
126.003188,1,1.750000,0.000000,0.000000,0.000000,1.000000,0.000000,0.000000,0.000000,0.200000,299.083008,0.000000,0.000000,0.200000,145.187744,1.300000,0.800000,0.000000,-10000.000000,-10000.000000,-10000.000000
126.044394,1,1.750000,0.000000,0.000000,0.000000,1.000000,0.000000,0.000000,0.000000,0.200000,299.122009,0.000000,0.000000,0.200000,145.161545,1.300000,0.800000,0.000000,-10000.000000,-10000.000000,-10000.000000
126.084264,1,1.750000,0.000000,0.000000,0.000000,1.000000,0.000000,0.000000,0.000000,0.200000,299.162994,0.000000,0.000000,0.200000,145.170990,1.300000,0.800000,0.000000,-10000.000000,-10000.000000,-10000.000000
126.127052,1,1.750000,0.000000,0.000000,0.000000,1.000000,0.000000,0.000000,0.000000,0.200000,299.204987,0.000000,0.000000,0.200000,145.138336,1.300000,0.800000,0.000000,-10000.000000,-10000.000000,-10000.000000
126.166165,1,1.750000,0.000000,0.000000,0.000000,1.000000,0.000000,0.000000,0.000000,0.200000,299.247009,0.000000,0.000000,0.200000,145.162384,1.300000,0.800000,0.000000,-10000.000000,-10000.000000,-10000.000000
126.205507,1,1.750000,0.000000,0.000000,0.000000,1.000000,0.000000,0.000000,0.000000,0.200000,299.286011,0.000000,0.000000,0.200000,145.153824,1.300000,0.800000,0.000000,-10000.000000,-10000.000000,-10000.000000
126.245833,1,1.750000,0.000000,0.000000,0.000000,1.000000,0.000000,0.000000,0.000000,0.200000,299.559998,0.000000,0.000000,0.200000,145.148987,1.300000,0.800000,0.000000,-10000.000000,-10000.000000,-10000.000000
126.284586,1,1.750000,0.000000,0.000000,0.000000,1.000000,0.000000,0.000000,0.000000,0.200000,299.959991,0.000000,0.000000,0.200000,145.153961,1.300000,0.800000,0.000000,-10000.000000,-10000.000000,-10000.000000
126.327246,1,1.750000,0.000000,0.000000,0.000000,1.000000,0.000000,0.000000,0.000000,0.200000,299.407013,0.000000,0.000000,0.200000,145.155838,1.300000,0.800000,0.000000,-10000.000000,-10000.000000,-10000.000000
126.363476,1,1.750000,0.000000,0.000000,0.000000,1.000000,0.000000,0.000000,0.000000,0.200000,299.447998,0.000000,0.000000,0.200000,145.183990,1.300000,0.800000,0.000000,-10000.000000,-10000.000000,-10000.000000
126.403545,1,1.750000,0.000000,0.000000,0.000000,1.000000,0.000000,0.000000,0.000000,0.200000,299.488007,0.000000,0.000000,0.200000,145.202591,1.300000,0.800000,0.000000,-10000.000000,-10000.000000,-10000.000000
126.444829,1,1.750000,0.000000,0.000000,0.000000,1.000000,0.000000,0.000000,0.000000,0.200000,299.527008,0.000000,0.000000,0.200000,145.222015,1.300000,0.800000,0.000000,-10000.000000,-10000.000000,-10000.000000
126.483513,1,1.750000,0.000000,0.000000,0.000000,1.000000,0.000000,0.000000,0.000000,0.200000,299.567993,0.000000,0.000000,0.200000,145.254501,1.300000,0.800000,0.000000,-10000.000000,-10000.000000,-10000.000000
126.527050,1,1.750000,0.000000,0.000000,0.000000,1.000000,0.000000,0.000000,0.000000,0.200000,299.609009,0.000000,0.000000,0.200000,145.287933,1.300000,0.800000,0.000000,-10000.000000,-10000.000000,-10000.000000
126.564926,1,1.750000,0.000000,0.000000,0.000000,1.000000,0.000000,0.000000,0.000000,0.200000,299.649994,0.000000,0.000000,0.200000,145.326630,1.300000,0.800000,0.000000,-10000.000000,-10000.000000,-10000.000000
126.604385,1,1.750000,0.000000,0.000000,0.000000,1.000000,0.000000,0.000000,0.000000,0.200000,299.692993,0.000000,0.000000,0.200000,145.360474,1.300000,0.800000,0.000000,-10000.000000,-10000.000000,-10000.000000
126.645134,1,1.750000,0.000000,0.000000,0.000000,1.000000,0.000000,0.000000,0.000000,0.200000,299.723999,0.000000,0.000000,0.200000,145.402069,1.300000,0.800000,0.000000,-10000.000000,-10000.000000,-10000.000000
126.686167,1,1.750000,0.000000,0.000000,0.000000,1.000000,0.000000,0.000000,0.000000,0.200000,299.761993,0.000000,0.000000,0.200000,145.446838,1.300000,0.800000,0.000000,-10000.000000,-10000.000000,-10000.000000
126.726979,1,1.750000,0.000000,0.000000,0.000000,1.000000,0.000000,0.000000,0.000000,0.200000,299.802002,0.000000,0.000000,0.200000,145.446838,1.300000,0.800000,0.000000,-10000.000000,-10000.000000,-10000.000000
126.764140,1,1.750000,0.000000,0.000000,0.000000,1.000000,0.000000,0.000000,0.000000,0.200000,299.842987,0.000000,0.000000,0.200000,145.535812,1.300000,0.800000,0.000000,-10000.000000,-10000.000000,-10000.000000
126.803308,1,1.750000,0.000000,0.000000,0.000000,1.000000,0.000000,0.000000,0.000000,0.200000,299.881989,0.000000,0.000000,0.200000,145.557800,1.300000,0.800000,0.000000,-10000.000000,-10000.000000,-10000.000000
126.844560,1,1.750000,0.000000,0.000000,0.000000,1.000000,0.000000,0.000000,0.000000,0.200000,299.924011,0.000000,0.000000,0.200000,145.620880,1.300000,0.800000,0.000000,-10000.000000,-10000.000000,-10000.000000
126.884361,1,1.750000,0.000000,0.000000,0.000000,1.000000,0.000000,0.000000,0.000000,0.200000,299.964996,0.000000,0.000000,0.200000,145.668640,1.300000,0.800000,0.000000,-10000.000000,-10000.000000,-10000.000000
126.927142,1,1.750000,0.000000,0.000000,0.000000,1.000000,0.000000,0.000000,0.000000,0.200000,300.003998,0.000000,0.000000,0.200000,145.713577,1.300000,0.800000,0.000000,-10000.000000,-10000.000000,-10000.000000
126.963646,1,1.750000,0.000000,0.000000,0.000000,1.000000,0.000000,0.000000,0.000000,0.200000,300.042999,0.000000,0.000000,0.200000,145.759583,1.300000,0.800000,0.000000,-10000.000000,-10000.000000,-10000.000000
127.007713,1,1.750000,0.000000,0.000000,0.000000,1.000000,0.000000,0.000000,0.000000,0.200000,300.084991,0.000000,0.000000,0.200000,145.803711,1.300000,0.800000,0.000000,-10000.000000,-10000.000000,-10000.000000
127.044940,1,1.750000,0.000000,0.000000,0.000000,1.000000,0.000000,0.000000,0.000000,0.200000,300.127014,0.000000,0.000000,0.200000,145.850922,1.300000,0.800000,0.000000,-10000.000000,-10000.000000,-10000.000000
127.083939,1,1.750000,0.000000,0.000000,0.000000,1.000000,0.000000,0.000000,0.000000,0.200000,300.165009,0.000000,0.000000,0.200000,145.896149,1.300000,0.800000,0.000000,-10000.000000,-10000.000000,-10000.000000
127.126477,1,1.750000,0.000000,0.000000,0.000000,1.000000,0.000000,0.000000,0.000000,0.200000,300.209015,0.000000,0.000000,0.200000,145.917496,1.300000,0.800000,0.000000,-10000.000000,-10000.000000,-10000.000000
127.165435,1,1.750000,0.000000,0.000000,0.000000,1.000000,0.000000,0.000000,0.000000,0.200000,300.246002,0.000000,0.000000,0.200000,145.917496,1.300000,0.800000,0.000000,-10000.000000,-10000.000000,-10000.000000
127.205844,1,1.750000,0.000000,0.000000,0.000000,1.000000,0.000000,0.000000,0.000000,0.200000,300.289001,0.000000,0.000000,0.200000,145.917496,1.300000,0.800000,0.000000,-10000.000000,-10000.000000,-10000.000000
127.247660,1,1.750000,0.000000,0.000000,0.000000,1.000000,0.000000,0.000000,0.000000,0.200000,300.619995,0.000000,0.000000,0.200000,145.917496,1.300000,0.800000,0.000000,-10000.000000,-10000.000000,-10000.000000
127.285163,1,1.750000,0.000000,0.000000,0.000000,1.000000,0.000000,0.000000,0.000000,0.200000,300.940002,0.000000,0.000000,0.200000,145.917496,1.300000,0.800000,0.000000,-10000.000000,-10000.000000,-10000.000000
127.327524,1,1.750000,0.000000,0.000000,0.000000,1.000000,0.000000,0.000000,0.000000,0.200000,300.404999,0.000000,0.000000,0.200000,145.917496,1.300000,0.800000,0.000000,-10000.000000,-10000.000000,-10000.000000
127.363715,1,1.750000,0.000000,0.000000,0.000000,1.000000,0.000000,0.000000,0.000000,0.200000,300.444000,0.000000,0.000000,0.200000,145.917496,1.300000,0.800000,0.000000,-10000.000000,-10000.000000,-10000.000000
127.404306,1,1.750000,0.000000,0.000000,0.000000,1.000000,0.000000,0.000000,0.000000,0.200000,300.485992,0.000000,0.000000,0.200000,145.917496,1.300000,0.800000,0.000000,-10000.000000,-10000.000000,-10000.000000
127.444958,1,1.750000,0.000000,0.000000,0.000000,1.000000,0.000000,0.000000,0.000000,0.200000,300.528992,0.000000,0.000000,0.200000,146.265884,1.300000,0.800000,0.000000,-10000.000000,-10000.000000,-10000.000000
127.483528,1,1.750000,0.000000,0.000000,0.000000,1.000000,0.000000,0.000000,0.000000,0.200000,300.570007,0.000000,0.000000,0.200000,146.305099,1.300000,0.800000,0.000000,-10000.000000,-10000.000000,-10000.000000
127.527178,1,1.750000,0.000000,0.000000,0.000000,1.000000,0.000000,0.000000,0.000000,0.200000,300.613007,0.000000,0.000000,0.200000,146.344467,1.300000,0.800000,0.000000,-10000.000000,-10000.000000,-10000.000000
127.565640,1,1.750000,0.000000,0.000000,0.000000,1.000000,0.000000,0.000000,0.000000,0.200000,300.649994,0.000000,0.000000,0.200000,146.383972,1.300000,0.800000,0.000000,-10000.000000,-10000.000000,-10000.000000
127.602878,1,1.750000,0.000000,0.000000,0.000000,1.000000,0.000000,0.000000,0.000000,0.200000,300.691010,0.000000,0.000000,0.200000,146.422455,1.300000,0.800000,0.000000,-10000.000000,-10000.000000,-10000.000000
127.653863,1,1.750000,0.000000,0.000000,0.000000,1.000000,0.000000,0.000000,0.000000,0.200000,300.731995,0.000000,0.000000,0.200000,146.461197,1.300000,0.800000,0.000000,-10000.000000,-10000.000000,-10000.000000
127.684038,1,1.750000,0.000000,0.000000,0.000000,1.000000,0.000000,0.000000,0.000000,0.200000,300.763000,0.000000,0.000000,0.200000,146.500458,1.300000,0.800000,0.000000,-10000.000000,-10000.000000,-10000.000000
127.728078,1,1.750000,0.000000,0.000000,0.000000,1.000000,0.000000,0.000000,0.000000,0.200000,300.812012,0.000000,0.000000,0.200000,146.538803,1.300000,0.800000,0.000000,-10000.000000,-10000.000000,-10000.000000
127.764812,1,1.750000,0.000000,0.000000,0.000000,1.000000,0.000000,0.000000,0.000000,0.200000,300.842987,0.000000,0.000000,0.200000,146.576828,1.300000,0.800000,0.000000,-10000.000000,-10000.000000,-10000.000000
127.804528,1,1.750000,0.000000,0.000000,0.000000,1.000000,0.000000,0.000000,0.000000,0.200000,300.881989,0.000000,0.000000,0.200000,146.611710,1.300000,0.800000,0.000000,-10000.000000,-10000.000000,-10000.000000
127.846951,1,1.750000,0.000000,0.000000,0.000000,1.000000,0.000000,0.000000,0.000000,0.200000,300.923004,0.000000,0.000000,0.200000,146.650131,1.300000,0.800000,0.000000,-10000.000000,-10000.000000,-10000.000000
127.884422,1,1.750000,0.000000,0.000000,0.000000,1.000000,0.000000,0.000000,0.000000,0.200000,300.963013,0.000000,0.000000,0.200000,146.689911,1.300000,0.800000,0.000000,-10000.000000,-10000.000000,-10000.000000
127.926370,1,1.750000,0.000000,0.000000,0.000000,1.000000,0.000000,0.000000,0.000000,0.200000,301.002991,0.000000,0.000000,0.200000,146.730316,1.300000,0.800000,0.000000,-10000.000000,-10000.000000,-10000.000000
127.967009,1,1.750000,0.000000,0.000000,0.000000,1.000000,0.000000,0.000000,0.000000,0.200000,301.044006,0.000000,0.000000,0.200000,146.769104,1.300000,0.800000,0.000000,-10000.000000,-10000.000000,-10000.000000
128.004418,1,1.750000,0.000000,0.000000,0.000000,1.000000,0.000000,0.000000,0.000000,0.200000,301.085999,0.000000,0.000000,0.200000,146.809982,1.200000,0.800000,0.000000,-10000.000000,-10000.000000,-10000.000000
128.046733,1,1.750000,0.000000,0.000000,0.000000,1.000000,0.000000,0.000000,0.000000,0.200000,301.126007,0.000000,0.000000,0.200000,146.849823,1.200000,0.800000,0.000000,-10000.000000,-10000.000000,-10000.000000
128.084164,1,1.750000,0.000000,0.000000,0.000000,1.000000,0.000000,0.000000,0.000000,0.200000,301.165985,0.000000,0.000000,0.200000,146.890121,1.200000,0.800000,0.000000,-10000.000000,-10000.000000,-10000.000000
128.127255,1,1.750000,0.000000,0.000000,0.000000,1.000000,0.000000,0.000000,0.000000,0.200000,301.209015,0.000000,0.000000,0.200000,146.929276,1.200000,0.800000,0.000000,-10000.000000,-10000.000000,-10000.000000
128.164237,1,1.750000,0.000000,0.000000,0.000000,1.000000,0.000000,0.000000,0.000000,0.200000,301.247009,0.000000,0.000000,0.200000,146.967896,1.200000,0.800000,0.000000,-10000.000000,-10000.000000,-10000.000000
128.204787,1,1.750000,0.000000,0.000000,0.000000,1.000000,0.000000,0.000000,0.000000,0.200000,301.291992,0.000000,0.000000,0.200000,147.008362,1.200000,0.800000,0.000000,-10000.000000,-10000.000000,-10000.000000
128.245546,1,1.750000,0.000000,0.000000,0.000000,1.000000,0.000000,0.000000,0.000000,0.200000,301.600006,0.000000,0.000000,0.200000,147.046860,1.200000,0.800000,0.000000,-10000.000000,-10000.000000,-10000.000000
128.286395,1,1.750000,0.000000,0.000000,0.000000,1.000000,0.000000,0.000000,0.000000,0.200000,302.010010,0.000000,0.000000,0.200000,147.086044,1.200000,0.800000,0.000000,-10000.000000,-10000.000000,-10000.000000
128.327718,1,1.750000,0.000000,0.000000,0.000000,1.000000,0.000000,0.000000,0.000000,0.200000,301.414001,0.000000,0.000000,0.200000,147.120758,1.200000,0.800000,0.000000,-10000.000000,-10000.000000,-10000.000000
128.365428,1,1.750000,0.000000,0.000000,0.000000,1.000000,0.000000,0.000000,0.000000,0.200000,301.445007,0.000000,0.000000,0.200000,147.162094,1.200000,0.800000,0.000000,-10000.000000,-10000.000000,-10000.000000
128.405256,1,1.750000,0.000000,0.000000,0.000000,1.000000,0.000000,0.000000,0.000000,0.200000,301.489014,0.000000,0.000000,0.200000,147.197052,1.200000,0.800000,0.000000,-10000.000000,-10000.000000,-10000.000000
128.444840,1,1.750000,0.000000,0.000000,0.000000,1.000000,0.000000,0.000000,0.000000,0.200000,301.529999,0.000000,0.000000,0.200000,147.235199,1.200000,0.800000,0.000000,-10000.000000,-10000.000000,-10000.000000
128.485273,1,1.750000,0.000000,0.000000,0.000000,1.000000,0.000000,0.000000,0.000000,0.200000,301.570007,0.000000,0.000000,0.200000,147.271652,1.200000,0.800000,0.000000,-10000.000000,-10000.000000,-10000.000000
128.528172,1,1.750000,0.000000,0.000000,0.000000,1.000000,0.000000,0.000000,0.000000,0.200000,301.612000,0.000000,0.000000,0.200000,147.307693,1.200000,0.800000,0.000000,-10000.000000,-10000.000000,-10000.000000
128.565629,1,1.750000,0.000000,0.000000,0.000000,1.000000,0.000000,0.000000,0.000000,0.200000,301.645996,0.000000,0.000000,0.200000,147.342712,1.200000,0.800000,0.000000,-10000.000000,-10000.000000,-10000.000000
128.605302,1,1.750000,0.000000,0.000000,0.000000,1.000000,0.000000,0.000000,0.000000,0.200000,301.683990,0.000000,0.000000,0.200000,147.375809,1.200000,0.800000,0.000000,-10000.000000,-10000.000000,-10000.000000
128.644199,1,1.750000,0.000000,0.000000,0.000000,1.000000,0.000000,0.000000,0.000000,0.200000,301.727997,0.000000,0.000000,0.200000,147.414230,1.200000,0.800000,0.000000,-10000.000000,-10000.000000,-10000.000000
128.684262,1,1.750000,0.000000,0.000000,0.000000,1.000000,0.000000,0.000000,0.000000,0.200000,301.765991,0.000000,0.000000,0.200000,147.448364,1.200000,0.800000,0.000000,-10000.000000,-10000.000000,-10000.000000
128.727580,1,1.750000,0.000000,0.000000,0.000000,1.000000,0.000000,0.000000,0.000000,0.200000,301.807007,0.000000,0.000000,0.200000,147.481796,1.200000,0.800000,0.000000,-10000.000000,-10000.000000,-10000.000000
128.764141,1,1.750000,0.000000,0.000000,0.000000,1.000000,0.000000,0.000000,0.000000,0.200000,301.847992,0.000000,0.000000,0.200000,147.515747,1.200000,0.800000,0.000000,-10000.000000,-10000.000000,-10000.000000
128.807031,1,1.750000,0.000000,0.000000,0.000000,1.000000,0.000000,0.000000,0.000000,0.200000,301.888000,0.000000,0.000000,0.200000,147.550018,1.200000,0.800000,0.000000,-10000.000000,-10000.000000,-10000.000000
128.846314,1,1.750000,0.000000,0.000000,0.000000,1.000000,0.000000,0.000000,0.000000,0.200000,301.931000,0.000000,0.000000,0.200000,147.581161,1.200000,0.800000,0.000000,-10000.000000,-10000.000000,-10000.000000
128.883805,1,1.750000,0.000000,0.000000,0.000000,1.000000,0.000000,0.000000,0.000000,0.200000,301.963989,0.000000,0.000000,0.200000,147.614349,1.200000,0.800000,0.000000,-10000.000000,-10000.000000,-10000.000000
128.926588,1,1.750000,0.000000,0.000000,0.000000,1.000000,0.000000,0.000000,0.000000,0.200000,302.006012,0.000000,0.000000,0.200000,147.647736,1.200000,0.800000,0.000000,-10000.000000,-10000.000000,-10000.000000
128.965307,1,1.750000,0.000000,0.000000,0.000000,1.000000,0.000000,0.000000,0.000000,0.200000,302.042999,0.000000,0.000000,0.200000,147.681992,1.200000,0.800000,0.000000,-10000.000000,-10000.000000,-10000.000000
129.005823,1,1.750000,0.000000,0.000000,0.000000,1.000000,0.000000,0.000000,0.000000,0.200000,302.088989,0.000000,0.000000,0.200000,147.714554,1.200000,0.800000,0.000000,-10000.000000,-10000.000000,-10000.000000
129.046058,1,1.750000,0.000000,0.000000,0.000000,1.000000,0.000000,0.000000,0.000000,0.200000,302.127991,0.000000,0.000000,0.200000,147.748474,1.200000,0.800000,0.000000,-10000.000000,-10000.000000,-10000.000000
129.085775,1,1.750000,0.000000,0.000000,0.000000,1.000000,0.000000,0.000000,0.000000,0.200000,302.166992,0.000000,0.000000,0.200000,147.782028,1.200000,0.800000,0.000000,-10000.000000,-10000.000000,-10000.000000
129.127503,1,1.750000,0.000000,0.000000,0.000000,1.000000,0.000000,0.000000,0.000000,0.200000,302.207001,0.000000,0.000000,0.200000,147.815109,1.200000,0.800000,0.000000,-10000.000000,-10000.000000,-10000.000000
129.163318,1,1.750000,0.000000,0.000000,0.000000,1.000000,0.000000,0.000000,0.000000,0.200000,302.246002,0.000000,0.000000,0.200000,147.845169,1.200000,0.800000,0.000000,-10000.000000,-10000.000000,-10000.000000
129.210374,1,1.750000,0.000000,0.000000,0.000000,1.000000,0.000000,0.000000,0.000000,0.200000,302.276001,0.000000,0.000000,0.200000,147.865921,1.200000,0.800000,0.000000,-10000.000000,-10000.000000,-10000.000000
129.244570,1,1.750000,0.000000,0.000000,0.000000,1.000000,0.000000,0.000000,0.000000,0.200000,302.579987,0.000000,0.000000,0.200000,147.917938,1.200000,0.800000,0.000000,-10000.000000,-10000.000000,-10000.000000
129.283353,1,1.750000,0.000000,0.000000,0.000000,1.000000,0.000000,0.000000,0.000000,0.200000,302.989990,0.000000,0.000000,0.200000,147.954086,1.200000,0.800000,0.000000,-10000.000000,-10000.000000,-10000.000000
