19.504347,1,0.300000,0.000000,0.000000,0.000000,1.000000,0.000000,0.000000,0.000000,0.200000,3343.802979,0.000000,0.000000,0.200000,79.699997,1.000000,-2.300000,
19.516569,1,0.300000,0.000000,0.000000,0.000000,1.000000,0.000000,0.000000,0.000000,0.200000,3343.822998,0.000000,0.000000,0.200000,79.699997,1.000000,-2.300000,
19.551932,1,0.300000,0.000000,0.000000,0.000000,1.000000,0.000000,0.000000,0.000000,0.200000,3343.854004,0.000000,0.000000,0.200000,79.699997,1.000000,-2.300000,
19.592690,1,0.300000,0.000000,0.000000,0.000000,1.000000,0.000000,0.000000,0.000000,0.200000,3344.074951,0.000000,0.000000,0.200000,79.699997,1.000000,-2.300000,
19.632060,1,0.300000,0.000000,0.000000,0.000000,1.000000,0.000000,0.000000,0.000000,0.200000,3344.475098,0.000000,0.000000,0.200000,79.699997,1.000000,-2.300000,
19.672598,1,0.300000,0.000000,0.000000,0.000000,1.000000,0.000000,0.000000,0.000000,0.200000,3344.864990,0.000000,0.000000,0.200000,79.599998,1.000000,-2.300000,
19.713256,1,0.300000,0.000000,0.000000,0.000000,1.000000,0.000000,0.000000,0.000000,0.200000,3344.013916,0.000000,0.000000,0.200000,79.599998,1.000000,-2.300000,
19.752219,1,0.300000,0.000000,0.000000,0.000000,1.000000,0.000000,0.000000,0.000000,0.200000,3344.053955,0.000000,0.000000,0.200000,79.599998,1.000000,-2.300000,
19.792470,1,0.300000,0.000000,0.000000,0.000000,1.000000,0.000000,0.000000,0.000000,0.200000,3344.095947,0.000000,0.000000,0.200000,79.500000,1.000000,-2.300000,
19.832507,1,0.300000,0.000000,0.000000,0.000000,1.000000,0.000000,0.000000,0.000000,0.200000,3344.133057,0.000000,0.000000,0.200000,79.500000,0.900000,-2.400000,
19.872679,1,0.300000,0.000000,0.000000,0.000000,1.000000,0.000000,0.000000,0.000000,0.220000,3344.175049,0.000000,0.000000,0.220000,79.599998,0.800000,-2.400000,
19.913026,2,0.750000,0.000000,0.000000,0.000000,1.000000,0.000000,0.000000,0.000000,0.220000,3344.212891,0.000000,0.000000,0.220000,79.800003,0.400000,-1.900000,
19.952856,2,0.750000,0.000000,0.000000,0.000000,1.000000,0.000000,0.000000,0.000000,0.220000,3344.250977,0.000000,0.000000,0.220000,80.000000,-0.400000,-1.400000,
19.993248,2,0.750000,0.000000,0.000000,0.000000,1.000000,0.000000,0.000000,0.000000,0.220000,3344.301025,0.000000,0.000000,0.220000,79.900002,-1.000000,-1.400000,
20.032981,2,0.750000,0.000000,0.000000,0.000000,1.000000,0.000000,0.000000,0.000000,0.220000,3344.332031,0.000000,0.000000,0.220000,79.900002,-1.100000,-0.800000,
20.072336,2,0.750000,0.000000,0.000000,0.000000,1.000000,0.000000,0.000000,0.000000,0.250000,3344.372070,0.000000,0.000000,0.250000,79.900002,-1.300000,0.200000,
20.113197,2,0.750000,0.000000,0.000000,0.000000,1.000000,0.000000,0.000000,0.000000,0.250000,3344.412109,0.000000,0.000000,0.250000,80.000000,-1.700000,0.500000,
20.153784,2,0.750000,0.000000,0.000000,0.000000,1.000000,0.000000,0.000000,0.000000,0.250000,3344.456055,0.000000,0.000000,0.250000,80.199997,-1.800000,0.200000,
20.193343,2,0.750000,0.000000,0.000000,0.000000,1.000000,0.000000,0.000000,0.000000,0.260000,3344.493896,0.000000,0.000000,0.260000,80.500000,-1.900000,0.100000,
20.232450,2,0.750000,0.000000,0.000000,0.000000,1.000000,0.000000,0.000000,0.000000,0.260000,3344.533936,0.000000,0.000000,0.260000,80.800003,-1.900000,0.200000,
20.272476,2,0.750000,0.000000,0.000000,0.000000,1.000000,0.000000,0.000000,0.000000,0.300000,3344.573975,0.000000,0.000000,0.300000,81.000000,-1.700000,0.300000,
20.313865,2,0.750000,0.000000,0.000000,0.000000,1.000000,0.000000,0.000000,0.000000,0.300000,3344.614014,0.000000,0.000000,0.300000,81.400002,-1.200000,0.300000,
20.352524,2,0.750000,0.000000,0.000000,0.000000,1.000000,0.000000,0.000000,0.000000,0.300000,3344.654053,0.000000,0.000000,0.300000,81.699997,-0.800000,0.700000,
20.392479,2,0.750000,0.000000,0.000000,0.000000,1.000000,0.000000,0.000000,0.000000,0.350000,3344.696045,0.000000,0.000000,0.350000,82.099998,-0.700000,1.000000,
20.432547,2,0.750000,0.000000,0.000000,0.000000,1.000000,0.000000,0.000000,0.000000,0.350000,3344.739014,0.000000,0.000000,0.350000,82.699997,-0.800000,1.100000,
20.472122,2,0.750000,0.000000,0.000000,0.000000,1.000000,0.000000,0.000000,0.000000,0.350000,3344.780029,0.000000,0.000000,0.350000,83.099998,-0.900000,1.000000,
20.513806,2,0.750000,0.000000,0.000000,0.000000,1.000000,0.000000,0.000000,0.000000,0.350000,3344.821045,0.000000,0.000000,0.350000,83.400002,-1.000000,1.100000,
20.552060,2,0.750000,0.000000,0.000000,0.000000,1.000000,0.000000,0.000000,0.000000,0.350000,3344.860107,0.000000,0.000000,0.350000,83.599998,-1.000000,1.300000,
20.592676,2,0.750000,0.000000,0.000000,0.000000,1.000000,0.000000,0.000000,0.000000,0.380000,3345.135010,0.000000,0.000000,0.380000,84.099998,-1.200000,1.500000,
20.631813,2,0.750000,0.000000,0.000000,0.000000,1.000000,0.000000,0.000000,0.000000,0.380000,3345.514893,0.000000,0.000000,0.380000,84.300003,-1.100000,1.500000,
20.672160,2,0.750000,0.000000,0.000000,0.000000,1.000000,0.000000,0.000000,0.000000,0.390000,3344.981934,0.000000,0.000000,0.390000,84.599998,-1.000000,1.400000,
20.713832,2,0.750000,0.000000,0.000000,0.000000,1.000000,0.000000,0.000000,0.000000,0.390000,3345.019043,0.000000,0.000000,0.390000,84.699997,-1.000000,1.500000,
20.752150,2,0.750000,0.000000,0.000000,0.000000,1.000000,0.000000,0.000000,0.000000,0.390000,3345.060059,0.000000,0.000000,0.390000,85.000000,-1.400000,1.200000,
20.792190,2,0.750000,0.000000,0.000000,0.000000,1.000000,0.000000,0.000000,0.000000,0.390000,3345.101074,0.000000,0.000000,0.390000,85.199997,-1.300000,1.100000,
20.832205,2,0.750000,0.000000,0.000000,0.000000,1.000000,0.000000,0.000000,0.000000,0.390000,3345.138916,0.000000,0.000000,0.390000,85.300003,-1.000000,1.100000,
20.872589,2,0.750000,0.000000,0.000000,0.000000,1.000000,0.000000,0.000000,0.000000,0.410000,3345.179932,0.000000,0.000000,0.410000,85.300003,-0.700000,1.200000,
20.913588,2,0.750000,0.000000,0.000000,0.000000,1.000000,0.000000,0.000000,0.000000,0.410000,3345.219971,0.000000,0.000000,0.410000,85.300003,-0.000000,1.200000,
20.952241,2,0.750000,0.000000,0.000000,0.000000,1.000000,0.000000,0.000000,0.000000,0.420000,3345.260010,0.000000,0.000000,0.420000,85.300003,1.300000,1.100000,
20.995605,2,0.750000,0.000000,0.000000,0.000000,1.000000,0.000000,0.000000,0.000000,0.480000,3345.300049,0.000000,0.000000,0.480000,85.199997,2.500000,0.800000,
21.032501,2,0.750000,0.000000,0.000000,0.000000,1.000000,0.000000,0.000000,0.000000,0.480000,3345.341064,0.000000,0.000000,0.480000,85.199997,3.000000,0.700000,
21.072063,2,0.750000,0.000000,0.000000,0.000000,1.000000,0.000000,0.000000,0.000000,0.430000,3345.379883,0.000000,0.000000,0.430000,85.199997,3.600000,0.700000,
21.112995,2,0.750000,0.000000,0.000000,0.000000,1.000000,0.000000,0.000000,0.000000,0.430000,3345.409912,0.000000,0.000000,0.430000,85.099998,3.700000,0.700000,
21.152011,2,0.750000,0.000000,0.000000,0.000000,1.000000,0.000000,0.000000,0.000000,0.430000,3345.460938,0.000000,0.000000,0.430000,85.099998,3.700000,0.200000,
21.193625,2,0.750000,0.000000,0.000000,0.000000,1.000000,0.000000,0.000000,0.000000,0.470000,3345.500000,0.000000,0.000000,0.470000,85.099998,3.300000,-0.900000,
21.232291,2,0.750000,0.000000,0.000000,0.000000,1.000000,0.000000,0.000000,0.000000,0.470000,3345.532959,0.000000,0.000000,0.470000,85.000000,3.100000,-1.400000,
21.272638,2,0.750000,0.000000,0.000000,0.000000,1.000000,0.000000,0.000000,0.000000,0.470000,3345.572998,0.000000,0.000000,0.470000,85.000000,2.500000,-2.100000,
21.313426,2,0.750000,0.000000,0.000000,0.000000,1.000000,0.000000,0.000000,0.000000,0.470000,3345.614014,0.000000,0.000000,0.470000,84.900002,1.800000,-2.600000,
21.352075,2,0.750000,0.000000,0.000000,0.000000,1.000000,0.000000,0.000000,0.000000,0.470000,3345.656006,0.000000,0.000000,0.470000,84.800003,1.100000,-3.000000,
21.392476,2,0.750000,0.000000,0.000000,0.000000,1.000000,0.000000,0.000000,0.000000,0.480000,3345.696045,0.000000,0.000000,0.480000,84.800003,0.700000,-3.200000,
21.432573,2,0.750000,0.000000,0.000000,0.000000,1.000000,0.000000,0.000000,0.000000,0.480000,3345.733887,0.000000,0.000000,0.480000,84.699997,0.300000,-3.200000,
21.472588,2,0.750000,0.000000,0.000000,0.000000,1.000000,0.000000,0.000000,0.000000,0.520000,3345.774902,0.000000,0.000000,0.520000,84.599998,-0.100000,-3.100000,
21.512828,2,0.750000,0.000000,0.000000,0.000000,1.000000,0.000000,0.000000,0.000000,0.520000,3345.814941,0.000000,0.000000,0.520000,84.500000,-0.300000,-3.000000,
21.552171,2,0.750000,0.000000,0.000000,0.000000,1.000000,0.000000,0.000000,0.000000,0.520000,3345.854980,0.000000,0.000000,0.520000,84.400002,-0.100000,-2.700000,
21.592357,2,0.750000,0.000000,0.000000,0.000000,1.000000,0.000000,0.000000,0.000000,0.530000,3346.094971,0.000000,0.000000,0.530000,84.400002,0.100000,-2.600000,
21.632110,2,0.750000,0.000000,0.000000,0.000000,1.000000,0.000000,0.000000,0.000000,0.530000,3346.475098,0.000000,0.000000,0.530000,84.300003,0.400000,-2.300000,
21.671933,2,0.750000,0.000000,0.000000,0.000000,1.000000,0.000000,0.000000,0.000000,0.530000,3345.975098,0.000000,0.000000,0.530000,84.199997,1.000000,-2.200000,
21.713554,2,0.750000,0.000000,0.000000,0.000000,1.000000,0.000000,0.000000,0.000000,0.530000,3346.016113,0.000000,0.000000,0.530000,84.099998,1.600000,-2.000000,
21.752011,2,0.750000,0.000000,0.000000,0.000000,1.000000,0.000000,0.000000,0.000000,0.530000,3346.053955,0.000000,0.000000,0.530000,84.000000,1.800000,-1.900000,
21.792842,2,0.750000,0.000000,0.000000,0.000000,1.000000,0.000000,0.000000,0.000000,0.540000,3346.094971,0.000000,0.000000,0.540000,83.900002,1.900000,-1.900000,
21.832051,2,0.750000,0.000000,0.000000,0.000000,1.000000,0.000000,0.000000,0.000000,0.540000,3346.135010,0.000000,0.000000,0.540000,83.800003,2.100000,-1.800000,
21.872191,2,0.750000,0.000000,0.000000,0.000000,1.000000,0.000000,0.000000,0.000000,0.570000,3346.174072,0.000000,0.000000,0.570000,83.599998,2.500000,-1.500000,
21.912477,2,0.750000,0.000000,0.000000,0.000000,1.000000,0.000000,0.000000,0.000000,0.570000,3346.214111,0.000000,0.000000,0.570000,83.500000,2.900000,-1.100000,
21.952022,2,0.750000,0.000000,0.000000,0.000000,1.000000,0.000000,0.000000,0.000000,0.560000,3346.253906,0.000000,0.000000,0.560000,83.400002,3.200000,-0.800000,
21.993358,2,0.750000,0.000000,0.000000,0.000000,1.000000,0.000000,0.000000,0.000000,0.560000,3346.295898,0.000000,0.000000,0.560000,83.300003,3.200000,-0.800000,
22.032475,2,0.750000,0.000000,0.000000,0.000000,1.000000,0.000000,0.000000,0.000000,0.560000,3346.333984,0.000000,0.000000,0.560000,83.199997,3.200000,-0.900000,
22.072388,2,0.750000,0.000000,0.000000,0.000000,1.000000,0.000000,0.000000,0.000000,0.590000,3346.374023,0.000000,0.000000,0.590000,83.199997,3.300000,-0.900000,
22.112293,2,0.750000,0.000000,0.000000,0.000000,1.000000,0.000000,0.000000,0.000000,0.590000,3346.414062,0.000000,0.000000,0.590000,83.099998,3.600000,-0.700000,
22.151846,2,0.750000,0.000000,0.000000,0.000000,1.000000,0.000000,0.000000,0.000000,0.590000,3346.454102,0.000000,0.000000,0.590000,83.000000,4.100000,-0.300000,
22.192445,2,0.750000,0.000000,0.000000,0.000000,1.000000,0.000000,0.000000,0.000000,0.580000,3346.497070,0.000000,0.000000,0.580000,82.800003,4.600000,0.100000,
22.232505,2,0.750000,0.000000,0.000000,0.000000,1.000000,0.000000,0.000000,0.000000,0.580000,3346.533936,0.000000,0.000000,0.580000,82.699997,5.000000,0.300000,
22.271952,2,0.750000,0.000000,0.000000,0.000000,1.000000,0.000000,0.000000,0.000000,0.580000,3346.575928,0.000000,0.000000,0.580000,82.599998,5.200000,0.400000,
22.312962,2,0.750000,0.000000,0.000000,0.000000,1.000000,0.000000,0.000000,0.000000,0.580000,3346.614014,0.000000,0.000000,0.580000,82.500000,5.100000,0.500000,
22.352028,2,0.750000,0.000000,0.000000,0.000000,1.000000,0.000000,0.000000,0.000000,0.580000,3346.654053,0.000000,0.000000,0.580000,82.500000,5.000000,0.600000,
22.392955,2,0.750000,0.000000,0.000000,0.000000,1.000000,0.000000,0.000000,0.000000,0.610000,3346.695068,0.000000,0.000000,0.610000,82.400002,4.900000,0.600000,
22.432844,2,0.750000,0.000000,0.000000,0.000000,1.000000,0.000000,0.000000,0.000000,0.610000,3346.735107,0.000000,0.000000,0.610000,82.400002,5.000000,0.500000,
22.471956,2,0.750000,0.000000,0.000000,0.000000,1.000000,0.000000,0.000000,0.000000,0.630000,3346.774902,0.000000,0.000000,0.630000,82.300003,5.100000,0.400000,
22.513178,2,0.750000,0.000000,0.000000,0.000000,1.000000,0.000000,0.000000,0.000000,0.630000,3346.814941,0.000000,0.000000,0.630000,82.300003,5.200000,0.300000,
22.551883,2,0.750000,0.000000,0.000000,0.000000,1.000000,0.000000,0.000000,0.000000,0.630000,3346.856934,0.000000,0.000000,0.630000,82.300003,5.000000,0.100000,
22.592516,2,0.750000,0.000000,0.000000,0.000000,1.000000,0.000000,0.000000,0.000000,0.650000,3347.114990,0.000000,0.000000,0.650000,82.199997,4.500000,-0.200000,
22.631957,2,0.750000,0.000000,0.000000,0.000000,1.000000,0.000000,0.000000,0.000000,0.650000,3347.504883,0.000000,0.000000,0.650000,82.199997,4.000000,-0.400000,
22.672065,2,0.750000,0.000000,0.000000,0.000000,1.000000,0.000000,0.000000,0.000000,0.660000,3346.978027,0.000000,0.000000,0.660000,82.099998,3.600000,-0.500000,
22.713445,2,0.750000,0.000000,0.000000,0.000000,1.000000,0.000000,0.000000,0.000000,0.660000,3347.017090,0.000000,0.000000,0.660000,82.000000,3.100000,-0.500000,
22.752370,2,0.750000,0.000000,0.000000,0.000000,1.000000,0.000000,0.000000,0.000000,0.670000,3347.056885,0.000000,0.000000,0.670000,81.900002,2.600000,-0.500000,
22.792680,2,0.750000,0.000000,0.000000,0.000000,1.000000,0.000000,0.000000,0.000000,0.670000,3347.097900,0.000000,0.000000,0.670000,81.900002,2.300000,-0.500000,
22.832764,2,0.750000,0.000000,0.000000,0.000000,1.000000,0.000000,0.000000,0.000000,0.670000,3347.136963,0.000000,0.000000,0.670000,81.800003,1.500000,-0.600000,
22.872155,2,0.750000,0.000000,0.000000,0.000000,1.000000,0.000000,0.000000,0.000000,0.690000,3347.179932,0.000000,0.000000,0.690000,81.699997,1.200000,-0.800000,
22.913345,2,0.750000,0.000000,0.000000,0.000000,1.000000,0.000000,0.000000,0.000000,0.690000,3347.218018,0.000000,0.000000,0.690000,81.699997,1.100000,-0.900000,
22.952130,2,0.750000,0.000000,0.000000,0.000000,1.000000,0.000000,0.000000,0.000000,0.690000,3347.260010,0.000000,0.000000,0.690000,81.599998,1.100000,-0.900000,
22.993893,2,0.750000,0.000000,0.000000,0.000000,1.000000,0.000000,0.000000,0.000000,0.700000,3347.300049,0.000000,0.000000,0.700000,81.599998,1.000000,-1.200000,
23.032014,2,0.750000,0.000000,0.000000,0.000000,1.000000,0.000000,0.000000,0.000000,0.700000,3347.340088,0.000000,0.000000,0.700000,81.599998,0.800000,-2.100000,
23.072170,2,0.750000,0.000000,0.000000,0.000000,1.000000,0.000000,0.000000,0.000000,0.730000,3347.378906,0.000000,0.000000,0.730000,81.599998,0.500000,-2.900000,
23.113228,2,0.750000,0.000000,0.000000,0.000000,1.000000,0.000000,0.000000,0.000000,0.730000,3347.417969,0.000000,0.000000,0.730000,81.599998,-0.000000,-3.800000,
23.151769,2,0.750000,0.000000,0.000000,0.000000,1.000000,0.000000,0.000000,0.000000,0.730000,3347.457031,0.000000,0.000000,0.730000,81.599998,-0.500000,-4.800000,
23.193712,2,0.750000,0.000000,0.000000,0.000000,1.000000,0.000000,0.000000,0.000000,0.750000,3347.500000,0.000000,0.000000,0.750000,81.500000,-0.500000,-5.300000,
23.232950,2,0.750000,0.000000,0.000000,0.000000,1.000000,0.000000,0.000000,0.000000,0.750000,3347.539062,0.000000,0.000000,0.750000,81.400002,-0.500000,-5.400000,
23.272745,2,0.750000,0.000000,0.000000,0.000000,1.000000,0.000000,0.000000,0.000000,0.760000,3347.579102,0.000000,0.000000,0.760000,81.300003,-0.700000,-5.100000,
23.313682,2,0.750000,0.000000,0.000000,0.000000,1.000000,0.000000,0.000000,0.000000,0.760000,3347.617920,0.000000,0.000000,0.760000,81.199997,-1.100000,-4.800000,
23.352557,2,0.750000,0.000000,0.000000,0.000000,1.000000,0.000000,0.000000,0.000000,0.760000,3347.659912,0.000000,0.000000,0.760000,81.099998,-1.200000,-4.800000,
23.392440,2,0.750000,0.000000,0.000000,0.000000,1.000000,0.000000,0.000000,0.000000,0.780000,3347.698975,0.000000,0.000000,0.780000,81.099998,-1.200000,-4.700000,
23.432711,2,0.750000,0.000000,0.000000,0.000000,1.000000,0.000000,0.000000,0.000000,0.780000,3347.737061,0.000000,0.000000,0.780000,81.000000,-1.100000,-4.000000,
23.472404,3,1.000000,0.000000,0.000000,0.000000,1.000000,1.000000,0.000000,0.000000,0.800000,3347.778076,0.000000,0.000000,0.800000,80.900002,-1.100000,-2.700000,
23.513691,3,1.000000,0.000000,0.000000,0.000000,1.000000,1.000000,0.000000,0.000000,0.800000,3347.820068,0.000000,0.000000,0.800000,80.800003,-1.200000,-1.500000,
23.551918,3,1.000000,0.000000,0.000000,0.000000,1.000000,1.000000,0.000000,0.000000,0.820000,3347.858887,0.000000,0.000000,0.820000,80.699997,-1.300000,-0.800000,
23.593081,3,1.000000,0.000000,0.000000,0.000000,1.000000,1.000000,0.000000,0.000000,0.820000,3348.125000,0.000000,0.000000,0.820000,80.699997,-1.200000,-0.400000,
23.631649,3,1.000000,0.000000,0.000000,0.000000,1.000000,1.000000,0.000000,0.000000,0.820000,3348.534912,0.000000,0.000000,0.820000,80.599998,-1.100000,-0.100000,
23.672513,3,1.000000,0.000000,0.000000,0.000000,1.000000,1.000000,0.000000,0.000000,0.830000,3347.980957,0.000000,0.000000,0.830000,80.599998,-1.000000,0.200000,
23.712723,3,1.000000,0.000000,0.000000,0.000000,1.000000,1.000000,0.000000,0.000000,0.830000,3348.019043,0.000000,0.000000,0.830000,80.500000,-1.100000,0.500000,
23.751781,3,1.000000,0.000000,0.000000,0.000000,1.000000,1.000000,0.000000,0.000000,0.850000,3348.061035,0.000000,0.000000,0.850000,80.300003,-1.000000,0.600000,
23.792135,3,1.000000,0.000000,0.000000,0.000000,1.000000,1.000000,0.000000,0.000000,0.850000,3348.099121,0.000000,0.000000,0.850000,79.400002,-0.500000,0.800000,
23.832534,3,1.000000,0.000000,0.000000,0.000000,1.000000,1.000000,0.000000,0.000000,0.850000,3348.141113,0.000000,0.000000,0.850000,78.500000,-0.200000,1.000000,
23.871962,3,1.000000,0.000000,0.000000,0.000000,1.000000,1.000000,0.000000,0.000000,0.870000,3348.180908,0.000000,0.000000,0.870000,77.500000,-0.200000,1.000000,
23.912957,3,1.000000,0.000000,0.000000,0.000000,1.000000,1.000000,0.000000,0.000000,0.870000,3348.222900,0.000000,0.000000,0.870000,76.500000,0.000000,0.900000,
23.951937,3,1.000000,0.000000,0.000000,0.000000,1.000000,1.000000,0.000000,0.000000,0.900000,3348.261963,0.000000,0.000000,0.900000,75.400002,0.400000,0.900000,
23.992871,3,1.000000,0.000000,0.000000,0.000000,1.000000,1.000000,0.000000,0.000000,0.900000,3348.300049,0.000000,0.000000,0.900000,74.300003,0.700000,1.000000,
24.031880,3,1.000000,0.000000,0.000000,0.000000,1.000000,1.000000,0.000000,0.000000,0.900000,3348.339111,0.000000,0.000000,0.900000,73.099998,0.900000,1.000000,
24.072137,3,1.000000,0.000000,0.000000,0.000000,1.000000,1.000000,0.000000,0.000000,0.920000,3348.382080,0.000000,0.000000,0.920000,71.900002,1.000000,0.900000,
24.112131,3,1.000000,0.000000,0.000000,0.000000,1.000000,1.000000,0.000000,0.000000,0.920000,3348.420898,0.000000,0.000000,0.920000,70.699997,1.000000,0.800000,
24.151745,3,1.000000,0.000000,0.000000,0.000000,1.000000,1.000000,0.000000,0.000000,0.940000,3348.461914,0.000000,0.000000,0.940000,69.500000,0.900000,0.800000,
24.192032,3,1.000000,0.000000,0.000000,0.000000,1.000000,1.000000,0.000000,0.000000,0.940000,3348.500000,0.000000,0.000000,0.940000,68.300003,0.900000,0.700000,
24.231928,3,1.000000,0.000000,0.000000,0.000000,1.000000,1.000000,0.000000,0.000000,0.940000,3348.541992,0.000000,0.000000,0.940000,67.000000,1.000000,0.600000,
24.272115,3,1.000000,0.000000,0.000000,0.000000,1.000000,1.000000,0.000000,0.000000,0.990000,3348.583008,0.000000,0.000000,0.990000,65.699997,0.900000,0.500000,
24.312117,3,1.000000,0.000000,0.000000,0.000000,1.000000,1.000000,0.000000,0.000000,0.990000,3348.614990,0.000000,0.000000,0.990000,65.099998,0.700000,0.500000,
24.351878,3,1.000000,0.000000,0.000000,0.000000,1.000000,1.000000,0.000000,0.000000,0.990000,3348.652100,0.000000,0.000000,0.990000,63.900002,0.400000,0.400000,
24.391851,3,1.000000,0.000000,0.000000,0.000000,1.000000,1.000000,0.000000,0.000000,0.990000,3348.694092,0.000000,0.000000,0.990000,62.599998,0.100000,0.400000,
24.432894,3,1.000000,0.000000,0.000000,0.000000,1.000000,1.000000,0.000000,0.000000,0.990000,3348.733887,0.000000,0.000000,0.990000,61.299999,-0.000000,0.300000,
24.472406,3,1.000000,0.000000,0.000000,0.000000,1.000000,1.000000,0.000000,0.000000,1.030000,3348.771973,0.000000,0.000000,1.030000,60.000000,-0.000000,0.200000,
24.512356,3,1.000000,0.000000,0.000000,0.000000,1.000000,1.000000,0.000000,0.000000,1.030000,3348.812988,0.000000,0.000000,1.030000,58.700001,-0.100000,0.200000,
24.552445,3,1.000000,0.000000,0.000000,0.000000,1.000000,1.000000,0.000000,0.000000,1.030000,3348.852051,0.000000,0.000000,1.030000,57.400002,-0.100000,0.200000,
24.592742,3,1.000000,0.000000,0.000000,0.000000,1.000000,1.000000,0.000000,0.000000,1.050000,3349.054932,0.000000,0.000000,1.050000,56.099998,0.100000,0.200000,
24.632387,3,1.000000,0.000000,0.000000,0.000000,1.000000,1.000000,0.000000,0.000000,1.050000,3349.445068,0.000000,0.000000,1.050000,54.700001,0.800000,0.200000,
24.672281,3,1.000000,0.000000,0.000000,0.000000,1.000000,1.000000,0.000000,0.000000,1.060000,3349.834961,0.000000,0.000000,1.060000,53.400002,1.900000,0.200000,
24.712271,3,1.000000,0.000000,0.000000,0.000000,1.000000,1.000000,0.000000,0.000000,1.060000,3349.012939,0.000000,0.000000,1.060000,52.000000,2.900000,0.200000,
24.752197,3,1.000000,0.000000,0.000000,0.000000,1.000000,1.000000,0.000000,0.000000,1.060000,3349.052002,0.000000,0.000000,1.060000,50.700001,3.500000,0.200000,
24.793373,3,1.000000,0.000000,0.000000,0.000000,1.000000,1.000000,0.000000,0.000000,1.100000,3349.093994,0.000000,0.000000,1.100000,49.299999,3.900000,0.300000,
24.831732,3,1.000000,0.000000,0.000000,0.000000,1.000000,1.000000,0.000000,0.000000,1.100000,3349.132080,0.000000,0.000000,1.100000,47.900002,4.000000,0.400000,
24.872515,3,1.000000,0.000000,0.000000,0.000000,1.000000,1.000000,0.000000,0.000000,1.080000,3349.170898,0.000000,0.000000,1.080000,46.599998,4.200000,0.500000,
24.912001,3,1.000000,0.000000,0.000000,0.000000,1.000000,1.000000,0.000000,0.000000,1.080000,3349.215088,0.000000,0.000000,1.080000,45.200001,4.400000,0.600000,
24.952069,3,1.000000,0.000000,0.000000,0.000000,1.000000,1.000000,0.000000,0.000000,1.080000,3349.251953,0.000000,0.000000,1.080000,43.799999,4.700000,0.600000,
24.992629,3,1.000000,0.000000,0.000000,0.000000,1.000000,1.000000,0.000000,0.000000,1.100000,3349.292969,0.000000,0.000000,1.100000,42.400002,4.800000,0.600000,
25.031680,3,1.000000,0.000000,0.000000,0.000000,1.000000,1.000000,0.000000,0.000000,1.100000,3349.333984,0.000000,0.000000,1.100000,41.000000,4.700000,0.600000,
25.071988,3,1.000000,0.000000,0.000000,0.000000,1.000000,1.000000,0.000000,0.000000,1.130000,3349.373047,0.000000,0.000000,1.130000,39.599998,4.600000,0.600000,
25.112610,3,1.000000,0.000000,0.000000,0.000000,1.000000,1.000000,0.000000,0.000000,1.130000,3349.413086,0.000000,0.000000,1.130000,38.299999,4.400000,0.600000,
25.151977,3,1.000000,0.000000,0.000000,0.000000,1.000000,1.000000,0.000000,0.000000,1.130000,3349.455078,0.000000,0.000000,1.130000,36.900002,4.200000,0.600000,
25.193081,3,1.000000,0.000000,0.000000,0.000000,1.000000,1.000000,0.000000,0.000000,1.130000,3349.491943,0.000000,0.000000,1.130000,35.500000,4.100000,0.600000,
25.232194,3,1.000000,0.000000,0.000000,0.000000,1.000000,1.000000,0.000000,0.000000,1.130000,3349.531982,0.000000,0.000000,1.130000,34.200001,4.200000,0.500000,
25.271979,3,1.000000,0.000000,0.000000,0.000000,1.000000,1.000000,0.000000,0.000000,1.130000,3349.573975,0.000000,0.000000,1.130000,32.900002,4.200000,0.300000,
25.312171,3,1.000000,0.000000,0.000000,0.000000,1.000000,1.000000,0.000000,0.000000,1.130000,3349.614990,0.000000,0.000000,1.130000,30.900000,3.900000,0.200000,
25.351606,3,1.000000,0.000000,0.000000,0.000000,1.000000,1.000000,0.000000,0.000000,1.130000,3349.656006,0.000000,0.000000,1.130000,30.200001,3.800000,0.200000,
25.393081,3,1.000000,0.000000,0.000000,0.000000,1.000000,1.000000,0.000000,0.000000,1.120000,3349.696045,0.000000,0.000000,1.120000,28.900000,3.700000,0.200000,
25.431616,3,1.000000,0.000000,0.000000,0.000000,1.000000,1.000000,0.000000,0.000000,1.120000,3349.735107,0.000000,0.000000,1.120000,27.600000,3.900000,0.100000,
25.472082,3,1.000000,0.000000,0.000000,0.000000,1.000000,1.000000,0.000000,0.000000,1.130000,3349.773926,0.000000,0.000000,1.130000,26.299999,4.100000,-0.000000,
25.512228,3,1.000000,0.000000,0.000000,0.000000,1.000000,1.000000,0.000000,0.000000,1.130000,3349.814941,0.000000,0.000000,1.130000,25.000000,4.200000,-0.000000,
25.551653,3,1.000000,0.000000,0.000000,0.000000,1.000000,1.000000,0.000000,0.000000,1.130000,3349.854980,0.000000,0.000000,1.130000,23.500000,4.300000,0.000000,
25.592440,3,1.000000,0.000000,0.000000,0.000000,1.000000,1.000000,0.000000,0.000000,1.150000,3350.074951,0.000000,0.000000,1.150000,22.299999,4.600000,0.100000,
25.631599,3,1.000000,0.000000,0.000000,0.000000,1.000000,1.000000,0.000000,0.000000,1.150000,3350.465088,0.000000,0.000000,1.150000,21.000000,5.100000,0.000000,
25.671776,3,1.000000,0.000000,0.000000,0.000000,1.000000,1.000000,0.000000,0.000000,1.160000,3349.977051,0.000000,0.000000,1.160000,19.799999,5.600000,-0.000000,
25.711921,3,1.000000,0.000000,0.000000,0.000000,1.000000,1.000000,0.000000,0.000000,1.160000,3350.014893,0.000000,0.000000,1.160000,18.500000,5.900000,-0.000000,
25.752260,3,1.000000,0.000000,0.000000,0.000000,1.000000,1.000000,0.000000,0.000000,1.160000,3350.053955,0.000000,0.000000,1.160000,17.200001,6.000000,-0.000000,
25.793130,3,1.000000,0.000000,0.000000,0.000000,1.000000,1.000000,0.000000,0.000000,1.150000,3350.094971,0.000000,0.000000,1.150000,15.900000,6.000000,-0.000000,
25.832153,3,1.000000,0.000000,0.000000,0.000000,1.000000,1.000000,0.000000,0.000000,1.150000,3350.135010,0.000000,0.000000,1.150000,14.700000,5.900000,-0.000000,
25.871906,3,1.000000,0.000000,0.000000,0.000000,1.000000,1.000000,0.000000,0.000000,1.140000,3350.174072,0.000000,0.000000,1.140000,13.400000,5.800000,-0.100000,
25.916942,3,1.000000,0.000000,0.000000,0.000000,1.000000,1.000000,0.000000,0.000000,1.140000,3350.215088,0.000000,0.000000,1.140000,12.100000,5.700000,-0.000000,
25.952323,3,1.000000,0.000000,0.000000,0.000000,1.000000,1.000000,0.000000,0.000000,1.150000,3350.258057,0.000000,0.000000,1.150000,10.900000,5.600000,0.000000,
25.992888,3,1.000000,0.000000,0.000000,0.000000,1.000000,1.000000,0.000000,0.000000,1.180000,3350.297119,0.000000,0.000000,1.180000,8.900000,5.300000,0.200000,
26.031700,3,1.000000,0.000000,0.000000,0.000000,1.000000,1.000000,0.000000,0.000000,1.190000,3350.337891,0.000000,0.000000,1.190000,7.700000,4.800000,0.100000,
26.071632,3,1.000000,0.000000,0.000000,0.000000,1.000000,1.000000,0.000000,0.000000,1.140000,3350.376953,0.000000,0.000000,1.140000,6.400000,3.800000,0.100000,
26.111958,3,1.000000,0.000000,0.000000,0.000000,1.000000,1.000000,0.000000,0.000000,1.140000,3350.416992,0.000000,0.000000,1.140000,5.100000,2.800000,0.200000,
26.153148,3,1.000000,0.000000,0.000000,0.000000,1.000000,1.000000,0.000000,0.000000,1.140000,3350.458984,0.000000,0.000000,1.140000,3.700000,2.300000,0.300000,
26.192409,3,1.000000,0.000000,0.000000,0.000000,1.000000,1.000000,0.000000,0.000000,1.150000,3350.497070,0.000000,0.000000,1.150000,2.400000,2.100000,0.300000,
26.232386,3,1.000000,0.000000,0.000000,0.000000,1.000000,1.000000,0.000000,0.000000,1.150000,3350.538086,0.000000,0.000000,1.150000,1.000000,2.000000,0.200000,
26.272350,3,1.000000,0.000000,0.000000,0.000000,1.000000,1.000000,0.000000,0.000000,1.150000,3350.577881,0.000000,0.000000,1.150000,-0.200000,1.600000,0.000000,
26.313000,3,1.000000,0.000000,0.000000,0.000000,1.000000,1.000000,0.000000,0.000000,1.150000,3350.616943,0.000000,0.000000,1.150000,-1.500000,1.200000,0.000000,
26.351740,3,1.000000,0.000000,0.000000,0.000000,1.000000,1.000000,0.000000,0.000000,1.160000,3350.656982,0.000000,0.000000,1.160000,-2.900000,0.900000,0.100000,
26.391924,3,1.000000,0.000000,0.000000,0.000000,1.000000,1.000000,0.000000,0.000000,1.160000,3350.697021,0.000000,0.000000,1.160000,-4.200000,0.500000,0.000000,
26.432388,3,1.000000,0.000000,0.000000,0.000000,1.000000,1.000000,0.000000,0.000000,1.160000,3350.737061,0.000000,0.000000,1.160000,-5.400000,0.100000,-0.000000,
26.471909,3,1.000000,0.000000,0.000000,0.000000,1.000000,1.000000,0.000000,0.000000,1.210000,3350.778076,0.000000,0.000000,1.210000,-5.800000,-0.100000,-0.100000,
26.513205,3,1.000000,0.000000,0.000000,0.000000,1.000000,1.000000,0.000000,0.000000,1.210000,3350.816895,0.000000,0.000000,1.210000,-6.600000,0.100000,-0.400000,
26.552444,3,1.000000,0.000000,0.000000,0.000000,1.000000,1.000000,0.000000,0.000000,1.190000,3350.856934,0.000000,0.000000,1.190000,-6.900000,1.100000,-0.300000,
26.591894,3,1.000000,0.000000,0.000000,0.000000,1.000000,1.000000,0.000000,0.000000,1.190000,3351.155029,0.000000,0.000000,1.190000,-7.200000,2.000000,-0.200000,
26.631786,3,1.000000,0.000000,0.000000,0.000000,1.000000,1.000000,0.000000,0.000000,1.190000,3351.514893,0.000000,0.000000,1.190000,-7.600000,2.400000,-0.200000,
26.672635,3,1.000000,0.000000,0.000000,0.000000,1.000000,1.000000,0.000000,0.000000,1.200000,3350.981934,0.000000,0.000000,1.200000,-8.600000,2.900000,0.000000,
26.712840,3,1.000000,0.000000,0.000000,0.000000,1.000000,1.000000,0.000000,0.000000,1.200000,3351.019043,0.000000,0.000000,1.200000,-9.700000,3.100000,0.200000,
26.752439,3,1.000000,0.000000,0.000000,0.000000,1.000000,1.000000,0.000000,0.000000,1.170000,3351.061035,0.000000,0.000000,1.170000,-10.700000,3.100000,0.200000,
26.792134,3,1.000000,0.000000,0.000000,0.000000,1.000000,1.000000,0.000000,0.000000,1.170000,3351.100098,0.000000,0.000000,1.170000,-11.800000,3.000000,0.000000,
26.831938,3,1.000000,0.000000,0.000000,0.000000,1.000000,1.000000,0.000000,0.000000,1.170000,3351.141113,0.000000,0.000000,1.170000,-13.000000,3.100000,0.000000,
26.871828,3,1.000000,0.000000,0.000000,0.000000,1.000000,1.000000,0.000000,0.000000,1.170000,3351.180908,0.000000,0.000000,1.170000,-14.200000,3.200000,0.100000,
26.913163,3,1.000000,0.000000,0.000000,0.000000,1.000000,1.000000,0.000000,0.000000,1.170000,3351.215088,0.000000,0.000000,1.170000,-14.800000,3.200000,0.100000,
26.952315,3,1.000000,0.000000,0.000000,0.000000,1.000000,1.000000,0.000000,0.000000,1.170000,3351.251953,0.000000,0.000000,1.170000,-16.000000,3.100000,0.100000,
26.992103,3,1.000000,0.000000,0.000000,0.000000,1.000000,1.000000,0.000000,0.000000,1.190000,3351.291992,0.000000,0.000000,1.190000,-17.200001,3.000000,0.100000,
27.031784,3,1.000000,0.000000,0.000000,0.000000,1.000000,1.000000,0.000000,0.000000,1.190000,3351.332031,0.000000,0.000000,1.190000,-18.500000,2.900000,0.100000,
27.072461,3,1.000000,0.000000,0.000000,0.000000,1.000000,1.000000,0.000000,0.000000,1.190000,3351.372070,0.000000,0.000000,1.190000,-19.799999,2.800000,0.100000,
27.111983,3,1.000000,0.000000,0.000000,0.000000,1.000000,1.000000,0.000000,0.000000,1.190000,3351.413086,0.000000,0.000000,1.190000,-21.100000,2.700000,0.100000,
27.152455,3,1.000000,0.000000,0.000000,0.000000,1.000000,1.000000,0.000000,0.000000,1.190000,3351.451904,0.000000,0.000000,1.190000,-22.500000,2.800000,0.300000,
27.192059,3,1.000000,0.000000,0.000000,0.000000,1.000000,1.000000,0.000000,0.000000,1.190000,3351.495117,0.000000,0.000000,1.190000,-23.799999,3.100000,0.500000,
27.231929,3,1.000000,0.000000,0.000000,0.000000,1.000000,1.000000,0.000000,0.000000,1.190000,3351.533936,0.000000,0.000000,1.190000,-25.100000,3.400000,0.400000,
27.272118,3,1.000000,0.000000,0.000000,0.000000,1.000000,1.000000,0.000000,0.000000,1.170000,3351.572998,0.000000,0.000000,1.170000,-26.400000,3.500000,0.300000,
27.312915,3,1.000000,0.000000,0.000000,0.000000,1.000000,1.000000,0.000000,0.000000,1.170000,3351.613037,0.000000,0.000000,1.170000,-27.799999,3.600000,0.200000,
27.352530,3,1.000000,0.000000,0.000000,0.000000,1.000000,1.000000,0.000000,0.000000,1.170000,3351.653076,0.000000,0.000000,1.170000,-29.100000,3.800000,0.300000,
27.391929,3,1.000000,0.000000,0.000000,0.000000,1.000000,1.000000,0.000000,0.000000,1.170000,3351.695068,0.000000,0.000000,1.170000,-30.500000,4.100000,0.500000,
27.432062,3,1.000000,0.000000,0.000000,0.000000,1.000000,1.000000,0.000000,0.000000,1.170000,3351.735107,0.000000,0.000000,1.170000,-31.900000,4.400000,0.500000,
27.471566,3,1.000000,0.000000,0.000000,0.000000,1.000000,1.000000,0.000000,0.000000,1.190000,3351.772949,0.000000,0.000000,1.190000,-33.299999,4.700000,0.600000,
27.512681,3,1.000000,0.000000,0.000000,0.000000,1.000000,1.000000,0.000000,0.000000,1.190000,3351.814941,0.000000,0.000000,1.190000,-34.599998,4.900000,0.600000,
27.551550,3,1.000000,0.000000,0.000000,0.000000,1.000000,1.000000,0.000000,0.000000,1.190000,3351.853027,0.000000,0.000000,1.190000,-36.000000,5.100000,0.700000,
27.592458,3,1.000000,0.000000,0.000000,0.000000,1.000000,1.000000,0.000000,0.000000,1.180000,3352.084961,0.000000,0.000000,1.180000,-37.400002,5.300000,0.700000,
27.632383,3,1.000000,0.000000,0.000000,0.000000,1.000000,1.000000,0.000000,0.000000,1.180000,3352.455078,0.000000,0.000000,1.180000,-38.799999,5.400000,0.700000,
27.671729,3,1.000000,0.000000,0.000000,0.000000,1.000000,1.000000,0.000000,0.000000,1.150000,3352.864990,0.000000,0.000000,1.150000,-40.200001,5.300000,0.700000,
27.712947,4,1.000000,90.000000,0.000000,0.000000,1.000000,1.000000,0.000000,0.000000,1.160000,3352.013916,0.000000,0.000000,1.160000,-41.500000,5.100000,0.600000,
27.752322,4,1.000000,90.000000,0.000000,0.000000,1.000000,1.000000,0.000000,0.000000,1.160000,3352.052979,0.000000,0.000000,1.160000,-42.900002,4.700000,0.500000,
27.792007,4,1.000000,90.000000,0.000000,0.000000,1.000000,1.000000,0.000000,0.000000,1.180000,3352.095947,0.000000,0.000000,1.180000,-44.200001,4.500000,0.400000,
27.833033,4,1.000000,90.000000,0.000000,0.000000,1.000000,1.000000,0.000000,0.000000,1.180000,3352.135986,0.000000,0.000000,1.180000,-45.500000,4.300000,0.300000,
27.871614,4,1.000000,90.000000,0.000000,0.000000,1.000000,1.000000,0.000000,0.000000,1.170000,3352.174072,0.000000,0.000000,1.170000,-46.900002,4.000000,0.200000,
27.913151,4,1.000000,90.000000,0.000000,0.000000,1.000000,1.000000,0.000000,0.000000,1.170000,3352.215088,0.000000,0.000000,1.170000,-48.200001,3.700000,0.200000,
27.952201,4,1.000000,90.000000,0.000000,0.000000,1.000000,1.000000,0.000000,0.000000,1.170000,3352.257080,0.000000,0.000000,1.170000,-50.099998,2.900000,0.200000,
27.992348,4,1.000000,90.000000,0.000000,0.000000,1.000000,1.000000,0.000000,0.000000,1.180000,3352.298096,0.000000,0.000000,1.180000,-51.400002,2.100000,0.100000,
28.032035,4,1.000000,90.000000,0.000000,0.000000,1.000000,1.000000,0.000000,0.000000,1.180000,3352.335938,0.000000,0.000000,1.180000,-52.099998,1.600000,0.100000,
28.071732,4,1.000000,90.000000,0.000000,0.000000,1.000000,1.000000,0.000000,0.000000,1.180000,3352.377930,0.000000,0.000000,1.180000,-54.099998,0.400000,0.300000,
28.112450,4,1.000000,90.000000,0.000000,0.000000,1.000000,1.000000,0.000000,0.000000,1.180000,3352.417969,0.000000,0.000000,1.180000,-55.500000,0.200000,0.400000,
28.151664,4,1.000000,90.000000,0.000000,0.000000,1.000000,1.000000,0.000000,0.000000,1.180000,3352.458984,0.000000,0.000000,1.180000,-56.900002,0.100000,0.500000,
28.192819,4,1.000000,90.000000,0.000000,0.000000,1.000000,1.000000,0.000000,0.000000,1.180000,3352.498047,0.000000,0.000000,1.180000,-58.299999,0.000000,0.600000,
28.231994,4,1.000000,90.000000,0.000000,0.000000,1.000000,1.000000,0.000000,0.000000,1.180000,3352.538086,0.000000,0.000000,1.180000,-59.700001,-0.000000,0.500000,
28.271641,4,1.000000,90.000000,0.000000,0.000000,1.000000,1.000000,0.000000,0.000000,1.150000,3352.577881,0.000000,0.000000,1.150000,-60.400002,-0.000000,0.500000,
28.313144,4,1.000000,90.000000,0.000000,0.000000,1.000000,1.000000,0.000000,0.000000,1.150000,3352.616943,0.000000,0.000000,1.150000,-62.500000,0.000000,0.600000,
28.352126,4,1.000000,90.000000,0.000000,0.000000,1.000000,1.000000,0.000000,0.000000,1.150000,3352.656006,0.000000,0.000000,1.150000,-63.900002,0.000000,0.600000,
28.392247,4,1.000000,90.000000,0.000000,0.000000,1.000000,1.000000,0.000000,0.000000,1.130000,3352.697998,0.000000,0.000000,1.130000,-65.300003,0.000000,0.600000,
28.432589,4,1.000000,90.000000,0.000000,0.000000,1.000000,1.000000,0.000000,0.000000,1.130000,3352.736084,0.000000,0.000000,1.130000,-66.699997,0.100000,0.500000,
28.471624,4,1.000000,90.000000,0.000000,0.000000,1.000000,1.000000,0.000000,0.000000,1.140000,3352.779053,0.000000,0.000000,1.140000,-68.099998,0.100000,0.400000,
28.512519,4,1.000000,90.000000,0.000000,0.000000,1.000000,1.000000,0.000000,0.000000,1.140000,3352.818115,0.000000,0.000000,1.140000,-69.500000,0.100000,0.300000,
28.552154,4,1.000000,90.000000,0.000000,0.000000,1.000000,1.000000,0.000000,0.000000,1.130000,3352.862061,0.000000,0.000000,1.130000,-70.900002,0.100000,0.300000,
28.592016,4,1.000000,90.000000,0.000000,0.000000,1.000000,1.000000,0.000000,0.000000,1.130000,3353.135010,0.000000,0.000000,1.130000,-72.199997,0.100000,0.300000,
28.632634,4,1.000000,90.000000,0.000000,0.000000,1.000000,1.000000,0.000000,0.000000,1.130000,3353.524902,0.000000,0.000000,1.130000,-73.599998,0.100000,0.300000,
28.672190,4,1.000000,90.000000,0.000000,0.000000,1.000000,1.000000,0.000000,0.000000,1.120000,3352.979980,0.000000,0.000000,1.120000,-75.000000,0.100000,0.200000,
28.712708,4,1.000000,90.000000,0.000000,0.000000,1.000000,1.000000,0.000000,0.000000,1.120000,3353.019043,0.000000,0.000000,1.120000,-76.300003,0.100000,0.200000,
28.752494,4,1.000000,90.000000,0.000000,0.000000,1.000000,1.000000,0.000000,0.000000,1.120000,3353.061035,0.000000,0.000000,1.120000,-77.699997,0.100000,0.200000,
28.791785,4,1.000000,90.000000,0.000000,0.000000,1.000000,1.000000,0.000000,0.000000,1.120000,3353.099121,0.000000,0.000000,1.120000,-79.000000,0.100000,0.200000,
28.832242,4,1.000000,90.000000,0.000000,0.000000,1.000000,1.000000,0.000000,0.000000,1.120000,3353.138916,0.000000,0.000000,1.120000,-80.300003,0.000000,0.200000,
28.871892,4,1.000000,90.000000,0.000000,0.000000,1.000000,1.000000,0.000000,0.000000,1.130000,3353.180908,0.000000,0.000000,1.130000,-81.699997,-0.000000,0.200000,
28.912547,4,1.000000,90.000000,0.000000,0.000000,1.000000,1.000000,0.000000,0.000000,1.130000,3353.211914,0.000000,0.000000,1.130000,-82.300003,-0.000000,0.100000,
28.952039,4,1.000000,90.000000,0.000000,0.000000,1.000000,1.000000,0.000000,0.000000,1.130000,3353.253906,0.000000,0.000000,1.130000,-83.699997,-0.100000,0.200000,
28.993172,4,1.000000,90.000000,0.000000,0.000000,1.000000,1.000000,0.000000,0.000000,1.150000,3353.291992,0.000000,0.000000,1.150000,-85.000000,-0.200000,0.200000,
29.032788,4,1.000000,90.000000,0.000000,0.000000,1.000000,1.000000,0.000000,0.000000,1.150000,3353.333984,0.000000,0.000000,1.150000,-86.400002,-0.200000,0.300000,
29.071908,4,1.000000,90.000000,0.000000,0.000000,1.000000,1.000000,0.000000,0.000000,1.100000,3353.374023,0.000000,0.000000,1.100000,-87.800003,-0.200000,0.400000,
29.111777,4,1.000000,90.000000,0.000000,0.000000,1.000000,1.000000,0.000000,0.000000,1.100000,3353.415039,0.000000,0.000000,1.100000,-89.199997,-0.300000,0.300000,
29.151662,4,1.000000,90.000000,0.000000,0.000000,1.000000,1.000000,0.000000,0.000000,1.100000,3353.452881,0.000000,0.000000,1.100000,-90.599998,-0.200000,-0.300000,
29.192477,4,1.000000,90.000000,0.000000,0.000000,1.000000,1.000000,0.000000,0.000000,1.120000,3353.492920,0.000000,0.000000,1.120000,-92.000000,-0.100000,-1.200000,
29.231767,4,1.000000,90.000000,0.000000,0.000000,1.000000,1.000000,0.000000,0.000000,1.120000,3353.534912,0.000000,0.000000,1.120000,-93.400002,0.100000,-1.900000,
29.271891,4,1.000000,90.000000,0.000000,0.000000,1.000000,1.000000,0.000000,0.000000,1.090000,3353.572998,0.000000,0.000000,1.090000,-94.900002,0.200000,-2.400000,
29.312544,4,1.000000,90.000000,0.000000,0.000000,1.000000,1.000000,0.000000,0.000000,1.090000,3353.614990,0.000000,0.000000,1.090000,-96.300003,0.200000,-3.000000,
29.351561,4,1.000000,90.000000,0.000000,0.000000,1.000000,1.000000,0.000000,0.000000,1.090000,3353.656006,0.000000,0.000000,1.090000,-97.699997,0.300000,-3.600000,
29.392873,4,1.000000,90.000000,0.000000,0.000000,1.000000,1.000000,0.000000,0.000000,1.120000,3353.697998,0.000000,0.000000,1.120000,-99.099998,0.400000,-3.700000,
29.431702,4,1.000000,90.000000,0.000000,0.000000,1.000000,1.000000,0.000000,0.000000,1.120000,3353.736084,0.000000,0.000000,1.120000,-100.599998,0.500000,-3.200000,
29.472182,4,1.000000,90.000000,0.000000,0.000000,1.000000,1.000000,0.000000,0.000000,1.150000,3353.777100,0.000000,0.000000,1.150000,-102.099998,0.400000,-2.500000,
29.512621,4,1.000000,90.000000,0.000000,0.000000,1.000000,1.000000,0.000000,0.000000,1.150000,3353.814941,0.000000,0.000000,1.150000,-103.599998,0.300000,-1.600000,
29.551703,4,1.000000,90.000000,0.000000,0.000000,1.000000,1.000000,0.000000,0.000000,1.150000,3353.854980,0.000000,0.000000,1.150000,-105.699997,0.200000,-0.500000,
29.593976,4,1.000000,90.000000,0.000000,0.000000,1.000000,1.000000,0.000000,0.000000,1.130000,3354.084961,0.000000,0.000000,1.130000,-106.400002,0.200000,-0.000000,
29.632157,4,1.000000,90.000000,0.000000,0.000000,1.000000,1.000000,0.000000,0.000000,1.130000,3354.495117,0.000000,0.000000,1.130000,-108.599998,-0.000000,1.800000,
29.671858,4,1.000000,90.000000,0.000000,0.000000,1.000000,1.000000,0.000000,0.000000,1.120000,3353.976074,0.000000,0.000000,1.120000,-109.300003,-0.000000,2.700000,
29.716616,4,1.000000,90.000000,0.000000,0.000000,1.000000,1.000000,0.000000,0.000000,1.110000,3354.014893,0.000000,0.000000,1.110000,-111.599998,-0.100000,7.400000,
29.751588,4,1.000000,90.000000,0.000000,0.000000,1.000000,1.000000,0.000000,0.000000,1.100000,3354.058105,0.000000,0.000000,1.100000,-113.099998,-0.300000,11.200000,
29.792001,4,1.000000,90.000000,0.000000,0.000000,1.000000,1.000000,0.000000,0.000000,1.090000,3354.097900,0.000000,0.000000,1.090000,-113.800003,-0.300000,12.500000,
29.831878,4,1.000000,90.000000,0.000000,0.000000,1.000000,1.000000,0.000000,0.000000,1.090000,3354.135986,0.000000,0.000000,1.090000,-115.199997,-0.400000,13.800000,
29.872038,4,1.000000,90.000000,0.000000,0.000000,1.000000,1.000000,0.000000,0.000000,1.120000,3354.178955,0.000000,0.000000,1.120000,-117.400002,-0.300000,15.000000,
29.911716,4,1.000000,90.000000,0.000000,0.000000,1.000000,1.000000,0.000000,0.000000,1.110000,3354.218018,0.000000,0.000000,1.110000,-118.800003,-0.300000,16.100000,
29.952001,4,1.000000,90.000000,0.000000,0.000000,1.000000,1.000000,0.000000,0.000000,1.130000,3354.259033,0.000000,0.000000,1.130000,-119.500000,-0.400000,16.500000,
29.992113,4,1.000000,90.000000,0.000000,0.000000,1.000000,1.000000,0.000000,0.000000,1.130000,3354.300049,0.000000,0.000000,1.130000,-121.599998,-0.500000,16.500000,
30.032900,4,1.000000,90.000000,0.000000,0.000000,1.000000,1.000000,0.000000,0.000000,1.130000,3354.333984,0.000000,0.000000,1.130000,-122.300003,-0.400000,16.200001,
30.072486,4,1.000000,90.000000,0.000000,0.000000,1.000000,1.000000,0.000000,0.000000,1.140000,3354.384033,0.000000,0.000000,1.140000,-124.500000,-0.100000,15.200000,
30.112276,4,1.000000,90.000000,0.000000,0.000000,1.000000,1.000000,0.000000,0.000000,1.140000,3354.413086,0.000000,0.000000,1.140000,-125.199997,-0.000000,15.200000,
30.152132,4,1.000000,90.000000,0.000000,0.000000,1.000000,1.000000,0.000000,0.000000,1.140000,3354.451904,0.000000,0.000000,1.140000,-126.500000,-0.000000,15.300000,
30.192991,4,1.000000,90.000000,0.000000,0.000000,1.000000,1.000000,0.000000,0.000000,1.130000,3354.502930,0.000000,0.000000,1.130000,-128.500000,-0.100000,15.000000,
30.232928,4,1.000000,90.000000,0.000000,0.000000,1.000000,1.000000,0.000000,0.000000,1.130000,3354.532959,0.000000,0.000000,1.130000,-129.199997,-0.000000,14.700000,
30.272573,4,1.000000,90.000000,0.000000,0.000000,1.000000,1.000000,0.000000,0.000000,1.160000,3354.570068,0.000000,0.000000,1.160000,-130.500000,0.100000,13.800000,
30.312378,4,1.000000,90.000000,0.000000,0.000000,1.000000,1.000000,0.000000,0.000000,1.160000,3354.613037,0.000000,0.000000,1.160000,-131.800003,0.200000,11.900000,
30.352097,4,1.000000,90.000000,0.000000,0.000000,1.000000,1.000000,0.000000,0.000000,1.180000,3354.650879,0.000000,0.000000,1.180000,-133.000000,0.200000,8.900000,
30.393586,4,1.000000,90.000000,0.000000,0.000000,1.000000,1.000000,0.000000,0.000000,1.190000,3354.701904,0.000000,0.000000,1.190000,-134.899994,0.300000,4.200000,
30.432740,4,1.000000,90.000000,0.000000,0.000000,1.000000,1.000000,0.000000,0.000000,1.190000,3354.742920,0.000000,0.000000,1.190000,-135.500000,0.400000,3.300000,
30.472170,4,1.000000,90.000000,0.000000,0.000000,1.000000,1.000000,0.000000,0.000000,1.150000,3354.770996,0.000000,0.000000,1.150000,-136.899994,0.300000,2.400000,
30.512254,4,1.000000,90.000000,0.000000,0.000000,1.000000,1.000000,0.000000,0.000000,1.150000,3354.812012,0.000000,0.000000,1.150000,-138.300003,0.000000,1.700000,
30.552249,4,1.000000,90.000000,0.000000,0.000000,1.000000,1.000000,0.000000,0.000000,1.150000,3354.851074,0.000000,0.000000,1.150000,-139.500000,-0.100000,1.100000,
30.592436,4,1.000000,90.000000,0.000000,0.000000,1.000000,1.000000,0.000000,0.000000,1.170000,3355.135010,0.000000,0.000000,1.170000,-141.399994,0.000000,0.300000,
30.631859,4,1.000000,90.000000,0.000000,0.000000,1.000000,1.000000,0.000000,0.000000,1.170000,3355.485107,0.000000,0.000000,1.170000,-142.100006,0.100000,0.200000,
30.672717,4,1.000000,90.000000,0.000000,0.000000,1.000000,1.000000,0.000000,0.000000,1.190000,3355.844971,0.000000,0.000000,1.190000,-143.399994,-0.000000,0.100000,
30.712057,4,1.000000,90.000000,0.000000,0.000000,1.000000,1.000000,0.000000,0.000000,1.190000,3355.014893,0.000000,0.000000,1.190000,-144.699997,-0.100000,-0.100000,
30.753379,4,1.000000,90.000000,0.000000,0.000000,1.000000,1.000000,0.000000,0.000000,1.190000,3355.052002,0.000000,0.000000,1.190000,-146.100006,-0.100000,-0.100000,
30.792392,4,1.000000,90.000000,0.000000,0.000000,1.000000,1.000000,0.000000,0.000000,1.160000,3355.093018,0.000000,0.000000,1.160000,-147.399994,0.000000,-0.100000,
30.831837,4,1.000000,90.000000,0.000000,0.000000,1.000000,1.000000,0.000000,0.000000,1.160000,3355.132080,0.000000,0.000000,1.160000,-148.800003,0.100000,-0.100000,
30.871963,4,1.000000,90.000000,0.000000,0.000000,1.000000,1.000000,0.000000,0.000000,1.170000,3355.173096,0.000000,0.000000,1.170000,-150.100006,0.200000,-0.100000,
30.912143,4,1.000000,90.000000,0.000000,0.000000,1.000000,1.000000,0.000000,0.000000,1.170000,3355.214111,0.000000,0.000000,1.170000,-151.399994,0.400000,-0.200000,
30.952013,4,1.000000,90.000000,0.000000,0.000000,1.000000,1.000000,0.000000,0.000000,1.170000,3355.251953,0.000000,0.000000,1.170000,-152.800003,0.500000,-0.300000,
30.991757,4,1.000000,90.000000,0.000000,0.000000,1.000000,1.000000,0.000000,0.000000,1.170000,3355.292969,0.000000,0.000000,1.170000,-154.100006,0.500000,-0.300000,
31.031896,4,1.000000,90.000000,0.000000,0.000000,1.000000,1.000000,0.000000,0.000000,1.170000,3355.332031,0.000000,0.000000,1.170000,-155.399994,0.500000,-0.300000,
31.072376,4,1.000000,90.000000,0.000000,0.000000,1.000000,1.000000,0.000000,0.000000,1.170000,3355.372070,0.000000,0.000000,1.170000,-156.800003,0.500000,-0.300000,
31.111834,4,1.000000,90.000000,0.000000,0.000000,1.000000,1.000000,0.000000,0.000000,1.170000,3355.414062,0.000000,0.000000,1.170000,-158.100006,0.600000,-0.300000,
31.152410,4,1.000000,90.000000,0.000000,0.000000,1.000000,1.000000,0.000000,0.000000,1.170000,3355.451904,0.000000,0.000000,1.170000,-159.500000,0.500000,-0.400000,
31.192846,4,1.000000,90.000000,0.000000,0.000000,1.000000,1.000000,0.000000,0.000000,1.170000,3355.491943,0.000000,0.000000,1.170000,-160.800003,0.400000,-0.500000,
31.231621,4,1.000000,90.000000,0.000000,0.000000,1.000000,1.000000,0.000000,0.000000,1.170000,3355.532959,0.000000,0.000000,1.170000,-161.500000,0.400000,-0.500000,
31.271655,4,1.000000,90.000000,0.000000,0.000000,1.000000,1.000000,0.000000,0.000000,1.200000,3355.572021,0.000000,0.000000,1.200000,-163.500000,0.300000,-0.500000,
31.311566,4,1.000000,90.000000,0.000000,0.000000,1.000000,1.000000,0.000000,0.000000,1.200000,3355.614014,0.000000,0.000000,1.200000,-164.899994,0.200000,-0.400000,
31.352002,4,1.000000,90.000000,0.000000,0.000000,1.000000,1.000000,0.000000,0.000000,1.200000,3355.652100,0.000000,0.000000,1.200000,-166.300003,0.200000,-0.200000,
31.392052,4,1.000000,90.000000,0.000000,0.000000,1.000000,1.000000,0.000000,0.000000,1.180000,3355.695068,0.000000,0.000000,1.180000,-167.699997,0.200000,-0.100000,
31.431687,4,1.000000,90.000000,0.000000,0.000000,1.000000,1.000000,0.000000,0.000000,1.180000,3355.736084,0.000000,0.000000,1.180000,-169.100006,0.300000,-0.000000,
31.471833,4,1.000000,90.000000,0.000000,0.000000,1.000000,1.000000,0.000000,0.000000,1.150000,3355.775879,0.000000,0.000000,1.150000,-171.100006,0.500000,-0.200000,
31.511576,4,1.000000,90.000000,0.000000,0.000000,1.000000,1.000000,0.000000,0.000000,1.150000,3355.816895,0.000000,0.000000,1.150000,-171.899994,0.500000,-0.300000,
31.552408,4,1.000000,90.000000,0.000000,0.000000,1.000000,1.000000,0.000000,0.000000,1.150000,3355.856934,0.000000,0.000000,1.150000,-173.800003,0.400000,-0.300000,
31.592084,4,1.000000,90.000000,0.000000,0.000000,1.000000,1.000000,0.000000,0.000000,1.160000,3356.094971,0.000000,0.000000,1.160000,-174.699997,0.300000,-0.300000,
31.631714,4,1.000000,90.000000,0.000000,0.000000,1.000000,1.000000,0.000000,0.000000,1.160000,3356.485107,0.000000,0.000000,1.160000,-176.100006,0.200000,-0.100000,
31.671803,4,1.000000,90.000000,0.000000,0.000000,1.000000,1.000000,0.000000,0.000000,1.210000,3355.977051,0.000000,0.000000,1.210000,-178.100006,0.300000,0.000000,
31.712066,4,1.000000,90.000000,0.000000,0.000000,1.000000,1.000000,0.000000,0.000000,1.210000,3356.018066,0.000000,0.000000,1.210000,-179.000000,0.300000,-0.000000,
31.752318,4,1.000000,90.000000,0.000000,0.000000,1.000000,1.000000,0.000000,0.000000,1.210000,3356.059082,0.000000,0.000000,1.210000,179.100006,0.200000,-0.100000,
31.792418,4,1.000000,90.000000,0.000000,0.000000,1.000000,1.000000,0.000000,0.000000,1.180000,3356.096924,0.000000,0.000000,1.180000,178.199997,0.200000,-0.000000,
31.831449,4,1.000000,90.000000,0.000000,0.000000,1.000000,1.000000,0.000000,0.000000,1.180000,3356.135986,0.000000,0.000000,1.180000,176.699997,0.100000,0.200000,
31.872148,4,1.000000,90.000000,0.000000,0.000000,1.000000,1.000000,0.000000,0.000000,1.200000,3356.177002,0.000000,0.000000,1.200000,174.699997,0.200000,0.300000,
31.912408,4,1.000000,90.000000,0.000000,0.000000,1.000000,1.000000,0.000000,0.000000,1.200000,3356.218018,0.000000,0.000000,1.200000,173.300003,0.300000,0.100000,
31.952208,4,1.000000,90.000000,0.000000,0.000000,1.000000,1.000000,0.000000,0.000000,1.200000,3356.257080,0.000000,0.000000,1.200000,172.500000,0.300000,0.000000,
31.993725,4,1.000000,90.000000,0.000000,0.000000,1.000000,1.000000,0.000000,0.000000,1.200000,3356.298096,0.000000,0.000000,1.200000,170.600006,0.200000,0.000000,
32.032383,4,1.000000,90.000000,0.000000,0.000000,1.000000,1.000000,0.000000,0.000000,1.200000,3356.339111,0.000000,0.000000,1.200000,169.000000,0.100000,0.300000,
32.071805,4,1.000000,90.000000,0.000000,0.000000,1.000000,1.000000,0.000000,0.000000,1.180000,3356.379883,0.000000,0.000000,1.180000,167.600006,0.200000,0.400000,
32.111931,4,1.000000,90.000000,0.000000,0.000000,1.000000,1.000000,0.000000,0.000000,1.180000,3356.417969,0.000000,0.000000,1.180000,166.199997,0.300000,0.200000,
32.152298,4,1.000000,90.000000,0.000000,0.000000,1.000000,1.000000,0.000000,0.000000,1.200000,3356.460938,0.000000,0.000000,1.200000,164.800003,0.300000,0.100000,
32.191703,4,1.000000,90.000000,0.000000,0.000000,1.000000,1.000000,0.000000,0.000000,1.200000,3356.499023,0.000000,0.000000,1.200000,163.399994,0.200000,0.300000,
32.232354,4,1.000000,90.000000,0.000000,0.000000,1.000000,1.000000,0.000000,0.000000,1.200000,3356.541016,0.000000,0.000000,1.200000,162.699997,0.200000,0.400000,
32.272294,4,1.000000,90.000000,0.000000,0.000000,1.000000,1.000000,0.000000,0.000000,1.200000,3356.581055,0.000000,0.000000,1.200000,160.699997,0.200000,0.300000,
32.312807,4,1.000000,90.000000,0.000000,0.000000,1.000000,1.000000,0.000000,0.000000,1.200000,3356.621094,0.000000,0.000000,1.200000,159.199997,0.200000,0.000000,
32.351929,4,1.000000,90.000000,0.000000,0.000000,1.000000,1.000000,0.000000,0.000000,1.280000,3356.660889,0.000000,0.000000,1.280000,157.800003,0.100000,0.000000,
32.392261,4,1.000000,90.000000,0.000000,0.000000,1.000000,1.000000,0.000000,0.000000,1.280000,3356.698975,0.000000,0.000000,1.280000,156.500000,0.100000,0.300000,
32.432054,4,1.000000,90.000000,0.000000,0.000000,1.000000,1.000000,0.000000,0.000000,1.280000,3356.739014,0.000000,0.000000,1.280000,154.899994,0.100000,0.300000,
32.471726,4,1.000000,90.000000,0.000000,0.000000,1.000000,1.000000,0.000000,0.000000,1.180000,3356.781006,0.000000,0.000000,1.180000,153.500000,0.100000,0.100000,
32.513416,4,1.000000,90.000000,0.000000,0.000000,1.000000,1.000000,0.000000,0.000000,1.180000,3356.821045,0.000000,0.000000,1.180000,152.300003,0.100000,0.100000,
32.552201,4,1.000000,90.000000,0.000000,0.000000,1.000000,1.000000,0.000000,0.000000,1.180000,3356.862061,0.000000,0.000000,1.180000,150.699997,-0.600000,1.300000,
32.591959,4,1.000000,90.000000,0.000000,0.000000,1.000000,1.000000,0.000000,0.000000,1.170000,3357.114990,0.000000,0.000000,1.170000,149.399994,-1.700000,3.100000,
32.632245,5,0.200000,0.000000,0.000000,0.000000,1.000000,0.000000,0.000000,0.000000,1.160000,3357.514893,0.000000,0.000000,1.160000,147.899994,-3.000000,5.100000,
32.673397,5,0.200000,0.000000,0.000000,0.000000,1.000000,0.000000,0.000000,0.000000,1.180000,3356.981934,0.000000,0.000000,1.180000,146.699997,-3.700000,5.700000,
32.713592,6,0.200000,0.000000,0.000000,0.000000,1.000000,0.000000,0.000000,0.000000,1.180000,3357.019043,0.000000,0.000000,1.180000,145.199997,-4.100000,5.700000,
