43.154881,1,2.000000,135.946930,-0.000000,-0.000000,1.000000,1.000000,1.000000,1.000000,0.200000,260.204987,0.000000,0.000000,0.200000,135.946930,-0.800000,0.300000,0.000000,-10000.000000,-10000.000000,-10000.000000
43.213580,1,2.000000,135.946930,-0.000000,-0.000000,1.000000,1.000000,1.000000,1.000000,0.200000,260.406006,0.000000,0.000000,0.200000,135.946930,-0.800000,0.300000,0.000000,-10000.000000,-10000.000000,-10000.000000
43.256092,1,2.000000,135.946930,-0.000000,-0.000000,1.000000,1.000000,1.000000,1.000000,0.200000,260.446991,0.000000,0.000000,0.200000,135.946930,-0.800000,0.300000,0.000000,-10000.000000,-10000.000000,-10000.000000
43.300886,1,2.000000,135.946930,-0.000000,-0.000000,1.000000,1.000000,1.000000,1.000000,0.200000,260.502991,0.000000,0.000000,0.200000,135.946930,-0.800000,0.300000,0.000000,-10000.000000,-10000.000000,-10000.000000
43.373329,1,2.000000,135.946930,-0.000000,-0.000000,1.000000,1.000000,1.000000,1.000000,0.200000,260.532013,0.000000,0.000000,0.200000,135.946930,-0.800000,0.300000,0.000000,-10000.000000,-10000.000000,-10000.000000
43.438008,1,2.000000,135.946930,-0.000000,-0.000000,1.000000,1.000000,1.000000,1.000000,0.200000,260.643005,0.000000,0.000000,0.200000,135.946930,-0.800000,0.300000,0.000000,-10000.000000,-10000.000000,-10000.000000
43.469351,1,2.000000,135.946930,-0.000000,-0.000000,1.000000,1.000000,1.000000,1.000000,0.200000,260.673004,0.000000,0.000000,0.200000,135.946930,-0.800000,0.300000,0.000000,-10000.000000,-10000.000000,-10000.000000
43.502989,1,2.000000,135.946930,-0.000000,-0.000000,1.000000,1.000000,1.000000,1.000000,0.200000,260.714996,0.000000,0.000000,0.200000,135.946930,-0.800000,0.300000,0.000000,-10000.000000,-10000.000000,-10000.000000
43.544063,1,2.000000,135.946930,-0.000000,-0.000000,1.000000,1.000000,1.000000,1.000000,0.200000,260.753998,0.000000,0.000000,0.200000,135.946930,-0.800000,0.300000,0.000000,-10000.000000,-10000.000000,-10000.000000
43.585680,1,2.000000,135.946930,-0.000000,-0.000000,1.000000,1.000000,1.000000,1.000000,0.200000,260.798004,0.000000,0.000000,0.200000,135.946930,-0.800000,0.300000,0.000000,-10000.000000,-10000.000000,-10000.000000
43.622543,1,2.000000,135.946930,-0.000000,-0.000000,1.000000,1.000000,1.000000,1.000000,0.200000,261.144012,0.000000,0.000000,0.200000,135.946930,-0.800000,0.300000,0.000000,-10000.000000,-10000.000000,-10000.000000
43.666105,1,2.000000,135.946930,-0.000000,-0.000000,1.000000,1.000000,1.000000,1.000000,0.200000,261.574005,0.000000,0.000000,0.200000,135.946930,-0.800000,0.300000,0.000000,-10000.000000,-10000.000000,-10000.000000
43.703040,1,2.000000,135.946930,-0.000000,-0.000000,1.000000,1.000000,1.000000,1.000000,0.200000,260.914001,0.000000,0.000000,0.200000,135.946930,-0.800000,0.300000,0.000000,-10000.000000,-10000.000000,-10000.000000
43.742725,1,2.000000,135.946930,-0.000000,-0.000000,1.000000,1.000000,1.000000,1.000000,0.200000,260.950989,0.000000,0.000000,0.200000,135.946930,-0.800000,0.300000,0.000000,-10000.000000,-10000.000000,-10000.000000
43.783124,1,2.000000,135.946930,-0.000000,-0.000000,1.000000,1.000000,1.000000,1.000000,0.200000,260.997986,0.000000,0.000000,0.200000,135.946930,-0.800000,0.300000,0.000000,-10000.000000,-10000.000000,-10000.000000
43.826526,1,2.000000,135.946930,-0.000000,-0.000000,1.000000,1.000000,1.000000,1.000000,0.200000,261.039001,0.000000,0.000000,0.200000,135.946930,-0.800000,0.300000,0.000000,-10000.000000,-10000.000000,-10000.000000
43.863393,1,2.000000,135.946930,-0.000000,-0.000000,1.000000,1.000000,1.000000,1.000000,0.200000,261.072998,0.000000,0.000000,0.200000,135.946930,-0.800000,0.300000,0.000000,-10000.000000,-10000.000000,-10000.000000
43.904979,1,2.000000,135.946930,-0.000000,-0.000000,1.000000,1.000000,1.000000,1.000000,0.200000,261.114990,0.000000,0.000000,0.200000,135.946930,-0.800000,0.300000,0.000000,-10000.000000,-10000.000000,-10000.000000
43.948217,1,2.000000,135.946930,-0.000000,-0.000000,1.000000,1.000000,1.000000,1.000000,0.200000,261.157990,0.000000,0.000000,0.200000,135.946930,-0.800000,0.300000,0.000000,-10000.000000,-10000.000000,-10000.000000
43.982736,1,2.000000,135.946930,-0.000000,-0.000000,1.000000,1.000000,1.000000,1.000000,0.200000,261.191986,0.000000,0.000000,0.200000,135.946930,-0.800000,0.300000,0.000000,-10000.000000,-10000.000000,-10000.000000
44.022414,1,2.000000,135.946930,-0.000000,-0.000000,1.000000,1.000000,1.000000,1.000000,0.200000,261.235992,0.000000,0.000000,0.200000,135.946930,-0.800000,0.300000,0.000000,-10000.000000,-10000.000000,-10000.000000
44.067800,1,2.000000,135.946930,-0.000000,-0.000000,1.000000,1.000000,1.000000,1.000000,0.200000,261.278992,0.000000,0.000000,0.200000,135.946930,-0.800000,0.300000,0.000000,-10000.000000,-10000.000000,-10000.000000
44.105295,1,2.000000,135.946930,-0.000000,-0.000000,1.000000,1.000000,1.000000,1.000000,0.200000,261.312012,0.000000,0.000000,0.200000,135.946930,-0.800000,0.300000,0.000000,-10000.000000,-10000.000000,-10000.000000
44.147812,1,2.000000,135.946930,-0.000000,-0.000000,1.000000,1.000000,1.000000,1.000000,0.200000,261.354004,0.000000,0.000000,0.200000,135.946930,-0.800000,0.300000,0.000000,-10000.000000,-10000.000000,-10000.000000
44.186425,1,2.000000,135.946930,-0.000000,-0.000000,1.000000,1.000000,1.000000,1.000000,0.200000,261.398987,0.000000,0.000000,0.200000,135.946930,-0.800000,0.300000,0.000000,-10000.000000,-10000.000000,-10000.000000
44.234983,1,2.000000,135.946930,-0.000000,-0.000000,1.000000,1.000000,1.000000,1.000000,0.200000,261.433990,0.000000,0.000000,0.200000,135.946930,-0.800000,0.300000,0.000000,-10000.000000,-10000.000000,-10000.000000
44.269038,1,2.000000,135.946930,-0.000000,-0.000000,1.000000,1.000000,1.000000,1.000000,0.200000,261.480011,0.000000,0.000000,0.200000,135.946930,-0.800000,0.300000,0.000000,-10000.000000,-10000.000000,-10000.000000
44.306359,1,2.000000,135.946930,-0.000000,-0.000000,1.000000,1.000000,1.000000,1.000000,0.200000,261.515991,0.000000,0.000000,0.200000,135.946930,-0.800000,0.300000,0.000000,-10000.000000,-10000.000000,-10000.000000
44.351327,1,2.000000,135.946930,-0.000000,-0.000000,1.000000,1.000000,1.000000,1.000000,0.200000,261.561005,0.000000,0.000000,0.200000,135.946930,-0.800000,0.300000,0.000000,-10000.000000,-10000.000000,-10000.000000
44.384705,1,2.000000,135.946930,-0.000000,-0.000000,1.000000,1.000000,1.000000,1.000000,0.200000,261.592987,0.000000,0.000000,0.200000,135.946930,-0.800000,0.300000,0.000000,-10000.000000,-10000.000000,-10000.000000
44.424852,1,2.000000,135.946930,-0.000000,-0.000000,1.000000,1.000000,1.000000,1.000000,0.200000,261.639008,0.000000,0.000000,0.200000,135.946930,-0.800000,0.300000,0.000000,-10000.000000,-10000.000000,-10000.000000
44.466524,1,2.000000,135.946930,-0.000000,-0.000000,1.000000,1.000000,1.000000,1.000000,0.200000,261.679993,0.000000,0.000000,0.200000,135.946930,-0.800000,0.300000,0.000000,-10000.000000,-10000.000000,-10000.000000
44.509649,1,2.000000,135.946930,-0.000000,-0.000000,1.000000,1.000000,1.000000,1.000000,0.200000,261.713989,0.000000,0.000000,0.200000,135.946930,-0.800000,0.300000,0.000000,-10000.000000,-10000.000000,-10000.000000
44.547655,1,2.000000,135.946930,-0.000000,-0.000000,1.000000,1.000000,1.000000,1.000000,0.200000,261.756989,0.000000,0.000000,0.200000,135.946930,-0.800000,0.300000,0.000000,-10000.000000,-10000.000000,-10000.000000
44.586350,1,2.000000,135.946930,-0.000000,-0.000000,1.000000,1.000000,1.000000,1.000000,0.200000,261.790985,0.000000,0.000000,0.200000,135.946930,-0.800000,0.300000,0.000000,-10000.000000,-10000.000000,-10000.000000
44.627675,1,2.000000,135.946930,-0.000000,-0.000000,1.000000,1.000000,1.000000,1.000000,0.200000,262.144012,0.000000,0.000000,0.200000,135.946930,-0.800000,0.300000,0.000000,-10000.000000,-10000.000000,-10000.000000
44.669931,1,2.000000,135.946930,-0.000000,-0.000000,1.000000,1.000000,1.000000,1.000000,0.200000,262.503998,0.000000,0.000000,0.200000,135.946930,-0.800000,0.300000,0.000000,-10000.000000,-10000.000000,-10000.000000
44.713950,1,2.000000,135.946930,-0.000000,-0.000000,1.000000,1.000000,1.000000,1.000000,0.200000,261.920013,0.000000,0.000000,0.200000,135.946930,-0.800000,0.300000,0.000000,-10000.000000,-10000.000000,-10000.000000
44.744709,1,2.000000,135.946930,-0.000000,-0.000000,1.000000,1.000000,1.000000,1.000000,0.200000,261.954987,0.000000,0.000000,0.200000,135.946930,-0.800000,0.300000,0.000000,-10000.000000,-10000.000000,-10000.000000
44.786803,1,2.000000,135.946930,-0.000000,-0.000000,1.000000,1.000000,1.000000,1.000000,0.200000,261.998993,0.000000,0.000000,0.200000,135.946930,-0.800000,0.300000,0.000000,-10000.000000,-10000.000000,-10000.000000
44.844627,1,2.000000,135.946930,-0.000000,-0.000000,1.000000,1.000000,1.000000,1.000000,0.200000,262.033997,0.000000,0.000000,0.200000,135.946930,-0.800000,0.300000,0.000000,-10000.000000,-10000.000000,-10000.000000
44.874590,1,2.000000,135.946930,-0.000000,-0.000000,1.000000,1.000000,1.000000,1.000000,0.200000,262.082001,0.000000,0.000000,0.200000,135.946930,-0.800000,0.300000,0.000000,-10000.000000,-10000.000000,-10000.000000
44.904699,1,2.000000,135.946930,-0.000000,-0.000000,1.000000,1.000000,1.000000,1.000000,0.200000,262.109985,0.000000,0.000000,0.200000,135.946930,-0.800000,0.300000,0.000000,-10000.000000,-10000.000000,-10000.000000
44.947816,1,2.000000,135.946930,-0.000000,-0.000000,1.000000,1.000000,1.000000,1.000000,0.200000,262.154999,0.000000,0.000000,0.200000,135.946930,-0.800000,0.300000,0.000000,-10000.000000,-10000.000000,-10000.000000
44.983163,1,2.000000,135.946930,-0.000000,-0.000000,1.000000,1.000000,1.000000,1.000000,0.200000,262.200989,0.000000,0.000000,0.200000,135.946930,-0.800000,0.300000,0.000000,-10000.000000,-10000.000000,-10000.000000
45.027497,1,2.000000,135.946930,-0.000000,-0.000000,1.000000,1.000000,1.000000,1.000000,0.200000,262.240997,0.000000,0.000000,0.200000,135.946930,-0.800000,0.300000,0.000000,-10000.000000,-10000.000000,-10000.000000
45.066066,1,2.000000,135.946930,-0.000000,-0.000000,1.000000,1.000000,1.000000,1.000000,0.200000,262.282013,0.000000,0.000000,0.200000,135.946930,-0.800000,0.300000,0.000000,-10000.000000,-10000.000000,-10000.000000
45.103704,1,2.000000,135.946930,-0.000000,-0.000000,1.000000,1.000000,1.000000,1.000000,0.200000,262.316986,0.000000,0.000000,0.200000,135.946930,-0.800000,0.300000,0.000000,-10000.000000,-10000.000000,-10000.000000
45.148930,1,2.000000,135.946930,-0.000000,-0.000000,1.000000,1.000000,1.000000,1.000000,0.200000,262.363007,0.000000,0.000000,0.200000,135.946930,-0.800000,0.300000,0.000000,-249.000000,-90.000000,-10000.000000
45.192211,1,2.000000,135.946930,-0.000000,-0.000000,1.000000,1.000000,1.000000,1.000000,0.200000,262.395996,0.000000,0.000000,0.200000,135.946930,-0.800000,0.300000,0.000000,-10000.000000,-10000.000000,-10000.000000
45.227614,1,2.000000,135.946930,-0.000000,-0.000000,1.000000,1.000000,1.000000,1.000000,0.200000,262.441010,0.000000,0.000000,0.200000,135.946930,-0.800000,0.300000,0.000000,-234.000000,-86.000000,-10000.000000
45.271761,1,2.000000,135.946930,-0.000000,-0.000000,1.000000,1.000000,1.000000,1.000000,0.200000,262.473999,0.000000,0.000000,0.200000,135.946930,-0.800000,0.300000,0.000000,-10000.000000,-10000.000000,-10000.000000
45.329855,1,2.000000,136.214828,0.002727,-0.010232,1.000000,1.000000,1.000000,1.000000,0.200000,262.516998,0.000000,0.000000,0.200000,135.946930,-0.800000,0.300000,1.000000,104.000000,-28.000000,83.034584
45.359853,1,2.000000,136.473175,0.004544,-0.018257,1.000000,1.000000,1.000000,1.000000,0.200000,262.562988,0.000000,0.000000,0.200000,135.946930,-0.800000,0.300000,1.000000,104.000000,-25.000000,83.015129
45.392079,1,2.000000,136.722702,0.005936,-0.024424,1.000000,1.000000,1.000000,1.000000,0.200000,262.598999,0.000000,0.000000,0.200000,135.946930,-0.800000,0.300000,1.000000,103.000000,-25.000000,82.986237
45.429461,1,2.000000,136.961243,0.006891,-0.029212,1.000000,1.000000,1.000000,1.000000,0.200000,262.634003,0.000000,0.000000,0.200000,135.946930,-0.800000,0.300000,1.000000,103.000000,-24.000000,83.022385
45.476385,1,2.000000,137.188812,0.007502,-0.032999,1.000000,1.000000,1.000000,1.000000,0.200000,262.679993,0.000000,0.000000,0.200000,135.946930,-0.800000,0.300000,1.000000,104.000000,-23.000000,83.068642
45.509877,1,2.000000,137.407639,0.007841,-0.035893,1.000000,1.000000,1.000000,1.000000,0.200000,262.714996,0.000000,0.000000,0.200000,135.946930,-0.800000,0.300000,1.000000,104.000000,-22.000000,83.068642
45.551665,1,2.000000,137.407639,0.007467,-0.034619,1.000000,1.000000,1.000000,1.000000,0.200000,262.757996,0.000000,0.000000,0.200000,135.946930,-0.800000,0.300000,0.000000,-176.000000,-67.000000,-10000.000000
45.595085,1,2.000000,137.407639,0.007110,-0.033391,1.000000,1.000000,1.000000,1.000000,0.200000,262.803986,0.000000,0.000000,0.200000,135.946930,-0.800000,0.300000,0.000000,-171.000000,-65.000000,-10000.000000
45.629984,1,2.000000,137.622025,0.007231,-0.035740,1.000000,1.000000,1.000000,1.000000,0.200000,263.134003,0.000000,0.000000,0.200000,135.946930,-0.800000,0.300000,1.000000,102.000000,-20.000000,82.965027
45.668524,1,2.000000,137.822281,0.007189,-0.037502,1.000000,1.000000,1.000000,1.000000,0.200000,263.553986,0.000000,0.000000,0.200000,135.946930,-0.800000,0.300000,1.000000,102.000000,-19.000000,83.118279
45.710604,1,2.000000,138.014496,0.007020,-0.038800,1.000000,1.000000,1.000000,1.000000,0.200000,262.912994,0.000000,0.000000,0.200000,135.946930,-0.800000,0.300000,1.000000,102.000000,-18.000000,83.126968
45.746926,1,2.000000,138.207764,0.006753,-0.039829,1.000000,1.000000,1.000000,1.000000,0.200000,262.959991,0.000000,0.000000,0.200000,135.946930,-0.800000,0.300000,1.000000,103.000000,-17.000000,82.907486
45.787219,1,2.000000,138.386856,0.006410,-0.040549,1.000000,1.000000,1.000000,1.000000,0.200000,262.993011,0.000000,0.000000,0.200000,135.946930,-0.800000,0.300000,1.000000,103.000000,-16.000000,83.082481
45.826854,1,2.000000,138.551804,0.006008,-0.041123,1.000000,1.000000,1.000000,1.000000,0.200000,263.033997,0.000000,0.000000,0.200000,135.946930,-0.800000,0.300000,1.000000,104.000000,-15.000000,83.271484
45.868111,1,2.000000,138.719040,0.005662,-0.041484,1.000000,1.000000,1.000000,1.000000,0.200000,263.083008,0.000000,0.000000,0.200000,135.946930,-0.800000,0.300000,1.000000,104.000000,-15.000000,83.047043
45.911480,1,2.000000,138.880920,0.005261,-0.041680,1.000000,1.000000,1.000000,1.000000,0.200000,263.117004,0.000000,0.000000,0.200000,135.946930,-0.800000,0.300000,1.000000,104.000000,-14.000000,83.018944
45.951053,1,2.000000,139.033554,0.004821,-0.041747,1.000000,1.000000,1.000000,1.000000,0.200000,263.152008,0.000000,0.000000,0.200000,135.946930,-0.800000,0.300000,1.000000,104.000000,-13.000000,83.097778
45.988684,1,2.000000,139.175674,0.004449,-0.041714,1.000000,1.000000,1.000000,1.000000,0.200000,263.200012,0.000000,0.000000,0.200000,135.946930,-0.800000,0.300000,1.000000,104.000000,-13.000000,83.218300
46.031500,1,2.000000,139.313736,0.004134,-0.041506,1.000000,1.000000,1.000000,1.000000,0.200000,263.235992,0.000000,0.000000,0.200000,135.946930,-0.800000,0.300000,1.000000,103.000000,-13.000000,83.181786
46.066491,1,2.000000,139.449341,0.003667,-0.041164,1.000000,1.000000,1.000000,1.000000,0.200000,263.273987,0.000000,0.000000,0.200000,135.946930,-0.800000,0.300000,1.000000,102.000000,-11.000000,83.107574
46.105436,1,2.000000,139.585083,0.003183,-0.040719,1.000000,1.000000,1.000000,1.000000,0.200000,263.317993,0.000000,0.000000,0.200000,135.946930,-0.800000,0.300000,1.000000,101.000000,-10.000000,82.968201
46.148234,1,2.000000,139.585083,0.002960,-0.039309,1.000000,1.000000,1.000000,1.000000,0.200000,263.360992,0.000000,0.000000,0.200000,135.946930,-0.800000,0.300000,0.000000,-150.000000,-22.000000,-10000.000000
46.186716,1,2.000000,139.704025,0.002202,-0.038821,1.000000,1.000000,1.000000,1.000000,0.200000,263.398987,0.000000,0.000000,0.200000,135.946930,-0.800000,0.300000,1.000000,98.000000,-6.000000,83.269516
46.231101,1,2.000000,139.818390,0.001593,-0.038372,1.000000,1.000000,1.000000,1.000000,0.200000,263.433014,0.000000,0.000000,0.200000,135.946930,-0.800000,0.300000,1.000000,98.000000,-6.000000,83.269516
46.269165,1,2.000000,139.818390,0.001432,-0.037052,1.000000,1.000000,1.000000,1.000000,0.200000,263.479004,0.000000,0.000000,0.200000,135.946930,-0.800000,0.300000,0.000000,-133.000000,24.000000,-10000.000000
46.310937,1,2.000000,139.934891,0.000773,-0.036466,1.000000,1.000000,1.000000,1.000000,0.200000,263.519012,0.000000,0.000000,0.200000,135.946930,-0.800000,0.300000,1.000000,94.000000,-4.000000,83.099670
46.354839,1,2.000000,140.055542,0.000149,-0.035951,1.000000,1.000000,1.000000,1.000000,0.200000,263.562012,0.000000,0.000000,0.200000,135.946930,-0.800000,0.300000,1.000000,94.000000,-3.000000,82.874985
46.386636,1,2.000000,140.087021,-0.000445,-0.035397,1.000000,1.000000,1.000000,1.000000,0.200000,263.596985,0.000000,0.000000,0.200000,135.946930,-0.800000,0.300000,1.000000,93.000000,-2.000000,85.072891
46.439403,1,2.000000,140.165482,-0.001014,-0.034716,1.000000,1.000000,1.000000,1.000000,0.200000,263.636993,0.000000,0.000000,0.200000,135.946930,-0.800000,0.300000,1.000000,91.000000,-1.000000,83.820076
46.476317,1,2.000000,140.240921,-0.001561,-0.034136,1.000000,1.000000,1.000000,1.000000,0.200000,263.682007,0.000000,0.000000,0.200000,135.946930,-0.800000,0.300000,1.000000,91.000000,0.000000,83.820076
46.510970,1,2.000000,140.315231,-0.001990,-0.033441,1.000000,1.000000,1.000000,1.000000,0.200000,263.716003,0.000000,0.000000,0.200000,135.946930,-0.800000,0.300000,1.000000,89.000000,0.000000,83.774170
46.549305,1,2.000000,140.386673,-0.002423,-0.032757,1.000000,1.000000,1.000000,1.000000,0.200000,263.759003,0.000000,0.000000,0.200000,135.946930,-0.800000,0.300000,1.000000,88.000000,1.000000,83.774170
46.601831,1,2.000000,140.455368,-0.002858,-0.032085,1.000000,1.000000,1.000000,1.000000,0.200000,263.803009,0.000000,0.000000,0.200000,135.946930,-0.800000,0.300000,1.000000,87.000000,2.000000,83.774170
46.646460,1,2.000000,140.511185,-0.003195,-0.031522,1.000000,1.000000,1.000000,1.000000,0.200000,264.283997,0.000000,0.000000,0.200000,135.946930,-0.800000,0.300000,1.000000,87.000000,2.000000,84.040161
46.670296,1,2.000000,140.564850,-0.003454,-0.031049,1.000000,1.000000,1.000000,1.000000,0.200000,264.514008,0.000000,0.000000,0.200000,135.946930,-0.800000,0.300000,1.000000,87.000000,2.000000,84.040161
46.710298,1,2.000000,140.614395,-0.003748,-0.030451,1.000000,1.000000,1.000000,1.000000,0.200000,263.917999,0.000000,0.000000,0.200000,135.946930,-0.800000,0.300000,1.000000,85.000000,3.000000,84.093857
46.753883,1,2.000000,140.662033,-0.003972,-0.029955,1.000000,1.000000,1.000000,1.000000,0.200000,263.963013,0.000000,0.000000,0.200000,135.946930,-0.800000,0.300000,1.000000,85.000000,3.000000,84.093857
46.788930,1,2.000000,140.706558,-0.004139,-0.029441,1.000000,1.000000,1.000000,1.000000,0.200000,263.997009,0.000000,0.000000,0.200000,135.946930,-0.800000,0.300000,1.000000,84.000000,3.000000,84.127373
46.831928,1,2.000000,140.753281,-0.004360,-0.028916,1.000000,1.000000,1.000000,1.000000,0.200000,264.041992,0.000000,0.000000,0.200000,135.946930,-0.800000,0.300000,1.000000,83.000000,4.000000,84.025673
46.866215,1,2.000000,140.798203,-0.004721,-0.028484,1.000000,1.000000,1.000000,1.000000,0.200000,264.074005,0.000000,0.000000,0.200000,135.946930,-0.800000,0.300000,1.000000,83.000000,6.000000,84.025673
46.905236,1,2.000000,140.810120,-0.004993,-0.027732,1.000000,1.000000,1.000000,1.000000,0.200000,264.117004,0.000000,0.000000,0.200000,135.946930,-0.800000,0.300000,1.000000,79.000000,6.000000,84.838905
46.945477,1,2.000000,140.821579,-0.005195,-0.027124,1.000000,1.000000,1.000000,1.000000,0.200000,264.161011,0.000000,0.000000,0.200000,135.946930,-0.800000,0.300000,1.000000,79.000000,6.000000,84.838905
46.986560,1,2.000000,140.815002,-0.005440,-0.026435,1.000000,1.000000,1.000000,1.000000,0.200000,264.192993,0.000000,0.000000,0.200000,135.946930,-0.800000,0.300000,1.000000,77.000000,7.000000,85.296387
47.024482,1,2.000000,140.815674,-0.005815,-0.025587,1.000000,1.000000,1.000000,1.000000,0.200000,264.231995,0.000000,0.000000,0.200000,135.946930,-0.800000,0.300000,1.000000,74.000000,9.000000,85.114799
47.067853,1,2.000000,140.786575,-0.006095,-0.024912,1.000000,1.000000,1.000000,1.000000,0.200000,264.278015,0.000000,0.000000,0.200000,135.946930,-0.800000,0.300000,1.000000,74.000000,9.000000,85.887772
47.106499,1,2.000000,140.741760,-0.006497,-0.024079,1.000000,1.000000,1.000000,1.000000,0.200000,264.317993,0.000000,0.000000,0.200000,135.946930,-0.800000,0.300000,1.000000,71.000000,11.000000,86.325500
47.147738,1,2.000000,140.699966,-0.006796,-0.023125,1.000000,1.000000,1.000000,1.000000,0.200000,264.360992,0.000000,0.000000,0.200000,135.946930,-0.800000,0.300000,1.000000,68.000000,11.000000,86.291573
47.183834,1,2.000000,140.625443,-0.007111,-0.022275,1.000000,1.000000,1.000000,1.000000,0.200000,264.399994,0.000000,0.000000,0.200000,135.946930,-0.800000,0.300000,1.000000,67.000000,12.000000,87.184441
47.224251,1,2.000000,140.558990,-0.007438,-0.021411,1.000000,1.000000,1.000000,1.000000,0.200000,264.442993,0.000000,0.000000,0.200000,135.946930,-0.800000,0.300000,1.000000,65.000000,13.000000,87.049217
47.266012,1,2.000000,140.474136,-0.007676,-0.020637,1.000000,1.000000,1.000000,1.000000,0.200000,264.480011,0.000000,0.000000,0.200000,135.946930,-0.800000,0.300000,1.000000,64.000000,13.000000,87.594032
47.303380,1,2.000000,140.364807,-0.007941,-0.019936,1.000000,1.000000,1.000000,1.000000,0.200000,264.522003,0.000000,0.000000,0.200000,135.946930,-0.800000,0.300000,1.000000,63.000000,14.000000,88.315315
47.346492,1,2.000000,140.269562,-0.008129,-0.019294,1.000000,1.000000,1.000000,1.000000,0.200000,264.553986,0.000000,0.000000,0.200000,135.946930,-0.800000,0.300000,1.000000,62.000000,14.000000,88.058510
47.384349,1,2.000000,140.177979,-0.008256,-0.018799,1.000000,1.000000,1.000000,1.000000,0.200000,264.592987,0.000000,0.000000,0.200000,135.946930,-0.800000,0.300000,1.000000,62.000000,14.000000,88.058510
47.427616,1,2.000000,140.089920,-0.008335,-0.018420,1.000000,1.000000,1.000000,1.000000,0.200000,264.634003,0.000000,0.000000,0.200000,135.946930,-0.800000,0.300000,1.000000,62.000000,14.000000,88.058510
47.464410,1,2.000000,139.998352,-0.008377,-0.018036,1.000000,1.000000,1.000000,1.000000,0.200000,264.675995,0.000000,0.000000,0.200000,135.946930,-0.800000,0.300000,1.000000,61.000000,14.000000,88.237610
47.508418,1,2.000000,139.908295,-0.008389,-0.017647,1.000000,1.000000,1.000000,1.000000,0.200000,264.716003,0.000000,0.000000,0.200000,135.946930,-0.800000,0.300000,1.000000,60.000000,14.000000,88.290184
47.545472,1,2.000000,139.821365,-0.008477,-0.017256,1.000000,1.000000,1.000000,1.000000,0.200000,264.759003,0.000000,0.000000,0.200000,135.946930,-0.800000,0.300000,1.000000,59.000000,15.000000,88.298645
47.584130,1,2.000000,139.672348,-0.008427,-0.016766,1.000000,1.000000,1.000000,1.000000,0.200000,264.802002,0.000000,0.000000,0.200000,135.946930,-0.800000,0.300000,1.000000,57.000000,14.000000,90.000000
47.625213,1,2.000000,139.529068,-0.008368,-0.016395,1.000000,1.000000,1.000000,1.000000,0.200000,265.183990,0.000000,0.000000,0.200000,135.946930,-0.800000,0.300000,1.000000,57.000000,14.000000,90.000000
47.667814,1,2.000000,139.529068,-0.008130,-0.015884,1.000000,1.000000,1.000000,1.000000,0.200000,265.574005,0.000000,0.000000,0.200000,135.946930,-0.800000,0.300000,0.000000,-10000.000000,-10000.000000,-10000.000000
47.706384,1,2.000000,139.529068,-0.007899,-0.015391,1.000000,1.000000,1.000000,1.000000,0.200000,264.912994,0.000000,0.000000,0.200000,135.946930,-0.800000,0.300000,0.000000,-10000.000000,-10000.000000,-10000.000000
47.746489,1,2.000000,139.391296,-0.008091,-0.014771,1.000000,1.000000,1.000000,1.000000,0.200000,264.954010,0.000000,0.000000,0.200000,135.946930,-0.800000,0.300000,1.000000,51.000000,16.000000,90.000000
47.786384,1,2.000000,139.258820,-0.008222,-0.014106,1.000000,1.000000,1.000000,1.000000,0.200000,264.994995,0.000000,0.000000,0.200000,135.946930,-0.800000,0.300000,1.000000,49.000000,16.000000,90.000000
47.826900,1,2.000000,139.131439,-0.008307,-0.013602,1.000000,1.000000,1.000000,1.000000,0.200000,265.039001,0.000000,0.000000,0.200000,135.946930,-0.800000,0.300000,1.000000,49.000000,16.000000,90.000000
47.865000,1,2.000000,139.131439,-0.008065,-0.013188,1.000000,1.000000,1.000000,1.000000,0.200000,265.076996,0.000000,0.000000,0.200000,135.946930,-0.800000,0.300000,0.000000,-10000.000000,-10000.000000,-10000.000000
47.910033,1,2.000000,139.131439,-0.007830,-0.012788,1.000000,1.000000,1.000000,1.000000,0.200000,265.121002,0.000000,0.000000,0.200000,135.946930,-0.800000,0.300000,0.000000,-10000.000000,-10000.000000,-10000.000000
47.946563,1,2.000000,138.946609,-0.008041,-0.012236,1.000000,1.000000,1.000000,1.000000,0.200000,265.161011,0.000000,0.000000,0.200000,135.946930,-0.800000,0.300000,1.000000,45.000000,17.000000,91.621147
47.984342,1,2.000000,138.946609,-0.007805,-0.011869,1.000000,1.000000,1.000000,1.000000,0.200000,265.200989,0.000000,0.000000,0.200000,135.946930,-0.800000,0.300000,0.000000,-10000.000000,-10000.000000,-10000.000000
48.028892,1,2.000000,138.946609,-0.007577,-0.011514,1.000000,1.000000,1.000000,1.000000,0.200000,265.242004,0.000000,0.000000,0.200000,135.946930,-0.800000,0.300000,0.000000,-10000.000000,-10000.000000,-10000.000000
48.069404,1,2.000000,138.756989,-0.007889,-0.011009,1.000000,1.000000,1.000000,1.000000,0.200000,265.283997,0.000000,0.000000,0.200000,135.946930,-0.800000,0.300000,1.000000,42.000000,18.000000,91.930588
48.105562,1,2.000000,138.574661,-0.008118,-0.010637,1.000000,1.000000,1.000000,1.000000,0.200000,265.316986,0.000000,0.000000,0.200000,135.946930,-0.800000,0.300000,1.000000,42.000000,18.000000,91.930588
48.146450,1,2.000000,138.345383,-0.008281,-0.010173,1.000000,1.000000,1.000000,1.000000,0.200000,265.358002,0.000000,0.000000,0.200000,135.946930,-0.800000,0.300000,1.000000,40.000000,18.000000,93.333847
48.184812,1,2.000000,138.117004,-0.008490,-0.009836,1.000000,1.000000,1.000000,1.000000,0.200000,265.397003,0.000000,0.000000,0.200000,135.946930,-0.800000,0.300000,1.000000,40.000000,19.000000,93.539558
48.226988,1,2.000000,137.879532,-0.008636,-0.009302,1.000000,1.000000,1.000000,1.000000,0.200000,265.438995,0.000000,0.000000,0.200000,135.946930,-0.800000,0.300000,1.000000,37.000000,19.000000,94.004173
48.267573,1,2.000000,137.619797,-0.008733,-0.008811,1.000000,1.000000,1.000000,1.000000,0.200000,265.479004,0.000000,0.000000,0.200000,135.946930,-0.800000,0.300000,1.000000,36.000000,19.000000,94.820763
48.305217,1,2.000000,137.370041,-0.008790,-0.008454,1.000000,1.000000,1.000000,1.000000,0.200000,265.519989,0.000000,0.000000,0.200000,135.946930,-0.800000,0.300000,1.000000,36.000000,19.000000,94.820763
48.349793,1,2.000000,137.132095,-0.008915,-0.008005,1.000000,1.000000,1.000000,1.000000,0.200000,265.561005,0.000000,0.000000,0.200000,135.946930,-0.800000,0.300000,1.000000,34.000000,20.000000,94.763641
48.383968,1,2.000000,136.929382,-0.009093,-0.007583,1.000000,1.000000,1.000000,1.000000,0.200000,265.600006,0.000000,0.000000,0.200000,135.946930,-0.800000,0.300000,1.000000,33.000000,21.000000,94.085617
48.424419,1,2.000000,136.732849,-0.009214,-0.007183,1.000000,1.000000,1.000000,1.000000,0.200000,265.641998,0.000000,0.000000,0.200000,135.946930,-0.800000,0.300000,1.000000,32.000000,21.000000,94.127594
48.464898,1,2.000000,136.543869,-0.009291,-0.006899,1.000000,1.000000,1.000000,1.000000,0.200000,265.678986,0.000000,0.000000,0.200000,135.946930,-0.800000,0.300000,1.000000,32.000000,21.000000,94.127594
48.502609,1,2.000000,136.369171,-0.009332,-0.006510,1.000000,1.000000,1.000000,1.000000,0.200000,265.721008,0.000000,0.000000,0.200000,135.946930,-0.800000,0.300000,1.000000,30.000000,21.000000,93.945183
48.546998,1,2.000000,136.165833,-0.009345,-0.006136,1.000000,1.000000,1.000000,1.000000,0.200000,265.760986,0.000000,0.000000,0.200000,135.946930,-0.800000,0.300000,1.000000,29.000000,21.000000,94.864517
48.584328,1,2.000000,135.913559,-0.009533,-0.005775,1.000000,1.000000,1.000000,1.000000,0.200000,265.795013,0.000000,0.000000,0.200000,135.946930,-0.800000,0.300000,1.000000,28.000000,23.000000,96.340195
48.627086,1,2.000000,135.702240,-0.009663,-0.005425,1.000000,1.000000,1.000000,1.000000,0.200000,266.084015,0.000000,0.000000,0.200000,135.946930,-0.800000,0.300000,1.000000,27.000000,23.000000,95.527542
48.666550,1,2.000000,135.484497,-0.009647,-0.005182,1.000000,1.000000,1.000000,1.000000,0.200000,266.533997,0.000000,0.000000,0.200000,135.946930,-0.800000,0.300000,1.000000,27.000000,22.000000,95.906143
48.704958,1,2.000000,135.484497,-0.009338,-0.005059,1.000000,1.000000,1.000000,1.000000,0.200000,265.915009,0.000000,0.000000,0.200000,135.946930,-0.800000,0.300000,0.000000,-10000.000000,-10000.000000,-10000.000000
48.746325,1,2.000000,135.484497,-0.009040,-0.004939,1.000000,1.000000,1.000000,1.000000,0.200000,265.957001,0.000000,0.000000,0.200000,135.946930,-0.800000,0.300000,0.000000,-10000.000000,-10000.000000,-10000.000000
48.783836,1,2.000000,135.275131,-0.009203,-0.004696,1.000000,1.000000,1.000000,1.000000,0.200000,265.997986,0.000000,0.000000,0.200000,135.946930,-0.800000,0.300000,1.000000,25.000000,23.000000,95.906143
48.826254,1,2.000000,135.086655,-0.009413,-0.004241,1.000000,1.000000,1.000000,1.000000,0.200000,266.040985,0.000000,0.000000,0.200000,135.946930,-0.800000,0.300000,1.000000,22.000000,24.000000,95.572197
48.869489,1,2.000000,134.919968,-0.009560,-0.003816,1.000000,1.000000,1.000000,1.000000,0.200000,266.083008,0.000000,0.000000,0.200000,135.946930,-0.800000,0.300000,1.000000,21.000000,24.000000,95.194427
48.905307,1,2.000000,134.745163,-0.009758,-0.003514,1.000000,1.000000,1.000000,1.000000,0.200000,266.113007,0.000000,0.000000,0.200000,135.946930,-0.800000,0.300000,1.000000,21.000000,25.000000,95.572197
48.946505,1,2.000000,134.571747,-0.009797,-0.003309,1.000000,1.000000,1.000000,1.000000,0.200000,266.157013,0.000000,0.000000,0.200000,135.946930,-0.800000,0.300000,1.000000,21.000000,24.000000,95.710594
48.991296,1,2.000000,134.436966,-0.009810,-0.003082,1.000000,1.000000,1.000000,1.000000,0.200000,266.196014,0.000000,0.000000,0.200000,135.946930,-0.800000,0.300000,1.000000,20.000000,24.000000,94.879272
49.024247,1,2.000000,134.283295,-0.009902,-0.002837,1.000000,1.000000,1.000000,1.000000,0.200000,266.237000,0.000000,0.000000,0.200000,135.946930,-0.800000,0.300000,1.000000,19.000000,25.000000,95.505478
49.066631,1,2.000000,134.103424,-0.010055,-0.002578,1.000000,1.000000,1.000000,1.000000,0.200000,266.276001,0.000000,0.000000,0.200000,135.946930,-0.800000,0.300000,1.000000,18.000000,26.000000,96.340195
49.103640,1,2.000000,133.921173,-0.010158,-0.002407,1.000000,1.000000,1.000000,1.000000,0.200000,266.315002,0.000000,0.000000,0.200000,135.946930,-0.800000,0.300000,1.000000,18.000000,26.000000,96.581947
49.145466,1,2.000000,133.761063,-0.010222,-0.002206,1.000000,1.000000,1.000000,1.000000,0.200000,266.359985,0.000000,0.000000,0.200000,135.946930,-0.800000,0.300000,1.000000,17.000000,26.000000,96.188614
49.186871,1,2.000000,133.628189,-0.010255,-0.002080,1.000000,1.000000,1.000000,1.000000,0.200000,266.397003,0.000000,0.000000,0.200000,135.946930,-0.800000,0.300000,1.000000,17.000000,26.000000,95.640549
49.224052,1,2.000000,133.464218,-0.010362,-0.002012,1.000000,1.000000,1.000000,1.000000,0.200000,266.440002,0.000000,0.000000,0.200000,135.946930,-0.800000,0.300000,1.000000,17.000000,27.000000,96.581947
49.265281,1,2.000000,133.337311,-0.010430,-0.001991,1.000000,1.000000,1.000000,1.000000,0.200000,266.477997,0.000000,0.000000,0.200000,135.946930,-0.800000,0.300000,1.000000,17.000000,27.000000,95.782394
49.303096,1,2.000000,133.209549,-0.010369,-0.001905,1.000000,1.000000,1.000000,1.000000,0.200000,266.520996,0.000000,0.000000,0.200000,135.946930,-0.800000,0.300000,1.000000,16.000000,26.000000,95.931526
49.344547,1,2.000000,133.095200,-0.010304,-0.001868,1.000000,1.000000,1.000000,1.000000,0.200000,266.561005,0.000000,0.000000,0.200000,135.946930,-0.800000,0.300000,1.000000,16.000000,26.000000,95.710594
49.393530,1,2.000000,132.970703,-0.010336,-0.001868,1.000000,1.000000,1.000000,1.000000,0.200000,266.598999,0.000000,0.000000,0.200000,135.946930,-0.800000,0.300000,1.000000,16.000000,27.000000,96.088531
49.426586,1,2.000000,132.850998,-0.010347,-0.001897,1.000000,1.000000,1.000000,1.000000,0.200000,266.632996,0.000000,0.000000,0.200000,135.946930,-0.800000,0.300000,1.000000,16.000000,27.000000,96.088531
49.465683,1,2.000000,132.747269,-0.010340,-0.001948,1.000000,1.000000,1.000000,1.000000,0.200000,266.678009,0.000000,0.000000,0.200000,135.946930,-0.800000,0.300000,1.000000,16.000000,27.000000,95.792793
49.503691,1,2.000000,132.636154,-0.010320,-0.002016,1.000000,1.000000,1.000000,1.000000,0.200000,266.716003,0.000000,0.000000,0.200000,135.946930,-0.800000,0.300000,1.000000,16.000000,27.000000,96.088531
49.546876,1,2.000000,132.572357,-0.010290,-0.001997,1.000000,1.000000,1.000000,1.000000,0.200000,266.756989,0.000000,0.000000,0.200000,135.946930,-0.800000,0.300000,1.000000,15.000000,27.000000,94.969742
49.586694,1,2.000000,132.572357,-0.009952,-0.001978,1.000000,1.000000,1.000000,1.000000,0.200000,266.799988,0.000000,0.000000,0.200000,135.946930,-0.800000,0.300000,0.000000,-10000.000000,-10000.000000,-10000.000000
49.627790,1,2.000000,132.572357,-0.009627,-0.001958,1.000000,1.000000,1.000000,1.000000,0.200000,267.183990,0.000000,0.000000,0.200000,135.946930,-0.800000,0.300000,0.000000,-10000.000000,29.000000,-10000.000000
49.664139,1,2.000000,132.479355,-0.009902,-0.001829,1.000000,1.000000,1.000000,1.000000,0.200000,267.484009,0.000000,0.000000,0.200000,135.946930,-0.800000,0.300000,1.000000,13.000000,29.000000,95.792793
49.706434,1,2.000000,132.402054,-0.010107,-0.001752,1.000000,1.000000,1.000000,1.000000,0.200000,266.915009,0.000000,0.000000,0.200000,135.946930,-0.800000,0.300000,1.000000,13.000000,29.000000,95.477371
49.744911,1,2.000000,132.321838,-0.010355,-0.001717,1.000000,1.000000,1.000000,1.000000,0.200000,266.960999,0.000000,0.000000,0.200000,135.946930,-0.800000,0.300000,1.000000,13.000000,30.000000,95.630684
49.784167,1,2.000000,132.244705,-0.010537,-0.001713,1.000000,1.000000,1.000000,1.000000,0.200000,267.002991,0.000000,0.000000,0.200000,135.946930,-0.800000,0.300000,1.000000,13.000000,30.000000,95.630684
49.824967,1,2.000000,132.170532,-0.010667,-0.001735,1.000000,1.000000,1.000000,1.000000,0.200000,267.041992,0.000000,0.000000,0.200000,135.946930,-0.800000,0.300000,1.000000,13.000000,30.000000,95.630684
49.866175,1,2.000000,132.092987,-0.010757,-0.001676,1.000000,1.000000,1.000000,1.000000,0.200000,267.075012,0.000000,0.000000,0.200000,135.946930,-0.800000,0.300000,1.000000,12.000000,30.000000,95.792793
49.913895,1,2.000000,132.021576,-0.010814,-0.001653,1.000000,1.000000,1.000000,1.000000,0.200000,267.115997,0.000000,0.000000,0.200000,135.946930,-0.800000,0.300000,1.000000,12.000000,30.000000,95.710594
49.952114,1,2.000000,131.952911,-0.010944,-0.001657,1.000000,1.000000,1.000000,1.000000,0.200000,267.162994,0.000000,0.000000,0.200000,135.946930,-0.800000,0.300000,1.000000,12.000000,31.000000,95.710594
49.984326,1,2.000000,131.866455,-0.011034,-0.001584,1.000000,1.000000,1.000000,1.000000,0.200000,267.197998,0.000000,0.000000,0.200000,135.946930,-0.800000,0.300000,1.000000,11.000000,31.000000,96.241913
50.024868,1,2.000000,131.806839,-0.010993,-0.001548,1.000000,1.000000,1.000000,1.000000,0.200000,267.238007,0.000000,0.000000,0.200000,135.946930,-0.800000,0.300000,1.000000,11.000000,30.000000,95.630684
50.065896,1,2.000000,131.749512,-0.010948,-0.001540,1.000000,1.000000,1.000000,1.000000,0.200000,267.277008,0.000000,0.000000,0.200000,135.946930,-0.800000,0.300000,1.000000,11.000000,30.000000,95.630684
50.103307,1,2.000000,131.749512,-0.010586,-0.001535,1.000000,1.000000,1.000000,1.000000,0.200000,267.320007,0.000000,0.000000,0.200000,135.946930,-0.800000,0.300000,0.000000,-10000.000000,-10000.000000,-10000.000000
50.145599,1,2.000000,131.749512,-0.010238,-0.001528,1.000000,1.000000,1.000000,1.000000,0.200000,267.359985,0.000000,0.000000,0.200000,135.946930,-0.800000,0.300000,0.000000,-10000.000000,-10000.000000,-10000.000000
50.185180,1,2.000000,131.678101,-0.010418,-0.001485,1.000000,1.000000,1.000000,1.000000,0.200000,267.401001,0.000000,0.000000,0.200000,135.946930,-0.800000,0.300000,1.000000,10.000000,31.000000,96.054192
50.225654,1,2.000000,131.645462,-0.010549,-0.001471,1.000000,1.000000,1.000000,1.000000,0.200000,267.434998,0.000000,0.000000,0.200000,135.946930,-0.800000,0.300000,1.000000,10.000000,31.000000,95.117317
50.265942,1,2.000000,131.645462,-0.010202,-0.001466,1.000000,1.000000,1.000000,1.000000,0.200000,267.473999,0.000000,0.000000,0.200000,135.946930,-0.800000,0.300000,0.000000,-10000.000000,-10000.000000,-10000.000000
50.308246,1,2.000000,131.578049,-0.010458,-0.001492,1.000000,1.000000,1.000000,1.000000,0.200000,267.513000,0.000000,0.000000,0.200000,135.946930,-0.800000,0.300000,1.000000,10.000000,32.000000,96.054192
50.346170,1,2.000000,131.546295,-0.010651,-0.001630,1.000000,1.000000,1.000000,1.000000,0.200000,267.556000,0.000000,0.000000,0.200000,135.946930,-0.800000,0.300000,1.000000,11.000000,32.000000,95.194427
50.384606,1,2.000000,131.546295,-0.010301,-0.001619,1.000000,1.000000,1.000000,1.000000,0.200000,267.598999,0.000000,0.000000,0.200000,135.946930,-0.800000,0.300000,0.000000,-10000.000000,-10000.000000,-10000.000000
50.425514,1,2.000000,131.461182,-0.010213,-0.001959,1.000000,1.000000,1.000000,1.000000,0.200000,267.635986,0.000000,0.000000,0.200000,135.946930,-0.800000,0.300000,1.000000,13.000000,29.000000,96.613457
50.465302,1,2.000000,131.325363,-0.010138,-0.002440,1.000000,1.000000,1.000000,1.000000,0.200000,267.674988,0.000000,0.000000,0.200000,135.946930,-0.800000,0.300000,1.000000,15.000000,29.000000,98.017090
50.506553,1,2.000000,131.164398,-0.010072,-0.002930,1.000000,1.000000,1.000000,1.000000,0.200000,267.717987,0.000000,0.000000,0.200000,135.946930,-0.800000,0.300000,1.000000,16.000000,29.000000,98.806793
50.544355,1,2.000000,130.949265,-0.010015,-0.003525,1.000000,1.000000,1.000000,1.000000,0.200000,267.759003,0.000000,0.000000,0.200000,135.946930,-0.800000,0.300000,1.000000,18.000000,29.000000,100.375847
50.586320,1,2.000000,130.656540,-0.010064,-0.004201,1.000000,1.000000,1.000000,1.000000,0.200000,267.795013,0.000000,0.000000,0.200000,135.946930,-0.800000,0.300000,1.000000,20.000000,30.000000,102.608604
50.624382,1,2.000000,130.372314,-0.010098,-0.004839,1.000000,1.000000,1.000000,1.000000,0.200000,268.093994,0.000000,0.000000,0.200000,135.946930,-0.800000,0.300000,1.000000,21.000000,30.000000,102.680382
50.665936,1,2.000000,130.071625,-0.010220,-0.005546,1.000000,1.000000,1.000000,1.000000,0.200000,268.514008,0.000000,0.000000,0.200000,135.946930,-0.800000,0.300000,1.000000,23.000000,31.000000,103.392494
50.704881,1,2.000000,129.745117,-0.010412,-0.006304,1.000000,1.000000,1.000000,1.000000,0.200000,267.912994,0.000000,0.000000,0.200000,135.946930,-0.800000,0.300000,1.000000,25.000000,32.000000,104.364586
50.746696,1,2.000000,129.379471,-0.010756,-0.007101,1.000000,1.000000,1.000000,1.000000,0.200000,267.954987,0.000000,0.000000,0.200000,135.946930,-0.800000,0.300000,1.000000,27.000000,34.000000,105.708641
50.784555,1,2.000000,129.379471,-0.010418,-0.006897,1.000000,1.000000,1.000000,1.000000,0.200000,267.996002,0.000000,0.000000,0.200000,135.946930,-0.800000,0.300000,0.000000,-10000.000000,-10000.000000,-10000.000000
50.835086,1,2.000000,128.944946,-0.010951,-0.008456,1.000000,1.000000,1.000000,1.000000,0.200000,268.031006,0.000000,0.000000,0.200000,135.946930,-0.800000,0.300000,1.000000,36.000000,36.000000,107.864861
50.866314,1,2.000000,128.485550,-0.011665,-0.010174,1.000000,1.000000,1.000000,1.000000,0.200000,268.079987,0.000000,0.000000,0.200000,135.946930,-0.800000,0.300000,1.000000,41.000000,39.000000,108.946503
50.908425,1,2.000000,128.485550,-0.011304,-0.009865,1.000000,1.000000,1.000000,1.000000,0.200000,268.121002,0.000000,0.000000,0.200000,135.946930,-0.800000,0.300000,0.000000,-143.000000,-39.000000,-10000.000000
50.946148,1,2.000000,128.003952,-0.012825,-0.012848,1.000000,1.000000,1.000000,1.000000,0.200000,268.161987,0.000000,0.000000,0.200000,135.946930,-0.800000,0.300000,1.000000,57.000000,48.000000,109.983109
50.984992,1,2.000000,128.003952,-0.012431,-0.012449,1.000000,1.000000,1.000000,1.000000,0.200000,268.196014,0.000000,0.000000,0.200000,135.946930,-0.800000,0.300000,0.000000,-10000.000000,-10000.000000,-10000.000000
51.024096,1,2.000000,128.003952,-0.012050,-0.012063,1.000000,1.000000,1.000000,1.000000,0.200000,268.234009,0.000000,0.000000,0.200000,135.946930,-0.800000,0.300000,0.000000,-10000.000000,-10000.000000,-10000.000000
51.065601,1,2.000000,128.003952,-0.011681,-0.011690,1.000000,1.000000,1.000000,1.000000,0.200000,268.277008,0.000000,0.000000,0.200000,135.946930,-0.800000,0.300000,0.000000,-10000.000000,-10000.000000,-10000.000000
51.105778,1,2.000000,128.003952,-0.011324,-0.011329,1.000000,1.000000,1.000000,1.000000,0.200000,268.316986,0.000000,0.000000,0.200000,135.946930,-0.800000,0.300000,0.000000,-10000.000000,-10000.000000,-10000.000000
51.144603,1,2.000000,128.003952,-0.010978,-0.010980,1.000000,1.000000,1.000000,1.000000,0.200000,268.359009,0.000000,0.000000,0.200000,135.946930,-0.800000,0.300000,0.000000,-10000.000000,-10000.000000,-10000.000000
51.184240,1,2.000000,128.003952,-0.010644,-0.010642,1.000000,1.000000,1.000000,1.000000,0.200000,268.398010,0.000000,0.000000,0.200000,135.946930,-0.800000,0.300000,0.000000,-10000.000000,-10000.000000,-10000.000000
51.224336,1,2.000000,128.003952,-0.010321,-0.010316,1.000000,1.000000,1.000000,1.000000,0.200000,268.441010,0.000000,0.000000,0.200000,135.946930,-0.800000,0.300000,0.000000,-10000.000000,-10000.000000,-10000.000000
51.269671,1,2.000000,128.003952,-0.010008,-0.010000,1.000000,1.000000,1.000000,1.000000,0.200000,268.473999,0.000000,0.000000,0.200000,135.946930,-0.800000,0.300000,0.000000,-10000.000000,-10000.000000,-10000.000000
51.304958,1,2.000000,128.003952,-0.009705,-0.009694,1.000000,1.000000,1.000000,1.000000,0.200000,268.514008,0.000000,0.000000,0.200000,135.946930,-0.800000,0.300000,0.000000,-10000.000000,-10000.000000,-10000.000000
51.345693,1,2.000000,128.003952,-0.009412,-0.009399,1.000000,1.000000,1.000000,1.000000,0.200000,268.558014,0.000000,0.000000,0.200000,135.946930,-0.800000,0.300000,0.000000,-10000.000000,-10000.000000,-10000.000000
51.386068,1,2.000000,128.003952,-0.009129,-0.009113,1.000000,1.000000,1.000000,1.000000,0.200000,268.596008,0.000000,0.000000,0.200000,135.946930,-0.800000,0.300000,0.000000,-10000.000000,-10000.000000,-10000.000000
51.427229,1,2.000000,128.003952,-0.008854,-0.008836,1.000000,1.000000,1.000000,1.000000,0.200000,268.640991,0.000000,0.000000,0.200000,135.946930,-0.800000,0.300000,0.000000,-10000.000000,-10000.000000,-10000.000000
51.466530,1,2.000000,128.003952,-0.008589,-0.008569,1.000000,1.000000,1.000000,1.000000,0.200000,268.670013,0.000000,0.000000,0.200000,135.946930,-0.800000,0.300000,0.000000,-10000.000000,-10000.000000,-10000.000000
51.504571,1,2.000000,128.003952,-0.008332,-0.008310,1.000000,1.000000,1.000000,1.000000,0.200000,268.716003,0.000000,0.000000,0.200000,135.946930,-0.800000,0.300000,0.000000,-10000.000000,-10000.000000,-10000.000000
51.545925,1,2.000000,128.003952,-0.008083,-0.008059,1.000000,1.000000,1.000000,1.000000,0.200000,268.760986,0.000000,0.000000,0.200000,135.946930,-0.800000,0.300000,0.000000,-10000.000000,-10000.000000,-10000.000000
51.587046,1,2.000000,128.003952,-0.007842,-0.007817,1.000000,1.000000,1.000000,1.000000,0.200000,268.795013,0.000000,0.000000,0.200000,135.946930,-0.800000,0.300000,0.000000,-10000.000000,-10000.000000,-10000.000000
51.625316,1,2.000000,128.003952,-0.007609,-0.007582,1.000000,1.000000,1.000000,1.000000,0.200000,269.114014,0.000000,0.000000,0.200000,135.946930,-0.800000,0.300000,0.000000,-10000.000000,-10000.000000,-10000.000000
51.666190,1,2.000000,128.003952,-0.007384,-0.007355,1.000000,1.000000,1.000000,1.000000,0.200000,269.533997,0.000000,0.000000,0.200000,135.946930,-0.800000,0.300000,0.000000,-10000.000000,-10000.000000,-10000.000000
51.705820,1,2.000000,128.003952,-0.007165,-0.007136,1.000000,1.000000,1.000000,1.000000,0.200000,268.915009,0.000000,0.000000,0.200000,135.946930,-0.800000,0.300000,0.000000,-10000.000000,-10000.000000,-10000.000000
51.745106,1,2.000000,128.003952,-0.006954,-0.006923,1.000000,1.000000,1.000000,1.000000,0.200000,268.957001,0.000000,0.000000,0.200000,135.946930,-0.800000,0.300000,0.000000,-10000.000000,-10000.000000,-10000.000000
51.786074,1,2.000000,128.003952,-0.006749,-0.006717,1.000000,1.000000,1.000000,1.000000,0.200000,268.997009,0.000000,0.000000,0.200000,135.946930,-0.800000,0.300000,0.000000,-10000.000000,-10000.000000,-10000.000000
51.826912,1,2.000000,128.003952,-0.006551,-0.006518,1.000000,1.000000,1.000000,1.000000,0.200000,269.036011,0.000000,0.000000,0.200000,135.946930,-0.800000,0.300000,0.000000,-10000.000000,-10000.000000,-10000.000000
51.865019,1,2.000000,128.003952,-0.006359,-0.006325,1.000000,1.000000,1.000000,1.000000,0.200000,269.078003,0.000000,0.000000,0.200000,135.946930,-0.800000,0.300000,0.000000,-10000.000000,-10000.000000,-10000.000000
51.903738,1,2.000000,128.003952,-0.006173,-0.006139,1.000000,1.000000,1.000000,1.000000,0.200000,269.118011,0.000000,0.000000,0.200000,135.946930,-0.800000,0.300000,0.000000,-10000.000000,-10000.000000,-10000.000000
51.947766,1,2.000000,128.003952,-0.005993,-0.005958,1.000000,1.000000,1.000000,1.000000,0.200000,269.161011,0.000000,0.000000,0.200000,135.946930,-0.800000,0.300000,0.000000,-10000.000000,-10000.000000,-10000.000000
51.986422,1,2.000000,128.003952,-0.005818,-0.005783,1.000000,1.000000,1.000000,1.000000,0.200000,269.199005,0.000000,0.000000,0.200000,135.946930,-0.800000,0.300000,0.000000,-10000.000000,-10000.000000,-10000.000000
52.025300,1,2.000000,128.003952,-0.005649,-0.005614,1.000000,1.000000,1.000000,1.000000,0.200000,269.239990,0.000000,0.000000,0.200000,135.946930,-0.800000,0.300000,0.000000,-10000.000000,-10000.000000,-10000.000000
52.070143,1,2.000000,128.003952,-0.005486,-0.005450,1.000000,1.000000,1.000000,1.000000,0.200000,269.282013,0.000000,0.000000,0.200000,135.946930,-0.800000,0.300000,0.000000,-10000.000000,-10000.000000,-10000.000000
52.107004,1,2.000000,128.003952,-0.005328,-0.005291,1.000000,1.000000,1.000000,1.000000,0.200000,269.316986,0.000000,0.000000,0.200000,135.946930,-0.800000,0.300000,0.000000,-10000.000000,-10000.000000,-10000.000000
52.145253,1,2.000000,128.003952,-0.005174,-0.005137,1.000000,1.000000,1.000000,1.000000,0.200000,269.364014,0.000000,0.000000,0.200000,135.946930,-0.800000,0.300000,0.000000,-10000.000000,-10000.000000,-10000.000000
52.189085,1,2.000000,128.003952,-0.005025,-0.004988,1.000000,1.000000,1.000000,1.000000,0.200000,269.393005,0.000000,0.000000,0.200000,135.946930,-0.800000,0.300000,0.000000,-10000.000000,-10000.000000,-10000.000000
52.230471,1,2.000000,128.003952,-0.004881,-0.004844,1.000000,1.000000,1.000000,1.000000,0.200000,269.440002,0.000000,0.000000,0.200000,135.946930,-0.800000,0.300000,0.000000,-10000.000000,-10000.000000,-10000.000000
52.271466,1,2.000000,128.003952,-0.004742,-0.004704,1.000000,1.000000,1.000000,1.000000,0.200000,269.477997,0.000000,0.000000,0.200000,135.946930,-0.800000,0.300000,0.000000,-10000.000000,-10000.000000,-10000.000000
52.306236,1,2.000000,128.003952,-0.004607,-0.004569,1.000000,1.000000,1.000000,1.000000,0.200000,269.515015,0.000000,0.000000,0.200000,135.946930,-0.800000,0.300000,0.000000,-10000.000000,-10000.000000,-10000.000000
52.346289,1,2.000000,128.003952,-0.004476,-0.004438,1.000000,1.000000,1.000000,1.000000,0.200000,269.558014,0.000000,0.000000,0.200000,135.946930,-0.800000,0.300000,0.000000,-10000.000000,-10000.000000,-10000.000000
52.384952,1,2.000000,128.003952,-0.004349,-0.004311,1.000000,1.000000,1.000000,1.000000,0.200000,269.598999,0.000000,0.000000,0.200000,135.946930,-0.800000,0.300000,0.000000,-10000.000000,-10000.000000,-10000.000000
52.425230,1,2.000000,128.003952,-0.004226,-0.004188,1.000000,1.000000,1.000000,1.000000,0.200000,269.640991,0.000000,0.000000,0.200000,135.946930,-0.800000,0.300000,0.000000,-10000.000000,-10000.000000,-10000.000000
52.467517,1,2.000000,128.003952,-0.004107,-0.004069,1.000000,1.000000,1.000000,1.000000,0.200000,269.682007,0.000000,0.000000,0.200000,135.946930,-0.800000,0.300000,0.000000,-10000.000000,-10000.000000,-10000.000000
52.504631,1,2.000000,128.003952,-0.003991,-0.003953,1.000000,1.000000,1.000000,1.000000,0.200000,269.713013,0.000000,0.000000,0.200000,135.946930,-0.800000,0.300000,0.000000,-10000.000000,-10000.000000,-10000.000000
52.544776,1,2.000000,128.003952,-0.003879,-0.003841,1.000000,1.000000,1.000000,1.000000,0.200000,269.757996,0.000000,0.000000,0.200000,135.946930,-0.800000,0.300000,0.000000,-10000.000000,-10000.000000,-10000.000000
52.583832,1,2.000000,128.003952,-0.003770,-0.003733,1.000000,1.000000,1.000000,1.000000,0.200000,269.795013,0.000000,0.000000,0.200000,135.946930,-0.800000,0.300000,0.000000,-10000.000000,-10000.000000,-10000.000000
52.625742,1,2.000000,128.003952,-0.003665,-0.003628,1.000000,1.000000,1.000000,1.000000,0.200000,270.114014,0.000000,0.000000,0.200000,135.946930,-0.800000,0.300000,0.000000,-10000.000000,-10000.000000,-10000.000000
52.668322,1,2.000000,128.003952,-0.003563,-0.003526,1.000000,1.000000,1.000000,1.000000,0.200000,270.523987,0.000000,0.000000,0.200000,135.946930,-0.800000,0.300000,0.000000,-10000.000000,-10000.000000,-10000.000000
52.704000,1,2.000000,128.003952,-0.003464,-0.003427,1.000000,1.000000,1.000000,1.000000,0.200000,269.917999,0.000000,0.000000,0.200000,135.946930,-0.800000,0.300000,0.000000,-10000.000000,-10000.000000,-10000.000000
52.744272,1,2.000000,128.003952,-0.003368,-0.003332,1.000000,1.000000,1.000000,1.000000,0.200000,269.960999,0.000000,0.000000,0.200000,135.946930,-0.800000,0.300000,0.000000,-10000.000000,-10000.000000,-10000.000000
52.785847,1,2.000000,128.003952,-0.003275,-0.003239,1.000000,1.000000,1.000000,1.000000,0.200000,270.000000,0.000000,0.000000,0.200000,135.946930,-0.800000,0.300000,0.000000,-10000.000000,-10000.000000,-10000.000000
52.826077,1,2.000000,128.003952,-0.003185,-0.003149,1.000000,1.000000,1.000000,1.000000,0.200000,270.040985,0.000000,0.000000,0.200000,135.946930,-0.800000,0.300000,0.000000,-10000.000000,-10000.000000,-10000.000000
52.866093,1,2.000000,128.003952,-0.003098,-0.003062,1.000000,1.000000,1.000000,1.000000,0.200000,270.080994,0.000000,0.000000,0.200000,135.946930,-0.800000,0.300000,0.000000,-10000.000000,-10000.000000,-10000.000000
52.906512,1,2.000000,128.003952,-0.003013,-0.002977,1.000000,1.000000,1.000000,1.000000,0.200000,270.114990,0.000000,0.000000,0.200000,135.946930,-0.800000,0.300000,0.000000,-10000.000000,-10000.000000,-10000.000000
52.947935,1,2.000000,128.003952,-0.002930,-0.002895,1.000000,1.000000,1.000000,1.000000,0.200000,270.156006,0.000000,0.000000,0.200000,135.946930,-0.800000,0.300000,0.000000,-10000.000000,-10000.000000,-10000.000000
52.984796,1,2.000000,128.003952,-0.002851,-0.002816,1.000000,1.000000,1.000000,1.000000,0.200000,270.196014,0.000000,0.000000,0.200000,135.946930,-0.800000,0.300000,0.000000,-10000.000000,-10000.000000,-10000.000000
53.029138,1,2.000000,128.003952,-0.002773,-0.002739,1.000000,1.000000,1.000000,1.000000,0.200000,270.243011,0.000000,0.000000,0.200000,135.946930,-0.800000,0.300000,0.000000,-10000.000000,-10000.000000,-10000.000000
53.067264,1,2.000000,128.003952,-0.002698,-0.002664,1.000000,1.000000,1.000000,1.000000,0.200000,270.278992,0.000000,0.000000,0.200000,135.946930,-0.800000,0.300000,0.000000,-10000.000000,-10000.000000,-10000.000000
53.108042,1,2.000000,128.003952,-0.002625,-0.002591,1.000000,1.000000,1.000000,1.000000,0.200000,270.313995,0.000000,0.000000,0.200000,135.946930,-0.800000,0.300000,0.000000,-10000.000000,-10000.000000,-10000.000000
53.146678,1,2.000000,128.003952,-0.002554,-0.002521,1.000000,1.000000,1.000000,1.000000,0.200000,270.358002,0.000000,0.000000,0.200000,135.946930,-0.800000,0.300000,0.000000,-10000.000000,-10000.000000,-10000.000000
53.185798,1,2.000000,128.003952,-0.002486,-0.002453,1.000000,1.000000,1.000000,1.000000,0.200000,270.394989,0.000000,0.000000,0.200000,135.946930,-0.800000,0.300000,0.000000,-10000.000000,-10000.000000,-10000.000000
53.229892,1,2.000000,128.003952,-0.002419,-0.002387,1.000000,1.000000,1.000000,1.000000,0.200000,270.434998,0.000000,0.000000,0.200000,135.946930,-0.800000,0.300000,0.000000,-10000.000000,-10000.000000,-10000.000000
53.264867,1,2.000000,128.003952,-0.002354,-0.002322,1.000000,1.000000,1.000000,1.000000,0.200000,270.479004,0.000000,0.000000,0.200000,135.946930,-0.800000,0.300000,0.000000,-10000.000000,-10000.000000,-10000.000000
53.304500,1,2.000000,128.003952,-0.002292,-0.002260,1.000000,1.000000,1.000000,1.000000,0.200000,270.515991,0.000000,0.000000,0.200000,135.946930,-0.800000,0.300000,0.000000,-10000.000000,-10000.000000,-10000.000000
53.345119,1,2.000000,128.003952,-0.002231,-0.002199,1.000000,1.000000,1.000000,1.000000,0.200000,270.558990,0.000000,0.000000,0.200000,135.946930,-0.800000,0.300000,0.000000,-10000.000000,-10000.000000,-10000.000000
53.384547,1,2.000000,128.003952,-0.002172,-0.002141,1.000000,1.000000,1.000000,1.000000,0.200000,270.596008,0.000000,0.000000,0.200000,135.946930,-0.800000,0.300000,0.000000,-10000.000000,-10000.000000,-10000.000000
53.426111,1,2.000000,128.003952,-0.002114,-0.002084,1.000000,1.000000,1.000000,1.000000,0.200000,270.638000,0.000000,0.000000,0.200000,135.946930,-0.800000,0.300000,0.000000,-10000.000000,-10000.000000,-10000.000000
53.465868,1,2.000000,128.003952,-0.002059,-0.002028,1.000000,1.000000,1.000000,1.000000,0.200000,270.679993,0.000000,0.000000,0.200000,135.946930,-0.800000,0.300000,0.000000,-10000.000000,-10000.000000,-10000.000000
53.504308,1,2.000000,128.003952,-0.002004,-0.001975,1.000000,1.000000,1.000000,1.000000,0.200000,270.713989,0.000000,0.000000,0.200000,135.946930,-0.800000,0.300000,0.000000,-10000.000000,-10000.000000,-10000.000000
53.544335,1,2.000000,128.003952,-0.001952,-0.001923,1.000000,1.000000,1.000000,1.000000,0.200000,270.752991,0.000000,0.000000,0.200000,135.946930,-0.800000,0.300000,0.000000,-10000.000000,-10000.000000,-10000.000000
53.584705,1,2.000000,128.003952,-0.001901,-0.001872,1.000000,1.000000,1.000000,1.000000,0.200000,270.795990,0.000000,0.000000,0.200000,135.946930,-0.800000,0.300000,0.000000,-10000.000000,-10000.000000,-10000.000000
53.625747,1,2.000000,128.003952,-0.001851,-0.001823,1.000000,1.000000,1.000000,1.000000,0.200000,271.104004,0.000000,0.000000,0.200000,135.946930,-0.800000,0.300000,0.000000,-10000.000000,-10000.000000,-10000.000000
53.666911,1,2.000000,128.003952,-0.001803,-0.001775,1.000000,1.000000,1.000000,1.000000,0.200000,271.533997,0.000000,0.000000,0.200000,135.946930,-0.800000,0.300000,0.000000,-10000.000000,-10000.000000,-10000.000000
53.706140,1,2.000000,128.003952,-0.001756,-0.001729,1.000000,1.000000,1.000000,1.000000,0.200000,270.916992,0.000000,0.000000,0.200000,135.946930,-0.800000,0.300000,0.000000,-10000.000000,-10000.000000,-10000.000000
53.747122,1,2.000000,128.003952,-0.001711,-0.001684,1.000000,1.000000,1.000000,1.000000,0.200000,270.959991,0.000000,0.000000,0.200000,135.946930,-0.800000,0.300000,0.000000,-10000.000000,-10000.000000,-10000.000000
53.786817,1,2.000000,128.003952,-0.001667,-0.001640,1.000000,1.000000,1.000000,1.000000,0.200000,271.000000,0.000000,0.000000,0.200000,135.946930,-0.800000,0.300000,0.000000,-10000.000000,-10000.000000,-10000.000000
53.832352,1,2.000000,128.003952,-0.001624,-0.001598,1.000000,1.000000,1.000000,1.000000,0.200000,271.040009,0.000000,0.000000,0.200000,135.946930,-0.800000,0.300000,0.000000,-10000.000000,-10000.000000,-10000.000000
53.869169,1,2.000000,128.003952,-0.001582,-0.001556,1.000000,1.000000,1.000000,1.000000,0.200000,271.075989,0.000000,0.000000,0.200000,135.946930,-0.800000,0.300000,0.000000,-10000.000000,-10000.000000,-10000.000000
53.902810,1,2.000000,128.003952,-0.001542,-0.001516,1.000000,1.000000,1.000000,1.000000,0.200000,271.117004,0.000000,0.000000,0.200000,135.946930,-0.800000,0.300000,0.000000,-10000.000000,-10000.000000,-10000.000000
53.946231,1,2.000000,128.003952,-0.001503,-0.001477,1.000000,1.000000,1.000000,1.000000,0.200000,271.156006,0.000000,0.000000,0.200000,135.946930,-0.800000,0.300000,0.000000,-10000.000000,-10000.000000,-10000.000000
53.984279,1,2.000000,128.003952,-0.001464,-0.001439,1.000000,1.000000,1.000000,1.000000,0.200000,271.200989,0.000000,0.000000,0.200000,135.946930,-0.800000,0.300000,0.000000,-10000.000000,-10000.000000,-10000.000000
54.033668,1,2.000000,128.003952,-0.001427,-0.001403,1.000000,1.000000,1.000000,1.000000,0.200000,271.237000,0.000000,0.000000,0.200000,135.946930,-0.800000,0.300000,0.000000,-10000.000000,-10000.000000,-10000.000000
54.072237,1,2.000000,128.003952,-0.001391,-0.001367,1.000000,1.000000,1.000000,1.000000,0.200000,271.285004,0.000000,0.000000,0.200000,135.946930,-0.800000,0.300000,0.000000,-10000.000000,-10000.000000,-10000.000000
54.107871,1,2.000000,128.003952,-0.001356,-0.001332,1.000000,1.000000,1.000000,1.000000,0.200000,271.320007,0.000000,0.000000,0.200000,135.946930,-0.800000,0.300000,0.000000,-10000.000000,-10000.000000,-10000.000000
54.147402,1,2.000000,128.003952,-0.001322,-0.001298,1.000000,1.000000,1.000000,1.000000,0.200000,271.364014,0.000000,0.000000,0.200000,135.946930,-0.800000,0.300000,0.000000,-10000.000000,-10000.000000,-10000.000000
54.188351,1,2.000000,128.003952,-0.001289,-0.001266,1.000000,1.000000,1.000000,1.000000,0.200000,271.399994,0.000000,0.000000,0.200000,135.946930,-0.800000,0.300000,0.000000,-10000.000000,-10000.000000,-10000.000000
54.228103,1,2.000000,128.003952,-0.001256,-0.001234,1.000000,1.000000,1.000000,1.000000,0.200000,271.433990,0.000000,0.000000,0.200000,135.946930,-0.800000,0.300000,0.000000,-10000.000000,-10000.000000,-10000.000000
54.268696,1,2.000000,128.003952,-0.001225,-0.001203,1.000000,1.000000,1.000000,1.000000,0.200000,271.476013,0.000000,0.000000,0.200000,135.946930,-0.800000,0.300000,0.000000,-10000.000000,-10000.000000,-10000.000000
54.310392,1,2.000000,128.003952,-0.001194,-0.001173,1.000000,1.000000,1.000000,1.000000,0.200000,271.520996,0.000000,0.000000,0.200000,135.946930,-0.800000,0.300000,0.000000,-10000.000000,-10000.000000,-10000.000000
54.344875,1,2.000000,128.003952,-0.001165,-0.001143,1.000000,1.000000,1.000000,1.000000,0.200000,271.562012,0.000000,0.000000,0.200000,135.946930,-0.800000,0.300000,0.000000,-10000.000000,-10000.000000,-10000.000000
54.387950,1,2.000000,128.003952,-0.001136,-0.001115,1.000000,1.000000,1.000000,1.000000,0.200000,271.601013,0.000000,0.000000,0.200000,135.946930,-0.800000,0.300000,0.000000,-10000.000000,-10000.000000,-10000.000000
54.425933,1,2.000000,128.003952,-0.001108,-0.001087,1.000000,1.000000,1.000000,1.000000,0.200000,271.635010,0.000000,0.000000,0.200000,135.946930,-0.800000,0.300000,0.000000,-10000.000000,-10000.000000,-10000.000000
54.465327,1,2.000000,128.003952,-0.001080,-0.001060,1.000000,1.000000,1.000000,1.000000,0.200000,271.677002,0.000000,0.000000,0.200000,135.946930,-0.800000,0.300000,0.000000,-10000.000000,-10000.000000,-10000.000000
