0.000000,-1.000000,173.000000,0.000000,0.000000,0.000000,-0.000000,-0.000000,-0.000000,1.400000,-0.000000,-0.000000,-0.000000,-5.900000,
0.072278,-30.000000,42.000000,-6.000000,8.400000,1.000000,-0.002520,-0.004130,-0.004130,1.300000,0.001800,0.002946,0.002946,-5.000000,
0.124695,-33.000000,40.000000,-11.400000,14.719999,1.000000,-0.004416,-0.007168,-0.007168,1.300000,0.003420,0.005546,0.005546,-4.000000,
0.171098,-33.000000,40.000000,-15.719999,19.775999,1.000000,-0.005933,-0.009537,-0.009537,1.300000,0.004716,0.007573,0.007573,-3.400000,
0.204844,-33.000000,40.000000,-19.175999,23.820799,1.000000,-0.007146,-0.011372,-0.011372,1.300000,0.005753,0.009142,0.009142,-3.100000,
0.264717,-34.000000,38.000000,-22.140799,26.656639,1.000000,-0.007997,-0.012585,-0.012585,1.500000,0.006642,0.010447,0.010447,-2.300000,
0.295465,-33.000000,36.000000,-24.312639,28.525311,1.000000,-0.008558,-0.013306,-0.013306,1.400000,0.007294,0.011344,0.011344,-2.000000,
0.334965,-33.000000,36.000000,-26.050112,30.020248,1.000000,-0.009006,-0.013836,-0.013836,1.500000,0.007815,0.012016,0.012016,-1.800000,
0.375984,-31.000000,34.000000,-27.040089,30.816198,1.000000,-0.009245,-0.014017,-0.014017,1.500000,0.008112,0.012314,0.012314,-1.700000,
0.414070,-31.000000,29.000000,-27.832071,30.452959,1.000000,-0.009136,-0.013630,-0.013630,1.500000,0.008350,0.012515,0.012515,-1.600000,
0.457063,-27.000000,29.000000,-27.665657,30.162367,1.000000,-0.009049,-0.013289,-0.013289,1.500000,0.008300,0.012246,0.012246,-1.500000,
0.497242,-16.000000,23.000000,-25.332525,28.729893,1.000000,-0.008619,-0.012399,-0.012399,1.600000,0.007600,0.010921,0.010921,-1.500000,
0.534473,-14.000000,21.000000,-23.066021,27.183914,1.000000,-0.008155,-0.011473,-0.011473,1.500000,0.006920,0.009654,0.009654,-1.400000,
0.576153,-12.000000,17.000000,-20.852818,25.147131,1.000000,-0.007544,-0.010325,-0.010325,1.500000,0.006256,0.008438,0.008438,-1.500000,
0.615159,-13.000000,15.000000,-19.282253,23.117704,1.000000,-0.006935,-0.009203,-0.009203,1.600000,0.005785,0.007561,0.007561,-1.600000,
0.655692,-13.000000,14.000000,-18.025803,21.294163,1.000000,-0.006388,-0.008203,-0.008203,1.500000,0.005408,0.006857,0.006857,-1.800000,
0.695487,-14.000000,13.000000,-17.220642,19.635330,1.000000,-0.005891,-0.007303,-0.007303,1.500000,0.005166,0.006389,0.006389,-2.500000,
0.735331,59.000000,197.000000,-16.876228,19.242624,0.000000,-0.005773,-0.007042,-0.007042,1.600000,0.005063,0.006157,0.006157,-3.600000,
0.778519,-16.000000,8.000000,-16.700983,16.994099,1.000000,-0.005098,-0.005873,-0.005873,1.700000,0.005010,0.006016,0.006016,-4.700000,
0.815238,-10000.000000,-10000.000000,-16.366962,16.654217,0.000000,-0.004996,-0.005663,-0.005663,1.800000,0.004910,0.005800,0.005800,-5.500000,
0.857130,-41.000000,137.000000,-16.039623,16.321133,0.000000,-0.004896,-0.005461,-0.005461,1.800000,0.004812,0.005592,0.005592,-6.100000,
0.895183,-27.000000,4.000000,-18.231699,13.856906,1.000000,-0.004157,-0.004211,-0.004211,1.700000,0.005470,0.006632,0.006632,-6.500000,
0.935872,-70.000000,134.000000,-17.867065,13.579768,0.000000,-0.004074,-0.004059,-0.004059,1.800000,0.005360,0.006398,0.006398,-6.700000,
0.976985,4.000000,200.000000,-17.509724,13.308173,0.000000,-0.003992,-0.003912,-0.003912,1.800000,0.005253,0.006172,0.006172,-6.900000,
1.015098,4.000000,200.000000,-17.159529,13.042009,0.000000,-0.003913,-0.003770,-0.003770,1.800000,0.005148,0.005955,0.005955,-6.900000,
1.054553,-53.000000,3.000000,-24.327621,11.033607,1.000000,-0.003310,-0.002767,-0.002767,1.800000,0.007298,0.009446,0.009446,-6.900000,
1.095599,-57.000000,2.000000,-30.862097,9.226886,1.000000,-0.002768,-0.001872,-0.001872,1.700000,0.009259,0.012574,0.012574,-6.800000,
1.134455,-13.000000,199.000000,-30.244854,9.042348,0.000000,-0.002713,-0.001790,-0.001790,1.800000,0.009073,0.012138,0.012138,-6.500000,
1.175789,-62.000000,0.000000,-36.595882,7.233878,1.000000,-0.002170,-0.000904,-0.000904,1.700000,0.010979,0.015142,0.015142,-6.000000,
1.215729,-64.000000,-2.000000,-42.076706,5.387103,1.000000,-0.001616,-0.000007,-0.000007,1.700000,0.012623,0.017678,0.017678,-5.600000,
1.255717,-107.000000,122.000000,-41.235172,5.279361,0.000000,-0.001584,0.000019,0.000019,1.600000,0.012371,0.017067,0.017067,-5.000000,
1.295682,-64.000000,-6.000000,-45.788139,3.023489,1.000000,-0.000907,0.001107,0.001107,1.600000,0.013736,0.019128,0.019128,-4.500000,
1.334017,-60.000000,-8.000000,-48.630512,0.818791,1.000000,-0.000246,0.002157,0.002157,1.600000,0.014589,0.020322,0.020322,-4.100000,
1.376334,-57.000000,-9.000000,-50.304409,-1.144967,1.000000,0.000343,0.003074,0.003074,1.600000,0.015091,0.020929,0.020929,-3.800000,
1.413854,-54.000000,-10.000000,-51.043526,-2.915974,1.000000,0.000875,0.003884,0.003884,1.500000,0.015313,0.021074,0.021074,-3.500000,
1.456546,-26.000000,192.000000,-50.022655,-2.857655,0.000000,0.000857,0.003782,0.003782,1.400000,0.015007,0.020354,0.020354,-3.400000,
1.495699,-26.000000,192.000000,-45.218124,36.113876,1.000000,-0.010834,-0.015479,-0.015479,1.400000,0.013565,0.017751,0.017751,-3.300000,
1.534481,-44.000000,-14.000000,-44.974499,26.091101,1.000000,-0.007827,-0.010329,-0.010329,1.300000,0.013492,0.017448,0.017448,-3.400000,
1.576091,-42.000000,-15.000000,-44.379601,17.872879,1.000000,-0.005362,-0.006151,-0.006151,1.400000,0.013314,0.016988,0.016988,-3.400000,
1.616218,-22.000000,130.000000,-43.492008,17.515421,0.000000,-0.005255,-0.005910,-0.005910,1.400000,0.013048,0.016396,0.016396,-3.500000,
1.654885,-36.000000,-19.000000,-41.993607,10.212337,1.000000,-0.003064,-0.002256,-0.002256,1.400000,0.012598,0.015523,0.015523,-3.700000,
1.696230,-36.000000,-20.000000,-40.794884,4.169870,1.000000,-0.001251,0.000720,0.000720,1.500000,0.012238,0.014819,0.014819,-3.900000,
1.734641,-94.000000,103.000000,-39.978985,4.086473,0.000000,-0.001226,0.000717,0.000717,1.400000,0.011994,0.014316,0.014316,-4.100000,
1.775122,-93.000000,102.000000,-39.179405,4.004743,0.000000,-0.001201,0.000712,0.000712,1.300000,0.011754,0.013832,0.013832,-4.300000,
1.813875,-38.000000,-23.000000,-38.943523,-1.396205,1.000000,0.000419,0.003328,0.003328,1.200000,0.011683,0.013640,0.013640,-4.400000,
1.854809,-93.000000,103.000000,-38.164654,-1.368281,0.000000,0.000410,0.003232,0.003232,1.100000,0.011449,0.013185,0.013185,-4.600000,
1.894535,-11.000000,181.000000,-32.731724,35.105373,1.000000,-0.010532,-0.014809,-0.014809,1.100000,0.009820,0.010412,0.010412,-4.700000,
1.934437,-43.000000,-25.000000,-34.785378,23.084299,1.000000,-0.006925,-0.008701,-0.008701,1.000000,0.010436,0.011381,0.011381,-4.700000,
1.975499,-44.000000,-26.000000,-36.628304,13.267440,1.000000,-0.003980,-0.003772,-0.003772,0.900000,0.010988,0.012242,0.012242,-4.700000,
2.015711,-47.000000,-28.000000,-35.895737,13.002091,0.000000,-0.003901,-0.003622,-0.003622,0.800000,0.010769,0.011823,0.011823,-4.400000,
2.056479,-47.000000,-29.000000,-38.116589,4.601673,1.000000,-0.001381,0.000532,0.000532,0.700000,0.011435,0.012874,0.012874,-4.200000,
2.095975,-48.000000,-30.000000,-40.093269,-2.318662,1.000000,0.000696,0.003896,0.003896,0.900000,0.012028,0.013796,0.013796,-3.800000,
2.136108,-46.000000,-32.000000,-41.274616,-8.254930,1.000000,0.002476,0.006727,0.006727,0.900000,0.012382,0.014320,0.014320,-3.300000,
2.174914,-45.000000,-33.000000,-42.019691,-13.203943,1.000000,0.003961,0.009033,0.009033,0.900000,0.012606,0.014627,0.014627,-3.100000,
2.214376,-42.000000,-32.000000,-42.015755,-16.963154,1.000000,0.005089,0.010721,0.010721,1.000000,0.012605,0.014566,0.014566,-2.900000,
2.253996,-37.000000,-32.000000,-41.012604,-19.970524,1.000000,0.005991,0.012016,0.012016,1.000000,0.012304,0.014017,0.014017,-2.900000,
2.295421,-36.000000,-32.000000,-40.010082,-22.376419,1.000000,0.006713,0.012999,0.012999,1.100000,0.012003,0.013480,0.013480,-3.000000,
2.334589,-34.000000,-32.000000,-38.808067,-24.301136,1.000000,0.007290,0.013734,0.013734,1.100000,0.011642,0.012855,0.012855,-3.300000,
2.374809,-34.000000,-32.000000,-37.846455,-25.840908,1.000000,0.007752,0.014273,0.014273,1.200000,0.011354,0.012361,0.012361,-3.600000,
2.414294,-10000.000000,-10000.000000,-37.089527,-25.324089,0.000000,0.007597,0.013795,0.013795,1.100000,0.011127,0.011974,0.011974,-3.700000,
2.454473,-36.000000,-31.000000,-36.347736,-24.817608,0.000000,0.007445,0.013334,0.013334,1.100000,0.010904,0.011600,0.011600,-3.900000,
2.495405,-64.000000,105.000000,-35.620781,-24.321257,0.000000,0.007296,0.012889,0.012889,1.200000,0.010686,0.011238,0.011238,-3.900000,
2.535266,-38.000000,-31.000000,-36.096626,-25.657005,1.000000,0.007697,0.013358,0.013358,1.100000,0.010829,0.011475,0.011475,-3.600000,
2.576561,-39.000000,-31.000000,-36.677299,-26.725605,1.000000,0.008018,0.013693,0.013693,1.100000,0.011003,0.011761,0.011761,-3.300000,
2.615361,-40.000000,-31.000000,-37.341839,-27.580484,1.000000,0.008274,0.013924,0.013924,1.100000,0.011203,0.012084,0.012084,-3.300000,
2.655408,-39.000000,-30.000000,-37.673470,-28.064388,1.000000,0.008419,0.013973,0.013973,1.100000,0.011302,0.012239,0.012239,-3.400000,
2.694748,-38.000000,-30.000000,-37.738777,-28.451511,1.000000,0.008535,0.013978,0.013978,1.100000,0.011322,0.012260,0.012260,-3.600000,
2.735175,-10000.000000,-10000.000000,-36.984001,-27.882481,0.000000,0.008365,0.013515,0.013515,1.200000,0.011095,0.011877,0.011877,-3.800000,
2.775631,-34.000000,-30.000000,-36.387199,-28.305984,1.000000,0.008492,0.013552,0.013552,1.200000,0.010916,0.011578,0.011578,-4.000000,
2.815199,-33.000000,-30.000000,-35.709759,-28.644787,1.000000,0.008593,0.013551,0.013551,1.300000,0.010713,0.011245,0.011245,-3.900000,
2.856226,-33.000000,-30.000000,-35.167809,-28.915829,1.000000,0.008675,0.013519,0.013519,1.400000,0.010550,0.010982,0.010982,-3.800000,
2.896253,-34.000000,-30.000000,-34.934246,-29.132664,1.000000,0.008740,0.013465,0.013465,1.300000,0.010480,0.010876,0.010876,-3.700000,
2.936451,-10000.000000,-10000.000000,-34.235561,-28.550011,0.000000,0.008565,0.013021,0.013021,1.300000,0.010271,0.010541,0.010541,-3.400000,
2.974470,-36.000000,-28.000000,-34.588448,-28.440008,1.000000,0.008532,0.012820,0.012820,1.300000,0.010377,0.010729,0.010729,-3.000000,
3.014339,-36.000000,-28.000000,-34.870758,-28.352007,1.000000,0.008506,0.012637,0.012637,1.300000,0.010461,0.010878,0.010878,-2.800000,
3.056731,-37.000000,-27.000000,-35.296608,-28.081606,1.000000,0.008424,0.012371,0.012371,1.300000,0.010589,0.011095,0.011095,-2.500000,
3.094782,-35.000000,-26.000000,-35.237286,-27.665285,1.000000,0.008300,0.012040,0.012040,1.300000,0.010571,0.011069,0.011069,-2.200000,
3.134309,-10000.000000,-10000.000000,-34.532539,-27.111979,0.000000,0.008134,0.011649,0.011649,1.200000,0.010360,0.010725,0.010725,-2.000000,
3.175385,-28.000000,-24.000000,-33.226032,-26.489582,1.000000,0.007947,0.011231,0.011231,1.100000,0.009968,0.010089,0.010089,-1.800000,
3.214560,-46.000000,112.000000,-32.561512,-25.959791,0.000000,0.007788,0.010867,0.010867,1.000000,0.009768,0.009779,0.009779,-1.600000,
3.254365,-23.000000,-23.000000,-30.649210,-25.367832,1.000000,0.007610,0.010478,0.010478,0.700000,0.009195,0.008857,0.008857,-1.500000,
3.294958,-22.000000,-22.000000,-28.919369,-24.694265,1.000000,0.007408,0.010056,0.010056,0.600000,0.008676,0.008038,0.008038,-1.500000,
3.333879,-20.000000,-22.000000,-27.135494,-24.155413,1.000000,0.007247,0.009707,0.009707,0.400000,0.008141,0.007203,0.007203,-1.500000,
3.376081,-19.000000,-22.000000,-26.592785,-23.672304,0.000000,0.007102,0.009392,0.009392,0.200000,0.007978,0.006990,0.006990,-1.700000,
3.415992,-19.000000,-22.000000,-26.060928,-23.198858,0.000000,0.006960,0.009089,0.009089,0.300000,0.007818,0.006784,0.006784,-2.200000,
3.455069,-19.000000,-22.000000,-25.539709,-22.734880,0.000000,0.006820,0.008795,0.008795,0.300000,0.007662,0.006585,0.006585,-2.400000,
3.496443,-10000.000000,-10000.000000,-25.028915,-22.280182,0.000000,0.006684,0.008512,0.008512,0.200000,0.007509,0.006392,0.006392,-3.100000,
3.536719,-16.000000,-23.000000,-23.223133,-22.424145,1.000000,0.006727,0.008527,0.008527,0.400000,0.006967,0.005563,0.005563,-3.800000,
3.576324,-15.000000,-23.000000,-21.578506,-22.539316,1.000000,0.006762,0.008528,0.008528,0.800000,0.006474,0.004824,0.004824,-4.400000,
3.615155,-16.000000,-23.000000,-20.462805,-22.631453,1.000000,0.006789,0.008518,0.008518,1.000000,0.006139,0.004356,0.004356,-4.800000,
3.656455,-21.000000,-20.000000,-20.570244,-22.105162,1.000000,0.006632,0.008205,0.008205,1.200000,0.006171,0.004494,0.004494,-5.000000,
3.696545,-50.000000,120.000000,-20.158838,-21.663059,0.000000,0.006499,0.007939,0.007939,1.400000,0.006048,0.004372,0.004372,-5.200000,
3.734807,-35.000000,-13.000000,-19.755661,-21.229797,0.000000,0.006369,0.007683,0.007683,1.400000,0.005927,0.004254,0.004254,-5.200000,
3.777384,-38.000000,-9.000000,-23.404530,-18.783838,1.000000,0.005635,0.006444,0.006444,1.500000,0.007021,0.006128,0.006128,-4.500000,
3.817428,208.000000,142.000000,-22.936440,-18.408161,0.000000,0.005522,0.006243,0.006243,1.200000,0.006881,0.005945,0.005945,-3.100000,
3.858588,-10000.000000,-10000.000000,-22.477711,-18.039997,0.000000,0.005412,0.006049,0.006049,0.900000,0.006743,0.005768,0.005768,-2.700000,
3.897155,-10000.000000,-10000.000000,-22.028156,-17.679197,0.000000,0.005304,0.005862,0.005862,1.000000,0.006608,0.005597,0.005597,-2.300000,
3.936368,-42.000000,1.000000,-26.022526,-13.943357,1.000000,0.004183,0.004020,0.004020,1.100000,0.007807,0.007611,0.007611,-2.000000,
3.977202,-33.000000,4.000000,-27.418020,-10.354686,1.000000,0.003106,0.002279,0.002279,0.900000,0.008225,0.008311,0.008311,-1.900000,
4.015946,-33.000000,4.000000,-28.534416,-7.483748,1.000000,0.002245,0.000918,0.000918,1.000000,0.008560,0.008860,0.008860,-1.600000,
4.055655,-33.000000,4.000000,-29.427532,-5.186999,1.000000,0.001556,-0.000140,-0.000140,1.000000,0.008828,0.009289,0.009289,-1.600000,
4.094760,-27.000000,3.000000,-28.942026,-3.549599,1.000000,0.001065,-0.000859,-0.000859,1.000000,0.008683,0.009032,0.009032,-1.600000,
4.134745,-27.000000,3.000000,-28.553621,-2.239679,1.000000,0.000672,-0.001409,-0.001409,1.100000,0.008566,0.008826,0.008826,-1.500000,
4.177069,-24.000000,3.000000,-27.642897,-1.191743,1.000000,0.000358,-0.001825,-0.001825,1.100000,0.008293,0.008365,0.008365,-1.600000,
4.214720,-20.000000,7.000000,-26.114317,0.446605,1.000000,-0.000134,-0.002529,-0.002529,1.000000,0.007834,0.007606,0.007606,-1.500000,
4.255868,-16.000000,13.000000,-24.091454,2.957284,1.000000,-0.000887,-0.003656,-0.003656,1.100000,0.007227,0.006613,0.006613,-1.600000,
4.295271,-16.000000,13.000000,-22.473164,4.965827,1.000000,-0.001490,-0.004523,-0.004523,1.100000,0.006742,0.005832,0.005832,-1.600000,
4.336070,74.000000,195.000000,-22.023701,4.866510,0.000000,-0.001460,-0.004343,-0.004343,1.300000,0.006607,0.005638,0.005638,-1.600000,
4.375847,-22.000000,150.000000,-21.583227,4.769180,0.000000,-0.001431,-0.004170,-0.004170,1.400000,0.006475,0.005451,0.005451,-1.700000,
4.414344,-16.000000,19.000000,-20.466581,7.615344,1.000000,-0.002285,-0.005452,-0.005452,1.400000,0.006140,0.004931,0.004931,-1.700000,
4.455937,-16.000000,23.000000,-19.573265,10.692275,1.000000,-0.003208,-0.006832,-0.006832,1.400000,0.005872,0.004526,0.004526,-1.700000,
4.494764,-16.000000,26.000000,-18.858612,13.753820,1.000000,-0.004126,-0.008188,-0.008188,1.500000,0.005658,0.004211,0.004211,-1.800000,
4.534450,-17.000000,30.000000,-18.486889,17.003056,1.000000,-0.005101,-0.009619,-0.009619,1.500000,0.005546,0.004065,0.004065,-1.800000,
4.576057,-18.000000,33.000000,-18.389511,20.202444,1.000000,-0.006061,-0.011009,-0.011009,1.600000,0.005517,0.004054,0.004054,-1.800000,
4.614224,-18.000000,37.000000,-18.311609,23.561954,1.000000,-0.007069,-0.012461,-0.012461,1.700000,0.005493,0.004048,0.004048,-1.800000,
4.655463,-18.000000,37.000000,-18.249287,26.249563,1.000000,-0.007875,-0.013564,-0.013564,1.700000,0.005475,0.004047,0.004047,-1.800000,
4.694599,-19.000000,40.000000,-18.399429,28.999651,1.000000,-0.008700,-0.014687,-0.014687,1.800000,0.005520,0.004148,0.004148,-1.800000,
4.734406,-19.000000,43.000000,-18.519543,31.799721,1.000000,-0.009540,-0.015823,-0.015823,1.700000,0.005556,0.004229,0.004229,-1.800000,
4.776073,-20.000000,45.000000,-18.815634,34.439777,1.000000,-0.010332,-0.016869,-0.016869,1.800000,0.005645,0.004393,0.004393,-1.700000,
4.815944,-20.000000,45.000000,-19.052507,36.551823,1.000000,-0.010966,-0.017644,-0.017644,1.800000,0.005716,0.004524,0.004524,-1.700000,
4.854574,-21.000000,51.000000,-19.442005,39.441460,1.000000,-0.011832,-0.018797,-0.018797,1.800000,0.005833,0.004725,0.004725,-1.800000,
4.894560,-22.000000,53.000000,-19.953604,42.153168,1.000000,-0.012646,-0.019850,-0.019850,1.900000,0.005986,0.004981,0.004981,-1.800000,
4.933588,-22.000000,58.000000,-20.362883,45.322533,1.000000,-0.013597,-0.021119,-0.021119,1.900000,0.006109,0.005180,0.005180,-1.800000,
4.975434,-23.000000,60.000000,-20.890306,48.258026,1.000000,-0.014477,-0.022260,-0.022260,1.900000,0.006267,0.005431,0.005431,-1.800000,
5.013860,-24.000000,65.000000,-21.512245,51.606422,1.000000,-0.015482,-0.023594,-0.023594,1.900000,0.006454,0.005723,0.005723,-1.800000,
5.055794,-25.000000,67.000000,-22.209797,54.685139,1.000000,-0.016406,-0.024781,-0.024781,2.000000,0.006663,0.006046,0.006046,-1.800000,
5.094173,-26.000000,69.000000,-22.967838,57.548111,1.000000,-0.017264,-0.025852,-0.025852,2.000000,0.006890,0.006391,0.006391,-1.700000,
5.134148,-26.000000,69.000000,-23.574270,59.838490,1.000000,-0.017952,-0.026632,-0.026632,1.900000,0.007072,0.006656,0.006656,-1.800000,
5.176016,-28.000000,74.000000,-24.459415,62.670792,1.000000,-0.018801,-0.027674,-0.027674,2.000000,0.007338,0.007053,0.007053,-1.800000,
5.213837,-28.000000,77.000000,-25.167532,65.536636,1.000000,-0.019661,-0.028725,-0.028725,2.000000,0.007550,0.007355,0.007355,-1.800000,
5.256405,-30.000000,82.000000,-26.134026,68.829308,1.000000,-0.020649,-0.029977,-0.029977,2.100000,0.007840,0.007778,0.007778,-1.800000,
5.295712,-30.000000,84.000000,-26.907221,71.863449,1.000000,-0.021559,-0.031092,-0.031092,2.100000,0.008072,0.008098,0.008098,-1.800000,
5.336539,-32.000000,89.000000,-27.925777,75.290756,1.000000,-0.022587,-0.032391,-0.032391,2.100000,0.008378,0.008534,0.008534,-1.800000,
5.378715,-33.000000,91.000000,-28.940622,78.432602,1.000000,-0.023530,-0.033538,-0.033538,2.100000,0.008682,0.008960,0.008960,-1.800000,
5.417013,-34.000000,94.000000,-29.952497,81.546082,1.000000,-0.024464,-0.034663,-0.034663,2.200000,0.008986,0.009377,0.009377,-1.800000,
5.457478,-36.000000,99.000000,-31.161999,85.036865,1.000000,-0.025511,-0.035965,-0.035965,2.200000,0.009349,0.009884,0.009884,-1.800000,
5.495393,-38.000000,102.000000,-32.529598,88.429489,1.000000,-0.026529,-0.037208,-0.037208,2.200000,0.009759,0.010461,0.010461,-1.800000,
5.534837,-39.000000,104.000000,-33.823677,91.543594,1.000000,-0.027463,-0.038303,-0.038303,2.200000,0.010147,0.010993,0.010993,-1.800000,
5.579343,-41.000000,109.000000,-35.258942,95.034874,1.000000,-0.028510,-0.039577,-0.039577,2.300000,0.010578,0.011587,0.011587,-1.800000,
5.616794,-42.000000,112.000000,-36.607155,98.427902,1.000000,-0.029528,-0.040793,-0.040793,2.400000,0.010982,0.012128,0.012128,-1.800000,
5.658836,-43.000000,114.000000,-37.885723,101.542320,1.000000,-0.030463,-0.041863,-0.041863,2.400000,0.011366,0.012628,0.012628,-1.900000,
5.696582,-45.000000,117.000000,-39.308578,104.633858,1.000000,-0.031390,-0.042915,-0.042915,2.500000,0.011793,0.013191,0.013191,-1.900000,
5.737866,-46.000000,119.000000,-40.646862,107.507088,1.000000,-0.032252,-0.043853,-0.043853,2.400000,0.012194,0.013706,0.013706,-1.900000,
5.777938,-47.000000,122.000000,-41.917488,110.405670,1.000000,-0.033122,-0.044801,-0.044801,2.500000,0.012575,0.014181,0.014181,-2.000000,
5.817879,-49.000000,125.000000,-43.333992,113.324539,1.000000,-0.033997,-0.045754,-0.045754,2.500000,0.013000,0.014722,0.014722,-2.000000,
5.859183,-50.000000,128.000000,-44.667194,116.259628,1.000000,-0.034878,-0.046710,-0.046710,2.500000,0.013400,0.015215,0.015215,-2.000000,
5.897783,-53.000000,133.000000,-46.333755,119.607704,1.000000,-0.035882,-0.047866,-0.047866,2.500000,0.013900,0.015866,0.015866,-2.000000,
5.936022,-56.000000,138.000000,-48.267006,123.286163,1.000000,-0.036986,-0.049177,-0.049177,2.500000,0.014480,0.016640,0.016640,-2.100000,
5.977773,-58.000000,140.000000,-50.213604,126.628929,1.000000,-0.037989,-0.050313,-0.050313,2.500000,0.015064,0.017410,0.017410,-2.100000,
6.018353,-59.000000,142.000000,-51.970882,129.703140,1.000000,-0.038911,-0.051311,-0.051311,2.600000,0.015591,0.018078,0.018078,-2.100000,
6.057069,-61.000000,-10000.000000,-50.931465,127.109077,0.000000,-0.038133,-0.049516,-0.049516,2.600000,0.015279,0.017367,0.017367,-2.200000,
6.094141,-64.000000,149.000000,-53.545174,131.487259,1.000000,-0.039446,-0.051190,-0.051190,2.700000,0.016064,0.018465,0.018465,-2.100000,
6.134293,-65.000000,152.000000,-55.836140,135.589813,1.000000,-0.040677,-0.052713,-0.052713,2.600000,0.016751,0.019390,0.019390,-2.200000,
6.175817,-67.000000,154.000000,-58.068913,139.271851,1.000000,-0.041782,-0.054016,-0.054016,2.700000,0.017421,0.020274,0.020274,-2.300000,
6.215108,-68.000000,156.000000,-60.055130,142.617477,1.000000,-0.042785,-0.055143,-0.055143,2.700000,0.018017,0.021025,0.021025,-2.300000,
6.255522,-70.000000,159.000000,-62.044106,145.893982,1.000000,-0.043768,-0.056231,-0.056231,2.700000,0.018613,0.021770,0.021770,-2.300000,
6.293970,-73.000000,163.000000,-64.235283,149.315186,1.000000,-0.044795,-0.057383,-0.057383,2.900000,0.019271,0.022605,0.022605,-2.300000,
6.334313,-73.000000,165.000000,-65.988228,152.452148,1.000000,-0.045736,-0.058390,-0.058390,2.900000,0.019796,0.023216,0.023216,-2.400000,
6.374998,-76.000000,168.000000,-67.990585,155.561722,1.000000,-0.046669,-0.059379,-0.059379,3.000000,0.020397,0.023944,0.023944,-2.400000,
6.414457,-76.000000,168.000000,-69.592468,158.049377,1.000000,-0.047415,-0.060058,-0.060058,3.000000,0.020878,0.024468,0.024468,-2.400000,
6.454433,-78.000000,170.000000,-71.273972,160.439499,1.000000,-0.048132,-0.060691,-0.060691,3.000000,0.021382,0.025028,0.025028,-2.400000,
6.494227,-79.000000,172.000000,-72.819176,162.751602,1.000000,-0.048825,-0.061287,-0.061287,3.000000,0.021846,0.025517,0.025517,-2.400000,
6.534336,-79.000000,172.000000,-74.055344,164.601288,1.000000,-0.049380,-0.061658,-0.061658,3.000000,0.022217,0.025852,0.025852,-2.400000,
6.576401,-81.000000,175.000000,-75.444275,166.681030,1.000000,-0.050004,-0.062149,-0.062149,3.000000,0.022633,0.026262,0.026262,-2.400000,
6.614409,-82.000000,177.000000,-76.755417,168.744827,1.000000,-0.050623,-0.062636,-0.062636,3.000000,0.023027,0.026633,0.026633,-2.400000,
6.655798,-82.000000,177.000000,-77.804337,170.395859,1.000000,-0.051119,-0.062924,-0.062924,3.000000,0.023341,0.026875,0.026875,-2.500000,
6.697052,-82.000000,177.000000,-78.643471,171.716690,1.000000,-0.051515,-0.063057,-0.063057,3.100000,0.023593,0.027015,0.027015,-2.500000,
6.736379,-87.000000,183.000000,-80.314774,173.973358,1.000000,-0.052192,-0.063660,-0.063660,3.100000,0.024094,0.027568,0.027568,-2.500000,
6.776250,-87.000000,183.000000,-81.651817,175.778687,1.000000,-0.052734,-0.064042,-0.064042,3.100000,0.024496,0.027953,0.027953,-2.500000,
6.814939,-87.000000,183.000000,-82.721451,177.222946,1.000000,-0.053167,-0.064252,-0.064252,3.100000,0.024816,0.028206,0.028206,-2.600000,
6.856118,-10000.000000,-10000.000000,-81.067024,173.678482,0.000000,-0.052104,-0.062017,-0.062017,3.100000,0.024320,0.027125,0.027125,-2.700000,
6.894523,-10000.000000,-10000.000000,-79.445686,170.204910,0.000000,-0.051061,-0.059863,-0.059863,3.200000,0.023834,0.026086,0.026086,-2.700000,
6.933821,-91.000000,188.000000,-81.756546,173.763931,1.000000,-0.052129,-0.061212,-0.061212,3.100000,0.024527,0.027002,0.027002,-2.700000,
6.975454,-10000.000000,-10000.000000,-80.121414,170.288651,0.000000,-0.051087,-0.059089,-0.059089,3.200000,0.024036,0.025970,0.025970,-2.700000,
7.014965,-10000.000000,-10000.000000,-78.518990,166.882874,0.000000,-0.050065,-0.057044,-0.057044,3.200000,0.023556,0.024978,0.024978,-2.700000,
7.055967,-10000.000000,-10000.000000,-76.948608,163.545212,0.000000,-0.049064,-0.055073,-0.055073,3.200000,0.023085,0.024026,0.024026,-2.700000,
7.094546,-10000.000000,-10000.000000,-75.409637,160.274307,0.000000,-0.048082,-0.053174,-0.053174,3.300000,0.022623,0.023110,0.023110,-2.700000,
7.135267,-10000.000000,-10000.000000,-73.901443,157.068817,0.000000,-0.047121,-0.051344,-0.051344,3.300000,0.022170,0.022231,0.022231,-2.800000,
7.176447,-10000.000000,-10000.000000,-72.423416,153.927444,0.000000,-0.046178,-0.049580,-0.049580,3.300000,0.021727,0.021386,0.021386,-2.800000,
7.216417,-10000.000000,-10000.000000,-70.974945,150.848892,0.000000,-0.045255,-0.047881,-0.047881,3.300000,0.021292,0.020574,0.020574,-2.800000,
7.254762,-10000.000000,-10000.000000,-69.555443,147.831909,0.000000,-0.044350,-0.046243,-0.046243,3.200000,0.020867,0.019794,0.019794,-2.800000,
7.295693,-10000.000000,-10000.000000,-68.164337,144.875275,0.000000,-0.043463,-0.044664,-0.044664,3.200000,0.020449,0.019044,0.019044,-2.700000,
7.334085,-10000.000000,-10000.000000,-66.801048,141.977768,0.000000,-0.042593,-0.043142,-0.043142,3.100000,0.020040,0.018324,0.018324,-2.700000,
7.375599,-10000.000000,-10000.000000,-65.465027,139.138214,0.000000,-0.041741,-0.041675,-0.041675,3.200000,0.019640,0.017631,0.017631,-2.700000,
7.416016,-10000.000000,-10000.000000,-64.155724,136.355453,0.000000,-0.040907,-0.040262,-0.040262,3.100000,0.019247,0.016966,0.016966,-2.700000,
7.456448,-10000.000000,-10000.000000,-62.872608,133.628342,0.000000,-0.040089,-0.038898,-0.038898,3.000000,0.018862,0.016326,0.016326,-2.700000,
7.494132,-10000.000000,-10000.000000,-61.615154,130.955780,0.000000,-0.039287,-0.037584,-0.037584,2.900000,0.018485,0.015711,0.015711,-2.600000,
7.535543,-10000.000000,-10000.000000,-60.382851,128.336670,0.000000,-0.038501,-0.036317,-0.036317,2.800000,0.018115,0.015121,0.015121,-2.500000,
7.577384,-10000.000000,-10000.000000,-59.175194,125.769936,0.000000,-0.037731,-0.035096,-0.035096,2.800000,0.017753,0.014553,0.014553,-2.500000,
7.615764,-10000.000000,-10000.000000,-57.991692,123.254539,0.000000,-0.036976,-0.033918,-0.033918,2.600000,0.017398,0.014007,0.014007,-2.400000,
7.655269,-10000.000000,-10000.000000,-56.831860,120.789452,0.000000,-0.036237,-0.032782,-0.032782,2.500000,0.017050,0.013482,0.013482,-2.400000,
7.696373,-10000.000000,-10000.000000,-55.695221,118.373665,0.000000,-0.035512,-0.031687,-0.031687,2.400000,0.016709,0.012978,0.012978,-2.200000,
7.734043,-10000.000000,-10000.000000,-54.581318,116.006195,0.000000,-0.034802,-0.030631,-0.030631,2.300000,0.016374,0.012493,0.012493,-2.200000,
7.775945,-10000.000000,-10000.000000,-53.489693,113.686073,0.000000,-0.034106,-0.029612,-0.029612,2.400000,0.016047,0.012027,0.012027,-2.200000,
7.815679,-10000.000000,-10000.000000,-52.419899,111.412354,0.000000,-0.033424,-0.028629,-0.028629,2.300000,0.015726,0.011578,0.011578,-2.200000,
7.854306,-10000.000000,-10000.000000,-51.371502,109.184105,0.000000,-0.032755,-0.027682,-0.027682,2.200000,0.015411,0.011148,0.011148,-2.100000,
7.894268,-10000.000000,-10000.000000,-50.344070,107.000420,0.000000,-0.032100,-0.026767,-0.026767,2.200000,0.015103,0.010733,0.010733,-2.100000,
7.934026,-10000.000000,-10000.000000,-49.337189,104.860413,0.000000,-0.031458,-0.025886,-0.025886,2.100000,0.014801,0.010335,0.010335,-2.100000,
7.976482,-10000.000000,-10000.000000,-48.350445,102.763206,0.000000,-0.030829,-0.025035,-0.025035,2.100000,0.014505,0.009952,0.009952,-2.100000,
8.014883,-10000.000000,-10000.000000,-47.383434,100.707939,0.000000,-0.030212,-0.024214,-0.024214,2.100000,0.014215,0.009583,0.009583,-2.000000,
8.054235,-10000.000000,-10000.000000,-46.435764,98.693779,0.000000,-0.029608,-0.023422,-0.023422,2.000000,0.013931,0.009229,0.009229,-2.000000,
8.095607,-10000.000000,-10000.000000,-45.507050,96.719902,0.000000,-0.029016,-0.022658,-0.022658,2.000000,0.013652,0.008889,0.008889,-2.000000,
8.134275,-10000.000000,-10000.000000,-44.596909,94.785507,0.000000,-0.028436,-0.021920,-0.021920,2.000000,0.013379,0.008561,0.008561,-2.000000,
8.176416,-10000.000000,-10000.000000,-43.704971,92.889793,0.000000,-0.027867,-0.021209,-0.021209,1.900000,0.013111,0.008246,0.008246,-2.000000,
8.214100,-10000.000000,-10000.000000,-42.830872,91.031998,0.000000,-0.027310,-0.020522,-0.020522,2.000000,0.012849,0.007943,0.007943,-2.100000,
8.255833,-10000.000000,-10000.000000,-41.974255,89.211357,0.000000,-0.026763,-0.019859,-0.019859,1.900000,0.012592,0.007652,0.007652,-2.100000,
8.294622,-10000.000000,-10000.000000,-41.134769,87.427132,0.000000,-0.026228,-0.019219,-0.019219,2.000000,0.012340,0.007371,0.007371,-2.100000,
8.334725,-10000.000000,-10000.000000,-40.312073,85.678589,0.000000,-0.025704,-0.018602,-0.018602,1.900000,0.012094,0.007102,0.007102,-2.200000,
8.376131,-10000.000000,-10000.000000,-39.505833,83.965019,0.000000,-0.025190,-0.018005,-0.018005,2.100000,0.011852,0.006842,0.006842,-3.200000,
8.414575,-10000.000000,-10000.000000,-38.715717,82.285721,0.000000,-0.024686,-0.017430,-0.017430,3.100000,0.011615,0.006593,0.006593,-6.700000,
8.455997,-10000.000000,-10000.000000,-37.941402,80.640007,0.000000,-0.024192,-0.016874,-0.016874,6.000000,0.011382,0.006353,0.006353,-11.100000,
8.494998,-10000.000000,-10000.000000,-37.182575,79.027206,0.000000,-0.023708,-0.016338,-0.016338,8.900000,0.011155,0.006122,0.006122,-13.700000,
8.534966,-10000.000000,-10000.000000,-36.438923,77.446663,0.000000,-0.023234,-0.015820,-0.015820,10.500000,0.010932,0.005900,0.005900,-15.700000,
8.575782,-10000.000000,-10000.000000,-35.710144,75.897728,0.000000,-0.022769,-0.015319,-0.015319,11.800000,0.010713,0.005686,0.005686,-16.600000,
8.614576,-10000.000000,-10000.000000,-34.995941,74.379776,0.000000,-0.022314,-0.014836,-0.014836,12.600000,0.010499,0.005480,0.005480,-17.200001,
8.653979,-10000.000000,-10000.000000,-34.296021,72.892181,0.000000,-0.021868,-0.014370,-0.014370,12.800000,0.010289,0.005282,0.005282,-17.700001,
8.694711,-10000.000000,-10000.000000,-33.610100,71.434341,0.000000,-0.021430,-0.013919,-0.013919,13.000000,0.010083,0.005092,0.005092,-18.100000,
8.734541,-10000.000000,-10000.000000,-32.937897,70.005653,0.000000,-0.021002,-0.013483,-0.013483,12.900000,0.009881,0.004908,0.004908,-18.700001,
8.777172,-10000.000000,-10000.000000,-32.279140,68.605537,0.000000,-0.020582,-0.013063,-0.013063,12.400000,0.009684,0.004732,0.004732,-18.799999,
8.814375,-10000.000000,-10000.000000,-31.633558,67.233429,0.000000,-0.020170,-0.012657,-0.012657,11.400000,0.009490,0.004562,0.004562,-18.400000,
8.856729,-10000.000000,-10000.000000,-31.000887,65.888763,0.000000,-0.019767,-0.012264,-0.012264,10.400000,0.009300,0.004399,0.004399,-17.700001,
8.895841,-10000.000000,-10000.000000,-30.380869,64.570992,0.000000,-0.019371,-0.011885,-0.011885,9.000000,0.009114,0.004242,0.004242,-16.200001,
8.934520,-10000.000000,-10000.000000,-29.773251,63.279572,0.000000,-0.018984,-0.011518,-0.011518,7.100000,0.008932,0.004090,0.004090,-13.500000,
8.975940,-10000.000000,-10000.000000,-29.177786,62.013981,0.000000,-0.018604,-0.011164,-0.011164,5.200000,0.008753,0.003945,0.003945,-11.000000,
9.014174,-10000.000000,-10000.000000,-28.594231,60.773701,0.000000,-0.018232,-0.010822,-0.010822,3.500000,0.008578,0.003805,0.003805,-8.200000,
9.054297,-10000.000000,-10000.000000,-28.022346,59.558228,0.000000,-0.017867,-0.010491,-0.010491,2.300000,0.008407,0.003670,0.003670,-6.000000,
9.094710,-10000.000000,-10000.000000,-27.461899,58.367062,0.000000,-0.017510,-0.010171,-0.010171,1.400000,0.008239,0.003540,0.003540,-4.400000,
9.135245,-10000.000000,-10000.000000,-26.912661,57.199722,0.000000,-0.017160,-0.009862,-0.009862,0.700000,0.008074,0.003414,0.003414,-2.700000,
9.175068,-10000.000000,-10000.000000,-26.374407,56.055729,0.000000,-0.016817,-0.009563,-0.009563,0.300000,0.007912,0.003294,0.003294,-1.900000,
9.214501,-10000.000000,-10000.000000,-25.846918,54.934616,0.000000,-0.016480,-0.009274,-0.009274,0.100000,0.007754,0.003178,0.003178,-1.100000,
9.255032,-10000.000000,-10000.000000,-25.329979,53.835922,0.000000,-0.016151,-0.008995,-0.008995,0.100000,0.007599,0.003066,0.003066,-0.900000,
9.294329,-10000.000000,-10000.000000,-24.823380,52.759205,0.000000,-0.015828,-0.008725,-0.008725,0.100000,0.007447,0.002959,0.002959,-0.500000,
9.335118,-10000.000000,-10000.000000,-24.326912,51.704021,0.000000,-0.015511,-0.008463,-0.008463,0.200000,0.007298,0.002855,0.002855,-0.300000,
9.375528,-10000.000000,-10000.000000,-23.840374,50.669941,0.000000,-0.015201,-0.008211,-0.008211,0.100000,0.007152,0.002755,0.002755,-0.200000,
9.415059,-10000.000000,-10000.000000,-23.363567,49.656544,0.000000,-0.014897,-0.007966,-0.007966,0.300000,0.007009,0.002659,0.002659,-0.100000,
9.456107,-10000.000000,-10000.000000,-22.896296,48.663414,0.000000,-0.014599,-0.007730,-0.007730,0.500000,0.006869,0.002567,0.002567,-0.000000,
9.495133,-10000.000000,-10000.000000,-22.438370,47.690147,0.000000,-0.014307,-0.007501,-0.007501,1.900000,0.006732,0.002478,0.002478,0.100000,
9.536349,-10000.000000,-10000.000000,-21.989603,46.736343,0.000000,-0.014021,-0.007280,-0.007280,3.500000,0.006597,0.002392,0.002392,0.100000,
9.575760,-10000.000000,-10000.000000,-21.549810,45.801617,0.000000,-0.013740,-0.007066,-0.007066,5.300000,0.006465,0.002309,0.002309,-0.000000,
9.614192,-10000.000000,-10000.000000,-21.118814,44.885586,0.000000,-0.013466,-0.006859,-0.006859,7.200000,0.006336,0.002229,0.002229,-0.000000,
9.655323,-10000.000000,-10000.000000,-20.696438,43.987873,0.000000,-0.013196,-0.006658,-0.006658,8.800000,0.006209,0.002153,0.002153,-0.200000,
9.694136,-10000.000000,-10000.000000,-20.282509,43.108116,0.000000,-0.012932,-0.006464,-0.006464,9.800000,0.006085,0.002079,0.002079,-0.200000,
9.734823,-10000.000000,-10000.000000,-19.876858,42.245953,0.000000,-0.012674,-0.006277,-0.006277,10.100000,0.005963,0.002007,0.002007,-0.200000,
9.775319,-10000.000000,-10000.000000,-19.479321,41.401035,0.000000,-0.012420,-0.006095,-0.006095,9.800000,0.005844,0.001939,0.001939,-0.200000,
9.814439,-10000.000000,-10000.000000,-19.089735,40.573013,0.000000,-0.012172,-0.005919,-0.005919,9.000000,0.005727,0.001873,0.001873,0.000000,
9.856819,-10000.000000,-10000.000000,-18.707941,39.761555,0.000000,-0.011928,-0.005749,-0.005749,7.800000,0.005612,0.001809,0.001809,0.000000,
9.895243,-10000.000000,-10000.000000,-18.333782,38.966324,0.000000,-0.011690,-0.005584,-0.005584,6.300000,0.005500,0.001747,0.001747,0.200000,
9.935042,-10000.000000,-10000.000000,-17.967106,38.186996,0.000000,-0.011456,-0.005424,-0.005424,4.900000,0.005390,0.001688,0.001688,0.100000,
9.975916,-10000.000000,-10000.000000,-17.607763,37.423256,0.000000,-0.011227,-0.005269,-0.005269,3.600000,0.005282,0.001631,0.001631,-0.100000,
10.014035,-10000.000000,-10000.000000,-17.255608,36.674789,0.000000,-0.011002,-0.005120,-0.005120,2.700000,0.005177,0.001576,0.001576,-0.100000,
10.054126,-10000.000000,-10000.000000,-16.910496,35.941292,0.000000,-0.010782,-0.004975,-0.004975,2.000000,0.005073,0.001523,0.001523,-0.300000,
10.094566,-24.000000,196.000000,-18.328396,67.953033,1.000000,-0.020386,-0.020946,-0.020946,1.700000,0.005499,0.002305,0.002305,-0.500000,
10.134352,-10000.000000,-10000.000000,-17.961828,66.593971,0.000000,-0.019978,-0.020244,-0.020244,1.300000,0.005389,0.002197,0.002197,-0.500000,
10.175365,-23.000000,188.000000,-18.969463,90.875175,1.000000,-0.027263,-0.032175,-0.032175,1.100000,0.005691,0.002742,0.002742,-0.500000,
10.216071,-22.000000,184.000000,-19.575571,109.500137,1.000000,-0.032850,-0.041142,-0.041142,1.000000,0.005873,0.003062,0.003062,-0.500000,
10.255059,-21.000000,181.000000,-19.860456,123.800110,1.000000,-0.037140,-0.047850,-0.047850,0.900000,0.005958,0.003207,0.003207,-0.600000,
10.295969,-20.000000,179.000000,-19.463247,121.324104,0.000000,-0.036397,-0.046206,-0.046206,0.900000,0.005839,0.003016,0.003016,-0.500000,
10.334017,-19.000000,177.000000,-19.370598,132.459290,1.000000,-0.039738,-0.051298,-0.051298,0.800000,0.005811,0.002968,0.002968,-0.400000,
10.375656,-18.000000,174.000000,-19.096478,140.767426,1.000000,-0.042230,-0.054930,-0.054930,0.600000,0.005729,0.002824,0.002824,-0.400000,
10.415349,-17.000000,171.000000,-18.677181,146.813934,1.000000,-0.044044,-0.057406,-0.057406,0.700000,0.005603,0.002606,0.002606,-0.400000,
10.454743,-10000.000000,-10000.000000,-18.303638,143.877655,0.000000,-0.043163,-0.055434,-0.055434,0.800000,0.005491,0.002418,0.002418,-0.500000,
10.494583,-18.000000,168.000000,-18.242910,148.702118,1.000000,-0.044611,-0.057325,-0.057325,0.800000,0.005473,0.002382,0.002382,-0.600000,
10.535174,-19.000000,167.000000,-18.394329,152.361694,1.000000,-0.045709,-0.058626,-0.058626,1.000000,0.005518,0.002450,0.002450,-0.700000,
10.575528,-20.000000,167.000000,-18.715464,155.289352,1.000000,-0.046587,-0.059557,-0.059557,1.200000,0.005615,0.002597,0.002597,-0.800000,
10.614997,-21.000000,166.000000,-19.172371,157.431488,1.000000,-0.047229,-0.060100,-0.060100,1.200000,0.005752,0.002809,0.002809,-0.900000,
10.657633,-22.000000,167.000000,-19.737896,159.345184,1.000000,-0.047804,-0.060533,-0.060533,1.500000,0.005921,0.003070,0.003070,-0.900000,
10.694648,-21.000000,166.000000,-19.990316,160.676147,1.000000,-0.048203,-0.060685,-0.060685,2.200000,0.005997,0.003173,0.003173,-0.900000,
10.736638,-21.000000,166.000000,-20.192253,161.740921,1.000000,-0.048522,-0.060714,-0.060714,3.400000,0.006058,0.003249,0.003249,-0.600000,
10.776645,-21.000000,167.000000,-20.353802,162.792740,1.000000,-0.048838,-0.060749,-0.060749,5.300000,0.006106,0.003305,0.003305,-0.300000,
10.813988,-10000.000000,-10000.000000,-19.946726,159.536880,0.000000,-0.047861,-0.058674,-0.058674,6.600000,0.005984,0.003084,0.003084,-0.300000,
10.855429,-10000.000000,-10000.000000,-19.547791,156.346146,0.000000,-0.046904,-0.056673,-0.056673,7.000000,0.005864,0.002875,0.002875,-0.300000,
10.894108,-10000.000000,-10000.000000,-19.156836,153.219223,0.000000,-0.045966,-0.054745,-0.054745,6.800000,0.005747,0.002676,0.002676,-0.700000,
10.937572,-10000.000000,-10000.000000,-18.773699,150.154846,0.000000,-0.045046,-0.052885,-0.052885,5.600000,0.005632,0.002488,0.002488,-0.900000,
10.979028,-10000.000000,-10000.000000,-18.398224,147.151749,0.000000,-0.044146,-0.051093,-0.051093,4.300000,0.005519,0.002309,0.002309,-1.000000,
11.016406,-14.000000,196.000000,-17.518579,156.921402,1.000000,-0.047076,-0.055623,-0.055623,3.400000,0.005256,0.001877,0.001877,-1.100000,
11.056673,-10000.000000,-10000.000000,-17.168207,153.782974,0.000000,-0.046135,-0.053738,-0.053738,2.600000,0.005150,0.001714,0.001714,-1.100000,
11.097758,-16.000000,166.000000,-16.934566,156.226379,1.000000,-0.046868,-0.054637,-0.054637,2.300000,0.005080,0.001609,0.001609,-1.300000,
11.137636,-16.000000,161.000000,-16.747654,157.181107,1.000000,-0.047154,-0.054797,-0.054797,2.000000,0.005024,0.001528,0.001528,-1.300000,
11.176741,-10000.000000,-10000.000000,-16.412701,154.037491,0.000000,-0.046211,-0.052944,-0.052944,1.700000,0.004924,0.001379,0.001379,-1.300000,
11.217514,-10000.000000,-10000.000000,-16.084446,150.956741,0.000000,-0.045287,-0.051157,-0.051157,1.600000,0.004825,0.001238,0.001238,-1.400000,
11.258182,-10000.000000,-10000.000000,-15.762757,147.937607,0.000000,-0.044381,-0.049435,-0.049435,1.500000,0.004729,0.001105,0.001105,-1.400000,
11.295152,-17.000000,149.000000,-16.010206,148.150085,1.000000,-0.044445,-0.049334,-0.049334,1.400000,0.004803,0.001253,0.001253,-1.500000,
11.336212,-17.000000,147.000000,-16.208164,147.920074,1.000000,-0.044376,-0.049022,-0.049022,1.500000,0.004862,0.001375,0.001375,-1.500000,
11.377743,-17.000000,145.000000,-16.366531,147.336060,1.000000,-0.044201,-0.048544,-0.048544,1.500000,0.004910,0.001476,0.001476,-1.500000,
11.416557,-10000.000000,-10000.000000,-16.039200,144.389343,0.000000,-0.043317,-0.046916,-0.046916,1.400000,0.004812,0.001338,0.001338,-1.600000,
11.456533,-10000.000000,-10000.000000,-15.718416,141.501556,0.000000,-0.042450,-0.045345,-0.045345,1.500000,0.004716,0.001208,0.001208,-1.600000,
11.497340,-18.000000,139.000000,-16.174732,141.001251,1.000000,-0.042300,-0.044976,-0.044976,1.500000,0.004852,0.001463,0.001463,-1.700000,
11.537491,-18.000000,138.000000,-16.539785,140.401001,1.000000,-0.042120,-0.044566,-0.044566,1.400000,0.004962,0.001669,0.001669,-1.600000,
11.580914,-19.000000,135.000000,-16.208990,137.592987,0.000000,-0.041278,-0.043078,-0.043078,1.300000,0.004863,0.001531,0.001531,-1.700000,
11.615639,-19.000000,135.000000,-16.767193,137.074387,1.000000,-0.041122,-0.042742,-0.042742,1.400000,0.005030,0.001833,0.001833,-1.700000,
11.658998,-19.000000,132.000000,-17.213755,136.059509,1.000000,-0.040818,-0.042168,-0.042168,1.500000,0.005164,0.002076,0.002076,-1.700000,
11.697888,-19.000000,132.000000,-17.571003,135.247604,1.000000,-0.040574,-0.041703,-0.041703,1.500000,0.005271,0.002271,0.002271,-1.700000,
11.738060,-20.000000,131.000000,-18.056803,134.398087,1.000000,-0.040319,-0.041229,-0.041229,1.400000,0.005417,0.002527,0.002527,-1.700000,
11.782455,-20.000000,129.000000,-18.445442,133.318466,1.000000,-0.039996,-0.040649,-0.040649,1.400000,0.005534,0.002733,0.002733,-1.700000,
11.817845,-20.000000,129.000000,-18.756353,132.454773,1.000000,-0.039736,-0.040185,-0.040185,1.500000,0.005627,0.002897,0.002897,-1.700000,
11.878236,-20.000000,129.000000,-19.005083,131.763824,1.000000,-0.039529,-0.039813,-0.039813,1.400000,0.005702,0.003028,0.003028,-1.700000,
11.921348,-20.000000,129.000000,-19.204067,131.211060,1.000000,-0.039363,-0.039516,-0.039516,1.400000,0.005761,0.003134,0.003134,-1.700000,
11.991460,-21.000000,125.000000,-19.563253,129.968842,1.000000,-0.038991,-0.038884,-0.038884,1.400000,0.005869,0.003317,0.003317,-1.700000,
12.028877,-22.000000,124.000000,-20.050602,128.775070,1.000000,-0.038633,-0.038285,-0.038285,1.500000,0.006015,0.003562,0.003562,-1.700000,
12.061459,-10000.000000,-10000.000000,-19.649590,126.199570,0.000000,-0.037860,-0.037016,-0.037016,1.400000,0.005895,0.003369,0.003369,-1.700000,
12.109804,-23.000000,120.000000,-20.319672,124.959656,1.000000,-0.037488,-0.036423,-0.036423,1.400000,0.006096,0.003706,0.003706,-1.700000,
12.160545,-24.000000,119.000000,-21.055737,123.767723,1.000000,-0.037130,-0.035861,-0.035861,1.500000,0.006317,0.004072,0.004072,-1.700000,
12.192319,-24.000000,119.000000,-21.644588,122.814178,1.000000,-0.036844,-0.035424,-0.035424,1.500000,0.006493,0.004360,0.004360,-1.700000,
12.228077,-10000.000000,-10000.000000,-21.211697,120.357895,0.000000,-0.036107,-0.034254,-0.034254,1.500000,0.006364,0.004144,0.004144,-1.700000,
12.266434,-25.000000,117.000000,-21.969357,119.686317,1.000000,-0.035906,-0.033978,-0.033978,1.500000,0.006591,0.004517,0.004517,-1.700000,
12.305823,-25.000000,116.000000,-22.575485,118.949051,1.000000,-0.035685,-0.033672,-0.033672,1.500000,0.006773,0.004811,0.004811,-1.700000,
12.345289,-26.000000,115.000000,-23.260387,118.159241,1.000000,-0.035448,-0.033342,-0.033342,1.500000,0.006978,0.005140,0.005140,-1.700000,
12.385870,-28.000000,113.000000,-24.208309,117.127396,1.000000,-0.035138,-0.032897,-0.032897,1.500000,0.007262,0.005594,0.005594,-1.700000,
12.425641,-28.000000,113.000000,-24.966648,116.301918,1.000000,-0.034891,-0.032557,-0.032557,1.600000,0.007490,0.005949,0.005949,-1.700000,
12.467155,-28.000000,113.000000,-25.573318,115.641533,1.000000,-0.034692,-0.032302,-0.032302,1.600000,0.007672,0.006225,0.006225,-1.800000,
12.503532,-29.000000,111.000000,-26.258656,114.713226,1.000000,-0.034414,-0.031916,-0.031916,1.600000,0.007878,0.006537,0.006537,-1.800000,
12.545112,-30.000000,111.000000,-27.006924,113.970581,1.000000,-0.034191,-0.031626,-0.031626,1.600000,0.008102,0.006877,0.006877,-1.800000,
12.584664,-30.000000,110.000000,-27.605539,113.176468,1.000000,-0.033953,-0.031312,-0.031312,1.600000,0.008282,0.007139,0.007139,-1.800000,
12.626252,-33.000000,109.000000,-28.684431,112.341171,1.000000,-0.033702,-0.030980,-0.030980,1.500000,0.008605,0.007634,0.007634,-1.800000,
12.663782,-10000.000000,-10000.000000,-28.110743,110.094345,0.000000,-0.033028,-0.029956,-0.029956,1.400000,0.008433,0.007312,0.007312,-1.900000,
12.706883,-35.000000,107.000000,-29.488594,109.475479,1.000000,-0.032843,-0.029747,-0.029747,1.500000,0.008847,0.007957,0.007957,-1.900000,
12.746125,-36.000000,106.000000,-30.790874,108.780380,1.000000,-0.032634,-0.029499,-0.029499,1.600000,0.009237,0.008556,0.008556,-2.000000,
12.783476,-10000.000000,-10000.000000,-30.175056,106.604774,0.000000,-0.031981,-0.028525,-0.028525,1.600000,0.009053,0.008204,0.008204,-2.000000,
12.823512,-37.000000,104.000000,-31.540045,106.083817,1.000000,-0.031825,-0.028377,-0.028377,1.400000,0.009462,0.008835,0.008835,-2.000000,
12.866061,-39.000000,103.000000,-33.032036,105.467056,1.000000,-0.031640,-0.028179,-0.028179,1.500000,0.009910,0.009520,0.009520,-2.100000,
12.903828,-42.000000,103.000000,-34.825630,104.973648,1.000000,-0.031492,-0.028042,-0.028042,1.600000,0.010448,0.010345,0.010345,-2.100000,
12.945751,-42.000000,102.000000,-36.260506,104.378922,1.000000,-0.031314,-0.027853,-0.027853,1.600000,0.010878,0.010982,0.010982,-2.100000,
12.984220,-10000.000000,-10000.000000,-35.535297,102.291344,0.000000,-0.030687,-0.026930,-0.026930,1.500000,0.010661,0.010550,0.010550,-2.200000,
13.026536,-10000.000000,-10000.000000,-34.824593,100.245514,0.000000,-0.030074,-0.026040,-0.026040,1.500000,0.010447,0.010135,0.010135,-2.300000,
13.064820,-45.000000,102.000000,-36.859673,100.596413,1.000000,-0.030179,-0.026338,-0.026338,1.600000,0.011058,0.011079,0.011079,-2.300000,
13.107248,-46.000000,102.000000,-38.687737,100.877129,1.000000,-0.030263,-0.026593,-0.026593,1.600000,0.011606,0.011908,0.011908,-2.300000,
13.144829,-46.000000,102.000000,-40.150188,101.101700,1.000000,-0.030331,-0.026813,-0.026813,1.700000,0.012045,0.012545,0.012545,-2.300000,
13.184350,-47.000000,101.000000,-41.520149,101.081360,1.000000,-0.030324,-0.026905,-0.026905,1.700000,0.012456,0.013130,0.013130,-2.300000,
13.225182,-10000.000000,-10000.000000,-40.689747,99.059731,0.000000,-0.029718,-0.026009,-0.026009,1.700000,0.012207,0.012626,0.012626,-2.200000,
13.265097,-10000.000000,-10000.000000,-39.875954,97.078537,0.000000,-0.029124,-0.025144,-0.025144,1.500000,0.011963,0.012142,0.012142,-2.200000,
13.306330,-50.000000,101.000000,-41.900764,97.862831,1.000000,-0.029359,-0.025650,-0.025650,1.500000,0.012570,0.013063,0.013063,-2.200000,
13.346073,-10000.000000,-10000.000000,-41.062748,95.905571,0.000000,-0.028772,-0.024797,-0.024797,1.600000,0.012319,0.012565,0.012565,-2.200000,
13.395835,-52.000000,102.000000,-43.250198,97.124458,1.000000,-0.029137,-0.025516,-0.025516,1.600000,0.012975,0.013565,0.013565,-2.200000,
13.437138,-10000.000000,-10000.000000,-42.385193,95.181969,0.000000,-0.028555,-0.024665,-0.024665,1.500000,0.012716,0.013050,0.013050,-2.200000,
13.467463,-54.000000,100.000000,-41.537491,93.278328,0.000000,-0.027983,-0.023845,-0.023845,1.400000,0.012461,0.012555,0.012555,-2.200000,
13.520227,-55.000000,100.000000,-44.229992,94.622665,1.000000,-0.028387,-0.024631,-0.024631,1.500000,0.013269,0.013811,0.013811,-2.300000,
13.555914,-56.000000,101.000000,-46.583992,95.898132,1.000000,-0.028769,-0.025367,-0.025367,1.500000,0.013975,0.014881,0.014881,-3.000000,
13.603880,-57.000000,101.000000,-48.667194,96.918503,1.000000,-0.029076,-0.025961,-0.025961,2.000000,0.014600,0.015804,0.015804,-4.300000,
13.648511,-57.000000,100.000000,-50.333755,97.534805,1.000000,-0.029260,-0.026344,-0.026344,2.800000,0.015100,0.016509,0.016509,-4.900000,
13.673784,-58.000000,100.000000,-51.867004,98.027847,1.000000,-0.029408,-0.026657,-0.026657,3.400000,0.015560,0.017139,0.017139,-5.200000,
13.724284,-69.000000,103.000000,-55.293602,99.022278,1.000000,-0.029707,-0.027208,-0.027208,3.600000,0.016588,0.018695,0.018695,-5.300000,
13.762423,-74.000000,106.000000,-59.034882,100.417824,1.000000,-0.030125,-0.027943,-0.027943,3.500000,0.017710,0.020383,0.020383,-4.900000,
13.792071,-80.000000,115.000000,-63.227905,103.334259,1.000000,-0.031000,-0.029411,-0.029411,2.900000,0.018968,0.022270,0.022270,-4.400000,
13.829623,-82.000000,118.000000,-66.982323,106.267410,1.000000,-0.031880,-0.030862,-0.030862,2.300000,0.020095,0.023913,0.023913,-4.300000,
13.870556,-82.000000,119.000000,-69.985855,108.813927,1.000000,-0.032644,-0.032097,-0.032097,2.100000,0.020996,0.025165,0.025165,-4.200000,
13.911936,-77.000000,114.000000,-71.388687,109.851143,1.000000,-0.032955,-0.032570,-0.032570,1.900000,0.021417,0.025614,0.025614,-4.100000,
13.950700,-76.000000,110.000000,-72.310951,109.880913,1.000000,-0.032964,-0.032540,-0.032540,1.700000,0.021693,0.025825,0.025825,-3.600000,
13.991751,-76.000000,109.000000,-73.048759,109.704727,1.000000,-0.032911,-0.032410,-0.032410,1.500000,0.021915,0.025949,0.025949,-3.000000,
14.030480,-76.000000,108.000000,-73.639008,109.363785,1.000000,-0.032809,-0.032202,-0.032202,1.400000,0.022092,0.026003,0.026003,-2.700000,
14.071633,-71.000000,106.000000,-73.111206,108.691025,1.000000,-0.032607,-0.031835,-0.031835,1.400000,0.021933,0.025513,0.025513,-2.400000,
14.127634,-65.000000,105.000000,-71.488968,107.952820,1.000000,-0.032386,-0.031444,-0.031444,1.400000,0.021447,0.024498,0.024498,-2.300000,
