0.000000,106.000000,8.000000,32.401863,2.001795,1.000000,0.002002,-0.014356,0.032402,0.165138
,0.041016,102.000000,4.000000,46.321491,2.401436,1.000000,0.002401,-0.014756,0.046321,0.179057
,0.088989,102.000000,4.000000,57.457191,2.721149,1.000000,0.002721,-0.016763,0.057457,0.190193
,0.119995,102.000000,4.000000,66.365753,2.976919,1.000000,0.002977,-0.017581,0.066366,0.198282
,0.173950,103.000000,5.000000,73.692604,3.381535,1.000000,0.003382,-0.018548,0.073693,0.205609
,0.206055,103.000000,5.000000,79.554085,3.705228,1.000000,0.003705,-0.018872,0.079554,0.211470
,0.250000,103.000000,5.000000,84.243271,3.964183,1.000000,0.003964,-0.019130,0.084243,0.216159
,0.295044,103.000000,5.000000,87.994614,4.171346,1.000000,0.004171,-0.019338,0.087995,0.219911
,0.635986,103.000000,5.000000,90.995689,4.337077,1.000000,0.004337,-0.019503,0.090996,0.222912
,1.066040,103.000000,5.000000,93.396553,4.469662,1.000000,0.004470,-0.019636,0.093397,0.225313
,0.406006,103.000000,5.000000,95.317245,4.575729,1.000000,0.004576,-0.019742,0.095317,0.227233
,0.452026,103.000000,5.000000,96.853798,4.660583,1.000000,0.004661,-0.019827,0.096854,0.228770
,0.486938,101.000000,7.000000,97.683037,5.128467,1.000000,0.005128,-0.027053,0.097683,0.216600
,0.532959,101.000000,6.000000,98.346428,5.302773,1.000000,0.005303,-0.030049,0.098346,0.211640
,0.568970,101.000000,6.000000,98.877144,5.442219,1.000000,0.005442,-0.030188,0.098877,0.212171
,0.607056,101.000000,6.000000,99.301712,5.553775,1.000000,0.005554,-0.040230,0.099302,0.201479
,0.656006,100.000000,4.000000,99.441368,5.243020,1.000000,0.005243,-0.041611,0.099441,0.199265
,0.689941,-10000.000000,-10000.000000,97.452538,5.138160,0.000000,0.005138,-0.043766,0.097453,0.198845
,0.724976,100.000000,2.000000,97.962029,4.510528,1.000000,0.004511,-0.043138,0.097962,0.197786
,0.767944,100.000000,2.000000,98.369621,4.008422,1.000000,0.004008,-0.040650,0.098370,0.197366
,0.813965,100.000000,3.000000,98.695694,3.806737,1.000000,0.003807,-0.038176,0.098696,0.196904
,0.854980,100.000000,3.000000,98.956558,3.645390,1.000000,0.003645,-0.036312,0.098957,0.196378
,0.886963,92.000000,-3.000000,97.565247,2.316312,1.000000,0.002316,-0.033614,0.097565,0.190361
,0.932983,92.000000,-3.000000,96.452194,1.253050,1.000000,0.001253,-0.030864,0.096452,0.186916
,0.968018,92.000000,-3.000000,95.561752,0.402440,1.000000,0.000402,-0.030014,0.095562,0.186026
,1.011963,92.000000,-3.000000,94.849403,-0.278048,1.000000,-0.000278,-0.025768,0.094849,0.182324
,1.046021,89.000000,-5.000000,93.679520,-1.222439,1.000000,-0.001222,-0.023710,0.093680,0.181154
,1.088013,88.000000,-8.000000,92.543617,-2.577951,1.000000,-0.002578,-0.022166,0.092544,0.177831
,1.134033,85.000000,-10.000000,91.034897,-4.062361,1.000000,-0.004062,-0.020681,0.091035,0.174039
,1.166992,85.000000,-10.000000,89.827919,-5.249888,1.000000,-0.005250,-0.020598,0.089828,0.172832
,1.204956,73.000000,-24.000000,86.462334,-8.999910,1.000000,-0.009000,-0.016848,0.086462,0.167188
,1.245972,73.000000,-24.000000,83.769867,-11.999928,1.000000,-0.012000,-0.013848,0.083770,0.163737
,1.285034,71.000000,-27.000000,81.215897,-14.999943,1.000000,-0.015000,-0.010848,0.081216,0.161183
,1.585938,71.000000,-27.000000,79.172714,-17.399954,1.000000,-0.017400,-0.008448,0.079173,0.159139
,2.015991,73.000000,-30.000000,77.938171,-19.919964,1.000000,-0.019920,-0.005928,0.077938,0.157905
,1.406982,73.000000,-30.000000,76.950539,-21.935970,1.000000,-0.021936,-0.003912,0.076951,0.156917
,1.447021,73.000000,-30.000000,76.160431,-23.548777,1.000000,-0.023549,-0.002300,0.076160,0.156127
,1.486938,72.000000,-28.000000,75.328346,-24.439022,1.000000,-0.024439,-0.001212,0.075328,0.154685
,1.527954,70.000000,-17.000000,74.262680,-22.951218,1.000000,-0.022951,-0.008741,0.074263,0.157388
,1.567017,70.000000,-17.000000,73.410141,-21.760975,1.000000,-0.021761,-0.009381,0.073410,0.156535
,1.607056,70.000000,-17.000000,72.728111,-20.808781,1.000000,-0.020809,-0.009783,0.072728,0.156608
,1.647949,68.000000,-14.000000,71.782486,-19.447025,1.000000,-0.019447,-0.010046,0.071782,0.154907
,1.687012,68.000000,-10.000000,71.025986,-17.557621,1.000000,-0.017558,-0.009859,0.071026,0.151386
,1.729004,68.000000,-10.000000,70.420792,-16.046097,1.000000,-0.016046,-0.010830,0.070421,0.150781
,1.766968,68.000000,-10.000000,69.936630,-14.836878,1.000000,-0.014837,-0.012040,0.069937,0.150297
,1.807007,68.000000,-10.000000,69.549301,-13.869502,1.000000,-0.013870,-0.012797,0.069549,0.149282
,1.848999,68.000000,-10.000000,69.239441,-13.095602,1.000000,-0.013096,-0.014107,0.069239,0.148972
,1.886963,68.000000,-10.000000,68.991554,-12.476481,1.000000,-0.012476,-0.014726,0.068992,0.148724
,1.928955,68.000000,-10.000000,68.793243,-11.981185,1.000000,-0.011981,-0.015221,0.068793,0.148526
,1.967041,67.000000,-10.000000,68.434593,-11.584948,1.000000,-0.011585,-0.016689,0.068435,0.151306
,2.006958,67.000000,-10.000000,68.147675,-11.267958,1.000000,-0.011268,-0.017006,0.068148,0.151019
,2.048950,67.000000,-10.000000,67.918137,-11.014366,1.000000,-0.011014,-0.017259,0.067918,0.150790
,2.088013,67.000000,-10.000000,67.734512,-10.811493,1.000000,-0.010811,-0.018456,0.067735,0.147208
,2.129028,67.000000,-10.000000,67.587608,-10.649195,1.000000,-0.010649,-0.018619,0.067588,0.147061
,2.168945,63.000000,-14.000000,66.670090,-11.319356,1.000000,-0.011319,-0.021915,0.066670,0.145370
,2.212036,63.000000,-14.000000,65.936073,-11.855485,1.000000,-0.011855,-0.021379,0.065936,0.144636
,2.246948,63.000000,-14.000000,65.348862,-12.284388,1.000000,-0.012284,-0.020950,0.065349,0.144048
,2.285034,62.000000,-15.000000,64.679092,-12.827510,1.000000,-0.012828,-0.018706,0.064679,0.142605
,2.605957,62.000000,-15.000000,64.143272,-13.262008,1.000000,-0.013262,-0.018271,0.064143,0.142069
,2.995972,60.000000,-30.000000,63.314617,-16.609606,1.000000,-0.016610,-0.015159,0.063315,0.141822
,2.406982,59.000000,-33.000000,62.451694,-19.887684,1.000000,-0.019888,-0.012452,0.062452,0.137848
,2.448975,59.000000,-33.000000,61.761356,-22.510147,1.000000,-0.022510,-0.011544,0.061761,0.139490
,2.486938,59.000000,-33.000000,61.209084,-24.608118,1.000000,-0.024608,-0.009446,0.061209,0.138938
,2.529053,55.000000,-37.000000,59.967266,-27.086494,1.000000,-0.027086,-0.008683,0.059967,0.137696
,2.572021,54.000000,-38.000000,58.773811,-29.269196,1.000000,-0.029269,-0.007941,0.058774,0.135155
,2.611938,21.000000,-45.000000,51.219048,-32.415356,1.000000,-0.032415,-0.005364,0.051219,0.127600
,2.651978,21.000000,-45.000000,45.175240,-34.932285,1.000000,-0.034932,-0.002278,0.045175,0.121556
,2.693970,19.000000,-46.000000,39.940193,-37.145828,1.000000,-0.037146,-0.000342,0.039940,0.118448
,2.730957,19.000000,-46.000000,35.752155,-38.916664,1.000000,-0.038917,0.001429,0.035752,0.114260
,2.770996,-10.000000,-67.000000,26.601725,-44.533333,1.000000,-0.044533,0.013679,0.026602,0.098649
,2.813965,-15.000000,-67.000000,18.281380,-49.026665,1.000000,-0.049027,0.016687,0.018281,0.091349
,2.853027,-32.000000,-70.000000,8.225103,-53.221333,1.000000,-0.053221,0.015160,0.008225,0.085954
,2.894043,-32.000000,-70.000000,0.180082,-56.577065,1.000000,-0.056577,0.014185,0.000180,0.074570
,2.932983,-35.000000,-72.000000,-6.855935,-59.661652,1.000000,-0.059662,0.017270,-0.006856,0.064411
,2.973022,-45.000000,-79.000000,-14.484748,-63.529320,1.000000,-0.063529,0.021992,-0.014485,0.057306
,3.014038,-50.000000,-82.000000,-21.587799,-67.223457,1.000000,-0.067223,0.025686,-0.021588,0.050203
,3.052979,-59.000000,-88.000000,-29.070240,-71.378769,1.000000,-0.071379,0.032472,-0.029070,0.036927
,3.093994,-61.000000,-88.000000,-35.456192,-74.703018,1.000000,-0.074703,0.036382,-0.035456,0.029754
,3.133057,-61.000000,-88.000000,-40.564953,-77.362411,1.000000,-0.077362,0.039041,-0.040565,0.024645
,3.172974,-61.000000,-88.000000,-44.651962,-79.489929,1.000000,-0.079490,0.041169,-0.044652,0.020558
,3.213989,-61.000000,-88.000000,-47.921570,-81.191940,1.000000,-0.081192,0.042871,-0.047922,0.017288
,3.255005,-61.000000,-88.000000,-50.537254,-82.553551,1.000000,-0.082554,0.044232,-0.050537,0.014673
,3.293945,-61.000000,-88.000000,-52.629803,-83.642838,1.000000,-0.083643,0.045322,-0.052630,0.012580
,3.666016,-61.000000,-88.000000,-54.303841,-84.514267,1.000000,-0.084514,0.046193,-0.054304,0.010906
,4.066040,-61.000000,-88.000000,-55.643074,-85.211411,1.000000,-0.085211,0.046890,-0.055643,0.009567
,3.413940,-61.000000,-88.000000,-56.714458,-85.769127,1.000000,-0.085769,0.066811,-0.056714,-0.003662
,3.443970,-67.000000,-87.000000,-58.771568,-86.015305,1.000000,-0.086015,0.068208,-0.058772,-0.010372
,3.494019,-72.000000,-83.000000,-61.417255,-85.412247,1.000000,-0.085412,0.066454,-0.061417,-0.014566
,3.532959,-76.000000,-84.000000,-64.333801,-85.129799,1.000000,-0.085130,0.063291,-0.064334,-0.018256
,3.572998,-74.000000,-92.000000,-66.267044,-86.503838,1.000000,-0.086504,0.061389,-0.066267,-0.024362
,3.604004,-74.000000,-92.000000,-67.813637,-87.603073,1.000000,-0.087603,0.062488,-0.067814,-0.025909
,3.645020,-74.000000,-92.000000,-69.050911,-88.482460,1.000000,-0.088482,0.063367,-0.069051,-0.027146
,3.683960,-74.000000,-92.000000,-70.040726,-89.185966,1.000000,-0.089186,0.063886,-0.070041,-0.027828
,3.723999,-84.000000,-99.000000,-72.832581,-91.148773,1.000000,-0.091149,0.065849,-0.072833,-0.030619
,3.765991,-86.000000,-98.000000,-75.466064,-92.519020,1.000000,-0.092519,0.067219,-0.075466,-0.033253
,3.806030,-86.000000,-98.000000,-77.572853,-93.615219,1.000000,-0.093615,0.067547,-0.077573,-0.037497
,3.847046,-86.000000,-98.000000,-79.258286,-94.492172,1.000000,-0.094492,0.068424,-0.079258,-0.039183
,3.885986,-86.000000,-98.000000,-80.606628,-95.193741,1.000000,-0.095194,0.070832,-0.080607,-0.063256
,3.927979,225.000000,-180.000000,-78.994499,-93.289864,0.000000,-0.093290,0.066850,-0.078994,-0.064020
,3.965942,-87.000000,-90.000000,-80.595596,-92.631889,1.000000,-0.092632,0.060628,-0.080596,-0.071479
,4.005981,-87.000000,-90.000000,-81.876480,-92.105515,1.000000,-0.092106,0.058375,-0.081876,-0.078079
,4.047974,-111.000000,-74.000000,-87.701187,-88.484413,1.000000,-0.088484,0.054754,-0.087701,-0.087701
,4.085938,-111.000000,-74.000000,-92.360947,-85.587532,1.000000,-0.085588,0.050390,-0.092361,-0.095377
,4.129028,-115.000000,-72.000000,-96.888756,-82.870026,1.000000,-0.082870,0.044235,-0.096889,-0.100659
,4.166016,-115.000000,-72.000000,-100.511002,-80.696022,1.000000,-0.080696,0.039765,-0.100511,-0.108052
,4.206055,-119.000000,-76.000000,-104.208801,-79.756821,1.000000,-0.079757,0.037677,-0.104209,-0.116276
,4.246948,-10000.000000,-10000.000000,-102.124626,-78.161682,0.000000,-0.078162,0.035506,-0.102125,-0.116456
,4.286987,-140.000000,-89.000000,-109.699699,-80.329346,1.000000,-0.080329,0.036198,-0.109700,-0.125658
,4.615967,-155.000000,-93.000000,-118.759758,-82.863480,1.000000,-0.082863,0.038152,-0.118760,-0.135478
,5.015991,-155.000000,-93.000000,-126.007805,-84.890785,1.000000,-0.084891,0.040180,-0.126008,-0.143487
,4.407959,-10000.000000,-10000.000000,-123.487648,-83.192970,0.000000,-0.083193,0.038482,-0.123488,-0.140206
,4.448975,-173.000000,-110.000000,-133.390121,-88.554375,1.000000,-0.088554,0.044423,-0.133390,-0.151630
,4.489990,279.000000,-73.000000,-130.722321,-86.783287,0.000000,-0.086783,0.043552,-0.130722,-0.149584
,4.530029,-182.000000,-122.000000,-140.977859,-93.826630,1.000000,-0.093827,0.051171,-0.140978,-0.159839
,4.567993,-186.000000,-124.000000,-149.982285,-99.861305,1.000000,-0.099861,0.057206,-0.149982,-0.172622
,4.609985,-189.000000,-124.000000,-157.785828,-104.689041,1.000000,-0.104689,0.061458,-0.157786,-0.180426
,4.651978,-191.000000,-125.000000,-164.428665,-108.751236,1.000000,-0.108751,0.064126,-0.164429,-0.189153
,4.688965,263.000000,-79.000000,-161.140091,-106.576210,0.000000,-0.106576,0.060233,-0.161140,-0.185865
,4.730957,263.000000,-78.000000,-157.917282,-104.444687,0.000000,-0.104445,0.057528,-0.157917,-0.184144
,4.770020,-191.000000,-78.000000,-164.533829,-99.155746,1.000000,-0.099156,0.052239,-0.164534,-0.190760
,4.812012,-191.000000,-117.000000,-169.827057,-102.724594,1.000000,-0.102725,0.055808,-0.169827,-0.193801
,4.849976,-192.000000,-115.000000,-174.261642,-105.179672,1.000000,-0.105180,0.058263,-0.174262,-0.198986
,4.890015,-192.000000,-115.000000,-177.809311,-107.143738,1.000000,-0.107144,0.059877,-0.177809,-0.202718
,4.932983,270.000000,-80.000000,-174.253128,-105.000862,0.000000,-0.105001,0.058312,-0.174253,-0.196893
,4.973022,270.000000,-80.000000,-170.768066,-102.900848,0.000000,-0.102901,0.056789,-0.170768,-0.194164
,5.015015,270.000000,-80.000000,-167.352707,-100.842834,0.000000,-0.100843,0.053576,-0.167353,-0.188481
,5.052002,-193.000000,-113.000000,-172.482162,-103.274269,1.000000,-0.103274,0.056008,-0.172482,-0.187568
,5.093994,-192.000000,-112.000000,-176.385727,-105.019417,1.000000,-0.105019,0.058330,-0.176386,-0.185435
,5.133057,-192.000000,-112.000000,-179.508575,-106.415535,1.000000,-0.106416,0.062033,-0.179509,-0.184033
,5.171997,272.000000,-85.000000,-175.918411,-104.287224,0.000000,-0.104287,0.061056,-0.175918,-0.175164
,5.213013,-190.000000,-109.000000,-178.734726,-105.229782,1.000000,-0.105230,0.062574,-0.178735,-0.174211
,5.251953,-187.000000,-107.000000,-180.387787,-105.583824,1.000000,-0.105584,0.064078,-0.180388,-0.170584
,5.291992,-186.000000,-106.000000,-181.510223,-105.667061,1.000000,-0.105667,0.063899,-0.181510,-0.163538
,5.656006,-186.000000,-106.000000,-182.408173,-105.733650,1.000000,-0.105734,0.062823,-0.182408,-0.161436
,6.056030,-179.000000,-102.000000,-181.726532,-104.986923,1.000000,-0.104987,0.062595,-0.181727,-0.155871
,5.412964,-174.000000,-94.000000,-180.181229,-102.789536,1.000000,-0.102790,0.060398,-0.180181,-0.151275
,5.453979,-10000.000000,-10000.000000,-176.577606,-100.733742,0.000000,-0.100734,0.058078,-0.176578,-0.143337
,5.485962,-10000.000000,-10000.000000,-173.046051,-98.719070,0.000000,-0.098719,0.058662,-0.173046,-0.134022
,5.525024,-137.000000,-77.000000,-165.836838,-94.375259,1.000000,-0.094375,0.057165,-0.165837,-0.124548
,5.567017,-10000.000000,-10000.000000,-162.520096,-92.487755,0.000000,-0.092488,0.056666,-0.162520,-0.119200
,5.605957,-10000.000000,-10000.000000,-159.269699,-90.638000,0.000000,-0.090638,0.054261,-0.159270,-0.107798
,5.650024,-10000.000000,-10000.000000,-156.084305,-88.825241,0.000000,-0.088825,0.052448,-0.156084,-0.100896
,5.687988,-109.000000,-70.000000,-146.667450,-85.060196,1.000000,-0.085060,0.050064,-0.146667,-0.088202
,5.729004,-103.000000,-67.000000,-137.933960,-81.448158,1.000000,-0.081448,0.047003,-0.137934,-0.077987
,5.767944,-10000.000000,-10000.000000,-135.175278,-79.819199,0.000000,-0.079819,0.047152,-0.135175,-0.071091
,5.807983,-10000.000000,-10000.000000,-132.471771,-78.222816,0.000000,-0.078223,0.045556,-0.132472,-0.065323
,5.849976,-10000.000000,-10000.000000,-129.822342,-76.658363,0.000000,-0.076658,0.045361,-0.129822,-0.058601
,5.889038,-10000.000000,-10000.000000,-127.225899,-75.125198,0.000000,-0.075125,0.044725,-0.127226,-0.054700
,5.930054,-80.000000,-56.000000,-117.780716,-71.300156,1.000000,-0.071300,0.041127,-0.117781,-0.042736
,5.968994,-67.000000,-50.000000,-107.624573,-67.040123,1.000000,-0.067040,0.038209,-0.107625,-0.030861
,6.010986,-67.000000,-50.000000,-99.499657,-63.632099,1.000000,-0.063632,0.035358,-0.099500,-0.019686
,6.050049,-55.000000,-48.000000,-90.599724,-60.505680,1.000000,-0.060506,0.033346,-0.090600,-0.005429
,6.089966,-55.000000,-48.000000,-83.479782,-58.004543,1.000000,-0.058005,0.032156,-0.083480,0.002570
,6.130005,-55.000000,-48.000000,-77.783829,-56.003635,1.000000,-0.056004,0.030155,-0.077784,0.008266
,6.170044,-55.000000,-48.000000,-73.227066,-54.402908,1.000000,-0.054403,0.028555,-0.073227,0.012822
,6.210938,-44.000000,-43.000000,-67.381653,-52.122326,1.000000,-0.052122,0.026274,-0.067382,0.018668
,6.251953,-44.000000,-43.000000,-62.705322,-50.297859,1.000000,-0.050298,0.024449,-0.062705,0.023344
,6.293945,-44.000000,-43.000000,-58.964256,-48.838287,1.000000,-0.048838,0.022990,-0.058964,0.027085
,6.666016,-44.000000,-43.000000,-55.971405,-47.670631,1.000000,-0.047671,0.021822,-0.055971,0.030078
,7.046021,-40.000000,-39.000000,-52.777122,-45.936504,1.000000,-0.045937,0.020088,-0.052777,0.033272
,6.411987,-40.000000,-39.000000,-50.221699,-44.549202,1.000000,-0.044549,0.021090,-0.050222,0.044291
,6.452026,-40.000000,-39.000000,-48.177361,-43.439362,1.000000,-0.043439,0.019980,-0.048177,0.046336
,6.491943,-40.000000,-39.000000,-46.541889,-42.551491,1.000000,-0.042551,0.019092,-0.046542,0.047971
,6.532959,-40.000000,-39.000000,-45.233513,-41.841194,1.000000,-0.041841,0.014424,-0.045234,0.069129
,6.572998,-10000.000000,-10000.000000,-44.328842,-41.004372,0.000000,-0.041004,0.007405,-0.044329,0.071926
,6.613037,-10000.000000,-10000.000000,-43.442265,-40.184284,0.000000,-0.040184,0.004919,-0.043442,0.069667
,6.651978,-22.000000,-29.000000,-39.153812,-37.947426,1.000000,-0.037947,0.002126,-0.039154,0.073170
,6.692017,-22.000000,-29.000000,-35.723049,-36.157940,1.000000,-0.036158,-0.000494,-0.035723,0.074966
,6.732056,-19.000000,-27.000000,-32.378441,-34.326351,1.000000,-0.034326,-0.002877,-0.032378,0.078311
,6.772949,-19.000000,-27.000000,-29.702753,-32.861080,1.000000,-0.032861,-0.004343,-0.029703,0.078657
,6.812988,-19.000000,-27.000000,-27.562202,-31.688864,1.000000,-0.031689,-0.005515,-0.027562,0.078475
,6.852051,-19.000000,-27.000000,-25.849762,-30.751091,1.000000,-0.030751,-0.006453,-0.025850,0.080187
,6.892944,-19.000000,-27.000000,-24.479809,-30.000874,1.000000,-0.030001,-0.007203,-0.024480,0.081557
,6.932983,-19.000000,-27.000000,-23.383846,-29.400700,1.000000,-0.029401,-0.007803,-0.023384,0.082653
,6.972046,-14.000000,-25.000000,-21.507076,-28.520559,1.000000,-0.028521,-0.008683,-0.021507,0.084530
,7.012939,-14.000000,-25.000000,-20.005661,-27.816448,1.000000,-0.027816,-0.009387,-0.020006,0.086031
,7.052002,-14.000000,-25.000000,-18.804529,-27.253159,1.000000,-0.027253,-0.009951,-0.018805,0.087233
,7.094971,-14.000000,-25.000000,-17.843624,-26.802526,1.000000,-0.026803,-0.010401,-0.017844,0.088193
,7.133057,-14.000000,-25.000000,-17.074900,-26.442020,1.000000,-0.026442,-0.010762,-0.017075,0.088962
,7.172974,-14.000000,-25.000000,-16.459919,-26.153616,1.000000,-0.026154,-0.011050,-0.016460,0.089577
,7.213989,-14.000000,-25.000000,-15.967936,-25.922894,1.000000,-0.025923,-0.016667,-0.015968,0.035535
,7.244995,-14.000000,-25.000000,-15.574348,-25.738316,1.000000,-0.025738,-0.016532,-0.015574,0.033299
,7.286011,-14.000000,-25.000000,-15.259479,-25.590652,1.000000,-0.025591,-0.016679,-0.015259,0.032120
,7.585938,-14.000000,-25.000000,-15.007583,-25.472523,1.000000,-0.025473,-0.016798,-0.015008,0.032372
,7.975952,-14.000000,-25.000000,-14.806067,-25.378017,1.000000,-0.025378,-0.016892,-0.014806,0.032574
,7.405029,-10.000000,-23.000000,-13.844853,-24.902414,1.000000,-0.024902,-0.013906,-0.013845,0.017672
,7.444946,-10.000000,-23.000000,-13.075883,-24.521931,1.000000,-0.024522,-0.014286,-0.013076,0.018441
,7.484985,-10.000000,-23.000000,-12.460707,-24.217545,1.000000,-0.024218,-0.014591,-0.012461,0.019056
,7.524048,-10.000000,-23.000000,-11.968565,-23.974035,1.000000,-0.023974,-0.014834,-0.011969,0.019548
,7.564941,-10.000000,-23.000000,-11.574852,-23.779228,1.000000,-0.023779,-0.015029,-0.011575,0.019942
,7.604980,-10.000000,-23.000000,-11.259882,-23.623383,1.000000,-0.023623,-0.015185,-0.011260,0.020257
,7.649048,-10.000000,-23.000000,-11.007906,-23.498707,1.000000,-0.023499,-0.015310,-0.011008,0.020509
,7.688965,-10.000000,-23.000000,-10.806325,-23.398966,1.000000,-0.023399,-0.015409,-0.010806,0.020711
,7.729980,-10.000000,-23.000000,-10.645060,-23.319172,1.000000,-0.023319,-0.014400,-0.010645,0.005090
,7.769043,-10.000000,-23.000000,-10.516047,-23.255337,1.000000,-0.023255,-0.016098,-0.010516,0.005219
,7.809937,-5.000000,-22.000000,-9.412838,-23.004269,1.000000,-0.023004,-0.016894,-0.009413,0.004175
,7.848022,37.000000,-11.000000,-0.130270,-20.603415,1.000000,-0.020603,-0.019295,-0.000130,0.009880
,7.889038,43.000000,-14.000000,8.495785,-19.282732,1.000000,-0.019283,-0.023057,0.008496,0.018975
,7.930054,49.000000,-20.000000,16.596628,-19.426186,1.000000,-0.019426,-0.023484,0.016597,0.027076
,7.968994,53.000000,-21.000000,23.877304,-19.740948,1.000000,-0.019741,-0.022849,0.023877,0.034279
,8.010010,53.000000,-21.000000,29.701843,-19.992758,1.000000,-0.019993,-0.021464,0.029702,0.041590
,8.051025,37.000000,-35.000000,31.161474,-22.994205,1.000000,-0.022994,-0.018463,0.031161,0.040077
,8.089966,-10000.000000,-10000.000000,30.538244,-22.534321,0.000000,-0.022534,-0.016925,0.030538,0.033487
,8.130005,-10000.000000,-10000.000000,29.927479,-22.083635,0.000000,-0.022084,-0.014571,0.029927,0.027716
,8.167969,-121.000000,-79.000000,-0.258017,-33.466908,1.000000,-0.033467,-0.003188,-0.000258,-0.005419
,8.209961,-121.000000,-79.000000,-24.406412,-42.573524,1.000000,-0.042574,0.007039,-0.024406,-0.031042
,8.250000,-125.000000,-81.000000,-44.525131,-50.258820,1.000000,-0.050259,0.016403,-0.044525,-0.048949
,8.288940,-128.000000,-85.000000,-61.220104,-57.207054,1.000000,-0.057207,0.023607,-0.061220,-0.064878
,8.635986,-132.000000,-88.000000,-75.376083,-63.365643,1.000000,-0.063366,0.029211,-0.075376,-0.078303
,9.026001,-132.000000,-88.000000,-86.700867,-68.292511,1.000000,-0.068293,0.033847,-0.086701,-0.093236
,8.410034,-134.000000,-85.000000,-96.160690,-71.634010,1.000000,-0.071634,0.034982,-0.096161,-0.104875
,8.451050,-143.000000,-96.000000,-105.528549,-76.507210,1.000000,-0.076507,0.037646,-0.105529,-0.112790
,8.489990,-143.000000,-96.000000,-113.022842,-80.405769,1.000000,-0.080406,0.041544,-0.113023,-0.120284
,8.531006,-143.000000,-96.000000,-119.018272,-83.524612,1.000000,-0.083525,0.044663,-0.119018,-0.125553
,8.571045,-148.000000,-101.000000,-124.814621,-87.019691,1.000000,-0.087020,0.046498,-0.124815,-0.132076
,8.614014,-10000.000000,-10000.000000,-122.318329,-85.279297,0.000000,-0.085279,0.044204,-0.122318,-0.130306
,8.652954,-10000.000000,-10000.000000,-119.871964,-83.573708,0.000000,-0.083574,0.040280,-0.119872,-0.127133
,8.692017,-167.000000,-106.000000,-129.297577,-88.058968,1.000000,-0.088059,0.041716,-0.129298,-0.138280
,8.732056,-173.000000,-105.000000,-138.038055,-91.447174,1.000000,-0.091447,0.043173,-0.138038,-0.148439
,8.771973,-173.000000,-105.000000,-145.030441,-94.157738,1.000000,-0.094158,0.043601,-0.145030,-0.158405
,8.812988,-180.000000,-107.000000,-152.024353,-96.726189,1.000000,-0.096726,0.043883,-0.152024,-0.166143
,8.852051,-180.000000,-109.000000,-157.619476,-99.180954,1.000000,-0.099181,0.046910,-0.157619,-0.171738
,8.892944,-180.000000,-109.000000,-162.095581,-101.144760,1.000000,-0.101145,0.050588,-0.162096,-0.176958
,8.932983,-188.000000,-117.000000,-167.276459,-104.315811,1.000000,-0.104316,0.054901,-0.167276,-0.180651
,8.963989,-188.000000,-117.000000,-171.421173,-106.852646,1.000000,-0.106853,0.058578,-0.171421,-0.184796
,9.015015,-188.000000,-117.000000,-174.736938,-108.882118,1.000000,-0.108882,0.060608,-0.174737,-0.188112
,9.046021,-188.000000,-117.000000,-177.389557,-110.505692,1.000000,-0.110506,0.061661,-0.177390,-0.192996
,9.083984,-191.000000,-120.000000,-180.111649,-112.404556,1.000000,-0.112405,0.062990,-0.180112,-0.194974
,9.126953,-191.000000,-120.000000,-182.289322,-113.923645,1.000000,-0.113924,0.063367,-0.182289,-0.196408
,9.166016,-193.000000,-128.000000,-184.431458,-116.738914,1.000000,-0.116739,0.065040,-0.184431,-0.200038
,9.206055,-195.000000,-130.000000,-186.545166,-119.391129,1.000000,-0.119391,0.068264,-0.186545,-0.202151
,9.248047,-195.000000,-130.000000,-188.236130,-121.512901,1.000000,-0.121513,0.070385,-0.188236,-0.203842
,9.286011,-195.000000,-130.000000,-189.588898,-123.210320,1.000000,-0.123210,0.071698,-0.189589,-0.205312
,9.605957,-198.000000,-137.000000,-191.271118,-125.968254,1.000000,-0.125968,0.074456,-0.191271,-0.204747
,10.005981,-200.000000,-139.000000,-193.016891,-128.574600,1.000000,-0.128575,0.078788,-0.193017,-0.207242
,9.406982,-205.000000,-145.000000,-195.413513,-131.859680,1.000000,-0.131860,0.081498,-0.195414,-0.208889
,9.448975,-205.000000,-145.000000,-197.330811,-134.487747,1.000000,-0.134488,0.084127,-0.197331,-0.208559
,9.488037,-205.000000,-145.000000,-198.864655,-136.590195,1.000000,-0.136590,0.087011,-0.198865,-0.211686
,9.530029,-205.000000,-145.000000,-200.091721,-138.272156,1.000000,-0.138272,0.088693,-0.200092,-0.212159
,9.567017,-206.000000,-147.000000,-201.273376,-140.017731,1.000000,-0.140018,0.090231,-0.201273,-0.213251
,9.607056,-206.000000,-147.000000,-202.218704,-141.414185,1.000000,-0.141414,0.092202,-0.202219,-0.212698
,9.650024,-206.000000,-147.000000,-202.974960,-142.531342,1.000000,-0.142531,0.093894,-0.202975,-0.211957
,9.687012,-207.000000,-143.000000,-203.779968,-142.625076,1.000000,-0.142625,0.094562,-0.203780,-0.212762
,9.729004,-207.000000,-143.000000,-204.423981,-142.700058,1.000000,-0.142700,0.094856,-0.204424,-0.214227
,9.770996,-207.000000,-143.000000,-204.939178,-142.760040,1.000000,-0.142760,0.095270,-0.204939,-0.214670
,9.812988,-207.000000,-143.000000,-205.351349,-142.808029,1.000000,-0.142808,0.095318,-0.205351,-0.215082
,9.852051,263.000000,-89.000000,-201.244324,-139.951874,0.000000,-0.139952,0.092247,-0.201244,-0.211646
,9.890015,263.000000,-89.000000,-197.219437,-137.152832,0.000000,-0.137153,0.089448,-0.197219,-0.207621
,9.932983,-207.000000,-142.000000,-199.175552,-138.122269,1.000000,-0.138122,0.091779,-0.199176,-0.208906
,9.970947,-208.000000,-143.000000,-200.940445,-139.097809,1.000000,-0.139098,0.094472,-0.200940,-0.209174
,10.011963,-208.000000,-143.000000,-202.352356,-139.878250,1.000000,-0.139878,0.096396,-0.202352,-0.208340
,10.051025,-208.000000,-143.000000,-203.481888,-140.502594,1.000000,-0.140503,0.097592,-0.203482,-0.208721
,10.089966,-206.000000,-138.000000,-203.985504,-140.002075,1.000000,-0.140002,0.098857,-0.203985,-0.208409
,10.130981,-206.000000,-138.000000,-204.388397,-139.601654,1.000000,-0.139602,0.098457,-0.204388,-0.208812
,10.170044,-206.000000,-138.000000,-204.710724,-139.281326,1.000000,-0.139281,0.098136,-0.204711,-0.209134
,10.210938,-206.000000,-138.000000,-204.968582,-139.025055,1.000000,-0.139025,0.097880,-0.204969,-0.209392
,10.250977,-205.000000,-135.000000,-204.974869,-138.220047,1.000000,-0.138220,0.097075,-0.204975,-0.206449
,10.290039,-202.000000,-127.000000,-204.379898,-135.976044,1.000000,-0.135976,0.095955,-0.204380,-0.203643
,10.656006,-202.000000,-127.000000,-203.903915,-134.180832,1.000000,-0.134181,0.093036,-0.203904,-0.200955
,11.036011,-202.000000,-127.000000,-203.523132,-132.744659,1.000000,-0.132745,0.090721,-0.203523,-0.199066
,10.411987,-202.000000,-127.000000,-203.218506,-131.595734,1.000000,-0.131596,0.090705,-0.203219,-0.199504
,10.451050,-202.000000,-127.000000,-202.974808,-130.676590,1.000000,-0.130677,0.089786,-0.202975,-0.199261
,10.489990,-198.000000,-121.000000,-201.979843,-128.741272,1.000000,-0.128741,0.087284,-0.201980,-0.196780
,10.532959,-198.000000,-121.000000,-201.183868,-127.193016,1.000000,-0.127193,0.085736,-0.201184,-0.195984
,10.572021,-197.000000,-121.000000,-200.347092,-125.954414,1.000000,-0.125954,0.085630,-0.200347,-0.191432
,10.614014,-192.000000,-115.000000,-198.677673,-123.763535,1.000000,-0.123764,0.083439,-0.198678,-0.189763
,10.654053,-192.000000,-115.000000,-197.342133,-122.010826,1.000000,-0.122011,0.082252,-0.197342,-0.185454
,10.692993,-189.000000,-114.000000,-195.673706,-120.408661,1.000000,-0.120409,0.080084,-0.195674,-0.180811
,10.733032,-182.000000,-109.000000,-192.938965,-118.126930,1.000000,-0.118127,0.078934,-0.192939,-0.177333
,10.771973,-180.000000,-109.000000,-190.351166,-116.301544,1.000000,-0.116302,0.077674,-0.190351,-0.172513
,10.814941,-174.000000,-107.000000,-187.080933,-114.441238,1.000000,-0.114441,0.074117,-0.187081,-0.167010
,10.852051,-172.000000,-107.000000,-184.064743,-112.952988,1.000000,-0.112953,0.072063,-0.184065,-0.163994
,10.894043,-168.000000,-102.000000,-180.851791,-110.762390,1.000000,-0.110762,0.070135,-0.180852,-0.159130
,10.932007,-167.000000,-101.000000,-178.081436,-108.809914,1.000000,-0.108810,0.067041,-0.178081,-0.151855
,10.973022,-160.000000,-97.000000,-174.465149,-106.447929,1.000000,-0.106448,0.062641,-0.174465,-0.143499
,11.014038,-160.000000,-97.000000,-171.572113,-104.558342,1.000000,-0.104558,0.059600,-0.171572,-0.140606
,11.053955,-160.000000,-97.000000,-169.257690,-103.046677,1.000000,-0.103047,0.052889,-0.169258,-0.137534
,11.093994,-158.000000,-97.000000,-167.006149,-101.837341,1.000000,-0.101837,0.047405,-0.167006,-0.130963
,11.133057,-153.000000,-95.000000,-164.204926,-100.469872,1.000000,-0.100470,0.043504,-0.164205,-0.124599
,11.172974,-148.000000,-91.000000,-160.963943,-98.575897,1.000000,-0.098576,0.041023,-0.160964,-0.119059
,11.213989,-148.000000,-91.000000,-158.371155,-97.060715,1.000000,-0.097061,0.042440,-0.158371,-0.113398
,11.253052,-146.000000,-90.000000,-155.896927,-95.648575,1.000000,-0.095649,0.042783,-0.155897,-0.103232
,11.293945,-139.000000,-87.000000,-152.517548,-93.918861,1.000000,-0.093919,0.041254,-0.152518,-0.092464
,11.656006,-139.000000,-87.000000,-149.814041,-92.535088,1.000000,-0.092535,0.040458,-0.149814,-0.093654
,12.076050,-128.000000,-93.000000,-145.451233,-92.628067,1.000000,-0.092628,0.040347,-0.145451,-0.098173
,11.416016,166.000000,-179.000000,-142.542206,-90.775505,0.000000,-0.090776,0.038110,-0.142542,-0.098011
,11.444946,-115.000000,-104.000000,-137.033768,-93.420403,1.000000,-0.093420,0.043107,-0.137034,-0.091730
,11.484009,-115.000000,-104.000000,-132.627014,-95.536324,1.000000,-0.095536,0.051483,-0.132627,-0.085287
,11.524048,-10000.000000,-10000.000000,-129.974472,-93.625595,0.000000,-0.093626,0.054708,-0.129974,-0.082635
,11.564941,-10000.000000,-10000.000000,-127.374985,-91.753082,0.000000,-0.091753,0.057295,-0.127375,-0.083601
,11.604004,-10000.000000,-10000.000000,-124.827484,-89.918022,0.000000,-0.089918,0.056003,-0.124827,-0.081054
,11.645020,-70.000000,-86.000000,-113.861984,-89.134415,1.000000,-0.089134,0.057140,-0.113862,-0.069746
,11.683960,-72.000000,-83.000000,-105.489586,-87.907532,1.000000,-0.087908,0.060919,-0.105490,-0.061688
,11.724976,-81.000000,-89.000000,-100.591667,-88.126022,1.000000,-0.088126,0.064858,-0.100592,-0.054653
,11.764038,-80.000000,-88.000000,-96.473335,-88.100815,1.000000,-0.088101,0.065363,-0.096473,-0.053384
,11.803955,-76.000000,-85.000000,-92.378670,-87.480652,1.000000,-0.087481,0.063150,-0.092379,-0.058521
,11.848022,-64.000000,-77.000000,-86.702934,-85.384521,1.000000,-0.085385,0.056267,-0.086703,-0.059216
,11.885986,-61.000000,-73.000000,-81.562347,-82.907616,1.000000,-0.082908,0.051621,-0.081562,-0.056057
,11.925049,-58.000000,-71.000000,-76.849876,-80.526093,1.000000,-0.080526,0.049748,-0.076850,-0.051345
,11.965942,-54.000000,-71.000000,-72.279900,-78.620872,1.000000,-0.078621,0.050098,-0.072280,-0.047412
,12.008057,-10000.000000,-10000.000000,-70.834305,-77.048454,0.000000,-0.077048,0.050010,-0.070834,-0.045967
,12.048950,-10000.000000,-10000.000000,-69.417618,-75.507484,0.000000,-0.075507,0.050941,-0.069418,-0.043894
,12.087036,-10000.000000,-10000.000000,-68.029266,-73.997337,0.000000,-0.073997,0.049729,-0.068029,-0.040578
,12.128052,-36.000000,-63.000000,-61.623413,-71.797867,1.000000,-0.071798,0.046148,-0.061623,-0.037845
,12.168945,-39.000000,-68.000000,-57.098732,-71.038292,1.000000,-0.071038,0.045493,-0.057099,-0.035784
,12.208984,-37.000000,-74.000000,-53.078987,-71.630630,1.000000,-0.071631,0.039964,-0.053079,-0.028296
,12.249023,-37.000000,-74.000000,-49.863190,-72.104507,1.000000,-0.072105,0.036482,-0.049863,-0.027971
,12.288940,-29.000000,-75.000000,-45.690552,-72.683609,1.000000,-0.072684,0.036604,-0.045691,-0.027440
,12.666016,-24.000000,-74.000000,-41.352440,-72.946884,1.000000,-0.072947,0.033564,-0.041352,-0.024888
,13.056030,-14.000000,-70.000000,-35.881950,-72.357506,1.000000,-0.072358,0.036810,-0.035882,-0.027435
,12.415039,-1.000000,-73.000000,-28.905560,-72.486008,1.000000,-0.072486,0.038026,-0.028906,-0.023744
,12.452026,-1.000000,-74.000000,-23.324448,-72.788803,1.000000,-0.072789,0.039776,-0.023324,-0.019571
,12.494019,12.000000,-87.000000,-16.259558,-75.631042,1.000000,-0.075631,0.050469,-0.016260,-0.015070
,12.532959,14.000000,-99.000000,-10.207646,-80.304832,1.000000,-0.080305,0.056053,-0.010208,-0.012587
,12.573975,-10000.000000,-10000.000000,-10.003493,-78.698738,0.000000,-0.078699,0.058205,-0.010003,-0.015031
,12.604980,-10000.000000,-10000.000000,-9.803424,-77.124763,0.000000,-0.077125,0.056631,-0.009803,-0.014831
,12.646973,-10000.000000,-10000.000000,-9.607355,-75.582268,0.000000,-0.075582,0.055088,-0.009607,-0.014635
,12.687988,-10000.000000,-10000.000000,-9.415208,-74.070625,0.000000,-0.074071,0.057334,-0.009415,-0.013521
,12.729980,-10000.000000,-10000.000000,-9.226904,-72.589211,0.000000,-0.072589,0.055852,-0.009227,-0.013333
,12.770996,-10000.000000,-10000.000000,-9.042366,-71.137428,0.000000,-0.071137,0.057475,-0.009042,-0.012394
,12.812012,-10000.000000,-10000.000000,-8.861519,-69.714676,0.000000,-0.069715,0.056052,-0.008862,-0.012213
,12.852051,-10000.000000,-10000.000000,-8.684288,-68.320381,0.000000,-0.068320,0.064800,-0.008684,-0.024854
,12.892944,-10000.000000,-10000.000000,-8.510602,-66.953972,0.000000,-0.066954,0.065404,-0.008511,-0.024098
,12.931030,-10000.000000,-10000.000000,-8.340390,-65.614891,0.000000,-0.065615,0.065770,-0.008340,-0.023298
,12.969971,-10000.000000,-10000.000000,-8.173582,-64.302597,0.000000,-0.064303,0.064537,-0.008174,-0.016959
,13.004028,-10000.000000,-10000.000000,-8.010111,-63.016544,0.000000,-0.063017,0.063720,-0.008010,-0.016007
,13.046997,-10000.000000,-10000.000000,-7.849909,-61.756214,0.000000,-0.061756,0.063281,-0.007850,-0.016320
,13.084961,-10000.000000,-10000.000000,-7.692911,-60.521091,0.000000,-0.060521,0.062113,-0.007693,-0.013630
,13.126953,-10000.000000,-10000.000000,-7.539052,-59.310669,0.000000,-0.059311,0.061071,-0.007539,-0.011229
,13.166016,-184.000000,-133.000000,-7.388271,-58.124454,0.000000,-0.058124,0.059465,-0.007388,-0.010630
,13.207031,-10000.000000,-10000.000000,-7.240506,-56.961964,0.000000,-0.056962,0.057213,-0.007241,-0.010595
,13.248047,-10000.000000,-10000.000000,-7.095695,-55.822723,0.000000,-0.055823,0.054901,-0.007096,-0.009666
,13.286011,-10000.000000,-10000.000000,-6.953782,-54.706268,0.000000,-0.054706,0.053282,-0.006954,-0.010308
,13.615967,-10000.000000,-10000.000000,-6.814706,-53.612144,0.000000,-0.053612,0.051684,-0.006815,-0.009609
,14.015991,-10000.000000,-10000.000000,-6.678412,-52.539902,0.000000,-0.052540,0.050864,-0.006678,-0.008690
,13.407959,-10000.000000,-10000.000000,-6.544844,-51.489105,0.000000,-0.051489,0.050232,-0.006545,-0.007662
,13.452026,-10000.000000,-10000.000000,-6.413947,-50.459324,0.000000,-0.050459,0.049202,-0.006414,-0.006191
,13.489990,-10000.000000,-10000.000000,-6.285668,-49.450138,0.000000,-0.049450,0.048026,-0.006286,-0.005727
,13.531006,-10000.000000,-10000.000000,-6.159955,-48.461136,0.000000,-0.048461,0.047037,-0.006160,-0.005601
,13.569946,-10000.000000,-10000.000000,-6.036756,-47.491913,0.000000,-0.047492,0.045983,-0.006037,-0.005143
,13.610962,-10000.000000,-10000.000000,-5.916020,-46.542076,0.000000,-0.046542,0.044866,-0.005916,-0.004799
,13.651978,-10000.000000,-10000.000000,-5.797700,-45.611233,0.000000,-0.045611,0.043767,-0.005798,-0.004457
,13.691040,-10000.000000,-10000.000000,-5.681746,-44.699009,0.000000,-0.044699,0.042771,-0.005682,-0.004341
,13.732056,-10000.000000,-10000.000000,-5.568111,-43.805027,0.000000,-0.043805,0.041877,-0.005568,-0.004116
,13.770020,-10000.000000,-10000.000000,-5.456749,-42.928925,0.000000,-0.042929,0.041337,-0.005457,-0.004116
,13.812988,-10000.000000,-10000.000000,-5.347614,-42.070347,0.000000,-0.042070,0.040730,-0.005348,-0.004119
,13.853027,-10000.000000,-10000.000000,-5.240662,-41.228939,0.000000,-0.041229,0.039804,-0.005241,-0.003900
,13.894043,-10000.000000,-10000.000000,-5.135849,-40.404362,0.000000,-0.040404,0.038812,-0.005136,-0.003683
,13.934937,-10000.000000,-10000.000000,-5.033132,-39.596275,0.000000,-0.039596,0.037920,-0.005033,-0.003693
,13.967041,-10000.000000,-10000.000000,-4.932469,-38.804348,0.000000,-0.038804,0.037128,-0.004932,-0.003592
,14.005005,-10000.000000,-10000.000000,-4.833819,-38.028259,0.000000,-0.038028,0.036604,-0.004834,-0.003717
,14.050049,-10000.000000,-10000.000000,-4.737143,-37.267693,0.000000,-0.037268,0.035759,-0.004737,-0.003397
,14.089966,-10000.000000,-10000.000000,-4.642400,-36.522339,0.000000,-0.036522,0.034930,-0.004642,-0.003302
,14.131958,-10000.000000,-10000.000000,-4.549552,-35.791893,0.000000,-0.035792,0.034200,-0.004550,-0.003432
,14.170044,-10000.000000,-10000.000000,-4.458561,-35.076054,0.000000,-0.035076,0.033568,-0.004459,-0.003453
,