1971.016000,1971.016000,0.000000,-3.500000,-3.499645,3.499645,0.104989,0.200000,0.030000,0.200000
,1971.110000,0.094000,0.000000,-2.500000,-0.799319,0.799319,0.023980,0.200000,0.030000,0.200000
,1971.127000,0.017000,0.000000,-3.000000,-0.235023,0.235023,0.007051,0.200000,0.030000,0.200000
,1971.150000,0.023000,0.000000,-3.500000,-0.360987,0.360987,0.010830,0.200000,0.030000,0.200000
,1971.170000,0.020000,0.000000,-4.100000,-0.372727,0.372727,0.011182,0.200000,0.030000,0.200000
,1971.207000,0.037000,0.000000,-4.800000,-0.749370,0.749370,0.022481,0.200000,0.030000,0.200000
,1971.226000,0.019000,0.000000,-4.900000,-0.425110,0.425110,0.012753,0.200000,0.030000,0.200000
,1971.247000,0.021000,0.000000,-5.100000,-0.484618,0.484618,0.014539,0.200000,0.030000,0.200000
,1971.270000,0.023000,0.000000,-5.200000,-0.536323,0.536323,0.016090,0.200000,0.030000,0.200000
,1971.290000,0.020000,0.000000,-5.200000,-0.472727,0.472727,0.014182,0.200000,0.030000,0.200000
,1971.315000,0.025000,0.000000,-5.400000,-0.599997,0.599997,0.018000,0.200000,0.030000,0.200000
,1971.336000,0.021000,0.000000,-5.500000,-0.522628,0.522628,0.015679,0.200000,0.030000,0.200000
,1971.358000,0.022000,0.000000,-5.500000,-0.545047,0.545047,0.016351,0.200000,0.030000,0.200000
,1971.374000,0.016000,0.000000,-5.600000,-0.414810,0.414810,0.012444,0.200000,0.030000,0.200000
,1971.391000,0.017000,0.000000,-5.800000,-0.454383,0.454383,0.013631,0.200000,0.030000,0.200000
,1971.408000,0.017000,0.000000,-6.000000,-0.470045,0.470045,0.014101,0.200000,0.030000,0.200000
,1971.426000,0.018000,0.000000,-6.500000,-0.536694,0.536694,0.016101,0.200000,0.030000,0.200000
,1971.444000,0.018000,0.000000,-7.100000,-0.586242,0.586242,0.017587,0.200000,0.030000,0.200000
,1971.467000,0.023000,0.000000,-7.900000,-0.814798,0.814798,0.024444,0.200000,0.030000,0.200000
,1971.486000,0.019000,0.000000,-7.900000,-0.685382,0.685382,0.020561,0.200000,0.030000,0.200000
,1971.499000,0.013000,0.000000,-8.600000,-0.524883,0.524883,0.015746,0.200000,0.030000,0.200000
,1971.519000,0.020000,0.000000,-9.600000,-0.872727,0.872727,0.026182,0.200000,0.030000,0.200000
,1971.546000,0.027000,0.000000,-10.500000,-1.248906,1.248906,0.037467,0.200000,0.030000,0.200000
,1971.565000,0.019000,0.000000,-10.400000,-0.902275,0.902275,0.027068,0.200000,0.030000,0.200000
,1971.592000,0.027000,0.000000,-9.900000,-1.177540,1.177540,0.035326,0.200000,0.030000,0.200000
,1971.612000,0.020000,0.000000,-8.700000,-0.790908,0.790908,0.023727,0.200000,0.030000,0.200000
,1971.631000,0.019000,0.000000,-7.700000,-0.668038,0.668038,0.020041,0.200000,0.030000,0.200000
,1971.652000,0.021000,0.000000,-6.000000,-0.570134,0.570134,0.017104,0.200000,0.030000,0.200000
,1971.676000,0.024000,0.000000,-4.900000,-0.524999,0.524999,0.015750,0.200000,0.030000,0.200000
,1971.693000,0.017000,0.000000,-3.600000,-0.282027,0.282027,0.008461,0.200000,0.030000,0.200000
,1971.717000,0.024000,0.000000,-2.400000,-0.257144,0.257144,0.007714,0.200000,0.030000,0.200000
,1971.750000,0.033000,0.000000,-0.800000,-0.113305,0.113305,0.003399,0.200000,0.030000,0.200000
,1971.777000,0.027000,0.000000,-0.200000,-0.023789,0.023789,0.000714,0.200000,0.030000,0.200000
,1971.796000,0.019000,0.000000,0.200000,0.017352,-0.017352,-0.000521,0.200000,0.030000,0.200000
,1971.819000,0.023000,0.000000,0.500000,0.051570,-0.051570,-0.001547,0.200000,0.030000,0.200000
,1971.840000,0.021000,0.000000,0.700000,0.066516,-0.066516,-0.001995,0.200000,0.030000,0.200000
,1971.871000,0.031000,0.000000,1.200000,0.161040,-0.161040,-0.004831,0.200000,0.030000,0.200000
,1971.889000,0.018000,0.000000,1.200000,0.099082,-0.099082,-0.002972,0.200000,0.030000,0.200000
,1971.914000,0.025000,0.000000,1.900000,0.211112,-0.211112,-0.006333,0.200000,0.030000,0.200000
,1971.928000,0.014000,0.000000,2.400000,0.157009,-0.157009,-0.004710,0.200000,0.030000,0.200000
,1971.947000,0.019000,0.000000,3.100000,0.268950,-0.268950,-0.008069,0.200000,0.030000,0.200000
,1971.967000,0.020000,0.000000,3.700000,0.336363,-0.336363,-0.010091,0.200000,0.030000,0.200000
,1971.985000,0.018000,0.000000,4.400000,0.363301,-0.363301,-0.010899,0.200000,0.030000,0.200000
,1972.002000,0.017000,0.000000,5.000000,0.391704,-0.391704,-0.011751,0.200000,0.030000,0.200000
,1972.025000,0.023000,0.000000,5.000000,0.515695,-0.515695,-0.015471,0.200000,0.030000,0.200000
,1972.039000,0.014000,0.000000,5.000000,0.327107,-0.327107,-0.009813,0.200000,0.030000,0.200000
,1972.062000,0.023000,0.000000,5.800000,0.598206,-0.598206,-0.017946,0.200000,0.030000,0.200000
,1972.093000,0.031000,-142.000000,6.900000,0.925971,-142.925964,-0.200000,0.200000,0.030000,0.200000
,1972.117000,0.024000,-142.000000,7.100000,0.760712,-142.760712,-0.200000,0.200000,0.030000,0.200000
,1972.138000,0.021000,-142.000000,7.100000,0.674665,-142.674667,-0.200000,0.200000,0.030000,0.200000
,1972.161000,0.023000,-142.000000,6.700000,0.691031,-142.691025,-0.200000,0.200000,0.030000,0.200000
,1972.183000,0.022000,-142.000000,6.700000,0.663960,-142.663956,-0.200000,0.200000,0.030000,0.200000
,1972.201000,0.018000,-142.000000,6.300000,0.520187,-142.520187,-0.200000,0.200000,0.030000,0.200000
,1972.227000,0.026000,0.000000,5.700000,0.655753,-0.655753,-0.019673,0.200000,0.030000,0.200000
,1972.241000,0.014000,0.000000,5.700000,0.372896,-0.372896,-0.011187,0.200000,0.030000,0.200000
,1972.262000,0.021000,0.000000,5.900000,0.560631,-0.560631,-0.016819,0.200000,0.030000,0.200000
,1972.283000,0.021000,0.000000,5.900000,0.560637,-0.560637,-0.016819,0.200000,0.030000,0.200000
,1972.301000,0.018000,0.000000,5.900000,0.487153,-0.487153,-0.014615,0.200000,0.030000,0.200000
,1972.321000,0.020000,0.000000,5.900000,0.536363,-0.536363,-0.016091,0.200000,0.030000,0.200000
,1972.336000,0.015000,0.000000,5.800000,0.404654,-0.404654,-0.012140,0.200000,0.030000,0.200000
,1972.355000,0.019000,0.000000,5.000000,0.433791,-0.433791,-0.013014,0.200000,0.030000,0.200000
,1972.372000,0.017000,0.000000,4.400000,0.344700,-0.344700,-0.010341,0.200000,0.030000,0.200000
,1972.394000,0.022000,0.000000,3.900000,0.386484,-0.386484,-0.011595,0.200000,0.030000,0.200000
,1972.409000,0.015000,0.000000,3.300000,0.230234,-0.230234,-0.006907,0.200000,0.030000,0.200000
,1972.429000,0.020000,0.000000,3.300000,0.300000,-0.300000,-0.009000,0.200000,0.030000,0.200000
,1972.445000,0.016000,0.000000,2.700000,0.200000,-0.200000,-0.006000,0.200000,0.030000,0.200000
,1972.476000,0.031000,0.000000,2.200000,0.295237,-0.295237,-0.008857,0.200000,0.030000,0.200000
,1972.496000,0.020000,0.000000,2.500000,0.227275,-0.227275,-0.006818,0.200000,0.030000,0.200000
,1972.519000,0.023000,0.000000,2.900000,0.299100,-0.299100,-0.008973,0.200000,0.030000,0.200000
,1972.545000,0.026000,0.000000,2.900000,0.333629,-0.333629,-0.010009,0.200000,0.030000,0.200000
,1972.567000,0.022000,0.000000,3.100000,0.307208,-0.307208,-0.009216,0.200000,0.030000,0.200000
,1972.594000,0.027000,0.000000,3.100000,0.368722,-0.368722,-0.011062,0.200000,0.030000,0.200000
,1972.612000,0.018000,0.000000,3.100000,0.255965,-0.255965,-0.007679,0.200000,0.030000,0.200000
,1972.636000,0.024000,0.000000,3.100000,0.332142,-0.332142,-0.009964,0.200000,0.030000,0.200000
,1972.656000,0.020000,0.000000,3.000000,0.272727,-0.272727,-0.008182,0.200000,0.030000,0.200000
,1972.678000,0.022000,0.000000,3.600000,0.356758,-0.356758,-0.010703,0.200000,0.030000,0.200000
,1972.698000,0.020000,0.000000,3.600000,0.327272,-0.327272,-0.009818,0.200000,0.030000,0.200000
,1972.723000,0.025000,0.000000,3.800000,0.422224,-0.422224,-0.012667,0.200000,0.030000,0.200000
,1972.757000,0.034000,0.000000,3.700000,0.537606,-0.537606,-0.016128,0.200000,0.030000,0.200000
,1972.779000,0.022000,0.000000,3.000000,0.297298,-0.297298,-0.008919,0.200000,0.030000,0.200000
,1972.801000,0.022000,0.000000,1.700000,0.168467,-0.168467,-0.005054,0.200000,0.030000,0.200000
,1972.823000,0.022000,0.000000,0.800000,0.079280,-0.079280,-0.002378,0.200000,0.030000,0.200000
,1972.846000,0.023000,0.000000,-0.300000,-0.030942,0.030942,0.000928,0.200000,0.030000,0.200000
,1972.871000,0.025000,0.000000,-1.200000,-0.133334,0.133334,0.004000,0.200000,0.030000,0.200000
,1972.891000,0.020000,0.000000,-1.700000,-0.154545,0.154545,0.004636,0.200000,0.030000,0.200000
,1972.920000,0.029000,0.000000,-1.500000,-0.189955,0.189955,0.005699,0.200000,0.030000,0.200000
,1972.940000,0.020000,0.000000,-1.500000,-0.136364,0.136364,0.004091,0.200000,0.030000,0.200000
,1972.960000,0.020000,0.000000,-1.200000,-0.109092,0.109092,0.003273,0.200000,0.030000,0.200000
,1972.982000,0.022000,0.000000,-0.900000,-0.089189,0.089189,0.002676,0.200000,0.030000,0.200000
,1973.004000,0.022000,0.000000,0.300000,0.029730,-0.029730,-0.000892,0.200000,0.030000,0.200000
,1973.026000,0.022000,0.000000,0.700000,0.069370,-0.069370,-0.002081,0.200000,0.030000,0.200000
,1973.046000,0.020000,0.000000,1.300000,0.118182,-0.118182,-0.003545,0.200000,0.030000,0.200000
,1973.069000,0.023000,0.000000,1.800000,0.185650,-0.185650,-0.005570,0.200000,0.030000,0.200000
,1973.088000,0.019000,0.000000,2.100000,0.182190,-0.182190,-0.005466,0.200000,0.030000,0.200000
,1973.114000,0.026000,0.000000,2.400000,0.276106,-0.276106,-0.008283,0.200000,0.030000,0.200000
,1973.141000,0.027000,0.000000,2.600000,0.309253,-0.309253,-0.009278,0.200000,0.030000,0.200000
,1973.165000,0.024000,0.000000,3.300000,0.353570,-0.353570,-0.010607,0.200000,0.030000,0.200000
,1973.191000,0.026000,0.000000,3.600000,0.414160,-0.414160,-0.012425,0.200000,0.030000,0.200000
,1973.207000,0.016000,0.000000,3.800000,0.281482,-0.281482,-0.008444,0.200000,0.030000,0.200000
,1973.220000,0.013000,0.000000,3.900000,0.238028,-0.238028,-0.007141,0.200000,0.030000,0.200000
,1973.241000,0.021000,0.000000,4.000000,0.380089,-0.380089,-0.011403,0.200000,0.030000,0.200000
,1973.265000,0.024000,0.000000,4.000000,0.428570,-0.428570,-0.012857,0.200000,0.030000,0.200000
,1973.286000,0.021000,-169.000000,3.500000,0.332581,-169.332581,-0.200000,0.200000,0.030000,0.200000
,1973.308000,0.022000,-169.000000,3.100000,0.307205,-169.307205,-0.200000,0.200000,0.030000,0.200000
,1973.325000,0.017000,-169.000000,2.700000,0.211523,-169.211517,-0.200000,0.200000,0.030000,0.200000
,1973.349000,0.024000,-169.000000,2.700000,0.289285,-169.289291,-0.200000,0.200000,0.030000,0.200000
,1973.369000,0.020000,-169.000000,2.800000,0.254545,-169.254547,-0.200000,0.200000,0.030000,0.200000
,1973.388000,0.019000,-169.000000,2.900000,0.251599,-169.251602,-0.200000,0.200000,0.030000,0.200000
,1973.406000,0.018000,-169.000000,2.800000,0.231191,-169.231186,-0.200000,0.200000,0.030000,0.200000
,1973.427000,0.021000,-169.000000,2.300000,0.218553,-169.218552,-0.200000,0.200000,0.030000,0.200000
,1973.446000,0.019000,-10000.000000,2.300000,0.199542,-10000.199219,-0.200000,0.200000,0.030000,0.200000
,1973.470000,0.024000,-10000.000000,1.200000,0.128572,-10000.128906,-0.200000,0.200000,0.030000,0.200000
,1973.492000,0.022000,0.000000,1.000000,0.099098,-0.099098,-0.002973,0.200000,0.030000,0.200000
,1973.518000,0.026000,0.000000,0.900000,0.103540,-0.103540,-0.003106,0.200000,0.030000,0.200000
,1973.540000,0.022000,0.000000,1.000000,0.099099,-0.099099,-0.002973,0.200000,0.030000,0.200000
,1973.562000,0.022000,0.000000,1.700000,0.168469,-0.168469,-0.005054,0.200000,0.030000,0.200000
,1973.581000,0.019000,0.000000,2.100000,0.182190,-0.182190,-0.005466,0.200000,0.030000,0.200000
,1973.598000,0.017000,0.000000,2.100000,0.164518,-0.164518,-0.004936,0.200000,0.030000,0.200000
,1973.619000,0.021000,0.000000,2.700000,0.256560,-0.256560,-0.007697,0.200000,0.030000,0.200000
,1973.641000,0.022000,0.000000,3.200000,0.317118,-0.317118,-0.009514,0.200000,0.030000,0.200000
,1973.660000,0.019000,0.000000,3.300000,0.286299,-0.286299,-0.008589,0.200000,0.030000,0.200000
,1973.678000,0.018000,0.000000,3.200000,0.264222,-0.264222,-0.007927,0.200000,0.030000,0.200000
,1973.697000,0.019000,0.000000,3.100000,0.268950,-0.268950,-0.008069,0.200000,0.030000,0.200000
,1973.719000,0.022000,0.000000,2.900000,0.287385,-0.287385,-0.008622,0.200000,0.030000,0.200000
,1973.740000,0.021000,0.000000,2.900000,0.275567,-0.275567,-0.008267,0.200000,0.030000,0.200000
,1973.756000,0.016000,0.000000,2.900000,0.214815,-0.214815,-0.006444,0.200000,0.030000,0.200000
,1973.773000,0.017000,0.000000,2.900000,0.227188,-0.227188,-0.006816,0.200000,0.030000,0.200000
,1973.796000,0.023000,0.000000,3.100000,0.319731,-0.319731,-0.009592,0.200000,0.030000,0.200000
,1973.811000,0.015000,0.000000,3.300000,0.230231,-0.230231,-0.006907,0.200000,0.030000,0.200000
,1973.830000,0.019000,0.000000,3.400000,0.294978,-0.294978,-0.008849,0.200000,0.030000,0.200000
,1973.849000,0.019000,0.000000,3.400000,0.294978,-0.294978,-0.008849,0.200000,0.030000,0.200000
,1973.874000,0.025000,0.000000,3.000000,0.333332,-0.333332,-0.010000,0.200000,0.030000,0.200000
,1973.894000,0.020000,0.000000,2.500000,0.227273,-0.227273,-0.006818,0.200000,0.030000,0.200000
,1973.915000,0.021000,0.000000,2.100000,0.199549,-0.199549,-0.005986,0.200000,0.030000,0.200000
,1973.933000,0.018000,0.000000,1.900000,0.156880,-0.156880,-0.004706,0.200000,0.030000,0.200000
,1973.951000,0.018000,0.000000,1.900000,0.156882,-0.156882,-0.004706,0.200000,0.030000,0.200000
,1973.968000,0.017000,0.000000,2.000000,0.156682,-0.156682,-0.004700,0.200000,0.030000,0.200000
,1973.994000,0.026000,0.000000,2.200000,0.253098,-0.253098,-0.007593,0.200000,0.030000,0.200000
,1974.016000,0.022000,-130.000000,2.200000,0.218019,-130.218018,-0.200000,0.200000,0.030000,0.200000
,1974.038000,0.022000,-130.000000,2.600000,0.257656,-130.257660,-0.200000,0.200000,0.030000,0.200000
,1974.060000,0.022000,-130.000000,3.000000,0.297298,-130.297302,-0.200000,0.200000,0.030000,0.200000
,1974.082000,0.022000,-130.000000,3.800000,0.376578,-130.376572,-0.200000,0.200000,0.030000,0.200000
,1974.097000,0.015000,-130.000000,4.500000,0.313951,-130.313950,-0.200000,0.200000,0.030000,0.200000
,1974.120000,0.023000,-130.000000,5.100000,0.526009,-130.526016,-0.200000,0.200000,0.030000,0.200000
,1974.148000,0.028000,0.000000,5.700000,0.700003,-0.700003,-0.021000,0.200000,0.030000,0.200000
,1974.169000,0.021000,0.000000,5.700000,0.541627,-0.541627,-0.016249,0.200000,0.030000,0.200000
,1974.196000,0.027000,0.000000,5.800000,0.689867,-0.689867,-0.020696,0.200000,0.030000,0.200000
,1974.215000,0.019000,0.000000,6.000000,0.520549,-0.520549,-0.015616,0.200000,0.030000,0.200000
,1974.237000,0.022000,0.000000,6.400000,0.634236,-0.634236,-0.019027,0.200000,0.030000,0.200000
,1974.259000,0.022000,0.000000,6.700000,0.663960,-0.663960,-0.019919,0.200000,0.030000,0.200000
,1974.280000,0.021000,0.000000,7.100000,0.674665,-0.674665,-0.020240,0.200000,0.030000,0.200000
,1974.300000,0.020000,0.000000,7.100000,0.645454,-0.645454,-0.019364,0.200000,0.030000,0.200000
,1974.318000,0.018000,0.000000,7.200000,0.594492,-0.594492,-0.017835,0.200000,0.030000,0.200000
,1974.340000,0.022000,0.000000,7.200000,0.713516,-0.713516,-0.021405,0.200000,0.030000,0.200000
,1974.360000,0.020000,0.000000,7.200000,0.654545,-0.654545,-0.019636,0.200000,0.030000,0.200000
,1974.380000,0.020000,0.000000,7.200000,0.654545,-0.654545,-0.019636,0.200000,0.030000,0.200000
,1974.401000,0.021000,0.000000,6.800000,0.646158,-0.646158,-0.019385,0.200000,0.030000,0.200000
,1974.422000,0.021000,0.000000,6.300000,0.598640,-0.598640,-0.017959,0.200000,0.030000,0.200000
,1974.443000,0.021000,0.000000,5.700000,0.541627,-0.541627,-0.016249,0.200000,0.030000,0.200000
,1974.461000,0.018000,0.000000,5.700000,0.470645,-0.470645,-0.014119,0.200000,0.030000,0.200000
,1974.483000,0.022000,0.000000,3.900000,0.386488,-0.386488,-0.011595,0.200000,0.030000,0.200000
,1974.506000,0.023000,0.000000,2.900000,0.299103,-0.299103,-0.008973,0.200000,0.030000,0.200000
,1974.524000,0.018000,0.000000,2.900000,0.239448,-0.239448,-0.007183,0.200000,0.030000,0.200000
,1974.546000,0.022000,0.000000,0.700000,0.069370,-0.069370,-0.002081,0.200000,0.030000,0.200000
,1974.564000,0.018000,0.000000,0.700000,0.057798,-0.057798,-0.001734,0.200000,0.030000,0.200000
,1974.589000,0.025000,0.000000,0.700000,0.077778,-0.077778,-0.002333,0.200000,0.030000,0.200000
,1974.611000,0.022000,0.000000,-3.100000,-0.307205,0.307205,0.009216,0.200000,0.030000,0.200000
,1974.628000,0.017000,0.000000,-4.100000,-0.321202,0.321202,0.009636,0.200000,0.030000,0.200000
,1974.645000,0.017000,-119.000000,-5.600000,-0.438709,-118.561295,-0.200000,0.200000,0.030000,0.200000
,1974.668000,0.023000,-119.000000,-6.400000,-0.660090,-118.339912,-0.200000,0.200000,0.030000,0.200000
,1974.691000,0.023000,-119.000000,-7.200000,-0.742601,-118.257401,-0.200000,0.200000,0.030000,0.200000
,1974.716000,0.025000,-119.000000,-7.900000,-0.877773,-118.122223,-0.200000,0.200000,0.030000,0.200000
,1974.737000,0.021000,-119.000000,-8.400000,-0.798195,-118.201805,-0.200000,0.200000,0.030000,0.200000
,1974.757000,0.020000,-119.000000,-9.200000,-0.836363,-118.163635,-0.200000,0.200000,0.030000,0.200000
,1974.794000,0.037000,0.000000,-9.500000,-1.483120,1.483120,0.044494,0.200000,0.030000,0.200000
,1974.810000,0.016000,0.000000,-9.800000,-0.725927,0.725927,0.021778,0.200000,0.030000,0.200000
,1974.830000,0.020000,0.000000,-10.200000,-0.927272,0.927272,0.027818,0.200000,0.030000,0.200000
,1974.849000,0.019000,0.000000,-10.700000,-0.928313,0.928313,0.027849,0.200000,0.030000,0.200000
,1974.870000,0.021000,0.000000,-11.200000,-1.064249,1.064249,0.031927,0.200000,0.030000,0.200000
,1974.886000,0.016000,0.000000,-11.200000,-0.829631,0.829631,0.024889,0.200000,0.030000,0.200000
,1974.906000,0.020000,0.000000,-11.800000,-1.072726,1.072726,0.032182,0.200000,0.030000,0.200000
,1974.924000,0.018000,0.000000,-13.500000,-1.114686,1.114686,0.033441,0.200000,0.030000,0.200000
,1974.947000,0.023000,0.000000,-14.800000,-1.526458,1.526458,0.045794,0.200000,0.030000,0.200000
,1974.966000,0.019000,0.000000,-16.200001,-1.405467,1.405467,0.042164,0.200000,0.030000,0.200000
,1974.989000,0.023000,0.000000,-17.700001,-1.825561,1.825561,0.054767,0.200000,0.030000,0.200000
,1975.009000,0.020000,0.000000,-18.799999,-1.709089,1.709089,0.051273,0.200000,0.030000,0.200000
,1975.031000,0.022000,0.000000,-20.500000,-2.031538,2.031538,0.060946,0.200000,0.030000,0.200000
,1975.050000,0.019000,0.000000,-23.799999,-2.064845,2.064845,0.061945,0.200000,0.030000,0.200000
,1975.068000,0.018000,0.000000,-23.799999,-1.965126,1.965126,0.058954,0.200000,0.030000,0.200000
,1975.087000,0.019000,0.000000,-25.700001,-2.229686,2.229686,0.066891,0.200000,0.030000,0.200000
,1975.108000,0.021000,0.000000,-27.799999,-2.641646,2.641646,0.079249,0.200000,0.030000,0.200000
,1975.128000,0.020000,0.000000,-30.000000,-2.727270,2.727270,0.081818,0.200000,0.030000,0.200000
,1975.149000,0.021000,0.000000,-32.200001,-3.059716,3.059716,0.091791,0.200000,0.030000,0.200000
,1975.170000,0.021000,0.000000,-34.599998,-3.287770,3.287770,0.098633,0.200000,0.030000,0.200000
,1975.192000,0.022000,0.000000,-36.599998,-3.627038,3.627038,0.108811,0.200000,0.030000,0.200000
,1975.217000,0.025000,0.000000,-39.299999,-4.366682,4.366682,0.131000,0.200000,0.030000,0.200000
,1975.239000,0.022000,0.000000,-42.400002,-4.201774,4.201774,0.126053,0.200000,0.030000,0.200000
,1975.254000,0.015000,0.000000,-46.400002,-3.237231,3.237231,0.097117,0.200000,0.030000,0.200000
,1975.277000,0.023000,0.000000,-49.400002,-5.095068,5.095068,0.152852,0.200000,0.030000,0.200000
,1975.298000,0.021000,0.000000,-53.099998,-5.045681,5.045681,0.151370,0.200000,0.030000,0.200000
,1975.322000,0.024000,0.000000,-59.099998,-6.332182,6.332182,0.189965,0.200000,0.030000,0.200000
,1975.341000,0.019000,0.000000,-60.900002,-5.283515,5.283515,0.158505,0.200000,0.030000,0.200000
,1975.362000,0.021000,0.000000,-62.599998,-5.948454,5.948454,0.178454,0.200000,0.030000,0.200000
,1975.389000,0.027000,0.000000,-62.599998,-7.445803,7.445803,0.200000,0.200000,0.030000,0.200000
,1975.407000,0.018000,0.000000,-65.800003,-5.432997,5.432997,0.162990,0.200000,0.030000,0.200000
,1975.425000,0.018000,0.000000,-67.300003,-5.556917,5.556917,0.166708,0.200000,0.030000,0.200000
,1975.444000,0.019000,0.000000,-67.300003,-5.838828,5.838828,0.175165,0.200000,0.030000,0.200000
,1975.461000,0.017000,0.000000,-68.300003,-5.350680,5.350680,0.160520,0.200000,0.030000,0.200000
,1975.486000,0.025000,0.000000,-69.000000,-7.666628,7.666628,0.200000,0.200000,0.030000,0.200000
,1975.507000,0.021000,0.000000,-69.500000,-6.604114,6.604114,0.198123,0.200000,0.030000,0.200000
,1975.532000,0.025000,0.000000,-70.000000,-7.777738,7.777738,0.200000,0.200000,0.030000,0.200000
,1975.554000,0.022000,0.000000,-69.699997,-6.907228,6.907228,0.200000,0.200000,0.030000,0.200000
,1975.574000,0.020000,0.000000,-69.300003,-6.299995,6.299995,0.189000,0.200000,0.030000,0.200000
,1975.595000,0.021000,0.000000,-68.800003,-6.537598,6.537598,0.196128,0.200000,0.030000,0.200000
,1975.617000,0.022000,0.000000,-68.000000,-6.738693,6.738693,0.200000,0.200000,0.030000,0.200000
,1975.649000,0.032000,0.000000,-67.099998,-9.255188,9.255188,0.200000,0.200000,0.030000,0.200000
,1975.669000,0.020000,0.000000,-65.199997,-5.927267,5.927267,0.177818,0.200000,0.030000,0.200000
,1975.691000,0.022000,0.000000,-64.400002,-6.382001,6.382001,0.191460,0.200000,0.030000,0.200000
,1975.711000,0.020000,0.000000,-63.400002,-5.763631,5.763631,0.172909,0.200000,0.030000,0.200000
,1975.735000,0.024000,0.000000,-62.599998,-6.707125,6.707125,0.200000,0.200000,0.030000,0.200000
,1975.761000,0.026000,0.000000,-61.400002,-7.063723,7.063723,0.200000,0.200000,0.030000,0.200000
,1975.785000,0.024000,0.000000,-61.400002,-6.578554,6.578554,0.197357,0.200000,0.030000,0.200000
,1975.803000,0.018000,0.000000,-61.000000,-5.036729,5.036729,0.151102,0.200000,0.030000,0.200000
,1975.830000,0.027000,0.000000,-60.299999,-7.172235,7.172235,0.200000,0.200000,0.030000,0.200000
,1975.849000,0.019000,0.000000,-60.099998,-5.214169,5.214169,0.156425,0.200000,0.030000,0.200000
,1975.866000,0.017000,0.000000,-60.500000,-4.739621,4.739621,0.142189,0.200000,0.030000,0.200000
,1975.883000,0.017000,0.000000,-60.900002,-4.770957,4.770957,0.143129,0.200000,0.030000,0.200000
,1975.902000,0.019000,0.000000,-60.900002,-5.283576,5.283576,0.158507,0.200000,0.030000,0.200000
,1975.924000,0.022000,0.000000,-61.700001,-6.114433,6.114433,0.183433,0.200000,0.030000,0.200000
,1975.943000,0.019000,0.000000,-64.199997,-5.569813,5.569813,0.167094,0.200000,0.030000,0.200000
,1975.962000,0.019000,0.000000,-65.800003,-5.708691,5.708691,0.171261,0.200000,0.030000,0.200000
,1975.983000,0.021000,0.000000,-65.800003,-6.252529,6.252529,0.187576,0.200000,0.030000,0.200000
,1976.004000,0.021000,0.000000,-66.800003,-6.347486,6.347486,0.190425,0.200000,0.030000,0.200000
,1976.030000,0.026000,0.000000,-67.099998,-7.719475,7.719475,0.200000,0.200000,0.030000,0.200000
,1976.051000,0.021000,0.000000,-67.099998,-6.375993,6.375993,0.191280,0.200000,0.030000,0.200000
,1976.077000,0.026000,0.000000,-66.900002,-7.696466,7.696466,0.200000,0.200000,0.030000,0.200000
,1976.095000,0.018000,0.000000,-66.699997,-5.507375,5.507375,0.165221,0.200000,0.030000,0.200000
,1976.118000,0.023000,0.000000,-66.400002,-6.848431,6.848431,0.200000,0.200000,0.030000,0.200000
,1976.136000,0.018000,191.000000,-65.800003,-5.432997,196.432999,0.200000,0.200000,0.030000,0.200000
,1976.157000,0.021000,191.000000,-65.199997,-6.195450,197.195450,0.200000,0.200000,0.030000,0.200000
,1976.174000,0.017000,191.000000,-64.699997,-5.068718,196.068726,0.200000,0.200000,0.030000,0.200000
,1976.200000,0.026000,191.000000,-64.300003,-7.397351,198.397354,0.200000,0.200000,0.030000,0.200000
,1976.217000,0.017000,191.000000,-63.900002,-5.005980,196.005981,0.200000,0.200000,0.030000,0.200000
,1976.236000,0.019000,191.000000,-63.599998,-5.517759,196.517761,0.200000,0.200000,0.030000,0.200000
,1976.257000,0.021000,191.000000,-63.599998,-6.043477,197.043472,0.200000,0.200000,0.030000,0.200000
,1976.281000,0.024000,191.000000,-63.700001,-6.824982,197.824982,0.200000,0.200000,0.030000,0.200000
,1976.300000,0.019000,191.000000,-64.199997,-5.569877,196.569870,0.200000,0.200000,0.030000,0.200000
,1976.321000,0.021000,0.000000,-64.599998,-6.138437,6.138437,0.184153,0.200000,0.030000,0.200000
,1976.345000,0.024000,0.000000,-65.199997,-6.985757,6.985757,0.200000,0.200000,0.030000,0.200000
,1976.365000,0.020000,0.000000,-65.199997,-5.927267,5.927267,0.177818,0.200000,0.030000,0.200000
,1976.387000,0.022000,0.000000,-66.000000,-6.540497,6.540497,0.196215,0.200000,0.030000,0.200000
,1976.411000,0.024000,0.000000,-67.000000,-7.178616,7.178616,0.200000,0.200000,0.030000,0.200000
,1976.432000,0.021000,0.000000,-68.000000,-6.461513,6.461513,0.193845,0.200000,0.030000,0.200000
,1976.449000,0.017000,0.000000,-69.900002,-5.476025,5.476025,0.164281,0.200000,0.030000,0.200000
,1976.469000,0.020000,0.000000,-70.800003,-6.436358,6.436358,0.193091,0.200000,0.030000,0.200000
,1976.486000,0.017000,0.000000,-71.000000,-5.562200,5.562200,0.166866,0.200000,0.030000,0.200000
,1976.519000,0.033000,0.000000,-71.300003,-10.098282,10.098282,0.200000,0.200000,0.030000,0.200000
,1976.539000,0.020000,0.000000,-72.300003,-6.572793,6.572793,0.197184,0.200000,0.030000,0.200000
,1976.562000,0.023000,0.000000,-72.599998,-7.487893,7.487893,0.200000,0.200000,0.030000,0.200000
,1976.581000,0.019000,0.000000,-72.599998,-6.298574,6.298574,0.188957,0.200000,0.030000,0.200000
,1976.606000,0.025000,0.000000,-73.099998,-8.122250,8.122250,0.200000,0.200000,0.030000,0.200000
,1976.625000,0.019000,0.000000,-73.500000,-6.376729,6.376729,0.191302,0.200000,0.030000,0.200000
,1976.651000,0.026000,0.000000,-73.800003,-8.490273,8.490273,0.200000,0.200000,0.030000,0.200000
,1976.673000,0.022000,0.000000,-74.300003,-7.363014,7.363014,0.200000,0.200000,0.030000,0.200000
,1976.689000,0.016000,0.000000,-74.300003,-5.503714,5.503714,0.165111,0.200000,0.030000,0.200000
,1976.713000,0.024000,0.000000,-74.000000,-7.928551,7.928551,0.200000,0.200000,0.030000,0.200000
,1976.730000,0.017000,0.000000,-72.900002,-5.711122,5.711122,0.171334,0.200000,0.030000,0.200000
,1976.763000,0.033000,0.000000,-71.000000,-10.055792,10.055792,0.200000,0.200000,0.030000,0.200000
,1976.780000,0.017000,0.000000,-71.000000,-5.562200,5.562200,0.166866,0.200000,0.030000,0.200000
,1976.800000,0.020000,0.000000,-64.900002,-5.899995,5.899995,0.177000,0.200000,0.030000,0.200000
,1976.827000,0.027000,0.000000,-63.900002,-7.600429,7.600429,0.200000,0.200000,0.030000,0.200000
,1976.847000,0.020000,132.000000,-63.900002,-5.809086,137.809082,0.200000,0.200000,0.030000,0.200000
,1976.880000,0.033000,132.000000,-62.900002,-8.908582,140.908585,0.200000,0.200000,0.030000,0.200000
,1976.899000,0.019000,132.000000,-63.000000,-5.465767,137.465775,0.200000,0.200000,0.030000,0.200000
,1976.918000,0.019000,132.000000,-63.000000,-5.465767,137.465775,0.200000,0.200000,0.030000,0.200000
,1976.933000,0.015000,132.000000,-62.599998,-4.367405,136.367401,0.200000,0.200000,0.030000,0.200000
,1976.951000,0.018000,132.000000,-61.799999,-5.102785,137.102783,0.200000,0.200000,0.030000,0.200000
,1976.966000,0.015000,132.000000,-61.299999,-4.276709,136.276703,0.200000,0.200000,0.030000,0.200000
,1976.984000,0.018000,132.000000,-61.500000,-5.078014,137.078018,0.200000,0.200000,0.030000,0.200000
,1977.005000,0.021000,0.000000,-62.299999,-5.919886,5.919886,0.177597,0.200000,0.030000,0.200000
,1977.031000,0.026000,0.000000,-63.599998,-7.316820,7.316820,0.200000,0.200000,0.030000,0.200000
,1977.052000,0.021000,0.000000,-65.000000,-6.176510,6.176510,0.185295,0.200000,0.030000,0.200000
,1977.073000,0.021000,0.000000,-66.099998,-6.280971,6.280971,0.188429,0.200000,0.030000,0.200000
,1977.094000,0.021000,0.000000,-66.199997,-6.290473,6.290473,0.188714,0.200000,0.030000,0.200000
,1977.118000,0.024000,0.000000,-65.699997,-7.039330,7.039330,0.200000,0.200000,0.030000,0.200000
,1977.137000,0.019000,0.000000,-65.099998,-5.647895,5.647895,0.169437,0.200000,0.030000,0.200000
,1977.161000,0.024000,0.000000,-64.900002,-6.953615,6.953615,0.200000,0.200000,0.030000,0.200000
,1977.179000,0.018000,0.000000,-64.699997,-5.342171,5.342171,0.160265,0.200000,0.030000,0.200000
,1977.201000,0.022000,0.000000,-64.900002,-6.431551,6.431551,0.192947,0.200000,0.030000,0.200000
,1977.221000,0.020000,0.000000,-65.300003,-5.936359,5.936359,0.178091,0.200000,0.030000,0.200000
,1977.243000,0.022000,0.000000,-65.599998,-6.500921,6.500921,0.195028,0.200000,0.030000,0.200000
,1977.264000,0.021000,0.000000,-65.300003,-6.204953,6.204953,0.186149,0.200000,0.030000,0.200000
,1977.287000,0.023000,0.000000,-65.099998,-6.714350,6.714350,0.200000,0.200000,0.030000,0.200000
,1977.310000,0.023000,0.000000,-65.099998,-6.714350,6.714350,0.200000,0.200000,0.030000,0.200000
,1977.334000,0.024000,0.000000,-64.900002,-6.953553,6.953553,0.200000,0.200000,0.030000,0.200000
,1977.358000,0.024000,0.000000,-65.000000,-6.964329,6.964329,0.200000,0.200000,0.030000,0.200000
,1977.376000,0.018000,81.000000,-65.000000,-5.366942,86.366943,0.200000,0.200000,0.030000,0.200000
,1977.404000,0.028000,81.000000,-64.900002,-7.970205,88.970207,0.200000,0.200000,0.030000,0.200000
,1977.424000,0.020000,81.000000,-64.500000,-5.863631,86.863632,0.200000,0.200000,0.030000,0.200000
,1977.449000,0.025000,81.000000,-64.099998,-7.122186,88.122185,0.200000,0.200000,0.030000,0.200000
,1977.482000,0.033000,81.000000,-63.599998,-9.007723,90.007721,0.200000,0.200000,0.030000,0.200000
,1977.506000,0.024000,81.000000,-64.300003,-6.889329,87.889328,0.200000,0.200000,0.030000,0.200000
,1977.527000,0.021000,81.000000,-64.900002,-6.166944,87.166946,0.200000,0.200000,0.030000,0.200000
,1977.551000,0.024000,81.000000,-65.300003,-6.996410,87.996414,0.200000,0.200000,0.030000,0.200000
,1977.575000,0.024000,-10000.000000,-65.400002,-7.007187,-9992.993164,-0.200000,0.200000,0.030000,0.200000
,1977.601000,0.026000,0.000000,-65.300003,-7.512335,7.512335,0.200000,0.200000,0.030000,0.200000
,1977.625000,0.024000,0.000000,-65.500000,-7.017901,7.017901,0.200000,0.200000,0.030000,0.200000
,1977.644000,0.019000,0.000000,-66.000000,-5.725976,5.725976,0.171779,0.200000,0.030000,0.200000
,1977.667000,0.023000,0.000000,-67.300003,-6.941257,6.941257,0.200000,0.200000,0.030000,0.200000
,1977.683000,0.016000,0.000000,-67.900002,-5.029639,5.029639,0.150889,0.200000,0.030000,0.200000
,1977.700000,0.017000,0.000000,-68.199997,-5.342915,5.342915,0.160287,0.200000,0.030000,0.200000
,1977.723000,0.023000,0.000000,-68.199997,-7.034081,7.034081,0.200000,0.200000,0.030000,0.200000
,1977.745000,0.022000,0.000000,-68.699997,-6.808062,6.808062,0.200000,0.200000,0.030000,0.200000
,1977.775000,0.030000,0.000000,-69.000000,-8.999992,8.999992,0.200000,0.200000,0.030000,0.200000
,1977.798000,0.023000,0.000000,-69.300003,-7.147534,7.147534,0.200000,0.200000,0.030000,0.200000
,1977.822000,0.024000,0.000000,-69.699997,-7.467904,7.467904,0.200000,0.200000,0.030000,0.200000
,1977.848000,0.026000,0.000000,-69.699997,-8.018590,8.018590,0.200000,0.200000,0.030000,0.200000
,1977.867000,0.019000,0.000000,-69.500000,-6.029627,6.029627,0.180889,0.200000,0.030000,0.200000
,1977.890000,0.023000,0.000000,-69.300003,-7.147534,7.147534,0.200000,0.200000,0.030000,0.200000
,1977.912000,0.022000,0.000000,-69.199997,-6.857678,6.857678,0.200000,0.200000,0.030000,0.200000
,1977.935000,0.023000,0.000000,-68.900002,-7.106279,7.106279,0.200000,0.200000,0.030000,0.200000
,1977.956000,0.021000,0.000000,-68.699997,-6.528028,6.528028,0.195841,0.200000,0.030000,0.200000
,1977.975000,0.019000,0.000000,-68.500000,-5.942938,5.942938,0.178288,0.200000,0.030000,0.200000
,1977.993000,0.018000,0.000000,-68.400002,-5.647743,5.647743,0.169432,0.200000,0.030000,0.200000
,1978.014000,0.021000,0.000000,-68.199997,-6.480517,6.480517,0.194416,0.200000,0.030000,0.200000
,1978.035000,0.021000,0.000000,-67.900002,-6.452011,6.452011,0.193560,0.200000,0.030000,0.200000
,1978.058000,0.023000,0.000000,-67.900002,-7.003139,7.003139,0.200000,0.200000,0.030000,0.200000
,1978.072000,0.014000,0.000000,-67.699997,-4.429024,4.429024,0.132871,0.200000,0.030000,0.200000
,1978.096000,0.024000,0.000000,-67.599998,-7.242838,7.242838,0.200000,0.200000,0.030000,0.200000
,1978.115000,0.019000,0.000000,-67.300003,-5.838828,5.838828,0.175165,0.200000,0.030000,0.200000
,1978.145000,0.030000,0.000000,-67.000000,-8.739123,8.739123,0.200000,0.200000,0.030000,0.200000
,1978.183000,0.038000,0.000000,-67.099998,-10.713414,10.713414,0.200000,0.200000,0.030000,0.200000
,1978.202000,0.019000,0.000000,-67.099998,-5.821476,5.821476,0.174644,0.200000,0.030000,0.200000
,1978.221000,0.019000,0.000000,-67.300003,-5.838828,5.838828,0.175165,0.200000,0.030000,0.200000
,1978.241000,0.020000,0.000000,-67.099998,-6.099995,6.099995,0.183000,0.200000,0.030000,0.200000
,1978.266000,0.025000,0.000000,-66.300003,-7.366692,7.366692,0.200000,0.200000,0.030000,0.200000
,1978.285000,0.019000,0.000000,-66.000000,-5.725976,5.725976,0.171779,0.200000,0.030000,0.200000
,1978.312000,0.027000,0.000000,-66.000000,-7.850269,7.850269,0.200000,0.200000,0.030000,0.200000
,1978.335000,0.023000,0.000000,-66.000000,-6.807175,6.807175,0.200000,0.200000,0.030000,0.200000
,1978.355000,0.020000,0.000000,-66.000000,-5.999995,5.999995,0.180000,0.200000,0.030000,0.200000
,1978.378000,0.023000,0.000000,-66.000000,-6.807175,6.807175,0.200000,0.200000,0.030000,0.200000
,1978.399000,0.021000,0.000000,-66.000000,-6.271469,6.271469,0.188144,0.200000,0.030000,0.200000
,1978.421000,0.022000,0.000000,-66.000000,-6.540560,6.540560,0.196217,0.200000,0.030000,0.200000
,1978.443000,0.022000,0.000000,-66.000000,-6.540497,6.540497,0.196215,0.200000,0.030000,0.200000
,1978.464000,0.021000,0.000000,-66.000000,-6.271533,6.271533,0.188146,0.200000,0.030000,0.200000
,1978.481000,0.017000,0.000000,-66.000000,-5.170496,5.170496,0.155115,0.200000,0.030000,0.200000
,1978.506000,0.025000,0.000000,-66.000000,-7.333358,7.333358,0.200000,0.200000,0.030000,0.200000
,1978.523000,0.017000,0.000000,-66.000000,-5.170496,5.170496,0.155115,0.200000,0.030000,0.200000
,1978.544000,0.021000,0.000000,-66.000000,-6.271469,6.271469,0.188144,0.200000,0.030000,0.200000
,1978.565000,0.021000,0.000000,-66.000000,-6.271469,6.271469,0.188144,0.200000,0.030000,0.200000
,1978.587000,0.022000,0.000000,-66.000000,-6.540560,6.540560,0.196217,0.200000,0.030000,0.200000
,1978.611000,0.024000,0.000000,-66.000000,-7.071410,7.071410,0.200000,0.200000,0.030000,0.200000
,1978.634000,0.023000,0.000000,-66.000000,-6.807175,6.807175,0.200000,0.200000,0.030000,0.200000
,1978.653000,0.019000,0.000000,-66.000000,-5.726042,5.726042,0.171781,0.200000,0.030000,0.200000
,1978.674000,0.021000,0.000000,-66.000000,-6.271533,6.271533,0.188146,0.200000,0.030000,0.200000
,1978.699000,0.025000,0.000000,-66.000000,-7.333296,7.333296,0.200000,0.200000,0.030000,0.200000
,1978.717000,0.018000,0.000000,-66.000000,-5.449576,5.449576,0.163487,0.200000,0.030000,0.200000
,1978.741000,0.024000,0.000000,-66.000000,-7.071410,7.071410,0.200000,0.200000,0.030000,0.200000
,1978.763000,0.022000,0.000000,-66.000000,-6.540560,6.540560,0.196217,0.200000,0.030000,0.200000
,1978.784000,0.021000,0.000000,-66.000000,-6.271469,6.271469,0.188144,0.200000,0.030000,0.200000
,1978.803000,0.019000,0.000000,-66.000000,-5.726042,5.726042,0.171781,0.200000,0.030000,0.200000
,1978.829000,0.026000,0.000000,-66.000000,-7.592927,7.592927,0.200000,0.200000,0.030000,0.200000
,1978.849000,0.020000,0.000000,-66.000000,-5.999995,5.999995,0.180000,0.200000,0.030000,0.200000
,1978.875000,0.026000,0.000000,-66.000000,-7.592927,7.592927,0.200000,0.200000,0.030000,0.200000
,1978.899000,0.024000,0.000000,-66.000000,-7.071410,7.071410,0.200000,0.200000,0.030000,0.200000
,1978.919000,0.020000,0.000000,-66.000000,-5.999995,5.999995,0.180000,0.200000,0.030000,0.200000
,1978.942000,0.023000,0.000000,-66.000000,-6.807175,6.807175,0.200000,0.200000,0.030000,0.200000
,1978.962000,0.020000,0.000000,-66.000000,-5.999995,5.999995,0.180000,0.200000,0.030000,0.200000
,1978.983000,0.021000,0.000000,-66.000000,-6.271533,6.271533,0.188146,0.200000,0.030000,0.200000
,1979.007000,0.024000,0.000000,-66.000000,-7.071410,7.071410,0.200000,0.200000,0.030000,0.200000
,1979.029000,0.022000,0.000000,-66.000000,-6.540560,6.540560,0.196217,0.200000,0.030000,0.200000
,1979.049000,0.020000,0.000000,-66.000000,-5.999995,5.999995,0.180000,0.200000,0.030000,0.200000
,1979.066000,0.017000,0.000000,-66.000000,-5.170496,5.170496,0.155115,0.200000,0.030000,0.200000
,1979.084000,0.018000,0.000000,-66.000000,-5.449510,5.449510,0.163485,0.200000,0.030000,0.200000
,1979.107000,0.023000,0.000000,-66.000000,-6.807175,6.807175,0.200000,0.200000,0.030000,0.200000
,1979.126000,0.019000,0.000000,-66.000000,-5.726042,5.726042,0.171781,0.200000,0.030000,0.200000
,1979.141000,0.015000,0.000000,-66.000000,-4.604681,4.604681,0.138140,0.200000,0.030000,0.200000
,1979.158000,0.017000,0.000000,-66.000000,-5.170496,5.170496,0.155115,0.200000,0.030000,0.200000
,1979.175000,0.017000,0.000000,-66.000000,-5.170496,5.170496,0.155115,0.200000,0.030000,0.200000
,1979.195000,0.020000,0.000000,-66.000000,-5.999995,5.999995,0.180000,0.200000,0.030000,0.200000
,1979.222000,0.027000,0.000000,-66.000000,-7.850207,7.850207,0.200000,0.200000,0.030000,0.200000
,1979.241000,0.019000,0.000000,-66.000000,-5.726042,5.726042,0.171781,0.200000,0.030000,0.200000
,1979.264000,0.023000,0.000000,-66.000000,-6.807175,6.807175,0.200000,0.200000,0.030000,0.200000
,1979.285000,0.021000,0.000000,-66.000000,-6.271469,6.271469,0.188144,0.200000,0.030000,0.200000
,1979.302000,0.017000,0.000000,-66.000000,-5.170563,5.170563,0.155117,0.200000,0.030000,0.200000
,1979.322000,0.020000,0.000000,-66.000000,-5.999995,5.999995,0.180000,0.200000,0.030000,0.200000
,1979.343000,0.021000,0.000000,-66.000000,-6.271469,6.271469,0.188144,0.200000,0.030000,0.200000
,1979.363000,0.020000,0.000000,-66.000000,-5.999995,5.999995,0.180000,0.200000,0.030000,0.200000
,1979.384000,0.021000,0.000000,-66.000000,-6.271469,6.271469,0.188144,0.200000,0.030000,0.200000
,1979.405000,0.021000,0.000000,-66.000000,-6.271533,6.271533,0.188146,0.200000,0.030000,0.200000
,1979.430000,0.025000,0.000000,-66.000000,-7.333296,7.333296,0.200000,0.200000,0.030000,0.200000
,1979.449000,0.019000,0.000000,-66.000000,-5.726042,5.726042,0.171781,0.200000,0.030000,0.200000
,1979.467000,0.018000,0.000000,-66.000000,-5.449576,5.449576,0.163487,0.200000,0.030000,0.200000
,1979.487000,0.020000,0.000000,-66.000000,-5.999995,5.999995,0.180000,0.200000,0.030000,0.200000
,1979.507000,0.020000,0.000000,-66.000000,-5.999995,5.999995,0.180000,0.200000,0.030000,0.200000
,1979.528000,0.021000,101.000000,-66.000000,-6.271469,107.271469,0.200000,0.200000,0.030000,0.200000
,1979.555000,0.027000,101.000000,-66.000000,-7.850207,108.850204,0.200000,0.200000,0.030000,0.200000
,1979.578000,0.023000,101.000000,-66.000000,-6.807175,107.807175,0.200000,0.200000,0.030000,0.200000
,1979.599000,0.021000,101.000000,-66.000000,-6.271533,107.271530,0.200000,0.200000,0.030000,0.200000
,1979.621000,0.022000,101.000000,-66.000000,-6.540560,107.540558,0.200000,0.200000,0.030000,0.200000
,1979.643000,0.022000,101.000000,-66.000000,-6.540497,107.540497,0.200000,0.200000,0.030000,0.200000
,1979.664000,0.021000,101.000000,-66.000000,-6.271533,107.271530,0.200000,0.200000,0.030000,0.200000
,1979.680000,0.016000,101.000000,-66.000000,-4.888831,105.888832,0.200000,0.200000,0.030000,0.200000
,1979.702000,0.022000,80.000000,-66.000000,-6.540560,86.540558,0.200000,0.200000,0.030000,0.200000
,1979.726000,0.024000,80.000000,-66.000000,-7.071410,87.071411,0.200000,0.200000,0.030000,0.200000
,1979.746000,0.020000,80.000000,-66.000000,-6.000060,86.000061,0.200000,0.200000,0.030000,0.200000
,1979.762000,0.016000,80.000000,-66.000000,-4.888831,84.888832,0.200000,0.200000,0.030000,0.200000
,1979.783000,0.021000,80.000000,-66.000000,-6.271533,86.271530,0.200000,0.200000,0.030000,0.200000
,1979.803000,0.020000,80.000000,-66.000000,-5.999995,85.999992,0.200000,0.200000,0.030000,0.200000
,1979.824000,0.021000,80.000000,-66.000000,-6.271469,86.271469,0.200000,0.200000,0.030000,0.200000
,1979.849000,0.025000,80.000000,-66.000000,-7.333358,87.333359,0.200000,0.200000,0.030000,0.200000
,1979.864000,0.015000,80.000000,-66.000000,-4.604613,84.604614,0.200000,0.200000,0.030000,0.200000
,1979.883000,0.019000,0.000000,-66.000000,-5.726042,5.726042,0.171781,0.200000,0.030000,0.200000
,1979.906000,0.023000,0.000000,-66.000000,-6.807175,6.807175,0.200000,0.200000,0.030000,0.200000
,1979.923000,0.017000,0.000000,-66.000000,-5.170496,5.170496,0.155115,0.200000,0.030000,0.200000
,1979.951000,0.028000,0.000000,-66.000000,-8.105292,8.105292,0.200000,0.200000,0.030000,0.200000
,1979.974000,0.023000,0.000000,-66.000000,-6.807175,6.807175,0.200000,0.200000,0.030000,0.200000
,1979.998000,0.024000,0.000000,-66.000000,-7.071410,7.071410,0.200000,0.200000,0.030000,0.200000
,1980.018000,0.020000,0.000000,-66.000000,-5.999995,5.999995,0.180000,0.200000,0.030000,0.200000
,1980.034000,0.016000,0.000000,-66.000000,-4.888898,4.888898,0.146667,0.200000,0.030000,0.200000
,1980.054000,0.020000,0.000000,-66.000000,-5.999995,5.999995,0.180000,0.200000,0.030000,0.200000
,1980.078000,0.024000,0.000000,-66.000000,-7.071410,7.071410,0.200000,0.200000,0.030000,0.200000
,1980.100000,0.022000,0.000000,-66.000000,-6.540560,6.540560,0.196217,0.200000,0.030000,0.200000
,1980.117000,0.017000,0.000000,-66.000000,-5.170496,5.170496,0.155115,0.200000,0.030000,0.200000
,1980.136000,0.019000,0.000000,-66.000000,-5.726042,5.726042,0.171781,0.200000,0.030000,0.200000
,1980.157000,0.021000,0.000000,-66.000000,-6.271469,6.271469,0.188144,0.200000,0.030000,0.200000
,1980.174000,0.017000,0.000000,-66.000000,-5.170563,5.170563,0.155117,0.200000,0.030000,0.200000
,1980.193000,0.019000,24.000000,-66.000000,-5.725976,29.725977,0.200000,0.200000,0.030000,0.200000
,1980.215000,0.022000,24.000000,-66.000000,-6.540560,30.540560,0.200000,0.200000,0.030000,0.200000
,1980.235000,0.020000,24.000000,-66.000000,-5.999995,29.999994,0.200000,0.200000,0.030000,0.200000
,1980.251000,0.016000,24.000000,-66.000000,-4.888898,28.888897,0.200000,0.200000,0.030000,0.200000
,1980.280000,0.029000,24.000000,-66.000000,-8.358089,32.358089,0.200000,0.200000,0.030000,0.200000
,1980.296000,0.016000,24.000000,-66.000000,-4.888898,28.888897,0.200000,0.200000,0.030000,0.200000
,1980.316000,0.020000,24.000000,-66.000000,-5.999995,29.999994,0.200000,0.200000,0.030000,0.200000
,1980.343000,0.027000,24.000000,-66.000000,-7.850207,31.850208,0.200000,0.200000,0.030000,0.200000
,1980.361000,0.018000,-10000.000000,-66.000000,-5.449510,-9994.550781,-0.200000,0.200000,0.030000,0.200000
,1980.380000,0.019000,-10000.000000,-66.000000,-5.726042,-9994.274414,-0.200000,0.200000,0.030000,0.200000
,1980.399000,0.019000,0.000000,-66.000000,-5.726042,5.726042,0.171781,0.200000,0.030000,0.200000
,1980.419000,0.020000,0.000000,-66.000000,-5.999995,5.999995,0.180000,0.200000,0.030000,0.200000
,1980.438000,0.019000,0.000000,-66.000000,-5.726042,5.726042,0.171781,0.200000,0.030000,0.200000
,1980.456000,0.018000,0.000000,-66.000000,-5.449510,5.449510,0.163485,0.200000,0.030000,0.200000
,1980.474000,0.018000,0.000000,-66.000000,-5.449576,5.449576,0.163487,0.200000,0.030000,0.200000
,1980.490000,0.016000,0.000000,-66.000000,-4.888898,4.888898,0.146667,0.200000,0.030000,0.200000
,1980.508000,0.018000,0.000000,-66.000000,-5.449510,5.449510,0.163485,0.200000,0.030000,0.200000
,1980.523000,0.015000,0.000000,-66.000000,-4.604681,4.604681,0.138140,0.200000,0.030000,0.200000
,1980.543000,0.020000,0.000000,-66.000000,-5.999995,5.999995,0.180000,0.200000,0.030000,0.200000
,1980.556000,0.013000,0.000000,-66.000000,-4.028172,4.028172,0.120845,0.200000,0.030000,0.200000
,1980.579000,0.023000,0.000000,-66.000000,-6.807175,6.807175,0.200000,0.200000,0.030000,0.200000
,1980.595000,0.016000,0.000000,-66.000000,-4.888898,4.888898,0.146667,0.200000,0.030000,0.200000
,1980.613000,0.018000,0.000000,-66.000000,-5.449510,5.449510,0.163485,0.200000,0.030000,0.200000
,1980.632000,0.019000,0.000000,-66.000000,-5.726042,5.726042,0.171781,0.200000,0.030000,0.200000
,1980.652000,0.020000,0.000000,-66.000000,-5.999995,5.999995,0.180000,0.200000,0.030000,0.200000
,1980.671000,0.019000,0.000000,-66.000000,-5.726042,5.726042,0.171781,0.200000,0.030000,0.200000
,1980.686000,0.015000,0.000000,-66.000000,-4.604613,4.604613,0.138138,0.200000,0.030000,0.200000
,1980.708000,0.022000,0.000000,-66.000000,-6.540560,6.540560,0.196217,0.200000,0.030000,0.200000
,1980.726000,0.018000,0.000000,-66.000000,-5.449510,5.449510,0.163485,0.200000,0.030000,0.200000
,1980.746000,0.020000,0.000000,-66.000000,-6.000060,6.000060,0.180002,0.200000,0.030000,0.200000
,1980.763000,0.017000,0.000000,-66.000000,-5.170496,5.170496,0.155115,0.200000,0.030000,0.200000
,1980.784000,0.021000,0.000000,-66.000000,-6.271469,6.271469,0.188144,0.200000,0.030000,0.200000
,1980.800000,0.016000,0.000000,-66.000000,-4.888898,4.888898,0.146667,0.200000,0.030000,0.200000
,1980.822000,0.022000,0.000000,-66.000000,-6.540560,6.540560,0.196217,0.200000,0.030000,0.200000
,1980.838000,0.016000,0.000000,-66.000000,-4.888831,4.888831,0.146665,0.200000,0.030000,0.200000
,1980.858000,0.020000,0.000000,-66.000000,-6.000060,6.000060,0.180002,0.200000,0.030000,0.200000
,1980.876000,0.018000,0.000000,-66.000000,-5.449510,5.449510,0.163485,0.200000,0.030000,0.200000
,1980.896000,0.020000,0.000000,-66.000000,-5.999995,5.999995,0.180000,0.200000,0.030000,0.200000
,1980.913000,0.017000,0.000000,-66.000000,-5.170496,5.170496,0.155115,0.200000,0.030000,0.200000
,1980.929000,0.016000,0.000000,-66.000000,-4.888898,4.888898,0.146667,0.200000,0.030000,0.200000
,1980.947000,0.018000,0.000000,-66.000000,-5.449576,5.449576,0.163487,0.200000,0.030000,0.200000
,1980.963000,0.016000,0.000000,-66.000000,-4.888831,4.888831,0.146665,0.200000,0.030000,0.200000
,1980.988000,0.025000,0.000000,-66.000000,-7.333358,7.333358,0.200000,0.200000,0.030000,0.200000
,1981.010000,0.022000,0.000000,-66.000000,-6.540560,6.540560,0.196217,0.200000,0.030000,0.200000
,1981.028000,0.018000,0.000000,-66.000000,-5.449510,5.449510,0.163485,0.200000,0.030000,0.200000
,1981.046000,0.018000,0.000000,-66.000000,-5.449576,5.449576,0.163487,0.200000,0.030000,0.200000
,1981.063000,0.017000,0.000000,-66.000000,-5.170496,5.170496,0.155115,0.200000,0.030000,0.200000
,1981.079000,0.016000,0.000000,-66.000000,-4.888898,4.888898,0.146667,0.200000,0.030000,0.200000
,1981.099000,0.020000,0.000000,-66.000000,-5.999995,5.999995,0.180000,0.200000,0.030000,0.200000
,1981.115000,0.016000,0.000000,-66.000000,-4.888898,4.888898,0.146667,0.200000,0.030000,0.200000
,1981.135000,0.020000,0.000000,-66.000000,-5.999995,5.999995,0.180000,0.200000,0.030000,0.200000
,1981.150000,0.015000,0.000000,-66.000000,-4.604613,4.604613,0.138138,0.200000,0.030000,0.200000
,1981.168000,0.018000,0.000000,-66.000000,-5.449576,5.449576,0.163487,0.200000,0.030000,0.200000
,1981.190000,0.022000,0.000000,-66.000000,-6.540497,6.540497,0.196215,0.200000,0.030000,0.200000
,1981.210000,0.020000,0.000000,-66.000000,-6.000060,6.000060,0.180002,0.200000,0.030000,0.200000
,1981.230000,0.020000,0.000000,-66.000000,-5.999995,5.999995,0.180000,0.200000,0.030000,0.200000
,1981.250000,0.020000,0.000000,-66.000000,-5.999995,5.999995,0.180000,0.200000,0.030000,0.200000
,1981.271000,0.021000,0.000000,-66.000000,-6.271469,6.271469,0.188144,0.200000,0.030000,0.200000
,1981.293000,0.022000,0.000000,-66.000000,-6.540560,6.540560,0.196217,0.200000,0.030000,0.200000
,1981.312000,0.019000,0.000000,-66.000000,-5.726042,5.726042,0.171781,0.200000,0.030000,0.200000
,1981.333000,0.021000,0.000000,-66.000000,-6.271469,6.271469,0.188144,0.200000,0.030000,0.200000
,1981.351000,0.018000,0.000000,-66.000000,-5.449510,5.449510,0.163485,0.200000,0.030000,0.200000
,1981.371000,0.020000,0.000000,-66.000000,-6.000060,6.000060,0.180002,0.200000,0.030000,0.200000
,1981.392000,0.021000,0.000000,-66.000000,-6.271469,6.271469,0.188144,0.200000,0.030000,0.200000
,1981.412000,0.020000,0.000000,-66.000000,-5.999995,5.999995,0.180000,0.200000,0.030000,0.200000
,1981.430000,0.018000,0.000000,-66.000000,-5.449510,5.449510,0.163485,0.200000,0.030000,0.200000
,1981.447000,0.017000,0.000000,-66.000000,-5.170563,5.170563,0.155117,0.200000,0.030000,0.200000
,1981.466000,0.019000,0.000000,-66.000000,-5.725976,5.725976,0.171779,0.200000,0.030000,0.200000
,1981.483000,0.017000,0.000000,-66.000000,-5.170563,5.170563,0.155117,0.200000,0.030000,0.200000
,1981.508000,0.025000,0.000000,-66.000000,-7.333296,7.333296,0.200000,0.200000,0.030000,0.200000
,1981.524000,0.016000,0.000000,-66.000000,-4.888898,4.888898,0.146667,0.200000,0.030000,0.200000
,1981.545000,0.021000,0.000000,-66.000000,-6.271469,6.271469,0.188144,0.200000,0.030000,0.200000
,1981.560000,0.015000,0.000000,-66.000000,-4.604681,4.604681,0.138140,0.200000,0.030000,0.200000
,1981.577000,0.017000,0.000000,-66.000000,-5.170496,5.170496,0.155115,0.200000,0.030000,0.200000
,1981.593000,0.016000,0.000000,-66.000000,-4.888898,4.888898,0.146667,0.200000,0.030000,0.200000
,1981.612000,0.019000,0.000000,-66.000000,-5.726042,5.726042,0.171781,0.200000,0.030000,0.200000
,1981.628000,0.016000,0.000000,-66.000000,-4.888898,4.888898,0.146667,0.200000,0.030000,0.200000
,1981.646000,0.018000,0.000000,-66.000000,-5.449510,5.449510,0.163485,0.200000,0.030000,0.200000
,1981.669000,0.023000,0.000000,-66.000000,-6.807175,6.807175,0.200000,0.200000,0.030000,0.200000
,1981.690000,0.021000,0.000000,-66.000000,-6.271469,6.271469,0.188144,0.200000,0.030000,0.200000
,1981.710000,0.020000,0.000000,-66.000000,-6.000060,6.000060,0.180002,0.200000,0.030000,0.200000
,1981.730000,0.020000,0.000000,-66.000000,-5.999995,5.999995,0.180000,0.200000,0.030000,0.200000
,1981.748000,0.018000,0.000000,-66.000000,-5.449510,5.449510,0.163485,0.200000,0.030000,0.200000
,1981.764000,0.016000,0.000000,-66.000000,-4.888898,4.888898,0.146667,0.200000,0.030000,0.200000
,1981.784000,0.020000,0.000000,-66.000000,-5.999995,5.999995,0.180000,0.200000,0.030000,0.200000
,1981.801000,0.017000,0.000000,-66.000000,-5.170496,5.170496,0.155115,0.200000,0.030000,0.200000
,1981.817000,0.016000,0.000000,-66.000000,-4.888898,4.888898,0.146667,0.200000,0.030000,0.200000
,1981.834000,0.017000,0.000000,-66.000000,-5.170496,5.170496,0.155115,0.200000,0.030000,0.200000
,1981.853000,0.019000,0.000000,-66.000000,-5.726042,5.726042,0.171781,0.200000,0.030000,0.200000
,1981.870000,0.017000,0.000000,-66.000000,-5.170496,5.170496,0.155115,0.200000,0.030000,0.200000
,1981.892000,0.022000,0.000000,-66.000000,-6.540560,6.540560,0.196217,0.200000,0.030000,0.200000
,1981.913000,0.021000,0.000000,-66.000000,-6.271469,6.271469,0.188144,0.200000,0.030000,0.200000
,1981.930000,0.017000,0.000000,-66.000000,-5.170496,5.170496,0.155115,0.200000,0.030000,0.200000
,1981.950000,0.020000,0.000000,-66.000000,-6.000060,6.000060,0.180002,0.200000,0.030000,0.200000
,1981.968000,0.018000,0.000000,-66.000000,-5.449510,5.449510,0.163485,0.200000,0.030000,0.200000
,1981.987000,0.019000,0.000000,-66.000000,-5.726042,5.726042,0.171781,0.200000,0.030000,0.200000
,1982.008000,0.021000,0.000000,-66.000000,-6.271469,6.271469,0.188144,0.200000,0.030000,0.200000
,1982.029000,0.021000,0.000000,-66.000000,-6.271533,6.271533,0.188146,0.200000,0.030000,0.200000
,1982.048000,0.019000,0.000000,-66.000000,-5.725976,5.725976,0.171779,0.200000,0.030000,0.200000
,1982.063000,0.015000,0.000000,-66.000000,-4.604681,4.604681,0.138140,0.200000,0.030000,0.200000
,1982.076000,0.013000,0.000000,-66.000000,-4.028172,4.028172,0.120845,0.200000,0.030000,0.200000
,1982.096000,0.020000,0.000000,-66.000000,-5.999995,5.999995,0.180000,0.200000,0.030000,0.200000
,1982.113000,0.017000,0.000000,-66.000000,-5.170496,5.170496,0.155115,0.200000,0.030000,0.200000
,1982.133000,0.020000,0.000000,-66.000000,-5.999995,5.999995,0.180000,0.200000,0.030000,0.200000
,1982.151000,0.018000,0.000000,-66.000000,-5.449576,5.449576,0.163487,0.200000,0.030000,0.200000
,1982.172000,0.021000,0.000000,-66.000000,-6.271469,6.271469,0.188144,0.200000,0.030000,0.200000
,1982.190000,0.018000,0.000000,-66.000000,-5.449510,5.449510,0.163485,0.200000,0.030000,0.200000
,1982.209000,0.019000,0.000000,-66.000000,-5.726042,5.726042,0.171781,0.200000,0.030000,0.200000
,1982.229000,0.020000,0.000000,-66.000000,-5.999995,5.999995,0.180000,0.200000,0.030000,0.200000
,1982.249000,0.020000,0.000000,-66.000000,-5.999995,5.999995,0.180000,0.200000,0.030000,0.200000
,1982.271000,0.022000,0.000000,-66.000000,-6.540560,6.540560,0.196217,0.200000,0.030000,0.200000
,1982.295000,0.024000,0.000000,-66.000000,-7.071410,7.071410,0.200000,0.200000,0.030000,0.200000
,1982.313000,0.018000,0.000000,-66.000000,-5.449576,5.449576,0.163487,0.200000,0.030000,0.200000
,1982.337000,0.024000,0.000000,-66.000000,-7.071410,7.071410,0.200000,0.200000,0.030000,0.200000
,1982.356000,0.019000,0.000000,-66.000000,-5.726042,5.726042,0.171781,0.200000,0.030000,0.200000
,1982.379000,0.023000,0.000000,-66.000000,-6.807175,6.807175,0.200000,0.200000,0.030000,0.200000
,1982.399000,0.020000,0.000000,-66.000000,-5.999995,5.999995,0.180000,0.200000,0.030000,0.200000
,1982.420000,0.021000,0.000000,-66.000000,-6.271469,6.271469,0.188144,0.200000,0.030000,0.200000
,1982.436000,0.016000,0.000000,-66.000000,-4.888898,4.888898,0.146667,0.200000,0.030000,0.200000
,1982.458000,0.022000,0.000000,-66.000000,-6.540560,6.540560,0.196217,0.200000,0.030000,0.200000
,1982.477000,0.019000,0.000000,-66.000000,-5.726042,5.726042,0.171781,0.200000,0.030000,0.200000
,1982.496000,0.019000,0.000000,-66.000000,-5.726042,5.726042,0.171781,0.200000,0.030000,0.200000
,1982.519000,0.023000,0.000000,-66.000000,-6.807112,6.807112,0.200000,0.200000,0.030000,0.200000
,1982.541000,0.022000,0.000000,-66.000000,-6.540560,6.540560,0.196217,0.200000,0.030000,0.200000
,1982.560000,0.019000,0.000000,-66.000000,-5.726042,5.726042,0.171781,0.200000,0.030000,0.200000
,1982.580000,0.020000,0.000000,-66.000000,-5.999995,5.999995,0.180000,0.200000,0.030000,0.200000
,1982.597000,0.017000,0.000000,-66.000000,-5.170496,5.170496,0.155115,0.200000,0.030000,0.200000
,1982.618000,0.021000,0.000000,-66.000000,-6.271533,6.271533,0.188146,0.200000,0.030000,0.200000
,1982.634000,0.016000,0.000000,-66.000000,-4.888831,4.888831,0.146665,0.200000,0.030000,0.200000
,1982.654000,0.020000,0.000000,-66.000000,-6.000060,6.000060,0.180002,0.200000,0.030000,0.200000
,1982.672000,0.018000,0.000000,-66.000000,-5.449510,5.449510,0.163485,0.200000,0.030000,0.200000
,1982.692000,0.020000,0.000000,-66.000000,-5.999995,5.999995,0.180000,0.200000,0.030000,0.200000
,1982.714000,0.022000,0.000000,-66.000000,-6.540560,6.540560,0.196217,0.200000,0.030000,0.200000
,1982.737000,0.023000,0.000000,-66.000000,-6.807175,6.807175,0.200000,0.200000,0.030000,0.200000
,1982.758000,0.021000,0.000000,-66.000000,-6.271469,6.271469,0.188144,0.200000,0.030000,0.200000
,1982.780000,0.022000,0.000000,-66.000000,-6.540560,6.540560,0.196217,0.200000,0.030000,0.200000
,1982.798000,0.018000,0.000000,-66.000000,-5.449510,5.449510,0.163485,0.200000,0.030000,0.200000
,1982.821000,0.023000,0.000000,-66.000000,-6.807175,6.807175,0.200000,0.200000,0.030000,0.200000
,1982.834000,0.013000,0.000000,-66.000000,-4.028172,4.028172,0.120845,0.200000,0.030000,0.200000
,1982.854000,0.020000,0.000000,-66.000000,-5.999995,5.999995,0.180000,0.200000,0.030000,0.200000
,1982.870000,0.016000,0.000000,-66.000000,-4.888898,4.888898,0.146667,0.200000,0.030000,0.200000
,1982.899000,0.029000,0.000000,-66.000000,-8.358089,8.358089,0.200000,0.200000,0.030000,0.200000
,1982.913000,0.014000,0.000000,-66.000000,-4.317739,4.317739,0.129532,0.200000,0.030000,0.200000
,1982.933000,0.020000,0.000000,-66.000000,-5.999995,5.999995,0.180000,0.200000,0.030000,0.200000
,1982.951000,0.018000,0.000000,-66.000000,-5.449576,5.449576,0.163487,0.200000,0.030000,0.200000
,1982.969000,0.018000,0.000000,-66.000000,-5.449510,5.449510,0.163485,0.200000,0.030000,0.200000
,1982.989000,0.020000,0.000000,-66.000000,-5.999995,5.999995,0.180000,0.200000,0.030000,0.200000
,1983.009000,0.020000,0.000000,-66.000000,-5.999995,5.999995,0.180000,0.200000,0.030000,0.200000
,1983.029000,0.020000,0.000000,-66.000000,-6.000060,6.000060,0.180002,0.200000,0.030000,0.200000
,1983.045000,0.016000,0.000000,-66.000000,-4.888831,4.888831,0.146665,0.200000,0.030000,0.200000
,1983.064000,0.019000,0.000000,-66.000000,-5.726042,5.726042,0.171781,0.200000,0.030000,0.200000
,1983.074000,0.010000,0.000000,-66.000000,-3.142854,3.142854,0.094286,0.200000,0.030000,0.200000
,1983.090000,0.016000,0.000000,-66.000000,-4.888898,4.888898,0.146667,0.200000,0.030000,0.200000
,1983.108000,0.018000,0.000000,-66.000000,-5.449576,5.449576,0.163487,0.200000,0.030000,0.200000
,1983.129000,0.021000,0.000000,-66.000000,-6.271469,6.271469,0.188144,0.200000,0.030000,0.200000
,1983.149000,0.020000,0.000000,-66.000000,-5.999995,5.999995,0.180000,0.200000,0.030000,0.200000
,1983.170000,0.021000,0.000000,-66.000000,-6.271469,6.271469,0.188144,0.200000,0.030000,0.200000
,1983.189000,0.019000,0.000000,-66.000000,-5.726042,5.726042,0.171781,0.200000,0.030000,0.200000
,1983.209000,0.020000,0.000000,-66.000000,-5.999995,5.999995,0.180000,0.200000,0.030000,0.200000
,1983.224000,0.015000,0.000000,-66.000000,-4.604681,4.604681,0.138140,0.200000,0.030000,0.200000
,1983.239000,0.015000,0.000000,-66.000000,-4.604613,4.604613,0.138138,0.200000,0.030000,0.200000
,1983.259000,0.020000,0.000000,-66.000000,-5.999995,5.999995,0.180000,0.200000,0.030000,0.200000
,1983.273000,0.014000,0.000000,-66.000000,-4.317808,4.317808,0.129534,0.200000,0.030000,0.200000
,1983.290000,0.017000,0.000000,-66.000000,-5.170496,5.170496,0.155115,0.200000,0.030000,0.200000
,1983.306000,0.016000,0.000000,-66.000000,-4.888898,4.888898,0.146667,0.200000,0.030000,0.200000
,1983.322000,0.016000,0.000000,-66.000000,-4.888898,4.888898,0.146667,0.200000,0.030000,0.200000
,1983.335000,0.013000,0.000000,-66.000000,-4.028172,4.028172,0.120845,0.200000,0.030000,0.200000
,1983.350000,0.015000,0.000000,-66.000000,-4.604613,4.604613,0.138138,0.200000,0.030000,0.200000
,1983.367000,0.017000,0.000000,-66.000000,-5.170496,5.170496,0.155115,0.200000,0.030000,0.200000
,1983.386000,0.019000,0.000000,-66.000000,-5.726042,5.726042,0.171781,0.200000,0.030000,0.200000
,1983.407000,0.021000,0.000000,-66.000000,-6.271469,6.271469,0.188144,0.200000,0.030000,0.200000
,1983.428000,0.021000,0.000000,-66.000000,-6.271533,6.271533,0.188146,0.200000,0.030000,0.200000
,1983.448000,0.020000,0.000000,-66.000000,-5.999995,5.999995,0.180000,0.200000,0.030000,0.200000
,1983.468000,0.020000,0.000000,-66.000000,-5.999995,5.999995,0.180000,0.200000,0.030000,0.200000
,1983.489000,0.021000,0.000000,-66.000000,-6.271469,6.271469,0.188144,0.200000,0.030000,0.200000
,1983.506000,0.017000,0.000000,-66.000000,-5.170563,5.170563,0.155117,0.200000,0.030000,0.200000
,1983.523000,0.017000,0.000000,-66.000000,-5.170496,5.170496,0.155115,0.200000,0.030000,0.200000
,1983.536000,0.013000,0.000000,-66.000000,-4.028172,4.028172,0.120845,0.200000,0.030000,0.200000
,1983.552000,0.016000,0.000000,-66.000000,-4.888898,4.888898,0.146667,0.200000,0.030000,0.200000
,1983.570000,0.018000,0.000000,-66.000000,-5.449510,5.449510,0.163485,0.200000,0.030000,0.200000
,1983.589000,0.019000,0.000000,-66.000000,-5.726042,5.726042,0.171781,0.200000,0.030000,0.200000
,1983.605000,0.016000,0.000000,-66.000000,-4.888898,4.888898,0.146667,0.200000,0.030000,0.200000
,1983.618000,0.013000,0.000000,-66.000000,-4.028172,4.028172,0.120845,0.200000,0.030000,0.200000
,1983.636000,0.018000,0.000000,-66.000000,-5.449510,5.449510,0.163485,0.200000,0.030000,0.200000
,1983.655000,0.019000,0.000000,-66.000000,-5.726042,5.726042,0.171781,0.200000,0.030000,0.200000
,1983.669000,0.014000,0.000000,-66.000000,-4.317739,4.317739,0.129532,0.200000,0.030000,0.200000
,1983.678000,0.009000,0.000000,-66.000000,-2.842124,2.842124,0.085264,0.200000,0.030000,0.200000
,1983.694000,0.016000,0.000000,-66.000000,-4.888898,4.888898,0.146667,0.200000,0.030000,0.200000
,1983.708000,0.014000,0.000000,-66.000000,-4.317739,4.317739,0.129532,0.200000,0.030000,0.200000
,1983.722000,0.014000,0.000000,-66.000000,-4.317739,4.317739,0.129532,0.200000,0.030000,0.200000
,1983.736000,0.014000,0.000000,-66.000000,-4.317739,4.317739,0.129532,0.200000,0.030000,0.200000
,1983.754000,0.018000,0.000000,-66.000000,-5.449576,5.449576,0.163487,0.200000,0.030000,0.200000
,1983.775000,0.021000,0.000000,-66.000000,-6.271469,6.271469,0.188144,0.200000,0.030000,0.200000
,1983.796000,0.021000,0.000000,-66.000000,-6.271533,6.271533,0.188146,0.200000,0.030000,0.200000
,1983.815000,0.019000,0.000000,-66.000000,-5.725976,5.725976,0.171779,0.200000,0.030000,0.200000
,1983.835000,0.020000,0.000000,-66.000000,-6.000060,6.000060,0.180002,0.200000,0.030000,0.200000
,1983.856000,0.021000,0.000000,-66.000000,-6.271469,6.271469,0.188144,0.200000,0.030000,0.200000
,1983.871000,0.015000,0.000000,-66.000000,-4.604681,4.604681,0.138140,0.200000,0.030000,0.200000
,1983.885000,0.014000,0.000000,-66.000000,-4.317739,4.317739,0.129532,0.200000,0.030000,0.200000
,1983.900000,0.015000,0.000000,-66.000000,-4.604613,4.604613,0.138138,0.200000,0.030000,0.200000
,1983.915000,0.015000,0.000000,-66.000000,-4.604681,4.604681,0.138140,0.200000,0.030000,0.200000
,1983.931000,0.016000,0.000000,-66.000000,-4.888898,4.888898,0.146667,0.200000,0.030000,0.200000
,1983.946000,0.015000,0.000000,-66.000000,-4.604613,4.604613,0.138138,0.200000,0.030000,0.200000
,1983.966000,0.020000,0.000000,-66.000000,-5.999995,5.999995,0.180000,0.200000,0.030000,0.200000
,1983.984000,0.018000,0.000000,-66.000000,-5.449576,5.449576,0.163487,0.200000,0.030000,0.200000
,1984.002000,0.018000,0.000000,-66.000000,-5.449510,5.449510,0.163485,0.200000,0.030000,0.200000
,1984.017000,0.015000,0.000000,-66.000000,-4.604681,4.604681,0.138140,0.200000,0.030000,0.200000
,1984.036000,0.019000,0.000000,-66.000000,-5.726042,5.726042,0.171781,0.200000,0.030000,0.200000
,1984.053000,0.017000,0.000000,-66.000000,-5.170496,5.170496,0.155115,0.200000,0.030000,0.200000
,1984.070000,0.017000,0.000000,-66.000000,-5.170496,5.170496,0.155115,0.200000,0.030000,0.200000
,1984.096000,0.026000,0.000000,-66.000000,-7.592927,7.592927,0.200000,0.200000,0.030000,0.200000
,1984.113000,0.017000,0.000000,-66.000000,-5.170496,5.170496,0.155115,0.200000,0.030000,0.200000
,1984.132000,0.019000,0.000000,-66.000000,-5.726042,5.726042,0.171781,0.200000,0.030000,0.200000
,1984.149000,0.017000,0.000000,-66.000000,-5.170496,5.170496,0.155115,0.200000,0.030000,0.200000
,1984.167000,0.018000,0.000000,-66.000000,-5.449510,5.449510,0.163485,0.200000,0.030000,0.200000
,1984.193000,0.026000,0.000000,-66.000000,-7.592927,7.592927,0.200000,0.200000,0.030000,0.200000
,1984.215000,0.022000,0.000000,-66.000000,-6.540560,6.540560,0.196217,0.200000,0.030000,0.200000
,1984.237000,0.022000,0.000000,-66.000000,-6.540560,6.540560,0.196217,0.200000,0.030000,0.200000
,1984.253000,0.016000,0.000000,-66.000000,-4.888898,4.888898,0.146667,0.200000,0.030000,0.200000
,1984.266000,0.013000,0.000000,-66.000000,-4.028172,4.028172,0.120845,0.200000,0.030000,0.200000
,1984.276000,0.010000,0.000000,-66.000000,-3.142854,3.142854,0.094286,0.200000,0.030000,0.200000
,1984.288000,0.012000,0.000000,-66.000000,-3.735804,3.735804,0.112074,0.200000,0.030000,0.200000
,1984.302000,0.014000,0.000000,-66.000000,-4.317808,4.317808,0.129534,0.200000,0.030000,0.200000
,1984.317000,0.015000,0.000000,-66.000000,-4.604613,4.604613,0.138138,0.200000,0.030000,0.200000
,1984.329000,0.012000,0.000000,-66.000000,-3.735874,3.735874,0.112076,0.200000,0.030000,0.200000
,1984.344000,0.015000,0.000000,-66.000000,-4.604613,4.604613,0.138138,0.200000,0.030000,0.200000
,1984.360000,0.016000,0.000000,-66.000000,-4.888898,4.888898,0.146667,0.200000,0.030000,0.200000
,1984.378000,0.018000,0.000000,-66.000000,-5.449576,5.449576,0.163487,0.200000,0.030000,0.200000
,