177.448000,177.448000,290.000000,236.211700,235.945770,54.054226,-0.350000,0.200000,0.055556,0.350000,
177.512000,0.064000,290.000000,236.200668,236.209030,53.790962,-0.350000,0.200000,0.055556,0.350000,
177.526000,0.014000,290.000000,236.181671,236.199432,53.800552,-0.350000,0.200000,0.055556,0.350000,
177.538000,0.012000,290.000000,236.165100,236.180740,53.819241,-0.350000,0.200000,0.055556,0.350000,
177.551000,0.013000,290.000000,236.165100,236.165100,53.834896,-0.350000,0.200000,0.055556,0.350000,
177.570000,0.019000,290.000000,236.150970,236.163879,53.836124,-0.350000,0.200000,0.055556,0.350000,
177.583000,0.013000,290.000000,236.163834,236.151764,53.848228,-0.350000,0.200000,0.055556,0.350000,
177.592000,0.009000,290.000000,236.163834,236.163834,53.836178,-0.350000,0.200000,0.055556,0.350000,
177.605000,0.013000,290.000000,236.198090,236.165924,53.834076,-0.350000,0.200000,0.055556,0.350000,
177.617000,0.012000,290.000000,236.198090,236.198090,53.801891,-0.350000,0.200000,0.055556,0.350000,
177.628000,0.011000,290.000000,236.191757,236.197754,53.802246,-0.350000,0.200000,0.055556,0.350000,
177.638000,0.010000,290.000000,236.133240,236.188965,53.811016,-0.350000,0.200000,0.055556,0.350000,
177.651000,0.013000,290.000000,236.133240,236.133240,53.866753,-0.350000,0.200000,0.055556,0.350000,
177.659000,0.008000,290.000000,236.040009,236.129654,53.870358,-0.350000,0.200000,0.055556,0.350000,
177.670000,0.011000,290.000000,235.959808,236.035828,53.964149,-0.350000,0.200000,0.055556,0.350000,
177.683000,0.013000,290.000000,235.959808,235.959808,54.040184,-0.350000,0.200000,0.055556,0.350000,
177.692000,0.009000,290.000000,235.959808,235.959808,54.040184,-0.350000,0.200000,0.055556,0.350000,
177.703000,0.011000,290.000000,235.915298,235.957489,54.042507,-0.350000,0.200000,0.055556,0.350000,
177.716000,0.013000,290.000000,235.915298,235.915283,54.084717,-0.350000,0.200000,0.055556,0.350000,
177.727000,0.011000,290.000000,235.899841,235.914490,54.085510,-0.350000,0.200000,0.055556,0.350000,
177.736000,0.009000,290.000000,235.874161,235.898743,54.101246,-0.350000,0.200000,0.055556,0.350000,
177.748000,0.012000,290.000000,235.874161,235.874161,54.125835,-0.350000,0.200000,0.055556,0.350000,
177.759000,0.011000,290.000000,235.797882,235.870178,54.129822,-0.350000,0.200000,0.055556,0.350000,
177.770000,0.011000,290.000000,235.797882,235.797882,54.202114,-0.350000,0.200000,0.055556,0.350000,
177.781000,0.011000,290.000000,235.738556,235.794785,54.205200,-0.350000,0.200000,0.055556,0.350000,
177.792000,0.011000,290.000000,235.738556,235.738556,54.261429,-0.350000,0.200000,0.055556,0.350000,
177.805000,0.013000,290.000000,235.717209,235.737244,54.262764,-0.350000,0.200000,0.055556,0.350000,
177.815000,0.010000,290.000000,235.725006,235.717575,54.282410,-0.350000,0.200000,0.055556,0.350000,
177.825000,0.010000,290.000000,235.725006,235.725006,54.275005,-0.350000,0.200000,0.055556,0.350000,
177.836000,0.011000,290.000000,235.756226,235.726624,54.273392,-0.350000,0.200000,0.055556,0.350000,
177.849000,0.013000,290.000000,235.756226,235.756226,54.243778,-0.350000,0.200000,0.055556,0.350000,
177.859000,0.010000,290.000000,235.784866,235.757599,54.242386,-0.350000,0.200000,0.055556,0.350000,
177.870000,0.011000,290.000000,235.789581,235.785110,54.214874,-0.350000,0.200000,0.055556,0.350000,
177.883000,0.013000,290.000000,235.789581,235.789581,54.210419,-0.350000,0.200000,0.055556,0.350000,
177.893000,0.010000,290.000000,235.779770,235.789124,54.210884,-0.350000,0.200000,0.055556,0.350000,
177.903000,0.010000,290.000000,235.779770,235.779770,54.220226,-0.350000,0.200000,0.055556,0.350000,
177.914000,0.011000,290.000000,235.774170,235.779480,54.220528,-0.350000,0.200000,0.055556,0.350000,
177.927000,0.013000,290.000000,235.774170,235.774170,54.225826,-0.350000,0.200000,0.055556,0.350000,
177.938000,0.011000,290.000000,235.793243,235.775162,54.224815,-0.350000,0.200000,0.055556,0.350000,
177.949000,0.011000,290.000000,235.793243,235.793243,54.206757,-0.350000,0.200000,0.055556,0.350000,
177.962000,0.013000,290.000000,235.829620,235.795471,54.204517,-0.350000,0.200000,0.055556,0.350000,
177.971000,0.009000,290.000000,235.829620,235.829620,54.170368,-0.350000,0.200000,0.055556,0.350000,
177.983000,0.012000,290.000000,235.836548,235.830017,54.169983,-0.350000,0.200000,0.055556,0.350000,
177.993000,0.010000,290.000000,235.784882,235.834091,54.165913,-0.350000,0.200000,0.055556,0.350000,
178.005000,0.012000,290.000000,235.784882,235.784882,54.215118,-0.350000,0.200000,0.055556,0.350000,
178.015000,0.010000,290.000000,235.678329,235.779800,54.220200,-0.350000,0.200000,0.055556,0.350000,
178.026000,0.011000,290.000000,235.678329,235.678329,54.321671,-0.350000,0.200000,0.055556,0.350000,
178.036000,0.010000,290.000000,235.553864,235.672409,54.327599,-0.350000,0.200000,0.055556,0.350000,
178.049000,0.013000,290.000000,235.553864,235.553864,54.446144,-0.350000,0.200000,0.055556,0.350000,
178.059000,0.010000,290.000000,235.475708,235.550140,54.449860,-0.350000,0.200000,0.055556,0.350000,
178.070000,0.011000,290.000000,235.475708,235.475708,54.524307,-0.350000,0.200000,0.055556,0.350000,
178.082000,0.012000,290.000000,235.434219,235.473358,54.526657,-0.350000,0.200000,0.055556,0.350000,
178.092000,0.010000,290.000000,235.433273,235.434174,54.565834,-0.350000,0.200000,0.055556,0.350000,
178.103000,0.011000,290.000000,235.433273,235.433273,54.566738,-0.350000,0.200000,0.055556,0.350000,
178.115000,0.012000,290.000000,235.424042,235.432755,54.567257,-0.350000,0.200000,0.055556,0.350000,
178.129000,0.014000,290.000000,235.424042,235.424042,54.575943,-0.350000,0.200000,0.055556,0.350000,
178.138000,0.009000,290.000000,235.374985,235.421936,54.578049,-0.350000,0.200000,0.055556,0.350000,
178.149000,0.011000,290.000000,235.374985,235.374985,54.625011,-0.350000,0.200000,0.055556,0.350000,
178.160000,0.011000,290.000000,235.282532,235.370163,54.629822,-0.350000,0.200000,0.055556,0.350000,
178.171000,0.011000,290.000000,235.282532,235.282532,54.717464,-0.350000,0.200000,0.055556,0.350000,
178.182000,0.011000,290.000000,235.166550,235.276489,54.723503,-0.350000,0.200000,0.055556,0.350000,
178.193000,0.011000,290.000000,235.166550,235.166550,54.833443,-0.350000,0.200000,0.055556,0.350000,
178.205000,0.012000,290.000000,235.087372,235.162064,54.837948,-0.350000,0.200000,0.055556,0.350000,
178.216000,0.011000,290.000000,235.014053,235.083557,54.916443,-0.350000,0.200000,0.055556,0.350000,
178.227000,0.011000,290.000000,235.014053,235.014069,54.985920,-0.350000,0.200000,0.055556,0.350000,
178.237000,0.010000,290.000000,234.954254,235.011215,54.988789,-0.350000,0.200000,0.055556,0.350000,
178.250000,0.013000,290.000000,234.954254,234.954254,55.045750,-0.350000,0.200000,0.055556,0.350000,
178.259000,0.009000,290.000000,234.880402,234.951065,55.048920,-0.350000,0.200000,0.055556,0.350000,
178.270000,0.011000,290.000000,234.880402,234.880402,55.119598,-0.350000,0.200000,0.055556,0.350000,
178.284000,0.014000,290.000000,234.763855,234.872772,55.127220,-0.350000,0.200000,0.055556,0.350000,
178.293000,0.009000,290.000000,234.763855,234.763855,55.236149,-0.350000,0.200000,0.055556,0.350000,
178.304000,0.011000,290.000000,234.601685,234.755402,55.244591,-0.350000,0.200000,0.055556,0.350000,
178.316000,0.012000,290.000000,234.462524,234.593796,55.406193,-0.350000,0.200000,0.055556,0.350000,
178.328000,0.012000,290.000000,234.462524,234.462524,55.537472,-0.350000,0.200000,0.055556,0.350000,
178.337000,0.009000,290.000000,234.337051,234.457123,55.542881,-0.350000,0.200000,0.055556,0.350000,
178.348000,0.011000,290.000000,234.337051,234.337051,55.662926,-0.350000,0.200000,0.055556,0.350000,
178.359000,0.011000,290.000000,234.251160,234.332581,55.667435,-0.350000,0.200000,0.055556,0.350000,
178.370000,0.011000,290.000000,234.251160,234.251160,55.748852,-0.350000,0.200000,0.055556,0.350000,
178.382000,0.012000,290.000000,234.204651,234.248535,55.751472,-0.350000,0.200000,0.055556,0.350000,
178.393000,0.011000,290.000000,234.204651,234.204651,55.795349,-0.350000,0.200000,0.055556,0.350000,
178.406000,0.013000,290.000000,234.174866,234.202835,55.797153,-0.350000,0.200000,0.055556,0.350000,
178.418000,0.012000,290.000000,234.123840,234.171982,55.828026,-0.350000,0.200000,0.055556,0.350000,
178.430000,0.012000,290.000000,234.123840,234.123840,55.876167,-0.350000,0.200000,0.055556,0.350000,
178.441000,0.011000,290.000000,234.055725,234.120285,55.879719,-0.350000,0.200000,0.055556,0.350000,
178.453000,0.012000,290.000000,234.055725,234.055725,55.944275,-0.350000,0.200000,0.055556,0.350000,
178.464000,0.011000,290.000000,233.981567,234.051865,55.948128,-0.350000,0.200000,0.055556,0.350000,
178.474000,0.010000,290.000000,233.981567,233.981567,56.018425,-0.350000,0.200000,0.055556,0.350000,
178.487000,0.013000,290.000000,233.922485,233.977966,56.022030,-0.350000,0.200000,0.055556,0.350000,
178.499000,0.012000,290.000000,233.892746,233.920792,56.079212,-0.350000,0.200000,0.055556,0.350000,
178.507000,0.008000,290.000000,233.895920,233.892868,56.107109,-0.350000,0.200000,0.055556,0.350000,
178.518000,0.011000,290.000000,233.895920,233.895920,56.104076,-0.350000,0.200000,0.055556,0.350000,
178.532000,0.014000,290.000000,233.906479,233.896606,56.103394,-0.350000,0.200000,0.055556,0.350000,
178.542000,0.010000,290.000000,233.906479,233.906479,56.093529,-0.350000,0.200000,0.055556,0.350000,
178.552000,0.010000,290.000000,233.903564,233.906342,56.093666,-0.350000,0.200000,0.055556,0.350000,
178.566000,0.014000,290.000000,233.903564,233.903564,56.096424,-0.350000,0.200000,0.055556,0.350000,
178.575000,0.009000,290.000000,233.887970,233.902893,56.097107,-0.350000,0.200000,0.055556,0.350000,
178.585000,0.010000,290.000000,233.887970,233.887970,56.112026,-0.350000,0.200000,0.055556,0.350000,
178.599000,0.014000,290.000000,233.877426,233.887268,56.112736,-0.350000,0.200000,0.055556,0.350000,
178.608000,0.009000,290.000000,233.877426,233.877426,56.122570,-0.350000,0.200000,0.055556,0.350000,
178.619000,0.011000,290.000000,233.877411,233.877426,56.122570,-0.350000,0.200000,0.055556,0.350000,
178.631000,0.012000,290.000000,233.862793,233.876587,56.123390,-0.350000,0.200000,0.055556,0.350000,
178.642000,0.011000,290.000000,233.862793,233.862793,56.137188,-0.350000,0.200000,0.055556,0.350000,
178.653000,0.011000,290.000000,233.862793,233.862793,56.137188,-0.350000,0.200000,0.055556,0.350000,
178.664000,0.011000,290.000000,233.830124,233.861084,56.138908,-0.350000,0.200000,0.055556,0.350000,
178.674000,0.010000,290.000000,233.783951,233.827927,56.172077,-0.350000,0.200000,0.055556,0.350000,
178.686000,0.012000,290.000000,233.783951,233.783951,56.216064,-0.350000,0.200000,0.055556,0.350000,
178.698000,0.012000,290.000000,233.749680,233.782013,56.217976,-0.350000,0.200000,0.055556,0.350000,
178.708000,0.010000,290.000000,233.749680,233.749680,56.250324,-0.350000,0.200000,0.055556,0.350000,
178.724000,0.016000,290.000000,233.755692,233.750122,56.249886,-0.350000,0.200000,0.055556,0.350000,
178.734000,0.010000,290.000000,233.792740,233.757462,56.242538,-0.350000,0.200000,0.055556,0.350000,
178.744000,0.010000,290.000000,233.792740,233.792740,56.207268,-0.350000,0.200000,0.055556,0.350000,
178.754000,0.010000,290.000000,233.819748,233.794022,56.205982,-0.350000,0.200000,0.055556,0.350000,
178.767000,0.013000,290.000000,233.819748,233.819748,56.180244,-0.350000,0.200000,0.055556,0.350000,
178.777000,0.010000,290.000000,233.816086,233.819580,56.180408,-0.350000,0.200000,0.055556,0.350000,
178.788000,0.011000,290.000000,233.816086,233.816086,56.183907,-0.350000,0.200000,0.055556,0.350000,
178.800000,0.012000,290.000000,233.785706,233.814377,56.185627,-0.350000,0.200000,0.055556,0.350000,
178.812000,0.012000,290.000000,233.785706,233.785706,56.214287,-0.350000,0.200000,0.055556,0.350000,
178.821000,0.009000,290.000000,233.731323,233.783371,56.216610,-0.350000,0.200000,0.055556,0.350000,
178.832000,0.011000,290.000000,233.670303,233.728134,56.271881,-0.350000,0.200000,0.055556,0.350000,
178.846000,0.014000,290.000000,233.670303,233.670303,56.329689,-0.350000,0.200000,0.055556,0.350000,
178.854000,0.008000,290.000000,233.630798,233.668777,56.331219,-0.350000,0.200000,0.055556,0.350000,
178.865000,0.011000,290.000000,233.630798,233.630798,56.369198,-0.350000,0.200000,0.055556,0.350000,
178.879000,0.014000,290.000000,233.602753,233.628967,56.371025,-0.350000,0.200000,0.055556,0.350000,
178.890000,0.011000,290.000000,233.602753,233.602753,56.397228,-0.350000,0.200000,0.055556,0.350000,
178.901000,0.011000,290.000000,233.571365,233.601105,56.398895,-0.350000,0.200000,0.055556,0.350000,
178.914000,0.013000,290.000000,233.571365,233.571365,56.428646,-0.350000,0.200000,0.055556,0.350000,
178.924000,0.010000,290.000000,233.538925,233.569824,56.430176,-0.350000,0.200000,0.055556,0.350000,
178.934000,0.010000,290.000000,233.538925,233.538925,56.461075,-0.350000,0.200000,0.055556,0.350000,
178.946000,0.012000,290.000000,233.510849,233.537338,56.462662,-0.350000,0.200000,0.055556,0.350000,
178.956000,0.010000,290.000000,233.493973,233.510040,56.489952,-0.350000,0.200000,0.055556,0.350000,
178.968000,0.012000,290.000000,233.493973,233.493973,56.506020,-0.350000,0.200000,0.055556,0.350000,
178.980000,0.012000,290.000000,233.497482,233.494171,56.505829,-0.350000,0.200000,0.055556,0.350000,
178.989000,0.009000,290.000000,233.497482,233.497482,56.502522,-0.350000,0.200000,0.055556,0.350000,
179.002000,0.013000,290.000000,233.512390,233.498383,56.501621,-0.350000,0.200000,0.055556,0.350000,
179.013000,0.011000,290.000000,233.512390,233.512390,56.487606,-0.350000,0.200000,0.055556,0.350000,
179.023000,0.010000,290.000000,233.512390,233.512390,56.487606,-0.350000,0.200000,0.055556,0.350000,
179.034000,0.011000,290.000000,233.512390,233.512390,56.487606,-0.350000,0.200000,0.055556,0.350000,
179.046000,0.012000,290.000000,233.578629,233.516144,56.483860,-0.350000,0.200000,0.055556,0.350000,
179.056000,0.010000,290.000000,233.610626,233.580139,56.419849,-0.350000,0.200000,0.055556,0.350000,
179.067000,0.011000,290.000000,233.631851,233.611740,56.388268,-0.350000,0.200000,0.055556,0.350000,
179.081000,0.014000,290.000000,233.631851,233.631851,56.368130,-0.350000,0.200000,0.055556,0.350000,
179.090000,0.009000,290.000000,233.642914,233.632324,56.367664,-0.350000,0.200000,0.055556,0.350000,
179.101000,0.011000,290.000000,233.642914,233.642914,56.357094,-0.350000,0.200000,0.055556,0.350000,
179.113000,0.012000,290.000000,233.642914,233.642914,56.357094,-0.350000,0.200000,0.055556,0.350000,
179.124000,0.011000,290.000000,233.643143,233.642929,56.357067,-0.350000,0.200000,0.055556,0.350000,
179.135000,0.011000,290.000000,233.643143,233.643143,56.356846,-0.350000,0.200000,0.055556,0.350000,
179.147000,0.012000,290.000000,233.634354,233.642639,56.357365,-0.350000,0.200000,0.055556,0.350000,
179.156000,0.009000,290.000000,233.627670,233.634064,56.365944,-0.350000,0.200000,0.055556,0.350000,
179.168000,0.012000,290.000000,233.627670,233.627670,56.372337,-0.350000,0.200000,0.055556,0.350000,
179.179000,0.011000,290.000000,233.626389,233.627609,56.372391,-0.350000,0.200000,0.055556,0.350000,
179.190000,0.011000,290.000000,233.626389,233.626389,56.373623,-0.350000,0.200000,0.055556,0.350000,
179.201000,0.011000,290.000000,233.624283,233.626282,56.373703,-0.350000,0.200000,0.055556,0.350000,
179.213000,0.012000,290.000000,233.624283,233.624283,56.375725,-0.350000,0.200000,0.055556,0.350000,
179.222000,0.009000,290.000000,233.626083,233.624359,56.375645,-0.350000,0.200000,0.055556,0.350000,
179.234000,0.012000,290.000000,233.626083,233.626068,56.373924,-0.350000,0.200000,0.055556,0.350000,
179.247000,0.013000,290.000000,233.642273,233.627075,56.372913,-0.350000,0.200000,0.055556,0.350000,
179.256000,0.009000,290.000000,233.673203,233.643600,56.356411,-0.350000,0.200000,0.055556,0.350000,
179.267000,0.011000,290.000000,233.715271,233.675400,56.324608,-0.350000,0.200000,0.055556,0.350000,
179.281000,0.014000,290.000000,233.715271,233.715271,56.284721,-0.350000,0.200000,0.055556,0.350000,
179.292000,0.011000,290.000000,233.715271,233.715271,56.284721,-0.350000,0.200000,0.055556,0.350000,
179.303000,0.011000,290.000000,233.736130,233.716354,56.283653,-0.350000,0.200000,0.055556,0.350000,
179.315000,0.012000,290.000000,233.736130,233.736145,56.263847,-0.350000,0.200000,0.055556,0.350000,
179.326000,0.011000,290.000000,233.737946,233.736237,56.263763,-0.350000,0.200000,0.055556,0.350000,
179.337000,0.011000,290.000000,233.744736,233.738297,56.261715,-0.350000,0.200000,0.055556,0.350000,
179.349000,0.012000,290.000000,233.744736,233.744736,56.255268,-0.350000,0.200000,0.055556,0.350000,
179.360000,0.011000,290.000000,233.762634,233.745667,56.254341,-0.350000,0.200000,0.055556,0.350000,
179.371000,0.011000,290.000000,233.762634,233.762634,56.237373,-0.350000,0.200000,0.055556,0.350000,
179.383000,0.012000,290.000000,233.773193,233.763229,56.236771,-0.350000,0.200000,0.055556,0.350000,
179.392000,0.009000,290.000000,233.734268,233.771530,56.228466,-0.350000,0.200000,0.055556,0.350000,
179.404000,0.012000,290.000000,233.734268,233.734268,56.265732,-0.350000,0.200000,0.055556,0.350000,
179.415000,0.011000,290.000000,233.667740,233.730789,56.269203,-0.350000,0.200000,0.055556,0.350000,
179.424000,0.009000,290.000000,233.667740,233.667740,56.332260,-0.350000,0.200000,0.055556,0.350000,
179.436000,0.012000,290.000000,233.560806,233.661682,56.338326,-0.350000,0.200000,0.055556,0.350000,
179.449000,0.013000,290.000000,233.560806,233.560806,56.439194,-0.350000,0.200000,0.055556,0.350000,
179.458000,0.009000,290.000000,233.453278,233.556183,56.443810,-0.350000,0.200000,0.055556,0.350000,
179.470000,0.012000,290.000000,233.364395,233.448257,56.551727,-0.350000,0.200000,0.055556,0.350000,
179.482000,0.012000,290.000000,233.364395,233.364380,56.635628,-0.350000,0.200000,0.055556,0.350000,
179.492000,0.010000,290.000000,233.294312,233.361053,56.638935,-0.350000,0.200000,0.055556,0.350000,
179.503000,0.011000,290.000000,233.294312,233.294312,56.705677,-0.350000,0.200000,0.055556,0.350000,
179.514000,0.011000,290.000000,233.236649,233.291306,56.708683,-0.350000,0.200000,0.055556,0.350000,
179.525000,0.011000,290.000000,233.236649,233.236649,56.763351,-0.350000,0.200000,0.055556,0.350000,
179.536000,0.011000,290.000000,233.168167,233.233078,56.766903,-0.350000,0.200000,0.055556,0.350000,
179.548000,0.012000,290.000000,233.168167,233.168167,56.831818,-0.350000,0.200000,0.055556,0.350000,
179.558000,0.010000,290.000000,233.051392,233.162598,56.837391,-0.350000,0.200000,0.055556,0.350000,
179.569000,0.011000,290.000000,233.051392,233.051392,56.948616,-0.350000,0.200000,0.055556,0.350000,
179.581000,0.012000,290.000000,232.963745,233.046432,56.953560,-0.350000,0.200000,0.055556,0.350000,
179.591000,0.010000,290.000000,232.885971,232.960037,57.039948,-0.350000,0.200000,0.055556,0.350000,
179.605000,0.014000,290.000000,232.885971,232.885971,57.114014,-0.350000,0.200000,0.055556,0.350000,
179.615000,0.010000,290.000000,232.873352,232.885376,57.114616,-0.350000,0.200000,0.055556,0.350000,
179.624000,0.009000,290.000000,232.873352,232.873352,57.126637,-0.350000,0.200000,0.055556,0.350000,
179.636000,0.012000,290.000000,232.914749,232.875702,57.124287,-0.350000,0.200000,0.055556,0.350000,
179.650000,0.014000,290.000000,232.914749,232.914749,57.085247,-0.350000,0.200000,0.055556,0.350000,
179.659000,0.009000,290.000000,232.959473,232.916672,57.083332,-0.350000,0.200000,0.055556,0.350000,
179.672000,0.013000,290.000000,232.959473,232.959473,57.040524,-0.350000,0.200000,0.055556,0.350000,
179.683000,0.011000,290.000000,232.957443,232.959381,57.040630,-0.350000,0.200000,0.055556,0.350000,
179.693000,0.010000,290.000000,232.892227,232.954346,57.045658,-0.350000,0.200000,0.055556,0.350000,
179.705000,0.012000,290.000000,232.892227,232.892227,57.107758,-0.350000,0.200000,0.055556,0.350000,
179.718000,0.013000,290.000000,232.815292,232.887527,57.112457,-0.350000,0.200000,0.055556,0.350000,
179.732000,0.014000,290.000000,232.815292,232.815292,57.184692,-0.350000,0.200000,0.055556,0.350000,
179.741000,0.009000,290.000000,232.794434,232.814392,57.185623,-0.350000,0.200000,0.055556,0.350000,
179.752000,0.011000,290.000000,232.794434,232.794434,57.205566,-0.350000,0.200000,0.055556,0.350000,
179.766000,0.014000,290.000000,232.842133,232.797562,57.202423,-0.350000,0.200000,0.055556,0.350000,
179.775000,0.009000,290.000000,232.930710,232.845947,57.154041,-0.350000,0.200000,0.055556,0.350000,
179.785000,0.010000,290.000000,232.930710,232.930710,57.069290,-0.350000,0.200000,0.055556,0.350000,
179.796000,0.011000,290.000000,233.009186,232.934799,57.065193,-0.350000,0.200000,0.055556,0.350000,
179.807000,0.011000,290.000000,233.009186,233.009186,56.990799,-0.350000,0.200000,0.055556,0.350000,
179.818000,0.011000,290.000000,233.039505,233.010773,56.989239,-0.350000,0.200000,0.055556,0.350000,
179.832000,0.014000,290.000000,233.039505,233.039505,56.960499,-0.350000,0.200000,0.055556,0.350000,
179.842000,0.010000,290.000000,233.033203,233.039215,56.960800,-0.350000,0.200000,0.055556,0.350000,
179.852000,0.010000,290.000000,233.033203,233.033203,56.966782,-0.350000,0.200000,0.055556,0.350000,
179.865000,0.013000,290.000000,233.011658,233.031876,56.968121,-0.350000,0.200000,0.055556,0.350000,
179.874000,0.009000,290.000000,233.011658,233.011658,56.988338,-0.350000,0.200000,0.055556,0.350000,
179.886000,0.012000,290.000000,233.022614,233.012283,56.987709,-0.350000,0.200000,0.055556,0.350000,
179.896000,0.010000,290.000000,233.081284,233.025421,56.974598,-0.350000,0.200000,0.055556,0.350000,
179.908000,0.012000,290.000000,233.081284,233.081268,56.918724,-0.350000,0.200000,0.055556,0.350000,
179.918000,0.010000,290.000000,233.174789,233.085724,56.914272,-0.350000,0.200000,0.055556,0.350000,
179.930000,0.012000,290.000000,233.253830,233.179260,56.820724,-0.350000,0.200000,0.055556,0.350000,
179.940000,0.010000,290.000000,233.253830,233.253830,56.746166,-0.350000,0.200000,0.055556,0.350000,
179.955000,0.015000,290.000000,233.253830,233.253815,56.746197,-0.350000,0.200000,0.055556,0.350000,
179.968000,0.013000,290.000000,233.359467,233.260284,56.739719,-0.350000,0.200000,0.055556,0.350000,
179.977000,0.009000,290.000000,233.427444,233.362396,56.637596,-0.350000,0.200000,0.055556,0.350000,
179.987000,0.010000,290.000000,233.427444,233.427444,56.572571,-0.350000,0.200000,0.055556,0.350000,
179.999000,0.012000,290.000000,233.462967,233.429459,56.570549,-0.350000,0.200000,0.055556,0.350000,
180.009000,0.010000,290.000000,233.462967,233.462967,56.537029,-0.350000,0.200000,0.055556,0.350000,
180.020000,0.011000,290.000000,233.478745,233.463791,56.536209,-0.350000,0.200000,0.055556,0.350000,
180.032000,0.012000,290.000000,233.478745,233.478745,56.521236,-0.350000,0.200000,0.055556,0.350000,
180.045000,0.013000,290.000000,233.468475,233.478119,56.521866,-0.350000,0.200000,0.055556,0.350000,
180.055000,0.010000,290.000000,233.468475,233.468475,56.531536,-0.350000,0.200000,0.055556,0.350000,
180.066000,0.011000,290.000000,233.456238,233.467834,56.532166,-0.350000,0.200000,0.055556,0.350000,
180.076000,0.010000,290.000000,233.464828,233.456635,56.543365,-0.350000,0.200000,0.055556,0.350000,
180.088000,0.012000,290.000000,233.464828,233.464828,56.535172,-0.350000,0.200000,0.055556,0.350000,
180.099000,0.011000,290.000000,233.464828,233.464828,56.535172,-0.350000,0.200000,0.055556,0.350000,
180.111000,0.012000,290.000000,233.529968,233.468521,56.531483,-0.350000,0.200000,0.055556,0.350000,
180.122000,0.011000,290.000000,233.529968,233.529968,56.470036,-0.350000,0.200000,0.055556,0.350000,
180.132000,0.010000,290.000000,233.552475,233.531036,56.468971,-0.350000,0.200000,0.055556,0.350000,
180.143000,0.011000,290.000000,233.552475,233.552475,56.447525,-0.350000,0.200000,0.055556,0.350000,
180.154000,0.011000,290.000000,233.613678,233.555664,56.444328,-0.350000,0.200000,0.055556,0.350000,
180.166000,0.012000,290.000000,233.613678,233.613678,56.386326,-0.350000,0.200000,0.055556,0.350000,
180.179000,0.013000,290.000000,233.678436,233.617630,56.382366,-0.350000,0.200000,0.055556,0.350000,
180.189000,0.010000,290.000000,233.678436,233.678436,56.321575,-0.350000,0.200000,0.055556,0.350000,
180.200000,0.011000,290.000000,233.774719,233.683456,56.316547,-0.350000,0.200000,0.055556,0.350000,
180.210000,0.010000,290.000000,233.774719,233.774719,56.225269,-0.350000,0.200000,0.055556,0.350000,
180.223000,0.013000,290.000000,233.879120,233.781097,56.218876,-0.350000,0.200000,0.055556,0.350000,
180.233000,0.010000,290.000000,233.989975,233.884399,56.115578,-0.350000,0.200000,0.055556,0.350000,
180.245000,0.012000,290.000000,233.989975,233.989975,56.010010,-0.350000,0.200000,0.055556,0.350000,
180.254000,0.009000,290.000000,234.110611,233.995178,56.004818,-0.350000,0.200000,0.055556,0.350000,
180.266000,0.012000,290.000000,234.110611,234.110611,55.889389,-0.350000,0.200000,0.055556,0.350000,
180.276000,0.010000,290.000000,234.234634,234.116516,55.883488,-0.350000,0.200000,0.055556,0.350000,
180.287000,0.011000,290.000000,234.234634,234.234634,55.765354,-0.350000,0.200000,0.055556,0.350000,
180.299000,0.012000,290.000000,234.346512,234.240967,55.759014,-0.350000,0.200000,0.055556,0.350000,
180.310000,0.011000,290.000000,234.346512,234.346512,55.653500,-0.350000,0.200000,0.055556,0.350000,
180.323000,0.013000,290.000000,234.425476,234.351318,55.648666,-0.350000,0.200000,0.055556,0.350000,
180.333000,0.010000,290.000000,234.425476,234.425476,55.574516,-0.350000,0.200000,0.055556,0.350000,
180.343000,0.010000,290.000000,234.454987,234.426880,55.573124,-0.350000,0.200000,0.055556,0.350000,
180.354000,0.011000,290.000000,234.450592,234.454758,55.545231,-0.350000,0.200000,0.055556,0.350000,
180.367000,0.013000,290.000000,234.450592,234.450592,55.549408,-0.350000,0.200000,0.055556,0.350000,
180.379000,0.012000,290.000000,234.420486,234.448883,55.551102,-0.350000,0.200000,0.055556,0.350000,
180.389000,0.010000,290.000000,234.420486,234.420486,55.579517,-0.350000,0.200000,0.055556,0.350000,
180.400000,0.011000,290.000000,234.379700,234.418365,55.581619,-0.350000,0.200000,0.055556,0.350000,
180.409000,0.009000,290.000000,234.379700,234.379700,55.620281,-0.350000,0.200000,0.055556,0.350000,
180.421000,0.012000,290.000000,234.345078,234.377747,55.622246,-0.350000,0.200000,0.055556,0.350000,
180.432000,0.011000,290.000000,234.345078,234.345078,55.654922,-0.350000,0.200000,0.055556,0.350000,
180.446000,0.014000,290.000000,234.324112,234.343719,55.656261,-0.350000,0.200000,0.055556,0.350000,
180.456000,0.010000,290.000000,234.328705,234.324326,55.675686,-0.350000,0.200000,0.055556,0.350000,
180.467000,0.011000,290.000000,234.328705,234.328705,55.671288,-0.350000,0.200000,0.055556,0.350000,
180.479000,0.012000,290.000000,234.328705,234.328705,55.671288,-0.350000,0.200000,0.055556,0.350000,
180.489000,0.010000,290.000000,234.354309,234.329926,55.670059,-0.350000,0.200000,0.055556,0.350000,
180.501000,0.012000,290.000000,234.382278,234.355896,55.644104,-0.350000,0.200000,0.055556,0.350000,
180.511000,0.010000,290.000000,234.419922,234.384064,55.615936,-0.350000,0.200000,0.055556,0.350000,
180.523000,0.012000,290.000000,234.419922,234.419922,55.580063,-0.350000,0.200000,0.055556,0.350000,
180.533000,0.010000,290.000000,234.471039,234.422363,55.577633,-0.350000,0.200000,0.055556,0.350000,
180.543000,0.010000,290.000000,234.471039,234.471039,55.528946,-0.350000,0.200000,0.055556,0.350000,
180.554000,0.011000,290.000000,234.523239,234.473755,55.526241,-0.350000,0.200000,0.055556,0.350000,
180.567000,0.013000,290.000000,234.523239,234.523254,55.476738,-0.350000,0.200000,0.055556,0.350000,
180.578000,0.011000,290.000000,234.592499,234.526855,55.473129,-0.350000,0.200000,0.055556,0.350000,
180.589000,0.011000,290.000000,234.592499,234.592499,55.407505,-0.350000,0.200000,0.055556,0.350000,
180.602000,0.013000,290.000000,234.645676,234.595734,55.404282,-0.350000,0.200000,0.055556,0.350000,
180.612000,0.010000,290.000000,234.674179,234.647034,55.352974,-0.350000,0.200000,0.055556,0.350000,
180.621000,0.009000,290.000000,234.674179,234.674179,55.325817,-0.350000,0.200000,0.055556,0.350000,
180.633000,0.012000,290.000000,234.684769,234.674774,55.325214,-0.350000,0.200000,0.055556,0.350000,
180.646000,0.013000,290.000000,234.684769,234.684769,55.315243,-0.350000,0.200000,0.055556,0.350000,
180.655000,0.009000,290.000000,234.692627,234.685104,55.314888,-0.350000,0.200000,0.055556,0.350000,
180.666000,0.011000,290.000000,234.692627,234.692627,55.307373,-0.350000,0.200000,0.055556,0.350000,
180.680000,0.014000,290.000000,234.701614,234.693207,55.306801,-0.350000,0.200000,0.055556,0.350000,
180.690000,0.010000,290.000000,234.701614,234.701614,55.298386,-0.350000,0.200000,0.055556,0.350000,
180.701000,0.011000,290.000000,234.686935,234.700851,55.299152,-0.350000,0.200000,0.055556,0.350000,
180.713000,0.012000,290.000000,234.686935,234.686935,55.313057,-0.350000,0.200000,0.055556,0.350000,
180.724000,0.011000,290.000000,234.656036,234.685318,55.314697,-0.350000,0.200000,0.055556,0.350000,
180.735000,0.011000,290.000000,234.656036,234.656036,55.343956,-0.350000,0.200000,0.055556,0.350000,
180.746000,0.011000,290.000000,234.629654,234.654663,55.345322,-0.350000,0.200000,0.055556,0.350000,
180.755000,0.009000,290.000000,234.626328,234.629501,55.370514,-0.350000,0.200000,0.055556,0.350000,
180.768000,0.013000,290.000000,234.626328,234.626328,55.373684,-0.350000,0.200000,0.055556,0.350000,
180.779000,0.011000,290.000000,234.643585,234.627228,55.372780,-0.350000,0.200000,0.055556,0.350000,
180.789000,0.010000,290.000000,234.643585,234.643585,55.356415,-0.350000,0.200000,0.055556,0.350000,
180.801000,0.012000,290.000000,234.679703,234.645630,55.354366,-0.350000,0.200000,0.055556,0.350000,
180.813000,0.012000,290.000000,234.679703,234.679703,55.320297,-0.350000,0.200000,0.055556,0.350000,
180.822000,0.009000,290.000000,234.703247,234.680710,55.319286,-0.350000,0.200000,0.055556,0.350000,
180.834000,0.012000,290.000000,234.703247,234.703247,55.296745,-0.350000,0.200000,0.055556,0.350000,
180.847000,0.013000,290.000000,234.695511,234.702774,55.297211,-0.350000,0.200000,0.055556,0.350000,
180.856000,0.009000,290.000000,234.664566,234.694183,55.305817,-0.350000,0.200000,0.055556,0.350000,
180.866000,0.010000,290.000000,234.664566,234.664566,55.335434,-0.350000,0.200000,0.055556,0.350000,
180.880000,0.014000,290.000000,234.635345,234.662659,55.337345,-0.350000,0.200000,0.055556,0.350000,
180.891000,0.011000,290.000000,234.635345,234.635345,55.364666,-0.350000,0.200000,0.055556,0.350000,
180.902000,0.011000,290.000000,234.626572,234.634888,55.365105,-0.350000,0.200000,0.055556,0.350000,
180.913000,0.011000,290.000000,234.626572,234.626572,55.373409,-0.350000,0.200000,0.055556,0.350000,
180.925000,0.012000,290.000000,234.636154,234.627106,55.372890,-0.350000,0.200000,0.055556,0.350000,
180.935000,0.010000,290.000000,234.636948,234.636185,55.363819,-0.350000,0.200000,0.055556,0.350000,
180.947000,0.012000,290.000000,234.636948,234.636948,55.363056,-0.350000,0.200000,0.055556,0.350000,
180.957000,0.010000,290.000000,234.610474,234.635696,55.364311,-0.350000,0.200000,0.055556,0.350000,
180.969000,0.012000,290.000000,234.610474,234.610474,55.389530,-0.350000,0.200000,0.055556,0.350000,
180.982000,0.013000,290.000000,234.562149,234.607529,55.392479,-0.350000,0.200000,0.055556,0.350000,
180.991000,0.009000,290.000000,234.500229,234.559479,55.440536,-0.350000,0.200000,0.055556,0.350000,
181.002000,0.011000,290.000000,234.500229,234.500244,55.499767,-0.350000,0.200000,0.055556,0.350000,
181.013000,0.011000,290.000000,234.450958,234.497665,55.502335,-0.350000,0.200000,0.055556,0.350000,
181.023000,0.010000,290.000000,234.450958,234.450958,55.549026,-0.350000,0.200000,0.055556,0.350000,
181.035000,0.012000,290.000000,234.431427,234.449860,55.550148,-0.350000,0.200000,0.055556,0.350000,
181.047000,0.012000,290.000000,234.431427,234.431427,55.568562,-0.350000,0.200000,0.055556,0.350000,
181.056000,0.009000,290.000000,234.431107,234.431412,55.568588,-0.350000,0.200000,0.055556,0.350000,
181.068000,0.012000,290.000000,234.431107,234.431107,55.568890,-0.350000,0.200000,0.055556,0.350000,
181.081000,0.013000,290.000000,234.431671,234.431137,55.568863,-0.350000,0.200000,0.055556,0.350000,
181.090000,0.009000,290.000000,234.411713,234.430801,55.569191,-0.350000,0.200000,0.055556,0.350000,
181.101000,0.011000,290.000000,234.411713,234.411713,55.588287,-0.350000,0.200000,0.055556,0.350000,
181.114000,0.013000,290.000000,234.380814,234.409836,55.590145,-0.350000,0.200000,0.055556,0.350000,
181.125000,0.011000,290.000000,234.380814,234.380814,55.619186,-0.350000,0.200000,0.055556,0.350000,
181.135000,0.010000,290.000000,234.351334,234.379410,55.620579,-0.350000,0.200000,0.055556,0.350000,
181.148000,0.013000,290.000000,234.351334,234.351334,55.648666,-0.350000,0.200000,0.055556,0.350000,
181.157000,0.009000,290.000000,234.309616,234.349548,55.650440,-0.350000,0.200000,0.055556,0.350000,
181.170000,0.013000,290.000000,234.309616,234.309616,55.690384,-0.350000,0.200000,0.055556,0.350000,
181.181000,0.011000,290.000000,234.264725,234.307266,55.692734,-0.350000,0.200000,0.055556,0.350000,
181.195000,0.014000,290.000000,234.240555,234.263138,55.736858,-0.350000,0.200000,0.055556,0.350000,
181.204000,0.009000,290.000000,234.240555,234.240555,55.759422,-0.350000,0.200000,0.055556,0.350000,
181.215000,0.011000,290.000000,234.216644,234.239319,55.760681,-0.350000,0.200000,0.055556,0.350000,
181.224000,0.009000,290.000000,234.216644,234.216644,55.783356,-0.350000,0.200000,0.055556,0.350000,
181.235000,0.011000,290.000000,234.180634,234.214767,55.785244,-0.350000,0.200000,0.055556,0.350000,
181.248000,0.013000,290.000000,234.180634,234.180634,55.819366,-0.350000,0.200000,0.055556,0.350000,
181.258000,0.010000,290.000000,234.151764,234.179260,55.820732,-0.350000,0.200000,0.055556,0.350000,
181.269000,0.011000,290.000000,234.151764,234.151764,55.848244,-0.350000,0.200000,0.055556,0.350000,
181.283000,0.014000,290.000000,234.117950,234.149551,55.850430,-0.350000,0.200000,0.055556,0.350000,
181.292000,0.009000,290.000000,234.101608,234.117249,55.882751,-0.350000,0.200000,0.055556,0.350000,
181.302000,0.010000,290.000000,234.101608,234.101608,55.898376,-0.350000,0.200000,0.055556,0.350000,
181.315000,0.013000,290.000000,234.094131,234.101151,55.898842,-0.350000,0.200000,0.055556,0.350000,
181.325000,0.010000,290.000000,234.094131,234.094131,55.905865,-0.350000,0.200000,0.055556,0.350000,
181.336000,0.011000,290.000000,234.085846,234.093704,55.906300,-0.350000,0.200000,0.055556,0.350000,
181.347000,0.011000,290.000000,234.085846,234.085846,55.914169,-0.350000,0.200000,0.055556,0.350000,
181.358000,0.011000,290.000000,234.063156,234.084671,55.915318,-0.350000,0.200000,0.055556,0.350000,
181.369000,0.011000,290.000000,234.063156,234.063156,55.936844,-0.350000,0.200000,0.055556,0.350000,
181.381000,0.012000,290.000000,234.020660,234.060745,55.939251,-0.350000,0.200000,0.055556,0.350000,
181.392000,0.011000,290.000000,234.020660,234.020660,55.979328,-0.350000,0.200000,0.055556,0.350000,
181.404000,0.012000,290.000000,233.976273,234.018158,55.981842,-0.350000,0.200000,0.055556,0.350000,
181.415000,0.011000,290.000000,233.932495,233.973999,56.025993,-0.350000,0.200000,0.055556,0.350000,
181.425000,0.010000,290.000000,233.932495,233.932495,56.067493,-0.350000,0.200000,0.055556,0.350000,
181.436000,0.011000,290.000000,233.903656,233.930984,56.069023,-0.350000,0.200000,0.055556,0.350000,
181.448000,0.012000,290.000000,233.903656,233.903656,56.096344,-0.350000,0.200000,0.055556,0.350000,
181.458000,0.010000,290.000000,233.880737,233.902557,56.097435,-0.350000,0.200000,0.055556,0.350000,
181.469000,0.011000,290.000000,233.880737,233.880737,56.119267,-0.350000,0.200000,0.055556,0.350000,
181.481000,0.012000,290.000000,233.853073,233.879181,56.120823,-0.350000,0.200000,0.055556,0.350000,
181.491000,0.010000,290.000000,233.853073,233.853073,56.146942,-0.350000,0.200000,0.055556,0.350000,
181.504000,0.013000,290.000000,233.815659,233.850784,56.149208,-0.350000,0.200000,0.055556,0.350000,
181.515000,0.011000,290.000000,233.790985,233.814362,56.185627,-0.350000,0.200000,0.055556,0.350000,
181.528000,0.013000,290.000000,233.790985,233.790985,56.209015,-0.350000,0.200000,0.055556,0.350000,
181.537000,0.009000,290.000000,233.774887,233.790283,56.209724,-0.350000,0.200000,0.055556,0.350000,
181.549000,0.012000,290.000000,233.774887,233.774872,56.225132,-0.350000,0.200000,0.055556,0.350000,
181.558000,0.009000,290.000000,233.754974,233.774017,56.225979,-0.350000,0.200000,0.055556,0.350000,
181.569000,0.011000,290.000000,233.754974,233.754974,56.245022,-0.350000,0.200000,0.055556,0.350000,
181.581000,0.012000,290.000000,233.719971,233.753006,56.246990,-0.350000,0.200000,0.055556,0.350000,
181.591000,0.010000,290.000000,233.680038,233.718063,56.281933,-0.350000,0.200000,0.055556,0.350000,
181.605000,0.014000,290.000000,233.680038,233.680038,56.319965,-0.350000,0.200000,0.055556,0.350000,
181.615000,0.010000,290.000000,233.645126,233.678375,56.321632,-0.350000,0.200000,0.055556,0.350000,
181.625000,0.010000,290.000000,233.645126,233.645126,56.354881,-0.350000,0.200000,0.055556,0.350000,
181.636000,0.011000,290.000000,233.608459,233.643219,56.356766,-0.350000,0.200000,0.055556,0.350000,
181.650000,0.014000,290.000000,233.608459,233.608459,56.391518,-0.350000,0.200000,0.055556,0.350000,
181.659000,0.009000,290.000000,233.608459,233.608459,56.391518,-0.350000,0.200000,0.055556,0.350000,
181.670000,0.011000,290.000000,233.566788,233.606277,56.393730,-0.350000,0.200000,0.055556,0.350000,
181.683000,0.013000,290.000000,233.533386,233.564743,56.435257,-0.350000,0.200000,0.055556,0.350000,
181.692000,0.009000,290.000000,233.513824,233.532532,56.467468,-0.350000,0.200000,0.055556,0.350000,
181.703000,0.011000,290.000000,233.513824,233.513824,56.486183,-0.350000,0.200000,0.055556,0.350000,
181.715000,0.012000,290.000000,233.489670,233.512451,56.487549,-0.350000,0.200000,0.055556,0.350000,
181.725000,0.010000,290.000000,233.489670,233.489670,56.510334,-0.350000,0.200000,0.055556,0.350000,
181.736000,0.011000,290.000000,233.456940,233.487961,56.512028,-0.350000,0.200000,0.055556,0.350000,
181.749000,0.013000,290.000000,233.456940,233.456940,56.543037,-0.350000,0.200000,0.055556,0.350000,
181.759000,0.010000,290.000000,233.410706,233.454742,56.545250,-0.350000,0.200000,0.055556,0.350000,
181.770000,0.011000,290.000000,233.410706,233.410706,56.589291,-0.350000,0.200000,0.055556,0.350000,
181.781000,0.011000,290.000000,233.380905,233.409149,56.590851,-0.350000,0.200000,0.055556,0.350000,
181.792000,0.011000,290.000000,233.372574,233.380478,56.619511,-0.350000,0.200000,0.055556,0.350000,
181.804000,0.012000,290.000000,233.372574,233.372574,56.627430,-0.350000,0.200000,0.055556,0.350000,
181.816000,0.012000,290.000000,233.372574,233.372574,56.627430,-0.350000,0.200000,0.055556,0.350000,
181.825000,0.009000,290.000000,233.351913,233.371689,56.628307,-0.350000,0.200000,0.055556,0.350000,
181.836000,0.011000,290.000000,233.329758,233.350754,56.649235,-0.350000,0.200000,0.055556,0.350000,
181.848000,0.012000,290.000000,233.329758,233.329758,56.670242,-0.350000,0.200000,0.055556,0.350000,
181.860000,0.012000,290.000000,233.300201,233.328094,56.671883,-0.350000,0.200000,0.055556,0.350000,
181.871000,0.011000,290.000000,233.300201,233.300201,56.699806,-0.350000,0.200000,0.055556,0.350000,
181.883000,0.012000,290.000000,233.278259,233.298950,56.701035,-0.350000,0.200000,0.055556,0.350000,
181.892000,0.009000,290.000000,233.272903,233.278030,56.721962,-0.350000,0.200000,0.055556,0.350000,
181.903000,0.011000,290.000000,233.272903,233.272903,56.727097,-0.350000,0.200000,0.055556,0.350000,
181.915000,0.012000,290.000000,233.267059,233.272583,56.727425,-0.350000,0.200000,0.055556,0.350000,
181.928000,0.013000,290.000000,233.267059,233.267059,56.732944,-0.350000,0.200000,0.055556,0.350000,
181.937000,0.009000,290.000000,233.249207,233.266296,56.733681,-0.350000,0.200000,0.055556,0.350000,
181.949000,0.012000,290.000000,233.249207,233.249207,56.750786,-0.350000,0.200000,0.055556,0.350000,
181.961000,0.012000,290.000000,233.228775,233.248062,56.751934,-0.350000,0.200000,0.055556,0.350000,
181.971000,0.010000,290.000000,233.228775,233.228775,56.771221,-0.350000,0.200000,0.055556,0.350000,
181.983000,0.012000,290.000000,233.217102,233.228104,56.771904,-0.350000,0.200000,0.055556,0.350000,
181.992000,0.009000,290.000000,233.217102,233.217102,56.782887,-0.350000,0.200000,0.055556,0.350000,
182.004000,0.012000,290.000000,233.206207,233.216492,56.783516,-0.350000,0.200000,0.055556,0.350000,
182.015000,0.011000,290.000000,233.190613,233.205399,56.794609,-0.350000,0.200000,0.055556,0.350000,
182.025000,0.010000,290.000000,233.190613,233.190613,56.809387,-0.350000,0.200000,0.055556,0.350000,
182.037000,0.012000,290.000000,233.166367,233.189240,56.810753,-0.350000,0.200000,0.055556,0.350000,
182.049000,0.012000,290.000000,233.166367,233.166367,56.833622,-0.350000,0.200000,0.055556,0.350000,
182.058000,0.009000,290.000000,233.143921,233.165405,56.834579,-0.350000,0.200000,0.055556,0.350000,
182.069000,0.011000,290.000000,233.143921,233.143921,56.856079,-0.350000,0.200000,0.055556,0.350000,
182.083000,0.014000,290.000000,233.130417,233.143036,56.856953,-0.350000,0.200000,0.055556,0.350000,
182.094000,0.011000,290.000000,233.130417,233.130417,56.869576,-0.350000,0.200000,0.055556,0.350000,
182.104000,0.010000,290.000000,233.112411,233.129562,56.870422,-0.350000,0.200000,0.055556,0.350000,
182.116000,0.012000,290.000000,233.112411,233.112411,56.887581,-0.350000,0.200000,0.055556,0.350000,
182.126000,0.010000,290.000000,232.957520,233.105026,56.894958,-0.350000,0.200000,0.055556,0.350000,
182.137000,0.011000,290.000000,232.957520,232.957520,57.042488,-0.350000,0.200000,0.055556,0.350000,
182.148000,0.011000,290.000000,232.957520,232.957520,57.042488,-0.350000,0.200000,0.055556,0.350000,
182.159000,0.011000,290.000000,232.818237,232.950256,57.049728,-0.350000,0.200000,0.055556,0.350000,
182.171000,0.012000,290.000000,232.818237,232.818237,57.181770,-0.350000,0.200000,0.055556,0.350000,
182.183000,0.012000,290.000000,232.690445,232.811005,57.188984,-0.350000,0.200000,0.055556,0.350000,
182.194000,0.011000,290.000000,232.615219,232.686523,57.313457,-0.350000,0.200000,0.055556,0.350000,
182.205000,0.011000,290.000000,232.615219,232.615219,57.384762,-0.350000,0.200000,0.055556,0.350000,
182.215000,0.010000,290.000000,232.596558,232.614334,57.385666,-0.350000,0.200000,0.055556,0.350000,
182.226000,0.011000,290.000000,232.596558,232.596558,57.403450,-0.350000,0.200000,0.055556,0.350000,
182.237000,0.011000,290.000000,232.598083,232.596634,57.403370,-0.350000,0.200000,0.055556,0.350000,
182.249000,0.012000,290.000000,232.593964,232.597855,57.402138,-0.350000,0.200000,0.055556,0.350000,
182.259000,0.010000,290.000000,232.593964,232.593964,57.406017,-0.350000,0.200000,0.055556,0.350000,
182.270000,0.011000,290.000000,232.570465,232.592743,57.407249,-0.350000,0.200000,0.055556,0.350000,
182.283000,0.013000,290.000000,232.570465,232.570465,57.429543,-0.350000,0.200000,0.055556,0.350000,
182.292000,0.009000,290.000000,232.542526,232.569260,57.430744,-0.350000,0.200000,0.055556,0.350000,
182.303000,0.011000,290.000000,232.542526,232.542526,57.457462,-0.350000,0.200000,0.055556,0.350000,
182.315000,0.012000,290.000000,232.521988,232.541367,57.458637,-0.350000,0.200000,0.055556,0.350000,
182.326000,0.011000,290.000000,232.521988,232.521988,57.478008,-0.350000,0.200000,0.055556,0.350000,
182.336000,0.010000,290.000000,232.514954,232.521652,57.478336,-0.350000,0.200000,0.055556,0.350000,
182.348000,0.012000,290.000000,232.514954,232.514954,57.485031,-0.350000,0.200000,0.055556,0.350000,
182.360000,0.012000,290.000000,232.510376,232.514694,57.485302,-0.350000,0.200000,0.055556,0.350000,
182.371000,0.011000,290.000000,232.504929,232.510086,57.489922,-0.350000,0.200000,0.055556,0.350000,
182.383000,0.012000,290.000000,232.504929,232.504929,57.495056,-0.350000,0.200000,0.055556,0.350000,
182.392000,0.009000,290.000000,232.498032,232.504639,57.495358,-0.350000,0.200000,0.055556,0.350000,
182.405000,0.013000,290.000000,232.498032,232.498032,57.501968,-0.350000,0.200000,0.055556,0.350000,
182.418000,0.013000,290.000000,232.477768,232.496796,57.503201,-0.350000,0.200000,0.055556,0.350000,
182.428000,0.010000,290.000000,232.477768,232.477768,57.522213,-0.350000,0.200000,0.055556,0.350000,
182.438000,0.010000,290.000000,232.446655,232.476288,57.523689,-0.350000,0.200000,0.055556,0.350000,
182.450000,0.012000,290.000000,232.381866,232.442993,57.556992,-0.350000,0.200000,0.055556,0.350000,
182.462000,0.012000,290.000000,232.381866,232.381866,57.618111,-0.350000,0.200000,0.055556,0.350000,
182.472000,0.010000,290.000000,232.360962,232.380875,57.619122,-0.350000,0.200000,0.055556,0.350000,
182.484000,0.012000,290.000000,232.360962,232.360962,57.639038,-0.350000,0.200000,0.055556,0.350000,
182.494000,0.010000,290.000000,232.386932,232.362198,57.637810,-0.350000,0.200000,0.055556,0.350000,
182.507000,0.013000,290.000000,232.386932,232.386932,57.613083,-0.350000,0.200000,0.055556,0.350000,
182.520000,0.013000,290.000000,232.482620,232.392761,57.607235,-0.350000,0.200000,0.055556,0.350000,
182.531000,0.011000,290.000000,232.482620,232.482620,57.517380,-0.350000,0.200000,0.055556,0.350000,
182.540000,0.009000,290.000000,232.567490,232.486282,57.513718,-0.350000,0.200000,0.055556,0.350000,
182.551000,0.011000,290.000000,232.619965,232.570221,57.429787,-0.350000,0.200000,0.055556,0.350000,
182.565000,0.014000,290.000000,232.619965,232.619965,57.380035,-0.350000,0.200000,0.055556,0.350000,
182.574000,0.009000,290.000000,232.669312,232.622086,57.377907,-0.350000,0.200000,0.055556,0.350000,
182.584000,0.010000,290.000000,232.669312,232.669312,57.330696,-0.350000,0.200000,0.055556,0.350000,
182.596000,0.012000,290.000000,232.729630,232.672729,57.327251,-0.350000,0.200000,0.055556,0.350000,
182.607000,0.011000,290.000000,232.729630,232.729630,57.270370,-0.350000,0.200000,0.055556,0.350000,
182.618000,0.011000,290.000000,232.817856,232.734238,57.265755,-0.350000,0.200000,0.055556,0.350000,
182.630000,0.012000,290.000000,232.817856,232.817856,57.182125,-0.350000,0.200000,0.055556,0.350000,
182.641000,0.011000,290.000000,232.921463,232.823257,57.176743,-0.350000,0.200000,0.055556,0.350000,
182.652000,0.011000,290.000000,232.992661,232.925171,57.074837,-0.350000,0.200000,0.055556,0.350000,
182.663000,0.011000,290.000000,232.992661,232.992661,57.007328,-0.350000,0.200000,0.055556,0.350000,
182.674000,0.011000,290.000000,233.009094,232.993515,57.006481,-0.350000,0.200000,0.055556,0.350000,
182.688000,0.014000,290.000000,233.009094,233.009094,56.990906,-0.350000,0.200000,0.055556,0.350000,
182.697000,0.009000,290.000000,232.995834,233.008530,56.991482,-0.350000,0.200000,0.055556,0.350000,
182.706000,0.009000,290.000000,232.995834,232.995834,57.004158,-0.350000,0.200000,0.055556,0.350000,
182.718000,0.012000,290.000000,233.008194,232.996521,57.003475,-0.350000,0.200000,0.055556,0.350000,
182.730000,0.012000,290.000000,233.008194,233.008194,56.991810,-0.350000,0.200000,0.055556,0.350000,
182.740000,0.010000,290.000000,233.057144,233.010529,56.989460,-0.350000,0.200000,0.055556,0.350000,
182.751000,0.011000,290.000000,233.127304,233.060806,56.939190,-0.350000,0.200000,0.055556,0.350000,
182.765000,0.014000,290.000000,233.127304,233.127304,56.872692,-0.350000,0.200000,0.055556,0.350000,
182.774000,0.009000,290.000000,233.183701,233.129730,56.870285,-0.350000,0.200000,0.055556,0.350000,
182.784000,0.010000,290.000000,233.183701,233.183701,56.816299,-0.350000,0.200000,0.055556,0.350000,
182.796000,0.012000,290.000000,233.215149,233.185486,56.814526,-0.350000,0.200000,0.055556,0.350000,
182.808000,0.012000,290.000000,233.215149,233.215149,56.784855,-0.350000,0.200000,0.055556,0.350000,
182.819000,0.011000,290.000000,233.226501,233.215744,56.784252,-0.350000,0.200000,0.055556,0.350000,
182.830000,0.011000,290.000000,233.226501,233.226501,56.773518,-0.350000,0.200000,0.055556,0.350000,
182.842000,0.012000,290.000000,233.237656,233.227142,56.772861,-0.350000,0.200000,0.055556,0.350000,
182.852000,0.010000,290.000000,233.257401,233.238586,56.761414,-0.350000,0.200000,0.055556,0.350000,
182.864000,0.012000,290.000000,233.257401,233.257401,56.742588,-0.350000,0.200000,0.055556,0.350000,
182.873000,0.009000,290.000000,233.278427,233.258301,56.741688,-0.350000,0.200000,0.055556,0.350000,
182.885000,0.012000,290.000000,233.278427,233.278427,56.721581,-0.350000,0.200000,0.055556,0.350000,
182.899000,0.014000,290.000000,233.285156,233.278870,56.721115,-0.350000,0.200000,0.055556,0.350000,
182.908000,0.009000,290.000000,233.285156,233.285156,56.714832,-0.350000,0.200000,0.055556,0.350000,
182.921000,0.013000,290.000000,233.277176,233.284668,56.715324,-0.350000,0.200000,0.055556,0.350000,
182.932000,0.011000,290.000000,233.277176,233.277176,56.722809,-0.350000,0.200000,0.055556,0.350000,
182.941000,0.009000,290.000000,233.280624,233.277313,56.722672,-0.350000,0.200000,0.055556,0.350000,
182.952000,0.011000,290.000000,233.318680,233.282608,56.717400,-0.350000,0.200000,0.055556,0.350000,
182.966000,0.014000,290.000000,233.318680,233.318680,56.681309,-0.350000,0.200000,0.055556,0.350000,
182.976000,0.010000,290.000000,233.398682,233.322495,56.677509,-0.350000,0.200000,0.055556,0.350000,
182.985000,0.009000,290.000000,233.398682,233.398682,56.601315,-0.350000,0.200000,0.055556,0.350000,
182.998000,0.013000,290.000000,233.501450,233.404968,56.595028,-0.350000,0.200000,0.055556,0.350000,
183.008000,0.010000,290.000000,233.501450,233.501450,56.498531,-0.350000,0.200000,0.055556,0.350000,
183.019000,0.011000,290.000000,233.585968,233.505859,56.494133,-0.350000,0.200000,0.055556,0.350000,
183.032000,0.013000,290.000000,233.585968,233.585968,56.414028,-0.350000,0.200000,0.055556,0.350000,
183.043000,0.011000,290.000000,233.624603,233.587982,56.412006,-0.350000,0.200000,0.055556,0.350000,
183.052000,0.009000,290.000000,233.628510,233.624771,56.375233,-0.350000,0.200000,0.055556,0.350000,
183.065000,0.013000,290.000000,233.628510,233.628510,56.371490,-0.350000,0.200000,0.055556,0.350000,
183.077000,0.012000,290.000000,233.632523,233.628723,56.371273,-0.350000,0.200000,0.055556,0.350000,
183.087000,0.010000,290.000000,233.632523,233.632523,56.367474,-0.350000,0.200000,0.055556,0.350000,
183.098000,0.011000,290.000000,233.670486,233.634506,56.365509,-0.350000,0.200000,0.055556,0.350000,
183.109000,0.011000,290.000000,233.670486,233.670486,56.329525,-0.350000,0.200000,0.055556,0.350000,
183.121000,0.012000,290.000000,233.744690,233.674683,56.325317,-0.350000,0.200000,0.055556,0.350000,
183.132000,0.011000,290.000000,233.782623,233.746658,56.253330,-0.350000,0.200000,0.055556,0.350000,
183.142000,0.010000,290.000000,233.782623,233.782623,56.217373,-0.350000,0.200000,0.055556,0.350000,
183.153000,0.011000,290.000000,233.782623,233.782623,56.217373,-0.350000,0.200000,0.055556,0.350000,
183.167000,0.014000,290.000000,233.794266,233.783386,56.216610,-0.350000,0.200000,0.055556,0.350000,
183.177000,0.010000,290.000000,233.787903,233.793961,56.206036,-0.350000,0.200000,0.055556,0.350000,
183.187000,0.010000,290.000000,233.797440,233.788361,56.211636,-0.350000,0.200000,0.055556,0.350000,
183.198000,0.011000,290.000000,233.797440,233.797440,56.202538,-0.350000,0.200000,0.055556,0.350000,
183.209000,0.011000,290.000000,233.831848,233.799240,56.200764,-0.350000,0.200000,0.055556,0.350000,
183.220000,0.011000,290.000000,233.831848,233.831848,56.168144,-0.350000,0.200000,0.055556,0.350000,
183.231000,0.011000,290.000000,233.876602,233.834183,56.165821,-0.350000,0.200000,0.055556,0.350000,
183.245000,0.014000,290.000000,233.876602,233.876602,56.123390,-0.350000,0.200000,0.055556,0.350000,
183.253000,0.008000,290.000000,233.913864,233.878021,56.121971,-0.350000,0.200000,0.055556,0.350000,
183.265000,0.012000,290.000000,233.913864,233.913864,56.086124,-0.350000,0.200000,0.055556,0.350000,
183.278000,0.013000,290.000000,233.932816,233.915024,56.084980,-0.350000,0.200000,0.055556,0.350000,
183.289000,0.011000,290.000000,233.932816,233.932816,56.067165,-0.350000,0.200000,0.055556,0.350000,
183.300000,0.011000,290.000000,233.951843,233.933807,56.066181,-0.350000,0.200000,0.055556,0.350000,
183.310000,0.010000,290.000000,233.987015,233.953522,56.046455,-0.350000,0.200000,0.055556,0.350000,
183.322000,0.012000,290.000000,233.987015,233.987015,56.012989,-0.350000,0.200000,0.055556,0.350000,
183.332000,0.010000,290.000000,234.030746,233.989105,56.010883,-0.350000,0.200000,0.055556,0.350000,
183.343000,0.011000,290.000000,234.030746,234.030762,55.969246,-0.350000,0.200000,0.055556,0.350000,
183.353000,0.010000,290.000000,234.067398,234.032486,55.967499,-0.350000,0.200000,0.055556,0.350000,
183.367000,0.014000,290.000000,234.067398,234.067398,55.932610,-0.350000,0.200000,0.055556,0.350000,
183.377000,0.010000,290.000000,234.094986,234.068710,55.931297,-0.350000,0.200000,0.055556,0.350000,
183.387000,0.010000,290.000000,234.094986,234.094986,55.905018,-0.350000,0.200000,0.055556,0.350000,
183.398000,0.011000,290.000000,234.122910,234.096451,55.903542,-0.350000,0.200000,0.055556,0.350000,
183.410000,0.012000,290.000000,234.157303,234.124863,55.875126,-0.350000,0.200000,0.055556,0.350000,
183.420000,0.010000,290.000000,234.157303,234.157288,55.842697,-0.350000,0.200000,0.055556,0.350000,
183.432000,0.012000,290.000000,234.198410,234.159637,55.840347,-0.350000,0.200000,0.055556,0.350000,
183.445000,0.013000,290.000000,234.198410,234.198410,55.801609,-0.350000,0.200000,0.055556,0.350000,
183.454000,0.009000,290.000000,234.242691,234.200317,55.799667,-0.350000,0.200000,0.055556,0.350000,
183.465000,0.011000,290.000000,234.242691,234.242691,55.757294,-0.350000,0.200000,0.055556,0.350000,
183.476000,0.011000,290.000000,234.278671,234.244568,55.755436,-0.350000,0.200000,0.055556,0.350000,
183.488000,0.012000,290.000000,234.278671,234.278671,55.721313,-0.350000,0.200000,0.055556,0.350000,
183.498000,0.010000,290.000000,234.328094,234.281036,55.718964,-0.350000,0.200000,0.055556,0.350000,
183.509000,0.011000,290.000000,234.328094,234.328094,55.671917,-0.350000,0.200000,0.055556,0.350000,
183.522000,0.013000,290.000000,234.380295,234.331284,55.668720,-0.350000,0.200000,0.055556,0.350000,
183.532000,0.010000,290.000000,234.428040,234.382568,55.617439,-0.350000,0.200000,0.055556,0.350000,
183.545000,0.013000,290.000000,234.428040,234.428040,55.571949,-0.350000,0.200000,0.055556,0.350000,
183.555000,0.010000,290.000000,234.467499,234.429932,55.570065,-0.350000,0.200000,0.055556,0.350000,
183.566000,0.011000,290.000000,234.467499,234.467499,55.532497,-0.350000,0.200000,0.055556,0.350000,
183.576000,0.010000,290.000000,234.467163,234.467468,55.532524,-0.350000,0.200000,0.055556,0.350000,
183.587000,0.011000,290.000000,234.467163,234.467163,55.532825,-0.350000,0.200000,0.055556,0.350000,
183.600000,0.013000,290.000000,234.462158,234.466858,55.533127,-0.350000,0.200000,0.055556,0.350000,
183.610000,0.010000,290.000000,234.462158,234.462158,55.537827,-0.350000,0.200000,0.055556,0.350000,
183.621000,0.011000,290.000000,234.475830,234.462875,55.537113,-0.350000,0.200000,0.055556,0.350000,
183.632000,0.011000,290.000000,234.506180,234.477402,55.522579,-0.350000,0.200000,0.055556,0.350000,
183.646000,0.014000,290.000000,234.506180,234.506180,55.493813,-0.350000,0.200000,0.055556,0.350000,
183.656000,0.010000,290.000000,234.541046,234.507843,55.492172,-0.350000,0.200000,0.055556,0.350000,
183.666000,0.010000,290.000000,234.541046,234.541046,55.458950,-0.350000,0.200000,0.055556,0.350000,
183.678000,0.012000,290.000000,234.562592,234.542267,55.457748,-0.350000,0.200000,0.055556,0.350000,
183.688000,0.010000,290.000000,234.562592,234.562592,55.437420,-0.350000,0.200000,0.055556,0.350000,
183.701000,0.013000,290.000000,234.546005,234.561584,55.438404,-0.350000,0.200000,0.055556,0.350000,
183.712000,0.011000,290.000000,234.546005,234.546005,55.453979,-0.350000,0.200000,0.055556,0.350000,
183.723000,0.011000,290.000000,234.496078,234.543396,55.456600,-0.350000,0.200000,0.055556,0.350000,
183.734000,0.011000,290.000000,234.496078,234.496078,55.503922,-0.350000,0.200000,0.055556,0.350000,
183.744000,0.010000,290.000000,234.426773,234.492767,55.507225,-0.350000,0.200000,0.055556,0.350000,
183.755000,0.011000,290.000000,234.356415,234.423096,55.576920,-0.350000,0.200000,0.055556,0.350000,
183.767000,0.012000,290.000000,234.356415,234.356415,55.643585,-0.350000,0.200000,0.055556,0.350000,
183.778000,0.011000,290.000000,234.310333,234.354019,55.645988,-0.350000,0.200000,0.055556,0.350000,
183.790000,0.012000,290.000000,234.310333,234.310333,55.689674,-0.350000,0.200000,0.055556,0.350000,
183.800000,0.010000,290.000000,234.281372,234.308960,55.691040,-0.350000,0.200000,0.055556,0.350000,
183.812000,0.012000,290.000000,234.281372,234.281372,55.718605,-0.350000,0.200000,0.055556,0.350000,
183.821000,0.009000,290.000000,234.274460,234.281067,55.718933,-0.350000,0.200000,0.055556,0.350000,
183.833000,0.012000,290.000000,234.281631,234.274857,55.725136,-0.350000,0.200000,0.055556,0.350000,
183.846000,0.013000,290.000000,234.281631,234.281631,55.718361,-0.350000,0.200000,0.055556,0.350000,
183.855000,0.009000,290.000000,234.302963,234.282562,55.717434,-0.350000,0.200000,0.055556,0.350000,
183.867000,0.012000,290.000000,234.302963,234.302963,55.697025,-0.350000,0.200000,0.055556,0.350000,
183.879000,0.012000,290.000000,234.324020,234.304169,55.695820,-0.350000,0.200000,0.055556,0.350000,
183.889000,0.010000,290.000000,234.324020,234.324020,55.675961,-0.350000,0.200000,0.055556,0.350000,
183.900000,0.011000,290.000000,234.333099,234.324493,55.675495,-0.350000,0.200000,0.055556,0.350000,
183.913000,0.013000,290.000000,234.333099,234.333099,55.666889,-0.350000,0.200000,0.055556,0.350000,
183.924000,0.011000,290.000000,234.344666,234.333694,55.666286,-0.350000,0.200000,0.055556,0.350000,
183.935000,0.011000,290.000000,234.367935,234.345886,55.654102,-0.350000,0.200000,0.055556,0.350000,
183.946000,0.011000,290.000000,234.367935,234.367950,55.632053,-0.350000,0.200000,0.055556,0.350000,
183.956000,0.010000,290.000000,234.367935,234.367935,55.632053,-0.350000,0.200000,0.055556,0.350000,
183.968000,0.012000,290.000000,234.434555,234.371719,55.628284,-0.350000,0.200000,0.055556,0.350000,
183.980000,0.012000,290.000000,234.515533,234.439133,55.560856,-0.350000,0.200000,0.055556,0.350000,
183.989000,0.009000,290.000000,234.601562,234.519226,55.480782,-0.350000,0.200000,0.055556,0.350000,
184.001000,0.012000,290.000000,234.601562,234.601562,55.398434,-0.350000,0.200000,0.055556,0.350000,
184.012000,0.011000,290.000000,234.601562,234.601562,55.398434,-0.350000,0.200000,0.055556,0.350000,
184.022000,0.010000,290.000000,234.657623,234.604233,55.395756,-0.350000,0.200000,0.055556,0.350000,
184.034000,0.012000,290.000000,234.657623,234.657623,55.342373,-0.350000,0.200000,0.055556,0.350000,
184.047000,0.013000,290.000000,234.674530,234.658661,55.341335,-0.350000,0.200000,0.055556,0.350000,
184.056000,0.009000,290.000000,234.674530,234.674530,55.325462,-0.350000,0.200000,0.055556,0.350000,
184.067000,0.011000,290.000000,234.682144,234.674927,55.325050,-0.350000,0.200000,0.055556,0.350000,
184.080000,0.013000,290.000000,234.704498,234.683502,55.316502,-0.350000,0.200000,0.055556,0.350000,
184.090000,0.010000,290.000000,234.704498,234.704498,55.295490,-0.350000,0.200000,0.055556,0.350000,
184.100000,0.010000,290.000000,234.751083,234.706726,55.293278,-0.350000,0.200000,0.055556,0.350000,
184.112000,0.012000,290.000000,234.751083,234.751083,55.248936,-0.350000,0.200000,0.055556,0.350000,
184.124000,0.012000,290.000000,234.807922,234.754303,55.245686,-0.350000,0.200000,0.055556,0.350000,
184.134000,0.010000,290.000000,234.844070,234.809647,55.190361,-0.350000,0.200000,0.055556,0.350000,
184.146000,0.012000,290.000000,234.844070,234.844070,55.155907,-0.350000,0.200000,0.055556,0.350000,
184.157000,0.011000,290.000000,234.844070,234.844070,55.155907,-0.350000,0.200000,0.055556,0.350000,
184.169000,0.012000,290.000000,234.869278,234.845490,55.154514,-0.350000,0.200000,0.055556,0.350000,
184.181000,0.012000,290.000000,234.884598,234.870148,55.129845,-0.350000,0.200000,0.055556,0.350000,
184.191000,0.010000,290.000000,234.920624,234.886322,55.113670,-0.350000,0.200000,0.055556,0.350000,
184.201000,0.010000,290.000000,234.920624,234.920624,55.079384,-0.350000,0.200000,0.055556,0.350000,
184.213000,0.012000,290.000000,234.963486,234.923050,55.076950,-0.350000,0.200000,0.055556,0.350000,
184.223000,0.010000,290.000000,234.963486,234.963486,55.036518,-0.350000,0.200000,0.055556,0.350000,
184.234000,0.011000,290.000000,234.982025,234.964447,55.035534,-0.350000,0.200000,0.055556,0.350000,
184.248000,0.014000,290.000000,234.982025,234.982025,55.017994,-0.350000,0.200000,0.055556,0.350000,
184.258000,0.010000,290.000000,234.962997,234.981125,55.018867,-0.350000,0.200000,0.055556,0.350000,
184.269000,0.011000,290.000000,234.962997,234.962997,55.037010,-0.350000,0.200000,0.055556,0.350000,
184.282000,0.013000,290.000000,234.962997,234.962997,55.037010,-0.350000,0.200000,0.055556,0.350000,
184.291000,0.009000,290.000000,234.949478,234.962418,55.037582,-0.350000,0.200000,0.055556,0.350000,
184.303000,0.012000,290.000000,234.973297,234.950821,55.049194,-0.350000,0.200000,0.055556,0.350000,
184.313000,0.010000,290.000000,235.037308,234.976349,55.023647,-0.350000,0.200000,0.055556,0.350000,
184.324000,0.011000,290.000000,235.037308,235.037308,54.962696,-0.350000,0.200000,0.055556,0.350000,
184.336000,0.012000,290.000000,235.116852,235.041809,54.958187,-0.350000,0.200000,0.055556,0.350000,
184.347000,0.011000,290.000000,235.116852,235.116852,54.883137,-0.350000,0.200000,0.055556,0.350000,
184.356000,0.009000,290.000000,235.212784,235.120987,54.879013,-0.350000,0.200000,0.055556,0.350000,
184.368000,0.012000,290.000000,235.212784,235.212784,54.787216,-0.350000,0.200000,0.055556,0.350000,
184.381000,0.013000,290.000000,235.274384,235.216537,54.783470,-0.350000,0.200000,0.055556,0.350000,
184.391000,0.010000,290.000000,235.274384,235.274384,54.725605,-0.350000,0.200000,0.055556,0.350000,
184.402000,0.011000,290.000000,235.359924,235.278854,54.721127,-0.350000,0.200000,0.055556,0.350000,
184.414000,0.012000,290.000000,235.463043,235.365768,54.634247,-0.350000,0.200000,0.055556,0.350000,
184.425000,0.011000,290.000000,235.463043,235.463043,54.536957,-0.350000,0.200000,0.055556,0.350000,
184.435000,0.010000,290.000000,235.576645,235.468460,54.531548,-0.350000,0.200000,0.055556,0.350000,
184.448000,0.013000,290.000000,235.576645,235.576645,54.423359,-0.350000,0.200000,0.055556,0.350000,
184.458000,0.010000,290.000000,235.692749,235.582169,54.417839,-0.350000,0.200000,0.055556,0.350000,
184.470000,0.012000,290.000000,235.692749,235.692749,54.307243,-0.350000,0.200000,0.055556,0.350000,
184.481000,0.011000,290.000000,235.814819,235.699112,54.300877,-0.350000,0.200000,0.055556,0.350000,
184.491000,0.010000,290.000000,235.814819,235.814819,54.185173,-0.350000,0.200000,0.055556,0.350000,
184.501000,0.010000,290.000000,235.939667,235.820770,54.179218,-0.350000,0.200000,0.055556,0.350000,
184.514000,0.013000,290.000000,236.058517,235.946915,54.053078,-0.350000,0.200000,0.055556,0.350000,
184.525000,0.011000,290.000000,236.058517,236.058517,53.941475,-0.350000,0.200000,0.055556,0.350000,
184.536000,0.011000,290.000000,236.058517,236.058517,53.941475,-0.350000,0.200000,0.055556,0.350000,
184.548000,0.012000,290.000000,236.161011,236.064331,53.935654,-0.350000,0.200000,0.055556,0.350000,
184.559000,0.011000,290.000000,236.239502,236.165100,53.834896,-0.350000,0.200000,0.055556,0.350000,
184.569000,0.010000,290.000000,236.239502,236.239502,53.760502,-0.350000,0.200000,0.055556,0.350000,
184.580000,0.011000,290.000000,236.299164,236.242615,53.757385,-0.350000,0.200000,0.055556,0.350000,
184.592000,0.012000,290.000000,236.349121,236.301987,53.698017,-0.350000,0.200000,0.055556,0.350000,
184.603000,0.011000,290.000000,236.349121,236.349121,53.650890,-0.350000,0.200000,0.055556,0.350000,
184.615000,0.012000,290.000000,236.349121,236.349121,53.650890,-0.350000,0.200000,0.055556,0.350000,
184.625000,0.010000,290.000000,236.462845,236.354538,53.645454,-0.350000,0.200000,0.055556,0.350000,
184.636000,0.011000,290.000000,236.596359,236.469803,53.530186,-0.350000,0.200000,0.055556,0.350000,
184.648000,0.012000,290.000000,236.596359,236.596359,53.403637,-0.350000,0.200000,0.055556,0.350000,
184.657000,0.009000,290.000000,236.744888,236.602753,53.397243,-0.350000,0.200000,0.055556,0.350000,
184.668000,0.011000,290.000000,236.744888,236.744888,53.255123,-0.350000,0.200000,0.055556,0.350000,
184.683000,0.015000,290.000000,236.875900,236.754028,53.245968,-0.350000,0.200000,0.055556,0.350000,
184.692000,0.009000,290.000000,236.875900,236.875900,53.124092,-0.350000,0.200000,0.055556,0.350000,
184.702000,0.010000,290.000000,236.966278,236.880203,53.119801,-0.350000,0.200000,0.055556,0.350000,
184.714000,0.012000,290.000000,236.966278,236.966278,53.033714,-0.350000,0.200000,0.055556,0.350000,
184.726000,0.012000,290.000000,237.088715,236.973206,53.026802,-0.350000,0.200000,0.055556,0.350000,
184.737000,0.011000,290.000000,237.252197,237.097229,52.902767,-0.350000,0.200000,0.055556,0.350000,
184.749000,0.012000,290.000000,237.252197,237.252197,52.747803,-0.350000,0.200000,0.055556,0.350000,
184.758000,0.009000,290.000000,237.519073,237.263687,52.736301,-0.350000,0.200000,0.055556,0.350000,
184.768000,0.010000,290.000000,237.519073,237.519073,52.480934,-0.350000,0.200000,0.055556,0.350000,
184.780000,0.012000,290.000000,237.781708,237.533936,52.466072,-0.350000,0.200000,0.055556,0.350000,
184.790000,0.010000,290.000000,237.781708,237.781708,52.218300,-0.350000,0.200000,0.055556,0.350000,
184.804000,0.014000,290.000000,238.072021,237.800690,52.199310,-0.350000,0.200000,0.055556,0.350000,
184.814000,0.010000,290.000000,238.072021,238.072021,51.927990,-0.350000,0.200000,0.055556,0.350000,
184.824000,0.010000,290.000000,238.389053,238.087128,51.912880,-0.350000,0.200000,0.055556,0.350000,
184.835000,0.011000,290.000000,238.681534,238.404297,51.595715,-0.350000,0.200000,0.055556,0.350000,
184.849000,0.014000,290.000000,238.681534,238.681549,51.318436,-0.350000,0.200000,0.055556,0.350000,
184.857000,0.008000,290.000000,239.149979,238.699554,51.300430,-0.350000,0.200000,0.055556,0.350000,
184.868000,0.011000,290.000000,239.149979,239.149979,50.850021,-0.350000,0.200000,0.055556,0.350000,
184.881000,0.013000,290.000000,239.552841,239.174561,50.825432,-0.350000,0.200000,0.055556,0.350000,
184.890000,0.009000,290.000000,239.841629,239.565277,50.434719,-0.350000,0.200000,0.055556,0.350000,
184.902000,0.012000,290.000000,239.841629,239.841629,50.158367,-0.350000,0.200000,0.055556,0.350000,
184.914000,0.012000,290.000000,240.138962,239.858459,50.141541,-0.350000,0.200000,0.055556,0.350000,
184.926000,0.012000,290.000000,240.138962,240.138962,49.861038,-0.350000,0.200000,0.055556,0.350000,
184.936000,0.010000,290.000000,240.395538,240.151184,49.848797,-0.350000,0.200000,0.055556,0.350000,
184.949000,0.013000,290.000000,240.395538,240.395538,49.604469,-0.350000,0.200000,0.055556,0.350000,
184.960000,0.011000,290.000000,240.658340,240.409241,49.590752,-0.350000,0.200000,0.055556,0.350000,
184.973000,0.013000,290.000000,240.911087,240.673767,49.326233,-0.350000,0.200000,0.055556,0.350000,
184.984000,0.011000,290.000000,240.911087,240.911087,49.088924,-0.350000,0.200000,0.055556,0.350000,
184.995000,0.011000,290.000000,241.128128,240.922409,49.077587,-0.350000,0.200000,0.055556,0.350000,
185.005000,0.010000,290.000000,241.128128,241.128128,48.871861,-0.350000,0.200000,0.055556,0.350000,
185.016000,0.011000,290.000000,241.293228,241.136734,48.863255,-0.350000,0.200000,0.055556,0.350000,
185.026000,0.010000,290.000000,241.293228,241.293228,48.706760,-0.350000,0.200000,0.055556,0.350000,
185.037000,0.011000,290.000000,241.437607,241.300751,48.699249,-0.350000,0.200000,0.055556,0.350000,
185.050000,0.013000,290.000000,241.437607,241.437607,48.562401,-0.350000,0.200000,0.055556,0.350000,
185.062000,0.012000,290.000000,241.600677,241.446838,48.553165,-0.350000,0.200000,0.055556,0.350000,
185.072000,0.010000,290.000000,241.828110,241.611496,48.388504,-0.350000,0.200000,0.055556,0.350000,
185.084000,0.012000,290.000000,241.828110,241.828110,48.171902,-0.350000,0.200000,0.055556,0.350000,
185.093000,0.009000,290.000000,241.828110,241.828110,48.171902,-0.350000,0.200000,0.055556,0.350000,
185.104000,0.011000,290.000000,242.104019,241.842484,48.157505,-0.350000,0.200000,0.055556,0.350000,
185.115000,0.011000,290.000000,242.104019,242.104019,47.895966,-0.350000,0.200000,0.055556,0.350000,
185.127000,0.012000,290.000000,242.374557,242.119324,47.880692,-0.350000,0.200000,0.055556,0.350000,
185.138000,0.011000,290.000000,242.609146,242.386795,47.613194,-0.350000,0.200000,0.055556,0.350000,
185.149000,0.011000,290.000000,242.609146,242.609146,47.390831,-0.350000,0.200000,0.055556,0.350000,
185.160000,0.011000,290.000000,242.827576,242.620529,47.379463,-0.350000,0.200000,0.055556,0.350000,
185.170000,0.010000,290.000000,242.827576,242.827576,47.172401,-0.350000,0.200000,0.055556,0.350000,
185.182000,0.012000,290.000000,243.087158,242.842270,47.157730,-0.350000,0.200000,0.055556,0.350000,
185.193000,0.011000,290.000000,243.087158,243.087158,46.912827,-0.350000,0.200000,0.055556,0.350000,
185.205000,0.012000,290.000000,243.405563,243.105194,46.894794,-0.350000,0.200000,0.055556,0.350000,
185.216000,0.011000,290.000000,243.665359,243.419113,46.580879,-0.350000,0.200000,0.055556,0.350000,
185.226000,0.010000,290.000000,243.665359,243.665359,46.334637,-0.350000,0.200000,0.055556,0.350000,
185.237000,0.011000,290.000000,244.021515,243.683929,46.316059,-0.350000,0.200000,0.055556,0.350000,
185.249000,0.012000,290.000000,244.222946,244.032913,45.967091,-0.350000,0.200000,0.055556,0.350000,
185.260000,0.011000,290.000000,244.222946,244.222946,45.777046,-0.350000,0.200000,0.055556,0.350000,
185.270000,0.010000,290.000000,244.222946,244.222946,45.777046,-0.350000,0.200000,0.055556,0.350000,
185.283000,0.013000,290.000000,244.495422,244.239578,45.760410,-0.350000,0.200000,0.055556,0.350000,
185.292000,0.009000,290.000000,244.495422,244.495422,45.504578,-0.350000,0.200000,0.055556,0.350000,
185.303000,0.011000,290.000000,244.698349,244.505997,45.494003,-0.350000,0.200000,0.055556,0.350000,
185.315000,0.012000,290.000000,244.845306,244.706665,45.293335,-0.350000,0.200000,0.055556,0.350000,
185.329000,0.014000,290.000000,244.845306,244.845306,45.154682,-0.350000,0.200000,0.055556,0.350000,
185.338000,0.009000,290.000000,244.993668,244.851700,45.148289,-0.350000,0.200000,0.055556,0.350000,
185.349000,0.011000,290.000000,245.113037,244.999893,45.000099,-0.350000,0.200000,0.055556,0.350000,
185.361000,0.012000,290.000000,245.113037,245.113037,44.886967,-0.350000,0.200000,0.055556,0.350000,
185.371000,0.010000,290.000000,245.195908,245.116974,44.883030,-0.350000,0.200000,0.055556,0.350000,
185.386000,0.015000,290.000000,245.195908,245.195908,44.804100,-0.350000,0.200000,0.055556,0.350000,
185.398000,0.012000,290.000000,245.195908,245.195908,44.804100,-0.350000,0.200000,0.055556,0.350000,
185.408000,0.010000,290.000000,245.260056,245.198975,44.801014,-0.350000,0.200000,0.055556,0.350000,
185.419000,0.011000,290.000000,245.332779,245.263840,44.736153,-0.350000,0.200000,0.055556,0.350000,
185.432000,0.013000,290.000000,245.404953,245.337189,44.662800,-0.350000,0.200000,0.055556,0.350000,
185.443000,0.011000,290.000000,245.404953,245.404953,44.595043,-0.350000,0.200000,0.055556,0.350000,
185.454000,0.011000,290.000000,245.480194,245.408875,44.591110,-0.350000,0.200000,0.055556,0.350000,
185.465000,0.011000,290.000000,245.480194,245.480194,44.519802,-0.350000,0.200000,0.055556,0.350000,
185.474000,0.009000,290.000000,245.515900,245.481735,44.518272,-0.350000,0.200000,0.055556,0.350000,
