27.604000,27.604000,230.000000,100.169716,99.449173,130.550797,-0.350000,0.200000,0.013889,0.350000,
27.613000,0.009000,230.000000,100.169716,100.169716,129.830261,-0.350000,0.200000,0.013889,0.350000,
27.624000,0.011000,230.000000,100.139618,100.168144,129.831848,-0.350000,0.200000,0.013889,0.350000,
27.637000,0.013000,230.000000,100.128334,100.138924,129.861069,-0.350000,0.200000,0.013889,0.350000,
27.646000,0.009000,230.000000,100.128334,100.128334,129.871643,-0.350000,0.200000,0.013889,0.350000,
27.657000,0.011000,230.000000,100.114159,100.127594,129.872391,-0.350000,0.200000,0.013889,0.350000,
27.670000,0.013000,230.000000,100.114159,100.114159,129.885834,-0.350000,0.200000,0.013889,0.350000,
27.679000,0.009000,224.551758,100.103577,100.113701,124.438057,-0.350000,0.200000,0.013889,0.350000,
27.690000,0.011000,224.551758,100.103577,100.103577,124.448181,-0.350000,0.200000,0.013889,0.350000,
27.703000,0.013000,224.551758,100.094643,100.103035,124.448723,-0.350000,0.200000,0.013889,0.350000,
27.714000,0.011000,224.551758,100.094643,100.094643,124.457115,-0.350000,0.200000,0.013889,0.350000,
27.726000,0.012000,219.312317,100.082977,100.093979,119.218346,-0.350000,0.200000,0.013889,0.350000,
27.736000,0.010000,219.312317,100.082977,100.082977,119.229340,-0.350000,0.200000,0.013889,0.350000,
27.747000,0.011000,219.312317,100.071907,100.082397,119.229927,-0.350000,0.200000,0.013889,0.350000,
27.759000,0.012000,214.259720,100.071907,100.071907,114.187813,-0.350000,0.200000,0.013889,0.350000,
27.769000,0.010000,214.259720,100.061600,100.071411,114.188301,-0.350000,0.200000,0.013889,0.350000,
27.781000,0.012000,214.259720,100.069962,100.062073,114.197639,-0.350000,0.200000,0.013889,0.350000,
27.792000,0.011000,214.259720,100.046303,100.068726,114.190987,-0.350000,0.200000,0.013889,0.350000,
27.804000,0.012000,214.259720,100.046303,100.046303,114.213409,-0.350000,0.200000,0.013889,0.350000,
27.813000,0.009000,209.403915,100.046303,100.046303,109.357613,-0.350000,0.200000,0.013889,0.350000,
27.825000,0.012000,209.403915,100.044914,100.046227,109.357681,-0.350000,0.200000,0.013889,0.350000,
27.840000,0.015000,204.788208,100.029129,100.043816,104.744400,-0.350000,0.200000,0.013889,0.350000,
27.850000,0.010000,204.788208,100.029129,100.029129,104.759087,-0.350000,0.200000,0.013889,0.350000,
27.863000,0.013000,204.788208,100.069183,100.031570,104.756638,-0.350000,0.200000,0.013889,0.350000,
27.873000,0.010000,204.788208,100.069183,100.069183,104.719025,-0.350000,0.200000,0.013889,0.350000,
27.881000,0.008000,200.350967,100.224274,100.075150,100.275826,-0.350000,0.200000,0.013889,0.350000,
27.892000,0.011000,200.350967,100.747330,100.251541,100.099442,-0.350000,0.200000,0.013889,0.350000,
27.905000,0.013000,200.350967,100.747330,100.747330,99.603645,-0.350000,0.200000,0.013889,0.350000,
27.916000,0.011000,196.099319,101.233856,100.772690,95.326645,-0.350000,0.200000,0.013889,0.350000,
27.925000,0.009000,196.099319,101.233856,101.233856,94.865471,-0.350000,0.200000,0.013889,0.350000,
27.937000,0.012000,196.099319,101.869507,101.269836,94.829498,-0.350000,0.200000,0.013889,0.350000,
27.948000,0.011000,196.099319,101.869507,101.869507,94.229820,-0.350000,0.200000,0.013889,0.350000,
27.959000,0.011000,192.015015,220.265854,108.041908,83.973106,-0.350000,0.200000,0.013889,0.350000,
27.971000,0.012000,192.015015,220.265854,220.265854,-28.250837,0.350000,0.200000,0.013889,0.350000,
27.982000,0.011000,192.015015,221.073257,220.307938,-28.292925,0.350000,0.200000,0.013889,0.350000,
27.994000,0.012000,192.737976,221.641769,221.105438,-28.367456,0.350000,0.200000,0.013889,0.350000,
28.005000,0.011000,192.737976,221.641769,221.641769,-28.903790,0.350000,0.200000,0.013889,0.350000,
28.014000,0.009000,192.737976,222.527405,221.679901,-28.941929,0.350000,0.200000,0.013889,0.350000,
28.027000,0.013000,192.737976,222.527405,222.527405,-29.789419,0.350000,0.200000,0.013889,0.350000,
28.038000,0.011000,193.426468,223.310471,222.568237,-29.141781,0.350000,0.200000,0.013889,0.350000,
28.047000,0.009000,193.426468,223.310471,223.310471,-29.884005,0.350000,0.200000,0.013889,0.350000,
28.061000,0.014000,193.426468,223.992584,223.355103,-29.928633,0.350000,0.200000,0.013889,0.350000,
28.073000,0.012000,193.426468,223.992584,223.992584,-30.566135,0.350000,0.200000,0.013889,0.350000,
28.082000,0.009000,194.144821,224.822052,224.028305,-29.883484,0.350000,0.200000,0.013889,0.350000,
28.094000,0.012000,194.144821,224.822052,224.822052,-30.677235,0.350000,0.200000,0.013889,0.350000,
28.106000,0.012000,194.144821,225.676071,224.870392,-30.725565,0.350000,0.200000,0.013889,0.350000,
28.115000,0.009000,194.971527,226.569656,225.714554,-30.743023,0.350000,0.200000,0.013889,0.350000,
28.125000,0.010000,194.971527,226.569656,226.569656,-31.598122,0.350000,0.200000,0.013889,0.350000,
28.138000,0.013000,194.971527,227.466263,226.624390,-31.652859,0.350000,0.200000,0.013889,0.350000,
28.149000,0.011000,194.971527,227.466263,227.466263,-32.494720,0.350000,0.200000,0.013889,0.350000,
28.159000,0.010000,194.971527,228.416885,227.511536,-32.540005,0.350000,0.200000,0.013889,0.350000,
28.171000,0.012000,194.971527,228.416885,228.416885,-33.445358,0.350000,0.200000,0.013889,0.350000,
28.181000,0.010000,194.971527,229.361786,228.461884,-33.490356,0.350000,0.200000,0.013889,0.350000,
28.193000,0.012000,194.971527,229.361786,229.361786,-34.390236,0.350000,0.200000,0.013889,0.350000,
28.205000,0.012000,195.792480,230.321655,229.416107,-33.623627,0.350000,0.200000,0.013889,0.350000,
28.216000,0.011000,195.792480,230.321655,230.321655,-34.529175,0.350000,0.200000,0.013889,0.350000,
28.227000,0.011000,195.792480,231.477539,230.381912,-34.589417,0.350000,0.200000,0.013889,0.350000,
28.237000,0.010000,196.562592,232.227112,231.513229,-34.950638,0.350000,0.200000,0.013889,0.350000,
28.247000,0.010000,196.562592,232.227112,232.227112,-35.664528,0.350000,0.200000,0.013889,0.350000,
28.259000,0.012000,196.562592,232.972305,232.269287,-35.706711,0.350000,0.200000,0.013889,0.350000,
28.274000,0.015000,196.562592,232.972305,232.972305,-36.409702,0.350000,0.200000,0.013889,0.350000,
28.283000,0.009000,197.303711,233.198868,232.982071,-35.678352,0.350000,0.200000,0.013889,0.350000,
28.294000,0.011000,197.303711,233.198868,233.198868,-35.895145,0.350000,0.200000,0.013889,0.350000,
28.306000,0.012000,197.303711,233.020035,233.188736,-35.885036,0.350000,0.200000,0.013889,0.350000,
28.316000,0.010000,197.303711,232.736023,233.006516,-35.702805,0.350000,0.200000,0.013889,0.350000,
28.326000,0.010000,197.303711,232.736023,232.736023,-35.432304,0.350000,0.200000,0.013889,0.350000,
28.338000,0.012000,197.303711,232.260635,232.709106,-35.405392,0.350000,0.200000,0.013889,0.350000,
28.351000,0.013000,197.303711,232.260635,232.260635,-34.956921,0.350000,0.200000,0.013889,0.350000,
28.361000,0.010000,197.813385,231.904068,232.243668,-34.430275,0.350000,0.200000,0.013889,0.350000,
28.373000,0.012000,197.813385,231.904068,231.904068,-34.090675,0.350000,0.200000,0.013889,0.350000,
28.383000,0.010000,197.813385,231.428024,231.881409,-34.068001,0.350000,0.200000,0.013889,0.350000,
28.394000,0.011000,198.146469,230.866638,231.398758,-33.252285,0.350000,0.200000,0.013889,0.350000,
28.405000,0.011000,198.146469,230.866638,230.866638,-32.720184,0.350000,0.200000,0.013889,0.350000,
28.417000,0.012000,198.146469,230.866638,230.866638,-32.720184,0.350000,0.200000,0.013889,0.350000,
28.428000,0.011000,198.146469,230.215836,230.832718,-32.686253,0.350000,0.200000,0.013889,0.350000,
28.439000,0.011000,198.268280,229.529419,230.180054,-31.911777,0.350000,0.200000,0.013889,0.350000,
28.450000,0.011000,198.268280,229.529419,229.529419,-31.261162,0.350000,0.200000,0.013889,0.350000,
28.461000,0.011000,198.268280,228.588120,229.480347,-31.212067,0.350000,0.200000,0.013889,0.350000,
28.476000,0.015000,198.268280,228.588120,228.588135,-30.319851,0.350000,0.200000,0.013889,0.350000,
28.486000,0.010000,198.403809,227.780807,228.549683,-30.145874,0.350000,0.200000,0.013889,0.350000,
28.497000,0.011000,198.403809,227.780807,227.780807,-29.376986,0.350000,0.200000,0.013889,0.350000,
28.509000,0.012000,198.403809,226.930252,227.732666,-29.328859,0.350000,0.200000,0.013889,0.350000,
28.521000,0.012000,198.424835,226.930252,226.930252,-28.505426,0.350000,0.200000,0.013889,0.350000,
28.533000,0.012000,198.424835,226.021378,226.878799,-28.453953,0.350000,0.200000,0.013889,0.350000,
28.543000,0.010000,198.424835,225.279099,225.986038,-27.561193,0.350000,0.200000,0.013889,0.350000,
28.554000,0.011000,198.424835,224.284332,225.227234,-26.802387,0.350000,0.200000,0.013889,0.350000,
28.563000,0.009000,198.424835,224.284332,224.284332,-25.859493,0.350000,0.200000,0.013889,0.350000,
28.574000,0.011000,198.424835,223.281189,224.232040,-25.807199,0.350000,0.200000,0.013889,0.350000,
28.588000,0.014000,198.424835,223.281189,223.281189,-24.856356,0.345227,0.200000,0.013889,0.350000,
28.597000,0.009000,198.424835,222.242599,223.236450,-24.811619,0.344606,0.200000,0.013889,0.350000,
28.608000,0.011000,198.424835,222.242599,222.242599,-23.817772,0.330802,0.200000,0.013889,0.350000,
28.621000,0.013000,198.424835,221.184891,222.178040,-23.753212,0.329906,0.200000,0.013889,0.350000,
28.632000,0.011000,198.424835,220.127075,221.129745,-22.704914,0.315346,0.200000,0.013889,0.350000,
28.641000,0.009000,198.424835,220.127075,220.127075,-21.702244,0.301420,0.200000,0.013889,0.350000,
28.653000,0.012000,198.424835,218.965652,220.061340,-21.636496,0.300507,0.200000,0.013889,0.350000,
28.665000,0.012000,198.424835,218.965652,218.965652,-20.540810,0.285289,0.200000,0.013889,0.350000,
28.679000,0.014000,198.419327,217.857483,218.893158,-20.473833,0.284359,0.200000,0.013889,0.350000,
28.690000,0.011000,198.419327,217.857483,217.857483,-19.438158,0.269974,0.200000,0.013889,0.350000,
28.703000,0.013000,198.419327,216.701721,217.786942,-19.367617,0.268995,0.200000,0.013889,0.350000,
28.713000,0.010000,198.319458,216.701721,216.701721,-18.382252,0.255309,0.200000,0.013889,0.350000,
28.723000,0.010000,198.319458,215.308060,216.635361,-18.315903,0.254388,0.200000,0.013889,0.350000,
28.736000,0.013000,198.319458,214.376740,215.251205,-16.931751,0.235163,0.200000,0.013889,0.350000,
28.747000,0.011000,198.319458,214.376740,214.376740,-16.057270,0.223018,0.200000,0.013889,0.350000,
28.756000,0.009000,198.329651,213.418335,214.335464,-16.005825,0.222303,0.200000,0.013889,0.350000,
28.769000,0.013000,198.329651,213.418335,213.418335,-15.088680,0.209565,0.200000,0.013889,0.350000,
28.780000,0.011000,198.329651,213.418335,213.418335,-15.088680,0.209565,0.200000,0.013889,0.350000,
28.792000,0.012000,198.329651,211.921570,213.333603,-15.003944,0.208388,0.200000,0.013889,0.350000,
28.802000,0.010000,198.327682,210.944519,211.875046,-13.547338,0.188157,0.200000,0.013889,0.350000,
28.813000,0.011000,198.327682,209.489182,210.868652,-12.540952,0.174180,0.200000,0.013889,0.350000,
28.825000,0.012000,198.327682,209.489182,209.489182,-11.161499,0.155021,0.200000,0.013889,0.350000,
28.837000,0.012000,198.374634,208.508652,209.433685,-11.059046,0.153598,0.200000,0.013889,0.350000,
28.845000,0.008000,198.374634,208.508652,208.508652,-10.134020,0.140750,0.200000,0.013889,0.350000,
28.856000,0.011000,198.374634,207.231232,208.442062,-10.067426,0.139825,0.200000,0.013889,0.350000,
28.870000,0.014000,198.374634,207.231232,207.231232,-8.856597,0.123008,0.200000,0.013889,0.350000,
28.879000,0.009000,198.393509,206.021774,207.179153,-8.785631,0.122023,0.200000,0.013889,0.350000,
28.891000,0.012000,198.393509,206.021774,206.021774,-7.628270,0.105948,0.200000,0.013889,0.350000,
28.903000,0.012000,198.393509,204.832138,205.954437,-7.560924,0.105013,0.200000,0.013889,0.350000,
28.913000,0.010000,198.319382,204.832138,204.832138,-6.512763,0.090455,0.200000,0.013889,0.350000,
28.923000,0.010000,198.319382,203.430923,204.765411,-6.446032,0.089528,0.200000,0.013889,0.350000,
28.935000,0.012000,198.319382,202.288879,203.366287,-5.046909,0.070096,0.200000,0.013889,0.350000,
28.946000,0.011000,198.319382,202.288879,202.288879,-3.969501,0.055132,0.200000,0.013889,0.350000,
28.956000,0.010000,198.314911,202.288879,202.288879,-3.973968,0.055194,0.200000,0.013889,0.350000,
28.968000,0.012000,198.314911,201.386230,202.237778,-3.922864,0.054484,0.200000,0.013889,0.350000,
28.979000,0.011000,198.314911,200.042511,201.316177,-3.001267,0.041684,0.200000,0.013889,0.350000,
28.992000,0.013000,198.314911,200.042511,200.042511,-1.727601,0.000000,0.200000,0.013889,0.350000,
29.002000,0.010000,198.282379,199.001465,199.992950,-1.710566,0.000000,0.200000,0.013889,0.350000,
29.012000,0.010000,198.282379,197.994446,198.953506,-0.671121,0.000000,0.200000,0.013889,0.350000,
29.025000,0.013000,198.282379,197.994446,197.994446,0.287947,0.000000,0.200000,0.013889,0.350000,
29.037000,0.012000,198.413269,197.036804,197.940247,0.473032,0.000000,0.200000,0.013889,0.350000,
29.046000,0.009000,198.413269,197.036804,197.036804,1.376461,0.000000,0.200000,0.013889,0.350000,
29.058000,0.012000,198.413269,197.036804,197.036804,1.376461,0.000000,0.200000,0.013889,0.350000,
29.071000,0.013000,198.413269,196.301422,196.991928,1.421335,0.000000,0.200000,0.013889,0.350000,
29.079000,0.008000,198.474014,195.395721,196.266586,2.207422,0.000000,0.200000,0.013889,0.350000,
29.091000,0.012000,198.474014,195.395721,195.395721,3.078284,-0.042754,0.200000,0.013889,0.350000,
29.103000,0.012000,198.474014,195.395721,195.395721,3.078284,-0.042754,0.200000,0.013889,0.350000,
29.113000,0.010000,198.474014,194.546738,195.355286,3.118705,-0.043315,0.200000,0.013889,0.350000,
29.123000,0.010000,198.547562,193.756607,194.509125,4.038445,-0.056090,0.200000,0.013889,0.350000,
29.136000,0.013000,198.547562,193.019073,193.711594,4.835965,-0.067166,0.200000,0.013889,0.350000,
29.146000,0.010000,198.547562,193.019073,193.019073,5.528478,-0.076784,0.200000,0.013889,0.350000,
29.156000,0.010000,198.534714,192.315216,192.985550,5.549173,-0.077072,0.200000,0.013889,0.350000,
29.169000,0.013000,198.534714,192.315216,192.315216,6.219502,-0.086382,0.200000,0.013889,0.350000,
29.179000,0.010000,198.534714,191.629379,192.282562,6.252164,-0.086836,0.200000,0.013889,0.350000,
29.194000,0.015000,198.534714,191.629379,191.629379,6.905349,-0.095908,0.200000,0.013889,0.350000,
29.203000,0.009000,198.468903,191.003510,191.602417,6.866471,-0.095368,0.200000,0.013889,0.350000,
29.213000,0.010000,198.468903,191.003510,191.003510,7.465383,-0.103686,0.200000,0.013889,0.350000,
29.224000,0.011000,198.468903,190.346725,190.969269,7.499629,-0.104162,0.200000,0.013889,0.350000,
29.237000,0.013000,198.459351,189.916901,190.320496,8.138853,-0.113040,0.200000,0.013889,0.350000,
29.245000,0.008000,198.459351,189.916901,189.916901,8.542449,-0.118645,0.200000,0.013889,0.350000,
29.256000,0.011000,198.459351,189.453720,189.892746,8.566601,-0.118981,0.200000,0.013889,0.350000,
29.270000,0.014000,198.459351,189.453720,189.453720,9.005646,-0.125078,0.200000,0.013889,0.350000,
29.278000,0.008000,198.456802,189.018814,189.436981,9.019825,-0.125275,0.200000,0.013889,0.350000,
29.290000,0.012000,198.456802,189.018814,189.018814,9.437996,-0.131083,0.200000,0.013889,0.350000,
29.302000,0.012000,198.456802,188.656052,188.998276,9.458528,-0.131368,0.200000,0.013889,0.350000,
29.314000,0.012000,198.608658,188.656052,188.656052,9.952610,-0.138231,0.200000,0.013889,0.350000,
29.326000,0.012000,198.608658,188.308167,188.636368,9.972295,-0.138504,0.200000,0.013889,0.350000,
29.336000,0.010000,198.608658,188.308167,188.308167,10.300512,-0.143063,0.200000,0.013889,0.350000,
29.347000,0.011000,198.608658,187.975632,188.290833,10.317834,-0.143303,0.200000,0.013889,0.350000,
29.358000,0.011000,198.608658,187.719147,187.962265,10.646407,-0.147867,0.200000,0.013889,0.350000,
29.370000,0.012000,198.608658,187.719147,187.719147,10.889507,-0.151243,0.200000,0.013889,0.350000,
29.380000,0.010000,198.608658,187.438385,187.705780,10.902881,-0.151429,0.200000,0.013889,0.350000,
29.392000,0.012000,198.608658,187.438385,187.438385,11.170282,-0.155143,0.200000,0.013889,0.350000,
29.403000,0.011000,198.713303,187.160248,187.423874,11.289429,-0.156798,0.200000,0.013889,0.350000,
29.414000,0.011000,198.713303,187.160248,187.160248,11.553061,-0.160459,0.200000,0.013889,0.350000,
29.426000,0.012000,198.713303,186.912384,187.146225,11.567076,-0.160654,0.200000,0.013889,0.350000,
29.438000,0.012000,198.910477,186.912384,186.912384,11.998088,-0.166640,0.200000,0.013889,0.350000,
29.448000,0.010000,198.910477,186.763367,186.905273,12.005205,-0.166739,0.200000,0.013889,0.350000,
29.459000,0.011000,198.910477,186.658768,186.757919,12.152559,-0.168786,0.200000,0.013889,0.350000,
29.471000,0.012000,198.910477,186.658768,186.658768,12.251706,-0.170163,0.200000,0.013889,0.350000,
29.480000,0.009000,198.910477,186.589767,186.655792,12.254684,-0.170204,0.200000,0.013889,0.350000,
29.491000,0.011000,198.910477,186.589767,186.589767,12.320719,-0.171121,0.200000,0.013889,0.350000,
29.503000,0.012000,198.910477,186.547852,186.587402,12.323069,-0.171154,0.200000,0.013889,0.350000,
29.514000,0.011000,198.910477,186.547852,186.547852,12.362615,-0.171703,0.200000,0.013889,0.350000,
29.526000,0.012000,198.910477,186.547852,186.547852,12.362615,-0.171703,0.200000,0.013889,0.350000,
29.537000,0.011000,198.910477,186.547852,186.547852,12.362615,-0.171703,0.200000,0.013889,0.350000,
29.548000,0.011000,198.910477,186.547852,186.547852,12.362615,-0.171703,0.200000,0.013889,0.350000,
29.558000,0.010000,199.158524,186.547852,186.547852,12.610646,-0.175148,0.200000,0.013889,0.350000,
29.570000,0.012000,199.158524,186.547852,186.547852,12.610646,-0.175148,0.200000,0.013889,0.350000,
29.580000,0.010000,199.158524,186.684235,186.554352,12.604157,-0.175058,0.200000,0.013889,0.350000,
29.593000,0.013000,199.158524,186.780594,186.690109,12.468401,-0.173172,0.200000,0.013889,0.350000,
29.604000,0.011000,199.158524,186.780594,186.780594,12.377929,-0.171916,0.200000,0.013889,0.350000,
29.614000,0.010000,199.158524,186.780594,186.780594,12.377929,-0.171916,0.200000,0.013889,0.350000,
29.628000,0.014000,199.158524,186.922592,186.789886,12.368612,-0.171786,0.200000,0.013889,0.350000,
29.638000,0.010000,199.158524,187.079666,186.930084,12.228429,-0.169839,0.200000,0.013889,0.350000,
29.648000,0.010000,199.158524,187.079666,187.079666,12.078848,-0.167762,0.200000,0.013889,0.350000,
29.658000,0.010000,199.158524,187.261856,187.088333,12.070188,-0.167641,0.200000,0.013889,0.350000,
29.671000,0.013000,199.158524,187.261856,187.261856,11.896646,-0.165231,0.200000,0.013889,0.350000,
29.681000,0.010000,199.158524,187.507095,187.273529,11.884980,-0.165069,0.200000,0.013889,0.350000,
29.692000,0.011000,199.158524,187.728622,187.518646,11.639872,-0.161665,0.200000,0.013889,0.350000,
29.704000,0.012000,199.158524,187.728622,187.728622,11.429885,-0.158748,0.200000,0.013889,0.350000,
29.714000,0.010000,199.458557,187.979874,187.740585,11.717968,-0.162750,0.200000,0.013889,0.350000,
29.725000,0.011000,199.458557,187.979874,187.979874,11.478680,-0.159426,0.200000,0.013889,0.350000,
29.737000,0.012000,199.458557,188.255112,187.995453,11.463093,-0.159210,0.200000,0.013889,0.350000,
29.748000,0.011000,199.458557,188.255112,188.255112,11.203436,-0.155603,0.200000,0.013889,0.350000,
29.758000,0.010000,199.458557,188.543137,188.268829,11.189721,-0.155413,0.200000,0.013889,0.350000,
29.770000,0.012000,199.458557,188.543137,188.543137,10.915421,-0.151603,0.200000,0.013889,0.350000,
29.781000,0.011000,199.458557,188.857117,188.559509,10.899042,-0.151376,0.200000,0.013889,0.350000,
29.794000,0.013000,199.458557,189.168564,188.876114,10.582436,-0.146978,0.200000,0.013889,0.350000,
29.804000,0.010000,199.458557,189.168564,189.168564,10.289994,-0.142917,0.200000,0.013889,0.350000,
29.814000,0.010000,199.458557,189.492249,189.183975,10.274586,-0.142703,0.200000,0.013889,0.350000,
29.825000,0.011000,199.458557,189.492249,189.492249,9.966311,-0.138421,0.200000,0.013889,0.350000,
29.837000,0.012000,199.698669,189.848206,189.512405,10.186271,-0.141476,0.200000,0.013889,0.350000,
29.847000,0.010000,199.698669,189.848206,189.848206,9.850471,-0.136812,0.200000,0.013889,0.350000,
29.858000,0.011000,199.698669,190.205429,189.866821,9.831866,-0.136554,0.200000,0.013889,0.350000,
29.871000,0.013000,199.698669,190.205429,190.205429,9.493253,-0.131851,0.200000,0.013889,0.350000,
29.880000,0.009000,199.698669,190.568375,190.221054,9.477639,-0.131634,0.200000,0.013889,0.350000,
29.892000,0.012000,199.698669,190.568375,190.568375,9.130297,-0.126810,0.200000,0.013889,0.350000,
29.905000,0.013000,199.698669,190.860977,190.586243,9.112442,-0.126562,0.200000,0.013889,0.350000,
29.915000,0.010000,200.038605,190.860977,190.860977,9.177629,-0.127467,0.200000,0.013889,0.350000,
29.926000,0.011000,200.038605,191.318085,190.884811,9.153792,-0.127136,0.200000,0.013889,0.350000,
29.937000,0.011000,200.038605,191.687119,191.337326,8.701279,-0.120851,0.200000,0.013889,0.350000,
29.950000,0.013000,200.038605,191.992859,191.705780,8.332817,-0.115734,0.200000,0.013889,0.350000,
29.958000,0.008000,200.038605,191.992859,191.992859,8.045758,-0.111747,0.200000,0.013889,0.350000,
29.970000,0.012000,200.038605,191.992859,191.992859,8.045758,-0.111747,0.200000,0.013889,0.350000,
29.981000,0.011000,200.038605,192.486893,192.018616,8.019995,-0.111389,0.200000,0.013889,0.350000,
29.993000,0.012000,200.392609,192.486893,192.486893,7.905712,-0.109802,0.200000,0.013889,0.350000,
30.005000,0.012000,200.392609,192.874893,192.508850,7.883759,-0.109497,0.200000,0.013889,0.350000,
30.015000,0.010000,200.392609,192.874893,192.874893,7.517716,-0.104413,0.200000,0.013889,0.350000,
30.026000,0.011000,200.392609,193.250549,192.894470,7.498127,-0.104141,0.200000,0.013889,0.350000,
30.039000,0.013000,200.718658,193.559692,193.269409,7.449236,-0.103462,0.200000,0.013889,0.350000,
30.047000,0.008000,200.718658,193.559692,193.559692,7.158954,-0.099430,0.200000,0.013889,0.350000,
30.059000,0.012000,200.718658,194.006424,193.584976,7.133668,-0.099079,0.200000,0.013889,0.350000,
30.072000,0.013000,200.718658,194.006424,194.006424,6.712232,-0.093225,0.200000,0.013889,0.350000,
30.081000,0.009000,200.718658,194.282410,194.018311,6.700334,-0.093060,0.200000,0.013889,0.350000,
30.091000,0.010000,200.718658,194.671448,194.300934,6.417714,-0.089135,0.200000,0.013889,0.350000,
30.104000,0.013000,200.718658,194.671448,194.671448,6.047204,-0.083989,0.200000,0.013889,0.350000,
30.115000,0.011000,200.982498,194.671448,194.671448,6.311054,-0.087654,0.200000,0.013889,0.350000,
30.125000,0.010000,200.982498,195.090744,194.691406,6.291082,-0.087376,0.200000,0.013889,0.350000,
30.137000,0.012000,200.982498,195.369324,195.106522,5.875984,-0.081611,0.200000,0.013889,0.350000,
30.149000,0.012000,200.982498,195.369324,195.369324,5.613173,-0.077961,0.200000,0.013889,0.350000,
30.160000,0.011000,201.246017,195.699463,195.386536,5.859483,-0.081382,0.200000,0.013889,0.350000,
30.171000,0.011000,201.246017,196.039124,195.717163,5.528861,-0.076790,0.200000,0.013889,0.350000,
30.181000,0.010000,201.246017,196.039124,196.039124,5.206899,-0.072318,0.200000,0.013889,0.350000,
30.193000,0.012000,201.246017,196.364334,196.057526,5.188498,-0.072062,0.200000,0.013889,0.350000,
30.204000,0.011000,201.428085,196.364334,196.364319,5.063752,-0.070330,0.200000,0.013889,0.350000,
30.215000,0.011000,201.428085,196.677032,196.380630,5.047455,-0.070104,0.200000,0.013889,0.350000,
30.227000,0.012000,201.428085,196.677032,196.677032,4.751039,-0.065987,0.200000,0.013889,0.350000,
30.238000,0.011000,201.585419,196.677032,196.677032,4.908365,-0.068172,0.200000,0.013889,0.350000,
30.248000,0.010000,201.585419,196.971848,196.691071,4.894336,-0.067977,0.200000,0.013889,0.350000,
30.260000,0.012000,201.585419,197.255249,196.987885,4.597523,-0.063854,0.200000,0.013889,0.350000,
30.273000,0.013000,201.585419,197.255249,197.255249,4.330176,-0.060141,0.200000,0.013889,0.350000,
30.281000,0.008000,201.831528,197.521225,197.265472,4.566050,-0.063417,0.200000,0.013889,0.350000,
30.292000,0.011000,201.831528,197.785263,197.534988,4.296544,-0.059674,0.200000,0.013889,0.350000,
30.305000,0.013000,201.831528,197.785263,197.785263,4.046272,-0.056198,0.200000,0.013889,0.350000,
30.316000,0.011000,201.995010,197.785263,197.785263,4.209760,-0.058469,0.200000,0.013889,0.350000,
30.325000,0.009000,201.995010,198.013489,197.795090,4.199924,-0.058332,0.200000,0.013889,0.350000,
30.338000,0.013000,201.995010,198.247452,198.027771,3.967233,-0.055100,0.200000,0.013889,0.350000,
30.350000,0.012000,201.995010,198.247452,198.247452,3.747561,-0.052049,0.200000,0.013889,0.350000,
30.364000,0.014000,202.116684,198.471817,198.262115,3.854549,-0.053535,0.200000,0.013889,0.350000,
30.374000,0.010000,202.116684,198.639404,198.479797,3.636884,-0.050512,0.200000,0.013889,0.350000,
30.388000,0.014000,202.116684,198.639404,198.639404,3.477277,-0.048296,0.200000,0.013889,0.350000,
30.398000,0.010000,202.254196,198.852890,198.649567,3.604619,-0.050064,0.200000,0.013889,0.350000,
30.409000,0.011000,202.254196,198.852890,198.852890,3.401284,-0.047240,0.200000,0.013889,0.350000,
30.421000,0.012000,202.254196,199.034103,198.863144,3.391039,-0.047098,0.200000,0.013889,0.350000,
30.432000,0.011000,202.354431,199.034103,199.034103,3.320333,-0.046116,0.200000,0.013889,0.350000,
30.442000,0.010000,202.354431,199.229599,199.043427,3.311016,-0.045986,0.200000,0.013889,0.350000,
30.454000,0.012000,202.354431,199.229599,199.229599,3.124839,-0.043401,0.200000,0.013889,0.350000,
30.465000,0.011000,202.354431,199.356949,199.236237,3.118214,-0.043309,0.200000,0.013889,0.350000,
30.478000,0.013000,202.436691,199.356949,199.356934,3.079760,-0.042774,0.200000,0.013889,0.350000,
30.489000,0.011000,202.436691,199.540878,199.366531,3.070170,-0.042641,0.200000,0.013889,0.350000,
30.497000,0.008000,202.436691,199.681458,199.546280,2.890413,-0.040145,0.200000,0.013889,0.350000,
30.510000,0.013000,202.436691,199.681458,199.681458,2.755244,-0.038267,0.200000,0.013889,0.350000,
30.522000,0.012000,202.596542,199.827103,199.689697,2.906860,-0.040373,0.200000,0.013889,0.350000,
30.532000,0.010000,202.596542,199.827103,199.827103,2.769464,-0.038465,0.200000,0.013889,0.350000,
30.543000,0.011000,202.596542,199.958771,199.833969,2.762579,-0.038369,0.200000,0.013889,0.350000,
30.555000,0.012000,202.749115,199.958771,199.958771,2.790337,-0.038755,0.200000,0.013889,0.350000,
30.565000,0.010000,202.749115,200.075333,199.964325,2.784777,-0.038677,0.200000,0.013889,0.350000,
30.575000,0.010000,202.749115,200.075333,200.075333,2.673787,-0.037136,0.200000,0.013889,0.350000,
30.589000,0.014000,202.749115,200.166901,200.081314,2.667804,-0.037053,0.200000,0.013889,0.350000,
30.597000,0.008000,202.878525,200.240936,200.169754,2.708785,-0.037622,0.200000,0.013889,0.350000,
30.608000,0.011000,202.878525,200.314957,200.244797,2.633735,-0.036580,0.200000,0.013889,0.350000,
30.620000,0.012000,202.878525,200.314957,200.314957,2.563575,-0.035605,0.200000,0.013889,0.350000,
30.631000,0.011000,202.999557,200.314957,200.314957,2.684606,-0.037286,0.200000,0.013889,0.350000,
30.641000,0.010000,202.999557,200.403625,200.319168,2.680398,-0.037228,0.200000,0.013889,0.350000,
30.654000,0.013000,202.999557,200.403625,200.403625,2.595936,-0.036055,0.200000,0.013889,0.350000,
30.670000,0.016000,202.999557,200.452454,200.407242,2.592330,-0.036005,0.200000,0.013889,0.350000,
30.679000,0.009000,203.034988,200.528870,200.455734,2.579257,-0.035823,0.200000,0.013889,0.350000,
30.690000,0.011000,203.034988,200.584900,200.531784,2.503196,-0.034767,0.200000,0.013889,0.350000,
30.702000,0.012000,203.034988,200.584900,200.584900,2.450071,0.000000,0.200000,0.013889,0.350000,
30.713000,0.011000,203.113235,200.584900,200.584900,2.528331,-0.035116,0.200000,0.013889,0.350000,
30.723000,0.010000,203.113235,200.666382,200.588776,2.524465,-0.035062,0.200000,0.013889,0.350000,
30.735000,0.012000,203.113235,200.718613,200.669342,2.443896,0.000000,0.200000,0.013889,0.350000,
30.746000,0.011000,203.113235,200.718613,200.718613,2.394637,0.000000,0.200000,0.013889,0.350000,
30.756000,0.010000,203.202484,200.718613,200.718613,2.483880,0.000000,0.200000,0.013889,0.350000,
30.772000,0.016000,203.202484,200.758453,200.721558,2.480916,0.000000,0.200000,0.013889,0.350000,
30.781000,0.009000,203.202484,200.797012,200.760117,2.442380,0.000000,0.200000,0.013889,0.350000,
30.793000,0.012000,203.202484,200.797012,200.796997,2.405483,0.000000,0.200000,0.013889,0.350000,
30.804000,0.011000,203.287659,200.849213,200.799728,2.487937,0.000000,0.200000,0.013889,0.350000,
30.814000,0.010000,203.287659,200.876297,200.850494,2.437176,0.000000,0.200000,0.013889,0.350000,
30.826000,0.012000,203.287659,200.876297,200.876297,2.411371,0.000000,0.200000,0.013889,0.350000,
30.837000,0.011000,203.348923,200.876297,200.876297,2.472638,0.000000,0.200000,0.013889,0.350000,
30.846000,0.009000,203.348923,200.911102,200.877808,2.471122,0.000000,0.200000,0.013889,0.350000,
30.857000,0.011000,203.348923,200.952499,200.913254,2.435659,0.000000,0.200000,0.013889,0.350000,
30.872000,0.015000,203.348923,200.970963,200.953796,2.395143,0.000000,0.200000,0.013889,0.350000,
30.882000,0.010000,203.410767,200.970963,200.970963,2.439798,0.000000,0.200000,0.013889,0.350000,
30.893000,0.011000,203.410767,200.999588,200.972458,2.438309,0.000000,0.200000,0.013889,0.350000,
30.906000,0.013000,203.410767,200.999588,200.999588,2.411180,0.000000,0.200000,0.013889,0.350000,
30.916000,0.010000,203.485077,200.999588,200.999588,2.485492,0.000000,0.200000,0.013889,0.350000,
30.927000,0.011000,203.485077,201.039795,201.001678,2.483402,0.000000,0.200000,0.013889,0.350000,
30.938000,0.011000,203.485077,201.067123,201.041229,2.443842,0.000000,0.200000,0.013889,0.350000,
30.949000,0.011000,203.485077,201.067123,201.067123,2.417942,0.000000,0.200000,0.013889,0.350000,
30.959000,0.010000,203.540176,201.096786,201.068542,2.471627,0.000000,0.200000,0.013889,0.350000,
30.972000,0.013000,203.540176,201.116806,201.098007,2.442162,0.000000,0.200000,0.013889,0.350000,
30.982000,0.010000,203.540176,201.116806,201.116806,2.423365,0.000000,0.200000,0.013889,0.350000,
30.994000,0.012000,203.540176,201.116806,201.116806,2.423365,0.000000,0.200000,0.013889,0.350000,
31.005000,0.011000,203.595062,201.152985,201.118683,2.476381,0.000000,0.200000,0.013889,0.350000,
31.015000,0.010000,203.595062,201.170288,201.153809,2.441260,0.000000,0.200000,0.013889,0.350000,
31.028000,0.013000,203.595062,201.170288,201.170288,2.424758,0.000000,0.200000,0.013889,0.350000,
31.039000,0.011000,203.643768,201.170288,201.170288,2.473457,0.000000,0.200000,0.013889,0.350000,
31.049000,0.010000,203.643768,201.197952,201.171600,2.472160,0.000000,0.200000,0.013889,0.350000,
31.059000,0.010000,203.643768,201.197952,201.197952,2.445795,0.000000,0.200000,0.013889,0.350000,
31.075000,0.016000,203.643768,201.197952,201.197952,2.445795,0.000000,0.200000,0.013889,0.350000,
31.083000,0.008000,203.696381,201.218430,201.198746,2.497636,0.000000,0.200000,0.013889,0.350000,
31.094000,0.011000,203.696381,201.221069,201.218567,2.477801,0.000000,0.200000,0.013889,0.350000,
31.105000,0.011000,203.696381,201.221069,201.221069,2.475302,0.000000,0.200000,0.013889,0.350000,
31.117000,0.012000,203.747879,201.235687,201.221893,2.525981,-0.035083,0.200000,0.013889,0.350000,
31.127000,0.010000,203.747879,201.235687,201.235687,2.512185,-0.034891,0.200000,0.013889,0.350000,
31.139000,0.012000,203.747879,201.235687,201.235687,2.512185,-0.034891,0.200000,0.013889,0.350000,
31.151000,0.012000,203.747879,201.235687,201.235687,2.512185,-0.034891,0.200000,0.013889,0.350000,
31.161000,0.010000,203.797958,201.235687,201.235687,2.562277,-0.035587,0.200000,0.013889,0.350000,
31.172000,0.011000,203.797958,201.256775,201.236786,2.561198,-0.035572,0.200000,0.013889,0.350000,
31.184000,0.012000,203.797958,201.267181,201.257370,2.540598,-0.035286,0.200000,0.013889,0.350000,
31.197000,0.013000,203.847321,201.287491,201.268417,2.578902,-0.035818,0.200000,0.013889,0.350000,
31.206000,0.009000,203.847321,201.287491,201.287491,2.559846,-0.035553,0.200000,0.013889,0.350000,
31.216000,0.010000,203.847321,201.292618,201.287735,2.559586,-0.035550,0.200000,0.013889,0.350000,
31.229000,0.013000,203.847321,201.292618,201.292618,2.554709,-0.035482,0.200000,0.013889,0.350000,
31.240000,0.011000,203.847321,201.302383,201.293137,2.554190,-0.035475,0.200000,0.013889,0.350000,
31.251000,0.011000,203.847321,201.302383,201.302383,2.544942,-0.035346,0.200000,0.013889,0.350000,
31.262000,0.011000,203.847321,201.310226,201.302795,2.544532,-0.035341,0.200000,0.013889,0.350000,
31.274000,0.012000,203.847321,201.310226,201.310226,2.537087,-0.035237,0.200000,0.013889,0.350000,
31.285000,0.011000,203.847321,201.317093,201.310593,2.536746,-0.035233,0.200000,0.013889,0.350000,
31.295000,0.010000,203.847321,201.317093,201.317093,2.530230,-0.035142,0.200000,0.013889,0.350000,
31.307000,0.012000,203.847321,201.322784,201.317413,2.529902,-0.035138,0.200000,0.013889,0.350000,
31.316000,0.009000,203.847321,201.342804,201.323639,2.523687,-0.035051,0.200000,0.013889,0.350000,
31.327000,0.011000,203.847321,201.342804,201.342804,2.504521,-0.034785,0.200000,0.013889,0.350000,
31.339000,0.012000,203.847321,201.346436,201.343018,2.504316,-0.034782,0.200000,0.013889,0.350000,
31.351000,0.012000,203.847321,201.346436,201.346436,2.500901,-0.034735,0.200000,0.013889,0.350000,
31.361000,0.010000,203.829803,201.348770,201.346542,2.483266,0.000000,0.200000,0.013889,0.350000,
31.372000,0.011000,203.829803,201.348770,201.348770,2.481025,0.000000,0.200000,0.013889,0.350000,
31.390000,0.018000,203.829803,201.367935,201.350357,2.479454,0.000000,0.200000,0.013889,0.350000,
31.400000,0.010000,203.879074,201.371536,201.368103,2.510955,-0.034874,0.200000,0.013889,0.350000,
31.411000,0.011000,203.879074,201.371536,201.371536,2.507540,-0.034827,0.200000,0.013889,0.350000,
31.423000,0.012000,203.879074,201.380188,201.372025,2.507048,-0.034820,0.200000,0.013889,0.350000,
31.434000,0.011000,203.891968,201.380188,201.380188,2.511788,-0.034886,0.200000,0.013889,0.350000,
31.444000,0.010000,203.891968,201.391098,201.380707,2.511283,-0.034879,0.200000,0.013889,0.350000,
31.456000,0.012000,203.891968,201.391098,201.391098,2.500887,-0.034735,0.200000,0.013889,0.350000,
31.467000,0.011000,203.891968,201.396149,201.391357,2.500614,-0.034731,0.200000,0.013889,0.350000,
31.478000,0.011000,203.917160,201.398315,201.396255,2.520900,-0.035012,0.200000,0.013889,0.350000,
31.490000,0.012000,203.917160,201.398315,201.398315,2.518837,-0.034984,0.200000,0.013889,0.350000,
31.500000,0.010000,203.917160,201.402084,201.398483,2.518673,-0.034982,0.200000,0.013889,0.350000,
31.511000,0.011000,203.917160,201.402084,201.402084,2.515067,-0.034931,0.200000,0.013889,0.350000,
31.523000,0.012000,203.941605,201.409180,201.402481,2.539123,-0.035266,0.200000,0.013889,0.350000,
31.533000,0.010000,203.941605,201.409180,201.409180,2.532429,-0.035173,0.200000,0.013889,0.350000,
31.545000,0.012000,203.941605,201.415131,201.409515,2.532101,-0.035168,0.200000,0.013889,0.350000,
31.556000,0.011000,203.943634,201.415131,201.415131,2.528509,-0.035118,0.200000,0.013889,0.350000,
31.566000,0.010000,203.943634,201.413788,201.415070,2.528563,-0.035119,0.200000,0.013889,0.350000,
31.577000,0.011000,203.943634,201.413788,201.413788,2.529847,-0.035137,0.200000,0.013889,0.350000,
31.590000,0.013000,203.943634,201.424438,201.414429,2.529205,-0.035128,0.200000,0.013889,0.350000,
31.600000,0.010000,203.945953,201.414001,201.423950,2.522006,-0.035028,0.200000,0.013889,0.350000,
31.609000,0.009000,203.945953,201.423981,201.414429,2.531528,-0.035160,0.200000,0.013889,0.350000,
31.622000,0.013000,203.945953,201.423981,201.423981,2.521966,-0.035027,0.200000,0.013889,0.350000,
31.633000,0.011000,203.949051,201.438049,201.424713,2.524342,-0.035060,0.200000,0.013889,0.350000,
31.643000,0.010000,203.949051,201.438049,201.438049,2.510996,-0.034875,0.200000,0.013889,0.350000,
31.654000,0.011000,203.949051,201.448364,201.438583,2.510477,-0.034868,0.200000,0.013889,0.350000,
31.667000,0.013000,203.949051,201.448364,201.448364,2.500683,-0.034732,0.200000,0.013889,0.350000,
31.676000,0.009000,203.952972,201.448364,201.448364,2.504603,-0.034786,0.200000,0.013889,0.350000,
31.690000,0.014000,203.952972,201.456131,201.448868,2.504098,-0.034779,0.200000,0.013889,0.350000,
31.699000,0.009000,203.952972,201.456680,201.456161,2.496817,0.000000,0.200000,0.013889,0.350000,
31.711000,0.012000,203.952972,201.467880,201.457306,2.495669,0.000000,0.200000,0.013889,0.350000,
31.722000,0.011000,203.958603,201.467880,201.467880,2.490724,0.000000,0.200000,0.013889,0.350000,
31.732000,0.010000,203.958603,201.467880,201.467880,2.490724,0.000000,0.200000,0.013889,0.350000,
31.743000,0.011000,203.958603,201.464783,201.467712,2.490888,0.000000,0.200000,0.013889,0.350000,
31.755000,0.012000,203.902390,201.464783,201.464783,2.437599,0.000000,0.200000,0.013889,0.350000,
31.765000,0.010000,203.902390,201.486145,201.465805,2.436574,0.000000,0.200000,0.013889,0.350000,
31.776000,0.011000,203.902390,201.486145,201.486145,2.416248,0.000000,0.200000,0.013889,0.350000,
31.790000,0.014000,203.902390,201.497894,201.486908,2.415469,0.000000,0.200000,0.013889,0.350000,
31.800000,0.010000,203.849625,201.503738,201.498184,2.351443,0.000000,0.200000,0.013889,0.350000,
31.810000,0.010000,203.849625,201.503738,201.503738,2.345883,0.000000,0.200000,0.013889,0.350000,
31.821000,0.011000,203.849625,201.523560,201.504761,2.344845,0.000000,0.200000,0.013889,0.350000,
31.833000,0.012000,203.849625,201.534286,201.524155,2.325461,0.000000,0.200000,0.013889,0.350000,
31.843000,0.010000,203.849625,201.534286,201.534286,2.315339,0.000000,0.200000,0.013889,0.350000,
31.855000,0.012000,203.849625,201.548706,201.535110,2.314505,0.000000,0.200000,0.013889,0.350000,
31.868000,0.013000,203.849625,201.548706,201.548706,2.300900,0.000000,0.200000,0.013889,0.350000,
31.876000,0.008000,203.849625,201.573639,201.549667,2.299957,0.000000,0.200000,0.013889,0.350000,
31.889000,0.013000,203.849625,201.573639,201.573639,2.275983,0.000000,0.200000,0.013889,0.350000,
31.898000,0.009000,203.849625,201.582535,201.574020,2.275587,0.000000,0.200000,0.013889,0.350000,
31.912000,0.014000,203.849625,201.582535,201.582535,2.267076,0.000000,0.200000,0.013889,0.350000,
31.923000,0.011000,203.849625,201.586273,201.582733,2.266885,0.000000,0.200000,0.013889,0.350000,
31.932000,0.009000,203.849625,201.600723,201.586899,2.262733,0.000000,0.200000,0.013889,0.350000,
31.943000,0.011000,203.849625,201.600723,201.600723,2.248894,0.000000,0.200000,0.013889,0.350000,
31.956000,0.013000,203.842743,201.617630,201.601761,2.240999,0.000000,0.200000,0.013889,0.350000,
31.965000,0.009000,203.842743,201.617630,201.617630,2.225125,0.000000,0.200000,0.013889,0.350000,
31.976000,0.011000,203.842743,201.617630,201.617630,2.225125,0.000000,0.200000,0.013889,0.350000,
31.990000,0.014000,203.842743,201.615494,201.617493,2.225262,0.000000,0.200000,0.013889,0.350000,
31.999000,0.009000,203.757080,201.621384,201.615738,2.141346,0.000000,0.200000,0.013889,0.350000,
32.010000,0.011000,203.757080,201.621384,201.621384,2.135705,0.000000,0.200000,0.013889,0.350000,
32.022000,0.012000,203.757080,201.640213,201.622437,2.134639,0.000000,0.200000,0.013889,0.350000,
32.032000,0.010000,203.749100,201.639801,201.640182,2.108930,0.000000,0.200000,0.013889,0.350000,
32.043000,0.011000,203.749100,201.639801,201.639801,2.109313,0.000000,0.200000,0.013889,0.350000,
32.056000,0.013000,203.749100,201.639801,201.639801,2.109313,0.000000,0.200000,0.013889,0.350000,
32.067000,0.011000,203.749100,201.649200,201.640289,2.108807,0.000000,0.200000,0.013889,0.350000,
32.076000,0.009000,203.741165,201.656189,201.649506,2.091663,0.000000,0.200000,0.013889,0.350000,
32.088000,0.012000,203.741165,201.656189,201.656189,2.084984,0.000000,0.200000,0.013889,0.350000,
32.098000,0.010000,203.741165,201.656189,201.656189,2.084984,0.000000,0.200000,0.013889,0.350000,
32.113000,0.015000,203.741165,201.659439,201.656418,2.084751,0.000000,0.200000,0.013889,0.350000,
32.123000,0.010000,203.733917,201.679550,201.660385,2.073523,0.000000,0.200000,0.013889,0.350000,
32.132000,0.009000,203.733917,201.679550,201.679550,2.054371,0.000000,0.200000,0.013889,0.350000,
32.144000,0.012000,203.733917,201.691757,201.680252,2.053674,0.000000,0.200000,0.013889,0.350000,
32.155000,0.011000,203.655365,201.686935,201.691498,1.963857,0.000000,0.200000,0.013889,0.350000,
32.165000,0.010000,203.655365,201.686935,201.686935,1.968406,0.000000,0.200000,0.013889,0.350000,
32.176000,0.011000,203.655365,201.705658,201.687897,1.967463,0.000000,0.200000,0.013889,0.350000,
32.190000,0.014000,203.655365,201.705658,201.705658,1.949705,0.000000,0.200000,0.013889,0.350000,
32.199000,0.009000,203.639923,201.707031,201.705719,1.934200,0.000000,0.200000,0.013889,0.350000,
32.211000,0.012000,203.639923,201.707031,201.707031,1.932889,0.000000,0.200000,0.013889,0.350000,
32.224000,0.013000,203.639923,201.713959,201.707458,1.932452,0.000000,0.200000,0.013889,0.350000,
32.234000,0.010000,203.565842,201.713959,201.713959,1.851883,0.000000,0.200000,0.013889,0.350000,
32.244000,0.010000,203.565842,201.709824,201.713760,1.852088,0.000000,0.200000,0.013889,0.350000,
32.255000,0.011000,203.565842,201.709824,201.709824,1.856008,0.000000,0.200000,0.013889,0.350000,
32.268000,0.013000,203.565842,201.714172,201.710083,1.855749,0.000000,0.200000,0.013889,0.350000,
32.277000,0.009000,203.572372,201.714386,201.714172,1.858208,0.000000,0.200000,0.013889,0.350000,
32.288000,0.011000,203.572372,201.714386,201.714386,1.857989,0.000000,0.200000,0.013889,0.350000,
32.299000,0.011000,203.572372,201.718887,201.714630,1.857743,0.000000,0.200000,0.013889,0.350000,
32.313000,0.014000,203.572372,201.718887,201.718887,1.853481,0.000000,0.200000,0.013889,0.350000,
32.321000,0.008000,203.501083,201.735764,201.719543,1.781546,0.000000,0.200000,0.013889,0.350000,
32.333000,0.012000,203.501083,201.735764,201.735764,1.765317,0.000000,0.200000,0.013889,0.350000,
32.345000,0.012000,203.501083,201.733734,201.735641,1.765454,0.000000,0.200000,0.013889,0.350000,
32.356000,0.011000,203.433105,201.733734,201.733734,1.699378,0.000000,0.200000,0.013889,0.350000,
32.367000,0.011000,203.433105,201.737457,201.733932,1.699160,0.000000,0.200000,0.013889,0.350000,
32.378000,0.011000,203.433105,201.744675,201.737839,1.695253,0.000000,0.200000,0.013889,0.350000,
32.391000,0.013000,203.433105,201.744675,201.744675,1.688436,0.000000,0.200000,0.013889,0.350000,
32.399000,0.008000,203.368164,201.733383,201.744247,1.623918,0.000000,0.200000,0.013889,0.350000,
32.410000,0.011000,203.368164,201.733383,201.733383,1.634778,0.000000,0.200000,0.013889,0.350000,
32.423000,0.013000,203.368164,201.739883,201.733780,1.634369,0.000000,0.200000,0.013889,0.350000,
32.433000,0.010000,203.368164,201.739883,201.739883,1.628276,0.000000,0.200000,0.013889,0.350000,
32.443000,0.010000,203.340790,201.738907,201.739838,1.600955,0.000000,0.200000,0.013889,0.350000,
32.455000,0.012000,203.340790,201.738907,201.738892,1.601884,0.000000,0.200000,0.013889,0.350000,
32.468000,0.013000,203.340790,201.729889,201.738358,1.602431,0.000000,0.200000,0.013889,0.350000,
32.478000,0.010000,203.330872,201.729889,201.729889,1.600996,0.000000,0.200000,0.013889,0.350000,
32.489000,0.011000,203.330872,201.722260,201.729492,1.601393,0.000000,0.200000,0.013889,0.350000,
32.501000,0.012000,203.330872,201.729980,201.722687,1.608182,0.000000,0.200000,0.013889,0.350000,
32.512000,0.011000,203.330872,201.732819,201.730118,1.600764,0.000000,0.200000,0.013889,0.350000,
32.523000,0.011000,203.269302,201.732819,201.732819,1.536478,0.000000,0.200000,0.013889,0.350000,
32.535000,0.012000,203.269302,201.732819,201.732819,1.536478,0.000000,0.200000,0.013889,0.350000,
32.545000,0.010000,203.269302,201.729797,201.732666,1.536642,0.000000,0.200000,0.013889,0.350000,
32.556000,0.011000,203.210083,201.733566,201.729996,1.480102,0.000000,0.200000,0.013889,0.350000,
32.567000,0.011000,203.210083,201.733566,201.733566,1.476523,0.000000,0.200000,0.013889,0.350000,
32.578000,0.011000,203.210083,201.734268,201.733597,1.476496,0.000000,0.200000,0.013889,0.350000,
32.591000,0.013000,203.210083,201.734268,201.734268,1.475826,0.000000,0.200000,0.013889,0.350000,
32.599000,0.008000,203.153320,201.734268,201.734268,1.419054,0.000000,0.200000,0.013889,0.350000,
32.610000,0.011000,203.153320,201.732101,201.734161,1.419163,0.000000,0.200000,0.013889,0.350000,
32.622000,0.012000,203.153320,201.745483,201.732864,1.420447,0.000000,0.200000,0.013889,0.350000,
32.633000,0.011000,203.099182,201.745483,201.745483,1.353689,0.000000,0.200000,0.013889,0.350000,
32.643000,0.010000,203.099182,201.730865,201.744781,1.354385,0.000000,0.200000,0.013889,0.350000,
32.655000,0.012000,203.099182,201.729126,201.730759,1.368415,0.000000,0.200000,0.013889,0.350000,
32.666000,0.011000,203.099182,201.729126,201.729126,1.370054,0.000000,0.200000,0.013889,0.350000,
32.677000,0.011000,203.046494,201.737564,201.729553,1.316929,0.000000,0.200000,0.013889,0.350000,
32.688000,0.011000,203.046494,201.737564,201.737564,1.308924,0.000000,0.200000,0.013889,0.350000,
32.699000,0.011000,203.046494,201.736542,201.737503,1.308992,0.000000,0.200000,0.013889,0.350000,
32.711000,0.012000,203.046494,201.736542,201.736542,1.309935,0.000000,0.200000,0.013889,0.350000,
32.722000,0.011000,202.996109,201.726898,201.736038,1.260061,0.000000,0.200000,0.013889,0.350000,
32.732000,0.010000,202.996109,201.726898,201.726898,1.269213,0.000000,0.200000,0.013889,0.350000,
32.744000,0.012000,202.996109,201.742294,201.727768,1.268339,0.000000,0.200000,0.013889,0.350000,
32.755000,0.011000,202.947891,201.737442,201.742035,1.205843,0.000000,0.200000,0.013889,0.350000,
32.766000,0.011000,202.947891,201.737442,201.737442,1.210446,0.000000,0.200000,0.013889,0.350000,
32.777000,0.011000,202.947891,201.749603,201.738068,1.209818,0.000000,0.200000,0.013889,0.350000,
32.791000,0.014000,202.947891,201.749603,201.749603,1.198288,0.000000,0.200000,0.013889,0.350000,
32.800000,0.009000,202.901794,201.755829,201.749863,1.151952,0.000000,0.200000,0.013889,0.350000,
32.814000,0.014000,202.901794,201.755829,201.755829,1.145969,0.000000,0.200000,0.013889,0.350000,
32.824000,0.010000,202.901794,201.771759,201.756592,1.145218,0.000000,0.200000,0.013889,0.350000,
32.836000,0.012000,202.858337,201.771759,201.771759,1.086574,0.000000,0.200000,0.013889,0.350000,
32.847000,0.011000,202.858337,201.780640,201.772232,1.086109,0.000000,0.200000,0.013889,0.350000,
32.857000,0.010000,202.858337,201.796646,201.781403,1.076930,0.000000,0.200000,0.013889,0.350000,
32.870000,0.013000,202.858337,201.796646,201.796646,1.061685,0.000000,0.200000,0.013889,0.350000,
32.880000,0.010000,202.817505,201.785370,201.796112,1.021400,0.000000,0.200000,0.013889,0.350000,
32.891000,0.011000,202.817505,201.785370,201.785370,1.032137,0.000000,0.200000,0.013889,0.350000,
32.903000,0.012000,202.817505,201.810577,201.786789,1.030717,0.000000,0.200000,0.013889,0.350000,
32.913000,0.010000,202.778778,201.810577,201.810577,0.968193,0.000000,0.200000,0.013889,0.350000,
32.923000,0.010000,202.778778,201.822113,201.811127,0.967647,0.000000,0.200000,0.013889,0.350000,
32.936000,0.013000,202.778778,201.822113,201.822113,0.956677,0.000000,0.200000,0.013889,0.350000,
32.947000,0.011000,202.778778,201.820541,201.822037,0.956759,0.000000,0.200000,0.013889,0.350000,
32.958000,0.011000,202.741928,201.820541,201.820541,0.921393,0.000000,0.200000,0.013889,0.350000,
32.968000,0.010000,202.741928,201.827927,201.820892,0.921024,0.000000,0.200000,0.013889,0.350000,
32.979000,0.011000,202.741928,201.843719,201.828751,0.913169,0.000000,0.200000,0.013889,0.350000,
32.991000,0.012000,202.741928,201.843719,201.843719,0.898211,0.000000,0.200000,0.013889,0.350000,
33.002000,0.011000,202.707382,201.861923,201.844666,0.862735,0.000000,0.200000,0.013889,0.350000,
33.012000,0.010000,202.707382,201.861923,201.861923,0.845482,0.000000,0.200000,0.013889,0.350000,
33.025000,0.013000,202.707382,201.872467,201.862564,0.844840,0.000000,0.200000,0.013889,0.350000,
33.037000,0.012000,202.675278,201.872467,201.872467,0.802807,0.000000,0.200000,0.013889,0.350000,
33.045000,0.008000,202.675278,201.877731,201.872665,0.802616,0.000000,0.200000,0.013889,0.350000,
33.056000,0.011000,202.675278,201.908203,201.879318,0.795949,0.000000,0.200000,0.013889,0.350000,
33.070000,0.014000,202.675278,201.908203,201.908203,0.767071,0.000000,0.200000,0.013889,0.350000,
33.079000,0.009000,202.645782,201.916748,201.908569,0.737223,0.000000,0.200000,0.013889,0.350000,
33.089000,0.010000,202.645782,201.916748,201.916748,0.729041,0.000000,0.200000,0.013889,0.350000,
33.103000,0.014000,202.645782,201.923462,201.917175,0.728617,0.000000,0.200000,0.013889,0.350000,
33.114000,0.011000,202.617996,201.923462,201.923462,0.694535,0.000000,0.200000,0.013889,0.350000,
33.124000,0.010000,202.617996,201.951889,201.924820,0.693182,0.000000,0.200000,0.013889,0.350000,
33.136000,0.012000,202.617996,201.951889,201.951889,0.666107,0.000000,0.200000,0.013889,0.350000,
33.147000,0.011000,202.617996,201.963974,201.952515,0.665493,0.000000,0.200000,0.013889,0.350000,
33.158000,0.011000,202.592834,201.974991,201.964554,0.628282,0.000000,0.200000,0.013889,0.350000,
33.169000,0.011000,202.592834,201.989838,201.975754,0.617067,0.000000,0.200000,0.013889,0.350000,
33.179000,0.010000,202.592834,201.989838,201.989838,0.603010,0.000000,0.200000,0.013889,0.350000,
33.190000,0.011000,202.592834,201.989838,201.989838,0.603010,0.000000,0.200000,0.013889,0.350000,
33.202000,0.012000,202.569641,202.014648,201.991241,0.578394,0.000000,0.200000,0.013889,0.350000,
33.212000,0.010000,202.569641,202.014648,202.014648,0.555008,0.000000,0.200000,0.013889,0.350000,
33.223000,0.011000,202.569641,202.017487,202.014801,0.554844,0.000000,0.200000,0.013889,0.350000,
33.236000,0.013000,202.548401,202.041504,202.018951,0.529463,0.000000,0.200000,0.013889,0.350000,
33.245000,0.009000,202.548401,202.041504,202.041504,0.506909,0.000000,0.200000,0.013889,0.350000,
33.257000,0.012000,202.548401,202.062973,202.042725,0.505680,0.000000,0.200000,0.013889,0.350000,
33.272000,0.015000,202.548401,202.076172,202.063904,0.484506,0.000000,0.200000,0.013889,0.350000,
33.281000,0.009000,202.529724,202.076172,202.076172,0.453538,0.000000,0.200000,0.013889,0.350000,
33.291000,0.010000,202.529724,202.076172,202.076172,0.453538,0.000000,0.200000,0.013889,0.350000,
33.303000,0.012000,202.529724,202.092621,202.077103,0.452609,0.000000,0.200000,0.013889,0.350000,
33.314000,0.011000,202.512909,202.092621,202.092621,0.420289,0.000000,0.200000,0.013889,0.350000,
33.324000,0.010000,202.512909,202.092621,202.092621,0.420289,0.000000,0.200000,0.013889,0.350000,
33.337000,0.013000,202.512909,202.112976,202.093857,0.419059,0.000000,0.200000,0.013889,0.350000,
33.348000,0.011000,202.512909,202.112976,202.112976,0.399921,0.000000,0.200000,0.013889,0.350000,
33.358000,0.010000,202.497528,202.125610,202.113571,0.383966,0.000000,0.200000,0.013889,0.350000,
33.370000,0.012000,202.497528,202.125610,202.125610,0.371917,0.000000,0.200000,0.013889,0.350000,
33.380000,0.010000,202.497528,202.141891,202.126389,0.371139,0.000000,0.200000,0.013889,0.350000,
33.393000,0.013000,202.497528,202.170868,202.143661,0.353872,0.000000,0.200000,0.013889,0.350000,
33.403000,0.010000,202.483856,202.170868,202.170868,0.312987,0.000000,0.200000,0.013889,0.350000,
33.413000,0.010000,202.483856,202.175186,202.171066,0.312768,0.000000,0.200000,0.013889,0.350000,
33.426000,0.013000,202.483856,202.175186,202.175186,0.308643,0.000000,0.200000,0.013889,0.350000,
33.437000,0.011000,202.471985,202.204651,202.176712,0.295255,0.000000,0.200000,0.013889,0.350000,
33.446000,0.009000,202.471985,202.204651,202.204651,0.267320,0.000000,0.200000,0.013889,0.350000,
33.458000,0.012000,202.471985,202.218811,202.205460,0.266514,0.000000,0.200000,0.013889,0.350000,
33.473000,0.015000,202.471985,202.218811,202.218811,0.253154,0.000000,0.200000,0.013889,0.350000,
33.481000,0.008000,202.462250,202.236893,202.219498,0.242759,0.000000,0.200000,0.013889,0.350000,
33.492000,0.011000,202.462250,202.236893,202.236893,0.225342,0.000000,0.200000,0.013889,0.350000,
33.505000,0.013000,202.462250,202.261063,202.238373,0.223866,0.000000,0.200000,0.013889,0.350000,
33.514000,0.009000,202.454514,202.275375,202.261688,0.192830,0.000000,0.200000,0.013889,0.350000,
33.524000,0.010000,202.454514,202.275375,202.275375,0.179129,0.000000,0.200000,0.013889,0.350000,
33.537000,0.013000,202.454514,202.298431,202.276779,0.177735,0.000000,0.200000,0.013889,0.350000,
33.551000,0.014000,202.454514,202.298431,202.298431,0.156083,0.000000,0.200000,0.013889,0.350000,
33.559000,0.008000,202.416336,202.312469,202.298981,0.117343,0.000000,0.200000,0.013889,0.350000,
33.571000,0.012000,202.416336,202.312469,202.312469,0.103860,0.000000,0.200000,0.013889,0.350000,
33.582000,0.011000,202.416336,202.336838,202.313736,0.102603,0.000000,0.200000,0.013889,0.350000,
33.596000,0.014000,202.416336,202.336838,202.336838,0.079490,0.000000,0.200000,0.013889,0.350000,
33.606000,0.010000,202.413269,202.357681,202.337830,0.075446,0.000000,0.200000,0.013889,0.350000,
33.616000,0.010000,202.413269,202.374664,202.358490,0.054778,0.000000,0.200000,0.013889,0.350000,
33.628000,0.012000,202.413269,202.374664,202.374664,0.038604,0.000000,0.200000,0.013889,0.350000,
33.640000,0.012000,202.411789,202.376999,202.374802,0.036979,0.000000,0.200000,0.013889,0.350000,
33.649000,0.009000,202.411789,202.400421,202.378021,0.033755,0.000000,0.200000,0.013889,0.350000,
33.660000,0.011000,202.411789,202.400421,202.400421,0.011365,0.000000,0.200000,0.013889,0.350000,
33.673000,0.013000,202.411789,202.415710,202.401352,0.010423,0.000000,0.200000,0.013889,0.350000,
33.682000,0.009000,202.352859,202.415710,202.415710,-0.062851,0.000000,0.200000,0.013889,0.350000,
33.693000,0.011000,202.352859,202.415710,202.415710,-0.062851,0.000000,0.200000,0.013889,0.350000,
33.706000,0.013000,202.352859,202.434647,202.416870,-0.064013,0.000000,0.200000,0.013889,0.350000,
33.717000,0.011000,202.297516,202.434647,202.434647,-0.137137,0.000000,0.200000,0.013889,0.350000,
33.727000,0.010000,202.297516,202.451202,202.435425,-0.137915,0.000000,0.200000,0.013889,0.350000,
33.739000,0.012000,202.297516,202.456573,202.451508,-0.153980,0.000000,0.200000,0.013889,0.350000,
33.751000,0.012000,202.297516,202.474030,202.457550,-0.160031,0.000000,0.200000,0.013889,0.350000,
33.761000,0.010000,202.231995,202.474030,202.474030,-0.242035,0.000000,0.200000,0.013889,0.350000,
33.773000,0.012000,202.231995,202.483185,202.474548,-0.242540,0.000000,0.200000,0.013889,0.350000,
33.784000,0.011000,202.231995,202.483185,202.483185,-0.251187,0.000000,0.200000,0.013889,0.350000,
33.795000,0.011000,202.172821,202.494370,202.483765,-0.310951,0.000000,0.200000,0.013889,0.350000,
33.806000,0.011000,202.172821,202.494370,202.494370,-0.321552,0.000000,0.200000,0.013889,0.350000,
33.817000,0.011000,202.172821,202.521164,202.495773,-0.322959,0.000000,0.200000,0.013889,0.350000,
33.828000,0.011000,202.172821,202.521164,202.521164,-0.348353,0.000000,0.200000,0.013889,0.350000,
33.840000,0.012000,202.186218,202.523193,202.521286,-0.335062,0.000000,0.200000,0.013889,0.350000,
33.851000,0.011000,202.186218,202.523193,202.523193,-0.336961,0.000000,0.200000,0.013889,0.350000,
33.861000,0.010000,202.186218,202.537277,202.523865,-0.337644,0.000000,0.200000,0.013889,0.350000,
33.874000,0.013000,202.199722,202.537277,202.537277,-0.337548,0.000000,0.200000,0.013889,0.350000,
33.884000,0.010000,202.199722,202.557724,202.538254,-0.338518,0.000000,0.200000,0.013889,0.350000,
33.895000,0.011000,202.199722,202.557724,202.557739,-0.357998,0.000000,0.200000,0.013889,0.350000,
33.906000,0.011000,202.199722,202.559769,202.557831,-0.358093,0.000000,0.200000,0.013889,0.350000,
33.916000,0.010000,202.213562,202.559769,202.559769,-0.346209,0.000000,0.200000,0.013889,0.350000,
33.926000,0.010000,202.213562,202.561050,202.559830,-0.346263,0.000000,0.200000,0.013889,0.350000,
33.938000,0.012000,202.213562,202.561050,202.561050,-0.347479,0.000000,0.200000,0.013889,0.350000,
33.951000,0.013000,202.213562,202.561050,202.561050,-0.347479,0.000000,0.200000,0.013889,0.350000,
33.960000,0.009000,202.126816,202.570877,202.561478,-0.434673,0.000000,0.200000,0.013889,0.350000,
33.971000,0.011000,202.126816,202.572235,202.570953,-0.444154,0.000000,0.200000,0.013889,0.350000,
33.982000,0.011000,202.126816,202.572235,202.572235,-0.445438,0.000000,0.200000,0.013889,0.350000,
33.996000,0.014000,202.126816,202.572235,202.572235,-0.445438,0.000000,0.200000,0.013889,0.350000,
34.007000,0.011000,202.063553,202.574448,202.572357,-0.508794,0.000000,0.200000,0.013889,0.350000,
34.015000,0.008000,202.063553,202.574448,202.574448,-0.510871,0.000000,0.200000,0.013889,0.350000,
34.028000,0.013000,202.063553,202.583588,202.575012,-0.511445,0.000000,0.200000,0.013889,0.350000,
34.038000,0.010000,202.003159,202.583588,202.583588,-0.580429,0.000000,0.200000,0.013889,0.350000,
34.049000,0.011000,202.003159,202.580078,202.583405,-0.580238,0.000000,0.200000,0.013889,0.350000,
34.060000,0.011000,202.003159,202.580078,202.580078,-0.576919,0.000000,0.200000,0.013889,0.350000,
34.073000,0.013000,201.918320,202.580078,202.580078,-0.661763,0.000000,0.200000,0.013889,0.350000,
34.082000,0.009000,201.918320,202.586487,202.580353,-0.662037,0.000000,0.200000,0.013889,0.350000,
34.094000,0.012000,201.918320,202.586487,202.586487,-0.668170,0.000000,0.200000,0.013889,0.350000,
34.106000,0.012000,201.918320,202.597000,202.587082,-0.668771,0.000000,0.200000,0.013889,0.350000,
34.115000,0.009000,201.888657,202.589249,202.596664,-0.708017,0.000000,0.200000,0.013889,0.350000,
34.127000,0.012000,201.888657,202.589249,202.589249,-0.700600,0.000000,0.200000,0.013889,0.350000,
34.139000,0.012000,201.888657,202.589249,202.589249,-0.700600,0.000000,0.200000,0.013889,0.350000,
34.150000,0.011000,201.888657,202.574448,202.588486,-0.699849,0.000000,0.200000,0.013889,0.350000,
34.160000,0.010000,201.805618,202.582672,202.574844,-0.769230,0.000000,0.200000,0.013889,0.350000,
34.171000,0.011000,201.805618,202.588684,202.582977,-0.777358,0.000000,0.200000,0.013889,0.350000,
34.182000,0.011000,201.805618,202.588684,202.588684,-0.783068,0.000000,0.200000,0.013889,0.350000,
34.194000,0.012000,201.805618,202.588684,202.588684,-0.783068,0.000000,0.200000,0.013889,0.350000,
34.206000,0.012000,201.722412,202.588715,202.588684,-0.866259,0.000000,0.200000,0.013889,0.350000,
34.216000,0.010000,201.722412,202.581406,202.588364,-0.865945,0.000000,0.200000,0.013889,0.350000,
34.228000,0.012000,201.722412,202.581406,202.581406,-0.858992,0.000000,0.200000,0.013889,0.350000,
34.239000,0.011000,201.643753,202.589493,202.581818,-0.938072,0.000000,0.200000,0.013889,0.350000,
34.250000,0.011000,201.643753,202.589493,202.589493,-0.945749,0.000000,0.200000,0.013889,0.350000,
34.260000,0.010000,201.643753,202.604706,202.590210,-0.946459,0.000000,0.200000,0.013889,0.350000,
34.273000,0.013000,201.714874,202.603683,202.604645,-0.889769,0.000000,0.200000,0.013889,0.350000,
34.282000,0.009000,201.714874,202.603683,202.603683,-0.888799,0.000000,0.200000,0.013889,0.350000,
34.293000,0.011000,201.714874,202.608643,202.603928,-0.889045,0.000000,0.200000,0.013889,0.350000,
34.305000,0.012000,201.714874,202.608643,202.608643,-0.893744,0.000000,0.200000,0.013889,0.350000,
34.317000,0.012000,201.714874,202.612534,202.608856,-0.893963,0.000000,0.200000,0.013889,0.350000,
34.326000,0.009000,201.714874,202.612534,202.612534,-0.897651,0.000000,0.200000,0.013889,0.350000,
34.338000,0.012000,201.714874,202.612534,202.612534,-0.897651,0.000000,0.200000,0.013889,0.350000,
34.350000,0.012000,201.714874,202.612534,202.612534,-0.897651,0.000000,0.200000,0.013889,0.350000,
34.360000,0.010000,201.714874,202.612534,202.612534,-0.897651,0.000000,0.200000,0.013889,0.350000,
34.371000,0.011000,201.714874,202.614182,202.612610,-0.897733,0.000000,0.200000,0.013889,0.350000,
34.383000,0.012000,201.714874,202.623734,202.614731,-0.899850,0.000000,0.200000,0.013889,0.350000,
34.395000,0.012000,201.616425,202.601974,202.622498,-1.006087,0.000000,0.200000,0.013889,0.350000,
34.405000,0.010000,201.616425,202.601974,202.601974,-0.985555,0.000000,0.200000,0.013889,0.350000,
34.415000,0.010000,201.616425,202.599686,202.601868,-0.985446,0.000000,0.200000,0.013889,0.350000,
34.428000,0.013000,201.616425,202.599686,202.599686,-0.983260,0.000000,0.200000,0.013889,0.350000,
34.439000,0.011000,201.499863,202.587601,202.599060,-1.099182,0.000000,0.200000,0.013889,0.350000,
34.451000,0.012000,201.499863,202.587601,202.587601,-1.087721,0.000000,0.200000,0.013889,0.350000,
34.461000,0.010000,201.499863,202.582245,202.587341,-1.087475,0.000000,0.200000,0.013889,0.350000,
34.474000,0.013000,201.392090,202.582245,202.582245,-1.190161,0.000000,0.200000,0.013889,0.350000,
34.483000,0.009000,201.392090,202.582230,202.582245,-1.190161,0.000000,0.200000,0.013889,0.350000,
34.495000,0.012000,201.392090,202.582230,202.582230,-1.190147,0.000000,0.200000,0.013889,0.350000,
34.508000,0.013000,201.392090,202.582230,202.582230,-1.190147,0.000000,0.200000,0.013889,0.350000,
34.518000,0.010000,201.392090,202.545990,202.580505,-1.188412,0.000000,0.200000,0.013889,0.350000,
34.528000,0.010000,201.510086,202.540344,202.545731,-1.035634,0.000000,0.200000,0.013889,0.350000,
34.541000,0.013000,201.510086,202.531067,202.539764,-1.029678,0.000000,0.200000,0.013889,0.350000,
34.555000,0.014000,201.621582,202.531067,202.531067,-0.909494,0.000000,0.200000,0.013889,0.350000,
34.562000,0.007000,201.621582,202.511139,202.530396,-0.908811,0.000000,0.200000,0.013889,0.350000,
34.573000,0.011000,201.621582,202.494843,202.510300,-0.888731,0.000000,0.200000,0.013889,0.350000,
34.587000,0.014000,201.621582,202.494843,202.494843,-0.873253,0.000000,0.200000,0.013889,0.350000,
34.596000,0.009000,201.621582,202.484818,202.494415,-0.872830,0.000000,0.200000,0.013889,0.350000,
34.607000,0.011000,201.621582,202.484818,202.484818,-0.863240,0.000000,0.200000,0.013889,0.350000,
34.620000,0.013000,201.621582,202.458878,202.483231,-0.861642,0.000000,0.200000,0.013889,0.350000,
34.633000,0.013000,201.621582,202.458878,202.458878,-0.837299,0.000000,0.200000,0.013889,0.350000,
34.644000,0.011000,201.621582,202.458878,202.458878,-0.837299,0.000000,0.200000,0.013889,0.350000,
34.656000,0.012000,201.621582,202.458878,202.458878,-0.837299,0.000000,0.200000,0.013889,0.350000,
34.667000,0.011000,201.621582,202.395752,202.455582,-0.833993,0.000000,0.200000,0.013889,0.350000,
34.677000,0.010000,201.621582,202.395752,202.395752,-0.774175,0.000000,0.200000,0.013889,0.350000,
34.688000,0.011000,201.621582,202.375687,202.394714,-0.773123,0.000000,0.200000,0.013889,0.350000,
34.698000,0.010000,201.621582,202.334671,202.373734,-0.752140,0.000000,0.200000,0.013889,0.350000,
34.711000,0.013000,201.621582,202.334671,202.334671,-0.713099,0.000000,0.200000,0.013889,0.350000,
34.721000,0.010000,201.621582,202.285156,202.332306,-0.710722,0.000000,0.200000,0.013889,0.350000,
34.732000,0.011000,201.621582,202.285156,202.285156,-0.663567,0.000000,0.200000,0.013889,0.350000,
34.743000,0.011000,201.621582,202.285156,202.285156,-0.663567,0.000000,0.200000,0.013889,0.350000,
34.756000,0.013000,201.621582,202.285156,202.285156,-0.663567,0.000000,0.200000,0.013889,0.350000,
34.765000,0.009000,201.621582,202.186264,202.280899,-0.659318,0.000000,0.200000,0.013889,0.350000,
34.776000,0.011000,201.621582,202.186264,202.186264,-0.564679,0.000000,0.200000,0.013889,0.350000,
34.790000,0.014000,201.621582,202.186264,202.186264,-0.564679,0.000000,0.200000,0.013889,0.350000,
34.799000,0.009000,201.621582,202.141342,202.184326,-0.562739,0.000000,0.200000,0.013889,0.350000,
34.812000,0.013000,201.621582,202.141342,202.141342,-0.519764,0.000000,0.200000,0.013889,0.350000,
34.822000,0.010000,201.621582,202.042511,202.136642,-0.515065,0.000000,0.200000,0.013889,0.350000,
34.833000,0.011000,201.621582,202.042511,202.042511,-0.420931,0.000000,0.200000,0.013889,0.350000,
34.842000,0.009000,201.621582,201.992004,202.040329,-0.418745,0.000000,0.200000,0.013889,0.350000,
34.854000,0.012000,201.621582,201.992004,201.992004,-0.370415,0.000000,0.200000,0.013889,0.350000,
34.865000,0.011000,201.621582,201.992004,201.992004,-0.370415,0.000000,0.200000,0.013889,0.350000,
34.876000,0.011000,201.621582,201.992004,201.992004,-0.370415,0.000000,0.200000,0.013889,0.350000,
34.888000,0.012000,201.621582,201.992004,201.992004,-0.370415,0.000000,0.200000,0.013889,0.350000,
34.900000,0.012000,201.621582,201.992004,201.992004,-0.370415,0.000000,0.200000,0.013889,0.350000,
34.909000,0.009000,201.621582,201.992004,201.992004,-0.370415,0.000000,0.200000,0.013889,0.350000,
34.923000,0.014000,201.621582,201.992004,201.992004,-0.370415,0.000000,0.200000,0.013889,0.350000,
34.937000,0.014000,201.621582,201.992004,201.992004,-0.370415,0.000000,0.200000,0.013889,0.350000,
34.948000,0.011000,201.621582,201.992004,201.992004,-0.370415,0.000000,0.200000,0.013889,0.350000,
34.958000,0.010000,201.621582,201.992004,201.992004,-0.370415,0.000000,0.200000,0.013889,0.350000,
34.970000,0.012000,201.621582,201.992004,201.992004,-0.370415,0.000000,0.200000,0.013889,0.350000,
34.980000,0.010000,201.621582,201.992004,201.992004,-0.370415,0.000000,0.200000,0.013889,0.350000,
34.992000,0.012000,201.621582,201.992004,201.992004,-0.370415,0.000000,0.200000,0.013889,0.350000,
35.003000,0.011000,201.621582,201.992004,201.992004,-0.370415,0.000000,0.200000,0.013889,0.350000,
35.013000,0.010000,201.621582,201.992004,201.992004,-0.370415,0.000000,0.200000,0.013889,0.350000,
35.025000,0.012000,201.621582,201.992004,201.992004,-0.370415,0.000000,0.200000,0.013889,0.350000,
35.038000,0.013000,201.621582,201.992004,201.992004,-0.370415,0.000000,0.200000,0.013889,0.350000,
35.047000,0.009000,201.621582,201.992004,201.992004,-0.370415,0.000000,0.200000,0.013889,0.350000,
35.058000,0.011000,201.621582,201.992004,201.992004,-0.370415,0.000000,0.200000,0.013889,0.350000,
35.073000,0.015000,201.621582,201.992004,201.992004,-0.370415,0.000000,0.200000,0.013889,0.350000,
35.082000,0.009000,201.621582,201.992004,201.992004,-0.370415,0.000000,0.200000,0.013889,0.350000,
35.092000,0.010000,201.621582,201.992004,201.992004,-0.370415,0.000000,0.200000,0.013889,0.350000,
35.104000,0.012000,201.621582,201.992004,201.992004,-0.370415,0.000000,0.200000,0.013889,0.350000,
35.115000,0.011000,201.621582,201.992004,201.992004,-0.370415,0.000000,0.200000,0.013889,0.350000,
35.128000,0.013000,201.621582,201.992004,201.992004,-0.370415,0.000000,0.200000,0.013889,0.350000,
35.137000,0.009000,201.621582,201.992004,201.992004,-0.370415,0.000000,0.200000,0.013889,0.350000,
35.148000,0.011000,201.621582,201.992004,201.992004,-0.370415,0.000000,0.200000,0.013889,0.350000,
35.159000,0.011000,201.621582,201.992004,201.992004,-0.370415,0.000000,0.200000,0.013889,0.350000,
35.171000,0.012000,201.621582,201.992004,201.992004,-0.370415,0.000000,0.200000,0.013889,0.350000,
35.181000,0.010000,201.621582,201.992004,201.992004,-0.370415,0.000000,0.200000,0.013889,0.350000,
35.194000,0.013000,201.621582,201.992004,201.992004,-0.370415,0.000000,0.200000,0.013889,0.350000,
35.204000,0.010000,201.621582,201.992004,201.992004,-0.370415,0.000000,0.200000,0.013889,0.350000,
35.214000,0.010000,201.621582,201.992004,201.992004,-0.370415,0.000000,0.200000,0.013889,0.350000,
35.225000,0.011000,201.621582,201.992004,201.992004,-0.370415,0.000000,0.200000,0.013889,0.350000,
35.239000,0.014000,201.621582,201.992004,201.992004,-0.370415,0.000000,0.200000,0.013889,0.350000,
35.247000,0.008000,201.621582,201.992004,201.992004,-0.370415,0.000000,0.200000,0.013889,0.350000,
35.258000,0.011000,201.621582,201.992004,201.992004,-0.370415,0.000000,0.200000,0.013889,0.350000,
35.272000,0.014000,201.621582,201.992004,201.992004,-0.370415,0.000000,0.200000,0.013889,0.350000,
35.282000,0.010000,201.621582,201.992004,201.992004,-0.370415,0.000000,0.200000,0.013889,0.350000,
35.292000,0.010000,201.621582,201.992004,201.992004,-0.370415,0.000000,0.200000,0.013889,0.350000,
35.304000,0.012000,201.621582,201.992004,201.992004,-0.370415,0.000000,0.200000,0.013889,0.350000,
35.315000,0.011000,201.621582,201.992004,201.992004,-0.370415,0.000000,0.200000,0.013889,0.350000,
35.325000,0.010000,201.621582,201.992004,201.992004,-0.370415,0.000000,0.200000,0.013889,0.350000,
35.337000,0.012000,201.621582,201.992004,201.992004,-0.370415,0.000000,0.200000,0.013889,0.350000,
35.349000,0.012000,201.621582,201.992004,201.992004,-0.370415,0.000000,0.200000,0.013889,0.350000,
35.358000,0.009000,201.621582,201.992004,201.992004,-0.370415,0.000000,0.200000,0.013889,0.350000,
35.371000,0.013000,201.621582,201.992004,201.992004,-0.370415,0.000000,0.200000,0.013889,0.350000,
35.380000,0.009000,201.621582,201.992004,201.992004,-0.370415,0.000000,0.200000,0.013889,0.350000,
35.392000,0.012000,201.621582,201.992004,201.992004,-0.370415,0.000000,0.200000,0.013889,0.350000,
35.404000,0.012000,201.621582,201.992004,201.992004,-0.370415,0.000000,0.200000,0.013889,0.350000,
35.414000,0.010000,201.621582,201.992004,201.992004,-0.370415,0.000000,0.200000,0.013889,0.350000,
35.428000,0.014000,201.621582,201.992004,201.992004,-0.370415,0.000000,0.200000,0.013889,0.350000,
35.438000,0.010000,201.621582,201.992004,201.992004,-0.370415,0.000000,0.200000,0.013889,0.350000,
35.447000,0.009000,201.621582,201.992004,201.992004,-0.370415,0.000000,0.200000,0.013889,0.350000,
35.458000,0.011000,201.621582,201.992004,201.992004,-0.370415,0.000000,0.200000,0.013889,0.350000,
35.471000,0.013000,201.621582,201.992004,201.992004,-0.370415,0.000000,0.200000,0.013889,0.350000,
35.480000,0.009000,201.621582,201.992004,201.992004,-0.370415,0.000000,0.200000,0.013889,0.350000,
35.491000,0.011000,201.621582,201.992004,201.992004,-0.370415,0.000000,0.200000,0.013889,0.350000,
35.505000,0.014000,201.621582,201.992004,201.992004,-0.370415,0.000000,0.200000,0.013889,0.350000,
35.515000,0.010000,201.621582,201.992004,201.992004,-0.370415,0.000000,0.200000,0.013889,0.350000,
35.525000,0.010000,201.621582,201.992004,201.992004,-0.370415,0.000000,0.200000,0.013889,0.350000,
35.540000,0.015000,201.621582,201.992004,201.992004,-0.370415,0.000000,0.200000,0.013889,0.350000,
35.549000,0.009000,201.621582,201.992004,201.992004,-0.370415,0.000000,0.200000,0.013889,0.350000,
35.559000,0.010000,201.621582,201.992004,201.992004,-0.370415,0.000000,0.200000,0.013889,0.350000,
35.571000,0.012000,201.621582,201.992004,201.992004,-0.370415,0.000000,0.200000,0.013889,0.350000,
35.582000,0.011000,201.621582,201.992004,201.992004,-0.370415,0.000000,0.200000,0.013889,0.350000,
35.593000,0.011000,201.621582,201.992004,201.992004,-0.370415,0.000000,0.200000,0.013889,0.350000,
35.604000,0.011000,201.621582,201.992004,201.992004,-0.370415,0.000000,0.200000,0.013889,0.350000,
35.614000,0.010000,201.621582,201.992004,201.992004,-0.370415,0.000000,0.200000,0.013889,0.350000,
35.627000,0.013000,201.621582,201.992004,201.992004,-0.370415,0.000000,0.200000,0.013889,0.350000,
35.639000,0.012000,201.621582,201.992004,201.992004,-0.370415,0.000000,0.200000,0.013889,0.350000,
35.650000,0.011000,201.621582,201.992004,201.992004,-0.370415,0.000000,0.200000,0.013889,0.350000,
35.659000,0.009000,201.621582,201.992004,201.992004,-0.370415,0.000000,0.200000,0.013889,0.350000,
35.672000,0.013000,201.621582,201.992004,201.992004,-0.370415,0.000000,0.200000,0.013889,0.350000,
35.686000,0.014000,201.621582,201.992004,201.992004,-0.370415,0.000000,0.200000,0.013889,0.350000,
35.696000,0.010000,201.621582,201.992004,201.992004,-0.370415,0.000000,0.200000,0.013889,0.350000,
35.707000,0.011000,201.621582,201.992004,201.992004,-0.370415,0.000000,0.200000,0.013889,0.350000,
35.719000,0.012000,201.621582,201.992004,201.992004,-0.370415,0.000000,0.200000,0.013889,0.350000,
35.728000,0.009000,201.621582,201.992004,201.992004,-0.370415,0.000000,0.200000,0.013889,0.350000,
35.739000,0.011000,201.621582,201.992004,201.992004,-0.370415,0.000000,0.200000,0.013889,0.350000,
35.751000,0.012000,201.621582,201.992004,201.992004,-0.370415,0.000000,0.200000,0.013889,0.350000,
35.761000,0.010000,201.621582,201.992004,201.992004,-0.370415,0.000000,0.200000,0.013889,0.350000,
35.772000,0.011000,201.621582,201.992004,201.992004,-0.370415,0.000000,0.200000,0.013889,0.350000,
35.784000,0.012000,201.621582,201.992004,201.992004,-0.370415,0.000000,0.200000,0.013889,0.350000,
35.795000,0.011000,201.621582,201.992004,201.992004,-0.370415,0.000000,0.200000,0.013889,0.350000,
35.805000,0.010000,201.621582,201.992004,201.992004,-0.370415,0.000000,0.200000,0.013889,0.350000,
35.817000,0.012000,201.621582,201.992004,201.992004,-0.370415,0.000000,0.200000,0.013889,0.350000,
35.829000,0.012000,201.621582,201.992004,201.992004,-0.370415,0.000000,0.200000,0.013889,0.350000,
35.840000,0.011000,201.621582,201.992004,201.992004,-0.370415,0.000000,0.200000,0.013889,0.350000,
35.850000,0.010000,201.621582,201.992004,201.992004,-0.370415,0.000000,0.200000,0.013889,0.350000,
35.862000,0.012000,201.621582,201.992004,201.992004,-0.370415,0.000000,0.200000,0.013889,0.350000,
35.875000,0.013000,201.621582,201.992004,201.992004,-0.370415,0.000000,0.200000,0.013889,0.350000,
35.887000,0.012000,201.621582,201.992004,201.992004,-0.370415,0.000000,0.200000,0.013889,0.350000,
35.895000,0.008000,201.621582,201.992004,201.992004,-0.370415,0.000000,0.200000,0.013889,0.350000,
35.906000,0.011000,201.621582,201.992004,201.992004,-0.370415,0.000000,0.200000,0.013889,0.350000,
35.919000,0.013000,201.621582,201.992004,201.992004,-0.370415,0.000000,0.200000,0.013889,0.350000,
35.928000,0.009000,201.621582,201.992004,201.992004,-0.370415,0.000000,0.200000,0.013889,0.350000,
35.940000,0.012000,201.621582,201.992004,201.992004,-0.370415,0.000000,0.200000,0.013889,0.350000,
35.954000,0.014000,201.621582,201.992004,201.992004,-0.370415,0.000000,0.200000,0.013889,0.350000,
35.962000,0.008000,201.621582,201.992004,201.992004,-0.370415,0.000000,0.200000,0.013889,0.350000,
35.972000,0.010000,201.621582,201.992004,201.992004,-0.370415,0.000000,0.200000,0.013889,0.350000,
35.988000,0.016000,201.621582,201.992004,201.992004,-0.370415,0.000000,0.200000,0.013889,0.350000,
35.997000,0.009000,201.621582,201.992004,201.992004,-0.370415,0.000000,0.200000,0.013889,0.350000,
36.008000,0.011000,201.621582,201.992004,201.992004,-0.370415,0.000000,0.200000,0.013889,0.350000,
36.020000,0.012000,201.621582,201.992004,201.992004,-0.370415,0.000000,0.200000,0.013889,0.350000,
36.029000,0.009000,201.621582,201.992004,201.992004,-0.370415,0.000000,0.200000,0.013889,0.350000,
36.041000,0.012000,201.621582,201.992004,201.992004,-0.370415,0.000000,0.200000,0.013889,0.350000,
36.052000,0.011000,201.621582,201.992004,201.992004,-0.370415,0.000000,0.200000,0.013889,0.350000,
36.064000,0.012000,201.621582,201.992004,201.992004,-0.370415,0.000000,0.200000,0.013889,0.350000,
36.077000,0.013000,201.621582,201.992004,201.992004,-0.370415,0.000000,0.200000,0.013889,0.350000,
36.087000,0.010000,201.621582,201.992004,201.992004,-0.370415,0.000000,0.200000,0.013889,0.350000,
36.097000,0.010000,201.621582,201.992004,201.992004,-0.370415,0.000000,0.200000,0.013889,0.350000,
36.109000,0.012000,201.621582,201.992004,201.992004,-0.370415,0.000000,0.200000,0.013889,0.350000,
36.120000,0.011000,201.621582,201.992004,201.992004,-0.370415,0.000000,0.200000,0.013889,0.350000,
36.130000,0.010000,201.621582,201.992004,201.992004,-0.370415,0.000000,0.200000,0.013889,0.350000,
36.141000,0.011000,201.621582,201.992004,201.992004,-0.370415,0.000000,0.200000,0.013889,0.350000,
36.154000,0.013000,201.621582,201.992004,201.992004,-0.370415,0.000000,0.200000,0.013889,0.350000,
36.163000,0.009000,201.621582,201.992004,201.992004,-0.370415,0.000000,0.200000,0.013889,0.350000,
36.176000,0.013000,201.621582,201.992004,201.992004,-0.370415,0.000000,0.200000,0.013889,0.350000,
36.189000,0.013000,201.621582,201.992004,201.992004,-0.370415,0.000000,0.200000,0.013889,0.350000,
36.197000,0.008000,201.621582,201.992004,201.992004,-0.370415,0.000000,0.200000,0.013889,0.350000,
36.209000,0.012000,201.621582,201.992004,201.992004,-0.370415,0.000000,0.200000,0.013889,0.350000,
36.220000,0.011000,201.621582,201.992004,201.992004,-0.370415,0.000000,0.200000,0.013889,0.350000,
36.231000,0.011000,201.621582,201.992004,201.992004,-0.370415,0.000000,0.200000,0.013889,0.350000,
36.241000,0.010000,201.621582,201.992004,201.992004,-0.370415,0.000000,0.200000,0.013889,0.350000,
36.253000,0.012000,201.621582,201.992004,201.992004,-0.370415,0.000000,0.200000,0.013889,0.350000,
36.265000,0.012000,201.621582,201.992004,201.992004,-0.370415,0.000000,0.200000,0.013889,0.350000,
36.277000,0.012000,201.621582,201.992004,201.992004,-0.370415,0.000000,0.200000,0.013889,0.350000,
36.289000,0.012000,201.621582,201.992004,201.992004,-0.370415,0.000000,0.200000,0.013889,0.350000,
36.298000,0.009000,201.621582,201.992004,201.992004,-0.370415,0.000000,0.200000,0.013889,0.350000,
36.310000,0.012000,201.621582,201.992004,201.992004,-0.370415,0.000000,0.200000,0.013889,0.350000,
36.321000,0.011000,201.621582,201.992004,201.992004,-0.370415,0.000000,0.200000,0.013889,0.350000,
36.330000,0.009000,201.621582,201.992004,201.992004,-0.370415,0.000000,0.200000,0.013889,0.350000,
36.341000,0.011000,201.621582,201.992004,201.992004,-0.370415,0.000000,0.200000,0.013889,0.350000,
36.355000,0.014000,201.621582,201.992004,201.992004,-0.370415,0.000000,0.200000,0.013889,0.350000,
36.364000,0.009000,201.621582,201.992004,201.992004,-0.370415,0.000000,0.200000,0.013889,0.350000,
36.375000,0.011000,201.621582,201.992004,201.992004,-0.370415,0.000000,0.200000,0.013889,0.350000,
36.389000,0.014000,201.621582,201.992004,201.992004,-0.370415,0.000000,0.200000,0.013889,0.350000,
36.399000,0.010000,201.621582,201.992004,201.992004,-0.370415,0.000000,0.200000,0.013889,0.350000,
36.411000,0.012000,201.621582,201.992004,201.992004,-0.370415,0.000000,0.200000,0.013889,0.350000,
36.423000,0.012000,201.621582,201.992004,201.992004,-0.370415,0.000000,0.200000,0.013889,0.350000,
36.437000,0.014000,201.621582,201.992004,201.992004,-0.370415,0.000000,0.200000,0.013889,0.350000,
36.446000,0.009000,201.621582,201.992004,201.992004,-0.370415,0.000000,0.200000,0.013889,0.350000,
36.457000,0.011000,201.621582,201.992004,201.992004,-0.370415,0.000000,0.200000,0.013889,0.350000,
36.470000,0.013000,201.621582,201.992004,201.992004,-0.370415,0.000000,0.200000,0.013889,0.350000,
36.479000,0.009000,201.621582,201.992004,201.992004,-0.370415,0.000000,0.200000,0.013889,0.350000,
36.489000,0.010000,201.621582,201.992004,201.992004,-0.370415,0.000000,0.200000,0.013889,0.350000,
36.503000,0.014000,201.621582,201.992004,201.992004,-0.370415,0.000000,0.200000,0.013889,0.350000,
36.512000,0.009000,201.621582,201.992004,201.992004,-0.370415,0.000000,0.200000,0.013889,0.350000,
36.524000,0.012000,201.621582,201.992004,201.992004,-0.370415,0.000000,0.200000,0.013889,0.350000,
36.536000,0.012000,201.621582,201.992004,201.992004,-0.370415,0.000000,0.200000,0.013889,0.350000,
36.547000,0.011000,201.621582,201.992004,201.992004,-0.370415,0.000000,0.200000,0.013889,0.350000,
36.557000,0.010000,201.621582,201.992004,201.992004,-0.370415,0.000000,0.200000,0.013889,0.350000,
36.569000,0.012000,201.621582,201.992004,201.992004,-0.370415,0.000000,0.200000,0.013889,0.350000,
36.578000,0.009000,201.621582,201.992004,201.992004,-0.370415,0.000000,0.200000,0.013889,0.350000,
36.591000,0.013000,201.621582,201.992004,201.992004,-0.370415,0.000000,0.200000,0.013889,0.350000,
36.604000,0.013000,201.621582,201.992004,201.992004,-0.370415,0.000000,0.200000,0.013889,0.350000,
36.613000,0.009000,201.621582,201.992004,201.992004,-0.370415,0.000000,0.200000,0.013889,0.350000,
36.625000,0.012000,201.621582,201.992004,201.992004,-0.370415,0.000000,0.200000,0.013889,0.350000,
36.637000,0.012000,201.621582,201.992004,201.992004,-0.370415,0.000000,0.200000,0.013889,0.350000,
36.646000,0.009000,201.621582,201.992004,201.992004,-0.370415,0.000000,0.200000,0.013889,0.350000,
36.656000,0.010000,201.621582,201.992004,201.992004,-0.370415,0.000000,0.200000,0.013889,0.350000,
36.671000,0.015000,201.621582,201.992004,201.992004,-0.370415,0.000000,0.200000,0.013889,0.350000,
36.679000,0.008000,201.621582,201.992004,201.992004,-0.370415,0.000000,0.200000,0.013889,0.350000,
36.690000,0.011000,201.621582,201.992004,201.992004,-0.370415,0.000000,0.200000,0.013889,0.350000,
36.703000,0.013000,201.621582,201.992004,201.992004,-0.370415,0.000000,0.200000,0.013889,0.350000,
36.714000,0.011000,201.621582,201.992004,201.992004,-0.370415,0.000000,0.200000,0.013889,0.350000,
36.725000,0.011000,201.621582,201.992004,201.992004,-0.370415,0.000000,0.200000,0.013889,0.350000,
36.737000,0.012000,201.621582,201.992004,201.992004,-0.370415,0.000000,0.200000,0.013889,0.350000,
36.747000,0.010000,201.621582,201.992004,201.992004,-0.370415,0.000000,0.200000,0.013889,0.350000,
36.758000,0.011000,201.621582,201.992004,201.992004,-0.370415,0.000000,0.200000,0.013889,0.350000,
36.770000,0.012000,201.621582,201.992004,201.992004,-0.370415,0.000000,0.200000,0.013889,0.350000,
36.782000,0.012000,201.621582,201.992004,201.992004,-0.370415,0.000000,0.200000,0.013889,0.350000,
36.795000,0.013000,201.621582,201.992004,201.992004,-0.370415,0.000000,0.200000,0.013889,0.350000,
36.805000,0.010000,201.621582,201.992004,201.992004,-0.370415,0.000000,0.200000,0.013889,0.350000,
36.815000,0.010000,201.621582,201.992004,201.992004,-0.370415,0.000000,0.200000,0.013889,0.350000,
36.827000,0.012000,201.621582,201.992004,201.992004,-0.370415,0.000000,0.200000,0.013889,0.350000,
36.838000,0.011000,201.621582,201.992004,201.992004,-0.370415,0.000000,0.200000,0.013889,0.350000,
36.848000,0.010000,201.621582,201.992004,201.992004,-0.370415,0.000000,0.200000,0.013889,0.350000,
36.859000,0.011000,201.621582,201.992004,201.992004,-0.370415,0.000000,0.200000,0.013889,0.350000,
36.873000,0.014000,201.621582,201.992004,201.992004,-0.370415,0.000000,0.200000,0.013889,0.350000,
36.882000,0.009000,201.621582,201.992004,201.992004,-0.370415,0.000000,0.200000,0.013889,0.350000,
36.893000,0.011000,201.621582,201.992004,201.992004,-0.370415,0.000000,0.200000,0.013889,0.350000,
36.907000,0.014000,201.621582,201.992004,201.992004,-0.370415,0.000000,0.200000,0.013889,0.350000,
36.916000,0.009000,201.621582,201.992004,201.992004,-0.370415,0.000000,0.200000,0.013889,0.350000,
36.926000,0.010000,201.621582,201.992004,201.992004,-0.370415,0.000000,0.200000,0.013889,0.350000,
36.938000,0.012000,201.621582,201.992004,201.992004,-0.370415,0.000000,0.200000,0.013889,0.350000,
36.949000,0.011000,201.621582,201.992004,201.992004,-0.370415,0.000000,0.200000,0.013889,0.350000,
36.959000,0.010000,201.621582,201.992004,201.992004,-0.370415,0.000000,0.200000,0.013889,0.350000,
36.971000,0.012000,201.621582,201.992004,201.992004,-0.370415,0.000000,0.200000,0.013889,0.350000,
36.982000,0.011000,201.621582,201.992004,201.992004,-0.370415,0.000000,0.200000,0.013889,0.350000,
36.995000,0.013000,201.621582,201.992004,201.992004,-0.370415,0.000000,0.200000,0.013889,0.350000,
37.006000,0.011000,201.621582,201.992004,201.992004,-0.370415,0.000000,0.200000,0.013889,0.350000,
37.017000,0.011000,201.621582,201.992004,201.992004,-0.370415,0.000000,0.200000,0.013889,0.350000,
37.028000,0.011000,201.621582,201.992004,201.992004,-0.370415,0.000000,0.200000,0.013889,0.350000,
37.039000,0.011000,201.621582,201.992004,201.992004,-0.370415,0.000000,0.200000,0.013889,0.350000,
37.048000,0.009000,201.621582,201.992004,201.992004,-0.370415,0.000000,0.200000,0.013889,0.350000,
37.059000,0.011000,201.621582,201.992004,201.992004,-0.370415,0.000000,0.200000,0.013889,0.350000,
37.072000,0.013000,201.621582,201.992004,201.992004,-0.370415,0.000000,0.200000,0.013889,0.350000,
37.082000,0.010000,201.621582,201.992004,201.992004,-0.370415,0.000000,0.200000,0.013889,0.350000,
37.093000,0.011000,201.621582,201.992004,201.992004,-0.370415,0.000000,0.200000,0.013889,0.350000,
37.106000,0.013000,201.621582,201.992004,201.992004,-0.370415,0.000000,0.200000,0.013889,0.350000,
37.115000,0.009000,201.621582,201.992004,201.992004,-0.370415,0.000000,0.200000,0.013889,0.350000,
37.127000,0.012000,201.621582,201.992004,201.992004,-0.370415,0.000000,0.200000,0.013889,0.350000,
37.140000,0.013000,201.621582,201.992004,201.992004,-0.370415,0.000000,0.200000,0.013889,0.350000,
37.149000,0.009000,201.621582,201.992004,201.992004,-0.370415,0.000000,0.200000,0.013889,0.350000,
37.159000,0.010000,201.621582,201.992004,201.992004,-0.370415,0.000000,0.200000,0.013889,0.350000,
37.171000,0.012000,201.621582,201.992004,201.992004,-0.370415,0.000000,0.200000,0.013889,0.350000,
37.182000,0.011000,201.621582,201.992004,201.992004,-0.370415,0.000000,0.200000,0.013889,0.350000,
37.194000,0.012000,201.621582,201.992004,201.992004,-0.370415,0.000000,0.200000,0.013889,0.350000,
37.206000,0.012000,201.621582,201.992004,201.992004,-0.370415,0.000000,0.200000,0.013889,0.350000,
37.217000,0.011000,201.621582,201.992004,201.992004,-0.370415,0.000000,0.200000,0.013889,0.350000,
37.228000,0.011000,201.621582,201.992004,201.992004,-0.370415,0.000000,0.200000,0.013889,0.350000,
37.239000,0.011000,201.621582,201.992004,201.992004,-0.370415,0.000000,0.200000,0.013889,0.350000,
37.249000,0.010000,201.621582,201.992004,201.992004,-0.370415,0.000000,0.200000,0.013889,0.350000,
37.260000,0.011000,201.621582,201.992004,201.992004,-0.370415,0.000000,0.200000,0.013889,0.350000,
37.275000,0.015000,201.621582,201.992004,201.992004,-0.370415,0.000000,0.200000,0.013889,0.350000,
37.283000,0.008000,201.621582,201.992004,201.992004,-0.370415,0.000000,0.200000,0.013889,0.350000,
37.294000,0.011000,201.621582,201.992004,201.992004,-0.370415,0.000000,0.200000,0.013889,0.350000,
37.306000,0.012000,201.621582,201.992004,201.992004,-0.370415,0.000000,0.200000,0.013889,0.350000,
37.323000,0.017000,201.621582,201.992004,201.992004,-0.370415,0.000000,0.200000,0.013889,0.350000,
37.330000,0.007000,201.621582,201.992004,201.992004,-0.370415,0.000000,0.200000,0.013889,0.350000,
37.342000,0.012000,201.621582,201.992004,201.992004,-0.370415,0.000000,0.200000,0.013889,0.350000,
37.355000,0.013000,201.621582,201.992004,201.992004,-0.370415,0.000000,0.200000,0.013889,0.350000,
37.364000,0.009000,201.621582,201.992004,201.992004,-0.370415,0.000000,0.200000,0.013889,0.350000,
37.375000,0.011000,201.621582,201.992004,201.992004,-0.370415,0.000000,0.200000,0.013889,0.350000,
37.388000,0.013000,201.621582,201.992004,201.992004,-0.370415,0.000000,0.200000,0.013889,0.350000,
37.397000,0.009000,201.621582,201.992004,201.992004,-0.370415,0.000000,0.200000,0.013889,0.350000,
37.421000,0.024000,201.621582,201.992004,201.992004,-0.370415,0.000000,0.200000,0.013889,0.350000,
37.430000,0.009000,201.621582,201.992004,201.992004,-0.370415,0.000000,0.200000,0.013889,0.350000,
37.442000,0.012000,201.621582,201.992004,201.992004,-0.370415,0.000000,0.200000,0.013889,0.350000,
37.452000,0.010000,201.621582,201.992004,201.992004,-0.370415,0.000000,0.200000,0.013889,0.350000,
37.463000,0.011000,201.621582,201.992004,201.992004,-0.370415,0.000000,0.200000,0.013889,0.350000,
37.474000,0.011000,201.621582,201.992004,201.992004,-0.370415,0.000000,0.200000,0.013889,0.350000,
37.485000,0.011000,201.621582,201.992004,201.992004,-0.370415,0.000000,0.200000,0.013889,0.350000,
37.495000,0.010000,201.621582,201.992004,201.992004,-0.370415,0.000000,0.200000,0.013889,0.350000,
37.507000,0.012000,201.621582,201.992004,201.992004,-0.370415,0.000000,0.200000,0.013889,0.350000,
37.519000,0.012000,201.621582,201.992004,201.992004,-0.370415,0.000000,0.200000,0.013889,0.350000,
37.529000,0.010000,201.621582,201.992004,201.992004,-0.370415,0.000000,0.200000,0.013889,0.350000,
37.540000,0.011000,201.621582,201.992004,201.992004,-0.370415,0.000000,0.200000,0.013889,0.350000,
37.553000,0.013000,201.621582,201.992004,201.992004,-0.370415,0.000000,0.200000,0.013889,0.350000,
37.562000,0.009000,201.621582,201.992004,201.992004,-0.370415,0.000000,0.200000,0.013889,0.350000,
37.574000,0.012000,201.621582,201.992004,201.992004,-0.370415,0.000000,0.200000,0.013889,0.350000,
37.585000,0.011000,201.621582,201.992004,201.992004,-0.370415,0.000000,0.200000,0.013889,0.350000,
37.595000,0.010000,201.621582,201.992004,201.992004,-0.370415,0.000000,0.200000,0.013889,0.350000,
37.606000,0.011000,201.621582,201.992004,201.992004,-0.370415,0.000000,0.200000,0.013889,0.350000,
37.619000,0.013000,201.621582,201.992004,201.992004,-0.370415,0.000000,0.200000,0.013889,0.350000,
37.630000,0.011000,201.621582,201.992004,201.992004,-0.370415,0.000000,0.200000,0.013889,0.350000,
37.640000,0.010000,201.621582,201.992004,201.992004,-0.370415,0.000000,0.200000,0.013889,0.350000,
37.653000,0.013000,201.621582,201.992004,201.992004,-0.370415,0.000000,0.200000,0.013889,0.350000,
37.662000,0.009000,201.621582,201.992004,201.992004,-0.370415,0.000000,0.200000,0.013889,0.350000,
37.674000,0.012000,201.621582,201.992004,201.992004,-0.370415,0.000000,0.200000,0.013889,0.350000,
37.685000,0.011000,201.621582,201.992004,201.992004,-0.370415,0.000000,0.200000,0.013889,0.350000,
37.695000,0.010000,201.621582,201.992004,201.992004,-0.370415,0.000000,0.200000,0.013889,0.350000,
37.707000,0.012000,201.621582,201.992004,201.992004,-0.370415,0.000000,0.200000,0.013889,0.350000,
37.719000,0.012000,201.621582,201.992004,201.992004,-0.370415,0.000000,0.200000,0.013889,0.350000,
37.729000,0.010000,201.621582,201.992004,201.992004,-0.370415,0.000000,0.200000,0.013889,0.350000,
37.740000,0.011000,201.621582,201.992004,201.992004,-0.370415,0.000000,0.200000,0.013889,0.350000,
37.753000,0.013000,201.621582,201.992004,201.992004,-0.370415,0.000000,0.200000,0.013889,0.350000,
37.762000,0.009000,201.621582,201.992004,201.992004,-0.370415,0.000000,0.200000,0.013889,0.350000,
37.773000,0.011000,201.621582,201.992004,201.992004,-0.370415,0.000000,0.200000,0.013889,0.350000,
37.786000,0.013000,201.621582,201.992004,201.992004,-0.370415,0.000000,0.200000,0.013889,0.350000,
37.795000,0.009000,201.621582,201.992004,201.992004,-0.370415,0.000000,0.200000,0.013889,0.350000,
37.806000,0.011000,201.621582,201.992004,201.992004,-0.370415,0.000000,0.200000,0.013889,0.350000,
37.820000,0.014000,201.621582,201.992004,201.992004,-0.370415,0.000000,0.200000,0.013889,0.350000,
37.829000,0.009000,201.621582,201.992004,201.992004,-0.370415,0.000000,0.200000,0.013889,0.350000,
37.841000,0.012000,201.621582,201.992004,201.992004,-0.370415,0.000000,0.200000,0.013889,0.350000,
37.853000,0.012000,201.621582,201.992004,201.992004,-0.370415,0.000000,0.200000,0.013889,0.350000,
37.864000,0.011000,201.621582,201.992004,201.992004,-0.370415,0.000000,0.200000,0.013889,0.350000,
37.873000,0.009000,201.621582,201.992004,201.992004,-0.370415,0.000000,0.200000,0.013889,0.350000,
37.885000,0.012000,201.621582,201.992004,201.992004,-0.370415,0.000000,0.200000,0.013889,0.350000,
37.895000,0.010000,201.621582,201.992004,201.992004,-0.370415,0.000000,0.200000,0.013889,0.350000,
37.907000,0.012000,201.621582,201.992004,201.992004,-0.370415,0.000000,0.200000,0.013889,0.350000,
37.919000,0.012000,201.621582,201.992004,201.992004,-0.370415,0.000000,0.200000,0.013889,0.350000,
37.929000,0.010000,201.621582,201.992004,201.992004,-0.370415,0.000000,0.200000,0.013889,0.350000,
37.940000,0.011000,201.621582,201.992004,201.992004,-0.370415,0.000000,0.200000,0.013889,0.350000,
37.952000,0.012000,201.621582,201.992004,201.992004,-0.370415,0.000000,0.200000,0.013889,0.350000,
37.962000,0.010000,201.621582,201.992004,201.992004,-0.370415,0.000000,0.200000,0.013889,0.350000,
37.975000,0.013000,201.621582,201.992004,201.992004,-0.370415,0.000000,0.200000,0.013889,0.350000,
37.989000,0.014000,201.621582,201.992004,201.992004,-0.370415,0.000000,0.200000,0.013889,0.350000,
37.997000,0.008000,201.621582,201.992004,201.992004,-0.370415,0.000000,0.200000,0.013889,0.350000,
38.008000,0.011000,201.621582,201.992004,201.992004,-0.370415,0.000000,0.200000,0.013889,0.350000,
38.021000,0.013000,201.621582,201.992004,201.992004,-0.370415,0.000000,0.200000,0.013889,0.350000,
38.031000,0.010000,201.621582,201.992004,201.992004,-0.370415,0.000000,0.200000,0.013889,0.350000,
38.042000,0.011000,201.621582,201.992004,201.992004,-0.370415,0.000000,0.200000,0.013889,0.350000,
38.053000,0.011000,201.621582,201.992004,201.992004,-0.370415,0.000000,0.200000,0.013889,0.350000,
38.063000,0.010000,201.621582,201.992004,201.992004,-0.370415,0.000000,0.200000,0.013889,0.350000,
38.074000,0.011000,201.621582,201.992004,201.992004,-0.370415,0.000000,0.200000,0.013889,0.350000,
38.087000,0.013000,201.621582,201.992004,201.992004,-0.370415,0.000000,0.200000,0.013889,0.350000,
38.096000,0.009000,201.621582,201.992004,201.992004,-0.370415,0.000000,0.200000,0.013889,0.350000,
38.108000,0.012000,201.621582,201.992004,201.992004,-0.370415,0.000000,0.200000,0.013889,0.350000,
38.120000,0.012000,201.621582,201.992004,201.992004,-0.370415,0.000000,0.200000,0.013889,0.350000,
38.131000,0.011000,201.621582,201.992004,201.992004,-0.370415,0.000000,0.200000,0.013889,0.350000,
38.141000,0.010000,201.621582,201.992004,201.992004,-0.370415,0.000000,0.200000,0.013889,0.350000,
38.153000,0.012000,201.621582,201.992004,201.992004,-0.370415,0.000000,0.200000,0.013889,0.350000,
